=== CI FAILURE ===
Workflow:      Version Bump & Tag
Workflow file: akarlin3/prismTask/.github/workflows/version-bump-and-tag.yml@refs/heads/main
Job(s):        Version Bump & Tag
Run ID:        26204478794
Run attempt:   1
Run URL:       https://github.com/akarlin3/prismTask/actions/runs/26204478794
Commit:        55a93adc3fa24b4531eb0d7122036be4dd447d7f
Branch:        main
Event:         workflow_dispatch
Actor:         akarlin3
Runner OS:     Linux
Timestamp:     2026-05-21T03:56:32.121Z

Failed steps:
  - Version Bump & Tag: #4 Checkout main at merge commit

=== FAILED JOB LOG ===

--- Job: Version Bump & Tag (id 77101292249) ---
2026-05-21T03:55:54.2866867Z Current runner version: '2.334.0'
2026-05-21T03:55:54.2901345Z ##[group]Runner Image Provisioner
2026-05-21T03:55:54.2902150Z Hosted Compute Agent
2026-05-21T03:55:54.2902727Z Version: 20260213.493
2026-05-21T03:55:54.2903402Z Commit: 5c115507f6dd24b8de37d8bbe0bb4509d0cc0fa3
2026-05-21T03:55:54.2904513Z Build Date: 2026-02-13T00:28:41Z
2026-05-21T03:55:54.2905319Z Worker ID: {51a38685-952e-466d-8ac4-b80b869cf7ed}
2026-05-21T03:55:54.2906512Z Azure Region: eastus
2026-05-21T03:55:54.2907691Z ##[endgroup]
2026-05-21T03:55:54.2910027Z ##[group]Operating System
2026-05-21T03:55:54.2910963Z Ubuntu
2026-05-21T03:55:54.2912006Z 24.04.4
2026-05-21T03:55:54.2912875Z LTS
2026-05-21T03:55:54.2913990Z ##[endgroup]
2026-05-21T03:55:54.2915127Z ##[group]Runner Image
2026-05-21T03:55:54.2916111Z Image: ubuntu-24.04
2026-05-21T03:55:54.2917052Z Version: 20260513.135.3
2026-05-21T03:55:54.2919241Z Included Software: https://github.com/actions/runner-images/blob/ubuntu24/20260513.135/images/ubuntu/Ubuntu2404-Readme.md
2026-05-21T03:55:54.2921822Z Image Release: https://github.com/actions/runner-images/releases/tag/ubuntu24%2F20260513.135
2026-05-21T03:55:54.2923363Z ##[endgroup]
2026-05-21T03:55:54.2925791Z ##[group]GITHUB_TOKEN Permissions
2026-05-21T03:55:54.2928836Z Actions: write
2026-05-21T03:55:54.2929757Z Contents: write
2026-05-21T03:55:54.2930604Z Metadata: read
2026-05-21T03:55:54.2931512Z PullRequests: read
2026-05-21T03:55:54.2932339Z ##[endgroup]
2026-05-21T03:55:54.2935663Z Secret source: Actions
2026-05-21T03:55:54.2937801Z Prepare workflow directory
2026-05-21T03:55:54.3417514Z Prepare all required actions
2026-05-21T03:55:54.3472707Z Getting action download info
2026-05-21T03:55:54.6594585Z Download action repository 'actions/checkout@v6' (SHA:de0fac2e4500dabe0009e67214ff5f5447ce83dd)
2026-05-21T03:55:54.9253243Z Complete job name: Version Bump & Tag
2026-05-21T03:55:55.0013102Z ##[group]Run set -euo pipefail
2026-05-21T03:55:55.0014270Z [36;1mset -euo pipefail[0m
2026-05-21T03:55:55.0014890Z [36;1mif [ "$EVENT_NAME" = "workflow_dispatch" ]; then[0m
2026-05-21T03:55:55.0015737Z [36;1m  # Manual dispatch path — use the input if provided, otherwise[0m
2026-05-21T03:55:55.0016579Z [36;1m  # walk the latest merged PR on main and target that.[0m
2026-05-21T03:55:55.0017257Z [36;1m  if [ -n "$DISPATCH_PR" ]; then[0m
2026-05-21T03:55:55.0017904Z [36;1m    echo "pr_number=$DISPATCH_PR" >> "$GITHUB_OUTPUT"[0m
2026-05-21T03:55:55.0018595Z [36;1m    echo "found=true" >> "$GITHUB_OUTPUT"[0m
2026-05-21T03:55:55.0019293Z [36;1m    echo "Using PR #$DISPATCH_PR from dispatch input."[0m
2026-05-21T03:55:55.0019941Z [36;1m    exit 0[0m
2026-05-21T03:55:55.0020351Z [36;1m  fi[0m
2026-05-21T03:55:55.0020928Z [36;1m  PR_NUMBER=$(gh pr list --repo "$REPO" --state merged --base main \[0m
2026-05-21T03:55:55.0021793Z [36;1m    --limit 1 --json number -q '.[0].number // empty')[0m
2026-05-21T03:55:55.0022435Z [36;1m  if [ -z "$PR_NUMBER" ]; then[0m
2026-05-21T03:55:55.0023198Z [36;1m    echo "::warning::No merged PRs found on main. Cannot resolve PR; skipping."[0m
2026-05-21T03:55:55.0024201Z [36;1m    echo "found=false" >> "$GITHUB_OUTPUT"[0m
2026-05-21T03:55:55.0024768Z [36;1m    exit 0[0m
2026-05-21T03:55:55.0025179Z [36;1m  fi[0m
2026-05-21T03:55:55.0025664Z [36;1m  echo "pr_number=$PR_NUMBER" >> "$GITHUB_OUTPUT"[0m
2026-05-21T03:55:55.0026306Z [36;1m  echo "found=true" >> "$GITHUB_OUTPUT"[0m
2026-05-21T03:55:55.0027059Z [36;1m  echo "Resolved most-recent merged PR #$PR_NUMBER for dispatch run."[0m
2026-05-21T03:55:55.0027759Z [36;1m  exit 0[0m
2026-05-21T03:55:55.0028155Z [36;1mfi[0m
2026-05-21T03:55:55.0028529Z [36;1m[0m
2026-05-21T03:55:55.0029014Z [36;1m# Path 1 — fast path: pull_requests was populated.[0m
2026-05-21T03:55:55.0029795Z [36;1mPR_NUMBER=$(echo "$PR_JSON" | jq -r '.[0].number // empty')[0m
2026-05-21T03:55:55.0030483Z [36;1mif [ -n "$PR_NUMBER" ]; then[0m
2026-05-21T03:55:55.0031093Z [36;1m  echo "pr_number=$PR_NUMBER" >> "$GITHUB_OUTPUT"[0m
2026-05-21T03:55:55.0031772Z [36;1m  echo "found=true" >> "$GITHUB_OUTPUT"[0m
2026-05-21T03:55:55.0032736Z [36;1m  echo "Resolved PR #$PR_NUMBER from workflow_run payload."[0m
2026-05-21T03:55:55.0033559Z [36;1m  exit 0[0m
2026-05-21T03:55:55.0033977Z [36;1mfi[0m
2026-05-21T03:55:55.0034463Z [36;1m[0m
2026-05-21T03:55:55.0035003Z [36;1m# Path 2 — fallback: look the PR up by HEAD SHA. Works in both[0m
2026-05-21T03:55:55.0035832Z [36;1m# the pre-merge case (auto-merge.yml fires before the squash[0m
2026-05-21T03:55:55.0036649Z [36;1m# actually happens; the open PR still has this commit at its[0m
2026-05-21T03:55:55.0037484Z [36;1m# head) and the post-merge case (GitHub keeps the commit→PR[0m
2026-05-21T03:55:55.0038309Z [36;1m# mapping after squash, so we still resolve correctly even if[0m
2026-05-21T03:55:55.0039147Z [36;1m# the source branch was deleted). The downstream "Wait for PR[0m
2026-05-21T03:55:55.0039945Z [36;1m# to merge" step handles the timing — we only need the PR[0m
2026-05-21T03:55:55.0040625Z [36;1m# number here, not its merge state.[0m
2026-05-21T03:55:55.0041156Z [36;1m#[0m
2026-05-21T03:55:55.0041707Z [36;1m# Deliberately NOT falling back to "most recent merged PR" —[0m
2026-05-21T03:55:55.0042512Z [36;1m# that race-condition-bumps a previously-merged PR if[0m
2026-05-21T03:55:55.0043251Z [36;1m# workflow_run fires before the queued merge lands.[0m
2026-05-21T03:55:55.0044183Z [36;1mif [ -z "$HEAD_SHA" ]; then[0m
2026-05-21T03:55:55.0044947Z [36;1m  echo "::warning::workflow_run.head_sha is empty; cannot resolve PR. Skipping."[0m
2026-05-21T03:55:55.0045771Z [36;1m  echo "found=false" >> "$GITHUB_OUTPUT"[0m
2026-05-21T03:55:55.0046322Z [36;1m  exit 0[0m
2026-05-21T03:55:55.0046710Z [36;1mfi[0m
2026-05-21T03:55:55.0047266Z [36;1m# Capture the API response separately instead of piping through[0m
2026-05-21T03:55:55.0048306Z [36;1m# `gh api --jq` directly. Under `set -euo pipefail`, an empty or[0m
2026-05-21T03:55:55.0049124Z [36;1m# non-JSON response body crashes the embedded jq with[0m
2026-05-21T03:55:55.0049924Z [36;1m# `unexpected end of JSON input` and aborts the whole script[0m
2026-05-21T03:55:55.0050753Z [36;1m# before the empty-result branch below can fire — observed on[0m
2026-05-21T03:55:55.0051573Z [36;1m# PR #857's post-merge run, which silently dropped the version[0m
2026-05-21T03:55:55.0052371Z [36;1m# bump on the floor. The retry loop covers the indexing-lag[0m
2026-05-21T03:55:55.0053178Z [36;1m# window where `commits/{sha}/pulls` returns `[]` for a few[0m
2026-05-21T03:55:55.0054285Z [36;1m# seconds after the squash-merge push lands.[0m
2026-05-21T03:55:55.0054882Z [36;1mPR_NUMBER=""[0m
2026-05-21T03:55:55.0055321Z [36;1mfor attempt in 1 2 3; do[0m
2026-05-21T03:55:55.0055826Z [36;1m  RESPONSE=$(gh api \[0m
2026-05-21T03:55:55.0056406Z [36;1m    "repos/$REPO/commits/$HEAD_SHA/pulls" \[0m
2026-05-21T03:55:55.0057186Z [36;1m    -H "Accept: application/vnd.github+json" 2>/dev/null || echo "[]")[0m
2026-05-21T03:55:55.0058002Z [36;1m  PR_NUMBER=$(printf '%s' "$RESPONSE" | jq -r '[0m
2026-05-21T03:55:55.0058655Z [36;1m    if type == "array" and length > 0 then[0m
2026-05-21T03:55:55.0059346Z [36;1m      (sort_by(.number) | reverse | .[0].number // empty)[0m
2026-05-21T03:55:55.0059986Z [36;1m    else empty end[0m
2026-05-21T03:55:55.0060460Z [36;1m  ' 2>/dev/null || echo "")[0m
2026-05-21T03:55:55.0061029Z [36;1m  [ -n "$PR_NUMBER" ] && break[0m
2026-05-21T03:55:55.0061840Z [36;1m  echo "commits/$HEAD_SHA/pulls returned no PR (attempt $attempt/3); sleeping 5s..."[0m
2026-05-21T03:55:55.0062629Z [36;1m  sleep 5[0m
2026-05-21T03:55:55.0063043Z [36;1mdone[0m
2026-05-21T03:55:55.0063604Z [36;1mif [ -z "$PR_NUMBER" ]; then[0m
2026-05-21T03:55:55.0064532Z [36;1m  echo "::warning::No PR found for commit $HEAD_SHA via commits/{sha}/pulls after 3 attempts. Skipping."[0m
2026-05-21T03:55:55.0065511Z [36;1m  echo "found=false" >> "$GITHUB_OUTPUT"[0m
2026-05-21T03:55:55.0066071Z [36;1m  exit 0[0m
2026-05-21T03:55:55.0066469Z [36;1mfi[0m
2026-05-21T03:55:55.0067168Z [36;1mecho "pr_number=$PR_NUMBER" >> "$GITHUB_OUTPUT"[0m
2026-05-21T03:55:55.0067815Z [36;1mecho "found=true" >> "$GITHUB_OUTPUT"[0m
2026-05-21T03:55:55.0068587Z [36;1mecho "Resolved PR #$PR_NUMBER from commits/$HEAD_SHA/pulls fallback."[0m
2026-05-21T03:55:55.0112537Z shell: /usr/bin/bash -e {0}
2026-05-21T03:55:55.0113306Z env:
2026-05-21T03:55:55.0114132Z   GH_TOKEN: ***
2026-05-21T03:55:55.0114563Z   REPO: akarlin3/prismTask
2026-05-21T03:55:55.0115047Z   EVENT_NAME: workflow_dispatch
2026-05-21T03:55:55.0115518Z   PR_JSON: null
2026-05-21T03:55:55.0115921Z   HEAD_SHA: 
2026-05-21T03:55:55.0116303Z   DISPATCH_PR: 
2026-05-21T03:55:55.0116693Z ##[endgroup]
2026-05-21T03:55:55.6270919Z Resolved most-recent merged PR #1682 for dispatch run.
2026-05-21T03:55:55.6411512Z ##[group]Run set -euo pipefail
2026-05-21T03:55:55.6412205Z [36;1mset -euo pipefail[0m
2026-05-21T03:55:55.6412923Z [36;1m# gh pr merge --auto may queue the merge until required checks[0m
2026-05-21T03:55:55.6413971Z [36;1m# pass. Poll until MERGED, CLOSED, or timeout.[0m
2026-05-21T03:55:55.6414640Z [36;1m#[0m
2026-05-21T03:55:55.6415225Z [36;1m# Audit PR #876 → CI pathway efficiency: ceiling raised[0m
2026-05-21T03:55:55.6416073Z [36;1m# 60→120 attempts × 10s = 20 min. Real Android PRs (PR #851[0m
2026-05-21T03:55:55.6416906Z [36;1m# took 37 min from open to merge; PR #859 took 14 min) can[0m
2026-05-21T03:55:55.6417733Z [36;1m# exceed the prior 10-min ceiling because auto-merge.yml[0m
2026-05-21T03:55:55.6418576Z [36;1m# queues on slow lane completion. A silently-dropped bump[0m
2026-05-21T03:55:55.6419444Z [36;1m# (memory `feedback_skip_ci_blocks_tag_release.md`) requires a[0m
2026-05-21T03:55:55.6420368Z [36;1m# manual `gh workflow run release.yml --ref vX.Y.Z` re-fire,[0m
2026-05-21T03:55:55.6421205Z [36;1m# which is a real recovery cost. 20 min covers all observed[0m
2026-05-21T03:55:55.6422013Z [36;1m# PR lifecycles in the audit window without expanding[0m
2026-05-21T03:55:55.6422843Z [36;1m# workflow_run resource cost meaningfully (idle polling).[0m
2026-05-21T03:55:55.6423676Z [36;1mfor i in $(seq 1 120); do[0m
2026-05-21T03:55:55.6424428Z [36;1m  STATE=$(gh pr view "$PR_NUMBER" --repo "$REPO" --json state -q '.state')[0m
2026-05-21T03:55:55.6425198Z [36;1m  case "$STATE" in[0m
2026-05-21T03:55:55.6425725Z [36;1m    MERGED)[0m
2026-05-21T03:55:55.6426510Z [36;1m      MERGE_SHA=$(gh pr view "$PR_NUMBER" --repo "$REPO" --json mergeCommit -q '.mergeCommit.oid')[0m
2026-05-21T03:55:55.6427445Z [36;1m      echo "merged=true" >> "$GITHUB_OUTPUT"[0m
2026-05-21T03:55:55.6428160Z [36;1m      echo "merge_sha=$MERGE_SHA" >> "$GITHUB_OUTPUT"[0m
2026-05-21T03:55:55.6428864Z [36;1m      echo "PR merged at $MERGE_SHA"[0m
2026-05-21T03:55:55.6429463Z [36;1m      exit 0[0m
2026-05-21T03:55:55.6429960Z [36;1m      ;;[0m
2026-05-21T03:55:55.6430428Z [36;1m    CLOSED)[0m
2026-05-21T03:55:55.6430985Z [36;1m      echo "merged=false" >> "$GITHUB_OUTPUT"[0m
2026-05-21T03:55:55.6431742Z [36;1m      echo "PR closed without merging — skipping bump."[0m
2026-05-21T03:55:55.6432413Z [36;1m      exit 0[0m
2026-05-21T03:55:55.6432898Z [36;1m      ;;[0m
2026-05-21T03:55:55.6433360Z [36;1m    *)[0m
2026-05-21T03:55:55.6434322Z [36;1m      echo "PR state=$STATE (attempt $i/120); sleeping 10s..."[0m
2026-05-21T03:55:55.6435018Z [36;1m      sleep 10[0m
2026-05-21T03:55:55.6435522Z [36;1m      ;;[0m
2026-05-21T03:55:55.6435973Z [36;1m  esac[0m
2026-05-21T03:55:55.6436429Z [36;1mdone[0m
2026-05-21T03:55:55.6436939Z [36;1mecho "merged=false" >> "$GITHUB_OUTPUT"[0m
2026-05-21T03:55:55.6437778Z [36;1mecho "::warning::PR did not reach MERGED within 20 minutes — skipping bump."[0m
2026-05-21T03:55:55.6472595Z shell: /usr/bin/bash -e {0}
2026-05-21T03:55:55.6473169Z env:
2026-05-21T03:55:55.6474009Z   GH_TOKEN: ***
2026-05-21T03:55:55.6474485Z   PR_NUMBER: 1682
2026-05-21T03:55:55.6474968Z   REPO: akarlin3/prismTask
2026-05-21T03:55:55.6475479Z ##[endgroup]
2026-05-21T03:55:56.2084231Z PR merged at 55a93adc3fa24b4531eb0d7122036be4dd447d7f
2026-05-21T03:55:56.2351667Z ##[group]Run actions/checkout@v6
2026-05-21T03:55:56.2352811Z with:
2026-05-21T03:55:56.2355315Z   token: ***
2026-05-21T03:55:56.2356297Z   ref: 55a93adc3fa24b4531eb0d7122036be4dd447d7f
2026-05-21T03:55:56.2357559Z   fetch-depth: 0
2026-05-21T03:55:56.2358484Z   repository: akarlin3/prismTask
2026-05-21T03:55:56.2359561Z   ssh-strict: true
2026-05-21T03:55:56.2360420Z   ssh-user: git
2026-05-21T03:55:56.2361306Z   persist-credentials: true
2026-05-21T03:55:56.2362306Z   clean: true
2026-05-21T03:55:56.2363182Z   sparse-checkout-cone-mode: true
2026-05-21T03:55:56.2364436Z   fetch-tags: false
2026-05-21T03:55:56.2365336Z   show-progress: true
2026-05-21T03:55:56.2366224Z   lfs: false
2026-05-21T03:55:56.2367022Z   submodules: false
2026-05-21T03:55:56.2367889Z   set-safe-directory: true
2026-05-21T03:55:56.2368823Z ##[endgroup]
2026-05-21T03:55:56.3446300Z Syncing repository: akarlin3/prismTask
2026-05-21T03:55:56.3450088Z ##[group]Getting Git version info
2026-05-21T03:55:56.3452569Z Working directory is '/home/runner/work/prismTask/prismTask'
2026-05-21T03:55:56.3456838Z [command]/usr/bin/git version
2026-05-21T03:55:56.3527315Z git version 2.54.0
2026-05-21T03:55:56.3558097Z ##[endgroup]
2026-05-21T03:55:56.3578846Z Temporarily overriding HOME='/home/runner/work/_temp/f39fe275-8e74-43a1-957b-3d288e398609' before making global git config changes
2026-05-21T03:55:56.3584763Z Adding repository directory to the temporary git global config as a safe directory
2026-05-21T03:55:56.3590048Z [command]/usr/bin/git config --global --add safe.directory /home/runner/work/prismTask/prismTask
2026-05-21T03:55:56.3658237Z Deleting the contents of '/home/runner/work/prismTask/prismTask'
2026-05-21T03:55:56.3666334Z ##[group]Initializing the repository
2026-05-21T03:55:56.3668876Z [command]/usr/bin/git init /home/runner/work/prismTask/prismTask
2026-05-21T03:55:56.3792538Z hint: Using 'master' as the name for the initial branch. This default branch name
2026-05-21T03:55:56.3796195Z hint: will change to "main" in Git 3.0. To configure the initial branch name
2026-05-21T03:55:56.3801462Z hint: to use in all of your new repositories, which will suppress this warning,
2026-05-21T03:55:56.3805096Z hint: call:
2026-05-21T03:55:56.3807266Z hint:
2026-05-21T03:55:56.3809952Z hint: 	git config --global init.defaultBranch <name>
2026-05-21T03:55:56.3813064Z hint:
2026-05-21T03:55:56.3817876Z hint: Names commonly chosen instead of 'master' are 'main', 'trunk' and
2026-05-21T03:55:56.3821294Z hint: 'development'. The just-created branch can be renamed via this command:
2026-05-21T03:55:56.3824174Z hint:
2026-05-21T03:55:56.3825448Z hint: 	git branch -m <name>
2026-05-21T03:55:56.3826961Z hint:
2026-05-21T03:55:56.3829221Z hint: Disable this message with "git config set advice.defaultBranchName false"
2026-05-21T03:55:56.3832885Z Initialized empty Git repository in /home/runner/work/prismTask/prismTask/.git/
2026-05-21T03:55:56.3839216Z [command]/usr/bin/git remote add origin https://github.com/akarlin3/prismTask
2026-05-21T03:55:56.3876849Z ##[endgroup]
2026-05-21T03:55:56.3878772Z ##[group]Disabling automatic garbage collection
2026-05-21T03:55:56.3906302Z [command]/usr/bin/git config --local gc.auto 0
2026-05-21T03:55:56.3940414Z ##[endgroup]
2026-05-21T03:55:56.3943984Z ##[group]Setting up auth
2026-05-21T03:55:56.3946396Z Removing SSH command configuration
2026-05-21T03:55:56.3950119Z [command]/usr/bin/git config --local --name-only --get-regexp core\.sshCommand
2026-05-21T03:55:56.3990993Z [command]/usr/bin/git submodule foreach --recursive sh -c "git config --local --name-only --get-regexp 'core\.sshCommand' && git config --local --unset-all 'core.sshCommand' || :"
2026-05-21T03:55:56.4370132Z Removing HTTP extra header
2026-05-21T03:55:56.4377268Z [command]/usr/bin/git config --local --name-only --get-regexp http\.https\:\/\/github\.com\/\.extraheader
2026-05-21T03:55:56.4415202Z [command]/usr/bin/git submodule foreach --recursive sh -c "git config --local --name-only --get-regexp 'http\.https\:\/\/github\.com\/\.extraheader' && git config --local --unset-all 'http.https://github.com/.extraheader' || :"
2026-05-21T03:55:56.4651345Z Removing includeIf entries pointing to credentials config files
2026-05-21T03:55:56.4657719Z [command]/usr/bin/git config --local --name-only --get-regexp ^includeIf\.gitdir:
2026-05-21T03:55:56.4694186Z [command]/usr/bin/git submodule foreach --recursive git config --local --show-origin --name-only --get-regexp remote.origin.url
2026-05-21T03:55:56.4931651Z [command]/usr/bin/git config --file /home/runner/work/_temp/git-credentials-b4d5936c-8beb-4aa6-9864-bfd2e8f01549.config http.https://github.com/.extraheader AUTHORIZATION: basic ***
2026-05-21T03:55:56.4974513Z [command]/usr/bin/git config --local includeIf.gitdir:/home/runner/work/prismTask/prismTask/.git.path /home/runner/work/_temp/git-credentials-b4d5936c-8beb-4aa6-9864-bfd2e8f01549.config
2026-05-21T03:55:56.5009754Z [command]/usr/bin/git config --local includeIf.gitdir:/home/runner/work/prismTask/prismTask/.git/worktrees/*.path /home/runner/work/_temp/git-credentials-b4d5936c-8beb-4aa6-9864-bfd2e8f01549.config
2026-05-21T03:55:56.5049099Z [command]/usr/bin/git config --local includeIf.gitdir:/github/workspace/.git.path /github/runner_temp/git-credentials-b4d5936c-8beb-4aa6-9864-bfd2e8f01549.config
2026-05-21T03:55:56.5095000Z [command]/usr/bin/git config --local includeIf.gitdir:/github/workspace/.git/worktrees/*.path /github/runner_temp/git-credentials-b4d5936c-8beb-4aa6-9864-bfd2e8f01549.config
2026-05-21T03:55:56.5134708Z ##[endgroup]
2026-05-21T03:55:56.5137244Z ##[group]Fetching the repository
2026-05-21T03:55:56.5142164Z [command]/usr/bin/git -c protocol.version=2 fetch --no-tags --prune --no-recurse-submodules origin +refs/heads/*:refs/remotes/origin/* +refs/tags/*:refs/tags/*
2026-05-21T03:55:56.6462884Z remote: Write access to repository not granted.
2026-05-21T03:55:56.6488025Z ##[error]fatal: unable to access 'https://github.com/akarlin3/prismTask/': The requested URL returned error: 403
2026-05-21T03:55:56.6498951Z The process '/usr/bin/git' failed with exit code 128
2026-05-21T03:55:56.6500657Z Waiting 13 seconds before trying again
2026-05-21T03:56:09.6490469Z [command]/usr/bin/git -c protocol.version=2 fetch --no-tags --prune --no-recurse-submodules origin +refs/heads/*:refs/remotes/origin/* +refs/tags/*:refs/tags/*
2026-05-21T03:56:09.7337714Z remote: Write access to repository not granted.
2026-05-21T03:56:09.7340639Z ##[error]fatal: unable to access 'https://github.com/akarlin3/prismTask/': The requested URL returned error: 403
2026-05-21T03:56:09.7361400Z The process '/usr/bin/git' failed with exit code 128
2026-05-21T03:56:09.7362591Z Waiting 12 seconds before trying again
2026-05-21T03:56:21.7374333Z [command]/usr/bin/git -c protocol.version=2 fetch --no-tags --prune --no-recurse-submodules origin +refs/heads/*:refs/remotes/origin/* +refs/tags/*:refs/tags/*
2026-05-21T03:56:21.8195758Z remote: Write access to repository not granted.
2026-05-21T03:56:21.8199173Z ##[error]fatal: unable to access 'https://github.com/akarlin3/prismTask/': The requested URL returned error: 403
2026-05-21T03:56:21.8258318Z ##[error]The process '/usr/bin/git' failed with exit code 128
2026-05-21T03:56:21.8521152Z Post job cleanup.
2026-05-21T03:56:21.9419010Z [command]/usr/bin/git version
2026-05-21T03:56:21.9461813Z git version 2.54.0
2026-05-21T03:56:21.9508691Z Temporarily overriding HOME='/home/runner/work/_temp/260e2485-3804-499b-bf83-df727b805eb0' before making global git config changes
2026-05-21T03:56:21.9512273Z Adding repository directory to the temporary git global config as a safe directory
2026-05-21T03:56:21.9515984Z [command]/usr/bin/git config --global --add safe.directory /home/runner/work/prismTask/prismTask
2026-05-21T03:56:21.9551785Z Removing SSH command configuration
2026-05-21T03:56:21.9560681Z [command]/usr/bin/git config --local --name-only --get-regexp core\.sshCommand
2026-05-21T03:56:21.9603154Z [command]/usr/bin/git submodule foreach --recursive sh -c "git config --local --name-only --get-regexp 'core\.sshCommand' && git config --local --unset-all 'core.sshCommand' || :"
2026-05-21T03:56:21.9844267Z Removing HTTP extra header
2026-05-21T03:56:21.9851069Z [command]/usr/bin/git config --local --name-only --get-regexp http\.https\:\/\/github\.com\/\.extraheader
2026-05-21T03:56:21.9890385Z [command]/usr/bin/git submodule foreach --recursive sh -c "git config --local --name-only --get-regexp 'http\.https\:\/\/github\.com\/\.extraheader' && git config --local --unset-all 'http.https://github.com/.extraheader' || :"
2026-05-21T03:56:22.0119515Z Removing includeIf entries pointing to credentials config files
2026-05-21T03:56:22.0128959Z [command]/usr/bin/git config --local --name-only --get-regexp ^includeIf\.gitdir:
2026-05-21T03:56:22.0156270Z includeif.gitdir:/home/runner/work/prismTask/prismTask/.git.path
2026-05-21T03:56:22.0161704Z includeif.gitdir:/home/runner/work/prismTask/prismTask/.git/worktrees/*.path
2026-05-21T03:56:22.0162871Z includeif.gitdir:/github/workspace/.git.path
2026-05-21T03:56:22.0164654Z includeif.gitdir:/github/workspace/.git/worktrees/*.path
2026-05-21T03:56:22.0169312Z [command]/usr/bin/git config --local --get-all includeif.gitdir:/home/runner/work/prismTask/prismTask/.git.path
2026-05-21T03:56:22.0193049Z /home/runner/work/_temp/git-credentials-b4d5936c-8beb-4aa6-9864-bfd2e8f01549.config
2026-05-21T03:56:22.0207301Z [command]/usr/bin/git config --local --unset includeif.gitdir:/home/runner/work/prismTask/prismTask/.git.path /home/runner/work/_temp/git-credentials-b4d5936c-8beb-4aa6-9864-bfd2e8f01549.config
2026-05-21T03:56:22.0256101Z [command]/usr/bin/git config --local --get-all includeif.gitdir:/home/runner/work/prismTask/prismTask/.git/worktrees/*.path
2026-05-21T03:56:22.0284653Z /home/runner/work/_temp/git-credentials-b4d5936c-8beb-4aa6-9864-bfd2e8f01549.config
2026-05-21T03:56:22.0308109Z [command]/usr/bin/git config --local --unset includeif.gitdir:/home/runner/work/prismTask/prismTask/.git/worktrees/*.path /home/runner/work/_temp/git-credentials-b4d5936c-8beb-4aa6-9864-bfd2e8f01549.config
2026-05-21T03:56:22.0384505Z [command]/usr/bin/git config --local --get-all includeif.gitdir:/github/workspace/.git.path
2026-05-21T03:56:22.0408063Z /github/runner_temp/git-credentials-b4d5936c-8beb-4aa6-9864-bfd2e8f01549.config
2026-05-21T03:56:22.0417665Z [command]/usr/bin/git config --local --unset includeif.gitdir:/github/workspace/.git.path /github/runner_temp/git-credentials-b4d5936c-8beb-4aa6-9864-bfd2e8f01549.config
2026-05-21T03:56:22.0469633Z [command]/usr/bin/git config --local --get-all includeif.gitdir:/github/workspace/.git/worktrees/*.path
2026-05-21T03:56:22.0492186Z /github/runner_temp/git-credentials-b4d5936c-8beb-4aa6-9864-bfd2e8f01549.config
2026-05-21T03:56:22.0513955Z [command]/usr/bin/git config --local --unset includeif.gitdir:/github/workspace/.git/worktrees/*.path /github/runner_temp/git-credentials-b4d5936c-8beb-4aa6-9864-bfd2e8f01549.config
2026-05-21T03:56:22.0606986Z [command]/usr/bin/git submodule foreach --recursive git config --local --show-origin --name-only --get-regexp remote.origin.url
2026-05-21T03:56:22.0968677Z Removing credentials config '/home/runner/work/_temp/git-credentials-b4d5936c-8beb-4aa6-9864-bfd2e8f01549.config'
2026-05-21T03:56:22.1164310Z Cleaning up orphan processes
