=== CI FAILURE ===
Workflow:      Android Integration CI
Workflow file: averycorp/prismTask/.github/workflows/android-integration.yml@refs/heads/main
Job(s):        connected-tests
Run ID:        25657150047
Run attempt:   1
Run URL:       https://github.com/averycorp/prismTask/actions/runs/25657150047
Commit:        87b6946b6b7ea881c996dfa154a615ff4c06f872
Branch:        main
Event:         push
Actor:         akarlin3
Runner OS:     Linux
Timestamp:     2026-05-11T07:51:19.647Z

Failed steps:
  - connected-tests: #11 Run instrumented tests against AVD + Firebase emulator

=== FAILED JOB LOG ===

--- Job: connected-tests (id 75308256161) ---
2026-05-11T07:45:17.2075293Z Current runner version: '2.334.0'
2026-05-11T07:45:17.2107893Z ##[group]Runner Image Provisioner
2026-05-11T07:45:17.2108988Z Hosted Compute Agent
2026-05-11T07:45:17.2109917Z Version: 20260213.493
2026-05-11T07:45:17.2111035Z Commit: 5c115507f6dd24b8de37d8bbe0bb4509d0cc0fa3
2026-05-11T07:45:17.2112109Z Build Date: 2026-02-13T00:28:41Z
2026-05-11T07:45:17.2113182Z Worker ID: {80debd3a-45f5-413d-90ce-543b3bfafbac}
2026-05-11T07:45:17.2114342Z Azure Region: eastus2
2026-05-11T07:45:17.2115188Z ##[endgroup]
2026-05-11T07:45:17.2118140Z ##[group]Operating System
2026-05-11T07:45:17.2119207Z Ubuntu
2026-05-11T07:45:17.2119969Z 24.04.4
2026-05-11T07:45:17.2120721Z LTS
2026-05-11T07:45:17.2121572Z ##[endgroup]
2026-05-11T07:45:17.2122429Z ##[group]Runner Image
2026-05-11T07:45:17.2123494Z Image: ubuntu-24.04
2026-05-11T07:45:17.2124303Z Version: 20260413.86.1
2026-05-11T07:45:17.2126456Z Included Software: https://github.com/actions/runner-images/blob/ubuntu24/20260413.86/images/ubuntu/Ubuntu2404-Readme.md
2026-05-11T07:45:17.2129056Z Image Release: https://github.com/actions/runner-images/releases/tag/ubuntu24%2F20260413.86
2026-05-11T07:45:17.2130598Z ##[endgroup]
2026-05-11T07:45:17.2132798Z ##[group]GITHUB_TOKEN Permissions
2026-05-11T07:45:17.2135675Z Actions: read
2026-05-11T07:45:17.2136904Z Checks: read
2026-05-11T07:45:17.2137694Z Contents: write
2026-05-11T07:45:17.2138487Z Metadata: read
2026-05-11T07:45:17.2139419Z PullRequests: read
2026-05-11T07:45:17.2140341Z ##[endgroup]
2026-05-11T07:45:17.2143159Z Secret source: Actions
2026-05-11T07:45:17.2144589Z Prepare workflow directory
2026-05-11T07:45:17.2699059Z Prepare all required actions
2026-05-11T07:45:17.2753926Z Getting action download info
2026-05-11T07:45:17.6679023Z Download action repository 'actions/checkout@v6' (SHA:de0fac2e4500dabe0009e67214ff5f5447ce83dd)
2026-05-11T07:45:17.8159169Z Download action repository 'actions/cache@v5' (SHA:27d5ce7f107fe9357f9df03efb73ab90386fccae)
2026-05-11T07:45:18.1193862Z Download action repository 'actions/setup-node@v6' (SHA:48b55a011bda9f5d6aeb4c2d9c7362e8dae4041e)
2026-05-11T07:45:18.4423517Z Download action repository 'reactivecircus/android-emulator-runner@v2' (SHA:e89f39f1abbbd05b1113a29cf4db69e7540cae5a)
2026-05-11T07:45:18.6486571Z Download action repository 'actions/upload-artifact@v7' (SHA:043fb46d1a93c77aae656e7c1c64a875d1fc6a0a)
2026-05-11T07:45:19.0511466Z Complete job name: connected-tests
2026-05-11T07:45:19.1415529Z ##[group]Run actions/checkout@v6
2026-05-11T07:45:19.1417031Z with:
2026-05-11T07:45:19.1417744Z   ref: refs/heads/main
2026-05-11T07:45:19.1418572Z   repository: averycorp/prismTask
2026-05-11T07:45:19.1419732Z   token: ***
2026-05-11T07:45:19.1420441Z   ssh-strict: true
2026-05-11T07:45:19.1421174Z   ssh-user: git
2026-05-11T07:45:19.1421921Z   persist-credentials: true
2026-05-11T07:45:19.1422748Z   clean: true
2026-05-11T07:45:19.1423504Z   sparse-checkout-cone-mode: true
2026-05-11T07:45:19.1424398Z   fetch-depth: 1
2026-05-11T07:45:19.1425111Z   fetch-tags: false
2026-05-11T07:45:19.1426038Z   show-progress: true
2026-05-11T07:45:19.1426796Z   lfs: false
2026-05-11T07:45:19.1427476Z   submodules: false
2026-05-11T07:45:19.1428248Z   set-safe-directory: true
2026-05-11T07:45:19.1429316Z env:
2026-05-11T07:45:19.1430004Z   USE_FIREBASE_EMULATOR: true
2026-05-11T07:45:19.1430829Z ##[endgroup]
2026-05-11T07:45:19.2637313Z Syncing repository: averycorp/prismTask
2026-05-11T07:45:19.2640349Z ##[group]Getting Git version info
2026-05-11T07:45:19.2642445Z Working directory is '/home/runner/work/prismTask/prismTask'
2026-05-11T07:45:19.2645421Z [command]/usr/bin/git version
2026-05-11T07:45:19.2647169Z git version 2.53.0
2026-05-11T07:45:19.2651905Z ##[endgroup]
2026-05-11T07:45:19.2660817Z Temporarily overriding HOME='/home/runner/work/_temp/c2f1e105-83c3-4df1-bdb2-ae5932a4aa83' before making global git config changes
2026-05-11T07:45:19.2665302Z Adding repository directory to the temporary git global config as a safe directory
2026-05-11T07:45:19.2669233Z [command]/usr/bin/git config --global --add safe.directory /home/runner/work/prismTask/prismTask
2026-05-11T07:45:19.2674149Z Deleting the contents of '/home/runner/work/prismTask/prismTask'
2026-05-11T07:45:19.2676265Z ##[group]Initializing the repository
2026-05-11T07:45:19.2677527Z [command]/usr/bin/git init /home/runner/work/prismTask/prismTask
2026-05-11T07:45:19.2761910Z hint: Using 'master' as the name for the initial branch. This default branch name
2026-05-11T07:45:19.2764863Z hint: will change to "main" in Git 3.0. To configure the initial branch name
2026-05-11T07:45:19.2768398Z hint: to use in all of your new repositories, which will suppress this warning,
2026-05-11T07:45:19.2770816Z hint: call:
2026-05-11T07:45:19.2771940Z hint:
2026-05-11T07:45:19.2773774Z hint: 	git config --global init.defaultBranch <name>
2026-05-11T07:45:19.2775709Z hint:
2026-05-11T07:45:19.2777784Z hint: Names commonly chosen instead of 'master' are 'main', 'trunk' and
2026-05-11T07:45:19.2780697Z hint: 'development'. The just-created branch can be renamed via this command:
2026-05-11T07:45:19.2783274Z hint:
2026-05-11T07:45:19.2784477Z hint: 	git branch -m <name>
2026-05-11T07:45:19.2785546Z hint:
2026-05-11T07:45:19.2786958Z hint: Disable this message with "git config set advice.defaultBranchName false"
2026-05-11T07:45:19.2788828Z Initialized empty Git repository in /home/runner/work/prismTask/prismTask/.git/
2026-05-11T07:45:19.2792781Z [command]/usr/bin/git remote add origin https://github.com/averycorp/prismTask
2026-05-11T07:45:19.2817070Z ##[endgroup]
2026-05-11T07:45:19.2820026Z ##[group]Disabling automatic garbage collection
2026-05-11T07:45:19.2822639Z [command]/usr/bin/git config --local gc.auto 0
2026-05-11T07:45:19.2860309Z ##[endgroup]
2026-05-11T07:45:19.2862488Z ##[group]Setting up auth
2026-05-11T07:45:19.2864112Z Removing SSH command configuration
2026-05-11T07:45:19.2869077Z [command]/usr/bin/git config --local --name-only --get-regexp core\.sshCommand
2026-05-11T07:45:19.2900759Z [command]/usr/bin/git submodule foreach --recursive sh -c "git config --local --name-only --get-regexp 'core\.sshCommand' && git config --local --unset-all 'core.sshCommand' || :"
2026-05-11T07:45:19.3212314Z Removing HTTP extra header
2026-05-11T07:45:19.3219370Z [command]/usr/bin/git config --local --name-only --get-regexp http\.https\:\/\/github\.com\/\.extraheader
2026-05-11T07:45:19.3250805Z [command]/usr/bin/git submodule foreach --recursive sh -c "git config --local --name-only --get-regexp 'http\.https\:\/\/github\.com\/\.extraheader' && git config --local --unset-all 'http.https://github.com/.extraheader' || :"
2026-05-11T07:45:19.3489608Z Removing includeIf entries pointing to credentials config files
2026-05-11T07:45:19.3496607Z [command]/usr/bin/git config --local --name-only --get-regexp ^includeIf\.gitdir:
2026-05-11T07:45:19.3530922Z [command]/usr/bin/git submodule foreach --recursive git config --local --show-origin --name-only --get-regexp remote.origin.url
2026-05-11T07:45:19.3753762Z [command]/usr/bin/git config --file /home/runner/work/_temp/git-credentials-39482ad6-977f-4c54-874c-8adb447dd117.config http.https://github.com/.extraheader AUTHORIZATION: basic ***
2026-05-11T07:45:19.3791876Z [command]/usr/bin/git config --local includeIf.gitdir:/home/runner/work/prismTask/prismTask/.git.path /home/runner/work/_temp/git-credentials-39482ad6-977f-4c54-874c-8adb447dd117.config
2026-05-11T07:45:19.3821521Z [command]/usr/bin/git config --local includeIf.gitdir:/home/runner/work/prismTask/prismTask/.git/worktrees/*.path /home/runner/work/_temp/git-credentials-39482ad6-977f-4c54-874c-8adb447dd117.config
2026-05-11T07:45:19.3851115Z [command]/usr/bin/git config --local includeIf.gitdir:/github/workspace/.git.path /github/runner_temp/git-credentials-39482ad6-977f-4c54-874c-8adb447dd117.config
2026-05-11T07:45:19.3880421Z [command]/usr/bin/git config --local includeIf.gitdir:/github/workspace/.git/worktrees/*.path /github/runner_temp/git-credentials-39482ad6-977f-4c54-874c-8adb447dd117.config
2026-05-11T07:45:19.3906459Z ##[endgroup]
2026-05-11T07:45:19.3907729Z ##[group]Fetching the repository
2026-05-11T07:45:19.3915140Z [command]/usr/bin/git -c protocol.version=2 fetch --no-tags --prune --no-recurse-submodules --depth=1 origin +refs/heads/main:refs/remotes/origin/main
2026-05-11T07:45:20.8110898Z From https://github.com/averycorp/prismTask
2026-05-11T07:45:20.8112589Z  * [new branch]      main       -> origin/main
2026-05-11T07:45:20.8138747Z ##[endgroup]
2026-05-11T07:45:20.8139741Z ##[group]Determining the checkout info
2026-05-11T07:45:20.8140851Z ##[endgroup]
2026-05-11T07:45:20.8146131Z [command]/usr/bin/git sparse-checkout disable
2026-05-11T07:45:20.8185427Z [command]/usr/bin/git config --local --unset-all extensions.worktreeConfig
2026-05-11T07:45:20.8211718Z ##[group]Checking out the ref
2026-05-11T07:45:20.8215592Z [command]/usr/bin/git checkout --progress --force -B main refs/remotes/origin/main
2026-05-11T07:45:21.0891366Z Switched to a new branch 'main'
2026-05-11T07:45:21.0892262Z branch 'main' set up to track 'origin/main'.
2026-05-11T07:45:21.0914658Z ##[endgroup]
2026-05-11T07:45:21.0953204Z [command]/usr/bin/git log -1 --format=%H
2026-05-11T07:45:21.0975715Z 87b6946b6b7ea881c996dfa154a615ff4c06f872
2026-05-11T07:45:21.1219254Z Prepare all required actions
2026-05-11T07:45:21.1219754Z Getting action download info
2026-05-11T07:45:21.2754133Z Download action repository 'actions/setup-java@v4' (SHA:c1e323688fd81a25caa38c78aa6df2d33d3e20d9)
2026-05-11T07:45:21.5638513Z Download action repository 'gradle/actions@v4' (SHA:ed408507eac070d1f99cc633dbcf757c94c7933a)
2026-05-11T07:45:22.2472205Z ##[group]Run ./.github/actions/setup-android
2026-05-11T07:45:22.2472494Z env:
2026-05-11T07:45:22.2472677Z   USE_FIREBASE_EMULATOR: true
2026-05-11T07:45:22.2472896Z ##[endgroup]
2026-05-11T07:45:22.2621812Z ##[group]Run actions/setup-java@v4
2026-05-11T07:45:22.2622095Z with:
2026-05-11T07:45:22.2622279Z   java-version: 21
2026-05-11T07:45:22.2622478Z   distribution: temurin
2026-05-11T07:45:22.2622693Z   java-package: jdk
2026-05-11T07:45:22.2622883Z   check-latest: false
2026-05-11T07:45:22.2623108Z   server-id: github
2026-05-11T07:45:22.2623324Z   server-username: GITHUB_ACTOR
2026-05-11T07:45:22.2623636Z   server-password: GITHUB_TOKEN
2026-05-11T07:45:22.2623868Z   overwrite-settings: true
2026-05-11T07:45:22.2624081Z   job-status: success
2026-05-11T07:45:22.2624437Z   token: ***
2026-05-11T07:45:22.2624617Z env:
2026-05-11T07:45:22.2624790Z   USE_FIREBASE_EMULATOR: true
2026-05-11T07:45:22.2625014Z ##[endgroup]
2026-05-11T07:45:22.4609750Z ##[group]Installed distributions
2026-05-11T07:45:22.4858511Z Resolved Java 21.0.10+7 from tool-cache
2026-05-11T07:45:22.4859386Z Setting Java 21.0.10+7 as the default
2026-05-11T07:45:22.4872807Z Creating toolchains.xml for JDK version 21 from temurin
2026-05-11T07:45:22.4952748Z Writing to /home/runner/.m2/toolchains.xml
2026-05-11T07:45:22.4953159Z 
2026-05-11T07:45:22.4953312Z Java configuration:
2026-05-11T07:45:22.4955186Z   Distribution: temurin
2026-05-11T07:45:22.4955611Z   Version: 21.0.10+7
2026-05-11T07:45:22.4956706Z   Path: /opt/hostedtoolcache/Java_Temurin-Hotspot_jdk/21.0.10-7/x64
2026-05-11T07:45:22.4958662Z 
2026-05-11T07:45:22.4959196Z ##[endgroup]
2026-05-11T07:45:22.4975631Z Creating settings.xml with server-id: github
2026-05-11T07:45:22.4976466Z Writing to /home/runner/.m2/settings.xml
2026-05-11T07:45:22.5212807Z ##[group]Run gradle/actions/setup-gradle@v4
2026-05-11T07:45:22.5213080Z with:
2026-05-11T07:45:22.5213257Z   cache-disabled: false
2026-05-11T07:45:22.5213473Z   cache-read-only: false
2026-05-11T07:45:22.5213689Z   cache-write-only: false
2026-05-11T07:45:22.5213908Z   cache-overwrite-existing: false
2026-05-11T07:45:22.5214157Z   cache-cleanup: on-success
2026-05-11T07:45:22.5214426Z   gradle-home-cache-includes: caches
notifications

2026-05-11T07:45:22.5214722Z   add-job-summary: always
2026-05-11T07:45:22.5214952Z   add-job-summary-as-pr-comment: never
2026-05-11T07:45:22.5215214Z   dependency-graph: disabled
2026-05-11T07:45:22.5215494Z   dependency-graph-report-dir: dependency-graph-reports
2026-05-11T07:45:22.5216246Z   dependency-graph-continue-on-failure: true
2026-05-11T07:45:22.5216530Z   build-scan-publish: false
2026-05-11T07:45:22.5216758Z   validate-wrappers: true
2026-05-11T07:45:22.5216987Z   allow-snapshot-wrappers: false
2026-05-11T07:45:22.5217235Z   gradle-home-cache-strict-match: false
2026-05-11T07:45:22.5217499Z   workflow-job-context: null
2026-05-11T07:45:22.5217838Z   github-token: ***
2026-05-11T07:45:22.5218017Z env:
2026-05-11T07:45:22.5218187Z   USE_FIREBASE_EMULATOR: true
2026-05-11T07:45:22.5218506Z   JAVA_HOME: /opt/hostedtoolcache/Java_Temurin-Hotspot_jdk/21.0.10-7/x64
2026-05-11T07:45:22.5218965Z   JAVA_HOME_21_X64: /opt/hostedtoolcache/Java_Temurin-Hotspot_jdk/21.0.10-7/x64
2026-05-11T07:45:22.5219319Z ##[endgroup]
2026-05-11T07:45:23.3954227Z Merged default JDK locations into /home/runner/.m2/toolchains.xml
2026-05-11T07:45:23.3956779Z Preparing cache for cleanup.
2026-05-11T07:45:23.3960239Z ##[group]Restore Gradle state from cache
2026-05-11T07:45:23.4890974Z Cache hit for restore-key: gradle-home-v1|Linux-X64|connected-tests[1e7216165ffdcf45b9a4b7e3077585ac]-c8a0c44870d6d9f5cac1f02a6affa8b2e91ba2b0
2026-05-11T07:45:24.5461218Z Received 268435456 of 625093003 (42.9%), 249.3 MBs/sec
2026-05-11T07:45:25.5441693Z Received 532676608 of 625093003 (85.2%), 250.6 MBs/sec
2026-05-11T07:45:25.9221329Z Received 625093003 of 625093003 (100.0%), 247.9 MBs/sec
2026-05-11T07:45:25.9225058Z Cache Size: ~596 MB (625093003 B)
2026-05-11T07:45:25.9310070Z [command]/usr/bin/tar -xf /home/runner/work/_temp/669b0629-731a-435e-927e-ed2be7f600b5/cache.tzst -P -C /home/runner/work/prismTask/prismTask --use-compress-program unzstd
2026-05-11T07:45:26.9482801Z Cache restored successfully
2026-05-11T07:45:26.9750891Z Restored cache entry with key gradle-home-v1|Linux-X64|connected-tests[1e7216165ffdcf45b9a4b7e3077585ac]-87b6946b6b7ea881c996dfa154a615ff4c06f872 to /home/runner/.gradle/caches,/home/runner/.gradle/notifications,/home/runner/.gradle/.setup-gradle in 3577ms
2026-05-11T07:45:27.0652793Z Cache hit for: gradle-dependencies-v1-73b48b0ce69b3790c759f7597729a23f
2026-05-11T07:45:27.0664278Z Cache hit for: gradle-instrumented-jars-v1-43fecc739ac0b5ce725ed3e20be3d815
2026-05-11T07:45:27.0747902Z Cache hit for: gradle-groovy-dsl-v1-c4856d0e143a5d8e31257f0851b8269b
2026-05-11T07:45:27.0753594Z Cache hit for: gradle-kotlin-dsl-v1-896c96ba75f5981e02245eb6b3763c7f
2026-05-11T07:45:27.0784653Z Cache hit for: gradle-generated-gradle-jars-v1-cb4b032a7d08b9bf1e84e9eacaebcc29
2026-05-11T07:45:27.0790099Z Cache hit for: gradle-wrapper-zips-v1-8c0de4c6bda6041d6e054bf825a89c98
2026-05-11T07:45:27.0795324Z Cache hit for: gradle-transforms-v1-d0aad2e38f66c97f9beaf3082bc229ef
2026-05-11T07:45:27.3011176Z Received 64290 of 64290 (100.0%), 0.3 MBs/sec
2026-05-11T07:45:27.3011994Z Cache Size: ~0 MB (64290 B)
2026-05-11T07:45:27.3641499Z Received 111632 of 111632 (100.0%), 0.4 MBs/sec
2026-05-11T07:45:27.3642164Z Cache Size: ~0 MB (111632 B)
2026-05-11T07:45:27.6271092Z Received 261062 of 261062 (100.0%), 0.6 MBs/sec
2026-05-11T07:45:27.6271888Z Cache Size: ~0 MB (261062 B)
2026-05-11T07:45:27.8531750Z [command]/usr/bin/tar -xf /home/runner/work/_temp/cf0df2a6-c7f5-41f8-b82a-8c0f81d7694d/cache.tzst -P -C /home/runner/work/prismTask/prismTask --use-compress-program unzstd
2026-05-11T07:45:27.8580841Z [command]/usr/bin/tar -xf /home/runner/work/_temp/baf94dbb-7b15-48e0-b339-d6b4ed7fabf7/cache.tzst -P -C /home/runner/work/prismTask/prismTask --use-compress-program unzstd
2026-05-11T07:45:27.9198912Z Cache restored successfully
2026-05-11T07:45:27.9244354Z Restored cache entry with key gradle-instrumented-jars-v1-43fecc739ac0b5ce725ed3e20be3d815 to /home/runner/.gradle/caches/jars-*/*/ in 947ms
2026-05-11T07:45:27.9445720Z Cache restored successfully
2026-05-11T07:45:27.9464636Z Restored cache entry with key gradle-groovy-dsl-v1-c4856d0e143a5d8e31257f0851b8269b to /home/runner/.gradle/caches/*/groovy-dsl/*/ in 968ms
2026-05-11T07:45:28.0865745Z [command]/usr/bin/tar -xf /home/runner/work/_temp/af6903a3-675e-40fe-8af9-3e4d90cfa3b1/cache.tzst -P -C /home/runner/work/prismTask/prismTask --use-compress-program unzstd
2026-05-11T07:45:28.0977195Z Received 134217728 of 136352669 (98.4%), 126.6 MBs/sec
2026-05-11T07:45:28.1230141Z Received 136352669 of 136352669 (100.0%), 125.5 MBs/sec
2026-05-11T07:45:28.1233988Z Cache Size: ~130 MB (136352669 B)
2026-05-11T07:45:28.1274958Z Received 25216188 of 41993404 (60.0%), 24.0 MBs/sec
2026-05-11T07:45:28.1424786Z Received 25165824 of 471311588 (5.3%), 24.0 MBs/sec
2026-05-11T07:45:28.1866246Z Received 12582912 of 277442591 (4.5%), 12.0 MBs/sec
2026-05-11T07:45:28.2090804Z Cache restored successfully
2026-05-11T07:45:28.2097315Z Restored cache entry with key gradle-kotlin-dsl-v1-896c96ba75f5981e02245eb6b3763c7f to /home/runner/.gradle/caches/*/kotlin-dsl/accessors/*/,/home/runner/.gradle/caches/*/kotlin-dsl/scripts/*/ in 1232ms
2026-05-11T07:45:28.2309194Z Received 41993404 of 41993404 (100.0%), 36.3 MBs/sec
2026-05-11T07:45:28.2310162Z Cache Size: ~40 MB (41993404 B)
2026-05-11T07:45:28.2925355Z [command]/usr/bin/tar -xf /home/runner/work/_temp/c11c378d-dc74-4da7-9b56-9ff01d2f0108/cache.tzst -P -C /home/runner/work/prismTask/prismTask --use-compress-program unzstd
2026-05-11T07:45:28.3538663Z [command]/usr/bin/tar -xf /home/runner/work/_temp/959f7bbe-8870-41d0-bc13-dada5b2eaf26/cache.tzst -P -C /home/runner/work/prismTask/prismTask --use-compress-program unzstd
2026-05-11T07:45:28.7248270Z Cache restored successfully
2026-05-11T07:45:28.7433248Z Restored cache entry with key gradle-wrapper-zips-v1-8c0de4c6bda6041d6e054bf825a89c98 to /home/runner/.gradle/wrapper/dists/gradle-9.3.1-bin/23ovyewtku6u96viwx3xl3oks in 1766ms
2026-05-11T07:45:28.9049011Z Cache restored successfully
2026-05-11T07:45:28.9077648Z Restored cache entry with key gradle-generated-gradle-jars-v1-cb4b032a7d08b9bf1e84e9eacaebcc29 to /home/runner/.gradle/caches/9.3.1/generated-gradle-jars/gradle-api-9.3.1.jar in 1932ms
2026-05-11T07:45:29.1426497Z Received 167772160 of 471311588 (35.6%), 80.0 MBs/sec
2026-05-11T07:45:29.1891901Z Received 163577856 of 277442591 (59.0%), 77.7 MBs/sec
2026-05-11T07:45:29.7525412Z Received 277442591 of 277442591 (100.0%), 102.9 MBs/sec
2026-05-11T07:45:29.7528280Z Cache Size: ~265 MB (277442591 B)
2026-05-11T07:45:29.8117594Z [command]/usr/bin/tar -xf /home/runner/work/_temp/1c4e0b3f-2dd2-4a70-ae9f-e75acd74fa5e/cache.tzst -P -C /home/runner/work/prismTask/prismTask --use-compress-program unzstd
2026-05-11T07:45:30.1424063Z Received 402653184 of 471311588 (85.4%), 128.0 MBs/sec
2026-05-11T07:45:30.6882279Z Received 471311588 of 471311588 (100.0%), 126.9 MBs/sec
2026-05-11T07:45:30.6883178Z Cache Size: ~449 MB (471311588 B)
2026-05-11T07:45:30.6970260Z [command]/usr/bin/tar -xf /home/runner/work/_temp/a34ed5c1-3c78-499e-90e0-8439d89d435f/cache.tzst -P -C /home/runner/work/prismTask/prismTask --use-compress-program unzstd
2026-05-11T07:45:32.4129135Z Cache restored successfully
2026-05-11T07:45:32.5823497Z Restored cache entry with key gradle-dependencies-v1-73b48b0ce69b3790c759f7597729a23f to /home/runner/.gradle/caches/modules-*/files-*/*/*/*/* in 5605ms
2026-05-11T07:45:34.3416537Z Cache restored successfully
2026-05-11T07:45:34.3525752Z Restored cache entry with key gradle-transforms-v1-d0aad2e38f66c97f9beaf3082bc229ef to /home/runner/.gradle/caches/transforms-4/*/,/home/runner/.gradle/caches/*/transforms/*/ in 7374ms
2026-05-11T07:45:34.4291202Z ##[endgroup]
2026-05-11T07:45:34.4744251Z ##[group]All Gradle Wrapper jars are valid
2026-05-11T07:45:34.4745434Z ✓ Found known Gradle Wrapper JAR files:
2026-05-11T07:45:34.4746427Z   b3a875ddc1f044746e1b1a55f645584505f4a10438c1afea9f15e92a7c42ec13 gradle/wrapper/gradle-wrapper.jar
2026-05-11T07:45:34.4747236Z ##[endgroup]
2026-05-11T07:45:34.4905025Z ##[group]Run chmod +x gradlew
2026-05-11T07:45:34.4905382Z [36;1mchmod +x gradlew[0m
2026-05-11T07:45:34.4934378Z shell: /usr/bin/bash --noprofile --norc -e -o pipefail {0}
2026-05-11T07:45:34.4934773Z env:
2026-05-11T07:45:34.4934989Z   USE_FIREBASE_EMULATOR: true
2026-05-11T07:45:34.4935398Z   JAVA_HOME: /opt/hostedtoolcache/Java_Temurin-Hotspot_jdk/21.0.10-7/x64
2026-05-11T07:45:34.4936635Z   JAVA_HOME_21_X64: /opt/hostedtoolcache/Java_Temurin-Hotspot_jdk/21.0.10-7/x64
2026-05-11T07:45:34.4937105Z   GRADLE_ACTION_ID: gradle/actions/setup-gradle
2026-05-11T07:45:34.4937439Z   GRADLE_USER_HOME: /home/runner/.gradle
2026-05-11T07:45:34.4937762Z   GRADLE_BUILD_ACTION_SETUP_COMPLETED: true
2026-05-11T07:45:34.4938087Z   GRADLE_BUILD_ACTION_CACHE_RESTORED: true
2026-05-11T07:45:34.4938551Z   DEVELOCITY_INJECTION_INIT_SCRIPT_NAME: gradle-actions.inject-develocity.init.gradle
2026-05-11T07:45:34.4939061Z   DEVELOCITY_INJECTION_CUSTOM_VALUE: gradle-actions
2026-05-11T07:45:34.4939413Z   GITHUB_DEPENDENCY_GRAPH_ENABLED: false
2026-05-11T07:45:34.4939702Z ##[endgroup]
2026-05-11T07:45:34.8134249Z ##[group]Run actions/cache@v5
2026-05-11T07:45:34.8134683Z with:
2026-05-11T07:45:34.8134990Z   path: app/build
2026-05-11T07:45:34.8135605Z   key: app-build-Linux-bfef548d06f3c65e4d6e478b2104976983ce70b28222f32e980f4c9b2cf94a5c
2026-05-11T07:45:34.8136777Z   restore-keys: app-build-Linux-

2026-05-11T07:45:34.8137262Z   enableCrossOsArchive: false
2026-05-11T07:45:34.8137758Z   fail-on-cache-miss: false
2026-05-11T07:45:34.8138143Z   lookup-only: false
2026-05-11T07:45:34.8138463Z   save-always: false
2026-05-11T07:45:34.8138699Z env:
2026-05-11T07:45:34.8138917Z   USE_FIREBASE_EMULATOR: true
2026-05-11T07:45:34.8139307Z   JAVA_HOME: /opt/hostedtoolcache/Java_Temurin-Hotspot_jdk/21.0.10-7/x64
2026-05-11T07:45:34.8139826Z   JAVA_HOME_21_X64: /opt/hostedtoolcache/Java_Temurin-Hotspot_jdk/21.0.10-7/x64
2026-05-11T07:45:34.8140272Z   GRADLE_ACTION_ID: gradle/actions/setup-gradle
2026-05-11T07:45:34.8140615Z   GRADLE_USER_HOME: /home/runner/.gradle
2026-05-11T07:45:34.8140979Z   GRADLE_BUILD_ACTION_SETUP_COMPLETED: true
2026-05-11T07:45:34.8141300Z   GRADLE_BUILD_ACTION_CACHE_RESTORED: true
2026-05-11T07:45:34.8141771Z   DEVELOCITY_INJECTION_INIT_SCRIPT_NAME: gradle-actions.inject-develocity.init.gradle
2026-05-11T07:45:34.8142280Z   DEVELOCITY_INJECTION_CUSTOM_VALUE: gradle-actions
2026-05-11T07:45:34.8142631Z   GITHUB_DEPENDENCY_GRAPH_ENABLED: false
2026-05-11T07:45:34.8142929Z ##[endgroup]
2026-05-11T07:45:35.0059688Z Cache hit for restore-key: app-build-Linux-bc06225fc01f5a29141e3e92f48f8228ae5aaa96bccaac2ffc1f921d367f7f35
2026-05-11T07:45:35.7906845Z Received 183557001 of 183557001 (100.0%), 235.3 MBs/sec
2026-05-11T07:45:35.7907487Z Cache Size: ~175 MB (183557001 B)
2026-05-11T07:45:35.7980438Z [command]/usr/bin/tar -xf /home/runner/work/_temp/4adf4be9-3535-4382-8876-1a1a11266a53/cache.tzst -P -C /home/runner/work/prismTask/prismTask --use-compress-program unzstd
2026-05-11T07:45:38.3449342Z Cache restored successfully
2026-05-11T07:45:38.3612567Z Cache restored from key: app-build-Linux-bc06225fc01f5a29141e3e92f48f8228ae5aaa96bccaac2ffc1f921d367f7f35
2026-05-11T07:45:38.3780811Z ##[group]Run actions/setup-node@v6
2026-05-11T07:45:38.3781170Z with:
2026-05-11T07:45:38.3781394Z   node-version: 20
2026-05-11T07:45:38.3781639Z   check-latest: false
2026-05-11T07:45:38.3782051Z   token: ***
2026-05-11T07:45:38.3782302Z   package-manager-cache: true
2026-05-11T07:45:38.3782578Z env:
2026-05-11T07:45:38.3782799Z   USE_FIREBASE_EMULATOR: true
2026-05-11T07:45:38.3783181Z   JAVA_HOME: /opt/hostedtoolcache/Java_Temurin-Hotspot_jdk/21.0.10-7/x64
2026-05-11T07:45:38.3783700Z   JAVA_HOME_21_X64: /opt/hostedtoolcache/Java_Temurin-Hotspot_jdk/21.0.10-7/x64
2026-05-11T07:45:38.3784146Z   GRADLE_ACTION_ID: gradle/actions/setup-gradle
2026-05-11T07:45:38.3784479Z   GRADLE_USER_HOME: /home/runner/.gradle
2026-05-11T07:45:38.3784798Z   GRADLE_BUILD_ACTION_SETUP_COMPLETED: true
2026-05-11T07:45:38.3785122Z   GRADLE_BUILD_ACTION_CACHE_RESTORED: true
2026-05-11T07:45:38.3785581Z   DEVELOCITY_INJECTION_INIT_SCRIPT_NAME: gradle-actions.inject-develocity.init.gradle
2026-05-11T07:45:38.3786434Z   DEVELOCITY_INJECTION_CUSTOM_VALUE: gradle-actions
2026-05-11T07:45:38.3786796Z   GITHUB_DEPENDENCY_GRAPH_ENABLED: false
2026-05-11T07:45:38.3787094Z ##[endgroup]
2026-05-11T07:45:38.5553456Z Found in cache @ /opt/hostedtoolcache/node/20.20.2/x64
2026-05-11T07:45:38.5557443Z ##[group]Environment details
2026-05-11T07:45:41.3298461Z node: v20.20.2
2026-05-11T07:45:41.3298923Z npm: 10.8.2
2026-05-11T07:45:41.3299288Z yarn: 1.22.22
2026-05-11T07:45:41.3300084Z ##[endgroup]
2026-05-11T07:45:41.3430036Z ##[group]Run actions/cache@v5
2026-05-11T07:45:41.3430343Z with:
2026-05-11T07:45:41.3430711Z   path: ~/.npm
/usr/local/lib/node_modules/firebase-tools
/usr/local/bin/firebase

2026-05-11T07:45:41.3431164Z   key: firebase-tools-Linux-v15
2026-05-11T07:45:41.3431470Z   enableCrossOsArchive: false
2026-05-11T07:45:41.3431759Z   fail-on-cache-miss: false
2026-05-11T07:45:41.3432020Z   lookup-only: false
2026-05-11T07:45:41.3432266Z   save-always: false
2026-05-11T07:45:41.3432496Z env:
2026-05-11T07:45:41.3432722Z   USE_FIREBASE_EMULATOR: true
2026-05-11T07:45:41.3433111Z   JAVA_HOME: /opt/hostedtoolcache/Java_Temurin-Hotspot_jdk/21.0.10-7/x64
2026-05-11T07:45:41.3433623Z   JAVA_HOME_21_X64: /opt/hostedtoolcache/Java_Temurin-Hotspot_jdk/21.0.10-7/x64
2026-05-11T07:45:41.3434086Z   GRADLE_ACTION_ID: gradle/actions/setup-gradle
2026-05-11T07:45:41.3434425Z   GRADLE_USER_HOME: /home/runner/.gradle
2026-05-11T07:45:41.3434744Z   GRADLE_BUILD_ACTION_SETUP_COMPLETED: true
2026-05-11T07:45:41.3435098Z   GRADLE_BUILD_ACTION_CACHE_RESTORED: true
2026-05-11T07:45:41.3435563Z   DEVELOCITY_INJECTION_INIT_SCRIPT_NAME: gradle-actions.inject-develocity.init.gradle
2026-05-11T07:45:41.3436521Z   DEVELOCITY_INJECTION_CUSTOM_VALUE: gradle-actions
2026-05-11T07:45:41.3436879Z   GITHUB_DEPENDENCY_GRAPH_ENABLED: false
2026-05-11T07:45:41.3437182Z ##[endgroup]
2026-05-11T07:45:41.5343091Z Cache hit for: firebase-tools-Linux-v15
2026-05-11T07:45:41.9809876Z Received 70532888 of 70532888 (100.0%), 172.0 MBs/sec
2026-05-11T07:45:41.9810684Z Cache Size: ~67 MB (70532888 B)
2026-05-11T07:45:41.9841584Z [command]/usr/bin/tar -xf /home/runner/work/_temp/3b597a09-ebe5-4f7f-b08b-0ffc60bb5ee7/cache.tzst -P -C /home/runner/work/prismTask/prismTask --use-compress-program unzstd
2026-05-11T07:45:42.4768847Z Cache restored successfully
2026-05-11T07:45:42.4881018Z Cache restored from key: firebase-tools-Linux-v15
2026-05-11T07:45:42.5009634Z ##[group]Run if ! command -v firebase &> /dev/null; then
2026-05-11T07:45:42.5010250Z [36;1mif ! command -v firebase &> /dev/null; then[0m
2026-05-11T07:45:42.5010779Z [36;1m  npm install -g firebase-tools@15[0m
2026-05-11T07:45:42.5011105Z [36;1mfi[0m
2026-05-11T07:45:42.5039705Z shell: /usr/bin/bash -e {0}
2026-05-11T07:45:42.5040003Z env:
2026-05-11T07:45:42.5040243Z   USE_FIREBASE_EMULATOR: true
2026-05-11T07:45:42.5040660Z   JAVA_HOME: /opt/hostedtoolcache/Java_Temurin-Hotspot_jdk/21.0.10-7/x64
2026-05-11T07:45:42.5041215Z   JAVA_HOME_21_X64: /opt/hostedtoolcache/Java_Temurin-Hotspot_jdk/21.0.10-7/x64
2026-05-11T07:45:42.5041689Z   GRADLE_ACTION_ID: gradle/actions/setup-gradle
2026-05-11T07:45:42.5042035Z   GRADLE_USER_HOME: /home/runner/.gradle
2026-05-11T07:45:42.5042366Z   GRADLE_BUILD_ACTION_SETUP_COMPLETED: true
2026-05-11T07:45:42.5042711Z   GRADLE_BUILD_ACTION_CACHE_RESTORED: true
2026-05-11T07:45:42.5043222Z   DEVELOCITY_INJECTION_INIT_SCRIPT_NAME: gradle-actions.inject-develocity.init.gradle
2026-05-11T07:45:42.5043746Z   DEVELOCITY_INJECTION_CUSTOM_VALUE: gradle-actions
2026-05-11T07:45:42.5044102Z   GITHUB_DEPENDENCY_GRAPH_ENABLED: false
2026-05-11T07:45:42.5044413Z ##[endgroup]
2026-05-11T07:45:55.3557201Z npm warn deprecated node-domexception@1.0.0: Use your platform's native DOMException instead
2026-05-11T07:45:55.5987349Z npm warn deprecated uuid@8.3.2: uuid@10 and below is no longer supported.  For ESM codebases, update to uuid@latest.  For CommonJS codebases, use uuid@11 (but be aware this version will likely be deprecated in 2028).
2026-05-11T07:45:55.6207950Z npm warn deprecated uuid@9.0.1: uuid@10 and below is no longer supported.  For ESM codebases, update to uuid@latest.  For CommonJS codebases, use uuid@11 (but be aware this version will likely be deprecated in 2028).
2026-05-11T07:45:55.6960201Z npm warn deprecated glob@10.5.0: Old versions of glob are not supported, and contain widely publicized security vulnerabilities, which have been fixed in the current version. Please update. Support for old versions may be purchased (at exorbitant rates) by contacting i@izs.me
2026-05-11T07:45:55.7132714Z npm warn deprecated json-ptr@3.1.1: Package no longer supported. Contact Support at https://www.npmjs.com/support for more info.
2026-05-11T07:45:58.3303492Z 
2026-05-11T07:45:58.3304158Z added 704 packages in 16s
2026-05-11T07:45:58.3304631Z 
2026-05-11T07:45:58.3305020Z 91 packages are looking for funding
2026-05-11T07:45:58.3305615Z   run `npm fund` for details
2026-05-11T07:45:58.3734291Z ##[group]Run firebase --version
2026-05-11T07:45:58.3734665Z [36;1mfirebase --version[0m
2026-05-11T07:45:58.3763118Z shell: /usr/bin/bash -e {0}
2026-05-11T07:45:58.3763421Z env:
2026-05-11T07:45:58.3763663Z   USE_FIREBASE_EMULATOR: true
2026-05-11T07:45:58.3764415Z   JAVA_HOME: /opt/hostedtoolcache/Java_Temurin-Hotspot_jdk/21.0.10-7/x64
2026-05-11T07:45:58.3764983Z   JAVA_HOME_21_X64: /opt/hostedtoolcache/Java_Temurin-Hotspot_jdk/21.0.10-7/x64
2026-05-11T07:45:58.3765454Z   GRADLE_ACTION_ID: gradle/actions/setup-gradle
2026-05-11T07:45:58.3765811Z   GRADLE_USER_HOME: /home/runner/.gradle
2026-05-11T07:45:58.3766314Z   GRADLE_BUILD_ACTION_SETUP_COMPLETED: true
2026-05-11T07:45:58.3766652Z   GRADLE_BUILD_ACTION_CACHE_RESTORED: true
2026-05-11T07:45:58.3767130Z   DEVELOCITY_INJECTION_INIT_SCRIPT_NAME: gradle-actions.inject-develocity.init.gradle
2026-05-11T07:45:58.3767646Z   DEVELOCITY_INJECTION_CUSTOM_VALUE: gradle-actions
2026-05-11T07:45:58.3768123Z   GITHUB_DEPENDENCY_GRAPH_ENABLED: false
2026-05-11T07:45:58.3768674Z ##[endgroup]
2026-05-11T07:45:58.8329732Z 15.17.0
2026-05-11T07:45:58.9446571Z ##[group]Run set -euo pipefail
2026-05-11T07:45:58.9446973Z [36;1mset -euo pipefail[0m
2026-05-11T07:45:58.9447286Z [36;1mfirebase emulators:start \[0m
2026-05-11T07:45:58.9447602Z [36;1m  --only firestore,auth \[0m
2026-05-11T07:45:58.9447938Z [36;1m  --project demo-prismtask \[0m
2026-05-11T07:45:58.9448309Z [36;1m  > "$RUNNER_TEMP/firebase-emulators.log" 2>&1 &[0m
2026-05-11T07:45:58.9448734Z [36;1mecho "FIREBASE_EMULATORS_PID=$!" >> "$GITHUB_ENV"[0m
2026-05-11T07:45:58.9449132Z [36;1mecho "Waiting for emulator ports to open..."[0m
2026-05-11T07:45:58.9449475Z [36;1mfor port in 8080 9099; do[0m
2026-05-11T07:45:58.9449776Z [36;1m  timeout 120 bash -c \[0m
2026-05-11T07:45:58.9450209Z [36;1m    "until (echo > /dev/tcp/127.0.0.1/$port) 2>/dev/null; do sleep 1; done" || {[0m
2026-05-11T07:45:58.9450791Z [36;1m      echo "::error::Firebase emulator port $port did not become ready in time"[0m
2026-05-11T07:45:58.9451320Z [36;1m      cat "$RUNNER_TEMP/firebase-emulators.log" || true[0m
2026-05-11T07:45:58.9451685Z [36;1m      exit 1[0m
2026-05-11T07:45:58.9451933Z [36;1m    }[0m
2026-05-11T07:45:58.9452164Z [36;1mdone[0m
2026-05-11T07:45:58.9452498Z [36;1mecho "Firebase emulators ready (firestore=8080, auth=9099)"[0m
2026-05-11T07:45:58.9475429Z shell: /usr/bin/bash -e {0}
2026-05-11T07:45:58.9475718Z env:
2026-05-11T07:45:58.9476182Z   USE_FIREBASE_EMULATOR: true
2026-05-11T07:45:58.9476653Z   JAVA_HOME: /opt/hostedtoolcache/Java_Temurin-Hotspot_jdk/21.0.10-7/x64
2026-05-11T07:45:58.9477186Z   JAVA_HOME_21_X64: /opt/hostedtoolcache/Java_Temurin-Hotspot_jdk/21.0.10-7/x64
2026-05-11T07:45:58.9477640Z   GRADLE_ACTION_ID: gradle/actions/setup-gradle
2026-05-11T07:45:58.9477986Z   GRADLE_USER_HOME: /home/runner/.gradle
2026-05-11T07:45:58.9478313Z   GRADLE_BUILD_ACTION_SETUP_COMPLETED: true
2026-05-11T07:45:58.9478646Z   GRADLE_BUILD_ACTION_CACHE_RESTORED: true
2026-05-11T07:45:58.9479131Z   DEVELOCITY_INJECTION_INIT_SCRIPT_NAME: gradle-actions.inject-develocity.init.gradle
2026-05-11T07:45:58.9479648Z   DEVELOCITY_INJECTION_CUSTOM_VALUE: gradle-actions
2026-05-11T07:45:58.9480004Z   GITHUB_DEPENDENCY_GRAPH_ENABLED: false
2026-05-11T07:45:58.9480311Z ##[endgroup]
2026-05-11T07:45:58.9525643Z Waiting for emulator ports to open...
2026-05-11T07:46:11.9912100Z Firebase emulators ready (firestore=8080, auth=9099)
2026-05-11T07:46:11.9943105Z ##[group]Run echo 'KERNEL=="kvm", GROUP="kvm", MODE="0666", OPTIONS+="static_node=kvm"' \
2026-05-11T07:46:11.9943734Z [36;1mecho 'KERNEL=="kvm", GROUP="kvm", MODE="0666", OPTIONS+="static_node=kvm"' \[0m
2026-05-11T07:46:11.9944238Z [36;1m  | sudo tee /etc/udev/rules.d/99-kvm4all.rules[0m
2026-05-11T07:46:11.9944624Z [36;1msudo udevadm control --reload-rules[0m
2026-05-11T07:46:11.9944995Z [36;1msudo udevadm trigger --name-match=kvm[0m
2026-05-11T07:46:11.9966500Z shell: /usr/bin/bash -e {0}
2026-05-11T07:46:11.9966794Z env:
2026-05-11T07:46:11.9967029Z   USE_FIREBASE_EMULATOR: true
2026-05-11T07:46:11.9967446Z   JAVA_HOME: /opt/hostedtoolcache/Java_Temurin-Hotspot_jdk/21.0.10-7/x64
2026-05-11T07:46:11.9967997Z   JAVA_HOME_21_X64: /opt/hostedtoolcache/Java_Temurin-Hotspot_jdk/21.0.10-7/x64
2026-05-11T07:46:11.9968462Z   GRADLE_ACTION_ID: gradle/actions/setup-gradle
2026-05-11T07:46:11.9968826Z   GRADLE_USER_HOME: /home/runner/.gradle
2026-05-11T07:46:11.9969187Z   GRADLE_BUILD_ACTION_SETUP_COMPLETED: true
2026-05-11T07:46:11.9969527Z   GRADLE_BUILD_ACTION_CACHE_RESTORED: true
2026-05-11T07:46:11.9970012Z   DEVELOCITY_INJECTION_INIT_SCRIPT_NAME: gradle-actions.inject-develocity.init.gradle
2026-05-11T07:46:11.9970537Z   DEVELOCITY_INJECTION_CUSTOM_VALUE: gradle-actions
2026-05-11T07:46:11.9970898Z   GITHUB_DEPENDENCY_GRAPH_ENABLED: false
2026-05-11T07:46:11.9971222Z   FIREBASE_EMULATORS_PID: 2647
2026-05-11T07:46:11.9971511Z ##[endgroup]
2026-05-11T07:46:12.0081006Z KERNEL=="kvm", GROUP="kvm", MODE="0666", OPTIONS+="static_node=kvm"
2026-05-11T07:46:12.0466331Z ##[group]Run reactivecircus/android-emulator-runner@v2
2026-05-11T07:46:12.0466735Z with:
2026-05-11T07:46:12.0466967Z   api-level: 34
2026-05-11T07:46:12.0467207Z   target: google_apis
2026-05-11T07:46:12.0467455Z   arch: x86_64
2026-05-11T07:46:12.0467684Z   profile: pixel_6
2026-05-11T07:46:12.0467948Z   emulator-boot-timeout: 1200
2026-05-11T07:46:12.0469766Z   script: adb devices
adb shell settings put global window_animation_scale 0
adb shell settings put global transition_animation_scale 0
adb shell settings put global animator_duration_scale 0
# AVD already reaches the host emulators via 10.0.2.2 (hard-
# coded in PrismTaskApplication.configureFirebaseEmulator),
# so no `adb reverse` is needed. Confirm by pinging the
# emulator UI from inside the AVD.
adb shell "ping -c 1 10.0.2.2 || true"
./gradlew connectedDebugAndroidTest --no-daemon --continue

2026-05-11T07:46:12.0471553Z   cores: 2
2026-05-11T07:46:12.0471769Z   avd-name: test
2026-05-11T07:46:12.0472041Z   force-avd-creation: true
2026-05-11T07:46:12.0472319Z   emulator-port: 5554
2026-05-11T07:46:12.0472760Z   emulator-options: -no-window -gpu swiftshader_indirect -no-snapshot -noaudio -no-boot-anim
2026-05-11T07:46:12.0473250Z   disable-animations: true
2026-05-11T07:46:12.0473527Z   disable-spellchecker: false
2026-05-11T07:46:12.0473821Z   disable-linux-hw-accel: auto
2026-05-11T07:46:12.0474108Z   enable-hw-keyboard: false
2026-05-11T07:46:12.0474368Z   channel: stable
2026-05-11T07:46:12.0474596Z env:
2026-05-11T07:46:12.0474816Z   USE_FIREBASE_EMULATOR: true
2026-05-11T07:46:12.0475206Z   JAVA_HOME: /opt/hostedtoolcache/Java_Temurin-Hotspot_jdk/21.0.10-7/x64
2026-05-11T07:46:12.0475732Z   JAVA_HOME_21_X64: /opt/hostedtoolcache/Java_Temurin-Hotspot_jdk/21.0.10-7/x64
2026-05-11T07:46:12.0476459Z   GRADLE_ACTION_ID: gradle/actions/setup-gradle
2026-05-11T07:46:12.0476797Z   GRADLE_USER_HOME: /home/runner/.gradle
2026-05-11T07:46:12.0477124Z   GRADLE_BUILD_ACTION_SETUP_COMPLETED: true
2026-05-11T07:46:12.0477455Z   GRADLE_BUILD_ACTION_CACHE_RESTORED: true
2026-05-11T07:46:12.0477929Z   DEVELOCITY_INJECTION_INIT_SCRIPT_NAME: gradle-actions.inject-develocity.init.gradle
2026-05-11T07:46:12.0478439Z   DEVELOCITY_INJECTION_CUSTOM_VALUE: gradle-actions
2026-05-11T07:46:12.0478955Z   GITHUB_DEPENDENCY_GRAPH_ENABLED: false
2026-05-11T07:46:12.0479761Z   FIREBASE_EMULATORS_PID: 2647
2026-05-11T07:46:12.0480216Z ##[endgroup]
2026-05-11T07:46:12.1047399Z ##[group]Configure emulator
2026-05-11T07:46:12.1050256Z API level: 34
2026-05-11T07:46:12.1050735Z System image API level: 34
2026-05-11T07:46:12.1051179Z target: google_apis
2026-05-11T07:46:12.1051858Z CPU architecture: x86_64
2026-05-11T07:46:12.1052494Z Hardware profile: pixel_6
2026-05-11T07:46:12.1053031Z Cores: 2
2026-05-11T07:46:12.1053444Z RAM size: 
2026-05-11T07:46:12.1053899Z Heap size: 
2026-05-11T07:46:12.1054471Z SD card path or size: 
2026-05-11T07:46:12.1055719Z Disk size: 
2026-05-11T07:46:12.1056418Z AVD name: test
2026-05-11T07:46:12.1058229Z force avd creation: true
2026-05-11T07:46:12.1059120Z Emulator boot timeout: 1200
2026-05-11T07:46:12.1059763Z emulator port: 5554
2026-05-11T07:46:12.1060817Z emulator options: -no-window -gpu swiftshader_indirect -no-snapshot -noaudio -no-boot-anim
2026-05-11T07:46:12.1061801Z disable animations: true
2026-05-11T07:46:12.1062373Z disable spellchecker: false
2026-05-11T07:46:12.1063101Z disable Linux hardware acceleration: false
2026-05-11T07:46:12.1065495Z enable hardware keyboard: false
2026-05-11T07:46:12.1066341Z Channel: 0 (stable)
2026-05-11T07:46:12.1066843Z Script:
2026-05-11T07:46:12.1067238Z adb devices
2026-05-11T07:46:12.1067903Z adb shell settings put global window_animation_scale 0
2026-05-11T07:46:12.1068844Z adb shell settings put global transition_animation_scale 0
2026-05-11T07:46:12.1069735Z adb shell settings put global animator_duration_scale 0
2026-05-11T07:46:12.1070462Z adb shell "ping -c 1 10.0.2.2 || true"
2026-05-11T07:46:12.1071274Z ./gradlew connectedDebugAndroidTest --no-daemon --continue
2026-05-11T07:46:12.1072221Z Pre emulator launch script:
2026-05-11T07:46:12.1072750Z ##[endgroup]
2026-05-11T07:46:12.1073160Z ##[group]Install Android SDK
2026-05-11T07:46:12.1285692Z [command]/usr/bin/sh -c \yes | sdkmanager --licenses > /dev/null
2026-05-11T07:46:16.6880851Z Installing latest build tools, platform tools, and platform.
2026-05-11T07:46:16.6897399Z [command]/usr/bin/sh -c \sdkmanager --install 'build-tools;36.0.0' platform-tools 'platforms;android-34'> /dev/null
2026-05-11T07:46:18.2204387Z Installing latest emulator.
2026-05-11T07:46:18.2221284Z [command]/usr/bin/sh -c \sdkmanager --install emulator --channel=0 > /dev/null
2026-05-11T07:46:26.0560166Z Installing system images.
2026-05-11T07:46:26.0577662Z [command]/usr/bin/sh -c \sdkmanager --install 'system-images;android-34;google_apis;x86_64' --channel=0 > /dev/null
2026-05-11T07:46:51.8539390Z ##[endgroup]
2026-05-11T07:46:51.8540837Z ##[group]Create AVD
2026-05-11T07:46:51.8541445Z Creating AVD.
2026-05-11T07:46:51.8559989Z [command]/usr/bin/sh -c \echo no | avdmanager create avd --force -n test --package 'system-images;android-34;google_apis;x86_64' --device 'pixel_6'
2026-05-11T07:46:52.5732178Z Loading local repository...                                                     
2026-05-11T07:46:52.5744089Z [=========                              ] 25% Loading local repository...       
2026-05-11T07:46:52.5745326Z [=========                              ] 25% Fetch remote repository...        
2026-05-11T07:46:52.5746794Z [=======================================] 100% Fetch remote repository...       
2026-05-11T07:46:52.7191601Z Auto-selecting single ABI x86_64
2026-05-11T07:46:53.1345014Z [command]/usr/bin/sh -c \printf 'hw.cpu.ncore=2\n' >> /home/runner/.android/avd/test.avd/config.ini
2026-05-11T07:46:53.1367217Z ##[endgroup]
2026-05-11T07:46:53.1369754Z ##[group]Launch Emulator
2026-05-11T07:46:53.1370356Z Starting emulator.
2026-05-11T07:46:53.1386484Z [command]/usr/bin/sh -c \/usr/local/lib/android/sdk/emulator/emulator -port 5554 -avd test -no-window -gpu swiftshader_indirect -no-snapshot -noaudio -no-boot-anim &
2026-05-11T07:46:53.1518526Z INFO         | Android emulator version 36.5.11.0 (build_id 15261927) (CL:N/A)
2026-05-11T07:46:53.1519422Z INFO         | Graphics backend: gfxstream
2026-05-11T07:46:53.1520573Z INFO         | Found systemPath /usr/local/lib/android/sdk/system-images/android-34/google_apis/x86_64/
2026-05-11T07:46:53.5343147Z INFO         | Increasing RAM size to 2048MB
2026-05-11T07:46:53.5344182Z ##############################################################################
2026-05-11T07:46:53.5345252Z ##                        WARNING - ACTION REQUIRED                         ##
2026-05-11T07:46:53.5346628Z ##  Consider using the '-metrics-collection' flag to help improve the       ##
2026-05-11T07:46:53.5347873Z ##  emulator by sending anonymized usage data. Or use the '-no-metrics'     ##
2026-05-11T07:46:53.5349237Z ##  flag to bypass this warning and turn off the metrics collection.        ##
2026-05-11T07:46:53.5350674Z ##  In a future release this warning will turn into a one-time blocking     ##
2026-05-11T07:46:53.5351961Z ##  prompt to ask for explicit user input regarding metrics collection.     ##
2026-05-11T07:46:53.5352678Z ##                                                                          ##
2026-05-11T07:46:53.5353441Z ##  Please see '-help-metrics-collection' for more details. You can use     ##
2026-05-11T07:46:53.5354437Z ##  '-metrics-to-file' or '-metrics-to-console' flags to see what type of   ##
2026-05-11T07:46:53.5355281Z ##  data is being collected by emulator as part of usage statistics.        ##
2026-05-11T07:46:53.5356282Z ##############################################################################
2026-05-11T07:46:53.5356799Z INFO         | Guest GLES Driver: Auto (ext controls)
2026-05-11T07:46:53.5357909Z INFO         | emuglConfig_init: vulkan_mode_selected:swiftshader gles_mode_selected:swiftshader
2026-05-11T07:46:53.5358960Z INFO         | Checking system compatibility:
2026-05-11T07:46:53.5360013Z INFO         |   Checking: hasSufficientDiskSpace
2026-05-11T07:46:53.5360943Z INFO         |      Ok: Disk space requirements to run avd: `test` are met
2026-05-11T07:46:53.5361853Z INFO         |   Checking: hasSufficientHwGpu
2026-05-11T07:46:53.5362798Z INFO         |      Ok: Hardware GPU compatibility checks are not required
2026-05-11T07:46:53.5363736Z INFO         |   Checking: hasSufficientSystem
2026-05-11T07:46:53.5364578Z INFO         |      Ok: System requirements to run avd: `test` are met
2026-05-11T07:46:53.5365456Z ERROR        | Unable to connect to adb daemon on port: 5037
2026-05-11T07:46:53.5367918Z INFO         | Storing crashdata in: /tmp/android-runner/emu-crash-36.5.11.db, detection is enabled for process: 3074
2026-05-11T07:46:53.5369034Z INFO         | Initializing gfxstream backend
2026-05-11T07:46:53.5369771Z INFO         | android_startOpenglesRenderer: gpu info
2026-05-11T07:46:53.5370156Z INFO         | 
2026-05-11T07:46:53.5370620Z INFO         | initIcdPaths: ICD set to 'swiftshader', using Swiftshader ICD
2026-05-11T07:46:53.5371452Z INFO         | Setting ICD filenames for the loader = /usr/local/lib/android/sdk/emulator/lib64/vulkan/vk_swiftshader_icd.json
2026-05-11T07:46:53.5372444Z INFO         | SharedLibrary::open for [/usr/local/lib/android/sdk/emulator/qemu/linux-x86_64/lib64/vulkan/libvulkan.so]
2026-05-11T07:46:53.5373380Z INFO         | SharedLibrary::open for [/usr/local/lib/android/sdk/emulator/qemu/linux-x86_64/lib64/vulkan/libvulkan.so.1]
2026-05-11T07:46:53.5374221Z INFO         | SharedLibrary::open for [/usr/local/lib/android/sdk/emulator/lib64/vulkan/libvulkan.so]
2026-05-11T07:46:53.5374987Z INFO         | Added library: /usr/local/lib/android/sdk/emulator/lib64/vulkan/libvulkan.so
2026-05-11T07:46:53.5608427Z INFO         | Selecting Vulkan device: SwiftShader Device (Subzero), Version: 1.3.0
2026-05-11T07:46:53.5773371Z INFO         | SharedLibrary::open for [libX11]
2026-05-11T07:46:53.5774286Z WARNING      | Could not open libX11.so, try libX11.so.6
2026-05-11T07:46:53.5774903Z INFO         | SharedLibrary::open for [libX11.so.6]
2026-05-11T07:46:53.5775371Z INFO         | SharedLibrary::open for [libX11-xcb]
2026-05-11T07:46:53.5776161Z WARNING      | Could not open libX11-xcb.so, try libX11-xcb.so.1
2026-05-11T07:46:53.5776732Z INFO         | SharedLibrary::open for [libX11-xcb.so.1]
2026-05-11T07:46:53.5866932Z INFO         | Initializing VkEmulation features:
2026-05-11T07:46:53.5867741Z INFO         |     glInteropSupported: false
2026-05-11T07:46:53.5868478Z INFO         |     useDeferredCommands: true
2026-05-11T07:46:53.5868953Z INFO         |     createResourceWithRequirements: true
2026-05-11T07:46:53.5869569Z INFO         |     useVulkanComposition: false
2026-05-11T07:46:53.5870309Z INFO         |     useVulkanNativeSwapchain: false
2026-05-11T07:46:53.5870932Z INFO         |     enable guestRenderDoc: false
2026-05-11T07:46:53.5871532Z INFO         |     ASTC LDR emulation mode: Gpu
2026-05-11T07:46:53.5872199Z INFO         |     enable ETC2 emulation: true
2026-05-11T07:46:53.5872917Z INFO         |     enable Ycbcr emulation: false
2026-05-11T07:46:53.5873613Z INFO         |     guestVulkanOnly: false
2026-05-11T07:46:53.5874321Z INFO         |     useDedicatedAllocations: false
2026-05-11T07:46:53.5875102Z INFO         |     guestVulkanMaxApiVersion: 1.3.0
2026-05-11T07:46:53.5876170Z INFO         | Graphics Adapter Vendor Google (Google Inc.)
2026-05-11T07:46:53.5877290Z INFO         | Graphics Adapter Android Emulator OpenGL ES Translator (Google SwiftShader)
2026-05-11T07:46:53.5878516Z INFO         | Graphics API Version OpenGL ES 3.0 (OpenGL ES 3.0 SwiftShader 4.0.0.1)
2026-05-11T07:46:53.5882124Z INFO         | Graphics API Extensions GL_OES_EGL_sync GL_OES_EGL_image GL_OES_EGL_image_external GL_OES_depth24 GL_OES_depth32 GL_OES_element_index_uint GL_OES_texture_float GL_OES_texture_float_linear GL_OES_compressed_paletted_texture GL_OES_compressed_ETC1_RGB8_texture GL_OES_depth_texture GL_OES_texture_half_float GL_OES_texture_half_float_linear GL_OES_packed_depth_stencil GL_OES_vertex_half_float GL_OES_standard_derivatives GL_OES_texture_npot GL_OES_rgb8_rgba8 GL_EXT_color_buffer_float GL_EXT_color_buffer_half_float GL_EXT_texture_format_BGRA8888 GL_APPLE_texture_format_BGRA8888 
2026-05-11T07:46:53.5884383Z INFO         | Graphics Device Extensions N/A
2026-05-11T07:46:53.5884856Z INFO         | Disabling sparse binding feature support
2026-05-11T07:46:53.5934321Z INFO         | Sending adb public key [QAAAABM4q+zlrYZUAEA1rkayzOqHnAg/WMP9I8Ebw/0dzWfGsut7lwH7/D+rmibj3EBxa1RhUruKudrCU2Xbwpyh4l1Y/qPlhqbKQr8xdreGuN72R5oBVkRrn3JZDDNuouV58xbnf6W4fPII+DG+JsTwk6/OdmK58GNzUwceaC/bdS2J55deVAY6/B6BW/dZhSYFOZOoGFF4nGH2eV+JhDjWgZicztsyxCT7NfNxN8OwfUJqT+CfpJrw1iGXA47NLrDB/8Qc7LgQwi/aiCFPZoDE7tQrPV3yuslJtJl0Cikxffo5VZH8UBOCpLHaG04clUa6FJPsXj9lolto2ygxz4u/WvXOu9a52bdCCa6QLB0Oj7jxx+B+gZo5bVdtS5BCjI3KSlBRvlX+oVu4dBbhug5TDa4ctH+qwg1rwNdnchUoWlnusfN2Wjvx9PHNpqSzkCSodoioXyAo3/I0iwNfDaf7fFc1thkFcas7Cfvai/7/y1ixYGQ8H1iiSbHEXG+nK7VvN/PTYA4fyvmKBJT7QGcMeqzDQO8iyWLkdRxKcHLdZzsc+hkcfB3ulqIJ+I/aJkC+6aYFBu2djicAtzEIHr2Q0gjWE0ZyCUL7rUZ1vFwhlQLc/GCwKCi+VuZinz9ihTWnudT9t7sEZWaJ9EnbgkI9o56UnUuGiOfHO8hL6z/TkoHICn4TdQEAAQA= runner@unknown]
2026-05-11T07:46:53.5941025Z INFO         | Userspace boot properties:
2026-05-11T07:46:53.5941953Z INFO         |   androidboot.boot_devices=pci0000:00/0000:00:03.0 pci0000:00/0000:00:06.0
2026-05-11T07:46:53.5942599Z INFO         |   androidboot.dalvik.vm.heapsize=512m
2026-05-11T07:46:53.5943077Z INFO         |   androidboot.debug.hwui.renderer=skiagl
2026-05-11T07:46:53.5943537Z INFO         |   androidboot.debug.sf.nobootanimation=1
2026-05-11T07:46:53.5943958Z INFO         |   androidboot.hardware=ranchu
2026-05-11T07:46:53.5944389Z INFO         |   androidboot.hardware.gltransport=pipe
2026-05-11T07:46:53.5944850Z INFO         |   androidboot.hardware.vulkan=ranchu
2026-05-11T07:46:53.5945241Z INFO         |   androidboot.logcat=*:V
2026-05-11T07:46:53.5945649Z INFO         |   androidboot.opengles.version=196608
2026-05-11T07:46:53.5946371Z INFO         |   androidboot.qemu=1
2026-05-11T07:46:53.5950363Z INFO         |   androidboot.qemu.adb.pubkey=QAAAABM4q+zlrYZUAEA1rkayzOqHnAg/WMP9I8Ebw/0dzWfGsut7lwH7/D+rmibj3EBxa1RhUruKudrCU2Xbwpyh4l1Y/qPlhqbKQr8xdreGuN72R5oBVkRrn3JZDDNuouV58xbnf6W4fPII+DG+JsTwk6/OdmK58GNzUwceaC/bdS2J55deVAY6/B6BW/dZhSYFOZOoGFF4nGH2eV+JhDjWgZicztsyxCT7NfNxN8OwfUJqT+CfpJrw1iGXA47NLrDB/8Qc7LgQwi/aiCFPZoDE7tQrPV3yuslJtJl0Cikxffo5VZH8UBOCpLHaG04clUa6FJPsXj9lolto2ygxz4u/WvXOu9a52bdCCa6QLB0Oj7jxx+B+gZo5bVdtS5BCjI3KSlBRvlX+oVu4dBbhug5TDa4ctH+qwg1rwNdnchUoWlnusfN2Wjvx9PHNpqSzkCSodoioXyAo3/I0iwNfDaf7fFc1thkFcas7Cfvai/7/y1ixYGQ8H1iiSbHEXG+nK7VvN/PTYA4fyvmKBJT7QGcMeqzDQO8iyWLkdRxKcHLdZzsc+hkcfB3ulqIJ+I/aJkC+6aYFBu2djicAtzEIHr2Q0gjWE0ZyCUL7rUZ1vFwhlQLc/GCwKCi+VuZinz9ihTWnudT9t7sEZWaJ9EnbgkI9o56UnUuGiOfHO8hL6z/TkoHICn4TdQEAAQA= runner@unknown
2026-05-11T07:46:53.5953904Z INFO         |   androidboot.qemu.avd_name=test
2026-05-11T07:46:53.5954390Z INFO         |   androidboot.qemu.camera_hq_edge_processing=0
2026-05-11T07:46:53.5954870Z INFO         |   androidboot.qemu.camera_protocol_ver=1
2026-05-11T07:46:53.5955340Z INFO         |   androidboot.qemu.cpuvulkan.version=4202496
2026-05-11T07:46:53.5955867Z INFO         |   androidboot.qemu.gltransport.drawFlushInterval=800
2026-05-11T07:46:53.5956669Z INFO         |   androidboot.qemu.gltransport.name=pipe
2026-05-11T07:46:53.5957134Z INFO         |   androidboot.qemu.hwcodec.avcdec=2
2026-05-11T07:46:53.5957574Z INFO         |   androidboot.qemu.hwcodec.hevcdec=2
2026-05-11T07:46:53.5957998Z INFO         |   androidboot.qemu.hwcodec.vpxdec=2
2026-05-11T07:46:53.5958533Z INFO         |   androidboot.qemu.settings.system.screen_off_timeout=2147483647
2026-05-11T07:46:53.5959040Z INFO         |   androidboot.qemu.skin=1080x2400
2026-05-11T07:46:53.5959448Z INFO         |   androidboot.qemu.virtiowifi=1
2026-05-11T07:46:53.5959842Z INFO         |   androidboot.qemu.vsync=60
2026-05-11T07:46:53.5960264Z INFO         |   androidboot.serialno=EMULATOR36X5X11X0
2026-05-11T07:46:53.5961230Z INFO         |   androidboot.vbmeta.digest=451e57ed688ff746d2c636d52169ade253e2bc5bb30a5c3ff23679ca15d3bcd3
2026-05-11T07:46:53.5961908Z INFO         |   androidboot.vbmeta.hash_alg=sha256
2026-05-11T07:46:53.5962344Z INFO         |   androidboot.vbmeta.size=6656
2026-05-11T07:46:53.5962777Z INFO         |   androidboot.veritymode=enforcing
2026-05-11T07:46:53.6135491Z WARNING: cannnot unmap ptr 0x7f7e64601000 as it is in the protected range from 0x7f7de4600000 to 0x7f7e64800000
2026-05-11T07:46:53.6290703Z INFO         | Monitoring duration of emulator setup.
2026-05-11T07:46:56.6241022Z INFO         | Activated packet streamer for bluetooth emulation
2026-05-11T07:46:56.6265358Z INFO         | Successfully initialized netsim WiFi
2026-05-11T07:46:56.6320732Z INFO         | Setting display: 0 configuration to: 1080x2400, dpi: 420x420 
2026-05-11T07:46:56.6321322Z INFO         | setDisplayActiveConfig: id:0, 1080x2400
2026-05-11T07:46:56.6322120Z INFO         | emulatorSetupEnvironment: Setting up screen background view and display layout at env:1080x2400, lcd:1080x2400
2026-05-11T07:46:56.6322893Z INFO         | emulatorSetupEnvironment: Environment scene is not required
2026-05-11T07:46:56.6393385Z USER_INFO    | Emulator is performing a full startup. This may take upto two minutes, or more.
2026-05-11T07:46:56.6394869Z WARNING      | Failed to process .ini file /home/runner/.android/emu-update-last-check.ini for reading.
2026-05-11T07:46:56.7320924Z WARNING      | Failed to process .ini file /home/runner/.android/emu-update-last-check.ini for reading.
2026-05-11T07:47:03.1459733Z [command]/usr/local/lib/android/sdk/platform-tools/adb -s emulator-5554 shell getprop sys.boot_completed
2026-05-11T07:47:03.1501590Z * daemon not running; starting now at tcp:5037
2026-05-11T07:47:03.1534676Z * daemon started successfully
2026-05-11T07:47:03.1537100Z adb: device offline
2026-05-11T07:47:03.1543114Z The process '/usr/local/lib/android/sdk/platform-tools/adb' failed with exit code 1
2026-05-11T07:47:05.1586369Z [command]/usr/local/lib/android/sdk/platform-tools/adb -s emulator-5554 shell getprop sys.boot_completed
2026-05-11T07:47:05.1622941Z adb: device offline
2026-05-11T07:47:05.1631057Z The process '/usr/local/lib/android/sdk/platform-tools/adb' failed with exit code 1
2026-05-11T07:47:07.1681727Z [command]/usr/local/lib/android/sdk/platform-tools/adb -s emulator-5554 shell getprop sys.boot_completed
2026-05-11T07:47:07.1731426Z adb: device offline
2026-05-11T07:47:07.1748048Z The process '/usr/local/lib/android/sdk/platform-tools/adb' failed with exit code 1
2026-05-11T07:47:09.1807995Z [command]/usr/local/lib/android/sdk/platform-tools/adb -s emulator-5554 shell getprop sys.boot_completed
2026-05-11T07:47:09.2265550Z 
2026-05-11T07:47:11.2337815Z [command]/usr/local/lib/android/sdk/platform-tools/adb -s emulator-5554 shell getprop sys.boot_completed
2026-05-11T07:47:11.2630220Z 
2026-05-11T07:47:13.2702765Z [command]/usr/local/lib/android/sdk/platform-tools/adb -s emulator-5554 shell getprop sys.boot_completed
2026-05-11T07:47:13.3073146Z 
2026-05-11T07:47:15.3128606Z [command]/usr/local/lib/android/sdk/platform-tools/adb -s emulator-5554 shell getprop sys.boot_completed
2026-05-11T07:47:15.3344546Z 
2026-05-11T07:47:17.3407800Z [command]/usr/local/lib/android/sdk/platform-tools/adb -s emulator-5554 shell getprop sys.boot_completed
2026-05-11T07:47:17.3661293Z 
2026-05-11T07:47:19.3758048Z [command]/usr/local/lib/android/sdk/platform-tools/adb -s emulator-5554 shell getprop sys.boot_completed
2026-05-11T07:47:19.4129518Z 
2026-05-11T07:47:21.4190668Z [command]/usr/local/lib/android/sdk/platform-tools/adb -s emulator-5554 shell getprop sys.boot_completed
2026-05-11T07:47:21.4485620Z 
2026-05-11T07:47:23.4532062Z [command]/usr/local/lib/android/sdk/platform-tools/adb -s emulator-5554 shell getprop sys.boot_completed
2026-05-11T07:47:23.4821042Z 
2026-05-11T07:47:25.4864044Z [command]/usr/local/lib/android/sdk/platform-tools/adb -s emulator-5554 shell getprop sys.boot_completed
2026-05-11T07:47:25.5061196Z 
2026-05-11T07:47:27.5133313Z [command]/usr/local/lib/android/sdk/platform-tools/adb -s emulator-5554 shell getprop sys.boot_completed
2026-05-11T07:47:27.5395873Z 
2026-05-11T07:47:29.5464707Z [command]/usr/local/lib/android/sdk/platform-tools/adb -s emulator-5554 shell getprop sys.boot_completed
2026-05-11T07:47:29.5706561Z 
2026-05-11T07:47:31.5892168Z [command]/usr/local/lib/android/sdk/platform-tools/adb -s emulator-5554 shell getprop sys.boot_completed
2026-05-11T07:47:31.6256347Z 
2026-05-11T07:47:33.6364433Z [command]/usr/local/lib/android/sdk/platform-tools/adb -s emulator-5554 shell getprop sys.boot_completed
2026-05-11T07:47:33.6919823Z 
2026-05-11T07:47:34.2607037Z INFO         | Boot completed in 41081 ms
2026-05-11T07:47:34.2646940Z INFO         | Increasing screen off timeout, logcat buffer size to 2M.
2026-05-11T07:47:35.6998197Z [command]/usr/local/lib/android/sdk/platform-tools/adb -s emulator-5554 shell getprop sys.boot_completed
2026-05-11T07:47:35.7688314Z 1
2026-05-11T07:47:35.7729563Z Emulator booted.
2026-05-11T07:47:35.7783515Z [command]/usr/local/lib/android/sdk/platform-tools/adb -s emulator-5554 shell input keyevent 82
2026-05-11T07:47:46.1578680Z Disabling animations.
2026-05-11T07:47:46.1609647Z [command]/usr/local/lib/android/sdk/platform-tools/adb -s emulator-5554 shell settings put global window_animation_scale 0.0
2026-05-11T07:47:46.8508412Z [command]/usr/local/lib/android/sdk/platform-tools/adb -s emulator-5554 shell settings put global transition_animation_scale 0.0
2026-05-11T07:47:47.0272976Z [command]/usr/local/lib/android/sdk/platform-tools/adb -s emulator-5554 shell settings put global animator_duration_scale 0.0
2026-05-11T07:47:47.2766939Z ##[endgroup]
2026-05-11T07:47:47.2790832Z [command]/usr/bin/sh -c adb devices
2026-05-11T07:47:47.2836761Z List of devices attached
2026-05-11T07:47:47.2839287Z emulator-5554	device
2026-05-11T07:47:47.2839810Z 
2026-05-11T07:47:47.2866763Z [command]/usr/bin/sh -c adb shell settings put global window_animation_scale 0
2026-05-11T07:47:47.5059060Z [command]/usr/bin/sh -c adb shell settings put global transition_animation_scale 0
2026-05-11T07:47:47.7057915Z [command]/usr/bin/sh -c adb shell settings put global animator_duration_scale 0
2026-05-11T07:47:47.8790146Z [command]/usr/bin/sh -c adb shell "ping -c 1 10.0.2.2 || true"
2026-05-11T07:47:47.9941653Z connect: Network is unreachable
2026-05-11T07:47:48.0004678Z [command]/usr/bin/sh -c ./gradlew connectedDebugAndroidTest --no-daemon --continue
2026-05-11T07:47:49.2300060Z To honour the JVM settings for this build a single-use Daemon process will be forked. For more on this, please refer to https://docs.gradle.org/9.3.1/userguide/gradle_daemon.html#sec:disabling_the_daemon in the Gradle documentation.
2026-05-11T07:47:53.6285759Z Daemon will be stopped at the end of the build 
2026-05-11T07:47:54.2297340Z Configuration on demand is an incubating feature.
2026-05-11T07:48:03.5281932Z 
2026-05-11T07:48:03.5292861Z > Configure project :app
2026-05-11T07:48:03.5318286Z WARNING: The option setting 'android.builtInKotlin=false' is deprecated.
2026-05-11T07:48:03.5337077Z The current default is 'true'.
2026-05-11T07:48:03.5338134Z It will be removed in version 10.0 of the Android Gradle plugin.
2026-05-11T07:48:03.5339412Z WARNING: The option setting 'android.newDsl=false' is deprecated.
2026-05-11T07:48:03.5340556Z The current default is 'true'.
2026-05-11T07:48:03.5341607Z It will be removed in version 10.0 of the Android Gradle plugin.
2026-05-11T07:48:03.5343247Z WARNING: The option setting 'android.dependency.excludeLibraryComponentsFromConstraints=true' is deprecated.
2026-05-11T07:48:03.5344593Z The current default is 'false'.
2026-05-11T07:48:03.5345566Z It will be removed in version 10.0 of the Android Gradle plugin.
2026-05-11T07:48:03.5346948Z Following can be set instead to achieve a similar behaviour.
2026-05-11T07:48:03.5348248Z     android.dependency.useConstraints=false
2026-05-11T07:48:16.9298173Z w: file:///home/runner/work/prismTask/prismTask/app/build.gradle.kts:13:1: 'fun Project.android(configure: Action<BaseAppModuleExtension>): Unit' is deprecated. Replaced by com.android.build.api.dsl.ApplicationExtension.
2026-05-11T07:48:16.9325539Z This class is not used for the public extensions in AGP when android.newDsl=true, which is the default in AGP 9.0, and will be removed in AGP 10.0.
2026-05-11T07:48:16.9380759Z w: file:///home/runner/work/prismTask/prismTask/app/build.gradle.kts:249:1: 'val Project.android: BaseAppModuleExtension' is deprecated. Replaced by com.android.build.api.dsl.ApplicationExtension.
2026-05-11T07:48:16.9417566Z This class is not used for the public extensions in AGP when android.newDsl=true, which is the default in AGP 9.0, and will be removed in AGP 10.0.
2026-05-11T07:48:19.1337820Z w: ⚠️ Deprecated 'org.jetbrains.kotlin.android' plugin usage
2026-05-11T07:48:19.1339976Z The 'org.jetbrains.kotlin.android' plugin in project ':app' is no longer required for Kotlin support since AGP 9.0.
2026-05-11T07:48:19.1364855Z Solution: Remove both `android.builtInKotlin=true` and `android.newDsl=false` from `gradle.properties`, then migrate to built-in Kotlin.
2026-05-11T07:48:19.1386420Z See https://kotl.in/gradle/agp-built-in-kotlin for more details.
2026-05-11T07:48:19.1387595Z 
2026-05-11T07:48:21.8305950Z 
2026-05-11T07:48:21.8337263Z > Task :app:checkKotlinGradlePluginConfigurationErrors SKIPPED
2026-05-11T07:48:21.8386461Z > Task :app:preBuild UP-TO-DATE
2026-05-11T07:48:21.8436523Z > Task :app:preDebugBuild UP-TO-DATE
2026-05-11T07:48:22.0286374Z > Task :app:generateDebugBuildConfig
2026-05-11T07:48:22.1311239Z > Task :app:generateDebugResValues FROM-CACHE
2026-05-11T07:48:22.1317636Z > Task :app:generateDebugResources FROM-CACHE
2026-05-11T07:48:22.2295726Z > Task :app:injectCrashlyticsMappingFileIdDebug
2026-05-11T07:48:22.2327146Z > Task :app:processDebugGoogleServices FROM-CACHE
2026-05-11T07:48:22.3304804Z > Task :app:packageDebugResources FROM-CACHE
2026-05-11T07:48:23.8283302Z > Task :app:processDebugNavigationResources FROM-CACHE
2026-05-11T07:48:24.1289880Z > Task :app:parseDebugLocalResources FROM-CACHE
2026-05-11T07:48:24.1327309Z > Task :app:generateDebugRFile FROM-CACHE
2026-05-11T07:48:26.3307372Z > Task :app:javaPreCompileDebug FROM-CACHE
2026-05-11T07:48:26.3367016Z > Task :app:generateDebugAssets UP-TO-DATE
2026-05-11T07:48:26.6297240Z > Task :app:mergeDebugAssets
2026-05-11T07:48:26.7307190Z > Task :app:compressDebugAssets FROM-CACHE
2026-05-11T07:48:26.7337110Z > Task :app:desugarDebugFileDependencies FROM-CACHE
2026-05-11T07:48:26.9302251Z > Task :app:mapDebugSourceSetPaths
2026-05-11T07:48:26.9368758Z > Task :app:compileDebugNavigationResources FROM-CACHE
2026-05-11T07:48:26.9370640Z > Task :app:checkDebugAarMetadata
2026-05-11T07:48:27.5284811Z > Task :app:mergeDebugResources FROM-CACHE
2026-05-11T07:48:27.6309741Z > Task :app:createDebugCompatibleScreenManifests
2026-05-11T07:48:27.6352381Z > Task :app:extractDeepLinksDebug FROM-CACHE
2026-05-11T07:48:28.8316588Z 
2026-05-11T07:48:28.8367011Z > Task :app:processDebugMainManifest
2026-05-11T07:48:28.8427439Z /home/runner/work/prismTask/prismTask/app/src/main/AndroidManifest.xml:221:9-227:76 Warning:
2026-05-11T07:48:28.8478068Z 	activity#com.android.billingclient.api.ProxyBillingActivity@android:noHistory was tagged at AndroidManifest.xml:221 to replace other declarations but no other declaration present
2026-05-11T07:48:28.8480295Z /home/runner/work/prismTask/prismTask/app/src/main/AndroidManifest.xml:221:9-227:76 Warning:
2026-05-11T07:48:28.8505684Z 	activity#com.android.billingclient.api.ProxyBillingActivity@android:excludeFromRecents was tagged at AndroidManifest.xml:221 to replace other declarations but no other declaration present
2026-05-11T07:48:29.0296774Z 
2026-05-11T07:48:29.0374007Z > Task :app:processDebugManifest
2026-05-11T07:48:29.6292312Z > Task :app:processDebugManifestForPackage
2026-05-11T07:48:29.8302216Z > Task :app:checkDebugDuplicateClasses
2026-05-11T07:48:32.8283168Z > Task :app:mergeExtDexDebug FROM-CACHE
2026-05-11T07:48:32.9298903Z > Task :app:mergeLibDexDebug FROM-CACHE
2026-05-11T07:48:32.9350087Z > Task :app:mergeDebugJniLibFolders
2026-05-11T07:48:33.3307909Z > Task :app:validateSigningDebug
2026-05-11T07:48:33.3357246Z > Task :app:writeDebugAppMetadata
2026-05-11T07:48:33.3406964Z > Task :app:mergeDebugNativeLibs
2026-05-11T07:48:33.4307234Z > Task :app:writeDebugSigningConfigVersions
2026-05-11T07:48:33.4342399Z > Task :app:preDebugAndroidTestBuild SKIPPED
2026-05-11T07:48:33.5286668Z > Task :app:processDebugResources
2026-05-11T07:48:33.9317380Z > Task :app:stripDebugDebugSymbols
2026-05-11T07:48:34.0297534Z > Task :app:processDebugAndroidTestManifest
2026-05-11T07:48:34.0355792Z > Task :app:generateDebugAndroidTestBuildConfig FROM-CACHE
2026-05-11T07:48:34.0381847Z > Task :app:generateDebugAndroidTestResValues FROM-CACHE
2026-05-11T07:48:34.0382828Z > Task :app:generateDebugAndroidTestResources FROM-CACHE
2026-05-11T07:48:34.0431694Z > Task :app:packageDebugAndroidTestResources FROM-CACHE
2026-05-11T07:48:34.0466966Z > Task :app:processDebugAndroidTestNavigationResources FROM-CACHE
2026-05-11T07:48:34.0506975Z > Task :app:parseDebugAndroidTestLocalResources FROM-CACHE
2026-05-11T07:48:34.0526165Z > Task :app:generateDebugAndroidTestRFile FROM-CACHE
2026-05-11T07:48:34.1303739Z > Task :app:javaPreCompileDebugAndroidTest FROM-CACHE
2026-05-11T07:48:34.1375566Z > Task :app:generateDebugAndroidTestAssets UP-TO-DATE
2026-05-11T07:48:34.1396405Z > Task :app:mergeDebugAndroidTestAssets
2026-05-11T07:48:34.1439749Z > Task :app:compressDebugAndroidTestAssets FROM-CACHE
2026-05-11T07:48:34.1456962Z > Task :app:desugarDebugAndroidTestFileDependencies FROM-CACHE
2026-05-11T07:48:34.2314139Z > Task :app:checkDebugAndroidTestAarMetadata
2026-05-11T07:48:34.2326951Z > Task :app:mapDebugAndroidTestSourceSetPaths
2026-05-11T07:48:34.2367215Z > Task :app:compileDebugAndroidTestNavigationResources FROM-CACHE
2026-05-11T07:48:34.4287272Z > Task :app:mergeDebugAndroidTestResources FROM-CACHE
2026-05-11T07:48:34.5296165Z > Task :app:processDebugAndroidTestResources FROM-CACHE
2026-05-11T07:48:34.7332409Z > Task :app:mergeDebugAndroidTestJniLibFolders
2026-05-11T07:48:34.7368390Z > Task :app:checkDebugAndroidTestDuplicateClasses
2026-05-11T07:48:34.8293064Z > Task :app:mergeDebugAndroidTestNativeLibs
2026-05-11T07:48:35.2333196Z > Task :app:mergeExtDexDebugAndroidTest FROM-CACHE
2026-05-11T07:48:35.2374467Z > Task :app:mergeLibDexDebugAndroidTest FROM-CACHE
2026-05-11T07:48:35.2428922Z > Task :app:validateSigningDebugAndroidTest
2026-05-11T07:48:35.3317312Z > Task :app:writeDebugAndroidTestSigningConfigVersions
2026-05-11T07:48:35.3376865Z > Task :app:stripDebugAndroidTestDebugSymbols
2026-05-11T07:48:54.1301637Z > Task :app:kspDebugKotlin
2026-05-11T07:50:05.1287659Z > Task :app:compileDebugKotlin
2026-05-11T07:50:53.4290281Z e: file:///home/runner/work/prismTask/prismTask/app/src/main/java/com/averycorp/prismtask/data/repository/AttachmentRepository.kt:19:4 Syntax error: Missing '}.
2026-05-11T07:50:53.4327997Z e: file:///home/runner/work/prismTask/prismTask/app/src/main/java/com/averycorp/prismtask/data/repository/AttachmentRepository.kt:150:1 Syntax error: Unclosed comment.
2026-05-11T07:50:53.4360259Z e: file:///home/runner/work/prismTask/prismTask/app/src/main/java/com/averycorp/prismtask/ui/screens/addedittask/AddEditTaskViewModel.kt:322:10 Cannot infer type for type parameter 'R'. Specify it explicitly.
2026-05-11T07:50:53.4416341Z e: file:///home/runner/work/prismTask/prismTask/app/src/main/java/com/averycorp/prismtask/ui/screens/addedittask/AddEditTaskViewModel.kt:324:38 Unresolved reference 'getAttachments'.
2026-05-11T07:50:53.4448040Z e: file:///home/runner/work/prismTask/prismTask/app/src/main/java/com/averycorp/prismtask/ui/screens/addedittask/AddEditTaskViewModel.kt:326:17 Cannot infer type for type parameter 'T'. Specify it explicitly.
2026-05-11T07:50:53.4467999Z e: file:///home/runner/work/prismTask/prismTask/app/src/main/java/com/averycorp/prismtask/ui/screens/addedittask/AddEditTaskViewModel.kt:326:24 Cannot infer type for type parameter 'T'. Specify it explicitly.
2026-05-11T07:50:53.4471288Z e: file:///home/runner/work/prismTask/prismTask/app/src/main/java/com/averycorp/prismtask/ui/screens/addedittask/AddEditTaskViewModel.kt:1011:38 Unresolved reference 'addImageAttachment'.
2026-05-11T07:50:53.4474119Z e: file:///home/runner/work/prismTask/prismTask/app/src/main/java/com/averycorp/prismtask/ui/screens/addedittask/AddEditTaskViewModel.kt:1029:38 Unresolved reference 'addFileAttachment'.
2026-05-11T07:50:53.4477204Z e: file:///home/runner/work/prismTask/prismTask/app/src/main/java/com/averycorp/prismtask/ui/screens/addedittask/AddEditTaskViewModel.kt:1172:38 Unresolved reference 'addLinkAttachment'.
2026-05-11T07:50:53.4479965Z e: file:///home/runner/work/prismTask/prismTask/app/src/main/java/com/averycorp/prismtask/ui/screens/addedittask/AddEditTaskViewModel.kt:1183:38 Unresolved reference 'deleteAttachment'.
2026-05-11T07:50:53.4483033Z e: file:///home/runner/work/prismTask/prismTask/app/src/main/java/com/averycorp/prismtask/ui/screens/screenshotimport/ScreenshotImportViewModel.kt:166:21 Cannot infer type for type parameter 'R'. Specify it explicitly.
2026-05-11T07:50:53.4486287Z e: file:///home/runner/work/prismTask/prismTask/app/src/main/java/com/averycorp/prismtask/ui/screens/screenshotimport/ScreenshotImportViewModel.kt:167:46 Unresolved reference 'addImageAttachment'.
2026-05-11T07:50:53.4489326Z e: file:///home/runner/work/prismTask/prismTask/app/src/main/java/com/averycorp/prismtask/ui/screens/tasklist/TaskListViewModel.kt:353:39 Cannot infer type for type parameter 'R'. Specify it explicitly.
2026-05-11T07:50:53.4492464Z e: file:///home/runner/work/prismTask/prismTask/app/src/main/java/com/averycorp/prismtask/ui/screens/tasklist/TaskListViewModel.kt:353:43 Cannot infer type for type parameter 'R'. Specify it explicitly.
2026-05-11T07:50:53.4501381Z e: file:///home/runner/work/prismTask/prismTask/app/src/main/java/com/averycorp/prismtask/ui/screens/tasklist/TaskListViewModel.kt:354:42 Unresolved reference 'getAttachmentCount'.
2026-05-11T07:50:53.4504311Z e: file:///home/runner/work/prismTask/prismTask/app/src/main/java/com/averycorp/prismtask/ui/screens/tasklist/TaskListViewModel.kt:354:65 Cannot infer type for type parameter 'T'. Specify it explicitly.
2026-05-11T07:50:53.4507839Z e: file:///home/runner/work/prismTask/prismTask/app/src/main/java/com/averycorp/prismtask/ui/screens/tasklist/TaskListViewModel.kt:354:65 Cannot infer type for type parameter 'R'. Specify it explicitly.
2026-05-11T07:50:53.4511403Z e: file:///home/runner/work/prismTask/prismTask/app/src/main/java/com/averycorp/prismtask/ui/screens/tasklist/TaskListViewModel.kt:354:71 Cannot infer type for type parameter 'T'. Specify it explicitly.
2026-05-11T07:50:53.4514226Z e: file:///home/runner/work/prismTask/prismTask/app/src/main/java/com/averycorp/prismtask/ui/screens/tasklist/TaskListViewModel.kt:354:83 Cannot infer type for type parameter 'B'. Specify it explicitly.
2026-05-11T07:50:53.4515813Z 
2026-05-11T07:50:53.4516546Z > Task :app:compileDebugKotlin FAILED
2026-05-11T07:50:53.5290451Z gradle/actions: Writing build results to /home/runner/work/_temp/.gradle-actions/build-results/__reactivecircus_android-emulator-runner-1778485676769.json
2026-05-11T07:50:53.5296372Z 
2026-05-11T07:50:53.5298051Z [Incubating] Problems report is available at: file:///home/runner/work/prismTask/prismTask/build/reports/problems/problems-report.html
2026-05-11T07:50:53.5299431Z 
2026-05-11T07:50:53.5299990Z FAILURE: Build failed with an exception.
2026-05-11T07:50:53.5300500Z 
2026-05-11T07:50:53.5302050Z * What went wrong:
2026-05-11T07:50:53.5302877Z Execution failed for task ':app:compileDebugKotlin'.
2026-05-11T07:50:53.5304277Z > A failure occurred while executing org.jetbrains.kotlin.compilerRunner.btapi.BuildToolsApiCompilationWork
2026-05-11T07:50:53.5305640Z    > Compilation error. See log for more details
2026-05-11T07:50:53.5306440Z 
2026-05-11T07:50:53.5306944Z * Try:
2026-05-11T07:50:53.5307523Z > Run with --stacktrace option to get the stack trace.
2026-05-11T07:50:53.5308869Z > Run with --info or --debug option to get more log output.
2026-05-11T07:50:53.5310138Z > Run with --scan to get full insights from a Build Scan (powered by Develocity).
2026-05-11T07:50:53.5311210Z > Get more help at https://help.gradle.org.
2026-05-11T07:50:53.5311617Z 
2026-05-11T07:50:53.5312394Z Deprecated Gradle features were used in this build, making it incompatible with Gradle 10.
2026-05-11T07:50:53.5313185Z 
2026-05-11T07:50:53.5315464Z You can use '--warning-mode all' to show the individual deprecation warnings and determine if they come from your own scripts or plugins.
2026-05-11T07:50:53.5316649Z 
2026-05-11T07:50:53.5317745Z For more on this, please refer to https://docs.gradle.org/9.3.1/userguide/command_line_interface.html#sec:command_line_warnings in the Gradle documentation.
2026-05-11T07:50:53.5318704Z 
2026-05-11T07:50:53.5318921Z BUILD FAILED in 3m 5s
2026-05-11T07:50:53.5319549Z 59 actionable tasks: 29 executed, 30 from cache
2026-05-11T07:50:53.9596806Z ##[error]The process '/usr/bin/sh' failed with exit code 1
2026-05-11T07:50:53.9608151Z ##[group]Terminate Emulator
2026-05-11T07:50:53.9609116Z [command]/usr/local/lib/android/sdk/platform-tools/adb -s emulator-5554 emu kill
2026-05-11T07:50:53.9632388Z OK: killing emulator, bye bye
2026-05-11T07:50:53.9633147Z OK
2026-05-11T07:50:53.9663986Z INFO         | Wait for emulator (pid 3074) 20 seconds to shutdown gracefully before kill;you can set environment variable ANDROID_EMULATOR_WAIT_TIME_BEFORE_KILL(in seconds) to change the default value (20 seconds)
2026-05-11T07:50:53.9696287Z 
2026-05-11T07:50:53.9696878Z ##[endgroup]
2026-05-11T07:50:53.9769565Z USER_INFO    | Snapshots have been disabled by the user, save request is ignored.
2026-05-11T07:50:53.9772780Z INFO         | Saving snapshot 'default_boot' using 0 ms
2026-05-11T07:50:54.7277818Z ERROR        | stop: Not implemented
2026-05-11T07:50:54.7279320Z WARNING      | Emulator client has not yet been configured.. Call configure me first!
2026-05-11T07:50:54.7869992Z WARNING      | Netsim Wifi localhost:34437 is gone due to CANCELLED
2026-05-11T07:50:55.4614294Z ##[group]Run if [ -n "${FIREBASE_EMULATORS_PID:-}" ]; then
2026-05-11T07:50:55.4614770Z [36;1mif [ -n "${FIREBASE_EMULATORS_PID:-}" ]; then[0m
2026-05-11T07:50:55.4615143Z [36;1m  kill "$FIREBASE_EMULATORS_PID" || true[0m
2026-05-11T07:50:55.4615535Z [36;1m  wait "$FIREBASE_EMULATORS_PID" 2>/dev/null || true[0m
2026-05-11T07:50:55.4616340Z [36;1mfi[0m
2026-05-11T07:50:55.4681398Z shell: /usr/bin/bash -e {0}
2026-05-11T07:50:55.4681691Z env:
2026-05-11T07:50:55.4681929Z   USE_FIREBASE_EMULATOR: true
2026-05-11T07:50:55.4682337Z   JAVA_HOME: /opt/hostedtoolcache/Java_Temurin-Hotspot_jdk/21.0.10-7/x64
2026-05-11T07:50:55.4682885Z   JAVA_HOME_21_X64: /opt/hostedtoolcache/Java_Temurin-Hotspot_jdk/21.0.10-7/x64
2026-05-11T07:50:55.4683353Z   GRADLE_ACTION_ID: gradle/actions/setup-gradle
2026-05-11T07:50:55.4683693Z   GRADLE_USER_HOME: /home/runner/.gradle
2026-05-11T07:50:55.4684019Z   GRADLE_BUILD_ACTION_SETUP_COMPLETED: true
2026-05-11T07:50:55.4684385Z   GRADLE_BUILD_ACTION_CACHE_RESTORED: true
2026-05-11T07:50:55.4684876Z   DEVELOCITY_INJECTION_INIT_SCRIPT_NAME: gradle-actions.inject-develocity.init.gradle
2026-05-11T07:50:55.4685392Z   DEVELOCITY_INJECTION_CUSTOM_VALUE: gradle-actions
2026-05-11T07:50:55.4685741Z   GITHUB_DEPENDENCY_GRAPH_ENABLED: false
2026-05-11T07:50:55.4686336Z   FIREBASE_EMULATORS_PID: 2647
2026-05-11T07:50:55.4686646Z   ANDROID_AVD_HOME: /home/runner/.android/avd
2026-05-11T07:50:55.4686952Z ##[endgroup]
2026-05-11T07:50:55.4782273Z ##[group]Run actions/upload-artifact@v7
2026-05-11T07:50:55.4782606Z with:
2026-05-11T07:50:55.4782840Z   name: firebase-emulator-log
2026-05-11T07:50:55.4783196Z   path: /home/runner/work/_temp/firebase-emulators.log
2026-05-11T07:50:55.4783609Z   retention-days: 7
2026-05-11T07:50:55.4783860Z   if-no-files-found: ignore
2026-05-11T07:50:55.4784141Z   compression-level: 6
2026-05-11T07:50:55.4784394Z   overwrite: false
2026-05-11T07:50:55.4784646Z   include-hidden-files: false
2026-05-11T07:50:55.4784918Z   archive: true
2026-05-11T07:50:55.4785146Z env:
2026-05-11T07:50:55.4785370Z   USE_FIREBASE_EMULATOR: true
2026-05-11T07:50:55.4785765Z   JAVA_HOME: /opt/hostedtoolcache/Java_Temurin-Hotspot_jdk/21.0.10-7/x64
2026-05-11T07:50:55.4786801Z   JAVA_HOME_21_X64: /opt/hostedtoolcache/Java_Temurin-Hotspot_jdk/21.0.10-7/x64
2026-05-11T07:50:55.4787283Z   GRADLE_ACTION_ID: gradle/actions/setup-gradle
2026-05-11T07:50:55.4787622Z   GRADLE_USER_HOME: /home/runner/.gradle
2026-05-11T07:50:55.4788159Z   GRADLE_BUILD_ACTION_SETUP_COMPLETED: true
2026-05-11T07:50:55.4788749Z   GRADLE_BUILD_ACTION_CACHE_RESTORED: true
2026-05-11T07:50:55.4789587Z   DEVELOCITY_INJECTION_INIT_SCRIPT_NAME: gradle-actions.inject-develocity.init.gradle
2026-05-11T07:50:55.4790508Z   DEVELOCITY_INJECTION_CUSTOM_VALUE: gradle-actions
2026-05-11T07:50:55.4791147Z   GITHUB_DEPENDENCY_GRAPH_ENABLED: false
2026-05-11T07:50:55.4791678Z   FIREBASE_EMULATORS_PID: 2647
2026-05-11T07:50:55.4792192Z   ANDROID_AVD_HOME: /home/runner/.android/avd
2026-05-11T07:50:55.4792803Z ##[endgroup]
2026-05-11T07:50:55.6343074Z With the provided path, there will be 1 file uploaded
2026-05-11T07:50:55.6359686Z Artifact name is valid!
2026-05-11T07:50:55.6360261Z Root directory input is valid!
2026-05-11T07:50:55.7415367Z Uploading artifact: firebase-emulator-log.zip
2026-05-11T07:50:55.7488815Z Beginning upload of artifact content to blob storage
2026-05-11T07:50:55.8256905Z Uploaded bytes 1019
2026-05-11T07:50:55.8413419Z Finished uploading artifact content to blob storage!
2026-05-11T07:50:55.8414939Z SHA256 digest of uploaded artifact is 4f1d6271b2a77e1eb755d16c0e9144a9c7e8ec644e9c827a0e8ba93172510132
2026-05-11T07:50:55.8416259Z Finalizing artifact upload
2026-05-11T07:50:56.0135618Z Artifact firebase-emulator-log successfully finalized. Artifact ID 6913007821
2026-05-11T07:50:56.0137423Z Artifact firebase-emulator-log has been successfully uploaded! Final size is 1019 bytes. Artifact ID is 6913007821
2026-05-11T07:50:56.0140346Z Artifact download URL: https://github.com/averycorp/prismTask/actions/runs/25657150047/artifacts/6913007821
2026-05-11T07:50:56.0285273Z ##[group]Run actions/upload-artifact@v7
2026-05-11T07:50:56.0285631Z with:
2026-05-11T07:50:56.0285879Z   name: connected-test-results
2026-05-11T07:50:56.0286885Z   path: app/build/reports/androidTests/
app/build/outputs/androidTest-results/

2026-05-11T07:50:56.0287933Z   retention-days: 7
2026-05-11T07:50:56.0288389Z   if-no-files-found: ignore
2026-05-11T07:50:56.0288868Z   compression-level: 6
2026-05-11T07:50:56.0289306Z   overwrite: false
2026-05-11T07:50:56.0289820Z   include-hidden-files: false
2026-05-11T07:50:56.0290295Z   archive: true
2026-05-11T07:50:56.0290692Z env:
2026-05-11T07:50:56.0291102Z   USE_FIREBASE_EMULATOR: true
2026-05-11T07:50:56.0291826Z   JAVA_HOME: /opt/hostedtoolcache/Java_Temurin-Hotspot_jdk/21.0.10-7/x64
2026-05-11T07:50:56.0292485Z   JAVA_HOME_21_X64: /opt/hostedtoolcache/Java_Temurin-Hotspot_jdk/21.0.10-7/x64
2026-05-11T07:50:56.0292982Z   GRADLE_ACTION_ID: gradle/actions/setup-gradle
2026-05-11T07:50:56.0293375Z   GRADLE_USER_HOME: /home/runner/.gradle
2026-05-11T07:50:56.0293714Z   GRADLE_BUILD_ACTION_SETUP_COMPLETED: true
2026-05-11T07:50:56.0294054Z   GRADLE_BUILD_ACTION_CACHE_RESTORED: true
2026-05-11T07:50:56.0294538Z   DEVELOCITY_INJECTION_INIT_SCRIPT_NAME: gradle-actions.inject-develocity.init.gradle
2026-05-11T07:50:56.0295064Z   DEVELOCITY_INJECTION_CUSTOM_VALUE: gradle-actions
2026-05-11T07:50:56.0295432Z   GITHUB_DEPENDENCY_GRAPH_ENABLED: false
2026-05-11T07:50:56.0295752Z   FIREBASE_EMULATORS_PID: 2647
2026-05-11T07:50:56.0296319Z   ANDROID_AVD_HOME: /home/runner/.android/avd
2026-05-11T07:50:56.0296646Z ##[endgroup]
2026-05-11T07:50:56.1817873Z Multiple search paths detected. Calculating the least common ancestor of all paths
2026-05-11T07:50:56.1820267Z The least common ancestor is /home/runner/work/prismTask/prismTask/app/build. This will be the root directory of the artifact
2026-05-11T07:50:56.1821239Z With the provided path, there will be 26 files uploaded
2026-05-11T07:50:56.1825494Z Artifact name is valid!
2026-05-11T07:50:56.1826108Z Root directory input is valid!
2026-05-11T07:50:56.2755270Z Uploading artifact: connected-test-results.zip
2026-05-11T07:50:56.2829006Z Beginning upload of artifact content to blob storage
2026-05-11T07:50:56.4083387Z Uploaded bytes 65667
2026-05-11T07:50:56.4231874Z Finished uploading artifact content to blob storage!
2026-05-11T07:50:56.4233483Z SHA256 digest of uploaded artifact is 735ae49a0ac40a0b65d143f2fc06bf074d908e0202fddfe4fdff5e82ca488512
2026-05-11T07:50:56.4235113Z Finalizing artifact upload
2026-05-11T07:50:56.5620834Z Artifact connected-test-results successfully finalized. Artifact ID 6913008015
2026-05-11T07:50:56.5622529Z Artifact connected-test-results has been successfully uploaded! Final size is 65667 bytes. Artifact ID is 6913008015
2026-05-11T07:50:56.5624651Z Artifact download URL: https://github.com/averycorp/prismTask/actions/runs/25657150047/artifacts/6913008015
2026-05-11T07:50:56.5774293Z Post job cleanup.
2026-05-11T07:50:56.5868516Z Post job cleanup.
2026-05-11T07:50:56.9457560Z In post-action step
2026-05-11T07:50:56.9469247Z ##[group]Stopping Gradle daemons
2026-05-11T07:50:56.9471351Z Stopping Gradle daemons for /home/runner/.gradle/wrapper/dists/gradle-9.3.1-bin/23ovyewtku6u96viwx3xl3oks/gradle-9.3.1
2026-05-11T07:50:56.9489797Z [command]/home/runner/.gradle/wrapper/dists/gradle-9.3.1-bin/23ovyewtku6u96viwx3xl3oks/gradle-9.3.1/bin/gradle --stop
2026-05-11T07:50:57.5792600Z No Gradle daemons are running.
2026-05-11T07:50:57.5889834Z ##[endgroup]
2026-05-11T07:50:57.5891203Z Not performing cache-cleanup due to build failure
2026-05-11T07:50:57.5892175Z ##[group]Caching Gradle state
2026-05-11T07:50:58.1742492Z [command]/usr/bin/tar --posix -cf cache.tzst --exclude cache.tzst -P -C /home/runner/work/prismTask/prismTask --files-from manifest.txt --use-compress-program zstdmt
2026-05-11T07:50:58.7562337Z Sent 263706 of 263706 (100.0%), 5.1 MBs/sec
2026-05-11T07:50:58.8590951Z Saved cache entry with key gradle-kotlin-dsl-v1-3e37cf0be69a9cd47e5939e3e5bd93a0 from /home/runner/.gradle/caches/*/kotlin-dsl/accessors/*/,/home/runner/.gradle/caches/*/kotlin-dsl/scripts/*/ in 748ms
2026-05-11T07:51:01.1233456Z [command]/usr/bin/tar --posix -cf cache.tzst --exclude cache.tzst -P -C /home/runner/work/prismTask/prismTask --files-from manifest.txt --use-compress-program zstdmt
2026-05-11T07:51:03.8713192Z Sent 0 of 626911529 (0.0%), 0.0 MBs/sec
2026-05-11T07:51:04.7486855Z Sent 626911529 of 626911529 (100.0%), 318.4 MBs/sec
2026-05-11T07:51:04.8736377Z Saved cache entry with key gradle-home-v1|Linux-X64|connected-tests[1e7216165ffdcf45b9a4b7e3077585ac]-87b6946b6b7ea881c996dfa154a615ff4c06f872 from /home/runner/.gradle/caches,/home/runner/.gradle/notifications,/home/runner/.gradle/.setup-gradle in 3760ms
2026-05-11T07:51:04.8737972Z ##[endgroup]
2026-05-11T07:51:04.8743941Z Generating Job Summary
2026-05-11T07:51:04.8758267Z Completed post-action step
2026-05-11T07:51:04.8966646Z Post job cleanup.
2026-05-11T07:51:05.0827120Z Post job cleanup.
2026-05-11T07:51:05.1713562Z [command]/usr/bin/git version
2026-05-11T07:51:05.1755063Z git version 2.53.0
2026-05-11T07:51:05.1797144Z Temporarily overriding HOME='/home/runner/work/_temp/bfa068c7-3f4f-4f94-a5fc-2dc68f2085dd' before making global git config changes
2026-05-11T07:51:05.1798872Z Adding repository directory to the temporary git global config as a safe directory
2026-05-11T07:51:05.1803512Z [command]/usr/bin/git config --global --add safe.directory /home/runner/work/prismTask/prismTask
2026-05-11T07:51:05.1832915Z Removing SSH command configuration
2026-05-11T07:51:05.1839480Z [command]/usr/bin/git config --local --name-only --get-regexp core\.sshCommand
2026-05-11T07:51:05.1872723Z [command]/usr/bin/git submodule foreach --recursive sh -c "git config --local --name-only --get-regexp 'core\.sshCommand' && git config --local --unset-all 'core.sshCommand' || :"
2026-05-11T07:51:05.2116704Z Removing HTTP extra header
2026-05-11T07:51:05.2121794Z [command]/usr/bin/git config --local --name-only --get-regexp http\.https\:\/\/github\.com\/\.extraheader
2026-05-11T07:51:05.2151703Z [command]/usr/bin/git submodule foreach --recursive sh -c "git config --local --name-only --get-regexp 'http\.https\:\/\/github\.com\/\.extraheader' && git config --local --unset-all 'http.https://github.com/.extraheader' || :"
2026-05-11T07:51:05.2365121Z Removing includeIf entries pointing to credentials config files
2026-05-11T07:51:05.2371219Z [command]/usr/bin/git config --local --name-only --get-regexp ^includeIf\.gitdir:
2026-05-11T07:51:05.2393397Z includeif.gitdir:/home/runner/work/prismTask/prismTask/.git.path
2026-05-11T07:51:05.2394258Z includeif.gitdir:/home/runner/work/prismTask/prismTask/.git/worktrees/*.path
2026-05-11T07:51:05.2394858Z includeif.gitdir:/github/workspace/.git.path
2026-05-11T07:51:05.2395379Z includeif.gitdir:/github/workspace/.git/worktrees/*.path
2026-05-11T07:51:05.2402066Z [command]/usr/bin/git config --local --get-all includeif.gitdir:/home/runner/work/prismTask/prismTask/.git.path
2026-05-11T07:51:05.2422371Z /home/runner/work/_temp/git-credentials-39482ad6-977f-4c54-874c-8adb447dd117.config
2026-05-11T07:51:05.2432695Z [command]/usr/bin/git config --local --unset includeif.gitdir:/home/runner/work/prismTask/prismTask/.git.path /home/runner/work/_temp/git-credentials-39482ad6-977f-4c54-874c-8adb447dd117.config
2026-05-11T07:51:05.2466731Z [command]/usr/bin/git config --local --get-all includeif.gitdir:/home/runner/work/prismTask/prismTask/.git/worktrees/*.path
2026-05-11T07:51:05.2487757Z /home/runner/work/_temp/git-credentials-39482ad6-977f-4c54-874c-8adb447dd117.config
2026-05-11T07:51:05.2498346Z [command]/usr/bin/git config --local --unset includeif.gitdir:/home/runner/work/prismTask/prismTask/.git/worktrees/*.path /home/runner/work/_temp/git-credentials-39482ad6-977f-4c54-874c-8adb447dd117.config
2026-05-11T07:51:05.2529886Z [command]/usr/bin/git config --local --get-all includeif.gitdir:/github/workspace/.git.path
2026-05-11T07:51:05.2550364Z /github/runner_temp/git-credentials-39482ad6-977f-4c54-874c-8adb447dd117.config
2026-05-11T07:51:05.2558022Z [command]/usr/bin/git config --local --unset includeif.gitdir:/github/workspace/.git.path /github/runner_temp/git-credentials-39482ad6-977f-4c54-874c-8adb447dd117.config
2026-05-11T07:51:05.2589175Z [command]/usr/bin/git config --local --get-all includeif.gitdir:/github/workspace/.git/worktrees/*.path
2026-05-11T07:51:05.2608782Z /github/runner_temp/git-credentials-39482ad6-977f-4c54-874c-8adb447dd117.config
2026-05-11T07:51:05.2617401Z [command]/usr/bin/git config --local --unset includeif.gitdir:/github/workspace/.git/worktrees/*.path /github/runner_temp/git-credentials-39482ad6-977f-4c54-874c-8adb447dd117.config
2026-05-11T07:51:05.2648245Z [command]/usr/bin/git submodule foreach --recursive git config --local --show-origin --name-only --get-regexp remote.origin.url
2026-05-11T07:51:05.2872364Z Removing credentials config '/home/runner/work/_temp/git-credentials-39482ad6-977f-4c54-874c-8adb447dd117.config'
2026-05-11T07:51:05.3004140Z Cleaning up orphan processes
2026-05-11T07:51:05.3301434Z Terminate orphan process: pid (3197) (adb)
2026-05-11T07:51:05.3327125Z ##[warning]Node.js 20 actions are deprecated. The following actions are running on Node.js 20 and may not work as expected: actions/setup-java@v4, gradle/actions/setup-gradle@v4. Actions will be forced to run with Node.js 24 by default starting June 2nd, 2026. Node.js 20 will be removed from the runner on September 16th, 2026. Please check if updated versions of these actions are available that support Node.js 24. To opt into Node.js 24 now, set the FORCE_JAVASCRIPT_ACTIONS_TO_NODE24=true environment variable on the runner or in your workflow file. Once Node.js 24 becomes the default, you can temporarily opt out by setting ACTIONS_ALLOW_USE_UNSECURE_NODE_VERSION=true. For more information see: https://github.blog/changelog/2025-09-19-deprecation-of-node-20-on-github-actions-runners/
