=== CI FAILURE ===
Workflow:      Android Integration CI
Workflow file: averycorp/prismTask/.github/workflows/android-integration.yml@refs/heads/main
Job(s):        connected-tests
Run ID:        25693943896
Run attempt:   1
Run URL:       https://github.com/averycorp/prismTask/actions/runs/25693943896
Commit:        e11ccd3ab7969d92d6d7bde3c91165fce70b8abf
Branch:        main
Event:         push
Actor:         akarlin3
Runner OS:     Linux
Timestamp:     2026-05-11T20:05:02.841Z

Failed steps:
  - connected-tests: #11 Run instrumented tests against AVD + Firebase emulator

=== FAILED JOB LOG ===

--- Job: connected-tests (id 75437225965) ---
2026-05-11T19:59:15.6322946Z Current runner version: '2.334.0'
2026-05-11T19:59:15.6355791Z ##[group]Runner Image Provisioner
2026-05-11T19:59:15.6356845Z Hosted Compute Agent
2026-05-11T19:59:15.6357861Z Version: 20260213.493
2026-05-11T19:59:15.6358716Z Commit: 5c115507f6dd24b8de37d8bbe0bb4509d0cc0fa3
2026-05-11T19:59:15.6359613Z Build Date: 2026-02-13T00:28:41Z
2026-05-11T19:59:15.6360693Z Worker ID: {8f769b7b-f4a8-457a-8cc7-e82d0fca1e79}
2026-05-11T19:59:15.6361641Z Azure Region: eastus2
2026-05-11T19:59:15.6362404Z ##[endgroup]
2026-05-11T19:59:15.6364712Z ##[group]Operating System
2026-05-11T19:59:15.6365845Z Ubuntu
2026-05-11T19:59:15.6366515Z 24.04.4
2026-05-11T19:59:15.6367780Z LTS
2026-05-11T19:59:15.6368476Z ##[endgroup]
2026-05-11T19:59:15.6369142Z ##[group]Runner Image
2026-05-11T19:59:15.6370078Z Image: ubuntu-24.04
2026-05-11T19:59:15.6370835Z Version: 20260413.86.1
2026-05-11T19:59:15.6372643Z Included Software: https://github.com/actions/runner-images/blob/ubuntu24/20260413.86/images/ubuntu/Ubuntu2404-Readme.md
2026-05-11T19:59:15.6374874Z Image Release: https://github.com/actions/runner-images/releases/tag/ubuntu24%2F20260413.86
2026-05-11T19:59:15.6376640Z ##[endgroup]
2026-05-11T19:59:15.6378606Z ##[group]GITHUB_TOKEN Permissions
2026-05-11T19:59:15.6381472Z Actions: read
2026-05-11T19:59:15.6382330Z Checks: read
2026-05-11T19:59:15.6383079Z Contents: write
2026-05-11T19:59:15.6383807Z Metadata: read
2026-05-11T19:59:15.6384693Z PullRequests: read
2026-05-11T19:59:15.6385582Z ##[endgroup]
2026-05-11T19:59:15.6388966Z Secret source: Actions
2026-05-11T19:59:15.6390056Z Prepare workflow directory
2026-05-11T19:59:15.6929879Z Prepare all required actions
2026-05-11T19:59:15.6981350Z Getting action download info
2026-05-11T19:59:16.0849150Z Download action repository 'actions/checkout@v6' (SHA:de0fac2e4500dabe0009e67214ff5f5447ce83dd)
2026-05-11T19:59:16.2002819Z Download action repository 'actions/cache@v5' (SHA:27d5ce7f107fe9357f9df03efb73ab90386fccae)
2026-05-11T19:59:16.4660895Z Download action repository 'actions/setup-node@v6' (SHA:48b55a011bda9f5d6aeb4c2d9c7362e8dae4041e)
2026-05-11T19:59:16.7214268Z Download action repository 'reactivecircus/android-emulator-runner@v2' (SHA:e89f39f1abbbd05b1113a29cf4db69e7540cae5a)
2026-05-11T19:59:16.9313778Z Download action repository 'actions/upload-artifact@v7' (SHA:043fb46d1a93c77aae656e7c1c64a875d1fc6a0a)
2026-05-11T19:59:17.3088322Z Complete job name: connected-tests
2026-05-11T19:59:17.3981286Z ##[group]Run actions/checkout@v6
2026-05-11T19:59:17.3982509Z with:
2026-05-11T19:59:17.3983170Z   ref: refs/heads/main
2026-05-11T19:59:17.3983965Z   repository: averycorp/prismTask
2026-05-11T19:59:17.3985411Z   token: ***
2026-05-11T19:59:17.3986088Z   ssh-strict: true
2026-05-11T19:59:17.3986797Z   ssh-user: git
2026-05-11T19:59:17.3987515Z   persist-credentials: true
2026-05-11T19:59:17.3988321Z   clean: true
2026-05-11T19:59:17.3989050Z   sparse-checkout-cone-mode: true
2026-05-11T19:59:17.3989938Z   fetch-depth: 1
2026-05-11T19:59:17.3990640Z   fetch-tags: false
2026-05-11T19:59:17.3991392Z   show-progress: true
2026-05-11T19:59:17.3992115Z   lfs: false
2026-05-11T19:59:17.3992766Z   submodules: false
2026-05-11T19:59:17.3993488Z   set-safe-directory: true
2026-05-11T19:59:17.3994455Z env:
2026-05-11T19:59:17.3995114Z   USE_FIREBASE_EMULATOR: true
2026-05-11T19:59:17.3996042Z ##[endgroup]
2026-05-11T19:59:17.5078092Z Syncing repository: averycorp/prismTask
2026-05-11T19:59:17.5081123Z ##[group]Getting Git version info
2026-05-11T19:59:17.5082599Z Working directory is '/home/runner/work/prismTask/prismTask'
2026-05-11T19:59:17.5085489Z [command]/usr/bin/git version
2026-05-11T19:59:17.5088839Z git version 2.53.0
2026-05-11T19:59:17.5145424Z ##[endgroup]
2026-05-11T19:59:17.5162627Z Temporarily overriding HOME='/home/runner/work/_temp/b1c11e7d-ac21-458e-b56c-923973b509b2' before making global git config changes
2026-05-11T19:59:17.5166686Z Adding repository directory to the temporary git global config as a safe directory
2026-05-11T19:59:17.5169838Z [command]/usr/bin/git config --global --add safe.directory /home/runner/work/prismTask/prismTask
2026-05-11T19:59:17.5282977Z Deleting the contents of '/home/runner/work/prismTask/prismTask'
2026-05-11T19:59:17.5285828Z ##[group]Initializing the repository
2026-05-11T19:59:17.5287066Z [command]/usr/bin/git init /home/runner/work/prismTask/prismTask
2026-05-11T19:59:17.5301559Z hint: Using 'master' as the name for the initial branch. This default branch name
2026-05-11T19:59:17.5303911Z hint: will change to "main" in Git 3.0. To configure the initial branch name
2026-05-11T19:59:17.5306539Z hint: to use in all of your new repositories, which will suppress this warning,
2026-05-11T19:59:17.5308031Z hint: call:
2026-05-11T19:59:17.5308674Z hint:
2026-05-11T19:59:17.5309517Z hint: 	git config --global init.defaultBranch <name>
2026-05-11T19:59:17.5310545Z hint:
2026-05-11T19:59:17.5311928Z hint: Names commonly chosen instead of 'master' are 'main', 'trunk' and
2026-05-11T19:59:17.5314356Z hint: 'development'. The just-created branch can be renamed via this command:
2026-05-11T19:59:17.5316742Z hint:
2026-05-11T19:59:17.5317705Z hint: 	git branch -m <name>
2026-05-11T19:59:17.5318801Z hint:
2026-05-11T19:59:17.5320310Z hint: Disable this message with "git config set advice.defaultBranchName false"
2026-05-11T19:59:17.5322764Z Initialized empty Git repository in /home/runner/work/prismTask/prismTask/.git/
2026-05-11T19:59:17.5325866Z [command]/usr/bin/git remote add origin https://github.com/averycorp/prismTask
2026-05-11T19:59:17.5350046Z ##[endgroup]
2026-05-11T19:59:17.5351870Z ##[group]Disabling automatic garbage collection
2026-05-11T19:59:17.5353995Z [command]/usr/bin/git config --local gc.auto 0
2026-05-11T19:59:17.5383557Z ##[endgroup]
2026-05-11T19:59:17.5385486Z ##[group]Setting up auth
2026-05-11T19:59:17.5386370Z Removing SSH command configuration
2026-05-11T19:59:17.5390986Z [command]/usr/bin/git config --local --name-only --get-regexp core\.sshCommand
2026-05-11T19:59:17.5422559Z [command]/usr/bin/git submodule foreach --recursive sh -c "git config --local --name-only --get-regexp 'core\.sshCommand' && git config --local --unset-all 'core.sshCommand' || :"
2026-05-11T19:59:17.5732232Z Removing HTTP extra header
2026-05-11T19:59:17.5739414Z [command]/usr/bin/git config --local --name-only --get-regexp http\.https\:\/\/github\.com\/\.extraheader
2026-05-11T19:59:17.5776571Z [command]/usr/bin/git submodule foreach --recursive sh -c "git config --local --name-only --get-regexp 'http\.https\:\/\/github\.com\/\.extraheader' && git config --local --unset-all 'http.https://github.com/.extraheader' || :"
2026-05-11T19:59:17.6008558Z Removing includeIf entries pointing to credentials config files
2026-05-11T19:59:17.6014659Z [command]/usr/bin/git config --local --name-only --get-regexp ^includeIf\.gitdir:
2026-05-11T19:59:17.6057078Z [command]/usr/bin/git submodule foreach --recursive git config --local --show-origin --name-only --get-regexp remote.origin.url
2026-05-11T19:59:17.6320756Z [command]/usr/bin/git config --file /home/runner/work/_temp/git-credentials-fc4956a4-425d-4f80-b610-6fad4a010611.config http.https://github.com/.extraheader AUTHORIZATION: basic ***
2026-05-11T19:59:17.6364342Z [command]/usr/bin/git config --local includeIf.gitdir:/home/runner/work/prismTask/prismTask/.git.path /home/runner/work/_temp/git-credentials-fc4956a4-425d-4f80-b610-6fad4a010611.config
2026-05-11T19:59:17.6399391Z [command]/usr/bin/git config --local includeIf.gitdir:/home/runner/work/prismTask/prismTask/.git/worktrees/*.path /home/runner/work/_temp/git-credentials-fc4956a4-425d-4f80-b610-6fad4a010611.config
2026-05-11T19:59:17.6432375Z [command]/usr/bin/git config --local includeIf.gitdir:/github/workspace/.git.path /github/runner_temp/git-credentials-fc4956a4-425d-4f80-b610-6fad4a010611.config
2026-05-11T19:59:17.6468330Z [command]/usr/bin/git config --local includeIf.gitdir:/github/workspace/.git/worktrees/*.path /github/runner_temp/git-credentials-fc4956a4-425d-4f80-b610-6fad4a010611.config
2026-05-11T19:59:17.6499335Z ##[endgroup]
2026-05-11T19:59:17.6501461Z ##[group]Fetching the repository
2026-05-11T19:59:17.6507199Z [command]/usr/bin/git -c protocol.version=2 fetch --no-tags --prune --no-recurse-submodules --depth=1 origin +refs/heads/main:refs/remotes/origin/main
2026-05-11T19:59:19.0952042Z From https://github.com/averycorp/prismTask
2026-05-11T19:59:19.0953320Z  * [new branch]      main       -> origin/main
2026-05-11T19:59:19.0983678Z ##[endgroup]
2026-05-11T19:59:19.0984538Z ##[group]Determining the checkout info
2026-05-11T19:59:19.0985824Z ##[endgroup]
2026-05-11T19:59:19.0991948Z [command]/usr/bin/git sparse-checkout disable
2026-05-11T19:59:19.1031045Z [command]/usr/bin/git config --local --unset-all extensions.worktreeConfig
2026-05-11T19:59:19.1059812Z ##[group]Checking out the ref
2026-05-11T19:59:19.1063298Z [command]/usr/bin/git checkout --progress --force -B main refs/remotes/origin/main
2026-05-11T19:59:19.3946368Z Switched to a new branch 'main'
2026-05-11T19:59:19.3947094Z branch 'main' set up to track 'origin/main'.
2026-05-11T19:59:19.3971223Z ##[endgroup]
2026-05-11T19:59:19.4019745Z [command]/usr/bin/git log -1 --format=%H
2026-05-11T19:59:19.4047147Z e11ccd3ab7969d92d6d7bde3c91165fce70b8abf
2026-05-11T19:59:19.4310207Z Prepare all required actions
2026-05-11T19:59:19.4310681Z Getting action download info
2026-05-11T19:59:19.6198484Z Download action repository 'actions/setup-java@v4' (SHA:c1e323688fd81a25caa38c78aa6df2d33d3e20d9)
2026-05-11T19:59:19.9014856Z Download action repository 'gradle/actions@v4' (SHA:ed408507eac070d1f99cc633dbcf757c94c7933a)
2026-05-11T19:59:20.6612681Z ##[group]Run ./.github/actions/setup-android
2026-05-11T19:59:20.6612991Z env:
2026-05-11T19:59:20.6613198Z   USE_FIREBASE_EMULATOR: true
2026-05-11T19:59:20.6613426Z ##[endgroup]
2026-05-11T19:59:20.6767672Z ##[group]Run actions/setup-java@v4
2026-05-11T19:59:20.6767985Z with:
2026-05-11T19:59:20.6768179Z   java-version: 21
2026-05-11T19:59:20.6768401Z   distribution: temurin
2026-05-11T19:59:20.6768616Z   java-package: jdk
2026-05-11T19:59:20.6768819Z   check-latest: false
2026-05-11T19:59:20.6769048Z   server-id: github
2026-05-11T19:59:20.6769271Z   server-username: GITHUB_ACTOR
2026-05-11T19:59:20.6769615Z   server-password: GITHUB_TOKEN
2026-05-11T19:59:20.6769867Z   overwrite-settings: true
2026-05-11T19:59:20.6770094Z   job-status: success
2026-05-11T19:59:20.6770467Z   token: ***
2026-05-11T19:59:20.6770661Z env:
2026-05-11T19:59:20.6770845Z   USE_FIREBASE_EMULATOR: true
2026-05-11T19:59:20.6771077Z ##[endgroup]
2026-05-11T19:59:20.8771880Z ##[group]Installed distributions
2026-05-11T19:59:20.8825846Z Resolved Java 21.0.10+7 from tool-cache
2026-05-11T19:59:20.8826831Z Setting Java 21.0.10+7 as the default
2026-05-11T19:59:20.8838582Z Creating toolchains.xml for JDK version 21 from temurin
2026-05-11T19:59:20.8914266Z Writing to /home/runner/.m2/toolchains.xml
2026-05-11T19:59:20.8914663Z 
2026-05-11T19:59:20.8914830Z Java configuration:
2026-05-11T19:59:20.8916699Z   Distribution: temurin
2026-05-11T19:59:20.8917037Z   Version: 21.0.10+7
2026-05-11T19:59:20.8917518Z   Path: /opt/hostedtoolcache/Java_Temurin-Hotspot_jdk/21.0.10-7/x64
2026-05-11T19:59:20.8917988Z 
2026-05-11T19:59:20.8918404Z ##[endgroup]
2026-05-11T19:59:20.8936496Z Creating settings.xml with server-id: github
2026-05-11T19:59:20.8936997Z Writing to /home/runner/.m2/settings.xml
2026-05-11T19:59:20.9203090Z ##[group]Run gradle/actions/setup-gradle@v4
2026-05-11T19:59:20.9203386Z with:
2026-05-11T19:59:20.9203582Z   cache-disabled: false
2026-05-11T19:59:20.9203811Z   cache-read-only: false
2026-05-11T19:59:20.9204031Z   cache-write-only: false
2026-05-11T19:59:20.9204274Z   cache-overwrite-existing: false
2026-05-11T19:59:20.9204520Z   cache-cleanup: on-success
2026-05-11T19:59:20.9204800Z   gradle-home-cache-includes: caches
notifications

2026-05-11T19:59:20.9205105Z   add-job-summary: always
2026-05-11T19:59:20.9205622Z   add-job-summary-as-pr-comment: never
2026-05-11T19:59:20.9205898Z   dependency-graph: disabled
2026-05-11T19:59:20.9206203Z   dependency-graph-report-dir: dependency-graph-reports
2026-05-11T19:59:20.9206751Z   dependency-graph-continue-on-failure: true
2026-05-11T19:59:20.9207030Z   build-scan-publish: false
2026-05-11T19:59:20.9207275Z   validate-wrappers: true
2026-05-11T19:59:20.9207510Z   allow-snapshot-wrappers: false
2026-05-11T19:59:20.9207903Z   gradle-home-cache-strict-match: false
2026-05-11T19:59:20.9208249Z   workflow-job-context: null
2026-05-11T19:59:20.9208617Z   github-token: ***
2026-05-11T19:59:20.9208817Z env:
2026-05-11T19:59:20.9209002Z   USE_FIREBASE_EMULATOR: true
2026-05-11T19:59:20.9209339Z   JAVA_HOME: /opt/hostedtoolcache/Java_Temurin-Hotspot_jdk/21.0.10-7/x64
2026-05-11T19:59:20.9209789Z   JAVA_HOME_21_X64: /opt/hostedtoolcache/Java_Temurin-Hotspot_jdk/21.0.10-7/x64
2026-05-11T19:59:20.9210147Z ##[endgroup]
2026-05-11T19:59:21.9098020Z Merged default JDK locations into /home/runner/.m2/toolchains.xml
2026-05-11T19:59:21.9099306Z Preparing cache for cleanup.
2026-05-11T19:59:21.9103709Z ##[group]Restore Gradle state from cache
2026-05-11T19:59:22.0238347Z Cache hit for restore-key: gradle-home-v1|Linux-X64|connected-tests[1e7216165ffdcf45b9a4b7e3077585ac]-87b6946b6b7ea881c996dfa154a615ff4c06f872
2026-05-11T19:59:23.0627002Z Received 201326592 of 626911529 (32.1%), 191.6 MBs/sec
2026-05-11T19:59:24.0572528Z Received 398458880 of 626911529 (63.6%), 189.8 MBs/sec
2026-05-11T19:59:25.0702212Z Received 626911529 of 626911529 (100.0%), 198.3 MBs/sec
2026-05-11T19:59:25.0705932Z Cache Size: ~598 MB (626911529 B)
2026-05-11T19:59:25.0790021Z [command]/usr/bin/tar -xf /home/runner/work/_temp/673b27d5-6d41-4d26-908c-2e2e37b1cbc6/cache.tzst -P -C /home/runner/work/prismTask/prismTask --use-compress-program unzstd
2026-05-11T19:59:26.1319252Z Cache restored successfully
2026-05-11T19:59:26.1641614Z Restored cache entry with key gradle-home-v1|Linux-X64|connected-tests[1e7216165ffdcf45b9a4b7e3077585ac]-e11ccd3ab7969d92d6d7bde3c91165fce70b8abf to /home/runner/.gradle/caches,/home/runner/.gradle/notifications,/home/runner/.gradle/.setup-gradle in 4252ms
2026-05-11T19:59:26.2717649Z Cache hit for: gradle-instrumented-jars-v1-43fecc739ac0b5ce725ed3e20be3d815
2026-05-11T19:59:26.2728978Z Cache hit for: gradle-dependencies-v1-73b48b0ce69b3790c759f7597729a23f
2026-05-11T19:59:26.2734402Z Cache hit for: gradle-generated-gradle-jars-v1-cb4b032a7d08b9bf1e84e9eacaebcc29
2026-05-11T19:59:26.2818241Z Cache hit for: gradle-wrapper-zips-v1-8c0de4c6bda6041d6e054bf825a89c98
2026-05-11T19:59:26.2822725Z Cache hit for: gradle-transforms-v1-d0aad2e38f66c97f9beaf3082bc229ef
2026-05-11T19:59:26.2844615Z Cache hit for: gradle-groovy-dsl-v1-c4856d0e143a5d8e31257f0851b8269b
2026-05-11T19:59:26.2849123Z Cache hit for: gradle-kotlin-dsl-v1-3e37cf0be69a9cd47e5939e3e5bd93a0
2026-05-11T19:59:26.5054527Z Received 64290 of 64290 (100.0%), 0.3 MBs/sec
2026-05-11T19:59:26.5055496Z Cache Size: ~0 MB (64290 B)
2026-05-11T19:59:26.5848252Z Received 111632 of 111632 (100.0%), 0.4 MBs/sec
2026-05-11T19:59:26.5848921Z Cache Size: ~0 MB (111632 B)
2026-05-11T19:59:26.6597023Z Received 263706 of 263706 (100.0%), 1.1 MBs/sec
2026-05-11T19:59:26.6605646Z Cache Size: ~0 MB (263706 B)
2026-05-11T19:59:26.7339156Z [command]/usr/bin/tar -xf /home/runner/work/_temp/ee63772b-dc22-4b55-a950-1b8a750d45b5/cache.tzst -P -C /home/runner/work/prismTask/prismTask --use-compress-program unzstd
2026-05-11T19:59:26.7676249Z Cache restored successfully
2026-05-11T19:59:26.7725773Z Restored cache entry with key gradle-instrumented-jars-v1-43fecc739ac0b5ce725ed3e20be3d815 to /home/runner/.gradle/caches/jars-*/*/ in 606ms
2026-05-11T19:59:26.8132077Z [command]/usr/bin/tar -xf /home/runner/work/_temp/6af913ee-c38c-47d0-984c-ade9e0c98cb3/cache.tzst -P -C /home/runner/work/prismTask/prismTask --use-compress-program unzstd
2026-05-11T19:59:26.8814168Z Cache restored successfully
2026-05-11T19:59:26.8822174Z Restored cache entry with key gradle-groovy-dsl-v1-c4856d0e143a5d8e31257f0851b8269b to /home/runner/.gradle/caches/*/groovy-dsl/*/ in 715ms
2026-05-11T19:59:26.9258624Z [command]/usr/bin/tar -xf /home/runner/work/_temp/9704cd26-7937-4410-bc58-c8a352daf8e7/cache.tzst -P -C /home/runner/work/prismTask/prismTask --use-compress-program unzstd
2026-05-11T19:59:27.0446523Z Cache restored successfully
2026-05-11T19:59:27.0595487Z Restored cache entry with key gradle-kotlin-dsl-v1-3e37cf0be69a9cd47e5939e3e5bd93a0 to /home/runner/.gradle/caches/*/kotlin-dsl/accessors/*/,/home/runner/.gradle/caches/*/kotlin-dsl/scripts/*/ in 892ms
2026-05-11T19:59:27.1129837Z Received 41993404 of 41993404 (100.0%), 52.4 MBs/sec
2026-05-11T19:59:27.1130422Z Cache Size: ~40 MB (41993404 B)
2026-05-11T19:59:27.2613890Z [command]/usr/bin/tar -xf /home/runner/work/_temp/2b51e4b6-4f7a-4e66-9c3b-ff5188651944/cache.tzst -P -C /home/runner/work/prismTask/prismTask --use-compress-program unzstd
2026-05-11T19:59:27.3326788Z Received 113246208 of 136352669 (83.1%), 106.7 MBs/sec
2026-05-11T19:59:27.3706820Z Received 41943040 of 471311588 (8.9%), 40.0 MBs/sec
2026-05-11T19:59:27.3972071Z Received 46137344 of 277442591 (16.6%), 44.0 MBs/sec
2026-05-11T19:59:27.5664344Z Received 136352669 of 136352669 (100.0%), 104.4 MBs/sec
2026-05-11T19:59:27.5677026Z Cache Size: ~130 MB (136352669 B)
2026-05-11T19:59:27.5838893Z [command]/usr/bin/tar -xf /home/runner/work/_temp/987ade74-8cbe-4bf0-8aa7-4254e255ff47/cache.tzst -P -C /home/runner/work/prismTask/prismTask --use-compress-program unzstd
2026-05-11T19:59:27.6424699Z Cache restored successfully
2026-05-11T19:59:27.6611093Z Restored cache entry with key gradle-generated-gradle-jars-v1-cb4b032a7d08b9bf1e84e9eacaebcc29 to /home/runner/.gradle/caches/9.3.1/generated-gradle-jars/gradle-api-9.3.1.jar in 1495ms
2026-05-11T19:59:27.8631978Z Cache restored successfully
2026-05-11T19:59:27.8713189Z Restored cache entry with key gradle-wrapper-zips-v1-8c0de4c6bda6041d6e054bf825a89c98 to /home/runner/.gradle/wrapper/dists/gradle-9.3.1-bin/23ovyewtku6u96viwx3xl3oks in 1705ms
2026-05-11T19:59:28.3745577Z Received 239075328 of 471311588 (50.7%), 113.7 MBs/sec
2026-05-11T19:59:28.4006742Z Received 230686720 of 277442591 (83.1%), 109.8 MBs/sec
2026-05-11T19:59:28.7038665Z Received 277442591 of 277442591 (100.0%), 114.7 MBs/sec
2026-05-11T19:59:28.7041467Z Cache Size: ~265 MB (277442591 B)
2026-05-11T19:59:28.7099028Z [command]/usr/bin/tar -xf /home/runner/work/_temp/a70352bf-c454-4d0e-831d-695a4e345e0c/cache.tzst -P -C /home/runner/work/prismTask/prismTask --use-compress-program unzstd
2026-05-11T19:59:29.3107052Z Received 471311588 of 471311588 (100.0%), 152.8 MBs/sec
2026-05-11T19:59:29.3178378Z Cache Size: ~449 MB (471311588 B)
2026-05-11T19:59:29.3317943Z [command]/usr/bin/tar -xf /home/runner/work/_temp/963a29b4-8839-4c9f-8bc0-85e01e92b6cb/cache.tzst -P -C /home/runner/work/prismTask/prismTask --use-compress-program unzstd
2026-05-11T19:59:31.0422873Z Cache restored successfully
2026-05-11T19:59:31.2533974Z Restored cache entry with key gradle-dependencies-v1-73b48b0ce69b3790c759f7597729a23f to /home/runner/.gradle/caches/modules-*/files-*/*/*/*/* in 5087ms
2026-05-11T19:59:32.7307399Z Cache restored successfully
2026-05-11T19:59:32.7450474Z Restored cache entry with key gradle-transforms-v1-d0aad2e38f66c97f9beaf3082bc229ef to /home/runner/.gradle/caches/transforms-4/*/,/home/runner/.gradle/caches/*/transforms/*/ in 6577ms
2026-05-11T19:59:32.7572669Z ##[endgroup]
2026-05-11T19:59:33.0331336Z ##[group]All Gradle Wrapper jars are valid
2026-05-11T19:59:33.0332823Z ✓ Found known Gradle Wrapper JAR files:
2026-05-11T19:59:33.0333837Z   b3a875ddc1f044746e1b1a55f645584505f4a10438c1afea9f15e92a7c42ec13 gradle/wrapper/gradle-wrapper.jar
2026-05-11T19:59:33.0335101Z ##[endgroup]
2026-05-11T19:59:33.0553276Z ##[group]Run chmod +x gradlew
2026-05-11T19:59:33.0553696Z [36;1mchmod +x gradlew[0m
2026-05-11T19:59:33.0581041Z shell: /usr/bin/bash --noprofile --norc -e -o pipefail {0}
2026-05-11T19:59:33.0581453Z env:
2026-05-11T19:59:33.0581708Z   USE_FIREBASE_EMULATOR: true
2026-05-11T19:59:33.0582131Z   JAVA_HOME: /opt/hostedtoolcache/Java_Temurin-Hotspot_jdk/21.0.10-7/x64
2026-05-11T19:59:33.0582680Z   JAVA_HOME_21_X64: /opt/hostedtoolcache/Java_Temurin-Hotspot_jdk/21.0.10-7/x64
2026-05-11T19:59:33.0583392Z   GRADLE_ACTION_ID: gradle/actions/setup-gradle
2026-05-11T19:59:33.0583742Z   GRADLE_USER_HOME: /home/runner/.gradle
2026-05-11T19:59:33.0584089Z   GRADLE_BUILD_ACTION_SETUP_COMPLETED: true
2026-05-11T19:59:33.0584435Z   GRADLE_BUILD_ACTION_CACHE_RESTORED: true
2026-05-11T19:59:33.0584917Z   DEVELOCITY_INJECTION_INIT_SCRIPT_NAME: gradle-actions.inject-develocity.init.gradle
2026-05-11T19:59:33.0585815Z   DEVELOCITY_INJECTION_CUSTOM_VALUE: gradle-actions
2026-05-11T19:59:33.0586190Z   GITHUB_DEPENDENCY_GRAPH_ENABLED: false
2026-05-11T19:59:33.0586509Z ##[endgroup]
2026-05-11T19:59:33.3942208Z ##[group]Run actions/cache@v5
2026-05-11T19:59:33.3942551Z with:
2026-05-11T19:59:33.3942796Z   path: app/build
2026-05-11T19:59:33.3943261Z   key: app-build-Linux-1b3cd0d164f618580e6fec5b07da1ce81144428efbbf86f44b64544b9cff5b78
2026-05-11T19:59:33.3943804Z   restore-keys: app-build-Linux-

2026-05-11T19:59:33.3944135Z   enableCrossOsArchive: false
2026-05-11T19:59:33.3944436Z   fail-on-cache-miss: false
2026-05-11T19:59:33.3944753Z   lookup-only: false
2026-05-11T19:59:33.3945011Z   save-always: false
2026-05-11T19:59:33.3945517Z env:
2026-05-11T19:59:33.3945893Z   USE_FIREBASE_EMULATOR: true
2026-05-11T19:59:33.3946322Z   JAVA_HOME: /opt/hostedtoolcache/Java_Temurin-Hotspot_jdk/21.0.10-7/x64
2026-05-11T19:59:33.3946872Z   JAVA_HOME_21_X64: /opt/hostedtoolcache/Java_Temurin-Hotspot_jdk/21.0.10-7/x64
2026-05-11T19:59:33.3947342Z   GRADLE_ACTION_ID: gradle/actions/setup-gradle
2026-05-11T19:59:33.3947701Z   GRADLE_USER_HOME: /home/runner/.gradle
2026-05-11T19:59:33.3948116Z   GRADLE_BUILD_ACTION_SETUP_COMPLETED: true
2026-05-11T19:59:33.3948458Z   GRADLE_BUILD_ACTION_CACHE_RESTORED: true
2026-05-11T19:59:33.3948948Z   DEVELOCITY_INJECTION_INIT_SCRIPT_NAME: gradle-actions.inject-develocity.init.gradle
2026-05-11T19:59:33.3949470Z   DEVELOCITY_INJECTION_CUSTOM_VALUE: gradle-actions
2026-05-11T19:59:33.3949836Z   GITHUB_DEPENDENCY_GRAPH_ENABLED: false
2026-05-11T19:59:33.3950150Z ##[endgroup]
2026-05-11T19:59:33.6179057Z Cache hit for restore-key: app-build-Linux-bc06225fc01f5a29141e3e92f48f8228ae5aaa96bccaac2ffc1f921d367f7f35
2026-05-11T19:59:34.6995432Z Received 183557001 of 183557001 (100.0%), 174.9 MBs/sec
2026-05-11T19:59:34.6996100Z Cache Size: ~175 MB (183557001 B)
2026-05-11T19:59:34.7107850Z [command]/usr/bin/tar -xf /home/runner/work/_temp/d40290a5-70f2-478f-bf85-56eeccba2681/cache.tzst -P -C /home/runner/work/prismTask/prismTask --use-compress-program unzstd
2026-05-11T19:59:36.9187883Z Cache restored successfully
2026-05-11T19:59:36.9567192Z Cache restored from key: app-build-Linux-bc06225fc01f5a29141e3e92f48f8228ae5aaa96bccaac2ffc1f921d367f7f35
2026-05-11T19:59:36.9777126Z ##[group]Run actions/setup-node@v6
2026-05-11T19:59:36.9777666Z with:
2026-05-11T19:59:36.9778023Z   node-version: 20
2026-05-11T19:59:36.9778441Z   check-latest: false
2026-05-11T19:59:36.9779047Z   token: ***
2026-05-11T19:59:36.9779461Z   package-manager-cache: true
2026-05-11T19:59:36.9779922Z env:
2026-05-11T19:59:36.9780287Z   USE_FIREBASE_EMULATOR: true
2026-05-11T19:59:36.9780942Z   JAVA_HOME: /opt/hostedtoolcache/Java_Temurin-Hotspot_jdk/21.0.10-7/x64
2026-05-11T19:59:36.9781852Z   JAVA_HOME_21_X64: /opt/hostedtoolcache/Java_Temurin-Hotspot_jdk/21.0.10-7/x64
2026-05-11T19:59:36.9782616Z   GRADLE_ACTION_ID: gradle/actions/setup-gradle
2026-05-11T19:59:36.9783190Z   GRADLE_USER_HOME: /home/runner/.gradle
2026-05-11T19:59:36.9783730Z   GRADLE_BUILD_ACTION_SETUP_COMPLETED: true
2026-05-11T19:59:36.9784281Z   GRADLE_BUILD_ACTION_CACHE_RESTORED: true
2026-05-11T19:59:36.9785075Z   DEVELOCITY_INJECTION_INIT_SCRIPT_NAME: gradle-actions.inject-develocity.init.gradle
2026-05-11T19:59:36.9786176Z   DEVELOCITY_INJECTION_CUSTOM_VALUE: gradle-actions
2026-05-11T19:59:36.9786790Z   GITHUB_DEPENDENCY_GRAPH_ENABLED: false
2026-05-11T19:59:36.9787298Z ##[endgroup]
2026-05-11T19:59:37.1387681Z Found in cache @ /opt/hostedtoolcache/node/20.20.2/x64
2026-05-11T19:59:37.1391285Z ##[group]Environment details
2026-05-11T19:59:37.4297965Z node: v20.20.2
2026-05-11T19:59:37.4298744Z npm: 10.8.2
2026-05-11T19:59:37.4299101Z yarn: 1.22.22
2026-05-11T19:59:37.4299864Z ##[endgroup]
2026-05-11T19:59:37.4461213Z ##[group]Run actions/cache@v5
2026-05-11T19:59:37.4461552Z with:
2026-05-11T19:59:37.4461964Z   path: ~/.npm
/usr/local/lib/node_modules/firebase-tools
/usr/local/bin/firebase

2026-05-11T19:59:37.4462443Z   key: firebase-tools-Linux-v15
2026-05-11T19:59:37.4462765Z   enableCrossOsArchive: false
2026-05-11T19:59:37.4463076Z   fail-on-cache-miss: false
2026-05-11T19:59:37.4463367Z   lookup-only: false
2026-05-11T19:59:37.4463642Z   save-always: false
2026-05-11T19:59:37.4463897Z env:
2026-05-11T19:59:37.4464149Z   USE_FIREBASE_EMULATOR: true
2026-05-11T19:59:37.4464561Z   JAVA_HOME: /opt/hostedtoolcache/Java_Temurin-Hotspot_jdk/21.0.10-7/x64
2026-05-11T19:59:37.4465108Z   JAVA_HOME_21_X64: /opt/hostedtoolcache/Java_Temurin-Hotspot_jdk/21.0.10-7/x64
2026-05-11T19:59:37.4465901Z   GRADLE_ACTION_ID: gradle/actions/setup-gradle
2026-05-11T19:59:37.4466280Z   GRADLE_USER_HOME: /home/runner/.gradle
2026-05-11T19:59:37.4466637Z   GRADLE_BUILD_ACTION_SETUP_COMPLETED: true
2026-05-11T19:59:37.4467036Z   GRADLE_BUILD_ACTION_CACHE_RESTORED: true
2026-05-11T19:59:37.4467541Z   DEVELOCITY_INJECTION_INIT_SCRIPT_NAME: gradle-actions.inject-develocity.init.gradle
2026-05-11T19:59:37.4468071Z   DEVELOCITY_INJECTION_CUSTOM_VALUE: gradle-actions
2026-05-11T19:59:37.4468446Z   GITHUB_DEPENDENCY_GRAPH_ENABLED: false
2026-05-11T19:59:37.4468781Z ##[endgroup]
2026-05-11T19:59:37.6483888Z Cache hit for: firebase-tools-Linux-v15
2026-05-11T19:59:38.1419550Z Received 70532888 of 70532888 (100.0%), 155.0 MBs/sec
2026-05-11T19:59:38.1420334Z Cache Size: ~67 MB (70532888 B)
2026-05-11T19:59:38.1449644Z [command]/usr/bin/tar -xf /home/runner/work/_temp/4d785ad8-11fb-4673-8b7b-a4e3105d4d72/cache.tzst -P -C /home/runner/work/prismTask/prismTask --use-compress-program unzstd
2026-05-11T19:59:38.5604490Z Cache restored successfully
2026-05-11T19:59:38.5719763Z Cache restored from key: firebase-tools-Linux-v15
2026-05-11T19:59:38.5878043Z ##[group]Run if ! command -v firebase &> /dev/null; then
2026-05-11T19:59:38.5878588Z [36;1mif ! command -v firebase &> /dev/null; then[0m
2026-05-11T19:59:38.5879000Z [36;1m  npm install -g firebase-tools@15[0m
2026-05-11T19:59:38.5879359Z [36;1mfi[0m
2026-05-11T19:59:38.5908085Z shell: /usr/bin/bash -e {0}
2026-05-11T19:59:38.5908411Z env:
2026-05-11T19:59:38.5908677Z   USE_FIREBASE_EMULATOR: true
2026-05-11T19:59:38.5909117Z   JAVA_HOME: /opt/hostedtoolcache/Java_Temurin-Hotspot_jdk/21.0.10-7/x64
2026-05-11T19:59:38.5909691Z   JAVA_HOME_21_X64: /opt/hostedtoolcache/Java_Temurin-Hotspot_jdk/21.0.10-7/x64
2026-05-11T19:59:38.5910171Z   GRADLE_ACTION_ID: gradle/actions/setup-gradle
2026-05-11T19:59:38.5910540Z   GRADLE_USER_HOME: /home/runner/.gradle
2026-05-11T19:59:38.5910889Z   GRADLE_BUILD_ACTION_SETUP_COMPLETED: true
2026-05-11T19:59:38.5911240Z   GRADLE_BUILD_ACTION_CACHE_RESTORED: true
2026-05-11T19:59:38.5911783Z   DEVELOCITY_INJECTION_INIT_SCRIPT_NAME: gradle-actions.inject-develocity.init.gradle
2026-05-11T19:59:38.5912331Z   DEVELOCITY_INJECTION_CUSTOM_VALUE: gradle-actions
2026-05-11T19:59:38.5912711Z   GITHUB_DEPENDENCY_GRAPH_ENABLED: false
2026-05-11T19:59:38.5913041Z ##[endgroup]
2026-05-11T19:59:53.8314330Z npm warn deprecated node-domexception@1.0.0: Use your platform's native DOMException instead
2026-05-11T19:59:54.0656825Z npm warn deprecated uuid@8.3.2: uuid@10 and below is no longer supported.  For ESM codebases, update to uuid@latest.  For CommonJS codebases, use uuid@11 (but be aware this version will likely be deprecated in 2028).
2026-05-11T19:59:54.0902290Z npm warn deprecated uuid@9.0.1: uuid@10 and below is no longer supported.  For ESM codebases, update to uuid@latest.  For CommonJS codebases, use uuid@11 (but be aware this version will likely be deprecated in 2028).
2026-05-11T19:59:54.1572353Z npm warn deprecated glob@10.5.0: Old versions of glob are not supported, and contain widely publicized security vulnerabilities, which have been fixed in the current version. Please update. Support for old versions may be purchased (at exorbitant rates) by contacting i@izs.me
2026-05-11T19:59:54.1793853Z npm warn deprecated json-ptr@3.1.1: Package no longer supported. Contact Support at https://www.npmjs.com/support for more info.
2026-05-11T19:59:56.7390765Z 
2026-05-11T19:59:56.7392793Z added 703 packages in 18s
2026-05-11T19:59:56.7393138Z 
2026-05-11T19:59:56.7393361Z 90 packages are looking for funding
2026-05-11T19:59:56.7393751Z   run `npm fund` for details
2026-05-11T19:59:56.7917979Z ##[group]Run firebase --version
2026-05-11T19:59:56.7918590Z [36;1mfirebase --version[0m
2026-05-11T19:59:56.7954693Z shell: /usr/bin/bash -e {0}
2026-05-11T19:59:56.7955046Z env:
2026-05-11T19:59:56.7955514Z   USE_FIREBASE_EMULATOR: true
2026-05-11T19:59:56.7955955Z   JAVA_HOME: /opt/hostedtoolcache/Java_Temurin-Hotspot_jdk/21.0.10-7/x64
2026-05-11T19:59:56.7956522Z   JAVA_HOME_21_X64: /opt/hostedtoolcache/Java_Temurin-Hotspot_jdk/21.0.10-7/x64
2026-05-11T19:59:56.7957033Z   GRADLE_ACTION_ID: gradle/actions/setup-gradle
2026-05-11T19:59:56.7957402Z   GRADLE_USER_HOME: /home/runner/.gradle
2026-05-11T19:59:56.7957751Z   GRADLE_BUILD_ACTION_SETUP_COMPLETED: true
2026-05-11T19:59:56.7958103Z   GRADLE_BUILD_ACTION_CACHE_RESTORED: true
2026-05-11T19:59:56.7958596Z   DEVELOCITY_INJECTION_INIT_SCRIPT_NAME: gradle-actions.inject-develocity.init.gradle
2026-05-11T19:59:56.7959137Z   DEVELOCITY_INJECTION_CUSTOM_VALUE: gradle-actions
2026-05-11T19:59:56.7959717Z   GITHUB_DEPENDENCY_GRAPH_ENABLED: false
2026-05-11T19:59:56.7960198Z ##[endgroup]
2026-05-11T19:59:57.2601089Z 15.17.0
2026-05-11T19:59:57.3261519Z ##[group]Run set -euo pipefail
2026-05-11T19:59:57.3261909Z [36;1mset -euo pipefail[0m
2026-05-11T19:59:57.3262220Z [36;1mfirebase emulators:start \[0m
2026-05-11T19:59:57.3262567Z [36;1m  --only firestore,auth \[0m
2026-05-11T19:59:57.3262901Z [36;1m  --project demo-prismtask \[0m
2026-05-11T19:59:57.3263297Z [36;1m  > "$RUNNER_TEMP/firebase-emulators.log" 2>&1 &[0m
2026-05-11T19:59:57.3263793Z [36;1mecho "FIREBASE_EMULATORS_PID=$!" >> "$GITHUB_ENV"[0m
2026-05-11T19:59:57.3264217Z [36;1mecho "Waiting for emulator ports to open..."[0m
2026-05-11T19:59:57.3264583Z [36;1mfor port in 8080 9099; do[0m
2026-05-11T19:59:57.3264919Z [36;1m  timeout 120 bash -c \[0m
2026-05-11T19:59:57.3265623Z [36;1m    "until (echo > /dev/tcp/127.0.0.1/$port) 2>/dev/null; do sleep 1; done" || {[0m
2026-05-11T19:59:57.3266235Z [36;1m      echo "::error::Firebase emulator port $port did not become ready in time"[0m
2026-05-11T19:59:57.3266837Z [36;1m      cat "$RUNNER_TEMP/firebase-emulators.log" || true[0m
2026-05-11T19:59:57.3267245Z [36;1m      exit 1[0m
2026-05-11T19:59:57.3267543Z [36;1m    }[0m
2026-05-11T19:59:57.3267823Z [36;1mdone[0m
2026-05-11T19:59:57.3268204Z [36;1mecho "Firebase emulators ready (firestore=8080, auth=9099)"[0m
2026-05-11T19:59:57.3292331Z shell: /usr/bin/bash -e {0}
2026-05-11T19:59:57.3292646Z env:
2026-05-11T19:59:57.3292918Z   USE_FIREBASE_EMULATOR: true
2026-05-11T19:59:57.3293353Z   JAVA_HOME: /opt/hostedtoolcache/Java_Temurin-Hotspot_jdk/21.0.10-7/x64
2026-05-11T19:59:57.3293899Z   JAVA_HOME_21_X64: /opt/hostedtoolcache/Java_Temurin-Hotspot_jdk/21.0.10-7/x64
2026-05-11T19:59:57.3294374Z   GRADLE_ACTION_ID: gradle/actions/setup-gradle
2026-05-11T19:59:57.3294742Z   GRADLE_USER_HOME: /home/runner/.gradle
2026-05-11T19:59:57.3295087Z   GRADLE_BUILD_ACTION_SETUP_COMPLETED: true
2026-05-11T19:59:57.3295640Z   GRADLE_BUILD_ACTION_CACHE_RESTORED: true
2026-05-11T19:59:57.3296150Z   DEVELOCITY_INJECTION_INIT_SCRIPT_NAME: gradle-actions.inject-develocity.init.gradle
2026-05-11T19:59:57.3296689Z   DEVELOCITY_INJECTION_CUSTOM_VALUE: gradle-actions
2026-05-11T19:59:57.3297067Z   GITHUB_DEPENDENCY_GRAPH_ENABLED: false
2026-05-11T19:59:57.3297400Z ##[endgroup]
2026-05-11T19:59:57.3349150Z Waiting for emulator ports to open...
2026-05-11T20:00:09.3762255Z Firebase emulators ready (firestore=8080, auth=9099)
2026-05-11T20:00:09.3793088Z ##[group]Run echo 'KERNEL=="kvm", GROUP="kvm", MODE="0666", OPTIONS+="static_node=kvm"' \
2026-05-11T20:00:09.3793913Z [36;1mecho 'KERNEL=="kvm", GROUP="kvm", MODE="0666", OPTIONS+="static_node=kvm"' \[0m
2026-05-11T20:00:09.3794417Z [36;1m  | sudo tee /etc/udev/rules.d/99-kvm4all.rules[0m
2026-05-11T20:00:09.3794820Z [36;1msudo udevadm control --reload-rules[0m
2026-05-11T20:00:09.3795439Z [36;1msudo udevadm trigger --name-match=kvm[0m
2026-05-11T20:00:09.3818977Z shell: /usr/bin/bash -e {0}
2026-05-11T20:00:09.3819293Z env:
2026-05-11T20:00:09.3819556Z   USE_FIREBASE_EMULATOR: true
2026-05-11T20:00:09.3819990Z   JAVA_HOME: /opt/hostedtoolcache/Java_Temurin-Hotspot_jdk/21.0.10-7/x64
2026-05-11T20:00:09.3820551Z   JAVA_HOME_21_X64: /opt/hostedtoolcache/Java_Temurin-Hotspot_jdk/21.0.10-7/x64
2026-05-11T20:00:09.3821033Z   GRADLE_ACTION_ID: gradle/actions/setup-gradle
2026-05-11T20:00:09.3821403Z   GRADLE_USER_HOME: /home/runner/.gradle
2026-05-11T20:00:09.3821804Z   GRADLE_BUILD_ACTION_SETUP_COMPLETED: true
2026-05-11T20:00:09.3822173Z   GRADLE_BUILD_ACTION_CACHE_RESTORED: true
2026-05-11T20:00:09.3822670Z   DEVELOCITY_INJECTION_INIT_SCRIPT_NAME: gradle-actions.inject-develocity.init.gradle
2026-05-11T20:00:09.3823196Z   DEVELOCITY_INJECTION_CUSTOM_VALUE: gradle-actions
2026-05-11T20:00:09.3823570Z   GITHUB_DEPENDENCY_GRAPH_ENABLED: false
2026-05-11T20:00:09.3823906Z   FIREBASE_EMULATORS_PID: 2545
2026-05-11T20:00:09.3824210Z ##[endgroup]
2026-05-11T20:00:09.3950848Z KERNEL=="kvm", GROUP="kvm", MODE="0666", OPTIONS+="static_node=kvm"
2026-05-11T20:00:09.4407273Z ##[group]Run reactivecircus/android-emulator-runner@v2
2026-05-11T20:00:09.4407847Z with:
2026-05-11T20:00:09.4408328Z   api-level: 34
2026-05-11T20:00:09.4408798Z   target: google_apis
2026-05-11T20:00:09.4409269Z   arch: x86_64
2026-05-11T20:00:09.4409712Z   profile: pixel_6
2026-05-11T20:00:09.4410206Z   emulator-boot-timeout: 1200
2026-05-11T20:00:09.4412176Z   script: adb devices
adb shell settings put global window_animation_scale 0
adb shell settings put global transition_animation_scale 0
adb shell settings put global animator_duration_scale 0
# AVD already reaches the host emulators via 10.0.2.2 (hard-
# coded in PrismTaskApplication.configureFirebaseEmulator),
# so no `adb reverse` is needed. Confirm by pinging the
# emulator UI from inside the AVD.
adb shell "ping -c 1 10.0.2.2 || true"
./gradlew connectedDebugAndroidTest --no-daemon --continue

2026-05-11T20:00:09.4414182Z   cores: 2
2026-05-11T20:00:09.4414620Z   avd-name: test
2026-05-11T20:00:09.4415336Z   force-avd-creation: true
2026-05-11T20:00:09.4415856Z   emulator-port: 5554
2026-05-11T20:00:09.4416529Z   emulator-options: -no-window -gpu swiftshader_indirect -no-snapshot -noaudio -no-boot-anim
2026-05-11T20:00:09.4417216Z   disable-animations: true
2026-05-11T20:00:09.4417723Z   disable-spellchecker: false
2026-05-11T20:00:09.4418186Z   disable-linux-hw-accel: auto
2026-05-11T20:00:09.4418697Z   enable-hw-keyboard: false
2026-05-11T20:00:09.4419172Z   channel: stable
2026-05-11T20:00:09.4419630Z env:
2026-05-11T20:00:09.4420031Z   USE_FIREBASE_EMULATOR: true
2026-05-11T20:00:09.4420643Z   JAVA_HOME: /opt/hostedtoolcache/Java_Temurin-Hotspot_jdk/21.0.10-7/x64
2026-05-11T20:00:09.4421375Z   JAVA_HOME_21_X64: /opt/hostedtoolcache/Java_Temurin-Hotspot_jdk/21.0.10-7/x64
2026-05-11T20:00:09.4422051Z   GRADLE_ACTION_ID: gradle/actions/setup-gradle
2026-05-11T20:00:09.4422566Z   GRADLE_USER_HOME: /home/runner/.gradle
2026-05-11T20:00:09.4423107Z   GRADLE_BUILD_ACTION_SETUP_COMPLETED: true
2026-05-11T20:00:09.4423652Z   GRADLE_BUILD_ACTION_CACHE_RESTORED: true
2026-05-11T20:00:09.4424354Z   DEVELOCITY_INJECTION_INIT_SCRIPT_NAME: gradle-actions.inject-develocity.init.gradle
2026-05-11T20:00:09.4425034Z   DEVELOCITY_INJECTION_CUSTOM_VALUE: gradle-actions
2026-05-11T20:00:09.4425796Z   GITHUB_DEPENDENCY_GRAPH_ENABLED: false
2026-05-11T20:00:09.4426339Z   FIREBASE_EMULATORS_PID: 2545
2026-05-11T20:00:09.4427005Z ##[endgroup]
2026-05-11T20:00:09.5023186Z ##[group]Configure emulator
2026-05-11T20:00:09.5025668Z API level: 34
2026-05-11T20:00:09.5026391Z System image API level: 34
2026-05-11T20:00:09.5026960Z target: google_apis
2026-05-11T20:00:09.5027483Z CPU architecture: x86_64
2026-05-11T20:00:09.5028050Z Hardware profile: pixel_6
2026-05-11T20:00:09.5028508Z Cores: 2
2026-05-11T20:00:09.5028881Z RAM size: 
2026-05-11T20:00:09.5030372Z Heap size: 
2026-05-11T20:00:09.5031244Z SD card path or size: 
2026-05-11T20:00:09.5031839Z Disk size: 
2026-05-11T20:00:09.5032211Z AVD name: test
2026-05-11T20:00:09.5032661Z force avd creation: true
2026-05-11T20:00:09.5033422Z Emulator boot timeout: 1200
2026-05-11T20:00:09.5033942Z emulator port: 5554
2026-05-11T20:00:09.5034833Z emulator options: -no-window -gpu swiftshader_indirect -no-snapshot -noaudio -no-boot-anim
2026-05-11T20:00:09.5035812Z disable animations: true
2026-05-11T20:00:09.5036142Z disable spellchecker: false
2026-05-11T20:00:09.5036555Z disable Linux hardware acceleration: false
2026-05-11T20:00:09.5036965Z enable hardware keyboard: false
2026-05-11T20:00:09.5037481Z Channel: 0 (stable)
2026-05-11T20:00:09.5037869Z Script:
2026-05-11T20:00:09.5038220Z adb devices
2026-05-11T20:00:09.5038784Z adb shell settings put global window_animation_scale 0
2026-05-11T20:00:09.5039517Z adb shell settings put global transition_animation_scale 0
2026-05-11T20:00:09.5040019Z adb shell settings put global animator_duration_scale 0
2026-05-11T20:00:09.5040666Z adb shell "ping -c 1 10.0.2.2 || true"
2026-05-11T20:00:09.5041349Z ./gradlew connectedDebugAndroidTest --no-daemon --continue
2026-05-11T20:00:09.5042087Z Pre emulator launch script:
2026-05-11T20:00:09.5042711Z ##[endgroup]
2026-05-11T20:00:09.5043152Z ##[group]Install Android SDK
2026-05-11T20:00:09.5310104Z [command]/usr/bin/sh -c \yes | sdkmanager --licenses > /dev/null
2026-05-11T20:00:15.7431770Z Installing latest build tools, platform tools, and platform.
2026-05-11T20:00:15.7446459Z [command]/usr/bin/sh -c \sdkmanager --install 'build-tools;36.0.0' platform-tools 'platforms;android-34'> /dev/null
2026-05-11T20:00:17.1260347Z Installing latest emulator.
2026-05-11T20:00:17.1274699Z [command]/usr/bin/sh -c \sdkmanager --install emulator --channel=0 > /dev/null
2026-05-11T20:00:25.6763632Z Installing system images.
2026-05-11T20:00:25.6779725Z [command]/usr/bin/sh -c \sdkmanager --install 'system-images;android-34;google_apis;x86_64' --channel=0 > /dev/null
2026-05-11T20:00:53.7677242Z ##[endgroup]
2026-05-11T20:00:53.7678910Z ##[group]Create AVD
2026-05-11T20:00:53.7679794Z Creating AVD.
2026-05-11T20:00:53.7696190Z [command]/usr/bin/sh -c \echo no | avdmanager create avd --force -n test --package 'system-images;android-34;google_apis;x86_64' --device 'pixel_6'
2026-05-11T20:00:54.5142230Z Loading local repository...                                                     
2026-05-11T20:00:54.5143483Z [=========                              ] 25% Loading local repository...       
2026-05-11T20:00:54.5144624Z [=========                              ] 25% Fetch remote repository...        
2026-05-11T20:00:54.5146041Z [=======================================] 100% Fetch remote repository...       
2026-05-11T20:00:54.6830178Z Auto-selecting single ABI x86_64
2026-05-11T20:00:55.1245861Z [command]/usr/bin/sh -c \printf 'hw.cpu.ncore=2\n' >> /home/runner/.android/avd/test.avd/config.ini
2026-05-11T20:00:55.1269173Z ##[endgroup]
2026-05-11T20:00:55.1271442Z ##[group]Launch Emulator
2026-05-11T20:00:55.1271865Z Starting emulator.
2026-05-11T20:00:55.1285781Z [command]/usr/bin/sh -c \/usr/local/lib/android/sdk/emulator/emulator -port 5554 -avd test -no-window -gpu swiftshader_indirect -no-snapshot -noaudio -no-boot-anim &
2026-05-11T20:00:55.1442853Z INFO         | Android emulator version 36.5.11.0 (build_id 15261927) (CL:N/A)
2026-05-11T20:00:55.1443690Z INFO         | Graphics backend: gfxstream
2026-05-11T20:00:55.1444729Z INFO         | Found systemPath /usr/local/lib/android/sdk/system-images/android-34/google_apis/x86_64/
2026-05-11T20:00:55.5821083Z INFO         | Increasing RAM size to 2048MB
2026-05-11T20:00:55.5822316Z ##############################################################################
2026-05-11T20:00:55.5823138Z ##                        WARNING - ACTION REQUIRED                         ##
2026-05-11T20:00:55.5824093Z ##  Consider using the '-metrics-collection' flag to help improve the       ##
2026-05-11T20:00:55.5825060Z ##  emulator by sending anonymized usage data. Or use the '-no-metrics'     ##
2026-05-11T20:00:55.5826226Z ##  flag to bypass this warning and turn off the metrics collection.        ##
2026-05-11T20:00:55.5827200Z ##  In a future release this warning will turn into a one-time blocking     ##
2026-05-11T20:00:55.5828148Z ##  prompt to ask for explicit user input regarding metrics collection.     ##
2026-05-11T20:00:55.5828972Z ##                                                                          ##
2026-05-11T20:00:55.5829815Z ##  Please see '-help-metrics-collection' for more details. You can use     ##
2026-05-11T20:00:55.5830960Z ##  '-metrics-to-file' or '-metrics-to-console' flags to see what type of   ##
2026-05-11T20:00:55.5831924Z ##  data is being collected by emulator as part of usage statistics.        ##
2026-05-11T20:00:55.5832772Z ##############################################################################
2026-05-11T20:00:55.5833464Z INFO         | Guest GLES Driver: Auto (ext controls)
2026-05-11T20:00:55.5834424Z INFO         | emuglConfig_init: vulkan_mode_selected:swiftshader gles_mode_selected:swiftshader
2026-05-11T20:00:55.5835485Z INFO         | Checking system compatibility:
2026-05-11T20:00:55.5836379Z INFO         |   Checking: hasSufficientDiskSpace
2026-05-11T20:00:55.5837150Z INFO         |      Ok: Disk space requirements to run avd: `test` are met
2026-05-11T20:00:55.5837852Z INFO         |   Checking: hasSufficientHwGpu
2026-05-11T20:00:55.5838636Z INFO         |      Ok: Hardware GPU compatibility checks are not required
2026-05-11T20:00:55.5839380Z INFO         |   Checking: hasSufficientSystem
2026-05-11T20:00:55.5840089Z INFO         |      Ok: System requirements to run avd: `test` are met
2026-05-11T20:00:55.5840835Z ERROR        | Unable to connect to adb daemon on port: 5037
2026-05-11T20:00:55.5843680Z INFO         | Storing crashdata in: /tmp/android-runner/emu-crash-36.5.11.db, detection is enabled for process: 2967
2026-05-11T20:00:55.5844703Z INFO         | Initializing gfxstream backend
2026-05-11T20:00:55.5852641Z INFO         | android_startOpenglesRenderer: gpu info
2026-05-11T20:00:55.5853379Z INFO         | 
2026-05-11T20:00:55.5855519Z INFO         | initIcdPaths: ICD set to 'swiftshader', using Swiftshader ICD
2026-05-11T20:00:55.5857605Z INFO         | Setting ICD filenames for the loader = /usr/local/lib/android/sdk/emulator/lib64/vulkan/vk_swiftshader_icd.json
2026-05-11T20:00:55.5858750Z INFO         | SharedLibrary::open for [/usr/local/lib/android/sdk/emulator/qemu/linux-x86_64/lib64/vulkan/libvulkan.so]
2026-05-11T20:00:55.5859909Z INFO         | SharedLibrary::open for [/usr/local/lib/android/sdk/emulator/qemu/linux-x86_64/lib64/vulkan/libvulkan.so.1]
2026-05-11T20:00:55.5861319Z INFO         | SharedLibrary::open for [/usr/local/lib/android/sdk/emulator/lib64/vulkan/libvulkan.so]
2026-05-11T20:00:55.5862124Z INFO         | Added library: /usr/local/lib/android/sdk/emulator/lib64/vulkan/libvulkan.so
2026-05-11T20:00:55.5907599Z INFO         | Selecting Vulkan device: SwiftShader Device (Subzero), Version: 1.3.0
2026-05-11T20:00:55.6066330Z INFO         | SharedLibrary::open for [libX11]
2026-05-11T20:00:55.6067214Z WARNING      | Could not open libX11.so, try libX11.so.6
2026-05-11T20:00:55.6067794Z INFO         | SharedLibrary::open for [libX11.so.6]
2026-05-11T20:00:55.6068264Z INFO         | SharedLibrary::open for [libX11-xcb]
2026-05-11T20:00:55.6068763Z WARNING      | Could not open libX11-xcb.so, try libX11-xcb.so.1
2026-05-11T20:00:55.6069266Z INFO         | SharedLibrary::open for [libX11-xcb.so.1]
2026-05-11T20:00:55.6167659Z INFO         | Initializing VkEmulation features:
2026-05-11T20:00:55.6168214Z INFO         |     glInteropSupported: false
2026-05-11T20:00:55.6169042Z INFO         |     useDeferredCommands: true
2026-05-11T20:00:55.6169485Z INFO         |     createResourceWithRequirements: true
2026-05-11T20:00:55.6170134Z INFO         |     useVulkanComposition: false
2026-05-11T20:00:55.6170818Z INFO         |     useVulkanNativeSwapchain: false
2026-05-11T20:00:55.6171480Z INFO         |     enable guestRenderDoc: false
2026-05-11T20:00:55.6172098Z INFO         |     ASTC LDR emulation mode: Gpu
2026-05-11T20:00:55.6172734Z INFO         |     enable ETC2 emulation: true
2026-05-11T20:00:55.6173369Z INFO         |     enable Ycbcr emulation: false
2026-05-11T20:00:55.6174007Z INFO         |     guestVulkanOnly: false
2026-05-11T20:00:55.6174713Z INFO         |     useDedicatedAllocations: false
2026-05-11T20:00:55.6175671Z INFO         |     guestVulkanMaxApiVersion: 1.3.0
2026-05-11T20:00:55.6176501Z INFO         | Graphics Adapter Vendor Google (Google Inc.)
2026-05-11T20:00:55.6177591Z INFO         | Graphics Adapter Android Emulator OpenGL ES Translator (Google SwiftShader)
2026-05-11T20:00:55.6178809Z INFO         | Graphics API Version OpenGL ES 3.0 (OpenGL ES 3.0 SwiftShader 4.0.0.1)
2026-05-11T20:00:55.6182678Z INFO         | Graphics API Extensions GL_OES_EGL_sync GL_OES_EGL_image GL_OES_EGL_image_external GL_OES_depth24 GL_OES_depth32 GL_OES_element_index_uint GL_OES_texture_float GL_OES_texture_float_linear GL_OES_compressed_paletted_texture GL_OES_compressed_ETC1_RGB8_texture GL_OES_depth_texture GL_OES_texture_half_float GL_OES_texture_half_float_linear GL_OES_packed_depth_stencil GL_OES_vertex_half_float GL_OES_standard_derivatives GL_OES_texture_npot GL_OES_rgb8_rgba8 GL_EXT_color_buffer_float GL_EXT_color_buffer_half_float GL_EXT_texture_format_BGRA8888 GL_APPLE_texture_format_BGRA8888 
2026-05-11T20:00:55.6184927Z INFO         | Graphics Device Extensions N/A
2026-05-11T20:00:55.6185730Z INFO         | Disabling sparse binding feature support
2026-05-11T20:00:55.6256900Z INFO         | Sending adb public key [QAAAAO1/YngbSuq+iKf9FuCWmVgvHfdSY7/7UjShOROp77k2zxW43I7FrISforTIwKXnA11Rpid7bD8ydht0bMwF/MAWnduK9fxooeCwjNUPAtwX9HzZrPvW2S0IHYMX3BeEkO5FQlHLNYf8iPyTAQSzNrLT//kwcid8AFL+LI3aQMHx+hkXjJhnzzn4fXTVdZ/lSYCxW1E2iFUEEMp65p9KMtVVWnQIPGT9RVJtH7XljCyIIy3i/Zq2bTeOu+UZgXJSiJWlIOvTS8ViKMHG9E3GTT5RddVfmS1FFBpXCq+96Tvkm91GQ06UZPVRPJGOaUokIf74Bx3sYkUhnXqnRdTjj4KkeYTJDF5HzDtkfhYHZHjdlLsjtSvShseWzqi4oIhqwy49Lat+FPD6A2a34gL617PoS7wCCtVJsvolqtTPS6Jc03nDfh+wMpu/q0H18sh2/Qe1czyh6VXkWJSdz1s3UaCqaRD83L1YsIWPGcM5iwtrvHBz2vvgCh+oweeMY9Wb2iysDq8SXkURT1mUDGZgWudZZ+DDwlOrUdjs03No0hKYk8sngztGlN8q1Gm8+2EmahwG3hAw7T0woCZfNaFHepNcBM3MZpxwbZJ0kFcTmqczr4l9IeqNw+Yy9fCrIPJdqj2l9Q4+aeHg2Cd/KCZGFWjodbrTKzIAAQWoLnkywuKC2JD5HwEAAQA= runner@unknown]
2026-05-11T20:00:55.6263110Z INFO         | Userspace boot properties:
2026-05-11T20:00:55.6264050Z INFO         |   androidboot.boot_devices=pci0000:00/0000:00:03.0 pci0000:00/0000:00:06.0
2026-05-11T20:00:55.6264927Z INFO         |   androidboot.dalvik.vm.heapsize=512m
2026-05-11T20:00:55.6265843Z INFO         |   androidboot.debug.hwui.renderer=skiagl
2026-05-11T20:00:55.6266592Z INFO         |   androidboot.debug.sf.nobootanimation=1
2026-05-11T20:00:55.6267275Z INFO         |   androidboot.hardware=ranchu
2026-05-11T20:00:55.6267942Z INFO         |   androidboot.hardware.gltransport=pipe
2026-05-11T20:00:55.6268630Z INFO         |   androidboot.hardware.vulkan=ranchu
2026-05-11T20:00:55.6269253Z INFO         |   androidboot.logcat=*:V
2026-05-11T20:00:55.6269904Z INFO         |   androidboot.opengles.version=196608
2026-05-11T20:00:55.6270521Z INFO         |   androidboot.qemu=1
2026-05-11T20:00:55.6278198Z INFO         |   androidboot.qemu.adb.pubkey=QAAAAO1/YngbSuq+iKf9FuCWmVgvHfdSY7/7UjShOROp77k2zxW43I7FrISforTIwKXnA11Rpid7bD8ydht0bMwF/MAWnduK9fxooeCwjNUPAtwX9HzZrPvW2S0IHYMX3BeEkO5FQlHLNYf8iPyTAQSzNrLT//kwcid8AFL+LI3aQMHx+hkXjJhnzzn4fXTVdZ/lSYCxW1E2iFUEEMp65p9KMtVVWnQIPGT9RVJtH7XljCyIIy3i/Zq2bTeOu+UZgXJSiJWlIOvTS8ViKMHG9E3GTT5RddVfmS1FFBpXCq+96Tvkm91GQ06UZPVRPJGOaUokIf74Bx3sYkUhnXqnRdTjj4KkeYTJDF5HzDtkfhYHZHjdlLsjtSvShseWzqi4oIhqwy49Lat+FPD6A2a34gL617PoS7wCCtVJsvolqtTPS6Jc03nDfh+wMpu/q0H18sh2/Qe1czyh6VXkWJSdz1s3UaCqaRD83L1YsIWPGcM5iwtrvHBz2vvgCh+oweeMY9Wb2iysDq8SXkURT1mUDGZgWudZZ+DDwlOrUdjs03No0hKYk8sngztGlN8q1Gm8+2EmahwG3hAw7T0woCZfNaFHepNcBM3MZpxwbZJ0kFcTmqczr4l9IeqNw+Yy9fCrIPJdqj2l9Q4+aeHg2Cd/KCZGFWjodbrTKzIAAQWoLnkywuKC2JD5HwEAAQA= runner@unknown
2026-05-11T20:00:55.6284904Z INFO         |   androidboot.qemu.avd_name=test
2026-05-11T20:00:55.6285840Z INFO         |   androidboot.qemu.camera_hq_edge_processing=0
2026-05-11T20:00:55.6286613Z INFO         |   androidboot.qemu.camera_protocol_ver=1
2026-05-11T20:00:55.6287383Z INFO         |   androidboot.qemu.cpuvulkan.version=4202496
2026-05-11T20:00:55.6288213Z INFO         |   androidboot.qemu.gltransport.drawFlushInterval=800
2026-05-11T20:00:55.6288976Z INFO         |   androidboot.qemu.gltransport.name=pipe
2026-05-11T20:00:55.6289713Z INFO         |   androidboot.qemu.hwcodec.avcdec=2
2026-05-11T20:00:55.6290397Z INFO         |   androidboot.qemu.hwcodec.hevcdec=2
2026-05-11T20:00:55.6291091Z INFO         |   androidboot.qemu.hwcodec.vpxdec=2
2026-05-11T20:00:55.6292003Z INFO         |   androidboot.qemu.settings.system.screen_off_timeout=2147483647
2026-05-11T20:00:55.6292845Z INFO         |   androidboot.qemu.skin=1080x2400
2026-05-11T20:00:55.6293465Z INFO         |   androidboot.qemu.virtiowifi=1
2026-05-11T20:00:55.6294041Z INFO         |   androidboot.qemu.vsync=60
2026-05-11T20:00:55.6294651Z INFO         |   androidboot.serialno=EMULATOR36X5X11X0
2026-05-11T20:00:55.6296325Z INFO         |   androidboot.vbmeta.digest=451e57ed688ff746d2c636d52169ade253e2bc5bb30a5c3ff23679ca15d3bcd3
2026-05-11T20:00:55.6297264Z INFO         |   androidboot.vbmeta.hash_alg=sha256
2026-05-11T20:00:55.6297958Z INFO         |   androidboot.vbmeta.size=6656
2026-05-11T20:00:55.6298628Z INFO         |   androidboot.veritymode=enforcing
2026-05-11T20:00:55.6467038Z WARNING: cannnot unmap ptr 0x7fa94ae01000 as it is in the protected range from 0x7fa8cae00000 to 0x7fa94b000000
2026-05-11T20:00:55.6643940Z INFO         | Monitoring duration of emulator setup.
2026-05-11T20:00:58.6757476Z INFO         | Activated packet streamer for bluetooth emulation
2026-05-11T20:00:58.6781758Z INFO         | Successfully initialized netsim WiFi
2026-05-11T20:00:58.6839312Z INFO         | Setting display: 0 configuration to: 1080x2400, dpi: 420x420 
2026-05-11T20:00:58.6840145Z INFO         | setDisplayActiveConfig: id:0, 1080x2400
2026-05-11T20:00:58.6841007Z INFO         | emulatorSetupEnvironment: Setting up screen background view and display layout at env:1080x2400, lcd:1080x2400
2026-05-11T20:00:58.6841809Z INFO         | emulatorSetupEnvironment: Environment scene is not required
2026-05-11T20:00:58.6914685Z USER_INFO    | Emulator is performing a full startup. This may take upto two minutes, or more.
2026-05-11T20:00:58.6917389Z WARNING      | Failed to process .ini file /home/runner/.android/emu-update-last-check.ini for reading.
2026-05-11T20:00:58.7862136Z WARNING      | Failed to process .ini file /home/runner/.android/emu-update-last-check.ini for reading.
2026-05-11T20:01:05.1340381Z [command]/usr/local/lib/android/sdk/platform-tools/adb -s emulator-5554 shell getprop sys.boot_completed
2026-05-11T20:01:05.1381777Z * daemon not running; starting now at tcp:5037
2026-05-11T20:01:05.1420288Z * daemon started successfully
2026-05-11T20:01:05.1426763Z adb: device offline
2026-05-11T20:01:05.1433466Z The process '/usr/local/lib/android/sdk/platform-tools/adb' failed with exit code 1
2026-05-11T20:01:07.1467284Z [command]/usr/local/lib/android/sdk/platform-tools/adb -s emulator-5554 shell getprop sys.boot_completed
2026-05-11T20:01:07.1522881Z adb: device offline
2026-05-11T20:01:07.1530309Z The process '/usr/local/lib/android/sdk/platform-tools/adb' failed with exit code 1
2026-05-11T20:01:09.1559104Z [command]/usr/local/lib/android/sdk/platform-tools/adb -s emulator-5554 shell getprop sys.boot_completed
2026-05-11T20:01:09.1602360Z adb: device offline
2026-05-11T20:01:09.1611022Z The process '/usr/local/lib/android/sdk/platform-tools/adb' failed with exit code 1
2026-05-11T20:01:11.1697062Z [command]/usr/local/lib/android/sdk/platform-tools/adb -s emulator-5554 shell getprop sys.boot_completed
2026-05-11T20:01:11.2011874Z 
2026-05-11T20:01:13.2068669Z [command]/usr/local/lib/android/sdk/platform-tools/adb -s emulator-5554 shell getprop sys.boot_completed
2026-05-11T20:01:13.3114375Z 
2026-05-11T20:01:15.3169007Z [command]/usr/local/lib/android/sdk/platform-tools/adb -s emulator-5554 shell getprop sys.boot_completed
2026-05-11T20:01:15.3402588Z 
2026-05-11T20:01:17.3557283Z [command]/usr/local/lib/android/sdk/platform-tools/adb -s emulator-5554 shell getprop sys.boot_completed
2026-05-11T20:01:17.3745827Z 
2026-05-11T20:01:19.3817305Z [command]/usr/local/lib/android/sdk/platform-tools/adb -s emulator-5554 shell getprop sys.boot_completed
2026-05-11T20:01:19.4107231Z 
2026-05-11T20:01:21.4185916Z [command]/usr/local/lib/android/sdk/platform-tools/adb -s emulator-5554 shell getprop sys.boot_completed
2026-05-11T20:01:21.4418719Z 
2026-05-11T20:01:23.4468932Z [command]/usr/local/lib/android/sdk/platform-tools/adb -s emulator-5554 shell getprop sys.boot_completed
2026-05-11T20:01:23.4778990Z 
2026-05-11T20:01:25.4828719Z [command]/usr/local/lib/android/sdk/platform-tools/adb -s emulator-5554 shell getprop sys.boot_completed
2026-05-11T20:01:25.5141862Z 
2026-05-11T20:01:27.5217394Z [command]/usr/local/lib/android/sdk/platform-tools/adb -s emulator-5554 shell getprop sys.boot_completed
2026-05-11T20:01:27.5380390Z 
2026-05-11T20:01:29.5467438Z [command]/usr/local/lib/android/sdk/platform-tools/adb -s emulator-5554 shell getprop sys.boot_completed
2026-05-11T20:01:29.5692561Z 
2026-05-11T20:01:31.5764332Z [command]/usr/local/lib/android/sdk/platform-tools/adb -s emulator-5554 shell getprop sys.boot_completed
2026-05-11T20:01:31.6208497Z 
2026-05-11T20:01:33.6320700Z [command]/usr/local/lib/android/sdk/platform-tools/adb -s emulator-5554 shell getprop sys.boot_completed
2026-05-11T20:01:33.6682873Z 
2026-05-11T20:01:35.6747422Z [command]/usr/local/lib/android/sdk/platform-tools/adb -s emulator-5554 shell getprop sys.boot_completed
2026-05-11T20:01:35.7198762Z 1
2026-05-11T20:01:35.7229990Z Emulator booted.
2026-05-11T20:01:35.7303015Z [command]/usr/local/lib/android/sdk/platform-tools/adb -s emulator-5554 shell input keyevent 82
2026-05-11T20:01:35.9240341Z Disabling animations.
2026-05-11T20:01:35.9262413Z [command]/usr/local/lib/android/sdk/platform-tools/adb -s emulator-5554 shell settings put global window_animation_scale 0.0
2026-05-11T20:01:36.0627272Z [command]/usr/local/lib/android/sdk/platform-tools/adb -s emulator-5554 shell settings put global transition_animation_scale 0.0
2026-05-11T20:01:36.0767444Z INFO         | Boot completed in 40903 ms
2026-05-11T20:01:36.0777735Z INFO         | Increasing screen off timeout, logcat buffer size to 2M.
2026-05-11T20:01:36.1907863Z [command]/usr/local/lib/android/sdk/platform-tools/adb -s emulator-5554 shell settings put global animator_duration_scale 0.0
2026-05-11T20:01:36.2916765Z ##[endgroup]
2026-05-11T20:01:36.2936434Z [command]/usr/bin/sh -c adb devices
2026-05-11T20:01:36.2981168Z List of devices attached
2026-05-11T20:01:36.3000582Z emulator-5554	device
2026-05-11T20:01:36.3007893Z 
2026-05-11T20:01:36.3034229Z [command]/usr/bin/sh -c adb shell settings put global window_animation_scale 0
2026-05-11T20:01:36.3956351Z [command]/usr/bin/sh -c adb shell settings put global transition_animation_scale 0
2026-05-11T20:01:36.4775756Z [command]/usr/bin/sh -c adb shell settings put global animator_duration_scale 0
2026-05-11T20:01:36.5839924Z [command]/usr/bin/sh -c adb shell "ping -c 1 10.0.2.2 || true"
2026-05-11T20:01:36.6440030Z connect: Network is unreachable
2026-05-11T20:01:36.6481163Z [command]/usr/bin/sh -c ./gradlew connectedDebugAndroidTest --no-daemon --continue
2026-05-11T20:01:38.2485640Z To honour the JVM settings for this build a single-use Daemon process will be forked. For more on this, please refer to https://docs.gradle.org/9.3.1/userguide/gradle_daemon.html#sec:disabling_the_daemon in the Gradle documentation.
2026-05-11T20:01:42.3427648Z Daemon will be stopped at the end of the build 
2026-05-11T20:01:43.0452772Z Configuration on demand is an incubating feature.
2026-05-11T20:01:52.6440223Z 
2026-05-11T20:01:52.6496441Z > Configure project :app
2026-05-11T20:01:52.6512304Z WARNING: The option setting 'android.builtInKotlin=false' is deprecated.
2026-05-11T20:01:52.6526623Z The current default is 'true'.
2026-05-11T20:01:52.6553140Z It will be removed in version 10.0 of the Android Gradle plugin.
2026-05-11T20:01:52.6584286Z WARNING: The option setting 'android.newDsl=false' is deprecated.
2026-05-11T20:01:52.6615910Z The current default is 'true'.
2026-05-11T20:01:52.6636957Z It will be removed in version 10.0 of the Android Gradle plugin.
2026-05-11T20:01:52.6646381Z WARNING: The option setting 'android.dependency.excludeLibraryComponentsFromConstraints=true' is deprecated.
2026-05-11T20:01:52.6662519Z The current default is 'false'.
2026-05-11T20:01:52.6671436Z It will be removed in version 10.0 of the Android Gradle plugin.
2026-05-11T20:01:52.6673196Z Following can be set instead to achieve a similar behaviour.
2026-05-11T20:01:52.6687653Z     android.dependency.useConstraints=false
2026-05-11T20:02:06.9426183Z w: file:///home/runner/work/prismTask/prismTask/app/build.gradle.kts:13:1: 'fun Project.android(configure: Action<BaseAppModuleExtension>): Unit' is deprecated. Replaced by com.android.build.api.dsl.ApplicationExtension.
2026-05-11T20:02:06.9429661Z This class is not used for the public extensions in AGP when android.newDsl=true, which is the default in AGP 9.0, and will be removed in AGP 10.0.
2026-05-11T20:02:06.9447408Z w: file:///home/runner/work/prismTask/prismTask/app/build.gradle.kts:249:1: 'val Project.android: BaseAppModuleExtension' is deprecated. Replaced by com.android.build.api.dsl.ApplicationExtension.
2026-05-11T20:02:06.9476732Z This class is not used for the public extensions in AGP when android.newDsl=true, which is the default in AGP 9.0, and will be removed in AGP 10.0.
2026-05-11T20:02:09.1439596Z w: ⚠️ Deprecated 'org.jetbrains.kotlin.android' plugin usage
2026-05-11T20:02:09.1441129Z The 'org.jetbrains.kotlin.android' plugin in project ':app' is no longer required for Kotlin support since AGP 9.0.
2026-05-11T20:02:09.1468287Z Solution: Remove both `android.builtInKotlin=true` and `android.newDsl=false` from `gradle.properties`, then migrate to built-in Kotlin.
2026-05-11T20:02:09.1496531Z See https://kotl.in/gradle/agp-built-in-kotlin for more details.
2026-05-11T20:02:09.1510528Z 
2026-05-11T20:02:12.0429030Z 
2026-05-11T20:02:12.0447068Z > Task :app:checkKotlinGradlePluginConfigurationErrors SKIPPED
2026-05-11T20:02:12.0476456Z > Task :app:preBuild UP-TO-DATE
2026-05-11T20:02:12.0486180Z > Task :app:preDebugBuild UP-TO-DATE
2026-05-11T20:02:12.2424815Z > Task :app:generateDebugBuildConfig
2026-05-11T20:02:12.2431538Z > Task :app:generateDebugResValues FROM-CACHE
2026-05-11T20:02:12.3437568Z > Task :app:generateDebugResources FROM-CACHE
2026-05-11T20:02:12.4460080Z > Task :app:injectCrashlyticsMappingFileIdDebug
2026-05-11T20:02:12.4496645Z > Task :app:processDebugGoogleServices FROM-CACHE
2026-05-11T20:02:12.5441033Z > Task :app:packageDebugResources FROM-CACHE
2026-05-11T20:02:13.7428828Z > Task :app:processDebugNavigationResources FROM-CACHE
2026-05-11T20:02:14.0451290Z > Task :app:parseDebugLocalResources FROM-CACHE
2026-05-11T20:02:14.0452198Z > Task :app:generateDebugRFile FROM-CACHE
2026-05-11T20:02:16.4458083Z > Task :app:javaPreCompileDebug FROM-CACHE
2026-05-11T20:02:16.4492515Z > Task :app:generateDebugAssets UP-TO-DATE
2026-05-11T20:02:16.7439611Z > Task :app:mergeDebugAssets
2026-05-11T20:02:16.7456192Z > Task :app:compressDebugAssets FROM-CACHE
2026-05-11T20:02:16.8446225Z > Task :app:desugarDebugFileDependencies FROM-CACHE
2026-05-11T20:02:17.0446853Z > Task :app:mapDebugSourceSetPaths
2026-05-11T20:02:17.0468144Z > Task :app:compileDebugNavigationResources FROM-CACHE
2026-05-11T20:02:17.1442968Z > Task :app:checkDebugAarMetadata
2026-05-11T20:02:17.5464233Z > Task :app:mergeDebugResources FROM-CACHE
2026-05-11T20:02:17.5485758Z > Task :app:createDebugCompatibleScreenManifests
2026-05-11T20:02:17.5495145Z > Task :app:extractDeepLinksDebug FROM-CACHE
2026-05-11T20:02:18.6451500Z 
2026-05-11T20:02:18.6522200Z > Task :app:processDebugMainManifest
2026-05-11T20:02:18.6557315Z /home/runner/work/prismTask/prismTask/app/src/main/AndroidManifest.xml:221:9-227:76 Warning:
2026-05-11T20:02:18.6603587Z 	activity#com.android.billingclient.api.ProxyBillingActivity@android:noHistory was tagged at AndroidManifest.xml:221 to replace other declarations but no other declaration present
2026-05-11T20:02:18.6659653Z /home/runner/work/prismTask/prismTask/app/src/main/AndroidManifest.xml:221:9-227:76 Warning:
2026-05-11T20:02:18.6697047Z 	activity#com.android.billingclient.api.ProxyBillingActivity@android:excludeFromRecents was tagged at AndroidManifest.xml:221 to replace other declarations but no other declaration present
2026-05-11T20:02:18.7436146Z 
2026-05-11T20:02:18.7529518Z > Task :app:processDebugManifest
2026-05-11T20:02:19.2456724Z > Task :app:processDebugManifestForPackage
2026-05-11T20:02:19.6447326Z > Task :app:checkDebugDuplicateClasses
2026-05-11T20:02:22.2429505Z > Task :app:mergeExtDexDebug FROM-CACHE
2026-05-11T20:02:22.2447522Z > Task :app:mergeLibDexDebug FROM-CACHE
2026-05-11T20:02:22.2476004Z > Task :app:mergeDebugJniLibFolders
2026-05-11T20:02:22.6443284Z > Task :app:validateSigningDebug
2026-05-11T20:02:22.6514414Z > Task :app:writeDebugAppMetadata
2026-05-11T20:02:22.6515341Z > Task :app:mergeDebugNativeLibs
2026-05-11T20:02:22.6564816Z > Task :app:writeDebugSigningConfigVersions
2026-05-11T20:02:22.7469752Z > Task :app:preDebugAndroidTestBuild SKIPPED
2026-05-11T20:02:22.8467722Z > Task :app:processDebugResources
2026-05-11T20:02:23.0423947Z > Task :app:stripDebugDebugSymbols
2026-05-11T20:02:23.1441244Z > Task :app:processDebugAndroidTestManifest
2026-05-11T20:02:23.1460484Z > Task :app:generateDebugAndroidTestBuildConfig FROM-CACHE
2026-05-11T20:02:23.2442252Z > Task :app:generateDebugAndroidTestResValues FROM-CACHE
2026-05-11T20:02:23.2467009Z > Task :app:generateDebugAndroidTestResources FROM-CACHE
2026-05-11T20:02:23.2497407Z > Task :app:packageDebugAndroidTestResources FROM-CACHE
2026-05-11T20:02:23.2523704Z > Task :app:processDebugAndroidTestNavigationResources FROM-CACHE
2026-05-11T20:02:23.2548560Z > Task :app:parseDebugAndroidTestLocalResources FROM-CACHE
2026-05-11T20:02:23.2576578Z > Task :app:generateDebugAndroidTestRFile FROM-CACHE
2026-05-11T20:02:23.2606357Z > Task :app:javaPreCompileDebugAndroidTest FROM-CACHE
2026-05-11T20:02:23.2607402Z > Task :app:generateDebugAndroidTestAssets UP-TO-DATE
2026-05-11T20:02:23.3424742Z > Task :app:mergeDebugAndroidTestAssets
2026-05-11T20:02:23.3466515Z > Task :app:compressDebugAndroidTestAssets FROM-CACHE
2026-05-11T20:02:23.3487082Z > Task :app:desugarDebugAndroidTestFileDependencies FROM-CACHE
2026-05-11T20:02:23.3522044Z > Task :app:mapDebugAndroidTestSourceSetPaths
2026-05-11T20:02:23.3536388Z > Task :app:checkDebugAndroidTestAarMetadata
2026-05-11T20:02:23.3540573Z > Task :app:compileDebugAndroidTestNavigationResources FROM-CACHE
2026-05-11T20:02:23.5425879Z > Task :app:mergeDebugAndroidTestResources FROM-CACHE
2026-05-11T20:02:23.6461122Z > Task :app:processDebugAndroidTestResources FROM-CACHE
2026-05-11T20:02:23.7454157Z > Task :app:mergeDebugAndroidTestJniLibFolders
2026-05-11T20:02:23.7455092Z > Task :app:checkDebugAndroidTestDuplicateClasses
2026-05-11T20:02:23.9435960Z > Task :app:mergeDebugAndroidTestNativeLibs
2026-05-11T20:02:24.1441994Z > Task :app:mergeExtDexDebugAndroidTest FROM-CACHE
2026-05-11T20:02:24.2428487Z > Task :app:mergeLibDexDebugAndroidTest FROM-CACHE
2026-05-11T20:02:24.2457251Z > Task :app:validateSigningDebugAndroidTest
2026-05-11T20:02:24.2474992Z > Task :app:writeDebugAndroidTestSigningConfigVersions
2026-05-11T20:02:24.2486192Z > Task :app:stripDebugAndroidTestDebugSymbols
2026-05-11T20:02:44.0432664Z > Task :app:kspDebugKotlin
2026-05-11T20:03:54.3425018Z > Task :app:compileDebugKotlin
2026-05-11T20:04:42.2447652Z e: file:///home/runner/work/prismTask/prismTask/app/src/main/java/com/averycorp/prismtask/data/repository/AttachmentRepository.kt:27:4 Syntax error: Missing '}.
2026-05-11T20:04:42.2477290Z e: file:///home/runner/work/prismTask/prismTask/app/src/main/java/com/averycorp/prismtask/data/repository/AttachmentRepository.kt:159:1 Syntax error: Unclosed comment.
2026-05-11T20:04:42.2502676Z e: file:///home/runner/work/prismTask/prismTask/app/src/main/java/com/averycorp/prismtask/ui/screens/addedittask/AddEditTaskViewModel.kt:322:10 Cannot infer type for type parameter 'R'. Specify it explicitly.
2026-05-11T20:04:42.2528852Z e: file:///home/runner/work/prismTask/prismTask/app/src/main/java/com/averycorp/prismtask/ui/screens/addedittask/AddEditTaskViewModel.kt:324:38 Unresolved reference 'getAttachments'.
2026-05-11T20:04:42.2544867Z e: file:///home/runner/work/prismTask/prismTask/app/src/main/java/com/averycorp/prismtask/ui/screens/addedittask/AddEditTaskViewModel.kt:326:17 Cannot infer type for type parameter 'T'. Specify it explicitly.
2026-05-11T20:04:42.2575101Z e: file:///home/runner/work/prismTask/prismTask/app/src/main/java/com/averycorp/prismtask/ui/screens/addedittask/AddEditTaskViewModel.kt:326:24 Cannot infer type for type parameter 'T'. Specify it explicitly.
2026-05-11T20:04:42.2602170Z e: file:///home/runner/work/prismTask/prismTask/app/src/main/java/com/averycorp/prismtask/ui/screens/addedittask/AddEditTaskViewModel.kt:1011:38 Unresolved reference 'addImageAttachment'.
2026-05-11T20:04:42.2635861Z e: file:///home/runner/work/prismTask/prismTask/app/src/main/java/com/averycorp/prismtask/ui/screens/addedittask/AddEditTaskViewModel.kt:1029:38 Unresolved reference 'addFileAttachment'.
2026-05-11T20:04:42.2638690Z e: file:///home/runner/work/prismTask/prismTask/app/src/main/java/com/averycorp/prismtask/ui/screens/addedittask/AddEditTaskViewModel.kt:1172:38 Unresolved reference 'addLinkAttachment'.
2026-05-11T20:04:42.2641331Z e: file:///home/runner/work/prismTask/prismTask/app/src/main/java/com/averycorp/prismtask/ui/screens/addedittask/AddEditTaskViewModel.kt:1183:38 Unresolved reference 'deleteAttachment'.
2026-05-11T20:04:42.2644129Z e: file:///home/runner/work/prismTask/prismTask/app/src/main/java/com/averycorp/prismtask/ui/screens/screenshotimport/ScreenshotImportViewModel.kt:166:21 Cannot infer type for type parameter 'R'. Specify it explicitly.
2026-05-11T20:04:42.2647497Z e: file:///home/runner/work/prismTask/prismTask/app/src/main/java/com/averycorp/prismtask/ui/screens/screenshotimport/ScreenshotImportViewModel.kt:167:46 Unresolved reference 'addImageAttachment'.
2026-05-11T20:04:42.2650263Z e: file:///home/runner/work/prismTask/prismTask/app/src/main/java/com/averycorp/prismtask/ui/screens/tasklist/TaskListViewModel.kt:353:39 Cannot infer type for type parameter 'R'. Specify it explicitly.
2026-05-11T20:04:42.2653063Z e: file:///home/runner/work/prismTask/prismTask/app/src/main/java/com/averycorp/prismtask/ui/screens/tasklist/TaskListViewModel.kt:353:43 Cannot infer type for type parameter 'R'. Specify it explicitly.
2026-05-11T20:04:42.2665889Z e: file:///home/runner/work/prismTask/prismTask/app/src/main/java/com/averycorp/prismtask/ui/screens/tasklist/TaskListViewModel.kt:354:42 Unresolved reference 'getAttachmentCount'.
2026-05-11T20:04:42.2668719Z e: file:///home/runner/work/prismTask/prismTask/app/src/main/java/com/averycorp/prismtask/ui/screens/tasklist/TaskListViewModel.kt:354:65 Cannot infer type for type parameter 'T'. Specify it explicitly.
2026-05-11T20:04:42.2671533Z e: file:///home/runner/work/prismTask/prismTask/app/src/main/java/com/averycorp/prismtask/ui/screens/tasklist/TaskListViewModel.kt:354:65 Cannot infer type for type parameter 'R'. Specify it explicitly.
2026-05-11T20:04:42.2674251Z e: file:///home/runner/work/prismTask/prismTask/app/src/main/java/com/averycorp/prismtask/ui/screens/tasklist/TaskListViewModel.kt:354:71 Cannot infer type for type parameter 'T'. Specify it explicitly.
2026-05-11T20:04:42.2686494Z e: file:///home/runner/work/prismTask/prismTask/app/src/main/java/com/averycorp/prismtask/ui/screens/tasklist/TaskListViewModel.kt:354:83 Cannot infer type for type parameter 'B'. Specify it explicitly.
2026-05-11T20:04:42.2687839Z 
2026-05-11T20:04:42.2688148Z > Task :app:compileDebugKotlin FAILED
2026-05-11T20:04:42.3467738Z gradle/actions: Writing build results to /home/runner/work/_temp/.gradle-actions/build-results/__reactivecircus_android-emulator-runner-1778529705731.json
2026-05-11T20:04:42.3488251Z 
2026-05-11T20:04:42.3526950Z [Incubating] Problems report is available at: file:///home/runner/work/prismTask/prismTask/build/reports/problems/problems-report.html
2026-05-11T20:04:42.3595589Z 
2026-05-11T20:04:42.3608757Z FAILURE: Build failed with an exception.
2026-05-11T20:04:42.3646329Z 
2026-05-11T20:04:42.3671940Z * What went wrong:
2026-05-11T20:04:42.3685974Z Execution failed for task ':app:compileDebugKotlin'.
2026-05-11T20:04:42.3696459Z > A failure occurred while executing org.jetbrains.kotlin.compilerRunner.btapi.BuildToolsApiCompilationWork
2026-05-11T20:04:42.3716696Z    > Compilation error. See log for more details
2026-05-11T20:04:42.3717273Z 
2026-05-11T20:04:42.3717599Z * Try:
2026-05-11T20:04:42.3718297Z > Run with --stacktrace option to get the stack trace.
2026-05-11T20:04:42.3719183Z > Run with --info or --debug option to get more log output.
2026-05-11T20:04:42.3720337Z > Run with --scan to get full insights from a Build Scan (powered by Develocity).
2026-05-11T20:04:42.3721917Z > Get more help at https://help.gradle.org.
2026-05-11T20:04:42.3722540Z 
2026-05-11T20:04:42.3722935Z BUILD FAILED in 3m 5s
2026-05-11T20:04:42.3723390Z 
2026-05-11T20:04:42.3724203Z Deprecated Gradle features were used in this build, making it incompatible with Gradle 10.
2026-05-11T20:04:42.3725010Z 
2026-05-11T20:04:42.3726401Z You can use '--warning-mode all' to show the individual deprecation warnings and determine if they come from your own scripts or plugins.
2026-05-11T20:04:42.3727518Z 
2026-05-11T20:04:42.3728841Z For more on this, please refer to https://docs.gradle.org/9.3.1/userguide/command_line_interface.html#sec:command_line_warnings in the Gradle documentation.
2026-05-11T20:04:42.3730303Z 59 actionable tasks: 29 executed, 30 from cache
2026-05-11T20:04:42.7997413Z ##[error]The process '/usr/bin/sh' failed with exit code 1
2026-05-11T20:04:42.8007211Z ##[group]Terminate Emulator
2026-05-11T20:04:42.8008194Z [command]/usr/local/lib/android/sdk/platform-tools/adb -s emulator-5554 emu kill
2026-05-11T20:04:42.8029629Z OK: killing emulator, bye bye
2026-05-11T20:04:42.8032789Z OK
2026-05-11T20:04:42.8033945Z INFO         | Wait for emulator (pid 2967) 20 seconds to shutdown gracefully before kill;you can set environment variable ANDROID_EMULATOR_WAIT_TIME_BEFORE_KILL(in seconds) to change the default value (20 seconds)
2026-05-11T20:04:42.8034881Z 
2026-05-11T20:04:42.8035894Z ##[endgroup]
2026-05-11T20:04:42.8128604Z USER_INFO    | Snapshots have been disabled by the user, save request is ignored.
2026-05-11T20:04:42.8129927Z INFO         | Saving snapshot 'default_boot' using 0 ms
2026-05-11T20:04:43.7681304Z ERROR        | stop: Not implemented
2026-05-11T20:04:43.7682129Z WARNING      | Emulator client has not yet been configured.. Call configure me first!
2026-05-11T20:04:43.8223937Z WARNING      | Netsim Wifi localhost:43693 is gone due to CANCELLED
2026-05-11T20:04:44.5376576Z ##[group]Run if [ -n "${FIREBASE_EMULATORS_PID:-}" ]; then
2026-05-11T20:04:44.5377059Z [36;1mif [ -n "${FIREBASE_EMULATORS_PID:-}" ]; then[0m
2026-05-11T20:04:44.5377444Z [36;1m  kill "$FIREBASE_EMULATORS_PID" || true[0m
2026-05-11T20:04:44.5377854Z [36;1m  wait "$FIREBASE_EMULATORS_PID" 2>/dev/null || true[0m
2026-05-11T20:04:44.5378213Z [36;1mfi[0m
2026-05-11T20:04:44.5505844Z shell: /usr/bin/bash -e {0}
2026-05-11T20:04:44.5506185Z env:
2026-05-11T20:04:44.5506454Z   USE_FIREBASE_EMULATOR: true
2026-05-11T20:04:44.5506895Z   JAVA_HOME: /opt/hostedtoolcache/Java_Temurin-Hotspot_jdk/21.0.10-7/x64
2026-05-11T20:04:44.5507666Z   JAVA_HOME_21_X64: /opt/hostedtoolcache/Java_Temurin-Hotspot_jdk/21.0.10-7/x64
2026-05-11T20:04:44.5508129Z   GRADLE_ACTION_ID: gradle/actions/setup-gradle
2026-05-11T20:04:44.5508478Z   GRADLE_USER_HOME: /home/runner/.gradle
2026-05-11T20:04:44.5508824Z   GRADLE_BUILD_ACTION_SETUP_COMPLETED: true
2026-05-11T20:04:44.5509220Z   GRADLE_BUILD_ACTION_CACHE_RESTORED: true
2026-05-11T20:04:44.5509706Z   DEVELOCITY_INJECTION_INIT_SCRIPT_NAME: gradle-actions.inject-develocity.init.gradle
2026-05-11T20:04:44.5510216Z   DEVELOCITY_INJECTION_CUSTOM_VALUE: gradle-actions
2026-05-11T20:04:44.5510577Z   GITHUB_DEPENDENCY_GRAPH_ENABLED: false
2026-05-11T20:04:44.5510907Z   FIREBASE_EMULATORS_PID: 2545
2026-05-11T20:04:44.5511229Z   ANDROID_AVD_HOME: /home/runner/.android/avd
2026-05-11T20:04:44.5511549Z ##[endgroup]
2026-05-11T20:04:44.5613873Z ##[group]Run actions/upload-artifact@v7
2026-05-11T20:04:44.5614421Z with:
2026-05-11T20:04:44.5614861Z   name: firebase-emulator-log
2026-05-11T20:04:44.5615619Z   path: /home/runner/work/_temp/firebase-emulators.log
2026-05-11T20:04:44.5616173Z   retention-days: 7
2026-05-11T20:04:44.5616583Z   if-no-files-found: ignore
2026-05-11T20:04:44.5617013Z   compression-level: 6
2026-05-11T20:04:44.5617415Z   overwrite: false
2026-05-11T20:04:44.5617693Z   include-hidden-files: false
2026-05-11T20:04:44.5617992Z   archive: true
2026-05-11T20:04:44.5618247Z env:
2026-05-11T20:04:44.5618494Z   USE_FIREBASE_EMULATOR: true
2026-05-11T20:04:44.5618902Z   JAVA_HOME: /opt/hostedtoolcache/Java_Temurin-Hotspot_jdk/21.0.10-7/x64
2026-05-11T20:04:44.5619661Z   JAVA_HOME_21_X64: /opt/hostedtoolcache/Java_Temurin-Hotspot_jdk/21.0.10-7/x64
2026-05-11T20:04:44.5620343Z   GRADLE_ACTION_ID: gradle/actions/setup-gradle
2026-05-11T20:04:44.5620853Z   GRADLE_USER_HOME: /home/runner/.gradle
2026-05-11T20:04:44.5621383Z   GRADLE_BUILD_ACTION_SETUP_COMPLETED: true
2026-05-11T20:04:44.5621903Z   GRADLE_BUILD_ACTION_CACHE_RESTORED: true
2026-05-11T20:04:44.5622646Z   DEVELOCITY_INJECTION_INIT_SCRIPT_NAME: gradle-actions.inject-develocity.init.gradle
2026-05-11T20:04:44.5623357Z   DEVELOCITY_INJECTION_CUSTOM_VALUE: gradle-actions
2026-05-11T20:04:44.5623723Z   GITHUB_DEPENDENCY_GRAPH_ENABLED: false
2026-05-11T20:04:44.5624056Z   FIREBASE_EMULATORS_PID: 2545
2026-05-11T20:04:44.5624384Z   ANDROID_AVD_HOME: /home/runner/.android/avd
2026-05-11T20:04:44.5624719Z ##[endgroup]
2026-05-11T20:04:44.7151116Z With the provided path, there will be 1 file uploaded
2026-05-11T20:04:44.7155498Z Artifact name is valid!
2026-05-11T20:04:44.7156256Z Root directory input is valid!
2026-05-11T20:04:44.7879963Z Uploading artifact: firebase-emulator-log.zip
2026-05-11T20:04:44.7919539Z Beginning upload of artifact content to blob storage
2026-05-11T20:04:44.8684724Z Uploaded bytes 1019
2026-05-11T20:04:44.8893964Z Finished uploading artifact content to blob storage!
2026-05-11T20:04:44.8895647Z SHA256 digest of uploaded artifact is 1bdfc204480562dd4ef11b59a3101ec9308a3c7479e68f7631008b0c3b2d1976
2026-05-11T20:04:44.8896812Z Finalizing artifact upload
2026-05-11T20:04:45.0173792Z Artifact firebase-emulator-log successfully finalized. Artifact ID 6928654857
2026-05-11T20:04:45.0174718Z Artifact firebase-emulator-log has been successfully uploaded! Final size is 1019 bytes. Artifact ID is 6928654857
2026-05-11T20:04:45.0178284Z Artifact download URL: https://github.com/averycorp/prismTask/actions/runs/25693943896/artifacts/6928654857
2026-05-11T20:04:45.0334671Z ##[group]Run actions/upload-artifact@v7
2026-05-11T20:04:45.0335435Z with:
2026-05-11T20:04:45.0335841Z   name: connected-test-results
2026-05-11T20:04:45.0336596Z   path: app/build/reports/androidTests/
app/build/outputs/androidTest-results/

2026-05-11T20:04:45.0337362Z   retention-days: 7
2026-05-11T20:04:45.0337800Z   if-no-files-found: ignore
2026-05-11T20:04:45.0338270Z   compression-level: 6
2026-05-11T20:04:45.0338714Z   overwrite: false
2026-05-11T20:04:45.0339148Z   include-hidden-files: false
2026-05-11T20:04:45.0339623Z   archive: true
2026-05-11T20:04:45.0340315Z env:
2026-05-11T20:04:45.0340696Z   USE_FIREBASE_EMULATOR: true
2026-05-11T20:04:45.0341372Z   JAVA_HOME: /opt/hostedtoolcache/Java_Temurin-Hotspot_jdk/21.0.10-7/x64
2026-05-11T20:04:45.0342288Z   JAVA_HOME_21_X64: /opt/hostedtoolcache/Java_Temurin-Hotspot_jdk/21.0.10-7/x64
2026-05-11T20:04:45.0343067Z   GRADLE_ACTION_ID: gradle/actions/setup-gradle
2026-05-11T20:04:45.0343712Z   GRADLE_USER_HOME: /home/runner/.gradle
2026-05-11T20:04:45.0344276Z   GRADLE_BUILD_ACTION_SETUP_COMPLETED: true
2026-05-11T20:04:45.0344837Z   GRADLE_BUILD_ACTION_CACHE_RESTORED: true
2026-05-11T20:04:45.0345898Z   DEVELOCITY_INJECTION_INIT_SCRIPT_NAME: gradle-actions.inject-develocity.init.gradle
2026-05-11T20:04:45.0346780Z   DEVELOCITY_INJECTION_CUSTOM_VALUE: gradle-actions
2026-05-11T20:04:45.0347390Z   GITHUB_DEPENDENCY_GRAPH_ENABLED: false
2026-05-11T20:04:45.0347940Z   FIREBASE_EMULATORS_PID: 2545
2026-05-11T20:04:45.0348456Z   ANDROID_AVD_HOME: /home/runner/.android/avd
2026-05-11T20:04:45.0349025Z ##[endgroup]
2026-05-11T20:04:45.1878931Z Multiple search paths detected. Calculating the least common ancestor of all paths
2026-05-11T20:04:45.1881655Z The least common ancestor is /home/runner/work/prismTask/prismTask/app/build. This will be the root directory of the artifact
2026-05-11T20:04:45.1882461Z With the provided path, there will be 26 files uploaded
2026-05-11T20:04:45.1885641Z Artifact name is valid!
2026-05-11T20:04:45.1886216Z Root directory input is valid!
2026-05-11T20:04:45.3630241Z Uploading artifact: connected-test-results.zip
2026-05-11T20:04:45.3670063Z Beginning upload of artifact content to blob storage
2026-05-11T20:04:45.4886760Z Uploaded bytes 65667
2026-05-11T20:04:45.5058523Z Finished uploading artifact content to blob storage!
2026-05-11T20:04:45.5059743Z SHA256 digest of uploaded artifact is e1779ccc5a265b3cb2a730fb02df97a8a580313621a758e29b490fefecc72839
2026-05-11T20:04:45.5060654Z Finalizing artifact upload
2026-05-11T20:04:45.6402226Z Artifact connected-test-results successfully finalized. Artifact ID 6928655065
2026-05-11T20:04:45.6403839Z Artifact connected-test-results has been successfully uploaded! Final size is 65667 bytes. Artifact ID is 6928655065
2026-05-11T20:04:45.6407293Z Artifact download URL: https://github.com/averycorp/prismTask/actions/runs/25693943896/artifacts/6928655065
2026-05-11T20:04:45.6565468Z Post job cleanup.
2026-05-11T20:04:45.6661132Z Post job cleanup.
2026-05-11T20:04:45.9846886Z In post-action step
2026-05-11T20:04:45.9858800Z ##[group]Stopping Gradle daemons
2026-05-11T20:04:45.9860207Z Stopping Gradle daemons for /home/runner/.gradle/wrapper/dists/gradle-9.3.1-bin/23ovyewtku6u96viwx3xl3oks/gradle-9.3.1
2026-05-11T20:04:45.9881317Z [command]/home/runner/.gradle/wrapper/dists/gradle-9.3.1-bin/23ovyewtku6u96viwx3xl3oks/gradle-9.3.1/bin/gradle --stop
2026-05-11T20:04:46.5907973Z No Gradle daemons are running.
2026-05-11T20:04:46.5999457Z ##[endgroup]
2026-05-11T20:04:46.6000750Z Not performing cache-cleanup due to build failure
2026-05-11T20:04:46.6001574Z ##[group]Caching Gradle state
2026-05-11T20:04:47.1476997Z [command]/usr/bin/tar --posix -cf cache.tzst --exclude cache.tzst -P -C /home/runner/work/prismTask/prismTask --files-from manifest.txt --use-compress-program zstdmt
2026-05-11T20:04:47.6251474Z Sent 247293 of 247293 (100.0%), 2.5 MBs/sec
2026-05-11T20:04:47.7219287Z Saved cache entry with key gradle-kotlin-dsl-v1-56f7f1c34ba89f48d90d666fd6792406 from /home/runner/.gradle/caches/*/kotlin-dsl/accessors/*/,/home/runner/.gradle/caches/*/kotlin-dsl/scripts/*/ in 643ms
2026-05-11T20:04:49.6188048Z [command]/usr/bin/tar --posix -cf cache.tzst --exclude cache.tzst -P -C /home/runner/work/prismTask/prismTask --files-from manifest.txt --use-compress-program zstdmt
2026-05-11T20:04:52.3050526Z Sent 67108864 of 629104693 (10.7%), 64.1 MBs/sec
2026-05-11T20:04:53.3054054Z Sent 561995829 of 629104693 (89.3%), 268.0 MBs/sec
2026-05-11T20:04:53.3919051Z Sent 629104693 of 629104693 (100.0%), 287.6 MBs/sec
2026-05-11T20:04:53.5285026Z Saved cache entry with key gradle-home-v1|Linux-X64|connected-tests[1e7216165ffdcf45b9a4b7e3077585ac]-e11ccd3ab7969d92d6d7bde3c91165fce70b8abf from /home/runner/.gradle/caches,/home/runner/.gradle/notifications,/home/runner/.gradle/.setup-gradle in 3920ms
2026-05-11T20:04:53.5287292Z ##[endgroup]
2026-05-11T20:04:53.5292450Z Generating Job Summary
2026-05-11T20:04:53.5306566Z Completed post-action step
2026-05-11T20:04:53.5555379Z Post job cleanup.
2026-05-11T20:04:53.7405114Z Post job cleanup.
2026-05-11T20:04:53.8279626Z [command]/usr/bin/git version
2026-05-11T20:04:53.8320424Z git version 2.53.0
2026-05-11T20:04:53.8359627Z Temporarily overriding HOME='/home/runner/work/_temp/849f2944-3b7b-4a12-9e5c-d08259f258ec' before making global git config changes
2026-05-11T20:04:53.8361216Z Adding repository directory to the temporary git global config as a safe directory
2026-05-11T20:04:53.8365997Z [command]/usr/bin/git config --global --add safe.directory /home/runner/work/prismTask/prismTask
2026-05-11T20:04:53.8397297Z Removing SSH command configuration
2026-05-11T20:04:53.8403071Z [command]/usr/bin/git config --local --name-only --get-regexp core\.sshCommand
2026-05-11T20:04:53.8462187Z [command]/usr/bin/git submodule foreach --recursive sh -c "git config --local --name-only --get-regexp 'core\.sshCommand' && git config --local --unset-all 'core.sshCommand' || :"
2026-05-11T20:04:53.8727012Z Removing HTTP extra header
2026-05-11T20:04:53.8733631Z [command]/usr/bin/git config --local --name-only --get-regexp http\.https\:\/\/github\.com\/\.extraheader
2026-05-11T20:04:53.8769058Z [command]/usr/bin/git submodule foreach --recursive sh -c "git config --local --name-only --get-regexp 'http\.https\:\/\/github\.com\/\.extraheader' && git config --local --unset-all 'http.https://github.com/.extraheader' || :"
2026-05-11T20:04:53.9002159Z Removing includeIf entries pointing to credentials config files
2026-05-11T20:04:53.9009732Z [command]/usr/bin/git config --local --name-only --get-regexp ^includeIf\.gitdir:
2026-05-11T20:04:53.9033708Z includeif.gitdir:/home/runner/work/prismTask/prismTask/.git.path
2026-05-11T20:04:53.9034878Z includeif.gitdir:/home/runner/work/prismTask/prismTask/.git/worktrees/*.path
2026-05-11T20:04:53.9035991Z includeif.gitdir:/github/workspace/.git.path
2026-05-11T20:04:53.9036810Z includeif.gitdir:/github/workspace/.git/worktrees/*.path
2026-05-11T20:04:53.9043270Z [command]/usr/bin/git config --local --get-all includeif.gitdir:/home/runner/work/prismTask/prismTask/.git.path
2026-05-11T20:04:53.9066322Z /home/runner/work/_temp/git-credentials-fc4956a4-425d-4f80-b610-6fad4a010611.config
2026-05-11T20:04:53.9077238Z [command]/usr/bin/git config --local --unset includeif.gitdir:/home/runner/work/prismTask/prismTask/.git.path /home/runner/work/_temp/git-credentials-fc4956a4-425d-4f80-b610-6fad4a010611.config
2026-05-11T20:04:53.9113791Z [command]/usr/bin/git config --local --get-all includeif.gitdir:/home/runner/work/prismTask/prismTask/.git/worktrees/*.path
2026-05-11T20:04:53.9136118Z /home/runner/work/_temp/git-credentials-fc4956a4-425d-4f80-b610-6fad4a010611.config
2026-05-11T20:04:53.9145353Z [command]/usr/bin/git config --local --unset includeif.gitdir:/home/runner/work/prismTask/prismTask/.git/worktrees/*.path /home/runner/work/_temp/git-credentials-fc4956a4-425d-4f80-b610-6fad4a010611.config
2026-05-11T20:04:53.9177319Z [command]/usr/bin/git config --local --get-all includeif.gitdir:/github/workspace/.git.path
2026-05-11T20:04:53.9198708Z /github/runner_temp/git-credentials-fc4956a4-425d-4f80-b610-6fad4a010611.config
2026-05-11T20:04:53.9207563Z [command]/usr/bin/git config --local --unset includeif.gitdir:/github/workspace/.git.path /github/runner_temp/git-credentials-fc4956a4-425d-4f80-b610-6fad4a010611.config
2026-05-11T20:04:53.9242134Z [command]/usr/bin/git config --local --get-all includeif.gitdir:/github/workspace/.git/worktrees/*.path
2026-05-11T20:04:53.9266442Z /github/runner_temp/git-credentials-fc4956a4-425d-4f80-b610-6fad4a010611.config
2026-05-11T20:04:53.9277800Z [command]/usr/bin/git config --local --unset includeif.gitdir:/github/workspace/.git/worktrees/*.path /github/runner_temp/git-credentials-fc4956a4-425d-4f80-b610-6fad4a010611.config
2026-05-11T20:04:53.9316637Z [command]/usr/bin/git submodule foreach --recursive git config --local --show-origin --name-only --get-regexp remote.origin.url
2026-05-11T20:04:53.9556125Z Removing credentials config '/home/runner/work/_temp/git-credentials-fc4956a4-425d-4f80-b610-6fad4a010611.config'
2026-05-11T20:04:53.9712740Z Cleaning up orphan processes
2026-05-11T20:04:54.0102190Z Terminate orphan process: pid (3088) (adb)
2026-05-11T20:04:54.0123053Z ##[warning]Node.js 20 actions are deprecated. The following actions are running on Node.js 20 and may not work as expected: actions/setup-java@v4, gradle/actions/setup-gradle@v4. Actions will be forced to run with Node.js 24 by default starting June 2nd, 2026. Node.js 20 will be removed from the runner on September 16th, 2026. Please check if updated versions of these actions are available that support Node.js 24. To opt into Node.js 24 now, set the FORCE_JAVASCRIPT_ACTIONS_TO_NODE24=true environment variable on the runner or in your workflow file. Once Node.js 24 becomes the default, you can temporarily opt out by setting ACTIONS_ALLOW_USE_UNSECURE_NODE_VERSION=true. For more information see: https://github.blog/changelog/2025-09-19-deprecation-of-node-20-on-github-actions-runners/
