=== CI FAILURE ===
Workflow:      Web CI
Workflow file: averycorp/prismTask/.github/workflows/web-ci.yml@refs/pull/1572/merge
Job(s):        web-lint, web-lint-and-test
Run ID:        25953658072
Run attempt:   1
Run URL:       https://github.com/averycorp/prismTask/actions/runs/25953658072
Commit:        27c8590a78baf0f799a3b4a0523b053477f9dc72
Branch:        1572/merge
Event:         pull_request
Actor:         akarlin3
Runner OS:     Linux
Timestamp:     2026-05-16T05:17:44.030Z

Failed steps:
  - web-lint: #5 Run ESLint
  - web-lint-and-test: #2 Verify split web checks

=== FAILED JOB LOG ===

--- Job: web-lint (id 76296072482) ---
2026-05-16T05:16:43.1248031Z Current runner version: '2.334.0'
2026-05-16T05:16:43.1273704Z ##[group]Runner Image Provisioner
2026-05-16T05:16:43.1274475Z Hosted Compute Agent
2026-05-16T05:16:43.1275079Z Version: 20260213.493
2026-05-16T05:16:43.1275681Z Commit: 5c115507f6dd24b8de37d8bbe0bb4509d0cc0fa3
2026-05-16T05:16:43.1276434Z Build Date: 2026-02-13T00:28:41Z
2026-05-16T05:16:43.1277063Z Worker ID: {465fa6d1-16aa-4aa1-818f-ca0ab97943fc}
2026-05-16T05:16:43.1277782Z Azure Region: eastus
2026-05-16T05:16:43.1278326Z ##[endgroup]
2026-05-16T05:16:43.1279693Z ##[group]Operating System
2026-05-16T05:16:43.1280350Z Ubuntu
2026-05-16T05:16:43.1280828Z 24.04.4
2026-05-16T05:16:43.1281316Z LTS
2026-05-16T05:16:43.1282098Z ##[endgroup]
2026-05-16T05:16:43.1282707Z ##[group]Runner Image
2026-05-16T05:16:43.1283227Z Image: ubuntu-24.04
2026-05-16T05:16:43.1283777Z Version: 20260513.135.3
2026-05-16T05:16:43.1285052Z Included Software: https://github.com/actions/runner-images/blob/ubuntu24/20260513.135/images/ubuntu/Ubuntu2404-Readme.md
2026-05-16T05:16:43.1286583Z Image Release: https://github.com/actions/runner-images/releases/tag/ubuntu24%2F20260513.135
2026-05-16T05:16:43.1287476Z ##[endgroup]
2026-05-16T05:16:43.1288671Z ##[group]GITHUB_TOKEN Permissions
2026-05-16T05:16:43.1290922Z Actions: read
2026-05-16T05:16:43.1291758Z Checks: read
2026-05-16T05:16:43.1292241Z Contents: write
2026-05-16T05:16:43.1292862Z Metadata: read
2026-05-16T05:16:43.1293342Z ##[endgroup]
2026-05-16T05:16:43.1295529Z Secret source: Actions
2026-05-16T05:16:43.1296526Z Prepare workflow directory
2026-05-16T05:16:43.1687647Z Prepare all required actions
2026-05-16T05:16:43.1724630Z Getting action download info
2026-05-16T05:16:43.4234674Z Download action repository 'actions/checkout@v6' (SHA:de0fac2e4500dabe0009e67214ff5f5447ce83dd)
2026-05-16T05:16:43.6392179Z Complete job name: web-lint
2026-05-16T05:16:43.7098216Z ##[group]Run actions/checkout@v6
2026-05-16T05:16:43.7098975Z with:
2026-05-16T05:16:43.7099370Z   repository: averycorp/prismTask
2026-05-16T05:16:43.7100065Z   token: ***
2026-05-16T05:16:43.7100438Z   ssh-strict: true
2026-05-16T05:16:43.7100824Z   ssh-user: git
2026-05-16T05:16:43.7101206Z   persist-credentials: true
2026-05-16T05:16:43.7101900Z   clean: true
2026-05-16T05:16:43.7102284Z   sparse-checkout-cone-mode: true
2026-05-16T05:16:43.7102761Z   fetch-depth: 1
2026-05-16T05:16:43.7103131Z   fetch-tags: false
2026-05-16T05:16:43.7103518Z   show-progress: true
2026-05-16T05:16:43.7103924Z   lfs: false
2026-05-16T05:16:43.7104282Z   submodules: false
2026-05-16T05:16:43.7104674Z   set-safe-directory: true
2026-05-16T05:16:43.7105285Z ##[endgroup]
2026-05-16T05:16:43.8082098Z Syncing repository: averycorp/prismTask
2026-05-16T05:16:43.8083813Z ##[group]Getting Git version info
2026-05-16T05:16:43.8084472Z Working directory is '/home/runner/work/prismTask/prismTask'
2026-05-16T05:16:43.8085514Z [command]/usr/bin/git version
2026-05-16T05:16:43.8122866Z git version 2.54.0
2026-05-16T05:16:43.8144938Z ##[endgroup]
2026-05-16T05:16:43.8158255Z Temporarily overriding HOME='/home/runner/work/_temp/111f7d89-16d2-4286-8e5e-05e23e877dd7' before making global git config changes
2026-05-16T05:16:43.8160358Z Adding repository directory to the temporary git global config as a safe directory
2026-05-16T05:16:43.8163731Z [command]/usr/bin/git config --global --add safe.directory /home/runner/work/prismTask/prismTask
2026-05-16T05:16:43.8206211Z Deleting the contents of '/home/runner/work/prismTask/prismTask'
2026-05-16T05:16:43.8210266Z ##[group]Initializing the repository
2026-05-16T05:16:43.8215161Z [command]/usr/bin/git init /home/runner/work/prismTask/prismTask
2026-05-16T05:16:43.8285577Z hint: Using 'master' as the name for the initial branch. This default branch name
2026-05-16T05:16:43.8286820Z hint: will change to "main" in Git 3.0. To configure the initial branch name
2026-05-16T05:16:43.8288211Z hint: to use in all of your new repositories, which will suppress this warning,
2026-05-16T05:16:43.8289297Z hint: call:
2026-05-16T05:16:43.8289973Z hint:
2026-05-16T05:16:43.8290984Z hint: 	git config --global init.defaultBranch <name>
2026-05-16T05:16:43.8291797Z hint:
2026-05-16T05:16:43.8292325Z hint: Names commonly chosen instead of 'master' are 'main', 'trunk' and
2026-05-16T05:16:43.8293181Z hint: 'development'. The just-created branch can be renamed via this command:
2026-05-16T05:16:43.8293842Z hint:
2026-05-16T05:16:43.8294325Z hint: 	git branch -m <name>
2026-05-16T05:16:43.8294970Z hint:
2026-05-16T05:16:43.8295820Z hint: Disable this message with "git config set advice.defaultBranchName false"
2026-05-16T05:16:43.8296981Z Initialized empty Git repository in /home/runner/work/prismTask/prismTask/.git/
2026-05-16T05:16:43.8300431Z [command]/usr/bin/git remote add origin https://github.com/averycorp/prismTask
2026-05-16T05:16:43.8338930Z ##[endgroup]
2026-05-16T05:16:43.8343231Z ##[group]Disabling automatic garbage collection
2026-05-16T05:16:43.8344222Z [command]/usr/bin/git config --local gc.auto 0
2026-05-16T05:16:43.8373588Z ##[endgroup]
2026-05-16T05:16:43.8374623Z ##[group]Setting up auth
2026-05-16T05:16:43.8375370Z Removing SSH command configuration
2026-05-16T05:16:43.8380591Z [command]/usr/bin/git config --local --name-only --get-regexp core\.sshCommand
2026-05-16T05:16:43.8413856Z [command]/usr/bin/git submodule foreach --recursive sh -c "git config --local --name-only --get-regexp 'core\.sshCommand' && git config --local --unset-all 'core.sshCommand' || :"
2026-05-16T05:16:43.8759029Z Removing HTTP extra header
2026-05-16T05:16:43.8764731Z [command]/usr/bin/git config --local --name-only --get-regexp http\.https\:\/\/github\.com\/\.extraheader
2026-05-16T05:16:43.8796382Z [command]/usr/bin/git submodule foreach --recursive sh -c "git config --local --name-only --get-regexp 'http\.https\:\/\/github\.com\/\.extraheader' && git config --local --unset-all 'http.https://github.com/.extraheader' || :"
2026-05-16T05:16:43.9022706Z Removing includeIf entries pointing to credentials config files
2026-05-16T05:16:43.9028667Z [command]/usr/bin/git config --local --name-only --get-regexp ^includeIf\.gitdir:
2026-05-16T05:16:43.9061304Z [command]/usr/bin/git submodule foreach --recursive git config --local --show-origin --name-only --get-regexp remote.origin.url
2026-05-16T05:16:43.9294832Z [command]/usr/bin/git config --file /home/runner/work/_temp/git-credentials-71554368-99eb-4309-84e1-1b33dad68134.config http.https://github.com/.extraheader AUTHORIZATION: basic ***
2026-05-16T05:16:43.9331595Z [command]/usr/bin/git config --local includeIf.gitdir:/home/runner/work/prismTask/prismTask/.git.path /home/runner/work/_temp/git-credentials-71554368-99eb-4309-84e1-1b33dad68134.config
2026-05-16T05:16:43.9362558Z [command]/usr/bin/git config --local includeIf.gitdir:/home/runner/work/prismTask/prismTask/.git/worktrees/*.path /home/runner/work/_temp/git-credentials-71554368-99eb-4309-84e1-1b33dad68134.config
2026-05-16T05:16:43.9395744Z [command]/usr/bin/git config --local includeIf.gitdir:/github/workspace/.git.path /github/runner_temp/git-credentials-71554368-99eb-4309-84e1-1b33dad68134.config
2026-05-16T05:16:43.9427635Z [command]/usr/bin/git config --local includeIf.gitdir:/github/workspace/.git/worktrees/*.path /github/runner_temp/git-credentials-71554368-99eb-4309-84e1-1b33dad68134.config
2026-05-16T05:16:43.9462554Z ##[endgroup]
2026-05-16T05:16:43.9463558Z ##[group]Fetching the repository
2026-05-16T05:16:43.9472162Z [command]/usr/bin/git -c protocol.version=2 fetch --no-tags --prune --no-recurse-submodules --depth=1 origin +27c8590a78baf0f799a3b4a0523b053477f9dc72:refs/remotes/pull/1572/merge
2026-05-16T05:16:45.3553337Z From https://github.com/averycorp/prismTask
2026-05-16T05:16:45.3555205Z  * [new ref]         27c8590a78baf0f799a3b4a0523b053477f9dc72 -> pull/1572/merge
2026-05-16T05:16:45.3587794Z ##[endgroup]
2026-05-16T05:16:45.3589264Z ##[group]Determining the checkout info
2026-05-16T05:16:45.3590947Z ##[endgroup]
2026-05-16T05:16:45.3594151Z [command]/usr/bin/git sparse-checkout disable
2026-05-16T05:16:45.3639980Z [command]/usr/bin/git config --local --unset-all extensions.worktreeConfig
2026-05-16T05:16:45.3669878Z ##[group]Checking out the ref
2026-05-16T05:16:45.3673650Z [command]/usr/bin/git checkout --progress --force refs/remotes/pull/1572/merge
2026-05-16T05:16:45.6713214Z Note: switching to 'refs/remotes/pull/1572/merge'.
2026-05-16T05:16:45.6713730Z 
2026-05-16T05:16:45.6714119Z You are in 'detached HEAD' state. You can look around, make experimental
2026-05-16T05:16:45.6714940Z changes and commit them, and you can discard any commits you make in this
2026-05-16T05:16:45.6715795Z state without impacting any branches by switching back to a branch.
2026-05-16T05:16:45.6716256Z 
2026-05-16T05:16:45.6716481Z If you want to create a new branch to retain commits you create, you may
2026-05-16T05:16:45.6717001Z do so (now or later) by using -c with the switch command. Example:
2026-05-16T05:16:45.6717315Z 
2026-05-16T05:16:45.6717441Z   git switch -c <new-branch-name>
2026-05-16T05:16:45.6717637Z 
2026-05-16T05:16:45.6717768Z Or undo this operation with:
2026-05-16T05:16:45.6717968Z 
2026-05-16T05:16:45.6718094Z   git switch -
2026-05-16T05:16:45.6718254Z 
2026-05-16T05:16:45.6718528Z Turn off this advice by setting config variable advice.detachedHead to false
2026-05-16T05:16:45.6718856Z 
2026-05-16T05:16:45.6719209Z HEAD is now at 27c8590 Merge 73511617e3b952744e3208687844c7b8f263f22f into 8055ed993bd0cc49e433bfeb14f6abf10d6cf740
2026-05-16T05:16:45.6737424Z ##[endgroup]
2026-05-16T05:16:45.6783121Z [command]/usr/bin/git log -1 --format=%H
2026-05-16T05:16:45.6807390Z 27c8590a78baf0f799a3b4a0523b053477f9dc72
2026-05-16T05:16:45.7098714Z Prepare all required actions
2026-05-16T05:16:45.7099198Z Getting action download info
2026-05-16T05:16:45.8247489Z Download action repository 'actions/setup-node@v4' (SHA:49933ea5288caeca8642d1e84afbd3f7d6820020)
2026-05-16T05:16:45.9252713Z ##[group]Run ./.github/actions/setup-node-web
2026-05-16T05:16:45.9253058Z ##[endgroup]
2026-05-16T05:16:45.9382921Z ##[group]Run actions/setup-node@v4
2026-05-16T05:16:45.9383255Z with:
2026-05-16T05:16:45.9383533Z   node-version: 22
2026-05-16T05:16:45.9383768Z   cache: npm
2026-05-16T05:16:45.9384030Z   cache-dependency-path: web/package-lock.json
2026-05-16T05:16:45.9384354Z   always-auth: false
2026-05-16T05:16:45.9384585Z   check-latest: false
2026-05-16T05:16:45.9384965Z   token: ***
2026-05-16T05:16:45.9385191Z ##[endgroup]
2026-05-16T05:16:46.1223968Z Found in cache @ /opt/hostedtoolcache/node/22.22.2/x64
2026-05-16T05:16:46.1229801Z ##[group]Environment details
2026-05-16T05:16:46.4439034Z node: v22.22.2
2026-05-16T05:16:46.4439597Z npm: 10.9.7
2026-05-16T05:16:46.4439877Z yarn: 1.22.22
2026-05-16T05:16:46.4440719Z ##[endgroup]
2026-05-16T05:16:46.4464935Z [command]/opt/hostedtoolcache/node/22.22.2/x64/bin/npm config get cache
2026-05-16T05:16:46.5559789Z /home/runner/.npm
2026-05-16T05:16:46.6570800Z npm cache is not found
2026-05-16T05:16:46.6720984Z ##[group]Run npm ci
2026-05-16T05:16:46.6721295Z [36;1mnpm ci[0m
2026-05-16T05:16:46.6767751Z shell: /usr/bin/bash --noprofile --norc -e -o pipefail {0}
2026-05-16T05:16:46.6768129Z ##[endgroup]
2026-05-16T05:16:57.2113609Z 
2026-05-16T05:16:57.2120344Z added 435 packages, and audited 436 packages in 10s
2026-05-16T05:16:57.2120794Z 
2026-05-16T05:16:57.2121014Z 94 packages are looking for funding
2026-05-16T05:16:57.2121339Z   run `npm fund` for details
2026-05-16T05:16:57.2193563Z 
2026-05-16T05:16:57.2194115Z 3 vulnerabilities (2 moderate, 1 critical)
2026-05-16T05:16:57.2194465Z 
2026-05-16T05:16:57.2194677Z To address all issues, run:
2026-05-16T05:16:57.2195066Z   npm audit fix
2026-05-16T05:16:57.2195309Z 
2026-05-16T05:16:57.2195479Z Run `npm audit` for details.
2026-05-16T05:16:57.2860940Z ##[group]Run npm run lint
2026-05-16T05:16:57.2861208Z [36;1mnpm run lint[0m
2026-05-16T05:16:57.2900520Z shell: /usr/bin/bash -e {0}
2026-05-16T05:16:57.2900785Z ##[endgroup]
2026-05-16T05:16:57.3903206Z 
2026-05-16T05:16:57.3903608Z > web@1.6.0 lint
2026-05-16T05:16:57.3903994Z > eslint .
2026-05-16T05:16:57.3904119Z 
2026-05-16T05:17:16.6347809Z 
2026-05-16T05:17:16.6349542Z /home/runner/work/prismTask/prismTask/web/src/features/medication/MedicationEditorDialog.tsx
2026-05-16T05:17:16.6350816Z   190:7  error  Error: Calling setState synchronously within an effect can trigger cascading renders
2026-05-16T05:17:16.6351354Z 
2026-05-16T05:17:16.6353020Z Effects are intended to synchronize state between React and external systems such as manually updating the DOM, state management libraries, or other platform APIs. In general, the body of an effect should do one or both of the following:
2026-05-16T05:17:16.6354652Z * Update external systems with the latest state from React.
2026-05-16T05:17:16.6355824Z * Subscribe for updates from some external system, calling setState in a callback function when external state changes.
2026-05-16T05:17:16.6356456Z 
2026-05-16T05:17:16.6357678Z Calling setState synchronously within an effect body causes cascading renders that can hurt performance, and is not recommended. (https://react.dev/learn/you-might-not-need-an-effect).
2026-05-16T05:17:16.6358320Z 
2026-05-16T05:17:16.6358746Z /home/runner/work/prismTask/prismTask/web/src/features/medication/MedicationEditorDialog.tsx:190:7
2026-05-16T05:17:16.6359237Z   188 |   useEffect(() => {
2026-05-16T05:17:16.6359484Z   189 |     if (isOpen) {
2026-05-16T05:17:16.6359779Z > 190 |       setForm(initialState(initial));
2026-05-16T05:17:16.6360167Z       |       ^^^^^^^ Avoid calling setState() directly within an effect
2026-05-16T05:17:16.6360526Z   191 |       setErrors({});
2026-05-16T05:17:16.6360746Z   192 |     }
2026-05-16T05:17:16.6361049Z   193 |   }, [isOpen, initial]);  react-hooks/set-state-in-effect
2026-05-16T05:17:16.6361276Z 
2026-05-16T05:17:16.6361931Z /home/runner/work/prismTask/prismTask/web/src/features/medication/MedicationRefillScreen.tsx
2026-05-16T05:17:16.6362551Z    88:17  error  Error: Cannot call impure function during render
2026-05-16T05:17:16.6362777Z 
2026-05-16T05:17:16.6363945Z `Date.now` is an impure function. Calling an impure function can produce unstable results that update unpredictably when the component happens to re-render. (https://react.dev/reference/rules/components-and-hooks-must-be-pure#components-and-hooks-must-be-idempotent).
2026-05-16T05:17:16.6364903Z 
2026-05-16T05:17:16.6365313Z /home/runner/work/prismTask/prismTask/web/src/features/medication/MedicationRefillScreen.tsx:88:17
2026-05-16T05:17:16.6365766Z   86 |
2026-05-16T05:17:16.6365990Z   87 |   const forecasts = useMemo(() => {
2026-05-16T05:17:16.6366307Z > 88 |     const now = Date.now();
2026-05-16T05:17:16.6366610Z      |                 ^^^^^^^^^^ Cannot call impure function
2026-05-16T05:17:16.6367001Z   89 |     const map = new Map<string, RefillForecast>();
2026-05-16T05:17:16.6367329Z   90 |     for (const refill of refills) {
2026-05-16T05:17:16.6368251Z   91 |       map.set(refill.id, forecastRefill(refill, now));                                                                                                                                                                                                                                                                                                                               react-hooks/purity
2026-05-16T05:17:16.6369307Z   382:7   error  Error: Calling setState synchronously within an effect can trigger cascading renders
2026-05-16T05:17:16.6369660Z 
2026-05-16T05:17:16.6370565Z Effects are intended to synchronize state between React and external systems such as manually updating the DOM, state management libraries, or other platform APIs. In general, the body of an effect should do one or both of the following:
2026-05-16T05:17:16.6372028Z * Update external systems with the latest state from React.
2026-05-16T05:17:16.6372724Z * Subscribe for updates from some external system, calling setState in a callback function when external state changes.
2026-05-16T05:17:16.6373138Z 
2026-05-16T05:17:16.6373933Z Calling setState synchronously within an effect body causes cascading renders that can hurt performance, and is not recommended. (https://react.dev/learn/you-might-not-need-an-effect).
2026-05-16T05:17:16.6374686Z 
2026-05-16T05:17:16.6375086Z /home/runner/work/prismTask/prismTask/web/src/features/medication/MedicationRefillScreen.tsx:382:7
2026-05-16T05:17:16.6375557Z   380 |   useEffect(() => {
2026-05-16T05:17:16.6375780Z   381 |     if (isOpen) {
2026-05-16T05:17:16.6376078Z > 382 |       setForm(initialEditorState(initial));
2026-05-16T05:17:16.6376447Z       |       ^^^^^^^ Avoid calling setState() directly within an effect
2026-05-16T05:17:16.6376762Z   383 |       setErrors({});
2026-05-16T05:17:16.6376987Z   384 |     }
2026-05-16T05:17:16.6377272Z   385 |   }, [isOpen, initial]);  react-hooks/set-state-in-effect
2026-05-16T05:17:16.6377503Z 
2026-05-16T05:17:16.6377810Z /home/runner/work/prismTask/prismTask/web/src/features/selfcare/SelfCareScreen.tsx
2026-05-16T05:17:16.6378360Z   35:31  error  Error: Cannot call impure function during render
2026-05-16T05:17:16.6378586Z 
2026-05-16T05:17:16.6379666Z `Date.now` is an impure function. Calling an impure function can produce unstable results that update unpredictably when the component happens to re-render. (https://react.dev/reference/rules/components-and-hooks-must-be-pure#components-and-hooks-must-be-idempotent).
2026-05-16T05:17:16.6380572Z 
2026-05-16T05:17:16.6380907Z /home/runner/work/prismTask/prismTask/web/src/features/selfcare/SelfCareScreen.tsx:35:31
2026-05-16T05:17:16.6381313Z   33 |
2026-05-16T05:17:16.6381782Z   34 |   const todayMs = useMemo(
2026-05-16T05:17:16.6382152Z > 35 |     () => startOfLogicalDayMs(Date.now(), startOfDayHour),
2026-05-16T05:17:16.6382556Z      |                               ^^^^^^^^^^ Cannot call impure function
2026-05-16T05:17:16.6382856Z   36 |     [startOfDayHour],
2026-05-16T05:17:16.6383075Z   37 |   );
2026-05-16T05:17:16.6383269Z   38 |  react-hooks/purity
2026-05-16T05:17:16.6383407Z 
2026-05-16T05:17:16.6383715Z /home/runner/work/prismTask/prismTask/web/src/features/today/PlanForTodaySheet.tsx
2026-05-16T05:17:16.6384432Z   73:7  error  Error: Calling setState synchronously within an effect can trigger cascading renders
2026-05-16T05:17:16.6384781Z 
2026-05-16T05:17:16.6385701Z Effects are intended to synchronize state between React and external systems such as manually updating the DOM, state management libraries, or other platform APIs. In general, the body of an effect should do one or both of the following:
2026-05-16T05:17:16.6386651Z * Update external systems with the latest state from React.
2026-05-16T05:17:16.6387319Z * Subscribe for updates from some external system, calling setState in a callback function when external state changes.
2026-05-16T05:17:16.6387728Z 
2026-05-16T05:17:16.6388459Z Calling setState synchronously within an effect body causes cascading renders that can hurt performance, and is not recommended. (https://react.dev/learn/you-might-not-need-an-effect).
2026-05-16T05:17:16.6389062Z 
2026-05-16T05:17:16.6389400Z /home/runner/work/prismTask/prismTask/web/src/features/today/PlanForTodaySheet.tsx:73:7
2026-05-16T05:17:16.6389815Z   71 |   useEffect(() => {
2026-05-16T05:17:16.6390036Z   72 |     if (isOpen) {
2026-05-16T05:17:16.6390258Z > 73 |       setSearch('');
2026-05-16T05:17:16.6390575Z      |       ^^^^^^^^^ Avoid calling setState() directly within an effect
2026-05-16T05:17:16.6390919Z   74 |       setSelectedIds(new Set());
2026-05-16T05:17:16.6391181Z   75 |       setMultiSelect(false);
2026-05-16T05:17:16.6391717Z   76 |     }  react-hooks/set-state-in-effect
2026-05-16T05:17:16.6391898Z 
2026-05-16T05:17:16.6392317Z ✖ 5 problems (5 errors, 0 warnings)
2026-05-16T05:17:16.6392479Z 
2026-05-16T05:17:16.8484082Z ##[error]Process completed with exit code 1.
2026-05-16T05:17:16.8555091Z Post job cleanup.
2026-05-16T05:17:16.8636727Z Post job cleanup.
2026-05-16T05:17:16.9506525Z [command]/usr/bin/git version
2026-05-16T05:17:16.9543305Z git version 2.54.0
2026-05-16T05:17:16.9582326Z Temporarily overriding HOME='/home/runner/work/_temp/632ecbce-2ce3-4c28-aa0b-189cdd4a03c9' before making global git config changes
2026-05-16T05:17:16.9584023Z Adding repository directory to the temporary git global config as a safe directory
2026-05-16T05:17:16.9587823Z [command]/usr/bin/git config --global --add safe.directory /home/runner/work/prismTask/prismTask
2026-05-16T05:17:16.9618898Z Removing SSH command configuration
2026-05-16T05:17:16.9625073Z [command]/usr/bin/git config --local --name-only --get-regexp core\.sshCommand
2026-05-16T05:17:16.9661232Z [command]/usr/bin/git submodule foreach --recursive sh -c "git config --local --name-only --get-regexp 'core\.sshCommand' && git config --local --unset-all 'core.sshCommand' || :"
2026-05-16T05:17:16.9902163Z Removing HTTP extra header
2026-05-16T05:17:16.9906945Z [command]/usr/bin/git config --local --name-only --get-regexp http\.https\:\/\/github\.com\/\.extraheader
2026-05-16T05:17:16.9939954Z [command]/usr/bin/git submodule foreach --recursive sh -c "git config --local --name-only --get-regexp 'http\.https\:\/\/github\.com\/\.extraheader' && git config --local --unset-all 'http.https://github.com/.extraheader' || :"
2026-05-16T05:17:17.0171678Z Removing includeIf entries pointing to credentials config files
2026-05-16T05:17:17.0177293Z [command]/usr/bin/git config --local --name-only --get-regexp ^includeIf\.gitdir:
2026-05-16T05:17:17.0202537Z includeif.gitdir:/home/runner/work/prismTask/prismTask/.git.path
2026-05-16T05:17:17.0203365Z includeif.gitdir:/home/runner/work/prismTask/prismTask/.git/worktrees/*.path
2026-05-16T05:17:17.0203862Z includeif.gitdir:/github/workspace/.git.path
2026-05-16T05:17:17.0204280Z includeif.gitdir:/github/workspace/.git/worktrees/*.path
2026-05-16T05:17:17.0212231Z [command]/usr/bin/git config --local --get-all includeif.gitdir:/home/runner/work/prismTask/prismTask/.git.path
2026-05-16T05:17:17.0233447Z /home/runner/work/_temp/git-credentials-71554368-99eb-4309-84e1-1b33dad68134.config
2026-05-16T05:17:17.0243660Z [command]/usr/bin/git config --local --unset includeif.gitdir:/home/runner/work/prismTask/prismTask/.git.path /home/runner/work/_temp/git-credentials-71554368-99eb-4309-84e1-1b33dad68134.config
2026-05-16T05:17:17.0280316Z [command]/usr/bin/git config --local --get-all includeif.gitdir:/home/runner/work/prismTask/prismTask/.git/worktrees/*.path
2026-05-16T05:17:17.0303359Z /home/runner/work/_temp/git-credentials-71554368-99eb-4309-84e1-1b33dad68134.config
2026-05-16T05:17:17.0312187Z [command]/usr/bin/git config --local --unset includeif.gitdir:/home/runner/work/prismTask/prismTask/.git/worktrees/*.path /home/runner/work/_temp/git-credentials-71554368-99eb-4309-84e1-1b33dad68134.config
2026-05-16T05:17:17.0343349Z [command]/usr/bin/git config --local --get-all includeif.gitdir:/github/workspace/.git.path
2026-05-16T05:17:17.0365187Z /github/runner_temp/git-credentials-71554368-99eb-4309-84e1-1b33dad68134.config
2026-05-16T05:17:17.0372623Z [command]/usr/bin/git config --local --unset includeif.gitdir:/github/workspace/.git.path /github/runner_temp/git-credentials-71554368-99eb-4309-84e1-1b33dad68134.config
2026-05-16T05:17:17.0405255Z [command]/usr/bin/git config --local --get-all includeif.gitdir:/github/workspace/.git/worktrees/*.path
2026-05-16T05:17:17.0427320Z /github/runner_temp/git-credentials-71554368-99eb-4309-84e1-1b33dad68134.config
2026-05-16T05:17:17.0436020Z [command]/usr/bin/git config --local --unset includeif.gitdir:/github/workspace/.git/worktrees/*.path /github/runner_temp/git-credentials-71554368-99eb-4309-84e1-1b33dad68134.config
2026-05-16T05:17:17.0468614Z [command]/usr/bin/git submodule foreach --recursive git config --local --show-origin --name-only --get-regexp remote.origin.url
2026-05-16T05:17:17.0705052Z Removing credentials config '/home/runner/work/_temp/git-credentials-71554368-99eb-4309-84e1-1b33dad68134.config'
2026-05-16T05:17:17.0860265Z Cleaning up orphan processes
2026-05-16T05:17:17.1148291Z ##[warning]Node.js 20 actions are deprecated. The following actions are running on Node.js 20 and may not work as expected: actions/setup-node@v4. Actions will be forced to run with Node.js 24 by default starting June 2nd, 2026. Node.js 20 will be removed from the runner on September 16th, 2026. Please check if updated versions of these actions are available that support Node.js 24. To opt into Node.js 24 now, set the FORCE_JAVASCRIPT_ACTIONS_TO_NODE24=true environment variable on the runner or in your workflow file. Once Node.js 24 becomes the default, you can temporarily opt out by setting ACTIONS_ALLOW_USE_UNSECURE_NODE_VERSION=true. For more information see: https://github.blog/changelog/2025-09-19-deprecation-of-node-20-on-github-actions-runners/


--- Job: web-lint-and-test (id 76296121399) ---
2026-05-16T05:17:36.1274286Z Current runner version: '2.334.0'
2026-05-16T05:17:36.1299059Z ##[group]Runner Image Provisioner
2026-05-16T05:17:36.1299860Z Hosted Compute Agent
2026-05-16T05:17:36.1300485Z Version: 20260213.493
2026-05-16T05:17:36.1301080Z Commit: 5c115507f6dd24b8de37d8bbe0bb4509d0cc0fa3
2026-05-16T05:17:36.1302133Z Build Date: 2026-02-13T00:28:41Z
2026-05-16T05:17:36.1302877Z Worker ID: {7a621471-a701-46cc-8808-5c144d4c1c3b}
2026-05-16T05:17:36.1303560Z Azure Region: northcentralus
2026-05-16T05:17:36.1304090Z ##[endgroup]
2026-05-16T05:17:36.1305732Z ##[group]Operating System
2026-05-16T05:17:36.1306299Z Ubuntu
2026-05-16T05:17:36.1306793Z 24.04.4
2026-05-16T05:17:36.1307286Z LTS
2026-05-16T05:17:36.1307749Z ##[endgroup]
2026-05-16T05:17:36.1308196Z ##[group]Runner Image
2026-05-16T05:17:36.1308761Z Image: ubuntu-24.04
2026-05-16T05:17:36.1309277Z Version: 20260513.135.3
2026-05-16T05:17:36.1310400Z Included Software: https://github.com/actions/runner-images/blob/ubuntu24/20260513.135/images/ubuntu/Ubuntu2404-Readme.md
2026-05-16T05:17:36.1312309Z Image Release: https://github.com/actions/runner-images/releases/tag/ubuntu24%2F20260513.135
2026-05-16T05:17:36.1313240Z ##[endgroup]
2026-05-16T05:17:36.1314429Z ##[group]GITHUB_TOKEN Permissions
2026-05-16T05:17:36.1316246Z Actions: read
2026-05-16T05:17:36.1316768Z Checks: read
2026-05-16T05:17:36.1317360Z Contents: write
2026-05-16T05:17:36.1317824Z Metadata: read
2026-05-16T05:17:36.1318293Z ##[endgroup]
2026-05-16T05:17:36.1320360Z Secret source: Actions
2026-05-16T05:17:36.1321063Z Prepare workflow directory
2026-05-16T05:17:36.1665993Z Prepare all required actions
2026-05-16T05:17:36.1760623Z Complete job name: web-lint-and-test
2026-05-16T05:17:36.2535520Z ##[group]Run if [ 'failure' != 'success' ]; then
2026-05-16T05:17:36.2536358Z [36;1mif [ 'failure' != 'success' ]; then[0m
2026-05-16T05:17:36.2537071Z [36;1m  echo "web-lint finished with failure" >&2[0m
2026-05-16T05:17:36.2537995Z [36;1m  exit 1[0m
2026-05-16T05:17:36.2538474Z [36;1mfi[0m
2026-05-16T05:17:36.2539024Z [36;1mif [ 'success' != 'success' ]; then[0m
2026-05-16T05:17:36.2539733Z [36;1m  echo "web-unit-tests finished with success" >&2[0m
2026-05-16T05:17:36.2540413Z [36;1m  exit 1[0m
2026-05-16T05:17:36.2540836Z [36;1mfi[0m
2026-05-16T05:17:36.2541752Z [36;1mif [ 'success' != 'success' ]; then[0m
2026-05-16T05:17:36.2542516Z [36;1m  echo "web-build finished with success" >&2[0m
2026-05-16T05:17:36.2543118Z [36;1m  exit 1[0m
2026-05-16T05:17:36.2543606Z [36;1mfi[0m
2026-05-16T05:17:36.2544201Z [36;1mecho "✓ Split web lint, unit-test shards, and build passed."[0m
2026-05-16T05:17:36.3141059Z shell: /usr/bin/bash -e {0}
2026-05-16T05:17:36.3143159Z ##[endgroup]
2026-05-16T05:17:36.3433738Z web-lint finished with failure
2026-05-16T05:17:36.3460079Z ##[error]Process completed with exit code 1.
2026-05-16T05:17:36.3721802Z Cleaning up orphan processes
