=== CI FAILURE ===
Workflow:      Web CI
Workflow file: averycorp/prismTask/.github/workflows/web-ci.yml@refs/pull/1666/merge
Job(s):        web-build, web-unit-tests (3, 3), web-lint-and-test
Run ID:        26074003373
Run attempt:   1
Run URL:       https://github.com/averycorp/prismTask/actions/runs/26074003373
Commit:        51f5a09b84bd3c9f7b3acd319d64ac4a3eaf8b5d
Branch:        1666/merge
Event:         pull_request
Actor:         akarlin3
Runner OS:     Linux
Timestamp:     2026-05-19T03:17:58.949Z

Failed steps:
  - web-build: #5 Build web app
  - web-unit-tests (3, 3): #5 Run Vitest shard 3/3
  - web-lint-and-test: #2 Verify split web checks

=== FAILED JOB LOG ===

--- Job: web-build (id 76661130715) ---
2026-05-19T03:16:52.8995435Z Current runner version: '2.334.0'
2026-05-19T03:16:52.9020931Z ##[group]Runner Image Provisioner
2026-05-19T03:16:52.9021719Z Hosted Compute Agent
2026-05-19T03:16:52.9022598Z Version: 20260213.493
2026-05-19T03:16:52.9023253Z Commit: 5c115507f6dd24b8de37d8bbe0bb4509d0cc0fa3
2026-05-19T03:16:52.9023986Z Build Date: 2026-02-13T00:28:41Z
2026-05-19T03:16:52.9024652Z Worker ID: {2f77cb01-8979-4e19-9ec2-beb4e4158f61}
2026-05-19T03:16:52.9025348Z Azure Region: eastus
2026-05-19T03:16:52.9025934Z ##[endgroup]
2026-05-19T03:16:52.9027629Z ##[group]Operating System
2026-05-19T03:16:52.9028485Z Ubuntu
2026-05-19T03:16:52.9028998Z 24.04.4
2026-05-19T03:16:52.9029492Z LTS
2026-05-19T03:16:52.9029924Z ##[endgroup]
2026-05-19T03:16:52.9030515Z ##[group]Runner Image
2026-05-19T03:16:52.9031085Z Image: ubuntu-24.04
2026-05-19T03:16:52.9031587Z Version: 20260513.135.3
2026-05-19T03:16:52.9033098Z Included Software: https://github.com/actions/runner-images/blob/ubuntu24/20260513.135/images/ubuntu/Ubuntu2404-Readme.md
2026-05-19T03:16:52.9034619Z Image Release: https://github.com/actions/runner-images/releases/tag/ubuntu24%2F20260513.135
2026-05-19T03:16:52.9035544Z ##[endgroup]
2026-05-19T03:16:52.9036886Z ##[group]GITHUB_TOKEN Permissions
2026-05-19T03:16:52.9039452Z Actions: read
2026-05-19T03:16:52.9040231Z Checks: read
2026-05-19T03:16:52.9040877Z Contents: write
2026-05-19T03:16:52.9041700Z Metadata: read
2026-05-19T03:16:52.9042454Z ##[endgroup]
2026-05-19T03:16:52.9044971Z Secret source: Actions
2026-05-19T03:16:52.9045905Z Prepare workflow directory
2026-05-19T03:16:52.9440632Z Prepare all required actions
2026-05-19T03:16:52.9478215Z Getting action download info
2026-05-19T03:16:53.2151197Z Download action repository 'actions/checkout@v6' (SHA:de0fac2e4500dabe0009e67214ff5f5447ce83dd)
2026-05-19T03:16:53.4507804Z Complete job name: web-build
2026-05-19T03:16:53.5195377Z ##[group]Run actions/checkout@v6
2026-05-19T03:16:53.5196135Z with:
2026-05-19T03:16:53.5196525Z   repository: averycorp/prismTask
2026-05-19T03:16:53.5197223Z   token: ***
2026-05-19T03:16:53.5197603Z   ssh-strict: true
2026-05-19T03:16:53.5197984Z   ssh-user: git
2026-05-19T03:16:53.5198376Z   persist-credentials: true
2026-05-19T03:16:53.5198798Z   clean: true
2026-05-19T03:16:53.5199189Z   sparse-checkout-cone-mode: true
2026-05-19T03:16:53.5199632Z   fetch-depth: 1
2026-05-19T03:16:53.5200010Z   fetch-tags: false
2026-05-19T03:16:53.5200390Z   show-progress: true
2026-05-19T03:16:53.5200782Z   lfs: false
2026-05-19T03:16:53.5201253Z   submodules: false
2026-05-19T03:16:53.5201650Z   set-safe-directory: true
2026-05-19T03:16:53.5202501Z ##[endgroup]
2026-05-19T03:16:53.6177441Z Syncing repository: averycorp/prismTask
2026-05-19T03:16:53.6179119Z ##[group]Getting Git version info
2026-05-19T03:16:53.6179794Z Working directory is '/home/runner/work/prismTask/prismTask'
2026-05-19T03:16:53.6180814Z [command]/usr/bin/git version
2026-05-19T03:16:53.6234156Z git version 2.54.0
2026-05-19T03:16:53.6288330Z ##[endgroup]
2026-05-19T03:16:53.6302435Z Temporarily overriding HOME='/home/runner/work/_temp/564b7502-4782-4962-a3d8-c11ce4c3187f' before making global git config changes
2026-05-19T03:16:53.6304534Z Adding repository directory to the temporary git global config as a safe directory
2026-05-19T03:16:53.6307944Z [command]/usr/bin/git config --global --add safe.directory /home/runner/work/prismTask/prismTask
2026-05-19T03:16:53.6355643Z Deleting the contents of '/home/runner/work/prismTask/prismTask'
2026-05-19T03:16:53.6360095Z ##[group]Initializing the repository
2026-05-19T03:16:53.6364446Z [command]/usr/bin/git init /home/runner/work/prismTask/prismTask
2026-05-19T03:16:53.6458882Z hint: Using 'master' as the name for the initial branch. This default branch name
2026-05-19T03:16:53.6460208Z hint: will change to "main" in Git 3.0. To configure the initial branch name
2026-05-19T03:16:53.6461109Z hint: to use in all of your new repositories, which will suppress this warning,
2026-05-19T03:16:53.6461778Z hint: call:
2026-05-19T03:16:53.6462131Z hint:
2026-05-19T03:16:53.6463099Z hint: 	git config --global init.defaultBranch <name>
2026-05-19T03:16:53.6463667Z hint:
2026-05-19T03:16:53.6464264Z hint: Names commonly chosen instead of 'master' are 'main', 'trunk' and
2026-05-19T03:16:53.6465601Z hint: 'development'. The just-created branch can be renamed via this command:
2026-05-19T03:16:53.6466766Z hint:
2026-05-19T03:16:53.6467320Z hint: 	git branch -m <name>
2026-05-19T03:16:53.6467956Z hint:
2026-05-19T03:16:53.6468687Z hint: Disable this message with "git config set advice.defaultBranchName false"
2026-05-19T03:16:53.6469630Z Initialized empty Git repository in /home/runner/work/prismTask/prismTask/.git/
2026-05-19T03:16:53.6476399Z [command]/usr/bin/git remote add origin https://github.com/averycorp/prismTask
2026-05-19T03:16:53.6518319Z ##[endgroup]
2026-05-19T03:16:53.6519041Z ##[group]Disabling automatic garbage collection
2026-05-19T03:16:53.6522528Z [command]/usr/bin/git config --local gc.auto 0
2026-05-19T03:16:53.6551392Z ##[endgroup]
2026-05-19T03:16:53.6552492Z ##[group]Setting up auth
2026-05-19T03:16:53.6553201Z Removing SSH command configuration
2026-05-19T03:16:53.6558153Z [command]/usr/bin/git config --local --name-only --get-regexp core\.sshCommand
2026-05-19T03:16:53.6592821Z [command]/usr/bin/git submodule foreach --recursive sh -c "git config --local --name-only --get-regexp 'core\.sshCommand' && git config --local --unset-all 'core.sshCommand' || :"
2026-05-19T03:16:53.6932736Z Removing HTTP extra header
2026-05-19T03:16:53.6938907Z [command]/usr/bin/git config --local --name-only --get-regexp http\.https\:\/\/github\.com\/\.extraheader
2026-05-19T03:16:53.6971688Z [command]/usr/bin/git submodule foreach --recursive sh -c "git config --local --name-only --get-regexp 'http\.https\:\/\/github\.com\/\.extraheader' && git config --local --unset-all 'http.https://github.com/.extraheader' || :"
2026-05-19T03:16:53.7192879Z Removing includeIf entries pointing to credentials config files
2026-05-19T03:16:53.7199707Z [command]/usr/bin/git config --local --name-only --get-regexp ^includeIf\.gitdir:
2026-05-19T03:16:53.7234235Z [command]/usr/bin/git submodule foreach --recursive git config --local --show-origin --name-only --get-regexp remote.origin.url
2026-05-19T03:16:53.7468595Z [command]/usr/bin/git config --file /home/runner/work/_temp/git-credentials-864ada87-d61b-479f-b402-7d028b34a76c.config http.https://github.com/.extraheader AUTHORIZATION: basic ***
2026-05-19T03:16:53.7507135Z [command]/usr/bin/git config --local includeIf.gitdir:/home/runner/work/prismTask/prismTask/.git.path /home/runner/work/_temp/git-credentials-864ada87-d61b-479f-b402-7d028b34a76c.config
2026-05-19T03:16:53.7538819Z [command]/usr/bin/git config --local includeIf.gitdir:/home/runner/work/prismTask/prismTask/.git/worktrees/*.path /home/runner/work/_temp/git-credentials-864ada87-d61b-479f-b402-7d028b34a76c.config
2026-05-19T03:16:53.7573485Z [command]/usr/bin/git config --local includeIf.gitdir:/github/workspace/.git.path /github/runner_temp/git-credentials-864ada87-d61b-479f-b402-7d028b34a76c.config
2026-05-19T03:16:53.7606152Z [command]/usr/bin/git config --local includeIf.gitdir:/github/workspace/.git/worktrees/*.path /github/runner_temp/git-credentials-864ada87-d61b-479f-b402-7d028b34a76c.config
2026-05-19T03:16:53.7639537Z ##[endgroup]
2026-05-19T03:16:53.7640211Z ##[group]Fetching the repository
2026-05-19T03:16:53.7648173Z [command]/usr/bin/git -c protocol.version=2 fetch --no-tags --prune --no-recurse-submodules --depth=1 origin +51f5a09b84bd3c9f7b3acd319d64ac4a3eaf8b5d:refs/remotes/pull/1666/merge
2026-05-19T03:16:55.4295273Z From https://github.com/averycorp/prismTask
2026-05-19T03:16:55.4296982Z  * [new ref]         51f5a09b84bd3c9f7b3acd319d64ac4a3eaf8b5d -> pull/1666/merge
2026-05-19T03:16:55.4332092Z ##[endgroup]
2026-05-19T03:16:55.4333943Z ##[group]Determining the checkout info
2026-05-19T03:16:55.4335704Z ##[endgroup]
2026-05-19T03:16:55.4339706Z [command]/usr/bin/git sparse-checkout disable
2026-05-19T03:16:55.4385568Z [command]/usr/bin/git config --local --unset-all extensions.worktreeConfig
2026-05-19T03:16:55.4416574Z ##[group]Checking out the ref
2026-05-19T03:16:55.4419669Z [command]/usr/bin/git checkout --progress --force refs/remotes/pull/1666/merge
2026-05-19T03:16:55.7615415Z Note: switching to 'refs/remotes/pull/1666/merge'.
2026-05-19T03:16:55.7617066Z 
2026-05-19T03:16:55.7617415Z You are in 'detached HEAD' state. You can look around, make experimental
2026-05-19T03:16:55.7618202Z changes and commit them, and you can discard any commits you make in this
2026-05-19T03:16:55.7618938Z state without impacting any branches by switching back to a branch.
2026-05-19T03:16:55.7619380Z 
2026-05-19T03:16:55.7619685Z If you want to create a new branch to retain commits you create, you may
2026-05-19T03:16:55.7620365Z do so (now or later) by using -c with the switch command. Example:
2026-05-19T03:16:55.7620822Z 
2026-05-19T03:16:55.7620999Z   git switch -c <new-branch-name>
2026-05-19T03:16:55.7621280Z 
2026-05-19T03:16:55.7621411Z Or undo this operation with:
2026-05-19T03:16:55.7621600Z 
2026-05-19T03:16:55.7621724Z   git switch -
2026-05-19T03:16:55.7621979Z 
2026-05-19T03:16:55.7622500Z Turn off this advice by setting config variable advice.detachedHead to false
2026-05-19T03:16:55.7622841Z 
2026-05-19T03:16:55.7623203Z HEAD is now at 51f5a09 Merge e28e0f2b5a986c2558e959be8887479d958a327f into 8f1775a88e0dfed80177488df219de00d138afec
2026-05-19T03:16:55.7640156Z ##[endgroup]
2026-05-19T03:16:55.7685047Z [command]/usr/bin/git log -1 --format=%H
2026-05-19T03:16:55.7710581Z 51f5a09b84bd3c9f7b3acd319d64ac4a3eaf8b5d
2026-05-19T03:16:55.8009402Z Prepare all required actions
2026-05-19T03:16:55.8009873Z Getting action download info
2026-05-19T03:16:55.9288407Z Download action repository 'actions/setup-node@v4' (SHA:49933ea5288caeca8642d1e84afbd3f7d6820020)
2026-05-19T03:16:56.1215960Z ##[group]Run ./.github/actions/setup-node-web
2026-05-19T03:16:56.1216304Z ##[endgroup]
2026-05-19T03:16:56.1347557Z ##[group]Run actions/setup-node@v4
2026-05-19T03:16:56.1347903Z with:
2026-05-19T03:16:56.1348196Z   node-version: 22
2026-05-19T03:16:56.1348430Z   cache: npm
2026-05-19T03:16:56.1348712Z   cache-dependency-path: web/package-lock.json
2026-05-19T03:16:56.1421839Z   always-auth: false
2026-05-19T03:16:56.1422162Z   check-latest: false
2026-05-19T03:16:56.1422765Z   token: ***
2026-05-19T03:16:56.1423027Z ##[endgroup]
2026-05-19T03:16:56.3591460Z Found in cache @ /opt/hostedtoolcache/node/22.22.2/x64
2026-05-19T03:16:56.3598519Z ##[group]Environment details
2026-05-19T03:16:59.5114690Z node: v22.22.2
2026-05-19T03:16:59.5115323Z npm: 10.9.7
2026-05-19T03:16:59.5115748Z yarn: 1.22.22
2026-05-19T03:16:59.5116772Z ##[endgroup]
2026-05-19T03:16:59.5139454Z [command]/opt/hostedtoolcache/node/22.22.2/x64/bin/npm config get cache
2026-05-19T03:16:59.7858711Z /home/runner/.npm
2026-05-19T03:16:59.8973641Z npm cache is not found
2026-05-19T03:16:59.9131421Z ##[group]Run npm ci
2026-05-19T03:16:59.9131745Z [36;1mnpm ci[0m
2026-05-19T03:16:59.9228394Z shell: /usr/bin/bash --noprofile --norc -e -o pipefail {0}
2026-05-19T03:16:59.9228770Z ##[endgroup]
2026-05-19T03:17:11.9229993Z 
2026-05-19T03:17:11.9237794Z added 435 packages, and audited 436 packages in 12s
2026-05-19T03:17:11.9238364Z 
2026-05-19T03:17:11.9242179Z 94 packages are looking for funding
2026-05-19T03:17:11.9242876Z   run `npm fund` for details
2026-05-19T03:17:11.9312114Z 
2026-05-19T03:17:11.9312750Z 4 vulnerabilities (3 moderate, 1 critical)
2026-05-19T03:17:11.9313275Z 
2026-05-19T03:17:11.9313678Z To address all issues, run:
2026-05-19T03:17:11.9314135Z   npm audit fix
2026-05-19T03:17:11.9314369Z 
2026-05-19T03:17:11.9314563Z Run `npm audit` for details.
2026-05-19T03:17:11.9973549Z ##[group]Run npm run build
2026-05-19T03:17:11.9973829Z [36;1mnpm run build[0m
2026-05-19T03:17:12.0010449Z shell: /usr/bin/bash -e {0}
2026-05-19T03:17:12.0010715Z ##[endgroup]
2026-05-19T03:17:12.1032446Z 
2026-05-19T03:17:12.1033097Z > web@2.0.0 build
2026-05-19T03:17:12.1033581Z > tsc -b && vite build
2026-05-19T03:17:12.1033873Z 
2026-05-19T03:17:25.2795367Z ##[error]src/features/today/HabitsSection.tsx(91,28): error TS2304: Cannot find name 'isMetaBuiltInHabit'.
2026-05-19T03:17:25.9625687Z ##[error]Process completed with exit code 2.
2026-05-19T03:17:25.9694646Z Post job cleanup.
2026-05-19T03:17:25.9776760Z Post job cleanup.
2026-05-19T03:17:26.0645210Z [command]/usr/bin/git version
2026-05-19T03:17:26.0683158Z git version 2.54.0
2026-05-19T03:17:26.0721540Z Temporarily overriding HOME='/home/runner/work/_temp/a2da4b2a-5898-40a8-ae49-2bba409d7989' before making global git config changes
2026-05-19T03:17:26.0723192Z Adding repository directory to the temporary git global config as a safe directory
2026-05-19T03:17:26.0727786Z [command]/usr/bin/git config --global --add safe.directory /home/runner/work/prismTask/prismTask
2026-05-19T03:17:26.0759577Z Removing SSH command configuration
2026-05-19T03:17:26.0766255Z [command]/usr/bin/git config --local --name-only --get-regexp core\.sshCommand
2026-05-19T03:17:26.0801132Z [command]/usr/bin/git submodule foreach --recursive sh -c "git config --local --name-only --get-regexp 'core\.sshCommand' && git config --local --unset-all 'core.sshCommand' || :"
2026-05-19T03:17:26.1040626Z Removing HTTP extra header
2026-05-19T03:17:26.1046088Z [command]/usr/bin/git config --local --name-only --get-regexp http\.https\:\/\/github\.com\/\.extraheader
2026-05-19T03:17:26.1080573Z [command]/usr/bin/git submodule foreach --recursive sh -c "git config --local --name-only --get-regexp 'http\.https\:\/\/github\.com\/\.extraheader' && git config --local --unset-all 'http.https://github.com/.extraheader' || :"
2026-05-19T03:17:26.1320758Z Removing includeIf entries pointing to credentials config files
2026-05-19T03:17:26.1328382Z [command]/usr/bin/git config --local --name-only --get-regexp ^includeIf\.gitdir:
2026-05-19T03:17:26.1354850Z includeif.gitdir:/home/runner/work/prismTask/prismTask/.git.path
2026-05-19T03:17:26.1355801Z includeif.gitdir:/home/runner/work/prismTask/prismTask/.git/worktrees/*.path
2026-05-19T03:17:26.1356583Z includeif.gitdir:/github/workspace/.git.path
2026-05-19T03:17:26.1357198Z includeif.gitdir:/github/workspace/.git/worktrees/*.path
2026-05-19T03:17:26.1364200Z [command]/usr/bin/git config --local --get-all includeif.gitdir:/home/runner/work/prismTask/prismTask/.git.path
2026-05-19T03:17:26.1386553Z /home/runner/work/_temp/git-credentials-864ada87-d61b-479f-b402-7d028b34a76c.config
2026-05-19T03:17:26.1396911Z [command]/usr/bin/git config --local --unset includeif.gitdir:/home/runner/work/prismTask/prismTask/.git.path /home/runner/work/_temp/git-credentials-864ada87-d61b-479f-b402-7d028b34a76c.config
2026-05-19T03:17:26.1433137Z [command]/usr/bin/git config --local --get-all includeif.gitdir:/home/runner/work/prismTask/prismTask/.git/worktrees/*.path
2026-05-19T03:17:26.1457735Z /home/runner/work/_temp/git-credentials-864ada87-d61b-479f-b402-7d028b34a76c.config
2026-05-19T03:17:26.1467211Z [command]/usr/bin/git config --local --unset includeif.gitdir:/home/runner/work/prismTask/prismTask/.git/worktrees/*.path /home/runner/work/_temp/git-credentials-864ada87-d61b-479f-b402-7d028b34a76c.config
2026-05-19T03:17:26.1500813Z [command]/usr/bin/git config --local --get-all includeif.gitdir:/github/workspace/.git.path
2026-05-19T03:17:26.1523132Z /github/runner_temp/git-credentials-864ada87-d61b-479f-b402-7d028b34a76c.config
2026-05-19T03:17:26.1532993Z [command]/usr/bin/git config --local --unset includeif.gitdir:/github/workspace/.git.path /github/runner_temp/git-credentials-864ada87-d61b-479f-b402-7d028b34a76c.config
2026-05-19T03:17:26.1567089Z [command]/usr/bin/git config --local --get-all includeif.gitdir:/github/workspace/.git/worktrees/*.path
2026-05-19T03:17:26.1589953Z /github/runner_temp/git-credentials-864ada87-d61b-479f-b402-7d028b34a76c.config
2026-05-19T03:17:26.1598818Z [command]/usr/bin/git config --local --unset includeif.gitdir:/github/workspace/.git/worktrees/*.path /github/runner_temp/git-credentials-864ada87-d61b-479f-b402-7d028b34a76c.config
2026-05-19T03:17:26.1634050Z [command]/usr/bin/git submodule foreach --recursive git config --local --show-origin --name-only --get-regexp remote.origin.url
2026-05-19T03:17:26.1873273Z Removing credentials config '/home/runner/work/_temp/git-credentials-864ada87-d61b-479f-b402-7d028b34a76c.config'
2026-05-19T03:17:26.2017412Z Cleaning up orphan processes
2026-05-19T03:17:26.2278504Z ##[warning]Node.js 20 actions are deprecated. The following actions are running on Node.js 20 and may not work as expected: actions/setup-node@v4. Actions will be forced to run with Node.js 24 by default starting June 2nd, 2026. Node.js 20 will be removed from the runner on September 16th, 2026. Please check if updated versions of these actions are available that support Node.js 24. To opt into Node.js 24 now, set the FORCE_JAVASCRIPT_ACTIONS_TO_NODE24=true environment variable on the runner or in your workflow file. Once Node.js 24 becomes the default, you can temporarily opt out by setting ACTIONS_ALLOW_USE_UNSECURE_NODE_VERSION=true. For more information see: https://github.blog/changelog/2025-09-19-deprecation-of-node-20-on-github-actions-runners/


--- Job: web-unit-tests (3, 3) (id 76661130735) ---
2026-05-19T03:16:52.3571855Z Current runner version: '2.334.0'
2026-05-19T03:16:52.3596876Z ##[group]Runner Image Provisioner
2026-05-19T03:16:52.3597883Z Hosted Compute Agent
2026-05-19T03:16:52.3598525Z Version: 20260213.493
2026-05-19T03:16:52.3599142Z Commit: 5c115507f6dd24b8de37d8bbe0bb4509d0cc0fa3
2026-05-19T03:16:52.3599871Z Build Date: 2026-02-13T00:28:41Z
2026-05-19T03:16:52.3600620Z Worker ID: {711ba2d7-33e2-46a8-b2d5-3f6b9cfde3a7}
2026-05-19T03:16:52.3601291Z Azure Region: eastus
2026-05-19T03:16:52.3601866Z ##[endgroup]
2026-05-19T03:16:52.3603803Z ##[group]Operating System
2026-05-19T03:16:52.3604735Z Ubuntu
2026-05-19T03:16:52.3605367Z 24.04.4
2026-05-19T03:16:52.3606098Z LTS
2026-05-19T03:16:52.3606740Z ##[endgroup]
2026-05-19T03:16:52.3607469Z ##[group]Runner Image
2026-05-19T03:16:52.3608308Z Image: ubuntu-24.04
2026-05-19T03:16:52.3608961Z Version: 20260513.135.3
2026-05-19T03:16:52.3610182Z Included Software: https://github.com/actions/runner-images/blob/ubuntu24/20260513.135/images/ubuntu/Ubuntu2404-Readme.md
2026-05-19T03:16:52.3611715Z Image Release: https://github.com/actions/runner-images/releases/tag/ubuntu24%2F20260513.135
2026-05-19T03:16:52.3612631Z ##[endgroup]
2026-05-19T03:16:52.3614043Z ##[group]GITHUB_TOKEN Permissions
2026-05-19T03:16:52.3616739Z Actions: read
2026-05-19T03:16:52.3617307Z Checks: read
2026-05-19T03:16:52.3617897Z Contents: write
2026-05-19T03:16:52.3618441Z Metadata: read
2026-05-19T03:16:52.3618924Z ##[endgroup]
2026-05-19T03:16:52.3621090Z Secret source: Actions
2026-05-19T03:16:52.3622035Z Prepare workflow directory
2026-05-19T03:16:52.4016677Z Prepare all required actions
2026-05-19T03:16:52.4053838Z Getting action download info
2026-05-19T03:16:52.7016172Z Download action repository 'actions/checkout@v6' (SHA:de0fac2e4500dabe0009e67214ff5f5447ce83dd)
2026-05-19T03:16:52.9340552Z Complete job name: web-unit-tests (3, 3)
2026-05-19T03:16:52.9964307Z ##[group]Run actions/checkout@v6
2026-05-19T03:16:52.9965063Z with:
2026-05-19T03:16:52.9965477Z   repository: averycorp/prismTask
2026-05-19T03:16:52.9966151Z   token: ***
2026-05-19T03:16:52.9966546Z   ssh-strict: true
2026-05-19T03:16:52.9966938Z   ssh-user: git
2026-05-19T03:16:52.9967342Z   persist-credentials: true
2026-05-19T03:16:52.9967779Z   clean: true
2026-05-19T03:16:52.9968184Z   sparse-checkout-cone-mode: true
2026-05-19T03:16:52.9968652Z   fetch-depth: 1
2026-05-19T03:16:52.9969029Z   fetch-tags: false
2026-05-19T03:16:52.9969423Z   show-progress: true
2026-05-19T03:16:52.9969815Z   lfs: false
2026-05-19T03:16:52.9970187Z   submodules: false
2026-05-19T03:16:52.9970581Z   set-safe-directory: true
2026-05-19T03:16:52.9971181Z ##[endgroup]
2026-05-19T03:16:53.0957073Z Syncing repository: averycorp/prismTask
2026-05-19T03:16:53.0959008Z ##[group]Getting Git version info
2026-05-19T03:16:53.0959699Z Working directory is '/home/runner/work/prismTask/prismTask'
2026-05-19T03:16:53.0960902Z [command]/usr/bin/git version
2026-05-19T03:16:53.1002843Z git version 2.54.0
2026-05-19T03:16:53.1026216Z ##[endgroup]
2026-05-19T03:16:53.1040857Z Temporarily overriding HOME='/home/runner/work/_temp/56c07911-5a7f-4f1e-9603-b4588b0dac78' before making global git config changes
2026-05-19T03:16:53.1043046Z Adding repository directory to the temporary git global config as a safe directory
2026-05-19T03:16:53.1046784Z [command]/usr/bin/git config --global --add safe.directory /home/runner/work/prismTask/prismTask
2026-05-19T03:16:53.1091751Z Deleting the contents of '/home/runner/work/prismTask/prismTask'
2026-05-19T03:16:53.1096516Z ##[group]Initializing the repository
2026-05-19T03:16:53.1100954Z [command]/usr/bin/git init /home/runner/work/prismTask/prismTask
2026-05-19T03:16:53.1173922Z hint: Using 'master' as the name for the initial branch. This default branch name
2026-05-19T03:16:53.1175236Z hint: will change to "main" in Git 3.0. To configure the initial branch name
2026-05-19T03:16:53.1176174Z hint: to use in all of your new repositories, which will suppress this warning,
2026-05-19T03:16:53.1177167Z hint: call:
2026-05-19T03:16:53.1177782Z hint:
2026-05-19T03:16:53.1178819Z hint: 	git config --global init.defaultBranch <name>
2026-05-19T03:16:53.1179694Z hint:
2026-05-19T03:16:53.1180526Z hint: Names commonly chosen instead of 'master' are 'main', 'trunk' and
2026-05-19T03:16:53.1181580Z hint: 'development'. The just-created branch can be renamed via this command:
2026-05-19T03:16:53.1182523Z hint:
2026-05-19T03:16:53.1183668Z hint: 	git branch -m <name>
2026-05-19T03:16:53.1184439Z hint:
2026-05-19T03:16:53.1185501Z hint: Disable this message with "git config set advice.defaultBranchName false"
2026-05-19T03:16:53.1187140Z Initialized empty Git repository in /home/runner/work/prismTask/prismTask/.git/
2026-05-19T03:16:53.1189755Z [command]/usr/bin/git remote add origin https://github.com/averycorp/prismTask
2026-05-19T03:16:53.1233777Z ##[endgroup]
2026-05-19T03:16:53.1234926Z ##[group]Disabling automatic garbage collection
2026-05-19T03:16:53.1237734Z [command]/usr/bin/git config --local gc.auto 0
2026-05-19T03:16:53.1269193Z ##[endgroup]
2026-05-19T03:16:53.1269895Z ##[group]Setting up auth
2026-05-19T03:16:53.1270388Z Removing SSH command configuration
2026-05-19T03:16:53.1275497Z [command]/usr/bin/git config --local --name-only --get-regexp core\.sshCommand
2026-05-19T03:16:53.1310191Z [command]/usr/bin/git submodule foreach --recursive sh -c "git config --local --name-only --get-regexp 'core\.sshCommand' && git config --local --unset-all 'core.sshCommand' || :"
2026-05-19T03:16:53.1641182Z Removing HTTP extra header
2026-05-19T03:16:53.1647376Z [command]/usr/bin/git config --local --name-only --get-regexp http\.https\:\/\/github\.com\/\.extraheader
2026-05-19T03:16:53.1679951Z [command]/usr/bin/git submodule foreach --recursive sh -c "git config --local --name-only --get-regexp 'http\.https\:\/\/github\.com\/\.extraheader' && git config --local --unset-all 'http.https://github.com/.extraheader' || :"
2026-05-19T03:16:53.1907982Z Removing includeIf entries pointing to credentials config files
2026-05-19T03:16:53.1914727Z [command]/usr/bin/git config --local --name-only --get-regexp ^includeIf\.gitdir:
2026-05-19T03:16:53.1946332Z [command]/usr/bin/git submodule foreach --recursive git config --local --show-origin --name-only --get-regexp remote.origin.url
2026-05-19T03:16:53.2179514Z [command]/usr/bin/git config --file /home/runner/work/_temp/git-credentials-449a8119-8bf4-4c9f-8a62-bbc1211a9b40.config http.https://github.com/.extraheader AUTHORIZATION: basic ***
2026-05-19T03:16:53.2218365Z [command]/usr/bin/git config --local includeIf.gitdir:/home/runner/work/prismTask/prismTask/.git.path /home/runner/work/_temp/git-credentials-449a8119-8bf4-4c9f-8a62-bbc1211a9b40.config
2026-05-19T03:16:53.2250044Z [command]/usr/bin/git config --local includeIf.gitdir:/home/runner/work/prismTask/prismTask/.git/worktrees/*.path /home/runner/work/_temp/git-credentials-449a8119-8bf4-4c9f-8a62-bbc1211a9b40.config
2026-05-19T03:16:53.2283934Z [command]/usr/bin/git config --local includeIf.gitdir:/github/workspace/.git.path /github/runner_temp/git-credentials-449a8119-8bf4-4c9f-8a62-bbc1211a9b40.config
2026-05-19T03:16:53.2316551Z [command]/usr/bin/git config --local includeIf.gitdir:/github/workspace/.git/worktrees/*.path /github/runner_temp/git-credentials-449a8119-8bf4-4c9f-8a62-bbc1211a9b40.config
2026-05-19T03:16:53.2352106Z ##[endgroup]
2026-05-19T03:16:53.2353430Z ##[group]Fetching the repository
2026-05-19T03:16:53.2362293Z [command]/usr/bin/git -c protocol.version=2 fetch --no-tags --prune --no-recurse-submodules --depth=1 origin +51f5a09b84bd3c9f7b3acd319d64ac4a3eaf8b5d:refs/remotes/pull/1666/merge
2026-05-19T03:16:54.9317966Z From https://github.com/averycorp/prismTask
2026-05-19T03:16:54.9320114Z  * [new ref]         51f5a09b84bd3c9f7b3acd319d64ac4a3eaf8b5d -> pull/1666/merge
2026-05-19T03:16:54.9353914Z ##[endgroup]
2026-05-19T03:16:54.9355560Z ##[group]Determining the checkout info
2026-05-19T03:16:54.9357381Z ##[endgroup]
2026-05-19T03:16:54.9361421Z [command]/usr/bin/git sparse-checkout disable
2026-05-19T03:16:54.9407887Z [command]/usr/bin/git config --local --unset-all extensions.worktreeConfig
2026-05-19T03:16:54.9437003Z ##[group]Checking out the ref
2026-05-19T03:16:54.9440860Z [command]/usr/bin/git checkout --progress --force refs/remotes/pull/1666/merge
2026-05-19T03:16:55.2583646Z Note: switching to 'refs/remotes/pull/1666/merge'.
2026-05-19T03:16:55.2585254Z 
2026-05-19T03:16:55.2585622Z You are in 'detached HEAD' state. You can look around, make experimental
2026-05-19T03:16:55.2586420Z changes and commit them, and you can discard any commits you make in this
2026-05-19T03:16:55.2587199Z state without impacting any branches by switching back to a branch.
2026-05-19T03:16:55.2587662Z 
2026-05-19T03:16:55.2588003Z If you want to create a new branch to retain commits you create, you may
2026-05-19T03:16:55.2588578Z do so (now or later) by using -c with the switch command. Example:
2026-05-19T03:16:55.2588915Z 
2026-05-19T03:16:55.2589049Z   git switch -c <new-branch-name>
2026-05-19T03:16:55.2589257Z 
2026-05-19T03:16:55.2589388Z Or undo this operation with:
2026-05-19T03:16:55.2589579Z 
2026-05-19T03:16:55.2589705Z   git switch -
2026-05-19T03:16:55.2589862Z 
2026-05-19T03:16:55.2590194Z Turn off this advice by setting config variable advice.detachedHead to false
2026-05-19T03:16:55.2590506Z 
2026-05-19T03:16:55.2590874Z HEAD is now at 51f5a09 Merge e28e0f2b5a986c2558e959be8887479d958a327f into 8f1775a88e0dfed80177488df219de00d138afec
2026-05-19T03:16:55.2609468Z ##[endgroup]
2026-05-19T03:16:55.2653742Z [command]/usr/bin/git log -1 --format=%H
2026-05-19T03:16:55.2678693Z 51f5a09b84bd3c9f7b3acd319d64ac4a3eaf8b5d
2026-05-19T03:16:55.2967075Z Prepare all required actions
2026-05-19T03:16:55.2967618Z Getting action download info
2026-05-19T03:16:55.4323491Z Download action repository 'actions/setup-node@v4' (SHA:49933ea5288caeca8642d1e84afbd3f7d6820020)
2026-05-19T03:16:55.5328995Z ##[group]Run ./.github/actions/setup-node-web
2026-05-19T03:16:55.5329338Z ##[endgroup]
2026-05-19T03:16:55.5463104Z ##[group]Run actions/setup-node@v4
2026-05-19T03:16:55.5463458Z with:
2026-05-19T03:16:55.5463751Z   node-version: 22
2026-05-19T03:16:55.5536348Z   cache: npm
2026-05-19T03:16:55.5536706Z   cache-dependency-path: web/package-lock.json
2026-05-19T03:16:55.5537049Z   always-auth: false
2026-05-19T03:16:55.5537316Z   check-latest: false
2026-05-19T03:16:55.5537837Z   token: ***
2026-05-19T03:16:55.5538101Z ##[endgroup]
2026-05-19T03:16:55.7540054Z Found in cache @ /opt/hostedtoolcache/node/22.22.2/x64
2026-05-19T03:16:55.7540908Z ##[group]Environment details
2026-05-19T03:16:56.6447317Z node: v22.22.2
2026-05-19T03:16:56.6447831Z npm: 10.9.7
2026-05-19T03:16:56.6448129Z yarn: 1.22.22
2026-05-19T03:16:56.6449600Z ##[endgroup]
2026-05-19T03:16:56.6469605Z [command]/opt/hostedtoolcache/node/22.22.2/x64/bin/npm config get cache
2026-05-19T03:16:56.7909467Z /home/runner/.npm
2026-05-19T03:16:56.8807362Z npm cache is not found
2026-05-19T03:16:56.8955062Z ##[group]Run npm ci
2026-05-19T03:16:56.8955371Z [36;1mnpm ci[0m
2026-05-19T03:16:56.9002104Z shell: /usr/bin/bash --noprofile --norc -e -o pipefail {0}
2026-05-19T03:16:56.9002474Z ##[endgroup]
2026-05-19T03:17:08.5698721Z 
2026-05-19T03:17:08.5705502Z added 435 packages, and audited 436 packages in 12s
2026-05-19T03:17:08.5705905Z 
2026-05-19T03:17:08.5706105Z 94 packages are looking for funding
2026-05-19T03:17:08.5706413Z   run `npm fund` for details
2026-05-19T03:17:08.5775908Z 
2026-05-19T03:17:08.5776393Z 4 vulnerabilities (3 moderate, 1 critical)
2026-05-19T03:17:08.5776773Z 
2026-05-19T03:17:08.5776968Z To address all issues, run:
2026-05-19T03:17:08.5777228Z   npm audit fix
2026-05-19T03:17:08.5777402Z 
2026-05-19T03:17:08.5777529Z Run `npm audit` for details.
2026-05-19T03:17:08.6443753Z ##[group]Run npm run test:run -- --shard=3/3
2026-05-19T03:17:08.6444137Z [36;1mnpm run test:run -- --shard=3/3[0m
2026-05-19T03:17:08.6480587Z shell: /usr/bin/bash -e {0}
2026-05-19T03:17:08.6480841Z ##[endgroup]
2026-05-19T03:17:08.7504720Z 
2026-05-19T03:17:08.7505329Z > web@2.0.0 test:run
2026-05-19T03:17:08.7505735Z > vitest run --pool=threads --shard=3/3
2026-05-19T03:17:08.7506408Z 
2026-05-19T03:17:09.0578742Z 
2026-05-19T03:17:09.0583108Z [1m[30m[46m RUN [49m[39m[22m [36mv4.1.5 [39m[90m/home/runner/work/prismTask/prismTask/web[39m
2026-05-19T03:17:09.0583779Z 
2026-05-19T03:17:10.5815194Z  [32m✓[39m src/utils/__tests__/nlp.test.ts [2m([22m[2m81 tests[22m[2m)[22m[32m 58[2mms[22m[39m
2026-05-19T03:17:10.6829182Z  [32m✓[39m src/stores/__tests__/configFamilyStores.test.ts [2m([22m[2m18 tests[22m[2m)[22m[32m 16[2mms[22m[39m
2026-05-19T03:17:11.8975317Z  [32m✓[39m src/utils/__tests__/streaks.test.ts [2m([22m[2m36 tests[22m[2m)[22m[32m 94[2mms[22m[39m
2026-05-19T03:17:13.1238814Z  [32m✓[39m src/utils/__tests__/projectBurndown.test.ts [2m([22m[2m10 tests[22m[2m)[22m[32m 9[2mms[22m[39m
2026-05-19T03:17:13.1271560Z  [32m✓[39m src/utils/__tests__/recurrence.test.ts [2m([22m[2m42 tests[22m[2m)[22m[32m 70[2mms[22m[39m
2026-05-19T03:17:13.7209976Z  [32m✓[39m src/stores/__tests__/taskStore.recurrence.test.ts [2m([22m[2m5 tests[22m[2m)[22m[32m 17[2mms[22m[39m
2026-05-19T03:17:15.1555161Z  [32m✓[39m src/features/today/__tests__/RestDayBanner.test.tsx [2m([22m[2m7 tests[22m[2m)[22m[33m 475[2mms[22m[39m
2026-05-19T03:17:15.2251355Z  [32m✓[39m src/stores/__tests__/dashboardStore.test.ts [2m([22m[2m10 tests[22m[2m)[22m[32m 11[2mms[22m[39m
2026-05-19T03:17:15.8165746Z  [32m✓[39m src/utils/__tests__/streaks.perHabit.test.ts [2m([22m[2m12 tests[22m[2m)[22m[32m 32[2mms[22m[39m
2026-05-19T03:17:16.4600839Z  [32m✓[39m src/utils/__tests__/builtInHabitReconciler.test.ts [2m([22m[2m16 tests[22m[2m)[22m[32m 12[2mms[22m[39m
2026-05-19T03:17:16.4892413Z  [32m✓[39m src/lib/firestore/__tests__/safeMergeDoc.test.ts [2m([22m[2m9 tests[22m[2m)[22m[32m 16[2mms[22m[39m
2026-05-19T03:17:17.0945321Z  [32m✓[39m src/lib/__tests__/builtInHabitReconciler.test.ts [2m([22m[2m13 tests[22m[2m)[22m[32m 28[2mms[22m[39m
2026-05-19T03:17:17.8247998Z  [32m✓[39m src/features/batch/__tests__/batchApplier.medication.test.ts [2m([22m[2m8 tests[22m[2m)[22m[32m 11[2mms[22m[39m
2026-05-19T03:17:18.4253950Z  [32m✓[39m src/api/__tests__/leisure.test.ts [2m([22m[2m13 tests[22m[2m)[22m[32m 17[2mms[22m[39m
2026-05-19T03:17:19.0735543Z  [32m✓[39m src/api/firestore/__tests__/medicationSlots.test.ts [2m([22m[2m14 tests[22m[2m)[22m[32m 18[2mms[22m[39m
2026-05-19T03:17:19.3190847Z  [32m✓[39m src/stores/__tests__/habitStore.startOfDayHour.test.ts [2m([22m[2m3 tests[22m[2m)[22m[32m 10[2mms[22m[39m
2026-05-19T03:17:19.7253387Z  [32m✓[39m src/lib/__tests__/boundaryRuleParser.test.ts [2m([22m[2m22 tests[22m[2m)[22m[32m 17[2mms[22m[39m
2026-05-19T03:17:20.6274962Z  [32m✓[39m src/stores/__tests__/authStore.test.ts [2m([22m[2m5 tests[22m[2m)[22m[32m 11[2mms[22m[39m
2026-05-19T03:17:21.0997436Z  [32m✓[39m src/api/__tests__/aiFeatureGate.test.ts [2m([22m[2m16 tests[22m[2m)[22m[32m 27[2mms[22m[39m
2026-05-19T03:17:21.7924666Z  [32m✓[39m src/stores/__tests__/assignmentStore.test.ts [2m([22m[2m9 tests[22m[2m)[22m[32m 9[2mms[22m[39m
2026-05-19T03:17:22.0514887Z  [32m✓[39m src/utils/__tests__/urgency.test.ts [2m([22m[2m12 tests[22m[2m)[22m[32m 20[2mms[22m[39m
2026-05-19T03:17:23.3534809Z  [32m✓[39m src/features/weeklyreview/__tests__/weeklyReviewContent.test.ts [2m([22m[2m14 tests[22m[2m)[22m[32m 19[2mms[22m[39m
2026-05-19T03:17:23.4885271Z  [32m✓[39m src/components/__tests__/BuiltInUpdateBanner.test.tsx [2m([22m[2m10 tests[22m[2m)[22m[32m 285[2mms[22m[39m
2026-05-19T03:17:24.3845038Z  [31m❯[39m src/features/today/__tests__/HabitsSection.test.tsx [2m([22m[2m5 tests[22m[2m | [22m[31m3 failed[39m[2m)[22m[32m 52[2mms[22m[39m
2026-05-19T03:17:24.3846962Z      [32m✓[39m renders nothing when no active habits are present[32m 23[2mms[22m[39m
2026-05-19T03:17:24.3848175Z      [32m✓[39m hides habits marked is_active=false[32m 6[2mms[22m[39m
2026-05-19T03:17:24.3849947Z [31m     [31m×[31m renders rows for active habits with a done counter[39m[32m 11[2mms[22m[39m
2026-05-19T03:17:24.3851670Z [31m     [31m×[31m groups habits into Daily and Recurring sub-headers when both buckets are non-empty[39m[32m 5[2mms[22m[39m
2026-05-19T03:17:24.3853800Z [31m     [31m×[31m omits sub-headers when only one bucket has habits[39m[32m 2[2mms[22m[39m
2026-05-19T03:17:24.6214824Z  [32m✓[39m src/utils/__tests__/multiCreateDetector.test.ts [2m([22m[2m14 tests[22m[2m)[22m[32m 10[2mms[22m[39m
2026-05-19T03:17:24.9639614Z  [32m✓[39m src/hooks/__tests__/useNdFeatureGate.test.ts [2m([22m[2m18 tests[22m[2m)[22m[32m 10[2mms[22m[39m
2026-05-19T03:17:25.8042421Z  [32m✓[39m src/lib/__tests__/import.test.ts [2m([22m[2m10 tests[22m[2m)[22m[32m 12[2mms[22m[39m
2026-05-19T03:17:27.2648244Z  [32m✓[39m src/utils/__tests__/dates.test.ts [2m([22m[2m28 tests[22m[2m)[22m[32m 68[2mms[22m[39m
2026-05-19T03:17:27.6637939Z  [32m✓[39m src/utils/__tests__/streaks.advancedTuning.test.ts [2m([22m[2m3 tests[22m[2m)[22m[32m 86[2mms[22m[39m
2026-05-19T03:17:28.5005117Z  [32m✓[39m src/features/tasks/__tests__/selectUnmetBlockerIds.test.ts [2m([22m[2m10 tests[22m[2m)[22m[32m 9[2mms[22m[39m
2026-05-19T03:17:28.9939774Z  [32m✓[39m src/api/firestore/__tests__/projectPhases.test.ts [2m([22m[2m5 tests[22m[2m)[22m[32m 7[2mms[22m[39m
2026-05-19T03:17:29.4368156Z  [32m✓[39m src/components/__tests__/HabitLogDialog.test.tsx [2m([22m[2m5 tests[22m[2m)[22m[33m 781[2mms[22m[39m
2026-05-19T03:17:29.7715251Z  [32m✓[39m src/api/__tests__/aiChat.test.ts [2m([22m[2m6 tests[22m[2m)[22m[32m 8[2mms[22m[39m
2026-05-19T03:17:30.4517952Z  [32m✓[39m src/features/medication/__tests__/refillCalculator.test.ts [2m([22m[2m10 tests[22m[2m)[22m[32m 7[2mms[22m[39m
2026-05-19T03:17:30.6791756Z  [32m✓[39m src/api/firestore/__tests__/projectRisks.test.ts [2m([22m[2m7 tests[22m[2m)[22m[32m 8[2mms[22m[39m
2026-05-19T03:17:31.1365383Z  [32m✓[39m src/api/firestore/__tests__/a11yPreferences.test.ts [2m([22m[2m7 tests[22m[2m)[22m[32m 12[2mms[22m[39m
2026-05-19T03:17:31.7008981Z  [32m✓[39m src/api/firestore/__tests__/medicationSlots.lww.test.ts [2m([22m[2m4 tests[22m[2m)[22m[32m 10[2mms[22m[39m
2026-05-19T03:17:31.9386826Z  [32m✓[39m src/features/today/__tests__/BurnoutBadgeSection.test.ts [2m([22m[2m4 tests[22m[2m)[22m[32m 6[2mms[22m[39m
2026-05-19T03:17:33.3514815Z  [32m✓[39m src/lib/idb/__tests__/database.test.ts [2m([22m[2m5 tests[22m[2m)[22m[32m 31[2mms[22m[39m
2026-05-19T03:17:33.4635313Z  [32m✓[39m src/components/__tests__/TaskConfirmModal.test.tsx [2m([22m[2m5 tests[22m[2m)[22m[33m 724[2mms[22m[39m
2026-05-19T03:17:34.7965436Z  [32m✓[39m src/stores/__tests__/medicationSlotsStore.test.ts [2m([22m[2m4 tests[22m[2m)[22m[32m 9[2mms[22m[39m
2026-05-19T03:17:35.0734104Z  [32m✓[39m src/features/weeklyreview/__tests__/WeeklyReviewsListScreen.test.tsx [2m([22m[2m3 tests[22m[2m)[22m[32m 229[2mms[22m[39m
2026-05-19T03:17:36.4008239Z  [32m✓[39m src/theme/__tests__/PrismThemeProvider.test.tsx [2m([22m[2m3 tests[22m[2m)[22m[32m 108[2mms[22m[39m
2026-05-19T03:17:36.4154637Z  [32m✓[39m src/components/__tests__/ContributionGrid.test.tsx [2m([22m[2m5 tests[22m[2m)[22m[32m 285[2mms[22m[39m
2026-05-19T03:17:36.4268928Z  [32m✓[39m src/stores/__tests__/medicationRefillsStore.test.ts [2m([22m[2m3 tests[22m[2m)[22m[32m 8[2mms[22m[39m
2026-05-19T03:17:37.7131037Z  [32m✓[39m src/features/tags/__tests__/tagSortHelpers.test.ts [2m([22m[2m8 tests[22m[2m)[22m[32m 8[2mms[22m[39m
2026-05-19T03:17:37.7794853Z  [32m✓[39m src/api/__tests__/pomodoroCoaching.test.ts [2m([22m[2m3 tests[22m[2m)[22m[32m 9[2mms[22m[39m
2026-05-19T03:17:38.8129831Z  [32m✓[39m src/utils/__tests__/goodEnoughTimer.test.ts [2m([22m[2m7 tests[22m[2m)[22m[32m 7[2mms[22m[39m
2026-05-19T03:17:39.0167226Z  [32m✓[39m src/utils/__tests__/export.test.ts [2m([22m[2m8 tests[22m[2m)[22m[33m 1462[2mms[22m[39m
2026-05-19T03:17:39.0224285Z        [33m[2m✓[22m[39m can construct a valid export object [33m 1457[2mms[22m[39m
2026-05-19T03:17:39.0313105Z 
2026-05-19T03:17:39.0343176Z 
2026-05-19T03:17:39.0368038Z [31m⎯⎯⎯⎯⎯⎯⎯[39m[1m[41m Failed Tests 3 [49m[22m[31m⎯⎯⎯⎯⎯⎯⎯[39m
2026-05-19T03:17:39.0374159Z [2m Test Files [22m [1m[31m1 failed[39m[22m[2m | [22m[1m[32m48 passed[39m[22m[90m (49)[39m
2026-05-19T03:17:39.0384059Z [2m      Tests [22m [1m[31m3 failed[39m[22m[2m | [22m[1m[32m572 passed[39m[22m[90m (575)[39m
2026-05-19T03:17:39.0385235Z [2m   Start at [22m 03:17:09
2026-05-19T03:17:39.0386465Z [2m   Duration [22m 29.94s[2m (transform 1.33s, setup 5.51s, import 21.86s, tests 5.24s, environment 46.25s)[22m
2026-05-19T03:17:39.0396268Z 
2026-05-19T03:17:39.0403567Z 
2026-05-19T03:17:39.0403605Z 
2026-05-19T03:17:39.0433269Z ##[error]ReferenceError: isMetaBuiltInHabit is not defined
 ❯ src/features/today/HabitsSection.tsx:91:14
 ❯ HabitsSection src/features/today/HabitsSection.tsx:90:31
 ❯ Object.react_stack_bottom_frame node_modules/react-dom/cjs/react-dom-client.development.js:25904:20
 ❯ renderWithHooks node_modules/react-dom/cjs/react-dom-client.development.js:7662:22
 ❯ updateFunctionComponent node_modules/react-dom/cjs/react-dom-client.development.js:10166:19
 ❯ beginWork node_modules/react-dom/cjs/react-dom-client.development.js:11778:18
 ❯ runWithFiberInDEV node_modules/react-dom/cjs/react-dom-client.development.js:874:13
 ❯ performUnitOfWork node_modules/react-dom/cjs/react-dom-client.development.js:17641:22
 ❯ workLoopSync node_modules/react-dom/cjs/react-dom-client.development.js:17469:41


2026-05-19T03:17:39.0445913Z [41m[1m FAIL [22m[49m src/features/today/__tests__/HabitsSection.test.tsx[2m > [22mHabitsSection[2m > [22mrenders rows for active habits with a done counter
2026-05-19T03:17:39.0448395Z [41m[1m FAIL [22m[49m src/features/today/__tests__/HabitsSection.test.tsx[2m > [22mHabitsSection[2m > [22mgroups habits into Daily and Recurring sub-headers when both buckets are non-empty
2026-05-19T03:17:39.0450842Z [41m[1m FAIL [22m[49m src/features/today/__tests__/HabitsSection.test.tsx[2m > [22mHabitsSection[2m > [22momits sub-headers when only one bucket has habits
2026-05-19T03:17:39.0452270Z [31m[1mReferenceError[22m: isMetaBuiltInHabit is not defined[39m
2026-05-19T03:17:39.0453466Z [36m [2m❯[22m src/features/today/HabitsSection.tsx:[2m91:14[22m[39m
2026-05-19T03:17:39.0454508Z     [90m 89|[39m   [90m// `HabitListViewModel.kt:213-221` filter and the Habits screen.[39m
2026-05-19T03:17:39.0455599Z     [90m 90|[39m   [35mconst[39m activeHabits [33m=[39m habits[33m.[39m[34mfilter[39m(
2026-05-19T03:17:39.0456822Z     [90m 91|[39m     (h) [33m=>[39m h[33m.[39mis_active [33m&&[39m [33m![39m[34misMetaBuiltInHabit[39m(h)[33m,[39m
2026-05-19T03:17:39.0457643Z     [90m   |[39m              [31m^[39m
2026-05-19T03:17:39.0458108Z     [90m 92|[39m   )[33m;[39m
2026-05-19T03:17:39.0459132Z     [90m 93|[39m   [35mif[39m (activeHabits[33m.[39mlength [33m===[39m [34m0[39m) [35mreturn[39m [35mnull[39m[33m;[39m
2026-05-19T03:17:39.0460418Z [90m [2m❯[22m HabitsSection src/features/today/HabitsSection.tsx:[2m90:31[22m[39m
2026-05-19T03:17:39.0461942Z [90m [2m❯[22m Object.react_stack_bottom_frame node_modules/react-dom/cjs/react-dom-client.development.js:[2m25904:20[22m[39m
2026-05-19T03:17:39.0464241Z [90m [2m❯[22m renderWithHooks node_modules/react-dom/cjs/react-dom-client.development.js:[2m7662:22[22m[39m
2026-05-19T03:17:39.0465907Z [90m [2m❯[22m updateFunctionComponent node_modules/react-dom/cjs/react-dom-client.development.js:[2m10166:19[22m[39m
2026-05-19T03:17:39.0467460Z [90m [2m❯[22m beginWork node_modules/react-dom/cjs/react-dom-client.development.js:[2m11778:18[22m[39m
2026-05-19T03:17:39.0468924Z [90m [2m❯[22m runWithFiberInDEV node_modules/react-dom/cjs/react-dom-client.development.js:[2m874:13[22m[39m
2026-05-19T03:17:39.0470749Z [90m [2m❯[22m performUnitOfWork node_modules/react-dom/cjs/react-dom-client.development.js:[2m17641:22[22m[39m
2026-05-19T03:17:39.0472300Z [90m [2m❯[22m workLoopSync node_modules/react-dom/cjs/react-dom-client.development.js:[2m17469:41[22m[39m
2026-05-19T03:17:39.0473254Z 
2026-05-19T03:17:39.0473682Z [31m[2m⎯⎯⎯⎯⎯⎯⎯⎯⎯⎯⎯⎯⎯⎯⎯⎯⎯⎯⎯⎯⎯⎯⎯⎯[1/3]⎯[22m[39m
2026-05-19T03:17:39.0473978Z 
2026-05-19T03:17:39.0474040Z 
2026-05-19T03:17:39.0484676Z ##[error]ReferenceError: isMetaBuiltInHabit is not defined
 ❯ src/features/today/HabitsSection.tsx:91:14
 ❯ HabitsSection src/features/today/HabitsSection.tsx:90:31
 ❯ Object.react_stack_bottom_frame node_modules/react-dom/cjs/react-dom-client.development.js:25904:20
 ❯ renderWithHooks node_modules/react-dom/cjs/react-dom-client.development.js:7662:22
 ❯ updateFunctionComponent node_modules/react-dom/cjs/react-dom-client.development.js:10166:19
 ❯ beginWork node_modules/react-dom/cjs/react-dom-client.development.js:11778:18
 ❯ runWithFiberInDEV node_modules/react-dom/cjs/react-dom-client.development.js:874:13
 ❯ performUnitOfWork node_modules/react-dom/cjs/react-dom-client.development.js:17641:22
 ❯ workLoopSync node_modules/react-dom/cjs/react-dom-client.development.js:17469:41


2026-05-19T03:17:39.0490474Z 
2026-05-19T03:17:39.0500342Z ##[error]ReferenceError: isMetaBuiltInHabit is not defined
 ❯ src/features/today/HabitsSection.tsx:91:14
 ❯ HabitsSection src/features/today/HabitsSection.tsx:90:31
 ❯ Object.react_stack_bottom_frame node_modules/react-dom/cjs/react-dom-client.development.js:25904:20
 ❯ renderWithHooks node_modules/react-dom/cjs/react-dom-client.development.js:7662:22
 ❯ updateFunctionComponent node_modules/react-dom/cjs/react-dom-client.development.js:10166:19
 ❯ beginWork node_modules/react-dom/cjs/react-dom-client.development.js:11778:18
 ❯ runWithFiberInDEV node_modules/react-dom/cjs/react-dom-client.development.js:874:13
 ❯ performUnitOfWork node_modules/react-dom/cjs/react-dom-client.development.js:17641:22
 ❯ workLoopSync node_modules/react-dom/cjs/react-dom-client.development.js:17469:41


2026-05-19T03:17:39.1180277Z ##[error]Process completed with exit code 1.
2026-05-19T03:17:39.1257074Z Post job cleanup.
2026-05-19T03:17:39.1337787Z Post job cleanup.
2026-05-19T03:17:39.2189549Z [command]/usr/bin/git version
2026-05-19T03:17:39.2260508Z git version 2.54.0
2026-05-19T03:17:39.2300758Z Temporarily overriding HOME='/home/runner/work/_temp/eaec353d-d56e-45b0-84b4-14233c1a73b9' before making global git config changes
2026-05-19T03:17:39.2302099Z Adding repository directory to the temporary git global config as a safe directory
2026-05-19T03:17:39.2307174Z [command]/usr/bin/git config --global --add safe.directory /home/runner/work/prismTask/prismTask
2026-05-19T03:17:39.2340867Z Removing SSH command configuration
2026-05-19T03:17:39.2347897Z [command]/usr/bin/git config --local --name-only --get-regexp core\.sshCommand
2026-05-19T03:17:39.2385727Z [command]/usr/bin/git submodule foreach --recursive sh -c "git config --local --name-only --get-regexp 'core\.sshCommand' && git config --local --unset-all 'core.sshCommand' || :"
2026-05-19T03:17:39.2648170Z Removing HTTP extra header
2026-05-19T03:17:39.2656005Z [command]/usr/bin/git config --local --name-only --get-regexp http\.https\:\/\/github\.com\/\.extraheader
2026-05-19T03:17:39.2698412Z [command]/usr/bin/git submodule foreach --recursive sh -c "git config --local --name-only --get-regexp 'http\.https\:\/\/github\.com\/\.extraheader' && git config --local --unset-all 'http.https://github.com/.extraheader' || :"
2026-05-19T03:17:39.2958431Z Removing includeIf entries pointing to credentials config files
2026-05-19T03:17:39.2968418Z [command]/usr/bin/git config --local --name-only --get-regexp ^includeIf\.gitdir:
2026-05-19T03:17:39.3000826Z includeif.gitdir:/home/runner/work/prismTask/prismTask/.git.path
2026-05-19T03:17:39.3001714Z includeif.gitdir:/home/runner/work/prismTask/prismTask/.git/worktrees/*.path
2026-05-19T03:17:39.3003070Z includeif.gitdir:/github/workspace/.git.path
2026-05-19T03:17:39.3003682Z includeif.gitdir:/github/workspace/.git/worktrees/*.path
2026-05-19T03:17:39.3013626Z [command]/usr/bin/git config --local --get-all includeif.gitdir:/home/runner/work/prismTask/prismTask/.git.path
2026-05-19T03:17:39.3038424Z /home/runner/work/_temp/git-credentials-449a8119-8bf4-4c9f-8a62-bbc1211a9b40.config
2026-05-19T03:17:39.3049723Z [command]/usr/bin/git config --local --unset includeif.gitdir:/home/runner/work/prismTask/prismTask/.git.path /home/runner/work/_temp/git-credentials-449a8119-8bf4-4c9f-8a62-bbc1211a9b40.config
2026-05-19T03:17:39.3086883Z [command]/usr/bin/git config --local --get-all includeif.gitdir:/home/runner/work/prismTask/prismTask/.git/worktrees/*.path
2026-05-19T03:17:39.3110328Z /home/runner/work/_temp/git-credentials-449a8119-8bf4-4c9f-8a62-bbc1211a9b40.config
2026-05-19T03:17:39.3120524Z [command]/usr/bin/git config --local --unset includeif.gitdir:/home/runner/work/prismTask/prismTask/.git/worktrees/*.path /home/runner/work/_temp/git-credentials-449a8119-8bf4-4c9f-8a62-bbc1211a9b40.config
2026-05-19T03:17:39.3155218Z [command]/usr/bin/git config --local --get-all includeif.gitdir:/github/workspace/.git.path
2026-05-19T03:17:39.3177989Z /github/runner_temp/git-credentials-449a8119-8bf4-4c9f-8a62-bbc1211a9b40.config
2026-05-19T03:17:39.3186220Z [command]/usr/bin/git config --local --unset includeif.gitdir:/github/workspace/.git.path /github/runner_temp/git-credentials-449a8119-8bf4-4c9f-8a62-bbc1211a9b40.config
2026-05-19T03:17:39.3218426Z [command]/usr/bin/git config --local --get-all includeif.gitdir:/github/workspace/.git/worktrees/*.path
2026-05-19T03:17:39.3240108Z /github/runner_temp/git-credentials-449a8119-8bf4-4c9f-8a62-bbc1211a9b40.config
2026-05-19T03:17:39.3250181Z [command]/usr/bin/git config --local --unset includeif.gitdir:/github/workspace/.git/worktrees/*.path /github/runner_temp/git-credentials-449a8119-8bf4-4c9f-8a62-bbc1211a9b40.config
2026-05-19T03:17:39.3284089Z [command]/usr/bin/git submodule foreach --recursive git config --local --show-origin --name-only --get-regexp remote.origin.url
2026-05-19T03:17:39.3519302Z Removing credentials config '/home/runner/work/_temp/git-credentials-449a8119-8bf4-4c9f-8a62-bbc1211a9b40.config'
2026-05-19T03:17:39.3669712Z Cleaning up orphan processes
2026-05-19T03:17:39.3977423Z ##[warning]Node.js 20 actions are deprecated. The following actions are running on Node.js 20 and may not work as expected: actions/setup-node@v4. Actions will be forced to run with Node.js 24 by default starting June 2nd, 2026. Node.js 20 will be removed from the runner on September 16th, 2026. Please check if updated versions of these actions are available that support Node.js 24. To opt into Node.js 24 now, set the FORCE_JAVASCRIPT_ACTIONS_TO_NODE24=true environment variable on the runner or in your workflow file. Once Node.js 24 becomes the default, you can temporarily opt out by setting ACTIONS_ALLOW_USE_UNSECURE_NODE_VERSION=true. For more information see: https://github.blog/changelog/2025-09-19-deprecation-of-node-20-on-github-actions-runners/


--- Job: web-lint-and-test (id 76661220312) ---
2026-05-19T03:17:49.0088314Z Current runner version: '2.334.0'
2026-05-19T03:17:49.0121333Z ##[group]Runner Image Provisioner
2026-05-19T03:17:49.0123080Z Hosted Compute Agent
2026-05-19T03:17:49.0123992Z Version: 20260213.493
2026-05-19T03:17:49.0125059Z Commit: 5c115507f6dd24b8de37d8bbe0bb4509d0cc0fa3
2026-05-19T03:17:49.0126413Z Build Date: 2026-02-13T00:28:41Z
2026-05-19T03:17:49.0127587Z Worker ID: {922297bd-3e52-48ac-b8cf-66b48e14b03b}
2026-05-19T03:17:49.0128789Z Azure Region: northcentralus
2026-05-19T03:17:49.0130010Z ##[endgroup]
2026-05-19T03:17:49.0132715Z ##[group]Operating System
2026-05-19T03:17:49.0133617Z Ubuntu
2026-05-19T03:17:49.0134540Z 24.04.4
2026-05-19T03:17:49.0135325Z LTS
2026-05-19T03:17:49.0136102Z ##[endgroup]
2026-05-19T03:17:49.0136917Z ##[group]Runner Image
2026-05-19T03:17:49.0137969Z Image: ubuntu-24.04
2026-05-19T03:17:49.0138848Z Version: 20260513.135.3
2026-05-19T03:17:49.0141008Z Included Software: https://github.com/actions/runner-images/blob/ubuntu24/20260513.135/images/ubuntu/Ubuntu2404-Readme.md
2026-05-19T03:17:49.0143952Z Image Release: https://github.com/actions/runner-images/releases/tag/ubuntu24%2F20260513.135
2026-05-19T03:17:49.0145759Z ##[endgroup]
2026-05-19T03:17:49.0147863Z ##[group]GITHUB_TOKEN Permissions
2026-05-19T03:17:49.0150925Z Actions: read
2026-05-19T03:17:49.0152080Z Checks: read
2026-05-19T03:17:49.0152916Z Contents: write
2026-05-19T03:17:49.0153930Z Metadata: read
2026-05-19T03:17:49.0154903Z ##[endgroup]
2026-05-19T03:17:49.0157552Z Secret source: Actions
2026-05-19T03:17:49.0158907Z Prepare workflow directory
2026-05-19T03:17:49.0556659Z Prepare all required actions
2026-05-19T03:17:49.0691138Z Complete job name: web-lint-and-test
2026-05-19T03:17:49.1814470Z ##[group]Run if [ 'success' != 'success' ]; then
2026-05-19T03:17:49.1815824Z [36;1mif [ 'success' != 'success' ]; then[0m
2026-05-19T03:17:49.1817170Z [36;1m  echo "web-lint finished with success" >&2[0m
2026-05-19T03:17:49.1818463Z [36;1m  exit 1[0m
2026-05-19T03:17:49.1819239Z [36;1mfi[0m
2026-05-19T03:17:49.1820191Z [36;1mif [ 'failure' != 'success' ]; then[0m
2026-05-19T03:17:49.1821420Z [36;1m  echo "web-unit-tests finished with failure" >&2[0m
2026-05-19T03:17:49.1822827Z [36;1m  exit 1[0m
2026-05-19T03:17:49.1823661Z [36;1mfi[0m
2026-05-19T03:17:49.1824586Z [36;1mif [ 'failure' != 'success' ]; then[0m
2026-05-19T03:17:49.1825716Z [36;1m  echo "web-build finished with failure" >&2[0m
2026-05-19T03:17:49.1826897Z [36;1m  exit 1[0m
2026-05-19T03:17:49.1827655Z [36;1mfi[0m
2026-05-19T03:17:49.1828688Z [36;1mecho "✓ Split web lint, unit-test shards, and build passed."[0m
2026-05-19T03:17:49.2574939Z shell: /usr/bin/bash -e {0}
2026-05-19T03:17:49.2576034Z ##[endgroup]
2026-05-19T03:17:49.2828293Z web-unit-tests finished with failure
2026-05-19T03:17:49.2854389Z ##[error]Process completed with exit code 1.
2026-05-19T03:17:49.2996276Z Cleaning up orphan processes
