=== CI FAILURE ===
Workflow:      Web CI
Workflow file: averycorp/prismTask/.github/workflows/web-ci.yml@refs/pull/1634/merge
Job(s):        web-unit-tests (3, 3), web-lint-and-test
Run ID:        26016489904
Run attempt:   1
Run URL:       https://github.com/averycorp/prismTask/actions/runs/26016489904
Commit:        eb9de69e79b698dfaeb5ab7cfe25b8df036f0260
Branch:        1634/merge
Event:         pull_request
Actor:         dependabot[bot]
Runner OS:     Linux
Timestamp:     2026-05-18T06:08:41.525Z

Failed steps:
  - web-unit-tests (3, 3): #5 Run Vitest shard 3/3
  - web-lint-and-test: #2 Verify split web checks

=== FAILED JOB LOG ===

--- Job: web-unit-tests (3, 3) (id 76467570869) ---
2026-05-18T06:06:01.9775208Z Current runner version: '2.334.0'
2026-05-18T06:06:01.9799827Z ##[group]Runner Image Provisioner
2026-05-18T06:06:01.9800726Z Hosted Compute Agent
2026-05-18T06:06:01.9801228Z Version: 20260213.493
2026-05-18T06:06:01.9802032Z Commit: 5c115507f6dd24b8de37d8bbe0bb4509d0cc0fa3
2026-05-18T06:06:01.9802822Z Build Date: 2026-02-13T00:28:41Z
2026-05-18T06:06:01.9803471Z Worker ID: {72ca0a32-cbec-4084-af25-9e43514fe202}
2026-05-18T06:06:01.9804110Z Azure Region: westus
2026-05-18T06:06:01.9804693Z ##[endgroup]
2026-05-18T06:06:01.9806093Z ##[group]Operating System
2026-05-18T06:06:01.9806658Z Ubuntu
2026-05-18T06:06:01.9807237Z 24.04.4
2026-05-18T06:06:01.9807660Z LTS
2026-05-18T06:06:01.9808112Z ##[endgroup]
2026-05-18T06:06:01.9808597Z ##[group]Runner Image
2026-05-18T06:06:01.9809168Z Image: ubuntu-24.04
2026-05-18T06:06:01.9809645Z Version: 20260513.135.3
2026-05-18T06:06:01.9810890Z Included Software: https://github.com/actions/runner-images/blob/ubuntu24/20260513.135/images/ubuntu/Ubuntu2404-Readme.md
2026-05-18T06:06:01.9812865Z Image Release: https://github.com/actions/runner-images/releases/tag/ubuntu24%2F20260513.135
2026-05-18T06:06:01.9813850Z ##[endgroup]
2026-05-18T06:06:01.9814974Z ##[group]GITHUB_TOKEN Permissions
2026-05-18T06:06:01.9817092Z Actions: read
2026-05-18T06:06:01.9817632Z Checks: read
2026-05-18T06:06:01.9818186Z Contents: write
2026-05-18T06:06:01.9818638Z Metadata: read
2026-05-18T06:06:01.9819192Z ##[endgroup]
2026-05-18T06:06:01.9821132Z Secret source: Dependabot
2026-05-18T06:06:01.9822274Z Prepare workflow directory
2026-05-18T06:06:02.0221990Z Prepare all required actions
2026-05-18T06:06:02.0275897Z Getting action download info
2026-05-18T06:06:02.4997722Z Download action repository 'actions/checkout@v6' (SHA:de0fac2e4500dabe0009e67214ff5f5447ce83dd)
2026-05-18T06:06:02.7031899Z Complete job name: web-unit-tests (3, 3)
2026-05-18T06:06:02.7726627Z ##[group]Run actions/checkout@v6
2026-05-18T06:06:02.7727434Z with:
2026-05-18T06:06:02.7727835Z   repository: averycorp/prismTask
2026-05-18T06:06:02.7728501Z   token: ***
2026-05-18T06:06:02.7728882Z   ssh-strict: true
2026-05-18T06:06:02.7729264Z   ssh-user: git
2026-05-18T06:06:02.7729659Z   persist-credentials: true
2026-05-18T06:06:02.7730097Z   clean: true
2026-05-18T06:06:02.7730491Z   sparse-checkout-cone-mode: true
2026-05-18T06:06:02.7730969Z   fetch-depth: 1
2026-05-18T06:06:02.7731344Z   fetch-tags: false
2026-05-18T06:06:02.7732213Z   show-progress: true
2026-05-18T06:06:02.7732621Z   lfs: false
2026-05-18T06:06:02.7732984Z   submodules: false
2026-05-18T06:06:02.7733389Z   set-safe-directory: true
2026-05-18T06:06:02.7734141Z ##[endgroup]
2026-05-18T06:06:02.8672627Z Syncing repository: averycorp/prismTask
2026-05-18T06:06:02.8674337Z ##[group]Getting Git version info
2026-05-18T06:06:02.8675036Z Working directory is '/home/runner/work/prismTask/prismTask'
2026-05-18T06:06:02.8676028Z [command]/usr/bin/git version
2026-05-18T06:06:02.8740070Z git version 2.54.0
2026-05-18T06:06:02.8795244Z ##[endgroup]
2026-05-18T06:06:02.8811095Z Temporarily overriding HOME='/home/runner/work/_temp/22fedebb-119a-4594-90fe-8181e4966580' before making global git config changes
2026-05-18T06:06:02.8813541Z Adding repository directory to the temporary git global config as a safe directory
2026-05-18T06:06:02.8816615Z [command]/usr/bin/git config --global --add safe.directory /home/runner/work/prismTask/prismTask
2026-05-18T06:06:02.8860659Z Deleting the contents of '/home/runner/work/prismTask/prismTask'
2026-05-18T06:06:02.8865038Z ##[group]Initializing the repository
2026-05-18T06:06:02.8869370Z [command]/usr/bin/git init /home/runner/work/prismTask/prismTask
2026-05-18T06:06:02.8977207Z hint: Using 'master' as the name for the initial branch. This default branch name
2026-05-18T06:06:02.8978780Z hint: will change to "main" in Git 3.0. To configure the initial branch name
2026-05-18T06:06:02.8979902Z hint: to use in all of your new repositories, which will suppress this warning,
2026-05-18T06:06:02.8980883Z hint: call:
2026-05-18T06:06:02.8981320Z hint:
2026-05-18T06:06:02.8982651Z hint: 	git config --global init.defaultBranch <name>
2026-05-18T06:06:02.8983835Z hint:
2026-05-18T06:06:02.8984947Z hint: Names commonly chosen instead of 'master' are 'main', 'trunk' and
2026-05-18T06:06:02.8987122Z hint: 'development'. The just-created branch can be renamed via this command:
2026-05-18T06:06:02.8988709Z hint:
2026-05-18T06:06:02.8989510Z hint: 	git branch -m <name>
2026-05-18T06:06:02.8990404Z hint:
2026-05-18T06:06:02.8991709Z hint: Disable this message with "git config set advice.defaultBranchName false"
2026-05-18T06:06:02.8993446Z Initialized empty Git repository in /home/runner/work/prismTask/prismTask/.git/
2026-05-18T06:06:02.8996374Z [command]/usr/bin/git remote add origin https://github.com/averycorp/prismTask
2026-05-18T06:06:02.9037541Z ##[endgroup]
2026-05-18T06:06:02.9038817Z ##[group]Disabling automatic garbage collection
2026-05-18T06:06:02.9041914Z [command]/usr/bin/git config --local gc.auto 0
2026-05-18T06:06:02.9070300Z ##[endgroup]
2026-05-18T06:06:02.9071926Z ##[group]Setting up auth
2026-05-18T06:06:02.9072853Z Removing SSH command configuration
2026-05-18T06:06:02.9078609Z [command]/usr/bin/git config --local --name-only --get-regexp core\.sshCommand
2026-05-18T06:06:02.9112926Z [command]/usr/bin/git submodule foreach --recursive sh -c "git config --local --name-only --get-regexp 'core\.sshCommand' && git config --local --unset-all 'core.sshCommand' || :"
2026-05-18T06:06:02.9434992Z Removing HTTP extra header
2026-05-18T06:06:02.9440337Z [command]/usr/bin/git config --local --name-only --get-regexp http\.https\:\/\/github\.com\/\.extraheader
2026-05-18T06:06:02.9471304Z [command]/usr/bin/git submodule foreach --recursive sh -c "git config --local --name-only --get-regexp 'http\.https\:\/\/github\.com\/\.extraheader' && git config --local --unset-all 'http.https://github.com/.extraheader' || :"
2026-05-18T06:06:02.9693693Z Removing includeIf entries pointing to credentials config files
2026-05-18T06:06:02.9699896Z [command]/usr/bin/git config --local --name-only --get-regexp ^includeIf\.gitdir:
2026-05-18T06:06:02.9731694Z [command]/usr/bin/git submodule foreach --recursive git config --local --show-origin --name-only --get-regexp remote.origin.url
2026-05-18T06:06:02.9948193Z [command]/usr/bin/git config --file /home/runner/work/_temp/git-credentials-28f0e559-ac7c-4b40-a171-49cb934a6541.config http.https://github.com/.extraheader AUTHORIZATION: basic ***
2026-05-18T06:06:02.9983164Z [command]/usr/bin/git config --local includeIf.gitdir:/home/runner/work/prismTask/prismTask/.git.path /home/runner/work/_temp/git-credentials-28f0e559-ac7c-4b40-a171-49cb934a6541.config
2026-05-18T06:06:03.0013473Z [command]/usr/bin/git config --local includeIf.gitdir:/home/runner/work/prismTask/prismTask/.git/worktrees/*.path /home/runner/work/_temp/git-credentials-28f0e559-ac7c-4b40-a171-49cb934a6541.config
2026-05-18T06:06:03.0046091Z [command]/usr/bin/git config --local includeIf.gitdir:/github/workspace/.git.path /github/runner_temp/git-credentials-28f0e559-ac7c-4b40-a171-49cb934a6541.config
2026-05-18T06:06:03.0083277Z [command]/usr/bin/git config --local includeIf.gitdir:/github/workspace/.git/worktrees/*.path /github/runner_temp/git-credentials-28f0e559-ac7c-4b40-a171-49cb934a6541.config
2026-05-18T06:06:03.0108843Z ##[endgroup]
2026-05-18T06:06:03.0110064Z ##[group]Fetching the repository
2026-05-18T06:06:03.0118520Z [command]/usr/bin/git -c protocol.version=2 fetch --no-tags --prune --no-recurse-submodules --depth=1 origin +eb9de69e79b698dfaeb5ab7cfe25b8df036f0260:refs/remotes/pull/1634/merge
2026-05-18T06:06:05.2104762Z From https://github.com/averycorp/prismTask
2026-05-18T06:06:05.2106845Z  * [new ref]         eb9de69e79b698dfaeb5ab7cfe25b8df036f0260 -> pull/1634/merge
2026-05-18T06:06:05.2145417Z ##[endgroup]
2026-05-18T06:06:05.2146748Z ##[group]Determining the checkout info
2026-05-18T06:06:05.2148130Z ##[endgroup]
2026-05-18T06:06:05.2154223Z [command]/usr/bin/git sparse-checkout disable
2026-05-18T06:06:05.2208218Z [command]/usr/bin/git config --local --unset-all extensions.worktreeConfig
2026-05-18T06:06:05.2238248Z ##[group]Checking out the ref
2026-05-18T06:06:05.2243649Z [command]/usr/bin/git checkout --progress --force refs/remotes/pull/1634/merge
2026-05-18T06:06:05.5223664Z Note: switching to 'refs/remotes/pull/1634/merge'.
2026-05-18T06:06:05.5224739Z 
2026-05-18T06:06:05.5225388Z You are in 'detached HEAD' state. You can look around, make experimental
2026-05-18T06:06:05.5226856Z changes and commit them, and you can discard any commits you make in this
2026-05-18T06:06:05.5228343Z state without impacting any branches by switching back to a branch.
2026-05-18T06:06:05.5229209Z 
2026-05-18T06:06:05.5229697Z If you want to create a new branch to retain commits you create, you may
2026-05-18T06:06:05.5230877Z do so (now or later) by using -c with the switch command. Example:
2026-05-18T06:06:05.5231969Z 
2026-05-18T06:06:05.5232283Z   git switch -c <new-branch-name>
2026-05-18T06:06:05.5232803Z 
2026-05-18T06:06:05.5233110Z Or undo this operation with:
2026-05-18T06:06:05.5233620Z 
2026-05-18T06:06:05.5233869Z   git switch -
2026-05-18T06:06:05.5234239Z 
2026-05-18T06:06:05.5234867Z Turn off this advice by setting config variable advice.detachedHead to false
2026-05-18T06:06:05.5235795Z 
2026-05-18T06:06:05.5236816Z HEAD is now at eb9de69 Merge d04d06a5df94cab0e5dfb7e55cfd6d839efae2b7 into 08c94048542478b2bb6f1079e00d09288c7f259f
2026-05-18T06:06:05.5247654Z ##[endgroup]
2026-05-18T06:06:05.5289863Z [command]/usr/bin/git log -1 --format=%H
2026-05-18T06:06:05.5313477Z eb9de69e79b698dfaeb5ab7cfe25b8df036f0260
2026-05-18T06:06:05.5670606Z Prepare all required actions
2026-05-18T06:06:05.5672083Z Getting action download info
2026-05-18T06:06:05.8038912Z Download action repository 'actions/setup-node@v4' (SHA:49933ea5288caeca8642d1e84afbd3f7d6820020)
2026-05-18T06:06:05.9085293Z ##[group]Run ./.github/actions/setup-node-web
2026-05-18T06:06:05.9085643Z ##[endgroup]
2026-05-18T06:06:05.9215648Z ##[group]Run actions/setup-node@v4
2026-05-18T06:06:05.9215987Z with:
2026-05-18T06:06:05.9216247Z   node-version: 22
2026-05-18T06:06:05.9216485Z   cache: npm
2026-05-18T06:06:05.9216756Z   cache-dependency-path: web/package-lock.json
2026-05-18T06:06:05.9217092Z   always-auth: false
2026-05-18T06:06:05.9217334Z   check-latest: false
2026-05-18T06:06:05.9217743Z   token: ***
2026-05-18T06:06:05.9217984Z ##[endgroup]
2026-05-18T06:06:06.1057777Z Found in cache @ /opt/hostedtoolcache/node/22.22.2/x64
2026-05-18T06:06:06.1058961Z ##[group]Environment details
2026-05-18T06:06:08.3105026Z node: v22.22.2
2026-05-18T06:06:08.3105635Z npm: 10.9.7
2026-05-18T06:06:08.3105917Z yarn: 1.22.22
2026-05-18T06:06:08.3110532Z ##[endgroup]
2026-05-18T06:06:08.3132983Z [command]/opt/hostedtoolcache/node/22.22.2/x64/bin/npm config get cache
2026-05-18T06:06:08.5359577Z /home/runner/.npm
2026-05-18T06:06:08.8187739Z Cache hit for: node-cache-Linux-x64-npm-c64f8295d1c2d56beecb1b5b5e03c7545f06eaaf209dfc829550a5709df2b63a
2026-05-18T06:06:10.1144689Z Received 4194304 of 94708711 (4.4%), 4.0 MBs/sec
2026-05-18T06:06:11.1006733Z Received 94708711 of 94708711 (100.0%), 45.5 MBs/sec
2026-05-18T06:06:11.1007599Z Cache Size: ~90 MB (94708711 B)
2026-05-18T06:06:11.1119001Z [command]/usr/bin/tar -xf /home/runner/work/_temp/07f93a30-ce5f-4959-86d4-7423bd8a1c7b/cache.tzst -P -C /home/runner/work/prismTask/prismTask --use-compress-program unzstd
2026-05-18T06:06:11.3219577Z Cache restored successfully
2026-05-18T06:06:11.3271044Z Cache restored from key: node-cache-Linux-x64-npm-c64f8295d1c2d56beecb1b5b5e03c7545f06eaaf209dfc829550a5709df2b63a
2026-05-18T06:06:11.3428748Z ##[group]Run npm ci
2026-05-18T06:06:11.3429031Z [36;1mnpm ci[0m
2026-05-18T06:06:11.3475245Z shell: /usr/bin/bash --noprofile --norc -e -o pipefail {0}
2026-05-18T06:06:11.3475613Z ##[endgroup]
2026-05-18T06:06:22.0751122Z 
2026-05-18T06:06:22.0759574Z added 435 packages, and audited 436 packages in 11s
2026-05-18T06:06:22.0759907Z 
2026-05-18T06:06:22.0760107Z 94 packages are looking for funding
2026-05-18T06:06:22.0760550Z   run `npm fund` for details
2026-05-18T06:06:22.0839032Z 
2026-05-18T06:06:22.0839626Z 3 vulnerabilities (2 moderate, 1 critical)
2026-05-18T06:06:22.0840391Z 
2026-05-18T06:06:22.0841157Z To address all issues, run:
2026-05-18T06:06:22.0842016Z   npm audit fix
2026-05-18T06:06:22.0842438Z 
2026-05-18T06:06:22.0842820Z Run `npm audit` for details.
2026-05-18T06:06:22.1804790Z ##[group]Run npm run test:run -- --shard=3/3
2026-05-18T06:06:22.1805167Z [36;1mnpm run test:run -- --shard=3/3[0m
2026-05-18T06:06:22.1838697Z shell: /usr/bin/bash -e {0}
2026-05-18T06:06:22.1838947Z ##[endgroup]
2026-05-18T06:06:22.2868247Z 
2026-05-18T06:06:22.2868801Z > web@2.0.0 test:run
2026-05-18T06:06:22.2869194Z > vitest run --pool=threads --shard=3/3
2026-05-18T06:06:22.2869442Z 
2026-05-18T06:06:22.6213740Z 
2026-05-18T06:06:22.6217696Z [1m[30m[46m RUN [49m[39m[22m [36mv4.1.5 [39m[90m/home/runner/work/prismTask/prismTask/web[39m
2026-05-18T06:06:22.6218102Z 
2026-05-18T06:06:24.3823198Z  [32m✓[39m src/utils/__tests__/nlp.test.ts [2m([22m[2m67 tests[22m[2m)[22m[32m 50[2mms[22m[39m
2026-05-18T06:06:24.5054062Z  [32m✓[39m src/stores/__tests__/configFamilyStores.test.ts [2m([22m[2m18 tests[22m[2m)[22m[32m 27[2mms[22m[39m
2026-05-18T06:06:25.8650017Z  [32m✓[39m src/utils/__tests__/projectBurndown.test.ts [2m([22m[2m10 tests[22m[2m)[22m[32m 13[2mms[22m[39m
2026-05-18T06:06:26.0197053Z  [32m✓[39m src/utils/__tests__/streaks.test.ts [2m([22m[2m36 tests[22m[2m)[22m[32m 100[2mms[22m[39m
2026-05-18T06:06:27.2379456Z  [32m✓[39m src/utils/__tests__/recurrence.test.ts [2m([22m[2m42 tests[22m[2m)[22m[32m 34[2mms[22m[39m
2026-05-18T06:06:27.4183248Z  [32m✓[39m src/stores/__tests__/dashboardStore.test.ts [2m([22m[2m10 tests[22m[2m)[22m[32m 11[2mms[22m[39m
2026-05-18T06:06:28.2309817Z  [32m✓[39m src/features/today/__tests__/RestDayBanner.test.tsx [2m([22m[2m7 tests[22m[2m)[22m[33m 638[2mms[22m[39m
2026-05-18T06:06:28.5157771Z  [32m✓[39m src/utils/__tests__/builtInHabitReconciler.test.ts [2m([22m[2m16 tests[22m[2m)[22m[32m 12[2mms[22m[39m
2026-05-18T06:06:28.7375301Z  [32m✓[39m src/lib/firestore/__tests__/safeMergeDoc.test.ts [2m([22m[2m9 tests[22m[2m)[22m[32m 18[2mms[22m[39m
2026-05-18T06:06:29.5423106Z  [32m✓[39m src/lib/__tests__/builtInHabitReconciler.test.ts [2m([22m[2m13 tests[22m[2m)[22m[32m 37[2mms[22m[39m
2026-05-18T06:06:29.9904094Z  [32m✓[39m src/features/batch/__tests__/batchApplier.medication.test.ts [2m([22m[2m8 tests[22m[2m)[22m[32m 13[2mms[22m[39m
2026-05-18T06:06:30.7937367Z  [32m✓[39m src/api/__tests__/leisure.test.ts [2m([22m[2m13 tests[22m[2m)[22m[32m 15[2mms[22m[39m
2026-05-18T06:06:31.3673942Z  [32m✓[39m src/api/firestore/__tests__/medicationSlots.test.ts [2m([22m[2m14 tests[22m[2m)[22m[32m 18[2mms[22m[39m
2026-05-18T06:06:31.7235704Z  [32m✓[39m src/stores/__tests__/habitStore.startOfDayHour.test.ts [2m([22m[2m3 tests[22m[2m)[22m[32m 12[2mms[22m[39m
2026-05-18T06:06:32.1163493Z  [32m✓[39m src/lib/__tests__/boundaryRuleParser.test.ts [2m([22m[2m22 tests[22m[2m)[22m[32m 18[2mms[22m[39m
2026-05-18T06:06:32.9964662Z  [32m✓[39m src/stores/__tests__/authStore.test.ts [2m([22m[2m5 tests[22m[2m)[22m[32m 13[2mms[22m[39m
2026-05-18T06:06:33.5928952Z  [32m✓[39m src/api/__tests__/aiFeatureGate.test.ts [2m([22m[2m16 tests[22m[2m)[22m[32m 31[2mms[22m[39m
2026-05-18T06:06:34.2821196Z  [32m✓[39m src/stores/__tests__/assignmentStore.test.ts [2m([22m[2m9 tests[22m[2m)[22m[32m 10[2mms[22m[39m
2026-05-18T06:06:34.4196104Z  [32m✓[39m src/utils/__tests__/urgency.test.ts [2m([22m[2m12 tests[22m[2m)[22m[32m 21[2mms[22m[39m
2026-05-18T06:06:35.4211178Z  [32m✓[39m src/components/__tests__/BuiltInUpdateBanner.test.tsx [2m([22m[2m10 tests[22m[2m)[22m[33m 348[2mms[22m[39m
2026-05-18T06:06:35.6351071Z  [32m✓[39m src/features/weeklyreview/__tests__/weeklyReviewContent.test.ts [2m([22m[2m14 tests[22m[2m)[22m[32m 21[2mms[22m[39m
2026-05-18T06:06:35.8450051Z  [32m✓[39m src/utils/__tests__/multiCreateDetector.test.ts [2m([22m[2m14 tests[22m[2m)[22m[32m 11[2mms[22m[39m
2026-05-18T06:06:36.8538020Z  [32m✓[39m src/hooks/__tests__/useNdFeatureGate.test.ts [2m([22m[2m18 tests[22m[2m)[22m[32m 6[2mms[22m[39m
2026-05-18T06:06:38.4481969Z  [32m✓[39m src/utils/__tests__/dates.test.ts [2m([22m[2m28 tests[22m[2m)[22m[32m 81[2mms[22m[39m
2026-05-18T06:06:38.4771950Z  [32m✓[39m src/utils/__tests__/streaks.advancedTuning.test.ts [2m([22m[2m3 tests[22m[2m)[22m[32m 24[2mms[22m[39m
2026-05-18T06:06:39.6543980Z  [32m✓[39m src/features/tasks/__tests__/selectUnmetBlockerIds.test.ts [2m([22m[2m10 tests[22m[2m)[22m[32m 13[2mms[22m[39m
2026-05-18T06:06:40.7370127Z  [32m✓[39m src/components/__tests__/HabitLogDialog.test.tsx [2m([22m[2m5 tests[22m[2m)[22m[33m 826[2mms[22m[39m
2026-05-18T06:06:40.7372531Z      [33m[2m✓[22m[39m Log writes a habit_logs entry via the store and closes [33m 305[2mms[22m[39m
2026-05-18T06:06:40.9730607Z  [32m✓[39m src/api/firestore/__tests__/projectPhases.test.ts [2m([22m[2m5 tests[22m[2m)[22m[32m 8[2mms[22m[39m
2026-05-18T06:06:42.0028164Z  [32m✓[39m src/api/__tests__/aiChat.test.ts [2m([22m[2m6 tests[22m[2m)[22m[32m 10[2mms[22m[39m
2026-05-18T06:06:42.2175530Z  [32m✓[39m src/features/today/__tests__/HabitsSection.test.tsx [2m([22m[2m3 tests[22m[2m)[22m[32m 296[2mms[22m[39m
2026-05-18T06:06:42.4326202Z  [32m✓[39m src/features/medication/__tests__/refillCalculator.test.ts [2m([22m[2m10 tests[22m[2m)[22m[32m 9[2mms[22m[39m
2026-05-18T06:06:43.4352222Z  [32m✓[39m src/api/firestore/__tests__/projectRisks.test.ts [2m([22m[2m7 tests[22m[2m)[22m[32m 10[2mms[22m[39m
2026-05-18T06:06:43.6415870Z  [32m✓[39m src/api/firestore/__tests__/a11yPreferences.test.ts [2m([22m[2m7 tests[22m[2m)[22m[32m 13[2mms[22m[39m
2026-05-18T06:06:43.7326476Z  [32m✓[39m src/api/firestore/__tests__/medicationSlots.lww.test.ts [2m([22m[2m4 tests[22m[2m)[22m[32m 11[2mms[22m[39m
2026-05-18T06:06:44.8027005Z  [32m✓[39m src/features/today/__tests__/BurnoutBadgeSection.test.ts [2m([22m[2m4 tests[22m[2m)[22m[32m 6[2mms[22m[39m
2026-05-18T06:06:46.0245420Z  [32m✓[39m src/components/__tests__/TaskConfirmModal.test.tsx [2m([22m[2m5 tests[22m[2m)[22m[33m 734[2mms[22m[39m
2026-05-18T06:06:46.0247799Z      [33m[2m✓[22m[39m saves the unmodified draft when the user taps Save [33m 318[2mms[22m[39m
2026-05-18T06:06:46.1060041Z  [32m✓[39m src/lib/idb/__tests__/database.test.ts [2m([22m[2m5 tests[22m[2m)[22m[32m 20[2mms[22m[39m
2026-05-18T06:06:47.3294107Z  [32m✓[39m src/features/weeklyreview/__tests__/WeeklyReviewsListScreen.test.tsx [2m([22m[2m3 tests[22m[2m)[22m[33m 365[2mms[22m[39m
2026-05-18T06:06:47.5143164Z  [32m✓[39m src/stores/__tests__/medicationSlotsStore.test.ts [2m([22m[2m4 tests[22m[2m)[22m[32m 10[2mms[22m[39m
2026-05-18T06:06:48.6453651Z  [32m✓[39m src/utils/__tests__/medicationBuiltInHabit.test.ts [2m([22m[2m6 tests[22m[2m)[22m[32m 12[2mms[22m[39m
2026-05-18T06:06:49.0142694Z  [32m✓[39m src/theme/__tests__/PrismThemeProvider.test.tsx [2m([22m[2m3 tests[22m[2m)[22m[32m 94[2mms[22m[39m
2026-05-18T06:06:49.3054231Z  [31m❯[39m src/components/__tests__/ContributionGrid.test.tsx [2m([22m[2m5 tests[22m[2m | [22m[31m2 failed[39m[2m)[22m[32m 286[2mms[22m[39m
2026-05-18T06:06:49.3103155Z      [32m✓[39m renders the configured title[32m 116[2mms[22m[39m
2026-05-18T06:06:49.3114451Z [31m     [31m×[31m renders 12 weeks of cells by default (7 rows × 12 columns)[39m[32m 40[2mms[22m[39m
2026-05-18T06:06:49.3115852Z      [32m✓[39m buckets recent completions into the grid by date[32m 42[2mms[22m[39m
2026-05-18T06:06:49.3127555Z      [32m✓[39m clamps cells with no completions to count = 0[32m 63[2mms[22m[39m
2026-05-18T06:06:49.3129351Z [31m     [31m×[31m respects a custom weeks count[39m[32m 19[2mms[22m[39m
2026-05-18T06:06:50.1593686Z  [32m✓[39m src/stores/__tests__/medicationRefillsStore.test.ts [2m([22m[2m3 tests[22m[2m)[22m[32m 10[2mms[22m[39m
2026-05-18T06:06:50.6971030Z  [32m✓[39m src/api/__tests__/pomodoroCoaching.test.ts [2m([22m[2m3 tests[22m[2m)[22m[32m 9[2mms[22m[39m
2026-05-18T06:06:51.3286118Z  [32m✓[39m src/utils/__tests__/goodEnoughTimer.test.ts [2m([22m[2m7 tests[22m[2m)[22m[32m 5[2mms[22m[39m
2026-05-18T06:06:51.7897592Z  [32m✓[39m src/utils/__tests__/export.test.ts [2m([22m[2m8 tests[22m[2m)[22m[33m 1433[2mms[22m[39m
2026-05-18T06:06:51.7898416Z        [33m[2m✓[22m[39m can construct a valid export object [33m 1426[2mms[22m[39m
2026-05-18T06:06:51.7936745Z 
2026-05-18T06:06:51.7937527Z [31m⎯⎯⎯⎯⎯⎯⎯[39m[1m[41m Failed Tests 2 [49m[22m[31m⎯⎯⎯⎯⎯⎯⎯[39m
2026-05-18T06:06:51.7938104Z 
2026-05-18T06:06:51.7943194Z [41m[1m FAIL [22m[49m src/components/__tests__/ContributionGrid.test.tsx[2m > [22mContributionGrid[2m > [22mrenders 12 weeks of cells by default (7 rows × 12 columns)
2026-05-18T06:06:51.7948395Z [31m[1mAssertionError[22m: expected 78 to be greater than or equal to 79[39m
2026-05-18T06:06:51.7949609Z [36m [2m❯[22m src/components/__tests__/ContributionGrid.test.tsx:[2m36:26[22m[39m
2026-05-18T06:06:51.7980500Z     [90m 34|[39m     [90m// count is ≤ 84 and ≥ 79 (12 weeks − up to 5 future days).[39m
2026-05-18T06:06:51.7982033Z     [90m 35|[39m     [34mexpect[39m(cells[33m.[39mlength)[33m.[39m[34mtoBeLessThanOrEqual[39m([34m84[39m)[33m;[39m
2026-05-18T06:06:51.7983727Z     [90m 36|[39m     [34mexpect[39m(cells[33m.[39mlength)[33m.[39m[34mtoBeGreaterThanOrEqual[39m([34m79[39m)[33m;[39m
2026-05-18T06:06:51.7984879Z     [90m   |[39m                          [31m^[39m
2026-05-18T06:06:51.7985594Z     [90m 37|[39m   })[33m;[39m
2026-05-18T06:06:51.7986146Z     [90m 38|[39m
2026-05-18T06:06:51.7986381Z 
2026-05-18T06:06:51.7987245Z 
2026-05-18T06:06:51.7988007Z [31m[2m⎯⎯⎯⎯⎯⎯⎯⎯⎯⎯⎯⎯⎯⎯⎯⎯⎯⎯⎯⎯⎯⎯⎯⎯[1/2]⎯[22m[39m
2026-05-18T06:06:51.7988449Z 
2026-05-18T06:06:51.7989901Z [41m[1m FAIL [22m[49m src/components/__tests__/ContributionGrid.test.tsx[2m > [22mContributionGrid[2m > [22mrespects a custom weeks count
2026-05-18T06:06:51.7992019Z [31m[1mAssertionError[22m: expected 22 to be greater than or equal to 23[39m
2026-05-18T06:06:51.7993451Z [36m [2m❯[22m src/components/__tests__/ContributionGrid.test.tsx:[2m81:26[22m[39m
2026-05-18T06:06:51.7994798Z     [90m 79|[39m     // 4 weeks = at most 28 days, at least 23 (4 × 7 minus future spac…
2026-05-18T06:06:51.7996261Z     [90m 80|[39m     [34mexpect[39m(cells[33m.[39mlength)[33m.[39m[34mtoBeLessThanOrEqual[39m([34m28[39m)[33m;[39m
2026-05-18T06:06:51.7997853Z     [90m 81|[39m     [34mexpect[39m(cells[33m.[39mlength)[33m.[39m[34mtoBeGreaterThanOrEqual[39m([34m23[39m)[33m;[39m
2026-05-18T06:06:51.7998926Z     [90m   |[39m                          [31m^[39m
2026-05-18T06:06:51.7999554Z     [90m 82|[39m   })[33m;[39m
2026-05-18T06:06:51.8000056Z     [90m 83|[39m })[33m;[39m
2026-05-18T06:06:51.8000301Z 
2026-05-18T06:06:51.8000706Z [31m[2m⎯⎯⎯⎯⎯⎯⎯⎯⎯⎯⎯⎯⎯⎯⎯⎯⎯⎯⎯⎯⎯⎯⎯⎯[2/2]⎯[22m[39m
2026-05-18T06:06:51.8001021Z 
2026-05-18T06:06:51.8002085Z [2m Test Files [22m [1m[31m1 failed[39m[22m[2m | [22m[1m[32m45 passed[39m[22m[90m (46)[39m
2026-05-18T06:06:51.8003566Z [2m      Tests [22m [1m[31m2 failed[39m[22m[2m | [22m[1m[32m528 passed[39m[22m[90m (530)[39m
2026-05-18T06:06:51.8004517Z [2m   Start at [22m 06:06:22
2026-05-18T06:06:51.8005750Z [2m   Duration [22m 29.15s[2m (transform 1.50s, setup 5.64s, import 19.76s, tests 5.76s, environment 45.26s)[22m
2026-05-18T06:06:51.8006398Z 
2026-05-18T06:06:51.8018635Z 
2026-05-18T06:06:51.8040025Z ##[error]AssertionError: expected 78 to be greater than or equal to 79
 ❯ src/components/__tests__/ContributionGrid.test.tsx:36:26


2026-05-18T06:06:51.8048138Z 
2026-05-18T06:06:51.8049798Z ##[error]AssertionError: expected 22 to be greater than or equal to 23
 ❯ src/components/__tests__/ContributionGrid.test.tsx:81:26


2026-05-18T06:06:51.8474925Z ##[error]Process completed with exit code 1.
2026-05-18T06:06:51.8548814Z Post job cleanup.
2026-05-18T06:06:51.8630302Z Post job cleanup.
2026-05-18T06:06:51.9462898Z [command]/usr/bin/git version
2026-05-18T06:06:51.9499377Z git version 2.54.0
2026-05-18T06:06:51.9539722Z Temporarily overriding HOME='/home/runner/work/_temp/977a3720-6f19-4bf5-8530-0267f010de73' before making global git config changes
2026-05-18T06:06:51.9541685Z Adding repository directory to the temporary git global config as a safe directory
2026-05-18T06:06:51.9545769Z [command]/usr/bin/git config --global --add safe.directory /home/runner/work/prismTask/prismTask
2026-05-18T06:06:51.9577734Z Removing SSH command configuration
2026-05-18T06:06:51.9585311Z [command]/usr/bin/git config --local --name-only --get-regexp core\.sshCommand
2026-05-18T06:06:51.9620174Z [command]/usr/bin/git submodule foreach --recursive sh -c "git config --local --name-only --get-regexp 'core\.sshCommand' && git config --local --unset-all 'core.sshCommand' || :"
2026-05-18T06:06:51.9844076Z Removing HTTP extra header
2026-05-18T06:06:51.9848007Z [command]/usr/bin/git config --local --name-only --get-regexp http\.https\:\/\/github\.com\/\.extraheader
2026-05-18T06:06:51.9881836Z [command]/usr/bin/git submodule foreach --recursive sh -c "git config --local --name-only --get-regexp 'http\.https\:\/\/github\.com\/\.extraheader' && git config --local --unset-all 'http.https://github.com/.extraheader' || :"
2026-05-18T06:06:52.0104863Z Removing includeIf entries pointing to credentials config files
2026-05-18T06:06:52.0114334Z [command]/usr/bin/git config --local --name-only --get-regexp ^includeIf\.gitdir:
2026-05-18T06:06:52.0143164Z includeif.gitdir:/home/runner/work/prismTask/prismTask/.git.path
2026-05-18T06:06:52.0144174Z includeif.gitdir:/home/runner/work/prismTask/prismTask/.git/worktrees/*.path
2026-05-18T06:06:52.0144678Z includeif.gitdir:/github/workspace/.git.path
2026-05-18T06:06:52.0145146Z includeif.gitdir:/github/workspace/.git/worktrees/*.path
2026-05-18T06:06:52.0156802Z [command]/usr/bin/git config --local --get-all includeif.gitdir:/home/runner/work/prismTask/prismTask/.git.path
2026-05-18T06:06:52.0181053Z /home/runner/work/_temp/git-credentials-28f0e559-ac7c-4b40-a171-49cb934a6541.config
2026-05-18T06:06:52.0197232Z [command]/usr/bin/git config --local --unset includeif.gitdir:/home/runner/work/prismTask/prismTask/.git.path /home/runner/work/_temp/git-credentials-28f0e559-ac7c-4b40-a171-49cb934a6541.config
2026-05-18T06:06:52.0235851Z [command]/usr/bin/git config --local --get-all includeif.gitdir:/home/runner/work/prismTask/prismTask/.git/worktrees/*.path
2026-05-18T06:06:52.0259694Z /home/runner/work/_temp/git-credentials-28f0e559-ac7c-4b40-a171-49cb934a6541.config
2026-05-18T06:06:52.0272656Z [command]/usr/bin/git config --local --unset includeif.gitdir:/home/runner/work/prismTask/prismTask/.git/worktrees/*.path /home/runner/work/_temp/git-credentials-28f0e559-ac7c-4b40-a171-49cb934a6541.config
2026-05-18T06:06:52.0307777Z [command]/usr/bin/git config --local --get-all includeif.gitdir:/github/workspace/.git.path
2026-05-18T06:06:52.0330830Z /github/runner_temp/git-credentials-28f0e559-ac7c-4b40-a171-49cb934a6541.config
2026-05-18T06:06:52.0344017Z [command]/usr/bin/git config --local --unset includeif.gitdir:/github/workspace/.git.path /github/runner_temp/git-credentials-28f0e559-ac7c-4b40-a171-49cb934a6541.config
2026-05-18T06:06:52.0376188Z [command]/usr/bin/git config --local --get-all includeif.gitdir:/github/workspace/.git/worktrees/*.path
2026-05-18T06:06:52.0396910Z /github/runner_temp/git-credentials-28f0e559-ac7c-4b40-a171-49cb934a6541.config
2026-05-18T06:06:52.0406694Z [command]/usr/bin/git config --local --unset includeif.gitdir:/github/workspace/.git/worktrees/*.path /github/runner_temp/git-credentials-28f0e559-ac7c-4b40-a171-49cb934a6541.config
2026-05-18T06:06:52.0440034Z [command]/usr/bin/git submodule foreach --recursive git config --local --show-origin --name-only --get-regexp remote.origin.url
2026-05-18T06:06:52.0690892Z Removing credentials config '/home/runner/work/_temp/git-credentials-28f0e559-ac7c-4b40-a171-49cb934a6541.config'
2026-05-18T06:06:52.0829537Z Cleaning up orphan processes
2026-05-18T06:06:52.1145683Z ##[warning]Node.js 20 actions are deprecated. The following actions are running on Node.js 20 and may not work as expected: actions/setup-node@v4. Actions will be forced to run with Node.js 24 by default starting June 2nd, 2026. Node.js 20 will be removed from the runner on September 16th, 2026. Please check if updated versions of these actions are available that support Node.js 24. To opt into Node.js 24 now, set the FORCE_JAVASCRIPT_ACTIONS_TO_NODE24=true environment variable on the runner or in your workflow file. Once Node.js 24 becomes the default, you can temporarily opt out by setting ACTIONS_ALLOW_USE_UNSECURE_NODE_VERSION=true. For more information see: https://github.blog/changelog/2025-09-19-deprecation-of-node-20-on-github-actions-runners/


--- Job: web-lint-and-test (id 76467765029) ---
2026-05-18T06:07:58.7321814Z Current runner version: '2.334.0'
2026-05-18T06:07:58.7349178Z ##[group]Runner Image Provisioner
2026-05-18T06:07:58.7350049Z Hosted Compute Agent
2026-05-18T06:07:58.7350653Z Version: 20260213.493
2026-05-18T06:07:58.7351294Z Commit: 5c115507f6dd24b8de37d8bbe0bb4509d0cc0fa3
2026-05-18T06:07:58.7351963Z Build Date: 2026-02-13T00:28:41Z
2026-05-18T06:07:58.7352683Z Worker ID: {5a758c5b-422f-4ac7-b09c-8b124b44d7a8}
2026-05-18T06:07:58.7353458Z Azure Region: eastus
2026-05-18T06:07:58.7353986Z ##[endgroup]
2026-05-18T06:07:58.7355877Z ##[group]Operating System
2026-05-18T06:07:58.7356494Z Ubuntu
2026-05-18T06:07:58.7356999Z 24.04.4
2026-05-18T06:07:58.7357418Z LTS
2026-05-18T06:07:58.7358023Z ##[endgroup]
2026-05-18T06:07:58.7358504Z ##[group]Runner Image
2026-05-18T06:07:58.7359060Z Image: ubuntu-24.04
2026-05-18T06:07:58.7359675Z Version: 20260513.135.3
2026-05-18T06:07:58.7360894Z Included Software: https://github.com/actions/runner-images/blob/ubuntu24/20260513.135/images/ubuntu/Ubuntu2404-Readme.md
2026-05-18T06:07:58.7362395Z Image Release: https://github.com/actions/runner-images/releases/tag/ubuntu24%2F20260513.135
2026-05-18T06:07:58.7363297Z ##[endgroup]
2026-05-18T06:07:58.7364775Z ##[group]GITHUB_TOKEN Permissions
2026-05-18T06:07:58.7367293Z Actions: read
2026-05-18T06:07:58.7367973Z Checks: read
2026-05-18T06:07:58.7368881Z Contents: write
2026-05-18T06:07:58.7369617Z Metadata: read
2026-05-18T06:07:58.7370381Z ##[endgroup]
2026-05-18T06:07:58.7373112Z Secret source: Dependabot
2026-05-18T06:07:58.7374257Z Prepare workflow directory
2026-05-18T06:07:58.7855232Z Prepare all required actions
2026-05-18T06:07:58.7989869Z Complete job name: web-lint-and-test
2026-05-18T06:07:58.9178848Z ##[group]Run if [ 'success' != 'success' ]; then
2026-05-18T06:07:58.9180180Z [36;1mif [ 'success' != 'success' ]; then[0m
2026-05-18T06:07:58.9181407Z [36;1m  echo "web-lint finished with success" >&2[0m
2026-05-18T06:07:58.9182605Z [36;1m  exit 1[0m
2026-05-18T06:07:58.9183338Z [36;1mfi[0m
2026-05-18T06:07:58.9184225Z [36;1mif [ 'failure' != 'success' ]; then[0m
2026-05-18T06:07:58.9185569Z [36;1m  echo "web-unit-tests finished with failure" >&2[0m
2026-05-18T06:07:58.9186606Z [36;1m  exit 1[0m
2026-05-18T06:07:58.9187344Z [36;1mfi[0m
2026-05-18T06:07:58.9188178Z [36;1mif [ 'success' != 'success' ]; then[0m
2026-05-18T06:07:58.9189157Z [36;1m  echo "web-build finished with success" >&2[0m
2026-05-18T06:07:58.9190220Z [36;1m  exit 1[0m
2026-05-18T06:07:58.9190937Z [36;1mfi[0m
2026-05-18T06:07:58.9191846Z [36;1mecho "✓ Split web lint, unit-test shards, and build passed."[0m
2026-05-18T06:07:58.9809585Z shell: /usr/bin/bash -e {0}
2026-05-18T06:07:58.9811312Z ##[endgroup]
2026-05-18T06:07:59.0155643Z web-unit-tests finished with failure
2026-05-18T06:07:59.0178127Z ##[error]Process completed with exit code 1.
2026-05-18T06:07:59.0302139Z Cleaning up orphan processes
