=== CI FAILURE ===
Workflow:      Web CI
Workflow file: averycorp/prismTask/.github/workflows/web-ci.yml@refs/pull/1577/merge
Job(s):        e2e
Run ID:        25956101310
Run attempt:   1
Run URL:       https://github.com/averycorp/prismTask/actions/runs/25956101310
Commit:        af809e54a30dac2a8a41c0e0a7fe09d1739209e2
Branch:        1577/merge
Event:         pull_request
Actor:         akarlin3
Runner OS:     Linux
Timestamp:     2026-05-16T07:29:31.301Z

Failed steps:
  - e2e: #9 Run Playwright tests

=== FAILED JOB LOG ===

--- Job: e2e (id 76302963532) ---
2026-05-16T07:26:24.9619365Z Current runner version: '2.334.0'
2026-05-16T07:26:24.9642811Z ##[group]Runner Image Provisioner
2026-05-16T07:26:24.9643752Z Hosted Compute Agent
2026-05-16T07:26:24.9644324Z Version: 20260213.493
2026-05-16T07:26:24.9644886Z Commit: 5c115507f6dd24b8de37d8bbe0bb4509d0cc0fa3
2026-05-16T07:26:24.9645710Z Build Date: 2026-02-13T00:28:41Z
2026-05-16T07:26:24.9646346Z Worker ID: {f63eaa50-998e-4755-b586-5240a4d09627}
2026-05-16T07:26:24.9647375Z Azure Region: westcentralus
2026-05-16T07:26:24.9648041Z ##[endgroup]
2026-05-16T07:26:24.9649425Z ##[group]Operating System
2026-05-16T07:26:24.9649999Z Ubuntu
2026-05-16T07:26:24.9650571Z 24.04.4
2026-05-16T07:26:24.9651047Z LTS
2026-05-16T07:26:24.9651493Z ##[endgroup]
2026-05-16T07:26:24.9652089Z ##[group]Runner Image
2026-05-16T07:26:24.9652614Z Image: ubuntu-24.04
2026-05-16T07:26:24.9653160Z Version: 20260513.135.3
2026-05-16T07:26:24.9654371Z Included Software: https://github.com/actions/runner-images/blob/ubuntu24/20260513.135/images/ubuntu/Ubuntu2404-Readme.md
2026-05-16T07:26:24.9655819Z Image Release: https://github.com/actions/runner-images/releases/tag/ubuntu24%2F20260513.135
2026-05-16T07:26:24.9656944Z ##[endgroup]
2026-05-16T07:26:24.9658104Z ##[group]GITHUB_TOKEN Permissions
2026-05-16T07:26:24.9660016Z Actions: read
2026-05-16T07:26:24.9660542Z Checks: read
2026-05-16T07:26:24.9661057Z Contents: write
2026-05-16T07:26:24.9661656Z Metadata: read
2026-05-16T07:26:24.9662149Z ##[endgroup]
2026-05-16T07:26:24.9664094Z Secret source: Actions
2026-05-16T07:26:24.9664730Z Prepare workflow directory
2026-05-16T07:26:25.0062468Z Prepare all required actions
2026-05-16T07:26:25.0098268Z Getting action download info
2026-05-16T07:26:25.4802660Z Download action repository 'actions/checkout@v6' (SHA:de0fac2e4500dabe0009e67214ff5f5447ce83dd)
2026-05-16T07:26:25.6429361Z Download action repository 'dorny/paths-filter@v4' (SHA:fbd0ab8f3e69293af611ebaee6363fc25e6d187d)
2026-05-16T07:26:26.1350796Z Download action repository 'actions/cache@v5' (SHA:27d5ce7f107fe9357f9df03efb73ab90386fccae)
2026-05-16T07:26:26.2985264Z Download action repository 'actions/upload-artifact@v7' (SHA:043fb46d1a93c77aae656e7c1c64a875d1fc6a0a)
2026-05-16T07:26:26.5246000Z Complete job name: e2e
2026-05-16T07:26:26.6044416Z ##[group]Run actions/checkout@v6
2026-05-16T07:26:26.6045533Z with:
2026-05-16T07:26:26.6046198Z   repository: averycorp/prismTask
2026-05-16T07:26:26.6047598Z   token: ***
2026-05-16T07:26:26.6048262Z   ssh-strict: true
2026-05-16T07:26:26.6048918Z   ssh-user: git
2026-05-16T07:26:26.6049609Z   persist-credentials: true
2026-05-16T07:26:26.6050375Z   clean: true
2026-05-16T07:26:26.6051063Z   sparse-checkout-cone-mode: true
2026-05-16T07:26:26.6051901Z   fetch-depth: 1
2026-05-16T07:26:26.6052573Z   fetch-tags: false
2026-05-16T07:26:26.6053256Z   show-progress: true
2026-05-16T07:26:26.6053945Z   lfs: false
2026-05-16T07:26:26.6054565Z   submodules: false
2026-05-16T07:26:26.6055253Z   set-safe-directory: true
2026-05-16T07:26:26.6056224Z ##[endgroup]
2026-05-16T07:26:26.7064252Z Syncing repository: averycorp/prismTask
2026-05-16T07:26:26.7067246Z ##[group]Getting Git version info
2026-05-16T07:26:26.7068476Z Working directory is '/home/runner/work/prismTask/prismTask'
2026-05-16T07:26:26.7070224Z [command]/usr/bin/git version
2026-05-16T07:26:26.7099402Z git version 2.54.0
2026-05-16T07:26:26.7121367Z ##[endgroup]
2026-05-16T07:26:26.7134926Z Temporarily overriding HOME='/home/runner/work/_temp/7f96c8ee-b7d9-4fea-b247-8b159f29d534' before making global git config changes
2026-05-16T07:26:26.7139648Z Adding repository directory to the temporary git global config as a safe directory
2026-05-16T07:26:26.7141625Z [command]/usr/bin/git config --global --add safe.directory /home/runner/work/prismTask/prismTask
2026-05-16T07:26:26.7180455Z Deleting the contents of '/home/runner/work/prismTask/prismTask'
2026-05-16T07:26:26.7184136Z ##[group]Initializing the repository
2026-05-16T07:26:26.7189333Z [command]/usr/bin/git init /home/runner/work/prismTask/prismTask
2026-05-16T07:26:26.7258398Z hint: Using 'master' as the name for the initial branch. This default branch name
2026-05-16T07:26:26.7260375Z hint: will change to "main" in Git 3.0. To configure the initial branch name
2026-05-16T07:26:26.7262446Z hint: to use in all of your new repositories, which will suppress this warning,
2026-05-16T07:26:26.7263986Z hint: call:
2026-05-16T07:26:26.7265051Z hint:
2026-05-16T07:26:26.7266247Z hint: 	git config --global init.defaultBranch <name>
2026-05-16T07:26:26.7268041Z hint:
2026-05-16T07:26:26.7269527Z hint: Names commonly chosen instead of 'master' are 'main', 'trunk' and
2026-05-16T07:26:26.7272012Z hint: 'development'. The just-created branch can be renamed via this command:
2026-05-16T07:26:26.7274049Z hint:
2026-05-16T07:26:26.7275018Z hint: 	git branch -m <name>
2026-05-16T07:26:26.7276115Z hint:
2026-05-16T07:26:26.7277856Z hint: Disable this message with "git config set advice.defaultBranchName false"
2026-05-16T07:26:26.7280706Z Initialized empty Git repository in /home/runner/work/prismTask/prismTask/.git/
2026-05-16T07:26:26.7283725Z [command]/usr/bin/git remote add origin https://github.com/averycorp/prismTask
2026-05-16T07:26:26.7314300Z ##[endgroup]
2026-05-16T07:26:26.7316088Z ##[group]Disabling automatic garbage collection
2026-05-16T07:26:26.7318070Z [command]/usr/bin/git config --local gc.auto 0
2026-05-16T07:26:26.7347941Z ##[endgroup]
2026-05-16T07:26:26.7349617Z ##[group]Setting up auth
2026-05-16T07:26:26.7350881Z Removing SSH command configuration
2026-05-16T07:26:26.7355325Z [command]/usr/bin/git config --local --name-only --get-regexp core\.sshCommand
2026-05-16T07:26:26.7389777Z [command]/usr/bin/git submodule foreach --recursive sh -c "git config --local --name-only --get-regexp 'core\.sshCommand' && git config --local --unset-all 'core.sshCommand' || :"
2026-05-16T07:26:26.7680645Z Removing HTTP extra header
2026-05-16T07:26:26.7687816Z [command]/usr/bin/git config --local --name-only --get-regexp http\.https\:\/\/github\.com\/\.extraheader
2026-05-16T07:26:26.7721261Z [command]/usr/bin/git submodule foreach --recursive sh -c "git config --local --name-only --get-regexp 'http\.https\:\/\/github\.com\/\.extraheader' && git config --local --unset-all 'http.https://github.com/.extraheader' || :"
2026-05-16T07:26:26.7940416Z Removing includeIf entries pointing to credentials config files
2026-05-16T07:26:26.7946108Z [command]/usr/bin/git config --local --name-only --get-regexp ^includeIf\.gitdir:
2026-05-16T07:26:26.7978234Z [command]/usr/bin/git submodule foreach --recursive git config --local --show-origin --name-only --get-regexp remote.origin.url
2026-05-16T07:26:26.8207258Z [command]/usr/bin/git config --file /home/runner/work/_temp/git-credentials-53c97fd1-ba26-49bf-a8c7-f4c5712388e4.config http.https://github.com/.extraheader AUTHORIZATION: basic ***
2026-05-16T07:26:26.8243526Z [command]/usr/bin/git config --local includeIf.gitdir:/home/runner/work/prismTask/prismTask/.git.path /home/runner/work/_temp/git-credentials-53c97fd1-ba26-49bf-a8c7-f4c5712388e4.config
2026-05-16T07:26:26.8273481Z [command]/usr/bin/git config --local includeIf.gitdir:/home/runner/work/prismTask/prismTask/.git/worktrees/*.path /home/runner/work/_temp/git-credentials-53c97fd1-ba26-49bf-a8c7-f4c5712388e4.config
2026-05-16T07:26:26.8307100Z [command]/usr/bin/git config --local includeIf.gitdir:/github/workspace/.git.path /github/runner_temp/git-credentials-53c97fd1-ba26-49bf-a8c7-f4c5712388e4.config
2026-05-16T07:26:26.8338279Z [command]/usr/bin/git config --local includeIf.gitdir:/github/workspace/.git/worktrees/*.path /github/runner_temp/git-credentials-53c97fd1-ba26-49bf-a8c7-f4c5712388e4.config
2026-05-16T07:26:26.8371327Z ##[endgroup]
2026-05-16T07:26:26.8372597Z ##[group]Fetching the repository
2026-05-16T07:26:26.8379710Z [command]/usr/bin/git -c protocol.version=2 fetch --no-tags --prune --no-recurse-submodules --depth=1 origin +af809e54a30dac2a8a41c0e0a7fe09d1739209e2:refs/remotes/pull/1577/merge
2026-05-16T07:26:28.6566267Z From https://github.com/averycorp/prismTask
2026-05-16T07:26:28.6567889Z  * [new ref]         af809e54a30dac2a8a41c0e0a7fe09d1739209e2 -> pull/1577/merge
2026-05-16T07:26:28.6601128Z ##[endgroup]
2026-05-16T07:26:28.6601858Z ##[group]Determining the checkout info
2026-05-16T07:26:28.6602697Z ##[endgroup]
2026-05-16T07:26:28.6608097Z [command]/usr/bin/git sparse-checkout disable
2026-05-16T07:26:28.6653812Z [command]/usr/bin/git config --local --unset-all extensions.worktreeConfig
2026-05-16T07:26:28.6683006Z ##[group]Checking out the ref
2026-05-16T07:26:28.6687241Z [command]/usr/bin/git checkout --progress --force refs/remotes/pull/1577/merge
2026-05-16T07:26:28.9771403Z Note: switching to 'refs/remotes/pull/1577/merge'.
2026-05-16T07:26:28.9772080Z 
2026-05-16T07:26:28.9772448Z You are in 'detached HEAD' state. You can look around, make experimental
2026-05-16T07:26:28.9773257Z changes and commit them, and you can discard any commits you make in this
2026-05-16T07:26:28.9774079Z state without impacting any branches by switching back to a branch.
2026-05-16T07:26:28.9774576Z 
2026-05-16T07:26:28.9775013Z If you want to create a new branch to retain commits you create, you may
2026-05-16T07:26:28.9775778Z do so (now or later) by using -c with the switch command. Example:
2026-05-16T07:26:28.9776226Z 
2026-05-16T07:26:28.9776407Z   git switch -c <new-branch-name>
2026-05-16T07:26:28.9776958Z 
2026-05-16T07:26:28.9777151Z Or undo this operation with:
2026-05-16T07:26:28.9777424Z 
2026-05-16T07:26:28.9777585Z   git switch -
2026-05-16T07:26:28.9777825Z 
2026-05-16T07:26:28.9778206Z Turn off this advice by setting config variable advice.detachedHead to false
2026-05-16T07:26:28.9778771Z 
2026-05-16T07:26:28.9779331Z HEAD is now at af809e5 Merge 04c229e1dc8fbcb8e09a8048063212dd322e7f63 into 2c1df6ad75f56f633341bba9515b393a240f8e1e
2026-05-16T07:26:28.9799032Z ##[endgroup]
2026-05-16T07:26:28.9844287Z [command]/usr/bin/git log -1 --format=%H
2026-05-16T07:26:28.9870901Z af809e54a30dac2a8a41c0e0a7fe09d1739209e2
2026-05-16T07:26:29.0174038Z ##[group]Run dorny/paths-filter@v4
2026-05-16T07:26:29.0174329Z with:
2026-05-16T07:26:29.0174734Z   filters: web:
  - 'web/**'
  - '.github/workflows/web-ci.yml'
  - '.github/actions/setup-node-web/**'

2026-05-16T07:26:29.0175297Z   token: ***
2026-05-16T07:26:29.0175501Z   list-files: none
2026-05-16T07:26:29.0175711Z   initial-fetch-depth: 100
2026-05-16T07:26:29.0175965Z   predicate-quantifier: some
2026-05-16T07:26:29.0176247Z ##[endgroup]
2026-05-16T07:26:29.0954900Z ##[group]Fetching list of changed files for PR#1577 from Github API
2026-05-16T07:26:29.0962670Z Invoking listFiles(pull_number: 1577, per_page: 100)
2026-05-16T07:26:29.5921036Z Received 17 items
2026-05-16T07:26:29.5921553Z [removed] web/playwright-report/index.html
2026-05-16T07:26:29.5922140Z [modified] web/src/features/settings/SettingsScreen.tsx
2026-05-16T07:26:29.5922848Z [added] web/src/features/settings/sections/Notifications/EscalationScreen.tsx
2026-05-16T07:26:29.5923761Z [added] web/src/features/settings/sections/Notifications/NotificationsHub.tsx
2026-05-16T07:26:29.5924576Z [added] web/src/features/settings/sections/Notifications/ProfilesScreen.tsx
2026-05-16T07:26:29.5925377Z [added] web/src/features/settings/sections/Notifications/QuietHoursScreen.tsx
2026-05-16T07:26:29.5926160Z [added] web/src/features/settings/sections/Notifications/SoundScreen.tsx
2026-05-16T07:26:29.5927226Z [added] web/src/features/settings/sections/Notifications/SubScreenLayout.tsx
2026-05-16T07:26:29.5928004Z [added] web/src/features/settings/sections/Notifications/VibrationScreen.tsx
2026-05-16T07:26:29.5928803Z [added] web/src/features/settings/sections/Notifications/primitives.tsx
2026-05-16T07:26:29.5929615Z [added] web/src/features/settings/sections/Notifications/useActiveProfile.ts
2026-05-16T07:26:29.5930494Z [modified] web/src/hooks/useFirestoreSync.ts
2026-05-16T07:26:29.5931069Z [added] web/src/lib/notifications/__tests__/escalationChain.test.ts
2026-05-16T07:26:29.5931699Z [added] web/src/lib/notifications/escalationChain.ts
2026-05-16T07:26:29.5932185Z [modified] web/src/routes/index.tsx
2026-05-16T07:26:29.5933133Z [modified] web/src/stores/notificationProfilesStore.ts
2026-05-16T07:26:29.5933616Z [removed] web/test-results/.last-run.json
2026-05-16T07:26:29.5934468Z ##[endgroup]
2026-05-16T07:26:29.5934744Z Detected 17 changed files
2026-05-16T07:26:29.5935121Z Results:
2026-05-16T07:26:29.5935636Z ##[group]Filter web = true
2026-05-16T07:26:29.5935973Z Matching files:
2026-05-16T07:26:29.5936290Z web/playwright-report/index.html [deleted]
2026-05-16T07:26:29.5936994Z web/src/features/settings/SettingsScreen.tsx [modified]
2026-05-16T07:26:29.5937642Z web/src/features/settings/sections/Notifications/EscalationScreen.tsx [added]
2026-05-16T07:26:29.5938483Z web/src/features/settings/sections/Notifications/NotificationsHub.tsx [added]
2026-05-16T07:26:29.5939288Z web/src/features/settings/sections/Notifications/ProfilesScreen.tsx [added]
2026-05-16T07:26:29.5940089Z web/src/features/settings/sections/Notifications/QuietHoursScreen.tsx [added]
2026-05-16T07:26:29.5940800Z web/src/features/settings/sections/Notifications/SoundScreen.tsx [added]
2026-05-16T07:26:29.5941528Z web/src/features/settings/sections/Notifications/SubScreenLayout.tsx [added]
2026-05-16T07:26:29.5942264Z web/src/features/settings/sections/Notifications/VibrationScreen.tsx [added]
2026-05-16T07:26:29.5942994Z web/src/features/settings/sections/Notifications/primitives.tsx [added]
2026-05-16T07:26:29.5943800Z web/src/features/settings/sections/Notifications/useActiveProfile.ts [added]
2026-05-16T07:26:29.5944417Z web/src/hooks/useFirestoreSync.ts [modified]
2026-05-16T07:26:29.5944974Z web/src/lib/notifications/__tests__/escalationChain.test.ts [added]
2026-05-16T07:26:29.5945570Z web/src/lib/notifications/escalationChain.ts [added]
2026-05-16T07:26:29.5946104Z web/src/routes/index.tsx [modified]
2026-05-16T07:26:29.5946574Z web/src/stores/notificationProfilesStore.ts [modified]
2026-05-16T07:26:29.5947275Z web/test-results/.last-run.json [deleted]
2026-05-16T07:26:29.5948291Z ##[endgroup]
2026-05-16T07:26:29.5948614Z Changes output set to ["web"]
2026-05-16T07:26:29.6174846Z Prepare all required actions
2026-05-16T07:26:29.6175268Z Getting action download info
2026-05-16T07:26:29.7614525Z Download action repository 'actions/setup-node@v4' (SHA:49933ea5288caeca8642d1e84afbd3f7d6820020)
2026-05-16T07:26:29.9168053Z ##[group]Run ./.github/actions/setup-node-web
2026-05-16T07:26:29.9168353Z ##[endgroup]
2026-05-16T07:26:29.9289847Z ##[group]Run actions/setup-node@v4
2026-05-16T07:26:29.9290132Z with:
2026-05-16T07:26:29.9290322Z   node-version: 22
2026-05-16T07:26:29.9290520Z   cache: npm
2026-05-16T07:26:29.9290748Z   cache-dependency-path: web/package-lock.json
2026-05-16T07:26:29.9291057Z   always-auth: false
2026-05-16T07:26:29.9291271Z   check-latest: false
2026-05-16T07:26:29.9291620Z   token: ***
2026-05-16T07:26:29.9291816Z ##[endgroup]
2026-05-16T07:26:30.1771479Z Found in cache @ /opt/hostedtoolcache/node/22.22.2/x64
2026-05-16T07:26:30.1778236Z ##[group]Environment details
2026-05-16T07:26:32.9324625Z node: v22.22.2
2026-05-16T07:26:32.9325180Z npm: 10.9.7
2026-05-16T07:26:32.9325425Z yarn: 1.22.22
2026-05-16T07:26:32.9326798Z ##[endgroup]
2026-05-16T07:26:32.9347728Z [command]/opt/hostedtoolcache/node/22.22.2/x64/bin/npm config get cache
2026-05-16T07:26:33.2018563Z /home/runner/.npm
2026-05-16T07:26:33.4427984Z Cache hit for: node-cache-Linux-x64-npm-66d4da9f38c365f02697648cecba7adfb9a21d1933b3d2c650e1ebe01a2c851d
2026-05-16T07:26:34.6720270Z Received 33554432 of 94695195 (35.4%), 32.0 MBs/sec
2026-05-16T07:26:35.0225491Z Received 94695195 of 94695195 (100.0%), 66.8 MBs/sec
2026-05-16T07:26:35.0227283Z Cache Size: ~90 MB (94695195 B)
2026-05-16T07:26:35.0290968Z [command]/usr/bin/tar -xf /home/runner/work/_temp/6295a6a0-3e9a-421c-85f1-8e7c0ac4a4fd/cache.tzst -P -C /home/runner/work/prismTask/prismTask --use-compress-program unzstd
2026-05-16T07:26:35.2342551Z Cache restored successfully
2026-05-16T07:26:35.2395168Z Cache restored from key: node-cache-Linux-x64-npm-66d4da9f38c365f02697648cecba7adfb9a21d1933b3d2c650e1ebe01a2c851d
2026-05-16T07:26:35.2555023Z ##[group]Run npm ci
2026-05-16T07:26:35.2555306Z [36;1mnpm ci[0m
2026-05-16T07:26:35.2639597Z shell: /usr/bin/bash --noprofile --norc -e -o pipefail {0}
2026-05-16T07:26:35.2639955Z ##[endgroup]
2026-05-16T07:26:44.5090339Z 
2026-05-16T07:26:44.5098141Z added 435 packages, and audited 436 packages in 9s
2026-05-16T07:26:44.5098457Z 
2026-05-16T07:26:44.5098672Z 94 packages are looking for funding
2026-05-16T07:26:44.5098982Z   run `npm fund` for details
2026-05-16T07:26:44.5175810Z 
2026-05-16T07:26:44.5176281Z 3 vulnerabilities (2 moderate, 1 critical)
2026-05-16T07:26:44.5176839Z 
2026-05-16T07:26:44.5177052Z To address all issues, run:
2026-05-16T07:26:44.5177447Z   npm audit fix
2026-05-16T07:26:44.5177646Z 
2026-05-16T07:26:44.5177839Z Run `npm audit` for details.
2026-05-16T07:26:44.6771425Z ##[group]Run actions/cache@v5
2026-05-16T07:26:44.6771679Z with:
2026-05-16T07:26:44.6771884Z   path: ~/.cache/ms-playwright
2026-05-16T07:26:44.6772339Z   key: playwright-chromium-66d4da9f38c365f02697648cecba7adfb9a21d1933b3d2c650e1ebe01a2c851d
2026-05-16T07:26:44.6772837Z   enableCrossOsArchive: false
2026-05-16T07:26:44.6773210Z   fail-on-cache-miss: false
2026-05-16T07:26:44.6773447Z   lookup-only: false
2026-05-16T07:26:44.6773656Z   save-always: false
2026-05-16T07:26:44.6773849Z ##[endgroup]
2026-05-16T07:26:44.9982255Z Cache not found for input keys: playwright-chromium-66d4da9f38c365f02697648cecba7adfb9a21d1933b3d2c650e1ebe01a2c851d
2026-05-16T07:26:45.0123671Z ##[group]Run npx playwright install --with-deps chromium
2026-05-16T07:26:45.0124126Z [36;1mnpx playwright install --with-deps chromium[0m
2026-05-16T07:26:45.0159686Z shell: /usr/bin/bash -e {0}
2026-05-16T07:26:45.0159951Z ##[endgroup]
2026-05-16T07:26:45.5618126Z Installing dependencies...
2026-05-16T07:26:45.5692826Z Switching to root user to install dependencies...
2026-05-16T07:26:45.6536438Z Get:1 file:/etc/apt/apt-mirrors.txt Mirrorlist [144 B]
2026-05-16T07:26:45.6897046Z Hit:2 http://azure.archive.ubuntu.com/ubuntu noble InRelease
2026-05-16T07:26:45.6906933Z Hit:6 https://packages.microsoft.com/repos/azure-cli noble InRelease
2026-05-16T07:26:45.6920197Z Get:7 https://packages.microsoft.com/ubuntu/24.04/prod noble InRelease [3600 B]
2026-05-16T07:26:45.6929177Z Get:3 http://azure.archive.ubuntu.com/ubuntu noble-updates InRelease [126 kB]
2026-05-16T07:26:45.6989789Z Get:4 http://azure.archive.ubuntu.com/ubuntu noble-backports InRelease [126 kB]
2026-05-16T07:26:45.7068361Z Get:5 http://azure.archive.ubuntu.com/ubuntu noble-security InRelease [126 kB]
2026-05-16T07:26:45.7910518Z Get:8 https://dl.google.com/linux/chrome-stable/deb stable InRelease [1825 B]
2026-05-16T07:26:45.8610501Z Get:9 https://packages.microsoft.com/ubuntu/24.04/prod noble/main arm64 Packages [120 kB]
2026-05-16T07:26:45.8724308Z Get:10 https://packages.microsoft.com/ubuntu/24.04/prod noble/main amd64 Packages [147 kB]
2026-05-16T07:26:45.9103169Z Get:11 http://azure.archive.ubuntu.com/ubuntu noble-updates/main amd64 Packages [2003 kB]
2026-05-16T07:26:45.9248916Z Get:12 http://azure.archive.ubuntu.com/ubuntu noble-updates/main Translation-en [354 kB]
2026-05-16T07:26:45.9286483Z Get:13 http://azure.archive.ubuntu.com/ubuntu noble-updates/main amd64 Components [177 kB]
2026-05-16T07:26:45.9292711Z Get:14 http://azure.archive.ubuntu.com/ubuntu noble-updates/universe amd64 Packages [1689 kB]
2026-05-16T07:26:45.9394156Z Get:15 http://azure.archive.ubuntu.com/ubuntu noble-updates/universe amd64 Components [386 kB]
2026-05-16T07:26:45.9438005Z Get:16 http://azure.archive.ubuntu.com/ubuntu noble-updates/restricted amd64 Packages [3187 kB]
2026-05-16T07:26:45.9601466Z Get:17 http://azure.archive.ubuntu.com/ubuntu noble-updates/restricted Translation-en [738 kB]
2026-05-16T07:26:45.9646944Z Get:18 http://azure.archive.ubuntu.com/ubuntu noble-updates/multiverse amd64 Components [940 B]
2026-05-16T07:26:45.9715943Z Get:19 http://azure.archive.ubuntu.com/ubuntu noble-backports/main amd64 Components [5780 B]
2026-05-16T07:26:45.9726526Z Get:20 http://azure.archive.ubuntu.com/ubuntu noble-backports/universe amd64 Components [10.5 kB]
2026-05-16T07:26:46.0656224Z Get:21 http://azure.archive.ubuntu.com/ubuntu noble-security/main amd64 Packages [1668 kB]
2026-05-16T07:26:46.0752003Z Get:22 http://azure.archive.ubuntu.com/ubuntu noble-security/main amd64 Components [21.9 kB]
2026-05-16T07:26:46.0763309Z Get:23 http://azure.archive.ubuntu.com/ubuntu noble-security/universe amd64 Packages [1187 kB]
2026-05-16T07:26:46.0828645Z Get:24 http://azure.archive.ubuntu.com/ubuntu noble-security/universe amd64 Components [74.3 kB]
2026-05-16T07:26:46.1134356Z Get:25 https://dl.google.com/linux/chrome-stable/deb stable/main amd64 Packages [1209 B]
2026-05-16T07:26:50.3713815Z Fetched 12.2 MB in 2s (8093 kB/s)
2026-05-16T07:26:51.1335514Z Reading package lists...
2026-05-16T07:26:51.1601947Z Reading package lists...
2026-05-16T07:26:51.3344611Z Building dependency tree...
2026-05-16T07:26:51.3352140Z Reading state information...
2026-05-16T07:26:51.4963447Z libasound2t64 is already the newest version (1.2.11-1ubuntu0.2).
2026-05-16T07:26:51.4964325Z libasound2t64 set to manually installed.
2026-05-16T07:26:51.4965131Z libatk-bridge2.0-0t64 is already the newest version (2.52.0-1build1).
2026-05-16T07:26:51.4965947Z libatk-bridge2.0-0t64 set to manually installed.
2026-05-16T07:26:51.4966935Z libatk1.0-0t64 is already the newest version (2.52.0-1build1).
2026-05-16T07:26:51.4967581Z libatk1.0-0t64 set to manually installed.
2026-05-16T07:26:51.4968778Z libatspi2.0-0t64 is already the newest version (2.52.0-1build1).
2026-05-16T07:26:51.4969399Z libatspi2.0-0t64 set to manually installed.
2026-05-16T07:26:51.4969809Z libcairo2 is already the newest version (1.18.0-3build1).
2026-05-16T07:26:51.4970175Z libcairo2 set to manually installed.
2026-05-16T07:26:51.4970577Z libcups2t64 is already the newest version (2.4.7-1.2ubuntu7.9).
2026-05-16T07:26:51.4971299Z libcups2t64 set to manually installed.
2026-05-16T07:26:51.4971717Z libdbus-1-3 is already the newest version (1.14.10-4ubuntu4.1).
2026-05-16T07:26:51.4972093Z libdbus-1-3 set to manually installed.
2026-05-16T07:26:51.4972491Z libdrm2 is already the newest version (2.4.125-1ubuntu0.1~24.04.1).
2026-05-16T07:26:51.4972876Z libdrm2 set to manually installed.
2026-05-16T07:26:51.4973482Z libgbm1 is already the newest version (25.2.8-0ubuntu0.24.04.1).
2026-05-16T07:26:51.4973867Z libgbm1 set to manually installed.
2026-05-16T07:26:51.4974273Z libglib2.0-0t64 is already the newest version (2.80.0-6ubuntu3.8).
2026-05-16T07:26:51.4974862Z libglib2.0-0t64 set to manually installed.
2026-05-16T07:26:51.4975470Z libnspr4 is already the newest version (2:4.35-1.1build1).
2026-05-16T07:26:51.4976018Z libnspr4 set to manually installed.
2026-05-16T07:26:51.4976781Z libnss3 is already the newest version (2:3.98-1ubuntu0.1).
2026-05-16T07:26:51.4977322Z libnss3 set to manually installed.
2026-05-16T07:26:51.4977942Z libpango-1.0-0 is already the newest version (1.52.1+ds-1build1).
2026-05-16T07:26:51.4978367Z libpango-1.0-0 set to manually installed.
2026-05-16T07:26:51.4979165Z libx11-6 is already the newest version (2:1.8.7-1build1).
2026-05-16T07:26:51.4979726Z libx11-6 set to manually installed.
2026-05-16T07:26:51.4980267Z libxcb1 is already the newest version (1.15-1ubuntu2).
2026-05-16T07:26:51.4980774Z libxcb1 set to manually installed.
2026-05-16T07:26:51.4981177Z libxcomposite1 is already the newest version (1:0.4.5-1build3).
2026-05-16T07:26:51.4981592Z libxcomposite1 set to manually installed.
2026-05-16T07:26:51.4982271Z libxdamage1 is already the newest version (1:1.1.6-1build1).
2026-05-16T07:26:51.4982846Z libxdamage1 set to manually installed.
2026-05-16T07:26:51.4983474Z libxext6 is already the newest version (2:1.3.4-1build2).
2026-05-16T07:26:51.4984098Z libxext6 set to manually installed.
2026-05-16T07:26:51.4984699Z libxfixes3 is already the newest version (1:6.0.0-2build1).
2026-05-16T07:26:51.4985296Z libxfixes3 set to manually installed.
2026-05-16T07:26:51.4985913Z libxkbcommon0 is already the newest version (1.6.0-1build1).
2026-05-16T07:26:51.4986940Z libxkbcommon0 set to manually installed.
2026-05-16T07:26:51.4987566Z libxrandr2 is already the newest version (2:1.5.2-2build1).
2026-05-16T07:26:51.4988140Z libxrandr2 set to manually installed.
2026-05-16T07:26:51.4988735Z xvfb is already the newest version (2:21.1.12-1ubuntu1.5).
2026-05-16T07:26:51.4989543Z fonts-noto-color-emoji is already the newest version (2.047-0ubuntu0.24.04.1).
2026-05-16T07:26:51.4990389Z libfontconfig1 is already the newest version (2.15.0-1.1ubuntu2).
2026-05-16T07:26:51.4990999Z libfontconfig1 set to manually installed.
2026-05-16T07:26:51.4991669Z libfreetype6 is already the newest version (2.13.2+dfsg-1ubuntu0.1).
2026-05-16T07:26:51.4992293Z libfreetype6 set to manually installed.
2026-05-16T07:26:51.4992913Z fonts-liberation is already the newest version (1:2.1.5-3).
2026-05-16T07:26:51.4993512Z fonts-liberation set to manually installed.
2026-05-16T07:26:51.4994092Z The following additional packages will be installed:
2026-05-16T07:26:51.4994609Z   xfonts-encodings xfonts-utils
2026-05-16T07:26:51.4995020Z Recommended packages:
2026-05-16T07:26:51.4995423Z   fonts-ipafont-mincho fonts-tlwg-loma
2026-05-16T07:26:51.5161114Z The following NEW packages will be installed:
2026-05-16T07:26:51.5162006Z   fonts-freefont-ttf fonts-ipafont-gothic fonts-tlwg-loma-otf fonts-unifont
2026-05-16T07:26:51.5167610Z   fonts-wqy-zenhei xfonts-cyrillic xfonts-encodings xfonts-scalable
2026-05-16T07:26:51.5168616Z   xfonts-utils
2026-05-16T07:26:51.5346809Z 0 upgraded, 9 newly installed, 0 to remove and 7 not upgraded.
2026-05-16T07:26:51.5347285Z Need to get 21.1 MB of archives.
2026-05-16T07:26:51.5347708Z After this operation, 79.5 MB of additional disk space will be used.
2026-05-16T07:26:51.5348480Z Get:1 file:/etc/apt/apt-mirrors.txt Mirrorlist [144 B]
2026-05-16T07:26:51.6156162Z Get:2 http://azure.archive.ubuntu.com/ubuntu noble/universe amd64 fonts-ipafont-gothic all 00303-21ubuntu1 [3513 kB]
2026-05-16T07:26:51.7131071Z Get:3 http://azure.archive.ubuntu.com/ubuntu noble/main amd64 fonts-freefont-ttf all 20211204+svn4273-2 [5641 kB]
2026-05-16T07:26:51.8407263Z Get:4 http://azure.archive.ubuntu.com/ubuntu noble/universe amd64 fonts-tlwg-loma-otf all 1:0.7.3-1 [107 kB]
2026-05-16T07:26:51.8889642Z Get:5 http://azure.archive.ubuntu.com/ubuntu noble/universe amd64 fonts-unifont all 1:15.1.01-1build1 [2993 kB]
2026-05-16T07:26:51.9583673Z Get:6 http://azure.archive.ubuntu.com/ubuntu noble/universe amd64 fonts-wqy-zenhei all 0.9.45-8 [7472 kB]
2026-05-16T07:26:52.1112380Z Get:7 http://azure.archive.ubuntu.com/ubuntu noble/main amd64 xfonts-encodings all 1:1.0.5-0ubuntu2 [578 kB]
2026-05-16T07:26:52.1646488Z Get:8 http://azure.archive.ubuntu.com/ubuntu noble/main amd64 xfonts-utils amd64 1:7.7+6build3 [94.4 kB]
2026-05-16T07:26:52.2131567Z Get:9 http://azure.archive.ubuntu.com/ubuntu noble/universe amd64 xfonts-cyrillic all 1:1.0.5+nmu1 [384 kB]
2026-05-16T07:26:52.2633794Z Get:10 http://azure.archive.ubuntu.com/ubuntu noble/main amd64 xfonts-scalable all 1:1.0.3-1.3 [304 kB]
2026-05-16T07:26:52.5189432Z Fetched 21.1 MB in 1s (28.4 MB/s)
2026-05-16T07:26:52.5404908Z Selecting previously unselected package fonts-ipafont-gothic.
2026-05-16T07:26:52.5612835Z (Reading database ... 
2026-05-16T07:26:52.5613259Z (Reading database ... 5%
2026-05-16T07:26:52.5613660Z (Reading database ... 10%
2026-05-16T07:26:52.5614029Z (Reading database ... 15%
2026-05-16T07:26:52.5614387Z (Reading database ... 20%
2026-05-16T07:26:52.5614914Z (Reading database ... 25%
2026-05-16T07:26:52.5615284Z (Reading database ... 30%
2026-05-16T07:26:52.5615643Z (Reading database ... 35%
2026-05-16T07:26:52.5615997Z (Reading database ... 40%
2026-05-16T07:26:52.5616353Z (Reading database ... 45%
2026-05-16T07:26:52.5617002Z (Reading database ... 50%
2026-05-16T07:26:52.5649806Z (Reading database ... 55%
2026-05-16T07:26:52.7563906Z (Reading database ... 60%
2026-05-16T07:26:52.9455173Z (Reading database ... 65%
2026-05-16T07:26:53.1515214Z (Reading database ... 70%
2026-05-16T07:26:53.2948740Z (Reading database ... 75%
2026-05-16T07:26:53.5468303Z (Reading database ... 80%
2026-05-16T07:26:53.7538793Z (Reading database ... 85%
2026-05-16T07:26:53.8965503Z (Reading database ... 90%
2026-05-16T07:26:54.1019464Z (Reading database ... 95%
2026-05-16T07:26:54.1019921Z (Reading database ... 100%
2026-05-16T07:26:54.1020561Z (Reading database ... 202288 files and directories currently installed.)
2026-05-16T07:26:54.1066072Z Preparing to unpack .../0-fonts-ipafont-gothic_00303-21ubuntu1_all.deb ...
2026-05-16T07:26:54.1157384Z Unpacking fonts-ipafont-gothic (00303-21ubuntu1) ...
2026-05-16T07:26:54.3565321Z Selecting previously unselected package fonts-freefont-ttf.
2026-05-16T07:26:54.3696838Z Preparing to unpack .../1-fonts-freefont-ttf_20211204+svn4273-2_all.deb ...
2026-05-16T07:26:54.3703220Z Unpacking fonts-freefont-ttf (20211204+svn4273-2) ...
2026-05-16T07:26:54.4501216Z Selecting previously unselected package fonts-tlwg-loma-otf.
2026-05-16T07:26:54.4633152Z Preparing to unpack .../2-fonts-tlwg-loma-otf_1%3a0.7.3-1_all.deb ...
2026-05-16T07:26:54.4639872Z Unpacking fonts-tlwg-loma-otf (1:0.7.3-1) ...
2026-05-16T07:26:54.4842716Z Selecting previously unselected package fonts-unifont.
2026-05-16T07:26:54.4969866Z Preparing to unpack .../3-fonts-unifont_1%3a15.1.01-1build1_all.deb ...
2026-05-16T07:26:54.4976396Z Unpacking fonts-unifont (1:15.1.01-1build1) ...
2026-05-16T07:26:54.6049685Z Selecting previously unselected package fonts-wqy-zenhei.
2026-05-16T07:26:54.6181933Z Preparing to unpack .../4-fonts-wqy-zenhei_0.9.45-8_all.deb ...
2026-05-16T07:26:54.6422909Z Unpacking fonts-wqy-zenhei (0.9.45-8) ...
2026-05-16T07:26:55.1114594Z Selecting previously unselected package xfonts-encodings.
2026-05-16T07:26:55.1245575Z Preparing to unpack .../5-xfonts-encodings_1%3a1.0.5-0ubuntu2_all.deb ...
2026-05-16T07:26:55.1252292Z Unpacking xfonts-encodings (1:1.0.5-0ubuntu2) ...
2026-05-16T07:26:55.1589300Z Selecting previously unselected package xfonts-utils.
2026-05-16T07:26:55.1717035Z Preparing to unpack .../6-xfonts-utils_1%3a7.7+6build3_amd64.deb ...
2026-05-16T07:26:55.1724140Z Unpacking xfonts-utils (1:7.7+6build3) ...
2026-05-16T07:26:55.2429950Z Selecting previously unselected package xfonts-cyrillic.
2026-05-16T07:26:55.2561544Z Preparing to unpack .../7-xfonts-cyrillic_1%3a1.0.5+nmu1_all.deb ...
2026-05-16T07:26:55.2569210Z Unpacking xfonts-cyrillic (1:1.0.5+nmu1) ...
2026-05-16T07:26:55.2887881Z Selecting previously unselected package xfonts-scalable.
2026-05-16T07:26:55.3016544Z Preparing to unpack .../8-xfonts-scalable_1%3a1.0.3-1.3_all.deb ...
2026-05-16T07:26:55.3025914Z Unpacking xfonts-scalable (1:1.0.3-1.3) ...
2026-05-16T07:26:55.3436216Z Setting up fonts-wqy-zenhei (0.9.45-8) ...
2026-05-16T07:26:55.3552741Z Setting up fonts-freefont-ttf (20211204+svn4273-2) ...
2026-05-16T07:26:55.3570788Z Setting up fonts-tlwg-loma-otf (1:0.7.3-1) ...
2026-05-16T07:26:55.3587925Z Setting up xfonts-encodings (1:1.0.5-0ubuntu2) ...
2026-05-16T07:26:55.3605587Z Setting up fonts-ipafont-gothic (00303-21ubuntu1) ...
2026-05-16T07:26:55.3674550Z update-alternatives: using /usr/share/fonts/opentype/ipafont-gothic/ipag.ttf to provide /usr/share/fonts/truetype/fonts-japanese-gothic.ttf (fonts-japanese-gothic.ttf) in auto mode
2026-05-16T07:26:55.3688964Z Setting up fonts-unifont (1:15.1.01-1build1) ...
2026-05-16T07:26:55.3704779Z Setting up xfonts-utils (1:7.7+6build3) ...
2026-05-16T07:26:55.3742415Z Setting up xfonts-cyrillic (1:1.0.5+nmu1) ...
2026-05-16T07:26:55.4087549Z Setting up xfonts-scalable (1:1.0.3-1.3) ...
2026-05-16T07:26:55.4362200Z Processing triggers for man-db (2.12.0-4build2) ...
2026-05-16T07:26:55.4380410Z Not building database; man-db/auto-update is not 'true'.
2026-05-16T07:26:55.4392955Z Processing triggers for fontconfig (2.15.0-1.1ubuntu2) ...
2026-05-16T07:26:56.1901709Z 
2026-05-16T07:26:56.1902570Z Running kernel seems to be up-to-date.
2026-05-16T07:26:56.1902946Z 
2026-05-16T07:26:56.1903174Z No services need to be restarted.
2026-05-16T07:26:56.1903437Z 
2026-05-16T07:26:56.1903652Z No containers need to be restarted.
2026-05-16T07:26:56.1904308Z 
2026-05-16T07:26:56.1904566Z No user sessions are running outdated binaries.
2026-05-16T07:26:56.1904874Z 
2026-05-16T07:26:56.1905295Z No VM guests are running outdated hypervisor (qemu) binaries on this host.
2026-05-16T07:26:57.0632108Z Downloading Chrome for Testing 147.0.7727.15 (playwright chromium v1217) from https://cdn.playwright.dev/builds/cft/147.0.7727.15/linux64/chrome-linux64.zip
2026-05-16T07:26:57.8704720Z |                                                                                |   0% of 170.4 MiB
2026-05-16T07:26:58.0837310Z |■■■■■■■■                                                                        |  10% of 170.4 MiB
2026-05-16T07:26:58.1703967Z |■■■■■■■■■■■■■■■■                                                                |  20% of 170.4 MiB
2026-05-16T07:26:58.2410546Z |■■■■■■■■■■■■■■■■■■■■■■■■                                                        |  30% of 170.4 MiB
2026-05-16T07:26:58.3062916Z |■■■■■■■■■■■■■■■■■■■■■■■■■■■■■■■■                                                |  40% of 170.4 MiB
2026-05-16T07:26:58.3701802Z |■■■■■■■■■■■■■■■■■■■■■■■■■■■■■■■■■■■■■■■■                                        |  50% of 170.4 MiB
2026-05-16T07:26:58.4325023Z |■■■■■■■■■■■■■■■■■■■■■■■■■■■■■■■■■■■■■■■■■■■■■■■■                                |  60% of 170.4 MiB
2026-05-16T07:26:58.4962753Z |■■■■■■■■■■■■■■■■■■■■■■■■■■■■■■■■■■■■■■■■■■■■■■■■■■■■■■■■                        |  70% of 170.4 MiB
2026-05-16T07:26:58.5527272Z |■■■■■■■■■■■■■■■■■■■■■■■■■■■■■■■■■■■■■■■■■■■■■■■■■■■■■■■■■■■■■■■■                |  80% of 170.4 MiB
2026-05-16T07:26:58.6173888Z |■■■■■■■■■■■■■■■■■■■■■■■■■■■■■■■■■■■■■■■■■■■■■■■■■■■■■■■■■■■■■■■■■■■■■■■■        |  90% of 170.4 MiB
2026-05-16T07:26:58.6737666Z |■■■■■■■■■■■■■■■■■■■■■■■■■■■■■■■■■■■■■■■■■■■■■■■■■■■■■■■■■■■■■■■■■■■■■■■■■■■■■■■■| 100% of 170.4 MiB
2026-05-16T07:27:01.1617703Z Chrome for Testing 147.0.7727.15 (playwright chromium v1217) downloaded to /home/runner/.cache/ms-playwright/chromium-1217
2026-05-16T07:27:01.1621079Z Downloading FFmpeg (playwright ffmpeg v1011) from https://cdn.playwright.dev/dbazure/download/playwright/builds/ffmpeg/1011/ffmpeg-linux.zip
2026-05-16T07:27:01.9666531Z |                                                                                |   0% of 2.3 MiB
2026-05-16T07:27:02.0164865Z |■■■■■■■■                                                                        |  10% of 2.3 MiB
2026-05-16T07:27:02.0369408Z |■■■■■■■■■■■■■■■■                                                                |  20% of 2.3 MiB
2026-05-16T07:27:02.0522140Z |■■■■■■■■■■■■■■■■■■■■■■■■                                                        |  30% of 2.3 MiB
2026-05-16T07:27:02.0658888Z |■■■■■■■■■■■■■■■■■■■■■■■■■■■■■■■■                                                |  40% of 2.3 MiB
2026-05-16T07:27:02.0739746Z |■■■■■■■■■■■■■■■■■■■■■■■■■■■■■■■■■■■■■■■■                                        |  50% of 2.3 MiB
2026-05-16T07:27:02.0843868Z |■■■■■■■■■■■■■■■■■■■■■■■■■■■■■■■■■■■■■■■■■■■■■■■■                                |  60% of 2.3 MiB
2026-05-16T07:27:02.0873532Z |■■■■■■■■■■■■■■■■■■■■■■■■■■■■■■■■■■■■■■■■■■■■■■■■■■■■■■■■                        |  70% of 2.3 MiB
2026-05-16T07:27:02.0929700Z |■■■■■■■■■■■■■■■■■■■■■■■■■■■■■■■■■■■■■■■■■■■■■■■■■■■■■■■■■■■■■■■■                |  80% of 2.3 MiB
2026-05-16T07:27:02.1021210Z |■■■■■■■■■■■■■■■■■■■■■■■■■■■■■■■■■■■■■■■■■■■■■■■■■■■■■■■■■■■■■■■■■■■■■■■■        |  90% of 2.3 MiB
2026-05-16T07:27:02.1055513Z |■■■■■■■■■■■■■■■■■■■■■■■■■■■■■■■■■■■■■■■■■■■■■■■■■■■■■■■■■■■■■■■■■■■■■■■■■■■■■■■■| 100% of 2.3 MiB
2026-05-16T07:27:02.1580641Z FFmpeg (playwright ffmpeg v1011) downloaded to /home/runner/.cache/ms-playwright/ffmpeg-1011
2026-05-16T07:27:02.1583266Z Downloading Chrome Headless Shell 147.0.7727.15 (playwright chromium-headless-shell v1217) from https://cdn.playwright.dev/builds/cft/147.0.7727.15/linux64/chrome-headless-shell-linux64.zip
2026-05-16T07:27:02.9609817Z |                                                                                |   0% of 112 MiB
2026-05-16T07:27:03.1346289Z |■■■■■■■■                                                                        |  10% of 112 MiB
2026-05-16T07:27:03.1944154Z |■■■■■■■■■■■■■■■■                                                                |  20% of 112 MiB
2026-05-16T07:27:03.2402515Z |■■■■■■■■■■■■■■■■■■■■■■■■                                                        |  30% of 112 MiB
2026-05-16T07:27:03.2919000Z |■■■■■■■■■■■■■■■■■■■■■■■■■■■■■■■■                                                |  40% of 112 MiB
2026-05-16T07:27:03.3363389Z |■■■■■■■■■■■■■■■■■■■■■■■■■■■■■■■■■■■■■■■■                                        |  50% of 112 MiB
2026-05-16T07:27:03.3772878Z |■■■■■■■■■■■■■■■■■■■■■■■■■■■■■■■■■■■■■■■■■■■■■■■■                                |  60% of 112 MiB
2026-05-16T07:27:03.4154754Z |■■■■■■■■■■■■■■■■■■■■■■■■■■■■■■■■■■■■■■■■■■■■■■■■■■■■■■■■                        |  70% of 112 MiB
2026-05-16T07:27:03.4471359Z |■■■■■■■■■■■■■■■■■■■■■■■■■■■■■■■■■■■■■■■■■■■■■■■■■■■■■■■■■■■■■■■■                |  80% of 112 MiB
2026-05-16T07:27:03.4923259Z |■■■■■■■■■■■■■■■■■■■■■■■■■■■■■■■■■■■■■■■■■■■■■■■■■■■■■■■■■■■■■■■■■■■■■■■■        |  90% of 112 MiB
2026-05-16T07:27:03.5276252Z |■■■■■■■■■■■■■■■■■■■■■■■■■■■■■■■■■■■■■■■■■■■■■■■■■■■■■■■■■■■■■■■■■■■■■■■■■■■■■■■■| 100% of 112 MiB
2026-05-16T07:27:05.3455083Z Chrome Headless Shell 147.0.7727.15 (playwright chromium-headless-shell v1217) downloaded to /home/runner/.cache/ms-playwright/chromium_headless_shell-1217
2026-05-16T07:27:05.3726852Z ##[group]Run npx playwright test
2026-05-16T07:27:05.3727316Z [36;1mnpx playwright test[0m
2026-05-16T07:27:05.3776023Z shell: /usr/bin/bash -e {0}
2026-05-16T07:27:05.3776396Z ##[endgroup]
2026-05-16T07:27:09.1020480Z 
2026-05-16T07:27:09.1021211Z Running 120 tests using 1 worker
2026-05-16T07:28:27.3121715Z ·········································××F····································
2026-05-16T07:29:22.1923314Z ·······················××F··················
2026-05-16T07:29:22.1931604Z 
2026-05-16T07:29:22.1946203Z   1) [chromium] › e2e/prism-theme.spec.ts:68:3 › PrismTheme variant picker › flipping themes via localStorage updates --color-accent across navigations 
2026-05-16T07:29:22.1947803Z 
2026-05-16T07:29:22.1948560Z     Error: [2mexpect([22m[31mlocator[39m[2m).[22mtoHaveAttribute[2m([22m[32mexpected[39m[2m)[22m failed
2026-05-16T07:29:22.1949142Z 
2026-05-16T07:29:22.1949295Z     Locator:  locator('html')
2026-05-16T07:29:22.1949944Z     Expected: [32m"SYNTHWAVE"[39m
2026-05-16T07:29:22.1950469Z     Received: [31m"CYBERPUNK"[39m
2026-05-16T07:29:22.1950832Z     Timeout:  5000ms
2026-05-16T07:29:22.1951037Z 
2026-05-16T07:29:22.1951154Z     Call log:
2026-05-16T07:29:22.1951694Z     [2m  - Expect "toHaveAttribute" with timeout 5000ms[22m
2026-05-16T07:29:22.1952319Z     [2m  - waiting for locator('html')[22m
2026-05-16T07:29:22.1953555Z     [2m    9 × locator resolved to <html lang="en" class="dark" data-density="tight" data-theme="CYBERPUNK" data-personality="brackets">…</html>[22m
2026-05-16T07:29:22.1954681Z     [2m      - unexpected value "CYBERPUNK"[22m
2026-05-16T07:29:22.1955013Z 
2026-05-16T07:29:22.1955021Z 
2026-05-16T07:29:22.1955138Z       94 |     });
2026-05-16T07:29:22.1955485Z       95 |     await page.reload();
2026-05-16T07:29:22.1956223Z     > 96 |     await expect(page.locator('html')).toHaveAttribute('data-theme', 'SYNTHWAVE');
2026-05-16T07:29:22.1957190Z          |                                        ^
2026-05-16T07:29:22.1957713Z       97 |     const accent2 = await page.evaluate(() =>
2026-05-16T07:29:22.1958287Z       98 |       getComputedStyle(document.documentElement)
2026-05-16T07:29:22.1958851Z       99 |         .getPropertyValue('--color-accent')
2026-05-16T07:29:22.1959562Z         at /home/runner/work/prismTask/prismTask/web/e2e/prism-theme.spec.ts:96:40
2026-05-16T07:29:22.1960031Z 
2026-05-16T07:29:22.1960684Z     attachment #1: screenshot (image/png) ──────────────────────────────────────────────────────────
2026-05-16T07:29:22.1961838Z     test-results/prism-theme-PrismTheme-var-61757-r-accent-across-navigations-chromium/test-failed-1.png
2026-05-16T07:29:22.1963119Z     ────────────────────────────────────────────────────────────────────────────────────────────────
2026-05-16T07:29:22.1963551Z 
2026-05-16T07:29:22.1964271Z     Error Context: test-results/prism-theme-PrismTheme-var-61757-r-accent-across-navigations-chromium/error-context.md
2026-05-16T07:29:22.1965045Z 
2026-05-16T07:29:22.1965618Z     Retry #1 ───────────────────────────────────────────────────────────────────────────────────────
2026-05-16T07:29:22.1966052Z 
2026-05-16T07:29:22.1966890Z     Error: [2mexpect([22m[31mlocator[39m[2m).[22mtoHaveAttribute[2m([22m[32mexpected[39m[2m)[22m failed
2026-05-16T07:29:22.1967498Z 
2026-05-16T07:29:22.1967643Z     Locator:  locator('html')
2026-05-16T07:29:22.1968115Z     Expected: [32m"SYNTHWAVE"[39m
2026-05-16T07:29:22.1968591Z     Received: [31m"CYBERPUNK"[39m
2026-05-16T07:29:22.1968946Z     Timeout:  5000ms
2026-05-16T07:29:22.1969136Z 
2026-05-16T07:29:22.1969247Z     Call log:
2026-05-16T07:29:22.1970049Z     [2m  - Expect "toHaveAttribute" with timeout 5000ms[22m
2026-05-16T07:29:22.1970649Z     [2m  - waiting for locator('html')[22m
2026-05-16T07:29:22.1971863Z     [2m    9 × locator resolved to <html lang="en" class="dark" data-density="tight" data-theme="CYBERPUNK" data-personality="brackets">…</html>[22m
2026-05-16T07:29:22.1973189Z     [2m      - unexpected value "CYBERPUNK"[22m
2026-05-16T07:29:22.1973492Z 
2026-05-16T07:29:22.1973504Z 
2026-05-16T07:29:22.1973637Z       94 |     });
2026-05-16T07:29:22.1973878Z       95 |     await page.reload();
2026-05-16T07:29:22.1974326Z     > 96 |     await expect(page.locator('html')).toHaveAttribute('data-theme', 'SYNTHWAVE');
2026-05-16T07:29:22.1974777Z          |                                        ^
2026-05-16T07:29:22.1975128Z       97 |     const accent2 = await page.evaluate(() =>
2026-05-16T07:29:22.1975498Z       98 |       getComputedStyle(document.documentElement)
2026-05-16T07:29:22.1975920Z       99 |         .getPropertyValue('--color-accent')
2026-05-16T07:29:22.1976479Z         at /home/runner/work/prismTask/prismTask/web/e2e/prism-theme.spec.ts:96:40
2026-05-16T07:29:22.1977311Z 
2026-05-16T07:29:22.1977781Z     attachment #1: screenshot (image/png) ──────────────────────────────────────────────────────────
2026-05-16T07:29:22.1978574Z     test-results/prism-theme-PrismTheme-var-61757-r-accent-across-navigations-chromium-retry1/test-failed-1.png
2026-05-16T07:29:22.1979382Z     ────────────────────────────────────────────────────────────────────────────────────────────────
2026-05-16T07:29:22.1979647Z 
2026-05-16T07:29:22.1980123Z     Error Context: test-results/prism-theme-PrismTheme-var-61757-r-accent-across-navigations-chromium-retry1/error-context.md
2026-05-16T07:29:22.1980623Z 
2026-05-16T07:29:22.1981016Z     attachment #3: trace (application/zip) ─────────────────────────────────────────────────────────
2026-05-16T07:29:22.1981719Z     test-results/prism-theme-PrismTheme-var-61757-r-accent-across-navigations-chromium-retry1/trace.zip
2026-05-16T07:29:22.1982236Z     Usage:
2026-05-16T07:29:22.1982349Z 
2026-05-16T07:29:22.1982835Z         npx playwright show-trace test-results/prism-theme-PrismTheme-var-61757-r-accent-across-navigations-chromium-retry1/trace.zip
2026-05-16T07:29:22.1983343Z 
2026-05-16T07:29:22.1983695Z     ────────────────────────────────────────────────────────────────────────────────────────────────
2026-05-16T07:29:22.1983957Z 
2026-05-16T07:29:22.1984293Z     Retry #2 ───────────────────────────────────────────────────────────────────────────────────────
2026-05-16T07:29:22.1984553Z 
2026-05-16T07:29:22.1984988Z     Error: [2mexpect([22m[31mlocator[39m[2m).[22mtoHaveAttribute[2m([22m[32mexpected[39m[2m)[22m failed
2026-05-16T07:29:22.1985353Z 
2026-05-16T07:29:22.1985457Z     Locator:  locator('html')
2026-05-16T07:29:22.1985761Z     Expected: [32m"SYNTHWAVE"[39m
2026-05-16T07:29:22.1986070Z     Received: [31m"CYBERPUNK"[39m
2026-05-16T07:29:22.1986309Z     Timeout:  5000ms
2026-05-16T07:29:22.1986480Z 
2026-05-16T07:29:22.1986568Z     Call log:
2026-05-16T07:29:22.1987118Z     [2m  - Expect "toHaveAttribute" with timeout 5000ms[22m
2026-05-16T07:29:22.1987557Z     [2m  - waiting for locator('html')[22m
2026-05-16T07:29:22.1988587Z     [2m    9 × locator resolved to <html lang="en" class="dark" data-density="tight" data-theme="CYBERPUNK" data-personality="brackets">…</html>[22m
2026-05-16T07:29:22.1989364Z     [2m      - unexpected value "CYBERPUNK"[22m
2026-05-16T07:29:22.1989573Z 
2026-05-16T07:29:22.1989579Z 
2026-05-16T07:29:22.1989688Z       94 |     });
2026-05-16T07:29:22.1989946Z       95 |     await page.reload();
2026-05-16T07:29:22.1990568Z     > 96 |     await expect(page.locator('html')).toHaveAttribute('data-theme', 'SYNTHWAVE');
2026-05-16T07:29:22.1991077Z          |                                        ^
2026-05-16T07:29:22.1991464Z       97 |     const accent2 = await page.evaluate(() =>
2026-05-16T07:29:22.1991861Z       98 |       getComputedStyle(document.documentElement)
2026-05-16T07:29:22.1992409Z       99 |         .getPropertyValue('--color-accent')
2026-05-16T07:29:22.1992904Z         at /home/runner/work/prismTask/prismTask/web/e2e/prism-theme.spec.ts:96:40
2026-05-16T07:29:22.1993224Z 
2026-05-16T07:29:22.1993643Z     attachment #1: screenshot (image/png) ──────────────────────────────────────────────────────────
2026-05-16T07:29:22.1994467Z     test-results/prism-theme-PrismTheme-var-61757-r-accent-across-navigations-chromium-retry2/test-failed-1.png
2026-05-16T07:29:22.1995324Z     ────────────────────────────────────────────────────────────────────────────────────────────────
2026-05-16T07:29:22.1995616Z 
2026-05-16T07:29:22.1996126Z     Error Context: test-results/prism-theme-PrismTheme-var-61757-r-accent-across-navigations-chromium-retry2/error-context.md
2026-05-16T07:29:22.1996822Z 
2026-05-16T07:29:22.1997500Z   2) [Mobile Chrome] › e2e/prism-theme.spec.ts:68:3 › PrismTheme variant picker › flipping themes via localStorage updates --color-accent across navigations 
2026-05-16T07:29:22.1998077Z 
2026-05-16T07:29:22.1998558Z     Error: [2mexpect([22m[31mlocator[39m[2m).[22mtoHaveAttribute[2m([22m[32mexpected[39m[2m)[22m failed
2026-05-16T07:29:22.1998950Z 
2026-05-16T07:29:22.1999070Z     Locator:  locator('html')
2026-05-16T07:29:22.1999395Z     Expected: [32m"SYNTHWAVE"[39m
2026-05-16T07:29:22.1999743Z     Received: [31m"CYBERPUNK"[39m
2026-05-16T07:29:22.2000018Z     Timeout:  5000ms
2026-05-16T07:29:22.2000145Z 
2026-05-16T07:29:22.2000248Z     Call log:
2026-05-16T07:29:22.2000617Z     [2m  - Expect "toHaveAttribute" with timeout 5000ms[22m
2026-05-16T07:29:22.2001053Z     [2m  - waiting for locator('html')[22m
2026-05-16T07:29:22.2001880Z     [2m    9 × locator resolved to <html lang="en" class="dark" data-density="tight" data-theme="CYBERPUNK" data-personality="brackets">…</html>[22m
2026-05-16T07:29:22.2002614Z     [2m      - unexpected value "CYBERPUNK"[22m
2026-05-16T07:29:22.2002838Z 
2026-05-16T07:29:22.2002851Z 
2026-05-16T07:29:22.2002938Z       94 |     });
2026-05-16T07:29:22.2003188Z       95 |     await page.reload();
2026-05-16T07:29:22.2003644Z     > 96 |     await expect(page.locator('html')).toHaveAttribute('data-theme', 'SYNTHWAVE');
2026-05-16T07:29:22.2004124Z          |                                        ^
2026-05-16T07:29:22.2004479Z       97 |     const accent2 = await page.evaluate(() =>
2026-05-16T07:29:22.2004894Z       98 |       getComputedStyle(document.documentElement)
2026-05-16T07:29:22.2005294Z       99 |         .getPropertyValue('--color-accent')
2026-05-16T07:29:22.2005781Z         at /home/runner/work/prismTask/prismTask/web/e2e/prism-theme.spec.ts:96:40
2026-05-16T07:29:22.2006123Z 
2026-05-16T07:29:22.2006521Z     attachment #1: screenshot (image/png) ──────────────────────────────────────────────────────────
2026-05-16T07:29:22.2007528Z     test-results/prism-theme-PrismTheme-var-61757-r-accent-across-navigations-Mobile-Chrome/test-failed-1.png
2026-05-16T07:29:22.2008553Z     ────────────────────────────────────────────────────────────────────────────────────────────────
2026-05-16T07:29:22.2008850Z 
2026-05-16T07:29:22.2009361Z     Error Context: test-results/prism-theme-PrismTheme-var-61757-r-accent-across-navigations-Mobile-Chrome/error-context.md
2026-05-16T07:29:22.2009883Z 
2026-05-16T07:29:22.2010402Z     Retry #1 ───────────────────────────────────────────────────────────────────────────────────────
2026-05-16T07:29:22.2010696Z 
2026-05-16T07:29:22.2011174Z     Error: [2mexpect([22m[31mlocator[39m[2m).[22mtoHaveAttribute[2m([22m[32mexpected[39m[2m)[22m failed
2026-05-16T07:29:22.2011563Z 
2026-05-16T07:29:22.2011677Z     Locator:  locator('html')
2026-05-16T07:29:22.2012014Z     Expected: [32m"SYNTHWAVE"[39m
2026-05-16T07:29:22.2012369Z     Received: [31m"CYBERPUNK"[39m
2026-05-16T07:29:22.2012641Z     Timeout:  5000ms
2026-05-16T07:29:22.2012789Z 
2026-05-16T07:29:22.2012873Z     Call log:
2026-05-16T07:29:22.2013229Z     [2m  - Expect "toHaveAttribute" with timeout 5000ms[22m
2026-05-16T07:29:22.2013660Z     [2m  - waiting for locator('html')[22m
2026-05-16T07:29:22.2014462Z     [2m    9 × locator resolved to <html lang="en" class="dark" data-density="tight" data-theme="CYBERPUNK" data-personality="brackets">…</html>[22m
2026-05-16T07:29:22.2015124Z     [2m      - unexpected value "CYBERPUNK"[22m
2026-05-16T07:29:22.2015353Z 
2026-05-16T07:29:22.2015384Z 
2026-05-16T07:29:22.2015497Z       94 |     });
2026-05-16T07:29:22.2015723Z       95 |     await page.reload();
2026-05-16T07:29:22.2016165Z     > 96 |     await expect(page.locator('html')).toHaveAttribute('data-theme', 'SYNTHWAVE');
2026-05-16T07:29:22.2016783Z          |                                        ^
2026-05-16T07:29:22.2017175Z       97 |     const accent2 = await page.evaluate(() =>
2026-05-16T07:29:22.2017568Z       98 |       getComputedStyle(document.documentElement)
2026-05-16T07:29:22.2017973Z       99 |         .getPropertyValue('--color-accent')
2026-05-16T07:29:22.2018434Z         at /home/runner/work/prismTask/prismTask/web/e2e/prism-theme.spec.ts:96:40
2026-05-16T07:29:22.2018761Z 
2026-05-16T07:29:22.2019156Z     attachment #1: screenshot (image/png) ──────────────────────────────────────────────────────────
2026-05-16T07:29:22.2020354Z     test-results/prism-theme-PrismTheme-var-61757-r-accent-across-navigations-Mobile-Chrome-retry1/test-failed-1.png
2026-05-16T07:29:22.2021881Z     ────────────────────────────────────────────────────────────────────────────────────────────────
2026-05-16T07:29:22.2022338Z 
2026-05-16T07:29:22.2023276Z     Error Context: test-results/prism-theme-PrismTheme-var-61757-r-accent-across-navigations-Mobile-Chrome-retry1/error-context.md
2026-05-16T07:29:22.2024177Z 
2026-05-16T07:29:22.2024833Z     attachment #3: trace (application/zip) ─────────────────────────────────────────────────────────
2026-05-16T07:29:22.2026045Z     test-results/prism-theme-PrismTheme-var-61757-r-accent-across-navigations-Mobile-Chrome-retry1/trace.zip
2026-05-16T07:29:22.2027141Z     Usage:
2026-05-16T07:29:22.2027258Z 
2026-05-16T07:29:22.2027790Z         npx playwright show-trace test-results/prism-theme-PrismTheme-var-61757-r-accent-across-navigations-Mobile-Chrome-retry1/trace.zip
2026-05-16T07:29:22.2028332Z 
2026-05-16T07:29:22.2028726Z     ────────────────────────────────────────────────────────────────────────────────────────────────
2026-05-16T07:29:22.2028994Z 
2026-05-16T07:29:22.2029490Z     Retry #2 ───────────────────────────────────────────────────────────────────────────────────────
2026-05-16T07:29:22.2029770Z 
2026-05-16T07:29:22.2030217Z     Error: [2mexpect([22m[31mlocator[39m[2m).[22mtoHaveAttribute[2m([22m[32mexpected[39m[2m)[22m failed
2026-05-16T07:29:22.2030591Z 
2026-05-16T07:29:22.2030694Z     Locator:  locator('html')
2026-05-16T07:29:22.2031000Z     Expected: [32m"SYNTHWAVE"[39m
2026-05-16T07:29:22.2031320Z     Received: [31m"CYBERPUNK"[39m
2026-05-16T07:29:22.2031564Z     Timeout:  5000ms
2026-05-16T07:29:22.2031695Z 
2026-05-16T07:29:22.2031792Z     Call log:
2026-05-16T07:29:22.2032122Z     [2m  - Expect "toHaveAttribute" with timeout 5000ms[22m
2026-05-16T07:29:22.2032515Z     [2m  - waiting for locator('html')[22m
2026-05-16T07:29:22.2033275Z     [2m    9 × locator resolved to <html lang="en" class="dark" data-density="tight" data-theme="CYBERPUNK" data-personality="brackets">…</html>[22m
2026-05-16T07:29:22.2033936Z     [2m      - unexpected value "CYBERPUNK"[22m
2026-05-16T07:29:22.2034130Z 
2026-05-16T07:29:22.2034136Z 
2026-05-16T07:29:22.2034224Z       94 |     });
2026-05-16T07:29:22.2034444Z       95 |     await page.reload();
2026-05-16T07:29:22.2034870Z     > 96 |     await expect(page.locator('html')).toHaveAttribute('data-theme', 'SYNTHWAVE');
2026-05-16T07:29:22.2035300Z          |                                        ^
2026-05-16T07:29:22.2035636Z       97 |     const accent2 = await page.evaluate(() =>
2026-05-16T07:29:22.2036001Z       98 |       getComputedStyle(document.documentElement)
2026-05-16T07:29:22.2036365Z       99 |         .getPropertyValue('--color-accent')
2026-05-16T07:29:22.2037057Z         at /home/runner/work/prismTask/prismTask/web/e2e/prism-theme.spec.ts:96:40
2026-05-16T07:29:22.2037393Z 
2026-05-16T07:29:22.2037789Z     attachment #1: screenshot (image/png) ──────────────────────────────────────────────────────────
2026-05-16T07:29:22.2038582Z     test-results/prism-theme-PrismTheme-var-61757-r-accent-across-navigations-Mobile-Chrome-retry2/test-failed-1.png
2026-05-16T07:29:22.2039432Z     ────────────────────────────────────────────────────────────────────────────────────────────────
2026-05-16T07:29:22.2039702Z 
2026-05-16T07:29:22.2040206Z     Error Context: test-results/prism-theme-PrismTheme-var-61757-r-accent-across-navigations-Mobile-Chrome-retry2/error-context.md
2026-05-16T07:29:22.2040721Z 
2026-05-16T07:29:22.2040806Z   2 failed
2026-05-16T07:29:22.2041528Z     [chromium] › e2e/prism-theme.spec.ts:68:3 › PrismTheme variant picker › flipping themes via localStorage updates --color-accent across navigations 
2026-05-16T07:29:22.2042656Z     [Mobile Chrome] › e2e/prism-theme.spec.ts:68:3 › PrismTheme variant picker › flipping themes via localStorage updates --color-accent across navigations 
2026-05-16T07:29:22.2043256Z   118 passed (2.3m)
2026-05-16T07:29:22.2071454Z ##[error]  1) [chromium] › e2e/prism-theme.spec.ts:68:3 › PrismTheme variant picker › flipping themes via localStorage updates --color-accent across navigations 
    Error: expect(locator).toHaveAttribute(expected) failed

    Locator:  locator('html')
    Expected: "SYNTHWAVE"
    Received: "CYBERPUNK"
    Timeout:  5000ms

    Call log:
      - Expect "toHaveAttribute" with timeout 5000ms
      - waiting for locator('html')
        9 × locator resolved to <html lang="en" class="dark" data-density="tight" data-theme="CYBERPUNK" data-personality="brackets">…</html>
          - unexpected value "CYBERPUNK"


      94 |     });
      95 |     await page.reload();
    > 96 |     await expect(page.locator('html')).toHaveAttribute('data-theme', 'SYNTHWAVE');
         |                                        ^
      97 |     const accent2 = await page.evaluate(() =>
      98 |       getComputedStyle(document.documentElement)
      99 |         .getPropertyValue('--color-accent')
        at /home/runner/work/prismTask/prismTask/web/e2e/prism-theme.spec.ts:96:40
2026-05-16T07:29:22.2089696Z ##[error]  1) [chromium] › e2e/prism-theme.spec.ts:68:3 › PrismTheme variant picker › flipping themes via localStorage updates --color-accent across navigations 

    Retry #1 ───────────────────────────────────────────────────────────────────────────────────────
    Error: expect(locator).toHaveAttribute(expected) failed

    Locator:  locator('html')
    Expected: "SYNTHWAVE"
    Received: "CYBERPUNK"
    Timeout:  5000ms

    Call log:
      - Expect "toHaveAttribute" with timeout 5000ms
      - waiting for locator('html')
        9 × locator resolved to <html lang="en" class="dark" data-density="tight" data-theme="CYBERPUNK" data-personality="brackets">…</html>
          - unexpected value "CYBERPUNK"


      94 |     });
      95 |     await page.reload();
    > 96 |     await expect(page.locator('html')).toHaveAttribute('data-theme', 'SYNTHWAVE');
         |                                        ^
      97 |     const accent2 = await page.evaluate(() =>
      98 |       getComputedStyle(document.documentElement)
      99 |         .getPropertyValue('--color-accent')
        at /home/runner/work/prismTask/prismTask/web/e2e/prism-theme.spec.ts:96:40
2026-05-16T07:29:22.2100622Z ##[error]  1) [chromium] › e2e/prism-theme.spec.ts:68:3 › PrismTheme variant picker › flipping themes via localStorage updates --color-accent across navigations 

    Retry #2 ───────────────────────────────────────────────────────────────────────────────────────
    Error: expect(locator).toHaveAttribute(expected) failed

    Locator:  locator('html')
    Expected: "SYNTHWAVE"
    Received: "CYBERPUNK"
    Timeout:  5000ms

    Call log:
      - Expect "toHaveAttribute" with timeout 5000ms
      - waiting for locator('html')
        9 × locator resolved to <html lang="en" class="dark" data-density="tight" data-theme="CYBERPUNK" data-personality="brackets">…</html>
          - unexpected value "CYBERPUNK"


      94 |     });
      95 |     await page.reload();
    > 96 |     await expect(page.locator('html')).toHaveAttribute('data-theme', 'SYNTHWAVE');
         |                                        ^
      97 |     const accent2 = await page.evaluate(() =>
      98 |       getComputedStyle(document.documentElement)
      99 |         .getPropertyValue('--color-accent')
        at /home/runner/work/prismTask/prismTask/web/e2e/prism-theme.spec.ts:96:40
2026-05-16T07:29:22.2114438Z ##[error]  2) [Mobile Chrome] › e2e/prism-theme.spec.ts:68:3 › PrismTheme variant picker › flipping themes via localStorage updates --color-accent across navigations 
    Error: expect(locator).toHaveAttribute(expected) failed

    Locator:  locator('html')
    Expected: "SYNTHWAVE"
    Received: "CYBERPUNK"
    Timeout:  5000ms

    Call log:
      - Expect "toHaveAttribute" with timeout 5000ms
      - waiting for locator('html')
        9 × locator resolved to <html lang="en" class="dark" data-density="tight" data-theme="CYBERPUNK" data-personality="brackets">…</html>
          - unexpected value "CYBERPUNK"


      94 |     });
      95 |     await page.reload();
    > 96 |     await expect(page.locator('html')).toHaveAttribute('data-theme', 'SYNTHWAVE');
         |                                        ^
      97 |     const accent2 = await page.evaluate(() =>
      98 |       getComputedStyle(document.documentElement)
      99 |         .getPropertyValue('--color-accent')
        at /home/runner/work/prismTask/prismTask/web/e2e/prism-theme.spec.ts:96:40
2026-05-16T07:29:22.2127525Z ##[error]  2) [Mobile Chrome] › e2e/prism-theme.spec.ts:68:3 › PrismTheme variant picker › flipping themes via localStorage updates --color-accent across navigations 

    Retry #1 ───────────────────────────────────────────────────────────────────────────────────────
    Error: expect(locator).toHaveAttribute(expected) failed

    Locator:  locator('html')
    Expected: "SYNTHWAVE"
    Received: "CYBERPUNK"
    Timeout:  5000ms

    Call log:
      - Expect "toHaveAttribute" with timeout 5000ms
      - waiting for locator('html')
        9 × locator resolved to <html lang="en" class="dark" data-density="tight" data-theme="CYBERPUNK" data-personality="brackets">…</html>
          - unexpected value "CYBERPUNK"


      94 |     });
      95 |     await page.reload();
    > 96 |     await expect(page.locator('html')).toHaveAttribute('data-theme', 'SYNTHWAVE');
         |                                        ^
      97 |     const accent2 = await page.evaluate(() =>
      98 |       getComputedStyle(document.documentElement)
      99 |         .getPropertyValue('--color-accent')
        at /home/runner/work/prismTask/prismTask/web/e2e/prism-theme.spec.ts:96:40
2026-05-16T07:29:22.2137987Z ##[error]  2) [Mobile Chrome] › e2e/prism-theme.spec.ts:68:3 › PrismTheme variant picker › flipping themes via localStorage updates --color-accent across navigations 

    Retry #2 ───────────────────────────────────────────────────────────────────────────────────────
    Error: expect(locator).toHaveAttribute(expected) failed

    Locator:  locator('html')
    Expected: "SYNTHWAVE"
    Received: "CYBERPUNK"
    Timeout:  5000ms

    Call log:
      - Expect "toHaveAttribute" with timeout 5000ms
      - waiting for locator('html')
        9 × locator resolved to <html lang="en" class="dark" data-density="tight" data-theme="CYBERPUNK" data-personality="brackets">…</html>
          - unexpected value "CYBERPUNK"


      94 |     });
      95 |     await page.reload();
    > 96 |     await expect(page.locator('html')).toHaveAttribute('data-theme', 'SYNTHWAVE');
         |                                        ^
      97 |     const accent2 = await page.evaluate(() =>
      98 |       getComputedStyle(document.documentElement)
      99 |         .getPropertyValue('--color-accent')
        at /home/runner/work/prismTask/prismTask/web/e2e/prism-theme.spec.ts:96:40
2026-05-16T07:29:22.2145325Z ##[notice]  2 failed
    [chromium] › e2e/prism-theme.spec.ts:68:3 › PrismTheme variant picker › flipping themes via localStorage updates --color-accent across navigations 
    [Mobile Chrome] › e2e/prism-theme.spec.ts:68:3 › PrismTheme variant picker › flipping themes via localStorage updates --color-accent across navigations 
  118 passed (2.3m)
2026-05-16T07:29:22.2213882Z ##[error]Process completed with exit code 1.
2026-05-16T07:29:22.2294191Z ##[group]Run actions/upload-artifact@v7
2026-05-16T07:29:22.2294473Z with:
2026-05-16T07:29:22.2294677Z   name: playwright-report
2026-05-16T07:29:22.2294931Z   path: web/playwright-report/
2026-05-16T07:29:22.2295175Z   retention-days: 7
2026-05-16T07:29:22.2295385Z   if-no-files-found: warn
2026-05-16T07:29:22.2295608Z   compression-level: 6
2026-05-16T07:29:22.2295814Z   overwrite: false
2026-05-16T07:29:22.2296180Z   include-hidden-files: false
2026-05-16T07:29:22.2296410Z   archive: true
2026-05-16T07:29:22.2296834Z ##[endgroup]
2026-05-16T07:29:22.3690626Z ##[warning]No files were found with the provided path: web/playwright-report/. No artifacts will be uploaded.
2026-05-16T07:29:22.3823142Z Post job cleanup.
2026-05-16T07:29:22.3880886Z Post job cleanup.
2026-05-16T07:29:22.4698040Z [command]/usr/bin/git version
2026-05-16T07:29:22.4734898Z git version 2.54.0
2026-05-16T07:29:22.4773389Z Temporarily overriding HOME='/home/runner/work/_temp/144cf15a-b0c3-45aa-926f-9ddd9974a567' before making global git config changes
2026-05-16T07:29:22.4774778Z Adding repository directory to the temporary git global config as a safe directory
2026-05-16T07:29:22.4779259Z [command]/usr/bin/git config --global --add safe.directory /home/runner/work/prismTask/prismTask
2026-05-16T07:29:22.4811361Z Removing SSH command configuration
2026-05-16T07:29:22.4817537Z [command]/usr/bin/git config --local --name-only --get-regexp core\.sshCommand
2026-05-16T07:29:22.4850666Z [command]/usr/bin/git submodule foreach --recursive sh -c "git config --local --name-only --get-regexp 'core\.sshCommand' && git config --local --unset-all 'core.sshCommand' || :"
2026-05-16T07:29:22.5094685Z Removing HTTP extra header
2026-05-16T07:29:22.5099930Z [command]/usr/bin/git config --local --name-only --get-regexp http\.https\:\/\/github\.com\/\.extraheader
2026-05-16T07:29:22.5137086Z [command]/usr/bin/git submodule foreach --recursive sh -c "git config --local --name-only --get-regexp 'http\.https\:\/\/github\.com\/\.extraheader' && git config --local --unset-all 'http.https://github.com/.extraheader' || :"
2026-05-16T07:29:22.5383638Z Removing includeIf entries pointing to credentials config files
2026-05-16T07:29:22.5390338Z [command]/usr/bin/git config --local --name-only --get-regexp ^includeIf\.gitdir:
2026-05-16T07:29:22.5448903Z includeif.gitdir:/home/runner/work/prismTask/prismTask/.git.path
2026-05-16T07:29:22.5450048Z includeif.gitdir:/home/runner/work/prismTask/prismTask/.git/worktrees/*.path
2026-05-16T07:29:22.5451086Z includeif.gitdir:/github/workspace/.git.path
2026-05-16T07:29:22.5452309Z includeif.gitdir:/github/workspace/.git/worktrees/*.path
2026-05-16T07:29:22.5458757Z [command]/usr/bin/git config --local --get-all includeif.gitdir:/home/runner/work/prismTask/prismTask/.git.path
2026-05-16T07:29:22.5481836Z /home/runner/work/_temp/git-credentials-53c97fd1-ba26-49bf-a8c7-f4c5712388e4.config
2026-05-16T07:29:22.5493964Z [command]/usr/bin/git config --local --unset includeif.gitdir:/home/runner/work/prismTask/prismTask/.git.path /home/runner/work/_temp/git-credentials-53c97fd1-ba26-49bf-a8c7-f4c5712388e4.config
2026-05-16T07:29:22.5531686Z [command]/usr/bin/git config --local --get-all includeif.gitdir:/home/runner/work/prismTask/prismTask/.git/worktrees/*.path
2026-05-16T07:29:22.5554709Z /home/runner/work/_temp/git-credentials-53c97fd1-ba26-49bf-a8c7-f4c5712388e4.config
2026-05-16T07:29:22.5565361Z [command]/usr/bin/git config --local --unset includeif.gitdir:/home/runner/work/prismTask/prismTask/.git/worktrees/*.path /home/runner/work/_temp/git-credentials-53c97fd1-ba26-49bf-a8c7-f4c5712388e4.config
2026-05-16T07:29:22.5597226Z [command]/usr/bin/git config --local --get-all includeif.gitdir:/github/workspace/.git.path
2026-05-16T07:29:22.5620246Z /github/runner_temp/git-credentials-53c97fd1-ba26-49bf-a8c7-f4c5712388e4.config
2026-05-16T07:29:22.5628871Z [command]/usr/bin/git config --local --unset includeif.gitdir:/github/workspace/.git.path /github/runner_temp/git-credentials-53c97fd1-ba26-49bf-a8c7-f4c5712388e4.config
2026-05-16T07:29:22.5660852Z [command]/usr/bin/git config --local --get-all includeif.gitdir:/github/workspace/.git/worktrees/*.path
2026-05-16T07:29:22.5682717Z /github/runner_temp/git-credentials-53c97fd1-ba26-49bf-a8c7-f4c5712388e4.config
2026-05-16T07:29:22.5692009Z [command]/usr/bin/git config --local --unset includeif.gitdir:/github/workspace/.git/worktrees/*.path /github/runner_temp/git-credentials-53c97fd1-ba26-49bf-a8c7-f4c5712388e4.config
2026-05-16T07:29:22.5724983Z [command]/usr/bin/git submodule foreach --recursive git config --local --show-origin --name-only --get-regexp remote.origin.url
2026-05-16T07:29:22.5953623Z Removing credentials config '/home/runner/work/_temp/git-credentials-53c97fd1-ba26-49bf-a8c7-f4c5712388e4.config'
2026-05-16T07:29:22.6095863Z Cleaning up orphan processes
2026-05-16T07:29:22.6410887Z ##[warning]Node.js 20 actions are deprecated. The following actions are running on Node.js 20 and may not work as expected: actions/setup-node@v4. Actions will be forced to run with Node.js 24 by default starting June 2nd, 2026. Node.js 20 will be removed from the runner on September 16th, 2026. Please check if updated versions of these actions are available that support Node.js 24. To opt into Node.js 24 now, set the FORCE_JAVASCRIPT_ACTIONS_TO_NODE24=true environment variable on the runner or in your workflow file. Once Node.js 24 becomes the default, you can temporarily opt out by setting ACTIONS_ALLOW_USE_UNSECURE_NODE_VERSION=true. For more information see: https://github.blog/changelog/2025-09-19-deprecation-of-node-20-on-github-actions-runners/
