=== CI FAILURE ===
Workflow:      Web CI
Workflow file: averycorp/prismTask/.github/workflows/web-ci.yml@refs/pull/1661/merge
Job(s):        web-unit-tests (3, 3), web-lint-and-test
Run ID:        26054542271
Run attempt:   1
Run URL:       https://github.com/averycorp/prismTask/actions/runs/26054542271
Commit:        eba75d2a89bbc531d70832ff21bfc3ec9163d8c0
Branch:        1661/merge
Event:         pull_request
Actor:         akarlin3
Runner OS:     Linux
Timestamp:     2026-05-18T19:09:10.702Z

Failed steps:
  - web-unit-tests (3, 3): #5 Run Vitest shard 3/3
  - web-lint-and-test: #2 Verify split web checks

=== FAILED JOB LOG ===

--- Job: web-unit-tests (3, 3) (id 76599261180) ---
2026-05-18T19:08:03.9759779Z Current runner version: '2.334.0'
2026-05-18T19:08:03.9786154Z ##[group]Runner Image Provisioner
2026-05-18T19:08:03.9787228Z Hosted Compute Agent
2026-05-18T19:08:03.9788113Z Version: 20260213.493
2026-05-18T19:08:03.9788758Z Commit: 5c115507f6dd24b8de37d8bbe0bb4509d0cc0fa3
2026-05-18T19:08:03.9789500Z Build Date: 2026-02-13T00:28:41Z
2026-05-18T19:08:03.9790178Z Worker ID: {92d2222f-ea8b-4e3c-b5a2-402be7def78c}
2026-05-18T19:08:03.9791082Z Azure Region: eastus
2026-05-18T19:08:03.9791650Z ##[endgroup]
2026-05-18T19:08:03.9793498Z ##[group]Operating System
2026-05-18T19:08:03.9794156Z Ubuntu
2026-05-18T19:08:03.9794616Z 24.04.4
2026-05-18T19:08:03.9795137Z LTS
2026-05-18T19:08:03.9795611Z ##[endgroup]
2026-05-18T19:08:03.9796180Z ##[group]Runner Image
2026-05-18T19:08:03.9796698Z Image: ubuntu-24.04
2026-05-18T19:08:03.9797302Z Version: 20260513.135.3
2026-05-18T19:08:03.9798518Z Included Software: https://github.com/actions/runner-images/blob/ubuntu24/20260513.135/images/ubuntu/Ubuntu2404-Readme.md
2026-05-18T19:08:03.9799998Z Image Release: https://github.com/actions/runner-images/releases/tag/ubuntu24%2F20260513.135
2026-05-18T19:08:03.9801256Z ##[endgroup]
2026-05-18T19:08:03.9802488Z ##[group]GITHUB_TOKEN Permissions
2026-05-18T19:08:03.9804696Z Actions: read
2026-05-18T19:08:03.9805244Z Checks: read
2026-05-18T19:08:03.9805826Z Contents: write
2026-05-18T19:08:03.9806399Z Metadata: read
2026-05-18T19:08:03.9806880Z ##[endgroup]
2026-05-18T19:08:03.9809182Z Secret source: Actions
2026-05-18T19:08:03.9809844Z Prepare workflow directory
2026-05-18T19:08:04.0216799Z Prepare all required actions
2026-05-18T19:08:04.0255163Z Getting action download info
2026-05-18T19:08:04.3191305Z Download action repository 'actions/checkout@v6' (SHA:de0fac2e4500dabe0009e67214ff5f5447ce83dd)
2026-05-18T19:08:04.5436206Z Complete job name: web-unit-tests (3, 3)
2026-05-18T19:08:04.6076695Z ##[group]Run actions/checkout@v6
2026-05-18T19:08:04.6077590Z with:
2026-05-18T19:08:04.6077992Z   repository: averycorp/prismTask
2026-05-18T19:08:04.6078779Z   token: ***
2026-05-18T19:08:04.6079171Z   ssh-strict: true
2026-05-18T19:08:04.6079555Z   ssh-user: git
2026-05-18T19:08:04.6079949Z   persist-credentials: true
2026-05-18T19:08:04.6080378Z   clean: true
2026-05-18T19:08:04.6080967Z   sparse-checkout-cone-mode: true
2026-05-18T19:08:04.6081433Z   fetch-depth: 1
2026-05-18T19:08:04.6081827Z   fetch-tags: false
2026-05-18T19:08:04.6082218Z   show-progress: true
2026-05-18T19:08:04.6082613Z   lfs: false
2026-05-18T19:08:04.6082968Z   submodules: false
2026-05-18T19:08:04.6083366Z   set-safe-directory: true
2026-05-18T19:08:04.6083981Z ##[endgroup]
2026-05-18T19:08:04.7103317Z Syncing repository: averycorp/prismTask
2026-05-18T19:08:04.7105081Z ##[group]Getting Git version info
2026-05-18T19:08:04.7105823Z Working directory is '/home/runner/work/prismTask/prismTask'
2026-05-18T19:08:04.7106968Z [command]/usr/bin/git version
2026-05-18T19:08:04.7169619Z git version 2.54.0
2026-05-18T19:08:04.7224942Z ##[endgroup]
2026-05-18T19:08:04.7241476Z Temporarily overriding HOME='/home/runner/work/_temp/7ad1fab2-1aa4-44e8-850b-6cf94b887010' before making global git config changes
2026-05-18T19:08:04.7243665Z Adding repository directory to the temporary git global config as a safe directory
2026-05-18T19:08:04.7247751Z [command]/usr/bin/git config --global --add safe.directory /home/runner/work/prismTask/prismTask
2026-05-18T19:08:04.7299686Z Deleting the contents of '/home/runner/work/prismTask/prismTask'
2026-05-18T19:08:04.7303966Z ##[group]Initializing the repository
2026-05-18T19:08:04.7309160Z [command]/usr/bin/git init /home/runner/work/prismTask/prismTask
2026-05-18T19:08:04.7401945Z hint: Using 'master' as the name for the initial branch. This default branch name
2026-05-18T19:08:04.7403419Z hint: will change to "main" in Git 3.0. To configure the initial branch name
2026-05-18T19:08:04.7404766Z hint: to use in all of your new repositories, which will suppress this warning,
2026-05-18T19:08:04.7405799Z hint: call:
2026-05-18T19:08:04.7406309Z hint:
2026-05-18T19:08:04.7407355Z hint: 	git config --global init.defaultBranch <name>
2026-05-18T19:08:04.7408194Z hint:
2026-05-18T19:08:04.7408978Z hint: Names commonly chosen instead of 'master' are 'main', 'trunk' and
2026-05-18T19:08:04.7409931Z hint: 'development'. The just-created branch can be renamed via this command:
2026-05-18T19:08:04.7410960Z hint:
2026-05-18T19:08:04.7411400Z hint: 	git branch -m <name>
2026-05-18T19:08:04.7412038Z hint:
2026-05-18T19:08:04.7412763Z hint: Disable this message with "git config set advice.defaultBranchName false"
2026-05-18T19:08:04.7413723Z Initialized empty Git repository in /home/runner/work/prismTask/prismTask/.git/
2026-05-18T19:08:04.7417222Z [command]/usr/bin/git remote add origin https://github.com/averycorp/prismTask
2026-05-18T19:08:04.7460055Z ##[endgroup]
2026-05-18T19:08:04.7461016Z ##[group]Disabling automatic garbage collection
2026-05-18T19:08:04.7464059Z [command]/usr/bin/git config --local gc.auto 0
2026-05-18T19:08:04.7495914Z ##[endgroup]
2026-05-18T19:08:04.7496624Z ##[group]Setting up auth
2026-05-18T19:08:04.7497317Z Removing SSH command configuration
2026-05-18T19:08:04.7504342Z [command]/usr/bin/git config --local --name-only --get-regexp core\.sshCommand
2026-05-18T19:08:04.7543823Z [command]/usr/bin/git submodule foreach --recursive sh -c "git config --local --name-only --get-regexp 'core\.sshCommand' && git config --local --unset-all 'core.sshCommand' || :"
2026-05-18T19:08:04.7891148Z Removing HTTP extra header
2026-05-18T19:08:04.7897724Z [command]/usr/bin/git config --local --name-only --get-regexp http\.https\:\/\/github\.com\/\.extraheader
2026-05-18T19:08:04.7934526Z [command]/usr/bin/git submodule foreach --recursive sh -c "git config --local --name-only --get-regexp 'http\.https\:\/\/github\.com\/\.extraheader' && git config --local --unset-all 'http.https://github.com/.extraheader' || :"
2026-05-18T19:08:04.8166388Z Removing includeIf entries pointing to credentials config files
2026-05-18T19:08:04.8172929Z [command]/usr/bin/git config --local --name-only --get-regexp ^includeIf\.gitdir:
2026-05-18T19:08:04.8206904Z [command]/usr/bin/git submodule foreach --recursive git config --local --show-origin --name-only --get-regexp remote.origin.url
2026-05-18T19:08:04.8448877Z [command]/usr/bin/git config --file /home/runner/work/_temp/git-credentials-5a076483-4514-415b-bd25-1f29cf78f9ce.config http.https://github.com/.extraheader AUTHORIZATION: basic ***
2026-05-18T19:08:04.8489830Z [command]/usr/bin/git config --local includeIf.gitdir:/home/runner/work/prismTask/prismTask/.git.path /home/runner/work/_temp/git-credentials-5a076483-4514-415b-bd25-1f29cf78f9ce.config
2026-05-18T19:08:04.8522703Z [command]/usr/bin/git config --local includeIf.gitdir:/home/runner/work/prismTask/prismTask/.git/worktrees/*.path /home/runner/work/_temp/git-credentials-5a076483-4514-415b-bd25-1f29cf78f9ce.config
2026-05-18T19:08:04.8558610Z [command]/usr/bin/git config --local includeIf.gitdir:/github/workspace/.git.path /github/runner_temp/git-credentials-5a076483-4514-415b-bd25-1f29cf78f9ce.config
2026-05-18T19:08:04.8592218Z [command]/usr/bin/git config --local includeIf.gitdir:/github/workspace/.git/worktrees/*.path /github/runner_temp/git-credentials-5a076483-4514-415b-bd25-1f29cf78f9ce.config
2026-05-18T19:08:04.8626870Z ##[endgroup]
2026-05-18T19:08:04.8627568Z ##[group]Fetching the repository
2026-05-18T19:08:04.8636093Z [command]/usr/bin/git -c protocol.version=2 fetch --no-tags --prune --no-recurse-submodules --depth=1 origin +eba75d2a89bbc531d70832ff21bfc3ec9163d8c0:refs/remotes/pull/1661/merge
2026-05-18T19:08:06.5583898Z From https://github.com/averycorp/prismTask
2026-05-18T19:08:06.5586207Z  * [new ref]         eba75d2a89bbc531d70832ff21bfc3ec9163d8c0 -> pull/1661/merge
2026-05-18T19:08:06.5624943Z ##[endgroup]
2026-05-18T19:08:06.5626180Z ##[group]Determining the checkout info
2026-05-18T19:08:06.5627460Z ##[endgroup]
2026-05-18T19:08:06.5633150Z [command]/usr/bin/git sparse-checkout disable
2026-05-18T19:08:06.5682117Z [command]/usr/bin/git config --local --unset-all extensions.worktreeConfig
2026-05-18T19:08:06.5714793Z ##[group]Checking out the ref
2026-05-18T19:08:06.5718697Z [command]/usr/bin/git checkout --progress --force refs/remotes/pull/1661/merge
2026-05-18T19:08:06.8867558Z Note: switching to 'refs/remotes/pull/1661/merge'.
2026-05-18T19:08:06.8869092Z 
2026-05-18T19:08:06.8869461Z You are in 'detached HEAD' state. You can look around, make experimental
2026-05-18T19:08:06.8870220Z changes and commit them, and you can discard any commits you make in this
2026-05-18T19:08:06.8871230Z state without impacting any branches by switching back to a branch.
2026-05-18T19:08:06.8871721Z 
2026-05-18T19:08:06.8872067Z If you want to create a new branch to retain commits you create, you may
2026-05-18T19:08:06.8872816Z do so (now or later) by using -c with the switch command. Example:
2026-05-18T19:08:06.8873315Z 
2026-05-18T19:08:06.8873512Z   git switch -c <new-branch-name>
2026-05-18T19:08:06.8873817Z 
2026-05-18T19:08:06.8874007Z Or undo this operation with:
2026-05-18T19:08:06.8874316Z 
2026-05-18T19:08:06.8874479Z   git switch -
2026-05-18T19:08:06.8874711Z 
2026-05-18T19:08:06.8875121Z Turn off this advice by setting config variable advice.detachedHead to false
2026-05-18T19:08:06.8875627Z 
2026-05-18T19:08:06.8876195Z HEAD is now at eba75d2 Merge 2b7af010ca59a2807362d5ee1418a13356b5588d into 779d49685c3b300eb1cd6b2498f846148d521cfe
2026-05-18T19:08:06.8895242Z ##[endgroup]
2026-05-18T19:08:06.8940015Z [command]/usr/bin/git log -1 --format=%H
2026-05-18T19:08:06.8966160Z eba75d2a89bbc531d70832ff21bfc3ec9163d8c0
2026-05-18T19:08:06.9272486Z Prepare all required actions
2026-05-18T19:08:06.9272997Z Getting action download info
2026-05-18T19:08:07.0534466Z Download action repository 'actions/setup-node@v4' (SHA:49933ea5288caeca8642d1e84afbd3f7d6820020)
2026-05-18T19:08:07.1579455Z ##[group]Run ./.github/actions/setup-node-web
2026-05-18T19:08:07.1579815Z ##[endgroup]
2026-05-18T19:08:07.1718868Z ##[group]Run actions/setup-node@v4
2026-05-18T19:08:07.1719222Z with:
2026-05-18T19:08:07.1797175Z   node-version: 22
2026-05-18T19:08:07.1797634Z   cache: npm
2026-05-18T19:08:07.1797912Z   cache-dependency-path: web/package-lock.json
2026-05-18T19:08:07.1798245Z   always-auth: false
2026-05-18T19:08:07.1798512Z   check-latest: false
2026-05-18T19:08:07.1799190Z   token: ***
2026-05-18T19:08:07.1799458Z ##[endgroup]
2026-05-18T19:08:07.3638061Z Found in cache @ /opt/hostedtoolcache/node/22.22.2/x64
2026-05-18T19:08:07.3645024Z ##[group]Environment details
2026-05-18T19:08:07.7507352Z node: v22.22.2
2026-05-18T19:08:07.7508472Z npm: 10.9.7
2026-05-18T19:08:07.7508776Z yarn: 1.22.22
2026-05-18T19:08:07.7509741Z ##[endgroup]
2026-05-18T19:08:07.7532824Z [command]/opt/hostedtoolcache/node/22.22.2/x64/bin/npm config get cache
2026-05-18T19:08:08.0509699Z /home/runner/.npm
2026-05-18T19:08:08.1565413Z npm cache is not found
2026-05-18T19:08:08.1722859Z ##[group]Run npm ci
2026-05-18T19:08:08.1723187Z [36;1mnpm ci[0m
2026-05-18T19:08:08.1770898Z shell: /usr/bin/bash --noprofile --norc -e -o pipefail {0}
2026-05-18T19:08:08.1771279Z ##[endgroup]
2026-05-18T19:08:19.5648822Z 
2026-05-18T19:08:19.5657798Z added 435 packages, and audited 436 packages in 11s
2026-05-18T19:08:19.5658310Z 
2026-05-18T19:08:19.5658592Z 94 packages are looking for funding
2026-05-18T19:08:19.5659050Z   run `npm fund` for details
2026-05-18T19:08:19.5730632Z 
2026-05-18T19:08:19.5731198Z 4 vulnerabilities (3 moderate, 1 critical)
2026-05-18T19:08:19.5731608Z 
2026-05-18T19:08:19.5731827Z To address all issues, run:
2026-05-18T19:08:19.5732199Z   npm audit fix
2026-05-18T19:08:19.5732426Z 
2026-05-18T19:08:19.5732619Z Run `npm audit` for details.
2026-05-18T19:08:19.6401616Z ##[group]Run npm run test:run -- --shard=3/3
2026-05-18T19:08:19.6402029Z [36;1mnpm run test:run -- --shard=3/3[0m
2026-05-18T19:08:19.6438855Z shell: /usr/bin/bash -e {0}
2026-05-18T19:08:19.6439116Z ##[endgroup]
2026-05-18T19:08:19.7607790Z 
2026-05-18T19:08:19.7608436Z > web@2.0.0 test:run
2026-05-18T19:08:19.7608998Z > vitest run --pool=threads --shard=3/3
2026-05-18T19:08:19.7609827Z 
2026-05-18T19:08:20.2236267Z 
2026-05-18T19:08:20.2240927Z [1m[30m[46m RUN [49m[39m[22m [36mv4.1.5 [39m[90m/home/runner/work/prismTask/prismTask/web[39m
2026-05-18T19:08:20.2241682Z 
2026-05-18T19:08:21.9933285Z  [32m✓[39m src/utils/__tests__/nlp.test.ts [2m([22m[2m81 tests[22m[2m)[22m[32m 54[2mms[22m[39m
2026-05-18T19:08:22.1100341Z  [32m✓[39m src/stores/__tests__/configFamilyStores.test.ts [2m([22m[2m18 tests[22m[2m)[22m[32m 16[2mms[22m[39m
2026-05-18T19:08:23.5833250Z  [32m✓[39m src/utils/__tests__/streaks.test.ts [2m([22m[2m36 tests[22m[2m)[22m[32m 107[2mms[22m[39m
2026-05-18T19:08:24.8533101Z  [32m✓[39m src/utils/__tests__/projectBurndown.test.ts [2m([22m[2m10 tests[22m[2m)[22m[32m 12[2mms[22m[39m
2026-05-18T19:08:25.0923046Z  [32m✓[39m src/utils/__tests__/recurrence.test.ts [2m([22m[2m42 tests[22m[2m)[22m[32m 39[2mms[22m[39m
2026-05-18T19:08:25.2585545Z  [32m✓[39m src/stores/__tests__/taskStore.recurrence.test.ts [2m([22m[2m5 tests[22m[2m)[22m[32m 20[2mms[22m[39m
2026-05-18T19:08:26.5769919Z  [32m✓[39m src/stores/__tests__/dashboardStore.test.ts [2m([22m[2m10 tests[22m[2m)[22m[32m 14[2mms[22m[39m
2026-05-18T19:08:26.6010306Z  [32m✓[39m src/utils/__tests__/builtInHabitReconciler.test.ts [2m([22m[2m16 tests[22m[2m)[22m[32m 23[2mms[22m[39m
2026-05-18T19:08:27.0583096Z  [32m✓[39m src/features/today/__tests__/RestDayBanner.test.tsx [2m([22m[2m7 tests[22m[2m)[22m[33m 504[2mms[22m[39m
2026-05-18T19:08:27.8753040Z  [32m✓[39m src/lib/firestore/__tests__/safeMergeDoc.test.ts [2m([22m[2m9 tests[22m[2m)[22m[32m 37[2mms[22m[39m
2026-05-18T19:08:27.9690913Z  [32m✓[39m src/lib/__tests__/builtInHabitReconciler.test.ts [2m([22m[2m13 tests[22m[2m)[22m[32m 26[2mms[22m[39m
2026-05-18T19:08:28.4930357Z  [32m✓[39m src/features/batch/__tests__/batchApplier.medication.test.ts [2m([22m[2m8 tests[22m[2m)[22m[32m 11[2mms[22m[39m
2026-05-18T19:08:29.3244006Z  [32m✓[39m src/api/__tests__/leisure.test.ts [2m([22m[2m13 tests[22m[2m)[22m[32m 18[2mms[22m[39m
2026-05-18T19:08:29.7934742Z  [32m✓[39m src/api/firestore/__tests__/medicationSlots.test.ts [2m([22m[2m14 tests[22m[2m)[22m[32m 18[2mms[22m[39m
2026-05-18T19:08:30.5836876Z  [32m✓[39m src/lib/__tests__/boundaryRuleParser.test.ts [2m([22m[2m22 tests[22m[2m)[22m[32m 17[2mms[22m[39m
2026-05-18T19:08:30.7442760Z  [32m✓[39m src/stores/__tests__/habitStore.startOfDayHour.test.ts [2m([22m[2m3 tests[22m[2m)[22m[32m 11[2mms[22m[39m
2026-05-18T19:08:31.3561064Z  [32m✓[39m src/stores/__tests__/authStore.test.ts [2m([22m[2m5 tests[22m[2m)[22m[32m 9[2mms[22m[39m
2026-05-18T19:08:32.2038137Z  [32m✓[39m src/api/__tests__/aiFeatureGate.test.ts [2m([22m[2m16 tests[22m[2m)[22m[32m 29[2mms[22m[39m
2026-05-18T19:08:32.6374017Z  [32m✓[39m src/stores/__tests__/assignmentStore.test.ts [2m([22m[2m9 tests[22m[2m)[22m[32m 14[2mms[22m[39m
2026-05-18T19:08:33.4702822Z  [32m✓[39m src/utils/__tests__/urgency.test.ts [2m([22m[2m12 tests[22m[2m)[22m[32m 19[2mms[22m[39m
2026-05-18T19:08:34.3700993Z  [32m✓[39m src/components/__tests__/BuiltInUpdateBanner.test.tsx [2m([22m[2m10 tests[22m[2m)[22m[32m 289[2mms[22m[39m
2026-05-18T19:08:34.7434177Z  [32m✓[39m src/features/weeklyreview/__tests__/weeklyReviewContent.test.ts [2m([22m[2m14 tests[22m[2m)[22m[32m 18[2mms[22m[39m
2026-05-18T19:08:35.6903253Z  [32m✓[39m src/features/today/__tests__/HabitsSection.test.tsx [2m([22m[2m5 tests[22m[2m)[22m[32m 286[2mms[22m[39m
2026-05-18T19:08:35.7133356Z  [32m✓[39m src/utils/__tests__/multiCreateDetector.test.ts [2m([22m[2m14 tests[22m[2m)[22m[32m 11[2mms[22m[39m
2026-05-18T19:08:36.2804995Z  [32m✓[39m src/hooks/__tests__/useNdFeatureGate.test.ts [2m([22m[2m18 tests[22m[2m)[22m[32m 9[2mms[22m[39m
2026-05-18T19:08:37.2827099Z  [32m✓[39m src/lib/__tests__/import.test.ts [2m([22m[2m10 tests[22m[2m)[22m[32m 12[2mms[22m[39m
2026-05-18T19:08:38.4002689Z  [32m✓[39m src/utils/__tests__/dates.test.ts [2m([22m[2m28 tests[22m[2m)[22m[32m 28[2mms[22m[39m
2026-05-18T19:08:39.1427188Z  [32m✓[39m src/utils/__tests__/streaks.advancedTuning.test.ts [2m([22m[2m3 tests[22m[2m)[22m[32m 23[2mms[22m[39m
2026-05-18T19:08:39.6430223Z  [32m✓[39m src/features/tasks/__tests__/selectUnmetBlockerIds.test.ts [2m([22m[2m10 tests[22m[2m)[22m[32m 9[2mms[22m[39m
2026-05-18T19:08:40.3667586Z  [32m✓[39m src/api/firestore/__tests__/projectPhases.test.ts [2m([22m[2m5 tests[22m[2m)[22m[32m 6[2mms[22m[39m
2026-05-18T19:08:40.9412814Z  [32m✓[39m src/components/__tests__/HabitLogDialog.test.tsx [2m([22m[2m5 tests[22m[2m)[22m[33m 705[2mms[22m[39m
2026-05-18T19:08:41.0116700Z  [32m✓[39m src/api/__tests__/aiChat.test.ts [2m([22m[2m6 tests[22m[2m)[22m[32m 11[2mms[22m[39m
2026-05-18T19:08:41.8742135Z  [32m✓[39m src/features/medication/__tests__/refillCalculator.test.ts [2m([22m[2m10 tests[22m[2m)[22m[32m 7[2mms[22m[39m
2026-05-18T19:08:42.1569561Z  [32m✓[39m src/api/firestore/__tests__/projectRisks.test.ts [2m([22m[2m7 tests[22m[2m)[22m[32m 9[2mms[22m[39m
2026-05-18T19:08:42.3465433Z  [32m✓[39m src/api/firestore/__tests__/a11yPreferences.test.ts [2m([22m[2m7 tests[22m[2m)[22m[32m 11[2mms[22m[39m
2026-05-18T19:08:43.0768374Z  [32m✓[39m src/api/firestore/__tests__/medicationSlots.lww.test.ts [2m([22m[2m4 tests[22m[2m)[22m[32m 10[2mms[22m[39m
2026-05-18T19:08:43.4556258Z  [32m✓[39m src/features/today/__tests__/BurnoutBadgeSection.test.ts [2m([22m[2m4 tests[22m[2m)[22m[32m 8[2mms[22m[39m
2026-05-18T19:08:44.6845094Z  [32m✓[39m src/components/__tests__/TaskConfirmModal.test.tsx [2m([22m[2m5 tests[22m[2m)[22m[33m 719[2mms[22m[39m
2026-05-18T19:08:44.8196441Z  [32m✓[39m src/lib/idb/__tests__/database.test.ts [2m([22m[2m5 tests[22m[2m)[22m[32m 19[2mms[22m[39m
2026-05-18T19:08:46.2372837Z  [32m✓[39m src/stores/__tests__/medicationSlotsStore.test.ts [2m([22m[2m4 tests[22m[2m)[22m[32m 9[2mms[22m[39m
2026-05-18T19:08:46.2467825Z  [32m✓[39m src/features/weeklyreview/__tests__/WeeklyReviewsListScreen.test.tsx [2m([22m[2m3 tests[22m[2m)[22m[32m 240[2mms[22m[39m
2026-05-18T19:08:47.5540892Z  [31m❯[39m src/components/__tests__/ContributionGrid.test.tsx [2m([22m[2m5 tests[22m[2m | [22m[31m2 failed[39m[2m)[22m[32m 241[2mms[22m[39m
2026-05-18T19:08:47.5542268Z      [32m✓[39m renders the configured title[32m 69[2mms[22m[39m
2026-05-18T19:08:47.5543720Z [31m     [31m×[31m renders 12 weeks of cells by default (7 rows × 12 columns)[39m[32m 39[2mms[22m[39m
2026-05-18T19:08:47.5544801Z      [32m✓[39m buckets recent completions into the grid by date[32m 39[2mms[22m[39m
2026-05-18T19:08:47.5545692Z      [32m✓[39m clamps cells with no completions to count = 0[32m 55[2mms[22m[39m
2026-05-18T19:08:47.5546608Z [31m     [31m×[31m respects a custom weeks count[39m[32m 36[2mms[22m[39m
2026-05-18T19:08:47.5547902Z  [32m✓[39m src/utils/__tests__/medicationBuiltInHabit.test.ts [2m([22m[2m6 tests[22m[2m)[22m[32m 9[2mms[22m[39m
2026-05-18T19:08:47.9152602Z  [32m✓[39m src/theme/__tests__/PrismThemeProvider.test.tsx [2m([22m[2m3 tests[22m[2m)[22m[32m 97[2mms[22m[39m
2026-05-18T19:08:48.9902804Z  [32m✓[39m src/stores/__tests__/medicationRefillsStore.test.ts [2m([22m[2m3 tests[22m[2m)[22m[32m 8[2mms[22m[39m
2026-05-18T19:08:49.1928633Z  [32m✓[39m src/api/__tests__/pomodoroCoaching.test.ts [2m([22m[2m3 tests[22m[2m)[22m[32m 9[2mms[22m[39m
2026-05-18T19:08:50.0546817Z  [32m✓[39m src/utils/__tests__/goodEnoughTimer.test.ts [2m([22m[2m7 tests[22m[2m)[22m[32m 6[2mms[22m[39m
2026-05-18T19:08:50.3626189Z  [32m✓[39m src/utils/__tests__/export.test.ts [2m([22m[2m8 tests[22m[2m)[22m[33m 1458[2mms[22m[39m
2026-05-18T19:08:50.3627175Z        [33m[2m✓[22m[39m can construct a valid export object [33m 1451[2mms[22m[39m
2026-05-18T19:08:50.3658287Z 
2026-05-18T19:08:50.3659106Z [31m⎯⎯⎯⎯⎯⎯⎯[39m[1m[41m Failed Tests 2 [49m[22m[31m⎯⎯⎯⎯⎯⎯⎯[39m
2026-05-18T19:08:50.3659541Z 
2026-05-18T19:08:50.3663425Z [41m[1m FAIL [22m[49m src/components/__tests__/ContributionGrid.test.tsx[2m > [22mContributionGrid[2m > [22mrenders 12 weeks of cells by default (7 rows × 12 columns)
2026-05-18T19:08:50.3667711Z [31m[1mAssertionError[22m: expected 78 to be greater than or equal to 79[39m
2026-05-18T19:08:50.3668811Z [36m [2m❯[22m src/components/__tests__/ContributionGrid.test.tsx:[2m36:26[22m[39m
2026-05-18T19:08:50.3698812Z     [90m 34|[39m     [90m// count is ≤ 84 and ≥ 79 (12 weeks − up to 5 future days).[39m
2026-05-18T19:08:50.3699926Z     [90m 35|[39m     [34mexpect[39m(cells[33m.[39mlength)[33m.[39m[34mtoBeLessThanOrEqual[39m([34m84[39m)[33m;[39m
2026-05-18T19:08:50.3701486Z     [90m 36|[39m     [34mexpect[39m(cells[33m.[39mlength)[33m.[39m[34mtoBeGreaterThanOrEqual[39m([34m79[39m)[33m;[39m
2026-05-18T19:08:50.3702439Z     [90m   |[39m                          [31m^[39m
2026-05-18T19:08:50.3702815Z     [90m 37|[39m   })[33m;[39m
2026-05-18T19:08:50.3703142Z     [90m 38|[39m
2026-05-18T19:08:50.3703332Z 
2026-05-18T19:08:50.3703697Z [31m[2m⎯⎯⎯⎯⎯⎯⎯⎯⎯⎯⎯⎯⎯⎯⎯⎯⎯⎯⎯⎯⎯⎯⎯⎯[1/2]⎯[22m[39m
2026-05-18T19:08:50.3704004Z 
2026-05-18T19:08:50.3704954Z [41m[1m FAIL [22m[49m src/components/__tests__/ContributionGrid.test.tsx[2m > [22mContributionGrid[2m > [22mrespects a custom weeks count
2026-05-18T19:08:50.3705782Z [31m[1mAssertionError[22m: expected 22 to be greater than or equal to 23[39m
2026-05-18T19:08:50.3706435Z [36m [2m❯[22m src/components/__tests__/ContributionGrid.test.tsx:[2m81:26[22m[39m
2026-05-18T19:08:50.3707040Z     [90m 79|[39m     // 4 weeks = at most 28 days, at least 23 (4 × 7 minus future spac…
2026-05-18T19:08:50.3707827Z     [90m 80|[39m     [34mexpect[39m(cells[33m.[39mlength)[33m.[39m[34mtoBeLessThanOrEqual[39m([34m28[39m)[33m;[39m
2026-05-18T19:08:50.3708719Z     [90m 81|[39m     [34mexpect[39m(cells[33m.[39mlength)[33m.[39m[34mtoBeGreaterThanOrEqual[39m([34m23[39m)[33m;[39m
2026-05-18T19:08:50.3709275Z     [90m   |[39m                          [31m^[39m
2026-05-18T19:08:50.3709598Z     [90m 82|[39m   })[33m;[39m
2026-05-18T19:08:50.3709878Z     [90m 83|[39m })[33m;[39m
2026-05-18T19:08:50.3710034Z 
2026-05-18T19:08:50.3710251Z [31m[2m⎯⎯⎯⎯⎯⎯⎯⎯⎯⎯⎯⎯⎯⎯⎯⎯⎯⎯⎯⎯⎯⎯⎯⎯[2/2]⎯[22m[39m
2026-05-18T19:08:50.3710433Z 
2026-05-18T19:08:50.3710457Z 
2026-05-18T19:08:50.3716649Z [2m Test Files [22m [1m[31m1 failed[39m[22m[2m | [22m[1m[32m47 passed[39m[22m[90m (48)[39m
2026-05-18T19:08:50.3719925Z [2m      Tests [22m [1m[31m2 failed[39m[22m[2m | [22m[1m[32m559 passed[39m[22m[90m (561)[39m
2026-05-18T19:08:50.3720830Z [2m   Start at [22m 19:08:20
2026-05-18T19:08:50.3722584Z [2m   Duration [22m 30.12s[2m (transform 1.49s, setup 5.55s, import 21.36s, tests 5.27s, environment 46.96s)[22m
2026-05-18T19:08:50.3724810Z 
2026-05-18T19:08:50.3740362Z 
2026-05-18T19:08:50.3760409Z ##[error]AssertionError: expected 78 to be greater than or equal to 79
 ❯ src/components/__tests__/ContributionGrid.test.tsx:36:26


2026-05-18T19:08:50.3767779Z 
2026-05-18T19:08:50.3769834Z ##[error]AssertionError: expected 22 to be greater than or equal to 23
 ❯ src/components/__tests__/ContributionGrid.test.tsx:81:26


2026-05-18T19:08:50.4267900Z ##[error]Process completed with exit code 1.
2026-05-18T19:08:50.4341223Z Post job cleanup.
2026-05-18T19:08:50.4420289Z Post job cleanup.
2026-05-18T19:08:50.5298954Z [command]/usr/bin/git version
2026-05-18T19:08:50.5335184Z git version 2.54.0
2026-05-18T19:08:50.5372007Z Temporarily overriding HOME='/home/runner/work/_temp/6c8b2e98-b788-4bac-8909-d74c8fac90f1' before making global git config changes
2026-05-18T19:08:50.5373309Z Adding repository directory to the temporary git global config as a safe directory
2026-05-18T19:08:50.5377506Z [command]/usr/bin/git config --global --add safe.directory /home/runner/work/prismTask/prismTask
2026-05-18T19:08:50.5408946Z Removing SSH command configuration
2026-05-18T19:08:50.5415223Z [command]/usr/bin/git config --local --name-only --get-regexp core\.sshCommand
2026-05-18T19:08:50.5449598Z [command]/usr/bin/git submodule foreach --recursive sh -c "git config --local --name-only --get-regexp 'core\.sshCommand' && git config --local --unset-all 'core.sshCommand' || :"
2026-05-18T19:08:50.5687030Z Removing HTTP extra header
2026-05-18T19:08:50.5692373Z [command]/usr/bin/git config --local --name-only --get-regexp http\.https\:\/\/github\.com\/\.extraheader
2026-05-18T19:08:50.5727683Z [command]/usr/bin/git submodule foreach --recursive sh -c "git config --local --name-only --get-regexp 'http\.https\:\/\/github\.com\/\.extraheader' && git config --local --unset-all 'http.https://github.com/.extraheader' || :"
2026-05-18T19:08:50.5985689Z Removing includeIf entries pointing to credentials config files
2026-05-18T19:08:50.5993570Z [command]/usr/bin/git config --local --name-only --get-regexp ^includeIf\.gitdir:
2026-05-18T19:08:50.6021958Z includeif.gitdir:/home/runner/work/prismTask/prismTask/.git.path
2026-05-18T19:08:50.6023174Z includeif.gitdir:/home/runner/work/prismTask/prismTask/.git/worktrees/*.path
2026-05-18T19:08:50.6024272Z includeif.gitdir:/github/workspace/.git.path
2026-05-18T19:08:50.6025328Z includeif.gitdir:/github/workspace/.git/worktrees/*.path
2026-05-18T19:08:50.6031581Z [command]/usr/bin/git config --local --get-all includeif.gitdir:/home/runner/work/prismTask/prismTask/.git.path
2026-05-18T19:08:50.6055574Z /home/runner/work/_temp/git-credentials-5a076483-4514-415b-bd25-1f29cf78f9ce.config
2026-05-18T19:08:50.6067392Z [command]/usr/bin/git config --local --unset includeif.gitdir:/home/runner/work/prismTask/prismTask/.git.path /home/runner/work/_temp/git-credentials-5a076483-4514-415b-bd25-1f29cf78f9ce.config
2026-05-18T19:08:50.6104713Z [command]/usr/bin/git config --local --get-all includeif.gitdir:/home/runner/work/prismTask/prismTask/.git/worktrees/*.path
2026-05-18T19:08:50.6127808Z /home/runner/work/_temp/git-credentials-5a076483-4514-415b-bd25-1f29cf78f9ce.config
2026-05-18T19:08:50.6137351Z [command]/usr/bin/git config --local --unset includeif.gitdir:/home/runner/work/prismTask/prismTask/.git/worktrees/*.path /home/runner/work/_temp/git-credentials-5a076483-4514-415b-bd25-1f29cf78f9ce.config
2026-05-18T19:08:50.6170176Z [command]/usr/bin/git config --local --get-all includeif.gitdir:/github/workspace/.git.path
2026-05-18T19:08:50.6193606Z /github/runner_temp/git-credentials-5a076483-4514-415b-bd25-1f29cf78f9ce.config
2026-05-18T19:08:50.6203908Z [command]/usr/bin/git config --local --unset includeif.gitdir:/github/workspace/.git.path /github/runner_temp/git-credentials-5a076483-4514-415b-bd25-1f29cf78f9ce.config
2026-05-18T19:08:50.6240041Z [command]/usr/bin/git config --local --get-all includeif.gitdir:/github/workspace/.git/worktrees/*.path
2026-05-18T19:08:50.6263664Z /github/runner_temp/git-credentials-5a076483-4514-415b-bd25-1f29cf78f9ce.config
2026-05-18T19:08:50.6273948Z [command]/usr/bin/git config --local --unset includeif.gitdir:/github/workspace/.git/worktrees/*.path /github/runner_temp/git-credentials-5a076483-4514-415b-bd25-1f29cf78f9ce.config
2026-05-18T19:08:50.6312083Z [command]/usr/bin/git submodule foreach --recursive git config --local --show-origin --name-only --get-regexp remote.origin.url
2026-05-18T19:08:50.6573043Z Removing credentials config '/home/runner/work/_temp/git-credentials-5a076483-4514-415b-bd25-1f29cf78f9ce.config'
2026-05-18T19:08:50.6708994Z Cleaning up orphan processes
2026-05-18T19:08:50.7010783Z ##[warning]Node.js 20 actions are deprecated. The following actions are running on Node.js 20 and may not work as expected: actions/setup-node@v4. Actions will be forced to run with Node.js 24 by default starting June 2nd, 2026. Node.js 20 will be removed from the runner on September 16th, 2026. Please check if updated versions of these actions are available that support Node.js 24. To opt into Node.js 24 now, set the FORCE_JAVASCRIPT_ACTIONS_TO_NODE24=true environment variable on the runner or in your workflow file. Once Node.js 24 becomes the default, you can temporarily opt out by setting ACTIONS_ALLOW_USE_UNSECURE_NODE_VERSION=true. For more information see: https://github.blog/changelog/2025-09-19-deprecation-of-node-20-on-github-actions-runners/


--- Job: web-lint-and-test (id 76599410988) ---
2026-05-18T19:08:59.6250456Z Current runner version: '2.334.0'
2026-05-18T19:08:59.6274500Z ##[group]Runner Image Provisioner
2026-05-18T19:08:59.6275287Z Hosted Compute Agent
2026-05-18T19:08:59.6275871Z Version: 20260213.493
2026-05-18T19:08:59.6276478Z Commit: 5c115507f6dd24b8de37d8bbe0bb4509d0cc0fa3
2026-05-18T19:08:59.6277241Z Build Date: 2026-02-13T00:28:41Z
2026-05-18T19:08:59.6278154Z Worker ID: {20dc5fac-ce55-41c8-83ca-b24d9e5029b5}
2026-05-18T19:08:59.6278904Z Azure Region: centralus
2026-05-18T19:08:59.6279512Z ##[endgroup]
2026-05-18T19:08:59.6280806Z ##[group]Operating System
2026-05-18T19:08:59.6281511Z Ubuntu
2026-05-18T19:08:59.6282074Z 24.04.4
2026-05-18T19:08:59.6282734Z LTS
2026-05-18T19:08:59.6283281Z ##[endgroup]
2026-05-18T19:08:59.6284146Z ##[group]Runner Image
2026-05-18T19:08:59.6285039Z Image: ubuntu-24.04
2026-05-18T19:08:59.6285727Z Version: 20260513.135.3
2026-05-18T19:08:59.6287649Z Included Software: https://github.com/actions/runner-images/blob/ubuntu24/20260513.135/images/ubuntu/Ubuntu2404-Readme.md
2026-05-18T19:08:59.6290602Z Image Release: https://github.com/actions/runner-images/releases/tag/ubuntu24%2F20260513.135
2026-05-18T19:08:59.6292039Z ##[endgroup]
2026-05-18T19:08:59.6293889Z ##[group]GITHUB_TOKEN Permissions
2026-05-18T19:08:59.6296993Z Actions: read
2026-05-18T19:08:59.6298034Z Checks: read
2026-05-18T19:08:59.6298799Z Contents: write
2026-05-18T19:08:59.6299684Z Metadata: read
2026-05-18T19:08:59.6300373Z ##[endgroup]
2026-05-18T19:08:59.6303488Z Secret source: Actions
2026-05-18T19:08:59.6304739Z Prepare workflow directory
2026-05-18T19:08:59.6670412Z Prepare all required actions
2026-05-18T19:08:59.6767344Z Complete job name: web-lint-and-test
2026-05-18T19:08:59.7814917Z ##[group]Run if [ 'success' != 'success' ]; then
2026-05-18T19:08:59.7816117Z [36;1mif [ 'success' != 'success' ]; then[0m
2026-05-18T19:08:59.7817262Z [36;1m  echo "web-lint finished with success" >&2[0m
2026-05-18T19:08:59.7818638Z [36;1m  exit 1[0m
2026-05-18T19:08:59.7819443Z [36;1mfi[0m
2026-05-18T19:08:59.7820240Z [36;1mif [ 'failure' != 'success' ]; then[0m
2026-05-18T19:08:59.7821322Z [36;1m  echo "web-unit-tests finished with failure" >&2[0m
2026-05-18T19:08:59.7822284Z [36;1m  exit 1[0m
2026-05-18T19:08:59.7823171Z [36;1mfi[0m
2026-05-18T19:08:59.7823867Z [36;1mif [ 'success' != 'success' ]; then[0m
2026-05-18T19:08:59.7824908Z [36;1m  echo "web-build finished with success" >&2[0m
2026-05-18T19:08:59.7826019Z [36;1m  exit 1[0m
2026-05-18T19:08:59.7826668Z [36;1mfi[0m
2026-05-18T19:08:59.7827890Z [36;1mecho "✓ Split web lint, unit-test shards, and build passed."[0m
2026-05-18T19:08:59.8223864Z shell: /usr/bin/bash -e {0}
2026-05-18T19:08:59.8225573Z ##[endgroup]
2026-05-18T19:08:59.8491208Z web-unit-tests finished with failure
2026-05-18T19:08:59.8526332Z ##[error]Process completed with exit code 1.
2026-05-18T19:08:59.8782486Z Cleaning up orphan processes
