=== CI FAILURE ===
Workflow:      Web CI
Workflow file: averycorp/prismTask/.github/workflows/web-ci.yml@refs/pull/1648/merge
Job(s):        web-unit-tests (3, 3), web-lint-and-test
Run ID:        26048078509
Run attempt:   1
Run URL:       https://github.com/averycorp/prismTask/actions/runs/26048078509
Commit:        9fa86f386b6d071c4dc8e7344ef6522b14bf343c
Branch:        1648/merge
Event:         pull_request
Actor:         akarlin3
Runner OS:     Linux
Timestamp:     2026-05-18T17:03:07.502Z

Failed steps:
  - web-unit-tests (3, 3): #5 Run Vitest shard 3/3
  - web-lint-and-test: #2 Verify split web checks

=== FAILED JOB LOG ===

--- Job: web-unit-tests (3, 3) (id 76577413583) ---
2026-05-18T17:01:59.4851211Z Current runner version: '2.334.0'
2026-05-18T17:01:59.4875916Z ##[group]Runner Image Provisioner
2026-05-18T17:01:59.4876632Z Hosted Compute Agent
2026-05-18T17:01:59.4877105Z Version: 20260213.493
2026-05-18T17:01:59.4877678Z Commit: 5c115507f6dd24b8de37d8bbe0bb4509d0cc0fa3
2026-05-18T17:01:59.4878305Z Build Date: 2026-02-13T00:28:41Z
2026-05-18T17:01:59.4878856Z Worker ID: {26a93dcd-29be-4f21-8346-20376bb5f352}
2026-05-18T17:01:59.4879489Z Azure Region: westus3
2026-05-18T17:01:59.4880000Z ##[endgroup]
2026-05-18T17:01:59.4881284Z ##[group]Operating System
2026-05-18T17:01:59.4881853Z Ubuntu
2026-05-18T17:01:59.4882388Z 24.04.4
2026-05-18T17:01:59.4882864Z LTS
2026-05-18T17:01:59.4883282Z ##[endgroup]
2026-05-18T17:01:59.4883773Z ##[group]Runner Image
2026-05-18T17:01:59.4884244Z Image: ubuntu-24.04
2026-05-18T17:01:59.4884714Z Version: 20260513.135.3
2026-05-18T17:01:59.4885789Z Included Software: https://github.com/actions/runner-images/blob/ubuntu24/20260513.135/images/ubuntu/Ubuntu2404-Readme.md
2026-05-18T17:01:59.4887168Z Image Release: https://github.com/actions/runner-images/releases/tag/ubuntu24%2F20260513.135
2026-05-18T17:01:59.4887924Z ##[endgroup]
2026-05-18T17:01:59.4889016Z ##[group]GITHUB_TOKEN Permissions
2026-05-18T17:01:59.4890956Z Actions: read
2026-05-18T17:01:59.4891440Z Checks: read
2026-05-18T17:01:59.4891839Z Contents: write
2026-05-18T17:01:59.4892568Z Metadata: read
2026-05-18T17:01:59.4892982Z ##[endgroup]
2026-05-18T17:01:59.4894971Z Secret source: Actions
2026-05-18T17:01:59.4895641Z Prepare workflow directory
2026-05-18T17:01:59.5277961Z Prepare all required actions
2026-05-18T17:01:59.5317077Z Getting action download info
2026-05-18T17:02:00.0093386Z Download action repository 'actions/checkout@v6' (SHA:de0fac2e4500dabe0009e67214ff5f5447ce83dd)
2026-05-18T17:02:00.1849977Z Complete job name: web-unit-tests (3, 3)
2026-05-18T17:02:00.2432471Z ##[group]Run actions/checkout@v6
2026-05-18T17:02:00.2433360Z with:
2026-05-18T17:02:00.2433864Z   repository: averycorp/prismTask
2026-05-18T17:02:00.2434639Z   token: ***
2026-05-18T17:02:00.2435023Z   ssh-strict: true
2026-05-18T17:02:00.2435496Z   ssh-user: git
2026-05-18T17:02:00.2435923Z   persist-credentials: true
2026-05-18T17:02:00.2436362Z   clean: true
2026-05-18T17:02:00.2436807Z   sparse-checkout-cone-mode: true
2026-05-18T17:02:00.2437277Z   fetch-depth: 1
2026-05-18T17:02:00.2437696Z   fetch-tags: false
2026-05-18T17:02:00.2438120Z   show-progress: true
2026-05-18T17:02:00.2438562Z   lfs: false
2026-05-18T17:02:00.2438930Z   submodules: false
2026-05-18T17:02:00.2439373Z   set-safe-directory: true
2026-05-18T17:02:00.2440093Z ##[endgroup]
2026-05-18T17:02:00.3478926Z Syncing repository: averycorp/prismTask
2026-05-18T17:02:00.3480749Z ##[group]Getting Git version info
2026-05-18T17:02:00.3481407Z Working directory is '/home/runner/work/prismTask/prismTask'
2026-05-18T17:02:00.3482846Z [command]/usr/bin/git version
2026-05-18T17:02:00.3531908Z git version 2.54.0
2026-05-18T17:02:00.3552440Z ##[endgroup]
2026-05-18T17:02:00.3565934Z Temporarily overriding HOME='/home/runner/work/_temp/f88620ba-7e21-478e-8642-a27b4e494165' before making global git config changes
2026-05-18T17:02:00.3567696Z Adding repository directory to the temporary git global config as a safe directory
2026-05-18T17:02:00.3570966Z [command]/usr/bin/git config --global --add safe.directory /home/runner/work/prismTask/prismTask
2026-05-18T17:02:00.3619439Z Deleting the contents of '/home/runner/work/prismTask/prismTask'
2026-05-18T17:02:00.3621032Z ##[group]Initializing the repository
2026-05-18T17:02:00.3626239Z [command]/usr/bin/git init /home/runner/work/prismTask/prismTask
2026-05-18T17:02:00.3710559Z hint: Using 'master' as the name for the initial branch. This default branch name
2026-05-18T17:02:00.3711517Z hint: will change to "main" in Git 3.0. To configure the initial branch name
2026-05-18T17:02:00.3712537Z hint: to use in all of your new repositories, which will suppress this warning,
2026-05-18T17:02:00.3713321Z hint: call:
2026-05-18T17:02:00.3713686Z hint:
2026-05-18T17:02:00.3714615Z hint: 	git config --global init.defaultBranch <name>
2026-05-18T17:02:00.3715661Z hint:
2026-05-18T17:02:00.3716560Z hint: Names commonly chosen instead of 'master' are 'main', 'trunk' and
2026-05-18T17:02:00.3717557Z hint: 'development'. The just-created branch can be renamed via this command:
2026-05-18T17:02:00.3718428Z hint:
2026-05-18T17:02:00.3719160Z hint: 	git branch -m <name>
2026-05-18T17:02:00.3719746Z hint:
2026-05-18T17:02:00.3720617Z hint: Disable this message with "git config set advice.defaultBranchName false"
2026-05-18T17:02:00.3721575Z Initialized empty Git repository in /home/runner/work/prismTask/prismTask/.git/
2026-05-18T17:02:00.3726278Z [command]/usr/bin/git remote add origin https://github.com/averycorp/prismTask
2026-05-18T17:02:00.3761613Z ##[endgroup]
2026-05-18T17:02:00.3762579Z ##[group]Disabling automatic garbage collection
2026-05-18T17:02:00.3765885Z [command]/usr/bin/git config --local gc.auto 0
2026-05-18T17:02:00.3789049Z ##[endgroup]
2026-05-18T17:02:00.3789931Z ##[group]Setting up auth
2026-05-18T17:02:00.3790776Z Removing SSH command configuration
2026-05-18T17:02:00.3796645Z [command]/usr/bin/git config --local --name-only --get-regexp core\.sshCommand
2026-05-18T17:02:00.3828366Z [command]/usr/bin/git submodule foreach --recursive sh -c "git config --local --name-only --get-regexp 'core\.sshCommand' && git config --local --unset-all 'core.sshCommand' || :"
2026-05-18T17:02:00.4105679Z Removing HTTP extra header
2026-05-18T17:02:00.4112547Z [command]/usr/bin/git config --local --name-only --get-regexp http\.https\:\/\/github\.com\/\.extraheader
2026-05-18T17:02:00.4141453Z [command]/usr/bin/git submodule foreach --recursive sh -c "git config --local --name-only --get-regexp 'http\.https\:\/\/github\.com\/\.extraheader' && git config --local --unset-all 'http.https://github.com/.extraheader' || :"
2026-05-18T17:02:00.4310149Z Removing includeIf entries pointing to credentials config files
2026-05-18T17:02:00.4316941Z [command]/usr/bin/git config --local --name-only --get-regexp ^includeIf\.gitdir:
2026-05-18T17:02:00.4343757Z [command]/usr/bin/git submodule foreach --recursive git config --local --show-origin --name-only --get-regexp remote.origin.url
2026-05-18T17:02:00.4638657Z [command]/usr/bin/git config --file /home/runner/work/_temp/git-credentials-c3decd9b-0d70-4a61-9663-d588ea70fac9.config http.https://github.com/.extraheader AUTHORIZATION: basic ***
2026-05-18T17:02:00.4643205Z [command]/usr/bin/git config --local includeIf.gitdir:/home/runner/work/prismTask/prismTask/.git.path /home/runner/work/_temp/git-credentials-c3decd9b-0d70-4a61-9663-d588ea70fac9.config
2026-05-18T17:02:00.4648408Z [command]/usr/bin/git config --local includeIf.gitdir:/home/runner/work/prismTask/prismTask/.git/worktrees/*.path /home/runner/work/_temp/git-credentials-c3decd9b-0d70-4a61-9663-d588ea70fac9.config
2026-05-18T17:02:00.4650985Z [command]/usr/bin/git config --local includeIf.gitdir:/github/workspace/.git.path /github/runner_temp/git-credentials-c3decd9b-0d70-4a61-9663-d588ea70fac9.config
2026-05-18T17:02:00.4675370Z [command]/usr/bin/git config --local includeIf.gitdir:/github/workspace/.git/worktrees/*.path /github/runner_temp/git-credentials-c3decd9b-0d70-4a61-9663-d588ea70fac9.config
2026-05-18T17:02:00.4688615Z ##[endgroup]
2026-05-18T17:02:00.4689703Z ##[group]Fetching the repository
2026-05-18T17:02:00.4697720Z [command]/usr/bin/git -c protocol.version=2 fetch --no-tags --prune --no-recurse-submodules --depth=1 origin +9fa86f386b6d071c4dc8e7344ef6522b14bf343c:refs/remotes/pull/1648/merge
2026-05-18T17:02:02.4069832Z From https://github.com/averycorp/prismTask
2026-05-18T17:02:02.4072647Z  * [new ref]         9fa86f386b6d071c4dc8e7344ef6522b14bf343c -> pull/1648/merge
2026-05-18T17:02:02.4101222Z ##[endgroup]
2026-05-18T17:02:02.4102755Z ##[group]Determining the checkout info
2026-05-18T17:02:02.4104325Z ##[endgroup]
2026-05-18T17:02:02.4107449Z [command]/usr/bin/git sparse-checkout disable
2026-05-18T17:02:02.4148132Z [command]/usr/bin/git config --local --unset-all extensions.worktreeConfig
2026-05-18T17:02:02.4171347Z ##[group]Checking out the ref
2026-05-18T17:02:02.4173974Z [command]/usr/bin/git checkout --progress --force refs/remotes/pull/1648/merge
2026-05-18T17:02:02.6794233Z Note: switching to 'refs/remotes/pull/1648/merge'.
2026-05-18T17:02:02.6795357Z 
2026-05-18T17:02:02.6796598Z You are in 'detached HEAD' state. You can look around, make experimental
2026-05-18T17:02:02.6797591Z changes and commit them, and you can discard any commits you make in this
2026-05-18T17:02:02.6798901Z state without impacting any branches by switching back to a branch.
2026-05-18T17:02:02.6799371Z 
2026-05-18T17:02:02.6799714Z If you want to create a new branch to retain commits you create, you may
2026-05-18T17:02:02.6800416Z do so (now or later) by using -c with the switch command. Example:
2026-05-18T17:02:02.6800746Z 
2026-05-18T17:02:02.6800881Z   git switch -c <new-branch-name>
2026-05-18T17:02:02.6801069Z 
2026-05-18T17:02:02.6801230Z Or undo this operation with:
2026-05-18T17:02:02.6801441Z 
2026-05-18T17:02:02.6801549Z   git switch -
2026-05-18T17:02:02.6801718Z 
2026-05-18T17:02:02.6801957Z Turn off this advice by setting config variable advice.detachedHead to false
2026-05-18T17:02:02.6802980Z 
2026-05-18T17:02:02.6803375Z HEAD is now at 9fa86f3 Merge b817b8dea09d0790371d1e758041124183d446b2 into 3cf8d44f1aa20a05c33ff2047d16d749f3ec7bab
2026-05-18T17:02:02.6810118Z ##[endgroup]
2026-05-18T17:02:02.6850011Z [command]/usr/bin/git log -1 --format=%H
2026-05-18T17:02:02.6870731Z 9fa86f386b6d071c4dc8e7344ef6522b14bf343c
2026-05-18T17:02:02.7171519Z Prepare all required actions
2026-05-18T17:02:02.7172522Z Getting action download info
2026-05-18T17:02:02.9074155Z Download action repository 'actions/setup-node@v4' (SHA:49933ea5288caeca8642d1e84afbd3f7d6820020)
2026-05-18T17:02:02.9878584Z ##[group]Run ./.github/actions/setup-node-web
2026-05-18T17:02:02.9878923Z ##[endgroup]
2026-05-18T17:02:03.0006138Z ##[group]Run actions/setup-node@v4
2026-05-18T17:02:03.0006484Z with:
2026-05-18T17:02:03.0006736Z   node-version: 22
2026-05-18T17:02:03.0006959Z   cache: npm
2026-05-18T17:02:03.0007202Z   cache-dependency-path: web/package-lock.json
2026-05-18T17:02:03.0007517Z   always-auth: false
2026-05-18T17:02:03.0007743Z   check-latest: false
2026-05-18T17:02:03.0008153Z   token: ***
2026-05-18T17:02:03.0008363Z ##[endgroup]
2026-05-18T17:02:03.1775242Z Found in cache @ /opt/hostedtoolcache/node/22.22.2/x64
2026-05-18T17:02:03.1781927Z ##[group]Environment details
2026-05-18T17:02:05.5455056Z node: v22.22.2
2026-05-18T17:02:05.5455538Z npm: 10.9.7
2026-05-18T17:02:05.5455801Z yarn: 1.22.22
2026-05-18T17:02:05.5456508Z ##[endgroup]
2026-05-18T17:02:05.5477269Z [command]/opt/hostedtoolcache/node/22.22.2/x64/bin/npm config get cache
2026-05-18T17:02:05.7332154Z /home/runner/.npm
2026-05-18T17:02:05.9957866Z npm cache is not found
2026-05-18T17:02:06.0091130Z ##[group]Run npm ci
2026-05-18T17:02:06.0091438Z [36;1mnpm ci[0m
2026-05-18T17:02:06.0127613Z shell: /usr/bin/bash --noprofile --norc -e -o pipefail {0}
2026-05-18T17:02:06.0127980Z ##[endgroup]
2026-05-18T17:02:16.4553899Z 
2026-05-18T17:02:16.4563461Z added 435 packages, and audited 436 packages in 10s
2026-05-18T17:02:16.4564025Z 
2026-05-18T17:02:16.4564358Z 94 packages are looking for funding
2026-05-18T17:02:16.4564810Z   run `npm fund` for details
2026-05-18T17:02:16.4627012Z 
2026-05-18T17:02:16.4627656Z 4 vulnerabilities (3 moderate, 1 critical)
2026-05-18T17:02:16.4628047Z 
2026-05-18T17:02:16.4628275Z To address all issues, run:
2026-05-18T17:02:16.4628654Z   npm audit fix
2026-05-18T17:02:16.4628907Z 
2026-05-18T17:02:16.4629090Z Run `npm audit` for details.
2026-05-18T17:02:16.5098721Z ##[group]Run npm run test:run -- --shard=3/3
2026-05-18T17:02:16.5099149Z [36;1mnpm run test:run -- --shard=3/3[0m
2026-05-18T17:02:16.5121722Z shell: /usr/bin/bash -e {0}
2026-05-18T17:02:16.5121973Z ##[endgroup]
2026-05-18T17:02:16.6053786Z 
2026-05-18T17:02:16.6054783Z > web@2.0.0 test:run
2026-05-18T17:02:16.6055472Z > vitest run --pool=threads --shard=3/3
2026-05-18T17:02:16.6056206Z 
2026-05-18T17:02:16.9196571Z 
2026-05-18T17:02:16.9200350Z [1m[30m[46m RUN [49m[39m[22m [36mv4.1.5 [39m[90m/home/runner/work/prismTask/prismTask/web[39m
2026-05-18T17:02:16.9222735Z 
2026-05-18T17:02:18.4291995Z  [32m✓[39m src/utils/__tests__/nlp.test.ts [2m([22m[2m81 tests[22m[2m)[22m[32m 38[2mms[22m[39m
2026-05-18T17:02:18.6744295Z  [32m✓[39m src/stores/__tests__/configFamilyStores.test.ts [2m([22m[2m18 tests[22m[2m)[22m[32m 30[2mms[22m[39m
2026-05-18T17:02:19.8251547Z  [32m✓[39m src/utils/__tests__/projectBurndown.test.ts [2m([22m[2m10 tests[22m[2m)[22m[32m 13[2mms[22m[39m
2026-05-18T17:02:19.9245341Z  [32m✓[39m src/utils/__tests__/streaks.test.ts [2m([22m[2m36 tests[22m[2m)[22m[32m 92[2mms[22m[39m
2026-05-18T17:02:21.0072857Z  [32m✓[39m src/utils/__tests__/recurrence.test.ts [2m([22m[2m42 tests[22m[2m)[22m[32m 89[2mms[22m[39m
2026-05-18T17:02:21.2704278Z  [32m✓[39m src/stores/__tests__/dashboardStore.test.ts [2m([22m[2m10 tests[22m[2m)[22m[32m 17[2mms[22m[39m
2026-05-18T17:02:21.8446645Z  [32m✓[39m src/features/today/__tests__/RestDayBanner.test.tsx [2m([22m[2m7 tests[22m[2m)[22m[33m 556[2mms[22m[39m
2026-05-18T17:02:22.1695230Z  [32m✓[39m src/utils/__tests__/builtInHabitReconciler.test.ts [2m([22m[2m16 tests[22m[2m)[22m[32m 16[2mms[22m[39m
2026-05-18T17:02:22.4694413Z  [32m✓[39m src/lib/firestore/__tests__/safeMergeDoc.test.ts [2m([22m[2m9 tests[22m[2m)[22m[32m 16[2mms[22m[39m
2026-05-18T17:02:23.0518002Z  [32m✓[39m src/lib/__tests__/builtInHabitReconciler.test.ts [2m([22m[2m13 tests[22m[2m)[22m[32m 30[2mms[22m[39m
2026-05-18T17:02:23.4987643Z  [32m✓[39m src/features/batch/__tests__/batchApplier.medication.test.ts [2m([22m[2m8 tests[22m[2m)[22m[32m 12[2mms[22m[39m
2026-05-18T17:02:24.1874295Z  [32m✓[39m src/api/__tests__/leisure.test.ts [2m([22m[2m13 tests[22m[2m)[22m[32m 17[2mms[22m[39m
2026-05-18T17:02:24.6844292Z  [32m✓[39m src/api/firestore/__tests__/medicationSlots.test.ts [2m([22m[2m14 tests[22m[2m)[22m[32m 14[2mms[22m[39m
2026-05-18T17:02:25.3592262Z  [32m✓[39m src/stores/__tests__/habitStore.startOfDayHour.test.ts [2m([22m[2m3 tests[22m[2m)[22m[32m 8[2mms[22m[39m
2026-05-18T17:02:25.4310164Z  [32m✓[39m src/lib/__tests__/boundaryRuleParser.test.ts [2m([22m[2m22 tests[22m[2m)[22m[32m 16[2mms[22m[39m
2026-05-18T17:02:26.2846538Z  [32m✓[39m src/stores/__tests__/authStore.test.ts [2m([22m[2m5 tests[22m[2m)[22m[32m 12[2mms[22m[39m
2026-05-18T17:02:26.8065008Z  [32m✓[39m src/api/__tests__/aiFeatureGate.test.ts [2m([22m[2m16 tests[22m[2m)[22m[32m 36[2mms[22m[39m
2026-05-18T17:02:27.4408432Z  [32m✓[39m src/stores/__tests__/assignmentStore.test.ts [2m([22m[2m9 tests[22m[2m)[22m[32m 13[2mms[22m[39m
2026-05-18T17:02:27.8486329Z  [32m✓[39m src/utils/__tests__/urgency.test.ts [2m([22m[2m12 tests[22m[2m)[22m[32m 20[2mms[22m[39m
2026-05-18T17:02:28.9635163Z  [32m✓[39m src/components/__tests__/BuiltInUpdateBanner.test.tsx [2m([22m[2m10 tests[22m[2m)[22m[32m 275[2mms[22m[39m
2026-05-18T17:02:29.1194245Z  [32m✓[39m src/features/weeklyreview/__tests__/weeklyReviewContent.test.ts [2m([22m[2m14 tests[22m[2m)[22m[32m 19[2mms[22m[39m
2026-05-18T17:02:30.2264753Z  [32m✓[39m src/utils/__tests__/multiCreateDetector.test.ts [2m([22m[2m14 tests[22m[2m)[22m[32m 17[2mms[22m[39m
2026-05-18T17:02:30.2650488Z  [32m✓[39m src/features/today/__tests__/HabitsSection.test.tsx [2m([22m[2m5 tests[22m[2m)[22m[32m 270[2mms[22m[39m
2026-05-18T17:02:30.4067404Z  [32m✓[39m src/hooks/__tests__/useNdFeatureGate.test.ts [2m([22m[2m18 tests[22m[2m)[22m[32m 9[2mms[22m[39m
2026-05-18T17:02:32.5224131Z  [32m✓[39m src/utils/__tests__/streaks.advancedTuning.test.ts [2m([22m[2m3 tests[22m[2m)[22m[32m 24[2mms[22m[39m
2026-05-18T17:02:32.8669962Z  [32m✓[39m src/utils/__tests__/dates.test.ts [2m([22m[2m28 tests[22m[2m)[22m[32m 29[2mms[22m[39m
2026-05-18T17:02:33.7324541Z  [32m✓[39m src/features/tasks/__tests__/selectUnmetBlockerIds.test.ts [2m([22m[2m10 tests[22m[2m)[22m[32m 9[2mms[22m[39m
2026-05-18T17:02:34.1388486Z  [32m✓[39m src/api/firestore/__tests__/projectPhases.test.ts [2m([22m[2m5 tests[22m[2m)[22m[32m 9[2mms[22m[39m
2026-05-18T17:02:34.1583753Z  [32m✓[39m src/components/__tests__/HabitLogDialog.test.tsx [2m([22m[2m5 tests[22m[2m)[22m[33m 746[2mms[22m[39m
2026-05-18T17:02:34.9993921Z  [32m✓[39m src/api/__tests__/aiChat.test.ts [2m([22m[2m6 tests[22m[2m)[22m[32m 11[2mms[22m[39m
2026-05-18T17:02:35.3900067Z  [32m✓[39m src/api/firestore/__tests__/projectRisks.test.ts [2m([22m[2m7 tests[22m[2m)[22m[32m 9[2mms[22m[39m
2026-05-18T17:02:35.4703728Z  [32m✓[39m src/features/medication/__tests__/refillCalculator.test.ts [2m([22m[2m10 tests[22m[2m)[22m[32m 8[2mms[22m[39m
2026-05-18T17:02:36.2674202Z  [32m✓[39m src/api/firestore/__tests__/a11yPreferences.test.ts [2m([22m[2m7 tests[22m[2m)[22m[32m 12[2mms[22m[39m
2026-05-18T17:02:36.6007309Z  [32m✓[39m src/features/today/__tests__/BurnoutBadgeSection.test.ts [2m([22m[2m4 tests[22m[2m)[22m[32m 4[2mms[22m[39m
2026-05-18T17:02:36.6126078Z  [32m✓[39m src/api/firestore/__tests__/medicationSlots.lww.test.ts [2m([22m[2m4 tests[22m[2m)[22m[32m 13[2mms[22m[39m
2026-05-18T17:02:37.9684155Z  [32m✓[39m src/lib/idb/__tests__/database.test.ts [2m([22m[2m5 tests[22m[2m)[22m[32m 24[2mms[22m[39m
2026-05-18T17:02:38.5015829Z  [32m✓[39m src/components/__tests__/TaskConfirmModal.test.tsx [2m([22m[2m5 tests[22m[2m)[22m[33m 809[2mms[22m[39m
2026-05-18T17:02:38.5019900Z      [33m[2m✓[22m[39m saves the unmodified draft when the user taps Save [33m 319[2mms[22m[39m
2026-05-18T17:02:38.5021550Z      [33m[2m✓[22m[39m strips leading # and blank entries from the tags field [33m 318[2mms[22m[39m
2026-05-18T17:02:39.8455427Z  [32m✓[39m src/stores/__tests__/medicationSlotsStore.test.ts [2m([22m[2m4 tests[22m[2m)[22m[32m 9[2mms[22m[39m
2026-05-18T17:02:39.9742901Z  [32m✓[39m src/features/weeklyreview/__tests__/WeeklyReviewsListScreen.test.tsx [2m([22m[2m3 tests[22m[2m)[22m[32m 254[2mms[22m[39m
2026-05-18T17:02:40.9664411Z  [31m❯[39m src/components/__tests__/ContributionGrid.test.tsx [2m([22m[2m5 tests[22m[2m | [22m[31m2 failed[39m[2m)[22m[32m 265[2mms[22m[39m
2026-05-18T17:02:40.9681655Z      [32m✓[39m renders the configured title[32m 113[2mms[22m[39m
2026-05-18T17:02:40.9684997Z [31m     [31m×[31m renders 12 weeks of cells by default (7 rows × 12 columns)[39m[32m 32[2mms[22m[39m
2026-05-18T17:02:40.9686301Z      [32m✓[39m buckets recent completions into the grid by date[32m 53[2mms[22m[39m
2026-05-18T17:02:40.9687432Z      [32m✓[39m clamps cells with no completions to count = 0[32m 48[2mms[22m[39m
2026-05-18T17:02:40.9688407Z [31m     [31m×[31m respects a custom weeks count[39m[32m 16[2mms[22m[39m
2026-05-18T17:02:41.0473576Z  [32m✓[39m src/utils/__tests__/medicationBuiltInHabit.test.ts [2m([22m[2m6 tests[22m[2m)[22m[32m 5[2mms[22m[39m
2026-05-18T17:02:41.5458553Z  [32m✓[39m src/theme/__tests__/PrismThemeProvider.test.tsx [2m([22m[2m3 tests[22m[2m)[22m[32m 77[2mms[22m[39m
2026-05-18T17:02:42.3971127Z  [32m✓[39m src/stores/__tests__/medicationRefillsStore.test.ts [2m([22m[2m3 tests[22m[2m)[22m[32m 8[2mms[22m[39m
2026-05-18T17:02:42.7698773Z  [32m✓[39m src/api/__tests__/pomodoroCoaching.test.ts [2m([22m[2m3 tests[22m[2m)[22m[32m 6[2mms[22m[39m
2026-05-18T17:02:43.3646118Z  [32m✓[39m src/utils/__tests__/goodEnoughTimer.test.ts [2m([22m[2m7 tests[22m[2m)[22m[32m 5[2mms[22m[39m
2026-05-18T17:02:43.6001028Z  [32m✓[39m src/utils/__tests__/export.test.ts [2m([22m[2m8 tests[22m[2m)[22m[33m 1463[2mms[22m[39m
2026-05-18T17:02:43.6001731Z        [33m[2m✓[22m[39m can construct a valid export object [33m 1459[2mms[22m[39m
2026-05-18T17:02:43.6032251Z 
2026-05-18T17:02:43.6033417Z [31m⎯⎯⎯⎯⎯⎯⎯[39m[1m[41m Failed Tests 2 [49m[22m[31m⎯⎯⎯⎯⎯⎯⎯[39m
2026-05-18T17:02:43.6034253Z 
2026-05-18T17:02:43.6037522Z [41m[1m FAIL [22m[49m src/components/__tests__/ContributionGrid.test.tsx[2m > [22mContributionGrid[2m > [22mrenders 12 weeks of cells by default (7 rows × 12 columns)
2026-05-18T17:02:43.6042593Z [31m[1mAssertionError[22m: expected 78 to be greater than or equal to 79[39m
2026-05-18T17:02:43.6043770Z [36m [2m❯[22m src/components/__tests__/ContributionGrid.test.tsx:[2m36:26[22m[39m
2026-05-18T17:02:43.6073341Z     [90m 34|[39m     [90m// count is ≤ 84 and ≥ 79 (12 weeks − up to 5 future days).[39m
2026-05-18T17:02:43.6074583Z     [90m 35|[39m     [34mexpect[39m(cells[33m.[39mlength)[33m.[39m[34mtoBeLessThanOrEqual[39m([34m84[39m)[33m;[39m
2026-05-18T17:02:43.6076032Z     [90m 36|[39m     [34mexpect[39m(cells[33m.[39mlength)[33m.[39m[34mtoBeGreaterThanOrEqual[39m([34m79[39m)[33m;[39m
2026-05-18T17:02:43.6077033Z     [90m   |[39m                          [31m^[39m
2026-05-18T17:02:43.6077565Z     [90m 37|[39m   })[33m;[39m
2026-05-18T17:02:43.6077962Z     [90m 38|[39m
2026-05-18T17:02:43.6078142Z 
2026-05-18T17:02:43.6078554Z [31m[2m⎯⎯⎯⎯⎯⎯⎯⎯⎯⎯⎯⎯⎯⎯⎯⎯⎯⎯⎯⎯⎯⎯⎯⎯[1/2]⎯[22m[39m
2026-05-18T17:02:43.6078842Z 
2026-05-18T17:02:43.6079978Z [41m[1m FAIL [22m[49m src/components/__tests__/ContributionGrid.test.tsx[2m > [22mContributionGrid[2m > [22mrespects a custom weeks count
2026-05-18T17:02:43.6081408Z [31m[1mAssertionError[22m: expected 22 to be greater than or equal to 23[39m
2026-05-18T17:02:43.6082725Z [36m [2m❯[22m src/components/__tests__/ContributionGrid.test.tsx:[2m81:26[22m[39m
2026-05-18T17:02:43.6083763Z     [90m 79|[39m     // 4 weeks = at most 28 days, at least 23 (4 × 7 minus future spac…
2026-05-18T17:02:43.6084986Z     [90m 80|[39m     [34mexpect[39m(cells[33m.[39mlength)[33m.[39m[34mtoBeLessThanOrEqual[39m([34m28[39m)[33m;[39m
2026-05-18T17:02:43.6086377Z     [90m 81|[39m     [34mexpect[39m(cells[33m.[39mlength)[33m.[39m[34mtoBeGreaterThanOrEqual[39m([34m23[39m)[33m;[39m
2026-05-18T17:02:43.6087400Z     [90m   |[39m                          [31m^[39m
2026-05-18T17:02:43.6087920Z     [90m 82|[39m   })[33m;[39m
2026-05-18T17:02:43.6088417Z     [90m 83|[39m })[33m;[39m
2026-05-18T17:02:43.6088628Z 
2026-05-18T17:02:43.6089011Z [31m[2m⎯⎯⎯⎯⎯⎯⎯⎯⎯⎯⎯⎯⎯⎯⎯⎯⎯⎯⎯⎯⎯⎯⎯⎯[2/2]⎯[22m[39m
2026-05-18T17:02:43.6089309Z 
2026-05-18T17:02:43.6089361Z 
2026-05-18T17:02:43.6091670Z [2m Test Files [22m [1m[31m1 failed[39m[22m[2m | [22m[1m[32m45 passed[39m[22m[90m (46)[39m
2026-05-18T17:02:43.6095140Z [2m      Tests [22m [1m[31m2 failed[39m[22m[2m | [22m[1m[32m544 passed[39m[22m[90m (546)[39m
2026-05-18T17:02:43.6095949Z [2m   Start at [22m 17:02:16
2026-05-18T17:02:43.6097077Z [2m   Duration [22m 26.66s[2m (transform 1.24s, setup 5.10s, import 18.95s, tests 5.44s, environment 41.25s)[22m
2026-05-18T17:02:43.6099478Z 
2026-05-18T17:02:43.6113676Z 
2026-05-18T17:02:43.6135230Z ##[error]AssertionError: expected 78 to be greater than or equal to 79
 ❯ src/components/__tests__/ContributionGrid.test.tsx:36:26


2026-05-18T17:02:43.6143195Z 
2026-05-18T17:02:43.6145638Z ##[error]AssertionError: expected 22 to be greater than or equal to 23
 ❯ src/components/__tests__/ContributionGrid.test.tsx:81:26


2026-05-18T17:02:43.6470276Z ##[error]Process completed with exit code 1.
2026-05-18T17:02:43.6539290Z Post job cleanup.
2026-05-18T17:02:43.6615138Z Post job cleanup.
2026-05-18T17:02:43.7436005Z [command]/usr/bin/git version
2026-05-18T17:02:43.7468501Z git version 2.54.0
2026-05-18T17:02:43.7506155Z Temporarily overriding HOME='/home/runner/work/_temp/97f58eb3-bc2a-4896-b513-edbf4a9bf5ef' before making global git config changes
2026-05-18T17:02:43.7507569Z Adding repository directory to the temporary git global config as a safe directory
2026-05-18T17:02:43.7512222Z [command]/usr/bin/git config --global --add safe.directory /home/runner/work/prismTask/prismTask
2026-05-18T17:02:43.7539247Z Removing SSH command configuration
2026-05-18T17:02:43.7545875Z [command]/usr/bin/git config --local --name-only --get-regexp core\.sshCommand
2026-05-18T17:02:43.7574649Z [command]/usr/bin/git submodule foreach --recursive sh -c "git config --local --name-only --get-regexp 'core\.sshCommand' && git config --local --unset-all 'core.sshCommand' || :"
2026-05-18T17:02:43.7750035Z Removing HTTP extra header
2026-05-18T17:02:43.7756073Z [command]/usr/bin/git config --local --name-only --get-regexp http\.https\:\/\/github\.com\/\.extraheader
2026-05-18T17:02:43.7785336Z [command]/usr/bin/git submodule foreach --recursive sh -c "git config --local --name-only --get-regexp 'http\.https\:\/\/github\.com\/\.extraheader' && git config --local --unset-all 'http.https://github.com/.extraheader' || :"
2026-05-18T17:02:43.7957391Z Removing includeIf entries pointing to credentials config files
2026-05-18T17:02:43.7964383Z [command]/usr/bin/git config --local --name-only --get-regexp ^includeIf\.gitdir:
2026-05-18T17:02:43.7987972Z includeif.gitdir:/home/runner/work/prismTask/prismTask/.git.path
2026-05-18T17:02:43.7988950Z includeif.gitdir:/home/runner/work/prismTask/prismTask/.git/worktrees/*.path
2026-05-18T17:02:43.7989705Z includeif.gitdir:/github/workspace/.git.path
2026-05-18T17:02:43.7990398Z includeif.gitdir:/github/workspace/.git/worktrees/*.path
2026-05-18T17:02:43.7996208Z [command]/usr/bin/git config --local --get-all includeif.gitdir:/home/runner/work/prismTask/prismTask/.git.path
2026-05-18T17:02:43.8012844Z /home/runner/work/_temp/git-credentials-c3decd9b-0d70-4a61-9663-d588ea70fac9.config
2026-05-18T17:02:43.8021212Z [command]/usr/bin/git config --local --unset includeif.gitdir:/home/runner/work/prismTask/prismTask/.git.path /home/runner/work/_temp/git-credentials-c3decd9b-0d70-4a61-9663-d588ea70fac9.config
2026-05-18T17:02:43.8048329Z [command]/usr/bin/git config --local --get-all includeif.gitdir:/home/runner/work/prismTask/prismTask/.git/worktrees/*.path
2026-05-18T17:02:43.8065888Z /home/runner/work/_temp/git-credentials-c3decd9b-0d70-4a61-9663-d588ea70fac9.config
2026-05-18T17:02:43.8074643Z [command]/usr/bin/git config --local --unset includeif.gitdir:/home/runner/work/prismTask/prismTask/.git/worktrees/*.path /home/runner/work/_temp/git-credentials-c3decd9b-0d70-4a61-9663-d588ea70fac9.config
2026-05-18T17:02:43.8098929Z [command]/usr/bin/git config --local --get-all includeif.gitdir:/github/workspace/.git.path
2026-05-18T17:02:43.8116448Z /github/runner_temp/git-credentials-c3decd9b-0d70-4a61-9663-d588ea70fac9.config
2026-05-18T17:02:43.8124037Z [command]/usr/bin/git config --local --unset includeif.gitdir:/github/workspace/.git.path /github/runner_temp/git-credentials-c3decd9b-0d70-4a61-9663-d588ea70fac9.config
2026-05-18T17:02:43.8155250Z [command]/usr/bin/git config --local --get-all includeif.gitdir:/github/workspace/.git/worktrees/*.path
2026-05-18T17:02:43.8174903Z /github/runner_temp/git-credentials-c3decd9b-0d70-4a61-9663-d588ea70fac9.config
2026-05-18T17:02:43.8183360Z [command]/usr/bin/git config --local --unset includeif.gitdir:/github/workspace/.git/worktrees/*.path /github/runner_temp/git-credentials-c3decd9b-0d70-4a61-9663-d588ea70fac9.config
2026-05-18T17:02:43.8208811Z [command]/usr/bin/git submodule foreach --recursive git config --local --show-origin --name-only --get-regexp remote.origin.url
2026-05-18T17:02:43.8381578Z Removing credentials config '/home/runner/work/_temp/git-credentials-c3decd9b-0d70-4a61-9663-d588ea70fac9.config'
2026-05-18T17:02:43.8507639Z Cleaning up orphan processes
2026-05-18T17:02:43.8818914Z ##[warning]Node.js 20 actions are deprecated. The following actions are running on Node.js 20 and may not work as expected: actions/setup-node@v4. Actions will be forced to run with Node.js 24 by default starting June 2nd, 2026. Node.js 20 will be removed from the runner on September 16th, 2026. Please check if updated versions of these actions are available that support Node.js 24. To opt into Node.js 24 now, set the FORCE_JAVASCRIPT_ACTIONS_TO_NODE24=true environment variable on the runner or in your workflow file. Once Node.js 24 becomes the default, you can temporarily opt out by setting ACTIONS_ALLOW_USE_UNSECURE_NODE_VERSION=true. For more information see: https://github.blog/changelog/2025-09-19-deprecation-of-node-20-on-github-actions-runners/


--- Job: web-lint-and-test (id 76577591213) ---
2026-05-18T17:02:58.4626384Z Current runner version: '2.334.0'
2026-05-18T17:02:58.4660345Z ##[group]Runner Image Provisioner
2026-05-18T17:02:58.4661885Z Hosted Compute Agent
2026-05-18T17:02:58.4662613Z Version: 20260213.493
2026-05-18T17:02:58.4663622Z Commit: 5c115507f6dd24b8de37d8bbe0bb4509d0cc0fa3
2026-05-18T17:02:58.4664864Z Build Date: 2026-02-13T00:28:41Z
2026-05-18T17:02:58.4665820Z Worker ID: {c9e0003f-345f-4eb3-87cc-b02f6b49f304}
2026-05-18T17:02:58.4666956Z Azure Region: eastus2
2026-05-18T17:02:58.4667740Z ##[endgroup]
2026-05-18T17:02:58.4670263Z ##[group]Operating System
2026-05-18T17:02:58.4671476Z Ubuntu
2026-05-18T17:02:58.4672225Z 24.04.4
2026-05-18T17:02:58.4672863Z LTS
2026-05-18T17:02:58.4673648Z ##[endgroup]
2026-05-18T17:02:58.4674355Z ##[group]Runner Image
2026-05-18T17:02:58.4675189Z Image: ubuntu-24.04
2026-05-18T17:02:58.4676091Z Version: 20260513.135.3
2026-05-18T17:02:58.4677902Z Included Software: https://github.com/actions/runner-images/blob/ubuntu24/20260513.135/images/ubuntu/Ubuntu2404-Readme.md
2026-05-18T17:02:58.4680258Z Image Release: https://github.com/actions/runner-images/releases/tag/ubuntu24%2F20260513.135
2026-05-18T17:02:58.4681904Z ##[endgroup]
2026-05-18T17:02:58.4683829Z ##[group]GITHUB_TOKEN Permissions
2026-05-18T17:02:58.4686742Z Actions: read
2026-05-18T17:02:58.4687639Z Checks: read
2026-05-18T17:02:58.4688403Z Contents: write
2026-05-18T17:02:58.4689105Z Metadata: read
2026-05-18T17:02:58.4689935Z ##[endgroup]
2026-05-18T17:02:58.4693172Z Secret source: Actions
2026-05-18T17:02:58.4694324Z Prepare workflow directory
2026-05-18T17:02:58.5165404Z Prepare all required actions
2026-05-18T17:02:58.5300407Z Complete job name: web-lint-and-test
2026-05-18T17:02:58.6335778Z ##[group]Run if [ 'success' != 'success' ]; then
2026-05-18T17:02:58.6336597Z [36;1mif [ 'success' != 'success' ]; then[0m
2026-05-18T17:02:58.6337354Z [36;1m  echo "web-lint finished with success" >&2[0m
2026-05-18T17:02:58.6338220Z [36;1m  exit 1[0m
2026-05-18T17:02:58.6338726Z [36;1mfi[0m
2026-05-18T17:02:58.6339298Z [36;1mif [ 'failure' != 'success' ]; then[0m
2026-05-18T17:02:58.6340014Z [36;1m  echo "web-unit-tests finished with failure" >&2[0m
2026-05-18T17:02:58.6340725Z [36;1m  exit 1[0m
2026-05-18T17:02:58.6341175Z [36;1mfi[0m
2026-05-18T17:02:58.6341902Z [36;1mif [ 'success' != 'success' ]; then[0m
2026-05-18T17:02:58.6342656Z [36;1m  echo "web-build finished with success" >&2[0m
2026-05-18T17:02:58.6343287Z [36;1m  exit 1[0m
2026-05-18T17:02:58.6343814Z [36;1mfi[0m
2026-05-18T17:02:58.6344438Z [36;1mecho "✓ Split web lint, unit-test shards, and build passed."[0m
2026-05-18T17:02:58.7037577Z shell: /usr/bin/bash -e {0}
2026-05-18T17:02:58.7038791Z ##[endgroup]
2026-05-18T17:02:58.7316570Z web-unit-tests finished with failure
2026-05-18T17:02:58.7341473Z ##[error]Process completed with exit code 1.
2026-05-18T17:02:58.7507474Z Cleaning up orphan processes
