=== CI FAILURE ===
Workflow:      Web CI
Workflow file: akarlin3/prismTask/.github/workflows/web-ci.yml@refs/pull/1752/merge
Job(s):        web-lint, web-build, web-lint-and-test
Run ID:        26269682475
Run attempt:   1
Run URL:       https://github.com/akarlin3/prismTask/actions/runs/26269682475
Commit:        e740dd72f7e18c666d2c9264aa21f81bd6cb6a09
Branch:        1752/merge
Event:         pull_request
Actor:         akarlin3
Runner OS:     Linux
Timestamp:     2026-05-22T05:27:02.519Z

Failed steps:
  - web-lint: #5 Run ESLint
  - web-build: #5 Build web app
  - web-lint-and-test: #2 Verify split web checks

=== FAILED JOB LOG ===

--- Job: web-lint (id 77320586203) ---
2026-05-22T05:17:42.7869215Z Current runner version: '2.334.0'
2026-05-22T05:17:42.7946101Z ##[group]Runner Image Provisioner
2026-05-22T05:17:42.7947607Z Hosted Compute Agent
2026-05-22T05:17:42.7948548Z Version: 20260213.493
2026-05-22T05:17:42.7949437Z Commit: 5c115507f6dd24b8de37d8bbe0bb4509d0cc0fa3
2026-05-22T05:17:42.7971185Z Build Date: 2026-02-13T00:28:41Z
2026-05-22T05:17:42.7972178Z Worker ID: {a0093cbd-98ab-46d6-8540-4802b2793e87}
2026-05-22T05:17:42.7973435Z Azure Region: centralus
2026-05-22T05:17:42.7974270Z ##[endgroup]
2026-05-22T05:17:42.7976464Z ##[group]Operating System
2026-05-22T05:17:42.7977498Z Ubuntu
2026-05-22T05:17:42.7978295Z 24.04.4
2026-05-22T05:17:42.7978948Z LTS
2026-05-22T05:17:42.7979760Z ##[endgroup]
2026-05-22T05:17:42.7980801Z ##[group]Runner Image
2026-05-22T05:17:42.7981606Z Image: ubuntu-24.04
2026-05-22T05:17:42.7982560Z Version: 20260513.135.3
2026-05-22T05:17:42.7984452Z Included Software: https://github.com/actions/runner-images/blob/ubuntu24/20260513.135/images/ubuntu/Ubuntu2404-Readme.md
2026-05-22T05:17:42.7986938Z Image Release: https://github.com/actions/runner-images/releases/tag/ubuntu24%2F20260513.135
2026-05-22T05:17:42.7988407Z ##[endgroup]
2026-05-22T05:17:42.8010827Z ##[group]GITHUB_TOKEN Permissions
2026-05-22T05:17:42.8014375Z Actions: read
2026-05-22T05:17:42.8015105Z Checks: read
2026-05-22T05:17:42.8016066Z Contents: write
2026-05-22T05:17:42.8016874Z Metadata: read
2026-05-22T05:17:42.8017620Z PullRequests: read
2026-05-22T05:17:42.8018504Z ##[endgroup]
2026-05-22T05:17:42.8021916Z Secret source: Actions
2026-05-22T05:17:42.8023314Z Prepare workflow directory
2026-05-22T05:17:42.8858765Z Prepare all required actions
2026-05-22T05:17:42.8913378Z Getting action download info
2026-05-22T05:17:43.3472144Z Download action repository 'actions/checkout@v6' (SHA:de0fac2e4500dabe0009e67214ff5f5447ce83dd)
2026-05-22T05:17:43.5522359Z Complete job name: web-lint
2026-05-22T05:17:43.6229471Z ##[group]Run actions/checkout@v6
2026-05-22T05:17:43.6230716Z with:
2026-05-22T05:17:43.6231126Z   repository: akarlin3/prismTask
2026-05-22T05:17:43.6231848Z   token: ***
2026-05-22T05:17:43.6232234Z   ssh-strict: true
2026-05-22T05:17:43.6232632Z   ssh-user: git
2026-05-22T05:17:43.6233029Z   persist-credentials: true
2026-05-22T05:17:43.6233466Z   clean: true
2026-05-22T05:17:43.6233861Z   sparse-checkout-cone-mode: true
2026-05-22T05:17:43.6234328Z   fetch-depth: 1
2026-05-22T05:17:43.6234705Z   fetch-tags: false
2026-05-22T05:17:43.6235096Z   show-progress: true
2026-05-22T05:17:43.6235487Z   lfs: false
2026-05-22T05:17:43.6235845Z   submodules: false
2026-05-22T05:17:43.6236230Z   set-safe-directory: true
2026-05-22T05:17:43.6236878Z ##[endgroup]
2026-05-22T05:17:43.7342037Z Syncing repository: akarlin3/prismTask
2026-05-22T05:17:43.7344200Z ##[group]Getting Git version info
2026-05-22T05:17:43.7345233Z Working directory is '/home/runner/work/prismTask/prismTask'
2026-05-22T05:17:43.7348199Z [command]/usr/bin/git version
2026-05-22T05:17:43.7417304Z git version 2.54.0
2026-05-22T05:17:43.7551207Z ##[endgroup]
2026-05-22T05:17:43.7558461Z Temporarily overriding HOME='/home/runner/work/_temp/3c41c1f4-cd88-4f93-a1cc-fa587968f825' before making global git config changes
2026-05-22T05:17:43.7560770Z Adding repository directory to the temporary git global config as a safe directory
2026-05-22T05:17:43.7562501Z [command]/usr/bin/git config --global --add safe.directory /home/runner/work/prismTask/prismTask
2026-05-22T05:17:43.7564775Z Deleting the contents of '/home/runner/work/prismTask/prismTask'
2026-05-22T05:17:43.7566270Z ##[group]Initializing the repository
2026-05-22T05:17:43.7567302Z [command]/usr/bin/git init /home/runner/work/prismTask/prismTask
2026-05-22T05:17:43.7630486Z hint: Using 'master' as the name for the initial branch. This default branch name
2026-05-22T05:17:43.7632538Z hint: will change to "main" in Git 3.0. To configure the initial branch name
2026-05-22T05:17:43.7634793Z hint: to use in all of your new repositories, which will suppress this warning,
2026-05-22T05:17:43.7636374Z hint: call:
2026-05-22T05:17:43.7638223Z hint:
2026-05-22T05:17:43.7639363Z hint: 	git config --global init.defaultBranch <name>
2026-05-22T05:17:43.7641318Z hint:
2026-05-22T05:17:43.7642674Z hint: Names commonly chosen instead of 'master' are 'main', 'trunk' and
2026-05-22T05:17:43.7644811Z hint: 'development'. The just-created branch can be renamed via this command:
2026-05-22T05:17:43.7646434Z hint:
2026-05-22T05:17:43.7647614Z hint: 	git branch -m <name>
2026-05-22T05:17:43.7648619Z hint:
2026-05-22T05:17:43.7650388Z hint: Disable this message with "git config set advice.defaultBranchName false"
2026-05-22T05:17:43.7653150Z Initialized empty Git repository in /home/runner/work/prismTask/prismTask/.git/
2026-05-22T05:17:43.7657897Z [command]/usr/bin/git remote add origin https://github.com/akarlin3/prismTask
2026-05-22T05:17:43.7731118Z ##[endgroup]
2026-05-22T05:17:43.7732594Z ##[group]Disabling automatic garbage collection
2026-05-22T05:17:43.7735530Z [command]/usr/bin/git config --local gc.auto 0
2026-05-22T05:17:43.7769620Z ##[endgroup]
2026-05-22T05:17:43.7771582Z ##[group]Setting up auth
2026-05-22T05:17:43.7773207Z Removing SSH command configuration
2026-05-22T05:17:43.7781996Z [command]/usr/bin/git config --local --name-only --get-regexp core\.sshCommand
2026-05-22T05:17:43.7817011Z [command]/usr/bin/git submodule foreach --recursive sh -c "git config --local --name-only --get-regexp 'core\.sshCommand' && git config --local --unset-all 'core.sshCommand' || :"
2026-05-22T05:17:43.9078972Z Removing HTTP extra header
2026-05-22T05:17:43.9081858Z [command]/usr/bin/git config --local --name-only --get-regexp http\.https\:\/\/github\.com\/\.extraheader
2026-05-22T05:17:43.9088141Z [command]/usr/bin/git submodule foreach --recursive sh -c "git config --local --name-only --get-regexp 'http\.https\:\/\/github\.com\/\.extraheader' && git config --local --unset-all 'http.https://github.com/.extraheader' || :"
2026-05-22T05:17:43.9092269Z Removing includeIf entries pointing to credentials config files
2026-05-22T05:17:43.9093689Z [command]/usr/bin/git config --local --name-only --get-regexp ^includeIf\.gitdir:
2026-05-22T05:17:43.9096683Z [command]/usr/bin/git submodule foreach --recursive git config --local --show-origin --name-only --get-regexp remote.origin.url
2026-05-22T05:17:43.9101079Z [command]/usr/bin/git config --file /home/runner/work/_temp/git-credentials-1c4fc25d-8e13-4b3a-80c4-1783ef89fbc2.config http.https://github.com/.extraheader AUTHORIZATION: basic ***
2026-05-22T05:17:43.9105571Z [command]/usr/bin/git config --local includeIf.gitdir:/home/runner/work/prismTask/prismTask/.git.path /home/runner/work/_temp/git-credentials-1c4fc25d-8e13-4b3a-80c4-1783ef89fbc2.config
2026-05-22T05:17:43.9110552Z [command]/usr/bin/git config --local includeIf.gitdir:/home/runner/work/prismTask/prismTask/.git/worktrees/*.path /home/runner/work/_temp/git-credentials-1c4fc25d-8e13-4b3a-80c4-1783ef89fbc2.config
2026-05-22T05:17:43.9123050Z [command]/usr/bin/git config --local includeIf.gitdir:/github/workspace/.git.path /github/runner_temp/git-credentials-1c4fc25d-8e13-4b3a-80c4-1783ef89fbc2.config
2026-05-22T05:17:43.9145404Z [command]/usr/bin/git config --local includeIf.gitdir:/github/workspace/.git/worktrees/*.path /github/runner_temp/git-credentials-1c4fc25d-8e13-4b3a-80c4-1783ef89fbc2.config
2026-05-22T05:17:43.9183157Z ##[endgroup]
2026-05-22T05:17:43.9184777Z ##[group]Fetching the repository
2026-05-22T05:17:43.9191861Z [command]/usr/bin/git -c protocol.version=2 fetch --no-tags --prune --no-recurse-submodules --depth=1 origin +e740dd72f7e18c666d2c9264aa21f81bd6cb6a09:refs/remotes/pull/1752/merge
2026-05-22T05:17:46.4306970Z From https://github.com/akarlin3/prismTask
2026-05-22T05:17:46.4311710Z  * [new ref]         e740dd72f7e18c666d2c9264aa21f81bd6cb6a09 -> pull/1752/merge
2026-05-22T05:17:46.4347307Z ##[endgroup]
2026-05-22T05:17:46.4348857Z ##[group]Determining the checkout info
2026-05-22T05:17:46.4350747Z ##[endgroup]
2026-05-22T05:17:46.4356474Z [command]/usr/bin/git sparse-checkout disable
2026-05-22T05:17:46.4409444Z [command]/usr/bin/git config --local --unset-all extensions.worktreeConfig
2026-05-22T05:17:46.4447241Z ##[group]Checking out the ref
2026-05-22T05:17:46.4451722Z [command]/usr/bin/git checkout --progress --force refs/remotes/pull/1752/merge
2026-05-22T05:17:46.8576059Z Note: switching to 'refs/remotes/pull/1752/merge'.
2026-05-22T05:17:46.8576629Z 
2026-05-22T05:17:46.8577004Z You are in 'detached HEAD' state. You can look around, make experimental
2026-05-22T05:17:46.8577818Z changes and commit them, and you can discard any commits you make in this
2026-05-22T05:17:46.8578585Z state without impacting any branches by switching back to a branch.
2026-05-22T05:17:46.8579023Z 
2026-05-22T05:17:46.8579359Z If you want to create a new branch to retain commits you create, you may
2026-05-22T05:17:46.8580353Z do so (now or later) by using -c with the switch command. Example:
2026-05-22T05:17:46.8580848Z 
2026-05-22T05:17:46.8581035Z   git switch -c <new-branch-name>
2026-05-22T05:17:46.8581342Z 
2026-05-22T05:17:46.8581554Z Or undo this operation with:
2026-05-22T05:17:46.8581825Z 
2026-05-22T05:17:46.8581993Z   git switch -
2026-05-22T05:17:46.8582226Z 
2026-05-22T05:17:46.8582620Z Turn off this advice by setting config variable advice.detachedHead to false
2026-05-22T05:17:46.8583146Z 
2026-05-22T05:17:46.8583740Z HEAD is now at e740dd7 Merge 53eb06d1ee08b5ee2233614afc957c2f952ca0e5 into dc8d9429fc6cdae5fb0b437eb46e46faff5884de
2026-05-22T05:17:46.8605812Z ##[endgroup]
2026-05-22T05:17:46.8653781Z [command]/usr/bin/git log -1 --format=%H
2026-05-22T05:17:46.8680888Z e740dd72f7e18c666d2c9264aa21f81bd6cb6a09
2026-05-22T05:17:46.8992197Z Prepare all required actions
2026-05-22T05:17:46.8992693Z Getting action download info
2026-05-22T05:17:47.0346129Z Download action repository 'actions/setup-node@v4' (SHA:49933ea5288caeca8642d1e84afbd3f7d6820020)
2026-05-22T05:17:47.1469408Z ##[group]Run ./.github/actions/setup-node-web
2026-05-22T05:17:47.1470282Z ##[endgroup]
2026-05-22T05:17:47.1616601Z ##[group]Run actions/setup-node@v4
2026-05-22T05:17:47.1617014Z with:
2026-05-22T05:17:47.1617272Z   node-version: 22
2026-05-22T05:17:47.1617512Z   cache: npm
2026-05-22T05:17:47.1617779Z   cache-dependency-path: web/package-lock.json
2026-05-22T05:17:47.1618105Z   always-auth: false
2026-05-22T05:17:47.1618340Z   check-latest: false
2026-05-22T05:17:47.1618779Z   token: ***
2026-05-22T05:17:47.1619008Z ##[endgroup]
2026-05-22T05:17:47.3557680Z Found in cache @ /opt/hostedtoolcache/node/22.22.2/x64
2026-05-22T05:17:47.3564500Z ##[group]Environment details
2026-05-22T05:17:47.8920547Z node: v22.22.2
2026-05-22T05:17:47.9021923Z npm: 10.9.7
2026-05-22T05:17:47.9023401Z yarn: 1.22.22
2026-05-22T05:17:47.9025225Z ##[endgroup]
2026-05-22T05:17:47.9025774Z [command]/opt/hostedtoolcache/node/22.22.2/x64/bin/npm config get cache
2026-05-22T05:17:47.9956678Z /home/runner/.npm
2026-05-22T05:17:48.1748521Z npm cache is not found
2026-05-22T05:17:48.1923679Z ##[group]Run npm ci
2026-05-22T05:17:48.1924032Z [36;1mnpm ci[0m
2026-05-22T05:17:48.1973413Z shell: /usr/bin/bash --noprofile --norc -e -o pipefail {0}
2026-05-22T05:17:48.1973797Z ##[endgroup]
2026-05-22T05:18:02.3144404Z 
2026-05-22T05:18:02.3154432Z added 436 packages, and audited 437 packages in 14s
2026-05-22T05:18:02.3156108Z 
2026-05-22T05:18:02.3156782Z 94 packages are looking for funding
2026-05-22T05:18:02.3157956Z   run `npm fund` for details
2026-05-22T05:18:02.3242871Z 
2026-05-22T05:18:02.3243698Z 4 vulnerabilities (3 moderate, 1 critical)
2026-05-22T05:18:02.3244805Z 
2026-05-22T05:18:02.3247168Z To address all issues, run:
2026-05-22T05:18:02.3248026Z   npm audit fix
2026-05-22T05:18:02.3248931Z 
2026-05-22T05:18:02.3249471Z Run `npm audit` for details.
2026-05-22T05:18:02.3918849Z ##[group]Run npm run lint
2026-05-22T05:18:02.3919166Z [36;1mnpm run lint[0m
2026-05-22T05:18:02.3955423Z shell: /usr/bin/bash -e {0}
2026-05-22T05:18:02.3955684Z ##[endgroup]
2026-05-22T05:18:02.5241030Z 
2026-05-22T05:18:02.5259466Z > web@2.0.0 lint
2026-05-22T05:18:02.5260433Z > eslint .
2026-05-22T05:18:02.5261250Z 
2026-05-22T05:18:35.3186922Z 
2026-05-22T05:18:35.3203363Z /home/runner/work/prismTask/prismTask/web/src/routes/index.tsx
2026-05-22T05:18:35.3241250Z ##[error]  14:7  error  Fast refresh only works when a file only exports components. Move your component(s) to a separate file. If all exports are HOCs, add them to the `extraHOCs` option  react-refresh/only-export-components
2026-05-22T05:18:35.3255060Z ##[error]  15:7  error  Fast refresh only works when a file only exports components. Move your component(s) to a separate file. If all exports are HOCs, add them to the `extraHOCs` option  react-refresh/only-export-components
2026-05-22T05:18:35.3259326Z ##[error]  18:7  error  Fast refresh only works when a file only exports components. Move your component(s) to a separate file. If all exports are HOCs, add them to the `extraHOCs` option  react-refresh/only-export-components
2026-05-22T05:18:35.3263707Z ##[error]  19:7  error  Fast refresh only works when a file only exports components. Move your component(s) to a separate file. If all exports are HOCs, add them to the `extraHOCs` option  react-refresh/only-export-components
2026-05-22T05:18:35.3267719Z ##[error]  20:7  error  Fast refresh only works when a file only exports components. Move your component(s) to a separate file. If all exports are HOCs, add them to the `extraHOCs` option  react-refresh/only-export-components
2026-05-22T05:18:35.3269593Z 
2026-05-22T05:18:35.3270401Z ✖ 5 problems (5 errors, 0 warnings)
2026-05-22T05:18:35.3270705Z 
2026-05-22T05:18:35.5276486Z ##[error]Process completed with exit code 1.
2026-05-22T05:18:35.5347426Z Post job cleanup.
2026-05-22T05:18:35.5435318Z Post job cleanup.
2026-05-22T05:18:35.6410775Z [command]/usr/bin/git version
2026-05-22T05:18:35.6455610Z git version 2.54.0
2026-05-22T05:18:35.6502643Z Temporarily overriding HOME='/home/runner/work/_temp/2b549297-4f67-46c2-b32a-0fe24478b1cd' before making global git config changes
2026-05-22T05:18:35.6504284Z Adding repository directory to the temporary git global config as a safe directory
2026-05-22T05:18:35.6506924Z [command]/usr/bin/git config --global --add safe.directory /home/runner/work/prismTask/prismTask
2026-05-22T05:18:35.6546582Z Removing SSH command configuration
2026-05-22T05:18:35.6555399Z [command]/usr/bin/git config --local --name-only --get-regexp core\.sshCommand
2026-05-22T05:18:35.6600547Z [command]/usr/bin/git submodule foreach --recursive sh -c "git config --local --name-only --get-regexp 'core\.sshCommand' && git config --local --unset-all 'core.sshCommand' || :"
2026-05-22T05:18:35.6864364Z Removing HTTP extra header
2026-05-22T05:18:35.6872392Z [command]/usr/bin/git config --local --name-only --get-regexp http\.https\:\/\/github\.com\/\.extraheader
2026-05-22T05:18:35.6915789Z [command]/usr/bin/git submodule foreach --recursive sh -c "git config --local --name-only --get-regexp 'http\.https\:\/\/github\.com\/\.extraheader' && git config --local --unset-all 'http.https://github.com/.extraheader' || :"
2026-05-22T05:18:35.7176653Z Removing includeIf entries pointing to credentials config files
2026-05-22T05:18:35.7184670Z [command]/usr/bin/git config --local --name-only --get-regexp ^includeIf\.gitdir:
2026-05-22T05:18:35.7218911Z includeif.gitdir:/home/runner/work/prismTask/prismTask/.git.path
2026-05-22T05:18:35.7225737Z includeif.gitdir:/home/runner/work/prismTask/prismTask/.git/worktrees/*.path
2026-05-22T05:18:35.7232438Z includeif.gitdir:/github/workspace/.git.path
2026-05-22T05:18:35.7233555Z includeif.gitdir:/github/workspace/.git/worktrees/*.path
2026-05-22T05:18:35.7251170Z [command]/usr/bin/git config --local --get-all includeif.gitdir:/home/runner/work/prismTask/prismTask/.git.path
2026-05-22T05:18:35.7293462Z /home/runner/work/_temp/git-credentials-1c4fc25d-8e13-4b3a-80c4-1783ef89fbc2.config
2026-05-22T05:18:35.7301041Z [command]/usr/bin/git config --local --unset includeif.gitdir:/home/runner/work/prismTask/prismTask/.git.path /home/runner/work/_temp/git-credentials-1c4fc25d-8e13-4b3a-80c4-1783ef89fbc2.config
2026-05-22T05:18:35.7393445Z [command]/usr/bin/git config --local --get-all includeif.gitdir:/home/runner/work/prismTask/prismTask/.git/worktrees/*.path
2026-05-22T05:18:35.7417139Z /home/runner/work/_temp/git-credentials-1c4fc25d-8e13-4b3a-80c4-1783ef89fbc2.config
2026-05-22T05:18:35.7446548Z [command]/usr/bin/git config --local --unset includeif.gitdir:/home/runner/work/prismTask/prismTask/.git/worktrees/*.path /home/runner/work/_temp/git-credentials-1c4fc25d-8e13-4b3a-80c4-1783ef89fbc2.config
2026-05-22T05:18:35.7534133Z [command]/usr/bin/git config --local --get-all includeif.gitdir:/github/workspace/.git.path
2026-05-22T05:18:35.7547016Z /github/runner_temp/git-credentials-1c4fc25d-8e13-4b3a-80c4-1783ef89fbc2.config
2026-05-22T05:18:35.7550389Z [command]/usr/bin/git config --local --unset includeif.gitdir:/github/workspace/.git.path /github/runner_temp/git-credentials-1c4fc25d-8e13-4b3a-80c4-1783ef89fbc2.config
2026-05-22T05:18:35.7624542Z [command]/usr/bin/git config --local --get-all includeif.gitdir:/github/workspace/.git/worktrees/*.path
2026-05-22T05:18:35.7658114Z /github/runner_temp/git-credentials-1c4fc25d-8e13-4b3a-80c4-1783ef89fbc2.config
2026-05-22T05:18:35.7690482Z [command]/usr/bin/git config --local --unset includeif.gitdir:/github/workspace/.git/worktrees/*.path /github/runner_temp/git-credentials-1c4fc25d-8e13-4b3a-80c4-1783ef89fbc2.config
2026-05-22T05:18:35.7771399Z [command]/usr/bin/git submodule foreach --recursive git config --local --show-origin --name-only --get-regexp remote.origin.url
2026-05-22T05:18:35.8130530Z Removing credentials config '/home/runner/work/_temp/git-credentials-1c4fc25d-8e13-4b3a-80c4-1783ef89fbc2.config'
2026-05-22T05:18:35.8326623Z Cleaning up orphan processes
2026-05-22T05:18:35.8621067Z ##[warning]Node.js 20 actions are deprecated. The following actions are running on Node.js 20 and may not work as expected: actions/setup-node@v4. Actions will be forced to run with Node.js 24 by default starting June 2nd, 2026. Node.js 20 will be removed from the runner on September 16th, 2026. Please check if updated versions of these actions are available that support Node.js 24. To opt into Node.js 24 now, set the FORCE_JAVASCRIPT_ACTIONS_TO_NODE24=true environment variable on the runner or in your workflow file. Once Node.js 24 becomes the default, you can temporarily opt out by setting ACTIONS_ALLOW_USE_UNSECURE_NODE_VERSION=true. For more information see: https://github.blog/changelog/2025-09-19-deprecation-of-node-20-on-github-actions-runners/


--- Job: web-build (id 77320586208) ---
2026-05-22T05:17:43.1640270Z Current runner version: '2.334.0'
2026-05-22T05:17:43.1675847Z ##[group]Runner Image Provisioner
2026-05-22T05:17:43.1677212Z Hosted Compute Agent
2026-05-22T05:17:43.1678228Z Version: 20260213.493
2026-05-22T05:17:43.1679430Z Commit: 5c115507f6dd24b8de37d8bbe0bb4509d0cc0fa3
2026-05-22T05:17:43.1680580Z Build Date: 2026-02-13T00:28:41Z
2026-05-22T05:17:43.1681787Z Worker ID: {93a97c4e-f6ff-4c6b-bd0d-543f119a0747}
2026-05-22T05:17:43.1683458Z Azure Region: northcentralus
2026-05-22T05:17:43.1684634Z ##[endgroup]
2026-05-22T05:17:43.1687106Z ##[group]Operating System
2026-05-22T05:17:43.1688341Z Ubuntu
2026-05-22T05:17:43.1689148Z 24.04.4
2026-05-22T05:17:43.1689881Z LTS
2026-05-22T05:17:43.1690845Z ##[endgroup]
2026-05-22T05:17:43.1691667Z ##[group]Runner Image
2026-05-22T05:17:43.1692962Z Image: ubuntu-24.04
2026-05-22T05:17:43.1693995Z Version: 20260513.135.3
2026-05-22T05:17:43.1695983Z Included Software: https://github.com/actions/runner-images/blob/ubuntu24/20260513.135/images/ubuntu/Ubuntu2404-Readme.md
2026-05-22T05:17:43.1698945Z Image Release: https://github.com/actions/runner-images/releases/tag/ubuntu24%2F20260513.135
2026-05-22T05:17:43.1700740Z ##[endgroup]
2026-05-22T05:17:43.1703607Z ##[group]GITHUB_TOKEN Permissions
2026-05-22T05:17:43.1706666Z Actions: read
2026-05-22T05:17:43.1707696Z Checks: read
2026-05-22T05:17:43.1708661Z Contents: write
2026-05-22T05:17:43.1709602Z Metadata: read
2026-05-22T05:17:43.1710651Z PullRequests: read
2026-05-22T05:17:43.1711566Z ##[endgroup]
2026-05-22T05:17:43.1714764Z Secret source: Actions
2026-05-22T05:17:43.1716438Z Prepare workflow directory
2026-05-22T05:17:43.2203120Z Prepare all required actions
2026-05-22T05:17:43.2258306Z Getting action download info
2026-05-22T05:17:43.5593020Z Download action repository 'actions/checkout@v6' (SHA:de0fac2e4500dabe0009e67214ff5f5447ce83dd)
2026-05-22T05:17:43.8323039Z Complete job name: web-build
2026-05-22T05:17:43.9052178Z ##[group]Run actions/checkout@v6
2026-05-22T05:17:43.9053598Z with:
2026-05-22T05:17:43.9054024Z   repository: akarlin3/prismTask
2026-05-22T05:17:43.9054723Z   token: ***
2026-05-22T05:17:43.9055116Z   ssh-strict: true
2026-05-22T05:17:43.9055509Z   ssh-user: git
2026-05-22T05:17:43.9055926Z   persist-credentials: true
2026-05-22T05:17:43.9056370Z   clean: true
2026-05-22T05:17:43.9056793Z   sparse-checkout-cone-mode: true
2026-05-22T05:17:43.9057281Z   fetch-depth: 1
2026-05-22T05:17:43.9057672Z   fetch-tags: false
2026-05-22T05:17:43.9058086Z   show-progress: true
2026-05-22T05:17:43.9058496Z   lfs: false
2026-05-22T05:17:43.9058876Z   submodules: false
2026-05-22T05:17:43.9059283Z   set-safe-directory: true
2026-05-22T05:17:43.9059952Z ##[endgroup]
2026-05-22T05:17:44.0166595Z Syncing repository: akarlin3/prismTask
2026-05-22T05:17:44.0169231Z ##[group]Getting Git version info
2026-05-22T05:17:44.0170448Z Working directory is '/home/runner/work/prismTask/prismTask'
2026-05-22T05:17:44.0172511Z [command]/usr/bin/git version
2026-05-22T05:17:44.0228468Z git version 2.54.0
2026-05-22T05:17:44.0256050Z ##[endgroup]
2026-05-22T05:17:44.0273362Z Temporarily overriding HOME='/home/runner/work/_temp/b6aae61f-f092-44ac-83fc-d23ee2eeea75' before making global git config changes
2026-05-22T05:17:44.0276539Z Adding repository directory to the temporary git global config as a safe directory
2026-05-22T05:17:44.0281315Z [command]/usr/bin/git config --global --add safe.directory /home/runner/work/prismTask/prismTask
2026-05-22T05:17:44.0333729Z Deleting the contents of '/home/runner/work/prismTask/prismTask'
2026-05-22T05:17:44.0339034Z ##[group]Initializing the repository
2026-05-22T05:17:44.0345483Z [command]/usr/bin/git init /home/runner/work/prismTask/prismTask
2026-05-22T05:17:44.0460923Z hint: Using 'master' as the name for the initial branch. This default branch name
2026-05-22T05:17:44.0465089Z hint: will change to "main" in Git 3.0. To configure the initial branch name
2026-05-22T05:17:44.0467446Z hint: to use in all of your new repositories, which will suppress this warning,
2026-05-22T05:17:44.0469721Z hint: call:
2026-05-22T05:17:44.0471427Z hint:
2026-05-22T05:17:44.0473560Z hint: 	git config --global init.defaultBranch <name>
2026-05-22T05:17:44.0475270Z hint:
2026-05-22T05:17:44.0477032Z hint: Names commonly chosen instead of 'master' are 'main', 'trunk' and
2026-05-22T05:17:44.0479590Z hint: 'development'. The just-created branch can be renamed via this command:
2026-05-22T05:17:44.0482489Z hint:
2026-05-22T05:17:44.0485197Z hint: 	git branch -m <name>
2026-05-22T05:17:44.0486459Z hint:
2026-05-22T05:17:44.0488144Z hint: Disable this message with "git config set advice.defaultBranchName false"
2026-05-22T05:17:44.0492744Z Initialized empty Git repository in /home/runner/work/prismTask/prismTask/.git/
2026-05-22T05:17:44.0495463Z [command]/usr/bin/git remote add origin https://github.com/akarlin3/prismTask
2026-05-22T05:17:44.0545986Z ##[endgroup]
2026-05-22T05:17:44.0549419Z ##[group]Disabling automatic garbage collection
2026-05-22T05:17:44.0550706Z [command]/usr/bin/git config --local gc.auto 0
2026-05-22T05:17:44.0579429Z ##[endgroup]
2026-05-22T05:17:44.0581328Z ##[group]Setting up auth
2026-05-22T05:17:44.0583577Z Removing SSH command configuration
2026-05-22T05:17:44.0588546Z [command]/usr/bin/git config --local --name-only --get-regexp core\.sshCommand
2026-05-22T05:17:44.0626516Z [command]/usr/bin/git submodule foreach --recursive sh -c "git config --local --name-only --get-regexp 'core\.sshCommand' && git config --local --unset-all 'core.sshCommand' || :"
2026-05-22T05:17:44.0975426Z Removing HTTP extra header
2026-05-22T05:17:44.0982470Z [command]/usr/bin/git config --local --name-only --get-regexp http\.https\:\/\/github\.com\/\.extraheader
2026-05-22T05:17:44.1017859Z [command]/usr/bin/git submodule foreach --recursive sh -c "git config --local --name-only --get-regexp 'http\.https\:\/\/github\.com\/\.extraheader' && git config --local --unset-all 'http.https://github.com/.extraheader' || :"
2026-05-22T05:17:44.1252477Z Removing includeIf entries pointing to credentials config files
2026-05-22T05:17:44.1257087Z [command]/usr/bin/git config --local --name-only --get-regexp ^includeIf\.gitdir:
2026-05-22T05:17:44.1293865Z [command]/usr/bin/git submodule foreach --recursive git config --local --show-origin --name-only --get-regexp remote.origin.url
2026-05-22T05:17:44.1691104Z [command]/usr/bin/git config --file /home/runner/work/_temp/git-credentials-c0afb928-9765-4b64-b559-c83216dba99f.config http.https://github.com/.extraheader AUTHORIZATION: basic ***
2026-05-22T05:17:44.1698545Z [command]/usr/bin/git config --local includeIf.gitdir:/home/runner/work/prismTask/prismTask/.git.path /home/runner/work/_temp/git-credentials-c0afb928-9765-4b64-b559-c83216dba99f.config
2026-05-22T05:17:44.1706462Z [command]/usr/bin/git config --local includeIf.gitdir:/home/runner/work/prismTask/prismTask/.git/worktrees/*.path /home/runner/work/_temp/git-credentials-c0afb928-9765-4b64-b559-c83216dba99f.config
2026-05-22T05:17:44.1713565Z [command]/usr/bin/git config --local includeIf.gitdir:/github/workspace/.git.path /github/runner_temp/git-credentials-c0afb928-9765-4b64-b559-c83216dba99f.config
2026-05-22T05:17:44.1730510Z [command]/usr/bin/git config --local includeIf.gitdir:/github/workspace/.git/worktrees/*.path /github/runner_temp/git-credentials-c0afb928-9765-4b64-b559-c83216dba99f.config
2026-05-22T05:17:44.1768221Z ##[endgroup]
2026-05-22T05:17:44.1770106Z ##[group]Fetching the repository
2026-05-22T05:17:44.1784768Z [command]/usr/bin/git -c protocol.version=2 fetch --no-tags --prune --no-recurse-submodules --depth=1 origin +e740dd72f7e18c666d2c9264aa21f81bd6cb6a09:refs/remotes/pull/1752/merge
2026-05-22T05:17:46.3766688Z From https://github.com/akarlin3/prismTask
2026-05-22T05:17:46.3769346Z  * [new ref]         e740dd72f7e18c666d2c9264aa21f81bd6cb6a09 -> pull/1752/merge
2026-05-22T05:17:46.3806745Z ##[endgroup]
2026-05-22T05:17:46.3808506Z ##[group]Determining the checkout info
2026-05-22T05:17:46.3810399Z ##[endgroup]
2026-05-22T05:17:46.3814795Z [command]/usr/bin/git sparse-checkout disable
2026-05-22T05:17:46.3866749Z [command]/usr/bin/git config --local --unset-all extensions.worktreeConfig
2026-05-22T05:17:46.3903225Z ##[group]Checking out the ref
2026-05-22T05:17:46.3906676Z [command]/usr/bin/git checkout --progress --force refs/remotes/pull/1752/merge
2026-05-22T05:17:46.7288845Z Note: switching to 'refs/remotes/pull/1752/merge'.
2026-05-22T05:17:46.7289688Z 
2026-05-22T05:17:46.7290269Z You are in 'detached HEAD' state. You can look around, make experimental
2026-05-22T05:17:46.7291319Z changes and commit them, and you can discard any commits you make in this
2026-05-22T05:17:46.7292839Z state without impacting any branches by switching back to a branch.
2026-05-22T05:17:46.7293523Z 
2026-05-22T05:17:46.7294041Z If you want to create a new branch to retain commits you create, you may
2026-05-22T05:17:46.7294956Z do so (now or later) by using -c with the switch command. Example:
2026-05-22T05:17:46.7295613Z 
2026-05-22T05:17:46.7295953Z   git switch -c <new-branch-name>
2026-05-22T05:17:46.7296417Z 
2026-05-22T05:17:46.7296791Z Or undo this operation with:
2026-05-22T05:17:46.7297259Z 
2026-05-22T05:17:46.7297618Z   git switch -
2026-05-22T05:17:46.7298159Z 
2026-05-22T05:17:46.7298753Z Turn off this advice by setting config variable advice.detachedHead to false
2026-05-22T05:17:46.7299460Z 
2026-05-22T05:17:46.7300394Z HEAD is now at e740dd7 Merge 53eb06d1ee08b5ee2233614afc957c2f952ca0e5 into dc8d9429fc6cdae5fb0b437eb46e46faff5884de
2026-05-22T05:17:46.7358191Z ##[endgroup]
2026-05-22T05:17:46.7428657Z [command]/usr/bin/git log -1 --format=%H
2026-05-22T05:17:46.7449064Z e740dd72f7e18c666d2c9264aa21f81bd6cb6a09
2026-05-22T05:17:46.7751414Z Prepare all required actions
2026-05-22T05:17:46.7751975Z Getting action download info
2026-05-22T05:17:46.9229222Z Download action repository 'actions/setup-node@v4' (SHA:49933ea5288caeca8642d1e84afbd3f7d6820020)
2026-05-22T05:17:47.1063495Z ##[group]Run ./.github/actions/setup-node-web
2026-05-22T05:17:47.1063815Z ##[endgroup]
2026-05-22T05:17:47.1195380Z ##[group]Run actions/setup-node@v4
2026-05-22T05:17:47.1195722Z with:
2026-05-22T05:17:47.1195941Z   node-version: 22
2026-05-22T05:17:47.1196158Z   cache: npm
2026-05-22T05:17:47.1196401Z   cache-dependency-path: web/package-lock.json
2026-05-22T05:17:47.1196722Z   always-auth: false
2026-05-22T05:17:47.1196932Z   check-latest: false
2026-05-22T05:17:47.1197272Z   token: ***
2026-05-22T05:17:47.1197489Z ##[endgroup]
2026-05-22T05:17:47.3622646Z Found in cache @ /opt/hostedtoolcache/node/22.22.2/x64
2026-05-22T05:17:47.3648686Z ##[group]Environment details
2026-05-22T05:17:47.9054866Z node: v22.22.2
2026-05-22T05:17:47.9055843Z npm: 10.9.7
2026-05-22T05:17:47.9056712Z yarn: 1.22.22
2026-05-22T05:17:47.9074469Z ##[endgroup]
2026-05-22T05:17:47.9089100Z [command]/opt/hostedtoolcache/node/22.22.2/x64/bin/npm config get cache
2026-05-22T05:17:48.0259883Z /home/runner/.npm
2026-05-22T05:17:48.2008077Z npm cache is not found
2026-05-22T05:17:48.2172796Z ##[group]Run npm ci
2026-05-22T05:17:48.2173096Z [36;1mnpm ci[0m
2026-05-22T05:17:48.2220613Z shell: /usr/bin/bash --noprofile --norc -e -o pipefail {0}
2026-05-22T05:17:48.2220984Z ##[endgroup]
2026-05-22T05:18:04.5987264Z 
2026-05-22T05:18:04.5996705Z added 436 packages, and audited 437 packages in 16s
2026-05-22T05:18:04.5997704Z 
2026-05-22T05:18:04.5998189Z 94 packages are looking for funding
2026-05-22T05:18:04.5998931Z   run `npm fund` for details
2026-05-22T05:18:04.6068772Z 
2026-05-22T05:18:04.6069438Z 4 vulnerabilities (3 moderate, 1 critical)
2026-05-22T05:18:04.6070005Z 
2026-05-22T05:18:04.6070397Z To address all issues, run:
2026-05-22T05:18:04.6071074Z   npm audit fix
2026-05-22T05:18:04.6071477Z 
2026-05-22T05:18:04.6071851Z Run `npm audit` for details.
2026-05-22T05:18:04.6734145Z ##[group]Run npm run build
2026-05-22T05:18:04.6734444Z [36;1mnpm run build[0m
2026-05-22T05:18:04.6767657Z shell: /usr/bin/bash -e {0}
2026-05-22T05:18:04.6767911Z ##[endgroup]
2026-05-22T05:18:04.7823006Z 
2026-05-22T05:18:04.7824100Z > web@2.0.0 build
2026-05-22T05:18:04.7826840Z > tsc -b && vite build
2026-05-22T05:18:04.7827655Z 
2026-05-22T05:18:22.5528732Z ##[error]src/utils/__tests__/burnoutScorer.test.ts(11,40): error TS2352: Conversion of type '{ id: string; mood: number; energy: number; timestamp: string; user_id: string; date: string; notes: string; }[]' to type 'MoodEnergyLog[]' may be a mistake because neither type sufficiently overlaps with the other. If this was intentional, convert the expression to 'unknown' first.
2026-05-22T05:18:22.5540382Z   Object literal may only specify known properties, and 'timestamp' does not exist in type 'MoodEnergyLog'.
2026-05-22T05:18:22.5561852Z ##[error]src/utils/__tests__/notifications.test.ts(14,18): error TS2339: Property 'requestPermission' does not exist on type 'Mock<Procedure>'.
2026-05-22T05:18:22.5565569Z ##[error]src/utils/__tests__/notifications.test.ts(25,22): error TS2339: Property 'requestPermission' does not exist on type 'Mock<Procedure>'.
2026-05-22T05:18:22.5568390Z ##[error]src/utils/__tests__/notifications.test.ts(26,22): error TS2339: Property 'permission' does not exist on type 'Mock<Procedure>'.
2026-05-22T05:18:22.5571634Z ##[error]src/utils/__tests__/notifications.test.ts(60,24): error TS2339: Property 'permission' does not exist on type 'Mock<Procedure>'.
2026-05-22T05:18:22.5574925Z ##[error]src/utils/__tests__/notifications.test.ts(66,24): error TS2339: Property 'permission' does not exist on type 'Mock<Procedure>'.
2026-05-22T05:18:22.5577999Z ##[error]src/utils/__tests__/notifications.test.ts(72,24): error TS2339: Property 'permission' does not exist on type 'Mock<Procedure>'.
2026-05-22T05:18:22.5581248Z ##[error]src/utils/__tests__/notifications.test.ts(74,31): error TS2339: Property 'requestPermission' does not exist on type 'Mock<Procedure>'.
2026-05-22T05:18:22.5584917Z ##[error]src/utils/__tests__/notifications.test.ts(89,24): error TS2339: Property 'permission' does not exist on type 'Mock<Procedure>'.
2026-05-22T05:18:22.5587980Z ##[error]src/utils/__tests__/notifications.test.ts(104,24): error TS2339: Property 'permission' does not exist on type 'Mock<Procedure>'.
2026-05-22T05:18:22.5591024Z ##[error]src/utils/__tests__/notifications.test.ts(109,24): error TS2339: Property 'permission' does not exist on type 'Mock<Procedure>'.
2026-05-22T05:18:22.5594467Z ##[error]src/utils/__tests__/notifications.test.ts(122,24): error TS2339: Property 'permission' does not exist on type 'Mock<Procedure>'.
2026-05-22T05:18:22.5597404Z ##[error]src/utils/__tests__/notifications.test.ts(137,24): error TS2339: Property 'permission' does not exist on type 'Mock<Procedure>'.
2026-05-22T05:18:22.5600515Z ##[error]src/utils/__tests__/notifications.test.ts(149,24): error TS2339: Property 'permission' does not exist on type 'Mock<Procedure>'.
2026-05-22T05:18:22.5603995Z ##[error]src/utils/__tests__/notifications.test.ts(163,24): error TS2339: Property 'permission' does not exist on type 'Mock<Procedure>'.
2026-05-22T05:18:23.5502708Z ##[error]Process completed with exit code 2.
2026-05-22T05:18:23.5569798Z Post job cleanup.
2026-05-22T05:18:23.5652871Z Post job cleanup.
2026-05-22T05:18:23.6556713Z [command]/usr/bin/git version
2026-05-22T05:18:23.6629288Z git version 2.54.0
2026-05-22T05:18:23.6667914Z Temporarily overriding HOME='/home/runner/work/_temp/e6a79141-e0a6-4498-9aa5-3665d0c9fb69' before making global git config changes
2026-05-22T05:18:23.6669991Z Adding repository directory to the temporary git global config as a safe directory
2026-05-22T05:18:23.6673313Z [command]/usr/bin/git config --global --add safe.directory /home/runner/work/prismTask/prismTask
2026-05-22T05:18:23.6709040Z Removing SSH command configuration
2026-05-22T05:18:23.6717064Z [command]/usr/bin/git config --local --name-only --get-regexp core\.sshCommand
2026-05-22T05:18:23.6757745Z [command]/usr/bin/git submodule foreach --recursive sh -c "git config --local --name-only --get-regexp 'core\.sshCommand' && git config --local --unset-all 'core.sshCommand' || :"
2026-05-22T05:18:23.6999952Z Removing HTTP extra header
2026-05-22T05:18:23.7006899Z [command]/usr/bin/git config --local --name-only --get-regexp http\.https\:\/\/github\.com\/\.extraheader
2026-05-22T05:18:23.7046869Z [command]/usr/bin/git submodule foreach --recursive sh -c "git config --local --name-only --get-regexp 'http\.https\:\/\/github\.com\/\.extraheader' && git config --local --unset-all 'http.https://github.com/.extraheader' || :"
2026-05-22T05:18:23.7281319Z Removing includeIf entries pointing to credentials config files
2026-05-22T05:18:23.7290175Z [command]/usr/bin/git config --local --name-only --get-regexp ^includeIf\.gitdir:
2026-05-22T05:18:23.7351312Z includeif.gitdir:/home/runner/work/prismTask/prismTask/.git.path
2026-05-22T05:18:23.7353457Z includeif.gitdir:/home/runner/work/prismTask/prismTask/.git/worktrees/*.path
2026-05-22T05:18:23.7354479Z includeif.gitdir:/github/workspace/.git.path
2026-05-22T05:18:23.7355319Z includeif.gitdir:/github/workspace/.git/worktrees/*.path
2026-05-22T05:18:23.7364636Z [command]/usr/bin/git config --local --get-all includeif.gitdir:/home/runner/work/prismTask/prismTask/.git.path
2026-05-22T05:18:23.7388857Z /home/runner/work/_temp/git-credentials-c0afb928-9765-4b64-b559-c83216dba99f.config
2026-05-22T05:18:23.7403120Z [command]/usr/bin/git config --local --unset includeif.gitdir:/home/runner/work/prismTask/prismTask/.git.path /home/runner/work/_temp/git-credentials-c0afb928-9765-4b64-b559-c83216dba99f.config
2026-05-22T05:18:23.7444813Z [command]/usr/bin/git config --local --get-all includeif.gitdir:/home/runner/work/prismTask/prismTask/.git/worktrees/*.path
2026-05-22T05:18:23.7470147Z /home/runner/work/_temp/git-credentials-c0afb928-9765-4b64-b559-c83216dba99f.config
2026-05-22T05:18:23.7481105Z [command]/usr/bin/git config --local --unset includeif.gitdir:/home/runner/work/prismTask/prismTask/.git/worktrees/*.path /home/runner/work/_temp/git-credentials-c0afb928-9765-4b64-b559-c83216dba99f.config
2026-05-22T05:18:23.7618624Z [command]/usr/bin/git config --local --get-all includeif.gitdir:/github/workspace/.git.path
2026-05-22T05:18:23.7645921Z /github/runner_temp/git-credentials-c0afb928-9765-4b64-b559-c83216dba99f.config
2026-05-22T05:18:23.7750202Z [command]/usr/bin/git config --local --unset includeif.gitdir:/github/workspace/.git.path /github/runner_temp/git-credentials-c0afb928-9765-4b64-b559-c83216dba99f.config
2026-05-22T05:18:23.7754910Z [command]/usr/bin/git config --local --get-all includeif.gitdir:/github/workspace/.git/worktrees/*.path
2026-05-22T05:18:23.7758362Z /github/runner_temp/git-credentials-c0afb928-9765-4b64-b559-c83216dba99f.config
2026-05-22T05:18:23.7760892Z [command]/usr/bin/git config --local --unset includeif.gitdir:/github/workspace/.git/worktrees/*.path /github/runner_temp/git-credentials-c0afb928-9765-4b64-b559-c83216dba99f.config
2026-05-22T05:18:23.7764042Z [command]/usr/bin/git submodule foreach --recursive git config --local --show-origin --name-only --get-regexp remote.origin.url
2026-05-22T05:18:23.8168051Z Removing credentials config '/home/runner/work/_temp/git-credentials-c0afb928-9765-4b64-b559-c83216dba99f.config'
2026-05-22T05:18:23.8258419Z Cleaning up orphan processes
2026-05-22T05:18:23.8522069Z ##[warning]Node.js 20 actions are deprecated. The following actions are running on Node.js 20 and may not work as expected: actions/setup-node@v4. Actions will be forced to run with Node.js 24 by default starting June 2nd, 2026. Node.js 20 will be removed from the runner on September 16th, 2026. Please check if updated versions of these actions are available that support Node.js 24. To opt into Node.js 24 now, set the FORCE_JAVASCRIPT_ACTIONS_TO_NODE24=true environment variable on the runner or in your workflow file. Once Node.js 24 becomes the default, you can temporarily opt out by setting ACTIONS_ALLOW_USE_UNSECURE_NODE_VERSION=true. For more information see: https://github.blog/changelog/2025-09-19-deprecation-of-node-20-on-github-actions-runners/


--- Job: web-lint-and-test (id 77320986682) ---
2026-05-22T05:23:52.9054047Z Current runner version: '2.334.0'
2026-05-22T05:23:52.9131262Z ##[group]Runner Image Provisioner
2026-05-22T05:23:52.9132514Z Hosted Compute Agent
2026-05-22T05:23:52.9133584Z Version: 20260213.493
2026-05-22T05:23:52.9134526Z Commit: 5c115507f6dd24b8de37d8bbe0bb4509d0cc0fa3
2026-05-22T05:23:52.9135731Z Build Date: 2026-02-13T00:28:41Z
2026-05-22T05:23:52.9136877Z Worker ID: {a7e7821a-fcd2-4123-9816-fb98ee6bca21}
2026-05-22T05:23:52.9138143Z Azure Region: eastus2
2026-05-22T05:23:52.9139041Z ##[endgroup]
2026-05-22T05:23:52.9142631Z ##[group]Operating System
2026-05-22T05:23:52.9143768Z Ubuntu
2026-05-22T05:23:52.9144483Z 24.04.4
2026-05-22T05:23:52.9145404Z LTS
2026-05-22T05:23:52.9146181Z ##[endgroup]
2026-05-22T05:23:52.9147018Z ##[group]Runner Image
2026-05-22T05:23:52.9147886Z Image: ubuntu-24.04
2026-05-22T05:23:52.9148949Z Version: 20260518.149.1
2026-05-22T05:23:52.9171526Z Included Software: https://github.com/actions/runner-images/blob/ubuntu24/20260518.149/images/ubuntu/Ubuntu2404-Readme.md
2026-05-22T05:23:52.9174305Z Image Release: https://github.com/actions/runner-images/releases/tag/ubuntu24%2F20260518.149
2026-05-22T05:23:52.9175898Z ##[endgroup]
2026-05-22T05:23:52.9178220Z ##[group]GITHUB_TOKEN Permissions
2026-05-22T05:23:52.9181544Z Actions: read
2026-05-22T05:23:52.9182416Z Checks: read
2026-05-22T05:23:52.9183312Z Contents: write
2026-05-22T05:23:52.9184142Z Metadata: read
2026-05-22T05:23:52.9184918Z PullRequests: read
2026-05-22T05:23:52.9185910Z ##[endgroup]
2026-05-22T05:23:52.9189929Z Secret source: Actions
2026-05-22T05:23:52.9212112Z Prepare workflow directory
2026-05-22T05:23:52.9883689Z Prepare all required actions
2026-05-22T05:23:53.0178950Z Complete job name: web-lint-and-test
2026-05-22T05:23:53.1869587Z ##[group]Run if [ 'failure' != 'success' ]; then
2026-05-22T05:23:53.1871230Z [36;1mif [ 'failure' != 'success' ]; then[0m
2026-05-22T05:23:53.1872528Z [36;1m  echo "web-lint finished with failure" >&2[0m
2026-05-22T05:23:53.1873729Z [36;1m  exit 1[0m
2026-05-22T05:23:53.1874557Z [36;1mfi[0m
2026-05-22T05:23:53.1875385Z [36;1mif [ 'success' != 'success' ]; then[0m
2026-05-22T05:23:53.1876675Z [36;1m  echo "web-unit-tests finished with success" >&2[0m
2026-05-22T05:23:53.1877783Z [36;1m  exit 1[0m
2026-05-22T05:23:53.1878562Z [36;1mfi[0m
2026-05-22T05:23:53.1879417Z [36;1mif [ 'failure' != 'success' ]; then[0m
2026-05-22T05:23:53.1883857Z [36;1m  echo "web-build finished with failure" >&2[0m
2026-05-22T05:23:53.1885136Z [36;1m  exit 1[0m
2026-05-22T05:23:53.1885928Z [36;1mfi[0m
2026-05-22T05:23:53.1886953Z [36;1mecho "✓ Split web lint, unit-test shards, and build passed."[0m
2026-05-22T05:23:53.2679580Z shell: /usr/bin/bash -e {0}
2026-05-22T05:23:53.2681781Z ##[endgroup]
2026-05-22T05:23:53.3322009Z web-lint finished with failure
2026-05-22T05:23:53.3348199Z ##[error]Process completed with exit code 1.
2026-05-22T05:23:53.3526657Z Cleaning up orphan processes
