=== CI FAILURE ===
Workflow:      Web CI
Workflow file: akarlin3/prismTask/.github/workflows/web-ci.yml@refs/pull/1705/merge
Job(s):        web-lint, web-build, web-lint-and-test
Run ID:        26269392085
Run attempt:   1
Run URL:       https://github.com/akarlin3/prismTask/actions/runs/26269392085
Commit:        d04d09c0c747ff6057902de9bc87f1dc47520b44
Branch:        1705/merge
Event:         pull_request
Actor:         akarlin3
Runner OS:     Linux
Timestamp:     2026-05-22T05:03:27.302Z

Failed steps:
  - web-lint: #5 Run ESLint
  - web-build: #5 Build web app
  - web-lint-and-test: #2 Verify split web checks

=== FAILED JOB LOG ===

--- Job: web-lint (id 77319446214) ---
2026-05-22T05:01:30.6450812Z Current runner version: '2.334.0'
2026-05-22T05:01:30.6486566Z ##[group]Runner Image Provisioner
2026-05-22T05:01:30.6487741Z Hosted Compute Agent
2026-05-22T05:01:30.6488513Z Version: 20260213.493
2026-05-22T05:01:30.6489645Z Commit: 5c115507f6dd24b8de37d8bbe0bb4509d0cc0fa3
2026-05-22T05:01:30.6490737Z Build Date: 2026-02-13T00:28:41Z
2026-05-22T05:01:30.6491883Z Worker ID: {9b0ae7b8-c8cc-4238-8597-158a6d19d9a1}
2026-05-22T05:01:30.6493333Z Azure Region: eastus
2026-05-22T05:01:30.6494264Z ##[endgroup]
2026-05-22T05:01:30.6496187Z ##[group]Operating System
2026-05-22T05:01:30.6497280Z Ubuntu
2026-05-22T05:01:30.6498021Z 24.04.4
2026-05-22T05:01:30.6498737Z LTS
2026-05-22T05:01:30.6499546Z ##[endgroup]
2026-05-22T05:01:30.6500285Z ##[group]Runner Image
2026-05-22T05:01:30.6501169Z Image: ubuntu-24.04
2026-05-22T05:01:30.6502038Z Version: 20260518.149.1
2026-05-22T05:01:30.6504308Z Included Software: https://github.com/actions/runner-images/blob/ubuntu24/20260518.149/images/ubuntu/Ubuntu2404-Readme.md
2026-05-22T05:01:30.6506794Z Image Release: https://github.com/actions/runner-images/releases/tag/ubuntu24%2F20260518.149
2026-05-22T05:01:30.6508310Z ##[endgroup]
2026-05-22T05:01:30.6510495Z ##[group]GITHUB_TOKEN Permissions
2026-05-22T05:01:30.6513776Z Actions: read
2026-05-22T05:01:30.6514592Z Checks: read
2026-05-22T05:01:30.6515500Z Contents: write
2026-05-22T05:01:30.6516243Z Metadata: read
2026-05-22T05:01:30.6517028Z PullRequests: read
2026-05-22T05:01:30.6517949Z ##[endgroup]
2026-05-22T05:01:30.6521412Z Secret source: Actions
2026-05-22T05:01:30.6522391Z Prepare workflow directory
2026-05-22T05:01:30.7070502Z Prepare all required actions
2026-05-22T05:01:30.7121872Z Getting action download info
2026-05-22T05:01:30.9719784Z Download action repository 'actions/checkout@v6' (SHA:de0fac2e4500dabe0009e67214ff5f5447ce83dd)
2026-05-22T05:01:31.2403658Z Complete job name: web-lint
2026-05-22T05:01:31.3084387Z ##[group]Run actions/checkout@v6
2026-05-22T05:01:31.3085481Z with:
2026-05-22T05:01:31.3085896Z   repository: akarlin3/prismTask
2026-05-22T05:01:31.3086586Z   token: ***
2026-05-22T05:01:31.3086981Z   ssh-strict: true
2026-05-22T05:01:31.3087381Z   ssh-user: git
2026-05-22T05:01:31.3087790Z   persist-credentials: true
2026-05-22T05:01:31.3088230Z   clean: true
2026-05-22T05:01:31.3088633Z   sparse-checkout-cone-mode: true
2026-05-22T05:01:31.3089107Z   fetch-depth: 1
2026-05-22T05:01:31.3089490Z   fetch-tags: false
2026-05-22T05:01:31.3089888Z   show-progress: true
2026-05-22T05:01:31.3090280Z   lfs: false
2026-05-22T05:01:31.3090655Z   submodules: false
2026-05-22T05:01:31.3091052Z   set-safe-directory: true
2026-05-22T05:01:31.3091691Z ##[endgroup]
2026-05-22T05:01:31.4194468Z Syncing repository: akarlin3/prismTask
2026-05-22T05:01:31.4197088Z ##[group]Getting Git version info
2026-05-22T05:01:31.4198348Z Working directory is '/home/runner/work/prismTask/prismTask'
2026-05-22T05:01:31.4199841Z [command]/usr/bin/git version
2026-05-22T05:01:31.4228040Z git version 2.54.0
2026-05-22T05:01:31.4284460Z ##[endgroup]
2026-05-22T05:01:31.4300738Z Temporarily overriding HOME='/home/runner/work/_temp/84d22ab5-cda5-4e66-9157-73ef833ffee2' before making global git config changes
2026-05-22T05:01:31.4303680Z Adding repository directory to the temporary git global config as a safe directory
2026-05-22T05:01:31.4308697Z [command]/usr/bin/git config --global --add safe.directory /home/runner/work/prismTask/prismTask
2026-05-22T05:01:31.4356282Z Deleting the contents of '/home/runner/work/prismTask/prismTask'
2026-05-22T05:01:31.4365051Z ##[group]Initializing the repository
2026-05-22T05:01:31.4366714Z [command]/usr/bin/git init /home/runner/work/prismTask/prismTask
2026-05-22T05:01:31.4443605Z hint: Using 'master' as the name for the initial branch. This default branch name
2026-05-22T05:01:31.4445316Z hint: will change to "main" in Git 3.0. To configure the initial branch name
2026-05-22T05:01:31.4446956Z hint: to use in all of your new repositories, which will suppress this warning,
2026-05-22T05:01:31.4448187Z hint: call:
2026-05-22T05:01:31.4449187Z hint:
2026-05-22T05:01:31.4451407Z hint: 	git config --global init.defaultBranch <name>
2026-05-22T05:01:31.4452499Z hint:
2026-05-22T05:01:31.4453817Z hint: Names commonly chosen instead of 'master' are 'main', 'trunk' and
2026-05-22T05:01:31.4455519Z hint: 'development'. The just-created branch can be renamed via this command:
2026-05-22T05:01:31.4456959Z hint:
2026-05-22T05:01:31.4457793Z hint: 	git branch -m <name>
2026-05-22T05:01:31.4458780Z hint:
2026-05-22T05:01:31.4459923Z hint: Disable this message with "git config set advice.defaultBranchName false"
2026-05-22T05:01:31.4462650Z Initialized empty Git repository in /home/runner/work/prismTask/prismTask/.git/
2026-05-22T05:01:31.4468657Z [command]/usr/bin/git remote add origin https://github.com/akarlin3/prismTask
2026-05-22T05:01:31.4508899Z ##[endgroup]
2026-05-22T05:01:31.4510202Z ##[group]Disabling automatic garbage collection
2026-05-22T05:01:31.4515113Z [command]/usr/bin/git config --local gc.auto 0
2026-05-22T05:01:31.4549361Z ##[endgroup]
2026-05-22T05:01:31.4550742Z ##[group]Setting up auth
2026-05-22T05:01:31.4551956Z Removing SSH command configuration
2026-05-22T05:01:31.4557761Z [command]/usr/bin/git config --local --name-only --get-regexp core\.sshCommand
2026-05-22T05:01:31.4595233Z [command]/usr/bin/git submodule foreach --recursive sh -c "git config --local --name-only --get-regexp 'core\.sshCommand' && git config --local --unset-all 'core.sshCommand' || :"
2026-05-22T05:01:31.4902604Z Removing HTTP extra header
2026-05-22T05:01:31.4908860Z [command]/usr/bin/git config --local --name-only --get-regexp http\.https\:\/\/github\.com\/\.extraheader
2026-05-22T05:01:31.4947102Z [command]/usr/bin/git submodule foreach --recursive sh -c "git config --local --name-only --get-regexp 'http\.https\:\/\/github\.com\/\.extraheader' && git config --local --unset-all 'http.https://github.com/.extraheader' || :"
2026-05-22T05:01:31.5185264Z Removing includeIf entries pointing to credentials config files
2026-05-22T05:01:31.5189877Z [command]/usr/bin/git config --local --name-only --get-regexp ^includeIf\.gitdir:
2026-05-22T05:01:31.5226377Z [command]/usr/bin/git submodule foreach --recursive git config --local --show-origin --name-only --get-regexp remote.origin.url
2026-05-22T05:01:31.5471089Z [command]/usr/bin/git config --file /home/runner/work/_temp/git-credentials-7c59110e-48b5-490d-8e10-800606dc2b2b.config http.https://github.com/.extraheader AUTHORIZATION: basic ***
2026-05-22T05:01:31.5510756Z [command]/usr/bin/git config --local includeIf.gitdir:/home/runner/work/prismTask/prismTask/.git.path /home/runner/work/_temp/git-credentials-7c59110e-48b5-490d-8e10-800606dc2b2b.config
2026-05-22T05:01:31.5544520Z [command]/usr/bin/git config --local includeIf.gitdir:/home/runner/work/prismTask/prismTask/.git/worktrees/*.path /home/runner/work/_temp/git-credentials-7c59110e-48b5-490d-8e10-800606dc2b2b.config
2026-05-22T05:01:31.5667574Z [command]/usr/bin/git config --local includeIf.gitdir:/github/workspace/.git.path /github/runner_temp/git-credentials-7c59110e-48b5-490d-8e10-800606dc2b2b.config
2026-05-22T05:01:31.5695247Z [command]/usr/bin/git config --local includeIf.gitdir:/github/workspace/.git/worktrees/*.path /github/runner_temp/git-credentials-7c59110e-48b5-490d-8e10-800606dc2b2b.config
2026-05-22T05:01:31.5733819Z ##[endgroup]
2026-05-22T05:01:31.5737582Z ##[group]Fetching the repository
2026-05-22T05:01:31.5741235Z [command]/usr/bin/git -c protocol.version=2 fetch --no-tags --prune --no-recurse-submodules --depth=1 origin +d04d09c0c747ff6057902de9bc87f1dc47520b44:refs/remotes/pull/1705/merge
2026-05-22T05:01:33.3900594Z From https://github.com/akarlin3/prismTask
2026-05-22T05:01:33.3905141Z  * [new ref]         d04d09c0c747ff6057902de9bc87f1dc47520b44 -> pull/1705/merge
2026-05-22T05:01:33.3936974Z ##[endgroup]
2026-05-22T05:01:33.3938853Z ##[group]Determining the checkout info
2026-05-22T05:01:33.3940874Z ##[endgroup]
2026-05-22T05:01:33.3945417Z [command]/usr/bin/git sparse-checkout disable
2026-05-22T05:01:33.3992156Z [command]/usr/bin/git config --local --unset-all extensions.worktreeConfig
2026-05-22T05:01:33.4026760Z ##[group]Checking out the ref
2026-05-22T05:01:33.4030699Z [command]/usr/bin/git checkout --progress --force refs/remotes/pull/1705/merge
2026-05-22T05:01:33.7244531Z Note: switching to 'refs/remotes/pull/1705/merge'.
2026-05-22T05:01:33.7245623Z 
2026-05-22T05:01:33.7246398Z You are in 'detached HEAD' state. You can look around, make experimental
2026-05-22T05:01:33.7247836Z changes and commit them, and you can discard any commits you make in this
2026-05-22T05:01:33.7249365Z state without impacting any branches by switching back to a branch.
2026-05-22T05:01:33.7250255Z 
2026-05-22T05:01:33.7250955Z If you want to create a new branch to retain commits you create, you may
2026-05-22T05:01:33.7252373Z do so (now or later) by using -c with the switch command. Example:
2026-05-22T05:01:33.7253367Z 
2026-05-22T05:01:33.7253878Z   git switch -c <new-branch-name>
2026-05-22T05:01:33.7254509Z 
2026-05-22T05:01:33.7255029Z Or undo this operation with:
2026-05-22T05:01:33.7255652Z 
2026-05-22T05:01:33.7256177Z   git switch -
2026-05-22T05:01:33.7256857Z 
2026-05-22T05:01:33.7257655Z Turn off this advice by setting config variable advice.detachedHead to false
2026-05-22T05:01:33.7258573Z 
2026-05-22T05:01:33.7259538Z HEAD is now at d04d09c Merge cc2ddd8d734d0533d946bce2907b3afc419b31b9 into dc8d9429fc6cdae5fb0b437eb46e46faff5884de
2026-05-22T05:01:33.7274754Z ##[endgroup]
2026-05-22T05:01:33.7319368Z [command]/usr/bin/git log -1 --format=%H
2026-05-22T05:01:33.7346236Z d04d09c0c747ff6057902de9bc87f1dc47520b44
2026-05-22T05:01:33.7674228Z Prepare all required actions
2026-05-22T05:01:33.7675159Z Getting action download info
2026-05-22T05:01:33.8929371Z Download action repository 'actions/setup-node@v4' (SHA:49933ea5288caeca8642d1e84afbd3f7d6820020)
2026-05-22T05:01:34.0055876Z ##[group]Run ./.github/actions/setup-node-web
2026-05-22T05:01:34.0056594Z ##[endgroup]
2026-05-22T05:01:34.0212039Z ##[group]Run actions/setup-node@v4
2026-05-22T05:01:34.0212780Z with:
2026-05-22T05:01:34.0213504Z   node-version: 22
2026-05-22T05:01:34.0214085Z   cache: npm
2026-05-22T05:01:34.0214696Z   cache-dependency-path: web/package-lock.json
2026-05-22T05:01:34.0215404Z   always-auth: false
2026-05-22T05:01:34.0215988Z   check-latest: false
2026-05-22T05:01:34.0216736Z   token: ***
2026-05-22T05:01:34.0217315Z ##[endgroup]
2026-05-22T05:01:34.2096219Z Found in cache @ /opt/hostedtoolcache/node/22.22.3/x64
2026-05-22T05:01:34.2102871Z ##[group]Environment details
2026-05-22T05:01:34.7413709Z node: v22.22.3
2026-05-22T05:01:34.7420740Z npm: 10.9.8
2026-05-22T05:01:34.7432450Z yarn: 1.22.22
2026-05-22T05:01:34.7464003Z ##[endgroup]
2026-05-22T05:01:34.7470652Z [command]/opt/hostedtoolcache/node/22.22.3/x64/bin/npm config get cache
2026-05-22T05:01:34.8816591Z /home/runner/.npm
2026-05-22T05:01:34.9735046Z npm cache is not found
2026-05-22T05:01:34.9896610Z ##[group]Run npm ci
2026-05-22T05:01:34.9896900Z [36;1mnpm ci[0m
2026-05-22T05:01:34.9941876Z shell: /usr/bin/bash --noprofile --norc -e -o pipefail {0}
2026-05-22T05:01:34.9942257Z ##[endgroup]
2026-05-22T05:01:47.7677279Z 
2026-05-22T05:01:47.7709727Z added 436 packages, and audited 437 packages in 13s
2026-05-22T05:01:47.7728888Z 
2026-05-22T05:01:47.7763656Z 94 packages are looking for funding
2026-05-22T05:01:47.7783537Z   run `npm fund` for details
2026-05-22T05:01:47.7803295Z 
2026-05-22T05:01:47.7813778Z 4 vulnerabilities (3 moderate, 1 critical)
2026-05-22T05:01:47.7843280Z 
2026-05-22T05:01:47.7863533Z To address all issues, run:
2026-05-22T05:01:47.7883432Z   npm audit fix
2026-05-22T05:01:47.7895104Z 
2026-05-22T05:01:47.7901115Z Run `npm audit` for details.
2026-05-22T05:01:47.8699540Z ##[group]Run npm run lint
2026-05-22T05:01:47.8699936Z [36;1mnpm run lint[0m
2026-05-22T05:01:47.8748200Z shell: /usr/bin/bash -e {0}
2026-05-22T05:01:47.8748588Z ##[endgroup]
2026-05-22T05:01:48.0173704Z 
2026-05-22T05:01:48.0194093Z > web@2.0.0 lint
2026-05-22T05:01:48.0194842Z > eslint .
2026-05-22T05:01:48.0198878Z 
2026-05-22T05:02:19.1640577Z 
2026-05-22T05:02:19.1645304Z /home/runner/work/prismTask/prismTask/web/src/routes/index.tsx
2026-05-22T05:02:19.1711046Z ##[error]  14:7  error  Fast refresh only works when a file only exports components. Move your component(s) to a separate file. If all exports are HOCs, add them to the `extraHOCs` option  react-refresh/only-export-components
2026-05-22T05:02:19.1723946Z ##[error]  15:7  error  Fast refresh only works when a file only exports components. Move your component(s) to a separate file. If all exports are HOCs, add them to the `extraHOCs` option  react-refresh/only-export-components
2026-05-22T05:02:19.1728274Z ##[error]  18:7  error  Fast refresh only works when a file only exports components. Move your component(s) to a separate file. If all exports are HOCs, add them to the `extraHOCs` option  react-refresh/only-export-components
2026-05-22T05:02:19.1732197Z ##[error]  19:7  error  Fast refresh only works when a file only exports components. Move your component(s) to a separate file. If all exports are HOCs, add them to the `extraHOCs` option  react-refresh/only-export-components
2026-05-22T05:02:19.1736537Z ##[error]  20:7  error  Fast refresh only works when a file only exports components. Move your component(s) to a separate file. If all exports are HOCs, add them to the `extraHOCs` option  react-refresh/only-export-components
2026-05-22T05:02:19.1738369Z 
2026-05-22T05:02:19.1738942Z ✖ 5 problems (5 errors, 0 warnings)
2026-05-22T05:02:19.1739236Z 
2026-05-22T05:02:19.4209703Z ##[error]Process completed with exit code 1.
2026-05-22T05:02:19.4275593Z Post job cleanup.
2026-05-22T05:02:19.4356100Z Post job cleanup.
2026-05-22T05:02:19.5236612Z [command]/usr/bin/git version
2026-05-22T05:02:19.5278507Z git version 2.54.0
2026-05-22T05:02:19.5322621Z Temporarily overriding HOME='/home/runner/work/_temp/3fafbd48-e263-4177-8ce5-97eaedce6ce5' before making global git config changes
2026-05-22T05:02:19.5324665Z Adding repository directory to the temporary git global config as a safe directory
2026-05-22T05:02:19.5326929Z [command]/usr/bin/git config --global --add safe.directory /home/runner/work/prismTask/prismTask
2026-05-22T05:02:19.5362725Z Removing SSH command configuration
2026-05-22T05:02:19.5371384Z [command]/usr/bin/git config --local --name-only --get-regexp core\.sshCommand
2026-05-22T05:02:19.5411497Z [command]/usr/bin/git submodule foreach --recursive sh -c "git config --local --name-only --get-regexp 'core\.sshCommand' && git config --local --unset-all 'core.sshCommand' || :"
2026-05-22T05:02:19.5661623Z Removing HTTP extra header
2026-05-22T05:02:19.5668355Z [command]/usr/bin/git config --local --name-only --get-regexp http\.https\:\/\/github\.com\/\.extraheader
2026-05-22T05:02:19.5710881Z [command]/usr/bin/git submodule foreach --recursive sh -c "git config --local --name-only --get-regexp 'http\.https\:\/\/github\.com\/\.extraheader' && git config --local --unset-all 'http.https://github.com/.extraheader' || :"
2026-05-22T05:02:19.5993905Z Removing includeIf entries pointing to credentials config files
2026-05-22T05:02:19.6001464Z [command]/usr/bin/git config --local --name-only --get-regexp ^includeIf\.gitdir:
2026-05-22T05:02:19.6048919Z includeif.gitdir:/home/runner/work/prismTask/prismTask/.git.path
2026-05-22T05:02:19.6076708Z includeif.gitdir:/home/runner/work/prismTask/prismTask/.git/worktrees/*.path
2026-05-22T05:02:19.6077850Z includeif.gitdir:/github/workspace/.git.path
2026-05-22T05:02:19.6096964Z includeif.gitdir:/github/workspace/.git/worktrees/*.path
2026-05-22T05:02:19.6139081Z [command]/usr/bin/git config --local --get-all includeif.gitdir:/home/runner/work/prismTask/prismTask/.git.path
2026-05-22T05:02:19.6160388Z /home/runner/work/_temp/git-credentials-7c59110e-48b5-490d-8e10-800606dc2b2b.config
2026-05-22T05:02:19.6163729Z [command]/usr/bin/git config --local --unset includeif.gitdir:/home/runner/work/prismTask/prismTask/.git.path /home/runner/work/_temp/git-credentials-7c59110e-48b5-490d-8e10-800606dc2b2b.config
2026-05-22T05:02:19.6167310Z [command]/usr/bin/git config --local --get-all includeif.gitdir:/home/runner/work/prismTask/prismTask/.git/worktrees/*.path
2026-05-22T05:02:19.6199463Z /home/runner/work/_temp/git-credentials-7c59110e-48b5-490d-8e10-800606dc2b2b.config
2026-05-22T05:02:19.6221692Z [command]/usr/bin/git config --local --unset includeif.gitdir:/home/runner/work/prismTask/prismTask/.git/worktrees/*.path /home/runner/work/_temp/git-credentials-7c59110e-48b5-490d-8e10-800606dc2b2b.config
2026-05-22T05:02:19.6278765Z [command]/usr/bin/git config --local --get-all includeif.gitdir:/github/workspace/.git.path
2026-05-22T05:02:19.6312775Z /github/runner_temp/git-credentials-7c59110e-48b5-490d-8e10-800606dc2b2b.config
2026-05-22T05:02:19.6325477Z [command]/usr/bin/git config --local --unset includeif.gitdir:/github/workspace/.git.path /github/runner_temp/git-credentials-7c59110e-48b5-490d-8e10-800606dc2b2b.config
2026-05-22T05:02:19.6370951Z [command]/usr/bin/git config --local --get-all includeif.gitdir:/github/workspace/.git/worktrees/*.path
2026-05-22T05:02:19.6399137Z /github/runner_temp/git-credentials-7c59110e-48b5-490d-8e10-800606dc2b2b.config
2026-05-22T05:02:19.6424395Z [command]/usr/bin/git config --local --unset includeif.gitdir:/github/workspace/.git/worktrees/*.path /github/runner_temp/git-credentials-7c59110e-48b5-490d-8e10-800606dc2b2b.config
2026-05-22T05:02:19.6491534Z [command]/usr/bin/git submodule foreach --recursive git config --local --show-origin --name-only --get-regexp remote.origin.url
2026-05-22T05:02:19.6854499Z Removing credentials config '/home/runner/work/_temp/git-credentials-7c59110e-48b5-490d-8e10-800606dc2b2b.config'
2026-05-22T05:02:19.7027228Z Cleaning up orphan processes
2026-05-22T05:02:19.7277970Z ##[warning]Node.js 20 actions are deprecated. The following actions are running on Node.js 20 and may not work as expected: actions/setup-node@v4. Actions will be forced to run with Node.js 24 by default starting June 2nd, 2026. Node.js 20 will be removed from the runner on September 16th, 2026. Please check if updated versions of these actions are available that support Node.js 24. To opt into Node.js 24 now, set the FORCE_JAVASCRIPT_ACTIONS_TO_NODE24=true environment variable on the runner or in your workflow file. Once Node.js 24 becomes the default, you can temporarily opt out by setting ACTIONS_ALLOW_USE_UNSECURE_NODE_VERSION=true. For more information see: https://github.blog/changelog/2025-09-19-deprecation-of-node-20-on-github-actions-runners/


--- Job: web-build (id 77319446224) ---
2026-05-22T05:01:30.6240175Z Current runner version: '2.334.0'
2026-05-22T05:01:30.6315613Z ##[group]Runner Image Provisioner
2026-05-22T05:01:30.6316966Z Hosted Compute Agent
2026-05-22T05:01:30.6317841Z Version: 20260213.493
2026-05-22T05:01:30.6318664Z Commit: 5c115507f6dd24b8de37d8bbe0bb4509d0cc0fa3
2026-05-22T05:01:30.6319682Z Build Date: 2026-02-13T00:28:41Z
2026-05-22T05:01:30.6320743Z Worker ID: {1443b3c9-5fdd-4067-b8e5-fe98fec08507}
2026-05-22T05:01:30.6321713Z Azure Region: northcentralus
2026-05-22T05:01:30.6322547Z ##[endgroup]
2026-05-22T05:01:30.6324762Z ##[group]Operating System
2026-05-22T05:01:30.6327533Z Ubuntu
2026-05-22T05:01:30.6328354Z 24.04.4
2026-05-22T05:01:30.6329151Z LTS
2026-05-22T05:01:30.6329761Z ##[endgroup]
2026-05-22T05:01:30.6330465Z ##[group]Runner Image
2026-05-22T05:01:30.6331331Z Image: ubuntu-24.04
2026-05-22T05:01:30.6332029Z Version: 20260513.135.3
2026-05-22T05:01:30.6333904Z Included Software: https://github.com/actions/runner-images/blob/ubuntu24/20260513.135/images/ubuntu/Ubuntu2404-Readme.md
2026-05-22T05:01:30.6336491Z Image Release: https://github.com/actions/runner-images/releases/tag/ubuntu24%2F20260513.135
2026-05-22T05:01:30.6337856Z ##[endgroup]
2026-05-22T05:01:30.6339854Z ##[group]GITHUB_TOKEN Permissions
2026-05-22T05:01:30.6342761Z Actions: read
2026-05-22T05:01:30.6343643Z Checks: read
2026-05-22T05:01:30.6344301Z Contents: write
2026-05-22T05:01:30.6345025Z Metadata: read
2026-05-22T05:01:30.6345850Z PullRequests: read
2026-05-22T05:01:30.6346692Z ##[endgroup]
2026-05-22T05:01:30.6349738Z Secret source: Actions
2026-05-22T05:01:30.6350786Z Prepare workflow directory
2026-05-22T05:01:30.6972888Z Prepare all required actions
2026-05-22T05:01:30.7029770Z Getting action download info
2026-05-22T05:01:31.1856771Z Download action repository 'actions/checkout@v6' (SHA:de0fac2e4500dabe0009e67214ff5f5447ce83dd)
2026-05-22T05:01:31.3761559Z Complete job name: web-build
2026-05-22T05:01:31.4375034Z ##[group]Run actions/checkout@v6
2026-05-22T05:01:31.4376064Z with:
2026-05-22T05:01:31.4376463Z   repository: akarlin3/prismTask
2026-05-22T05:01:31.4377296Z   token: ***
2026-05-22T05:01:31.4377670Z   ssh-strict: true
2026-05-22T05:01:31.4378103Z   ssh-user: git
2026-05-22T05:01:31.4378555Z   persist-credentials: true
2026-05-22T05:01:31.4379037Z   clean: true
2026-05-22T05:01:31.4379453Z   sparse-checkout-cone-mode: true
2026-05-22T05:01:31.4379965Z   fetch-depth: 1
2026-05-22T05:01:31.4380374Z   fetch-tags: false
2026-05-22T05:01:31.4380786Z   show-progress: true
2026-05-22T05:01:31.4381243Z   lfs: false
2026-05-22T05:01:31.4381607Z   submodules: false
2026-05-22T05:01:31.4382032Z   set-safe-directory: true
2026-05-22T05:01:31.4382724Z ##[endgroup]
2026-05-22T05:01:31.5514100Z Syncing repository: akarlin3/prismTask
2026-05-22T05:01:31.5516901Z ##[group]Getting Git version info
2026-05-22T05:01:31.5517616Z Working directory is '/home/runner/work/prismTask/prismTask'
2026-05-22T05:01:31.5520679Z [command]/usr/bin/git version
2026-05-22T05:01:31.5582413Z git version 2.54.0
2026-05-22T05:01:31.5607758Z ##[endgroup]
2026-05-22T05:01:31.5624486Z Temporarily overriding HOME='/home/runner/work/_temp/06d2b6fc-ebff-4615-bba4-a5ff8cfe0ca8' before making global git config changes
2026-05-22T05:01:31.5627607Z Adding repository directory to the temporary git global config as a safe directory
2026-05-22T05:01:31.5631305Z [command]/usr/bin/git config --global --add safe.directory /home/runner/work/prismTask/prismTask
2026-05-22T05:01:31.5814850Z Deleting the contents of '/home/runner/work/prismTask/prismTask'
2026-05-22T05:01:31.5816721Z ##[group]Initializing the repository
2026-05-22T05:01:31.5818093Z [command]/usr/bin/git init /home/runner/work/prismTask/prismTask
2026-05-22T05:01:31.5821673Z hint: Using 'master' as the name for the initial branch. This default branch name
2026-05-22T05:01:31.5824328Z hint: will change to "main" in Git 3.0. To configure the initial branch name
2026-05-22T05:01:31.5825374Z hint: to use in all of your new repositories, which will suppress this warning,
2026-05-22T05:01:31.5826245Z hint: call:
2026-05-22T05:01:31.5827284Z hint:
2026-05-22T05:01:31.5828193Z hint: 	git config --global init.defaultBranch <name>
2026-05-22T05:01:31.5829188Z hint:
2026-05-22T05:01:31.5830252Z hint: Names commonly chosen instead of 'master' are 'main', 'trunk' and
2026-05-22T05:01:31.5835501Z hint: 'development'. The just-created branch can be renamed via this command:
2026-05-22T05:01:31.5837678Z hint:
2026-05-22T05:01:31.5838668Z hint: 	git branch -m <name>
2026-05-22T05:01:31.5839771Z hint:
2026-05-22T05:01:31.5840917Z hint: Disable this message with "git config set advice.defaultBranchName false"
2026-05-22T05:01:31.5842750Z Initialized empty Git repository in /home/runner/work/prismTask/prismTask/.git/
2026-05-22T05:01:31.5848348Z [command]/usr/bin/git remote add origin https://github.com/akarlin3/prismTask
2026-05-22T05:01:31.5890939Z ##[endgroup]
2026-05-22T05:01:31.5892377Z ##[group]Disabling automatic garbage collection
2026-05-22T05:01:31.5894755Z [command]/usr/bin/git config --local gc.auto 0
2026-05-22T05:01:31.5925089Z ##[endgroup]
2026-05-22T05:01:31.5926700Z ##[group]Setting up auth
2026-05-22T05:01:31.5927575Z Removing SSH command configuration
2026-05-22T05:01:31.5932430Z [command]/usr/bin/git config --local --name-only --get-regexp core\.sshCommand
2026-05-22T05:01:31.5965984Z [command]/usr/bin/git submodule foreach --recursive sh -c "git config --local --name-only --get-regexp 'core\.sshCommand' && git config --local --unset-all 'core.sshCommand' || :"
2026-05-22T05:01:31.7297057Z Removing HTTP extra header
2026-05-22T05:01:31.7299067Z [command]/usr/bin/git config --local --name-only --get-regexp http\.https\:\/\/github\.com\/\.extraheader
2026-05-22T05:01:31.7313685Z [command]/usr/bin/git submodule foreach --recursive sh -c "git config --local --name-only --get-regexp 'http\.https\:\/\/github\.com\/\.extraheader' && git config --local --unset-all 'http.https://github.com/.extraheader' || :"
2026-05-22T05:01:31.7318690Z Removing includeIf entries pointing to credentials config files
2026-05-22T05:01:31.7320632Z [command]/usr/bin/git config --local --name-only --get-regexp ^includeIf\.gitdir:
2026-05-22T05:01:31.7324604Z [command]/usr/bin/git submodule foreach --recursive git config --local --show-origin --name-only --get-regexp remote.origin.url
2026-05-22T05:01:31.7331811Z [command]/usr/bin/git config --file /home/runner/work/_temp/git-credentials-f1154fa5-68eb-4d33-98a9-988f7d243b37.config http.https://github.com/.extraheader AUTHORIZATION: basic ***
2026-05-22T05:01:31.7338583Z [command]/usr/bin/git config --local includeIf.gitdir:/home/runner/work/prismTask/prismTask/.git.path /home/runner/work/_temp/git-credentials-f1154fa5-68eb-4d33-98a9-988f7d243b37.config
2026-05-22T05:01:31.7344994Z [command]/usr/bin/git config --local includeIf.gitdir:/home/runner/work/prismTask/prismTask/.git/worktrees/*.path /home/runner/work/_temp/git-credentials-f1154fa5-68eb-4d33-98a9-988f7d243b37.config
2026-05-22T05:01:31.7348631Z [command]/usr/bin/git config --local includeIf.gitdir:/github/workspace/.git.path /github/runner_temp/git-credentials-f1154fa5-68eb-4d33-98a9-988f7d243b37.config
2026-05-22T05:01:31.7351693Z [command]/usr/bin/git config --local includeIf.gitdir:/github/workspace/.git/worktrees/*.path /github/runner_temp/git-credentials-f1154fa5-68eb-4d33-98a9-988f7d243b37.config
2026-05-22T05:01:31.7354227Z ##[endgroup]
2026-05-22T05:01:31.7355071Z ##[group]Fetching the repository
2026-05-22T05:01:31.7356503Z [command]/usr/bin/git -c protocol.version=2 fetch --no-tags --prune --no-recurse-submodules --depth=1 origin +d04d09c0c747ff6057902de9bc87f1dc47520b44:refs/remotes/pull/1705/merge
2026-05-22T05:01:33.7825229Z From https://github.com/akarlin3/prismTask
2026-05-22T05:01:33.7829168Z  * [new ref]         d04d09c0c747ff6057902de9bc87f1dc47520b44 -> pull/1705/merge
2026-05-22T05:01:33.7860241Z ##[endgroup]
2026-05-22T05:01:33.7862807Z ##[group]Determining the checkout info
2026-05-22T05:01:33.7865347Z ##[endgroup]
2026-05-22T05:01:33.7868176Z [command]/usr/bin/git sparse-checkout disable
2026-05-22T05:01:33.7908727Z [command]/usr/bin/git config --local --unset-all extensions.worktreeConfig
2026-05-22T05:01:33.7936773Z ##[group]Checking out the ref
2026-05-22T05:01:33.7939475Z [command]/usr/bin/git checkout --progress --force refs/remotes/pull/1705/merge
2026-05-22T05:01:34.0860029Z Note: switching to 'refs/remotes/pull/1705/merge'.
2026-05-22T05:01:34.0860997Z 
2026-05-22T05:01:34.0861615Z You are in 'detached HEAD' state. You can look around, make experimental
2026-05-22T05:01:34.0862645Z changes and commit them, and you can discard any commits you make in this
2026-05-22T05:01:34.0863699Z state without impacting any branches by switching back to a branch.
2026-05-22T05:01:34.0864302Z 
2026-05-22T05:01:34.0864788Z If you want to create a new branch to retain commits you create, you may
2026-05-22T05:01:34.0865963Z do so (now or later) by using -c with the switch command. Example:
2026-05-22T05:01:34.0866665Z 
2026-05-22T05:01:34.0866987Z   git switch -c <new-branch-name>
2026-05-22T05:01:34.0867432Z 
2026-05-22T05:01:34.0867779Z Or undo this operation with:
2026-05-22T05:01:34.0868183Z 
2026-05-22T05:01:34.0868482Z   git switch -
2026-05-22T05:01:34.0869058Z 
2026-05-22T05:01:34.0869782Z Turn off this advice by setting config variable advice.detachedHead to false
2026-05-22T05:01:34.0871471Z 
2026-05-22T05:01:34.0872329Z HEAD is now at d04d09c Merge cc2ddd8d734d0533d946bce2907b3afc419b31b9 into dc8d9429fc6cdae5fb0b437eb46e46faff5884de
2026-05-22T05:01:34.0876950Z ##[endgroup]
2026-05-22T05:01:34.0916377Z [command]/usr/bin/git log -1 --format=%H
2026-05-22T05:01:34.0936670Z d04d09c0c747ff6057902de9bc87f1dc47520b44
2026-05-22T05:01:34.1204153Z Prepare all required actions
2026-05-22T05:01:34.1204641Z Getting action download info
2026-05-22T05:01:34.2896266Z Download action repository 'actions/setup-node@v4' (SHA:49933ea5288caeca8642d1e84afbd3f7d6820020)
2026-05-22T05:01:34.3756371Z ##[group]Run ./.github/actions/setup-node-web
2026-05-22T05:01:34.3756675Z ##[endgroup]
2026-05-22T05:01:34.3885171Z ##[group]Run actions/setup-node@v4
2026-05-22T05:01:34.3885492Z with:
2026-05-22T05:01:34.3885901Z   node-version: 22
2026-05-22T05:01:34.3886215Z   cache: npm
2026-05-22T05:01:34.3886436Z   cache-dependency-path: web/package-lock.json
2026-05-22T05:01:34.3886699Z   always-auth: false
2026-05-22T05:01:34.3886877Z   check-latest: false
2026-05-22T05:01:34.3887211Z   token: ***
2026-05-22T05:01:34.3887393Z ##[endgroup]
2026-05-22T05:01:34.5684133Z Found in cache @ /opt/hostedtoolcache/node/22.22.2/x64
2026-05-22T05:01:34.5691042Z ##[group]Environment details
2026-05-22T05:01:35.1598936Z node: v22.22.2
2026-05-22T05:01:35.1645251Z npm: 10.9.7
2026-05-22T05:01:35.1646051Z yarn: 1.22.22
2026-05-22T05:01:35.1647380Z ##[endgroup]
2026-05-22T05:01:35.1648226Z [command]/opt/hostedtoolcache/node/22.22.2/x64/bin/npm config get cache
2026-05-22T05:01:35.2763265Z /home/runner/.npm
2026-05-22T05:01:35.4357307Z npm cache is not found
2026-05-22T05:01:35.4497723Z ##[group]Run npm ci
2026-05-22T05:01:35.4498066Z [36;1mnpm ci[0m
2026-05-22T05:01:35.4533361Z shell: /usr/bin/bash --noprofile --norc -e -o pipefail {0}
2026-05-22T05:01:35.4533708Z ##[endgroup]
2026-05-22T05:01:46.3466672Z 
2026-05-22T05:01:46.3505182Z added 436 packages, and audited 437 packages in 11s
2026-05-22T05:01:46.3505965Z 
2026-05-22T05:01:46.3517055Z 94 packages are looking for funding
2026-05-22T05:01:46.3545497Z   run `npm fund` for details
2026-05-22T05:01:46.3566014Z 
2026-05-22T05:01:46.3586417Z 4 vulnerabilities (3 moderate, 1 critical)
2026-05-22T05:01:46.3586915Z 
2026-05-22T05:01:46.3607911Z To address all issues, run:
2026-05-22T05:01:46.3609400Z   npm audit fix
2026-05-22T05:01:46.3609735Z 
2026-05-22T05:01:46.3610031Z Run `npm audit` for details.
2026-05-22T05:01:46.4148620Z ##[group]Run npm run build
2026-05-22T05:01:46.4149061Z [36;1mnpm run build[0m
2026-05-22T05:01:46.4178807Z shell: /usr/bin/bash -e {0}
2026-05-22T05:01:46.4179242Z ##[endgroup]
2026-05-22T05:01:46.5577961Z 
2026-05-22T05:01:46.5578869Z > web@2.0.0 build
2026-05-22T05:01:46.5616851Z > tsc -b && vite build
2026-05-22T05:01:46.5620629Z 
2026-05-22T05:02:05.5092732Z ##[error]src/utils/__tests__/burnoutScorer.test.ts(11,40): error TS2352: Conversion of type '{ id: string; mood: number; energy: number; timestamp: string; user_id: string; date: string; notes: string; }[]' to type 'MoodEnergyLog[]' may be a mistake because neither type sufficiently overlaps with the other. If this was intentional, convert the expression to 'unknown' first.
2026-05-22T05:02:05.5107017Z   Object literal may only specify known properties, and 'timestamp' does not exist in type 'MoodEnergyLog'.
2026-05-22T05:02:05.5109718Z ##[error]src/utils/__tests__/notifications.test.ts(14,18): error TS2339: Property 'requestPermission' does not exist on type 'Mock<Procedure>'.
2026-05-22T05:02:05.5112801Z ##[error]src/utils/__tests__/notifications.test.ts(25,22): error TS2339: Property 'requestPermission' does not exist on type 'Mock<Procedure>'.
2026-05-22T05:02:05.5115855Z ##[error]src/utils/__tests__/notifications.test.ts(26,22): error TS2339: Property 'permission' does not exist on type 'Mock<Procedure>'.
2026-05-22T05:02:05.5118483Z ##[error]src/utils/__tests__/notifications.test.ts(60,24): error TS2339: Property 'permission' does not exist on type 'Mock<Procedure>'.
2026-05-22T05:02:05.5121100Z ##[error]src/utils/__tests__/notifications.test.ts(66,24): error TS2339: Property 'permission' does not exist on type 'Mock<Procedure>'.
2026-05-22T05:02:05.5123829Z ##[error]src/utils/__tests__/notifications.test.ts(72,24): error TS2339: Property 'permission' does not exist on type 'Mock<Procedure>'.
2026-05-22T05:02:05.5126692Z ##[error]src/utils/__tests__/notifications.test.ts(74,31): error TS2339: Property 'requestPermission' does not exist on type 'Mock<Procedure>'.
2026-05-22T05:02:05.5129432Z ##[error]src/utils/__tests__/notifications.test.ts(89,24): error TS2339: Property 'permission' does not exist on type 'Mock<Procedure>'.
2026-05-22T05:02:05.5132006Z ##[error]src/utils/__tests__/notifications.test.ts(104,24): error TS2339: Property 'permission' does not exist on type 'Mock<Procedure>'.
2026-05-22T05:02:05.5134522Z ##[error]src/utils/__tests__/notifications.test.ts(109,24): error TS2339: Property 'permission' does not exist on type 'Mock<Procedure>'.
2026-05-22T05:02:05.5137296Z ##[error]src/utils/__tests__/notifications.test.ts(122,24): error TS2339: Property 'permission' does not exist on type 'Mock<Procedure>'.
2026-05-22T05:02:05.5140048Z ##[error]src/utils/__tests__/notifications.test.ts(137,24): error TS2339: Property 'permission' does not exist on type 'Mock<Procedure>'.
2026-05-22T05:02:05.5142815Z ##[error]src/utils/__tests__/notifications.test.ts(149,24): error TS2339: Property 'permission' does not exist on type 'Mock<Procedure>'.
2026-05-22T05:02:05.5146032Z ##[error]src/utils/__tests__/notifications.test.ts(163,24): error TS2339: Property 'permission' does not exist on type 'Mock<Procedure>'.
2026-05-22T05:02:06.4253718Z ##[error]Process completed with exit code 2.
2026-05-22T05:02:06.4318568Z Post job cleanup.
2026-05-22T05:02:06.4395442Z Post job cleanup.
2026-05-22T05:02:06.5248994Z [command]/usr/bin/git version
2026-05-22T05:02:06.5286794Z git version 2.54.0
2026-05-22T05:02:06.5327019Z Temporarily overriding HOME='/home/runner/work/_temp/11023138-78d5-4b43-8dc4-f65450d41e8f' before making global git config changes
2026-05-22T05:02:06.5330455Z Adding repository directory to the temporary git global config as a safe directory
2026-05-22T05:02:06.5333407Z [command]/usr/bin/git config --global --add safe.directory /home/runner/work/prismTask/prismTask
2026-05-22T05:02:06.5363156Z Removing SSH command configuration
2026-05-22T05:02:06.5370827Z [command]/usr/bin/git config --local --name-only --get-regexp core\.sshCommand
2026-05-22T05:02:06.5405874Z [command]/usr/bin/git submodule foreach --recursive sh -c "git config --local --name-only --get-regexp 'core\.sshCommand' && git config --local --unset-all 'core.sshCommand' || :"
2026-05-22T05:02:06.5623693Z Removing HTTP extra header
2026-05-22T05:02:06.5630791Z [command]/usr/bin/git config --local --name-only --get-regexp http\.https\:\/\/github\.com\/\.extraheader
2026-05-22T05:02:06.5664491Z [command]/usr/bin/git submodule foreach --recursive sh -c "git config --local --name-only --get-regexp 'http\.https\:\/\/github\.com\/\.extraheader' && git config --local --unset-all 'http.https://github.com/.extraheader' || :"
2026-05-22T05:02:06.5847355Z Removing includeIf entries pointing to credentials config files
2026-05-22T05:02:06.5849805Z [command]/usr/bin/git config --local --name-only --get-regexp ^includeIf\.gitdir:
2026-05-22T05:02:06.5877120Z includeif.gitdir:/home/runner/work/prismTask/prismTask/.git.path
2026-05-22T05:02:06.5880593Z includeif.gitdir:/home/runner/work/prismTask/prismTask/.git/worktrees/*.path
2026-05-22T05:02:06.5881511Z includeif.gitdir:/github/workspace/.git.path
2026-05-22T05:02:06.5882364Z includeif.gitdir:/github/workspace/.git/worktrees/*.path
2026-05-22T05:02:06.5889187Z [command]/usr/bin/git config --local --get-all includeif.gitdir:/home/runner/work/prismTask/prismTask/.git.path
2026-05-22T05:02:06.5907266Z /home/runner/work/_temp/git-credentials-f1154fa5-68eb-4d33-98a9-988f7d243b37.config
2026-05-22T05:02:06.5918624Z [command]/usr/bin/git config --local --unset includeif.gitdir:/home/runner/work/prismTask/prismTask/.git.path /home/runner/work/_temp/git-credentials-f1154fa5-68eb-4d33-98a9-988f7d243b37.config
2026-05-22T05:02:06.5953086Z [command]/usr/bin/git config --local --get-all includeif.gitdir:/home/runner/work/prismTask/prismTask/.git/worktrees/*.path
2026-05-22T05:02:06.5972091Z /home/runner/work/_temp/git-credentials-f1154fa5-68eb-4d33-98a9-988f7d243b37.config
2026-05-22T05:02:06.5982789Z [command]/usr/bin/git config --local --unset includeif.gitdir:/home/runner/work/prismTask/prismTask/.git/worktrees/*.path /home/runner/work/_temp/git-credentials-f1154fa5-68eb-4d33-98a9-988f7d243b37.config
2026-05-22T05:02:06.6009713Z [command]/usr/bin/git config --local --get-all includeif.gitdir:/github/workspace/.git.path
2026-05-22T05:02:06.6027707Z /github/runner_temp/git-credentials-f1154fa5-68eb-4d33-98a9-988f7d243b37.config
2026-05-22T05:02:06.6037741Z [command]/usr/bin/git config --local --unset includeif.gitdir:/github/workspace/.git.path /github/runner_temp/git-credentials-f1154fa5-68eb-4d33-98a9-988f7d243b37.config
2026-05-22T05:02:06.6064475Z [command]/usr/bin/git config --local --get-all includeif.gitdir:/github/workspace/.git/worktrees/*.path
2026-05-22T05:02:06.6083676Z /github/runner_temp/git-credentials-f1154fa5-68eb-4d33-98a9-988f7d243b37.config
2026-05-22T05:02:06.6090711Z [command]/usr/bin/git config --local --unset includeif.gitdir:/github/workspace/.git/worktrees/*.path /github/runner_temp/git-credentials-f1154fa5-68eb-4d33-98a9-988f7d243b37.config
2026-05-22T05:02:06.6118479Z [command]/usr/bin/git submodule foreach --recursive git config --local --show-origin --name-only --get-regexp remote.origin.url
2026-05-22T05:02:06.6318925Z Removing credentials config '/home/runner/work/_temp/git-credentials-f1154fa5-68eb-4d33-98a9-988f7d243b37.config'
2026-05-22T05:02:06.6461706Z Cleaning up orphan processes
2026-05-22T05:02:06.6651637Z ##[warning]Node.js 20 actions are deprecated. The following actions are running on Node.js 20 and may not work as expected: actions/setup-node@v4. Actions will be forced to run with Node.js 24 by default starting June 2nd, 2026. Node.js 20 will be removed from the runner on September 16th, 2026. Please check if updated versions of these actions are available that support Node.js 24. To opt into Node.js 24 now, set the FORCE_JAVASCRIPT_ACTIONS_TO_NODE24=true environment variable on the runner or in your workflow file. Once Node.js 24 becomes the default, you can temporarily opt out by setting ACTIONS_ALLOW_USE_UNSECURE_NODE_VERSION=true. For more information see: https://github.blog/changelog/2025-09-19-deprecation-of-node-20-on-github-actions-runners/


--- Job: web-lint-and-test (id 77319592343) ---
2026-05-22T05:03:16.1930074Z Current runner version: '2.334.0'
2026-05-22T05:03:16.1957384Z ##[group]Runner Image Provisioner
2026-05-22T05:03:16.1958307Z Hosted Compute Agent
2026-05-22T05:03:16.1959042Z Version: 20260213.493
2026-05-22T05:03:16.1959732Z Commit: 5c115507f6dd24b8de37d8bbe0bb4509d0cc0fa3
2026-05-22T05:03:16.1960512Z Build Date: 2026-02-13T00:28:41Z
2026-05-22T05:03:16.1961376Z Worker ID: {4aaec7c0-da89-4cb7-9419-2346355d57dc}
2026-05-22T05:03:16.1962156Z Azure Region: westus
2026-05-22T05:03:16.1962837Z ##[endgroup]
2026-05-22T05:03:16.1964422Z ##[group]Operating System
2026-05-22T05:03:16.1965334Z Ubuntu
2026-05-22T05:03:16.1966089Z 24.04.4
2026-05-22T05:03:16.1966666Z LTS
2026-05-22T05:03:16.1967245Z ##[endgroup]
2026-05-22T05:03:16.1967932Z ##[group]Runner Image
2026-05-22T05:03:16.1968591Z Image: ubuntu-24.04
2026-05-22T05:03:16.1969244Z Version: 20260518.149.1
2026-05-22T05:03:16.1970603Z Included Software: https://github.com/actions/runner-images/blob/ubuntu24/20260518.149/images/ubuntu/Ubuntu2404-Readme.md
2026-05-22T05:03:16.1972273Z Image Release: https://github.com/actions/runner-images/releases/tag/ubuntu24%2F20260518.149
2026-05-22T05:03:16.1973276Z ##[endgroup]
2026-05-22T05:03:16.1974837Z ##[group]GITHUB_TOKEN Permissions
2026-05-22T05:03:16.1977038Z Actions: read
2026-05-22T05:03:16.1977795Z Checks: read
2026-05-22T05:03:16.1978407Z Contents: write
2026-05-22T05:03:16.1979000Z Metadata: read
2026-05-22T05:03:16.1979703Z PullRequests: read
2026-05-22T05:03:16.1980313Z ##[endgroup]
2026-05-22T05:03:16.1982489Z Secret source: Actions
2026-05-22T05:03:16.1983498Z Prepare workflow directory
2026-05-22T05:03:16.2334951Z Prepare all required actions
2026-05-22T05:03:16.2483499Z Complete job name: web-lint-and-test
2026-05-22T05:03:16.3348576Z ##[group]Run if [ 'failure' != 'success' ]; then
2026-05-22T05:03:16.3350204Z [36;1mif [ 'failure' != 'success' ]; then[0m
2026-05-22T05:03:16.3351969Z [36;1m  echo "web-lint finished with failure" >&2[0m
2026-05-22T05:03:16.3353372Z [36;1m  exit 1[0m
2026-05-22T05:03:16.3354439Z [36;1mfi[0m
2026-05-22T05:03:16.3355967Z [36;1mif [ 'success' != 'success' ]; then[0m
2026-05-22T05:03:16.3357346Z [36;1m  echo "web-unit-tests finished with success" >&2[0m
2026-05-22T05:03:16.3358834Z [36;1m  exit 1[0m
2026-05-22T05:03:16.3359776Z [36;1mfi[0m
2026-05-22T05:03:16.3360822Z [36;1mif [ 'failure' != 'success' ]; then[0m
2026-05-22T05:03:16.3362432Z [36;1m  echo "web-build finished with failure" >&2[0m
2026-05-22T05:03:16.3363732Z [36;1m  exit 1[0m
2026-05-22T05:03:16.3364899Z [36;1mfi[0m
2026-05-22T05:03:16.3366652Z [36;1mecho "✓ Split web lint, unit-test shards, and build passed."[0m
2026-05-22T05:03:16.4123132Z shell: /usr/bin/bash -e {0}
2026-05-22T05:03:16.4125701Z ##[endgroup]
2026-05-22T05:03:16.4774595Z web-lint finished with failure
2026-05-22T05:03:16.4804759Z ##[error]Process completed with exit code 1.
2026-05-22T05:03:16.4989160Z Cleaning up orphan processes
