=== CI FAILURE ===
Workflow:      Web CI
Workflow file: averycorp/prismTask/.github/workflows/web-ci.yml@refs/pull/1560/merge
Job(s):        web-lint, web-lint-and-test
Run ID:        25954963940
Run attempt:   1
Run URL:       https://github.com/averycorp/prismTask/actions/runs/25954963940
Commit:        b73bb7dafb9a73e37c17f7eea02a711fc291e122
Branch:        1560/merge
Event:         pull_request
Actor:         akarlin3
Runner OS:     Linux
Timestamp:     2026-05-16T06:27:26.180Z

Failed steps:
  - web-lint: #5 Run ESLint
  - web-lint-and-test: #2 Verify split web checks

=== FAILED JOB LOG ===

--- Job: web-lint (id 76299876198) ---
2026-05-16T06:26:37.7351569Z Current runner version: '2.334.0'
2026-05-16T06:26:37.7376928Z ##[group]Runner Image Provisioner
2026-05-16T06:26:37.7377824Z Hosted Compute Agent
2026-05-16T06:26:37.7378357Z Version: 20260213.493
2026-05-16T06:26:37.7379009Z Commit: 5c115507f6dd24b8de37d8bbe0bb4509d0cc0fa3
2026-05-16T06:26:37.7379717Z Build Date: 2026-02-13T00:28:41Z
2026-05-16T06:26:37.7380664Z Worker ID: {1ec98243-6f30-4f31-9a87-9b6b3ee05a9d}
2026-05-16T06:26:37.7381582Z Azure Region: eastus2
2026-05-16T06:26:37.7382282Z ##[endgroup]
2026-05-16T06:26:37.7384310Z ##[group]Operating System
2026-05-16T06:26:37.7384898Z Ubuntu
2026-05-16T06:26:37.7385374Z 24.04.4
2026-05-16T06:26:37.7385955Z LTS
2026-05-16T06:26:37.7386445Z ##[endgroup]
2026-05-16T06:26:37.7386923Z ##[group]Runner Image
2026-05-16T06:26:37.7387566Z Image: ubuntu-24.04
2026-05-16T06:26:37.7388057Z Version: 20260513.135.3
2026-05-16T06:26:37.7389384Z Included Software: https://github.com/actions/runner-images/blob/ubuntu24/20260513.135/images/ubuntu/Ubuntu2404-Readme.md
2026-05-16T06:26:37.7391061Z Image Release: https://github.com/actions/runner-images/releases/tag/ubuntu24%2F20260513.135
2026-05-16T06:26:37.7392106Z ##[endgroup]
2026-05-16T06:26:37.7393282Z ##[group]GITHUB_TOKEN Permissions
2026-05-16T06:26:37.7395468Z Actions: read
2026-05-16T06:26:37.7396128Z Checks: read
2026-05-16T06:26:37.7396738Z Contents: write
2026-05-16T06:26:37.7397219Z Metadata: read
2026-05-16T06:26:37.7397792Z ##[endgroup]
2026-05-16T06:26:37.7399827Z Secret source: Actions
2026-05-16T06:26:37.7401561Z Prepare workflow directory
2026-05-16T06:26:37.7798476Z Prepare all required actions
2026-05-16T06:26:37.7835648Z Getting action download info
2026-05-16T06:26:38.0473603Z Download action repository 'actions/checkout@v6' (SHA:de0fac2e4500dabe0009e67214ff5f5447ce83dd)
2026-05-16T06:26:38.3046706Z Complete job name: web-lint
2026-05-16T06:26:38.3875425Z ##[group]Run actions/checkout@v6
2026-05-16T06:26:38.3876204Z with:
2026-05-16T06:26:38.3876603Z   repository: averycorp/prismTask
2026-05-16T06:26:38.3877285Z   token: ***
2026-05-16T06:26:38.3877678Z   ssh-strict: true
2026-05-16T06:26:38.3878071Z   ssh-user: git
2026-05-16T06:26:38.3878484Z   persist-credentials: true
2026-05-16T06:26:38.3878922Z   clean: true
2026-05-16T06:26:38.3879331Z   sparse-checkout-cone-mode: true
2026-05-16T06:26:38.3879807Z   fetch-depth: 1
2026-05-16T06:26:38.3880186Z   fetch-tags: false
2026-05-16T06:26:38.3880572Z   show-progress: true
2026-05-16T06:26:38.3881142Z   lfs: false
2026-05-16T06:26:38.3881592Z   submodules: false
2026-05-16T06:26:38.3881991Z   set-safe-directory: true
2026-05-16T06:26:38.3882770Z ##[endgroup]
2026-05-16T06:26:38.4877371Z Syncing repository: averycorp/prismTask
2026-05-16T06:26:38.4879064Z ##[group]Getting Git version info
2026-05-16T06:26:38.4879766Z Working directory is '/home/runner/work/prismTask/prismTask'
2026-05-16T06:26:38.4880749Z [command]/usr/bin/git version
2026-05-16T06:26:38.6542669Z git version 2.54.0
2026-05-16T06:26:38.6597426Z ##[endgroup]
2026-05-16T06:26:38.6614622Z Temporarily overriding HOME='/home/runner/work/_temp/82c056f1-042b-4837-bac9-26ef75e8c36e' before making global git config changes
2026-05-16T06:26:38.6616862Z Adding repository directory to the temporary git global config as a safe directory
2026-05-16T06:26:38.6621505Z [command]/usr/bin/git config --global --add safe.directory /home/runner/work/prismTask/prismTask
2026-05-16T06:26:38.6670062Z Deleting the contents of '/home/runner/work/prismTask/prismTask'
2026-05-16T06:26:38.6674691Z ##[group]Initializing the repository
2026-05-16T06:26:38.6679816Z [command]/usr/bin/git init /home/runner/work/prismTask/prismTask
2026-05-16T06:26:38.6769447Z hint: Using 'master' as the name for the initial branch. This default branch name
2026-05-16T06:26:38.6770713Z hint: will change to "main" in Git 3.0. To configure the initial branch name
2026-05-16T06:26:38.6771888Z hint: to use in all of your new repositories, which will suppress this warning,
2026-05-16T06:26:38.6772680Z hint: call:
2026-05-16T06:26:38.6773053Z hint:
2026-05-16T06:26:38.6773974Z hint: 	git config --global init.defaultBranch <name>
2026-05-16T06:26:38.6774999Z hint:
2026-05-16T06:26:38.6775854Z hint: Names commonly chosen instead of 'master' are 'main', 'trunk' and
2026-05-16T06:26:38.6776901Z hint: 'development'. The just-created branch can be renamed via this command:
2026-05-16T06:26:38.6777599Z hint:
2026-05-16T06:26:38.6777974Z hint: 	git branch -m <name>
2026-05-16T06:26:38.6778417Z hint:
2026-05-16T06:26:38.6778977Z hint: Disable this message with "git config set advice.defaultBranchName false"
2026-05-16T06:26:38.6779988Z Initialized empty Git repository in /home/runner/work/prismTask/prismTask/.git/
2026-05-16T06:26:38.6786792Z [command]/usr/bin/git remote add origin https://github.com/averycorp/prismTask
2026-05-16T06:26:38.6829246Z ##[endgroup]
2026-05-16T06:26:38.6830011Z ##[group]Disabling automatic garbage collection
2026-05-16T06:26:38.6833004Z [command]/usr/bin/git config --local gc.auto 0
2026-05-16T06:26:38.6862609Z ##[endgroup]
2026-05-16T06:26:38.6863438Z ##[group]Setting up auth
2026-05-16T06:26:38.6864166Z Removing SSH command configuration
2026-05-16T06:26:38.6869272Z [command]/usr/bin/git config --local --name-only --get-regexp core\.sshCommand
2026-05-16T06:26:38.6902750Z [command]/usr/bin/git submodule foreach --recursive sh -c "git config --local --name-only --get-regexp 'core\.sshCommand' && git config --local --unset-all 'core.sshCommand' || :"
2026-05-16T06:26:38.7243809Z Removing HTTP extra header
2026-05-16T06:26:38.7249400Z [command]/usr/bin/git config --local --name-only --get-regexp http\.https\:\/\/github\.com\/\.extraheader
2026-05-16T06:26:38.7287257Z [command]/usr/bin/git submodule foreach --recursive sh -c "git config --local --name-only --get-regexp 'http\.https\:\/\/github\.com\/\.extraheader' && git config --local --unset-all 'http.https://github.com/.extraheader' || :"
2026-05-16T06:26:38.7532805Z Removing includeIf entries pointing to credentials config files
2026-05-16T06:26:38.7539552Z [command]/usr/bin/git config --local --name-only --get-regexp ^includeIf\.gitdir:
2026-05-16T06:26:38.7574290Z [command]/usr/bin/git submodule foreach --recursive git config --local --show-origin --name-only --get-regexp remote.origin.url
2026-05-16T06:26:38.7829025Z [command]/usr/bin/git config --file /home/runner/work/_temp/git-credentials-463182bd-44d0-409c-95a7-204f68caa0ff.config http.https://github.com/.extraheader AUTHORIZATION: basic ***
2026-05-16T06:26:38.7871966Z [command]/usr/bin/git config --local includeIf.gitdir:/home/runner/work/prismTask/prismTask/.git.path /home/runner/work/_temp/git-credentials-463182bd-44d0-409c-95a7-204f68caa0ff.config
2026-05-16T06:26:38.7900101Z [command]/usr/bin/git config --local includeIf.gitdir:/home/runner/work/prismTask/prismTask/.git/worktrees/*.path /home/runner/work/_temp/git-credentials-463182bd-44d0-409c-95a7-204f68caa0ff.config
2026-05-16T06:26:38.7933460Z [command]/usr/bin/git config --local includeIf.gitdir:/github/workspace/.git.path /github/runner_temp/git-credentials-463182bd-44d0-409c-95a7-204f68caa0ff.config
2026-05-16T06:26:38.7966901Z [command]/usr/bin/git config --local includeIf.gitdir:/github/workspace/.git/worktrees/*.path /github/runner_temp/git-credentials-463182bd-44d0-409c-95a7-204f68caa0ff.config
2026-05-16T06:26:38.8003761Z ##[endgroup]
2026-05-16T06:26:38.8004804Z ##[group]Fetching the repository
2026-05-16T06:26:38.8013097Z [command]/usr/bin/git -c protocol.version=2 fetch --no-tags --prune --no-recurse-submodules --depth=1 origin +b73bb7dafb9a73e37c17f7eea02a711fc291e122:refs/remotes/pull/1560/merge
2026-05-16T06:26:39.7906378Z From https://github.com/averycorp/prismTask
2026-05-16T06:26:39.7908671Z  * [new ref]         b73bb7dafb9a73e37c17f7eea02a711fc291e122 -> pull/1560/merge
2026-05-16T06:26:39.7945470Z ##[endgroup]
2026-05-16T06:26:39.7947019Z ##[group]Determining the checkout info
2026-05-16T06:26:39.7950427Z ##[endgroup]
2026-05-16T06:26:39.7952588Z [command]/usr/bin/git sparse-checkout disable
2026-05-16T06:26:39.7999148Z [command]/usr/bin/git config --local --unset-all extensions.worktreeConfig
2026-05-16T06:26:39.8029657Z ##[group]Checking out the ref
2026-05-16T06:26:39.8032662Z [command]/usr/bin/git checkout --progress --force refs/remotes/pull/1560/merge
2026-05-16T06:26:40.1078855Z Note: switching to 'refs/remotes/pull/1560/merge'.
2026-05-16T06:26:40.1079378Z 
2026-05-16T06:26:40.1079794Z You are in 'detached HEAD' state. You can look around, make experimental
2026-05-16T06:26:40.1080598Z changes and commit them, and you can discard any commits you make in this
2026-05-16T06:26:40.1081605Z state without impacting any branches by switching back to a branch.
2026-05-16T06:26:40.1082083Z 
2026-05-16T06:26:40.1082439Z If you want to create a new branch to retain commits you create, you may
2026-05-16T06:26:40.1083179Z do so (now or later) by using -c with the switch command. Example:
2026-05-16T06:26:40.1083710Z 
2026-05-16T06:26:40.1083903Z   git switch -c <new-branch-name>
2026-05-16T06:26:40.1084188Z 
2026-05-16T06:26:40.1084370Z Or undo this operation with:
2026-05-16T06:26:40.1084663Z 
2026-05-16T06:26:40.1084809Z   git switch -
2026-05-16T06:26:40.1085030Z 
2026-05-16T06:26:40.1085394Z Turn off this advice by setting config variable advice.detachedHead to false
2026-05-16T06:26:40.1085923Z 
2026-05-16T06:26:40.1086476Z HEAD is now at b73bb7d Merge 1015282741b17fc8d133eec3874a8b0e490f1118 into 10291c8db143580e101a4616ac14d55abf0f4524
2026-05-16T06:26:40.1106732Z ##[endgroup]
2026-05-16T06:26:40.1155694Z [command]/usr/bin/git log -1 --format=%H
2026-05-16T06:26:40.1182678Z b73bb7dafb9a73e37c17f7eea02a711fc291e122
2026-05-16T06:26:40.1496847Z Prepare all required actions
2026-05-16T06:26:40.1497268Z Getting action download info
2026-05-16T06:26:40.2650751Z Download action repository 'actions/setup-node@v4' (SHA:49933ea5288caeca8642d1e84afbd3f7d6820020)
2026-05-16T06:26:40.3725404Z ##[group]Run ./.github/actions/setup-node-web
2026-05-16T06:26:40.3725703Z ##[endgroup]
2026-05-16T06:26:40.3855168Z ##[group]Run actions/setup-node@v4
2026-05-16T06:26:40.3855465Z with:
2026-05-16T06:26:40.3855726Z   node-version: 22
2026-05-16T06:26:40.3855930Z   cache: npm
2026-05-16T06:26:40.3856157Z   cache-dependency-path: web/package-lock.json
2026-05-16T06:26:40.3856456Z   always-auth: false
2026-05-16T06:26:40.3856653Z   check-latest: false
2026-05-16T06:26:40.3932921Z   token: ***
2026-05-16T06:26:40.3933238Z ##[endgroup]
2026-05-16T06:26:40.5795445Z Found in cache @ /opt/hostedtoolcache/node/22.22.2/x64
2026-05-16T06:26:40.5802579Z ##[group]Environment details
2026-05-16T06:26:40.9543710Z node: v22.22.2
2026-05-16T06:26:40.9544098Z npm: 10.9.7
2026-05-16T06:26:40.9544344Z yarn: 1.22.22
2026-05-16T06:26:40.9545087Z ##[endgroup]
2026-05-16T06:26:40.9566015Z [command]/opt/hostedtoolcache/node/22.22.2/x64/bin/npm config get cache
2026-05-16T06:26:41.0634535Z /home/runner/.npm
2026-05-16T06:26:41.1590588Z npm cache is not found
2026-05-16T06:26:41.1739307Z ##[group]Run npm ci
2026-05-16T06:26:41.1739582Z [36;1mnpm ci[0m
2026-05-16T06:26:41.1788153Z shell: /usr/bin/bash --noprofile --norc -e -o pipefail {0}
2026-05-16T06:26:41.1788513Z ##[endgroup]
2026-05-16T06:26:51.6476874Z 
2026-05-16T06:26:51.6484536Z added 435 packages, and audited 436 packages in 10s
2026-05-16T06:26:51.6484837Z 
2026-05-16T06:26:51.6485052Z 94 packages are looking for funding
2026-05-16T06:26:51.6485340Z   run `npm fund` for details
2026-05-16T06:26:51.6552794Z 
2026-05-16T06:26:51.6553455Z 3 vulnerabilities (2 moderate, 1 critical)
2026-05-16T06:26:51.6553813Z 
2026-05-16T06:26:51.6553980Z To address all issues, run:
2026-05-16T06:26:51.6554326Z   npm audit fix
2026-05-16T06:26:51.6554486Z 
2026-05-16T06:26:51.6554606Z Run `npm audit` for details.
2026-05-16T06:26:51.7217593Z ##[group]Run npm run lint
2026-05-16T06:26:51.7218103Z [36;1mnpm run lint[0m
2026-05-16T06:26:51.7255316Z shell: /usr/bin/bash -e {0}
2026-05-16T06:26:51.7255562Z ##[endgroup]
2026-05-16T06:26:51.8238625Z 
2026-05-16T06:26:51.8239154Z > web@1.6.0 lint
2026-05-16T06:26:51.8239515Z > eslint .
2026-05-16T06:26:51.8239630Z 
2026-05-16T06:27:10.8166620Z 
2026-05-16T06:27:10.8168488Z /home/runner/work/prismTask/prismTask/web/src/components/BuiltInUpdateBanner.tsx
2026-05-16T06:27:10.8195426Z ##[error]  55:17  error  Fast refresh only works when a file only exports components. Use a new file to share constants or functions between components  react-refresh/only-export-components
2026-05-16T06:27:10.8203104Z 
2026-05-16T06:27:10.8203636Z /home/runner/work/prismTask/prismTask/web/src/features/medication/MedicationEditorDialog.tsx
2026-05-16T06:27:10.8204507Z   190:7  error  Error: Calling setState synchronously within an effect can trigger cascading renders
2026-05-16T06:27:10.8204885Z 
2026-05-16T06:27:10.8205887Z Effects are intended to synchronize state between React and external systems such as manually updating the DOM, state management libraries, or other platform APIs. In general, the body of an effect should do one or both of the following:
2026-05-16T06:27:10.8206869Z * Update external systems with the latest state from React.
2026-05-16T06:27:10.8207567Z * Subscribe for updates from some external system, calling setState in a callback function when external state changes.
2026-05-16T06:27:10.8207993Z 
2026-05-16T06:27:10.8208782Z Calling setState synchronously within an effect body causes cascading renders that can hurt performance, and is not recommended. (https://react.dev/learn/you-might-not-need-an-effect).
2026-05-16T06:27:10.8209404Z 
2026-05-16T06:27:10.8209828Z /home/runner/work/prismTask/prismTask/web/src/features/medication/MedicationEditorDialog.tsx:190:7
2026-05-16T06:27:10.8210298Z   188 |   useEffect(() => {
2026-05-16T06:27:10.8210526Z   189 |     if (isOpen) {
2026-05-16T06:27:10.8210987Z > 190 |       setForm(initialState(initial));
2026-05-16T06:27:10.8211364Z       |       ^^^^^^^ Avoid calling setState() directly within an effect
2026-05-16T06:27:10.8211691Z   191 |       setErrors({});
2026-05-16T06:27:10.8211912Z   192 |     }
2026-05-16T06:27:10.8212197Z   193 |   }, [isOpen, initial]);  react-hooks/set-state-in-effect
2026-05-16T06:27:10.8212429Z 
2026-05-16T06:27:10.8212804Z /home/runner/work/prismTask/prismTask/web/src/features/medication/MedicationRefillScreen.tsx
2026-05-16T06:27:10.8213405Z    88:17  error  Error: Cannot call impure function during render
2026-05-16T06:27:10.8213638Z 
2026-05-16T06:27:10.8214750Z `Date.now` is an impure function. Calling an impure function can produce unstable results that update unpredictably when the component happens to re-render. (https://react.dev/reference/rules/components-and-hooks-must-be-pure#components-and-hooks-must-be-idempotent).
2026-05-16T06:27:10.8215678Z 
2026-05-16T06:27:10.8216078Z /home/runner/work/prismTask/prismTask/web/src/features/medication/MedicationRefillScreen.tsx:88:17
2026-05-16T06:27:10.8216549Z   86 |
2026-05-16T06:27:10.8216761Z   87 |   const forecasts = useMemo(() => {
2026-05-16T06:27:10.8217064Z > 88 |     const now = Date.now();
2026-05-16T06:27:10.8217358Z      |                 ^^^^^^^^^^ Cannot call impure function
2026-05-16T06:27:10.8217734Z   89 |     const map = new Map<string, RefillForecast>();
2026-05-16T06:27:10.8218099Z   90 |     for (const refill of refills) {
2026-05-16T06:27:10.8219048Z   91 |       map.set(refill.id, forecastRefill(refill, now));                                                                                                                                                                                                                                                                                                                               react-hooks/purity
2026-05-16T06:27:10.8220514Z   382:7   error  Error: Calling setState synchronously within an effect can trigger cascading renders
2026-05-16T06:27:10.8221154Z 
2026-05-16T06:27:10.8222096Z Effects are intended to synchronize state between React and external systems such as manually updating the DOM, state management libraries, or other platform APIs. In general, the body of an effect should do one or both of the following:
2026-05-16T06:27:10.8223098Z * Update external systems with the latest state from React.
2026-05-16T06:27:10.8223938Z * Subscribe for updates from some external system, calling setState in a callback function when external state changes.
2026-05-16T06:27:10.8224353Z 
2026-05-16T06:27:10.8225098Z Calling setState synchronously within an effect body causes cascading renders that can hurt performance, and is not recommended. (https://react.dev/learn/you-might-not-need-an-effect).
2026-05-16T06:27:10.8225720Z 
2026-05-16T06:27:10.8226115Z /home/runner/work/prismTask/prismTask/web/src/features/medication/MedicationRefillScreen.tsx:382:7
2026-05-16T06:27:10.8226593Z   380 |   useEffect(() => {
2026-05-16T06:27:10.8226807Z   381 |     if (isOpen) {
2026-05-16T06:27:10.8227106Z > 382 |       setForm(initialEditorState(initial));
2026-05-16T06:27:10.8227486Z       |       ^^^^^^^ Avoid calling setState() directly within an effect
2026-05-16T06:27:10.8227790Z   383 |       setErrors({});
2026-05-16T06:27:10.8227999Z   384 |     }
2026-05-16T06:27:10.8228284Z   385 |   }, [isOpen, initial]);  react-hooks/set-state-in-effect
2026-05-16T06:27:10.8228505Z 
2026-05-16T06:27:10.8228811Z /home/runner/work/prismTask/prismTask/web/src/features/selfcare/SelfCareScreen.tsx
2026-05-16T06:27:10.8229353Z   35:31  error  Error: Cannot call impure function during render
2026-05-16T06:27:10.8229576Z 
2026-05-16T06:27:10.8230667Z `Date.now` is an impure function. Calling an impure function can produce unstable results that update unpredictably when the component happens to re-render. (https://react.dev/reference/rules/components-and-hooks-must-be-pure#components-and-hooks-must-be-idempotent).
2026-05-16T06:27:10.8231703Z 
2026-05-16T06:27:10.8232048Z /home/runner/work/prismTask/prismTask/web/src/features/selfcare/SelfCareScreen.tsx:35:31
2026-05-16T06:27:10.8232453Z   33 |
2026-05-16T06:27:10.8232657Z   34 |   const todayMs = useMemo(
2026-05-16T06:27:10.8233004Z > 35 |     () => startOfLogicalDayMs(Date.now(), startOfDayHour),
2026-05-16T06:27:10.8233389Z      |                               ^^^^^^^^^^ Cannot call impure function
2026-05-16T06:27:10.8233697Z   36 |     [startOfDayHour],
2026-05-16T06:27:10.8233906Z   37 |   );
2026-05-16T06:27:10.8234094Z   38 |  react-hooks/purity
2026-05-16T06:27:10.8234230Z 
2026-05-16T06:27:10.8234544Z /home/runner/work/prismTask/prismTask/web/src/features/today/PlanForTodaySheet.tsx
2026-05-16T06:27:10.8235250Z   73:7  error  Error: Calling setState synchronously within an effect can trigger cascading renders
2026-05-16T06:27:10.8235597Z 
2026-05-16T06:27:10.8236509Z Effects are intended to synchronize state between React and external systems such as manually updating the DOM, state management libraries, or other platform APIs. In general, the body of an effect should do one or both of the following:
2026-05-16T06:27:10.8237467Z * Update external systems with the latest state from React.
2026-05-16T06:27:10.8238121Z * Subscribe for updates from some external system, calling setState in a callback function when external state changes.
2026-05-16T06:27:10.8238535Z 
2026-05-16T06:27:10.8239251Z Calling setState synchronously within an effect body causes cascading renders that can hurt performance, and is not recommended. (https://react.dev/learn/you-might-not-need-an-effect).
2026-05-16T06:27:10.8239871Z 
2026-05-16T06:27:10.8240205Z /home/runner/work/prismTask/prismTask/web/src/features/today/PlanForTodaySheet.tsx:73:7
2026-05-16T06:27:10.8240632Z   71 |   useEffect(() => {
2026-05-16T06:27:10.8240957Z   72 |     if (isOpen) {
2026-05-16T06:27:10.8241186Z > 73 |       setSearch('');
2026-05-16T06:27:10.8241499Z      |       ^^^^^^^^^ Avoid calling setState() directly within an effect
2026-05-16T06:27:10.8241996Z   74 |       setSelectedIds(new Set());
2026-05-16T06:27:10.8242271Z   75 |       setMultiSelect(false);
2026-05-16T06:27:10.8242554Z   76 |     }  react-hooks/set-state-in-effect
2026-05-16T06:27:10.8242761Z 
2026-05-16T06:27:10.8243160Z ✖ 6 problems (6 errors, 0 warnings)
2026-05-16T06:27:10.8243384Z 
2026-05-16T06:27:11.0272923Z ##[error]Process completed with exit code 1.
2026-05-16T06:27:11.0338358Z Post job cleanup.
2026-05-16T06:27:11.0418986Z Post job cleanup.
2026-05-16T06:27:11.1250349Z [command]/usr/bin/git version
2026-05-16T06:27:11.1288285Z git version 2.54.0
2026-05-16T06:27:11.1325923Z Temporarily overriding HOME='/home/runner/work/_temp/f72ef2a0-b0fc-449a-8514-a1f95e529159' before making global git config changes
2026-05-16T06:27:11.1326855Z Adding repository directory to the temporary git global config as a safe directory
2026-05-16T06:27:11.1331276Z [command]/usr/bin/git config --global --add safe.directory /home/runner/work/prismTask/prismTask
2026-05-16T06:27:11.1363086Z Removing SSH command configuration
2026-05-16T06:27:11.1369583Z [command]/usr/bin/git config --local --name-only --get-regexp core\.sshCommand
2026-05-16T06:27:11.1405639Z [command]/usr/bin/git submodule foreach --recursive sh -c "git config --local --name-only --get-regexp 'core\.sshCommand' && git config --local --unset-all 'core.sshCommand' || :"
2026-05-16T06:27:11.1675574Z Removing HTTP extra header
2026-05-16T06:27:11.1681190Z [command]/usr/bin/git config --local --name-only --get-regexp http\.https\:\/\/github\.com\/\.extraheader
2026-05-16T06:27:11.1715078Z [command]/usr/bin/git submodule foreach --recursive sh -c "git config --local --name-only --get-regexp 'http\.https\:\/\/github\.com\/\.extraheader' && git config --local --unset-all 'http.https://github.com/.extraheader' || :"
2026-05-16T06:27:11.1945905Z Removing includeIf entries pointing to credentials config files
2026-05-16T06:27:11.1952047Z [command]/usr/bin/git config --local --name-only --get-regexp ^includeIf\.gitdir:
2026-05-16T06:27:11.1979030Z includeif.gitdir:/home/runner/work/prismTask/prismTask/.git.path
2026-05-16T06:27:11.1979905Z includeif.gitdir:/home/runner/work/prismTask/prismTask/.git/worktrees/*.path
2026-05-16T06:27:11.1980392Z includeif.gitdir:/github/workspace/.git.path
2026-05-16T06:27:11.1981035Z includeif.gitdir:/github/workspace/.git/worktrees/*.path
2026-05-16T06:27:11.1988083Z [command]/usr/bin/git config --local --get-all includeif.gitdir:/home/runner/work/prismTask/prismTask/.git.path
2026-05-16T06:27:11.2011473Z /home/runner/work/_temp/git-credentials-463182bd-44d0-409c-95a7-204f68caa0ff.config
2026-05-16T06:27:11.2021797Z [command]/usr/bin/git config --local --unset includeif.gitdir:/home/runner/work/prismTask/prismTask/.git.path /home/runner/work/_temp/git-credentials-463182bd-44d0-409c-95a7-204f68caa0ff.config
2026-05-16T06:27:11.2056751Z [command]/usr/bin/git config --local --get-all includeif.gitdir:/home/runner/work/prismTask/prismTask/.git/worktrees/*.path
2026-05-16T06:27:11.2079722Z /home/runner/work/_temp/git-credentials-463182bd-44d0-409c-95a7-204f68caa0ff.config
2026-05-16T06:27:11.2088777Z [command]/usr/bin/git config --local --unset includeif.gitdir:/home/runner/work/prismTask/prismTask/.git/worktrees/*.path /home/runner/work/_temp/git-credentials-463182bd-44d0-409c-95a7-204f68caa0ff.config
2026-05-16T06:27:11.2119626Z [command]/usr/bin/git config --local --get-all includeif.gitdir:/github/workspace/.git.path
2026-05-16T06:27:11.2142537Z /github/runner_temp/git-credentials-463182bd-44d0-409c-95a7-204f68caa0ff.config
2026-05-16T06:27:11.2149701Z [command]/usr/bin/git config --local --unset includeif.gitdir:/github/workspace/.git.path /github/runner_temp/git-credentials-463182bd-44d0-409c-95a7-204f68caa0ff.config
2026-05-16T06:27:11.2181497Z [command]/usr/bin/git config --local --get-all includeif.gitdir:/github/workspace/.git/worktrees/*.path
2026-05-16T06:27:11.2203426Z /github/runner_temp/git-credentials-463182bd-44d0-409c-95a7-204f68caa0ff.config
2026-05-16T06:27:11.2212859Z [command]/usr/bin/git config --local --unset includeif.gitdir:/github/workspace/.git/worktrees/*.path /github/runner_temp/git-credentials-463182bd-44d0-409c-95a7-204f68caa0ff.config
2026-05-16T06:27:11.2244971Z [command]/usr/bin/git submodule foreach --recursive git config --local --show-origin --name-only --get-regexp remote.origin.url
2026-05-16T06:27:11.2492268Z Removing credentials config '/home/runner/work/_temp/git-credentials-463182bd-44d0-409c-95a7-204f68caa0ff.config'
2026-05-16T06:27:11.2638678Z Cleaning up orphan processes
2026-05-16T06:27:11.2957922Z ##[warning]Node.js 20 actions are deprecated. The following actions are running on Node.js 20 and may not work as expected: actions/setup-node@v4. Actions will be forced to run with Node.js 24 by default starting June 2nd, 2026. Node.js 20 will be removed from the runner on September 16th, 2026. Please check if updated versions of these actions are available that support Node.js 24. To opt into Node.js 24 now, set the FORCE_JAVASCRIPT_ACTIONS_TO_NODE24=true environment variable on the runner or in your workflow file. Once Node.js 24 becomes the default, you can temporarily opt out by setting ACTIONS_ALLOW_USE_UNSECURE_NODE_VERSION=true. For more information see: https://github.blog/changelog/2025-09-19-deprecation-of-node-20-on-github-actions-runners/


--- Job: web-lint-and-test (id 76299907576) ---
2026-05-16T06:27:18.8889144Z Current runner version: '2.334.0'
2026-05-16T06:27:18.8915536Z ##[group]Runner Image Provisioner
2026-05-16T06:27:18.8916570Z Hosted Compute Agent
2026-05-16T06:27:18.8917336Z Version: 20260213.493
2026-05-16T06:27:18.8918075Z Commit: 5c115507f6dd24b8de37d8bbe0bb4509d0cc0fa3
2026-05-16T06:27:18.8919136Z Build Date: 2026-02-13T00:28:41Z
2026-05-16T06:27:18.8919851Z Worker ID: {e0d724ec-649c-40c7-b9a3-7eeb36eed120}
2026-05-16T06:27:18.8920536Z Azure Region: eastus
2026-05-16T06:27:18.8921167Z ##[endgroup]
2026-05-16T06:27:18.8922557Z ##[group]Operating System
2026-05-16T06:27:18.8923243Z Ubuntu
2026-05-16T06:27:18.8923726Z 24.04.4
2026-05-16T06:27:18.8924215Z LTS
2026-05-16T06:27:18.8924672Z ##[endgroup]
2026-05-16T06:27:18.8925267Z ##[group]Runner Image
2026-05-16T06:27:18.8925836Z Image: ubuntu-24.04
2026-05-16T06:27:18.8926322Z Version: 20260513.135.3
2026-05-16T06:27:18.8927577Z Included Software: https://github.com/actions/runner-images/blob/ubuntu24/20260513.135/images/ubuntu/Ubuntu2404-Readme.md
2026-05-16T06:27:18.8929453Z Image Release: https://github.com/actions/runner-images/releases/tag/ubuntu24%2F20260513.135
2026-05-16T06:27:18.8930349Z ##[endgroup]
2026-05-16T06:27:18.8931524Z ##[group]GITHUB_TOKEN Permissions
2026-05-16T06:27:18.8933825Z Actions: read
2026-05-16T06:27:18.8934404Z Checks: read
2026-05-16T06:27:18.8934930Z Contents: write
2026-05-16T06:27:18.8935552Z Metadata: read
2026-05-16T06:27:18.8936072Z ##[endgroup]
2026-05-16T06:27:18.8938130Z Secret source: Actions
2026-05-16T06:27:18.8939282Z Prepare workflow directory
2026-05-16T06:27:18.9263416Z Prepare all required actions
2026-05-16T06:27:18.9355395Z Complete job name: web-lint-and-test
2026-05-16T06:27:19.0100668Z ##[group]Run if [ 'failure' != 'success' ]; then
2026-05-16T06:27:19.0101553Z [36;1mif [ 'failure' != 'success' ]; then[0m
2026-05-16T06:27:19.0102425Z [36;1m  echo "web-lint finished with failure" >&2[0m
2026-05-16T06:27:19.0103254Z [36;1m  exit 1[0m
2026-05-16T06:27:19.0103771Z [36;1mfi[0m
2026-05-16T06:27:19.0104420Z [36;1mif [ 'success' != 'success' ]; then[0m
2026-05-16T06:27:19.0105127Z [36;1m  echo "web-unit-tests finished with success" >&2[0m
2026-05-16T06:27:19.0105816Z [36;1m  exit 1[0m
2026-05-16T06:27:19.0106367Z [36;1mfi[0m
2026-05-16T06:27:19.0106957Z [36;1mif [ 'success' != 'success' ]; then[0m
2026-05-16T06:27:19.0107636Z [36;1m  echo "web-build finished with success" >&2[0m
2026-05-16T06:27:19.0108542Z [36;1m  exit 1[0m
2026-05-16T06:27:19.0109010Z [36;1mfi[0m
2026-05-16T06:27:19.0109686Z [36;1mecho "✓ Split web lint, unit-test shards, and build passed."[0m
2026-05-16T06:27:19.0411529Z shell: /usr/bin/bash -e {0}
2026-05-16T06:27:19.0412677Z ##[endgroup]
2026-05-16T06:27:19.0614457Z web-lint finished with failure
2026-05-16T06:27:19.0642722Z ##[error]Process completed with exit code 1.
2026-05-16T06:27:19.0861700Z Cleaning up orphan processes
