=== CI FAILURE ===
Workflow:      Web CI
Workflow file: averycorp/prismTask/.github/workflows/web-ci.yml@refs/pull/1640/merge
Job(s):        web-unit-tests (3, 3), web-lint-and-test
Run ID:        26016507406
Run attempt:   1
Run URL:       https://github.com/averycorp/prismTask/actions/runs/26016507406
Commit:        cc8f7bbdc784adff7231a148b6f5eace167e6215
Branch:        1640/merge
Event:         pull_request
Actor:         dependabot[bot]
Runner OS:     Linux
Timestamp:     2026-05-18T06:09:14.712Z

Failed steps:
  - web-unit-tests (3, 3): #5 Run Vitest shard 3/3
  - web-lint-and-test: #2 Verify split web checks

=== FAILED JOB LOG ===

--- Job: web-unit-tests (3, 3) (id 76467720666) ---
2026-05-18T06:07:27.6706443Z Current runner version: '2.334.0'
2026-05-18T06:07:27.6730720Z ##[group]Runner Image Provisioner
2026-05-18T06:07:27.6731599Z Hosted Compute Agent
2026-05-18T06:07:27.6732155Z Version: 20260213.493
2026-05-18T06:07:27.6732753Z Commit: 5c115507f6dd24b8de37d8bbe0bb4509d0cc0fa3
2026-05-18T06:07:27.6733783Z Build Date: 2026-02-13T00:28:41Z
2026-05-18T06:07:27.6734468Z Worker ID: {5c4b52f6-937a-4ef0-b9d4-5090028aa1a1}
2026-05-18T06:07:27.6735110Z Azure Region: westus
2026-05-18T06:07:27.6735679Z ##[endgroup]
2026-05-18T06:07:27.6737194Z ##[group]Operating System
2026-05-18T06:07:27.6737767Z Ubuntu
2026-05-18T06:07:27.6738294Z 24.04.4
2026-05-18T06:07:27.6738733Z LTS
2026-05-18T06:07:27.6739288Z ##[endgroup]
2026-05-18T06:07:27.6739729Z ##[group]Runner Image
2026-05-18T06:07:27.6740376Z Image: ubuntu-24.04
2026-05-18T06:07:27.6740847Z Version: 20260513.135.3
2026-05-18T06:07:27.6742108Z Included Software: https://github.com/actions/runner-images/blob/ubuntu24/20260513.135/images/ubuntu/Ubuntu2404-Readme.md
2026-05-18T06:07:27.6743986Z Image Release: https://github.com/actions/runner-images/releases/tag/ubuntu24%2F20260513.135
2026-05-18T06:07:27.6744933Z ##[endgroup]
2026-05-18T06:07:27.6746119Z ##[group]GITHUB_TOKEN Permissions
2026-05-18T06:07:27.6747917Z Actions: read
2026-05-18T06:07:27.6748533Z Checks: read
2026-05-18T06:07:27.6749035Z Contents: write
2026-05-18T06:07:27.6749510Z Metadata: read
2026-05-18T06:07:27.6750110Z ##[endgroup]
2026-05-18T06:07:27.6752484Z Secret source: Dependabot
2026-05-18T06:07:27.6753450Z Prepare workflow directory
2026-05-18T06:07:27.7159775Z Prepare all required actions
2026-05-18T06:07:27.7199028Z Getting action download info
2026-05-18T06:07:28.1955884Z Download action repository 'actions/checkout@v6' (SHA:de0fac2e4500dabe0009e67214ff5f5447ce83dd)
2026-05-18T06:07:28.4310851Z Complete job name: web-unit-tests (3, 3)
2026-05-18T06:07:28.5026875Z ##[group]Run actions/checkout@v6
2026-05-18T06:07:28.5027700Z with:
2026-05-18T06:07:28.5028106Z   repository: averycorp/prismTask
2026-05-18T06:07:28.5028838Z   token: ***
2026-05-18T06:07:28.5029219Z   ssh-strict: true
2026-05-18T06:07:28.5029588Z   ssh-user: git
2026-05-18T06:07:28.5029983Z   persist-credentials: true
2026-05-18T06:07:28.5030406Z   clean: true
2026-05-18T06:07:28.5030804Z   sparse-checkout-cone-mode: true
2026-05-18T06:07:28.5031273Z   fetch-depth: 1
2026-05-18T06:07:28.5031648Z   fetch-tags: false
2026-05-18T06:07:28.5032035Z   show-progress: true
2026-05-18T06:07:28.5032428Z   lfs: false
2026-05-18T06:07:28.5032785Z   submodules: false
2026-05-18T06:07:28.5033397Z   set-safe-directory: true
2026-05-18T06:07:28.5034090Z ##[endgroup]
2026-05-18T06:07:28.6036001Z Syncing repository: averycorp/prismTask
2026-05-18T06:07:28.6037780Z ##[group]Getting Git version info
2026-05-18T06:07:28.6038465Z Working directory is '/home/runner/work/prismTask/prismTask'
2026-05-18T06:07:28.6039542Z [command]/usr/bin/git version
2026-05-18T06:07:28.6128809Z git version 2.54.0
2026-05-18T06:07:28.6153149Z ##[endgroup]
2026-05-18T06:07:28.6169112Z Temporarily overriding HOME='/home/runner/work/_temp/799b38d2-8848-455a-bbd2-ce434a99a507' before making global git config changes
2026-05-18T06:07:28.6171220Z Adding repository directory to the temporary git global config as a safe directory
2026-05-18T06:07:28.6174995Z [command]/usr/bin/git config --global --add safe.directory /home/runner/work/prismTask/prismTask
2026-05-18T06:07:28.6232298Z Deleting the contents of '/home/runner/work/prismTask/prismTask'
2026-05-18T06:07:28.6237000Z ##[group]Initializing the repository
2026-05-18T06:07:28.6241549Z [command]/usr/bin/git init /home/runner/work/prismTask/prismTask
2026-05-18T06:07:28.6370345Z hint: Using 'master' as the name for the initial branch. This default branch name
2026-05-18T06:07:28.6372188Z hint: will change to "main" in Git 3.0. To configure the initial branch name
2026-05-18T06:07:28.6373787Z hint: to use in all of your new repositories, which will suppress this warning,
2026-05-18T06:07:28.6374774Z hint: call:
2026-05-18T06:07:28.6375536Z hint:
2026-05-18T06:07:28.6376874Z hint: 	git config --global init.defaultBranch <name>
2026-05-18T06:07:28.6378067Z hint:
2026-05-18T06:07:28.6379165Z hint: Names commonly chosen instead of 'master' are 'main', 'trunk' and
2026-05-18T06:07:28.6380961Z hint: 'development'. The just-created branch can be renamed via this command:
2026-05-18T06:07:28.6382203Z hint:
2026-05-18T06:07:28.6382804Z hint: 	git branch -m <name>
2026-05-18T06:07:28.6383837Z hint:
2026-05-18T06:07:28.6384539Z hint: Disable this message with "git config set advice.defaultBranchName false"
2026-05-18T06:07:28.6386107Z Initialized empty Git repository in /home/runner/work/prismTask/prismTask/.git/
2026-05-18T06:07:28.6390915Z [command]/usr/bin/git remote add origin https://github.com/averycorp/prismTask
2026-05-18T06:07:28.6474435Z ##[endgroup]
2026-05-18T06:07:28.6475660Z ##[group]Disabling automatic garbage collection
2026-05-18T06:07:28.6479016Z [command]/usr/bin/git config --local gc.auto 0
2026-05-18T06:07:28.6513881Z ##[endgroup]
2026-05-18T06:07:28.6515208Z ##[group]Setting up auth
2026-05-18T06:07:28.6516041Z Removing SSH command configuration
2026-05-18T06:07:28.6523142Z [command]/usr/bin/git config --local --name-only --get-regexp core\.sshCommand
2026-05-18T06:07:28.6574162Z [command]/usr/bin/git submodule foreach --recursive sh -c "git config --local --name-only --get-regexp 'core\.sshCommand' && git config --local --unset-all 'core.sshCommand' || :"
2026-05-18T06:07:28.6963626Z Removing HTTP extra header
2026-05-18T06:07:28.6970301Z [command]/usr/bin/git config --local --name-only --get-regexp http\.https\:\/\/github\.com\/\.extraheader
2026-05-18T06:07:28.7002098Z [command]/usr/bin/git submodule foreach --recursive sh -c "git config --local --name-only --get-regexp 'http\.https\:\/\/github\.com\/\.extraheader' && git config --local --unset-all 'http.https://github.com/.extraheader' || :"
2026-05-18T06:07:28.7215761Z Removing includeIf entries pointing to credentials config files
2026-05-18T06:07:28.7221492Z [command]/usr/bin/git config --local --name-only --get-regexp ^includeIf\.gitdir:
2026-05-18T06:07:28.7253490Z [command]/usr/bin/git submodule foreach --recursive git config --local --show-origin --name-only --get-regexp remote.origin.url
2026-05-18T06:07:28.7474823Z [command]/usr/bin/git config --file /home/runner/work/_temp/git-credentials-6ac1a47d-6d82-48d0-9796-76a1b2a801d7.config http.https://github.com/.extraheader AUTHORIZATION: basic ***
2026-05-18T06:07:28.7516487Z [command]/usr/bin/git config --local includeIf.gitdir:/home/runner/work/prismTask/prismTask/.git.path /home/runner/work/_temp/git-credentials-6ac1a47d-6d82-48d0-9796-76a1b2a801d7.config
2026-05-18T06:07:28.7550150Z [command]/usr/bin/git config --local includeIf.gitdir:/home/runner/work/prismTask/prismTask/.git/worktrees/*.path /home/runner/work/_temp/git-credentials-6ac1a47d-6d82-48d0-9796-76a1b2a801d7.config
2026-05-18T06:07:28.7588377Z [command]/usr/bin/git config --local includeIf.gitdir:/github/workspace/.git.path /github/runner_temp/git-credentials-6ac1a47d-6d82-48d0-9796-76a1b2a801d7.config
2026-05-18T06:07:28.7632500Z [command]/usr/bin/git config --local includeIf.gitdir:/github/workspace/.git/worktrees/*.path /github/runner_temp/git-credentials-6ac1a47d-6d82-48d0-9796-76a1b2a801d7.config
2026-05-18T06:07:28.7661384Z ##[endgroup]
2026-05-18T06:07:28.7662530Z ##[group]Fetching the repository
2026-05-18T06:07:28.7675462Z [command]/usr/bin/git -c protocol.version=2 fetch --no-tags --prune --no-recurse-submodules --depth=1 origin +cc8f7bbdc784adff7231a148b6f5eace167e6215:refs/remotes/pull/1640/merge
2026-05-18T06:07:30.8977075Z From https://github.com/averycorp/prismTask
2026-05-18T06:07:30.8978975Z  * [new ref]         cc8f7bbdc784adff7231a148b6f5eace167e6215 -> pull/1640/merge
2026-05-18T06:07:30.9020508Z ##[endgroup]
2026-05-18T06:07:30.9022028Z ##[group]Determining the checkout info
2026-05-18T06:07:30.9023889Z ##[endgroup]
2026-05-18T06:07:30.9027926Z [command]/usr/bin/git sparse-checkout disable
2026-05-18T06:07:30.9075996Z [command]/usr/bin/git config --local --unset-all extensions.worktreeConfig
2026-05-18T06:07:30.9109343Z ##[group]Checking out the ref
2026-05-18T06:07:30.9110178Z [command]/usr/bin/git checkout --progress --force refs/remotes/pull/1640/merge
2026-05-18T06:07:31.2105683Z Note: switching to 'refs/remotes/pull/1640/merge'.
2026-05-18T06:07:31.2107484Z 
2026-05-18T06:07:31.2108661Z You are in 'detached HEAD' state. You can look around, make experimental
2026-05-18T06:07:31.2111128Z changes and commit them, and you can discard any commits you make in this
2026-05-18T06:07:31.2113799Z state without impacting any branches by switching back to a branch.
2026-05-18T06:07:31.2115386Z 
2026-05-18T06:07:31.2116704Z If you want to create a new branch to retain commits you create, you may
2026-05-18T06:07:31.2118349Z do so (now or later) by using -c with the switch command. Example:
2026-05-18T06:07:31.2119239Z 
2026-05-18T06:07:31.2119603Z   git switch -c <new-branch-name>
2026-05-18T06:07:31.2120203Z 
2026-05-18T06:07:31.2120549Z Or undo this operation with:
2026-05-18T06:07:31.2121071Z 
2026-05-18T06:07:31.2121388Z   git switch -
2026-05-18T06:07:31.2121791Z 
2026-05-18T06:07:31.2122446Z Turn off this advice by setting config variable advice.detachedHead to false
2026-05-18T06:07:31.2123719Z 
2026-05-18T06:07:31.2124884Z HEAD is now at cc8f7bb Merge eb3dd1926855870518b9b9717828b53660b49309 into 08c94048542478b2bb6f1079e00d09288c7f259f
2026-05-18T06:07:31.2131762Z ##[endgroup]
2026-05-18T06:07:31.2174942Z [command]/usr/bin/git log -1 --format=%H
2026-05-18T06:07:31.2199027Z cc8f7bbdc784adff7231a148b6f5eace167e6215
2026-05-18T06:07:31.2566015Z Prepare all required actions
2026-05-18T06:07:31.2567336Z Getting action download info
2026-05-18T06:07:31.4296890Z Download action repository 'actions/setup-node@v4' (SHA:49933ea5288caeca8642d1e84afbd3f7d6820020)
2026-05-18T06:07:31.5335702Z ##[group]Run ./.github/actions/setup-node-web
2026-05-18T06:07:31.5336069Z ##[endgroup]
2026-05-18T06:07:31.5472827Z ##[group]Run actions/setup-node@v4
2026-05-18T06:07:31.5473492Z with:
2026-05-18T06:07:31.5473767Z   node-version: 22
2026-05-18T06:07:31.5474011Z   cache: npm
2026-05-18T06:07:31.5474282Z   cache-dependency-path: web/package-lock.json
2026-05-18T06:07:31.5474627Z   always-auth: false
2026-05-18T06:07:31.5474881Z   check-latest: false
2026-05-18T06:07:31.5475273Z   token: ***
2026-05-18T06:07:31.5475508Z ##[endgroup]
2026-05-18T06:07:31.7362726Z Found in cache @ /opt/hostedtoolcache/node/22.22.2/x64
2026-05-18T06:07:31.7370461Z ##[group]Environment details
2026-05-18T06:07:34.5831931Z node: v22.22.2
2026-05-18T06:07:34.5832757Z npm: 10.9.7
2026-05-18T06:07:34.5833401Z yarn: 1.22.22
2026-05-18T06:07:34.5834602Z ##[endgroup]
2026-05-18T06:07:34.5857975Z [command]/opt/hostedtoolcache/node/22.22.2/x64/bin/npm config get cache
2026-05-18T06:07:34.8572278Z /home/runner/.npm
2026-05-18T06:07:35.1477456Z npm cache is not found
2026-05-18T06:07:35.1631758Z ##[group]Run npm ci
2026-05-18T06:07:35.1632047Z [36;1mnpm ci[0m
2026-05-18T06:07:35.1721917Z shell: /usr/bin/bash --noprofile --norc -e -o pipefail {0}
2026-05-18T06:07:35.1722319Z ##[endgroup]
2026-05-18T06:07:48.2862465Z 
2026-05-18T06:07:48.2872161Z added 435 packages, and audited 436 packages in 13s
2026-05-18T06:07:48.2872699Z 
2026-05-18T06:07:48.2873340Z 94 packages are looking for funding
2026-05-18T06:07:48.2873922Z   run `npm fund` for details
2026-05-18T06:07:48.2897348Z 
2026-05-18T06:07:48.2897714Z 1 moderate severity vulnerability
2026-05-18T06:07:48.2898066Z 
2026-05-18T06:07:48.2898290Z To address all issues, run:
2026-05-18T06:07:48.2898659Z   npm audit fix
2026-05-18T06:07:48.2898853Z 
2026-05-18T06:07:48.2898990Z Run `npm audit` for details.
2026-05-18T06:07:48.3551833Z ##[group]Run npm run test:run -- --shard=3/3
2026-05-18T06:07:48.3552216Z [36;1mnpm run test:run -- --shard=3/3[0m
2026-05-18T06:07:48.3587053Z shell: /usr/bin/bash -e {0}
2026-05-18T06:07:48.3587309Z ##[endgroup]
2026-05-18T06:07:48.4598757Z 
2026-05-18T06:07:48.4599090Z > web@2.0.0 test:run
2026-05-18T06:07:48.4599595Z > vitest run --pool=threads --shard=3/3
2026-05-18T06:07:48.4600334Z 
2026-05-18T06:07:48.7730299Z 
2026-05-18T06:07:48.7735052Z [1m[30m[46m RUN [49m[39m[22m [36mv4.1.5 [39m[90m/home/runner/work/prismTask/prismTask/web[39m
2026-05-18T06:07:48.7735813Z 
2026-05-18T06:07:50.3237484Z  [32m✓[39m src/utils/__tests__/nlp.test.ts [2m([22m[2m67 tests[22m[2m)[22m[32m 56[2mms[22m[39m
2026-05-18T06:07:50.4977823Z  [32m✓[39m src/stores/__tests__/configFamilyStores.test.ts [2m([22m[2m18 tests[22m[2m)[22m[32m 12[2mms[22m[39m
2026-05-18T06:07:51.8311970Z  [32m✓[39m src/utils/__tests__/streaks.test.ts [2m([22m[2m36 tests[22m[2m)[22m[32m 82[2mms[22m[39m
2026-05-18T06:07:51.8396861Z  [32m✓[39m src/utils/__tests__/projectBurndown.test.ts [2m([22m[2m10 tests[22m[2m)[22m[32m 15[2mms[22m[39m
2026-05-18T06:07:52.9655825Z  [32m✓[39m src/utils/__tests__/recurrence.test.ts [2m([22m[2m42 tests[22m[2m)[22m[32m 25[2mms[22m[39m
2026-05-18T06:07:53.4085071Z  [32m✓[39m src/stores/__tests__/dashboardStore.test.ts [2m([22m[2m10 tests[22m[2m)[22m[32m 16[2mms[22m[39m
2026-05-18T06:07:54.0995719Z  [32m✓[39m src/features/today/__tests__/RestDayBanner.test.tsx [2m([22m[2m7 tests[22m[2m)[22m[33m 580[2mms[22m[39m
2026-05-18T06:07:54.2647726Z  [32m✓[39m src/utils/__tests__/builtInHabitReconciler.test.ts [2m([22m[2m16 tests[22m[2m)[22m[32m 13[2mms[22m[39m
2026-05-18T06:07:54.8545238Z  [32m✓[39m src/lib/firestore/__tests__/safeMergeDoc.test.ts [2m([22m[2m9 tests[22m[2m)[22m[32m 18[2mms[22m[39m
2026-05-18T06:07:55.5225420Z  [32m✓[39m src/lib/__tests__/builtInHabitReconciler.test.ts [2m([22m[2m13 tests[22m[2m)[22m[32m 31[2mms[22m[39m
2026-05-18T06:07:55.7055510Z  [32m✓[39m src/features/batch/__tests__/batchApplier.medication.test.ts [2m([22m[2m8 tests[22m[2m)[22m[32m 16[2mms[22m[39m
2026-05-18T06:07:56.8627704Z  [32m✓[39m src/api/__tests__/leisure.test.ts [2m([22m[2m13 tests[22m[2m)[22m[32m 17[2mms[22m[39m
2026-05-18T06:07:57.0546851Z  [32m✓[39m src/api/firestore/__tests__/medicationSlots.test.ts [2m([22m[2m14 tests[22m[2m)[22m[32m 18[2mms[22m[39m
2026-05-18T06:07:57.8687822Z  [32m✓[39m src/stores/__tests__/habitStore.startOfDayHour.test.ts [2m([22m[2m3 tests[22m[2m)[22m[32m 10[2mms[22m[39m
2026-05-18T06:07:58.1207639Z  [32m✓[39m src/lib/__tests__/boundaryRuleParser.test.ts [2m([22m[2m22 tests[22m[2m)[22m[32m 18[2mms[22m[39m
2026-05-18T06:07:58.7390890Z  [32m✓[39m src/stores/__tests__/authStore.test.ts [2m([22m[2m5 tests[22m[2m)[22m[32m 11[2mms[22m[39m
2026-05-18T06:07:59.5375266Z  [32m✓[39m src/api/__tests__/aiFeatureGate.test.ts [2m([22m[2m16 tests[22m[2m)[22m[32m 29[2mms[22m[39m
2026-05-18T06:08:00.0524922Z  [32m✓[39m src/stores/__tests__/assignmentStore.test.ts [2m([22m[2m9 tests[22m[2m)[22m[32m 13[2mms[22m[39m
2026-05-18T06:08:00.7089330Z  [32m✓[39m src/utils/__tests__/urgency.test.ts [2m([22m[2m12 tests[22m[2m)[22m[32m 22[2mms[22m[39m
2026-05-18T06:08:01.2471322Z  [32m✓[39m src/components/__tests__/BuiltInUpdateBanner.test.tsx [2m([22m[2m10 tests[22m[2m)[22m[33m 315[2mms[22m[39m
2026-05-18T06:08:01.4059173Z  [32m✓[39m src/features/weeklyreview/__tests__/weeklyReviewContent.test.ts [2m([22m[2m14 tests[22m[2m)[22m[32m 19[2mms[22m[39m
2026-05-18T06:08:02.1415569Z  [32m✓[39m src/utils/__tests__/multiCreateDetector.test.ts [2m([22m[2m14 tests[22m[2m)[22m[32m 11[2mms[22m[39m
2026-05-18T06:08:02.7942382Z  [32m✓[39m src/hooks/__tests__/useNdFeatureGate.test.ts [2m([22m[2m18 tests[22m[2m)[22m[32m 7[2mms[22m[39m
2026-05-18T06:08:04.3176426Z  [32m✓[39m src/utils/__tests__/dates.test.ts [2m([22m[2m28 tests[22m[2m)[22m[32m 28[2mms[22m[39m
2026-05-18T06:08:04.7288255Z  [32m✓[39m src/utils/__tests__/streaks.advancedTuning.test.ts [2m([22m[2m3 tests[22m[2m)[22m[32m 25[2mms[22m[39m
2026-05-18T06:08:05.5792191Z  [32m✓[39m src/features/tasks/__tests__/selectUnmetBlockerIds.test.ts [2m([22m[2m10 tests[22m[2m)[22m[32m 10[2mms[22m[39m
2026-05-18T06:08:06.6021122Z  [32m✓[39m src/components/__tests__/HabitLogDialog.test.tsx [2m([22m[2m5 tests[22m[2m)[22m[33m 830[2mms[22m[39m
2026-05-18T06:08:06.9435092Z  [32m✓[39m src/api/firestore/__tests__/projectPhases.test.ts [2m([22m[2m5 tests[22m[2m)[22m[32m 9[2mms[22m[39m
2026-05-18T06:08:08.0888557Z  [32m✓[39m src/api/__tests__/aiChat.test.ts [2m([22m[2m6 tests[22m[2m)[22m[32m 13[2mms[22m[39m
2026-05-18T06:08:08.4695252Z  [32m✓[39m src/features/today/__tests__/HabitsSection.test.tsx [2m([22m[2m3 tests[22m[2m)[22m[33m 325[2mms[22m[39m
2026-05-18T06:08:08.5631285Z  [32m✓[39m src/features/medication/__tests__/refillCalculator.test.ts [2m([22m[2m10 tests[22m[2m)[22m[32m 7[2mms[22m[39m
2026-05-18T06:08:09.5845132Z  [32m✓[39m src/api/firestore/__tests__/projectRisks.test.ts [2m([22m[2m7 tests[22m[2m)[22m[32m 9[2mms[22m[39m
2026-05-18T06:08:09.8315299Z  [32m✓[39m src/api/firestore/__tests__/a11yPreferences.test.ts [2m([22m[2m7 tests[22m[2m)[22m[32m 25[2mms[22m[39m
2026-05-18T06:08:09.9620059Z  [32m✓[39m src/api/firestore/__tests__/medicationSlots.lww.test.ts [2m([22m[2m4 tests[22m[2m)[22m[32m 8[2mms[22m[39m
2026-05-18T06:08:10.9184650Z  [32m✓[39m src/features/today/__tests__/BurnoutBadgeSection.test.ts [2m([22m[2m4 tests[22m[2m)[22m[32m 7[2mms[22m[39m
2026-05-18T06:08:12.2455134Z  [32m✓[39m src/lib/idb/__tests__/database.test.ts [2m([22m[2m5 tests[22m[2m)[22m[32m 18[2mms[22m[39m
2026-05-18T06:08:12.2900799Z  [32m✓[39m src/components/__tests__/TaskConfirmModal.test.tsx [2m([22m[2m5 tests[22m[2m)[22m[33m 788[2mms[22m[39m
2026-05-18T06:08:12.2902631Z      [33m[2m✓[22m[39m strips leading # and blank entries from the tags field [33m 309[2mms[22m[39m
2026-05-18T06:08:13.4405226Z  [32m✓[39m src/features/weeklyreview/__tests__/WeeklyReviewsListScreen.test.tsx [2m([22m[2m3 tests[22m[2m)[22m[32m 240[2mms[22m[39m
2026-05-18T06:08:13.6953673Z  [32m✓[39m src/stores/__tests__/medicationSlotsStore.test.ts [2m([22m[2m4 tests[22m[2m)[22m[32m 9[2mms[22m[39m
2026-05-18T06:08:14.7018670Z  [32m✓[39m src/utils/__tests__/medicationBuiltInHabit.test.ts [2m([22m[2m6 tests[22m[2m)[22m[32m 4[2mms[22m[39m
2026-05-18T06:08:15.4737218Z  [32m✓[39m src/theme/__tests__/PrismThemeProvider.test.tsx [2m([22m[2m3 tests[22m[2m)[22m[32m 162[2mms[22m[39m
2026-05-18T06:08:15.5213927Z  [31m❯[39m src/components/__tests__/ContributionGrid.test.tsx [2m([22m[2m5 tests[22m[2m | [22m[31m2 failed[39m[2m)[22m[33m 311[2mms[22m[39m
2026-05-18T06:08:15.5216116Z      [32m✓[39m renders the configured title[32m 121[2mms[22m[39m
2026-05-18T06:08:15.5218061Z [31m     [31m×[31m renders 12 weeks of cells by default (7 rows × 12 columns)[39m[32m 60[2mms[22m[39m
2026-05-18T06:08:15.5226628Z      [32m✓[39m buckets recent completions into the grid by date[32m 50[2mms[22m[39m
2026-05-18T06:08:15.5228097Z      [32m✓[39m clamps cells with no completions to count = 0[32m 57[2mms[22m[39m
2026-05-18T06:08:15.5229681Z [31m     [31m×[31m respects a custom weeks count[39m[32m 19[2mms[22m[39m
2026-05-18T06:08:16.0286145Z  [32m✓[39m src/stores/__tests__/medicationRefillsStore.test.ts [2m([22m[2m3 tests[22m[2m)[22m[32m 9[2mms[22m[39m
2026-05-18T06:08:16.8980377Z  [32m✓[39m src/api/__tests__/pomodoroCoaching.test.ts [2m([22m[2m3 tests[22m[2m)[22m[32m 7[2mms[22m[39m
2026-05-18T06:08:17.2699841Z  [32m✓[39m src/utils/__tests__/goodEnoughTimer.test.ts [2m([22m[2m7 tests[22m[2m)[22m[32m 7[2mms[22m[39m
2026-05-18T06:08:18.1795093Z  [32m✓[39m src/utils/__tests__/export.test.ts [2m([22m[2m8 tests[22m[2m)[22m[33m 1283[2mms[22m[39m
2026-05-18T06:08:18.1796285Z        [33m[2m✓[22m[39m can construct a valid export object [33m 1276[2mms[22m[39m
2026-05-18T06:08:18.1828782Z 
2026-05-18T06:08:18.1829704Z [31m⎯⎯⎯⎯⎯⎯⎯[39m[1m[41m Failed Tests 2 [49m[22m[31m⎯⎯⎯⎯⎯⎯⎯[39m
2026-05-18T06:08:18.1830608Z 
2026-05-18T06:08:18.1835338Z [41m[1m FAIL [22m[49m src/components/__tests__/ContributionGrid.test.tsx[2m > [22mContributionGrid[2m > [22mrenders 12 weeks of cells by default (7 rows × 12 columns)
2026-05-18T06:08:18.1841373Z [31m[1mAssertionError[22m: expected 78 to be greater than or equal to 79[39m
2026-05-18T06:08:18.1842653Z [36m [2m❯[22m src/components/__tests__/ContributionGrid.test.tsx:[2m36:26[22m[39m
2026-05-18T06:08:18.1873085Z     [90m 34|[39m     [90m// count is ≤ 84 and ≥ 79 (12 weeks − up to 5 future days).[39m
2026-05-18T06:08:18.1874247Z     [90m 35|[39m     [34mexpect[39m(cells[33m.[39mlength)[33m.[39m[34mtoBeLessThanOrEqual[39m([34m84[39m)[33m;[39m
2026-05-18T06:08:18.1875889Z     [90m 36|[39m     [34mexpect[39m(cells[33m.[39mlength)[33m.[39m[34mtoBeGreaterThanOrEqual[39m([34m79[39m)[33m;[39m
2026-05-18T06:08:18.1876932Z     [90m   |[39m                          [31m^[39m
2026-05-18T06:08:18.1877338Z     [90m 37|[39m   })[33m;[39m
2026-05-18T06:08:18.1877620Z     [90m 38|[39m
2026-05-18T06:08:18.1877752Z 
2026-05-18T06:08:18.1878103Z [31m[2m⎯⎯⎯⎯⎯⎯⎯⎯⎯⎯⎯⎯⎯⎯⎯⎯⎯⎯⎯⎯⎯⎯⎯⎯[1/2]⎯[22m[39m
2026-05-18T06:08:18.1878449Z 
2026-05-18T06:08:18.1879643Z [41m[1m FAIL [22m[49m src/components/__tests__/ContributionGrid.test.tsx[2m > [22mContributionGrid[2m > [22mrespects a custom weeks count
2026-05-18T06:08:18.1880527Z [31m[1mAssertionError[22m: expected 22 to be greater than or equal to 23[39m
2026-05-18T06:08:18.1881207Z [36m [2m❯[22m src/components/__tests__/ContributionGrid.test.tsx:[2m81:26[22m[39m
2026-05-18T06:08:18.1881915Z     [90m 79|[39m     // 4 weeks = at most 28 days, at least 23 (4 × 7 minus future spac…
2026-05-18T06:08:18.1882677Z     [90m 80|[39m     [34mexpect[39m(cells[33m.[39mlength)[33m.[39m[34mtoBeLessThanOrEqual[39m([34m28[39m)[33m;[39m
2026-05-18T06:08:18.1884341Z     [90m 81|[39m     [34mexpect[39m(cells[33m.[39mlength)[33m.[39m[34mtoBeGreaterThanOrEqual[39m([34m23[39m)[33m;[39m
2026-05-18T06:08:18.1884980Z     [90m   |[39m                          [31m^[39m
2026-05-18T06:08:18.1885305Z     [90m 82|[39m   })[33m;[39m
2026-05-18T06:08:18.1885592Z     [90m 83|[39m })[33m;[39m
2026-05-18T06:08:18.1885736Z 
2026-05-18T06:08:18.1885972Z [31m[2m⎯⎯⎯⎯⎯⎯⎯⎯⎯⎯⎯⎯⎯⎯⎯⎯⎯⎯⎯⎯⎯⎯⎯⎯[2/2]⎯[22m[39m
2026-05-18T06:08:18.1886162Z 
2026-05-18T06:08:18.1886190Z 
2026-05-18T06:08:18.1893132Z [2m Test Files [22m [1m[31m1 failed[39m[22m[2m | [22m[1m[32m45 passed[39m[22m[90m (46)[39m
2026-05-18T06:08:18.1897154Z [2m      Tests [22m [1m[31m2 failed[39m[22m[2m | [22m[1m[32m528 passed[39m[22m[90m (530)[39m
2026-05-18T06:08:18.1897859Z [2m   Start at [22m 06:07:48
2026-05-18T06:08:18.1900473Z [2m   Duration [22m 29.39s[2m (transform 1.29s, setup 5.70s, import 19.73s, tests 5.49s, environment 45.63s)[22m
2026-05-18T06:08:18.1902157Z 
2026-05-18T06:08:18.1916490Z 
2026-05-18T06:08:18.1936931Z ##[error]AssertionError: expected 78 to be greater than or equal to 79
 ❯ src/components/__tests__/ContributionGrid.test.tsx:36:26


2026-05-18T06:08:18.1946293Z 
2026-05-18T06:08:18.1948456Z ##[error]AssertionError: expected 22 to be greater than or equal to 23
 ❯ src/components/__tests__/ContributionGrid.test.tsx:81:26


2026-05-18T06:08:18.2431595Z ##[error]Process completed with exit code 1.
2026-05-18T06:08:18.2509191Z Post job cleanup.
2026-05-18T06:08:18.2595794Z Post job cleanup.
2026-05-18T06:08:18.3452372Z [command]/usr/bin/git version
2026-05-18T06:08:18.3490346Z git version 2.54.0
2026-05-18T06:08:18.3531182Z Temporarily overriding HOME='/home/runner/work/_temp/3f60200c-a265-42e2-a1bd-23673079a2b6' before making global git config changes
2026-05-18T06:08:18.3532323Z Adding repository directory to the temporary git global config as a safe directory
2026-05-18T06:08:18.3537101Z [command]/usr/bin/git config --global --add safe.directory /home/runner/work/prismTask/prismTask
2026-05-18T06:08:18.3568640Z Removing SSH command configuration
2026-05-18T06:08:18.3575363Z [command]/usr/bin/git config --local --name-only --get-regexp core\.sshCommand
2026-05-18T06:08:18.3612662Z [command]/usr/bin/git submodule foreach --recursive sh -c "git config --local --name-only --get-regexp 'core\.sshCommand' && git config --local --unset-all 'core.sshCommand' || :"
2026-05-18T06:08:18.3839655Z Removing HTTP extra header
2026-05-18T06:08:18.3845903Z [command]/usr/bin/git config --local --name-only --get-regexp http\.https\:\/\/github\.com\/\.extraheader
2026-05-18T06:08:18.3881146Z [command]/usr/bin/git submodule foreach --recursive sh -c "git config --local --name-only --get-regexp 'http\.https\:\/\/github\.com\/\.extraheader' && git config --local --unset-all 'http.https://github.com/.extraheader' || :"
2026-05-18T06:08:18.4126752Z Removing includeIf entries pointing to credentials config files
2026-05-18T06:08:18.4134251Z [command]/usr/bin/git config --local --name-only --get-regexp ^includeIf\.gitdir:
2026-05-18T06:08:18.4164310Z includeif.gitdir:/home/runner/work/prismTask/prismTask/.git.path
2026-05-18T06:08:18.4165770Z includeif.gitdir:/home/runner/work/prismTask/prismTask/.git/worktrees/*.path
2026-05-18T06:08:18.4167130Z includeif.gitdir:/github/workspace/.git.path
2026-05-18T06:08:18.4168268Z includeif.gitdir:/github/workspace/.git/worktrees/*.path
2026-05-18T06:08:18.4175652Z [command]/usr/bin/git config --local --get-all includeif.gitdir:/home/runner/work/prismTask/prismTask/.git.path
2026-05-18T06:08:18.4199388Z /home/runner/work/_temp/git-credentials-6ac1a47d-6d82-48d0-9796-76a1b2a801d7.config
2026-05-18T06:08:18.4211477Z [command]/usr/bin/git config --local --unset includeif.gitdir:/home/runner/work/prismTask/prismTask/.git.path /home/runner/work/_temp/git-credentials-6ac1a47d-6d82-48d0-9796-76a1b2a801d7.config
2026-05-18T06:08:18.4250224Z [command]/usr/bin/git config --local --get-all includeif.gitdir:/home/runner/work/prismTask/prismTask/.git/worktrees/*.path
2026-05-18T06:08:18.4273421Z /home/runner/work/_temp/git-credentials-6ac1a47d-6d82-48d0-9796-76a1b2a801d7.config
2026-05-18T06:08:18.4283554Z [command]/usr/bin/git config --local --unset includeif.gitdir:/home/runner/work/prismTask/prismTask/.git/worktrees/*.path /home/runner/work/_temp/git-credentials-6ac1a47d-6d82-48d0-9796-76a1b2a801d7.config
2026-05-18T06:08:18.4315057Z [command]/usr/bin/git config --local --get-all includeif.gitdir:/github/workspace/.git.path
2026-05-18T06:08:18.4340311Z /github/runner_temp/git-credentials-6ac1a47d-6d82-48d0-9796-76a1b2a801d7.config
2026-05-18T06:08:18.4352164Z [command]/usr/bin/git config --local --unset includeif.gitdir:/github/workspace/.git.path /github/runner_temp/git-credentials-6ac1a47d-6d82-48d0-9796-76a1b2a801d7.config
2026-05-18T06:08:18.4386155Z [command]/usr/bin/git config --local --get-all includeif.gitdir:/github/workspace/.git/worktrees/*.path
2026-05-18T06:08:18.4408786Z /github/runner_temp/git-credentials-6ac1a47d-6d82-48d0-9796-76a1b2a801d7.config
2026-05-18T06:08:18.4418392Z [command]/usr/bin/git config --local --unset includeif.gitdir:/github/workspace/.git/worktrees/*.path /github/runner_temp/git-credentials-6ac1a47d-6d82-48d0-9796-76a1b2a801d7.config
2026-05-18T06:08:18.4449299Z [command]/usr/bin/git submodule foreach --recursive git config --local --show-origin --name-only --get-regexp remote.origin.url
2026-05-18T06:08:18.4677758Z Removing credentials config '/home/runner/work/_temp/git-credentials-6ac1a47d-6d82-48d0-9796-76a1b2a801d7.config'
2026-05-18T06:08:18.4812063Z Cleaning up orphan processes
2026-05-18T06:08:18.5098657Z ##[warning]Node.js 20 actions are deprecated. The following actions are running on Node.js 20 and may not work as expected: actions/setup-node@v4. Actions will be forced to run with Node.js 24 by default starting June 2nd, 2026. Node.js 20 will be removed from the runner on September 16th, 2026. Please check if updated versions of these actions are available that support Node.js 24. To opt into Node.js 24 now, set the FORCE_JAVASCRIPT_ACTIONS_TO_NODE24=true environment variable on the runner or in your workflow file. Once Node.js 24 becomes the default, you can temporarily opt out by setting ACTIONS_ALLOW_USE_UNSECURE_NODE_VERSION=true. For more information see: https://github.blog/changelog/2025-09-19-deprecation-of-node-20-on-github-actions-runners/


--- Job: web-lint-and-test (id 76467992530) ---
2026-05-18T06:09:05.6985571Z Current runner version: '2.334.0'
2026-05-18T06:09:05.7010541Z ##[group]Runner Image Provisioner
2026-05-18T06:09:05.7011292Z Hosted Compute Agent
2026-05-18T06:09:05.7011963Z Version: 20260213.493
2026-05-18T06:09:05.7012555Z Commit: 5c115507f6dd24b8de37d8bbe0bb4509d0cc0fa3
2026-05-18T06:09:05.7013310Z Build Date: 2026-02-13T00:28:41Z
2026-05-18T06:09:05.7014034Z Worker ID: {047e9d3f-9c78-44e7-aa3e-a078685659f2}
2026-05-18T06:09:05.7014716Z Azure Region: eastus
2026-05-18T06:09:05.7015282Z ##[endgroup]
2026-05-18T06:09:05.7016850Z ##[group]Operating System
2026-05-18T06:09:05.7017577Z Ubuntu
2026-05-18T06:09:05.7018034Z 24.04.4
2026-05-18T06:09:05.7018492Z LTS
2026-05-18T06:09:05.7019294Z ##[endgroup]
2026-05-18T06:09:05.7019817Z ##[group]Runner Image
2026-05-18T06:09:05.7020398Z Image: ubuntu-24.04
2026-05-18T06:09:05.7020953Z Version: 20260513.135.3
2026-05-18T06:09:05.7022134Z Included Software: https://github.com/actions/runner-images/blob/ubuntu24/20260513.135/images/ubuntu/Ubuntu2404-Readme.md
2026-05-18T06:09:05.7023676Z Image Release: https://github.com/actions/runner-images/releases/tag/ubuntu24%2F20260513.135
2026-05-18T06:09:05.7024575Z ##[endgroup]
2026-05-18T06:09:05.7025750Z ##[group]GITHUB_TOKEN Permissions
2026-05-18T06:09:05.7027614Z Actions: read
2026-05-18T06:09:05.7028163Z Checks: read
2026-05-18T06:09:05.7028989Z Contents: write
2026-05-18T06:09:05.7029630Z Metadata: read
2026-05-18T06:09:05.7030134Z ##[endgroup]
2026-05-18T06:09:05.7032309Z Secret source: Dependabot
2026-05-18T06:09:05.7033245Z Prepare workflow directory
2026-05-18T06:09:05.7476406Z Prepare all required actions
2026-05-18T06:09:05.7604554Z Complete job name: web-lint-and-test
2026-05-18T06:09:05.8722917Z ##[group]Run if [ 'success' != 'success' ]; then
2026-05-18T06:09:05.8724246Z [36;1mif [ 'success' != 'success' ]; then[0m
2026-05-18T06:09:05.8725335Z [36;1m  echo "web-lint finished with success" >&2[0m
2026-05-18T06:09:05.8726512Z [36;1m  exit 1[0m
2026-05-18T06:09:05.8727324Z [36;1mfi[0m
2026-05-18T06:09:05.8728121Z [36;1mif [ 'failure' != 'success' ]; then[0m
2026-05-18T06:09:05.8729376Z [36;1m  echo "web-unit-tests finished with failure" >&2[0m
2026-05-18T06:09:05.8730540Z [36;1m  exit 1[0m
2026-05-18T06:09:05.8731208Z [36;1mfi[0m
2026-05-18T06:09:05.8731985Z [36;1mif [ 'success' != 'success' ]; then[0m
2026-05-18T06:09:05.8733095Z [36;1m  echo "web-build finished with success" >&2[0m
2026-05-18T06:09:05.8734127Z [36;1m  exit 1[0m
2026-05-18T06:09:05.8734815Z [36;1mfi[0m
2026-05-18T06:09:05.8735831Z [36;1mecho "✓ Split web lint, unit-test shards, and build passed."[0m
2026-05-18T06:09:05.9400281Z shell: /usr/bin/bash -e {0}
2026-05-18T06:09:05.9401432Z ##[endgroup]
2026-05-18T06:09:05.9665708Z web-unit-tests finished with failure
2026-05-18T06:09:05.9691125Z ##[error]Process completed with exit code 1.
2026-05-18T06:09:05.9842007Z Cleaning up orphan processes
