=== CI FAILURE ===
Workflow:      Web CI
Workflow file: averycorp/prismTask/.github/workflows/web-ci.yml@refs/pull/1551/merge
Job(s):        web-lint, web-lint-and-test
Run ID:        25953285373
Run attempt:   1
Run URL:       https://github.com/averycorp/prismTask/actions/runs/25953285373
Commit:        e1d74ac99209024f727f0db9be11c86b7a5f6059
Branch:        1551/merge
Event:         pull_request
Actor:         akarlin3
Runner OS:     Linux
Timestamp:     2026-05-16T04:58:19.866Z

Failed steps:
  - web-lint: #5 Run ESLint
  - web-lint-and-test: #2 Verify split web checks

=== FAILED JOB LOG ===

--- Job: web-lint (id 76295032089) ---
2026-05-16T04:57:24.1910168Z Current runner version: '2.334.0'
2026-05-16T04:57:24.1933723Z ##[group]Runner Image Provisioner
2026-05-16T04:57:24.1934452Z Hosted Compute Agent
2026-05-16T04:57:24.1934905Z Version: 20260213.493
2026-05-16T04:57:24.1935499Z Commit: 5c115507f6dd24b8de37d8bbe0bb4509d0cc0fa3
2026-05-16T04:57:24.1936085Z Build Date: 2026-02-13T00:28:41Z
2026-05-16T04:57:24.1936698Z Worker ID: {51c71455-fe10-4a84-8d03-354b4dd99c3f}
2026-05-16T04:57:24.1937354Z Azure Region: westus3
2026-05-16T04:57:24.1937817Z ##[endgroup]
2026-05-16T04:57:24.1939318Z ##[group]Operating System
2026-05-16T04:57:24.1940065Z Ubuntu
2026-05-16T04:57:24.1940505Z 24.04.4
2026-05-16T04:57:24.1940885Z LTS
2026-05-16T04:57:24.1941319Z ##[endgroup]
2026-05-16T04:57:24.1941740Z ##[group]Runner Image
2026-05-16T04:57:24.1942224Z Image: ubuntu-24.04
2026-05-16T04:57:24.1942686Z Version: 20260513.135.3
2026-05-16T04:57:24.1943744Z Included Software: https://github.com/actions/runner-images/blob/ubuntu24/20260513.135/images/ubuntu/Ubuntu2404-Readme.md
2026-05-16T04:57:24.1945035Z Image Release: https://github.com/actions/runner-images/releases/tag/ubuntu24%2F20260513.135
2026-05-16T04:57:24.1945839Z ##[endgroup]
2026-05-16T04:57:24.1946841Z ##[group]GITHUB_TOKEN Permissions
2026-05-16T04:57:24.1948735Z Actions: read
2026-05-16T04:57:24.1949168Z Checks: read
2026-05-16T04:57:24.1949761Z Contents: write
2026-05-16T04:57:24.1950259Z Metadata: read
2026-05-16T04:57:24.1950708Z ##[endgroup]
2026-05-16T04:57:24.1952646Z Secret source: Actions
2026-05-16T04:57:24.1953317Z Prepare workflow directory
2026-05-16T04:57:24.2330187Z Prepare all required actions
2026-05-16T04:57:24.2366639Z Getting action download info
2026-05-16T04:57:24.5919356Z Download action repository 'actions/checkout@v6' (SHA:de0fac2e4500dabe0009e67214ff5f5447ce83dd)
2026-05-16T04:57:24.8175619Z Complete job name: web-lint
2026-05-16T04:57:24.8786050Z ##[group]Run actions/checkout@v6
2026-05-16T04:57:24.8786848Z with:
2026-05-16T04:57:24.8787309Z   repository: averycorp/prismTask
2026-05-16T04:57:24.8787993Z   token: ***
2026-05-16T04:57:24.8788411Z   ssh-strict: true
2026-05-16T04:57:24.8788837Z   ssh-user: git
2026-05-16T04:57:24.8789277Z   persist-credentials: true
2026-05-16T04:57:24.8789879Z   clean: true
2026-05-16T04:57:24.8790296Z   sparse-checkout-cone-mode: true
2026-05-16T04:57:24.8790804Z   fetch-depth: 1
2026-05-16T04:57:24.8791182Z   fetch-tags: false
2026-05-16T04:57:24.8791662Z   show-progress: true
2026-05-16T04:57:24.8792070Z   lfs: false
2026-05-16T04:57:24.8792456Z   submodules: false
2026-05-16T04:57:24.8792902Z   set-safe-directory: true
2026-05-16T04:57:24.8793624Z ##[endgroup]
2026-05-16T04:57:24.9759432Z Syncing repository: averycorp/prismTask
2026-05-16T04:57:24.9761630Z ##[group]Getting Git version info
2026-05-16T04:57:24.9762350Z Working directory is '/home/runner/work/prismTask/prismTask'
2026-05-16T04:57:24.9763658Z [command]/usr/bin/git version
2026-05-16T04:57:24.9808845Z git version 2.54.0
2026-05-16T04:57:24.9830741Z ##[endgroup]
2026-05-16T04:57:24.9845530Z Temporarily overriding HOME='/home/runner/work/_temp/d8c2f739-7089-466e-8529-ecb7d5748706' before making global git config changes
2026-05-16T04:57:24.9847870Z Adding repository directory to the temporary git global config as a safe directory
2026-05-16T04:57:24.9852132Z [command]/usr/bin/git config --global --add safe.directory /home/runner/work/prismTask/prismTask
2026-05-16T04:57:24.9896420Z Deleting the contents of '/home/runner/work/prismTask/prismTask'
2026-05-16T04:57:24.9900495Z ##[group]Initializing the repository
2026-05-16T04:57:24.9905239Z [command]/usr/bin/git init /home/runner/work/prismTask/prismTask
2026-05-16T04:57:25.0010597Z hint: Using 'master' as the name for the initial branch. This default branch name
2026-05-16T04:57:25.0011830Z hint: will change to "main" in Git 3.0. To configure the initial branch name
2026-05-16T04:57:25.0012773Z hint: to use in all of your new repositories, which will suppress this warning,
2026-05-16T04:57:25.0013952Z hint: call:
2026-05-16T04:57:25.0014618Z hint:
2026-05-16T04:57:25.0015780Z hint: 	git config --global init.defaultBranch <name>
2026-05-16T04:57:25.0016648Z hint:
2026-05-16T04:57:25.0017565Z hint: Names commonly chosen instead of 'master' are 'main', 'trunk' and
2026-05-16T04:57:25.0018657Z hint: 'development'. The just-created branch can be renamed via this command:
2026-05-16T04:57:25.0019380Z hint:
2026-05-16T04:57:25.0020084Z hint: 	git branch -m <name>
2026-05-16T04:57:25.0020635Z hint:
2026-05-16T04:57:25.0021504Z hint: Disable this message with "git config set advice.defaultBranchName false"
2026-05-16T04:57:25.0022430Z Initialized empty Git repository in /home/runner/work/prismTask/prismTask/.git/
2026-05-16T04:57:25.0026417Z [command]/usr/bin/git remote add origin https://github.com/averycorp/prismTask
2026-05-16T04:57:25.0063489Z ##[endgroup]
2026-05-16T04:57:25.0064359Z ##[group]Disabling automatic garbage collection
2026-05-16T04:57:25.0066660Z [command]/usr/bin/git config --local gc.auto 0
2026-05-16T04:57:25.0090694Z ##[endgroup]
2026-05-16T04:57:25.0091846Z ##[group]Setting up auth
2026-05-16T04:57:25.0092652Z Removing SSH command configuration
2026-05-16T04:57:25.0096626Z [command]/usr/bin/git config --local --name-only --get-regexp core\.sshCommand
2026-05-16T04:57:25.0125908Z [command]/usr/bin/git submodule foreach --recursive sh -c "git config --local --name-only --get-regexp 'core\.sshCommand' && git config --local --unset-all 'core.sshCommand' || :"
2026-05-16T04:57:25.0416962Z Removing HTTP extra header
2026-05-16T04:57:25.0423102Z [command]/usr/bin/git config --local --name-only --get-regexp http\.https\:\/\/github\.com\/\.extraheader
2026-05-16T04:57:25.0451222Z [command]/usr/bin/git submodule foreach --recursive sh -c "git config --local --name-only --get-regexp 'http\.https\:\/\/github\.com\/\.extraheader' && git config --local --unset-all 'http.https://github.com/.extraheader' || :"
2026-05-16T04:57:25.0740305Z Removing includeIf entries pointing to credentials config files
2026-05-16T04:57:25.0741432Z [command]/usr/bin/git config --local --name-only --get-regexp ^includeIf\.gitdir:
2026-05-16T04:57:25.0744235Z [command]/usr/bin/git submodule foreach --recursive git config --local --show-origin --name-only --get-regexp remote.origin.url
2026-05-16T04:57:25.0846217Z [command]/usr/bin/git config --file /home/runner/work/_temp/git-credentials-ab4b5f48-c402-4ff2-b1c6-3e7975d30885.config http.https://github.com/.extraheader AUTHORIZATION: basic ***
2026-05-16T04:57:25.0877759Z [command]/usr/bin/git config --local includeIf.gitdir:/home/runner/work/prismTask/prismTask/.git.path /home/runner/work/_temp/git-credentials-ab4b5f48-c402-4ff2-b1c6-3e7975d30885.config
2026-05-16T04:57:25.0902284Z [command]/usr/bin/git config --local includeIf.gitdir:/home/runner/work/prismTask/prismTask/.git/worktrees/*.path /home/runner/work/_temp/git-credentials-ab4b5f48-c402-4ff2-b1c6-3e7975d30885.config
2026-05-16T04:57:25.0928991Z [command]/usr/bin/git config --local includeIf.gitdir:/github/workspace/.git.path /github/runner_temp/git-credentials-ab4b5f48-c402-4ff2-b1c6-3e7975d30885.config
2026-05-16T04:57:25.0954901Z [command]/usr/bin/git config --local includeIf.gitdir:/github/workspace/.git/worktrees/*.path /github/runner_temp/git-credentials-ab4b5f48-c402-4ff2-b1c6-3e7975d30885.config
2026-05-16T04:57:25.0981643Z ##[endgroup]
2026-05-16T04:57:25.0989768Z ##[group]Fetching the repository
2026-05-16T04:57:25.0991889Z [command]/usr/bin/git -c protocol.version=2 fetch --no-tags --prune --no-recurse-submodules --depth=1 origin +e1d74ac99209024f727f0db9be11c86b7a5f6059:refs/remotes/pull/1551/merge
2026-05-16T04:57:27.7306957Z From https://github.com/averycorp/prismTask
2026-05-16T04:57:27.7308734Z  * [new ref]         e1d74ac99209024f727f0db9be11c86b7a5f6059 -> pull/1551/merge
2026-05-16T04:57:27.7355564Z ##[endgroup]
2026-05-16T04:57:27.7356802Z ##[group]Determining the checkout info
2026-05-16T04:57:27.7358168Z ##[endgroup]
2026-05-16T04:57:27.7364188Z [command]/usr/bin/git sparse-checkout disable
2026-05-16T04:57:27.7407536Z [command]/usr/bin/git config --local --unset-all extensions.worktreeConfig
2026-05-16T04:57:27.7433660Z ##[group]Checking out the ref
2026-05-16T04:57:27.7435686Z [command]/usr/bin/git checkout --progress --force refs/remotes/pull/1551/merge
2026-05-16T04:57:28.0121657Z Note: switching to 'refs/remotes/pull/1551/merge'.
2026-05-16T04:57:28.0122633Z 
2026-05-16T04:57:28.0123288Z You are in 'detached HEAD' state. You can look around, make experimental
2026-05-16T04:57:28.0124824Z changes and commit them, and you can discard any commits you make in this
2026-05-16T04:57:28.0126379Z state without impacting any branches by switching back to a branch.
2026-05-16T04:57:28.0127282Z 
2026-05-16T04:57:28.0127896Z If you want to create a new branch to retain commits you create, you may
2026-05-16T04:57:28.0129312Z do so (now or later) by using -c with the switch command. Example:
2026-05-16T04:57:28.0130343Z 
2026-05-16T04:57:28.0130699Z   git switch -c <new-branch-name>
2026-05-16T04:57:28.0131381Z 
2026-05-16T04:57:28.0131949Z Or undo this operation with:
2026-05-16T04:57:28.0132543Z 
2026-05-16T04:57:28.0132843Z   git switch -
2026-05-16T04:57:28.0133257Z 
2026-05-16T04:57:28.0134018Z Turn off this advice by setting config variable advice.detachedHead to false
2026-05-16T04:57:28.0135030Z 
2026-05-16T04:57:28.0136235Z HEAD is now at e1d74ac Merge 899c8dcbca75f0a581006b9230ea9dea061cafa4 into dcef866c7377826dde7f2788daac769144357b80
2026-05-16T04:57:28.0140328Z ##[endgroup]
2026-05-16T04:57:28.0167940Z [command]/usr/bin/git log -1 --format=%H
2026-05-16T04:57:28.0186993Z e1d74ac99209024f727f0db9be11c86b7a5f6059
2026-05-16T04:57:28.0525343Z Prepare all required actions
2026-05-16T04:57:28.0526536Z Getting action download info
2026-05-16T04:57:28.2185482Z Download action repository 'actions/setup-node@v4' (SHA:49933ea5288caeca8642d1e84afbd3f7d6820020)
2026-05-16T04:57:28.3524432Z ##[group]Run ./.github/actions/setup-node-web
2026-05-16T04:57:28.3524797Z ##[endgroup]
2026-05-16T04:57:28.3655320Z ##[group]Run actions/setup-node@v4
2026-05-16T04:57:28.3655692Z with:
2026-05-16T04:57:28.3655981Z   node-version: 22
2026-05-16T04:57:28.3656234Z   cache: npm
2026-05-16T04:57:28.3656505Z   cache-dependency-path: web/package-lock.json
2026-05-16T04:57:28.3656838Z   always-auth: false
2026-05-16T04:57:28.3657075Z   check-latest: false
2026-05-16T04:57:28.3657493Z   token: ***
2026-05-16T04:57:28.3657719Z ##[endgroup]
2026-05-16T04:57:28.5708733Z Found in cache @ /opt/hostedtoolcache/node/22.22.2/x64
2026-05-16T04:57:28.5716872Z ##[group]Environment details
2026-05-16T04:57:33.9262977Z node: v22.22.2
2026-05-16T04:57:33.9264535Z npm: 10.9.7
2026-05-16T04:57:33.9264820Z yarn: 1.22.22
2026-05-16T04:57:33.9265818Z ##[endgroup]
2026-05-16T04:57:33.9286709Z [command]/opt/hostedtoolcache/node/22.22.2/x64/bin/npm config get cache
2026-05-16T04:57:34.2797697Z /home/runner/.npm
2026-05-16T04:57:34.5160188Z npm cache is not found
2026-05-16T04:57:34.5290303Z ##[group]Run npm ci
2026-05-16T04:57:34.5290629Z [36;1mnpm ci[0m
2026-05-16T04:57:34.5367137Z shell: /usr/bin/bash --noprofile --norc -e -o pipefail {0}
2026-05-16T04:57:34.5367520Z ##[endgroup]
2026-05-16T04:57:45.4260553Z 
2026-05-16T04:57:45.4267890Z added 435 packages, and audited 436 packages in 11s
2026-05-16T04:57:45.4268304Z 
2026-05-16T04:57:45.4268513Z 94 packages are looking for funding
2026-05-16T04:57:45.4268838Z   run `npm fund` for details
2026-05-16T04:57:45.4346962Z 
2026-05-16T04:57:45.4347626Z 3 vulnerabilities (2 moderate, 1 critical)
2026-05-16T04:57:45.4348026Z 
2026-05-16T04:57:45.4348249Z To address all issues, run:
2026-05-16T04:57:45.4348645Z   npm audit fix
2026-05-16T04:57:45.4348876Z 
2026-05-16T04:57:45.4349073Z Run `npm audit` for details.
2026-05-16T04:57:45.4729056Z ##[group]Run npm run lint
2026-05-16T04:57:45.4729336Z [36;1mnpm run lint[0m
2026-05-16T04:57:45.4750585Z shell: /usr/bin/bash -e {0}
2026-05-16T04:57:45.4750986Z ##[endgroup]
2026-05-16T04:57:45.5647735Z 
2026-05-16T04:57:45.5648251Z > web@1.6.0 lint
2026-05-16T04:57:45.5648702Z > eslint .
2026-05-16T04:57:45.5648905Z 
2026-05-16T04:58:05.0277931Z 
2026-05-16T04:58:05.0279886Z /home/runner/work/prismTask/prismTask/web/src/features/medication/MedicationEditorDialog.tsx
2026-05-16T04:58:05.0281053Z   190:7  error  Error: Calling setState synchronously within an effect can trigger cascading renders
2026-05-16T04:58:05.0281422Z 
2026-05-16T04:58:05.0282350Z Effects are intended to synchronize state between React and external systems such as manually updating the DOM, state management libraries, or other platform APIs. In general, the body of an effect should do one or both of the following:
2026-05-16T04:58:05.0283376Z * Update external systems with the latest state from React.
2026-05-16T04:58:05.0284109Z * Subscribe for updates from some external system, calling setState in a callback function when external state changes.
2026-05-16T04:58:05.0284515Z 
2026-05-16T04:58:05.0285294Z Calling setState synchronously within an effect body causes cascading renders that can hurt performance, and is not recommended. (https://react.dev/learn/you-might-not-need-an-effect).
2026-05-16T04:58:05.0285959Z 
2026-05-16T04:58:05.0286366Z /home/runner/work/prismTask/prismTask/web/src/features/medication/MedicationEditorDialog.tsx:190:7
2026-05-16T04:58:05.0286833Z   188 |   useEffect(() => {
2026-05-16T04:58:05.0287066Z   189 |     if (isOpen) {
2026-05-16T04:58:05.0287356Z > 190 |       setForm(initialState(initial));
2026-05-16T04:58:05.0287721Z       |       ^^^^^^^ Avoid calling setState() directly within an effect
2026-05-16T04:58:05.0288058Z   191 |       setErrors({});
2026-05-16T04:58:05.0288280Z   192 |     }
2026-05-16T04:58:05.0288567Z   193 |   }, [isOpen, initial]);  react-hooks/set-state-in-effect
2026-05-16T04:58:05.0288788Z 
2026-05-16T04:58:05.0289204Z /home/runner/work/prismTask/prismTask/web/src/features/medication/MedicationRefillScreen.tsx
2026-05-16T04:58:05.0290090Z    88:17  error  Error: Cannot call impure function during render
2026-05-16T04:58:05.0290333Z 
2026-05-16T04:58:05.0291460Z `Date.now` is an impure function. Calling an impure function can produce unstable results that update unpredictably when the component happens to re-render. (https://react.dev/reference/rules/components-and-hooks-must-be-pure#components-and-hooks-must-be-idempotent).
2026-05-16T04:58:05.0292367Z 
2026-05-16T04:58:05.0292948Z /home/runner/work/prismTask/prismTask/web/src/features/medication/MedicationRefillScreen.tsx:88:17
2026-05-16T04:58:05.0293390Z   86 |
2026-05-16T04:58:05.0293622Z   87 |   const forecasts = useMemo(() => {
2026-05-16T04:58:05.0293934Z > 88 |     const now = Date.now();
2026-05-16T04:58:05.0294237Z      |                 ^^^^^^^^^^ Cannot call impure function
2026-05-16T04:58:05.0294626Z   89 |     const map = new Map<string, RefillForecast>();
2026-05-16T04:58:05.0294957Z   90 |     for (const refill of refills) {
2026-05-16T04:58:05.0295863Z   91 |       map.set(refill.id, forecastRefill(refill, now));                                                                                                                                                                                                                                                                                                                               react-hooks/purity
2026-05-16T04:58:05.0296896Z   382:7   error  Error: Calling setState synchronously within an effect can trigger cascading renders
2026-05-16T04:58:05.0297247Z 
2026-05-16T04:58:05.0298151Z Effects are intended to synchronize state between React and external systems such as manually updating the DOM, state management libraries, or other platform APIs. In general, the body of an effect should do one or both of the following:
2026-05-16T04:58:05.0299476Z * Update external systems with the latest state from React.
2026-05-16T04:58:05.0300234Z * Subscribe for updates from some external system, calling setState in a callback function when external state changes.
2026-05-16T04:58:05.0300640Z 
2026-05-16T04:58:05.0301428Z Calling setState synchronously within an effect body causes cascading renders that can hurt performance, and is not recommended. (https://react.dev/learn/you-might-not-need-an-effect).
2026-05-16T04:58:05.0302144Z 
2026-05-16T04:58:05.0302532Z /home/runner/work/prismTask/prismTask/web/src/features/medication/MedicationRefillScreen.tsx:382:7
2026-05-16T04:58:05.0302995Z   380 |   useEffect(() => {
2026-05-16T04:58:05.0303212Z   381 |     if (isOpen) {
2026-05-16T04:58:05.0303509Z > 382 |       setForm(initialEditorState(initial));
2026-05-16T04:58:05.0303870Z       |       ^^^^^^^ Avoid calling setState() directly within an effect
2026-05-16T04:58:05.0304177Z   383 |       setErrors({});
2026-05-16T04:58:05.0304395Z   384 |     }
2026-05-16T04:58:05.0304674Z   385 |   }, [isOpen, initial]);  react-hooks/set-state-in-effect
2026-05-16T04:58:05.0304902Z 
2026-05-16T04:58:05.0305204Z /home/runner/work/prismTask/prismTask/web/src/features/selfcare/SelfCareScreen.tsx
2026-05-16T04:58:05.0305759Z   35:31  error  Error: Cannot call impure function during render
2026-05-16T04:58:05.0305981Z 
2026-05-16T04:58:05.0307048Z `Date.now` is an impure function. Calling an impure function can produce unstable results that update unpredictably when the component happens to re-render. (https://react.dev/reference/rules/components-and-hooks-must-be-pure#components-and-hooks-must-be-idempotent).
2026-05-16T04:58:05.0307971Z 
2026-05-16T04:58:05.0308301Z /home/runner/work/prismTask/prismTask/web/src/features/selfcare/SelfCareScreen.tsx:35:31
2026-05-16T04:58:05.0308704Z   33 |
2026-05-16T04:58:05.0308906Z   34 |   const todayMs = useMemo(
2026-05-16T04:58:05.0309266Z > 35 |     () => startOfLogicalDayMs(Date.now(), startOfDayHour),
2026-05-16T04:58:05.0309815Z      |                               ^^^^^^^^^^ Cannot call impure function
2026-05-16T04:58:05.0310145Z   36 |     [startOfDayHour],
2026-05-16T04:58:05.0310363Z   37 |   );
2026-05-16T04:58:05.0310554Z   38 |  react-hooks/purity
2026-05-16T04:58:05.0310691Z 
2026-05-16T04:58:05.0310994Z /home/runner/work/prismTask/prismTask/web/src/features/today/PlanForTodaySheet.tsx
2026-05-16T04:58:05.0311707Z   73:7  error  Error: Calling setState synchronously within an effect can trigger cascading renders
2026-05-16T04:58:05.0312046Z 
2026-05-16T04:58:05.0312953Z Effects are intended to synchronize state between React and external systems such as manually updating the DOM, state management libraries, or other platform APIs. In general, the body of an effect should do one or both of the following:
2026-05-16T04:58:05.0313913Z * Update external systems with the latest state from React.
2026-05-16T04:58:05.0314720Z * Subscribe for updates from some external system, calling setState in a callback function when external state changes.
2026-05-16T04:58:05.0315179Z 
2026-05-16T04:58:05.0315934Z Calling setState synchronously within an effect body causes cascading renders that can hurt performance, and is not recommended. (https://react.dev/learn/you-might-not-need-an-effect).
2026-05-16T04:58:05.0316541Z 
2026-05-16T04:58:05.0316907Z /home/runner/work/prismTask/prismTask/web/src/features/today/PlanForTodaySheet.tsx:73:7
2026-05-16T04:58:05.0317316Z   71 |   useEffect(() => {
2026-05-16T04:58:05.0317544Z   72 |     if (isOpen) {
2026-05-16T04:58:05.0317775Z > 73 |       setSearch('');
2026-05-16T04:58:05.0318102Z      |       ^^^^^^^^^ Avoid calling setState() directly within an effect
2026-05-16T04:58:05.0318449Z   74 |       setSelectedIds(new Set());
2026-05-16T04:58:05.0318724Z   75 |       setMultiSelect(false);
2026-05-16T04:58:05.0319023Z   76 |     }  react-hooks/set-state-in-effect
2026-05-16T04:58:05.0319202Z 
2026-05-16T04:58:05.0319661Z ✖ 5 problems (5 errors, 0 warnings)
2026-05-16T04:58:05.0319826Z 
2026-05-16T04:58:05.1566234Z ##[error]Process completed with exit code 1.
2026-05-16T04:58:05.1634605Z Post job cleanup.
2026-05-16T04:58:05.1714027Z Post job cleanup.
2026-05-16T04:58:05.2515106Z [command]/usr/bin/git version
2026-05-16T04:58:05.2548644Z git version 2.54.0
2026-05-16T04:58:05.2586466Z Temporarily overriding HOME='/home/runner/work/_temp/e2121e97-0245-40cb-b037-49d8901ca56c' before making global git config changes
2026-05-16T04:58:05.2588189Z Adding repository directory to the temporary git global config as a safe directory
2026-05-16T04:58:05.2592911Z [command]/usr/bin/git config --global --add safe.directory /home/runner/work/prismTask/prismTask
2026-05-16T04:58:05.2619757Z Removing SSH command configuration
2026-05-16T04:58:05.2626272Z [command]/usr/bin/git config --local --name-only --get-regexp core\.sshCommand
2026-05-16T04:58:05.2655285Z [command]/usr/bin/git submodule foreach --recursive sh -c "git config --local --name-only --get-regexp 'core\.sshCommand' && git config --local --unset-all 'core.sshCommand' || :"
2026-05-16T04:58:05.2836889Z Removing HTTP extra header
2026-05-16T04:58:05.2842089Z [command]/usr/bin/git config --local --name-only --get-regexp http\.https\:\/\/github\.com\/\.extraheader
2026-05-16T04:58:05.2873155Z [command]/usr/bin/git submodule foreach --recursive sh -c "git config --local --name-only --get-regexp 'http\.https\:\/\/github\.com\/\.extraheader' && git config --local --unset-all 'http.https://github.com/.extraheader' || :"
2026-05-16T04:58:05.3052801Z Removing includeIf entries pointing to credentials config files
2026-05-16T04:58:05.3059301Z [command]/usr/bin/git config --local --name-only --get-regexp ^includeIf\.gitdir:
2026-05-16T04:58:05.3081249Z includeif.gitdir:/home/runner/work/prismTask/prismTask/.git.path
2026-05-16T04:58:05.3082261Z includeif.gitdir:/home/runner/work/prismTask/prismTask/.git/worktrees/*.path
2026-05-16T04:58:05.3083047Z includeif.gitdir:/github/workspace/.git.path
2026-05-16T04:58:05.3083728Z includeif.gitdir:/github/workspace/.git/worktrees/*.path
2026-05-16T04:58:05.3089179Z [command]/usr/bin/git config --local --get-all includeif.gitdir:/home/runner/work/prismTask/prismTask/.git.path
2026-05-16T04:58:05.3107762Z /home/runner/work/_temp/git-credentials-ab4b5f48-c402-4ff2-b1c6-3e7975d30885.config
2026-05-16T04:58:05.3118063Z [command]/usr/bin/git config --local --unset includeif.gitdir:/home/runner/work/prismTask/prismTask/.git.path /home/runner/work/_temp/git-credentials-ab4b5f48-c402-4ff2-b1c6-3e7975d30885.config
2026-05-16T04:58:05.3148257Z [command]/usr/bin/git config --local --get-all includeif.gitdir:/home/runner/work/prismTask/prismTask/.git/worktrees/*.path
2026-05-16T04:58:05.3167641Z /home/runner/work/_temp/git-credentials-ab4b5f48-c402-4ff2-b1c6-3e7975d30885.config
2026-05-16T04:58:05.3175906Z [command]/usr/bin/git config --local --unset includeif.gitdir:/home/runner/work/prismTask/prismTask/.git/worktrees/*.path /home/runner/work/_temp/git-credentials-ab4b5f48-c402-4ff2-b1c6-3e7975d30885.config
2026-05-16T04:58:05.3203469Z [command]/usr/bin/git config --local --get-all includeif.gitdir:/github/workspace/.git.path
2026-05-16T04:58:05.3221505Z /github/runner_temp/git-credentials-ab4b5f48-c402-4ff2-b1c6-3e7975d30885.config
2026-05-16T04:58:05.3227677Z [command]/usr/bin/git config --local --unset includeif.gitdir:/github/workspace/.git.path /github/runner_temp/git-credentials-ab4b5f48-c402-4ff2-b1c6-3e7975d30885.config
2026-05-16T04:58:05.3253373Z [command]/usr/bin/git config --local --get-all includeif.gitdir:/github/workspace/.git/worktrees/*.path
2026-05-16T04:58:05.3270805Z /github/runner_temp/git-credentials-ab4b5f48-c402-4ff2-b1c6-3e7975d30885.config
2026-05-16T04:58:05.3278079Z [command]/usr/bin/git config --local --unset includeif.gitdir:/github/workspace/.git/worktrees/*.path /github/runner_temp/git-credentials-ab4b5f48-c402-4ff2-b1c6-3e7975d30885.config
2026-05-16T04:58:05.3305109Z [command]/usr/bin/git submodule foreach --recursive git config --local --show-origin --name-only --get-regexp remote.origin.url
2026-05-16T04:58:05.3483515Z Removing credentials config '/home/runner/work/_temp/git-credentials-ab4b5f48-c402-4ff2-b1c6-3e7975d30885.config'
2026-05-16T04:58:05.3612033Z Cleaning up orphan processes
2026-05-16T04:58:05.3836529Z ##[warning]Node.js 20 actions are deprecated. The following actions are running on Node.js 20 and may not work as expected: actions/setup-node@v4. Actions will be forced to run with Node.js 24 by default starting June 2nd, 2026. Node.js 20 will be removed from the runner on September 16th, 2026. Please check if updated versions of these actions are available that support Node.js 24. To opt into Node.js 24 now, set the FORCE_JAVASCRIPT_ACTIONS_TO_NODE24=true environment variable on the runner or in your workflow file. Once Node.js 24 becomes the default, you can temporarily opt out by setting ACTIONS_ALLOW_USE_UNSECURE_NODE_VERSION=true. For more information see: https://github.blog/changelog/2025-09-19-deprecation-of-node-20-on-github-actions-runners/


--- Job: web-lint-and-test (id 76295067257) ---
2026-05-16T04:58:12.0614132Z Current runner version: '2.334.0'
2026-05-16T04:58:12.0640715Z ##[group]Runner Image Provisioner
2026-05-16T04:58:12.0641565Z Hosted Compute Agent
2026-05-16T04:58:12.0642281Z Version: 20260213.493
2026-05-16T04:58:12.0642873Z Commit: 5c115507f6dd24b8de37d8bbe0bb4509d0cc0fa3
2026-05-16T04:58:12.0643613Z Build Date: 2026-02-13T00:28:41Z
2026-05-16T04:58:12.0644293Z Worker ID: {dfec95cf-9365-4717-9bd8-8a9134dab831}
2026-05-16T04:58:12.0645287Z Azure Region: centralus
2026-05-16T04:58:12.0645826Z ##[endgroup]
2026-05-16T04:58:12.0647310Z ##[group]Operating System
2026-05-16T04:58:12.0647969Z Ubuntu
2026-05-16T04:58:12.0648466Z 24.04.4
2026-05-16T04:58:12.0648980Z LTS
2026-05-16T04:58:12.0649440Z ##[endgroup]
2026-05-16T04:58:12.0649965Z ##[group]Runner Image
2026-05-16T04:58:12.0650477Z Image: ubuntu-24.04
2026-05-16T04:58:12.0651140Z Version: 20260513.135.3
2026-05-16T04:58:12.0652356Z Included Software: https://github.com/actions/runner-images/blob/ubuntu24/20260513.135/images/ubuntu/Ubuntu2404-Readme.md
2026-05-16T04:58:12.0653817Z Image Release: https://github.com/actions/runner-images/releases/tag/ubuntu24%2F20260513.135
2026-05-16T04:58:12.0654955Z ##[endgroup]
2026-05-16T04:58:12.0656202Z ##[group]GITHUB_TOKEN Permissions
2026-05-16T04:58:12.0658087Z Actions: read
2026-05-16T04:58:12.0658598Z Checks: read
2026-05-16T04:58:12.0659225Z Contents: write
2026-05-16T04:58:12.0659771Z Metadata: read
2026-05-16T04:58:12.0660251Z ##[endgroup]
2026-05-16T04:58:12.0662446Z Secret source: Actions
2026-05-16T04:58:12.0663119Z Prepare workflow directory
2026-05-16T04:58:12.1041788Z Prepare all required actions
2026-05-16T04:58:12.1131410Z Complete job name: web-lint-and-test
2026-05-16T04:58:12.2148657Z ##[group]Run if [ 'failure' != 'success' ]; then
2026-05-16T04:58:12.2149905Z [36;1mif [ 'failure' != 'success' ]; then[0m
2026-05-16T04:58:12.2150951Z [36;1m  echo "web-lint finished with failure" >&2[0m
2026-05-16T04:58:12.2152274Z [36;1m  exit 1[0m
2026-05-16T04:58:12.2152961Z [36;1mfi[0m
2026-05-16T04:58:12.2153762Z [36;1mif [ 'success' != 'success' ]; then[0m
2026-05-16T04:58:12.2155180Z [36;1m  echo "web-unit-tests finished with success" >&2[0m
2026-05-16T04:58:12.2156173Z [36;1m  exit 1[0m
2026-05-16T04:58:12.2156884Z [36;1mfi[0m
2026-05-16T04:58:12.2157699Z [36;1mif [ 'success' != 'success' ]; then[0m
2026-05-16T04:58:12.2159101Z [36;1m  echo "web-build finished with success" >&2[0m
2026-05-16T04:58:12.2160027Z [36;1m  exit 1[0m
2026-05-16T04:58:12.2160829Z [36;1mfi[0m
2026-05-16T04:58:12.2161784Z [36;1mecho "✓ Split web lint, unit-test shards, and build passed."[0m
2026-05-16T04:58:12.2680695Z shell: /usr/bin/bash -e {0}
2026-05-16T04:58:12.2682297Z ##[endgroup]
2026-05-16T04:58:12.2942232Z web-lint finished with failure
2026-05-16T04:58:12.3081519Z ##[error]Process completed with exit code 1.
2026-05-16T04:58:12.3255629Z Cleaning up orphan processes
