=== CI FAILURE ===
Workflow:      Web CI
Workflow file: averycorp/prismTask/.github/workflows/web-ci.yml@refs/pull/1552/merge
Job(s):        web-lint, web-lint-and-test
Run ID:        25953294502
Run attempt:   1
Run URL:       https://github.com/averycorp/prismTask/actions/runs/25953294502
Commit:        ccbbddd027ed825e16da67eda85a9818ec37dc8c
Branch:        1552/merge
Event:         pull_request
Actor:         akarlin3
Runner OS:     Linux
Timestamp:     2026-05-16T04:58:48.248Z

Failed steps:
  - web-lint: #5 Run ESLint
  - web-lint-and-test: #2 Verify split web checks

=== FAILED JOB LOG ===

--- Job: web-lint (id 76295052852) ---
2026-05-16T04:57:52.1223520Z Current runner version: '2.334.0'
2026-05-16T04:57:52.1248027Z ##[group]Runner Image Provisioner
2026-05-16T04:57:52.1248821Z Hosted Compute Agent
2026-05-16T04:57:52.1249384Z Version: 20260213.493
2026-05-16T04:57:52.1250081Z Commit: 5c115507f6dd24b8de37d8bbe0bb4509d0cc0fa3
2026-05-16T04:57:52.1250780Z Build Date: 2026-02-13T00:28:41Z
2026-05-16T04:57:52.1251464Z Worker ID: {014077fc-03b3-4437-a5e6-3859da125f02}
2026-05-16T04:57:52.1252104Z Azure Region: westcentralus
2026-05-16T04:57:52.1252774Z ##[endgroup]
2026-05-16T04:57:52.1254339Z ##[group]Operating System
2026-05-16T04:57:52.1255169Z Ubuntu
2026-05-16T04:57:52.1255734Z 24.04.4
2026-05-16T04:57:52.1256224Z LTS
2026-05-16T04:57:52.1256716Z ##[endgroup]
2026-05-16T04:57:52.1257304Z ##[group]Runner Image
2026-05-16T04:57:52.1257903Z Image: ubuntu-24.04
2026-05-16T04:57:52.1258388Z Version: 20260513.135.3
2026-05-16T04:57:52.1259672Z Included Software: https://github.com/actions/runner-images/blob/ubuntu24/20260513.135/images/ubuntu/Ubuntu2404-Readme.md
2026-05-16T04:57:52.1261060Z Image Release: https://github.com/actions/runner-images/releases/tag/ubuntu24%2F20260513.135
2026-05-16T04:57:52.1262023Z ##[endgroup]
2026-05-16T04:57:52.1263208Z ##[group]GITHUB_TOKEN Permissions
2026-05-16T04:57:52.1265378Z Actions: read
2026-05-16T04:57:52.1265971Z Checks: read
2026-05-16T04:57:52.1266453Z Contents: write
2026-05-16T04:57:52.1267019Z Metadata: read
2026-05-16T04:57:52.1267528Z ##[endgroup]
2026-05-16T04:57:52.1269605Z Secret source: Actions
2026-05-16T04:57:52.1270388Z Prepare workflow directory
2026-05-16T04:57:52.1671825Z Prepare all required actions
2026-05-16T04:57:52.1708704Z Getting action download info
2026-05-16T04:57:52.5471377Z Download action repository 'actions/checkout@v6' (SHA:de0fac2e4500dabe0009e67214ff5f5447ce83dd)
2026-05-16T04:57:52.7925383Z Complete job name: web-lint
2026-05-16T04:57:52.8606561Z ##[group]Run actions/checkout@v6
2026-05-16T04:57:52.8607316Z with:
2026-05-16T04:57:52.8607719Z   repository: averycorp/prismTask
2026-05-16T04:57:52.8608418Z   token: ***
2026-05-16T04:57:52.8608794Z   ssh-strict: true
2026-05-16T04:57:52.8609185Z   ssh-user: git
2026-05-16T04:57:52.8609573Z   persist-credentials: true
2026-05-16T04:57:52.8610016Z   clean: true
2026-05-16T04:57:52.8610400Z   sparse-checkout-cone-mode: true
2026-05-16T04:57:52.8610876Z   fetch-depth: 1
2026-05-16T04:57:52.8611251Z   fetch-tags: false
2026-05-16T04:57:52.8611644Z   show-progress: true
2026-05-16T04:57:52.8612037Z   lfs: false
2026-05-16T04:57:52.8612401Z   submodules: false
2026-05-16T04:57:52.8612802Z   set-safe-directory: true
2026-05-16T04:57:52.8613377Z ##[endgroup]
2026-05-16T04:57:52.9659886Z Syncing repository: averycorp/prismTask
2026-05-16T04:57:52.9661696Z ##[group]Getting Git version info
2026-05-16T04:57:52.9662378Z Working directory is '/home/runner/work/prismTask/prismTask'
2026-05-16T04:57:52.9663431Z [command]/usr/bin/git version
2026-05-16T04:57:52.9717295Z git version 2.54.0
2026-05-16T04:57:52.9740491Z ##[endgroup]
2026-05-16T04:57:52.9756722Z Temporarily overriding HOME='/home/runner/work/_temp/71b963df-23e9-4303-a431-3d5d3174a1ca' before making global git config changes
2026-05-16T04:57:52.9758878Z Adding repository directory to the temporary git global config as a safe directory
2026-05-16T04:57:52.9763231Z [command]/usr/bin/git config --global --add safe.directory /home/runner/work/prismTask/prismTask
2026-05-16T04:57:52.9813222Z Deleting the contents of '/home/runner/work/prismTask/prismTask'
2026-05-16T04:57:52.9817793Z ##[group]Initializing the repository
2026-05-16T04:57:52.9822435Z [command]/usr/bin/git init /home/runner/work/prismTask/prismTask
2026-05-16T04:57:52.9916581Z hint: Using 'master' as the name for the initial branch. This default branch name
2026-05-16T04:57:52.9918019Z hint: will change to "main" in Git 3.0. To configure the initial branch name
2026-05-16T04:57:52.9919372Z hint: to use in all of your new repositories, which will suppress this warning,
2026-05-16T04:57:52.9920399Z hint: call:
2026-05-16T04:57:52.9920929Z hint:
2026-05-16T04:57:52.9921646Z hint: 	git config --global init.defaultBranch <name>
2026-05-16T04:57:52.9922319Z hint:
2026-05-16T04:57:52.9923132Z hint: Names commonly chosen instead of 'master' are 'main', 'trunk' and
2026-05-16T04:57:52.9924451Z hint: 'development'. The just-created branch can be renamed via this command:
2026-05-16T04:57:52.9925669Z hint:
2026-05-16T04:57:52.9926207Z hint: 	git branch -m <name>
2026-05-16T04:57:52.9926736Z hint:
2026-05-16T04:57:52.9927302Z hint: Disable this message with "git config set advice.defaultBranchName false"
2026-05-16T04:57:52.9928455Z Initialized empty Git repository in /home/runner/work/prismTask/prismTask/.git/
2026-05-16T04:57:52.9933846Z [command]/usr/bin/git remote add origin https://github.com/averycorp/prismTask
2026-05-16T04:57:52.9980138Z ##[endgroup]
2026-05-16T04:57:52.9980880Z ##[group]Disabling automatic garbage collection
2026-05-16T04:57:52.9983680Z [command]/usr/bin/git config --local gc.auto 0
2026-05-16T04:57:53.0013066Z ##[endgroup]
2026-05-16T04:57:53.0014123Z ##[group]Setting up auth
2026-05-16T04:57:53.0015049Z Removing SSH command configuration
2026-05-16T04:57:53.0019830Z [command]/usr/bin/git config --local --name-only --get-regexp core\.sshCommand
2026-05-16T04:57:53.0054846Z [command]/usr/bin/git submodule foreach --recursive sh -c "git config --local --name-only --get-regexp 'core\.sshCommand' && git config --local --unset-all 'core.sshCommand' || :"
2026-05-16T04:57:53.0387329Z Removing HTTP extra header
2026-05-16T04:57:53.0392778Z [command]/usr/bin/git config --local --name-only --get-regexp http\.https\:\/\/github\.com\/\.extraheader
2026-05-16T04:57:53.0425995Z [command]/usr/bin/git submodule foreach --recursive sh -c "git config --local --name-only --get-regexp 'http\.https\:\/\/github\.com\/\.extraheader' && git config --local --unset-all 'http.https://github.com/.extraheader' || :"
2026-05-16T04:57:53.0647327Z Removing includeIf entries pointing to credentials config files
2026-05-16T04:57:53.0653206Z [command]/usr/bin/git config --local --name-only --get-regexp ^includeIf\.gitdir:
2026-05-16T04:57:53.0685563Z [command]/usr/bin/git submodule foreach --recursive git config --local --show-origin --name-only --get-regexp remote.origin.url
2026-05-16T04:57:53.0915895Z [command]/usr/bin/git config --file /home/runner/work/_temp/git-credentials-cb574d4f-c9ff-43ca-a121-19fcd831ac4b.config http.https://github.com/.extraheader AUTHORIZATION: basic ***
2026-05-16T04:57:53.0957063Z [command]/usr/bin/git config --local includeIf.gitdir:/home/runner/work/prismTask/prismTask/.git.path /home/runner/work/_temp/git-credentials-cb574d4f-c9ff-43ca-a121-19fcd831ac4b.config
2026-05-16T04:57:53.0996083Z [command]/usr/bin/git config --local includeIf.gitdir:/home/runner/work/prismTask/prismTask/.git/worktrees/*.path /home/runner/work/_temp/git-credentials-cb574d4f-c9ff-43ca-a121-19fcd831ac4b.config
2026-05-16T04:57:53.1031447Z [command]/usr/bin/git config --local includeIf.gitdir:/github/workspace/.git.path /github/runner_temp/git-credentials-cb574d4f-c9ff-43ca-a121-19fcd831ac4b.config
2026-05-16T04:57:53.1066990Z [command]/usr/bin/git config --local includeIf.gitdir:/github/workspace/.git/worktrees/*.path /github/runner_temp/git-credentials-cb574d4f-c9ff-43ca-a121-19fcd831ac4b.config
2026-05-16T04:57:53.1094179Z ##[endgroup]
2026-05-16T04:57:53.1095570Z ##[group]Fetching the repository
2026-05-16T04:57:53.1103830Z [command]/usr/bin/git -c protocol.version=2 fetch --no-tags --prune --no-recurse-submodules --depth=1 origin +ccbbddd027ed825e16da67eda85a9818ec37dc8c:refs/remotes/pull/1552/merge
2026-05-16T04:57:55.4212928Z From https://github.com/averycorp/prismTask
2026-05-16T04:57:55.4215020Z  * [new ref]         ccbbddd027ed825e16da67eda85a9818ec37dc8c -> pull/1552/merge
2026-05-16T04:57:55.4253762Z ##[endgroup]
2026-05-16T04:57:55.4255257Z ##[group]Determining the checkout info
2026-05-16T04:57:55.4256944Z ##[endgroup]
2026-05-16T04:57:55.4260648Z [command]/usr/bin/git sparse-checkout disable
2026-05-16T04:57:55.4311705Z [command]/usr/bin/git config --local --unset-all extensions.worktreeConfig
2026-05-16T04:57:55.4345622Z ##[group]Checking out the ref
2026-05-16T04:57:55.4348518Z [command]/usr/bin/git checkout --progress --force refs/remotes/pull/1552/merge
2026-05-16T04:57:55.7655014Z Note: switching to 'refs/remotes/pull/1552/merge'.
2026-05-16T04:57:55.7655591Z 
2026-05-16T04:57:55.7655911Z You are in 'detached HEAD' state. You can look around, make experimental
2026-05-16T04:57:55.7656504Z changes and commit them, and you can discard any commits you make in this
2026-05-16T04:57:55.7657155Z state without impacting any branches by switching back to a branch.
2026-05-16T04:57:55.7657519Z 
2026-05-16T04:57:55.7657804Z If you want to create a new branch to retain commits you create, you may
2026-05-16T04:57:55.7658351Z do so (now or later) by using -c with the switch command. Example:
2026-05-16T04:57:55.7658752Z 
2026-05-16T04:57:55.7658922Z   git switch -c <new-branch-name>
2026-05-16T04:57:55.7659147Z 
2026-05-16T04:57:55.7659318Z Or undo this operation with:
2026-05-16T04:57:55.7659555Z 
2026-05-16T04:57:55.7659694Z   git switch -
2026-05-16T04:57:55.7659912Z 
2026-05-16T04:57:55.7660186Z Turn off this advice by setting config variable advice.detachedHead to false
2026-05-16T04:57:55.7660574Z 
2026-05-16T04:57:55.7660961Z HEAD is now at ccbbddd Merge c82a4228390724297d85e1867126494595681764 into dcef866c7377826dde7f2788daac769144357b80
2026-05-16T04:57:55.7679612Z ##[endgroup]
2026-05-16T04:57:55.7724700Z [command]/usr/bin/git log -1 --format=%H
2026-05-16T04:57:55.7750050Z ccbbddd027ed825e16da67eda85a9818ec37dc8c
2026-05-16T04:57:55.8054413Z Prepare all required actions
2026-05-16T04:57:55.8055385Z Getting action download info
2026-05-16T04:57:55.9627415Z Download action repository 'actions/setup-node@v4' (SHA:49933ea5288caeca8642d1e84afbd3f7d6820020)
2026-05-16T04:57:56.0715618Z ##[group]Run ./.github/actions/setup-node-web
2026-05-16T04:57:56.0715983Z ##[endgroup]
2026-05-16T04:57:56.0845611Z ##[group]Run actions/setup-node@v4
2026-05-16T04:57:56.0845953Z with:
2026-05-16T04:57:56.0846236Z   node-version: 22
2026-05-16T04:57:56.0846474Z   cache: npm
2026-05-16T04:57:56.0846743Z   cache-dependency-path: web/package-lock.json
2026-05-16T04:57:56.0847080Z   always-auth: false
2026-05-16T04:57:56.0847320Z   check-latest: false
2026-05-16T04:57:56.0847732Z   token: ***
2026-05-16T04:57:56.0847963Z ##[endgroup]
2026-05-16T04:57:56.2732273Z Found in cache @ /opt/hostedtoolcache/node/22.22.2/x64
2026-05-16T04:57:56.2738762Z ##[group]Environment details
2026-05-16T04:57:59.2435173Z node: v22.22.2
2026-05-16T04:57:59.2435963Z npm: 10.9.7
2026-05-16T04:57:59.2436262Z yarn: 1.22.22
2026-05-16T04:57:59.2437167Z ##[endgroup]
2026-05-16T04:57:59.2458928Z [command]/opt/hostedtoolcache/node/22.22.2/x64/bin/npm config get cache
2026-05-16T04:57:59.5959932Z /home/runner/.npm
2026-05-16T04:57:59.8373977Z npm cache is not found
2026-05-16T04:57:59.8527021Z ##[group]Run npm ci
2026-05-16T04:57:59.8527308Z [36;1mnpm ci[0m
2026-05-16T04:57:59.8621209Z shell: /usr/bin/bash --noprofile --norc -e -o pipefail {0}
2026-05-16T04:57:59.8621575Z ##[endgroup]
2026-05-16T04:58:12.2430846Z 
2026-05-16T04:58:12.2439170Z added 435 packages, and audited 436 packages in 12s
2026-05-16T04:58:12.2439656Z 
2026-05-16T04:58:12.2439974Z 94 packages are looking for funding
2026-05-16T04:58:12.2440425Z   run `npm fund` for details
2026-05-16T04:58:12.2520290Z 
2026-05-16T04:58:12.3152913Z 3 vulnerabilities (2 moderate, 1 critical)
2026-05-16T04:58:12.3153198Z 
2026-05-16T04:58:12.3153350Z To address all issues, run:
2026-05-16T04:58:12.3153619Z   npm audit fix
2026-05-16T04:58:12.3153784Z 
2026-05-16T04:58:12.3153911Z Run `npm audit` for details.
2026-05-16T04:58:12.3202359Z ##[group]Run npm run lint
2026-05-16T04:58:12.3202637Z [36;1mnpm run lint[0m
2026-05-16T04:58:12.3239280Z shell: /usr/bin/bash -e {0}
2026-05-16T04:58:12.3239534Z ##[endgroup]
2026-05-16T04:58:12.4311369Z 
2026-05-16T04:58:12.4311922Z > web@1.6.0 lint
2026-05-16T04:58:12.4312320Z > eslint .
2026-05-16T04:58:12.4312498Z 
2026-05-16T04:58:31.3955073Z 
2026-05-16T04:58:31.3956153Z /home/runner/work/prismTask/prismTask/web/src/components/layout/MobileNav.tsx
2026-05-16T04:58:31.3957548Z   30:5  error  Error: Calling setState synchronously within an effect can trigger cascading renders
2026-05-16T04:58:31.3958153Z 
2026-05-16T04:58:31.3959835Z Effects are intended to synchronize state between React and external systems such as manually updating the DOM, state management libraries, or other platform APIs. In general, the body of an effect should do one or both of the following:
2026-05-16T04:58:31.3961623Z * Update external systems with the latest state from React.
2026-05-16T04:58:31.3962925Z * Subscribe for updates from some external system, calling setState in a callback function when external state changes.
2026-05-16T04:58:31.3963664Z 
2026-05-16T04:58:31.3965602Z Calling setState synchronously within an effect body causes cascading renders that can hurt performance, and is not recommended. (https://react.dev/learn/you-might-not-need-an-effect).
2026-05-16T04:58:31.3966734Z 
2026-05-16T04:58:31.3967318Z /home/runner/work/prismTask/prismTask/web/src/components/layout/MobileNav.tsx:30:5
2026-05-16T04:58:31.3968259Z   28 |   // Close on route change so the drawer doesn't linger after navigation.
2026-05-16T04:58:31.3968847Z   29 |   useEffect(() => {
2026-05-16T04:58:31.3969269Z > 30 |     setDrawerOpen(false);
2026-05-16T04:58:31.3969835Z      |     ^^^^^^^^^^^^^ Avoid calling setState() directly within an effect
2026-05-16T04:58:31.3970445Z   31 |   }, [location.pathname]);
2026-05-16T04:58:31.3970811Z   32 |
2026-05-16T04:58:31.3971277Z   33 |   // Close on outside click  react-hooks/set-state-in-effect
2026-05-16T04:58:31.3971669Z 
2026-05-16T04:58:31.3972307Z /home/runner/work/prismTask/prismTask/web/src/features/medication/MedicationEditorDialog.tsx
2026-05-16T04:58:31.3973608Z   190:7  error  Error: Calling setState synchronously within an effect can trigger cascading renders
2026-05-16T04:58:31.3974219Z 
2026-05-16T04:58:31.3976006Z Effects are intended to synchronize state between React and external systems such as manually updating the DOM, state management libraries, or other platform APIs. In general, the body of an effect should do one or both of the following:
2026-05-16T04:58:31.3977676Z * Update external systems with the latest state from React.
2026-05-16T04:58:31.3978824Z * Subscribe for updates from some external system, calling setState in a callback function when external state changes.
2026-05-16T04:58:31.3979552Z 
2026-05-16T04:58:31.3980861Z Calling setState synchronously within an effect body causes cascading renders that can hurt performance, and is not recommended. (https://react.dev/learn/you-might-not-need-an-effect).
2026-05-16T04:58:31.3981967Z 
2026-05-16T04:58:31.3982677Z /home/runner/work/prismTask/prismTask/web/src/features/medication/MedicationEditorDialog.tsx:190:7
2026-05-16T04:58:31.3983461Z   188 |   useEffect(() => {
2026-05-16T04:58:31.3983815Z   189 |     if (isOpen) {
2026-05-16T04:58:31.3984285Z > 190 |       setForm(initialState(initial));
2026-05-16T04:58:31.3985052Z       |       ^^^^^^^ Avoid calling setState() directly within an effect
2026-05-16T04:58:31.3985575Z   191 |       setErrors({});
2026-05-16T04:58:31.3985913Z   192 |     }
2026-05-16T04:58:31.3986367Z   193 |   }, [isOpen, initial]);  react-hooks/set-state-in-effect
2026-05-16T04:58:31.3986760Z 
2026-05-16T04:58:31.3987389Z /home/runner/work/prismTask/prismTask/web/src/features/medication/MedicationRefillScreen.tsx
2026-05-16T04:58:31.3988483Z    88:17  error  Error: Cannot call impure function during render
2026-05-16T04:58:31.3988879Z 
2026-05-16T04:58:31.3991396Z `Date.now` is an impure function. Calling an impure function can produce unstable results that update unpredictably when the component happens to re-render. (https://react.dev/reference/rules/components-and-hooks-must-be-pure#components-and-hooks-must-be-idempotent).
2026-05-16T04:58:31.3993084Z 
2026-05-16T04:58:31.3993800Z /home/runner/work/prismTask/prismTask/web/src/features/medication/MedicationRefillScreen.tsx:88:17
2026-05-16T04:58:31.3994970Z   86 |
2026-05-16T04:58:31.3995304Z   87 |   const forecasts = useMemo(() => {
2026-05-16T04:58:31.3995795Z > 88 |     const now = Date.now();
2026-05-16T04:58:31.3996282Z      |                 ^^^^^^^^^^ Cannot call impure function
2026-05-16T04:58:31.3996853Z   89 |     const map = new Map<string, RefillForecast>();
2026-05-16T04:58:31.3997394Z   90 |     for (const refill of refills) {
2026-05-16T04:58:31.3999058Z   91 |       map.set(refill.id, forecastRefill(refill, now));                                                                                                                                                                                                                                                                                                                               react-hooks/purity
2026-05-16T04:58:31.4000871Z   382:7   error  Error: Calling setState synchronously within an effect can trigger cascading renders
2026-05-16T04:58:31.4001482Z 
2026-05-16T04:58:31.4003116Z Effects are intended to synchronize state between React and external systems such as manually updating the DOM, state management libraries, or other platform APIs. In general, the body of an effect should do one or both of the following:
2026-05-16T04:58:31.4005005Z * Update external systems with the latest state from React.
2026-05-16T04:58:31.4006170Z * Subscribe for updates from some external system, calling setState in a callback function when external state changes.
2026-05-16T04:58:31.4006891Z 
2026-05-16T04:58:31.4008226Z Calling setState synchronously within an effect body causes cascading renders that can hurt performance, and is not recommended. (https://react.dev/learn/you-might-not-need-an-effect).
2026-05-16T04:58:31.4009354Z 
2026-05-16T04:58:31.4010063Z /home/runner/work/prismTask/prismTask/web/src/features/medication/MedicationRefillScreen.tsx:382:7
2026-05-16T04:58:31.4010884Z   380 |   useEffect(() => {
2026-05-16T04:58:31.4011228Z   381 |     if (isOpen) {
2026-05-16T04:58:31.4011729Z > 382 |       setForm(initialEditorState(initial));
2026-05-16T04:58:31.4012333Z       |       ^^^^^^^ Avoid calling setState() directly within an effect
2026-05-16T04:58:31.4012845Z   383 |       setErrors({});
2026-05-16T04:58:31.4013196Z   384 |     }
2026-05-16T04:58:31.4013668Z   385 |   }, [isOpen, initial]);  react-hooks/set-state-in-effect
2026-05-16T04:58:31.4014044Z 
2026-05-16T04:58:31.4014787Z /home/runner/work/prismTask/prismTask/web/src/features/selfcare/SelfCareScreen.tsx
2026-05-16T04:58:31.4015750Z   35:31  error  Error: Cannot call impure function during render
2026-05-16T04:58:31.4016196Z 
2026-05-16T04:58:31.4018189Z `Date.now` is an impure function. Calling an impure function can produce unstable results that update unpredictably when the component happens to re-render. (https://react.dev/reference/rules/components-and-hooks-must-be-pure#components-and-hooks-must-be-idempotent).
2026-05-16T04:58:31.4019807Z 
2026-05-16T04:58:31.4020428Z /home/runner/work/prismTask/prismTask/web/src/features/selfcare/SelfCareScreen.tsx:35:31
2026-05-16T04:58:31.4021145Z   33 |
2026-05-16T04:58:31.4021481Z   34 |   const todayMs = useMemo(
2026-05-16T04:58:31.4022087Z > 35 |     () => startOfLogicalDayMs(Date.now(), startOfDayHour),
2026-05-16T04:58:31.4022761Z      |                               ^^^^^^^^^^ Cannot call impure function
2026-05-16T04:58:31.4023264Z   36 |     [startOfDayHour],
2026-05-16T04:58:31.4023609Z   37 |   );
2026-05-16T04:58:31.4023905Z   38 |  react-hooks/purity
2026-05-16T04:58:31.4024135Z 
2026-05-16T04:58:31.4025074Z /home/runner/work/prismTask/prismTask/web/src/features/today/PlanForTodaySheet.tsx
2026-05-16T04:58:31.4026381Z   73:7  error  Error: Calling setState synchronously within an effect can trigger cascading renders
2026-05-16T04:58:31.4027028Z 
2026-05-16T04:58:31.4028661Z Effects are intended to synchronize state between React and external systems such as manually updating the DOM, state management libraries, or other platform APIs. In general, the body of an effect should do one or both of the following:
2026-05-16T04:58:31.4030672Z * Update external systems with the latest state from React.
2026-05-16T04:58:31.4031856Z * Subscribe for updates from some external system, calling setState in a callback function when external state changes.
2026-05-16T04:58:31.4032582Z 
2026-05-16T04:58:31.4033896Z Calling setState synchronously within an effect body causes cascading renders that can hurt performance, and is not recommended. (https://react.dev/learn/you-might-not-need-an-effect).
2026-05-16T04:58:31.4035177Z 
2026-05-16T04:58:31.4035785Z /home/runner/work/prismTask/prismTask/web/src/features/today/PlanForTodaySheet.tsx:73:7
2026-05-16T04:58:31.4036517Z   71 |   useEffect(() => {
2026-05-16T04:58:31.4036851Z   72 |     if (isOpen) {
2026-05-16T04:58:31.4037222Z > 73 |       setSearch('');
2026-05-16T04:58:31.4037757Z      |       ^^^^^^^^^ Avoid calling setState() directly within an effect
2026-05-16T04:58:31.4038323Z   74 |       setSelectedIds(new Set());
2026-05-16T04:58:31.4038787Z   75 |       setMultiSelect(false);
2026-05-16T04:58:31.4039261Z   76 |     }  react-hooks/set-state-in-effect
2026-05-16T04:58:31.4039566Z 
2026-05-16T04:58:31.4040114Z ✖ 6 problems (6 errors, 0 warnings)
2026-05-16T04:58:31.4040391Z 
2026-05-16T04:58:31.6120775Z ##[error]Process completed with exit code 1.
2026-05-16T04:58:31.6191480Z Post job cleanup.
2026-05-16T04:58:31.6271997Z Post job cleanup.
2026-05-16T04:58:31.7121405Z [command]/usr/bin/git version
2026-05-16T04:58:31.7159062Z git version 2.54.0
2026-05-16T04:58:31.7198593Z Temporarily overriding HOME='/home/runner/work/_temp/2342d599-b8b0-4c40-83d7-6d5c6cb3f5ff' before making global git config changes
2026-05-16T04:58:31.7199989Z Adding repository directory to the temporary git global config as a safe directory
2026-05-16T04:58:31.7204386Z [command]/usr/bin/git config --global --add safe.directory /home/runner/work/prismTask/prismTask
2026-05-16T04:58:31.7235946Z Removing SSH command configuration
2026-05-16T04:58:31.7242267Z [command]/usr/bin/git config --local --name-only --get-regexp core\.sshCommand
2026-05-16T04:58:31.7300255Z [command]/usr/bin/git submodule foreach --recursive sh -c "git config --local --name-only --get-regexp 'core\.sshCommand' && git config --local --unset-all 'core.sshCommand' || :"
2026-05-16T04:58:31.7534378Z Removing HTTP extra header
2026-05-16T04:58:31.7539253Z [command]/usr/bin/git config --local --name-only --get-regexp http\.https\:\/\/github\.com\/\.extraheader
2026-05-16T04:58:31.7573713Z [command]/usr/bin/git submodule foreach --recursive sh -c "git config --local --name-only --get-regexp 'http\.https\:\/\/github\.com\/\.extraheader' && git config --local --unset-all 'http.https://github.com/.extraheader' || :"
2026-05-16T04:58:31.7802152Z Removing includeIf entries pointing to credentials config files
2026-05-16T04:58:31.7809096Z [command]/usr/bin/git config --local --name-only --get-regexp ^includeIf\.gitdir:
2026-05-16T04:58:31.7835219Z includeif.gitdir:/home/runner/work/prismTask/prismTask/.git.path
2026-05-16T04:58:31.7835939Z includeif.gitdir:/home/runner/work/prismTask/prismTask/.git/worktrees/*.path
2026-05-16T04:58:31.7836411Z includeif.gitdir:/github/workspace/.git.path
2026-05-16T04:58:31.7836822Z includeif.gitdir:/github/workspace/.git/worktrees/*.path
2026-05-16T04:58:31.7843665Z [command]/usr/bin/git config --local --get-all includeif.gitdir:/home/runner/work/prismTask/prismTask/.git.path
2026-05-16T04:58:31.7865588Z /home/runner/work/_temp/git-credentials-cb574d4f-c9ff-43ca-a121-19fcd831ac4b.config
2026-05-16T04:58:31.7876888Z [command]/usr/bin/git config --local --unset includeif.gitdir:/home/runner/work/prismTask/prismTask/.git.path /home/runner/work/_temp/git-credentials-cb574d4f-c9ff-43ca-a121-19fcd831ac4b.config
2026-05-16T04:58:31.7910591Z [command]/usr/bin/git config --local --get-all includeif.gitdir:/home/runner/work/prismTask/prismTask/.git/worktrees/*.path
2026-05-16T04:58:31.7933112Z /home/runner/work/_temp/git-credentials-cb574d4f-c9ff-43ca-a121-19fcd831ac4b.config
2026-05-16T04:58:31.7942167Z [command]/usr/bin/git config --local --unset includeif.gitdir:/home/runner/work/prismTask/prismTask/.git/worktrees/*.path /home/runner/work/_temp/git-credentials-cb574d4f-c9ff-43ca-a121-19fcd831ac4b.config
2026-05-16T04:58:31.7973696Z [command]/usr/bin/git config --local --get-all includeif.gitdir:/github/workspace/.git.path
2026-05-16T04:58:31.7995499Z /github/runner_temp/git-credentials-cb574d4f-c9ff-43ca-a121-19fcd831ac4b.config
2026-05-16T04:58:31.8003266Z [command]/usr/bin/git config --local --unset includeif.gitdir:/github/workspace/.git.path /github/runner_temp/git-credentials-cb574d4f-c9ff-43ca-a121-19fcd831ac4b.config
2026-05-16T04:58:31.8033886Z [command]/usr/bin/git config --local --get-all includeif.gitdir:/github/workspace/.git/worktrees/*.path
2026-05-16T04:58:31.8055077Z /github/runner_temp/git-credentials-cb574d4f-c9ff-43ca-a121-19fcd831ac4b.config
2026-05-16T04:58:31.8064238Z [command]/usr/bin/git config --local --unset includeif.gitdir:/github/workspace/.git/worktrees/*.path /github/runner_temp/git-credentials-cb574d4f-c9ff-43ca-a121-19fcd831ac4b.config
2026-05-16T04:58:31.8097140Z [command]/usr/bin/git submodule foreach --recursive git config --local --show-origin --name-only --get-regexp remote.origin.url
2026-05-16T04:58:31.8321828Z Removing credentials config '/home/runner/work/_temp/git-credentials-cb574d4f-c9ff-43ca-a121-19fcd831ac4b.config'
2026-05-16T04:58:31.8461668Z Cleaning up orphan processes
2026-05-16T04:58:31.8795051Z ##[warning]Node.js 20 actions are deprecated. The following actions are running on Node.js 20 and may not work as expected: actions/setup-node@v4. Actions will be forced to run with Node.js 24 by default starting June 2nd, 2026. Node.js 20 will be removed from the runner on September 16th, 2026. Please check if updated versions of these actions are available that support Node.js 24. To opt into Node.js 24 now, set the FORCE_JAVASCRIPT_ACTIONS_TO_NODE24=true environment variable on the runner or in your workflow file. Once Node.js 24 becomes the default, you can temporarily opt out by setting ACTIONS_ALLOW_USE_UNSECURE_NODE_VERSION=true. For more information see: https://github.blog/changelog/2025-09-19-deprecation-of-node-20-on-github-actions-runners/


--- Job: web-lint-and-test (id 76295087264) ---
2026-05-16T04:58:38.8919114Z Current runner version: '2.334.0'
2026-05-16T04:58:38.8954179Z ##[group]Runner Image Provisioner
2026-05-16T04:58:38.8955515Z Hosted Compute Agent
2026-05-16T04:58:38.8956282Z Version: 20260213.493
2026-05-16T04:58:38.8957158Z Commit: 5c115507f6dd24b8de37d8bbe0bb4509d0cc0fa3
2026-05-16T04:58:38.8958231Z Build Date: 2026-02-13T00:28:41Z
2026-05-16T04:58:38.8959217Z Worker ID: {abe896b3-8319-4804-aca2-da7f4730faab}
2026-05-16T04:58:38.8960389Z Azure Region: eastus
2026-05-16T04:58:38.8961312Z ##[endgroup]
2026-05-16T04:58:38.8963800Z ##[group]Operating System
2026-05-16T04:58:38.8964629Z Ubuntu
2026-05-16T04:58:38.8965451Z 24.04.4
2026-05-16T04:58:38.8966068Z LTS
2026-05-16T04:58:38.8966761Z ##[endgroup]
2026-05-16T04:58:38.8967510Z ##[group]Runner Image
2026-05-16T04:58:38.8968371Z Image: ubuntu-24.04
2026-05-16T04:58:38.8969061Z Version: 20260513.135.3
2026-05-16T04:58:38.8971207Z Included Software: https://github.com/actions/runner-images/blob/ubuntu24/20260513.135/images/ubuntu/Ubuntu2404-Readme.md
2026-05-16T04:58:38.8973467Z Image Release: https://github.com/actions/runner-images/releases/tag/ubuntu24%2F20260513.135
2026-05-16T04:58:38.8975051Z ##[endgroup]
2026-05-16T04:58:38.8976728Z ##[group]GITHUB_TOKEN Permissions
2026-05-16T04:58:38.8979594Z Actions: read
2026-05-16T04:58:38.8980400Z Checks: read
2026-05-16T04:58:38.8981117Z Contents: write
2026-05-16T04:58:38.8981952Z Metadata: read
2026-05-16T04:58:38.8982741Z ##[endgroup]
2026-05-16T04:58:38.8985713Z Secret source: Actions
2026-05-16T04:58:38.8986863Z Prepare workflow directory
2026-05-16T04:58:38.9445521Z Prepare all required actions
2026-05-16T04:58:38.9578978Z Complete job name: web-lint-and-test
2026-05-16T04:58:39.0654788Z ##[group]Run if [ 'failure' != 'success' ]; then
2026-05-16T04:58:39.0656151Z [36;1mif [ 'failure' != 'success' ]; then[0m
2026-05-16T04:58:39.0657205Z [36;1m  echo "web-lint finished with failure" >&2[0m
2026-05-16T04:58:39.0658443Z [36;1m  exit 1[0m
2026-05-16T04:58:39.0659235Z [36;1mfi[0m
2026-05-16T04:58:39.0660268Z [36;1mif [ 'success' != 'success' ]; then[0m
2026-05-16T04:58:39.0661388Z [36;1m  echo "web-unit-tests finished with success" >&2[0m
2026-05-16T04:58:39.0662422Z [36;1m  exit 1[0m
2026-05-16T04:58:39.0663176Z [36;1mfi[0m
2026-05-16T04:58:39.0663909Z [36;1mif [ 'success' != 'success' ]; then[0m
2026-05-16T04:58:39.0665072Z [36;1m  echo "web-build finished with success" >&2[0m
2026-05-16T04:58:39.0665999Z [36;1m  exit 1[0m
2026-05-16T04:58:39.0666724Z [36;1mfi[0m
2026-05-16T04:58:39.0667706Z [36;1mecho "✓ Split web lint, unit-test shards, and build passed."[0m
2026-05-16T04:58:39.1166723Z shell: /usr/bin/bash -e {0}
2026-05-16T04:58:39.1252092Z ##[endgroup]
2026-05-16T04:58:39.1458343Z web-lint finished with failure
2026-05-16T04:58:39.1480570Z ##[error]Process completed with exit code 1.
2026-05-16T04:58:39.1646422Z Cleaning up orphan processes
