=== CI FAILURE ===
Workflow:      Web CI
Workflow file: akarlin3/prismTask/.github/workflows/web-ci.yml@refs/pull/1758/merge
Job(s):        web-build, web-lint, web-lint-and-test
Run ID:        26269727853
Run attempt:   1
Run URL:       https://github.com/akarlin3/prismTask/actions/runs/26269727853
Commit:        28fa6084fd57b5f4907802a52159e3b8d5b1ea86
Branch:        1758/merge
Event:         pull_request
Actor:         akarlin3
Runner OS:     Linux
Timestamp:     2026-05-22T05:31:06.711Z

Failed steps:
  - web-build: #5 Build web app
  - web-lint: #5 Run ESLint
  - web-lint-and-test: #2 Verify split web checks

=== FAILED JOB LOG ===

--- Job: web-build (id 77320630183) ---
2026-05-22T05:18:41.7707471Z Current runner version: '2.334.0'
2026-05-22T05:18:41.7744444Z ##[group]Runner Image Provisioner
2026-05-22T05:18:41.7745584Z Hosted Compute Agent
2026-05-22T05:18:41.7746359Z Version: 20260213.493
2026-05-22T05:18:41.7747416Z Commit: 5c115507f6dd24b8de37d8bbe0bb4509d0cc0fa3
2026-05-22T05:18:41.7748456Z Build Date: 2026-02-13T00:28:41Z
2026-05-22T05:18:41.7749460Z Worker ID: {b8897d76-3857-4490-9f93-d4a6310c6a69}
2026-05-22T05:18:41.7750706Z Azure Region: eastus
2026-05-22T05:18:41.7751888Z ##[endgroup]
2026-05-22T05:18:41.7754267Z ##[group]Operating System
2026-05-22T05:18:41.7755189Z Ubuntu
2026-05-22T05:18:41.7755941Z 24.04.4
2026-05-22T05:18:41.7756588Z LTS
2026-05-22T05:18:41.7757340Z ##[endgroup]
2026-05-22T05:18:41.7758203Z ##[group]Runner Image
2026-05-22T05:18:41.7759089Z Image: ubuntu-24.04
2026-05-22T05:18:41.7759979Z Version: 20260513.135.3
2026-05-22T05:18:41.7762052Z Included Software: https://github.com/actions/runner-images/blob/ubuntu24/20260513.135/images/ubuntu/Ubuntu2404-Readme.md
2026-05-22T05:18:41.7764643Z Image Release: https://github.com/actions/runner-images/releases/tag/ubuntu24%2F20260513.135
2026-05-22T05:18:41.7766140Z ##[endgroup]
2026-05-22T05:18:41.7768222Z ##[group]GITHUB_TOKEN Permissions
2026-05-22T05:18:41.7771186Z Actions: read
2026-05-22T05:18:41.7772247Z Checks: read
2026-05-22T05:18:41.7773173Z Contents: write
2026-05-22T05:18:41.7773909Z Metadata: read
2026-05-22T05:18:41.7774703Z PullRequests: read
2026-05-22T05:18:41.7775581Z ##[endgroup]
2026-05-22T05:18:41.7778937Z Secret source: Actions
2026-05-22T05:18:41.7779960Z Prepare workflow directory
2026-05-22T05:18:41.8333212Z Prepare all required actions
2026-05-22T05:18:41.8384917Z Getting action download info
2026-05-22T05:18:42.0885476Z Download action repository 'actions/checkout@v6' (SHA:de0fac2e4500dabe0009e67214ff5f5447ce83dd)
2026-05-22T05:18:42.2983097Z Complete job name: web-build
2026-05-22T05:18:42.3676320Z ##[group]Run actions/checkout@v6
2026-05-22T05:18:42.3677131Z with:
2026-05-22T05:18:42.3677539Z   repository: akarlin3/prismTask
2026-05-22T05:18:42.3678231Z   token: ***
2026-05-22T05:18:42.3678634Z   ssh-strict: true
2026-05-22T05:18:42.3679037Z   ssh-user: git
2026-05-22T05:18:42.3679449Z   persist-credentials: true
2026-05-22T05:18:42.3679890Z   clean: true
2026-05-22T05:18:42.3680301Z   sparse-checkout-cone-mode: true
2026-05-22T05:18:42.3680791Z   fetch-depth: 1
2026-05-22T05:18:42.3681178Z   fetch-tags: false
2026-05-22T05:18:42.3681758Z   show-progress: true
2026-05-22T05:18:42.3682156Z   lfs: false
2026-05-22T05:18:42.3682536Z   submodules: false
2026-05-22T05:18:42.3682944Z   set-safe-directory: true
2026-05-22T05:18:42.3683574Z ##[endgroup]
2026-05-22T05:18:42.4814876Z Syncing repository: akarlin3/prismTask
2026-05-22T05:18:42.4817697Z ##[group]Getting Git version info
2026-05-22T05:18:42.4818881Z Working directory is '/home/runner/work/prismTask/prismTask'
2026-05-22T05:18:42.4820880Z [command]/usr/bin/git version
2026-05-22T05:18:42.4863440Z git version 2.54.0
2026-05-22T05:18:42.4922461Z ##[endgroup]
2026-05-22T05:18:42.4938270Z Temporarily overriding HOME='/home/runner/work/_temp/b266ec88-f6a4-45d4-a116-0735afd1bef1' before making global git config changes
2026-05-22T05:18:42.4942404Z Adding repository directory to the temporary git global config as a safe directory
2026-05-22T05:18:42.4946155Z [command]/usr/bin/git config --global --add safe.directory /home/runner/work/prismTask/prismTask
2026-05-22T05:18:42.4999417Z Deleting the contents of '/home/runner/work/prismTask/prismTask'
2026-05-22T05:18:42.5001204Z ##[group]Initializing the repository
2026-05-22T05:18:42.5005794Z [command]/usr/bin/git init /home/runner/work/prismTask/prismTask
2026-05-22T05:18:42.5085062Z hint: Using 'master' as the name for the initial branch. This default branch name
2026-05-22T05:18:42.5086838Z hint: will change to "main" in Git 3.0. To configure the initial branch name
2026-05-22T05:18:42.5088548Z hint: to use in all of your new repositories, which will suppress this warning,
2026-05-22T05:18:42.5089946Z hint: call:
2026-05-22T05:18:42.5091199Z hint:
2026-05-22T05:18:42.5092476Z hint: 	git config --global init.defaultBranch <name>
2026-05-22T05:18:42.5093656Z hint:
2026-05-22T05:18:42.5094747Z hint: Names commonly chosen instead of 'master' are 'main', 'trunk' and
2026-05-22T05:18:42.5096483Z hint: 'development'. The just-created branch can be renamed via this command:
2026-05-22T05:18:42.5097763Z hint:
2026-05-22T05:18:42.5098517Z hint: 	git branch -m <name>
2026-05-22T05:18:42.5099410Z hint:
2026-05-22T05:18:42.5101907Z hint: Disable this message with "git config set advice.defaultBranchName false"
2026-05-22T05:18:42.5104009Z Initialized empty Git repository in /home/runner/work/prismTask/prismTask/.git/
2026-05-22T05:18:42.5108547Z [command]/usr/bin/git remote add origin https://github.com/akarlin3/prismTask
2026-05-22T05:18:42.5147791Z ##[endgroup]
2026-05-22T05:18:42.5149386Z ##[group]Disabling automatic garbage collection
2026-05-22T05:18:42.5152264Z [command]/usr/bin/git config --local gc.auto 0
2026-05-22T05:18:42.5188378Z ##[endgroup]
2026-05-22T05:18:42.5189470Z ##[group]Setting up auth
2026-05-22T05:18:42.5190235Z Removing SSH command configuration
2026-05-22T05:18:42.5194611Z [command]/usr/bin/git config --local --name-only --get-regexp core\.sshCommand
2026-05-22T05:18:42.5232663Z [command]/usr/bin/git submodule foreach --recursive sh -c "git config --local --name-only --get-regexp 'core\.sshCommand' && git config --local --unset-all 'core.sshCommand' || :"
2026-05-22T05:18:42.5563485Z Removing HTTP extra header
2026-05-22T05:18:42.5569474Z [command]/usr/bin/git config --local --name-only --get-regexp http\.https\:\/\/github\.com\/\.extraheader
2026-05-22T05:18:42.5604947Z [command]/usr/bin/git submodule foreach --recursive sh -c "git config --local --name-only --get-regexp 'http\.https\:\/\/github\.com\/\.extraheader' && git config --local --unset-all 'http.https://github.com/.extraheader' || :"
2026-05-22T05:18:42.5846978Z Removing includeIf entries pointing to credentials config files
2026-05-22T05:18:42.5852396Z [command]/usr/bin/git config --local --name-only --get-regexp ^includeIf\.gitdir:
2026-05-22T05:18:42.5893787Z [command]/usr/bin/git submodule foreach --recursive git config --local --show-origin --name-only --get-regexp remote.origin.url
2026-05-22T05:18:42.6139489Z [command]/usr/bin/git config --file /home/runner/work/_temp/git-credentials-66153b31-3031-46cb-b466-3a901970b54f.config http.https://github.com/.extraheader AUTHORIZATION: basic ***
2026-05-22T05:18:42.6182696Z [command]/usr/bin/git config --local includeIf.gitdir:/home/runner/work/prismTask/prismTask/.git.path /home/runner/work/_temp/git-credentials-66153b31-3031-46cb-b466-3a901970b54f.config
2026-05-22T05:18:42.6215563Z [command]/usr/bin/git config --local includeIf.gitdir:/home/runner/work/prismTask/prismTask/.git/worktrees/*.path /home/runner/work/_temp/git-credentials-66153b31-3031-46cb-b466-3a901970b54f.config
2026-05-22T05:18:42.6250741Z [command]/usr/bin/git config --local includeIf.gitdir:/github/workspace/.git.path /github/runner_temp/git-credentials-66153b31-3031-46cb-b466-3a901970b54f.config
2026-05-22T05:18:42.6286218Z [command]/usr/bin/git config --local includeIf.gitdir:/github/workspace/.git/worktrees/*.path /github/runner_temp/git-credentials-66153b31-3031-46cb-b466-3a901970b54f.config
2026-05-22T05:18:42.6325044Z ##[endgroup]
2026-05-22T05:18:42.6326413Z ##[group]Fetching the repository
2026-05-22T05:18:42.6333562Z [command]/usr/bin/git -c protocol.version=2 fetch --no-tags --prune --no-recurse-submodules --depth=1 origin +28fa6084fd57b5f4907802a52159e3b8d5b1ea86:refs/remotes/pull/1758/merge
2026-05-22T05:18:44.4235119Z From https://github.com/akarlin3/prismTask
2026-05-22T05:18:44.4237680Z  * [new ref]         28fa6084fd57b5f4907802a52159e3b8d5b1ea86 -> pull/1758/merge
2026-05-22T05:18:44.4270490Z ##[endgroup]
2026-05-22T05:18:44.4272944Z ##[group]Determining the checkout info
2026-05-22T05:18:44.4275422Z ##[endgroup]
2026-05-22T05:18:44.4279330Z [command]/usr/bin/git sparse-checkout disable
2026-05-22T05:18:44.4325606Z [command]/usr/bin/git config --local --unset-all extensions.worktreeConfig
2026-05-22T05:18:44.4359440Z ##[group]Checking out the ref
2026-05-22T05:18:44.4363583Z [command]/usr/bin/git checkout --progress --force refs/remotes/pull/1758/merge
2026-05-22T05:18:44.7959781Z Note: switching to 'refs/remotes/pull/1758/merge'.
2026-05-22T05:18:44.7960731Z 
2026-05-22T05:18:44.7963256Z You are in 'detached HEAD' state. You can look around, make experimental
2026-05-22T05:18:44.7964071Z changes and commit them, and you can discard any commits you make in this
2026-05-22T05:18:44.7964877Z state without impacting any branches by switching back to a branch.
2026-05-22T05:18:44.7965374Z 
2026-05-22T05:18:44.7965724Z If you want to create a new branch to retain commits you create, you may
2026-05-22T05:18:44.7966466Z do so (now or later) by using -c with the switch command. Example:
2026-05-22T05:18:44.7966935Z 
2026-05-22T05:18:44.7967120Z   git switch -c <new-branch-name>
2026-05-22T05:18:44.7967417Z 
2026-05-22T05:18:44.7967624Z Or undo this operation with:
2026-05-22T05:18:44.7967888Z 
2026-05-22T05:18:44.7968062Z   git switch -
2026-05-22T05:18:44.7968288Z 
2026-05-22T05:18:44.7968652Z Turn off this advice by setting config variable advice.detachedHead to false
2026-05-22T05:18:44.7969182Z 
2026-05-22T05:18:44.7969762Z HEAD is now at 28fa608 Merge d5311384a98aecbdb30b58d1dbff222909bb0ad2 into dc8d9429fc6cdae5fb0b437eb46e46faff5884de
2026-05-22T05:18:44.7981161Z ##[endgroup]
2026-05-22T05:18:44.8026248Z [command]/usr/bin/git log -1 --format=%H
2026-05-22T05:18:44.8052417Z 28fa6084fd57b5f4907802a52159e3b8d5b1ea86
2026-05-22T05:18:44.8351775Z Prepare all required actions
2026-05-22T05:18:44.8352283Z Getting action download info
2026-05-22T05:18:44.9792826Z Download action repository 'actions/setup-node@v4' (SHA:49933ea5288caeca8642d1e84afbd3f7d6820020)
2026-05-22T05:18:45.0888611Z ##[group]Run ./.github/actions/setup-node-web
2026-05-22T05:18:45.0888961Z ##[endgroup]
2026-05-22T05:18:45.1023785Z ##[group]Run actions/setup-node@v4
2026-05-22T05:18:45.1024184Z with:
2026-05-22T05:18:45.1024438Z   node-version: 22
2026-05-22T05:18:45.1024684Z   cache: npm
2026-05-22T05:18:45.1024954Z   cache-dependency-path: web/package-lock.json
2026-05-22T05:18:45.1025293Z   always-auth: false
2026-05-22T05:18:45.1025542Z   check-latest: false
2026-05-22T05:18:45.1025928Z   token: ***
2026-05-22T05:18:45.1026161Z ##[endgroup]
2026-05-22T05:18:45.2933207Z Found in cache @ /opt/hostedtoolcache/node/22.22.2/x64
2026-05-22T05:18:45.2938817Z ##[group]Environment details
2026-05-22T05:18:45.8735613Z node: v22.22.2
2026-05-22T05:18:45.8737663Z npm: 10.9.7
2026-05-22T05:18:45.8739749Z yarn: 1.22.22
2026-05-22T05:18:45.8741068Z ##[endgroup]
2026-05-22T05:18:45.8751015Z [command]/opt/hostedtoolcache/node/22.22.2/x64/bin/npm config get cache
2026-05-22T05:18:45.9834762Z /home/runner/.npm
2026-05-22T05:18:46.1152485Z npm cache is not found
2026-05-22T05:18:46.1309271Z ##[group]Run npm ci
2026-05-22T05:18:46.1309571Z [36;1mnpm ci[0m
2026-05-22T05:18:46.1355945Z shell: /usr/bin/bash --noprofile --norc -e -o pipefail {0}
2026-05-22T05:18:46.1356327Z ##[endgroup]
2026-05-22T05:18:57.5142386Z 
2026-05-22T05:18:57.5150119Z added 436 packages, and audited 437 packages in 11s
2026-05-22T05:18:57.5172042Z 
2026-05-22T05:18:57.5192196Z 94 packages are looking for funding
2026-05-22T05:18:57.5211896Z   run `npm fund` for details
2026-05-22T05:18:57.5231821Z 
2026-05-22T05:18:57.5252057Z 4 vulnerabilities (3 moderate, 1 critical)
2026-05-22T05:18:57.5471779Z 
2026-05-22T05:18:57.5472475Z To address all issues, run:
2026-05-22T05:18:57.5551846Z   npm audit fix
2026-05-22T05:18:57.5552099Z 
2026-05-22T05:18:57.5552295Z Run `npm audit` for details.
2026-05-22T05:18:57.6097517Z ##[group]Run npm run build
2026-05-22T05:18:57.6097926Z [36;1mnpm run build[0m
2026-05-22T05:18:57.6145838Z shell: /usr/bin/bash -e {0}
2026-05-22T05:18:57.6146223Z ##[endgroup]
2026-05-22T05:18:57.7557340Z 
2026-05-22T05:18:57.7565851Z > web@2.0.0 build
2026-05-22T05:18:57.7566412Z > tsc -b && vite build
2026-05-22T05:18:57.7567160Z 
2026-05-22T05:19:16.0387726Z ##[error]src/utils/__tests__/burnoutScorer.test.ts(11,40): error TS2352: Conversion of type '{ id: string; mood: number; energy: number; timestamp: string; user_id: string; date: string; notes: string; }[]' to type 'MoodEnergyLog[]' may be a mistake because neither type sufficiently overlaps with the other. If this was intentional, convert the expression to 'unknown' first.
2026-05-22T05:19:16.0399646Z   Object literal may only specify known properties, and 'timestamp' does not exist in type 'MoodEnergyLog'.
2026-05-22T05:19:16.0402605Z ##[error]src/utils/__tests__/notifications.test.ts(14,18): error TS2339: Property 'requestPermission' does not exist on type 'Mock<Procedure>'.
2026-05-22T05:19:16.0405467Z ##[error]src/utils/__tests__/notifications.test.ts(25,22): error TS2339: Property 'requestPermission' does not exist on type 'Mock<Procedure>'.
2026-05-22T05:19:16.0408110Z ##[error]src/utils/__tests__/notifications.test.ts(26,22): error TS2339: Property 'permission' does not exist on type 'Mock<Procedure>'.
2026-05-22T05:19:16.0410582Z ##[error]src/utils/__tests__/notifications.test.ts(60,24): error TS2339: Property 'permission' does not exist on type 'Mock<Procedure>'.
2026-05-22T05:19:16.0413278Z ##[error]src/utils/__tests__/notifications.test.ts(66,24): error TS2339: Property 'permission' does not exist on type 'Mock<Procedure>'.
2026-05-22T05:19:16.0415751Z ##[error]src/utils/__tests__/notifications.test.ts(72,24): error TS2339: Property 'permission' does not exist on type 'Mock<Procedure>'.
2026-05-22T05:19:16.0418383Z ##[error]src/utils/__tests__/notifications.test.ts(74,31): error TS2339: Property 'requestPermission' does not exist on type 'Mock<Procedure>'.
2026-05-22T05:19:16.0420984Z ##[error]src/utils/__tests__/notifications.test.ts(89,24): error TS2339: Property 'permission' does not exist on type 'Mock<Procedure>'.
2026-05-22T05:19:16.0423993Z ##[error]src/utils/__tests__/notifications.test.ts(104,24): error TS2339: Property 'permission' does not exist on type 'Mock<Procedure>'.
2026-05-22T05:19:16.0426570Z ##[error]src/utils/__tests__/notifications.test.ts(109,24): error TS2339: Property 'permission' does not exist on type 'Mock<Procedure>'.
2026-05-22T05:19:16.0429140Z ##[error]src/utils/__tests__/notifications.test.ts(122,24): error TS2339: Property 'permission' does not exist on type 'Mock<Procedure>'.
2026-05-22T05:19:16.0431926Z ##[error]src/utils/__tests__/notifications.test.ts(137,24): error TS2339: Property 'permission' does not exist on type 'Mock<Procedure>'.
2026-05-22T05:19:16.0434579Z ##[error]src/utils/__tests__/notifications.test.ts(149,24): error TS2339: Property 'permission' does not exist on type 'Mock<Procedure>'.
2026-05-22T05:19:16.0437187Z ##[error]src/utils/__tests__/notifications.test.ts(163,24): error TS2339: Property 'permission' does not exist on type 'Mock<Procedure>'.
2026-05-22T05:19:16.9837630Z ##[error]Process completed with exit code 2.
2026-05-22T05:19:16.9904294Z Post job cleanup.
2026-05-22T05:19:16.9984058Z Post job cleanup.
2026-05-22T05:19:17.0886556Z [command]/usr/bin/git version
2026-05-22T05:19:17.0928147Z git version 2.54.0
2026-05-22T05:19:17.0972620Z Temporarily overriding HOME='/home/runner/work/_temp/bcf2c814-a1e4-4448-99e9-00d4bef2255d' before making global git config changes
2026-05-22T05:19:17.0974102Z Adding repository directory to the temporary git global config as a safe directory
2026-05-22T05:19:17.0979825Z [command]/usr/bin/git config --global --add safe.directory /home/runner/work/prismTask/prismTask
2026-05-22T05:19:17.1014147Z Removing SSH command configuration
2026-05-22T05:19:17.1021652Z [command]/usr/bin/git config --local --name-only --get-regexp core\.sshCommand
2026-05-22T05:19:17.1063185Z [command]/usr/bin/git submodule foreach --recursive sh -c "git config --local --name-only --get-regexp 'core\.sshCommand' && git config --local --unset-all 'core.sshCommand' || :"
2026-05-22T05:19:17.1312585Z Removing HTTP extra header
2026-05-22T05:19:17.1318431Z [command]/usr/bin/git config --local --name-only --get-regexp http\.https\:\/\/github\.com\/\.extraheader
2026-05-22T05:19:17.1364257Z [command]/usr/bin/git submodule foreach --recursive sh -c "git config --local --name-only --get-regexp 'http\.https\:\/\/github\.com\/\.extraheader' && git config --local --unset-all 'http.https://github.com/.extraheader' || :"
2026-05-22T05:19:17.1603628Z Removing includeIf entries pointing to credentials config files
2026-05-22T05:19:17.1610338Z [command]/usr/bin/git config --local --name-only --get-regexp ^includeIf\.gitdir:
2026-05-22T05:19:17.1638285Z includeif.gitdir:/home/runner/work/prismTask/prismTask/.git.path
2026-05-22T05:19:17.1639619Z includeif.gitdir:/home/runner/work/prismTask/prismTask/.git/worktrees/*.path
2026-05-22T05:19:17.1641112Z includeif.gitdir:/github/workspace/.git.path
2026-05-22T05:19:17.1642362Z includeif.gitdir:/github/workspace/.git/worktrees/*.path
2026-05-22T05:19:17.1650057Z [command]/usr/bin/git config --local --get-all includeif.gitdir:/home/runner/work/prismTask/prismTask/.git.path
2026-05-22T05:19:17.1674039Z /home/runner/work/_temp/git-credentials-66153b31-3031-46cb-b466-3a901970b54f.config
2026-05-22T05:19:17.1686952Z [command]/usr/bin/git config --local --unset includeif.gitdir:/home/runner/work/prismTask/prismTask/.git.path /home/runner/work/_temp/git-credentials-66153b31-3031-46cb-b466-3a901970b54f.config
2026-05-22T05:19:17.1726901Z [command]/usr/bin/git config --local --get-all includeif.gitdir:/home/runner/work/prismTask/prismTask/.git/worktrees/*.path
2026-05-22T05:19:17.1753563Z /home/runner/work/_temp/git-credentials-66153b31-3031-46cb-b466-3a901970b54f.config
2026-05-22T05:19:17.1763294Z [command]/usr/bin/git config --local --unset includeif.gitdir:/home/runner/work/prismTask/prismTask/.git/worktrees/*.path /home/runner/work/_temp/git-credentials-66153b31-3031-46cb-b466-3a901970b54f.config
2026-05-22T05:19:17.1797091Z [command]/usr/bin/git config --local --get-all includeif.gitdir:/github/workspace/.git.path
2026-05-22T05:19:17.1824090Z /github/runner_temp/git-credentials-66153b31-3031-46cb-b466-3a901970b54f.config
2026-05-22T05:19:17.1833795Z [command]/usr/bin/git config --local --unset includeif.gitdir:/github/workspace/.git.path /github/runner_temp/git-credentials-66153b31-3031-46cb-b466-3a901970b54f.config
2026-05-22T05:19:17.1875785Z [command]/usr/bin/git config --local --get-all includeif.gitdir:/github/workspace/.git/worktrees/*.path
2026-05-22T05:19:17.1972992Z /github/runner_temp/git-credentials-66153b31-3031-46cb-b466-3a901970b54f.config
2026-05-22T05:19:17.1976621Z [command]/usr/bin/git config --local --unset includeif.gitdir:/github/workspace/.git/worktrees/*.path /github/runner_temp/git-credentials-66153b31-3031-46cb-b466-3a901970b54f.config
2026-05-22T05:19:17.2013333Z [command]/usr/bin/git submodule foreach --recursive git config --local --show-origin --name-only --get-regexp remote.origin.url
2026-05-22T05:19:17.2395497Z Removing credentials config '/home/runner/work/_temp/git-credentials-66153b31-3031-46cb-b466-3a901970b54f.config'
2026-05-22T05:19:17.2515718Z Cleaning up orphan processes
2026-05-22T05:19:17.2769179Z ##[warning]Node.js 20 actions are deprecated. The following actions are running on Node.js 20 and may not work as expected: actions/setup-node@v4. Actions will be forced to run with Node.js 24 by default starting June 2nd, 2026. Node.js 20 will be removed from the runner on September 16th, 2026. Please check if updated versions of these actions are available that support Node.js 24. To opt into Node.js 24 now, set the FORCE_JAVASCRIPT_ACTIONS_TO_NODE24=true environment variable on the runner or in your workflow file. Once Node.js 24 becomes the default, you can temporarily opt out by setting ACTIONS_ALLOW_USE_UNSECURE_NODE_VERSION=true. For more information see: https://github.blog/changelog/2025-09-19-deprecation-of-node-20-on-github-actions-runners/


--- Job: web-lint (id 77320630187) ---
2026-05-22T05:20:08.1562599Z Current runner version: '2.334.0'
2026-05-22T05:20:08.1588138Z ##[group]Runner Image Provisioner
2026-05-22T05:20:08.1588933Z Hosted Compute Agent
2026-05-22T05:20:08.1589575Z Version: 20260213.493
2026-05-22T05:20:08.1590163Z Commit: 5c115507f6dd24b8de37d8bbe0bb4509d0cc0fa3
2026-05-22T05:20:08.1590907Z Build Date: 2026-02-13T00:28:41Z
2026-05-22T05:20:08.1591585Z Worker ID: {3fe5866d-8001-4702-8eea-aab488bab3de}
2026-05-22T05:20:08.1592297Z Azure Region: westus
2026-05-22T05:20:08.1592820Z ##[endgroup]
2026-05-22T05:20:08.1594841Z ##[group]Operating System
2026-05-22T05:20:08.1595531Z Ubuntu
2026-05-22T05:20:08.1596033Z 24.04.4
2026-05-22T05:20:08.1596564Z LTS
2026-05-22T05:20:08.1597021Z ##[endgroup]
2026-05-22T05:20:08.1597537Z ##[group]Runner Image
2026-05-22T05:20:08.1598076Z Image: ubuntu-24.04
2026-05-22T05:20:08.1598707Z Version: 20260518.149.1
2026-05-22T05:20:08.1599919Z Included Software: https://github.com/actions/runner-images/blob/ubuntu24/20260518.149/images/ubuntu/Ubuntu2404-Readme.md
2026-05-22T05:20:08.1601441Z Image Release: https://github.com/actions/runner-images/releases/tag/ubuntu24%2F20260518.149
2026-05-22T05:20:08.1602364Z ##[endgroup]
2026-05-22T05:20:08.1603687Z ##[group]GITHUB_TOKEN Permissions
2026-05-22T05:20:08.1605916Z Actions: read
2026-05-22T05:20:08.1606484Z Checks: read
2026-05-22T05:20:08.1607081Z Contents: write
2026-05-22T05:20:08.1607609Z Metadata: read
2026-05-22T05:20:08.1608099Z PullRequests: read
2026-05-22T05:20:08.1608727Z ##[endgroup]
2026-05-22T05:20:08.1610748Z Secret source: Actions
2026-05-22T05:20:08.1611485Z Prepare workflow directory
2026-05-22T05:20:08.2073976Z Prepare all required actions
2026-05-22T05:20:08.2111090Z Getting action download info
2026-05-22T05:20:08.6512142Z Download action repository 'actions/checkout@v6' (SHA:de0fac2e4500dabe0009e67214ff5f5447ce83dd)
2026-05-22T05:20:08.8997940Z Complete job name: web-lint
2026-05-22T05:20:08.9761283Z ##[group]Run actions/checkout@v6
2026-05-22T05:20:08.9762161Z with:
2026-05-22T05:20:08.9762581Z   repository: akarlin3/prismTask
2026-05-22T05:20:08.9763269Z   token: ***
2026-05-22T05:20:08.9763672Z   ssh-strict: true
2026-05-22T05:20:08.9764076Z   ssh-user: git
2026-05-22T05:20:08.9764709Z   persist-credentials: true
2026-05-22T05:20:08.9765165Z   clean: true
2026-05-22T05:20:08.9765581Z   sparse-checkout-cone-mode: true
2026-05-22T05:20:08.9766070Z   fetch-depth: 1
2026-05-22T05:20:08.9766468Z   fetch-tags: false
2026-05-22T05:20:08.9766878Z   show-progress: true
2026-05-22T05:20:08.9767296Z   lfs: false
2026-05-22T05:20:08.9767671Z   submodules: false
2026-05-22T05:20:08.9768088Z   set-safe-directory: true
2026-05-22T05:20:08.9768823Z ##[endgroup]
2026-05-22T05:20:09.0995045Z Syncing repository: akarlin3/prismTask
2026-05-22T05:20:09.0997894Z ##[group]Getting Git version info
2026-05-22T05:20:09.0998633Z Working directory is '/home/runner/work/prismTask/prismTask'
2026-05-22T05:20:09.1001336Z [command]/usr/bin/git version
2026-05-22T05:20:09.1080716Z git version 2.54.0
2026-05-22T05:20:09.1108488Z ##[endgroup]
2026-05-22T05:20:09.1125686Z Temporarily overriding HOME='/home/runner/work/_temp/3bf62d6b-ee92-456c-8351-f7281374d602' before making global git config changes
2026-05-22T05:20:09.1129857Z Adding repository directory to the temporary git global config as a safe directory
2026-05-22T05:20:09.1133759Z [command]/usr/bin/git config --global --add safe.directory /home/runner/work/prismTask/prismTask
2026-05-22T05:20:09.1340402Z Deleting the contents of '/home/runner/work/prismTask/prismTask'
2026-05-22T05:20:09.1342400Z ##[group]Initializing the repository
2026-05-22T05:20:09.1343884Z [command]/usr/bin/git init /home/runner/work/prismTask/prismTask
2026-05-22T05:20:09.1353949Z hint: Using 'master' as the name for the initial branch. This default branch name
2026-05-22T05:20:09.1355437Z hint: will change to "main" in Git 3.0. To configure the initial branch name
2026-05-22T05:20:09.1356399Z hint: to use in all of your new repositories, which will suppress this warning,
2026-05-22T05:20:09.1357699Z hint: call:
2026-05-22T05:20:09.1359935Z hint:
2026-05-22T05:20:09.1360912Z hint: 	git config --global init.defaultBranch <name>
2026-05-22T05:20:09.1361939Z hint:
2026-05-22T05:20:09.1362936Z hint: Names commonly chosen instead of 'master' are 'main', 'trunk' and
2026-05-22T05:20:09.1364886Z hint: 'development'. The just-created branch can be renamed via this command:
2026-05-22T05:20:09.1366234Z hint:
2026-05-22T05:20:09.1366990Z hint: 	git branch -m <name>
2026-05-22T05:20:09.1367833Z hint:
2026-05-22T05:20:09.1368855Z hint: Disable this message with "git config set advice.defaultBranchName false"
2026-05-22T05:20:09.1376956Z Initialized empty Git repository in /home/runner/work/prismTask/prismTask/.git/
2026-05-22T05:20:09.1382160Z [command]/usr/bin/git remote add origin https://github.com/akarlin3/prismTask
2026-05-22T05:20:09.1434092Z ##[endgroup]
2026-05-22T05:20:09.1436127Z ##[group]Disabling automatic garbage collection
2026-05-22T05:20:09.1437975Z [command]/usr/bin/git config --local gc.auto 0
2026-05-22T05:20:09.1469954Z ##[endgroup]
2026-05-22T05:20:09.1471863Z ##[group]Setting up auth
2026-05-22T05:20:09.1473678Z Removing SSH command configuration
2026-05-22T05:20:09.1479167Z [command]/usr/bin/git config --local --name-only --get-regexp core\.sshCommand
2026-05-22T05:20:09.1516582Z [command]/usr/bin/git submodule foreach --recursive sh -c "git config --local --name-only --get-regexp 'core\.sshCommand' && git config --local --unset-all 'core.sshCommand' || :"
2026-05-22T05:20:09.1919674Z Removing HTTP extra header
2026-05-22T05:20:09.1927239Z [command]/usr/bin/git config --local --name-only --get-regexp http\.https\:\/\/github\.com\/\.extraheader
2026-05-22T05:20:09.1962259Z [command]/usr/bin/git submodule foreach --recursive sh -c "git config --local --name-only --get-regexp 'http\.https\:\/\/github\.com\/\.extraheader' && git config --local --unset-all 'http.https://github.com/.extraheader' || :"
2026-05-22T05:20:09.3111896Z Removing includeIf entries pointing to credentials config files
2026-05-22T05:20:09.3114179Z [command]/usr/bin/git config --local --name-only --get-regexp ^includeIf\.gitdir:
2026-05-22T05:20:09.3120759Z [command]/usr/bin/git submodule foreach --recursive git config --local --show-origin --name-only --get-regexp remote.origin.url
2026-05-22T05:20:09.3126390Z [command]/usr/bin/git config --file /home/runner/work/_temp/git-credentials-685a0d82-b2a2-4a02-b1f1-da4052357f1b.config http.https://github.com/.extraheader AUTHORIZATION: basic ***
2026-05-22T05:20:09.3129665Z [command]/usr/bin/git config --local includeIf.gitdir:/home/runner/work/prismTask/prismTask/.git.path /home/runner/work/_temp/git-credentials-685a0d82-b2a2-4a02-b1f1-da4052357f1b.config
2026-05-22T05:20:09.3132800Z [command]/usr/bin/git config --local includeIf.gitdir:/home/runner/work/prismTask/prismTask/.git/worktrees/*.path /home/runner/work/_temp/git-credentials-685a0d82-b2a2-4a02-b1f1-da4052357f1b.config
2026-05-22T05:20:09.3136205Z [command]/usr/bin/git config --local includeIf.gitdir:/github/workspace/.git.path /github/runner_temp/git-credentials-685a0d82-b2a2-4a02-b1f1-da4052357f1b.config
2026-05-22T05:20:09.3139249Z [command]/usr/bin/git config --local includeIf.gitdir:/github/workspace/.git/worktrees/*.path /github/runner_temp/git-credentials-685a0d82-b2a2-4a02-b1f1-da4052357f1b.config
2026-05-22T05:20:09.3141652Z ##[endgroup]
2026-05-22T05:20:09.3142335Z ##[group]Fetching the repository
2026-05-22T05:20:09.3143935Z [command]/usr/bin/git -c protocol.version=2 fetch --no-tags --prune --no-recurse-submodules --depth=1 origin +28fa6084fd57b5f4907802a52159e3b8d5b1ea86:refs/remotes/pull/1758/merge
2026-05-22T05:20:11.6878640Z From https://github.com/akarlin3/prismTask
2026-05-22T05:20:11.6881275Z  * [new ref]         28fa6084fd57b5f4907802a52159e3b8d5b1ea86 -> pull/1758/merge
2026-05-22T05:20:11.6921696Z ##[endgroup]
2026-05-22T05:20:11.6923552Z ##[group]Determining the checkout info
2026-05-22T05:20:11.6925947Z ##[endgroup]
2026-05-22T05:20:11.6930918Z [command]/usr/bin/git sparse-checkout disable
2026-05-22T05:20:11.6983546Z [command]/usr/bin/git config --local --unset-all extensions.worktreeConfig
2026-05-22T05:20:11.7019369Z ##[group]Checking out the ref
2026-05-22T05:20:11.7022676Z [command]/usr/bin/git checkout --progress --force refs/remotes/pull/1758/merge
2026-05-22T05:20:12.0180963Z Note: switching to 'refs/remotes/pull/1758/merge'.
2026-05-22T05:20:12.0190586Z 
2026-05-22T05:20:12.0205544Z You are in 'detached HEAD' state. You can look around, make experimental
2026-05-22T05:20:12.0213070Z changes and commit them, and you can discard any commits you make in this
2026-05-22T05:20:12.0236141Z state without impacting any branches by switching back to a branch.
2026-05-22T05:20:12.0237357Z 
2026-05-22T05:20:12.0256505Z If you want to create a new branch to retain commits you create, you may
2026-05-22T05:20:12.0267027Z do so (now or later) by using -c with the switch command. Example:
2026-05-22T05:20:12.0281043Z 
2026-05-22T05:20:12.0282763Z   git switch -c <new-branch-name>
2026-05-22T05:20:12.0283632Z 
2026-05-22T05:20:12.0301713Z Or undo this operation with:
2026-05-22T05:20:12.0326976Z 
2026-05-22T05:20:12.0327418Z   git switch -
2026-05-22T05:20:12.0358309Z 
2026-05-22T05:20:12.0369101Z Turn off this advice by setting config variable advice.detachedHead to false
2026-05-22T05:20:12.0394717Z 
2026-05-22T05:20:12.0414087Z HEAD is now at 28fa608 Merge d5311384a98aecbdb30b58d1dbff222909bb0ad2 into dc8d9429fc6cdae5fb0b437eb46e46faff5884de
2026-05-22T05:20:12.0446884Z ##[endgroup]
2026-05-22T05:20:12.0448741Z [command]/usr/bin/git log -1 --format=%H
2026-05-22T05:20:12.0449431Z 28fa6084fd57b5f4907802a52159e3b8d5b1ea86
2026-05-22T05:20:12.0674550Z Prepare all required actions
2026-05-22T05:20:12.0675034Z Getting action download info
2026-05-22T05:20:12.2895846Z Download action repository 'actions/setup-node@v4' (SHA:49933ea5288caeca8642d1e84afbd3f7d6820020)
2026-05-22T05:20:12.4007155Z ##[group]Run ./.github/actions/setup-node-web
2026-05-22T05:20:12.4007472Z ##[endgroup]
2026-05-22T05:20:12.4136847Z ##[group]Run actions/setup-node@v4
2026-05-22T05:20:12.4137160Z with:
2026-05-22T05:20:12.4137365Z   node-version: 22
2026-05-22T05:20:12.4137560Z   cache: npm
2026-05-22T05:20:12.4137781Z   cache-dependency-path: web/package-lock.json
2026-05-22T05:20:12.4138068Z   always-auth: false
2026-05-22T05:20:12.4138263Z   check-latest: false
2026-05-22T05:20:12.4138588Z   token: ***
2026-05-22T05:20:12.4138773Z ##[endgroup]
2026-05-22T05:20:12.6384688Z Found in cache @ /opt/hostedtoolcache/node/22.22.3/x64
2026-05-22T05:20:12.6405307Z ##[group]Environment details
2026-05-22T05:20:13.2153253Z node: v22.22.3
2026-05-22T05:20:13.2154865Z npm: 10.9.8
2026-05-22T05:20:13.2155872Z yarn: 1.22.22
2026-05-22T05:20:13.2157467Z ##[endgroup]
2026-05-22T05:20:13.2188496Z [command]/opt/hostedtoolcache/node/22.22.3/x64/bin/npm config get cache
2026-05-22T05:20:13.3383748Z /home/runner/.npm
2026-05-22T05:20:13.6699136Z Cache hit for: node-cache-Linux-x64-npm-3222b1c880a44f7138c65489983afc11abdae8dd21b7b6ff0c6531ea738265e5
2026-05-22T05:20:14.9836078Z Received 0 of 94792476 (0.0%), 0.0 MBs/sec
2026-05-22T05:20:15.9587669Z Received 94792476 of 94792476 (100.0%), 45.6 MBs/sec
2026-05-22T05:20:15.9589586Z Cache Size: ~90 MB (94792476 B)
2026-05-22T05:20:15.9676838Z [command]/usr/bin/tar -xf /home/runner/work/_temp/767bfa0e-2dfa-4c0b-b374-3cb919ef7861/cache.tzst -P -C /home/runner/work/prismTask/prismTask --use-compress-program unzstd
2026-05-22T05:20:16.2119187Z Cache restored successfully
2026-05-22T05:20:16.2170788Z Cache restored from key: node-cache-Linux-x64-npm-3222b1c880a44f7138c65489983afc11abdae8dd21b7b6ff0c6531ea738265e5
2026-05-22T05:20:16.2343898Z ##[group]Run npm ci
2026-05-22T05:20:16.2344474Z [36;1mnpm ci[0m
2026-05-22T05:20:16.2391030Z shell: /usr/bin/bash --noprofile --norc -e -o pipefail {0}
2026-05-22T05:20:16.2391397Z ##[endgroup]
2026-05-22T05:20:29.4060647Z 
2026-05-22T05:20:29.4070359Z added 436 packages, and audited 437 packages in 13s
2026-05-22T05:20:29.4072139Z 
2026-05-22T05:20:29.4072763Z 94 packages are looking for funding
2026-05-22T05:20:29.4074045Z   run `npm fund` for details
2026-05-22T05:20:29.4159148Z 
2026-05-22T05:20:29.4159783Z 4 vulnerabilities (3 moderate, 1 critical)
2026-05-22T05:20:29.4160492Z 
2026-05-22T05:20:29.4160993Z To address all issues, run:
2026-05-22T05:20:29.4161811Z   npm audit fix
2026-05-22T05:20:29.4162331Z 
2026-05-22T05:20:29.4162832Z Run `npm audit` for details.
2026-05-22T05:20:29.5058948Z ##[group]Run npm run lint
2026-05-22T05:20:29.5059258Z [36;1mnpm run lint[0m
2026-05-22T05:20:29.5093047Z shell: /usr/bin/bash -e {0}
2026-05-22T05:20:29.5093304Z ##[endgroup]
2026-05-22T05:20:29.6106264Z 
2026-05-22T05:20:29.6107111Z > web@2.0.0 lint
2026-05-22T05:20:29.6107959Z > eslint .
2026-05-22T05:20:29.6108608Z 
2026-05-22T05:21:01.5026849Z 
2026-05-22T05:21:01.5040121Z /home/runner/work/prismTask/prismTask/web/src/routes/index.tsx
2026-05-22T05:21:01.5074823Z ##[error]  14:7  error  Fast refresh only works when a file only exports components. Move your component(s) to a separate file. If all exports are HOCs, add them to the `extraHOCs` option  react-refresh/only-export-components
2026-05-22T05:21:01.5089160Z ##[error]  15:7  error  Fast refresh only works when a file only exports components. Move your component(s) to a separate file. If all exports are HOCs, add them to the `extraHOCs` option  react-refresh/only-export-components
2026-05-22T05:21:01.5094454Z ##[error]  18:7  error  Fast refresh only works when a file only exports components. Move your component(s) to a separate file. If all exports are HOCs, add them to the `extraHOCs` option  react-refresh/only-export-components
2026-05-22T05:21:01.5099157Z ##[error]  19:7  error  Fast refresh only works when a file only exports components. Move your component(s) to a separate file. If all exports are HOCs, add them to the `extraHOCs` option  react-refresh/only-export-components
2026-05-22T05:21:01.5103943Z ##[error]  20:7  error  Fast refresh only works when a file only exports components. Move your component(s) to a separate file. If all exports are HOCs, add them to the `extraHOCs` option  react-refresh/only-export-components
2026-05-22T05:21:01.5106519Z 
2026-05-22T05:21:01.5107269Z ✖ 5 problems (5 errors, 0 warnings)
2026-05-22T05:21:01.5107764Z 
2026-05-22T05:21:01.6985746Z ##[error]Process completed with exit code 1.
2026-05-22T05:21:01.7052271Z Post job cleanup.
2026-05-22T05:21:01.7137102Z Post job cleanup.
2026-05-22T05:21:01.8059982Z [command]/usr/bin/git version
2026-05-22T05:21:01.8103161Z git version 2.54.0
2026-05-22T05:21:01.8181830Z Temporarily overriding HOME='/home/runner/work/_temp/1b84b812-9bc2-474c-b98e-05a91ee6052a' before making global git config changes
2026-05-22T05:21:01.8183936Z Adding repository directory to the temporary git global config as a safe directory
2026-05-22T05:21:01.8187528Z [command]/usr/bin/git config --global --add safe.directory /home/runner/work/prismTask/prismTask
2026-05-22T05:21:01.8221089Z Removing SSH command configuration
2026-05-22T05:21:01.8229213Z [command]/usr/bin/git config --local --name-only --get-regexp core\.sshCommand
2026-05-22T05:21:01.8269545Z [command]/usr/bin/git submodule foreach --recursive sh -c "git config --local --name-only --get-regexp 'core\.sshCommand' && git config --local --unset-all 'core.sshCommand' || :"
2026-05-22T05:21:01.8510761Z Removing HTTP extra header
2026-05-22T05:21:01.8517773Z [command]/usr/bin/git config --local --name-only --get-regexp http\.https\:\/\/github\.com\/\.extraheader
2026-05-22T05:21:01.8558696Z [command]/usr/bin/git submodule foreach --recursive sh -c "git config --local --name-only --get-regexp 'http\.https\:\/\/github\.com\/\.extraheader' && git config --local --unset-all 'http.https://github.com/.extraheader' || :"
2026-05-22T05:21:01.8795933Z Removing includeIf entries pointing to credentials config files
2026-05-22T05:21:01.8802773Z [command]/usr/bin/git config --local --name-only --get-regexp ^includeIf\.gitdir:
2026-05-22T05:21:01.8832359Z includeif.gitdir:/home/runner/work/prismTask/prismTask/.git.path
2026-05-22T05:21:01.8833869Z includeif.gitdir:/home/runner/work/prismTask/prismTask/.git/worktrees/*.path
2026-05-22T05:21:01.8837739Z includeif.gitdir:/github/workspace/.git.path
2026-05-22T05:21:01.8838552Z includeif.gitdir:/github/workspace/.git/worktrees/*.path
2026-05-22T05:21:01.8845424Z [command]/usr/bin/git config --local --get-all includeif.gitdir:/home/runner/work/prismTask/prismTask/.git.path
2026-05-22T05:21:01.8866906Z /home/runner/work/_temp/git-credentials-685a0d82-b2a2-4a02-b1f1-da4052357f1b.config
2026-05-22T05:21:01.8880847Z [command]/usr/bin/git config --local --unset includeif.gitdir:/home/runner/work/prismTask/prismTask/.git.path /home/runner/work/_temp/git-credentials-685a0d82-b2a2-4a02-b1f1-da4052357f1b.config
2026-05-22T05:21:01.8920293Z [command]/usr/bin/git config --local --get-all includeif.gitdir:/home/runner/work/prismTask/prismTask/.git/worktrees/*.path
2026-05-22T05:21:01.8944494Z /home/runner/work/_temp/git-credentials-685a0d82-b2a2-4a02-b1f1-da4052357f1b.config
2026-05-22T05:21:01.8955583Z [command]/usr/bin/git config --local --unset includeif.gitdir:/home/runner/work/prismTask/prismTask/.git/worktrees/*.path /home/runner/work/_temp/git-credentials-685a0d82-b2a2-4a02-b1f1-da4052357f1b.config
2026-05-22T05:21:01.8988519Z [command]/usr/bin/git config --local --get-all includeif.gitdir:/github/workspace/.git.path
2026-05-22T05:21:01.9011771Z /github/runner_temp/git-credentials-685a0d82-b2a2-4a02-b1f1-da4052357f1b.config
2026-05-22T05:21:01.9026765Z [command]/usr/bin/git config --local --unset includeif.gitdir:/github/workspace/.git.path /github/runner_temp/git-credentials-685a0d82-b2a2-4a02-b1f1-da4052357f1b.config
2026-05-22T05:21:01.9056410Z [command]/usr/bin/git config --local --get-all includeif.gitdir:/github/workspace/.git/worktrees/*.path
2026-05-22T05:21:01.9103359Z /github/runner_temp/git-credentials-685a0d82-b2a2-4a02-b1f1-da4052357f1b.config
2026-05-22T05:21:01.9228774Z [command]/usr/bin/git config --local --unset includeif.gitdir:/github/workspace/.git/worktrees/*.path /github/runner_temp/git-credentials-685a0d82-b2a2-4a02-b1f1-da4052357f1b.config
2026-05-22T05:21:01.9235483Z [command]/usr/bin/git submodule foreach --recursive git config --local --show-origin --name-only --get-regexp remote.origin.url
2026-05-22T05:21:01.9427266Z Removing credentials config '/home/runner/work/_temp/git-credentials-685a0d82-b2a2-4a02-b1f1-da4052357f1b.config'
2026-05-22T05:21:01.9576901Z Cleaning up orphan processes
2026-05-22T05:21:01.9823111Z ##[warning]Node.js 20 actions are deprecated. The following actions are running on Node.js 20 and may not work as expected: actions/setup-node@v4. Actions will be forced to run with Node.js 24 by default starting June 2nd, 2026. Node.js 20 will be removed from the runner on September 16th, 2026. Please check if updated versions of these actions are available that support Node.js 24. To opt into Node.js 24 now, set the FORCE_JAVASCRIPT_ACTIONS_TO_NODE24=true environment variable on the runner or in your workflow file. Once Node.js 24 becomes the default, you can temporarily opt out by setting ACTIONS_ALLOW_USE_UNSECURE_NODE_VERSION=true. For more information see: https://github.blog/changelog/2025-09-19-deprecation-of-node-20-on-github-actions-runners/


--- Job: web-lint-and-test (id 77321120095) ---
2026-05-22T05:26:35.6286528Z Current runner version: '2.334.0'
2026-05-22T05:26:35.6325447Z ##[group]Runner Image Provisioner
2026-05-22T05:26:35.6326758Z Hosted Compute Agent
2026-05-22T05:26:35.6327623Z Version: 20260213.493
2026-05-22T05:26:35.6328746Z Commit: 5c115507f6dd24b8de37d8bbe0bb4509d0cc0fa3
2026-05-22T05:26:35.6329878Z Build Date: 2026-02-13T00:28:41Z
2026-05-22T05:26:35.6331265Z Worker ID: {0ac1672f-d53b-45c1-9816-256d02a8865e}
2026-05-22T05:26:35.6332541Z Azure Region: eastus
2026-05-22T05:26:35.6333490Z ##[endgroup]
2026-05-22T05:26:35.6336488Z ##[group]Operating System
2026-05-22T05:26:35.6337555Z Ubuntu
2026-05-22T05:26:35.6338350Z 24.04.4
2026-05-22T05:26:35.6339139Z LTS
2026-05-22T05:26:35.6340039Z ##[endgroup]
2026-05-22T05:26:35.6341190Z ##[group]Runner Image
2026-05-22T05:26:35.6342265Z Image: ubuntu-24.04
2026-05-22T05:26:35.6343161Z Version: 20260513.135.3
2026-05-22T05:26:35.6345207Z Included Software: https://github.com/actions/runner-images/blob/ubuntu24/20260513.135/images/ubuntu/Ubuntu2404-Readme.md
2026-05-22T05:26:35.6347922Z Image Release: https://github.com/actions/runner-images/releases/tag/ubuntu24%2F20260513.135
2026-05-22T05:26:35.6349531Z ##[endgroup]
2026-05-22T05:26:35.6352063Z ##[group]GITHUB_TOKEN Permissions
2026-05-22T05:26:35.6355158Z Actions: read
2026-05-22T05:26:35.6356059Z Checks: read
2026-05-22T05:26:35.6356960Z Contents: write
2026-05-22T05:26:35.6357836Z Metadata: read
2026-05-22T05:26:35.6358670Z PullRequests: read
2026-05-22T05:26:35.6359643Z ##[endgroup]
2026-05-22T05:26:35.6363249Z Secret source: Actions
2026-05-22T05:26:35.6364760Z Prepare workflow directory
2026-05-22T05:26:35.6867646Z Prepare all required actions
2026-05-22T05:26:35.7011431Z Complete job name: web-lint-and-test
2026-05-22T05:26:35.8197350Z ##[group]Run if [ 'failure' != 'success' ]; then
2026-05-22T05:26:35.8198689Z [36;1mif [ 'failure' != 'success' ]; then[0m
2026-05-22T05:26:35.8200280Z [36;1m  echo "web-lint finished with failure" >&2[0m
2026-05-22T05:26:35.8201798Z [36;1m  exit 1[0m
2026-05-22T05:26:35.8202630Z [36;1mfi[0m
2026-05-22T05:26:35.8203557Z [36;1mif [ 'success' != 'success' ]; then[0m
2026-05-22T05:26:35.8204784Z [36;1m  echo "web-unit-tests finished with success" >&2[0m
2026-05-22T05:26:35.8205913Z [36;1m  exit 1[0m
2026-05-22T05:26:35.8206925Z [36;1mfi[0m
2026-05-22T05:26:35.8207805Z [36;1mif [ 'failure' != 'success' ]; then[0m
2026-05-22T05:26:35.8208966Z [36;1m  echo "web-build finished with failure" >&2[0m
2026-05-22T05:26:35.8210213Z [36;1m  exit 1[0m
2026-05-22T05:26:35.8211458Z [36;1mfi[0m
2026-05-22T05:26:35.8212512Z [36;1mecho "✓ Split web lint, unit-test shards, and build passed."[0m
2026-05-22T05:26:35.8687532Z shell: /usr/bin/bash -e {0}
2026-05-22T05:26:35.8689411Z ##[endgroup]
2026-05-22T05:26:35.9035087Z web-lint finished with failure
2026-05-22T05:26:35.9063665Z ##[error]Process completed with exit code 1.
2026-05-22T05:26:35.9189006Z Cleaning up orphan processes
