=== CI FAILURE ===
Workflow:      Web CI
Workflow file: averycorp/prismTask/.github/workflows/web-ci.yml@refs/pull/1499/merge
Job(s):        web-lint, web-lint-and-test
Run ID:        25939518384
Run attempt:   1
Run URL:       https://github.com/averycorp/prismTask/actions/runs/25939518384
Commit:        e5c925848317a25e5c8f84cc5a64876f4b485c2b
Branch:        1499/merge
Event:         pull_request
Actor:         akarlin3
Runner OS:     Linux
Timestamp:     2026-05-15T20:23:06.897Z

Failed steps:
  - web-lint: #5 Run ESLint
  - web-lint-and-test: #2 Verify split web checks

=== FAILED JOB LOG ===

--- Job: web-lint (id 76253359027) ---
2026-05-15T20:22:11.2843258Z Current runner version: '2.334.0'
2026-05-15T20:22:11.2867640Z ##[group]Runner Image Provisioner
2026-05-15T20:22:11.2868504Z Hosted Compute Agent
2026-05-15T20:22:11.2869005Z Version: 20260213.493
2026-05-15T20:22:11.2869680Z Commit: 5c115507f6dd24b8de37d8bbe0bb4509d0cc0fa3
2026-05-15T20:22:11.2870325Z Build Date: 2026-02-13T00:28:41Z
2026-05-15T20:22:11.2870975Z Worker ID: {f0b38d6c-511f-4d8c-94f1-eb864c43d646}
2026-05-15T20:22:11.2871654Z Azure Region: westus
2026-05-15T20:22:11.2872208Z ##[endgroup]
2026-05-15T20:22:11.2874000Z ##[group]Operating System
2026-05-15T20:22:11.2874674Z Ubuntu
2026-05-15T20:22:11.2875158Z 24.04.4
2026-05-15T20:22:11.2875577Z LTS
2026-05-15T20:22:11.2876064Z ##[endgroup]
2026-05-15T20:22:11.2876606Z ##[group]Runner Image
2026-05-15T20:22:11.2877587Z Image: ubuntu-24.04
2026-05-15T20:22:11.2878070Z Version: 20260513.135.3
2026-05-15T20:22:11.2879330Z Included Software: https://github.com/actions/runner-images/blob/ubuntu24/20260513.135/images/ubuntu/Ubuntu2404-Readme.md
2026-05-15T20:22:11.2880798Z Image Release: https://github.com/actions/runner-images/releases/tag/ubuntu24%2F20260513.135
2026-05-15T20:22:11.2881738Z ##[endgroup]
2026-05-15T20:22:11.2882810Z ##[group]GITHUB_TOKEN Permissions
2026-05-15T20:22:11.2884657Z Actions: read
2026-05-15T20:22:11.2885232Z Checks: read
2026-05-15T20:22:11.2885688Z Contents: write
2026-05-15T20:22:11.2886303Z Metadata: read
2026-05-15T20:22:11.2886793Z ##[endgroup]
2026-05-15T20:22:11.2889190Z Secret source: Actions
2026-05-15T20:22:11.2889986Z Prepare workflow directory
2026-05-15T20:22:11.3300947Z Prepare all required actions
2026-05-15T20:22:11.3340488Z Getting action download info
2026-05-15T20:22:11.7662460Z Download action repository 'actions/checkout@v6' (SHA:de0fac2e4500dabe0009e67214ff5f5447ce83dd)
2026-05-15T20:22:12.0106100Z Complete job name: web-lint
2026-05-15T20:22:12.0833730Z ##[group]Run actions/checkout@v6
2026-05-15T20:22:12.0834573Z with:
2026-05-15T20:22:12.0834978Z   repository: averycorp/prismTask
2026-05-15T20:22:12.0835672Z   token: ***
2026-05-15T20:22:12.0836049Z   ssh-strict: true
2026-05-15T20:22:12.0836435Z   ssh-user: git
2026-05-15T20:22:12.0836830Z   persist-credentials: true
2026-05-15T20:22:12.0837503Z   clean: true
2026-05-15T20:22:12.0837923Z   sparse-checkout-cone-mode: true
2026-05-15T20:22:12.0838387Z   fetch-depth: 1
2026-05-15T20:22:12.0838757Z   fetch-tags: false
2026-05-15T20:22:12.0839179Z   show-progress: true
2026-05-15T20:22:12.0839569Z   lfs: false
2026-05-15T20:22:12.0839935Z   submodules: false
2026-05-15T20:22:12.0840334Z   set-safe-directory: true
2026-05-15T20:22:12.0841020Z ##[endgroup]
2026-05-15T20:22:12.1825410Z Syncing repository: averycorp/prismTask
2026-05-15T20:22:12.1827749Z ##[group]Getting Git version info
2026-05-15T20:22:12.1828528Z Working directory is '/home/runner/work/prismTask/prismTask'
2026-05-15T20:22:12.1829775Z [command]/usr/bin/git version
2026-05-15T20:22:12.1886368Z git version 2.54.0
2026-05-15T20:22:12.1943000Z ##[endgroup]
2026-05-15T20:22:12.1957890Z Temporarily overriding HOME='/home/runner/work/_temp/5b52aacf-fe72-4130-a1cd-00e5547af724' before making global git config changes
2026-05-15T20:22:12.1960106Z Adding repository directory to the temporary git global config as a safe directory
2026-05-15T20:22:12.1964023Z [command]/usr/bin/git config --global --add safe.directory /home/runner/work/prismTask/prismTask
2026-05-15T20:22:12.2014808Z Deleting the contents of '/home/runner/work/prismTask/prismTask'
2026-05-15T20:22:12.2019509Z ##[group]Initializing the repository
2026-05-15T20:22:12.2024288Z [command]/usr/bin/git init /home/runner/work/prismTask/prismTask
2026-05-15T20:22:12.2147126Z hint: Using 'master' as the name for the initial branch. This default branch name
2026-05-15T20:22:12.2148558Z hint: will change to "main" in Git 3.0. To configure the initial branch name
2026-05-15T20:22:12.2149952Z hint: to use in all of your new repositories, which will suppress this warning,
2026-05-15T20:22:12.2150932Z hint: call:
2026-05-15T20:22:12.2151452Z hint:
2026-05-15T20:22:12.2152397Z hint: 	git config --global init.defaultBranch <name>
2026-05-15T20:22:12.2153208Z hint:
2026-05-15T20:22:12.2153969Z hint: Names commonly chosen instead of 'master' are 'main', 'trunk' and
2026-05-15T20:22:12.2155273Z hint: 'development'. The just-created branch can be renamed via this command:
2026-05-15T20:22:12.2156267Z hint:
2026-05-15T20:22:12.2157391Z hint: 	git branch -m <name>
2026-05-15T20:22:12.2158191Z hint:
2026-05-15T20:22:12.2159326Z hint: Disable this message with "git config set advice.defaultBranchName false"
2026-05-15T20:22:12.2162102Z Initialized empty Git repository in /home/runner/work/prismTask/prismTask/.git/
2026-05-15T20:22:12.2171454Z [command]/usr/bin/git remote add origin https://github.com/averycorp/prismTask
2026-05-15T20:22:12.2213087Z ##[endgroup]
2026-05-15T20:22:12.2214297Z ##[group]Disabling automatic garbage collection
2026-05-15T20:22:12.2217760Z [command]/usr/bin/git config --local gc.auto 0
2026-05-15T20:22:12.2246699Z ##[endgroup]
2026-05-15T20:22:12.2248377Z ##[group]Setting up auth
2026-05-15T20:22:12.2249314Z Removing SSH command configuration
2026-05-15T20:22:12.2255436Z [command]/usr/bin/git config --local --name-only --get-regexp core\.sshCommand
2026-05-15T20:22:12.2290564Z [command]/usr/bin/git submodule foreach --recursive sh -c "git config --local --name-only --get-regexp 'core\.sshCommand' && git config --local --unset-all 'core.sshCommand' || :"
2026-05-15T20:22:12.2658598Z Removing HTTP extra header
2026-05-15T20:22:12.2665044Z [command]/usr/bin/git config --local --name-only --get-regexp http\.https\:\/\/github\.com\/\.extraheader
2026-05-15T20:22:12.2698187Z [command]/usr/bin/git submodule foreach --recursive sh -c "git config --local --name-only --get-regexp 'http\.https\:\/\/github\.com\/\.extraheader' && git config --local --unset-all 'http.https://github.com/.extraheader' || :"
2026-05-15T20:22:12.2913702Z Removing includeIf entries pointing to credentials config files
2026-05-15T20:22:12.2920455Z [command]/usr/bin/git config --local --name-only --get-regexp ^includeIf\.gitdir:
2026-05-15T20:22:12.2952018Z [command]/usr/bin/git submodule foreach --recursive git config --local --show-origin --name-only --get-regexp remote.origin.url
2026-05-15T20:22:12.3178977Z [command]/usr/bin/git config --file /home/runner/work/_temp/git-credentials-58590877-4261-4743-a1fc-a065a41b5f51.config http.https://github.com/.extraheader AUTHORIZATION: basic ***
2026-05-15T20:22:12.3218342Z [command]/usr/bin/git config --local includeIf.gitdir:/home/runner/work/prismTask/prismTask/.git.path /home/runner/work/_temp/git-credentials-58590877-4261-4743-a1fc-a065a41b5f51.config
2026-05-15T20:22:12.3249194Z [command]/usr/bin/git config --local includeIf.gitdir:/home/runner/work/prismTask/prismTask/.git/worktrees/*.path /home/runner/work/_temp/git-credentials-58590877-4261-4743-a1fc-a065a41b5f51.config
2026-05-15T20:22:12.3281989Z [command]/usr/bin/git config --local includeIf.gitdir:/github/workspace/.git.path /github/runner_temp/git-credentials-58590877-4261-4743-a1fc-a065a41b5f51.config
2026-05-15T20:22:12.3317181Z [command]/usr/bin/git config --local includeIf.gitdir:/github/workspace/.git/worktrees/*.path /github/runner_temp/git-credentials-58590877-4261-4743-a1fc-a065a41b5f51.config
2026-05-15T20:22:12.3343874Z ##[endgroup]
2026-05-15T20:22:12.3345041Z ##[group]Fetching the repository
2026-05-15T20:22:12.3354271Z [command]/usr/bin/git -c protocol.version=2 fetch --no-tags --prune --no-recurse-submodules --depth=1 origin +e5c925848317a25e5c8f84cc5a64876f4b485c2b:refs/remotes/pull/1499/merge
2026-05-15T20:22:13.8349693Z From https://github.com/averycorp/prismTask
2026-05-15T20:22:13.8351373Z  * [new ref]         e5c925848317a25e5c8f84cc5a64876f4b485c2b -> pull/1499/merge
2026-05-15T20:22:13.8393602Z ##[endgroup]
2026-05-15T20:22:13.8394904Z ##[group]Determining the checkout info
2026-05-15T20:22:13.8396134Z ##[endgroup]
2026-05-15T20:22:13.8401723Z [command]/usr/bin/git sparse-checkout disable
2026-05-15T20:22:13.8447592Z [command]/usr/bin/git config --local --unset-all extensions.worktreeConfig
2026-05-15T20:22:13.8475033Z ##[group]Checking out the ref
2026-05-15T20:22:13.8478416Z [command]/usr/bin/git checkout --progress --force refs/remotes/pull/1499/merge
2026-05-15T20:22:14.1508013Z Note: switching to 'refs/remotes/pull/1499/merge'.
2026-05-15T20:22:14.1508658Z 
2026-05-15T20:22:14.1509096Z You are in 'detached HEAD' state. You can look around, make experimental
2026-05-15T20:22:14.1510151Z changes and commit them, and you can discard any commits you make in this
2026-05-15T20:22:14.1511110Z state without impacting any branches by switching back to a branch.
2026-05-15T20:22:14.1511599Z 
2026-05-15T20:22:14.1511946Z If you want to create a new branch to retain commits you create, you may
2026-05-15T20:22:14.1512720Z do so (now or later) by using -c with the switch command. Example:
2026-05-15T20:22:14.1513219Z 
2026-05-15T20:22:14.1513409Z   git switch -c <new-branch-name>
2026-05-15T20:22:14.1513715Z 
2026-05-15T20:22:14.1513911Z Or undo this operation with:
2026-05-15T20:22:14.1514225Z 
2026-05-15T20:22:14.1514382Z   git switch -
2026-05-15T20:22:14.1514624Z 
2026-05-15T20:22:14.1514994Z Turn off this advice by setting config variable advice.detachedHead to false
2026-05-15T20:22:14.1515531Z 
2026-05-15T20:22:14.1516126Z HEAD is now at e5c9258 Merge 5a0684b07ddbe094d3207425801055cecce23a1c into cf32830b8d3c77cb74144d9ca207ede5503c55d3
2026-05-15T20:22:14.1531959Z ##[endgroup]
2026-05-15T20:22:14.1578460Z [command]/usr/bin/git log -1 --format=%H
2026-05-15T20:22:14.1602505Z e5c925848317a25e5c8f84cc5a64876f4b485c2b
2026-05-15T20:22:14.1892796Z Prepare all required actions
2026-05-15T20:22:14.1893328Z Getting action download info
2026-05-15T20:22:14.3702608Z Download action repository 'actions/setup-node@v4' (SHA:49933ea5288caeca8642d1e84afbd3f7d6820020)
2026-05-15T20:22:14.5321739Z ##[group]Run ./.github/actions/setup-node-web
2026-05-15T20:22:14.5322061Z ##[endgroup]
2026-05-15T20:22:14.5453924Z ##[group]Run actions/setup-node@v4
2026-05-15T20:22:14.5454226Z with:
2026-05-15T20:22:14.5454468Z   node-version: 22
2026-05-15T20:22:14.5454665Z   cache: npm
2026-05-15T20:22:14.5454886Z   cache-dependency-path: web/package-lock.json
2026-05-15T20:22:14.5455181Z   always-auth: false
2026-05-15T20:22:14.5455381Z   check-latest: false
2026-05-15T20:22:14.5455735Z   token: ***
2026-05-15T20:22:14.5455917Z ##[endgroup]
2026-05-15T20:22:14.7384456Z Found in cache @ /opt/hostedtoolcache/node/22.22.2/x64
2026-05-15T20:22:14.7392919Z ##[group]Environment details
2026-05-15T20:22:17.7423571Z node: v22.22.2
2026-05-15T20:22:17.7424374Z npm: 10.9.7
2026-05-15T20:22:17.7424743Z yarn: 1.22.22
2026-05-15T20:22:17.7425777Z ##[endgroup]
2026-05-15T20:22:17.7452134Z [command]/opt/hostedtoolcache/node/22.22.2/x64/bin/npm config get cache
2026-05-15T20:22:18.0491228Z /home/runner/.npm
2026-05-15T20:22:18.3335404Z npm cache is not found
2026-05-15T20:22:18.3493700Z ##[group]Run npm ci
2026-05-15T20:22:18.3494024Z [36;1mnpm ci[0m
2026-05-15T20:22:18.3581845Z shell: /usr/bin/bash --noprofile --norc -e -o pipefail {0}
2026-05-15T20:22:18.3582265Z ##[endgroup]
2026-05-15T20:22:31.4851684Z 
2026-05-15T20:22:31.4859928Z added 435 packages, and audited 436 packages in 13s
2026-05-15T20:22:31.4924222Z 
2026-05-15T20:22:31.4924721Z 94 packages are looking for funding
2026-05-15T20:22:31.4925193Z   run `npm fund` for details
2026-05-15T20:22:31.4925403Z 
2026-05-15T20:22:31.4925807Z 3 vulnerabilities (2 moderate, 1 critical)
2026-05-15T20:22:31.4926243Z 
2026-05-15T20:22:31.4926515Z To address all issues, run:
2026-05-15T20:22:31.4927475Z   npm audit fix
2026-05-15T20:22:31.4927717Z 
2026-05-15T20:22:31.4927930Z Run `npm audit` for details.
2026-05-15T20:22:31.5582885Z ##[group]Run npm run lint
2026-05-15T20:22:31.5583176Z [36;1mnpm run lint[0m
2026-05-15T20:22:31.5617696Z shell: /usr/bin/bash -e {0}
2026-05-15T20:22:31.5617936Z ##[endgroup]
2026-05-15T20:22:31.6635993Z 
2026-05-15T20:22:31.6636569Z > web@1.6.0 lint
2026-05-15T20:22:31.6637141Z > eslint .
2026-05-15T20:22:31.6637291Z 
2026-05-15T20:22:50.7489583Z 
2026-05-15T20:22:50.7491768Z /home/runner/work/prismTask/prismTask/web/src/features/medication/MedicationEditorDialog.tsx
2026-05-15T20:22:50.7493649Z   190:7  error  Error: Calling setState synchronously within an effect can trigger cascading renders
2026-05-15T20:22:50.7494309Z 
2026-05-15T20:22:50.7496046Z Effects are intended to synchronize state between React and external systems such as manually updating the DOM, state management libraries, or other platform APIs. In general, the body of an effect should do one or both of the following:
2026-05-15T20:22:50.7498185Z * Update external systems with the latest state from React.
2026-05-15T20:22:50.7499398Z * Subscribe for updates from some external system, calling setState in a callback function when external state changes.
2026-05-15T20:22:50.7499873Z 
2026-05-15T20:22:50.7500721Z Calling setState synchronously within an effect body causes cascading renders that can hurt performance, and is not recommended. (https://react.dev/learn/you-might-not-need-an-effect).
2026-05-15T20:22:50.7501426Z 
2026-05-15T20:22:50.7501876Z /home/runner/work/prismTask/prismTask/web/src/features/medication/MedicationEditorDialog.tsx:190:7
2026-05-15T20:22:50.7502384Z   188 |   useEffect(() => {
2026-05-15T20:22:50.7502614Z   189 |     if (isOpen) {
2026-05-15T20:22:50.7502901Z > 190 |       setForm(initialState(initial));
2026-05-15T20:22:50.7503278Z       |       ^^^^^^^ Avoid calling setState() directly within an effect
2026-05-15T20:22:50.7503634Z   191 |       setErrors({});
2026-05-15T20:22:50.7503854Z   192 |     }
2026-05-15T20:22:50.7504152Z   193 |   }, [isOpen, initial]);  react-hooks/set-state-in-effect
2026-05-15T20:22:50.7504387Z 
2026-05-15T20:22:50.7504767Z /home/runner/work/prismTask/prismTask/web/src/features/medication/MedicationRefillScreen.tsx
2026-05-15T20:22:50.7505408Z    88:17  error  Error: Cannot call impure function during render
2026-05-15T20:22:50.7505646Z 
2026-05-15T20:22:50.7506820Z `Date.now` is an impure function. Calling an impure function can produce unstable results that update unpredictably when the component happens to re-render. (https://react.dev/reference/rules/components-and-hooks-must-be-pure#components-and-hooks-must-be-idempotent).
2026-05-15T20:22:50.7508072Z 
2026-05-15T20:22:50.7508512Z /home/runner/work/prismTask/prismTask/web/src/features/medication/MedicationRefillScreen.tsx:88:17
2026-05-15T20:22:50.7508982Z   86 |
2026-05-15T20:22:50.7509204Z   87 |   const forecasts = useMemo(() => {
2026-05-15T20:22:50.7509506Z > 88 |     const now = Date.now();
2026-05-15T20:22:50.7509823Z      |                 ^^^^^^^^^^ Cannot call impure function
2026-05-15T20:22:50.7510212Z   89 |     const map = new Map<string, RefillForecast>();
2026-05-15T20:22:50.7510535Z   90 |     for (const refill of refills) {
2026-05-15T20:22:50.7511516Z   91 |       map.set(refill.id, forecastRefill(refill, now));                                                                                                                                                                                                                                                                                                                               react-hooks/purity
2026-05-15T20:22:50.7512655Z   382:7   error  Error: Calling setState synchronously within an effect can trigger cascading renders
2026-05-15T20:22:50.7513022Z 
2026-05-15T20:22:50.7514004Z Effects are intended to synchronize state between React and external systems such as manually updating the DOM, state management libraries, or other platform APIs. In general, the body of an effect should do one or both of the following:
2026-05-15T20:22:50.7515337Z * Update external systems with the latest state from React.
2026-05-15T20:22:50.7516085Z * Subscribe for updates from some external system, calling setState in a callback function when external state changes.
2026-05-15T20:22:50.7516529Z 
2026-05-15T20:22:50.7517537Z Calling setState synchronously within an effect body causes cascading renders that can hurt performance, and is not recommended. (https://react.dev/learn/you-might-not-need-an-effect).
2026-05-15T20:22:50.7518401Z 
2026-05-15T20:22:50.7518820Z /home/runner/work/prismTask/prismTask/web/src/features/medication/MedicationRefillScreen.tsx:382:7
2026-05-15T20:22:50.7519313Z   380 |   useEffect(() => {
2026-05-15T20:22:50.7519529Z   381 |     if (isOpen) {
2026-05-15T20:22:50.7519833Z > 382 |       setForm(initialEditorState(initial));
2026-05-15T20:22:50.7520216Z       |       ^^^^^^^ Avoid calling setState() directly within an effect
2026-05-15T20:22:50.7520535Z   383 |       setErrors({});
2026-05-15T20:22:50.7520749Z   384 |     }
2026-05-15T20:22:50.7521034Z   385 |   }, [isOpen, initial]);  react-hooks/set-state-in-effect
2026-05-15T20:22:50.7521273Z 
2026-05-15T20:22:50.7521593Z /home/runner/work/prismTask/prismTask/web/src/features/selfcare/SelfCareScreen.tsx
2026-05-15T20:22:50.7522175Z   35:31  error  Error: Cannot call impure function during render
2026-05-15T20:22:50.7522411Z 
2026-05-15T20:22:50.7523563Z `Date.now` is an impure function. Calling an impure function can produce unstable results that update unpredictably when the component happens to re-render. (https://react.dev/reference/rules/components-and-hooks-must-be-pure#components-and-hooks-must-be-idempotent).
2026-05-15T20:22:50.7524545Z 
2026-05-15T20:22:50.7524898Z /home/runner/work/prismTask/prismTask/web/src/features/selfcare/SelfCareScreen.tsx:35:31
2026-05-15T20:22:50.7525322Z   33 |
2026-05-15T20:22:50.7525515Z   34 |   const todayMs = useMemo(
2026-05-15T20:22:50.7525879Z > 35 |     () => startOfLogicalDayMs(Date.now(), startOfDayHour),
2026-05-15T20:22:50.7526279Z      |                               ^^^^^^^^^^ Cannot call impure function
2026-05-15T20:22:50.7526576Z   36 |     [startOfDayHour],
2026-05-15T20:22:50.7526788Z   37 |   );
2026-05-15T20:22:50.7527269Z   38 |  react-hooks/purity
2026-05-15T20:22:50.7527416Z 
2026-05-15T20:22:50.7527746Z /home/runner/work/prismTask/prismTask/web/src/features/today/PlanForTodaySheet.tsx
2026-05-15T20:22:50.7528507Z   73:7  error  Error: Calling setState synchronously within an effect can trigger cascading renders
2026-05-15T20:22:50.7528872Z 
2026-05-15T20:22:50.7529844Z Effects are intended to synchronize state between React and external systems such as manually updating the DOM, state management libraries, or other platform APIs. In general, the body of an effect should do one or both of the following:
2026-05-15T20:22:50.7530866Z * Update external systems with the latest state from React.
2026-05-15T20:22:50.7531568Z * Subscribe for updates from some external system, calling setState in a callback function when external state changes.
2026-05-15T20:22:50.7531996Z 
2026-05-15T20:22:50.7532764Z Calling setState synchronously within an effect body causes cascading renders that can hurt performance, and is not recommended. (https://react.dev/learn/you-might-not-need-an-effect).
2026-05-15T20:22:50.7533422Z 
2026-05-15T20:22:50.7533772Z /home/runner/work/prismTask/prismTask/web/src/features/today/PlanForTodaySheet.tsx:73:7
2026-05-15T20:22:50.7534207Z   71 |   useEffect(() => {
2026-05-15T20:22:50.7534433Z   72 |     if (isOpen) {
2026-05-15T20:22:50.7534656Z > 73 |       setSearch('');
2026-05-15T20:22:50.7534972Z      |       ^^^^^^^^^ Avoid calling setState() directly within an effect
2026-05-15T20:22:50.7535324Z   74 |       setSelectedIds(new Set());
2026-05-15T20:22:50.7535595Z   75 |       setMultiSelect(false);
2026-05-15T20:22:50.7535885Z   76 |     }  react-hooks/set-state-in-effect
2026-05-15T20:22:50.7536067Z 
2026-05-15T20:22:50.7536453Z ✖ 5 problems (5 errors, 0 warnings)
2026-05-15T20:22:50.7536623Z 
2026-05-15T20:22:50.9551121Z ##[error]Process completed with exit code 1.
2026-05-15T20:22:50.9623234Z Post job cleanup.
2026-05-15T20:22:50.9706100Z Post job cleanup.
2026-05-15T20:22:51.0541807Z [command]/usr/bin/git version
2026-05-15T20:22:51.0611775Z git version 2.54.0
2026-05-15T20:22:51.0654023Z Temporarily overriding HOME='/home/runner/work/_temp/0327f730-fb91-41b7-8424-532da7cd5ae7' before making global git config changes
2026-05-15T20:22:51.0655837Z Adding repository directory to the temporary git global config as a safe directory
2026-05-15T20:22:51.0660666Z [command]/usr/bin/git config --global --add safe.directory /home/runner/work/prismTask/prismTask
2026-05-15T20:22:51.0691732Z Removing SSH command configuration
2026-05-15T20:22:51.0699573Z [command]/usr/bin/git config --local --name-only --get-regexp core\.sshCommand
2026-05-15T20:22:51.0733013Z [command]/usr/bin/git submodule foreach --recursive sh -c "git config --local --name-only --get-regexp 'core\.sshCommand' && git config --local --unset-all 'core.sshCommand' || :"
2026-05-15T20:22:51.0956499Z Removing HTTP extra header
2026-05-15T20:22:51.0962036Z [command]/usr/bin/git config --local --name-only --get-regexp http\.https\:\/\/github\.com\/\.extraheader
2026-05-15T20:22:51.0995786Z [command]/usr/bin/git submodule foreach --recursive sh -c "git config --local --name-only --get-regexp 'http\.https\:\/\/github\.com\/\.extraheader' && git config --local --unset-all 'http.https://github.com/.extraheader' || :"
2026-05-15T20:22:51.1211065Z Removing includeIf entries pointing to credentials config files
2026-05-15T20:22:51.1217444Z [command]/usr/bin/git config --local --name-only --get-regexp ^includeIf\.gitdir:
2026-05-15T20:22:51.1248564Z includeif.gitdir:/home/runner/work/prismTask/prismTask/.git.path
2026-05-15T20:22:51.1249357Z includeif.gitdir:/home/runner/work/prismTask/prismTask/.git/worktrees/*.path
2026-05-15T20:22:51.1249881Z includeif.gitdir:/github/workspace/.git.path
2026-05-15T20:22:51.1250323Z includeif.gitdir:/github/workspace/.git/worktrees/*.path
2026-05-15T20:22:51.1259517Z [command]/usr/bin/git config --local --get-all includeif.gitdir:/home/runner/work/prismTask/prismTask/.git.path
2026-05-15T20:22:51.1281202Z /home/runner/work/_temp/git-credentials-58590877-4261-4743-a1fc-a065a41b5f51.config
2026-05-15T20:22:51.1292632Z [command]/usr/bin/git config --local --unset includeif.gitdir:/home/runner/work/prismTask/prismTask/.git.path /home/runner/work/_temp/git-credentials-58590877-4261-4743-a1fc-a065a41b5f51.config
2026-05-15T20:22:51.1325863Z [command]/usr/bin/git config --local --get-all includeif.gitdir:/home/runner/work/prismTask/prismTask/.git/worktrees/*.path
2026-05-15T20:22:51.1347640Z /home/runner/work/_temp/git-credentials-58590877-4261-4743-a1fc-a065a41b5f51.config
2026-05-15T20:22:51.1356627Z [command]/usr/bin/git config --local --unset includeif.gitdir:/home/runner/work/prismTask/prismTask/.git/worktrees/*.path /home/runner/work/_temp/git-credentials-58590877-4261-4743-a1fc-a065a41b5f51.config
2026-05-15T20:22:51.1388869Z [command]/usr/bin/git config --local --get-all includeif.gitdir:/github/workspace/.git.path
2026-05-15T20:22:51.1410350Z /github/runner_temp/git-credentials-58590877-4261-4743-a1fc-a065a41b5f51.config
2026-05-15T20:22:51.1419342Z [command]/usr/bin/git config --local --unset includeif.gitdir:/github/workspace/.git.path /github/runner_temp/git-credentials-58590877-4261-4743-a1fc-a065a41b5f51.config
2026-05-15T20:22:51.1450274Z [command]/usr/bin/git config --local --get-all includeif.gitdir:/github/workspace/.git/worktrees/*.path
2026-05-15T20:22:51.1470690Z /github/runner_temp/git-credentials-58590877-4261-4743-a1fc-a065a41b5f51.config
2026-05-15T20:22:51.1481572Z [command]/usr/bin/git config --local --unset includeif.gitdir:/github/workspace/.git/worktrees/*.path /github/runner_temp/git-credentials-58590877-4261-4743-a1fc-a065a41b5f51.config
2026-05-15T20:22:51.1513406Z [command]/usr/bin/git submodule foreach --recursive git config --local --show-origin --name-only --get-regexp remote.origin.url
2026-05-15T20:22:51.1754210Z Removing credentials config '/home/runner/work/_temp/git-credentials-58590877-4261-4743-a1fc-a065a41b5f51.config'
2026-05-15T20:22:51.1910817Z Cleaning up orphan processes
2026-05-15T20:22:51.2205024Z ##[warning]Node.js 20 actions are deprecated. The following actions are running on Node.js 20 and may not work as expected: actions/setup-node@v4. Actions will be forced to run with Node.js 24 by default starting June 2nd, 2026. Node.js 20 will be removed from the runner on September 16th, 2026. Please check if updated versions of these actions are available that support Node.js 24. To opt into Node.js 24 now, set the FORCE_JAVASCRIPT_ACTIONS_TO_NODE24=true environment variable on the runner or in your workflow file. Once Node.js 24 becomes the default, you can temporarily opt out by setting ACTIONS_ALLOW_USE_UNSECURE_NODE_VERSION=true. For more information see: https://github.blog/changelog/2025-09-19-deprecation-of-node-20-on-github-actions-runners/


--- Job: web-lint-and-test (id 76253467145) ---
2026-05-15T20:22:57.8374150Z Current runner version: '2.334.0'
2026-05-15T20:22:57.8401040Z ##[group]Runner Image Provisioner
2026-05-15T20:22:57.8402011Z Hosted Compute Agent
2026-05-15T20:22:57.8402558Z Version: 20260213.493
2026-05-15T20:22:57.8403171Z Commit: 5c115507f6dd24b8de37d8bbe0bb4509d0cc0fa3
2026-05-15T20:22:57.8403897Z Build Date: 2026-02-13T00:28:41Z
2026-05-15T20:22:57.8404682Z Worker ID: {228a5894-b3ba-41e8-a798-da5a336eddcc}
2026-05-15T20:22:57.8405352Z Azure Region: westcentralus
2026-05-15T20:22:57.8406179Z ##[endgroup]
2026-05-15T20:22:57.8407630Z ##[group]Operating System
2026-05-15T20:22:57.8408268Z Ubuntu
2026-05-15T20:22:57.8408853Z 24.04.4
2026-05-15T20:22:57.8409331Z LTS
2026-05-15T20:22:57.8409845Z ##[endgroup]
2026-05-15T20:22:57.8410298Z ##[group]Runner Image
2026-05-15T20:22:57.8410981Z Image: ubuntu-24.04
2026-05-15T20:22:57.8411467Z Version: 20260513.135.3
2026-05-15T20:22:57.8412853Z Included Software: https://github.com/actions/runner-images/blob/ubuntu24/20260513.135/images/ubuntu/Ubuntu2404-Readme.md
2026-05-15T20:22:57.8414364Z Image Release: https://github.com/actions/runner-images/releases/tag/ubuntu24%2F20260513.135
2026-05-15T20:22:57.8415336Z ##[endgroup]
2026-05-15T20:22:57.8416662Z ##[group]GITHUB_TOKEN Permissions
2026-05-15T20:22:57.8418654Z Actions: read
2026-05-15T20:22:57.8419344Z Checks: read
2026-05-15T20:22:57.8419825Z Contents: write
2026-05-15T20:22:57.8420359Z Metadata: read
2026-05-15T20:22:57.8420987Z ##[endgroup]
2026-05-15T20:22:57.8423182Z Secret source: Actions
2026-05-15T20:22:57.8423917Z Prepare workflow directory
2026-05-15T20:22:57.8788724Z Prepare all required actions
2026-05-15T20:22:57.8884940Z Complete job name: web-lint-and-test
2026-05-15T20:22:57.9692693Z ##[group]Run if [ 'failure' != 'success' ]; then
2026-05-15T20:22:57.9693545Z [36;1mif [ 'failure' != 'success' ]; then[0m
2026-05-15T20:22:57.9694441Z [36;1m  echo "web-lint finished with failure" >&2[0m
2026-05-15T20:22:57.9695373Z [36;1m  exit 1[0m
2026-05-15T20:22:57.9695820Z [36;1mfi[0m
2026-05-15T20:22:57.9696947Z [36;1mif [ 'success' != 'success' ]; then[0m
2026-05-15T20:22:57.9697657Z [36;1m  echo "web-unit-tests finished with success" >&2[0m
2026-05-15T20:22:57.9698415Z [36;1m  exit 1[0m
2026-05-15T20:22:57.9698887Z [36;1mfi[0m
2026-05-15T20:22:57.9699448Z [36;1mif [ 'success' != 'success' ]; then[0m
2026-05-15T20:22:57.9700199Z [36;1m  echo "web-build finished with success" >&2[0m
2026-05-15T20:22:57.9700831Z [36;1m  exit 1[0m
2026-05-15T20:22:57.9701317Z [36;1mfi[0m
2026-05-15T20:22:57.9701903Z [36;1mecho "✓ Split web lint, unit-test shards, and build passed."[0m
2026-05-15T20:22:58.0216460Z shell: /usr/bin/bash -e {0}
2026-05-15T20:22:58.0218421Z ##[endgroup]
2026-05-15T20:22:58.0656347Z web-lint finished with failure
2026-05-15T20:22:58.0782222Z ##[error]Process completed with exit code 1.
2026-05-15T20:22:58.0973250Z Cleaning up orphan processes
