=== CI FAILURE ===
Workflow:      Web CI
Workflow file: averycorp/prismTask/.github/workflows/web-ci.yml@refs/pull/1502/merge
Job(s):        web-lint, web-lint-and-test
Run ID:        25941795051
Run attempt:   1
Run URL:       https://github.com/averycorp/prismTask/actions/runs/25941795051
Commit:        9db750fa9d769cc14e05a04f67df73410bfcca83
Branch:        1502/merge
Event:         pull_request
Actor:         akarlin3
Runner OS:     Linux
Timestamp:     2026-05-15T21:17:32.692Z

Failed steps:
  - web-lint: #5 Run ESLint
  - web-lint-and-test: #2 Verify split web checks

=== FAILED JOB LOG ===

--- Job: web-lint (id 76260951073) ---
2026-05-15T21:16:36.1062724Z Current runner version: '2.334.0'
2026-05-15T21:16:36.1086781Z ##[group]Runner Image Provisioner
2026-05-15T21:16:36.1087641Z Hosted Compute Agent
2026-05-15T21:16:36.1088365Z Version: 20260213.493
2026-05-15T21:16:36.1089222Z Commit: 5c115507f6dd24b8de37d8bbe0bb4509d0cc0fa3
2026-05-15T21:16:36.1089983Z Build Date: 2026-02-13T00:28:41Z
2026-05-15T21:16:36.1090751Z Worker ID: {cc608be8-9caa-45a6-a01a-b510f280cbc0}
2026-05-15T21:16:36.1091499Z Azure Region: centralus
2026-05-15T21:16:36.1092068Z ##[endgroup]
2026-05-15T21:16:36.1093973Z ##[group]Operating System
2026-05-15T21:16:36.1094649Z Ubuntu
2026-05-15T21:16:36.1095142Z 24.04.4
2026-05-15T21:16:36.1095732Z LTS
2026-05-15T21:16:36.1096221Z ##[endgroup]
2026-05-15T21:16:36.1096781Z ##[group]Runner Image
2026-05-15T21:16:36.1097392Z Image: ubuntu-24.04
2026-05-15T21:16:36.1098006Z Version: 20260513.135.3
2026-05-15T21:16:36.1099718Z Included Software: https://github.com/actions/runner-images/blob/ubuntu24/20260513.135/images/ubuntu/Ubuntu2404-Readme.md
2026-05-15T21:16:36.1101415Z Image Release: https://github.com/actions/runner-images/releases/tag/ubuntu24%2F20260513.135
2026-05-15T21:16:36.1102398Z ##[endgroup]
2026-05-15T21:16:36.1103749Z ##[group]GITHUB_TOKEN Permissions
2026-05-15T21:16:36.1105926Z Actions: read
2026-05-15T21:16:36.1106613Z Checks: read
2026-05-15T21:16:36.1107178Z Contents: write
2026-05-15T21:16:36.1107748Z Metadata: read
2026-05-15T21:16:36.1109262Z ##[endgroup]
2026-05-15T21:16:36.1112445Z Secret source: Actions
2026-05-15T21:16:36.1113593Z Prepare workflow directory
2026-05-15T21:16:36.1560947Z Prepare all required actions
2026-05-15T21:16:36.1607494Z Getting action download info
2026-05-15T21:16:36.4763758Z Download action repository 'actions/checkout@v6' (SHA:de0fac2e4500dabe0009e67214ff5f5447ce83dd)
2026-05-15T21:16:36.7014408Z Complete job name: web-lint
2026-05-15T21:16:36.7737832Z ##[group]Run actions/checkout@v6
2026-05-15T21:16:36.7738954Z with:
2026-05-15T21:16:36.7739379Z   repository: averycorp/prismTask
2026-05-15T21:16:36.7740138Z   token: ***
2026-05-15T21:16:36.7740523Z   ssh-strict: true
2026-05-15T21:16:36.7740902Z   ssh-user: git
2026-05-15T21:16:36.7741305Z   persist-credentials: true
2026-05-15T21:16:36.7741745Z   clean: true
2026-05-15T21:16:36.7742140Z   sparse-checkout-cone-mode: true
2026-05-15T21:16:36.7742622Z   fetch-depth: 1
2026-05-15T21:16:36.7742998Z   fetch-tags: false
2026-05-15T21:16:36.7743388Z   show-progress: true
2026-05-15T21:16:36.7743782Z   lfs: false
2026-05-15T21:16:36.7744145Z   submodules: false
2026-05-15T21:16:36.7744539Z   set-safe-directory: true
2026-05-15T21:16:36.7745250Z ##[endgroup]
2026-05-15T21:16:36.8729717Z Syncing repository: averycorp/prismTask
2026-05-15T21:16:36.8731484Z ##[group]Getting Git version info
2026-05-15T21:16:36.8732190Z Working directory is '/home/runner/work/prismTask/prismTask'
2026-05-15T21:16:36.8733190Z [command]/usr/bin/git version
2026-05-15T21:16:36.8817588Z git version 2.54.0
2026-05-15T21:16:36.8841351Z ##[endgroup]
2026-05-15T21:16:36.8855433Z Temporarily overriding HOME='/home/runner/work/_temp/877f5bd4-035f-4a78-aaea-d56c35ecbbd3' before making global git config changes
2026-05-15T21:16:36.8857689Z Adding repository directory to the temporary git global config as a safe directory
2026-05-15T21:16:36.8861453Z [command]/usr/bin/git config --global --add safe.directory /home/runner/work/prismTask/prismTask
2026-05-15T21:16:36.8913657Z Deleting the contents of '/home/runner/work/prismTask/prismTask'
2026-05-15T21:16:36.8918476Z ##[group]Initializing the repository
2026-05-15T21:16:36.8923633Z [command]/usr/bin/git init /home/runner/work/prismTask/prismTask
2026-05-15T21:16:36.9042836Z hint: Using 'master' as the name for the initial branch. This default branch name
2026-05-15T21:16:36.9044275Z hint: will change to "main" in Git 3.0. To configure the initial branch name
2026-05-15T21:16:36.9045204Z hint: to use in all of your new repositories, which will suppress this warning,
2026-05-15T21:16:36.9046111Z hint: call:
2026-05-15T21:16:36.9046824Z hint:
2026-05-15T21:16:36.9048037Z hint: 	git config --global init.defaultBranch <name>
2026-05-15T21:16:36.9049244Z hint:
2026-05-15T21:16:36.9050130Z hint: Names commonly chosen instead of 'master' are 'main', 'trunk' and
2026-05-15T21:16:36.9051580Z hint: 'development'. The just-created branch can be renamed via this command:
2026-05-15T21:16:36.9052635Z hint:
2026-05-15T21:16:36.9053205Z hint: 	git branch -m <name>
2026-05-15T21:16:36.9053647Z hint:
2026-05-15T21:16:36.9054228Z hint: Disable this message with "git config set advice.defaultBranchName false"
2026-05-15T21:16:36.9055227Z Initialized empty Git repository in /home/runner/work/prismTask/prismTask/.git/
2026-05-15T21:16:36.9062673Z [command]/usr/bin/git remote add origin https://github.com/averycorp/prismTask
2026-05-15T21:16:36.9108505Z ##[endgroup]
2026-05-15T21:16:36.9109537Z ##[group]Disabling automatic garbage collection
2026-05-15T21:16:36.9112510Z [command]/usr/bin/git config --local gc.auto 0
2026-05-15T21:16:36.9142539Z ##[endgroup]
2026-05-15T21:16:36.9143662Z ##[group]Setting up auth
2026-05-15T21:16:36.9144418Z Removing SSH command configuration
2026-05-15T21:16:36.9149546Z [command]/usr/bin/git config --local --name-only --get-regexp core\.sshCommand
2026-05-15T21:16:36.9209291Z [command]/usr/bin/git submodule foreach --recursive sh -c "git config --local --name-only --get-regexp 'core\.sshCommand' && git config --local --unset-all 'core.sshCommand' || :"
2026-05-15T21:16:36.9574306Z Removing HTTP extra header
2026-05-15T21:16:36.9580207Z [command]/usr/bin/git config --local --name-only --get-regexp http\.https\:\/\/github\.com\/\.extraheader
2026-05-15T21:16:36.9612490Z [command]/usr/bin/git submodule foreach --recursive sh -c "git config --local --name-only --get-regexp 'http\.https\:\/\/github\.com\/\.extraheader' && git config --local --unset-all 'http.https://github.com/.extraheader' || :"
2026-05-15T21:16:36.9822079Z Removing includeIf entries pointing to credentials config files
2026-05-15T21:16:36.9828304Z [command]/usr/bin/git config --local --name-only --get-regexp ^includeIf\.gitdir:
2026-05-15T21:16:36.9859556Z [command]/usr/bin/git submodule foreach --recursive git config --local --show-origin --name-only --get-regexp remote.origin.url
2026-05-15T21:16:37.0077463Z [command]/usr/bin/git config --file /home/runner/work/_temp/git-credentials-e0fe87d2-03a0-49fd-bce1-3804e0df98c6.config http.https://github.com/.extraheader AUTHORIZATION: basic ***
2026-05-15T21:16:37.0113662Z [command]/usr/bin/git config --local includeIf.gitdir:/home/runner/work/prismTask/prismTask/.git.path /home/runner/work/_temp/git-credentials-e0fe87d2-03a0-49fd-bce1-3804e0df98c6.config
2026-05-15T21:16:37.0144049Z [command]/usr/bin/git config --local includeIf.gitdir:/home/runner/work/prismTask/prismTask/.git/worktrees/*.path /home/runner/work/_temp/git-credentials-e0fe87d2-03a0-49fd-bce1-3804e0df98c6.config
2026-05-15T21:16:37.0177107Z [command]/usr/bin/git config --local includeIf.gitdir:/github/workspace/.git.path /github/runner_temp/git-credentials-e0fe87d2-03a0-49fd-bce1-3804e0df98c6.config
2026-05-15T21:16:37.0209340Z [command]/usr/bin/git config --local includeIf.gitdir:/github/workspace/.git/worktrees/*.path /github/runner_temp/git-credentials-e0fe87d2-03a0-49fd-bce1-3804e0df98c6.config
2026-05-15T21:16:37.0234662Z ##[endgroup]
2026-05-15T21:16:37.0235811Z ##[group]Fetching the repository
2026-05-15T21:16:37.0244270Z [command]/usr/bin/git -c protocol.version=2 fetch --no-tags --prune --no-recurse-submodules --depth=1 origin +9db750fa9d769cc14e05a04f67df73410bfcca83:refs/remotes/pull/1502/merge
2026-05-15T21:16:39.0295438Z From https://github.com/averycorp/prismTask
2026-05-15T21:16:39.0297326Z  * [new ref]         9db750fa9d769cc14e05a04f67df73410bfcca83 -> pull/1502/merge
2026-05-15T21:16:39.0340036Z ##[endgroup]
2026-05-15T21:16:39.0341709Z ##[group]Determining the checkout info
2026-05-15T21:16:39.0343508Z ##[endgroup]
2026-05-15T21:16:39.0349396Z [command]/usr/bin/git sparse-checkout disable
2026-05-15T21:16:39.0397588Z [command]/usr/bin/git config --local --unset-all extensions.worktreeConfig
2026-05-15T21:16:39.0429659Z ##[group]Checking out the ref
2026-05-15T21:16:39.0433621Z [command]/usr/bin/git checkout --progress --force refs/remotes/pull/1502/merge
2026-05-15T21:16:39.3465640Z Note: switching to 'refs/remotes/pull/1502/merge'.
2026-05-15T21:16:39.3466324Z 
2026-05-15T21:16:39.3466779Z You are in 'detached HEAD' state. You can look around, make experimental
2026-05-15T21:16:39.3467723Z changes and commit them, and you can discard any commits you make in this
2026-05-15T21:16:39.3469106Z state without impacting any branches by switching back to a branch.
2026-05-15T21:16:39.3470667Z 
2026-05-15T21:16:39.3471143Z If you want to create a new branch to retain commits you create, you may
2026-05-15T21:16:39.3472088Z do so (now or later) by using -c with the switch command. Example:
2026-05-15T21:16:39.3472645Z 
2026-05-15T21:16:39.3472876Z   git switch -c <new-branch-name>
2026-05-15T21:16:39.3473236Z 
2026-05-15T21:16:39.3473447Z Or undo this operation with:
2026-05-15T21:16:39.3473787Z 
2026-05-15T21:16:39.3473972Z   git switch -
2026-05-15T21:16:39.3474234Z 
2026-05-15T21:16:39.3474663Z Turn off this advice by setting config variable advice.detachedHead to false
2026-05-15T21:16:39.3475298Z 
2026-05-15T21:16:39.3475997Z HEAD is now at 9db750f Merge d42224bae8d41a83143ee20973da7973826ea4de into b444a28ec4fab9d2d5e80ba6ae21fe021b30ccc2
2026-05-15T21:16:39.3493854Z ##[endgroup]
2026-05-15T21:16:39.3542908Z [command]/usr/bin/git log -1 --format=%H
2026-05-15T21:16:39.3567651Z 9db750fa9d769cc14e05a04f67df73410bfcca83
2026-05-15T21:16:39.3849393Z Prepare all required actions
2026-05-15T21:16:39.3849933Z Getting action download info
2026-05-15T21:16:39.5185109Z Download action repository 'actions/setup-node@v4' (SHA:49933ea5288caeca8642d1e84afbd3f7d6820020)
2026-05-15T21:16:39.6198197Z ##[group]Run ./.github/actions/setup-node-web
2026-05-15T21:16:39.6198776Z ##[endgroup]
2026-05-15T21:16:39.6336430Z ##[group]Run actions/setup-node@v4
2026-05-15T21:16:39.6336759Z with:
2026-05-15T21:16:39.6337025Z   node-version: 22
2026-05-15T21:16:39.6337249Z   cache: npm
2026-05-15T21:16:39.6337500Z   cache-dependency-path: web/package-lock.json
2026-05-15T21:16:39.6337812Z   always-auth: false
2026-05-15T21:16:39.6338034Z   check-latest: false
2026-05-15T21:16:39.6338430Z   token: ***
2026-05-15T21:16:39.6338854Z ##[endgroup]
2026-05-15T21:16:39.8260939Z Found in cache @ /opt/hostedtoolcache/node/22.22.2/x64
2026-05-15T21:16:39.8266083Z ##[group]Environment details
2026-05-15T21:16:40.2574334Z node: v22.22.2
2026-05-15T21:16:40.2574961Z npm: 10.9.7
2026-05-15T21:16:40.2575272Z yarn: 1.22.22
2026-05-15T21:16:40.2576194Z ##[endgroup]
2026-05-15T21:16:40.2601215Z [command]/opt/hostedtoolcache/node/22.22.2/x64/bin/npm config get cache
2026-05-15T21:16:40.3746180Z /home/runner/.npm
2026-05-15T21:16:40.5246663Z npm cache is not found
2026-05-15T21:16:40.5399185Z ##[group]Run npm ci
2026-05-15T21:16:40.5399474Z [36;1mnpm ci[0m
2026-05-15T21:16:40.5448983Z shell: /usr/bin/bash --noprofile --norc -e -o pipefail {0}
2026-05-15T21:16:40.5449373Z ##[endgroup]
2026-05-15T21:16:52.6326264Z 
2026-05-15T21:16:52.6335668Z added 435 packages, and audited 436 packages in 12s
2026-05-15T21:16:52.6336273Z 
2026-05-15T21:16:52.6336608Z 94 packages are looking for funding
2026-05-15T21:16:52.6401593Z   run `npm fund` for details
2026-05-15T21:16:52.6401917Z 
2026-05-15T21:16:52.6402689Z 3 vulnerabilities (2 moderate, 1 critical)
2026-05-15T21:16:52.6403459Z 
2026-05-15T21:16:52.6404008Z To address all issues, run:
2026-05-15T21:16:52.6404608Z   npm audit fix
2026-05-15T21:16:52.6404859Z 
2026-05-15T21:16:52.6405052Z Run `npm audit` for details.
2026-05-15T21:16:52.7047628Z ##[group]Run npm run lint
2026-05-15T21:16:52.7047904Z [36;1mnpm run lint[0m
2026-05-15T21:16:52.7082631Z shell: /usr/bin/bash -e {0}
2026-05-15T21:16:52.7082866Z ##[endgroup]
2026-05-15T21:16:52.8101404Z 
2026-05-15T21:16:52.8102145Z > web@1.6.0 lint
2026-05-15T21:16:52.8102629Z > eslint .
2026-05-15T21:16:52.8102853Z 
2026-05-15T21:17:11.8928480Z 
2026-05-15T21:17:11.8929886Z /home/runner/work/prismTask/prismTask/web/src/features/medication/MedicationEditorDialog.tsx
2026-05-15T21:17:11.8931452Z   190:7  error  Error: Calling setState synchronously within an effect can trigger cascading renders
2026-05-15T21:17:11.8932105Z 
2026-05-15T21:17:11.8933912Z Effects are intended to synchronize state between React and external systems such as manually updating the DOM, state management libraries, or other platform APIs. In general, the body of an effect should do one or both of the following:
2026-05-15T21:17:11.8935866Z * Update external systems with the latest state from React.
2026-05-15T21:17:11.8937238Z * Subscribe for updates from some external system, calling setState in a callback function when external state changes.
2026-05-15T21:17:11.8938054Z 
2026-05-15T21:17:11.8939774Z Calling setState synchronously within an effect body causes cascading renders that can hurt performance, and is not recommended. (https://react.dev/learn/you-might-not-need-an-effect).
2026-05-15T21:17:11.8941062Z 
2026-05-15T21:17:11.8941865Z /home/runner/work/prismTask/prismTask/web/src/features/medication/MedicationEditorDialog.tsx:190:7
2026-05-15T21:17:11.8942753Z   188 |   useEffect(() => {
2026-05-15T21:17:11.8943122Z   189 |     if (isOpen) {
2026-05-15T21:17:11.8943625Z > 190 |       setForm(initialState(initial));
2026-05-15T21:17:11.8944274Z       |       ^^^^^^^ Avoid calling setState() directly within an effect
2026-05-15T21:17:11.8944871Z   191 |       setErrors({});
2026-05-15T21:17:11.8945231Z   192 |     }
2026-05-15T21:17:11.8945725Z   193 |   }, [isOpen, initial]);  react-hooks/set-state-in-effect
2026-05-15T21:17:11.8946150Z 
2026-05-15T21:17:11.8946853Z /home/runner/work/prismTask/prismTask/web/src/features/medication/MedicationRefillScreen.tsx
2026-05-15T21:17:11.8948009Z    88:17  error  Error: Cannot call impure function during render
2026-05-15T21:17:11.8948438Z 
2026-05-15T21:17:11.8951293Z `Date.now` is an impure function. Calling an impure function can produce unstable results that update unpredictably when the component happens to re-render. (https://react.dev/reference/rules/components-and-hooks-must-be-pure#components-and-hooks-must-be-idempotent).
2026-05-15T21:17:11.8953120Z 
2026-05-15T21:17:11.8953892Z /home/runner/work/prismTask/prismTask/web/src/features/medication/MedicationRefillScreen.tsx:88:17
2026-05-15T21:17:11.8954733Z   86 |
2026-05-15T21:17:11.8955089Z   87 |   const forecasts = useMemo(() => {
2026-05-15T21:17:11.8955610Z > 88 |     const now = Date.now();
2026-05-15T21:17:11.8956129Z      |                 ^^^^^^^^^^ Cannot call impure function
2026-05-15T21:17:11.8956780Z   89 |     const map = new Map<string, RefillForecast>();
2026-05-15T21:17:11.8957367Z   90 |     for (const refill of refills) {
2026-05-15T21:17:11.8959431Z   91 |       map.set(refill.id, forecastRefill(refill, now));                                                                                                                                                                                                                                                                                                                               react-hooks/purity
2026-05-15T21:17:11.8961559Z   382:7   error  Error: Calling setState synchronously within an effect can trigger cascading renders
2026-05-15T21:17:11.8962233Z 
2026-05-15T21:17:11.8964068Z Effects are intended to synchronize state between React and external systems such as manually updating the DOM, state management libraries, or other platform APIs. In general, the body of an effect should do one or both of the following:
2026-05-15T21:17:11.8966388Z * Update external systems with the latest state from React.
2026-05-15T21:17:11.8967716Z * Subscribe for updates from some external system, calling setState in a callback function when external state changes.
2026-05-15T21:17:11.8968522Z 
2026-05-15T21:17:11.8970273Z Calling setState synchronously within an effect body causes cascading renders that can hurt performance, and is not recommended. (https://react.dev/learn/you-might-not-need-an-effect).
2026-05-15T21:17:11.8971816Z 
2026-05-15T21:17:11.8972614Z /home/runner/work/prismTask/prismTask/web/src/features/medication/MedicationRefillScreen.tsx:382:7
2026-05-15T21:17:11.8973501Z   380 |   useEffect(() => {
2026-05-15T21:17:11.8973881Z   381 |     if (isOpen) {
2026-05-15T21:17:11.8974407Z > 382 |       setForm(initialEditorState(initial));
2026-05-15T21:17:11.8975086Z       |       ^^^^^^^ Avoid calling setState() directly within an effect
2026-05-15T21:17:11.8975633Z   383 |       setErrors({});
2026-05-15T21:17:11.8975998Z   384 |     }
2026-05-15T21:17:11.8976507Z   385 |   }, [isOpen, initial]);  react-hooks/set-state-in-effect
2026-05-15T21:17:11.8976922Z 
2026-05-15T21:17:11.8977524Z /home/runner/work/prismTask/prismTask/web/src/features/selfcare/SelfCareScreen.tsx
2026-05-15T21:17:11.8989119Z   35:31  error  Error: Cannot call impure function during render
2026-05-15T21:17:11.8989652Z 
2026-05-15T21:17:11.8991991Z `Date.now` is an impure function. Calling an impure function can produce unstable results that update unpredictably when the component happens to re-render. (https://react.dev/reference/rules/components-and-hooks-must-be-pure#components-and-hooks-must-be-idempotent).
2026-05-15T21:17:11.8993903Z 
2026-05-15T21:17:11.8994617Z /home/runner/work/prismTask/prismTask/web/src/features/selfcare/SelfCareScreen.tsx:35:31
2026-05-15T21:17:11.8995402Z   33 |
2026-05-15T21:17:11.8995758Z   34 |   const todayMs = useMemo(
2026-05-15T21:17:11.8996442Z > 35 |     () => startOfLogicalDayMs(Date.now(), startOfDayHour),
2026-05-15T21:17:11.8997160Z      |                               ^^^^^^^^^^ Cannot call impure function
2026-05-15T21:17:11.8997689Z   36 |     [startOfDayHour],
2026-05-15T21:17:11.8998044Z   37 |   );
2026-05-15T21:17:11.8998348Z   38 |  react-hooks/purity
2026-05-15T21:17:11.8998804Z 
2026-05-15T21:17:11.8999422Z /home/runner/work/prismTask/prismTask/web/src/features/today/PlanForTodaySheet.tsx
2026-05-15T21:17:11.9000836Z   73:7  error  Error: Calling setState synchronously within an effect can trigger cascading renders
2026-05-15T21:17:11.9001517Z 
2026-05-15T21:17:11.9003370Z Effects are intended to synchronize state between React and external systems such as manually updating the DOM, state management libraries, or other platform APIs. In general, the body of an effect should do one or both of the following:
2026-05-15T21:17:11.9005303Z * Update external systems with the latest state from React.
2026-05-15T21:17:11.9006614Z * Subscribe for updates from some external system, calling setState in a callback function when external state changes.
2026-05-15T21:17:11.9007422Z 
2026-05-15T21:17:11.9009133Z Calling setState synchronously within an effect body causes cascading renders that can hurt performance, and is not recommended. (https://react.dev/learn/you-might-not-need-an-effect).
2026-05-15T21:17:11.9010377Z 
2026-05-15T21:17:11.9011093Z /home/runner/work/prismTask/prismTask/web/src/features/today/PlanForTodaySheet.tsx:73:7
2026-05-15T21:17:11.9011944Z   71 |   useEffect(() => {
2026-05-15T21:17:11.9012335Z   72 |     if (isOpen) {
2026-05-15T21:17:11.9012733Z > 73 |       setSearch('');
2026-05-15T21:17:11.9013311Z      |       ^^^^^^^^^ Avoid calling setState() directly within an effect
2026-05-15T21:17:11.9013941Z   74 |       setSelectedIds(new Set());
2026-05-15T21:17:11.9014442Z   75 |       setMultiSelect(false);
2026-05-15T21:17:11.9014949Z   76 |     }  react-hooks/set-state-in-effect
2026-05-15T21:17:11.9015301Z 
2026-05-15T21:17:11.9015817Z ✖ 5 problems (5 errors, 0 warnings)
2026-05-15T21:17:11.9016119Z 
2026-05-15T21:17:12.0871236Z ##[error]Process completed with exit code 1.
2026-05-15T21:17:12.0942146Z Post job cleanup.
2026-05-15T21:17:12.1024120Z Post job cleanup.
2026-05-15T21:17:12.1847991Z [command]/usr/bin/git version
2026-05-15T21:17:12.1884077Z git version 2.54.0
2026-05-15T21:17:12.1956664Z Temporarily overriding HOME='/home/runner/work/_temp/0cb7de92-e5ed-48f3-a3b7-d1063a886236' before making global git config changes
2026-05-15T21:17:12.1958374Z Adding repository directory to the temporary git global config as a safe directory
2026-05-15T21:17:12.1962073Z [command]/usr/bin/git config --global --add safe.directory /home/runner/work/prismTask/prismTask
2026-05-15T21:17:12.1993181Z Removing SSH command configuration
2026-05-15T21:17:12.1999491Z [command]/usr/bin/git config --local --name-only --get-regexp core\.sshCommand
2026-05-15T21:17:12.2035078Z [command]/usr/bin/git submodule foreach --recursive sh -c "git config --local --name-only --get-regexp 'core\.sshCommand' && git config --local --unset-all 'core.sshCommand' || :"
2026-05-15T21:17:12.2256386Z Removing HTTP extra header
2026-05-15T21:17:12.2261826Z [command]/usr/bin/git config --local --name-only --get-regexp http\.https\:\/\/github\.com\/\.extraheader
2026-05-15T21:17:12.2294720Z [command]/usr/bin/git submodule foreach --recursive sh -c "git config --local --name-only --get-regexp 'http\.https\:\/\/github\.com\/\.extraheader' && git config --local --unset-all 'http.https://github.com/.extraheader' || :"
2026-05-15T21:17:12.2512119Z Removing includeIf entries pointing to credentials config files
2026-05-15T21:17:12.2519146Z [command]/usr/bin/git config --local --name-only --get-regexp ^includeIf\.gitdir:
2026-05-15T21:17:12.2544753Z includeif.gitdir:/home/runner/work/prismTask/prismTask/.git.path
2026-05-15T21:17:12.2545567Z includeif.gitdir:/home/runner/work/prismTask/prismTask/.git/worktrees/*.path
2026-05-15T21:17:12.2546059Z includeif.gitdir:/github/workspace/.git.path
2026-05-15T21:17:12.2546467Z includeif.gitdir:/github/workspace/.git/worktrees/*.path
2026-05-15T21:17:12.2554067Z [command]/usr/bin/git config --local --get-all includeif.gitdir:/home/runner/work/prismTask/prismTask/.git.path
2026-05-15T21:17:12.2574733Z /home/runner/work/_temp/git-credentials-e0fe87d2-03a0-49fd-bce1-3804e0df98c6.config
2026-05-15T21:17:12.2586616Z [command]/usr/bin/git config --local --unset includeif.gitdir:/home/runner/work/prismTask/prismTask/.git.path /home/runner/work/_temp/git-credentials-e0fe87d2-03a0-49fd-bce1-3804e0df98c6.config
2026-05-15T21:17:12.2619638Z [command]/usr/bin/git config --local --get-all includeif.gitdir:/home/runner/work/prismTask/prismTask/.git/worktrees/*.path
2026-05-15T21:17:12.2642090Z /home/runner/work/_temp/git-credentials-e0fe87d2-03a0-49fd-bce1-3804e0df98c6.config
2026-05-15T21:17:12.2651544Z [command]/usr/bin/git config --local --unset includeif.gitdir:/home/runner/work/prismTask/prismTask/.git/worktrees/*.path /home/runner/work/_temp/git-credentials-e0fe87d2-03a0-49fd-bce1-3804e0df98c6.config
2026-05-15T21:17:12.2681918Z [command]/usr/bin/git config --local --get-all includeif.gitdir:/github/workspace/.git.path
2026-05-15T21:17:12.2702116Z /github/runner_temp/git-credentials-e0fe87d2-03a0-49fd-bce1-3804e0df98c6.config
2026-05-15T21:17:12.2710216Z [command]/usr/bin/git config --local --unset includeif.gitdir:/github/workspace/.git.path /github/runner_temp/git-credentials-e0fe87d2-03a0-49fd-bce1-3804e0df98c6.config
2026-05-15T21:17:12.2739852Z [command]/usr/bin/git config --local --get-all includeif.gitdir:/github/workspace/.git/worktrees/*.path
2026-05-15T21:17:12.2759470Z /github/runner_temp/git-credentials-e0fe87d2-03a0-49fd-bce1-3804e0df98c6.config
2026-05-15T21:17:12.2768886Z [command]/usr/bin/git config --local --unset includeif.gitdir:/github/workspace/.git/worktrees/*.path /github/runner_temp/git-credentials-e0fe87d2-03a0-49fd-bce1-3804e0df98c6.config
2026-05-15T21:17:12.2800126Z [command]/usr/bin/git submodule foreach --recursive git config --local --show-origin --name-only --get-regexp remote.origin.url
2026-05-15T21:17:12.3027658Z Removing credentials config '/home/runner/work/_temp/git-credentials-e0fe87d2-03a0-49fd-bce1-3804e0df98c6.config'
2026-05-15T21:17:12.3184146Z Cleaning up orphan processes
2026-05-15T21:17:12.3473499Z ##[warning]Node.js 20 actions are deprecated. The following actions are running on Node.js 20 and may not work as expected: actions/setup-node@v4. Actions will be forced to run with Node.js 24 by default starting June 2nd, 2026. Node.js 20 will be removed from the runner on September 16th, 2026. Please check if updated versions of these actions are available that support Node.js 24. To opt into Node.js 24 now, set the FORCE_JAVASCRIPT_ACTIONS_TO_NODE24=true environment variable on the runner or in your workflow file. Once Node.js 24 becomes the default, you can temporarily opt out by setting ACTIONS_ALLOW_USE_UNSECURE_NODE_VERSION=true. For more information see: https://github.blog/changelog/2025-09-19-deprecation-of-node-20-on-github-actions-runners/


--- Job: web-lint-and-test (id 76261048136) ---
2026-05-15T21:17:21.5300455Z Current runner version: '2.334.0'
2026-05-15T21:17:21.5324070Z ##[group]Runner Image Provisioner
2026-05-15T21:17:21.5324795Z Hosted Compute Agent
2026-05-15T21:17:21.5325323Z Version: 20260213.493
2026-05-15T21:17:21.5325999Z Commit: 5c115507f6dd24b8de37d8bbe0bb4509d0cc0fa3
2026-05-15T21:17:21.5326642Z Build Date: 2026-02-13T00:28:41Z
2026-05-15T21:17:21.5327239Z Worker ID: {002067f5-b445-42e7-9934-3dd6c1984176}
2026-05-15T21:17:21.5327856Z Azure Region: westcentralus
2026-05-15T21:17:21.5328350Z ##[endgroup]
2026-05-15T21:17:21.5329710Z ##[group]Operating System
2026-05-15T21:17:21.5330216Z Ubuntu
2026-05-15T21:17:21.5330657Z 24.04.4
2026-05-15T21:17:21.5331059Z LTS
2026-05-15T21:17:21.5331475Z ##[endgroup]
2026-05-15T21:17:21.5331891Z ##[group]Runner Image
2026-05-15T21:17:21.5332396Z Image: ubuntu-24.04
2026-05-15T21:17:21.5332858Z Version: 20260513.135.3
2026-05-15T21:17:21.5333905Z Included Software: https://github.com/actions/runner-images/blob/ubuntu24/20260513.135/images/ubuntu/Ubuntu2404-Readme.md
2026-05-15T21:17:21.5335197Z Image Release: https://github.com/actions/runner-images/releases/tag/ubuntu24%2F20260513.135
2026-05-15T21:17:21.5336274Z ##[endgroup]
2026-05-15T21:17:21.5337318Z ##[group]GITHUB_TOKEN Permissions
2026-05-15T21:17:21.5339158Z Actions: read
2026-05-15T21:17:21.5339582Z Checks: read
2026-05-15T21:17:21.5340084Z Contents: write
2026-05-15T21:17:21.5340503Z Metadata: read
2026-05-15T21:17:21.5340939Z ##[endgroup]
2026-05-15T21:17:21.5343027Z Secret source: Actions
2026-05-15T21:17:21.5343697Z Prepare workflow directory
2026-05-15T21:17:21.5648331Z Prepare all required actions
2026-05-15T21:17:21.5741746Z Complete job name: web-lint-and-test
2026-05-15T21:17:21.6500560Z ##[group]Run if [ 'failure' != 'success' ]; then
2026-05-15T21:17:21.6501841Z [36;1mif [ 'failure' != 'success' ]; then[0m
2026-05-15T21:17:21.6502964Z [36;1m  echo "web-lint finished with failure" >&2[0m
2026-05-15T21:17:21.6504218Z [36;1m  exit 1[0m
2026-05-15T21:17:21.6504926Z [36;1mfi[0m
2026-05-15T21:17:21.6505858Z [36;1mif [ 'success' != 'success' ]; then[0m
2026-05-15T21:17:21.6507070Z [36;1m  echo "web-unit-tests finished with success" >&2[0m
2026-05-15T21:17:21.6508094Z [36;1m  exit 1[0m
2026-05-15T21:17:21.6508808Z [36;1mfi[0m
2026-05-15T21:17:21.6509619Z [36;1mif [ 'success' != 'success' ]; then[0m
2026-05-15T21:17:21.6510657Z [36;1m  echo "web-build finished with success" >&2[0m
2026-05-15T21:17:21.6511660Z [36;1m  exit 1[0m
2026-05-15T21:17:21.6512358Z [36;1mfi[0m
2026-05-15T21:17:21.6513292Z [36;1mecho "✓ Split web lint, unit-test shards, and build passed."[0m
2026-05-15T21:17:21.7295735Z shell: /usr/bin/bash -e {0}
2026-05-15T21:17:21.7297502Z ##[endgroup]
2026-05-15T21:17:21.7570755Z web-lint finished with failure
2026-05-15T21:17:21.7598565Z ##[error]Process completed with exit code 1.
2026-05-15T21:17:21.7770533Z Cleaning up orphan processes
