=== CI FAILURE ===
Workflow:      Web CI
Workflow file: averycorp/prismTask/.github/workflows/web-ci.yml@refs/pull/1649/merge
Job(s):        web-unit-tests (3, 3), web-lint-and-test
Run ID:        26048123305
Run attempt:   1
Run URL:       https://github.com/averycorp/prismTask/actions/runs/26048123305
Commit:        fa10e586226089fd5b5de6358f98d3dee86d1be4
Branch:        1649/merge
Event:         pull_request
Actor:         akarlin3
Runner OS:     Linux
Timestamp:     2026-05-18T17:03:53.686Z

Failed steps:
  - web-unit-tests (3, 3): #5 Run Vitest shard 3/3
  - web-lint-and-test: #2 Verify split web checks

=== FAILED JOB LOG ===

--- Job: web-unit-tests (3, 3) (id 76577572053) ---
2026-05-18T17:02:51.3089772Z Current runner version: '2.334.0'
2026-05-18T17:02:51.3116220Z ##[group]Runner Image Provisioner
2026-05-18T17:02:51.3117105Z Hosted Compute Agent
2026-05-18T17:02:51.3117730Z Version: 20260213.493
2026-05-18T17:02:51.3118378Z Commit: 5c115507f6dd24b8de37d8bbe0bb4509d0cc0fa3
2026-05-18T17:02:51.3119434Z Build Date: 2026-02-13T00:28:41Z
2026-05-18T17:02:51.3120167Z Worker ID: {9568a3b1-e6de-4577-aa29-fe510ae84ef2}
2026-05-18T17:02:51.3120855Z Azure Region: eastus
2026-05-18T17:02:51.3121437Z ##[endgroup]
2026-05-18T17:02:51.3123308Z ##[group]Operating System
2026-05-18T17:02:51.3123928Z Ubuntu
2026-05-18T17:02:51.3124472Z 24.04.4
2026-05-18T17:02:51.3124906Z LTS
2026-05-18T17:02:51.3125476Z ##[endgroup]
2026-05-18T17:02:51.3125966Z ##[group]Runner Image
2026-05-18T17:02:51.3126557Z Image: ubuntu-24.04
2026-05-18T17:02:51.3127119Z Version: 20260513.135.3
2026-05-18T17:02:51.3128474Z Included Software: https://github.com/actions/runner-images/blob/ubuntu24/20260513.135/images/ubuntu/Ubuntu2404-Readme.md
2026-05-18T17:02:51.3130948Z Image Release: https://github.com/actions/runner-images/releases/tag/ubuntu24%2F20260513.135
2026-05-18T17:02:51.3132376Z ##[endgroup]
2026-05-18T17:02:51.3133852Z ##[group]GITHUB_TOKEN Permissions
2026-05-18T17:02:51.3136050Z Actions: read
2026-05-18T17:02:51.3136604Z Checks: read
2026-05-18T17:02:51.3137238Z Contents: write
2026-05-18T17:02:51.3137738Z Metadata: read
2026-05-18T17:02:51.3138291Z ##[endgroup]
2026-05-18T17:02:51.3141405Z Secret source: Actions
2026-05-18T17:02:51.3142441Z Prepare workflow directory
2026-05-18T17:02:51.3539732Z Prepare all required actions
2026-05-18T17:02:51.3576661Z Getting action download info
2026-05-18T17:02:51.6364579Z Download action repository 'actions/checkout@v6' (SHA:de0fac2e4500dabe0009e67214ff5f5447ce83dd)
2026-05-18T17:02:51.8645209Z Complete job name: web-unit-tests (3, 3)
2026-05-18T17:02:51.9273648Z ##[group]Run actions/checkout@v6
2026-05-18T17:02:51.9274418Z with:
2026-05-18T17:02:51.9274836Z   repository: averycorp/prismTask
2026-05-18T17:02:51.9275524Z   token: ***
2026-05-18T17:02:51.9275916Z   ssh-strict: true
2026-05-18T17:02:51.9276326Z   ssh-user: git
2026-05-18T17:02:51.9276734Z   persist-credentials: true
2026-05-18T17:02:51.9277185Z   clean: true
2026-05-18T17:02:51.9277582Z   sparse-checkout-cone-mode: true
2026-05-18T17:02:51.9278064Z   fetch-depth: 1
2026-05-18T17:02:51.9278456Z   fetch-tags: false
2026-05-18T17:02:51.9279054Z   show-progress: true
2026-05-18T17:02:51.9279457Z   lfs: false
2026-05-18T17:02:51.9279836Z   submodules: false
2026-05-18T17:02:51.9280251Z   set-safe-directory: true
2026-05-18T17:02:51.9280967Z ##[endgroup]
2026-05-18T17:02:52.0270473Z Syncing repository: averycorp/prismTask
2026-05-18T17:02:52.0272244Z ##[group]Getting Git version info
2026-05-18T17:02:52.0272919Z Working directory is '/home/runner/work/prismTask/prismTask'
2026-05-18T17:02:52.0274141Z [command]/usr/bin/git version
2026-05-18T17:02:52.0310383Z git version 2.54.0
2026-05-18T17:02:52.0331663Z ##[endgroup]
2026-05-18T17:02:52.0345015Z Temporarily overriding HOME='/home/runner/work/_temp/3531beb1-9442-43c5-8639-3e945a2e1896' before making global git config changes
2026-05-18T17:02:52.0346404Z Adding repository directory to the temporary git global config as a safe directory
2026-05-18T17:02:52.0350398Z [command]/usr/bin/git config --global --add safe.directory /home/runner/work/prismTask/prismTask
2026-05-18T17:02:52.0393831Z Deleting the contents of '/home/runner/work/prismTask/prismTask'
2026-05-18T17:02:52.0397742Z ##[group]Initializing the repository
2026-05-18T17:02:52.0402439Z [command]/usr/bin/git init /home/runner/work/prismTask/prismTask
2026-05-18T17:02:52.0474550Z hint: Using 'master' as the name for the initial branch. This default branch name
2026-05-18T17:02:52.0475997Z hint: will change to "main" in Git 3.0. To configure the initial branch name
2026-05-18T17:02:52.0477363Z hint: to use in all of your new repositories, which will suppress this warning,
2026-05-18T17:02:52.0478426Z hint: call:
2026-05-18T17:02:52.0479203Z hint:
2026-05-18T17:02:52.0479982Z hint: 	git config --global init.defaultBranch <name>
2026-05-18T17:02:52.0480758Z hint:
2026-05-18T17:02:52.0481528Z hint: Names commonly chosen instead of 'master' are 'main', 'trunk' and
2026-05-18T17:02:52.0482417Z hint: 'development'. The just-created branch can be renamed via this command:
2026-05-18T17:02:52.0483108Z hint:
2026-05-18T17:02:52.0483622Z hint: 	git branch -m <name>
2026-05-18T17:02:52.0484170Z hint:
2026-05-18T17:02:52.0484760Z hint: Disable this message with "git config set advice.defaultBranchName false"
2026-05-18T17:02:52.0485717Z Initialized empty Git repository in /home/runner/work/prismTask/prismTask/.git/
2026-05-18T17:02:52.0489187Z [command]/usr/bin/git remote add origin https://github.com/averycorp/prismTask
2026-05-18T17:02:52.0560240Z ##[endgroup]
2026-05-18T17:02:52.0560975Z ##[group]Disabling automatic garbage collection
2026-05-18T17:02:52.0563882Z [command]/usr/bin/git config --local gc.auto 0
2026-05-18T17:02:52.0593404Z ##[endgroup]
2026-05-18T17:02:52.0594251Z ##[group]Setting up auth
2026-05-18T17:02:52.0594985Z Removing SSH command configuration
2026-05-18T17:02:52.0600687Z [command]/usr/bin/git config --local --name-only --get-regexp core\.sshCommand
2026-05-18T17:02:52.0633008Z [command]/usr/bin/git submodule foreach --recursive sh -c "git config --local --name-only --get-regexp 'core\.sshCommand' && git config --local --unset-all 'core.sshCommand' || :"
2026-05-18T17:02:52.0946038Z Removing HTTP extra header
2026-05-18T17:02:52.0951930Z [command]/usr/bin/git config --local --name-only --get-regexp http\.https\:\/\/github\.com\/\.extraheader
2026-05-18T17:02:52.0983113Z [command]/usr/bin/git submodule foreach --recursive sh -c "git config --local --name-only --get-regexp 'http\.https\:\/\/github\.com\/\.extraheader' && git config --local --unset-all 'http.https://github.com/.extraheader' || :"
2026-05-18T17:02:52.1210284Z Removing includeIf entries pointing to credentials config files
2026-05-18T17:02:52.1211231Z [command]/usr/bin/git config --local --name-only --get-regexp ^includeIf\.gitdir:
2026-05-18T17:02:52.1241089Z [command]/usr/bin/git submodule foreach --recursive git config --local --show-origin --name-only --get-regexp remote.origin.url
2026-05-18T17:02:52.1469776Z [command]/usr/bin/git config --file /home/runner/work/_temp/git-credentials-2e8798ed-89f8-4458-9e65-455f474656d7.config http.https://github.com/.extraheader AUTHORIZATION: basic ***
2026-05-18T17:02:52.1506798Z [command]/usr/bin/git config --local includeIf.gitdir:/home/runner/work/prismTask/prismTask/.git.path /home/runner/work/_temp/git-credentials-2e8798ed-89f8-4458-9e65-455f474656d7.config
2026-05-18T17:02:52.1537756Z [command]/usr/bin/git config --local includeIf.gitdir:/home/runner/work/prismTask/prismTask/.git/worktrees/*.path /home/runner/work/_temp/git-credentials-2e8798ed-89f8-4458-9e65-455f474656d7.config
2026-05-18T17:02:52.1570619Z [command]/usr/bin/git config --local includeIf.gitdir:/github/workspace/.git.path /github/runner_temp/git-credentials-2e8798ed-89f8-4458-9e65-455f474656d7.config
2026-05-18T17:02:52.1602933Z [command]/usr/bin/git config --local includeIf.gitdir:/github/workspace/.git/worktrees/*.path /github/runner_temp/git-credentials-2e8798ed-89f8-4458-9e65-455f474656d7.config
2026-05-18T17:02:52.1633227Z ##[endgroup]
2026-05-18T17:02:52.1633903Z ##[group]Fetching the repository
2026-05-18T17:02:52.1641293Z [command]/usr/bin/git -c protocol.version=2 fetch --no-tags --prune --no-recurse-submodules --depth=1 origin +fa10e586226089fd5b5de6358f98d3dee86d1be4:refs/remotes/pull/1649/merge
2026-05-18T17:02:53.8283035Z From https://github.com/averycorp/prismTask
2026-05-18T17:02:53.8285029Z  * [new ref]         fa10e586226089fd5b5de6358f98d3dee86d1be4 -> pull/1649/merge
2026-05-18T17:02:53.8316658Z ##[endgroup]
2026-05-18T17:02:53.8318281Z ##[group]Determining the checkout info
2026-05-18T17:02:53.8320323Z ##[endgroup]
2026-05-18T17:02:53.8324611Z [command]/usr/bin/git sparse-checkout disable
2026-05-18T17:02:53.8369418Z [command]/usr/bin/git config --local --unset-all extensions.worktreeConfig
2026-05-18T17:02:53.8399002Z ##[group]Checking out the ref
2026-05-18T17:02:53.8402979Z [command]/usr/bin/git checkout --progress --force refs/remotes/pull/1649/merge
2026-05-18T17:02:54.1593531Z Note: switching to 'refs/remotes/pull/1649/merge'.
2026-05-18T17:02:54.1594987Z 
2026-05-18T17:02:54.1595349Z You are in 'detached HEAD' state. You can look around, make experimental
2026-05-18T17:02:54.1596154Z changes and commit them, and you can discard any commits you make in this
2026-05-18T17:02:54.1596935Z state without impacting any branches by switching back to a branch.
2026-05-18T17:02:54.1597283Z 
2026-05-18T17:02:54.1597510Z If you want to create a new branch to retain commits you create, you may
2026-05-18T17:02:54.1597992Z do so (now or later) by using -c with the switch command. Example:
2026-05-18T17:02:54.1598321Z 
2026-05-18T17:02:54.1598451Z   git switch -c <new-branch-name>
2026-05-18T17:02:54.1598905Z 
2026-05-18T17:02:54.1599049Z Or undo this operation with:
2026-05-18T17:02:54.1599243Z 
2026-05-18T17:02:54.1599377Z   git switch -
2026-05-18T17:02:54.1599539Z 
2026-05-18T17:02:54.1599799Z Turn off this advice by setting config variable advice.detachedHead to false
2026-05-18T17:02:54.1600126Z 
2026-05-18T17:02:54.1600489Z HEAD is now at fa10e58 Merge 935ea93360389abe013e9b2cc62282f1f85b0885 into 98c353072def215c617a7cf6a26d2ddb437445ef
2026-05-18T17:02:54.1618871Z ##[endgroup]
2026-05-18T17:02:54.1663161Z [command]/usr/bin/git log -1 --format=%H
2026-05-18T17:02:54.1688517Z fa10e586226089fd5b5de6358f98d3dee86d1be4
2026-05-18T17:02:54.1979416Z Prepare all required actions
2026-05-18T17:02:54.1979897Z Getting action download info
2026-05-18T17:02:54.3350271Z Download action repository 'actions/setup-node@v4' (SHA:49933ea5288caeca8642d1e84afbd3f7d6820020)
2026-05-18T17:02:54.4344535Z ##[group]Run ./.github/actions/setup-node-web
2026-05-18T17:02:54.4344870Z ##[endgroup]
2026-05-18T17:02:54.4475621Z ##[group]Run actions/setup-node@v4
2026-05-18T17:02:54.4475971Z with:
2026-05-18T17:02:54.4476257Z   node-version: 22
2026-05-18T17:02:54.4476495Z   cache: npm
2026-05-18T17:02:54.4476757Z   cache-dependency-path: web/package-lock.json
2026-05-18T17:02:54.4477087Z   always-auth: false
2026-05-18T17:02:54.4477322Z   check-latest: false
2026-05-18T17:02:54.4477719Z   token: ***
2026-05-18T17:02:54.4477947Z ##[endgroup]
2026-05-18T17:02:54.6452055Z Found in cache @ /opt/hostedtoolcache/node/22.22.2/x64
2026-05-18T17:02:54.6458879Z ##[group]Environment details
2026-05-18T17:02:55.0182189Z node: v22.22.2
2026-05-18T17:02:55.0182750Z npm: 10.9.7
2026-05-18T17:02:55.0183013Z yarn: 1.22.22
2026-05-18T17:02:55.0183802Z ##[endgroup]
2026-05-18T17:02:55.0204644Z [command]/opt/hostedtoolcache/node/22.22.2/x64/bin/npm config get cache
2026-05-18T17:02:55.3019253Z /home/runner/.npm
2026-05-18T17:02:55.4012767Z npm cache is not found
2026-05-18T17:02:55.4167092Z ##[group]Run npm ci
2026-05-18T17:02:55.4167403Z [36;1mnpm ci[0m
2026-05-18T17:02:55.4215259Z shell: /usr/bin/bash --noprofile --norc -e -o pipefail {0}
2026-05-18T17:02:55.4215646Z ##[endgroup]
2026-05-18T17:03:06.5821575Z 
2026-05-18T17:03:06.5829895Z added 435 packages, and audited 436 packages in 11s
2026-05-18T17:03:06.5830307Z 
2026-05-18T17:03:06.5830507Z 94 packages are looking for funding
2026-05-18T17:03:06.5830844Z   run `npm fund` for details
2026-05-18T17:03:06.5895826Z 
2026-05-18T17:03:06.5896243Z 4 vulnerabilities (3 moderate, 1 critical)
2026-05-18T17:03:06.5896517Z 
2026-05-18T17:03:06.5896665Z To address all issues, run:
2026-05-18T17:03:06.5896953Z   npm audit fix
2026-05-18T17:03:06.5897140Z 
2026-05-18T17:03:06.5897272Z Run `npm audit` for details.
2026-05-18T17:03:06.6541713Z ##[group]Run npm run test:run -- --shard=3/3
2026-05-18T17:03:06.6542190Z [36;1mnpm run test:run -- --shard=3/3[0m
2026-05-18T17:03:06.6579035Z shell: /usr/bin/bash -e {0}
2026-05-18T17:03:06.6579281Z ##[endgroup]
2026-05-18T17:03:06.7595669Z 
2026-05-18T17:03:06.7596310Z > web@2.0.0 test:run
2026-05-18T17:03:06.7596871Z > vitest run --pool=threads --shard=3/3
2026-05-18T17:03:06.7597651Z 
2026-05-18T17:03:07.2078002Z 
2026-05-18T17:03:07.2082141Z [1m[30m[46m RUN [49m[39m[22m [36mv4.1.5 [39m[90m/home/runner/work/prismTask/prismTask/web[39m
2026-05-18T17:03:07.2082803Z 
2026-05-18T17:03:08.6684407Z  [32m✓[39m src/utils/__tests__/nlp.test.ts [2m([22m[2m81 tests[22m[2m)[22m[32m 41[2mms[22m[39m
2026-05-18T17:03:08.7769845Z  [32m✓[39m src/stores/__tests__/configFamilyStores.test.ts [2m([22m[2m18 tests[22m[2m)[22m[32m 17[2mms[22m[39m
2026-05-18T17:03:10.0243703Z  [32m✓[39m src/utils/__tests__/projectBurndown.test.ts [2m([22m[2m10 tests[22m[2m)[22m[32m 9[2mms[22m[39m
2026-05-18T17:03:10.1198161Z  [32m✓[39m src/utils/__tests__/streaks.test.ts [2m([22m[2m36 tests[22m[2m)[22m[32m 82[2mms[22m[39m
2026-05-18T17:03:11.1728910Z  [32m✓[39m src/utils/__tests__/recurrence.test.ts [2m([22m[2m42 tests[22m[2m)[22m[32m 32[2mms[22m[39m
2026-05-18T17:03:11.5003741Z  [32m✓[39m src/stores/__tests__/dashboardStore.test.ts [2m([22m[2m10 tests[22m[2m)[22m[32m 14[2mms[22m[39m
2026-05-18T17:03:12.2331308Z  [32m✓[39m src/features/today/__tests__/RestDayBanner.test.tsx [2m([22m[2m7 tests[22m[2m)[22m[33m 590[2mms[22m[39m
2026-05-18T17:03:12.5141860Z  [32m✓[39m src/utils/__tests__/builtInHabitReconciler.test.ts [2m([22m[2m16 tests[22m[2m)[22m[32m 21[2mms[22m[39m
2026-05-18T17:03:12.6982543Z  [32m✓[39m src/lib/firestore/__tests__/safeMergeDoc.test.ts [2m([22m[2m9 tests[22m[2m)[22m[32m 11[2mms[22m[39m
2026-05-18T17:03:13.5955786Z  [32m✓[39m src/lib/__tests__/builtInHabitReconciler.test.ts [2m([22m[2m13 tests[22m[2m)[22m[32m 20[2mms[22m[39m
2026-05-18T17:03:13.9171536Z  [32m✓[39m src/features/batch/__tests__/batchApplier.medication.test.ts [2m([22m[2m8 tests[22m[2m)[22m[32m 10[2mms[22m[39m
2026-05-18T17:03:14.8142047Z  [32m✓[39m src/api/__tests__/leisure.test.ts [2m([22m[2m13 tests[22m[2m)[22m[32m 18[2mms[22m[39m
2026-05-18T17:03:15.1636124Z  [32m✓[39m src/api/firestore/__tests__/medicationSlots.test.ts [2m([22m[2m14 tests[22m[2m)[22m[32m 18[2mms[22m[39m
2026-05-18T17:03:15.5170722Z  [32m✓[39m src/stores/__tests__/habitStore.startOfDayHour.test.ts [2m([22m[2m3 tests[22m[2m)[22m[32m 15[2mms[22m[39m
2026-05-18T17:03:16.0815758Z  [32m✓[39m src/lib/__tests__/boundaryRuleParser.test.ts [2m([22m[2m22 tests[22m[2m)[22m[32m 16[2mms[22m[39m
2026-05-18T17:03:16.6747556Z  [32m✓[39m src/stores/__tests__/authStore.test.ts [2m([22m[2m5 tests[22m[2m)[22m[32m 12[2mms[22m[39m
2026-05-18T17:03:17.3920998Z  [32m✓[39m src/api/__tests__/aiFeatureGate.test.ts [2m([22m[2m16 tests[22m[2m)[22m[32m 29[2mms[22m[39m
2026-05-18T17:03:18.0701027Z  [32m✓[39m src/stores/__tests__/assignmentStore.test.ts [2m([22m[2m9 tests[22m[2m)[22m[32m 12[2mms[22m[39m
2026-05-18T17:03:18.5310991Z  [32m✓[39m src/utils/__tests__/urgency.test.ts [2m([22m[2m12 tests[22m[2m)[22m[32m 75[2mms[22m[39m
2026-05-18T17:03:20.0155469Z  [32m✓[39m src/components/__tests__/BuiltInUpdateBanner.test.tsx [2m([22m[2m10 tests[22m[2m)[22m[33m 343[2mms[22m[39m
2026-05-18T17:03:20.2936469Z  [32m✓[39m src/features/weeklyreview/__tests__/weeklyReviewContent.test.ts [2m([22m[2m14 tests[22m[2m)[22m[32m 252[2mms[22m[39m
2026-05-18T17:03:21.4045337Z  [32m✓[39m src/utils/__tests__/multiCreateDetector.test.ts [2m([22m[2m14 tests[22m[2m)[22m[32m 19[2mms[22m[39m
2026-05-18T17:03:21.5427253Z  [32m✓[39m src/features/today/__tests__/HabitsSection.test.tsx [2m([22m[2m5 tests[22m[2m)[22m[33m 425[2mms[22m[39m
2026-05-18T17:03:21.5429934Z      [33m[2m✓[22m[39m renders rows for active habits with a done counter [33m 348[2mms[22m[39m
2026-05-18T17:03:21.9673607Z  [32m✓[39m src/hooks/__tests__/useNdFeatureGate.test.ts [2m([22m[2m18 tests[22m[2m)[22m[32m 7[2mms[22m[39m
2026-05-18T17:03:24.1553631Z  [32m✓[39m src/utils/__tests__/dates.test.ts [2m([22m[2m28 tests[22m[2m)[22m[32m 22[2mms[22m[39m
2026-05-18T17:03:24.4681138Z  [32m✓[39m src/utils/__tests__/streaks.advancedTuning.test.ts [2m([22m[2m3 tests[22m[2m)[22m[32m 24[2mms[22m[39m
2026-05-18T17:03:25.3787985Z  [32m✓[39m src/features/tasks/__tests__/selectUnmetBlockerIds.test.ts [2m([22m[2m10 tests[22m[2m)[22m[32m 9[2mms[22m[39m
2026-05-18T17:03:25.8301173Z  [32m✓[39m src/api/firestore/__tests__/projectPhases.test.ts [2m([22m[2m5 tests[22m[2m)[22m[32m 8[2mms[22m[39m
2026-05-18T17:03:25.8725013Z  [32m✓[39m src/components/__tests__/HabitLogDialog.test.tsx [2m([22m[2m5 tests[22m[2m)[22m[33m 722[2mms[22m[39m
2026-05-18T17:03:26.6200881Z  [32m✓[39m src/api/__tests__/aiChat.test.ts [2m([22m[2m6 tests[22m[2m)[22m[32m 10[2mms[22m[39m
2026-05-18T17:03:27.2259295Z  [32m✓[39m src/features/medication/__tests__/refillCalculator.test.ts [2m([22m[2m10 tests[22m[2m)[22m[32m 5[2mms[22m[39m
2026-05-18T17:03:27.2273143Z  [32m✓[39m src/api/firestore/__tests__/projectRisks.test.ts [2m([22m[2m7 tests[22m[2m)[22m[32m 9[2mms[22m[39m
2026-05-18T17:03:27.8544941Z  [32m✓[39m src/api/firestore/__tests__/a11yPreferences.test.ts [2m([22m[2m7 tests[22m[2m)[22m[32m 8[2mms[22m[39m
2026-05-18T17:03:28.4925633Z  [32m✓[39m src/features/today/__tests__/BurnoutBadgeSection.test.ts [2m([22m[2m4 tests[22m[2m)[22m[32m 5[2mms[22m[39m
2026-05-18T17:03:28.4969001Z  [32m✓[39m src/api/firestore/__tests__/medicationSlots.lww.test.ts [2m([22m[2m4 tests[22m[2m)[22m[32m 8[2mms[22m[39m
2026-05-18T17:03:29.8440657Z  [32m✓[39m src/lib/idb/__tests__/database.test.ts [2m([22m[2m5 tests[22m[2m)[22m[32m 38[2mms[22m[39m
2026-05-18T17:03:30.2432297Z  [32m✓[39m src/components/__tests__/TaskConfirmModal.test.tsx [2m([22m[2m5 tests[22m[2m)[22m[33m 713[2mms[22m[39m
2026-05-18T17:03:31.6687074Z  [32m✓[39m src/stores/__tests__/medicationSlotsStore.test.ts [2m([22m[2m4 tests[22m[2m)[22m[32m 8[2mms[22m[39m
2026-05-18T17:03:31.9714384Z  [32m✓[39m src/features/weeklyreview/__tests__/WeeklyReviewsListScreen.test.tsx [2m([22m[2m3 tests[22m[2m)[22m[32m 287[2mms[22m[39m
2026-05-18T17:03:32.8863829Z  [32m✓[39m src/utils/__tests__/medicationBuiltInHabit.test.ts [2m([22m[2m6 tests[22m[2m)[22m[32m 4[2mms[22m[39m
2026-05-18T17:03:32.9933970Z  [31m❯[39m src/components/__tests__/ContributionGrid.test.tsx [2m([22m[2m5 tests[22m[2m | [22m[31m2 failed[39m[2m)[22m[32m 271[2mms[22m[39m
2026-05-18T17:03:32.9935240Z      [32m✓[39m renders the configured title[32m 112[2mms[22m[39m
2026-05-18T17:03:32.9936856Z [31m     [31m×[31m renders 12 weeks of cells by default (7 rows × 12 columns)[39m[32m 45[2mms[22m[39m
2026-05-18T17:03:32.9938022Z      [32m✓[39m buckets recent completions into the grid by date[32m 46[2mms[22m[39m
2026-05-18T17:03:32.9939237Z      [32m✓[39m clamps cells with no completions to count = 0[32m 43[2mms[22m[39m
2026-05-18T17:03:32.9940198Z [31m     [31m×[31m respects a custom weeks count[39m[32m 22[2mms[22m[39m
2026-05-18T17:03:33.5583253Z  [32m✓[39m src/theme/__tests__/PrismThemeProvider.test.tsx [2m([22m[2m3 tests[22m[2m)[22m[32m 80[2mms[22m[39m
2026-05-18T17:03:34.3141151Z  [32m✓[39m src/stores/__tests__/medicationRefillsStore.test.ts [2m([22m[2m3 tests[22m[2m)[22m[32m 9[2mms[22m[39m
2026-05-18T17:03:34.8435861Z  [32m✓[39m src/api/__tests__/pomodoroCoaching.test.ts [2m([22m[2m3 tests[22m[2m)[22m[32m 6[2mms[22m[39m
2026-05-18T17:03:35.4596788Z  [32m✓[39m src/utils/__tests__/goodEnoughTimer.test.ts [2m([22m[2m7 tests[22m[2m)[22m[32m 5[2mms[22m[39m
2026-05-18T17:03:35.7123747Z  [32m✓[39m src/utils/__tests__/export.test.ts [2m([22m[2m8 tests[22m[2m)[22m[33m 1452[2mms[22m[39m
2026-05-18T17:03:35.7124908Z        [33m[2m✓[22m[39m can construct a valid export object [33m 1445[2mms[22m[39m
2026-05-18T17:03:35.7161162Z 
2026-05-18T17:03:35.7161933Z [31m⎯⎯⎯⎯⎯⎯⎯[39m[1m[41m Failed Tests 2 [49m[22m[31m⎯⎯⎯⎯⎯⎯⎯[39m
2026-05-18T17:03:35.7162496Z 
2026-05-18T17:03:35.7166841Z [41m[1m FAIL [22m[49m src/components/__tests__/ContributionGrid.test.tsx[2m > [22mContributionGrid[2m > [22mrenders 12 weeks of cells by default (7 rows × 12 columns)
2026-05-18T17:03:35.7171383Z [31m[1mAssertionError[22m: expected 78 to be greater than or equal to 79[39m
2026-05-18T17:03:35.7172568Z [36m [2m❯[22m src/components/__tests__/ContributionGrid.test.tsx:[2m36:26[22m[39m
2026-05-18T17:03:35.7202935Z     [90m 34|[39m     [90m// count is ≤ 84 and ≥ 79 (12 weeks − up to 5 future days).[39m
2026-05-18T17:03:35.7204349Z     [90m 35|[39m     [34mexpect[39m(cells[33m.[39mlength)[33m.[39m[34mtoBeLessThanOrEqual[39m([34m84[39m)[33m;[39m
2026-05-18T17:03:35.7205633Z     [90m 36|[39m     [34mexpect[39m(cells[33m.[39mlength)[33m.[39m[34mtoBeGreaterThanOrEqual[39m([34m79[39m)[33m;[39m
2026-05-18T17:03:35.7206493Z     [90m   |[39m                          [31m^[39m
2026-05-18T17:03:35.7206986Z     [90m 37|[39m   })[33m;[39m
2026-05-18T17:03:35.7207375Z     [90m 38|[39m
2026-05-18T17:03:35.7207530Z 
2026-05-18T17:03:35.7207865Z [31m[2m⎯⎯⎯⎯⎯⎯⎯⎯⎯⎯⎯⎯⎯⎯⎯⎯⎯⎯⎯⎯⎯⎯⎯⎯[1/2]⎯[22m[39m
2026-05-18T17:03:35.7208150Z 
2026-05-18T17:03:35.7209419Z [41m[1m FAIL [22m[49m src/components/__tests__/ContributionGrid.test.tsx[2m > [22mContributionGrid[2m > [22mrespects a custom weeks count
2026-05-18T17:03:35.7210807Z [31m[1mAssertionError[22m: expected 22 to be greater than or equal to 23[39m
2026-05-18T17:03:35.7211307Z 
2026-05-18T17:03:35.7212359Z [36m [2m❯[22m src/components/__tests__/ContributionGrid.test.tsx:[2m81:26[22m[39m
2026-05-18T17:03:35.7213342Z     [90m 79|[39m     // 4 weeks = at most 28 days, at least 23 (4 × 7 minus future spac…
2026-05-18T17:03:35.7214480Z     [90m 80|[39m     [34mexpect[39m(cells[33m.[39mlength)[33m.[39m[34mtoBeLessThanOrEqual[39m([34m28[39m)[33m;[39m
2026-05-18T17:03:35.7215881Z     [90m 81|[39m     [34mexpect[39m(cells[33m.[39mlength)[33m.[39m[34mtoBeGreaterThanOrEqual[39m([34m23[39m)[33m;[39m
2026-05-18T17:03:35.7216782Z     [90m   |[39m                          [31m^[39m
2026-05-18T17:03:35.7217310Z     [90m 82|[39m   })[33m;[39m
2026-05-18T17:03:35.7217753Z     [90m 83|[39m })[33m;[39m
2026-05-18T17:03:35.7217986Z 
2026-05-18T17:03:35.7218340Z [31m[2m⎯⎯⎯⎯⎯⎯⎯⎯⎯⎯⎯⎯⎯⎯⎯⎯⎯⎯⎯⎯⎯⎯⎯⎯[2/2]⎯[22m[39m
2026-05-18T17:03:35.7218870Z 
2026-05-18T17:03:35.7219584Z [2m Test Files [22m [1m[31m1 failed[39m[22m[2m | [22m[1m[32m45 passed[39m[22m[90m (46)[39m
2026-05-18T17:03:35.7220965Z [2m      Tests [22m [1m[31m2 failed[39m[22m[2m | [22m[1m[32m544 passed[39m[22m[90m (546)[39m
2026-05-18T17:03:35.7221732Z [2m   Start at [22m 17:03:07
2026-05-18T17:03:35.7223331Z [2m   Duration [22m 28.49s[2m (transform 1.40s, setup 5.25s, import 19.43s, tests 5.79s, environment 44.95s)[22m
2026-05-18T17:03:35.7225485Z 
2026-05-18T17:03:35.7239000Z 
2026-05-18T17:03:35.7260371Z ##[error]AssertionError: expected 78 to be greater than or equal to 79
 ❯ src/components/__tests__/ContributionGrid.test.tsx:36:26


2026-05-18T17:03:35.7266504Z 
2026-05-18T17:03:35.7267969Z ##[error]AssertionError: expected 22 to be greater than or equal to 23
 ❯ src/components/__tests__/ContributionGrid.test.tsx:81:26


2026-05-18T17:03:35.7746701Z ##[error]Process completed with exit code 1.
2026-05-18T17:03:35.7820828Z Post job cleanup.
2026-05-18T17:03:35.7902574Z Post job cleanup.
2026-05-18T17:03:35.8721964Z [command]/usr/bin/git version
2026-05-18T17:03:35.8790261Z git version 2.54.0
2026-05-18T17:03:35.8827030Z Temporarily overriding HOME='/home/runner/work/_temp/6b422ebc-07db-4ab4-8559-7cec287b03f1' before making global git config changes
2026-05-18T17:03:35.8828339Z Adding repository directory to the temporary git global config as a safe directory
2026-05-18T17:03:35.8832248Z [command]/usr/bin/git config --global --add safe.directory /home/runner/work/prismTask/prismTask
2026-05-18T17:03:35.8863761Z Removing SSH command configuration
2026-05-18T17:03:35.8870181Z [command]/usr/bin/git config --local --name-only --get-regexp core\.sshCommand
2026-05-18T17:03:35.8904179Z [command]/usr/bin/git submodule foreach --recursive sh -c "git config --local --name-only --get-regexp 'core\.sshCommand' && git config --local --unset-all 'core.sshCommand' || :"
2026-05-18T17:03:35.9141813Z Removing HTTP extra header
2026-05-18T17:03:35.9146576Z [command]/usr/bin/git config --local --name-only --get-regexp http\.https\:\/\/github\.com\/\.extraheader
2026-05-18T17:03:35.9182087Z [command]/usr/bin/git submodule foreach --recursive sh -c "git config --local --name-only --get-regexp 'http\.https\:\/\/github\.com\/\.extraheader' && git config --local --unset-all 'http.https://github.com/.extraheader' || :"
2026-05-18T17:03:35.9424728Z Removing includeIf entries pointing to credentials config files
2026-05-18T17:03:35.9434728Z [command]/usr/bin/git config --local --name-only --get-regexp ^includeIf\.gitdir:
2026-05-18T17:03:35.9462281Z includeif.gitdir:/home/runner/work/prismTask/prismTask/.git.path
2026-05-18T17:03:35.9463366Z includeif.gitdir:/home/runner/work/prismTask/prismTask/.git/worktrees/*.path
2026-05-18T17:03:35.9464221Z includeif.gitdir:/github/workspace/.git.path
2026-05-18T17:03:35.9464863Z includeif.gitdir:/github/workspace/.git/worktrees/*.path
2026-05-18T17:03:35.9473572Z [command]/usr/bin/git config --local --get-all includeif.gitdir:/home/runner/work/prismTask/prismTask/.git.path
2026-05-18T17:03:35.9498437Z /home/runner/work/_temp/git-credentials-2e8798ed-89f8-4458-9e65-455f474656d7.config
2026-05-18T17:03:35.9520621Z [command]/usr/bin/git config --local --unset includeif.gitdir:/home/runner/work/prismTask/prismTask/.git.path /home/runner/work/_temp/git-credentials-2e8798ed-89f8-4458-9e65-455f474656d7.config
2026-05-18T17:03:35.9551444Z [command]/usr/bin/git config --local --get-all includeif.gitdir:/home/runner/work/prismTask/prismTask/.git/worktrees/*.path
2026-05-18T17:03:35.9575517Z /home/runner/work/_temp/git-credentials-2e8798ed-89f8-4458-9e65-455f474656d7.config
2026-05-18T17:03:35.9588040Z [command]/usr/bin/git config --local --unset includeif.gitdir:/home/runner/work/prismTask/prismTask/.git/worktrees/*.path /home/runner/work/_temp/git-credentials-2e8798ed-89f8-4458-9e65-455f474656d7.config
2026-05-18T17:03:35.9621376Z [command]/usr/bin/git config --local --get-all includeif.gitdir:/github/workspace/.git.path
2026-05-18T17:03:35.9644423Z /github/runner_temp/git-credentials-2e8798ed-89f8-4458-9e65-455f474656d7.config
2026-05-18T17:03:35.9653911Z [command]/usr/bin/git config --local --unset includeif.gitdir:/github/workspace/.git.path /github/runner_temp/git-credentials-2e8798ed-89f8-4458-9e65-455f474656d7.config
2026-05-18T17:03:35.9688515Z [command]/usr/bin/git config --local --get-all includeif.gitdir:/github/workspace/.git/worktrees/*.path
2026-05-18T17:03:35.9712527Z /github/runner_temp/git-credentials-2e8798ed-89f8-4458-9e65-455f474656d7.config
2026-05-18T17:03:35.9721961Z [command]/usr/bin/git config --local --unset includeif.gitdir:/github/workspace/.git/worktrees/*.path /github/runner_temp/git-credentials-2e8798ed-89f8-4458-9e65-455f474656d7.config
2026-05-18T17:03:35.9755635Z [command]/usr/bin/git submodule foreach --recursive git config --local --show-origin --name-only --get-regexp remote.origin.url
2026-05-18T17:03:36.0004164Z Removing credentials config '/home/runner/work/_temp/git-credentials-2e8798ed-89f8-4458-9e65-455f474656d7.config'
2026-05-18T17:03:36.0158398Z Cleaning up orphan processes
2026-05-18T17:03:36.0471079Z ##[warning]Node.js 20 actions are deprecated. The following actions are running on Node.js 20 and may not work as expected: actions/setup-node@v4. Actions will be forced to run with Node.js 24 by default starting June 2nd, 2026. Node.js 20 will be removed from the runner on September 16th, 2026. Please check if updated versions of these actions are available that support Node.js 24. To opt into Node.js 24 now, set the FORCE_JAVASCRIPT_ACTIONS_TO_NODE24=true environment variable on the runner or in your workflow file. Once Node.js 24 becomes the default, you can temporarily opt out by setting ACTIONS_ALLOW_USE_UNSECURE_NODE_VERSION=true. For more information see: https://github.blog/changelog/2025-09-19-deprecation-of-node-20-on-github-actions-runners/


--- Job: web-lint-and-test (id 76577719157) ---
2026-05-18T17:03:42.6628334Z Current runner version: '2.334.0'
2026-05-18T17:03:42.6653437Z ##[group]Runner Image Provisioner
2026-05-18T17:03:42.6654261Z Hosted Compute Agent
2026-05-18T17:03:42.6654847Z Version: 20260213.493
2026-05-18T17:03:42.6655528Z Commit: 5c115507f6dd24b8de37d8bbe0bb4509d0cc0fa3
2026-05-18T17:03:42.6656202Z Build Date: 2026-02-13T00:28:41Z
2026-05-18T17:03:42.6656910Z Worker ID: {11fccc5a-3547-4b50-9fac-1d5a2a7da93e}
2026-05-18T17:03:42.6657838Z Azure Region: eastus2
2026-05-18T17:03:42.6658540Z ##[endgroup]
2026-05-18T17:03:42.6660709Z ##[group]Operating System
2026-05-18T17:03:42.6661719Z Ubuntu
2026-05-18T17:03:42.6662390Z 24.04.4
2026-05-18T17:03:42.6662862Z LTS
2026-05-18T17:03:42.6663439Z ##[endgroup]
2026-05-18T17:03:42.6663918Z ##[group]Runner Image
2026-05-18T17:03:42.6664481Z Image: ubuntu-24.04
2026-05-18T17:03:42.6665129Z Version: 20260513.135.3
2026-05-18T17:03:42.6666317Z Included Software: https://github.com/actions/runner-images/blob/ubuntu24/20260513.135/images/ubuntu/Ubuntu2404-Readme.md
2026-05-18T17:03:42.6667797Z Image Release: https://github.com/actions/runner-images/releases/tag/ubuntu24%2F20260513.135
2026-05-18T17:03:42.6668746Z ##[endgroup]
2026-05-18T17:03:42.6670086Z ##[group]GITHUB_TOKEN Permissions
2026-05-18T17:03:42.6672541Z Actions: read
2026-05-18T17:03:42.6673060Z Checks: read
2026-05-18T17:03:42.6673672Z Contents: write
2026-05-18T17:03:42.6674152Z Metadata: read
2026-05-18T17:03:42.6674669Z ##[endgroup]
2026-05-18T17:03:42.6676772Z Secret source: Actions
2026-05-18T17:03:42.6677716Z Prepare workflow directory
2026-05-18T17:03:42.7006784Z Prepare all required actions
2026-05-18T17:03:42.7097849Z Complete job name: web-lint-and-test
2026-05-18T17:03:42.7840919Z ##[group]Run if [ 'success' != 'success' ]; then
2026-05-18T17:03:42.7841948Z [36;1mif [ 'success' != 'success' ]; then[0m
2026-05-18T17:03:42.7842721Z [36;1m  echo "web-lint finished with success" >&2[0m
2026-05-18T17:03:42.7843647Z [36;1m  exit 1[0m
2026-05-18T17:03:42.7844137Z [36;1mfi[0m
2026-05-18T17:03:42.7844719Z [36;1mif [ 'failure' != 'success' ]; then[0m
2026-05-18T17:03:42.7845472Z [36;1m  echo "web-unit-tests finished with failure" >&2[0m
2026-05-18T17:03:42.7846235Z [36;1m  exit 1[0m
2026-05-18T17:03:42.7846779Z [36;1mfi[0m
2026-05-18T17:03:42.7847309Z [36;1mif [ 'success' != 'success' ]; then[0m
2026-05-18T17:03:42.7848097Z [36;1m  echo "web-build finished with success" >&2[0m
2026-05-18T17:03:42.7848727Z [36;1m  exit 1[0m
2026-05-18T17:03:42.7849271Z [36;1mfi[0m
2026-05-18T17:03:42.7849919Z [36;1mecho "✓ Split web lint, unit-test shards, and build passed."[0m
2026-05-18T17:03:42.8239782Z shell: /usr/bin/bash -e {0}
2026-05-18T17:03:42.8240959Z ##[endgroup]
2026-05-18T17:03:42.8457482Z web-unit-tests finished with failure
2026-05-18T17:03:42.8477139Z ##[error]Process completed with exit code 1.
2026-05-18T17:03:42.8679671Z Cleaning up orphan processes
