=== CI FAILURE ===
Workflow:      Web CI
Workflow file: averycorp/prismTask/.github/workflows/web-ci.yml@refs/pull/1561/merge
Job(s):        web-lint, web-lint-and-test
Run ID:        25953416809
Run attempt:   1
Run URL:       https://github.com/averycorp/prismTask/actions/runs/25953416809
Commit:        f14ba9c70ca96db5890a058572ff36f212766c0f
Branch:        1561/merge
Event:         pull_request
Actor:         akarlin3
Runner OS:     Linux
Timestamp:     2026-05-16T05:05:17.519Z

Failed steps:
  - web-lint: #5 Run ESLint
  - web-lint-and-test: #2 Verify split web checks

=== FAILED JOB LOG ===

--- Job: web-lint (id 76295382549) ---
2026-05-16T05:04:20.2403477Z Current runner version: '2.334.0'
2026-05-16T05:04:20.2428342Z ##[group]Runner Image Provisioner
2026-05-16T05:04:20.2429221Z Hosted Compute Agent
2026-05-16T05:04:20.2429733Z Version: 20260213.493
2026-05-16T05:04:20.2430393Z Commit: 5c115507f6dd24b8de37d8bbe0bb4509d0cc0fa3
2026-05-16T05:04:20.2431165Z Build Date: 2026-02-13T00:28:41Z
2026-05-16T05:04:20.2431786Z Worker ID: {085d6ba6-c3d1-4f71-a961-c6e18550eb57}
2026-05-16T05:04:20.2432504Z Azure Region: eastus
2026-05-16T05:04:20.2433035Z ##[endgroup]
2026-05-16T05:04:20.2434282Z ##[group]Operating System
2026-05-16T05:04:20.2434822Z Ubuntu
2026-05-16T05:04:20.2435447Z 24.04.4
2026-05-16T05:04:20.2435885Z LTS
2026-05-16T05:04:20.2436354Z ##[endgroup]
2026-05-16T05:04:20.2437093Z ##[group]Runner Image
2026-05-16T05:04:20.2437668Z Image: ubuntu-24.04
2026-05-16T05:04:20.2438180Z Version: 20260513.135.3
2026-05-16T05:04:20.2439472Z Included Software: https://github.com/actions/runner-images/blob/ubuntu24/20260513.135/images/ubuntu/Ubuntu2404-Readme.md
2026-05-16T05:04:20.2440855Z Image Release: https://github.com/actions/runner-images/releases/tag/ubuntu24%2F20260513.135
2026-05-16T05:04:20.2441965Z ##[endgroup]
2026-05-16T05:04:20.2443120Z ##[group]GITHUB_TOKEN Permissions
2026-05-16T05:04:20.2445103Z Actions: read
2026-05-16T05:04:20.2445611Z Checks: read
2026-05-16T05:04:20.2446131Z Contents: write
2026-05-16T05:04:20.2446640Z Metadata: read
2026-05-16T05:04:20.2447356Z ##[endgroup]
2026-05-16T05:04:20.2449373Z Secret source: Actions
2026-05-16T05:04:20.2450188Z Prepare workflow directory
2026-05-16T05:04:20.2865777Z Prepare all required actions
2026-05-16T05:04:20.2904932Z Getting action download info
2026-05-16T05:04:20.5924529Z Download action repository 'actions/checkout@v6' (SHA:de0fac2e4500dabe0009e67214ff5f5447ce83dd)
2026-05-16T05:04:20.8103949Z Complete job name: web-lint
2026-05-16T05:04:20.8829489Z ##[group]Run actions/checkout@v6
2026-05-16T05:04:20.8830282Z with:
2026-05-16T05:04:20.8830681Z   repository: averycorp/prismTask
2026-05-16T05:04:20.8831423Z   token: ***
2026-05-16T05:04:20.8831810Z   ssh-strict: true
2026-05-16T05:04:20.8832198Z   ssh-user: git
2026-05-16T05:04:20.8832597Z   persist-credentials: true
2026-05-16T05:04:20.8833023Z   clean: true
2026-05-16T05:04:20.8833417Z   sparse-checkout-cone-mode: true
2026-05-16T05:04:20.8833878Z   fetch-depth: 1
2026-05-16T05:04:20.8834255Z   fetch-tags: false
2026-05-16T05:04:20.8834635Z   show-progress: true
2026-05-16T05:04:20.8835034Z   lfs: false
2026-05-16T05:04:20.8835389Z   submodules: false
2026-05-16T05:04:20.8835901Z   set-safe-directory: true
2026-05-16T05:04:20.8836524Z ##[endgroup]
2026-05-16T05:04:20.9826279Z Syncing repository: averycorp/prismTask
2026-05-16T05:04:20.9828383Z ##[group]Getting Git version info
2026-05-16T05:04:20.9829061Z Working directory is '/home/runner/work/prismTask/prismTask'
2026-05-16T05:04:20.9830139Z [command]/usr/bin/git version
2026-05-16T05:04:20.9870838Z git version 2.54.0
2026-05-16T05:04:20.9926647Z ##[endgroup]
2026-05-16T05:04:20.9942882Z Temporarily overriding HOME='/home/runner/work/_temp/b87a5465-d329-4b76-9c12-53fb7401be6f' before making global git config changes
2026-05-16T05:04:20.9945051Z Adding repository directory to the temporary git global config as a safe directory
2026-05-16T05:04:20.9949558Z [command]/usr/bin/git config --global --add safe.directory /home/runner/work/prismTask/prismTask
2026-05-16T05:04:20.9995878Z Deleting the contents of '/home/runner/work/prismTask/prismTask'
2026-05-16T05:04:21.0000448Z ##[group]Initializing the repository
2026-05-16T05:04:21.0005096Z [command]/usr/bin/git init /home/runner/work/prismTask/prismTask
2026-05-16T05:04:21.0079437Z hint: Using 'master' as the name for the initial branch. This default branch name
2026-05-16T05:04:21.0080747Z hint: will change to "main" in Git 3.0. To configure the initial branch name
2026-05-16T05:04:21.0081655Z hint: to use in all of your new repositories, which will suppress this warning,
2026-05-16T05:04:21.0082525Z hint: call:
2026-05-16T05:04:21.0083092Z hint:
2026-05-16T05:04:21.0084283Z hint: 	git config --global init.defaultBranch <name>
2026-05-16T05:04:21.0085190Z hint:
2026-05-16T05:04:21.0086018Z hint: Names commonly chosen instead of 'master' are 'main', 'trunk' and
2026-05-16T05:04:21.0087682Z hint: 'development'. The just-created branch can be renamed via this command:
2026-05-16T05:04:21.0088769Z hint:
2026-05-16T05:04:21.0089351Z hint: 	git branch -m <name>
2026-05-16T05:04:21.0090025Z hint:
2026-05-16T05:04:21.0090938Z hint: Disable this message with "git config set advice.defaultBranchName false"
2026-05-16T05:04:21.0092455Z Initialized empty Git repository in /home/runner/work/prismTask/prismTask/.git/
2026-05-16T05:04:21.0095706Z [command]/usr/bin/git remote add origin https://github.com/averycorp/prismTask
2026-05-16T05:04:21.0135525Z ##[endgroup]
2026-05-16T05:04:21.0136279Z ##[group]Disabling automatic garbage collection
2026-05-16T05:04:21.0139260Z [command]/usr/bin/git config --local gc.auto 0
2026-05-16T05:04:21.0170747Z ##[endgroup]
2026-05-16T05:04:21.0171718Z ##[group]Setting up auth
2026-05-16T05:04:21.0172421Z Removing SSH command configuration
2026-05-16T05:04:21.0177546Z [command]/usr/bin/git config --local --name-only --get-regexp core\.sshCommand
2026-05-16T05:04:21.0211981Z [command]/usr/bin/git submodule foreach --recursive sh -c "git config --local --name-only --get-regexp 'core\.sshCommand' && git config --local --unset-all 'core.sshCommand' || :"
2026-05-16T05:04:21.0530201Z Removing HTTP extra header
2026-05-16T05:04:21.0536891Z [command]/usr/bin/git config --local --name-only --get-regexp http\.https\:\/\/github\.com\/\.extraheader
2026-05-16T05:04:21.0571809Z [command]/usr/bin/git submodule foreach --recursive sh -c "git config --local --name-only --get-regexp 'http\.https\:\/\/github\.com\/\.extraheader' && git config --local --unset-all 'http.https://github.com/.extraheader' || :"
2026-05-16T05:04:21.0808991Z Removing includeIf entries pointing to credentials config files
2026-05-16T05:04:21.0809985Z [command]/usr/bin/git config --local --name-only --get-regexp ^includeIf\.gitdir:
2026-05-16T05:04:21.0842674Z [command]/usr/bin/git submodule foreach --recursive git config --local --show-origin --name-only --get-regexp remote.origin.url
2026-05-16T05:04:21.1077020Z [command]/usr/bin/git config --file /home/runner/work/_temp/git-credentials-fa49ffc7-4350-4384-b34d-65b659e079e7.config http.https://github.com/.extraheader AUTHORIZATION: basic ***
2026-05-16T05:04:21.1115220Z [command]/usr/bin/git config --local includeIf.gitdir:/home/runner/work/prismTask/prismTask/.git.path /home/runner/work/_temp/git-credentials-fa49ffc7-4350-4384-b34d-65b659e079e7.config
2026-05-16T05:04:21.1145538Z [command]/usr/bin/git config --local includeIf.gitdir:/home/runner/work/prismTask/prismTask/.git/worktrees/*.path /home/runner/work/_temp/git-credentials-fa49ffc7-4350-4384-b34d-65b659e079e7.config
2026-05-16T05:04:21.1180205Z [command]/usr/bin/git config --local includeIf.gitdir:/github/workspace/.git.path /github/runner_temp/git-credentials-fa49ffc7-4350-4384-b34d-65b659e079e7.config
2026-05-16T05:04:21.1213205Z [command]/usr/bin/git config --local includeIf.gitdir:/github/workspace/.git/worktrees/*.path /github/runner_temp/git-credentials-fa49ffc7-4350-4384-b34d-65b659e079e7.config
2026-05-16T05:04:21.1244144Z ##[endgroup]
2026-05-16T05:04:21.1244857Z ##[group]Fetching the repository
2026-05-16T05:04:21.1252099Z [command]/usr/bin/git -c protocol.version=2 fetch --no-tags --prune --no-recurse-submodules --depth=1 origin +f14ba9c70ca96db5890a058572ff36f212766c0f:refs/remotes/pull/1561/merge
2026-05-16T05:04:22.6024900Z From https://github.com/averycorp/prismTask
2026-05-16T05:04:22.6026990Z  * [new ref]         f14ba9c70ca96db5890a058572ff36f212766c0f -> pull/1561/merge
2026-05-16T05:04:22.6061495Z ##[endgroup]
2026-05-16T05:04:22.6062896Z ##[group]Determining the checkout info
2026-05-16T05:04:22.6064368Z ##[endgroup]
2026-05-16T05:04:22.6068696Z [command]/usr/bin/git sparse-checkout disable
2026-05-16T05:04:22.6115714Z [command]/usr/bin/git config --local --unset-all extensions.worktreeConfig
2026-05-16T05:04:22.6148942Z ##[group]Checking out the ref
2026-05-16T05:04:22.6152348Z [command]/usr/bin/git checkout --progress --force refs/remotes/pull/1561/merge
2026-05-16T05:04:22.9328295Z Note: switching to 'refs/remotes/pull/1561/merge'.
2026-05-16T05:04:22.9329176Z 
2026-05-16T05:04:22.9331453Z You are in 'detached HEAD' state. You can look around, make experimental
2026-05-16T05:04:22.9332678Z changes and commit them, and you can discard any commits you make in this
2026-05-16T05:04:22.9333938Z state without impacting any branches by switching back to a branch.
2026-05-16T05:04:22.9334901Z 
2026-05-16T05:04:22.9335718Z If you want to create a new branch to retain commits you create, you may
2026-05-16T05:04:22.9337254Z do so (now or later) by using -c with the switch command. Example:
2026-05-16T05:04:22.9338204Z 
2026-05-16T05:04:22.9338802Z   git switch -c <new-branch-name>
2026-05-16T05:04:22.9339485Z 
2026-05-16T05:04:22.9340042Z Or undo this operation with:
2026-05-16T05:04:22.9340849Z 
2026-05-16T05:04:22.9341259Z   git switch -
2026-05-16T05:04:22.9341657Z 
2026-05-16T05:04:22.9342137Z Turn off this advice by setting config variable advice.detachedHead to false
2026-05-16T05:04:22.9342810Z 
2026-05-16T05:04:22.9343532Z HEAD is now at f14ba9c Merge 88d44494bd3d06fae753780ec26660da9ae81e89 into dcef866c7377826dde7f2788daac769144357b80
2026-05-16T05:04:22.9358156Z ##[endgroup]
2026-05-16T05:04:22.9404776Z [command]/usr/bin/git log -1 --format=%H
2026-05-16T05:04:22.9431991Z f14ba9c70ca96db5890a058572ff36f212766c0f
2026-05-16T05:04:22.9722571Z Prepare all required actions
2026-05-16T05:04:22.9723060Z Getting action download info
2026-05-16T05:04:23.0899903Z Download action repository 'actions/setup-node@v4' (SHA:49933ea5288caeca8642d1e84afbd3f7d6820020)
2026-05-16T05:04:23.2407546Z ##[group]Run ./.github/actions/setup-node-web
2026-05-16T05:04:23.2407902Z ##[endgroup]
2026-05-16T05:04:23.2534513Z ##[group]Run actions/setup-node@v4
2026-05-16T05:04:23.2534857Z with:
2026-05-16T05:04:23.2535126Z   node-version: 22
2026-05-16T05:04:23.2535363Z   cache: npm
2026-05-16T05:04:23.2535628Z   cache-dependency-path: web/package-lock.json
2026-05-16T05:04:23.2535953Z   always-auth: false
2026-05-16T05:04:23.2536188Z   check-latest: false
2026-05-16T05:04:23.2536580Z   token: ***
2026-05-16T05:04:23.2536974Z ##[endgroup]
2026-05-16T05:04:23.4400752Z Found in cache @ /opt/hostedtoolcache/node/22.22.2/x64
2026-05-16T05:04:23.4407444Z ##[group]Environment details
2026-05-16T05:04:25.6365030Z node: v22.22.2
2026-05-16T05:04:25.6366062Z npm: 10.9.7
2026-05-16T05:04:25.6366327Z yarn: 1.22.22
2026-05-16T05:04:25.6369985Z ##[endgroup]
2026-05-16T05:04:25.6389684Z [command]/opt/hostedtoolcache/node/22.22.2/x64/bin/npm config get cache
2026-05-16T05:04:25.8517146Z /home/runner/.npm
2026-05-16T05:04:25.9386238Z npm cache is not found
2026-05-16T05:04:25.9542190Z ##[group]Run npm ci
2026-05-16T05:04:25.9542487Z [36;1mnpm ci[0m
2026-05-16T05:04:25.9590936Z shell: /usr/bin/bash --noprofile --norc -e -o pipefail {0}
2026-05-16T05:04:25.9591322Z ##[endgroup]
2026-05-16T05:04:36.8311940Z 
2026-05-16T05:04:36.8390509Z added 435 packages, and audited 436 packages in 11s
2026-05-16T05:04:36.8390882Z 
2026-05-16T05:04:36.8391105Z 94 packages are looking for funding
2026-05-16T05:04:36.8391449Z   run `npm fund` for details
2026-05-16T05:04:36.8391618Z 
2026-05-16T05:04:36.8391807Z 3 vulnerabilities (2 moderate, 1 critical)
2026-05-16T05:04:36.8392000Z 
2026-05-16T05:04:36.8392128Z To address all issues, run:
2026-05-16T05:04:36.8392368Z   npm audit fix
2026-05-16T05:04:36.8392531Z 
2026-05-16T05:04:36.8392660Z Run `npm audit` for details.
2026-05-16T05:04:36.9039886Z ##[group]Run npm run lint
2026-05-16T05:04:36.9040152Z [36;1mnpm run lint[0m
2026-05-16T05:04:36.9076507Z shell: /usr/bin/bash -e {0}
2026-05-16T05:04:36.9076969Z ##[endgroup]
2026-05-16T05:04:37.0045041Z 
2026-05-16T05:04:37.0045401Z > web@1.6.0 lint
2026-05-16T05:04:37.0045717Z > eslint .
2026-05-16T05:04:37.0045849Z 
2026-05-16T05:04:56.2770589Z 
2026-05-16T05:04:56.2772418Z /home/runner/work/prismTask/prismTask/web/src/features/medication/MedicationEditorDialog.tsx
2026-05-16T05:04:56.2773904Z   190:7  error  Error: Calling setState synchronously within an effect can trigger cascading renders
2026-05-16T05:04:56.2774521Z 
2026-05-16T05:04:56.2776419Z Effects are intended to synchronize state between React and external systems such as manually updating the DOM, state management libraries, or other platform APIs. In general, the body of an effect should do one or both of the following:
2026-05-16T05:04:56.2778340Z * Update external systems with the latest state from React.
2026-05-16T05:04:56.2779607Z * Subscribe for updates from some external system, calling setState in a callback function when external state changes.
2026-05-16T05:04:56.2780318Z 
2026-05-16T05:04:56.2781649Z Calling setState synchronously within an effect body causes cascading renders that can hurt performance, and is not recommended. (https://react.dev/learn/you-might-not-need-an-effect).
2026-05-16T05:04:56.2782807Z 
2026-05-16T05:04:56.2783542Z /home/runner/work/prismTask/prismTask/web/src/features/medication/MedicationEditorDialog.tsx:190:7
2026-05-16T05:04:56.2784352Z   188 |   useEffect(() => {
2026-05-16T05:04:56.2784704Z   189 |     if (isOpen) {
2026-05-16T05:04:56.2785158Z > 190 |       setForm(initialState(initial));
2026-05-16T05:04:56.2785747Z       |       ^^^^^^^ Avoid calling setState() directly within an effect
2026-05-16T05:04:56.2786279Z   191 |       setErrors({});
2026-05-16T05:04:56.2786607Z   192 |     }
2026-05-16T05:04:56.2787260Z   193 |   }, [isOpen, initial]);  react-hooks/set-state-in-effect
2026-05-16T05:04:56.2787645Z 
2026-05-16T05:04:56.2788271Z /home/runner/work/prismTask/prismTask/web/src/features/medication/MedicationRefillScreen.tsx
2026-05-16T05:04:56.2789290Z    88:17  error  Error: Cannot call impure function during render
2026-05-16T05:04:56.2789672Z 
2026-05-16T05:04:56.2791662Z `Date.now` is an impure function. Calling an impure function can produce unstable results that update unpredictably when the component happens to re-render. (https://react.dev/reference/rules/components-and-hooks-must-be-pure#components-and-hooks-must-be-idempotent).
2026-05-16T05:04:56.2793217Z 
2026-05-16T05:04:56.2793911Z /home/runner/work/prismTask/prismTask/web/src/features/medication/MedicationRefillScreen.tsx:88:17
2026-05-16T05:04:56.2794650Z   86 |
2026-05-16T05:04:56.2794995Z   87 |   const forecasts = useMemo(() => {
2026-05-16T05:04:56.2795471Z > 88 |     const now = Date.now();
2026-05-16T05:04:56.2795955Z      |                 ^^^^^^^^^^ Cannot call impure function
2026-05-16T05:04:56.2796551Z   89 |     const map = new Map<string, RefillForecast>();
2026-05-16T05:04:56.2797263Z   90 |     for (const refill of refills) {
2026-05-16T05:04:56.2798938Z   91 |       map.set(refill.id, forecastRefill(refill, now));                                                                                                                                                                                                                                                                                                                               react-hooks/purity
2026-05-16T05:04:56.2800860Z   382:7   error  Error: Calling setState synchronously within an effect can trigger cascading renders
2026-05-16T05:04:56.2801478Z 
2026-05-16T05:04:56.2803190Z Effects are intended to synchronize state between React and external systems such as manually updating the DOM, state management libraries, or other platform APIs. In general, the body of an effect should do one or both of the following:
2026-05-16T05:04:56.2805235Z * Update external systems with the latest state from React.
2026-05-16T05:04:56.2806415Z * Subscribe for updates from some external system, calling setState in a callback function when external state changes.
2026-05-16T05:04:56.2807274Z 
2026-05-16T05:04:56.2808656Z Calling setState synchronously within an effect body causes cascading renders that can hurt performance, and is not recommended. (https://react.dev/learn/you-might-not-need-an-effect).
2026-05-16T05:04:56.2809968Z 
2026-05-16T05:04:56.2810681Z /home/runner/work/prismTask/prismTask/web/src/features/medication/MedicationRefillScreen.tsx:382:7
2026-05-16T05:04:56.2811492Z   380 |   useEffect(() => {
2026-05-16T05:04:56.2811840Z   381 |     if (isOpen) {
2026-05-16T05:04:56.2812331Z > 382 |       setForm(initialEditorState(initial));
2026-05-16T05:04:56.2812954Z       |       ^^^^^^^ Avoid calling setState() directly within an effect
2026-05-16T05:04:56.2813466Z   383 |       setErrors({});
2026-05-16T05:04:56.2813799Z   384 |     }
2026-05-16T05:04:56.2814258Z   385 |   }, [isOpen, initial]);  react-hooks/set-state-in-effect
2026-05-16T05:04:56.2814642Z 
2026-05-16T05:04:56.2815179Z /home/runner/work/prismTask/prismTask/web/src/features/selfcare/SelfCareScreen.tsx
2026-05-16T05:04:56.2816066Z   35:31  error  Error: Cannot call impure function during render
2026-05-16T05:04:56.2816439Z 
2026-05-16T05:04:56.2818528Z `Date.now` is an impure function. Calling an impure function can produce unstable results that update unpredictably when the component happens to re-render. (https://react.dev/reference/rules/components-and-hooks-must-be-pure#components-and-hooks-must-be-idempotent).
2026-05-16T05:04:56.2820048Z 
2026-05-16T05:04:56.2820653Z /home/runner/work/prismTask/prismTask/web/src/features/selfcare/SelfCareScreen.tsx:35:31
2026-05-16T05:04:56.2821341Z   33 |
2026-05-16T05:04:56.2821658Z   34 |   const todayMs = useMemo(
2026-05-16T05:04:56.2822251Z > 35 |     () => startOfLogicalDayMs(Date.now(), startOfDayHour),
2026-05-16T05:04:56.2822978Z      |                               ^^^^^^^^^^ Cannot call impure function
2026-05-16T05:04:56.2823472Z   36 |     [startOfDayHour],
2026-05-16T05:04:56.2823811Z   37 |   );
2026-05-16T05:04:56.2824103Z   38 |  react-hooks/purity
2026-05-16T05:04:56.2824326Z 
2026-05-16T05:04:56.2824870Z /home/runner/work/prismTask/prismTask/web/src/features/today/PlanForTodaySheet.tsx
2026-05-16T05:04:56.2826139Z   73:7  error  Error: Calling setState synchronously within an effect can trigger cascading renders
2026-05-16T05:04:56.2826941Z 
2026-05-16T05:04:56.2828630Z Effects are intended to synchronize state between React and external systems such as manually updating the DOM, state management libraries, or other platform APIs. In general, the body of an effect should do one or both of the following:
2026-05-16T05:04:56.2830378Z * Update external systems with the latest state from React.
2026-05-16T05:04:56.2831561Z * Subscribe for updates from some external system, calling setState in a callback function when external state changes.
2026-05-16T05:04:56.2832192Z 
2026-05-16T05:04:56.2833497Z Calling setState synchronously within an effect body causes cascading renders that can hurt performance, and is not recommended. (https://react.dev/learn/you-might-not-need-an-effect).
2026-05-16T05:04:56.2834588Z 
2026-05-16T05:04:56.2835188Z /home/runner/work/prismTask/prismTask/web/src/features/today/PlanForTodaySheet.tsx:73:7
2026-05-16T05:04:56.2835901Z   71 |   useEffect(() => {
2026-05-16T05:04:56.2836257Z   72 |     if (isOpen) {
2026-05-16T05:04:56.2836619Z > 73 |       setSearch('');
2026-05-16T05:04:56.2837292Z      |       ^^^^^^^^^ Avoid calling setState() directly within an effect
2026-05-16T05:04:56.2837868Z   74 |       setSelectedIds(new Set());
2026-05-16T05:04:56.2838312Z   75 |       setMultiSelect(false);
2026-05-16T05:04:56.2838784Z   76 |     }  react-hooks/set-state-in-effect
2026-05-16T05:04:56.2839087Z 
2026-05-16T05:04:56.2839626Z ✖ 5 problems (5 errors, 0 warnings)
2026-05-16T05:04:56.2839889Z 
2026-05-16T05:04:56.4902391Z ##[error]Process completed with exit code 1.
2026-05-16T05:04:56.4973800Z Post job cleanup.
2026-05-16T05:04:56.5055156Z Post job cleanup.
2026-05-16T05:04:56.5898630Z [command]/usr/bin/git version
2026-05-16T05:04:56.5968505Z git version 2.54.0
2026-05-16T05:04:56.6008036Z Temporarily overriding HOME='/home/runner/work/_temp/9702822c-254f-4b2e-a8a3-2da30284ea5a' before making global git config changes
2026-05-16T05:04:56.6009738Z Adding repository directory to the temporary git global config as a safe directory
2026-05-16T05:04:56.6013884Z [command]/usr/bin/git config --global --add safe.directory /home/runner/work/prismTask/prismTask
2026-05-16T05:04:56.6046186Z Removing SSH command configuration
2026-05-16T05:04:56.6053218Z [command]/usr/bin/git config --local --name-only --get-regexp core\.sshCommand
2026-05-16T05:04:56.6088760Z [command]/usr/bin/git submodule foreach --recursive sh -c "git config --local --name-only --get-regexp 'core\.sshCommand' && git config --local --unset-all 'core.sshCommand' || :"
2026-05-16T05:04:56.6324970Z Removing HTTP extra header
2026-05-16T05:04:56.6330113Z [command]/usr/bin/git config --local --name-only --get-regexp http\.https\:\/\/github\.com\/\.extraheader
2026-05-16T05:04:56.6364169Z [command]/usr/bin/git submodule foreach --recursive sh -c "git config --local --name-only --get-regexp 'http\.https\:\/\/github\.com\/\.extraheader' && git config --local --unset-all 'http.https://github.com/.extraheader' || :"
2026-05-16T05:04:56.6594780Z Removing includeIf entries pointing to credentials config files
2026-05-16T05:04:56.6601485Z [command]/usr/bin/git config --local --name-only --get-regexp ^includeIf\.gitdir:
2026-05-16T05:04:56.6627887Z includeif.gitdir:/home/runner/work/prismTask/prismTask/.git.path
2026-05-16T05:04:56.6628770Z includeif.gitdir:/home/runner/work/prismTask/prismTask/.git/worktrees/*.path
2026-05-16T05:04:56.6629538Z includeif.gitdir:/github/workspace/.git.path
2026-05-16T05:04:56.6630230Z includeif.gitdir:/github/workspace/.git/worktrees/*.path
2026-05-16T05:04:56.6639460Z [command]/usr/bin/git config --local --get-all includeif.gitdir:/home/runner/work/prismTask/prismTask/.git.path
2026-05-16T05:04:56.6662356Z /home/runner/work/_temp/git-credentials-fa49ffc7-4350-4384-b34d-65b659e079e7.config
2026-05-16T05:04:56.6673893Z [command]/usr/bin/git config --local --unset includeif.gitdir:/home/runner/work/prismTask/prismTask/.git.path /home/runner/work/_temp/git-credentials-fa49ffc7-4350-4384-b34d-65b659e079e7.config
2026-05-16T05:04:56.6710804Z [command]/usr/bin/git config --local --get-all includeif.gitdir:/home/runner/work/prismTask/prismTask/.git/worktrees/*.path
2026-05-16T05:04:56.6733207Z /home/runner/work/_temp/git-credentials-fa49ffc7-4350-4384-b34d-65b659e079e7.config
2026-05-16T05:04:56.6743381Z [command]/usr/bin/git config --local --unset includeif.gitdir:/home/runner/work/prismTask/prismTask/.git/worktrees/*.path /home/runner/work/_temp/git-credentials-fa49ffc7-4350-4384-b34d-65b659e079e7.config
2026-05-16T05:04:56.6775489Z [command]/usr/bin/git config --local --get-all includeif.gitdir:/github/workspace/.git.path
2026-05-16T05:04:56.6797898Z /github/runner_temp/git-credentials-fa49ffc7-4350-4384-b34d-65b659e079e7.config
2026-05-16T05:04:56.6805069Z [command]/usr/bin/git config --local --unset includeif.gitdir:/github/workspace/.git.path /github/runner_temp/git-credentials-fa49ffc7-4350-4384-b34d-65b659e079e7.config
2026-05-16T05:04:56.6837058Z [command]/usr/bin/git config --local --get-all includeif.gitdir:/github/workspace/.git/worktrees/*.path
2026-05-16T05:04:56.6859554Z /github/runner_temp/git-credentials-fa49ffc7-4350-4384-b34d-65b659e079e7.config
2026-05-16T05:04:56.6868613Z [command]/usr/bin/git config --local --unset includeif.gitdir:/github/workspace/.git/worktrees/*.path /github/runner_temp/git-credentials-fa49ffc7-4350-4384-b34d-65b659e079e7.config
2026-05-16T05:04:56.6901128Z [command]/usr/bin/git submodule foreach --recursive git config --local --show-origin --name-only --get-regexp remote.origin.url
2026-05-16T05:04:56.7133571Z Removing credentials config '/home/runner/work/_temp/git-credentials-fa49ffc7-4350-4384-b34d-65b659e079e7.config'
2026-05-16T05:04:56.7272232Z Cleaning up orphan processes
2026-05-16T05:04:56.7539819Z ##[warning]Node.js 20 actions are deprecated. The following actions are running on Node.js 20 and may not work as expected: actions/setup-node@v4. Actions will be forced to run with Node.js 24 by default starting June 2nd, 2026. Node.js 20 will be removed from the runner on September 16th, 2026. Please check if updated versions of these actions are available that support Node.js 24. To opt into Node.js 24 now, set the FORCE_JAVASCRIPT_ACTIONS_TO_NODE24=true environment variable on the runner or in your workflow file. Once Node.js 24 becomes the default, you can temporarily opt out by setting ACTIONS_ALLOW_USE_UNSECURE_NODE_VERSION=true. For more information see: https://github.blog/changelog/2025-09-19-deprecation-of-node-20-on-github-actions-runners/


--- Job: web-lint-and-test (id 76295428210) ---
2026-05-16T05:05:09.9504539Z Current runner version: '2.334.0'
2026-05-16T05:05:09.9531130Z ##[group]Runner Image Provisioner
2026-05-16T05:05:09.9532409Z Hosted Compute Agent
2026-05-16T05:05:09.9533040Z Version: 20260213.493
2026-05-16T05:05:09.9533689Z Commit: 5c115507f6dd24b8de37d8bbe0bb4509d0cc0fa3
2026-05-16T05:05:09.9534465Z Build Date: 2026-02-13T00:28:41Z
2026-05-16T05:05:09.9535184Z Worker ID: {f7972ecd-f2f8-49de-ae68-707766eb6133}
2026-05-16T05:05:09.9535951Z Azure Region: northcentralus
2026-05-16T05:05:09.9536546Z ##[endgroup]
2026-05-16T05:05:09.9538093Z ##[group]Operating System
2026-05-16T05:05:09.9538698Z Ubuntu
2026-05-16T05:05:09.9539249Z 24.04.4
2026-05-16T05:05:09.9539748Z LTS
2026-05-16T05:05:09.9540246Z ##[endgroup]
2026-05-16T05:05:09.9540755Z ##[group]Runner Image
2026-05-16T05:05:09.9541625Z Image: ubuntu-24.04
2026-05-16T05:05:09.9542254Z Version: 20260513.135.3
2026-05-16T05:05:09.9543491Z Included Software: https://github.com/actions/runner-images/blob/ubuntu24/20260513.135/images/ubuntu/Ubuntu2404-Readme.md
2026-05-16T05:05:09.9545054Z Image Release: https://github.com/actions/runner-images/releases/tag/ubuntu24%2F20260513.135
2026-05-16T05:05:09.9545987Z ##[endgroup]
2026-05-16T05:05:09.9547192Z ##[group]GITHUB_TOKEN Permissions
2026-05-16T05:05:09.9549715Z Actions: read
2026-05-16T05:05:09.9550272Z Checks: read
2026-05-16T05:05:09.9550902Z Contents: write
2026-05-16T05:05:09.9551739Z Metadata: read
2026-05-16T05:05:09.9552269Z ##[endgroup]
2026-05-16T05:05:09.9554505Z Secret source: Actions
2026-05-16T05:05:09.9555804Z Prepare workflow directory
2026-05-16T05:05:09.9906396Z Prepare all required actions
2026-05-16T05:05:10.0002752Z Complete job name: web-lint-and-test
2026-05-16T05:05:10.0763632Z ##[group]Run if [ 'failure' != 'success' ]; then
2026-05-16T05:05:10.0764633Z [36;1mif [ 'failure' != 'success' ]; then[0m
2026-05-16T05:05:10.0765354Z [36;1m  echo "web-lint finished with failure" >&2[0m
2026-05-16T05:05:10.0766195Z [36;1m  exit 1[0m
2026-05-16T05:05:10.0766777Z [36;1mfi[0m
2026-05-16T05:05:10.0767293Z [36;1mif [ 'success' != 'success' ]; then[0m
2026-05-16T05:05:10.0768022Z [36;1m  echo "web-unit-tests finished with success" >&2[0m
2026-05-16T05:05:10.0768775Z [36;1m  exit 1[0m
2026-05-16T05:05:10.0769225Z [36;1mfi[0m
2026-05-16T05:05:10.0769749Z [36;1mif [ 'success' != 'success' ]; then[0m
2026-05-16T05:05:10.0770481Z [36;1m  echo "web-build finished with success" >&2[0m
2026-05-16T05:05:10.0771148Z [36;1m  exit 1[0m
2026-05-16T05:05:10.0771801Z [36;1mfi[0m
2026-05-16T05:05:10.0772506Z [36;1mecho "✓ Split web lint, unit-test shards, and build passed."[0m
2026-05-16T05:05:10.1556250Z shell: /usr/bin/bash -e {0}
2026-05-16T05:05:10.1557724Z ##[endgroup]
2026-05-16T05:05:10.1910067Z web-lint finished with failure
2026-05-16T05:05:10.1947470Z ##[error]Process completed with exit code 1.
2026-05-16T05:05:10.2119270Z Cleaning up orphan processes
