=== CI FAILURE ===
Workflow:      Web CI
Workflow file: akarlin3/prismTask/.github/workflows/web-ci.yml@refs/pull/1725/merge
Job(s):        web-lint, web-build, web-lint-and-test
Run ID:        26269725527
Run attempt:   1
Run URL:       https://github.com/akarlin3/prismTask/actions/runs/26269725527
Commit:        d50264cc8366fb5bd73e71ab5a52ba813a76e18f
Branch:        1725/merge
Event:         pull_request
Actor:         akarlin3
Runner OS:     Linux
Timestamp:     2026-05-22T05:33:14.317Z

Failed steps:
  - web-lint: #5 Run ESLint
  - web-build: #5 Build web app
  - web-lint-and-test: #2 Verify split web checks

=== FAILED JOB LOG ===

--- Job: web-lint (id 77320583765) ---
2026-05-22T05:18:39.2088102Z Current runner version: '2.334.0'
2026-05-22T05:18:39.2121378Z ##[group]Runner Image Provisioner
2026-05-22T05:18:39.2122683Z Hosted Compute Agent
2026-05-22T05:18:39.2123555Z Version: 20260213.493
2026-05-22T05:18:39.2124425Z Commit: 5c115507f6dd24b8de37d8bbe0bb4509d0cc0fa3
2026-05-22T05:18:39.2125390Z Build Date: 2026-02-13T00:28:41Z
2026-05-22T05:18:39.2126484Z Worker ID: {3d9d6a97-eef7-4491-bec6-c11227626964}
2026-05-22T05:18:39.2127493Z Azure Region: westus3
2026-05-22T05:18:39.2128266Z ##[endgroup]
2026-05-22T05:18:39.2131020Z ##[group]Operating System
2026-05-22T05:18:39.2131865Z Ubuntu
2026-05-22T05:18:39.2132868Z 24.04.4
2026-05-22T05:18:39.2133591Z LTS
2026-05-22T05:18:39.2134258Z ##[endgroup]
2026-05-22T05:18:39.2134940Z ##[group]Runner Image
2026-05-22T05:18:39.2135772Z Image: ubuntu-24.04
2026-05-22T05:18:39.2136540Z Version: 20260518.149.1
2026-05-22T05:18:39.2138401Z Included Software: https://github.com/actions/runner-images/blob/ubuntu24/20260518.149/images/ubuntu/Ubuntu2404-Readme.md
2026-05-22T05:18:39.2140710Z Image Release: https://github.com/actions/runner-images/releases/tag/ubuntu24%2F20260518.149
2026-05-22T05:18:39.2142111Z ##[endgroup]
2026-05-22T05:18:39.2144367Z ##[group]GITHUB_TOKEN Permissions
2026-05-22T05:18:39.2146927Z Actions: read
2026-05-22T05:18:39.2147632Z Checks: read
2026-05-22T05:18:39.2148424Z Contents: write
2026-05-22T05:18:39.2149104Z Metadata: read
2026-05-22T05:18:39.2149866Z PullRequests: read
2026-05-22T05:18:39.2150652Z ##[endgroup]
2026-05-22T05:18:39.2154671Z Secret source: Actions
2026-05-22T05:18:39.2155708Z Prepare workflow directory
2026-05-22T05:18:39.3500563Z Prepare all required actions
2026-05-22T05:18:39.3618657Z Getting action download info
2026-05-22T05:18:39.8764439Z Download action repository 'actions/checkout@v6' (SHA:de0fac2e4500dabe0009e67214ff5f5447ce83dd)
2026-05-22T05:18:40.6656957Z Complete job name: web-lint
2026-05-22T05:18:40.7408784Z ##[group]Run actions/checkout@v6
2026-05-22T05:18:40.7410095Z with:
2026-05-22T05:18:40.7410965Z   repository: akarlin3/prismTask
2026-05-22T05:18:40.7412404Z   token: ***
2026-05-22T05:18:40.7413164Z   ssh-strict: true
2026-05-22T05:18:40.7413931Z   ssh-user: git
2026-05-22T05:18:40.7414762Z   persist-credentials: true
2026-05-22T05:18:40.7415646Z   clean: true
2026-05-22T05:18:40.7416420Z   sparse-checkout-cone-mode: true
2026-05-22T05:18:40.7417388Z   fetch-depth: 1
2026-05-22T05:18:40.7418326Z   fetch-tags: false
2026-05-22T05:18:40.7419120Z   show-progress: true
2026-05-22T05:18:40.7419919Z   lfs: false
2026-05-22T05:18:40.7420655Z   submodules: false
2026-05-22T05:18:40.7421437Z   set-safe-directory: true
2026-05-22T05:18:40.7422777Z ##[endgroup]
2026-05-22T05:18:40.8520835Z Syncing repository: akarlin3/prismTask
2026-05-22T05:18:40.8524229Z ##[group]Getting Git version info
2026-05-22T05:18:40.8525820Z Working directory is '/home/runner/work/prismTask/prismTask'
2026-05-22T05:18:40.8529733Z [command]/usr/bin/git version
2026-05-22T05:18:40.8557324Z git version 2.54.0
2026-05-22T05:18:40.8581817Z ##[endgroup]
2026-05-22T05:18:40.8598085Z Temporarily overriding HOME='/home/runner/work/_temp/d42fcb0a-30b3-440f-9925-1134061ae613' before making global git config changes
2026-05-22T05:18:40.8603553Z Adding repository directory to the temporary git global config as a safe directory
2026-05-22T05:18:40.8607394Z [command]/usr/bin/git config --global --add safe.directory /home/runner/work/prismTask/prismTask
2026-05-22T05:18:40.8649957Z Deleting the contents of '/home/runner/work/prismTask/prismTask'
2026-05-22T05:18:40.8654121Z ##[group]Initializing the repository
2026-05-22T05:18:40.8660095Z [command]/usr/bin/git init /home/runner/work/prismTask/prismTask
2026-05-22T05:18:40.8728715Z hint: Using 'master' as the name for the initial branch. This default branch name
2026-05-22T05:18:40.8732530Z hint: will change to "main" in Git 3.0. To configure the initial branch name
2026-05-22T05:18:40.8736332Z hint: to use in all of your new repositories, which will suppress this warning,
2026-05-22T05:18:40.8739402Z hint: call:
2026-05-22T05:18:40.8741494Z hint:
2026-05-22T05:18:40.8743862Z hint: 	git config --global init.defaultBranch <name>
2026-05-22T05:18:40.8746428Z hint:
2026-05-22T05:18:40.8748604Z hint: Names commonly chosen instead of 'master' are 'main', 'trunk' and
2026-05-22T05:18:40.8753222Z hint: 'development'. The just-created branch can be renamed via this command:
2026-05-22T05:18:40.8756019Z hint:
2026-05-22T05:18:40.8757863Z hint: 	git branch -m <name>
2026-05-22T05:18:40.8759543Z hint:
2026-05-22T05:18:40.8762029Z hint: Disable this message with "git config set advice.defaultBranchName false"
2026-05-22T05:18:40.8765998Z Initialized empty Git repository in /home/runner/work/prismTask/prismTask/.git/
2026-05-22T05:18:40.8771972Z [command]/usr/bin/git remote add origin https://github.com/akarlin3/prismTask
2026-05-22T05:18:40.8793672Z ##[endgroup]
2026-05-22T05:18:40.8796681Z ##[group]Disabling automatic garbage collection
2026-05-22T05:18:40.8799029Z [command]/usr/bin/git config --local gc.auto 0
2026-05-22T05:18:40.8825260Z ##[endgroup]
2026-05-22T05:18:40.8827433Z ##[group]Setting up auth
2026-05-22T05:18:40.8829378Z Removing SSH command configuration
2026-05-22T05:18:40.8834030Z [command]/usr/bin/git config --local --name-only --get-regexp core\.sshCommand
2026-05-22T05:18:40.8865888Z [command]/usr/bin/git submodule foreach --recursive sh -c "git config --local --name-only --get-regexp 'core\.sshCommand' && git config --local --unset-all 'core.sshCommand' || :"
2026-05-22T05:18:40.9179450Z Removing HTTP extra header
2026-05-22T05:18:40.9187836Z [command]/usr/bin/git config --local --name-only --get-regexp http\.https\:\/\/github\.com\/\.extraheader
2026-05-22T05:18:40.9203018Z [command]/usr/bin/git submodule foreach --recursive sh -c "git config --local --name-only --get-regexp 'http\.https\:\/\/github\.com\/\.extraheader' && git config --local --unset-all 'http.https://github.com/.extraheader' || :"
2026-05-22T05:18:40.9357231Z Removing includeIf entries pointing to credentials config files
2026-05-22T05:18:40.9362166Z [command]/usr/bin/git config --local --name-only --get-regexp ^includeIf\.gitdir:
2026-05-22T05:18:40.9525510Z [command]/usr/bin/git submodule foreach --recursive git config --local --show-origin --name-only --get-regexp remote.origin.url
2026-05-22T05:18:40.9646679Z [command]/usr/bin/git config --file /home/runner/work/_temp/git-credentials-773045ff-e9a3-4e00-9dfc-dd7eab3c2771.config http.https://github.com/.extraheader AUTHORIZATION: basic ***
2026-05-22T05:18:40.9676383Z [command]/usr/bin/git config --local includeIf.gitdir:/home/runner/work/prismTask/prismTask/.git.path /home/runner/work/_temp/git-credentials-773045ff-e9a3-4e00-9dfc-dd7eab3c2771.config
2026-05-22T05:18:40.9704155Z [command]/usr/bin/git config --local includeIf.gitdir:/home/runner/work/prismTask/prismTask/.git/worktrees/*.path /home/runner/work/_temp/git-credentials-773045ff-e9a3-4e00-9dfc-dd7eab3c2771.config
2026-05-22T05:18:40.9733889Z [command]/usr/bin/git config --local includeIf.gitdir:/github/workspace/.git.path /github/runner_temp/git-credentials-773045ff-e9a3-4e00-9dfc-dd7eab3c2771.config
2026-05-22T05:18:40.9762471Z [command]/usr/bin/git config --local includeIf.gitdir:/github/workspace/.git/worktrees/*.path /github/runner_temp/git-credentials-773045ff-e9a3-4e00-9dfc-dd7eab3c2771.config
2026-05-22T05:18:40.9794575Z ##[endgroup]
2026-05-22T05:18:40.9796914Z ##[group]Fetching the repository
2026-05-22T05:18:40.9803448Z [command]/usr/bin/git -c protocol.version=2 fetch --no-tags --prune --no-recurse-submodules --depth=1 origin +d50264cc8366fb5bd73e71ab5a52ba813a76e18f:refs/remotes/pull/1725/merge
2026-05-22T05:18:44.0055273Z From https://github.com/akarlin3/prismTask
2026-05-22T05:18:44.0068327Z  * [new ref]         d50264cc8366fb5bd73e71ab5a52ba813a76e18f -> pull/1725/merge
2026-05-22T05:18:44.0095492Z ##[endgroup]
2026-05-22T05:18:44.0096541Z ##[group]Determining the checkout info
2026-05-22T05:18:44.0097636Z ##[endgroup]
2026-05-22T05:18:44.0113110Z [command]/usr/bin/git sparse-checkout disable
2026-05-22T05:18:44.0156558Z [command]/usr/bin/git config --local --unset-all extensions.worktreeConfig
2026-05-22T05:18:44.0178494Z ##[group]Checking out the ref
2026-05-22T05:18:44.0182737Z [command]/usr/bin/git checkout --progress --force refs/remotes/pull/1725/merge
2026-05-22T05:18:44.2859999Z Note: switching to 'refs/remotes/pull/1725/merge'.
2026-05-22T05:18:44.2861006Z 
2026-05-22T05:18:44.2862950Z You are in 'detached HEAD' state. You can look around, make experimental
2026-05-22T05:18:44.2863781Z changes and commit them, and you can discard any commits you make in this
2026-05-22T05:18:44.2864571Z state without impacting any branches by switching back to a branch.
2026-05-22T05:18:44.2865022Z 
2026-05-22T05:18:44.2865381Z If you want to create a new branch to retain commits you create, you may
2026-05-22T05:18:44.2866153Z do so (now or later) by using -c with the switch command. Example:
2026-05-22T05:18:44.2866630Z 
2026-05-22T05:18:44.2866826Z   git switch -c <new-branch-name>
2026-05-22T05:18:44.2867112Z 
2026-05-22T05:18:44.2867310Z Or undo this operation with:
2026-05-22T05:18:44.2867637Z 
2026-05-22T05:18:44.2867784Z   git switch -
2026-05-22T05:18:44.2868028Z 
2026-05-22T05:18:44.2868407Z Turn off this advice by setting config variable advice.detachedHead to false
2026-05-22T05:18:44.2868947Z 
2026-05-22T05:18:44.2869501Z HEAD is now at d50264c Merge 2e609f3a1e529f18290b03db6d30d2e59edcb705 into dc8d9429fc6cdae5fb0b437eb46e46faff5884de
2026-05-22T05:18:44.2877626Z ##[endgroup]
2026-05-22T05:18:44.2914913Z [command]/usr/bin/git log -1 --format=%H
2026-05-22T05:18:44.2935799Z d50264cc8366fb5bd73e71ab5a52ba813a76e18f
2026-05-22T05:18:44.3200846Z Prepare all required actions
2026-05-22T05:18:44.3201334Z Getting action download info
2026-05-22T05:18:44.4884786Z Download action repository 'actions/setup-node@v4' (SHA:49933ea5288caeca8642d1e84afbd3f7d6820020)
2026-05-22T05:18:44.5757441Z ##[group]Run ./.github/actions/setup-node-web
2026-05-22T05:18:44.5757723Z ##[endgroup]
2026-05-22T05:18:44.5883296Z ##[group]Run actions/setup-node@v4
2026-05-22T05:18:44.5883589Z with:
2026-05-22T05:18:44.5883762Z   node-version: 22
2026-05-22T05:18:44.5883944Z   cache: npm
2026-05-22T05:18:44.5884153Z   cache-dependency-path: web/package-lock.json
2026-05-22T05:18:44.5884418Z   always-auth: false
2026-05-22T05:18:44.5884596Z   check-latest: false
2026-05-22T05:18:44.5884947Z   token: ***
2026-05-22T05:18:44.5885118Z ##[endgroup]
2026-05-22T05:18:44.7610520Z Found in cache @ /opt/hostedtoolcache/node/22.22.3/x64
2026-05-22T05:18:44.7617720Z ##[group]Environment details
2026-05-22T05:18:45.4973067Z node: v22.22.3
2026-05-22T05:18:45.4973991Z npm: 10.9.8
2026-05-22T05:18:45.4974451Z yarn: 1.22.22
2026-05-22T05:18:45.4975326Z ##[endgroup]
2026-05-22T05:18:45.4989320Z [command]/opt/hostedtoolcache/node/22.22.3/x64/bin/npm config get cache
2026-05-22T05:18:45.6116993Z /home/runner/.npm
2026-05-22T05:18:45.8833262Z Cache hit for: node-cache-Linux-x64-npm-3222b1c880a44f7138c65489983afc11abdae8dd21b7b6ff0c6531ea738265e5
2026-05-22T05:18:47.1459206Z Received 8388608 of 94795502 (8.8%), 8.0 MBs/sec
2026-05-22T05:18:47.8704911Z Received 94795502 of 94795502 (100.0%), 52.4 MBs/sec
2026-05-22T05:18:47.8706867Z Cache Size: ~90 MB (94795502 B)
2026-05-22T05:18:47.8812434Z [command]/usr/bin/tar -xf /home/runner/work/_temp/0960ae63-f1d0-4477-8eb4-daf791b27c33/cache.tzst -P -C /home/runner/work/prismTask/prismTask --use-compress-program unzstd
2026-05-22T05:18:48.0302331Z Cache restored successfully
2026-05-22T05:18:48.0341963Z Cache restored from key: node-cache-Linux-x64-npm-3222b1c880a44f7138c65489983afc11abdae8dd21b7b6ff0c6531ea738265e5
2026-05-22T05:18:48.0472548Z ##[group]Run npm ci
2026-05-22T05:18:48.0472827Z [36;1mnpm ci[0m
2026-05-22T05:18:48.0504694Z shell: /usr/bin/bash --noprofile --norc -e -o pipefail {0}
2026-05-22T05:18:48.0505030Z ##[endgroup]
2026-05-22T05:18:57.3453249Z 
2026-05-22T05:18:57.3480854Z added 436 packages, and audited 437 packages in 9s
2026-05-22T05:18:57.3522707Z 
2026-05-22T05:18:57.3524620Z 94 packages are looking for funding
2026-05-22T05:18:57.3536516Z   run `npm fund` for details
2026-05-22T05:18:57.3612523Z 
2026-05-22T05:18:57.3633210Z 4 vulnerabilities (3 moderate, 1 critical)
2026-05-22T05:18:57.3633639Z 
2026-05-22T05:18:57.3633899Z To address all issues, run:
2026-05-22T05:18:57.3634332Z   npm audit fix
2026-05-22T05:18:57.3634537Z 
2026-05-22T05:18:57.3634741Z Run `npm audit` for details.
2026-05-22T05:18:57.4508458Z ##[group]Run npm run lint
2026-05-22T05:18:57.4508891Z [36;1mnpm run lint[0m
2026-05-22T05:18:57.4539389Z shell: /usr/bin/bash -e {0}
2026-05-22T05:18:57.4539816Z ##[endgroup]
2026-05-22T05:18:57.5922895Z 
2026-05-22T05:18:57.5943262Z > web@2.0.0 lint
2026-05-22T05:18:57.5944066Z > eslint .
2026-05-22T05:18:57.5956636Z 
2026-05-22T05:19:30.6641225Z 
2026-05-22T05:19:30.6644547Z /home/runner/work/prismTask/prismTask/web/src/routes/index.tsx
2026-05-22T05:19:30.6696391Z ##[error]  14:7  error  Fast refresh only works when a file only exports components. Move your component(s) to a separate file. If all exports are HOCs, add them to the `extraHOCs` option  react-refresh/only-export-components
2026-05-22T05:19:30.6712147Z ##[error]  15:7  error  Fast refresh only works when a file only exports components. Move your component(s) to a separate file. If all exports are HOCs, add them to the `extraHOCs` option  react-refresh/only-export-components
2026-05-22T05:19:30.6717285Z ##[error]  18:7  error  Fast refresh only works when a file only exports components. Move your component(s) to a separate file. If all exports are HOCs, add them to the `extraHOCs` option  react-refresh/only-export-components
2026-05-22T05:19:30.6721591Z ##[error]  19:7  error  Fast refresh only works when a file only exports components. Move your component(s) to a separate file. If all exports are HOCs, add them to the `extraHOCs` option  react-refresh/only-export-components
2026-05-22T05:19:30.6726138Z ##[error]  20:7  error  Fast refresh only works when a file only exports components. Move your component(s) to a separate file. If all exports are HOCs, add them to the `extraHOCs` option  react-refresh/only-export-components
2026-05-22T05:19:30.6728123Z 
2026-05-22T05:19:30.6728686Z ✖ 5 problems (5 errors, 0 warnings)
2026-05-22T05:19:30.6728942Z 
2026-05-22T05:19:30.7836319Z ##[error]Process completed with exit code 1.
2026-05-22T05:19:30.7898963Z Post job cleanup.
2026-05-22T05:19:30.7971492Z Post job cleanup.
2026-05-22T05:19:30.8803266Z [command]/usr/bin/git version
2026-05-22T05:19:30.8839333Z git version 2.54.0
2026-05-22T05:19:30.8879360Z Temporarily overriding HOME='/home/runner/work/_temp/94b34b92-783a-46b6-9870-ed47452be138' before making global git config changes
2026-05-22T05:19:30.8881105Z Adding repository directory to the temporary git global config as a safe directory
2026-05-22T05:19:30.8884462Z [command]/usr/bin/git config --global --add safe.directory /home/runner/work/prismTask/prismTask
2026-05-22T05:19:30.8914421Z Removing SSH command configuration
2026-05-22T05:19:30.8921544Z [command]/usr/bin/git config --local --name-only --get-regexp core\.sshCommand
2026-05-22T05:19:30.8955634Z [command]/usr/bin/git submodule foreach --recursive sh -c "git config --local --name-only --get-regexp 'core\.sshCommand' && git config --local --unset-all 'core.sshCommand' || :"
2026-05-22T05:19:30.9138460Z Removing HTTP extra header
2026-05-22T05:19:30.9144774Z [command]/usr/bin/git config --local --name-only --get-regexp http\.https\:\/\/github\.com\/\.extraheader
2026-05-22T05:19:30.9177770Z [command]/usr/bin/git submodule foreach --recursive sh -c "git config --local --name-only --get-regexp 'http\.https\:\/\/github\.com\/\.extraheader' && git config --local --unset-all 'http.https://github.com/.extraheader' || :"
2026-05-22T05:19:30.9355784Z Removing includeIf entries pointing to credentials config files
2026-05-22T05:19:30.9363571Z [command]/usr/bin/git config --local --name-only --get-regexp ^includeIf\.gitdir:
2026-05-22T05:19:30.9387231Z includeif.gitdir:/home/runner/work/prismTask/prismTask/.git.path
2026-05-22T05:19:30.9388487Z includeif.gitdir:/home/runner/work/prismTask/prismTask/.git/worktrees/*.path
2026-05-22T05:19:30.9390131Z includeif.gitdir:/github/workspace/.git.path
2026-05-22T05:19:30.9391121Z includeif.gitdir:/github/workspace/.git/worktrees/*.path
2026-05-22T05:19:30.9398152Z [command]/usr/bin/git config --local --get-all includeif.gitdir:/home/runner/work/prismTask/prismTask/.git.path
2026-05-22T05:19:30.9417317Z /home/runner/work/_temp/git-credentials-773045ff-e9a3-4e00-9dfc-dd7eab3c2771.config
2026-05-22T05:19:30.9429665Z [command]/usr/bin/git config --local --unset includeif.gitdir:/home/runner/work/prismTask/prismTask/.git.path /home/runner/work/_temp/git-credentials-773045ff-e9a3-4e00-9dfc-dd7eab3c2771.config
2026-05-22T05:19:30.9461874Z [command]/usr/bin/git config --local --get-all includeif.gitdir:/home/runner/work/prismTask/prismTask/.git/worktrees/*.path
2026-05-22T05:19:30.9482342Z /home/runner/work/_temp/git-credentials-773045ff-e9a3-4e00-9dfc-dd7eab3c2771.config
2026-05-22T05:19:30.9491902Z [command]/usr/bin/git config --local --unset includeif.gitdir:/home/runner/work/prismTask/prismTask/.git/worktrees/*.path /home/runner/work/_temp/git-credentials-773045ff-e9a3-4e00-9dfc-dd7eab3c2771.config
2026-05-22T05:19:30.9520228Z [command]/usr/bin/git config --local --get-all includeif.gitdir:/github/workspace/.git.path
2026-05-22T05:19:30.9539414Z /github/runner_temp/git-credentials-773045ff-e9a3-4e00-9dfc-dd7eab3c2771.config
2026-05-22T05:19:30.9546666Z [command]/usr/bin/git config --local --unset includeif.gitdir:/github/workspace/.git.path /github/runner_temp/git-credentials-773045ff-e9a3-4e00-9dfc-dd7eab3c2771.config
2026-05-22T05:19:30.9573850Z [command]/usr/bin/git config --local --get-all includeif.gitdir:/github/workspace/.git/worktrees/*.path
2026-05-22T05:19:30.9591134Z /github/runner_temp/git-credentials-773045ff-e9a3-4e00-9dfc-dd7eab3c2771.config
2026-05-22T05:19:30.9600426Z [command]/usr/bin/git config --local --unset includeif.gitdir:/github/workspace/.git/worktrees/*.path /github/runner_temp/git-credentials-773045ff-e9a3-4e00-9dfc-dd7eab3c2771.config
2026-05-22T05:19:30.9627520Z [command]/usr/bin/git submodule foreach --recursive git config --local --show-origin --name-only --get-regexp remote.origin.url
2026-05-22T05:19:30.9925382Z Removing credentials config '/home/runner/work/_temp/git-credentials-773045ff-e9a3-4e00-9dfc-dd7eab3c2771.config'
2026-05-22T05:19:31.0083826Z Cleaning up orphan processes
2026-05-22T05:19:31.0308366Z ##[warning]Node.js 20 actions are deprecated. The following actions are running on Node.js 20 and may not work as expected: actions/setup-node@v4. Actions will be forced to run with Node.js 24 by default starting June 2nd, 2026. Node.js 20 will be removed from the runner on September 16th, 2026. Please check if updated versions of these actions are available that support Node.js 24. To opt into Node.js 24 now, set the FORCE_JAVASCRIPT_ACTIONS_TO_NODE24=true environment variable on the runner or in your workflow file. Once Node.js 24 becomes the default, you can temporarily opt out by setting ACTIONS_ALLOW_USE_UNSECURE_NODE_VERSION=true. For more information see: https://github.blog/changelog/2025-09-19-deprecation-of-node-20-on-github-actions-runners/


--- Job: web-build (id 77320583823) ---
2026-05-22T05:21:18.8618892Z Current runner version: '2.334.0'
2026-05-22T05:21:18.8641859Z ##[group]Runner Image Provisioner
2026-05-22T05:21:18.8642511Z Hosted Compute Agent
2026-05-22T05:21:18.8643282Z Version: 20260213.493
2026-05-22T05:21:18.8643791Z Commit: 5c115507f6dd24b8de37d8bbe0bb4509d0cc0fa3
2026-05-22T05:21:18.8644340Z Build Date: 2026-02-13T00:28:41Z
2026-05-22T05:21:18.8644933Z Worker ID: {28977540-8ff9-4d89-8ebf-3becae7c3aff}
2026-05-22T05:21:18.8645474Z Azure Region: westcentralus
2026-05-22T05:21:18.8645967Z ##[endgroup]
2026-05-22T05:21:18.8647371Z ##[group]Operating System
2026-05-22T05:21:18.8647851Z Ubuntu
2026-05-22T05:21:18.8648261Z 24.04.4
2026-05-22T05:21:18.8648640Z LTS
2026-05-22T05:21:18.8649059Z ##[endgroup]
2026-05-22T05:21:18.8649448Z ##[group]Runner Image
2026-05-22T05:21:18.8649959Z Image: ubuntu-24.04
2026-05-22T05:21:18.8650372Z Version: 20260513.135.3
2026-05-22T05:21:18.8651353Z Included Software: https://github.com/actions/runner-images/blob/ubuntu24/20260513.135/images/ubuntu/Ubuntu2404-Readme.md
2026-05-22T05:21:18.8652561Z Image Release: https://github.com/actions/runner-images/releases/tag/ubuntu24%2F20260513.135
2026-05-22T05:21:18.8653463Z ##[endgroup]
2026-05-22T05:21:18.8654568Z ##[group]GITHUB_TOKEN Permissions
2026-05-22T05:21:18.8656130Z Actions: read
2026-05-22T05:21:18.8656579Z Checks: read
2026-05-22T05:21:18.8657102Z Contents: write
2026-05-22T05:21:18.8657498Z Metadata: read
2026-05-22T05:21:18.8657937Z PullRequests: read
2026-05-22T05:21:18.8658398Z ##[endgroup]
2026-05-22T05:21:18.8660146Z Secret source: Actions
2026-05-22T05:21:18.8660682Z Prepare workflow directory
2026-05-22T05:21:18.8989674Z Prepare all required actions
2026-05-22T05:21:18.9031401Z Getting action download info
2026-05-22T05:21:19.2451692Z Download action repository 'actions/checkout@v6' (SHA:de0fac2e4500dabe0009e67214ff5f5447ce83dd)
2026-05-22T05:21:19.8521276Z Complete job name: web-build
2026-05-22T05:21:19.9074694Z ##[group]Run actions/checkout@v6
2026-05-22T05:21:19.9075369Z with:
2026-05-22T05:21:19.9075735Z   repository: akarlin3/prismTask
2026-05-22T05:21:19.9076330Z   token: ***
2026-05-22T05:21:19.9076674Z   ssh-strict: true
2026-05-22T05:21:19.9077021Z   ssh-user: git
2026-05-22T05:21:19.9077376Z   persist-credentials: true
2026-05-22T05:21:19.9077767Z   clean: true
2026-05-22T05:21:19.9078116Z   sparse-checkout-cone-mode: true
2026-05-22T05:21:19.9078528Z   fetch-depth: 1
2026-05-22T05:21:19.9078861Z   fetch-tags: false
2026-05-22T05:21:19.9079217Z   show-progress: true
2026-05-22T05:21:19.9079563Z   lfs: false
2026-05-22T05:21:19.9079901Z   submodules: false
2026-05-22T05:21:19.9080248Z   set-safe-directory: true
2026-05-22T05:21:19.9080777Z ##[endgroup]
2026-05-22T05:21:19.9924397Z Syncing repository: akarlin3/prismTask
2026-05-22T05:21:19.9927331Z ##[group]Getting Git version info
2026-05-22T05:21:19.9928431Z Working directory is '/home/runner/work/prismTask/prismTask'
2026-05-22T05:21:19.9930137Z [command]/usr/bin/git version
2026-05-22T05:21:19.9970464Z git version 2.54.0
2026-05-22T05:21:19.9984613Z ##[endgroup]
2026-05-22T05:21:19.9997431Z Temporarily overriding HOME='/home/runner/work/_temp/3a0a79a3-aff5-4c01-8b48-dc343c5e4de6' before making global git config changes
2026-05-22T05:21:20.0001274Z Adding repository directory to the temporary git global config as a safe directory
2026-05-22T05:21:20.0003216Z [command]/usr/bin/git config --global --add safe.directory /home/runner/work/prismTask/prismTask
2026-05-22T05:21:20.0034820Z Deleting the contents of '/home/runner/work/prismTask/prismTask'
2026-05-22T05:21:20.0038827Z ##[group]Initializing the repository
2026-05-22T05:21:20.0043404Z [command]/usr/bin/git init /home/runner/work/prismTask/prismTask
2026-05-22T05:21:20.0160630Z hint: Using 'master' as the name for the initial branch. This default branch name
2026-05-22T05:21:20.0163600Z hint: will change to "main" in Git 3.0. To configure the initial branch name
2026-05-22T05:21:20.0167224Z hint: to use in all of your new repositories, which will suppress this warning,
2026-05-22T05:21:20.0168585Z hint: call:
2026-05-22T05:21:20.0170472Z hint:
2026-05-22T05:21:20.0171632Z hint: 	git config --global init.defaultBranch <name>
2026-05-22T05:21:20.0173175Z hint:
2026-05-22T05:21:20.0174235Z hint: Names commonly chosen instead of 'master' are 'main', 'trunk' and
2026-05-22T05:21:20.0176262Z hint: 'development'. The just-created branch can be renamed via this command:
2026-05-22T05:21:20.0177520Z hint:
2026-05-22T05:21:20.0178547Z hint: 	git branch -m <name>
2026-05-22T05:21:20.0179402Z hint:
2026-05-22T05:21:20.0180655Z hint: Disable this message with "git config set advice.defaultBranchName false"
2026-05-22T05:21:20.0182405Z Initialized empty Git repository in /home/runner/work/prismTask/prismTask/.git/
2026-05-22T05:21:20.0186506Z [command]/usr/bin/git remote add origin https://github.com/akarlin3/prismTask
2026-05-22T05:21:20.0204254Z ##[endgroup]
2026-05-22T05:21:20.0205725Z ##[group]Disabling automatic garbage collection
2026-05-22T05:21:20.0207158Z [command]/usr/bin/git config --local gc.auto 0
2026-05-22T05:21:20.0234870Z ##[endgroup]
2026-05-22T05:21:20.0236320Z ##[group]Setting up auth
2026-05-22T05:21:20.0237570Z Removing SSH command configuration
2026-05-22T05:21:20.0240929Z [command]/usr/bin/git config --local --name-only --get-regexp core\.sshCommand
2026-05-22T05:21:20.0268459Z [command]/usr/bin/git submodule foreach --recursive sh -c "git config --local --name-only --get-regexp 'core\.sshCommand' && git config --local --unset-all 'core.sshCommand' || :"
2026-05-22T05:21:20.0952492Z Removing HTTP extra header
2026-05-22T05:21:20.0954945Z [command]/usr/bin/git config --local --name-only --get-regexp http\.https\:\/\/github\.com\/\.extraheader
2026-05-22T05:21:20.0964874Z [command]/usr/bin/git submodule foreach --recursive sh -c "git config --local --name-only --get-regexp 'http\.https\:\/\/github\.com\/\.extraheader' && git config --local --unset-all 'http.https://github.com/.extraheader' || :"
2026-05-22T05:21:20.1154929Z Removing includeIf entries pointing to credentials config files
2026-05-22T05:21:20.1158313Z [command]/usr/bin/git config --local --name-only --get-regexp ^includeIf\.gitdir:
2026-05-22T05:21:20.1185572Z [command]/usr/bin/git submodule foreach --recursive git config --local --show-origin --name-only --get-regexp remote.origin.url
2026-05-22T05:21:20.1378099Z [command]/usr/bin/git config --file /home/runner/work/_temp/git-credentials-9964387b-21e6-4ec4-b5dc-a9d352ff2494.config http.https://github.com/.extraheader AUTHORIZATION: basic ***
2026-05-22T05:21:20.1409270Z [command]/usr/bin/git config --local includeIf.gitdir:/home/runner/work/prismTask/prismTask/.git.path /home/runner/work/_temp/git-credentials-9964387b-21e6-4ec4-b5dc-a9d352ff2494.config
2026-05-22T05:21:20.1435130Z [command]/usr/bin/git config --local includeIf.gitdir:/home/runner/work/prismTask/prismTask/.git/worktrees/*.path /home/runner/work/_temp/git-credentials-9964387b-21e6-4ec4-b5dc-a9d352ff2494.config
2026-05-22T05:21:20.1460976Z [command]/usr/bin/git config --local includeIf.gitdir:/github/workspace/.git.path /github/runner_temp/git-credentials-9964387b-21e6-4ec4-b5dc-a9d352ff2494.config
2026-05-22T05:21:20.1493226Z [command]/usr/bin/git config --local includeIf.gitdir:/github/workspace/.git/worktrees/*.path /github/runner_temp/git-credentials-9964387b-21e6-4ec4-b5dc-a9d352ff2494.config
2026-05-22T05:21:20.2560487Z ##[endgroup]
2026-05-22T05:21:20.2561692Z ##[group]Fetching the repository
2026-05-22T05:21:20.2564306Z [command]/usr/bin/git -c protocol.version=2 fetch --no-tags --prune --no-recurse-submodules --depth=1 origin +d50264cc8366fb5bd73e71ab5a52ba813a76e18f:refs/remotes/pull/1725/merge
2026-05-22T05:21:23.3762279Z From https://github.com/akarlin3/prismTask
2026-05-22T05:21:23.3783196Z  * [new ref]         d50264cc8366fb5bd73e71ab5a52ba813a76e18f -> pull/1725/merge
2026-05-22T05:21:23.3801340Z ##[endgroup]
2026-05-22T05:21:23.3802037Z ##[group]Determining the checkout info
2026-05-22T05:21:23.3815009Z ##[endgroup]
2026-05-22T05:21:23.3817074Z [command]/usr/bin/git sparse-checkout disable
2026-05-22T05:21:23.3838809Z [command]/usr/bin/git config --local --unset-all extensions.worktreeConfig
2026-05-22T05:21:23.4031655Z ##[group]Checking out the ref
2026-05-22T05:21:23.4032458Z [command]/usr/bin/git checkout --progress --force refs/remotes/pull/1725/merge
2026-05-22T05:21:23.9514986Z Note: switching to 'refs/remotes/pull/1725/merge'.
2026-05-22T05:21:23.9515846Z 
2026-05-22T05:21:23.9533493Z You are in 'detached HEAD' state. You can look around, make experimental
2026-05-22T05:21:23.9553401Z changes and commit them, and you can discard any commits you make in this
2026-05-22T05:21:23.9569151Z state without impacting any branches by switching back to a branch.
2026-05-22T05:21:23.9584632Z 
2026-05-22T05:21:23.9585314Z If you want to create a new branch to retain commits you create, you may
2026-05-22T05:21:23.9593757Z do so (now or later) by using -c with the switch command. Example:
2026-05-22T05:21:23.9615266Z 
2026-05-22T05:21:23.9628485Z   git switch -c <new-branch-name>
2026-05-22T05:21:23.9628904Z 
2026-05-22T05:21:23.9635664Z Or undo this operation with:
2026-05-22T05:21:23.9639349Z 
2026-05-22T05:21:23.9644696Z   git switch -
2026-05-22T05:21:23.9673199Z 
2026-05-22T05:21:23.9673789Z Turn off this advice by setting config variable advice.detachedHead to false
2026-05-22T05:21:23.9682609Z 
2026-05-22T05:21:23.9684158Z HEAD is now at d50264c Merge 2e609f3a1e529f18290b03db6d30d2e59edcb705 into dc8d9429fc6cdae5fb0b437eb46e46faff5884de
2026-05-22T05:21:23.9686320Z ##[endgroup]
2026-05-22T05:21:23.9687290Z [command]/usr/bin/git log -1 --format=%H
2026-05-22T05:21:23.9687781Z d50264cc8366fb5bd73e71ab5a52ba813a76e18f
2026-05-22T05:21:23.9879309Z Prepare all required actions
2026-05-22T05:21:23.9879670Z Getting action download info
2026-05-22T05:21:24.1670485Z Download action repository 'actions/setup-node@v4' (SHA:49933ea5288caeca8642d1e84afbd3f7d6820020)
2026-05-22T05:21:24.4743826Z ##[group]Run ./.github/actions/setup-node-web
2026-05-22T05:21:24.4744070Z ##[endgroup]
2026-05-22T05:21:24.4848402Z ##[group]Run actions/setup-node@v4
2026-05-22T05:21:24.4848654Z with:
2026-05-22T05:21:24.4848819Z   node-version: 22
2026-05-22T05:21:24.4848986Z   cache: npm
2026-05-22T05:21:24.4849175Z   cache-dependency-path: web/package-lock.json
2026-05-22T05:21:24.4849411Z   always-auth: false
2026-05-22T05:21:24.4849572Z   check-latest: false
2026-05-22T05:21:24.4849834Z   token: ***
2026-05-22T05:21:24.4849996Z ##[endgroup]
2026-05-22T05:21:24.7594908Z Found in cache @ /opt/hostedtoolcache/node/22.22.2/x64
2026-05-22T05:21:24.7595889Z ##[group]Environment details
2026-05-22T05:21:25.3900417Z node: v22.22.2
2026-05-22T05:21:25.3901523Z npm: 10.9.7
2026-05-22T05:21:25.3902208Z yarn: 1.22.22
2026-05-22T05:21:25.3903746Z ##[endgroup]
2026-05-22T05:21:25.3923734Z [command]/opt/hostedtoolcache/node/22.22.2/x64/bin/npm config get cache
2026-05-22T05:21:25.5846601Z /home/runner/.npm
2026-05-22T05:21:25.8985834Z Cache hit for: node-cache-Linux-x64-npm-3222b1c880a44f7138c65489983afc11abdae8dd21b7b6ff0c6531ea738265e5
2026-05-22T05:21:27.1346316Z Received 29360128 of 94795502 (31.0%), 28.0 MBs/sec
2026-05-22T05:21:27.5324526Z Received 94795502 of 94795502 (100.0%), 64.6 MBs/sec
2026-05-22T05:21:27.5325349Z Cache Size: ~90 MB (94795502 B)
2026-05-22T05:21:27.5349548Z [command]/usr/bin/tar -xf /home/runner/work/_temp/e402e3ee-4d01-4ac2-9a9e-f805ea50de6b/cache.tzst -P -C /home/runner/work/prismTask/prismTask --use-compress-program unzstd
2026-05-22T05:21:27.7104379Z Cache restored successfully
2026-05-22T05:21:27.7148762Z Cache restored from key: node-cache-Linux-x64-npm-3222b1c880a44f7138c65489983afc11abdae8dd21b7b6ff0c6531ea738265e5
2026-05-22T05:21:27.7305010Z ##[group]Run npm ci
2026-05-22T05:21:27.7305239Z [36;1mnpm ci[0m
2026-05-22T05:21:27.7345468Z shell: /usr/bin/bash --noprofile --norc -e -o pipefail {0}
2026-05-22T05:21:27.7345748Z ##[endgroup]
2026-05-22T05:21:39.6228140Z 
2026-05-22T05:21:39.6236118Z added 436 packages, and audited 437 packages in 12s
2026-05-22T05:21:39.6236970Z 
2026-05-22T05:21:39.6237319Z 94 packages are looking for funding
2026-05-22T05:21:39.6238281Z   run `npm fund` for details
2026-05-22T05:21:39.6305413Z 
2026-05-22T05:21:39.6320441Z 4 vulnerabilities (3 moderate, 1 critical)
2026-05-22T05:21:39.6321045Z 
2026-05-22T05:21:39.6321435Z To address all issues, run:
2026-05-22T05:21:39.6321928Z   npm audit fix
2026-05-22T05:21:39.6322233Z 
2026-05-22T05:21:39.6322529Z Run `npm audit` for details.
2026-05-22T05:21:39.7083572Z ##[group]Run npm run build
2026-05-22T05:21:39.7083838Z [36;1mnpm run build[0m
2026-05-22T05:21:39.7113891Z shell: /usr/bin/bash -e {0}
2026-05-22T05:21:39.7114103Z ##[endgroup]
2026-05-22T05:21:39.8118591Z 
2026-05-22T05:21:39.8119407Z > web@2.0.0 build
2026-05-22T05:21:39.8120089Z > tsc -b && vite build
2026-05-22T05:21:39.8120538Z 
2026-05-22T05:21:55.3412294Z ##[error]src/utils/__tests__/burnoutScorer.test.ts(11,40): error TS2352: Conversion of type '{ id: string; mood: number; energy: number; timestamp: string; user_id: string; date: string; notes: string; }[]' to type 'MoodEnergyLog[]' may be a mistake because neither type sufficiently overlaps with the other. If this was intentional, convert the expression to 'unknown' first.
2026-05-22T05:21:55.3424183Z   Object literal may only specify known properties, and 'timestamp' does not exist in type 'MoodEnergyLog'.
2026-05-22T05:21:55.3426266Z ##[error]src/utils/__tests__/notifications.test.ts(14,18): error TS2339: Property 'requestPermission' does not exist on type 'Mock<Procedure>'.
2026-05-22T05:21:55.3442997Z ##[error]src/utils/__tests__/notifications.test.ts(25,22): error TS2339: Property 'requestPermission' does not exist on type 'Mock<Procedure>'.
2026-05-22T05:21:55.3464307Z ##[error]src/utils/__tests__/notifications.test.ts(26,22): error TS2339: Property 'permission' does not exist on type 'Mock<Procedure>'.
2026-05-22T05:21:55.3484288Z ##[error]src/utils/__tests__/notifications.test.ts(60,24): error TS2339: Property 'permission' does not exist on type 'Mock<Procedure>'.
2026-05-22T05:21:55.3504156Z ##[error]src/utils/__tests__/notifications.test.ts(66,24): error TS2339: Property 'permission' does not exist on type 'Mock<Procedure>'.
2026-05-22T05:21:55.3524103Z ##[error]src/utils/__tests__/notifications.test.ts(72,24): error TS2339: Property 'permission' does not exist on type 'Mock<Procedure>'.
2026-05-22T05:21:55.3544247Z ##[error]src/utils/__tests__/notifications.test.ts(74,31): error TS2339: Property 'requestPermission' does not exist on type 'Mock<Procedure>'.
2026-05-22T05:21:55.3551653Z ##[error]src/utils/__tests__/notifications.test.ts(89,24): error TS2339: Property 'permission' does not exist on type 'Mock<Procedure>'.
2026-05-22T05:21:55.3559222Z ##[error]src/utils/__tests__/notifications.test.ts(104,24): error TS2339: Property 'permission' does not exist on type 'Mock<Procedure>'.
2026-05-22T05:21:55.3561142Z ##[error]src/utils/__tests__/notifications.test.ts(109,24): error TS2339: Property 'permission' does not exist on type 'Mock<Procedure>'.
2026-05-22T05:21:55.3563206Z ##[error]src/utils/__tests__/notifications.test.ts(122,24): error TS2339: Property 'permission' does not exist on type 'Mock<Procedure>'.
2026-05-22T05:21:55.3565296Z ##[error]src/utils/__tests__/notifications.test.ts(137,24): error TS2339: Property 'permission' does not exist on type 'Mock<Procedure>'.
2026-05-22T05:21:55.3567381Z ##[error]src/utils/__tests__/notifications.test.ts(149,24): error TS2339: Property 'permission' does not exist on type 'Mock<Procedure>'.
2026-05-22T05:21:55.3569472Z ##[error]src/utils/__tests__/notifications.test.ts(163,24): error TS2339: Property 'permission' does not exist on type 'Mock<Procedure>'.
2026-05-22T05:21:56.2139681Z ##[error]Process completed with exit code 2.
2026-05-22T05:21:56.2191526Z Post job cleanup.
2026-05-22T05:21:56.2240464Z Post job cleanup.
2026-05-22T05:21:56.2944467Z [command]/usr/bin/git version
2026-05-22T05:21:56.2979487Z git version 2.54.0
2026-05-22T05:21:56.3011249Z Temporarily overriding HOME='/home/runner/work/_temp/1fa637c4-98dc-466d-9000-2d7f0ff87f24' before making global git config changes
2026-05-22T05:21:56.3013263Z Adding repository directory to the temporary git global config as a safe directory
2026-05-22T05:21:56.3016521Z [command]/usr/bin/git config --global --add safe.directory /home/runner/work/prismTask/prismTask
2026-05-22T05:21:56.3044877Z Removing SSH command configuration
2026-05-22T05:21:56.3050522Z [command]/usr/bin/git config --local --name-only --get-regexp core\.sshCommand
2026-05-22T05:21:56.3106130Z [command]/usr/bin/git submodule foreach --recursive sh -c "git config --local --name-only --get-regexp 'core\.sshCommand' && git config --local --unset-all 'core.sshCommand' || :"
2026-05-22T05:21:56.3303056Z Removing HTTP extra header
2026-05-22T05:21:56.3307244Z [command]/usr/bin/git config --local --name-only --get-regexp http\.https\:\/\/github\.com\/\.extraheader
2026-05-22T05:21:56.3339323Z [command]/usr/bin/git submodule foreach --recursive sh -c "git config --local --name-only --get-regexp 'http\.https\:\/\/github\.com\/\.extraheader' && git config --local --unset-all 'http.https://github.com/.extraheader' || :"
2026-05-22T05:21:56.3529453Z Removing includeIf entries pointing to credentials config files
2026-05-22T05:21:56.3534688Z [command]/usr/bin/git config --local --name-only --get-regexp ^includeIf\.gitdir:
2026-05-22T05:21:56.3555657Z includeif.gitdir:/home/runner/work/prismTask/prismTask/.git.path
2026-05-22T05:21:56.3556512Z includeif.gitdir:/home/runner/work/prismTask/prismTask/.git/worktrees/*.path
2026-05-22T05:21:56.3560799Z includeif.gitdir:/github/workspace/.git.path
2026-05-22T05:21:56.3561594Z includeif.gitdir:/github/workspace/.git/worktrees/*.path
2026-05-22T05:21:56.3564649Z [command]/usr/bin/git config --local --get-all includeif.gitdir:/home/runner/work/prismTask/prismTask/.git.path
2026-05-22T05:21:56.3584551Z /home/runner/work/_temp/git-credentials-9964387b-21e6-4ec4-b5dc-a9d352ff2494.config
2026-05-22T05:21:56.3595071Z [command]/usr/bin/git config --local --unset includeif.gitdir:/home/runner/work/prismTask/prismTask/.git.path /home/runner/work/_temp/git-credentials-9964387b-21e6-4ec4-b5dc-a9d352ff2494.config
2026-05-22T05:21:56.3627503Z [command]/usr/bin/git config --local --get-all includeif.gitdir:/home/runner/work/prismTask/prismTask/.git/worktrees/*.path
2026-05-22T05:21:56.3646781Z /home/runner/work/_temp/git-credentials-9964387b-21e6-4ec4-b5dc-a9d352ff2494.config
2026-05-22T05:21:56.3656624Z [command]/usr/bin/git config --local --unset includeif.gitdir:/home/runner/work/prismTask/prismTask/.git/worktrees/*.path /home/runner/work/_temp/git-credentials-9964387b-21e6-4ec4-b5dc-a9d352ff2494.config
2026-05-22T05:21:56.4528836Z [command]/usr/bin/git config --local --get-all includeif.gitdir:/github/workspace/.git.path
2026-05-22T05:21:56.4556042Z /github/runner_temp/git-credentials-9964387b-21e6-4ec4-b5dc-a9d352ff2494.config
2026-05-22T05:21:56.4563327Z [command]/usr/bin/git config --local --unset includeif.gitdir:/github/workspace/.git.path /github/runner_temp/git-credentials-9964387b-21e6-4ec4-b5dc-a9d352ff2494.config
2026-05-22T05:21:56.4594302Z [command]/usr/bin/git config --local --get-all includeif.gitdir:/github/workspace/.git/worktrees/*.path
2026-05-22T05:21:56.4614446Z /github/runner_temp/git-credentials-9964387b-21e6-4ec4-b5dc-a9d352ff2494.config
2026-05-22T05:21:56.4624097Z [command]/usr/bin/git config --local --unset includeif.gitdir:/github/workspace/.git/worktrees/*.path /github/runner_temp/git-credentials-9964387b-21e6-4ec4-b5dc-a9d352ff2494.config
2026-05-22T05:21:56.4653797Z [command]/usr/bin/git submodule foreach --recursive git config --local --show-origin --name-only --get-regexp remote.origin.url
2026-05-22T05:21:56.4859675Z Removing credentials config '/home/runner/work/_temp/git-credentials-9964387b-21e6-4ec4-b5dc-a9d352ff2494.config'
2026-05-22T05:21:56.4981789Z Cleaning up orphan processes
2026-05-22T05:21:56.5206354Z ##[warning]Node.js 20 actions are deprecated. The following actions are running on Node.js 20 and may not work as expected: actions/setup-node@v4. Actions will be forced to run with Node.js 24 by default starting June 2nd, 2026. Node.js 20 will be removed from the runner on September 16th, 2026. Please check if updated versions of these actions are available that support Node.js 24. To opt into Node.js 24 now, set the FORCE_JAVASCRIPT_ACTIONS_TO_NODE24=true environment variable on the runner or in your workflow file. Once Node.js 24 becomes the default, you can temporarily opt out by setting ACTIONS_ALLOW_USE_UNSECURE_NODE_VERSION=true. For more information see: https://github.blog/changelog/2025-09-19-deprecation-of-node-20-on-github-actions-runners/


--- Job: web-lint-and-test (id 77321202176) ---
2026-05-22T05:27:29.3357039Z Current runner version: '2.334.0'
2026-05-22T05:27:29.3393346Z ##[group]Runner Image Provisioner
2026-05-22T05:27:29.3394673Z Hosted Compute Agent
2026-05-22T05:27:29.3395430Z Version: 20260213.493
2026-05-22T05:27:29.3396385Z Commit: 5c115507f6dd24b8de37d8bbe0bb4509d0cc0fa3
2026-05-22T05:27:29.3397413Z Build Date: 2026-02-13T00:28:41Z
2026-05-22T05:27:29.3398424Z Worker ID: {edfa6d6f-5d74-4760-9e6a-458579f54a5b}
2026-05-22T05:27:29.3399569Z Azure Region: westcentralus
2026-05-22T05:27:29.3400451Z ##[endgroup]
2026-05-22T05:27:29.3402932Z ##[group]Operating System
2026-05-22T05:27:29.3403732Z Ubuntu
2026-05-22T05:27:29.3404563Z 24.04.4
2026-05-22T05:27:29.3405190Z LTS
2026-05-22T05:27:29.3405844Z ##[endgroup]
2026-05-22T05:27:29.3406683Z ##[group]Runner Image
2026-05-22T05:27:29.3407492Z Image: ubuntu-24.04
2026-05-22T05:27:29.3408223Z Version: 20260513.135.3
2026-05-22T05:27:29.3410141Z Included Software: https://github.com/actions/runner-images/blob/ubuntu24/20260513.135/images/ubuntu/Ubuntu2404-Readme.md
2026-05-22T05:27:29.3412811Z Image Release: https://github.com/actions/runner-images/releases/tag/ubuntu24%2F20260513.135
2026-05-22T05:27:29.3414476Z ##[endgroup]
2026-05-22T05:27:29.3416417Z ##[group]GITHUB_TOKEN Permissions
2026-05-22T05:27:29.3419071Z Actions: read
2026-05-22T05:27:29.3419793Z Checks: read
2026-05-22T05:27:29.3420533Z Contents: write
2026-05-22T05:27:29.3421327Z Metadata: read
2026-05-22T05:27:29.3422335Z PullRequests: read
2026-05-22T05:27:29.3423049Z ##[endgroup]
2026-05-22T05:27:29.3426150Z Secret source: Actions
2026-05-22T05:27:29.3427196Z Prepare workflow directory
2026-05-22T05:27:29.3959536Z Prepare all required actions
2026-05-22T05:27:29.4094493Z Complete job name: web-lint-and-test
2026-05-22T05:27:29.5981211Z ##[group]Run if [ 'failure' != 'success' ]; then
2026-05-22T05:27:29.5982997Z [36;1mif [ 'failure' != 'success' ]; then[0m
2026-05-22T05:27:29.5984357Z [36;1m  echo "web-lint finished with failure" >&2[0m
2026-05-22T05:27:29.5985446Z [36;1m  exit 1[0m
2026-05-22T05:27:29.5986302Z [36;1mfi[0m
2026-05-22T05:27:29.5987001Z [36;1mif [ 'success' != 'success' ]; then[0m
2026-05-22T05:27:29.5988185Z [36;1m  echo "web-unit-tests finished with success" >&2[0m
2026-05-22T05:27:29.5989253Z [36;1m  exit 1[0m
2026-05-22T05:27:29.5989932Z [36;1mfi[0m
2026-05-22T05:27:29.5990809Z [36;1mif [ 'failure' != 'success' ]; then[0m
2026-05-22T05:27:29.5991904Z [36;1m  echo "web-build finished with failure" >&2[0m
2026-05-22T05:27:29.6013633Z [36;1m  exit 1[0m
2026-05-22T05:27:29.6014492Z [36;1mfi[0m
2026-05-22T05:27:29.6015938Z [36;1mecho "✓ Split web lint, unit-test shards, and build passed."[0m
2026-05-22T05:27:29.6715025Z shell: /usr/bin/bash -e {0}
2026-05-22T05:27:29.6716831Z ##[endgroup]
2026-05-22T05:27:29.8534861Z web-lint finished with failure
2026-05-22T05:27:29.8560136Z ##[error]Process completed with exit code 1.
2026-05-22T05:27:29.8730692Z Cleaning up orphan processes
