=== CI FAILURE ===
Workflow:      Web CI
Workflow file: averycorp/prismTask/.github/workflows/web-ci.yml@refs/pull/1503/merge
Job(s):        web-lint, web-lint-and-test
Run ID:        25941920891
Run attempt:   1
Run URL:       https://github.com/averycorp/prismTask/actions/runs/25941920891
Commit:        590e0bcbe2f1628a824c98f4d3f26a63f8212c4e
Branch:        1503/merge
Event:         pull_request
Actor:         akarlin3
Runner OS:     Linux
Timestamp:     2026-05-15T21:20:50.760Z

Failed steps:
  - web-lint: #5 Run ESLint
  - web-lint-and-test: #2 Verify split web checks

=== FAILED JOB LOG ===

--- Job: web-lint (id 76261368144) ---
2026-05-15T21:19:52.3570373Z Current runner version: '2.334.0'
2026-05-15T21:19:52.3595341Z ##[group]Runner Image Provisioner
2026-05-15T21:19:52.3596224Z Hosted Compute Agent
2026-05-15T21:19:52.3596753Z Version: 20260213.493
2026-05-15T21:19:52.3597363Z Commit: 5c115507f6dd24b8de37d8bbe0bb4509d0cc0fa3
2026-05-15T21:19:52.3598027Z Build Date: 2026-02-13T00:28:41Z
2026-05-15T21:19:52.3598821Z Worker ID: {5936cc56-a22e-49e1-8c3d-b7b3b1493715}
2026-05-15T21:19:52.3599478Z Azure Region: centralus
2026-05-15T21:19:52.3600069Z ##[endgroup]
2026-05-15T21:19:52.3601638Z ##[group]Operating System
2026-05-15T21:19:52.3602619Z Ubuntu
2026-05-15T21:19:52.3603141Z 24.04.4
2026-05-15T21:19:52.3603677Z LTS
2026-05-15T21:19:52.3604149Z ##[endgroup]
2026-05-15T21:19:52.3604616Z ##[group]Runner Image
2026-05-15T21:19:52.3605232Z Image: ubuntu-24.04
2026-05-15T21:19:52.3605722Z Version: 20260513.135.3
2026-05-15T21:19:52.3607002Z Included Software: https://github.com/actions/runner-images/blob/ubuntu24/20260513.135/images/ubuntu/Ubuntu2404-Readme.md
2026-05-15T21:19:52.3608458Z Image Release: https://github.com/actions/runner-images/releases/tag/ubuntu24%2F20260513.135
2026-05-15T21:19:52.3609367Z ##[endgroup]
2026-05-15T21:19:52.3610542Z ##[group]GITHUB_TOKEN Permissions
2026-05-15T21:19:52.3612851Z Actions: read
2026-05-15T21:19:52.3613466Z Checks: read
2026-05-15T21:19:52.3614000Z Contents: write
2026-05-15T21:19:52.3614489Z Metadata: read
2026-05-15T21:19:52.3615043Z ##[endgroup]
2026-05-15T21:19:52.3617050Z Secret source: Actions
2026-05-15T21:19:52.3618113Z Prepare workflow directory
2026-05-15T21:19:52.4013204Z Prepare all required actions
2026-05-15T21:19:52.4048758Z Getting action download info
2026-05-15T21:19:52.7578996Z Download action repository 'actions/checkout@v6' (SHA:de0fac2e4500dabe0009e67214ff5f5447ce83dd)
2026-05-15T21:19:52.9852468Z Complete job name: web-lint
2026-05-15T21:19:53.0534500Z ##[group]Run actions/checkout@v6
2026-05-15T21:19:53.0535244Z with:
2026-05-15T21:19:53.0535627Z   repository: averycorp/prismTask
2026-05-15T21:19:53.0536291Z   token: ***
2026-05-15T21:19:53.0536675Z   ssh-strict: true
2026-05-15T21:19:53.0537056Z   ssh-user: git
2026-05-15T21:19:53.0537456Z   persist-credentials: true
2026-05-15T21:19:53.0537883Z   clean: true
2026-05-15T21:19:53.0538271Z   sparse-checkout-cone-mode: true
2026-05-15T21:19:53.0538722Z   fetch-depth: 1
2026-05-15T21:19:53.0539092Z   fetch-tags: false
2026-05-15T21:19:53.0539470Z   show-progress: true
2026-05-15T21:19:53.0539855Z   lfs: false
2026-05-15T21:19:53.0540206Z   submodules: false
2026-05-15T21:19:53.0540595Z   set-safe-directory: true
2026-05-15T21:19:53.0541172Z ##[endgroup]
2026-05-15T21:19:53.1493801Z Syncing repository: averycorp/prismTask
2026-05-15T21:19:53.1495434Z ##[group]Getting Git version info
2026-05-15T21:19:53.1496103Z Working directory is '/home/runner/work/prismTask/prismTask'
2026-05-15T21:19:53.1497130Z [command]/usr/bin/git version
2026-05-15T21:19:53.1541045Z git version 2.54.0
2026-05-15T21:19:53.1594267Z ##[endgroup]
2026-05-15T21:19:53.1607876Z Temporarily overriding HOME='/home/runner/work/_temp/9b3e4a5c-6e8f-4029-ad7b-55fdf00845b7' before making global git config changes
2026-05-15T21:19:53.1609676Z Adding repository directory to the temporary git global config as a safe directory
2026-05-15T21:19:53.1612843Z [command]/usr/bin/git config --global --add safe.directory /home/runner/work/prismTask/prismTask
2026-05-15T21:19:53.1653596Z Deleting the contents of '/home/runner/work/prismTask/prismTask'
2026-05-15T21:19:53.1657514Z ##[group]Initializing the repository
2026-05-15T21:19:53.1662689Z [command]/usr/bin/git init /home/runner/work/prismTask/prismTask
2026-05-15T21:19:53.1730268Z hint: Using 'master' as the name for the initial branch. This default branch name
2026-05-15T21:19:53.1731534Z hint: will change to "main" in Git 3.0. To configure the initial branch name
2026-05-15T21:19:53.1733022Z hint: to use in all of your new repositories, which will suppress this warning,
2026-05-15T21:19:53.1733817Z hint: call:
2026-05-15T21:19:53.1734344Z hint:
2026-05-15T21:19:53.1735422Z hint: 	git config --global init.defaultBranch <name>
2026-05-15T21:19:53.1736330Z hint:
2026-05-15T21:19:53.1737178Z hint: Names commonly chosen instead of 'master' are 'main', 'trunk' and
2026-05-15T21:19:53.1738541Z hint: 'development'. The just-created branch can be renamed via this command:
2026-05-15T21:19:53.1739614Z hint:
2026-05-15T21:19:53.1740205Z hint: 	git branch -m <name>
2026-05-15T21:19:53.1740854Z hint:
2026-05-15T21:19:53.1741751Z hint: Disable this message with "git config set advice.defaultBranchName false"
2026-05-15T21:19:53.1743473Z Initialized empty Git repository in /home/runner/work/prismTask/prismTask/.git/
2026-05-15T21:19:53.1745920Z [command]/usr/bin/git remote add origin https://github.com/averycorp/prismTask
2026-05-15T21:19:53.1783970Z ##[endgroup]
2026-05-15T21:19:53.1785066Z ##[group]Disabling automatic garbage collection
2026-05-15T21:19:53.1788596Z [command]/usr/bin/git config --local gc.auto 0
2026-05-15T21:19:53.1817225Z ##[endgroup]
2026-05-15T21:19:53.1818256Z ##[group]Setting up auth
2026-05-15T21:19:53.1819005Z Removing SSH command configuration
2026-05-15T21:19:53.1825097Z [command]/usr/bin/git config --local --name-only --get-regexp core\.sshCommand
2026-05-15T21:19:53.1858670Z [command]/usr/bin/git submodule foreach --recursive sh -c "git config --local --name-only --get-regexp 'core\.sshCommand' && git config --local --unset-all 'core.sshCommand' || :"
2026-05-15T21:19:53.2150134Z Removing HTTP extra header
2026-05-15T21:19:53.2155960Z [command]/usr/bin/git config --local --name-only --get-regexp http\.https\:\/\/github\.com\/\.extraheader
2026-05-15T21:19:53.2188504Z [command]/usr/bin/git submodule foreach --recursive sh -c "git config --local --name-only --get-regexp 'http\.https\:\/\/github\.com\/\.extraheader' && git config --local --unset-all 'http.https://github.com/.extraheader' || :"
2026-05-15T21:19:53.2412175Z Removing includeIf entries pointing to credentials config files
2026-05-15T21:19:53.2417398Z [command]/usr/bin/git config --local --name-only --get-regexp ^includeIf\.gitdir:
2026-05-15T21:19:53.2448616Z [command]/usr/bin/git submodule foreach --recursive git config --local --show-origin --name-only --get-regexp remote.origin.url
2026-05-15T21:19:53.2682362Z [command]/usr/bin/git config --file /home/runner/work/_temp/git-credentials-80ac60af-b183-48f1-afee-220ed1893560.config http.https://github.com/.extraheader AUTHORIZATION: basic ***
2026-05-15T21:19:53.2719814Z [command]/usr/bin/git config --local includeIf.gitdir:/home/runner/work/prismTask/prismTask/.git.path /home/runner/work/_temp/git-credentials-80ac60af-b183-48f1-afee-220ed1893560.config
2026-05-15T21:19:53.2749990Z [command]/usr/bin/git config --local includeIf.gitdir:/home/runner/work/prismTask/prismTask/.git/worktrees/*.path /home/runner/work/_temp/git-credentials-80ac60af-b183-48f1-afee-220ed1893560.config
2026-05-15T21:19:53.2783744Z [command]/usr/bin/git config --local includeIf.gitdir:/github/workspace/.git.path /github/runner_temp/git-credentials-80ac60af-b183-48f1-afee-220ed1893560.config
2026-05-15T21:19:53.2815910Z [command]/usr/bin/git config --local includeIf.gitdir:/github/workspace/.git/worktrees/*.path /github/runner_temp/git-credentials-80ac60af-b183-48f1-afee-220ed1893560.config
2026-05-15T21:19:53.2841772Z ##[endgroup]
2026-05-15T21:19:53.2842788Z ##[group]Fetching the repository
2026-05-15T21:19:53.2850717Z [command]/usr/bin/git -c protocol.version=2 fetch --no-tags --prune --no-recurse-submodules --depth=1 origin +590e0bcbe2f1628a824c98f4d3f26a63f8212c4e:refs/remotes/pull/1503/merge
2026-05-15T21:19:54.6780603Z From https://github.com/averycorp/prismTask
2026-05-15T21:19:54.6782878Z  * [new ref]         590e0bcbe2f1628a824c98f4d3f26a63f8212c4e -> pull/1503/merge
2026-05-15T21:19:54.6812265Z ##[endgroup]
2026-05-15T21:19:54.6813551Z ##[group]Determining the checkout info
2026-05-15T21:19:54.6814827Z ##[endgroup]
2026-05-15T21:19:54.6818860Z [command]/usr/bin/git sparse-checkout disable
2026-05-15T21:19:54.6864806Z [command]/usr/bin/git config --local --unset-all extensions.worktreeConfig
2026-05-15T21:19:54.6894515Z ##[group]Checking out the ref
2026-05-15T21:19:54.6898125Z [command]/usr/bin/git checkout --progress --force refs/remotes/pull/1503/merge
2026-05-15T21:19:54.9971419Z Note: switching to 'refs/remotes/pull/1503/merge'.
2026-05-15T21:19:54.9973156Z 
2026-05-15T21:19:54.9973512Z You are in 'detached HEAD' state. You can look around, make experimental
2026-05-15T21:19:54.9974288Z changes and commit them, and you can discard any commits you make in this
2026-05-15T21:19:54.9975051Z state without impacting any branches by switching back to a branch.
2026-05-15T21:19:54.9975483Z 
2026-05-15T21:19:54.9975780Z If you want to create a new branch to retain commits you create, you may
2026-05-15T21:19:54.9976465Z do so (now or later) by using -c with the switch command. Example:
2026-05-15T21:19:54.9976826Z 
2026-05-15T21:19:54.9976957Z   git switch -c <new-branch-name>
2026-05-15T21:19:54.9977169Z 
2026-05-15T21:19:54.9977300Z Or undo this operation with:
2026-05-15T21:19:54.9977494Z 
2026-05-15T21:19:54.9977624Z   git switch -
2026-05-15T21:19:54.9977793Z 
2026-05-15T21:19:54.9978061Z Turn off this advice by setting config variable advice.detachedHead to false
2026-05-15T21:19:54.9978411Z 
2026-05-15T21:19:54.9978791Z HEAD is now at 590e0bc Merge ae4dad7756e1dcc5fccd8bcd8d0bb01236a65e10 into d0fd683faf922865f60d9d0bb2586c24836fe1fc
2026-05-15T21:19:54.9996626Z ##[endgroup]
2026-05-15T21:19:55.0041022Z [command]/usr/bin/git log -1 --format=%H
2026-05-15T21:19:55.0066126Z 590e0bcbe2f1628a824c98f4d3f26a63f8212c4e
2026-05-15T21:19:55.0361921Z Prepare all required actions
2026-05-15T21:19:55.0362739Z Getting action download info
2026-05-15T21:19:55.1865623Z Download action repository 'actions/setup-node@v4' (SHA:49933ea5288caeca8642d1e84afbd3f7d6820020)
2026-05-15T21:19:55.3497002Z ##[group]Run ./.github/actions/setup-node-web
2026-05-15T21:19:55.3497317Z ##[endgroup]
2026-05-15T21:19:55.3623300Z ##[group]Run actions/setup-node@v4
2026-05-15T21:19:55.3623604Z with:
2026-05-15T21:19:55.3623846Z   node-version: 22
2026-05-15T21:19:55.3624044Z   cache: npm
2026-05-15T21:19:55.3624266Z   cache-dependency-path: web/package-lock.json
2026-05-15T21:19:55.3624552Z   always-auth: false
2026-05-15T21:19:55.3624749Z   check-latest: false
2026-05-15T21:19:55.3625094Z   token: ***
2026-05-15T21:19:55.3625288Z ##[endgroup]
2026-05-15T21:19:55.6456093Z Found in cache @ /opt/hostedtoolcache/node/22.22.2/x64
2026-05-15T21:19:55.6463028Z ##[group]Environment details
2026-05-15T21:19:58.8896830Z node: v22.22.2
2026-05-15T21:19:58.8897513Z npm: 10.9.7
2026-05-15T21:19:58.8897808Z yarn: 1.22.22
2026-05-15T21:19:58.8899091Z ##[endgroup]
2026-05-15T21:19:58.8921805Z [command]/opt/hostedtoolcache/node/22.22.2/x64/bin/npm config get cache
2026-05-15T21:19:59.2556444Z /home/runner/.npm
2026-05-15T21:19:59.4275546Z npm cache is not found
2026-05-15T21:19:59.4429085Z ##[group]Run npm ci
2026-05-15T21:19:59.4429394Z [36;1mnpm ci[0m
2026-05-15T21:19:59.4510085Z shell: /usr/bin/bash --noprofile --norc -e -o pipefail {0}
2026-05-15T21:19:59.4510459Z ##[endgroup]
2026-05-15T21:20:11.0773409Z 
2026-05-15T21:20:11.0780866Z added 435 packages, and audited 436 packages in 12s
2026-05-15T21:20:11.0781328Z 
2026-05-15T21:20:11.0781823Z 94 packages are looking for funding
2026-05-15T21:20:11.0782484Z   run `npm fund` for details
2026-05-15T21:20:11.0849652Z 
2026-05-15T21:20:11.0850310Z 3 vulnerabilities (2 moderate, 1 critical)
2026-05-15T21:20:11.0850567Z 
2026-05-15T21:20:11.0850718Z To address all issues, run:
2026-05-15T21:20:11.0850978Z   npm audit fix
2026-05-15T21:20:11.0851154Z 
2026-05-15T21:20:11.0851279Z Run `npm audit` for details.
2026-05-15T21:20:11.1496819Z ##[group]Run npm run lint
2026-05-15T21:20:11.1497076Z [36;1mnpm run lint[0m
2026-05-15T21:20:11.1538445Z shell: /usr/bin/bash -e {0}
2026-05-15T21:20:11.1538700Z ##[endgroup]
2026-05-15T21:20:11.2543250Z 
2026-05-15T21:20:11.2543820Z > web@1.6.0 lint
2026-05-15T21:20:11.2544239Z > eslint .
2026-05-15T21:20:11.2544415Z 
2026-05-15T21:20:29.0380771Z 
2026-05-15T21:20:29.0384708Z /home/runner/work/prismTask/prismTask/web/src/features/medication/MedicationEditorDialog.tsx
2026-05-15T21:20:29.0386664Z   190:7  error  Error: Calling setState synchronously within an effect can trigger cascading renders
2026-05-15T21:20:29.0393319Z 
2026-05-15T21:20:29.0395417Z Effects are intended to synchronize state between React and external systems such as manually updating the DOM, state management libraries, or other platform APIs. In general, the body of an effect should do one or both of the following:
2026-05-15T21:20:29.0397410Z * Update external systems with the latest state from React.
2026-05-15T21:20:29.0398916Z * Subscribe for updates from some external system, calling setState in a callback function when external state changes.
2026-05-15T21:20:29.0399822Z 
2026-05-15T21:20:29.0401303Z Calling setState synchronously within an effect body causes cascading renders that can hurt performance, and is not recommended. (https://react.dev/learn/you-might-not-need-an-effect).
2026-05-15T21:20:29.0402843Z 
2026-05-15T21:20:29.0403702Z /home/runner/work/prismTask/prismTask/web/src/features/medication/MedicationEditorDialog.tsx:190:7
2026-05-15T21:20:29.0404687Z   188 |   useEffect(() => {
2026-05-15T21:20:29.0405244Z   189 |     if (isOpen) {
2026-05-15T21:20:29.0405903Z > 190 |       setForm(initialState(initial));
2026-05-15T21:20:29.0406700Z       |       ^^^^^^^ Avoid calling setState() directly within an effect
2026-05-15T21:20:29.0407454Z   191 |       setErrors({});
2026-05-15T21:20:29.0407984Z   192 |     }
2026-05-15T21:20:29.0408629Z   193 |   }, [isOpen, initial]);  react-hooks/set-state-in-effect
2026-05-15T21:20:29.0409217Z 
2026-05-15T21:20:29.0409985Z /home/runner/work/prismTask/prismTask/web/src/features/medication/MedicationRefillScreen.tsx
2026-05-15T21:20:29.0411278Z    88:17  error  Error: Cannot call impure function during render
2026-05-15T21:20:29.0411861Z 
2026-05-15T21:20:29.0414092Z `Date.now` is an impure function. Calling an impure function can produce unstable results that update unpredictably when the component happens to re-render. (https://react.dev/reference/rules/components-and-hooks-must-be-pure#components-and-hooks-must-be-idempotent).
2026-05-15T21:20:29.0415901Z 
2026-05-15T21:20:29.0416727Z /home/runner/work/prismTask/prismTask/web/src/features/medication/MedicationRefillScreen.tsx:88:17
2026-05-15T21:20:29.0417682Z   86 |
2026-05-15T21:20:29.0418218Z   87 |   const forecasts = useMemo(() => {
2026-05-15T21:20:29.0418897Z > 88 |     const now = Date.now();
2026-05-15T21:20:29.0419578Z      |                 ^^^^^^^^^^ Cannot call impure function
2026-05-15T21:20:29.0420377Z   89 |     const map = new Map<string, RefillForecast>();
2026-05-15T21:20:29.0421107Z   90 |     for (const refill of refills) {
2026-05-15T21:20:29.0423051Z   91 |       map.set(refill.id, forecastRefill(refill, now));                                                                                                                                                                                                                                                                                                                               react-hooks/purity
2026-05-15T21:20:29.0425121Z   382:7   error  Error: Calling setState synchronously within an effect can trigger cascading renders
2026-05-15T21:20:29.0425921Z 
2026-05-15T21:20:29.0427647Z Effects are intended to synchronize state between React and external systems such as manually updating the DOM, state management libraries, or other platform APIs. In general, the body of an effect should do one or both of the following:
2026-05-15T21:20:29.0430021Z * Update external systems with the latest state from React.
2026-05-15T21:20:29.0431457Z * Subscribe for updates from some external system, calling setState in a callback function when external state changes.
2026-05-15T21:20:29.0432509Z 
2026-05-15T21:20:29.0434002Z Calling setState synchronously within an effect body causes cascading renders that can hurt performance, and is not recommended. (https://react.dev/learn/you-might-not-need-an-effect).
2026-05-15T21:20:29.0435482Z 
2026-05-15T21:20:29.0436299Z /home/runner/work/prismTask/prismTask/web/src/features/medication/MedicationRefillScreen.tsx:382:7
2026-05-15T21:20:29.0437256Z   380 |   useEffect(() => {
2026-05-15T21:20:29.0437775Z   381 |     if (isOpen) {
2026-05-15T21:20:29.0438432Z > 382 |       setForm(initialEditorState(initial));
2026-05-15T21:20:29.0439223Z       |       ^^^^^^^ Avoid calling setState() directly within an effect
2026-05-15T21:20:29.0439890Z   383 |       setErrors({});
2026-05-15T21:20:29.0440412Z   384 |     }
2026-05-15T21:20:29.0441068Z   385 |   }, [isOpen, initial]);  react-hooks/set-state-in-effect
2026-05-15T21:20:29.0441644Z 
2026-05-15T21:20:29.0442491Z /home/runner/work/prismTask/prismTask/web/src/features/selfcare/SelfCareScreen.tsx
2026-05-15T21:20:29.0443626Z   35:31  error  Error: Cannot call impure function during render
2026-05-15T21:20:29.0444211Z 
2026-05-15T21:20:29.0446281Z `Date.now` is an impure function. Calling an impure function can produce unstable results that update unpredictably when the component happens to re-render. (https://react.dev/reference/rules/components-and-hooks-must-be-pure#components-and-hooks-must-be-idempotent).
2026-05-15T21:20:29.0448103Z 
2026-05-15T21:20:29.0448846Z /home/runner/work/prismTask/prismTask/web/src/features/selfcare/SelfCareScreen.tsx:35:31
2026-05-15T21:20:29.0449739Z   33 |
2026-05-15T21:20:29.0450249Z   34 |   const todayMs = useMemo(
2026-05-15T21:20:29.0451036Z > 35 |     () => startOfLogicalDayMs(Date.now(), startOfDayHour),
2026-05-15T21:20:29.0452101Z      |                               ^^^^^^^^^^ Cannot call impure function
2026-05-15T21:20:29.0452866Z   36 |     [startOfDayHour],
2026-05-15T21:20:29.0453414Z   37 |   );
2026-05-15T21:20:29.0453899Z   38 |  react-hooks/purity
2026-05-15T21:20:29.0454320Z 
2026-05-15T21:20:29.0455009Z /home/runner/work/prismTask/prismTask/web/src/features/today/PlanForTodaySheet.tsx
2026-05-15T21:20:29.0456472Z   73:7  error  Error: Calling setState synchronously within an effect can trigger cascading renders
2026-05-15T21:20:29.0457258Z 
2026-05-15T21:20:29.0458987Z Effects are intended to synchronize state between React and external systems such as manually updating the DOM, state management libraries, or other platform APIs. In general, the body of an effect should do one or both of the following:
2026-05-15T21:20:29.0460868Z * Update external systems with the latest state from React.
2026-05-15T21:20:29.0462349Z * Subscribe for updates from some external system, calling setState in a callback function when external state changes.
2026-05-15T21:20:29.0463256Z 
2026-05-15T21:20:29.0464677Z Calling setState synchronously within an effect body causes cascading renders that can hurt performance, and is not recommended. (https://react.dev/learn/you-might-not-need-an-effect).
2026-05-15T21:20:29.0465957Z 
2026-05-15T21:20:29.0466665Z /home/runner/work/prismTask/prismTask/web/src/features/today/PlanForTodaySheet.tsx:73:7
2026-05-15T21:20:29.0467560Z   71 |   useEffect(() => {
2026-05-15T21:20:29.0468081Z   72 |     if (isOpen) {
2026-05-15T21:20:29.0468634Z > 73 |       setSearch('');
2026-05-15T21:20:29.0469337Z      |       ^^^^^^^^^ Avoid calling setState() directly within an effect
2026-05-15T21:20:29.0470085Z   74 |       setSelectedIds(new Set());
2026-05-15T21:20:29.0470726Z   75 |       setMultiSelect(false);
2026-05-15T21:20:29.0471379Z   76 |     }  react-hooks/set-state-in-effect
2026-05-15T21:20:29.0471869Z 
2026-05-15T21:20:29.0472702Z ✖ 5 problems (5 errors, 0 warnings)
2026-05-15T21:20:29.0473256Z 
2026-05-15T21:20:29.2519061Z ##[error]Process completed with exit code 1.
2026-05-15T21:20:29.2590436Z Post job cleanup.
2026-05-15T21:20:29.2670534Z Post job cleanup.
2026-05-15T21:20:29.3512116Z [command]/usr/bin/git version
2026-05-15T21:20:29.3581265Z git version 2.54.0
2026-05-15T21:20:29.3619389Z Temporarily overriding HOME='/home/runner/work/_temp/44f7d882-8e74-450c-aae4-51d72e8028e8' before making global git config changes
2026-05-15T21:20:29.3620562Z Adding repository directory to the temporary git global config as a safe directory
2026-05-15T21:20:29.3625197Z [command]/usr/bin/git config --global --add safe.directory /home/runner/work/prismTask/prismTask
2026-05-15T21:20:29.3657202Z Removing SSH command configuration
2026-05-15T21:20:29.3663516Z [command]/usr/bin/git config --local --name-only --get-regexp core\.sshCommand
2026-05-15T21:20:29.3700330Z [command]/usr/bin/git submodule foreach --recursive sh -c "git config --local --name-only --get-regexp 'core\.sshCommand' && git config --local --unset-all 'core.sshCommand' || :"
2026-05-15T21:20:29.3939426Z Removing HTTP extra header
2026-05-15T21:20:29.3945397Z [command]/usr/bin/git config --local --name-only --get-regexp http\.https\:\/\/github\.com\/\.extraheader
2026-05-15T21:20:29.3980077Z [command]/usr/bin/git submodule foreach --recursive sh -c "git config --local --name-only --get-regexp 'http\.https\:\/\/github\.com\/\.extraheader' && git config --local --unset-all 'http.https://github.com/.extraheader' || :"
2026-05-15T21:20:29.4211218Z Removing includeIf entries pointing to credentials config files
2026-05-15T21:20:29.4218095Z [command]/usr/bin/git config --local --name-only --get-regexp ^includeIf\.gitdir:
2026-05-15T21:20:29.4244099Z includeif.gitdir:/home/runner/work/prismTask/prismTask/.git.path
2026-05-15T21:20:29.4245291Z includeif.gitdir:/home/runner/work/prismTask/prismTask/.git/worktrees/*.path
2026-05-15T21:20:29.4245818Z includeif.gitdir:/github/workspace/.git.path
2026-05-15T21:20:29.4246236Z includeif.gitdir:/github/workspace/.git/worktrees/*.path
2026-05-15T21:20:29.4253395Z [command]/usr/bin/git config --local --get-all includeif.gitdir:/home/runner/work/prismTask/prismTask/.git.path
2026-05-15T21:20:29.4275838Z /home/runner/work/_temp/git-credentials-80ac60af-b183-48f1-afee-220ed1893560.config
2026-05-15T21:20:29.4286840Z [command]/usr/bin/git config --local --unset includeif.gitdir:/home/runner/work/prismTask/prismTask/.git.path /home/runner/work/_temp/git-credentials-80ac60af-b183-48f1-afee-220ed1893560.config
2026-05-15T21:20:29.4321548Z [command]/usr/bin/git config --local --get-all includeif.gitdir:/home/runner/work/prismTask/prismTask/.git/worktrees/*.path
2026-05-15T21:20:29.4344381Z /home/runner/work/_temp/git-credentials-80ac60af-b183-48f1-afee-220ed1893560.config
2026-05-15T21:20:29.4354156Z [command]/usr/bin/git config --local --unset includeif.gitdir:/home/runner/work/prismTask/prismTask/.git/worktrees/*.path /home/runner/work/_temp/git-credentials-80ac60af-b183-48f1-afee-220ed1893560.config
2026-05-15T21:20:29.4386683Z [command]/usr/bin/git config --local --get-all includeif.gitdir:/github/workspace/.git.path
2026-05-15T21:20:29.4409304Z /github/runner_temp/git-credentials-80ac60af-b183-48f1-afee-220ed1893560.config
2026-05-15T21:20:29.4417427Z [command]/usr/bin/git config --local --unset includeif.gitdir:/github/workspace/.git.path /github/runner_temp/git-credentials-80ac60af-b183-48f1-afee-220ed1893560.config
2026-05-15T21:20:29.4448452Z [command]/usr/bin/git config --local --get-all includeif.gitdir:/github/workspace/.git/worktrees/*.path
2026-05-15T21:20:29.4469899Z /github/runner_temp/git-credentials-80ac60af-b183-48f1-afee-220ed1893560.config
2026-05-15T21:20:29.4478662Z [command]/usr/bin/git config --local --unset includeif.gitdir:/github/workspace/.git/worktrees/*.path /github/runner_temp/git-credentials-80ac60af-b183-48f1-afee-220ed1893560.config
2026-05-15T21:20:29.4510641Z [command]/usr/bin/git submodule foreach --recursive git config --local --show-origin --name-only --get-regexp remote.origin.url
2026-05-15T21:20:29.4743160Z Removing credentials config '/home/runner/work/_temp/git-credentials-80ac60af-b183-48f1-afee-220ed1893560.config'
2026-05-15T21:20:29.4893974Z Cleaning up orphan processes
2026-05-15T21:20:29.5168242Z ##[warning]Node.js 20 actions are deprecated. The following actions are running on Node.js 20 and may not work as expected: actions/setup-node@v4. Actions will be forced to run with Node.js 24 by default starting June 2nd, 2026. Node.js 20 will be removed from the runner on September 16th, 2026. Please check if updated versions of these actions are available that support Node.js 24. To opt into Node.js 24 now, set the FORCE_JAVASCRIPT_ACTIONS_TO_NODE24=true environment variable on the runner or in your workflow file. Once Node.js 24 becomes the default, you can temporarily opt out by setting ACTIONS_ALLOW_USE_UNSECURE_NODE_VERSION=true. For more information see: https://github.blog/changelog/2025-09-19-deprecation-of-node-20-on-github-actions-runners/


--- Job: web-lint-and-test (id 76261475330) ---
2026-05-15T21:20:41.0092154Z Current runner version: '2.334.0'
2026-05-15T21:20:41.0116555Z ##[group]Runner Image Provisioner
2026-05-15T21:20:41.0117487Z Hosted Compute Agent
2026-05-15T21:20:41.0118079Z Version: 20260213.493
2026-05-15T21:20:41.0118787Z Commit: 5c115507f6dd24b8de37d8bbe0bb4509d0cc0fa3
2026-05-15T21:20:41.0119596Z Build Date: 2026-02-13T00:28:41Z
2026-05-15T21:20:41.0120330Z Worker ID: {e7256094-cc34-42a0-981c-32b48317bce5}
2026-05-15T21:20:41.0121345Z Azure Region: eastus2
2026-05-15T21:20:41.0122136Z ##[endgroup]
2026-05-15T21:20:41.0124050Z ##[group]Operating System
2026-05-15T21:20:41.0124752Z Ubuntu
2026-05-15T21:20:41.0125362Z 24.04.4
2026-05-15T21:20:41.0125869Z LTS
2026-05-15T21:20:41.0126397Z ##[endgroup]
2026-05-15T21:20:41.0127004Z ##[group]Runner Image
2026-05-15T21:20:41.0127727Z Image: ubuntu-24.04
2026-05-15T21:20:41.0128307Z Version: 20260513.135.3
2026-05-15T21:20:41.0129609Z Included Software: https://github.com/actions/runner-images/blob/ubuntu24/20260513.135/images/ubuntu/Ubuntu2404-Readme.md
2026-05-15T21:20:41.0131343Z Image Release: https://github.com/actions/runner-images/releases/tag/ubuntu24%2F20260513.135
2026-05-15T21:20:41.0132395Z ##[endgroup]
2026-05-15T21:20:41.0133601Z ##[group]GITHUB_TOKEN Permissions
2026-05-15T21:20:41.0135749Z Actions: read
2026-05-15T21:20:41.0136476Z Checks: read
2026-05-15T21:20:41.0137002Z Contents: write
2026-05-15T21:20:41.0137566Z Metadata: read
2026-05-15T21:20:41.0138194Z ##[endgroup]
2026-05-15T21:20:41.0140252Z Secret source: Actions
2026-05-15T21:20:41.0141440Z Prepare workflow directory
2026-05-15T21:20:41.0465591Z Prepare all required actions
2026-05-15T21:20:41.0558155Z Complete job name: web-lint-and-test
2026-05-15T21:20:41.1318480Z ##[group]Run if [ 'failure' != 'success' ]; then
2026-05-15T21:20:41.1319409Z [36;1mif [ 'failure' != 'success' ]; then[0m
2026-05-15T21:20:41.1320117Z [36;1m  echo "web-lint finished with failure" >&2[0m
2026-05-15T21:20:41.1320851Z [36;1m  exit 1[0m
2026-05-15T21:20:41.1321870Z [36;1mfi[0m
2026-05-15T21:20:41.1322367Z [36;1mif [ 'success' != 'success' ]; then[0m
2026-05-15T21:20:41.1323079Z [36;1m  echo "web-unit-tests finished with success" >&2[0m
2026-05-15T21:20:41.1323841Z [36;1m  exit 1[0m
2026-05-15T21:20:41.1324269Z [36;1mfi[0m
2026-05-15T21:20:41.1324846Z [36;1mif [ 'success' != 'success' ]; then[0m
2026-05-15T21:20:41.1325519Z [36;1m  echo "web-build finished with success" >&2[0m
2026-05-15T21:20:41.1326153Z [36;1m  exit 1[0m
2026-05-15T21:20:41.1326570Z [36;1mfi[0m
2026-05-15T21:20:41.1327271Z [36;1mecho "✓ Split web lint, unit-test shards, and build passed."[0m
2026-05-15T21:20:41.2123320Z shell: /usr/bin/bash -e {0}
2026-05-15T21:20:41.2125008Z ##[endgroup]
2026-05-15T21:20:41.2597078Z web-lint finished with failure
2026-05-15T21:20:41.2624042Z ##[error]Process completed with exit code 1.
2026-05-15T21:20:41.2741918Z Cleaning up orphan processes
