=== CI FAILURE ===
Workflow:      Web CI
Workflow file: averycorp/prismTask/.github/workflows/web-ci.yml@refs/pull/1504/merge
Job(s):        web-lint, web-lint-and-test
Run ID:        25942248821
Run attempt:   1
Run URL:       https://github.com/averycorp/prismTask/actions/runs/25942248821
Commit:        76d3f25237a6094d2f81352dc0ea9f87aa358afa
Branch:        1504/merge
Event:         pull_request
Actor:         akarlin3
Runner OS:     Linux
Timestamp:     2026-05-15T21:28:46.182Z

Failed steps:
  - web-lint: #5 Run ESLint
  - web-lint-and-test: #2 Verify split web checks

=== FAILED JOB LOG ===

--- Job: web-lint (id 76262425014) ---
2026-05-15T21:27:48.3423976Z Current runner version: '2.334.0'
2026-05-15T21:27:48.3460520Z ##[group]Runner Image Provisioner
2026-05-15T21:27:48.3461717Z Hosted Compute Agent
2026-05-15T21:27:48.3462641Z Version: 20260213.493
2026-05-15T21:27:48.3463532Z Commit: 5c115507f6dd24b8de37d8bbe0bb4509d0cc0fa3
2026-05-15T21:27:48.3464771Z Build Date: 2026-02-13T00:28:41Z
2026-05-15T21:27:48.3465771Z Worker ID: {5692b76b-1fef-4c64-b473-f1c3c30ba991}
2026-05-15T21:27:48.3467136Z Azure Region: eastus
2026-05-15T21:27:48.3467917Z ##[endgroup]
2026-05-15T21:27:48.3470226Z ##[group]Operating System
2026-05-15T21:27:48.3471103Z Ubuntu
2026-05-15T21:27:48.3471800Z 24.04.4
2026-05-15T21:27:48.3472592Z LTS
2026-05-15T21:27:48.3473264Z ##[endgroup]
2026-05-15T21:27:48.3474159Z ##[group]Runner Image
2026-05-15T21:27:48.3474995Z Image: ubuntu-24.04
2026-05-15T21:27:48.3475776Z Version: 20260513.135.3
2026-05-15T21:27:48.3478072Z Included Software: https://github.com/actions/runner-images/blob/ubuntu24/20260513.135/images/ubuntu/Ubuntu2404-Readme.md
2026-05-15T21:27:48.3480552Z Image Release: https://github.com/actions/runner-images/releases/tag/ubuntu24%2F20260513.135
2026-05-15T21:27:48.3482156Z ##[endgroup]
2026-05-15T21:27:48.3484066Z ##[group]GITHUB_TOKEN Permissions
2026-05-15T21:27:48.3486988Z Actions: read
2026-05-15T21:27:48.3487790Z Checks: read
2026-05-15T21:27:48.3488533Z Contents: write
2026-05-15T21:27:48.3489404Z Metadata: read
2026-05-15T21:27:48.3490199Z ##[endgroup]
2026-05-15T21:27:48.3493588Z Secret source: Actions
2026-05-15T21:27:48.3494905Z Prepare workflow directory
2026-05-15T21:27:48.4085137Z Prepare all required actions
2026-05-15T21:27:48.4142124Z Getting action download info
2026-05-15T21:27:48.6696364Z Download action repository 'actions/checkout@v6' (SHA:de0fac2e4500dabe0009e67214ff5f5447ce83dd)
2026-05-15T21:27:48.9211901Z Complete job name: web-lint
2026-05-15T21:27:48.9988745Z ##[group]Run actions/checkout@v6
2026-05-15T21:27:48.9989629Z with:
2026-05-15T21:27:48.9990074Z   repository: averycorp/prismTask
2026-05-15T21:27:48.9990806Z   token: ***
2026-05-15T21:27:48.9991190Z   ssh-strict: true
2026-05-15T21:27:48.9991569Z   ssh-user: git
2026-05-15T21:27:48.9992004Z   persist-credentials: true
2026-05-15T21:27:48.9992485Z   clean: true
2026-05-15T21:27:48.9992922Z   sparse-checkout-cone-mode: true
2026-05-15T21:27:48.9993444Z   fetch-depth: 1
2026-05-15T21:27:48.9993876Z   fetch-tags: false
2026-05-15T21:27:48.9994312Z   show-progress: true
2026-05-15T21:27:48.9994757Z   lfs: false
2026-05-15T21:27:48.9995153Z   submodules: false
2026-05-15T21:27:48.9995602Z   set-safe-directory: true
2026-05-15T21:27:48.9996584Z ##[endgroup]
2026-05-15T21:27:49.0988974Z Syncing repository: averycorp/prismTask
2026-05-15T21:27:49.0990765Z ##[group]Getting Git version info
2026-05-15T21:27:49.0991493Z Working directory is '/home/runner/work/prismTask/prismTask'
2026-05-15T21:27:49.0992627Z [command]/usr/bin/git version
2026-05-15T21:27:49.1072574Z git version 2.54.0
2026-05-15T21:27:49.1096780Z ##[endgroup]
2026-05-15T21:27:49.1113126Z Temporarily overriding HOME='/home/runner/work/_temp/e618fd81-2362-4234-95c9-467c6006ff81' before making global git config changes
2026-05-15T21:27:49.1115471Z Adding repository directory to the temporary git global config as a safe directory
2026-05-15T21:27:49.1119875Z [command]/usr/bin/git config --global --add safe.directory /home/runner/work/prismTask/prismTask
2026-05-15T21:27:49.1175561Z Deleting the contents of '/home/runner/work/prismTask/prismTask'
2026-05-15T21:27:49.1180386Z ##[group]Initializing the repository
2026-05-15T21:27:49.1185367Z [command]/usr/bin/git init /home/runner/work/prismTask/prismTask
2026-05-15T21:27:49.1319908Z hint: Using 'master' as the name for the initial branch. This default branch name
2026-05-15T21:27:49.1321435Z hint: will change to "main" in Git 3.0. To configure the initial branch name
2026-05-15T21:27:49.1322509Z hint: to use in all of your new repositories, which will suppress this warning,
2026-05-15T21:27:49.1323289Z hint: call:
2026-05-15T21:27:49.1323900Z hint:
2026-05-15T21:27:49.1325023Z hint: 	git config --global init.defaultBranch <name>
2026-05-15T21:27:49.1326360Z hint:
2026-05-15T21:27:49.1327380Z hint: Names commonly chosen instead of 'master' are 'main', 'trunk' and
2026-05-15T21:27:49.1328823Z hint: 'development'. The just-created branch can be renamed via this command:
2026-05-15T21:27:49.1329616Z hint:
2026-05-15T21:27:49.1330015Z hint: 	git branch -m <name>
2026-05-15T21:27:49.1330490Z hint:
2026-05-15T21:27:49.1331126Z hint: Disable this message with "git config set advice.defaultBranchName false"
2026-05-15T21:27:49.1332242Z Initialized empty Git repository in /home/runner/work/prismTask/prismTask/.git/
2026-05-15T21:27:49.1339105Z [command]/usr/bin/git remote add origin https://github.com/averycorp/prismTask
2026-05-15T21:27:49.1386116Z ##[endgroup]
2026-05-15T21:27:49.1387330Z ##[group]Disabling automatic garbage collection
2026-05-15T21:27:49.1390630Z [command]/usr/bin/git config --local gc.auto 0
2026-05-15T21:27:49.1420177Z ##[endgroup]
2026-05-15T21:27:49.1421398Z ##[group]Setting up auth
2026-05-15T21:27:49.1422299Z Removing SSH command configuration
2026-05-15T21:27:49.1428317Z [command]/usr/bin/git config --local --name-only --get-regexp core\.sshCommand
2026-05-15T21:27:49.1463599Z [command]/usr/bin/git submodule foreach --recursive sh -c "git config --local --name-only --get-regexp 'core\.sshCommand' && git config --local --unset-all 'core.sshCommand' || :"
2026-05-15T21:27:49.1862048Z Removing HTTP extra header
2026-05-15T21:27:49.1868808Z [command]/usr/bin/git config --local --name-only --get-regexp http\.https\:\/\/github\.com\/\.extraheader
2026-05-15T21:27:49.1901733Z [command]/usr/bin/git submodule foreach --recursive sh -c "git config --local --name-only --get-regexp 'http\.https\:\/\/github\.com\/\.extraheader' && git config --local --unset-all 'http.https://github.com/.extraheader' || :"
2026-05-15T21:27:49.2114030Z Removing includeIf entries pointing to credentials config files
2026-05-15T21:27:49.2120401Z [command]/usr/bin/git config --local --name-only --get-regexp ^includeIf\.gitdir:
2026-05-15T21:27:49.2151616Z [command]/usr/bin/git submodule foreach --recursive git config --local --show-origin --name-only --get-regexp remote.origin.url
2026-05-15T21:27:49.2373802Z [command]/usr/bin/git config --file /home/runner/work/_temp/git-credentials-37682f49-1255-4f44-9da3-bb71b952ae84.config http.https://github.com/.extraheader AUTHORIZATION: basic ***
2026-05-15T21:27:49.2410840Z [command]/usr/bin/git config --local includeIf.gitdir:/home/runner/work/prismTask/prismTask/.git.path /home/runner/work/_temp/git-credentials-37682f49-1255-4f44-9da3-bb71b952ae84.config
2026-05-15T21:27:49.2439731Z [command]/usr/bin/git config --local includeIf.gitdir:/home/runner/work/prismTask/prismTask/.git/worktrees/*.path /home/runner/work/_temp/git-credentials-37682f49-1255-4f44-9da3-bb71b952ae84.config
2026-05-15T21:27:49.2470722Z [command]/usr/bin/git config --local includeIf.gitdir:/github/workspace/.git.path /github/runner_temp/git-credentials-37682f49-1255-4f44-9da3-bb71b952ae84.config
2026-05-15T21:27:49.2502518Z [command]/usr/bin/git config --local includeIf.gitdir:/github/workspace/.git/worktrees/*.path /github/runner_temp/git-credentials-37682f49-1255-4f44-9da3-bb71b952ae84.config
2026-05-15T21:27:49.2535546Z ##[endgroup]
2026-05-15T21:27:49.2536623Z ##[group]Fetching the repository
2026-05-15T21:27:49.2544473Z [command]/usr/bin/git -c protocol.version=2 fetch --no-tags --prune --no-recurse-submodules --depth=1 origin +76d3f25237a6094d2f81352dc0ea9f87aa358afa:refs/remotes/pull/1504/merge
2026-05-15T21:27:50.9443281Z From https://github.com/averycorp/prismTask
2026-05-15T21:27:50.9446391Z  * [new ref]         76d3f25237a6094d2f81352dc0ea9f87aa358afa -> pull/1504/merge
2026-05-15T21:27:50.9488675Z ##[endgroup]
2026-05-15T21:27:50.9490382Z ##[group]Determining the checkout info
2026-05-15T21:27:50.9491911Z ##[endgroup]
2026-05-15T21:27:50.9495265Z [command]/usr/bin/git sparse-checkout disable
2026-05-15T21:27:50.9546258Z [command]/usr/bin/git config --local --unset-all extensions.worktreeConfig
2026-05-15T21:27:50.9577098Z ##[group]Checking out the ref
2026-05-15T21:27:50.9580229Z [command]/usr/bin/git checkout --progress --force refs/remotes/pull/1504/merge
2026-05-15T21:27:51.2679993Z Note: switching to 'refs/remotes/pull/1504/merge'.
2026-05-15T21:27:51.2681415Z 
2026-05-15T21:27:51.2681881Z You are in 'detached HEAD' state. You can look around, make experimental
2026-05-15T21:27:51.2682829Z changes and commit them, and you can discard any commits you make in this
2026-05-15T21:27:51.2683756Z state without impacting any branches by switching back to a branch.
2026-05-15T21:27:51.2684315Z 
2026-05-15T21:27:51.2684686Z If you want to create a new branch to retain commits you create, you may
2026-05-15T21:27:51.2685656Z do so (now or later) by using -c with the switch command. Example:
2026-05-15T21:27:51.2686540Z 
2026-05-15T21:27:51.2686751Z   git switch -c <new-branch-name>
2026-05-15T21:27:51.2687107Z 
2026-05-15T21:27:51.2687311Z Or undo this operation with:
2026-05-15T21:27:51.2687642Z 
2026-05-15T21:27:51.2687812Z   git switch -
2026-05-15T21:27:51.2688071Z 
2026-05-15T21:27:51.2688561Z Turn off this advice by setting config variable advice.detachedHead to false
2026-05-15T21:27:51.2689136Z 
2026-05-15T21:27:51.2689791Z HEAD is now at 76d3f25 Merge b9ea026798b5237497d3fa5c86fa91f3b851ecaa into 250214f9614f0207c44fba519243ba2e666a43e3
2026-05-15T21:27:51.2702533Z ##[endgroup]
2026-05-15T21:27:51.2747745Z [command]/usr/bin/git log -1 --format=%H
2026-05-15T21:27:51.2773718Z 76d3f25237a6094d2f81352dc0ea9f87aa358afa
2026-05-15T21:27:51.3072654Z Prepare all required actions
2026-05-15T21:27:51.3073168Z Getting action download info
2026-05-15T21:27:51.4508331Z Download action repository 'actions/setup-node@v4' (SHA:49933ea5288caeca8642d1e84afbd3f7d6820020)
2026-05-15T21:27:51.5527493Z ##[group]Run ./.github/actions/setup-node-web
2026-05-15T21:27:51.5527846Z ##[endgroup]
2026-05-15T21:27:51.5663848Z ##[group]Run actions/setup-node@v4
2026-05-15T21:27:51.5664335Z with:
2026-05-15T21:27:51.5735135Z   node-version: 22
2026-05-15T21:27:51.5735556Z   cache: npm
2026-05-15T21:27:51.5736193Z   cache-dependency-path: web/package-lock.json
2026-05-15T21:27:51.5736798Z   always-auth: false
2026-05-15T21:27:51.5737150Z   check-latest: false
2026-05-15T21:27:51.5737628Z   token: ***
2026-05-15T21:27:51.5737839Z ##[endgroup]
2026-05-15T21:27:51.7577068Z Found in cache @ /opt/hostedtoolcache/node/22.22.2/x64
2026-05-15T21:27:51.7584448Z ##[group]Environment details
2026-05-15T21:27:52.2714991Z node: v22.22.2
2026-05-15T21:27:52.2715760Z npm: 10.9.7
2026-05-15T21:27:52.2716927Z yarn: 1.22.22
2026-05-15T21:27:52.2717720Z ##[endgroup]
2026-05-15T21:27:52.2748373Z [command]/opt/hostedtoolcache/node/22.22.2/x64/bin/npm config get cache
2026-05-15T21:27:52.3967840Z /home/runner/.npm
2026-05-15T21:27:52.4872481Z npm cache is not found
2026-05-15T21:27:52.5034236Z ##[group]Run npm ci
2026-05-15T21:27:52.5034536Z [36;1mnpm ci[0m
2026-05-15T21:27:52.5083991Z shell: /usr/bin/bash --noprofile --norc -e -o pipefail {0}
2026-05-15T21:27:52.5084413Z ##[endgroup]
2026-05-15T21:28:05.0744667Z 
2026-05-15T21:28:05.0752198Z added 435 packages, and audited 436 packages in 13s
2026-05-15T21:28:05.0752754Z 
2026-05-15T21:28:05.0753041Z 94 packages are looking for funding
2026-05-15T21:28:05.0753442Z   run `npm fund` for details
2026-05-15T21:28:05.0821602Z 
2026-05-15T21:28:05.0822443Z 3 vulnerabilities (2 moderate, 1 critical)
2026-05-15T21:28:05.0822996Z 
2026-05-15T21:28:05.0823212Z To address all issues, run:
2026-05-15T21:28:05.0823571Z   npm audit fix
2026-05-15T21:28:05.0823777Z 
2026-05-15T21:28:05.0823935Z Run `npm audit` for details.
2026-05-15T21:28:05.1505452Z ##[group]Run npm run lint
2026-05-15T21:28:05.1505788Z [36;1mnpm run lint[0m
2026-05-15T21:28:05.1543325Z shell: /usr/bin/bash -e {0}
2026-05-15T21:28:05.1543633Z ##[endgroup]
2026-05-15T21:28:05.2556144Z 
2026-05-15T21:28:05.2557034Z > web@1.6.0 lint
2026-05-15T21:28:05.2557676Z > eslint .
2026-05-15T21:28:05.2557968Z 
2026-05-15T21:28:24.3725514Z 
2026-05-15T21:28:24.3730071Z /home/runner/work/prismTask/prismTask/web/src/features/medication/MedicationEditorDialog.tsx
2026-05-15T21:28:24.3732344Z   190:7  error  Error: Calling setState synchronously within an effect can trigger cascading renders
2026-05-15T21:28:24.3733018Z 
2026-05-15T21:28:24.3734782Z Effects are intended to synchronize state between React and external systems such as manually updating the DOM, state management libraries, or other platform APIs. In general, the body of an effect should do one or both of the following:
2026-05-15T21:28:24.3737958Z * Update external systems with the latest state from React.
2026-05-15T21:28:24.3739294Z * Subscribe for updates from some external system, calling setState in a callback function when external state changes.
2026-05-15T21:28:24.3740032Z 
2026-05-15T21:28:24.3741506Z Calling setState synchronously within an effect body causes cascading renders that can hurt performance, and is not recommended. (https://react.dev/learn/you-might-not-need-an-effect).
2026-05-15T21:28:24.3742771Z 
2026-05-15T21:28:24.3743548Z /home/runner/work/prismTask/prismTask/web/src/features/medication/MedicationEditorDialog.tsx:190:7
2026-05-15T21:28:24.3744427Z   188 |   useEffect(() => {
2026-05-15T21:28:24.3744811Z   189 |     if (isOpen) {
2026-05-15T21:28:24.3745316Z > 190 |       setForm(initialState(initial));
2026-05-15T21:28:24.3746168Z       |       ^^^^^^^ Avoid calling setState() directly within an effect
2026-05-15T21:28:24.3746765Z   191 |       setErrors({});
2026-05-15T21:28:24.3747123Z   192 |     }
2026-05-15T21:28:24.3747626Z   193 |   }, [isOpen, initial]);  react-hooks/set-state-in-effect
2026-05-15T21:28:24.3748037Z 
2026-05-15T21:28:24.3748710Z /home/runner/work/prismTask/prismTask/web/src/features/medication/MedicationRefillScreen.tsx
2026-05-15T21:28:24.3749823Z    88:17  error  Error: Cannot call impure function during render
2026-05-15T21:28:24.3750222Z 
2026-05-15T21:28:24.3752317Z `Date.now` is an impure function. Calling an impure function can produce unstable results that update unpredictably when the component happens to re-render. (https://react.dev/reference/rules/components-and-hooks-must-be-pure#components-and-hooks-must-be-idempotent).
2026-05-15T21:28:24.3754056Z 
2026-05-15T21:28:24.3754788Z /home/runner/work/prismTask/prismTask/web/src/features/medication/MedicationRefillScreen.tsx:88:17
2026-05-15T21:28:24.3755568Z   86 |
2026-05-15T21:28:24.3756116Z   87 |   const forecasts = useMemo(() => {
2026-05-15T21:28:24.3756644Z > 88 |     const now = Date.now();
2026-05-15T21:28:24.3757173Z      |                 ^^^^^^^^^^ Cannot call impure function
2026-05-15T21:28:24.3757785Z   89 |     const map = new Map<string, RefillForecast>();
2026-05-15T21:28:24.3758330Z   90 |     for (const refill of refills) {
2026-05-15T21:28:24.3760089Z   91 |       map.set(refill.id, forecastRefill(refill, now));                                                                                                                                                                                                                                                                                                                               react-hooks/purity
2026-05-15T21:28:24.3762132Z   382:7   error  Error: Calling setState synchronously within an effect can trigger cascading renders
2026-05-15T21:28:24.3762784Z 
2026-05-15T21:28:24.3764565Z Effects are intended to synchronize state between React and external systems such as manually updating the DOM, state management libraries, or other platform APIs. In general, the body of an effect should do one or both of the following:
2026-05-15T21:28:24.3767098Z * Update external systems with the latest state from React.
2026-05-15T21:28:24.3768374Z * Subscribe for updates from some external system, calling setState in a callback function when external state changes.
2026-05-15T21:28:24.3769156Z 
2026-05-15T21:28:24.3770634Z Calling setState synchronously within an effect body causes cascading renders that can hurt performance, and is not recommended. (https://react.dev/learn/you-might-not-need-an-effect).
2026-05-15T21:28:24.3772052Z 
2026-05-15T21:28:24.3772818Z /home/runner/work/prismTask/prismTask/web/src/features/medication/MedicationRefillScreen.tsx:382:7
2026-05-15T21:28:24.3773666Z   380 |   useEffect(() => {
2026-05-15T21:28:24.3774051Z   381 |     if (isOpen) {
2026-05-15T21:28:24.3774582Z > 382 |       setForm(initialEditorState(initial));
2026-05-15T21:28:24.3775236Z       |       ^^^^^^^ Avoid calling setState() directly within an effect
2026-05-15T21:28:24.3775773Z   383 |       setErrors({});
2026-05-15T21:28:24.3776369Z   384 |     }
2026-05-15T21:28:24.3776862Z   385 |   }, [isOpen, initial]);  react-hooks/set-state-in-effect
2026-05-15T21:28:24.3777244Z 
2026-05-15T21:28:24.3777788Z /home/runner/work/prismTask/prismTask/web/src/features/selfcare/SelfCareScreen.tsx
2026-05-15T21:28:24.3778803Z   35:31  error  Error: Cannot call impure function during render
2026-05-15T21:28:24.3779232Z 
2026-05-15T21:28:24.3781391Z `Date.now` is an impure function. Calling an impure function can produce unstable results that update unpredictably when the component happens to re-render. (https://react.dev/reference/rules/components-and-hooks-must-be-pure#components-and-hooks-must-be-idempotent).
2026-05-15T21:28:24.3783236Z 
2026-05-15T21:28:24.3783928Z /home/runner/work/prismTask/prismTask/web/src/features/selfcare/SelfCareScreen.tsx:35:31
2026-05-15T21:28:24.3784702Z   33 |
2026-05-15T21:28:24.3785049Z   34 |   const todayMs = useMemo(
2026-05-15T21:28:24.3785714Z > 35 |     () => startOfLogicalDayMs(Date.now(), startOfDayHour),
2026-05-15T21:28:24.3786660Z      |                               ^^^^^^^^^^ Cannot call impure function
2026-05-15T21:28:24.3787248Z   36 |     [startOfDayHour],
2026-05-15T21:28:24.3787616Z   37 |   );
2026-05-15T21:28:24.3787918Z   38 |  react-hooks/purity
2026-05-15T21:28:24.3788152Z 
2026-05-15T21:28:24.3788729Z /home/runner/work/prismTask/prismTask/web/src/features/today/PlanForTodaySheet.tsx
2026-05-15T21:28:24.3790072Z   73:7  error  Error: Calling setState synchronously within an effect can trigger cascading renders
2026-05-15T21:28:24.3790681Z 
2026-05-15T21:28:24.3792497Z Effects are intended to synchronize state between React and external systems such as manually updating the DOM, state management libraries, or other platform APIs. In general, the body of an effect should do one or both of the following:
2026-05-15T21:28:24.3794378Z * Update external systems with the latest state from React.
2026-05-15T21:28:24.3795649Z * Subscribe for updates from some external system, calling setState in a callback function when external state changes.
2026-05-15T21:28:24.3796663Z 
2026-05-15T21:28:24.3798110Z Calling setState synchronously within an effect body causes cascading renders that can hurt performance, and is not recommended. (https://react.dev/learn/you-might-not-need-an-effect).
2026-05-15T21:28:24.3799334Z 
2026-05-15T21:28:24.3799985Z /home/runner/work/prismTask/prismTask/web/src/features/today/PlanForTodaySheet.tsx:73:7
2026-05-15T21:28:24.3800780Z   71 |   useEffect(() => {
2026-05-15T21:28:24.3801155Z   72 |     if (isOpen) {
2026-05-15T21:28:24.3801543Z > 73 |       setSearch('');
2026-05-15T21:28:24.3802134Z      |       ^^^^^^^^^ Avoid calling setState() directly within an effect
2026-05-15T21:28:24.3802753Z   74 |       setSelectedIds(new Set());
2026-05-15T21:28:24.3803236Z   75 |       setMultiSelect(false);
2026-05-15T21:28:24.3803721Z   76 |     }  react-hooks/set-state-in-effect
2026-05-15T21:28:24.3804036Z 
2026-05-15T21:28:24.3804671Z ✖ 5 problems (5 errors, 0 warnings)
2026-05-15T21:28:24.3804960Z 
2026-05-15T21:28:24.5749766Z ##[error]Process completed with exit code 1.
2026-05-15T21:28:24.5822291Z Post job cleanup.
2026-05-15T21:28:24.5907011Z Post job cleanup.
2026-05-15T21:28:24.6749712Z [command]/usr/bin/git version
2026-05-15T21:28:24.6788503Z git version 2.54.0
2026-05-15T21:28:24.6861502Z Temporarily overriding HOME='/home/runner/work/_temp/c9c3b28b-2f9e-4ec8-8036-7ccd26056cbe' before making global git config changes
2026-05-15T21:28:24.6863147Z Adding repository directory to the temporary git global config as a safe directory
2026-05-15T21:28:24.6867244Z [command]/usr/bin/git config --global --add safe.directory /home/runner/work/prismTask/prismTask
2026-05-15T21:28:24.6900957Z Removing SSH command configuration
2026-05-15T21:28:24.6908300Z [command]/usr/bin/git config --local --name-only --get-regexp core\.sshCommand
2026-05-15T21:28:24.6942892Z [command]/usr/bin/git submodule foreach --recursive sh -c "git config --local --name-only --get-regexp 'core\.sshCommand' && git config --local --unset-all 'core.sshCommand' || :"
2026-05-15T21:28:24.7177697Z Removing HTTP extra header
2026-05-15T21:28:24.7183583Z [command]/usr/bin/git config --local --name-only --get-regexp http\.https\:\/\/github\.com\/\.extraheader
2026-05-15T21:28:24.7219969Z [command]/usr/bin/git submodule foreach --recursive sh -c "git config --local --name-only --get-regexp 'http\.https\:\/\/github\.com\/\.extraheader' && git config --local --unset-all 'http.https://github.com/.extraheader' || :"
2026-05-15T21:28:24.7445122Z Removing includeIf entries pointing to credentials config files
2026-05-15T21:28:24.7452710Z [command]/usr/bin/git config --local --name-only --get-regexp ^includeIf\.gitdir:
2026-05-15T21:28:24.7480669Z includeif.gitdir:/home/runner/work/prismTask/prismTask/.git.path
2026-05-15T21:28:24.7481447Z includeif.gitdir:/home/runner/work/prismTask/prismTask/.git/worktrees/*.path
2026-05-15T21:28:24.7482036Z includeif.gitdir:/github/workspace/.git.path
2026-05-15T21:28:24.7482521Z includeif.gitdir:/github/workspace/.git/worktrees/*.path
2026-05-15T21:28:24.7490645Z [command]/usr/bin/git config --local --get-all includeif.gitdir:/home/runner/work/prismTask/prismTask/.git.path
2026-05-15T21:28:24.7512267Z /home/runner/work/_temp/git-credentials-37682f49-1255-4f44-9da3-bb71b952ae84.config
2026-05-15T21:28:24.7523961Z [command]/usr/bin/git config --local --unset includeif.gitdir:/home/runner/work/prismTask/prismTask/.git.path /home/runner/work/_temp/git-credentials-37682f49-1255-4f44-9da3-bb71b952ae84.config
2026-05-15T21:28:24.7557823Z [command]/usr/bin/git config --local --get-all includeif.gitdir:/home/runner/work/prismTask/prismTask/.git/worktrees/*.path
2026-05-15T21:28:24.7580886Z /home/runner/work/_temp/git-credentials-37682f49-1255-4f44-9da3-bb71b952ae84.config
2026-05-15T21:28:24.7590797Z [command]/usr/bin/git config --local --unset includeif.gitdir:/home/runner/work/prismTask/prismTask/.git/worktrees/*.path /home/runner/work/_temp/git-credentials-37682f49-1255-4f44-9da3-bb71b952ae84.config
2026-05-15T21:28:24.7623543Z [command]/usr/bin/git config --local --get-all includeif.gitdir:/github/workspace/.git.path
2026-05-15T21:28:24.7645380Z /github/runner_temp/git-credentials-37682f49-1255-4f44-9da3-bb71b952ae84.config
2026-05-15T21:28:24.7653558Z [command]/usr/bin/git config --local --unset includeif.gitdir:/github/workspace/.git.path /github/runner_temp/git-credentials-37682f49-1255-4f44-9da3-bb71b952ae84.config
2026-05-15T21:28:24.7683884Z [command]/usr/bin/git config --local --get-all includeif.gitdir:/github/workspace/.git/worktrees/*.path
2026-05-15T21:28:24.7704168Z /github/runner_temp/git-credentials-37682f49-1255-4f44-9da3-bb71b952ae84.config
2026-05-15T21:28:24.7713435Z [command]/usr/bin/git config --local --unset includeif.gitdir:/github/workspace/.git/worktrees/*.path /github/runner_temp/git-credentials-37682f49-1255-4f44-9da3-bb71b952ae84.config
2026-05-15T21:28:24.7745018Z [command]/usr/bin/git submodule foreach --recursive git config --local --show-origin --name-only --get-regexp remote.origin.url
2026-05-15T21:28:24.7968220Z Removing credentials config '/home/runner/work/_temp/git-credentials-37682f49-1255-4f44-9da3-bb71b952ae84.config'
2026-05-15T21:28:24.8124257Z Cleaning up orphan processes
2026-05-15T21:28:24.8429635Z ##[warning]Node.js 20 actions are deprecated. The following actions are running on Node.js 20 and may not work as expected: actions/setup-node@v4. Actions will be forced to run with Node.js 24 by default starting June 2nd, 2026. Node.js 20 will be removed from the runner on September 16th, 2026. Please check if updated versions of these actions are available that support Node.js 24. To opt into Node.js 24 now, set the FORCE_JAVASCRIPT_ACTIONS_TO_NODE24=true environment variable on the runner or in your workflow file. Once Node.js 24 becomes the default, you can temporarily opt out by setting ACTIONS_ALLOW_USE_UNSECURE_NODE_VERSION=true. For more information see: https://github.blog/changelog/2025-09-19-deprecation-of-node-20-on-github-actions-runners/


--- Job: web-lint-and-test (id 76262528081) ---
2026-05-15T21:28:34.9729700Z Current runner version: '2.334.0'
2026-05-15T21:28:34.9765315Z ##[group]Runner Image Provisioner
2026-05-15T21:28:34.9766625Z Hosted Compute Agent
2026-05-15T21:28:34.9767675Z Version: 20260213.493
2026-05-15T21:28:34.9768674Z Commit: 5c115507f6dd24b8de37d8bbe0bb4509d0cc0fa3
2026-05-15T21:28:34.9769810Z Build Date: 2026-02-13T00:28:41Z
2026-05-15T21:28:34.9771137Z Worker ID: {aa4dc80e-f6fc-44d0-91d2-09bcb075658a}
2026-05-15T21:28:34.9772652Z Azure Region: centralus
2026-05-15T21:28:34.9773579Z ##[endgroup]
2026-05-15T21:28:34.9775926Z ##[group]Operating System
2026-05-15T21:28:34.9776938Z Ubuntu
2026-05-15T21:28:34.9777698Z 24.04.4
2026-05-15T21:28:34.9778644Z LTS
2026-05-15T21:28:34.9779537Z ##[endgroup]
2026-05-15T21:28:34.9780357Z ##[group]Runner Image
2026-05-15T21:28:34.9781402Z Image: ubuntu-24.04
2026-05-15T21:28:34.9782488Z Version: 20260513.135.3
2026-05-15T21:28:34.9784574Z Included Software: https://github.com/actions/runner-images/blob/ubuntu24/20260513.135/images/ubuntu/Ubuntu2404-Readme.md
2026-05-15T21:28:34.9787293Z Image Release: https://github.com/actions/runner-images/releases/tag/ubuntu24%2F20260513.135
2026-05-15T21:28:34.9788991Z ##[endgroup]
2026-05-15T21:28:34.9791047Z ##[group]GITHUB_TOKEN Permissions
2026-05-15T21:28:34.9794094Z Actions: read
2026-05-15T21:28:34.9795001Z Checks: read
2026-05-15T21:28:34.9795930Z Contents: write
2026-05-15T21:28:34.9796839Z Metadata: read
2026-05-15T21:28:34.9797802Z ##[endgroup]
2026-05-15T21:28:34.9800735Z Secret source: Actions
2026-05-15T21:28:34.9802543Z Prepare workflow directory
2026-05-15T21:28:35.0173143Z Prepare all required actions
2026-05-15T21:28:35.0312634Z Complete job name: web-lint-and-test
2026-05-15T21:28:35.1421152Z ##[group]Run if [ 'failure' != 'success' ]; then
2026-05-15T21:28:35.1422822Z [36;1mif [ 'failure' != 'success' ]; then[0m
2026-05-15T21:28:35.1423979Z [36;1m  echo "web-lint finished with failure" >&2[0m
2026-05-15T21:28:35.1425175Z [36;1m  exit 1[0m
2026-05-15T21:28:35.1426107Z [36;1mfi[0m
2026-05-15T21:28:35.1426957Z [36;1mif [ 'success' != 'success' ]; then[0m
2026-05-15T21:28:35.1428230Z [36;1m  echo "web-unit-tests finished with success" >&2[0m
2026-05-15T21:28:35.1429393Z [36;1m  exit 1[0m
2026-05-15T21:28:35.1430140Z [36;1mfi[0m
2026-05-15T21:28:35.1431034Z [36;1mif [ 'success' != 'success' ]; then[0m
2026-05-15T21:28:35.1432399Z [36;1m  echo "web-build finished with success" >&2[0m
2026-05-15T21:28:35.1433545Z [36;1m  exit 1[0m
2026-05-15T21:28:35.1434449Z [36;1mfi[0m
2026-05-15T21:28:35.1435419Z [36;1mecho "✓ Split web lint, unit-test shards, and build passed."[0m
2026-05-15T21:28:35.2197257Z shell: /usr/bin/bash -e {0}
2026-05-15T21:28:35.2199248Z ##[endgroup]
2026-05-15T21:28:35.2567166Z web-lint finished with failure
2026-05-15T21:28:35.2597952Z ##[error]Process completed with exit code 1.
2026-05-15T21:28:35.2775607Z Cleaning up orphan processes
