=== CI FAILURE ===
Workflow:      Web CI
Workflow file: averycorp/prismTask/.github/workflows/web-ci.yml@refs/pull/1380/merge
Job(s):        web-lint, web-build, web-lint-and-test
Run ID:        25840405861
Run attempt:   1
Run URL:       https://github.com/averycorp/prismTask/actions/runs/25840405861
Commit:        137180e6c976a7512e1b777c4d20b9dcb79d157e
Branch:        1380/merge
Event:         pull_request
Actor:         akarlin3
Runner OS:     Linux
Timestamp:     2026-05-14T03:46:21.655Z

Failed steps:
  - web-lint: #5 Run ESLint
  - web-build: #5 Build web app
  - web-lint-and-test: #2 Verify split web checks

=== FAILED JOB LOG ===

--- Job: web-lint (id 75924351524) ---
2026-05-14T03:45:21.2809611Z Current runner version: '2.334.0'
2026-05-14T03:45:21.2833407Z ##[group]Runner Image Provisioner
2026-05-14T03:45:21.2834117Z Hosted Compute Agent
2026-05-14T03:45:21.2834622Z Version: 20260213.493
2026-05-14T03:45:21.2835147Z Commit: 5c115507f6dd24b8de37d8bbe0bb4509d0cc0fa3
2026-05-14T03:45:21.2835817Z Build Date: 2026-02-13T00:28:41Z
2026-05-14T03:45:21.2836372Z Worker ID: {fbf31992-516b-4125-9f35-1ac3ccecc5ee}
2026-05-14T03:45:21.2836990Z Azure Region: westcentralus
2026-05-14T03:45:21.2837518Z ##[endgroup]
2026-05-14T03:45:21.2839048Z ##[group]Operating System
2026-05-14T03:45:21.2839623Z Ubuntu
2026-05-14T03:45:21.2840028Z 24.04.4
2026-05-14T03:45:21.2840569Z LTS
2026-05-14T03:45:21.2840935Z ##[endgroup]
2026-05-14T03:45:21.2841445Z ##[group]Runner Image
2026-05-14T03:45:21.2841927Z Image: ubuntu-24.04
2026-05-14T03:45:21.2842363Z Version: 20260413.86.1
2026-05-14T03:45:21.2843446Z Included Software: https://github.com/actions/runner-images/blob/ubuntu24/20260413.86/images/ubuntu/Ubuntu2404-Readme.md
2026-05-14T03:45:21.2844729Z Image Release: https://github.com/actions/runner-images/releases/tag/ubuntu24%2F20260413.86
2026-05-14T03:45:21.2845492Z ##[endgroup]
2026-05-14T03:45:21.2846521Z ##[group]GITHUB_TOKEN Permissions
2026-05-14T03:45:21.2848334Z Actions: read
2026-05-14T03:45:21.2848803Z Checks: read
2026-05-14T03:45:21.2849210Z Contents: write
2026-05-14T03:45:21.2849694Z Metadata: read
2026-05-14T03:45:21.2850125Z ##[endgroup]
2026-05-14T03:45:21.2852217Z Secret source: Actions
2026-05-14T03:45:21.2852843Z Prepare workflow directory
2026-05-14T03:45:21.3229639Z Prepare all required actions
2026-05-14T03:45:21.3267045Z Getting action download info
2026-05-14T03:45:21.7057573Z Download action repository 'actions/checkout@v6' (SHA:de0fac2e4500dabe0009e67214ff5f5447ce83dd)
2026-05-14T03:45:21.8679016Z Complete job name: web-lint
2026-05-14T03:45:21.9336186Z ##[group]Run actions/checkout@v6
2026-05-14T03:45:21.9337147Z with:
2026-05-14T03:45:21.9337691Z   repository: averycorp/prismTask
2026-05-14T03:45:21.9338556Z   token: ***
2026-05-14T03:45:21.9339125Z   ssh-strict: true
2026-05-14T03:45:21.9339636Z   ssh-user: git
2026-05-14T03:45:21.9340142Z   persist-credentials: true
2026-05-14T03:45:21.9340886Z   clean: true
2026-05-14T03:45:21.9341382Z   sparse-checkout-cone-mode: true
2026-05-14T03:45:21.9341971Z   fetch-depth: 1
2026-05-14T03:45:21.9342480Z   fetch-tags: false
2026-05-14T03:45:21.9343023Z   show-progress: true
2026-05-14T03:45:21.9343521Z   lfs: false
2026-05-14T03:45:21.9344042Z   submodules: false
2026-05-14T03:45:21.9344533Z   set-safe-directory: true
2026-05-14T03:45:21.9345378Z ##[endgroup]
2026-05-14T03:45:22.0281484Z Syncing repository: averycorp/prismTask
2026-05-14T03:45:22.0283565Z ##[group]Getting Git version info
2026-05-14T03:45:22.0284432Z Working directory is '/home/runner/work/prismTask/prismTask'
2026-05-14T03:45:22.0285836Z [command]/usr/bin/git version
2026-05-14T03:45:22.0292493Z git version 2.53.0
2026-05-14T03:45:22.0320827Z ##[endgroup]
2026-05-14T03:45:22.0326614Z Temporarily overriding HOME='/home/runner/work/_temp/2434f471-185b-4c0c-aaae-a28b5278d74e' before making global git config changes
2026-05-14T03:45:22.0328164Z Adding repository directory to the temporary git global config as a safe directory
2026-05-14T03:45:22.0331814Z [command]/usr/bin/git config --global --add safe.directory /home/runner/work/prismTask/prismTask
2026-05-14T03:45:22.0358902Z Deleting the contents of '/home/runner/work/prismTask/prismTask'
2026-05-14T03:45:22.0362681Z ##[group]Initializing the repository
2026-05-14T03:45:22.0366608Z [command]/usr/bin/git init /home/runner/work/prismTask/prismTask
2026-05-14T03:45:22.0435324Z hint: Using 'master' as the name for the initial branch. This default branch name
2026-05-14T03:45:22.0437426Z hint: will change to "main" in Git 3.0. To configure the initial branch name
2026-05-14T03:45:22.0438602Z hint: to use in all of your new repositories, which will suppress this warning,
2026-05-14T03:45:22.0439865Z hint: call:
2026-05-14T03:45:22.0441103Z hint:
2026-05-14T03:45:22.0442157Z hint: 	git config --global init.defaultBranch <name>
2026-05-14T03:45:22.0443013Z hint:
2026-05-14T03:45:22.0443929Z hint: Names commonly chosen instead of 'master' are 'main', 'trunk' and
2026-05-14T03:45:22.0445169Z hint: 'development'. The just-created branch can be renamed via this command:
2026-05-14T03:45:22.0445993Z hint:
2026-05-14T03:45:22.0446481Z hint: 	git branch -m <name>
2026-05-14T03:45:22.0447074Z hint:
2026-05-14T03:45:22.0447899Z hint: Disable this message with "git config set advice.defaultBranchName false"
2026-05-14T03:45:22.0449137Z Initialized empty Git repository in /home/runner/work/prismTask/prismTask/.git/
2026-05-14T03:45:22.0451274Z [command]/usr/bin/git remote add origin https://github.com/averycorp/prismTask
2026-05-14T03:45:22.0470222Z ##[endgroup]
2026-05-14T03:45:22.0472086Z ##[group]Disabling automatic garbage collection
2026-05-14T03:45:22.0473667Z [command]/usr/bin/git config --local gc.auto 0
2026-05-14T03:45:22.0497084Z ##[endgroup]
2026-05-14T03:45:22.0498664Z ##[group]Setting up auth
2026-05-14T03:45:22.0499858Z Removing SSH command configuration
2026-05-14T03:45:22.0504147Z [command]/usr/bin/git config --local --name-only --get-regexp core\.sshCommand
2026-05-14T03:45:22.0528999Z [command]/usr/bin/git submodule foreach --recursive sh -c "git config --local --name-only --get-regexp 'core\.sshCommand' && git config --local --unset-all 'core.sshCommand' || :"
2026-05-14T03:45:22.0749595Z Removing HTTP extra header
2026-05-14T03:45:22.0755067Z [command]/usr/bin/git config --local --name-only --get-regexp http\.https\:\/\/github\.com\/\.extraheader
2026-05-14T03:45:22.0781424Z [command]/usr/bin/git submodule foreach --recursive sh -c "git config --local --name-only --get-regexp 'http\.https\:\/\/github\.com\/\.extraheader' && git config --local --unset-all 'http.https://github.com/.extraheader' || :"
2026-05-14T03:45:22.0942879Z Removing includeIf entries pointing to credentials config files
2026-05-14T03:45:22.0947301Z [command]/usr/bin/git config --local --name-only --get-regexp ^includeIf\.gitdir:
2026-05-14T03:45:22.0971703Z [command]/usr/bin/git submodule foreach --recursive git config --local --show-origin --name-only --get-regexp remote.origin.url
2026-05-14T03:45:22.1140258Z [command]/usr/bin/git config --file /home/runner/work/_temp/git-credentials-9d473d32-ea90-4510-9f69-72ae1f4fb3c7.config http.https://github.com/.extraheader AUTHORIZATION: basic ***
2026-05-14T03:45:22.1169537Z [command]/usr/bin/git config --local includeIf.gitdir:/home/runner/work/prismTask/prismTask/.git.path /home/runner/work/_temp/git-credentials-9d473d32-ea90-4510-9f69-72ae1f4fb3c7.config
2026-05-14T03:45:22.1305611Z [command]/usr/bin/git config --local includeIf.gitdir:/home/runner/work/prismTask/prismTask/.git/worktrees/*.path /home/runner/work/_temp/git-credentials-9d473d32-ea90-4510-9f69-72ae1f4fb3c7.config
2026-05-14T03:45:22.1308465Z [command]/usr/bin/git config --local includeIf.gitdir:/github/workspace/.git.path /github/runner_temp/git-credentials-9d473d32-ea90-4510-9f69-72ae1f4fb3c7.config
2026-05-14T03:45:22.1311474Z [command]/usr/bin/git config --local includeIf.gitdir:/github/workspace/.git/worktrees/*.path /github/runner_temp/git-credentials-9d473d32-ea90-4510-9f69-72ae1f4fb3c7.config
2026-05-14T03:45:22.1313612Z ##[endgroup]
2026-05-14T03:45:22.1314336Z ##[group]Fetching the repository
2026-05-14T03:45:22.1315685Z [command]/usr/bin/git -c protocol.version=2 fetch --no-tags --prune --no-recurse-submodules --depth=1 origin +137180e6c976a7512e1b777c4d20b9dcb79d157e:refs/remotes/pull/1380/merge
2026-05-14T03:45:24.2302864Z From https://github.com/averycorp/prismTask
2026-05-14T03:45:24.2305685Z  * [new ref]         137180e6c976a7512e1b777c4d20b9dcb79d157e -> pull/1380/merge
2026-05-14T03:45:24.2326680Z ##[endgroup]
2026-05-14T03:45:24.2328927Z ##[group]Determining the checkout info
2026-05-14T03:45:24.2331409Z ##[endgroup]
2026-05-14T03:45:24.2333967Z [command]/usr/bin/git sparse-checkout disable
2026-05-14T03:45:24.2365837Z [command]/usr/bin/git config --local --unset-all extensions.worktreeConfig
2026-05-14T03:45:24.2391585Z ##[group]Checking out the ref
2026-05-14T03:45:24.2394453Z [command]/usr/bin/git checkout --progress --force refs/remotes/pull/1380/merge
2026-05-14T03:45:24.4850579Z Note: switching to 'refs/remotes/pull/1380/merge'.
2026-05-14T03:45:24.4851167Z 
2026-05-14T03:45:24.4851540Z You are in 'detached HEAD' state. You can look around, make experimental
2026-05-14T03:45:24.4852432Z changes and commit them, and you can discard any commits you make in this
2026-05-14T03:45:24.4853327Z state without impacting any branches by switching back to a branch.
2026-05-14T03:45:24.4853871Z 
2026-05-14T03:45:24.4854260Z If you want to create a new branch to retain commits you create, you may
2026-05-14T03:45:24.4855058Z do so (now or later) by using -c with the switch command. Example:
2026-05-14T03:45:24.4855576Z 
2026-05-14T03:45:24.4855773Z   git switch -c <new-branch-name>
2026-05-14T03:45:24.4856097Z 
2026-05-14T03:45:24.4856362Z Or undo this operation with:
2026-05-14T03:45:24.4856685Z 
2026-05-14T03:45:24.4856853Z   git switch -
2026-05-14T03:45:24.4857101Z 
2026-05-14T03:45:24.4857463Z Turn off this advice by setting config variable advice.detachedHead to false
2026-05-14T03:45:24.4858003Z 
2026-05-14T03:45:24.4858598Z HEAD is now at 137180e Merge 0aee2fc5cb8af50c8d28029049d9dce63ffd55e1 into 0c188e53ccf63195d16fd654964faa5939a1e967
2026-05-14T03:45:24.4868677Z ##[endgroup]
2026-05-14T03:45:24.4906803Z [command]/usr/bin/git log -1 --format=%H
2026-05-14T03:45:24.4928069Z 137180e6c976a7512e1b777c4d20b9dcb79d157e
2026-05-14T03:45:24.5187250Z Prepare all required actions
2026-05-14T03:45:24.5187669Z Getting action download info
2026-05-14T03:45:24.6773838Z Download action repository 'actions/setup-node@v4' (SHA:49933ea5288caeca8642d1e84afbd3f7d6820020)
2026-05-14T03:45:24.7589506Z ##[group]Run ./.github/actions/setup-node-web
2026-05-14T03:45:24.7589811Z ##[endgroup]
2026-05-14T03:45:24.7725100Z ##[group]Run actions/setup-node@v4
2026-05-14T03:45:24.7725408Z with:
2026-05-14T03:45:24.7725652Z   node-version: 22
2026-05-14T03:45:24.7725850Z   cache: npm
2026-05-14T03:45:24.7726074Z   cache-dependency-path: web/package-lock.json
2026-05-14T03:45:24.7726349Z   always-auth: false
2026-05-14T03:45:24.7726545Z   check-latest: false
2026-05-14T03:45:24.7726920Z   token: ***
2026-05-14T03:45:24.7727104Z ##[endgroup]
2026-05-14T03:45:24.9448535Z Found in cache @ /opt/hostedtoolcache/node/22.22.2/x64
2026-05-14T03:45:24.9455429Z ##[group]Environment details
2026-05-14T03:45:25.3211468Z node: v22.22.2
2026-05-14T03:45:25.3211943Z npm: 10.9.7
2026-05-14T03:45:25.3212201Z yarn: 1.22.22
2026-05-14T03:45:25.3212944Z ##[endgroup]
2026-05-14T03:45:25.3233190Z [command]/opt/hostedtoolcache/node/22.22.2/x64/bin/npm config get cache
2026-05-14T03:45:25.4171845Z /home/runner/.npm
2026-05-14T03:45:25.6486741Z npm cache is not found
2026-05-14T03:45:25.6604512Z ##[group]Run npm ci
2026-05-14T03:45:25.6604873Z [36;1mnpm ci[0m
2026-05-14T03:45:25.6630351Z shell: /usr/bin/bash --noprofile --norc -e -o pipefail {0}
2026-05-14T03:45:25.6630955Z ##[endgroup]
2026-05-14T03:45:35.2624781Z 
2026-05-14T03:45:35.2633252Z added 435 packages, and audited 436 packages in 10s
2026-05-14T03:45:35.2633841Z 
2026-05-14T03:45:35.2634187Z 94 packages are looking for funding
2026-05-14T03:45:35.2634719Z   run `npm fund` for details
2026-05-14T03:45:35.2690052Z 
2026-05-14T03:45:35.2690903Z 3 vulnerabilities (2 moderate, 1 critical)
2026-05-14T03:45:35.2691341Z 
2026-05-14T03:45:35.2691606Z To address all issues, run:
2026-05-14T03:45:35.2692031Z   npm audit fix
2026-05-14T03:45:35.2692281Z 
2026-05-14T03:45:35.2692484Z Run `npm audit` for details.
2026-05-14T03:45:35.3059103Z ##[group]Run npm run lint
2026-05-14T03:45:35.3059531Z [36;1mnpm run lint[0m
2026-05-14T03:45:35.3078623Z shell: /usr/bin/bash -e {0}
2026-05-14T03:45:35.3079034Z ##[endgroup]
2026-05-14T03:45:35.3959402Z 
2026-05-14T03:45:35.3960355Z > web@1.6.0 lint
2026-05-14T03:45:35.3960966Z > eslint .
2026-05-14T03:45:35.3961161Z 
2026-05-14T03:45:51.5151220Z 
2026-05-14T03:45:51.5153292Z /home/runner/work/prismTask/prismTask/web/src/features/medication/MedicationEditorDialog.tsx
2026-05-14T03:45:51.5154867Z   190:7  error  Error: Calling setState synchronously within an effect can trigger cascading renders
2026-05-14T03:45:51.5155572Z 
2026-05-14T03:45:51.5157455Z Effects are intended to synchronize state between React and external systems such as manually updating the DOM, state management libraries, or other platform APIs. In general, the body of an effect should do one or both of the following:
2026-05-14T03:45:51.5159515Z * Update external systems with the latest state from React.
2026-05-14T03:45:51.5161084Z * Subscribe for updates from some external system, calling setState in a callback function when external state changes.
2026-05-14T03:45:51.5161889Z 
2026-05-14T03:45:51.5163374Z Calling setState synchronously within an effect body causes cascading renders that can hurt performance, and is not recommended. (https://react.dev/learn/you-might-not-need-an-effect).
2026-05-14T03:45:51.5164652Z 
2026-05-14T03:45:51.5165432Z /home/runner/work/prismTask/prismTask/web/src/features/medication/MedicationEditorDialog.tsx:190:7
2026-05-14T03:45:51.5166288Z   188 |   useEffect(() => {
2026-05-14T03:45:51.5166696Z   189 |     if (isOpen) {
2026-05-14T03:45:51.5167207Z > 190 |       setForm(initialState(initial));
2026-05-14T03:45:51.5167842Z       |       ^^^^^^^ Avoid calling setState() directly within an effect
2026-05-14T03:45:51.5168463Z   191 |       setErrors({});
2026-05-14T03:45:51.5168854Z   192 |     }
2026-05-14T03:45:51.5169367Z   193 |   }, [isOpen, initial]);  react-hooks/set-state-in-effect
2026-05-14T03:45:51.5169773Z 
2026-05-14T03:45:51.5170566Z /home/runner/work/prismTask/prismTask/web/src/features/medication/MedicationRefillScreen.tsx
2026-05-14T03:45:51.5172013Z    88:17  error  Error: Cannot call impure function during render
2026-05-14T03:45:51.5172423Z 
2026-05-14T03:45:51.5174467Z `Date.now` is an impure function. Calling an impure function can produce unstable results that update unpredictably when the component happens to re-render. (https://react.dev/reference/rules/components-and-hooks-must-be-pure#components-and-hooks-must-be-idempotent).
2026-05-14T03:45:51.5176299Z 
2026-05-14T03:45:51.5177091Z /home/runner/work/prismTask/prismTask/web/src/features/medication/MedicationRefillScreen.tsx:88:17
2026-05-14T03:45:51.5177899Z   86 |
2026-05-14T03:45:51.5178283Z   87 |   const forecasts = useMemo(() => {
2026-05-14T03:45:51.5178817Z > 88 |     const now = Date.now();
2026-05-14T03:45:51.5179356Z      |                 ^^^^^^^^^^ Cannot call impure function
2026-05-14T03:45:51.5180021Z   89 |     const map = new Map<string, RefillForecast>();
2026-05-14T03:45:51.5180756Z   90 |     for (const refill of refills) {
2026-05-14T03:45:51.5182463Z   91 |       map.set(refill.id, forecastRefill(refill, now));                                                                                                                                                                                                                                                                                                                               react-hooks/purity
2026-05-14T03:45:51.5184434Z   382:7   error  Error: Calling setState synchronously within an effect can trigger cascading renders
2026-05-14T03:45:51.5185082Z 
2026-05-14T03:45:51.5186803Z Effects are intended to synchronize state between React and external systems such as manually updating the DOM, state management libraries, or other platform APIs. In general, the body of an effect should do one or both of the following:
2026-05-14T03:45:51.5189073Z * Update external systems with the latest state from React.
2026-05-14T03:45:51.5190277Z * Subscribe for updates from some external system, calling setState in a callback function when external state changes.
2026-05-14T03:45:51.5191173Z 
2026-05-14T03:45:51.5192582Z Calling setState synchronously within an effect body causes cascading renders that can hurt performance, and is not recommended. (https://react.dev/learn/you-might-not-need-an-effect).
2026-05-14T03:45:51.5193920Z 
2026-05-14T03:45:51.5194655Z /home/runner/work/prismTask/prismTask/web/src/features/medication/MedicationRefillScreen.tsx:382:7
2026-05-14T03:45:51.5195481Z   380 |   useEffect(() => {
2026-05-14T03:45:51.5195847Z   381 |     if (isOpen) {
2026-05-14T03:45:51.5196304Z > 382 |       setForm(initialEditorState(initial));
2026-05-14T03:45:51.5196870Z       |       ^^^^^^^ Avoid calling setState() directly within an effect
2026-05-14T03:45:51.5197360Z   383 |       setErrors({});
2026-05-14T03:45:51.5197727Z   384 |     }
2026-05-14T03:45:51.5198247Z   385 |   }, [isOpen, initial]);  react-hooks/set-state-in-effect
2026-05-14T03:45:51.5198674Z 
2026-05-14T03:45:51.5199231Z ✖ 3 problems (3 errors, 0 warnings)
2026-05-14T03:45:51.5199530Z 
2026-05-14T03:45:51.6619287Z ##[error]Process completed with exit code 1.
2026-05-14T03:45:51.6683208Z Post job cleanup.
2026-05-14T03:45:51.6757473Z Post job cleanup.
2026-05-14T03:45:51.7582890Z [command]/usr/bin/git version
2026-05-14T03:45:51.7615014Z git version 2.53.0
2026-05-14T03:45:51.7650123Z Temporarily overriding HOME='/home/runner/work/_temp/b8ecafce-1869-4bac-adb1-05ebbdd802fb' before making global git config changes
2026-05-14T03:45:51.7650988Z Adding repository directory to the temporary git global config as a safe directory
2026-05-14T03:45:51.7655373Z [command]/usr/bin/git config --global --add safe.directory /home/runner/work/prismTask/prismTask
2026-05-14T03:45:51.7679929Z Removing SSH command configuration
2026-05-14T03:45:51.7686600Z [command]/usr/bin/git config --local --name-only --get-regexp core\.sshCommand
2026-05-14T03:45:51.7714982Z [command]/usr/bin/git submodule foreach --recursive sh -c "git config --local --name-only --get-regexp 'core\.sshCommand' && git config --local --unset-all 'core.sshCommand' || :"
2026-05-14T03:45:51.7889457Z Removing HTTP extra header
2026-05-14T03:45:51.7895124Z [command]/usr/bin/git config --local --name-only --get-regexp http\.https\:\/\/github\.com\/\.extraheader
2026-05-14T03:45:51.7921456Z [command]/usr/bin/git submodule foreach --recursive sh -c "git config --local --name-only --get-regexp 'http\.https\:\/\/github\.com\/\.extraheader' && git config --local --unset-all 'http.https://github.com/.extraheader' || :"
2026-05-14T03:45:51.8084843Z Removing includeIf entries pointing to credentials config files
2026-05-14T03:45:51.8090930Z [command]/usr/bin/git config --local --name-only --get-regexp ^includeIf\.gitdir:
2026-05-14T03:45:51.8108376Z includeif.gitdir:/home/runner/work/prismTask/prismTask/.git.path
2026-05-14T03:45:51.8109393Z includeif.gitdir:/home/runner/work/prismTask/prismTask/.git/worktrees/*.path
2026-05-14T03:45:51.8110184Z includeif.gitdir:/github/workspace/.git.path
2026-05-14T03:45:51.8111067Z includeif.gitdir:/github/workspace/.git/worktrees/*.path
2026-05-14T03:45:51.8118505Z [command]/usr/bin/git config --local --get-all includeif.gitdir:/home/runner/work/prismTask/prismTask/.git.path
2026-05-14T03:45:51.8135828Z /home/runner/work/_temp/git-credentials-9d473d32-ea90-4510-9f69-72ae1f4fb3c7.config
2026-05-14T03:45:51.8143951Z [command]/usr/bin/git config --local --unset includeif.gitdir:/home/runner/work/prismTask/prismTask/.git.path /home/runner/work/_temp/git-credentials-9d473d32-ea90-4510-9f69-72ae1f4fb3c7.config
2026-05-14T03:45:51.8172697Z [command]/usr/bin/git config --local --get-all includeif.gitdir:/home/runner/work/prismTask/prismTask/.git/worktrees/*.path
2026-05-14T03:45:51.8189740Z /home/runner/work/_temp/git-credentials-9d473d32-ea90-4510-9f69-72ae1f4fb3c7.config
2026-05-14T03:45:51.8198768Z [command]/usr/bin/git config --local --unset includeif.gitdir:/home/runner/work/prismTask/prismTask/.git/worktrees/*.path /home/runner/work/_temp/git-credentials-9d473d32-ea90-4510-9f69-72ae1f4fb3c7.config
2026-05-14T03:45:51.8222979Z [command]/usr/bin/git config --local --get-all includeif.gitdir:/github/workspace/.git.path
2026-05-14T03:45:51.8239262Z /github/runner_temp/git-credentials-9d473d32-ea90-4510-9f69-72ae1f4fb3c7.config
2026-05-14T03:45:51.8246428Z [command]/usr/bin/git config --local --unset includeif.gitdir:/github/workspace/.git.path /github/runner_temp/git-credentials-9d473d32-ea90-4510-9f69-72ae1f4fb3c7.config
2026-05-14T03:45:51.8270030Z [command]/usr/bin/git config --local --get-all includeif.gitdir:/github/workspace/.git/worktrees/*.path
2026-05-14T03:45:51.8286215Z /github/runner_temp/git-credentials-9d473d32-ea90-4510-9f69-72ae1f4fb3c7.config
2026-05-14T03:45:51.8293671Z [command]/usr/bin/git config --local --unset includeif.gitdir:/github/workspace/.git/worktrees/*.path /github/runner_temp/git-credentials-9d473d32-ea90-4510-9f69-72ae1f4fb3c7.config
2026-05-14T03:45:51.8317869Z [command]/usr/bin/git submodule foreach --recursive git config --local --show-origin --name-only --get-regexp remote.origin.url
2026-05-14T03:45:51.8484702Z Removing credentials config '/home/runner/work/_temp/git-credentials-9d473d32-ea90-4510-9f69-72ae1f4fb3c7.config'
2026-05-14T03:45:51.8599053Z Cleaning up orphan processes
2026-05-14T03:45:51.8832025Z ##[warning]Node.js 20 actions are deprecated. The following actions are running on Node.js 20 and may not work as expected: actions/setup-node@v4. Actions will be forced to run with Node.js 24 by default starting June 2nd, 2026. Node.js 20 will be removed from the runner on September 16th, 2026. Please check if updated versions of these actions are available that support Node.js 24. To opt into Node.js 24 now, set the FORCE_JAVASCRIPT_ACTIONS_TO_NODE24=true environment variable on the runner or in your workflow file. Once Node.js 24 becomes the default, you can temporarily opt out by setting ACTIONS_ALLOW_USE_UNSECURE_NODE_VERSION=true. For more information see: https://github.blog/changelog/2025-09-19-deprecation-of-node-20-on-github-actions-runners/


--- Job: web-build (id 75924351547) ---
2026-05-14T03:45:27.2554352Z Current runner version: '2.334.0'
2026-05-14T03:45:27.2588818Z ##[group]Runner Image Provisioner
2026-05-14T03:45:27.2590136Z Hosted Compute Agent
2026-05-14T03:45:27.2590957Z Version: 20260213.493
2026-05-14T03:45:27.2592184Z Commit: 5c115507f6dd24b8de37d8bbe0bb4509d0cc0fa3
2026-05-14T03:45:27.2593264Z Build Date: 2026-02-13T00:28:41Z
2026-05-14T03:45:27.2594393Z Worker ID: {3061ee68-e162-49fd-b8b7-ba029295c876}
2026-05-14T03:45:27.2595443Z Azure Region: eastus
2026-05-14T03:45:27.2596446Z ##[endgroup]
2026-05-14T03:45:27.2598483Z ##[group]Operating System
2026-05-14T03:45:27.2599440Z Ubuntu
2026-05-14T03:45:27.2600262Z 24.04.4
2026-05-14T03:45:27.2600945Z LTS
2026-05-14T03:45:27.2601962Z ##[endgroup]
2026-05-14T03:45:27.2602791Z ##[group]Runner Image
2026-05-14T03:45:27.2603785Z Image: ubuntu-24.04
2026-05-14T03:45:27.2604524Z Version: 20260413.86.1
2026-05-14T03:45:27.2606521Z Included Software: https://github.com/actions/runner-images/blob/ubuntu24/20260413.86/images/ubuntu/Ubuntu2404-Readme.md
2026-05-14T03:45:27.2609011Z Image Release: https://github.com/actions/runner-images/releases/tag/ubuntu24%2F20260413.86
2026-05-14T03:45:27.2610636Z ##[endgroup]
2026-05-14T03:45:27.2612794Z ##[group]GITHUB_TOKEN Permissions
2026-05-14T03:45:27.2615502Z Actions: read
2026-05-14T03:45:27.2616384Z Checks: read
2026-05-14T03:45:27.2617088Z Contents: write
2026-05-14T03:45:27.2617958Z Metadata: read
2026-05-14T03:45:27.2618798Z ##[endgroup]
2026-05-14T03:45:27.2622285Z Secret source: Actions
2026-05-14T03:45:27.2623709Z Prepare workflow directory
2026-05-14T03:45:27.3207233Z Prepare all required actions
2026-05-14T03:45:27.3262476Z Getting action download info
2026-05-14T03:45:27.5673772Z Download action repository 'actions/checkout@v6' (SHA:de0fac2e4500dabe0009e67214ff5f5447ce83dd)
2026-05-14T03:45:27.7948755Z Complete job name: web-build
2026-05-14T03:45:27.8688097Z ##[group]Run actions/checkout@v6
2026-05-14T03:45:27.8688957Z with:
2026-05-14T03:45:27.8689353Z   repository: averycorp/prismTask
2026-05-14T03:45:27.8690043Z   token: ***
2026-05-14T03:45:27.8690419Z   ssh-strict: true
2026-05-14T03:45:27.8690803Z   ssh-user: git
2026-05-14T03:45:27.8691202Z   persist-credentials: true
2026-05-14T03:45:27.8691968Z   clean: true
2026-05-14T03:45:27.8692378Z   sparse-checkout-cone-mode: true
2026-05-14T03:45:27.8692850Z   fetch-depth: 1
2026-05-14T03:45:27.8693228Z   fetch-tags: false
2026-05-14T03:45:27.8693618Z   show-progress: true
2026-05-14T03:45:27.8694016Z   lfs: false
2026-05-14T03:45:27.8694369Z   submodules: false
2026-05-14T03:45:27.8694766Z   set-safe-directory: true
2026-05-14T03:45:27.8695499Z ##[endgroup]
2026-05-14T03:45:27.9699193Z Syncing repository: averycorp/prismTask
2026-05-14T03:45:27.9701110Z ##[group]Getting Git version info
2026-05-14T03:45:27.9702234Z Working directory is '/home/runner/work/prismTask/prismTask'
2026-05-14T03:45:27.9703343Z [command]/usr/bin/git version
2026-05-14T03:45:27.9739278Z git version 2.53.0
2026-05-14T03:45:27.9763992Z ##[endgroup]
2026-05-14T03:45:27.9778692Z Temporarily overriding HOME='/home/runner/work/_temp/8214d70d-daf5-4f0c-8633-e29953b84313' before making global git config changes
2026-05-14T03:45:27.9780927Z Adding repository directory to the temporary git global config as a safe directory
2026-05-14T03:45:27.9784755Z [command]/usr/bin/git config --global --add safe.directory /home/runner/work/prismTask/prismTask
2026-05-14T03:45:27.9818697Z Deleting the contents of '/home/runner/work/prismTask/prismTask'
2026-05-14T03:45:27.9823353Z ##[group]Initializing the repository
2026-05-14T03:45:27.9828121Z [command]/usr/bin/git init /home/runner/work/prismTask/prismTask
2026-05-14T03:45:27.9937601Z hint: Using 'master' as the name for the initial branch. This default branch name
2026-05-14T03:45:27.9939179Z hint: will change to "main" in Git 3.0. To configure the initial branch name
2026-05-14T03:45:27.9940714Z hint: to use in all of your new repositories, which will suppress this warning,
2026-05-14T03:45:27.9942153Z hint: call:
2026-05-14T03:45:27.9942732Z hint:
2026-05-14T03:45:27.9943695Z hint: 	git config --global init.defaultBranch <name>
2026-05-14T03:45:27.9944279Z hint:
2026-05-14T03:45:27.9944811Z hint: Names commonly chosen instead of 'master' are 'main', 'trunk' and
2026-05-14T03:45:27.9946196Z hint: 'development'. The just-created branch can be renamed via this command:
2026-05-14T03:45:27.9947472Z hint:
2026-05-14T03:45:27.9948068Z hint: 	git branch -m <name>
2026-05-14T03:45:27.9948775Z hint:
2026-05-14T03:45:27.9949742Z hint: Disable this message with "git config set advice.defaultBranchName false"
2026-05-14T03:45:27.9951726Z Initialized empty Git repository in /home/runner/work/prismTask/prismTask/.git/
2026-05-14T03:45:27.9953327Z [command]/usr/bin/git remote add origin https://github.com/averycorp/prismTask
2026-05-14T03:45:27.9981241Z ##[endgroup]
2026-05-14T03:45:27.9982703Z ##[group]Disabling automatic garbage collection
2026-05-14T03:45:27.9985093Z [command]/usr/bin/git config --local gc.auto 0
2026-05-14T03:45:28.0013049Z ##[endgroup]
2026-05-14T03:45:28.0014109Z ##[group]Setting up auth
2026-05-14T03:45:28.0014868Z Removing SSH command configuration
2026-05-14T03:45:28.0020500Z [command]/usr/bin/git config --local --name-only --get-regexp core\.sshCommand
2026-05-14T03:45:28.0051259Z [command]/usr/bin/git submodule foreach --recursive sh -c "git config --local --name-only --get-regexp 'core\.sshCommand' && git config --local --unset-all 'core.sshCommand' || :"
2026-05-14T03:45:28.0335644Z Removing HTTP extra header
2026-05-14T03:45:28.0341920Z [command]/usr/bin/git config --local --name-only --get-regexp http\.https\:\/\/github\.com\/\.extraheader
2026-05-14T03:45:28.0374214Z [command]/usr/bin/git submodule foreach --recursive sh -c "git config --local --name-only --get-regexp 'http\.https\:\/\/github\.com\/\.extraheader' && git config --local --unset-all 'http.https://github.com/.extraheader' || :"
2026-05-14T03:45:28.0587134Z Removing includeIf entries pointing to credentials config files
2026-05-14T03:45:28.0593993Z [command]/usr/bin/git config --local --name-only --get-regexp ^includeIf\.gitdir:
2026-05-14T03:45:28.0624831Z [command]/usr/bin/git submodule foreach --recursive git config --local --show-origin --name-only --get-regexp remote.origin.url
2026-05-14T03:45:28.0845131Z [command]/usr/bin/git config --file /home/runner/work/_temp/git-credentials-450ffeb4-9ba5-4505-b1a3-3965c24af6de.config http.https://github.com/.extraheader AUTHORIZATION: basic ***
2026-05-14T03:45:28.0882542Z [command]/usr/bin/git config --local includeIf.gitdir:/home/runner/work/prismTask/prismTask/.git.path /home/runner/work/_temp/git-credentials-450ffeb4-9ba5-4505-b1a3-3965c24af6de.config
2026-05-14T03:45:28.0912411Z [command]/usr/bin/git config --local includeIf.gitdir:/home/runner/work/prismTask/prismTask/.git/worktrees/*.path /home/runner/work/_temp/git-credentials-450ffeb4-9ba5-4505-b1a3-3965c24af6de.config
2026-05-14T03:45:28.0942905Z [command]/usr/bin/git config --local includeIf.gitdir:/github/workspace/.git.path /github/runner_temp/git-credentials-450ffeb4-9ba5-4505-b1a3-3965c24af6de.config
2026-05-14T03:45:28.0973626Z [command]/usr/bin/git config --local includeIf.gitdir:/github/workspace/.git/worktrees/*.path /github/runner_temp/git-credentials-450ffeb4-9ba5-4505-b1a3-3965c24af6de.config
2026-05-14T03:45:28.1000750Z ##[endgroup]
2026-05-14T03:45:28.1002113Z ##[group]Fetching the repository
2026-05-14T03:45:28.1009358Z [command]/usr/bin/git -c protocol.version=2 fetch --no-tags --prune --no-recurse-submodules --depth=1 origin +137180e6c976a7512e1b777c4d20b9dcb79d157e:refs/remotes/pull/1380/merge
2026-05-14T03:45:29.5464077Z From https://github.com/averycorp/prismTask
2026-05-14T03:45:29.5465529Z  * [new ref]         137180e6c976a7512e1b777c4d20b9dcb79d157e -> pull/1380/merge
2026-05-14T03:45:29.5494799Z ##[endgroup]
2026-05-14T03:45:29.5496165Z ##[group]Determining the checkout info
2026-05-14T03:45:29.5497473Z ##[endgroup]
2026-05-14T03:45:29.5501723Z [command]/usr/bin/git sparse-checkout disable
2026-05-14T03:45:29.5542249Z [command]/usr/bin/git config --local --unset-all extensions.worktreeConfig
2026-05-14T03:45:29.5573241Z ##[group]Checking out the ref
2026-05-14T03:45:29.5577253Z [command]/usr/bin/git checkout --progress --force refs/remotes/pull/1380/merge
2026-05-14T03:45:29.8397056Z Note: switching to 'refs/remotes/pull/1380/merge'.
2026-05-14T03:45:29.8398695Z 
2026-05-14T03:45:29.8399222Z You are in 'detached HEAD' state. You can look around, make experimental
2026-05-14T03:45:29.8400325Z changes and commit them, and you can discard any commits you make in this
2026-05-14T03:45:29.8401789Z state without impacting any branches by switching back to a branch.
2026-05-14T03:45:29.8402461Z 
2026-05-14T03:45:29.8402925Z If you want to create a new branch to retain commits you create, you may
2026-05-14T03:45:29.8403950Z do so (now or later) by using -c with the switch command. Example:
2026-05-14T03:45:29.8404401Z 
2026-05-14T03:45:29.8404566Z   git switch -c <new-branch-name>
2026-05-14T03:45:29.8404812Z 
2026-05-14T03:45:29.8404974Z Or undo this operation with:
2026-05-14T03:45:29.8405233Z 
2026-05-14T03:45:29.8405456Z   git switch -
2026-05-14T03:45:29.8405657Z 
2026-05-14T03:45:29.8406028Z Turn off this advice by setting config variable advice.detachedHead to false
2026-05-14T03:45:29.8406475Z 
2026-05-14T03:45:29.8406917Z HEAD is now at 137180e Merge 0aee2fc5cb8af50c8d28029049d9dce63ffd55e1 into 0c188e53ccf63195d16fd654964faa5939a1e967
2026-05-14T03:45:29.8421712Z ##[endgroup]
2026-05-14T03:45:29.8461502Z [command]/usr/bin/git log -1 --format=%H
2026-05-14T03:45:29.8486130Z 137180e6c976a7512e1b777c4d20b9dcb79d157e
2026-05-14T03:45:29.8780803Z Prepare all required actions
2026-05-14T03:45:29.8781290Z Getting action download info
2026-05-14T03:45:29.9847978Z Download action repository 'actions/setup-node@v4' (SHA:49933ea5288caeca8642d1e84afbd3f7d6820020)
2026-05-14T03:45:30.1945979Z ##[group]Run ./.github/actions/setup-node-web
2026-05-14T03:45:30.1946302Z ##[endgroup]
2026-05-14T03:45:30.2081993Z ##[group]Run actions/setup-node@v4
2026-05-14T03:45:30.2082406Z with:
2026-05-14T03:45:30.2082647Z   node-version: 22
2026-05-14T03:45:30.2082969Z   cache: npm
2026-05-14T03:45:30.2083254Z   cache-dependency-path: web/package-lock.json
2026-05-14T03:45:30.2083539Z   always-auth: false
2026-05-14T03:45:30.2083727Z   check-latest: false
2026-05-14T03:45:30.2084063Z   token: ***
2026-05-14T03:45:30.2084240Z ##[endgroup]
2026-05-14T03:45:30.4649324Z Found in cache @ /opt/hostedtoolcache/node/22.22.2/x64
2026-05-14T03:45:30.4657170Z ##[group]Environment details
2026-05-14T03:45:30.8579022Z node: v22.22.2
2026-05-14T03:45:30.8579999Z npm: 10.9.7
2026-05-14T03:45:30.8581901Z yarn: 1.22.22
2026-05-14T03:45:30.8582777Z ##[endgroup]
2026-05-14T03:45:30.8603413Z [command]/opt/hostedtoolcache/node/22.22.2/x64/bin/npm config get cache
2026-05-14T03:45:30.9677993Z /home/runner/.npm
2026-05-14T03:45:31.0574708Z npm cache is not found
2026-05-14T03:45:31.0721620Z ##[group]Run npm ci
2026-05-14T03:45:31.0721984Z [36;1mnpm ci[0m
2026-05-14T03:45:31.0758067Z shell: /usr/bin/bash --noprofile --norc -e -o pipefail {0}
2026-05-14T03:45:31.0758423Z ##[endgroup]
2026-05-14T03:45:43.5723503Z 
2026-05-14T03:45:43.5731751Z added 435 packages, and audited 436 packages in 12s
2026-05-14T03:45:43.5732216Z 
2026-05-14T03:45:43.5732426Z 94 packages are looking for funding
2026-05-14T03:45:43.5732723Z   run `npm fund` for details
2026-05-14T03:45:43.5800076Z 
2026-05-14T03:45:43.5800650Z 3 vulnerabilities (2 moderate, 1 critical)
2026-05-14T03:45:43.5801057Z 
2026-05-14T03:45:43.5801278Z To address all issues, run:
2026-05-14T03:45:43.5801795Z   npm audit fix
2026-05-14T03:45:43.5801976Z 
2026-05-14T03:45:43.5802117Z Run `npm audit` for details.
2026-05-14T03:45:43.6439656Z ##[group]Run npm run build
2026-05-14T03:45:43.6439951Z [36;1mnpm run build[0m
2026-05-14T03:45:43.6462140Z shell: /usr/bin/bash -e {0}
2026-05-14T03:45:43.6462387Z ##[endgroup]
2026-05-14T03:45:43.7446494Z 
2026-05-14T03:45:43.7447172Z > web@1.6.0 build
2026-05-14T03:45:43.7447757Z > tsc -b && vite build
2026-05-14T03:45:43.7448012Z 
2026-05-14T03:45:54.6022107Z ##[error]src/api/firestore/ndPreferences.ts(164,34): error TS2352: Conversion of type 'NdPreferences' to type 'Record<string, unknown>' may be a mistake because neither type sufficiently overlaps with the other. If this was intentional, convert the expression to 'unknown' first.
2026-05-14T03:45:54.6036355Z   Index signature for type 'string' is missing in type 'NdPreferences'.
2026-05-14T03:45:54.6040647Z ##[error]src/api/firestore/ndPreferences.ts(169,8): error TS2352: Conversion of type 'NdPreferences' to type 'Record<string, unknown>' may be a mistake because neither type sufficiently overlaps with the other. If this was intentional, convert the expression to 'unknown' first.
2026-05-14T03:45:54.6044274Z   Index signature for type 'string' is missing in type 'NdPreferences'.
2026-05-14T03:45:54.6047647Z ##[error]src/api/firestore/ndPreferences.ts(175,8): error TS2352: Conversion of type 'NdPreferences' to type 'Record<string, unknown>' may be a mistake because neither type sufficiently overlaps with the other. If this was intentional, convert the expression to 'unknown' first.
2026-05-14T03:45:54.6049990Z   Index signature for type 'string' is missing in type 'NdPreferences'.
2026-05-14T03:45:54.6051644Z ##[error]src/features/chat/ChatScreen.tsx(16,34): error TS2305: Module '"@/types/chat"' has no exported member 'ChatUiMessage'.
2026-05-14T03:45:54.6053678Z ##[error]src/features/chat/ChatScreen.tsx(339,35): error TS7006: Parameter 'action' implicitly has an 'any' type.
2026-05-14T03:45:54.6055668Z ##[error]src/features/chat/ChatScreen.tsx(339,43): error TS7006: Parameter 'idx' implicitly has an 'any' type.
2026-05-14T03:45:54.6059132Z ##[error]src/features/chat/__tests__/chatActions.test.ts(21,5): error TS2322: Type 'Mock<Procedure | Constructable>' is not assignable to type '((cmd: string | null) => void) & Mock<Procedure | Constructable>'.
2026-05-14T03:45:54.6062163Z   Type 'MockInstance<Procedure | Constructable> & (new (...args: any[]) => any) & {}' is not assignable to type '((cmd: string | null) => void) & Mock<Procedure | Constructable>'.
2026-05-14T03:45:54.6064348Z     Type 'MockInstance<Procedure | Constructable> & (new (...args: any[]) => any) & {}' is not assignable to type '((cmd: string | null) => void) & MockInstance<Procedure | Constructable> & { (...args: any[]): any; new (...args: any[]): any; } & {}'.
2026-05-14T03:45:54.6066391Z       Type 'MockInstance<Procedure | Constructable> & (new (...args: any[]) => any) & {}' is not assignable to type '(cmd: string | null) => void'.
2026-05-14T03:45:54.6067928Z         Type 'MockInstance<Procedure | Constructable> & (new (...args: any[]) => any) & {}' provides no match for the signature '(cmd: string | null): void'.
2026-05-14T03:45:54.6070901Z ##[error]src/features/chat/__tests__/chatActions.test.ts(22,5): error TS2322: Type 'Mock<Procedure | Constructable>' is not assignable to type '((to: string) => void) & Mock<Procedure | Constructable>'.
2026-05-14T03:45:54.6073964Z   Type 'MockInstance<Procedure | Constructable> & (new (...args: any[]) => any) & {}' is not assignable to type '((to: string) => void) & Mock<Procedure | Constructable>'.
2026-05-14T03:45:54.6076302Z     Type 'MockInstance<Procedure | Constructable> & (new (...args: any[]) => any) & {}' is not assignable to type '((to: string) => void) & MockInstance<Procedure | Constructable> & { (...args: any[]): any; new (...args: any[]): any; } & {}'.
2026-05-14T03:45:54.6078368Z       Type 'MockInstance<Procedure | Constructable> & (new (...args: any[]) => any) & {}' is not assignable to type '(to: string) => void'.
2026-05-14T03:45:54.6080565Z         Type 'MockInstance<Procedure | Constructable> & (new (...args: any[]) => any) & {}' provides no match for the signature '(to: string): void'.
2026-05-14T03:45:55.2868508Z ##[error]Process completed with exit code 2.
2026-05-14T03:45:55.2942812Z Post job cleanup.
2026-05-14T03:45:55.3026365Z Post job cleanup.
2026-05-14T03:45:55.3855878Z [command]/usr/bin/git version
2026-05-14T03:45:55.3895011Z git version 2.53.0
2026-05-14T03:45:55.3938855Z Temporarily overriding HOME='/home/runner/work/_temp/c49469ab-4276-4403-a52e-046aa9582f0b' before making global git config changes
2026-05-14T03:45:55.3940338Z Adding repository directory to the temporary git global config as a safe directory
2026-05-14T03:45:55.3946189Z [command]/usr/bin/git config --global --add safe.directory /home/runner/work/prismTask/prismTask
2026-05-14T03:45:55.3978077Z Removing SSH command configuration
2026-05-14T03:45:55.3985402Z [command]/usr/bin/git config --local --name-only --get-regexp core\.sshCommand
2026-05-14T03:45:55.4023202Z [command]/usr/bin/git submodule foreach --recursive sh -c "git config --local --name-only --get-regexp 'core\.sshCommand' && git config --local --unset-all 'core.sshCommand' || :"
2026-05-14T03:45:55.4252748Z Removing HTTP extra header
2026-05-14T03:45:55.4258123Z [command]/usr/bin/git config --local --name-only --get-regexp http\.https\:\/\/github\.com\/\.extraheader
2026-05-14T03:45:55.4294529Z [command]/usr/bin/git submodule foreach --recursive sh -c "git config --local --name-only --get-regexp 'http\.https\:\/\/github\.com\/\.extraheader' && git config --local --unset-all 'http.https://github.com/.extraheader' || :"
2026-05-14T03:45:55.4516100Z Removing includeIf entries pointing to credentials config files
2026-05-14T03:45:55.4524033Z [command]/usr/bin/git config --local --name-only --get-regexp ^includeIf\.gitdir:
2026-05-14T03:45:55.4548929Z includeif.gitdir:/home/runner/work/prismTask/prismTask/.git.path
2026-05-14T03:45:55.4550067Z includeif.gitdir:/home/runner/work/prismTask/prismTask/.git/worktrees/*.path
2026-05-14T03:45:55.4550993Z includeif.gitdir:/github/workspace/.git.path
2026-05-14T03:45:55.4552076Z includeif.gitdir:/github/workspace/.git/worktrees/*.path
2026-05-14T03:45:55.4559368Z [command]/usr/bin/git config --local --get-all includeif.gitdir:/home/runner/work/prismTask/prismTask/.git.path
2026-05-14T03:45:55.4580818Z /home/runner/work/_temp/git-credentials-450ffeb4-9ba5-4505-b1a3-3965c24af6de.config
2026-05-14T03:45:55.4592308Z [command]/usr/bin/git config --local --unset includeif.gitdir:/home/runner/work/prismTask/prismTask/.git.path /home/runner/work/_temp/git-credentials-450ffeb4-9ba5-4505-b1a3-3965c24af6de.config
2026-05-14T03:45:55.4628584Z [command]/usr/bin/git config --local --get-all includeif.gitdir:/home/runner/work/prismTask/prismTask/.git/worktrees/*.path
2026-05-14T03:45:55.4649947Z /home/runner/work/_temp/git-credentials-450ffeb4-9ba5-4505-b1a3-3965c24af6de.config
2026-05-14T03:45:55.4659714Z [command]/usr/bin/git config --local --unset includeif.gitdir:/home/runner/work/prismTask/prismTask/.git/worktrees/*.path /home/runner/work/_temp/git-credentials-450ffeb4-9ba5-4505-b1a3-3965c24af6de.config
2026-05-14T03:45:55.4689928Z [command]/usr/bin/git config --local --get-all includeif.gitdir:/github/workspace/.git.path
2026-05-14T03:45:55.4710569Z /github/runner_temp/git-credentials-450ffeb4-9ba5-4505-b1a3-3965c24af6de.config
2026-05-14T03:45:55.4718778Z [command]/usr/bin/git config --local --unset includeif.gitdir:/github/workspace/.git.path /github/runner_temp/git-credentials-450ffeb4-9ba5-4505-b1a3-3965c24af6de.config
2026-05-14T03:45:55.4748316Z [command]/usr/bin/git config --local --get-all includeif.gitdir:/github/workspace/.git/worktrees/*.path
2026-05-14T03:45:55.4768657Z /github/runner_temp/git-credentials-450ffeb4-9ba5-4505-b1a3-3965c24af6de.config
2026-05-14T03:45:55.4778364Z [command]/usr/bin/git config --local --unset includeif.gitdir:/github/workspace/.git/worktrees/*.path /github/runner_temp/git-credentials-450ffeb4-9ba5-4505-b1a3-3965c24af6de.config
2026-05-14T03:45:55.4809887Z [command]/usr/bin/git submodule foreach --recursive git config --local --show-origin --name-only --get-regexp remote.origin.url
2026-05-14T03:45:55.5029342Z Removing credentials config '/home/runner/work/_temp/git-credentials-450ffeb4-9ba5-4505-b1a3-3965c24af6de.config'
2026-05-14T03:45:55.5168300Z Cleaning up orphan processes
2026-05-14T03:45:55.5467796Z ##[warning]Node.js 20 actions are deprecated. The following actions are running on Node.js 20 and may not work as expected: actions/setup-node@v4. Actions will be forced to run with Node.js 24 by default starting June 2nd, 2026. Node.js 20 will be removed from the runner on September 16th, 2026. Please check if updated versions of these actions are available that support Node.js 24. To opt into Node.js 24 now, set the FORCE_JAVASCRIPT_ACTIONS_TO_NODE24=true environment variable on the runner or in your workflow file. Once Node.js 24 becomes the default, you can temporarily opt out by setting ACTIONS_ALLOW_USE_UNSECURE_NODE_VERSION=true. For more information see: https://github.blog/changelog/2025-09-19-deprecation-of-node-20-on-github-actions-runners/


--- Job: web-lint-and-test (id 75924417319) ---
2026-05-14T03:46:05.4004680Z Current runner version: '2.334.0'
2026-05-14T03:46:05.4030187Z ##[group]Runner Image Provisioner
2026-05-14T03:46:05.4030989Z Hosted Compute Agent
2026-05-14T03:46:05.4031618Z Version: 20260213.493
2026-05-14T03:46:05.4032204Z Commit: 5c115507f6dd24b8de37d8bbe0bb4509d0cc0fa3
2026-05-14T03:46:05.4032939Z Build Date: 2026-02-13T00:28:41Z
2026-05-14T03:46:05.4033649Z Worker ID: {08423ad4-ea05-49a7-bfbe-9696f0f19ff9}
2026-05-14T03:46:05.4034336Z Azure Region: westcentralus
2026-05-14T03:46:05.4034984Z ##[endgroup]
2026-05-14T03:46:05.4036216Z ##[group]Operating System
2026-05-14T03:46:05.4037213Z Ubuntu
2026-05-14T03:46:05.4037674Z 24.04.4
2026-05-14T03:46:05.4038136Z LTS
2026-05-14T03:46:05.4038648Z ##[endgroup]
2026-05-14T03:46:05.4039206Z ##[group]Runner Image
2026-05-14T03:46:05.4039748Z Image: ubuntu-24.04
2026-05-14T03:46:05.4040296Z Version: 20260413.86.1
2026-05-14T03:46:05.4041478Z Included Software: https://github.com/actions/runner-images/blob/ubuntu24/20260413.86/images/ubuntu/Ubuntu2404-Readme.md
2026-05-14T03:46:05.4043046Z Image Release: https://github.com/actions/runner-images/releases/tag/ubuntu24%2F20260413.86
2026-05-14T03:46:05.4043946Z ##[endgroup]
2026-05-14T03:46:05.4045127Z ##[group]GITHUB_TOKEN Permissions
2026-05-14T03:46:05.4047342Z Actions: read
2026-05-14T03:46:05.4047902Z Checks: read
2026-05-14T03:46:05.4048453Z Contents: write
2026-05-14T03:46:05.4049041Z Metadata: read
2026-05-14T03:46:05.4049515Z ##[endgroup]
2026-05-14T03:46:05.4051590Z Secret source: Actions
2026-05-14T03:46:05.4052261Z Prepare workflow directory
2026-05-14T03:46:05.4429484Z Prepare all required actions
2026-05-14T03:46:05.4519296Z Complete job name: web-lint-and-test
2026-05-14T03:46:05.5448604Z ##[group]Run if [ 'failure' != 'success' ]; then
2026-05-14T03:46:05.5449922Z [36;1mif [ 'failure' != 'success' ]; then[0m
2026-05-14T03:46:05.5451080Z [36;1m  echo "web-lint finished with failure" >&2[0m
2026-05-14T03:46:05.5452262Z [36;1m  exit 1[0m
2026-05-14T03:46:05.5453095Z [36;1mfi[0m
2026-05-14T03:46:05.5453820Z [36;1mif [ 'success' != 'success' ]; then[0m
2026-05-14T03:46:05.5454886Z [36;1m  echo "web-unit-tests finished with success" >&2[0m
2026-05-14T03:46:05.5456023Z [36;1m  exit 1[0m
2026-05-14T03:46:05.5456880Z [36;1mfi[0m
2026-05-14T03:46:05.5457661Z [36;1mif [ 'failure' != 'success' ]; then[0m
2026-05-14T03:46:05.5458760Z [36;1m  echo "web-build finished with failure" >&2[0m
2026-05-14T03:46:05.5459810Z [36;1m  exit 1[0m
2026-05-14T03:46:05.5460470Z [36;1mfi[0m
2026-05-14T03:46:05.5461492Z [36;1mecho "✓ Split web lint, unit-test shards, and build passed."[0m
2026-05-14T03:46:05.5759121Z shell: /usr/bin/bash -e {0}
2026-05-14T03:46:05.5760615Z ##[endgroup]
2026-05-14T03:46:05.6130489Z web-lint finished with failure
2026-05-14T03:46:05.6160192Z ##[error]Process completed with exit code 1.
2026-05-14T03:46:05.6419584Z Cleaning up orphan processes
