=== CI FAILURE ===
Workflow:      Web CI
Workflow file: akarlin3/prismTask/.github/workflows/web-ci.yml@refs/pull/1683/merge
Job(s):        web-relevance, web-lint-and-test
Run ID:        26204990937
Run attempt:   2
Run URL:       https://github.com/akarlin3/prismTask/actions/runs/26204990937
Commit:        c3706e58abb6c9331c1fd26f9b6099c6112b9cb7
Branch:        1683/merge
Event:         pull_request
Actor:         akarlin3
Runner OS:     Linux
Timestamp:     2026-05-21T04:14:50.016Z

Failed steps:
  - web-relevance: #3 Run dorny/paths-filter@v4
  - web-lint-and-test: #2 Verify split web checks

=== FAILED JOB LOG ===

--- Job: web-relevance (id 77102969367) ---
2026-05-21T04:14:30.5529379Z Current runner version: '2.334.0'
2026-05-21T04:14:30.5566574Z ##[group]Runner Image Provisioner
2026-05-21T04:14:30.5567893Z Hosted Compute Agent
2026-05-21T04:14:30.5568722Z Version: 20260213.493
2026-05-21T04:14:30.5569577Z Commit: 5c115507f6dd24b8de37d8bbe0bb4509d0cc0fa3
2026-05-21T04:14:30.5570789Z Build Date: 2026-02-13T00:28:41Z
2026-05-21T04:14:30.5571793Z Worker ID: {dcb5478c-6a66-4cad-aed0-b28986bd2045}
2026-05-21T04:14:30.5572947Z Azure Region: eastus2
2026-05-21T04:14:30.5573811Z ##[endgroup]
2026-05-21T04:14:30.5576063Z ##[group]Operating System
2026-05-21T04:14:30.5576957Z Ubuntu
2026-05-21T04:14:30.5577809Z 24.04.4
2026-05-21T04:14:30.5578537Z LTS
2026-05-21T04:14:30.5579285Z ##[endgroup]
2026-05-21T04:14:30.5580195Z ##[group]Runner Image
2026-05-21T04:14:30.5581046Z Image: ubuntu-24.04
2026-05-21T04:14:30.5581883Z Version: 20260518.149.1
2026-05-21T04:14:30.5583893Z Included Software: https://github.com/actions/runner-images/blob/ubuntu24/20260518.149/images/ubuntu/Ubuntu2404-Readme.md
2026-05-21T04:14:30.5586744Z Image Release: https://github.com/actions/runner-images/releases/tag/ubuntu24%2F20260518.149
2026-05-21T04:14:30.5588403Z ##[endgroup]
2026-05-21T04:14:30.5590366Z ##[group]GITHUB_TOKEN Permissions
2026-05-21T04:14:30.5593383Z Actions: read
2026-05-21T04:14:30.5594146Z Checks: read
2026-05-21T04:14:30.5594824Z Contents: write
2026-05-21T04:14:30.5595581Z Metadata: read
2026-05-21T04:14:30.5596175Z ##[endgroup]
2026-05-21T04:14:30.5598316Z Secret source: Actions
2026-05-21T04:14:30.5599325Z Prepare workflow directory
2026-05-21T04:14:30.6047519Z Prepare all required actions
2026-05-21T04:14:30.6099802Z Getting action download info
2026-05-21T04:14:30.9079202Z Download action repository 'actions/checkout@v6' (SHA:de0fac2e4500dabe0009e67214ff5f5447ce83dd)
2026-05-21T04:14:31.1174834Z Download action repository 'dorny/paths-filter@v4' (SHA:fbd0ab8f3e69293af611ebaee6363fc25e6d187d)
2026-05-21T04:14:31.3647571Z Complete job name: web-relevance
2026-05-21T04:14:31.4336500Z ##[group]Run actions/checkout@v6
2026-05-21T04:14:31.4337352Z with:
2026-05-21T04:14:31.4337800Z   repository: akarlin3/prismTask
2026-05-21T04:14:31.4338531Z   token: ***
2026-05-21T04:14:31.4338955Z   ssh-strict: true
2026-05-21T04:14:31.4339390Z   ssh-user: git
2026-05-21T04:14:31.4339835Z   persist-credentials: true
2026-05-21T04:14:31.4340317Z   clean: true
2026-05-21T04:14:31.4340757Z   sparse-checkout-cone-mode: true
2026-05-21T04:14:31.4341276Z   fetch-depth: 1
2026-05-21T04:14:31.4341711Z   fetch-tags: false
2026-05-21T04:14:31.4342148Z   show-progress: true
2026-05-21T04:14:31.4342584Z   lfs: false
2026-05-21T04:14:31.4342976Z   submodules: false
2026-05-21T04:14:31.4343419Z   set-safe-directory: true
2026-05-21T04:14:31.4344046Z ##[endgroup]
2026-05-21T04:14:31.5603460Z Syncing repository: akarlin3/prismTask
2026-05-21T04:14:31.6497782Z ##[group]Getting Git version info
2026-05-21T04:14:31.6501181Z Working directory is '/home/runner/work/prismTask/prismTask'
2026-05-21T04:14:31.6504748Z [command]/usr/bin/git version
2026-05-21T04:14:31.6506731Z git version 2.54.0
2026-05-21T04:14:31.6511486Z ##[endgroup]
2026-05-21T04:14:31.6524406Z Temporarily overriding HOME='/home/runner/work/_temp/707b6f87-e40d-4366-a4f9-7141721f4536' before making global git config changes
2026-05-21T04:14:31.6533196Z Adding repository directory to the temporary git global config as a safe directory
2026-05-21T04:14:31.6536012Z [command]/usr/bin/git config --global --add safe.directory /home/runner/work/prismTask/prismTask
2026-05-21T04:14:31.6540545Z Deleting the contents of '/home/runner/work/prismTask/prismTask'
2026-05-21T04:14:31.6542898Z ##[group]Initializing the repository
2026-05-21T04:14:31.6545443Z [command]/usr/bin/git init /home/runner/work/prismTask/prismTask
2026-05-21T04:14:31.6547431Z hint: Using 'master' as the name for the initial branch. This default branch name
2026-05-21T04:14:31.6549780Z hint: will change to "main" in Git 3.0. To configure the initial branch name
2026-05-21T04:14:31.6551858Z hint: to use in all of your new repositories, which will suppress this warning,
2026-05-21T04:14:31.6554233Z hint: call:
2026-05-21T04:14:31.6555565Z hint:
2026-05-21T04:14:31.6557081Z hint: 	git config --global init.defaultBranch <name>
2026-05-21T04:14:31.6558464Z hint:
2026-05-21T04:14:31.6560133Z hint: Names commonly chosen instead of 'master' are 'main', 'trunk' and
2026-05-21T04:14:31.6564061Z hint: 'development'. The just-created branch can be renamed via this command:
2026-05-21T04:14:31.6565618Z hint:
2026-05-21T04:14:31.6566296Z hint: 	git branch -m <name>
2026-05-21T04:14:31.6567047Z hint:
2026-05-21T04:14:31.6568025Z hint: Disable this message with "git config set advice.defaultBranchName false"
2026-05-21T04:14:31.6569712Z Initialized empty Git repository in /home/runner/work/prismTask/prismTask/.git/
2026-05-21T04:14:31.6572483Z [command]/usr/bin/git remote add origin https://github.com/akarlin3/prismTask
2026-05-21T04:14:31.6575323Z ##[endgroup]
2026-05-21T04:14:31.6576544Z ##[group]Disabling automatic garbage collection
2026-05-21T04:14:31.6577616Z [command]/usr/bin/git config --local gc.auto 0
2026-05-21T04:14:31.6580000Z ##[endgroup]
2026-05-21T04:14:31.6581198Z ##[group]Setting up auth
2026-05-21T04:14:31.6582016Z Removing SSH command configuration
2026-05-21T04:14:31.6584261Z [command]/usr/bin/git config --local --name-only --get-regexp core\.sshCommand
2026-05-21T04:14:31.6588138Z [command]/usr/bin/git submodule foreach --recursive sh -c "git config --local --name-only --get-regexp 'core\.sshCommand' && git config --local --unset-all 'core.sshCommand' || :"
2026-05-21T04:14:31.6591296Z Removing HTTP extra header
2026-05-21T04:14:31.6592714Z [command]/usr/bin/git config --local --name-only --get-regexp http\.https\:\/\/github\.com\/\.extraheader
2026-05-21T04:14:31.6597588Z [command]/usr/bin/git submodule foreach --recursive sh -c "git config --local --name-only --get-regexp 'http\.https\:\/\/github\.com\/\.extraheader' && git config --local --unset-all 'http.https://github.com/.extraheader' || :"
2026-05-21T04:14:31.6785904Z Removing includeIf entries pointing to credentials config files
2026-05-21T04:14:31.6787595Z [command]/usr/bin/git config --local --name-only --get-regexp ^includeIf\.gitdir:
2026-05-21T04:14:31.6808316Z [command]/usr/bin/git submodule foreach --recursive git config --local --show-origin --name-only --get-regexp remote.origin.url
2026-05-21T04:14:31.7176949Z [command]/usr/bin/git config --file /home/runner/work/_temp/git-credentials-082a5de5-a76d-421e-a335-2d21b48240a3.config http.https://github.com/.extraheader AUTHORIZATION: basic ***
2026-05-21T04:14:31.7184264Z [command]/usr/bin/git config --local includeIf.gitdir:/home/runner/work/prismTask/prismTask/.git.path /home/runner/work/_temp/git-credentials-082a5de5-a76d-421e-a335-2d21b48240a3.config
2026-05-21T04:14:31.7189536Z [command]/usr/bin/git config --local includeIf.gitdir:/home/runner/work/prismTask/prismTask/.git/worktrees/*.path /home/runner/work/_temp/git-credentials-082a5de5-a76d-421e-a335-2d21b48240a3.config
2026-05-21T04:14:31.7212749Z [command]/usr/bin/git config --local includeIf.gitdir:/github/workspace/.git.path /github/runner_temp/git-credentials-082a5de5-a76d-421e-a335-2d21b48240a3.config
2026-05-21T04:14:31.7248130Z [command]/usr/bin/git config --local includeIf.gitdir:/github/workspace/.git/worktrees/*.path /github/runner_temp/git-credentials-082a5de5-a76d-421e-a335-2d21b48240a3.config
2026-05-21T04:14:31.7458450Z ##[endgroup]
2026-05-21T04:14:31.7460099Z ##[group]Fetching the repository
2026-05-21T04:14:31.7462750Z [command]/usr/bin/git -c protocol.version=2 fetch --no-tags --prune --no-recurse-submodules --depth=1 origin +c3706e58abb6c9331c1fd26f9b6099c6112b9cb7:refs/remotes/pull/1683/merge
2026-05-21T04:14:33.6026431Z From https://github.com/akarlin3/prismTask
2026-05-21T04:14:33.6029247Z  * [new ref]         c3706e58abb6c9331c1fd26f9b6099c6112b9cb7 -> pull/1683/merge
2026-05-21T04:14:33.6063276Z ##[endgroup]
2026-05-21T04:14:33.6065237Z ##[group]Determining the checkout info
2026-05-21T04:14:33.6067005Z ##[endgroup]
2026-05-21T04:14:33.6072015Z [command]/usr/bin/git sparse-checkout disable
2026-05-21T04:14:33.6122166Z [command]/usr/bin/git config --local --unset-all extensions.worktreeConfig
2026-05-21T04:14:33.6158308Z ##[group]Checking out the ref
2026-05-21T04:14:33.6161517Z [command]/usr/bin/git checkout --progress --force refs/remotes/pull/1683/merge
2026-05-21T04:14:33.9456506Z Note: switching to 'refs/remotes/pull/1683/merge'.
2026-05-21T04:14:33.9484786Z 
2026-05-21T04:14:33.9494829Z You are in 'detached HEAD' state. You can look around, make experimental
2026-05-21T04:14:33.9505931Z changes and commit them, and you can discard any commits you make in this
2026-05-21T04:14:33.9515843Z state without impacting any branches by switching back to a branch.
2026-05-21T04:14:33.9534191Z 
2026-05-21T04:14:33.9535288Z If you want to create a new branch to retain commits you create, you may
2026-05-21T04:14:33.9555790Z do so (now or later) by using -c with the switch command. Example:
2026-05-21T04:14:33.9556654Z 
2026-05-21T04:14:33.9557044Z   git switch -c <new-branch-name>
2026-05-21T04:14:33.9557553Z 
2026-05-21T04:14:33.9557916Z Or undo this operation with:
2026-05-21T04:14:33.9558360Z 
2026-05-21T04:14:33.9558688Z   git switch -
2026-05-21T04:14:33.9559364Z 
2026-05-21T04:14:33.9559954Z Turn off this advice by setting config variable advice.detachedHead to false
2026-05-21T04:14:33.9560612Z 
2026-05-21T04:14:33.9561370Z HEAD is now at c3706e5 Merge 3dfa14591fd04d3694fac65b8e705ad2af52c947 into ae895b3d45e730d5a94a2e7354eeee7a9987465a
2026-05-21T04:14:33.9563925Z ##[endgroup]
2026-05-21T04:14:33.9585479Z [command]/usr/bin/git log -1 --format=%H
2026-05-21T04:14:33.9606583Z c3706e58abb6c9331c1fd26f9b6099c6112b9cb7
2026-05-21T04:14:33.9868524Z ##[group]Run dorny/paths-filter@v4
2026-05-21T04:14:33.9868816Z with:
2026-05-21T04:14:33.9869215Z   filters: web:
  - 'web/**'
  - '.github/workflows/web-ci.yml'
  - '.github/actions/setup-node-web/**'

2026-05-21T04:14:33.9869834Z   token: ***
2026-05-21T04:14:33.9870030Z   list-files: none
2026-05-21T04:14:33.9870273Z   initial-fetch-depth: 100
2026-05-21T04:14:33.9870516Z   predicate-quantifier: some
2026-05-21T04:14:33.9870785Z ##[endgroup]
2026-05-21T04:14:34.0745335Z ##[group]Fetching list of changed files for PR#1683 from Github API
2026-05-21T04:14:34.0754268Z Invoking listFiles(pull_number: 1683, per_page: 100)
2026-05-21T04:14:34.3040410Z ##[endgroup]
2026-05-21T04:14:34.3078841Z ##[error]Resource not accessible by integration
2026-05-21T04:14:34.3486132Z Post job cleanup.
2026-05-21T04:14:34.4411448Z [command]/usr/bin/git version
2026-05-21T04:14:34.4484242Z git version 2.54.0
2026-05-21T04:14:34.4526754Z Temporarily overriding HOME='/home/runner/work/_temp/537d8896-9b67-4026-8665-c7a548171335' before making global git config changes
2026-05-21T04:14:34.4528179Z Adding repository directory to the temporary git global config as a safe directory
2026-05-21T04:14:34.4533675Z [command]/usr/bin/git config --global --add safe.directory /home/runner/work/prismTask/prismTask
2026-05-21T04:14:34.4570040Z Removing SSH command configuration
2026-05-21T04:14:34.4577236Z [command]/usr/bin/git config --local --name-only --get-regexp core\.sshCommand
2026-05-21T04:14:34.4625584Z [command]/usr/bin/git submodule foreach --recursive sh -c "git config --local --name-only --get-regexp 'core\.sshCommand' && git config --local --unset-all 'core.sshCommand' || :"
2026-05-21T04:14:34.4936565Z Removing HTTP extra header
2026-05-21T04:14:34.4954277Z [command]/usr/bin/git config --local --name-only --get-regexp http\.https\:\/\/github\.com\/\.extraheader
2026-05-21T04:14:34.4996553Z [command]/usr/bin/git submodule foreach --recursive sh -c "git config --local --name-only --get-regexp 'http\.https\:\/\/github\.com\/\.extraheader' && git config --local --unset-all 'http.https://github.com/.extraheader' || :"
2026-05-21T04:14:34.5328710Z Removing includeIf entries pointing to credentials config files
2026-05-21T04:14:34.5346167Z [command]/usr/bin/git config --local --name-only --get-regexp ^includeIf\.gitdir:
2026-05-21T04:14:34.5387750Z includeif.gitdir:/home/runner/work/prismTask/prismTask/.git.path
2026-05-21T04:14:34.5397330Z includeif.gitdir:/home/runner/work/prismTask/prismTask/.git/worktrees/*.path
2026-05-21T04:14:34.5405747Z includeif.gitdir:/github/workspace/.git.path
2026-05-21T04:14:34.5435714Z includeif.gitdir:/github/workspace/.git/worktrees/*.path
2026-05-21T04:14:34.5494634Z [command]/usr/bin/git config --local --get-all includeif.gitdir:/home/runner/work/prismTask/prismTask/.git.path
2026-05-21T04:14:34.5505788Z /home/runner/work/_temp/git-credentials-082a5de5-a76d-421e-a335-2d21b48240a3.config
2026-05-21T04:14:34.5556403Z [command]/usr/bin/git config --local --unset includeif.gitdir:/home/runner/work/prismTask/prismTask/.git.path /home/runner/work/_temp/git-credentials-082a5de5-a76d-421e-a335-2d21b48240a3.config
2026-05-21T04:14:34.5639699Z [command]/usr/bin/git config --local --get-all includeif.gitdir:/home/runner/work/prismTask/prismTask/.git/worktrees/*.path
2026-05-21T04:14:34.5655654Z /home/runner/work/_temp/git-credentials-082a5de5-a76d-421e-a335-2d21b48240a3.config
2026-05-21T04:14:34.5726456Z [command]/usr/bin/git config --local --unset includeif.gitdir:/home/runner/work/prismTask/prismTask/.git/worktrees/*.path /home/runner/work/_temp/git-credentials-082a5de5-a76d-421e-a335-2d21b48240a3.config
2026-05-21T04:14:34.5775634Z [command]/usr/bin/git config --local --get-all includeif.gitdir:/github/workspace/.git.path
2026-05-21T04:14:34.5787998Z /github/runner_temp/git-credentials-082a5de5-a76d-421e-a335-2d21b48240a3.config
2026-05-21T04:14:34.5844774Z [command]/usr/bin/git config --local --unset includeif.gitdir:/github/workspace/.git.path /github/runner_temp/git-credentials-082a5de5-a76d-421e-a335-2d21b48240a3.config
2026-05-21T04:14:34.5848635Z [command]/usr/bin/git config --local --get-all includeif.gitdir:/github/workspace/.git/worktrees/*.path
2026-05-21T04:14:34.5852723Z /github/runner_temp/git-credentials-082a5de5-a76d-421e-a335-2d21b48240a3.config
2026-05-21T04:14:34.5856672Z [command]/usr/bin/git config --local --unset includeif.gitdir:/github/workspace/.git/worktrees/*.path /github/runner_temp/git-credentials-082a5de5-a76d-421e-a335-2d21b48240a3.config
2026-05-21T04:14:34.5859320Z [command]/usr/bin/git submodule foreach --recursive git config --local --show-origin --name-only --get-regexp remote.origin.url
2026-05-21T04:14:34.6083658Z Removing credentials config '/home/runner/work/_temp/git-credentials-082a5de5-a76d-421e-a335-2d21b48240a3.config'
2026-05-21T04:14:34.6231551Z Evaluate and set job outputs
2026-05-21T04:14:34.6239930Z Cleaning up orphan processes


--- Job: web-lint-and-test (id 77102983154) ---
2026-05-21T04:14:39.9093930Z Current runner version: '2.334.0'
2026-05-21T04:14:39.9129910Z ##[group]Runner Image Provisioner
2026-05-21T04:14:39.9131690Z Hosted Compute Agent
2026-05-21T04:14:39.9132595Z Version: 20260213.493
2026-05-21T04:14:39.9133610Z Commit: 5c115507f6dd24b8de37d8bbe0bb4509d0cc0fa3
2026-05-21T04:14:39.9135054Z Build Date: 2026-02-13T00:28:41Z
2026-05-21T04:14:39.9136111Z Worker ID: {e0176821-e4fd-42bf-ae66-f5de33772f29}
2026-05-21T04:14:39.9137242Z Azure Region: northcentralus
2026-05-21T04:14:39.9138261Z ##[endgroup]
2026-05-21T04:14:39.9140244Z ##[group]Operating System
2026-05-21T04:14:39.9141268Z Ubuntu
2026-05-21T04:14:39.9142024Z 24.04.4
2026-05-21T04:14:39.9142743Z LTS
2026-05-21T04:14:39.9143473Z ##[endgroup]
2026-05-21T04:14:39.9144198Z ##[group]Runner Image
2026-05-21T04:14:39.9145359Z Image: ubuntu-24.04
2026-05-21T04:14:39.9146211Z Version: 20260513.135.3
2026-05-21T04:14:39.9148304Z Included Software: https://github.com/actions/runner-images/blob/ubuntu24/20260513.135/images/ubuntu/Ubuntu2404-Readme.md
2026-05-21T04:14:39.9150846Z Image Release: https://github.com/actions/runner-images/releases/tag/ubuntu24%2F20260513.135
2026-05-21T04:14:39.9152460Z ##[endgroup]
2026-05-21T04:14:39.9154454Z ##[group]GITHUB_TOKEN Permissions
2026-05-21T04:14:39.9157765Z Actions: read
2026-05-21T04:14:39.9158664Z Checks: read
2026-05-21T04:14:39.9159364Z Contents: write
2026-05-21T04:14:39.9160123Z Metadata: read
2026-05-21T04:14:39.9160998Z ##[endgroup]
2026-05-21T04:14:39.9164122Z Secret source: Actions
2026-05-21T04:14:39.9165833Z Prepare workflow directory
2026-05-21T04:14:39.9543998Z Prepare all required actions
2026-05-21T04:14:39.9674033Z Complete job name: web-lint-and-test
2026-05-21T04:14:40.0670568Z ##[group]Run if [ 'skipped' != 'success' ]; then
2026-05-21T04:14:40.0672054Z [36;1mif [ 'skipped' != 'success' ]; then[0m
2026-05-21T04:14:40.0673234Z [36;1m  echo "web-lint finished with skipped" >&2[0m
2026-05-21T04:14:40.0674552Z [36;1m  exit 1[0m
2026-05-21T04:14:40.0675558Z [36;1mfi[0m
2026-05-21T04:14:40.0676422Z [36;1mif [ 'skipped' != 'success' ]; then[0m
2026-05-21T04:14:40.0677650Z [36;1m  echo "web-unit-tests finished with skipped" >&2[0m
2026-05-21T04:14:40.0678879Z [36;1m  exit 1[0m
2026-05-21T04:14:40.0679602Z [36;1mfi[0m
2026-05-21T04:14:40.0680507Z [36;1mif [ 'skipped' != 'success' ]; then[0m
2026-05-21T04:14:40.0681687Z [36;1m  echo "web-build finished with skipped" >&2[0m
2026-05-21T04:14:40.0682776Z [36;1m  exit 1[0m
2026-05-21T04:14:40.0683492Z [36;1mfi[0m
2026-05-21T04:14:40.0684613Z [36;1mecho "✓ Split web lint, unit-test shards, and build passed."[0m
2026-05-21T04:14:40.1480444Z shell: /usr/bin/bash -e {0}
2026-05-21T04:14:40.1482381Z ##[endgroup]
2026-05-21T04:14:40.1720694Z web-lint finished with skipped
2026-05-21T04:14:40.1741311Z ##[error]Process completed with exit code 1.
2026-05-21T04:14:40.1900172Z Cleaning up orphan processes
