=== CI FAILURE ===
Workflow:      Web CI
Workflow file: averycorp/prismTask/.github/workflows/web-ci.yml@refs/pull/1511/merge
Job(s):        web-lint, web-lint-and-test
Run ID:        25943519784
Run attempt:   1
Run URL:       https://github.com/averycorp/prismTask/actions/runs/25943519784
Commit:        359ebfd491d068fb1aa57b74973bc84dba3b6c2b
Branch:        1511/merge
Event:         pull_request
Actor:         akarlin3
Runner OS:     Linux
Timestamp:     2026-05-15T22:02:38.703Z

Failed steps:
  - web-lint: #5 Run ESLint
  - web-lint-and-test: #2 Verify split web checks

=== FAILED JOB LOG ===

--- Job: web-lint (id 76266499017) ---
2026-05-15T22:01:43.9994145Z Current runner version: '2.334.0'
2026-05-15T22:01:44.0018899Z ##[group]Runner Image Provisioner
2026-05-15T22:01:44.0019819Z Hosted Compute Agent
2026-05-15T22:01:44.0020379Z Version: 20260213.493
2026-05-15T22:01:44.0020950Z Commit: 5c115507f6dd24b8de37d8bbe0bb4509d0cc0fa3
2026-05-15T22:01:44.0021714Z Build Date: 2026-02-13T00:28:41Z
2026-05-15T22:01:44.0022343Z Worker ID: {3f2c4bff-445d-493b-9670-4271fb3e142c}
2026-05-15T22:01:44.0023050Z Azure Region: eastus2
2026-05-15T22:01:44.0023698Z ##[endgroup]
2026-05-15T22:01:44.0025003Z ##[group]Operating System
2026-05-15T22:01:44.0025611Z Ubuntu
2026-05-15T22:01:44.0026119Z 24.04.4
2026-05-15T22:01:44.0026619Z LTS
2026-05-15T22:01:44.0027057Z ##[endgroup]
2026-05-15T22:01:44.0027655Z ##[group]Runner Image
2026-05-15T22:01:44.0028215Z Image: ubuntu-24.04
2026-05-15T22:01:44.0029173Z Version: 20260513.135.3
2026-05-15T22:01:44.0030441Z Included Software: https://github.com/actions/runner-images/blob/ubuntu24/20260513.135/images/ubuntu/Ubuntu2404-Readme.md
2026-05-15T22:01:44.0031881Z Image Release: https://github.com/actions/runner-images/releases/tag/ubuntu24%2F20260513.135
2026-05-15T22:01:44.0032864Z ##[endgroup]
2026-05-15T22:01:44.0034023Z ##[group]GITHUB_TOKEN Permissions
2026-05-15T22:01:44.0035950Z Actions: read
2026-05-15T22:01:44.0036612Z Checks: read
2026-05-15T22:01:44.0037075Z Contents: write
2026-05-15T22:01:44.0037661Z Metadata: read
2026-05-15T22:01:44.0038194Z ##[endgroup]
2026-05-15T22:01:44.0040433Z Secret source: Actions
2026-05-15T22:01:44.0041160Z Prepare workflow directory
2026-05-15T22:01:44.0444769Z Prepare all required actions
2026-05-15T22:01:44.0481496Z Getting action download info
2026-05-15T22:01:44.3272637Z Download action repository 'actions/checkout@v6' (SHA:de0fac2e4500dabe0009e67214ff5f5447ce83dd)
2026-05-15T22:01:44.5793673Z Complete job name: web-lint
2026-05-15T22:01:44.6479123Z ##[group]Run actions/checkout@v6
2026-05-15T22:01:44.6479969Z with:
2026-05-15T22:01:44.6480360Z   repository: averycorp/prismTask
2026-05-15T22:01:44.6481024Z   token: ***
2026-05-15T22:01:44.6481411Z   ssh-strict: true
2026-05-15T22:01:44.6481786Z   ssh-user: git
2026-05-15T22:01:44.6482181Z   persist-credentials: true
2026-05-15T22:01:44.6482620Z   clean: true
2026-05-15T22:01:44.6483017Z   sparse-checkout-cone-mode: true
2026-05-15T22:01:44.6483472Z   fetch-depth: 1
2026-05-15T22:01:44.6483846Z   fetch-tags: false
2026-05-15T22:01:44.6484224Z   show-progress: true
2026-05-15T22:01:44.6484609Z   lfs: false
2026-05-15T22:01:44.6484963Z   submodules: false
2026-05-15T22:01:44.6485351Z   set-safe-directory: true
2026-05-15T22:01:44.6485945Z ##[endgroup]
2026-05-15T22:01:44.7482970Z Syncing repository: averycorp/prismTask
2026-05-15T22:01:44.7484735Z ##[group]Getting Git version info
2026-05-15T22:01:44.7485561Z Working directory is '/home/runner/work/prismTask/prismTask'
2026-05-15T22:01:44.7486744Z [command]/usr/bin/git version
2026-05-15T22:01:44.7521893Z git version 2.54.0
2026-05-15T22:01:44.7543158Z ##[endgroup]
2026-05-15T22:01:44.7556423Z Temporarily overriding HOME='/home/runner/work/_temp/27f34964-ac84-4f9e-8548-9b08c70b5ac5' before making global git config changes
2026-05-15T22:01:44.7558736Z Adding repository directory to the temporary git global config as a safe directory
2026-05-15T22:01:44.7561872Z [command]/usr/bin/git config --global --add safe.directory /home/runner/work/prismTask/prismTask
2026-05-15T22:01:44.7605424Z Deleting the contents of '/home/runner/work/prismTask/prismTask'
2026-05-15T22:01:44.7609112Z ##[group]Initializing the repository
2026-05-15T22:01:44.7614025Z [command]/usr/bin/git init /home/runner/work/prismTask/prismTask
2026-05-15T22:01:44.7687490Z hint: Using 'master' as the name for the initial branch. This default branch name
2026-05-15T22:01:44.7689334Z hint: will change to "main" in Git 3.0. To configure the initial branch name
2026-05-15T22:01:44.7690734Z hint: to use in all of your new repositories, which will suppress this warning,
2026-05-15T22:01:44.7691798Z hint: call:
2026-05-15T22:01:44.7692323Z hint:
2026-05-15T22:01:44.7693273Z hint: 	git config --global init.defaultBranch <name>
2026-05-15T22:01:44.7694115Z hint:
2026-05-15T22:01:44.7694656Z hint: Names commonly chosen instead of 'master' are 'main', 'trunk' and
2026-05-15T22:01:44.7695511Z hint: 'development'. The just-created branch can be renamed via this command:
2026-05-15T22:01:44.7696229Z hint:
2026-05-15T22:01:44.7696791Z hint: 	git branch -m <name>
2026-05-15T22:01:44.7697431Z hint:
2026-05-15T22:01:44.7698023Z hint: Disable this message with "git config set advice.defaultBranchName false"
2026-05-15T22:01:44.7699312Z Initialized empty Git repository in /home/runner/work/prismTask/prismTask/.git/
2026-05-15T22:01:44.7702065Z [command]/usr/bin/git remote add origin https://github.com/averycorp/prismTask
2026-05-15T22:01:44.7742288Z ##[endgroup]
2026-05-15T22:01:44.7743322Z ##[group]Disabling automatic garbage collection
2026-05-15T22:01:44.7745179Z [command]/usr/bin/git config --local gc.auto 0
2026-05-15T22:01:44.7775396Z ##[endgroup]
2026-05-15T22:01:44.7776363Z ##[group]Setting up auth
2026-05-15T22:01:44.7777087Z Removing SSH command configuration
2026-05-15T22:01:44.7782122Z [command]/usr/bin/git config --local --name-only --get-regexp core\.sshCommand
2026-05-15T22:01:44.7816128Z [command]/usr/bin/git submodule foreach --recursive sh -c "git config --local --name-only --get-regexp 'core\.sshCommand' && git config --local --unset-all 'core.sshCommand' || :"
2026-05-15T22:01:44.8111865Z Removing HTTP extra header
2026-05-15T22:01:44.8118080Z [command]/usr/bin/git config --local --name-only --get-regexp http\.https\:\/\/github\.com\/\.extraheader
2026-05-15T22:01:44.8150707Z [command]/usr/bin/git submodule foreach --recursive sh -c "git config --local --name-only --get-regexp 'http\.https\:\/\/github\.com\/\.extraheader' && git config --local --unset-all 'http.https://github.com/.extraheader' || :"
2026-05-15T22:01:44.8375245Z Removing includeIf entries pointing to credentials config files
2026-05-15T22:01:44.8380695Z [command]/usr/bin/git config --local --name-only --get-regexp ^includeIf\.gitdir:
2026-05-15T22:01:44.8412328Z [command]/usr/bin/git submodule foreach --recursive git config --local --show-origin --name-only --get-regexp remote.origin.url
2026-05-15T22:01:44.8643508Z [command]/usr/bin/git config --file /home/runner/work/_temp/git-credentials-b815d761-d926-4b08-97f5-225b704192d4.config http.https://github.com/.extraheader AUTHORIZATION: basic ***
2026-05-15T22:01:44.8679745Z [command]/usr/bin/git config --local includeIf.gitdir:/home/runner/work/prismTask/prismTask/.git.path /home/runner/work/_temp/git-credentials-b815d761-d926-4b08-97f5-225b704192d4.config
2026-05-15T22:01:44.8709566Z [command]/usr/bin/git config --local includeIf.gitdir:/home/runner/work/prismTask/prismTask/.git/worktrees/*.path /home/runner/work/_temp/git-credentials-b815d761-d926-4b08-97f5-225b704192d4.config
2026-05-15T22:01:44.8741310Z [command]/usr/bin/git config --local includeIf.gitdir:/github/workspace/.git.path /github/runner_temp/git-credentials-b815d761-d926-4b08-97f5-225b704192d4.config
2026-05-15T22:01:44.8772440Z [command]/usr/bin/git config --local includeIf.gitdir:/github/workspace/.git/worktrees/*.path /github/runner_temp/git-credentials-b815d761-d926-4b08-97f5-225b704192d4.config
2026-05-15T22:01:44.8806900Z ##[endgroup]
2026-05-15T22:01:44.8807770Z ##[group]Fetching the repository
2026-05-15T22:01:44.8815375Z [command]/usr/bin/git -c protocol.version=2 fetch --no-tags --prune --no-recurse-submodules --depth=1 origin +359ebfd491d068fb1aa57b74973bc84dba3b6c2b:refs/remotes/pull/1511/merge
2026-05-15T22:01:46.6783037Z From https://github.com/averycorp/prismTask
2026-05-15T22:01:46.6784846Z  * [new ref]         359ebfd491d068fb1aa57b74973bc84dba3b6c2b -> pull/1511/merge
2026-05-15T22:01:46.6816694Z ##[endgroup]
2026-05-15T22:01:46.6817879Z ##[group]Determining the checkout info
2026-05-15T22:01:46.6819329Z ##[endgroup]
2026-05-15T22:01:46.6824627Z [command]/usr/bin/git sparse-checkout disable
2026-05-15T22:01:46.6868629Z [command]/usr/bin/git config --local --unset-all extensions.worktreeConfig
2026-05-15T22:01:46.6898815Z ##[group]Checking out the ref
2026-05-15T22:01:46.6902063Z [command]/usr/bin/git checkout --progress --force refs/remotes/pull/1511/merge
2026-05-15T22:01:46.9972522Z Note: switching to 'refs/remotes/pull/1511/merge'.
2026-05-15T22:01:46.9973763Z 
2026-05-15T22:01:46.9974140Z You are in 'detached HEAD' state. You can look around, make experimental
2026-05-15T22:01:46.9974965Z changes and commit them, and you can discard any commits you make in this
2026-05-15T22:01:46.9975723Z state without impacting any branches by switching back to a branch.
2026-05-15T22:01:46.9976172Z 
2026-05-15T22:01:46.9976480Z If you want to create a new branch to retain commits you create, you may
2026-05-15T22:01:46.9977213Z do so (now or later) by using -c with the switch command. Example:
2026-05-15T22:01:46.9977652Z 
2026-05-15T22:01:46.9977834Z   git switch -c <new-branch-name>
2026-05-15T22:01:46.9978105Z 
2026-05-15T22:01:46.9978283Z Or undo this operation with:
2026-05-15T22:01:46.9978750Z 
2026-05-15T22:01:46.9978922Z   git switch -
2026-05-15T22:01:46.9979150Z 
2026-05-15T22:01:46.9979539Z Turn off this advice by setting config variable advice.detachedHead to false
2026-05-15T22:01:46.9980049Z 
2026-05-15T22:01:46.9980621Z HEAD is now at 359ebfd Merge 5e34f731bd60c90b2779ba759e4a2e71a1e51d51 into cc55dfb7e009533335a0391e5569a4cc20511f29
2026-05-15T22:01:47.0000984Z ##[endgroup]
2026-05-15T22:01:47.0043839Z [command]/usr/bin/git log -1 --format=%H
2026-05-15T22:01:47.0068956Z 359ebfd491d068fb1aa57b74973bc84dba3b6c2b
2026-05-15T22:01:47.0366032Z Prepare all required actions
2026-05-15T22:01:47.0366518Z Getting action download info
2026-05-15T22:01:47.1888580Z Download action repository 'actions/setup-node@v4' (SHA:49933ea5288caeca8642d1e84afbd3f7d6820020)
2026-05-15T22:01:47.2900254Z ##[group]Run ./.github/actions/setup-node-web
2026-05-15T22:01:47.2900592Z ##[endgroup]
2026-05-15T22:01:47.3030862Z ##[group]Run actions/setup-node@v4
2026-05-15T22:01:47.3031217Z with:
2026-05-15T22:01:47.3031503Z   node-version: 22
2026-05-15T22:01:47.3031744Z   cache: npm
2026-05-15T22:01:47.3032006Z   cache-dependency-path: web/package-lock.json
2026-05-15T22:01:47.3032330Z   always-auth: false
2026-05-15T22:01:47.3032569Z   check-latest: false
2026-05-15T22:01:47.3033126Z   token: ***
2026-05-15T22:01:47.3105656Z ##[endgroup]
2026-05-15T22:01:47.4880770Z Found in cache @ /opt/hostedtoolcache/node/22.22.2/x64
2026-05-15T22:01:47.4887199Z ##[group]Environment details
2026-05-15T22:01:49.8121195Z node: v22.22.2
2026-05-15T22:01:49.8121774Z npm: 10.9.7
2026-05-15T22:01:49.8122049Z yarn: 1.22.22
2026-05-15T22:01:49.8123292Z ##[endgroup]
2026-05-15T22:01:49.8142295Z [command]/opt/hostedtoolcache/node/22.22.2/x64/bin/npm config get cache
2026-05-15T22:01:50.0473944Z /home/runner/.npm
2026-05-15T22:01:50.1499872Z npm cache is not found
2026-05-15T22:01:50.1650665Z ##[group]Run npm ci
2026-05-15T22:01:50.1650967Z [36;1mnpm ci[0m
2026-05-15T22:01:50.1739712Z shell: /usr/bin/bash --noprofile --norc -e -o pipefail {0}
2026-05-15T22:01:50.1740087Z ##[endgroup]
2026-05-15T22:02:01.2257869Z 
2026-05-15T22:02:01.2264428Z added 435 packages, and audited 436 packages in 11s
2026-05-15T22:02:01.2264808Z 
2026-05-15T22:02:01.2265012Z 94 packages are looking for funding
2026-05-15T22:02:01.2265348Z   run `npm fund` for details
2026-05-15T22:02:01.2331822Z 
2026-05-15T22:02:01.2332267Z 3 vulnerabilities (2 moderate, 1 critical)
2026-05-15T22:02:01.2332625Z 
2026-05-15T22:02:01.2332826Z To address all issues, run:
2026-05-15T22:02:01.2333115Z   npm audit fix
2026-05-15T22:02:01.2333285Z 
2026-05-15T22:02:01.2333409Z Run `npm audit` for details.
2026-05-15T22:02:01.2988097Z ##[group]Run npm run lint
2026-05-15T22:02:01.2988636Z [36;1mnpm run lint[0m
2026-05-15T22:02:01.3025981Z shell: /usr/bin/bash -e {0}
2026-05-15T22:02:01.3026233Z ##[endgroup]
2026-05-15T22:02:01.3999362Z 
2026-05-15T22:02:01.3999886Z > web@1.6.0 lint
2026-05-15T22:02:01.4000219Z > eslint .
2026-05-15T22:02:01.4000347Z 
2026-05-15T22:02:20.4002355Z 
2026-05-15T22:02:20.4006454Z /home/runner/work/prismTask/prismTask/web/src/features/medication/MedicationEditorDialog.tsx
2026-05-15T22:02:20.4007845Z   190:7  error  Error: Calling setState synchronously within an effect can trigger cascading renders
2026-05-15T22:02:20.4008689Z 
2026-05-15T22:02:20.4010267Z Effects are intended to synchronize state between React and external systems such as manually updating the DOM, state management libraries, or other platform APIs. In general, the body of an effect should do one or both of the following:
2026-05-15T22:02:20.4011963Z * Update external systems with the latest state from React.
2026-05-15T22:02:20.4012737Z * Subscribe for updates from some external system, calling setState in a callback function when external state changes.
2026-05-15T22:02:20.4013155Z 
2026-05-15T22:02:20.4013954Z Calling setState synchronously within an effect body causes cascading renders that can hurt performance, and is not recommended. (https://react.dev/learn/you-might-not-need-an-effect).
2026-05-15T22:02:20.4014631Z 
2026-05-15T22:02:20.4015059Z /home/runner/work/prismTask/prismTask/web/src/features/medication/MedicationEditorDialog.tsx:190:7
2026-05-15T22:02:20.4015546Z   188 |   useEffect(() => {
2026-05-15T22:02:20.4015778Z   189 |     if (isOpen) {
2026-05-15T22:02:20.4016061Z > 190 |       setForm(initialState(initial));
2026-05-15T22:02:20.4016428Z       |       ^^^^^^^ Avoid calling setState() directly within an effect
2026-05-15T22:02:20.4016782Z   191 |       setErrors({});
2026-05-15T22:02:20.4016999Z   192 |     }
2026-05-15T22:02:20.4017289Z   193 |   }, [isOpen, initial]);  react-hooks/set-state-in-effect
2026-05-15T22:02:20.4017515Z 
2026-05-15T22:02:20.4017882Z /home/runner/work/prismTask/prismTask/web/src/features/medication/MedicationRefillScreen.tsx
2026-05-15T22:02:20.4018707Z    88:17  error  Error: Cannot call impure function during render
2026-05-15T22:02:20.4018933Z 
2026-05-15T22:02:20.4020049Z `Date.now` is an impure function. Calling an impure function can produce unstable results that update unpredictably when the component happens to re-render. (https://react.dev/reference/rules/components-and-hooks-must-be-pure#components-and-hooks-must-be-idempotent).
2026-05-15T22:02:20.4020962Z 
2026-05-15T22:02:20.4021370Z /home/runner/work/prismTask/prismTask/web/src/features/medication/MedicationRefillScreen.tsx:88:17
2026-05-15T22:02:20.4021816Z   86 |
2026-05-15T22:02:20.4022034Z   87 |   const forecasts = useMemo(() => {
2026-05-15T22:02:20.4022337Z > 88 |     const now = Date.now();
2026-05-15T22:02:20.4022639Z      |                 ^^^^^^^^^^ Cannot call impure function
2026-05-15T22:02:20.4023027Z   89 |     const map = new Map<string, RefillForecast>();
2026-05-15T22:02:20.4023348Z   90 |     for (const refill of refills) {
2026-05-15T22:02:20.4024280Z   91 |       map.set(refill.id, forecastRefill(refill, now));                                                                                                                                                                                                                                                                                                                               react-hooks/purity
2026-05-15T22:02:20.4025402Z   382:7   error  Error: Calling setState synchronously within an effect can trigger cascading renders
2026-05-15T22:02:20.4025763Z 
2026-05-15T22:02:20.4026690Z Effects are intended to synchronize state between React and external systems such as manually updating the DOM, state management libraries, or other platform APIs. In general, the body of an effect should do one or both of the following:
2026-05-15T22:02:20.4027935Z * Update external systems with the latest state from React.
2026-05-15T22:02:20.4028781Z * Subscribe for updates from some external system, calling setState in a callback function when external state changes.
2026-05-15T22:02:20.4029203Z 
2026-05-15T22:02:20.4030010Z Calling setState synchronously within an effect body causes cascading renders that can hurt performance, and is not recommended. (https://react.dev/learn/you-might-not-need-an-effect).
2026-05-15T22:02:20.4030767Z 
2026-05-15T22:02:20.4031179Z /home/runner/work/prismTask/prismTask/web/src/features/medication/MedicationRefillScreen.tsx:382:7
2026-05-15T22:02:20.4031647Z   380 |   useEffect(() => {
2026-05-15T22:02:20.4031870Z   381 |     if (isOpen) {
2026-05-15T22:02:20.4032166Z > 382 |       setForm(initialEditorState(initial));
2026-05-15T22:02:20.4032536Z       |       ^^^^^^^ Avoid calling setState() directly within an effect
2026-05-15T22:02:20.4032846Z   383 |       setErrors({});
2026-05-15T22:02:20.4033051Z   384 |     }
2026-05-15T22:02:20.4033345Z   385 |   }, [isOpen, initial]);  react-hooks/set-state-in-effect
2026-05-15T22:02:20.4033566Z 
2026-05-15T22:02:20.4033878Z /home/runner/work/prismTask/prismTask/web/src/features/selfcare/SelfCareScreen.tsx
2026-05-15T22:02:20.4034417Z   35:31  error  Error: Cannot call impure function during render
2026-05-15T22:02:20.4034647Z 
2026-05-15T22:02:20.4035732Z `Date.now` is an impure function. Calling an impure function can produce unstable results that update unpredictably when the component happens to re-render. (https://react.dev/reference/rules/components-and-hooks-must-be-pure#components-and-hooks-must-be-idempotent).
2026-05-15T22:02:20.4036668Z 
2026-05-15T22:02:20.4037004Z /home/runner/work/prismTask/prismTask/web/src/features/selfcare/SelfCareScreen.tsx:35:31
2026-05-15T22:02:20.4037412Z   33 |
2026-05-15T22:02:20.4037605Z   34 |   const todayMs = useMemo(
2026-05-15T22:02:20.4037954Z > 35 |     () => startOfLogicalDayMs(Date.now(), startOfDayHour),
2026-05-15T22:02:20.4038519Z      |                               ^^^^^^^^^^ Cannot call impure function
2026-05-15T22:02:20.4038881Z   36 |     [startOfDayHour],
2026-05-15T22:02:20.4039100Z   37 |   );
2026-05-15T22:02:20.4039279Z   38 |  react-hooks/purity
2026-05-15T22:02:20.4039420Z 
2026-05-15T22:02:20.4039725Z /home/runner/work/prismTask/prismTask/web/src/features/today/PlanForTodaySheet.tsx
2026-05-15T22:02:20.4040442Z   73:7  error  Error: Calling setState synchronously within an effect can trigger cascading renders
2026-05-15T22:02:20.4040781Z 
2026-05-15T22:02:20.4041704Z Effects are intended to synchronize state between React and external systems such as manually updating the DOM, state management libraries, or other platform APIs. In general, the body of an effect should do one or both of the following:
2026-05-15T22:02:20.4042648Z * Update external systems with the latest state from React.
2026-05-15T22:02:20.4043329Z * Subscribe for updates from some external system, calling setState in a callback function when external state changes.
2026-05-15T22:02:20.4043737Z 
2026-05-15T22:02:20.4044464Z Calling setState synchronously within an effect body causes cascading renders that can hurt performance, and is not recommended. (https://react.dev/learn/you-might-not-need-an-effect).
2026-05-15T22:02:20.4045070Z 
2026-05-15T22:02:20.4045398Z /home/runner/work/prismTask/prismTask/web/src/features/today/PlanForTodaySheet.tsx:73:7
2026-05-15T22:02:20.4045811Z   71 |   useEffect(() => {
2026-05-15T22:02:20.4046030Z   72 |     if (isOpen) {
2026-05-15T22:02:20.4046254Z > 73 |       setSearch('');
2026-05-15T22:02:20.4046562Z      |       ^^^^^^^^^ Avoid calling setState() directly within an effect
2026-05-15T22:02:20.4046924Z   74 |       setSelectedIds(new Set());
2026-05-15T22:02:20.4047187Z   75 |       setMultiSelect(false);
2026-05-15T22:02:20.4047482Z   76 |     }  react-hooks/set-state-in-effect
2026-05-15T22:02:20.4047655Z 
2026-05-15T22:02:20.4048053Z ✖ 5 problems (5 errors, 0 warnings)
2026-05-15T22:02:20.4048222Z 
2026-05-15T22:02:20.6033971Z ##[error]Process completed with exit code 1.
2026-05-15T22:02:20.6103439Z Post job cleanup.
2026-05-15T22:02:20.6183096Z Post job cleanup.
2026-05-15T22:02:20.7010887Z [command]/usr/bin/git version
2026-05-15T22:02:20.7080515Z git version 2.54.0
2026-05-15T22:02:20.7117739Z Temporarily overriding HOME='/home/runner/work/_temp/79e8a57a-79e0-4e47-8dce-d25c94567480' before making global git config changes
2026-05-15T22:02:20.7119737Z Adding repository directory to the temporary git global config as a safe directory
2026-05-15T22:02:20.7123821Z [command]/usr/bin/git config --global --add safe.directory /home/runner/work/prismTask/prismTask
2026-05-15T22:02:20.7154260Z Removing SSH command configuration
2026-05-15T22:02:20.7160351Z [command]/usr/bin/git config --local --name-only --get-regexp core\.sshCommand
2026-05-15T22:02:20.7196538Z [command]/usr/bin/git submodule foreach --recursive sh -c "git config --local --name-only --get-regexp 'core\.sshCommand' && git config --local --unset-all 'core.sshCommand' || :"
2026-05-15T22:02:20.7434874Z Removing HTTP extra header
2026-05-15T22:02:20.7440371Z [command]/usr/bin/git config --local --name-only --get-regexp http\.https\:\/\/github\.com\/\.extraheader
2026-05-15T22:02:20.7474248Z [command]/usr/bin/git submodule foreach --recursive sh -c "git config --local --name-only --get-regexp 'http\.https\:\/\/github\.com\/\.extraheader' && git config --local --unset-all 'http.https://github.com/.extraheader' || :"
2026-05-15T22:02:20.7705627Z Removing includeIf entries pointing to credentials config files
2026-05-15T22:02:20.7712419Z [command]/usr/bin/git config --local --name-only --get-regexp ^includeIf\.gitdir:
2026-05-15T22:02:20.7739454Z includeif.gitdir:/home/runner/work/prismTask/prismTask/.git.path
2026-05-15T22:02:20.7740373Z includeif.gitdir:/home/runner/work/prismTask/prismTask/.git/worktrees/*.path
2026-05-15T22:02:20.7741117Z includeif.gitdir:/github/workspace/.git.path
2026-05-15T22:02:20.7741772Z includeif.gitdir:/github/workspace/.git/worktrees/*.path
2026-05-15T22:02:20.7750835Z [command]/usr/bin/git config --local --get-all includeif.gitdir:/home/runner/work/prismTask/prismTask/.git.path
2026-05-15T22:02:20.7774450Z /home/runner/work/_temp/git-credentials-b815d761-d926-4b08-97f5-225b704192d4.config
2026-05-15T22:02:20.7785041Z [command]/usr/bin/git config --local --unset includeif.gitdir:/home/runner/work/prismTask/prismTask/.git.path /home/runner/work/_temp/git-credentials-b815d761-d926-4b08-97f5-225b704192d4.config
2026-05-15T22:02:20.7821171Z [command]/usr/bin/git config --local --get-all includeif.gitdir:/home/runner/work/prismTask/prismTask/.git/worktrees/*.path
2026-05-15T22:02:20.7844109Z /home/runner/work/_temp/git-credentials-b815d761-d926-4b08-97f5-225b704192d4.config
2026-05-15T22:02:20.7853392Z [command]/usr/bin/git config --local --unset includeif.gitdir:/home/runner/work/prismTask/prismTask/.git/worktrees/*.path /home/runner/work/_temp/git-credentials-b815d761-d926-4b08-97f5-225b704192d4.config
2026-05-15T22:02:20.7887763Z [command]/usr/bin/git config --local --get-all includeif.gitdir:/github/workspace/.git.path
2026-05-15T22:02:20.7909815Z /github/runner_temp/git-credentials-b815d761-d926-4b08-97f5-225b704192d4.config
2026-05-15T22:02:20.7917625Z [command]/usr/bin/git config --local --unset includeif.gitdir:/github/workspace/.git.path /github/runner_temp/git-credentials-b815d761-d926-4b08-97f5-225b704192d4.config
2026-05-15T22:02:20.7948692Z [command]/usr/bin/git config --local --get-all includeif.gitdir:/github/workspace/.git/worktrees/*.path
2026-05-15T22:02:20.7970111Z /github/runner_temp/git-credentials-b815d761-d926-4b08-97f5-225b704192d4.config
2026-05-15T22:02:20.7978573Z [command]/usr/bin/git config --local --unset includeif.gitdir:/github/workspace/.git/worktrees/*.path /github/runner_temp/git-credentials-b815d761-d926-4b08-97f5-225b704192d4.config
2026-05-15T22:02:20.8011295Z [command]/usr/bin/git submodule foreach --recursive git config --local --show-origin --name-only --get-regexp remote.origin.url
2026-05-15T22:02:20.8240028Z Removing credentials config '/home/runner/work/_temp/git-credentials-b815d761-d926-4b08-97f5-225b704192d4.config'
2026-05-15T22:02:20.8393824Z Cleaning up orphan processes
2026-05-15T22:02:20.8686407Z ##[warning]Node.js 20 actions are deprecated. The following actions are running on Node.js 20 and may not work as expected: actions/setup-node@v4. Actions will be forced to run with Node.js 24 by default starting June 2nd, 2026. Node.js 20 will be removed from the runner on September 16th, 2026. Please check if updated versions of these actions are available that support Node.js 24. To opt into Node.js 24 now, set the FORCE_JAVASCRIPT_ACTIONS_TO_NODE24=true environment variable on the runner or in your workflow file. Once Node.js 24 becomes the default, you can temporarily opt out by setting ACTIONS_ALLOW_USE_UNSECURE_NODE_VERSION=true. For more information see: https://github.blog/changelog/2025-09-19-deprecation-of-node-20-on-github-actions-runners/


--- Job: web-lint-and-test (id 76266581900) ---
2026-05-15T22:02:30.3196717Z Current runner version: '2.334.0'
2026-05-15T22:02:30.3221969Z ##[group]Runner Image Provisioner
2026-05-15T22:02:30.3222789Z Hosted Compute Agent
2026-05-15T22:02:30.3223323Z Version: 20260213.493
2026-05-15T22:02:30.3223860Z Commit: 5c115507f6dd24b8de37d8bbe0bb4509d0cc0fa3
2026-05-15T22:02:30.3224611Z Build Date: 2026-02-13T00:28:41Z
2026-05-15T22:02:30.3225227Z Worker ID: {4cb72f02-5547-456c-b649-3f799b0767df}
2026-05-15T22:02:30.3225882Z Azure Region: eastus
2026-05-15T22:02:30.3226500Z ##[endgroup]
2026-05-15T22:02:30.3228324Z ##[group]Operating System
2026-05-15T22:02:30.3228944Z Ubuntu
2026-05-15T22:02:30.3229480Z 24.04.4
2026-05-15T22:02:30.3229937Z LTS
2026-05-15T22:02:30.3230350Z ##[endgroup]
2026-05-15T22:02:30.3230920Z ##[group]Runner Image
2026-05-15T22:02:30.3231426Z Image: ubuntu-24.04
2026-05-15T22:02:30.3231976Z Version: 20260513.135.3
2026-05-15T22:02:30.3233180Z Included Software: https://github.com/actions/runner-images/blob/ubuntu24/20260513.135/images/ubuntu/Ubuntu2404-Readme.md
2026-05-15T22:02:30.3234618Z Image Release: https://github.com/actions/runner-images/releases/tag/ubuntu24%2F20260513.135
2026-05-15T22:02:30.3235589Z ##[endgroup]
2026-05-15T22:02:30.3236707Z ##[group]GITHUB_TOKEN Permissions
2026-05-15T22:02:30.3239225Z Actions: read
2026-05-15T22:02:30.3239799Z Checks: read
2026-05-15T22:02:30.3240256Z Contents: write
2026-05-15T22:02:30.3240838Z Metadata: read
2026-05-15T22:02:30.3241310Z ##[endgroup]
2026-05-15T22:02:30.3243344Z Secret source: Actions
2026-05-15T22:02:30.3244235Z Prepare workflow directory
2026-05-15T22:02:30.3574412Z Prepare all required actions
2026-05-15T22:02:30.3668772Z Complete job name: web-lint-and-test
2026-05-15T22:02:30.4447325Z ##[group]Run if [ 'failure' != 'success' ]; then
2026-05-15T22:02:30.4448486Z [36;1mif [ 'failure' != 'success' ]; then[0m
2026-05-15T22:02:30.4449202Z [36;1m  echo "web-lint finished with failure" >&2[0m
2026-05-15T22:02:30.4450070Z [36;1m  exit 1[0m
2026-05-15T22:02:30.4450601Z [36;1mfi[0m
2026-05-15T22:02:30.4451149Z [36;1mif [ 'success' != 'success' ]; then[0m
2026-05-15T22:02:30.4451805Z [36;1m  echo "web-unit-tests finished with success" >&2[0m
2026-05-15T22:02:30.4452537Z [36;1m  exit 1[0m
2026-05-15T22:02:30.4452994Z [36;1mfi[0m
2026-05-15T22:02:30.4453487Z [36;1mif [ 'success' != 'success' ]; then[0m
2026-05-15T22:02:30.4454269Z [36;1m  echo "web-build finished with success" >&2[0m
2026-05-15T22:02:30.4454870Z [36;1m  exit 1[0m
2026-05-15T22:02:30.4455342Z [36;1mfi[0m
2026-05-15T22:02:30.4456047Z [36;1mecho "✓ Split web lint, unit-test shards, and build passed."[0m
2026-05-15T22:02:30.5186444Z shell: /usr/bin/bash -e {0}
2026-05-15T22:02:30.5188450Z ##[endgroup]
2026-05-15T22:02:30.5565078Z web-lint finished with failure
2026-05-15T22:02:30.5593156Z ##[error]Process completed with exit code 1.
2026-05-15T22:02:30.5713959Z Cleaning up orphan processes
