=== CI FAILURE ===
Workflow:      Web CI
Workflow file: averycorp/prismTask/.github/workflows/web-ci.yml@refs/pull/1239/merge
Job(s):        web-unit-tests (1, 3), web-build, web-unit-tests (3, 3), web-unit-tests (2, 3), web-lint, web-lint-and-test
Run ID:        25636609996
Run attempt:   1
Run URL:       https://github.com/averycorp/prismTask/actions/runs/25636609996
Commit:        298d1746e83921d88e62e43918f6d12ba122947b
Branch:        1239/merge
Event:         pull_request
Actor:         akarlin3
Runner OS:     Linux
Timestamp:     2026-05-10T18:38:36.300Z

Failed steps:
  - web-unit-tests (1, 3): #4 Run ./.github/actions/setup-node-web
  - web-build: #4 Run ./.github/actions/setup-node-web
  - web-unit-tests (3, 3): #4 Run ./.github/actions/setup-node-web
  - web-unit-tests (2, 3): #4 Run ./.github/actions/setup-node-web
  - web-lint: #4 Run ./.github/actions/setup-node-web
  - web-lint-and-test: #2 Verify split web checks

=== FAILED JOB LOG ===

--- Job: web-unit-tests (1, 3) (id 75249527113) ---
2026-05-10T18:38:07.5856496Z Current runner version: '2.334.0'
2026-05-10T18:38:07.5894431Z ##[group]Runner Image Provisioner
2026-05-10T18:38:07.5895811Z Hosted Compute Agent
2026-05-10T18:38:07.5896752Z Version: 20260213.493
2026-05-10T18:38:07.5897697Z Commit: 5c115507f6dd24b8de37d8bbe0bb4509d0cc0fa3
2026-05-10T18:38:07.5899011Z Build Date: 2026-02-13T00:28:41Z
2026-05-10T18:38:07.5900567Z Worker ID: {62a4636e-3c4f-42f0-a579-841316782d2b}
2026-05-10T18:38:07.5901747Z Azure Region: eastus
2026-05-10T18:38:07.5902679Z ##[endgroup]
2026-05-10T18:38:07.5904816Z ##[group]Operating System
2026-05-10T18:38:07.5905756Z Ubuntu
2026-05-10T18:38:07.5906703Z 24.04.4
2026-05-10T18:38:07.5907607Z LTS
2026-05-10T18:38:07.5908345Z ##[endgroup]
2026-05-10T18:38:07.5909594Z ##[group]Runner Image
2026-05-10T18:38:07.5910526Z Image: ubuntu-24.04
2026-05-10T18:38:07.5911411Z Version: 20260413.86.1
2026-05-10T18:38:07.5913429Z Included Software: https://github.com/actions/runner-images/blob/ubuntu24/20260413.86/images/ubuntu/Ubuntu2404-Readme.md
2026-05-10T18:38:07.5916074Z Image Release: https://github.com/actions/runner-images/releases/tag/ubuntu24%2F20260413.86
2026-05-10T18:38:07.5917918Z ##[endgroup]
2026-05-10T18:38:07.5920203Z ##[group]GITHUB_TOKEN Permissions
2026-05-10T18:38:07.5923176Z Actions: read
2026-05-10T18:38:07.5923998Z Checks: read
2026-05-10T18:38:07.5924765Z Contents: write
2026-05-10T18:38:07.5925650Z Metadata: read
2026-05-10T18:38:07.5926459Z ##[endgroup]
2026-05-10T18:38:07.5929479Z Secret source: Actions
2026-05-10T18:38:07.5930923Z Prepare workflow directory
2026-05-10T18:38:07.6501027Z Prepare all required actions
2026-05-10T18:38:07.6556390Z Getting action download info
2026-05-10T18:38:07.9059605Z Download action repository 'actions/checkout@v6' (SHA:de0fac2e4500dabe0009e67214ff5f5447ce83dd)
2026-05-10T18:38:08.1191086Z Complete job name: web-unit-tests (1, 3)
2026-05-10T18:38:08.1841561Z ##[group]Run actions/checkout@v6
2026-05-10T18:38:08.1842386Z with:
2026-05-10T18:38:08.1842792Z   repository: averycorp/prismTask
2026-05-10T18:38:08.1843475Z   token: ***
2026-05-10T18:38:08.1843848Z   ssh-strict: true
2026-05-10T18:38:08.1844225Z   ssh-user: git
2026-05-10T18:38:08.1844618Z   persist-credentials: true
2026-05-10T18:38:08.1845047Z   clean: true
2026-05-10T18:38:08.1845434Z   sparse-checkout-cone-mode: true
2026-05-10T18:38:08.1845902Z   fetch-depth: 1
2026-05-10T18:38:08.1846273Z   fetch-tags: false
2026-05-10T18:38:08.1846664Z   show-progress: true
2026-05-10T18:38:08.1847059Z   lfs: false
2026-05-10T18:38:08.1847419Z   submodules: false
2026-05-10T18:38:08.1847811Z   set-safe-directory: true
2026-05-10T18:38:08.1848800Z ##[endgroup]
2026-05-10T18:38:08.2838501Z Syncing repository: averycorp/prismTask
2026-05-10T18:38:08.2841363Z ##[group]Getting Git version info
2026-05-10T18:38:08.2842589Z Working directory is '/home/runner/work/prismTask/prismTask'
2026-05-10T18:38:08.2844385Z [command]/usr/bin/git version
2026-05-10T18:38:08.2870021Z git version 2.53.0
2026-05-10T18:38:08.2893581Z ##[endgroup]
2026-05-10T18:38:08.2909785Z Temporarily overriding HOME='/home/runner/work/_temp/495bef59-f5c1-4128-9f86-5ae7de04f6bf' before making global git config changes
2026-05-10T18:38:08.2912155Z Adding repository directory to the temporary git global config as a safe directory
2026-05-10T18:38:08.2916107Z [command]/usr/bin/git config --global --add safe.directory /home/runner/work/prismTask/prismTask
2026-05-10T18:38:08.2948519Z Deleting the contents of '/home/runner/work/prismTask/prismTask'
2026-05-10T18:38:08.2952752Z ##[group]Initializing the repository
2026-05-10T18:38:08.2957492Z [command]/usr/bin/git init /home/runner/work/prismTask/prismTask
2026-05-10T18:38:08.3053699Z hint: Using 'master' as the name for the initial branch. This default branch name
2026-05-10T18:38:08.3055553Z hint: will change to "main" in Git 3.0. To configure the initial branch name
2026-05-10T18:38:08.3057336Z hint: to use in all of your new repositories, which will suppress this warning,
2026-05-10T18:38:08.3058666Z hint: call:
2026-05-10T18:38:08.3059534Z hint:
2026-05-10T18:38:08.3060582Z hint: 	git config --global init.defaultBranch <name>
2026-05-10T18:38:08.3061795Z hint:
2026-05-10T18:38:08.3062734Z hint: Names commonly chosen instead of 'master' are 'main', 'trunk' and
2026-05-10T18:38:08.3063754Z hint: 'development'. The just-created branch can be renamed via this command:
2026-05-10T18:38:08.3064644Z hint:
2026-05-10T18:38:08.3065198Z hint: 	git branch -m <name>
2026-05-10T18:38:08.3065894Z hint:
2026-05-10T18:38:08.3066778Z hint: Disable this message with "git config set advice.defaultBranchName false"
2026-05-10T18:38:08.3067889Z Initialized empty Git repository in /home/runner/work/prismTask/prismTask/.git/
2026-05-10T18:38:08.3070005Z [command]/usr/bin/git remote add origin https://github.com/averycorp/prismTask
2026-05-10T18:38:08.3097714Z ##[endgroup]
2026-05-10T18:38:08.3098432Z ##[group]Disabling automatic garbage collection
2026-05-10T18:38:08.3103290Z [command]/usr/bin/git config --local gc.auto 0
2026-05-10T18:38:08.3132247Z ##[endgroup]
2026-05-10T18:38:08.3133534Z ##[group]Setting up auth
2026-05-10T18:38:08.3134446Z Removing SSH command configuration
2026-05-10T18:38:08.3140417Z [command]/usr/bin/git config --local --name-only --get-regexp core\.sshCommand
2026-05-10T18:38:08.3172900Z [command]/usr/bin/git submodule foreach --recursive sh -c "git config --local --name-only --get-regexp 'core\.sshCommand' && git config --local --unset-all 'core.sshCommand' || :"
2026-05-10T18:38:08.3457320Z Removing HTTP extra header
2026-05-10T18:38:08.3462486Z [command]/usr/bin/git config --local --name-only --get-regexp http\.https\:\/\/github\.com\/\.extraheader
2026-05-10T18:38:08.3493225Z [command]/usr/bin/git submodule foreach --recursive sh -c "git config --local --name-only --get-regexp 'http\.https\:\/\/github\.com\/\.extraheader' && git config --local --unset-all 'http.https://github.com/.extraheader' || :"
2026-05-10T18:38:08.3701337Z Removing includeIf entries pointing to credentials config files
2026-05-10T18:38:08.3707411Z [command]/usr/bin/git config --local --name-only --get-regexp ^includeIf\.gitdir:
2026-05-10T18:38:08.3737821Z [command]/usr/bin/git submodule foreach --recursive git config --local --show-origin --name-only --get-regexp remote.origin.url
2026-05-10T18:38:08.3954487Z [command]/usr/bin/git config --file /home/runner/work/_temp/git-credentials-1ba7fcb4-95ad-4bb0-9c52-b815e82bd36e.config http.https://github.com/.extraheader AUTHORIZATION: basic ***
2026-05-10T18:38:08.3992215Z [command]/usr/bin/git config --local includeIf.gitdir:/home/runner/work/prismTask/prismTask/.git.path /home/runner/work/_temp/git-credentials-1ba7fcb4-95ad-4bb0-9c52-b815e82bd36e.config
2026-05-10T18:38:08.4022719Z [command]/usr/bin/git config --local includeIf.gitdir:/home/runner/work/prismTask/prismTask/.git/worktrees/*.path /home/runner/work/_temp/git-credentials-1ba7fcb4-95ad-4bb0-9c52-b815e82bd36e.config
2026-05-10T18:38:08.4052772Z [command]/usr/bin/git config --local includeIf.gitdir:/github/workspace/.git.path /github/runner_temp/git-credentials-1ba7fcb4-95ad-4bb0-9c52-b815e82bd36e.config
2026-05-10T18:38:08.4084519Z [command]/usr/bin/git config --local includeIf.gitdir:/github/workspace/.git/worktrees/*.path /github/runner_temp/git-credentials-1ba7fcb4-95ad-4bb0-9c52-b815e82bd36e.config
2026-05-10T18:38:08.4110764Z ##[endgroup]
2026-05-10T18:38:08.4111453Z ##[group]Fetching the repository
2026-05-10T18:38:08.4119595Z [command]/usr/bin/git -c protocol.version=2 fetch --no-tags --prune --no-recurse-submodules --depth=1 origin +298d1746e83921d88e62e43918f6d12ba122947b:refs/remotes/pull/1239/merge
2026-05-10T18:38:09.6541512Z From https://github.com/averycorp/prismTask
2026-05-10T18:38:09.6543153Z  * [new ref]         298d1746e83921d88e62e43918f6d12ba122947b -> pull/1239/merge
2026-05-10T18:38:09.6573439Z ##[endgroup]
2026-05-10T18:38:09.6574710Z ##[group]Determining the checkout info
2026-05-10T18:38:09.6576225Z ##[endgroup]
2026-05-10T18:38:09.6581003Z [command]/usr/bin/git sparse-checkout disable
2026-05-10T18:38:09.6618868Z [command]/usr/bin/git config --local --unset-all extensions.worktreeConfig
2026-05-10T18:38:09.6646840Z ##[group]Checking out the ref
2026-05-10T18:38:09.6649714Z [command]/usr/bin/git checkout --progress --force refs/remotes/pull/1239/merge
2026-05-10T18:38:09.9357395Z Note: switching to 'refs/remotes/pull/1239/merge'.
2026-05-10T18:38:09.9358900Z 
2026-05-10T18:38:09.9359538Z You are in 'detached HEAD' state. You can look around, make experimental
2026-05-10T18:38:09.9360465Z changes and commit them, and you can discard any commits you make in this
2026-05-10T18:38:09.9361373Z state without impacting any branches by switching back to a branch.
2026-05-10T18:38:09.9361904Z 
2026-05-10T18:38:09.9362269Z If you want to create a new branch to retain commits you create, you may
2026-05-10T18:38:09.9363092Z do so (now or later) by using -c with the switch command. Example:
2026-05-10T18:38:09.9363620Z 
2026-05-10T18:38:09.9363819Z   git switch -c <new-branch-name>
2026-05-10T18:38:09.9364139Z 
2026-05-10T18:38:09.9364336Z Or undo this operation with:
2026-05-10T18:38:09.9364652Z 
2026-05-10T18:38:09.9364823Z   git switch -
2026-05-10T18:38:09.9365062Z 
2026-05-10T18:38:09.9365494Z Turn off this advice by setting config variable advice.detachedHead to false
2026-05-10T18:38:09.9366052Z 
2026-05-10T18:38:09.9366692Z HEAD is now at 298d174 Merge 68a8f6b081adac4610554104c45ee5481e53912c into ce542c11e07a68155c7f7ca38e3c1340769ee3f8
2026-05-10T18:38:09.9383407Z ##[endgroup]
2026-05-10T18:38:09.9422376Z [command]/usr/bin/git log -1 --format=%H
2026-05-10T18:38:09.9446503Z 298d1746e83921d88e62e43918f6d12ba122947b
2026-05-10T18:38:09.9734092Z Prepare all required actions
2026-05-10T18:38:09.9734570Z Getting action download info
2026-05-10T18:38:10.0740463Z Download action repository 'actions/setup-node@v4' (SHA:49933ea5288caeca8642d1e84afbd3f7d6820020)
2026-05-10T18:38:10.2252053Z ##[group]Run ./.github/actions/setup-node-web
2026-05-10T18:38:10.2252414Z ##[endgroup]
2026-05-10T18:38:10.2386681Z ##[group]Run actions/setup-node@v4
2026-05-10T18:38:10.2387035Z with:
2026-05-10T18:38:10.2387312Z   node-version: 22
2026-05-10T18:38:10.2387543Z   cache: npm
2026-05-10T18:38:10.2387805Z   cache-dependency-path: web/package-lock.json
2026-05-10T18:38:10.2388126Z   always-auth: false
2026-05-10T18:38:10.2388359Z   check-latest: false
2026-05-10T18:38:10.2388741Z   token: ***
2026-05-10T18:38:10.2388963Z ##[endgroup]
2026-05-10T18:38:10.4453482Z Found in cache @ /opt/hostedtoolcache/node/22.22.2/x64
2026-05-10T18:38:10.4461578Z ##[group]Environment details
2026-05-10T18:38:14.1037476Z node: v22.22.2
2026-05-10T18:38:14.1038462Z npm: 10.9.7
2026-05-10T18:38:14.1038823Z yarn: 1.22.22
2026-05-10T18:38:14.1040294Z ##[endgroup]
2026-05-10T18:38:14.1059816Z [command]/opt/hostedtoolcache/node/22.22.2/x64/bin/npm config get cache
2026-05-10T18:38:14.2824489Z /home/runner/.npm
2026-05-10T18:38:14.3681552Z npm cache is not found
2026-05-10T18:38:14.3824267Z ##[group]Run npm ci
2026-05-10T18:38:14.3824568Z [36;1mnpm ci[0m
2026-05-10T18:38:14.3862657Z shell: /usr/bin/bash --noprofile --norc -e -o pipefail {0}
2026-05-10T18:38:14.3863039Z ##[endgroup]
2026-05-10T18:38:16.0431386Z npm error code ETARGET
2026-05-10T18:38:16.0432407Z npm error notarget No matching version found for idb@^8.0.4.
2026-05-10T18:38:16.0433479Z npm error notarget In most cases you or one of your dependencies are requesting
2026-05-10T18:38:16.0434559Z npm error notarget a package version that doesn't exist.
2026-05-10T18:38:16.0436068Z npm error A complete log of this run can be found in: /home/runner/.npm/_logs/2026-05-10T18_38_14_443Z-debug-0.log
2026-05-10T18:38:16.0815396Z ##[error]Process completed with exit code 1.
2026-05-10T18:38:16.0903427Z Post job cleanup.
2026-05-10T18:38:16.0986843Z Post job cleanup.
2026-05-10T18:38:16.1831407Z [command]/usr/bin/git version
2026-05-10T18:38:16.1867862Z git version 2.53.0
2026-05-10T18:38:16.1940183Z Temporarily overriding HOME='/home/runner/work/_temp/6cbd2be8-8079-4de8-b4dd-eb57362cfe17' before making global git config changes
2026-05-10T18:38:16.1941290Z Adding repository directory to the temporary git global config as a safe directory
2026-05-10T18:38:16.1945724Z [command]/usr/bin/git config --global --add safe.directory /home/runner/work/prismTask/prismTask
2026-05-10T18:38:16.1975722Z Removing SSH command configuration
2026-05-10T18:38:16.1982943Z [command]/usr/bin/git config --local --name-only --get-regexp core\.sshCommand
2026-05-10T18:38:16.2016147Z [command]/usr/bin/git submodule foreach --recursive sh -c "git config --local --name-only --get-regexp 'core\.sshCommand' && git config --local --unset-all 'core.sshCommand' || :"
2026-05-10T18:38:16.2235992Z Removing HTTP extra header
2026-05-10T18:38:16.2241124Z [command]/usr/bin/git config --local --name-only --get-regexp http\.https\:\/\/github\.com\/\.extraheader
2026-05-10T18:38:16.2272920Z [command]/usr/bin/git submodule foreach --recursive sh -c "git config --local --name-only --get-regexp 'http\.https\:\/\/github\.com\/\.extraheader' && git config --local --unset-all 'http.https://github.com/.extraheader' || :"
2026-05-10T18:38:16.2488795Z Removing includeIf entries pointing to credentials config files
2026-05-10T18:38:16.2495414Z [command]/usr/bin/git config --local --name-only --get-regexp ^includeIf\.gitdir:
2026-05-10T18:38:16.2518902Z includeif.gitdir:/home/runner/work/prismTask/prismTask/.git.path
2026-05-10T18:38:16.2520304Z includeif.gitdir:/home/runner/work/prismTask/prismTask/.git/worktrees/*.path
2026-05-10T18:38:16.2521287Z includeif.gitdir:/github/workspace/.git.path
2026-05-10T18:38:16.2522133Z includeif.gitdir:/github/workspace/.git/worktrees/*.path
2026-05-10T18:38:16.2528759Z [command]/usr/bin/git config --local --get-all includeif.gitdir:/home/runner/work/prismTask/prismTask/.git.path
2026-05-10T18:38:16.2550320Z /home/runner/work/_temp/git-credentials-1ba7fcb4-95ad-4bb0-9c52-b815e82bd36e.config
2026-05-10T18:38:16.2562389Z [command]/usr/bin/git config --local --unset includeif.gitdir:/home/runner/work/prismTask/prismTask/.git.path /home/runner/work/_temp/git-credentials-1ba7fcb4-95ad-4bb0-9c52-b815e82bd36e.config
2026-05-10T18:38:16.2595209Z [command]/usr/bin/git config --local --get-all includeif.gitdir:/home/runner/work/prismTask/prismTask/.git/worktrees/*.path
2026-05-10T18:38:16.2616319Z /home/runner/work/_temp/git-credentials-1ba7fcb4-95ad-4bb0-9c52-b815e82bd36e.config
2026-05-10T18:38:16.2627271Z [command]/usr/bin/git config --local --unset includeif.gitdir:/home/runner/work/prismTask/prismTask/.git/worktrees/*.path /home/runner/work/_temp/git-credentials-1ba7fcb4-95ad-4bb0-9c52-b815e82bd36e.config
2026-05-10T18:38:16.2657185Z [command]/usr/bin/git config --local --get-all includeif.gitdir:/github/workspace/.git.path
2026-05-10T18:38:16.2679271Z /github/runner_temp/git-credentials-1ba7fcb4-95ad-4bb0-9c52-b815e82bd36e.config
2026-05-10T18:38:16.2687696Z [command]/usr/bin/git config --local --unset includeif.gitdir:/github/workspace/.git.path /github/runner_temp/git-credentials-1ba7fcb4-95ad-4bb0-9c52-b815e82bd36e.config
2026-05-10T18:38:16.2718404Z [command]/usr/bin/git config --local --get-all includeif.gitdir:/github/workspace/.git/worktrees/*.path
2026-05-10T18:38:16.2738768Z /github/runner_temp/git-credentials-1ba7fcb4-95ad-4bb0-9c52-b815e82bd36e.config
2026-05-10T18:38:16.2748640Z [command]/usr/bin/git config --local --unset includeif.gitdir:/github/workspace/.git/worktrees/*.path /github/runner_temp/git-credentials-1ba7fcb4-95ad-4bb0-9c52-b815e82bd36e.config
2026-05-10T18:38:16.2779908Z [command]/usr/bin/git submodule foreach --recursive git config --local --show-origin --name-only --get-regexp remote.origin.url
2026-05-10T18:38:16.2995755Z Removing credentials config '/home/runner/work/_temp/git-credentials-1ba7fcb4-95ad-4bb0-9c52-b815e82bd36e.config'
2026-05-10T18:38:16.3127692Z Cleaning up orphan processes
2026-05-10T18:38:16.3410824Z ##[warning]Node.js 20 actions are deprecated. The following actions are running on Node.js 20 and may not work as expected: actions/setup-node@v4. Actions will be forced to run with Node.js 24 by default starting June 2nd, 2026. Node.js 20 will be removed from the runner on September 16th, 2026. Please check if updated versions of these actions are available that support Node.js 24. To opt into Node.js 24 now, set the FORCE_JAVASCRIPT_ACTIONS_TO_NODE24=true environment variable on the runner or in your workflow file. Once Node.js 24 becomes the default, you can temporarily opt out by setting ACTIONS_ALLOW_USE_UNSECURE_NODE_VERSION=true. For more information see: https://github.blog/changelog/2025-09-19-deprecation-of-node-20-on-github-actions-runners/


--- Job: web-build (id 75249527122) ---
2026-05-10T18:38:08.2446890Z Current runner version: '2.334.0'
2026-05-10T18:38:08.2466136Z ##[group]Runner Image Provisioner
2026-05-10T18:38:08.2466852Z Hosted Compute Agent
2026-05-10T18:38:08.2467271Z Version: 20260213.493
2026-05-10T18:38:08.2467750Z Commit: 5c115507f6dd24b8de37d8bbe0bb4509d0cc0fa3
2026-05-10T18:38:08.2468328Z Build Date: 2026-02-13T00:28:41Z
2026-05-10T18:38:08.2468877Z Worker ID: {c81eb4c5-a3a6-4726-a4f1-8ce41cc85222}
2026-05-10T18:38:08.2469426Z Azure Region: westus
2026-05-10T18:38:08.2469839Z ##[endgroup]
2026-05-10T18:38:08.2471163Z ##[group]Operating System
2026-05-10T18:38:08.2471608Z Ubuntu
2026-05-10T18:38:08.2471972Z 24.04.4
2026-05-10T18:38:08.2472376Z LTS
2026-05-10T18:38:08.2472747Z ##[endgroup]
2026-05-10T18:38:08.2473139Z ##[group]Runner Image
2026-05-10T18:38:08.2473612Z Image: ubuntu-24.04
2026-05-10T18:38:08.2474020Z Version: 20260413.86.1
2026-05-10T18:38:08.2474955Z Included Software: https://github.com/actions/runner-images/blob/ubuntu24/20260413.86/images/ubuntu/Ubuntu2404-Readme.md
2026-05-10T18:38:08.2476201Z Image Release: https://github.com/actions/runner-images/releases/tag/ubuntu24%2F20260413.86
2026-05-10T18:38:08.2476928Z ##[endgroup]
2026-05-10T18:38:08.2477878Z ##[group]GITHUB_TOKEN Permissions
2026-05-10T18:38:08.2479513Z Actions: read
2026-05-10T18:38:08.2479945Z Checks: read
2026-05-10T18:38:08.2480362Z Contents: write
2026-05-10T18:38:08.2480761Z Metadata: read
2026-05-10T18:38:08.2481185Z ##[endgroup]
2026-05-10T18:38:08.2482763Z Secret source: Actions
2026-05-10T18:38:08.2483579Z Prepare workflow directory
2026-05-10T18:38:08.2790335Z Prepare all required actions
2026-05-10T18:38:08.2819630Z Getting action download info
2026-05-10T18:38:08.6685133Z Download action repository 'actions/checkout@v6' (SHA:de0fac2e4500dabe0009e67214ff5f5447ce83dd)
2026-05-10T18:38:08.8433291Z Complete job name: web-build
2026-05-10T18:38:08.8983387Z ##[group]Run actions/checkout@v6
2026-05-10T18:38:08.8983979Z with:
2026-05-10T18:38:08.8984292Z   repository: averycorp/prismTask
2026-05-10T18:38:08.8984819Z   token: ***
2026-05-10T18:38:08.8985115Z   ssh-strict: true
2026-05-10T18:38:08.8985408Z   ssh-user: git
2026-05-10T18:38:08.8985865Z   persist-credentials: true
2026-05-10T18:38:08.8986202Z   clean: true
2026-05-10T18:38:08.8986505Z   sparse-checkout-cone-mode: true
2026-05-10T18:38:08.8986868Z   fetch-depth: 1
2026-05-10T18:38:08.8987158Z   fetch-tags: false
2026-05-10T18:38:08.8987464Z   show-progress: true
2026-05-10T18:38:08.8987767Z   lfs: false
2026-05-10T18:38:08.8988051Z   submodules: false
2026-05-10T18:38:08.8988356Z   set-safe-directory: true
2026-05-10T18:38:08.8988829Z ##[endgroup]
2026-05-10T18:38:08.9760453Z Syncing repository: averycorp/prismTask
2026-05-10T18:38:08.9761780Z ##[group]Getting Git version info
2026-05-10T18:38:08.9762301Z Working directory is '/home/runner/work/prismTask/prismTask'
2026-05-10T18:38:08.9763128Z [command]/usr/bin/git version
2026-05-10T18:38:08.9786871Z git version 2.53.0
2026-05-10T18:38:08.9803501Z ##[endgroup]
2026-05-10T18:38:08.9814754Z Temporarily overriding HOME='/home/runner/work/_temp/bca1c12e-668f-436b-a9ef-20bbbc8ba99d' before making global git config changes
2026-05-10T18:38:08.9816526Z Adding repository directory to the temporary git global config as a safe directory
2026-05-10T18:38:08.9817720Z [command]/usr/bin/git config --global --add safe.directory /home/runner/work/prismTask/prismTask
2026-05-10T18:38:08.9845226Z Deleting the contents of '/home/runner/work/prismTask/prismTask'
2026-05-10T18:38:08.9848445Z ##[group]Initializing the repository
2026-05-10T18:38:08.9851993Z [command]/usr/bin/git init /home/runner/work/prismTask/prismTask
2026-05-10T18:38:08.9923017Z hint: Using 'master' as the name for the initial branch. This default branch name
2026-05-10T18:38:08.9924178Z hint: will change to "main" in Git 3.0. To configure the initial branch name
2026-05-10T18:38:08.9925096Z hint: to use in all of your new repositories, which will suppress this warning,
2026-05-10T18:38:08.9926078Z hint: call:
2026-05-10T18:38:08.9926518Z hint:
2026-05-10T18:38:08.9927091Z hint: 	git config --global init.defaultBranch <name>
2026-05-10T18:38:08.9927573Z hint:
2026-05-10T18:38:08.9928192Z hint: Names commonly chosen instead of 'master' are 'main', 'trunk' and
2026-05-10T18:38:08.9929232Z hint: 'development'. The just-created branch can be renamed via this command:
2026-05-10T18:38:08.9930030Z hint:
2026-05-10T18:38:08.9930458Z hint: 	git branch -m <name>
2026-05-10T18:38:08.9930941Z hint:
2026-05-10T18:38:08.9931453Z hint: Disable this message with "git config set advice.defaultBranchName false"
2026-05-10T18:38:08.9932590Z Initialized empty Git repository in /home/runner/work/prismTask/prismTask/.git/
2026-05-10T18:38:08.9934400Z [command]/usr/bin/git remote add origin https://github.com/averycorp/prismTask
2026-05-10T18:38:08.9989024Z ##[endgroup]
2026-05-10T18:38:08.9989820Z ##[group]Disabling automatic garbage collection
2026-05-10T18:38:08.9991715Z [command]/usr/bin/git config --local gc.auto 0
2026-05-10T18:38:09.0014665Z ##[endgroup]
2026-05-10T18:38:09.0015189Z ##[group]Setting up auth
2026-05-10T18:38:09.0015631Z Removing SSH command configuration
2026-05-10T18:38:09.0021285Z [command]/usr/bin/git config --local --name-only --get-regexp core\.sshCommand
2026-05-10T18:38:09.0045843Z [command]/usr/bin/git submodule foreach --recursive sh -c "git config --local --name-only --get-regexp 'core\.sshCommand' && git config --local --unset-all 'core.sshCommand' || :"
2026-05-10T18:38:09.0284769Z Removing HTTP extra header
2026-05-10T18:38:09.0288854Z [command]/usr/bin/git config --local --name-only --get-regexp http\.https\:\/\/github\.com\/\.extraheader
2026-05-10T18:38:09.0312505Z [command]/usr/bin/git submodule foreach --recursive sh -c "git config --local --name-only --get-regexp 'http\.https\:\/\/github\.com\/\.extraheader' && git config --local --unset-all 'http.https://github.com/.extraheader' || :"
2026-05-10T18:38:09.0487094Z Removing includeIf entries pointing to credentials config files
2026-05-10T18:38:09.0492236Z [command]/usr/bin/git config --local --name-only --get-regexp ^includeIf\.gitdir:
2026-05-10T18:38:09.0517745Z [command]/usr/bin/git submodule foreach --recursive git config --local --show-origin --name-only --get-regexp remote.origin.url
2026-05-10T18:38:09.0698434Z [command]/usr/bin/git config --file /home/runner/work/_temp/git-credentials-365e7287-e4cb-45b9-a4bd-78fff1e5844e.config http.https://github.com/.extraheader AUTHORIZATION: basic ***
2026-05-10T18:38:09.0726997Z [command]/usr/bin/git config --local includeIf.gitdir:/home/runner/work/prismTask/prismTask/.git.path /home/runner/work/_temp/git-credentials-365e7287-e4cb-45b9-a4bd-78fff1e5844e.config
2026-05-10T18:38:09.0748933Z [command]/usr/bin/git config --local includeIf.gitdir:/home/runner/work/prismTask/prismTask/.git/worktrees/*.path /home/runner/work/_temp/git-credentials-365e7287-e4cb-45b9-a4bd-78fff1e5844e.config
2026-05-10T18:38:09.0771492Z [command]/usr/bin/git config --local includeIf.gitdir:/github/workspace/.git.path /github/runner_temp/git-credentials-365e7287-e4cb-45b9-a4bd-78fff1e5844e.config
2026-05-10T18:38:09.0795235Z [command]/usr/bin/git config --local includeIf.gitdir:/github/workspace/.git/worktrees/*.path /github/runner_temp/git-credentials-365e7287-e4cb-45b9-a4bd-78fff1e5844e.config
2026-05-10T18:38:09.0822780Z ##[endgroup]
2026-05-10T18:38:09.0823307Z ##[group]Fetching the repository
2026-05-10T18:38:09.0829856Z [command]/usr/bin/git -c protocol.version=2 fetch --no-tags --prune --no-recurse-submodules --depth=1 origin +298d1746e83921d88e62e43918f6d12ba122947b:refs/remotes/pull/1239/merge
2026-05-10T18:38:10.9730048Z From https://github.com/averycorp/prismTask
2026-05-10T18:38:10.9731388Z  * [new ref]         298d1746e83921d88e62e43918f6d12ba122947b -> pull/1239/merge
2026-05-10T18:38:10.9755633Z ##[endgroup]
2026-05-10T18:38:10.9756448Z ##[group]Determining the checkout info
2026-05-10T18:38:10.9757222Z ##[endgroup]
2026-05-10T18:38:10.9761427Z [command]/usr/bin/git sparse-checkout disable
2026-05-10T18:38:10.9793358Z [command]/usr/bin/git config --local --unset-all extensions.worktreeConfig
2026-05-10T18:38:10.9817207Z ##[group]Checking out the ref
2026-05-10T18:38:10.9820700Z [command]/usr/bin/git checkout --progress --force refs/remotes/pull/1239/merge
2026-05-10T18:38:11.2007453Z Note: switching to 'refs/remotes/pull/1239/merge'.
2026-05-10T18:38:11.2008255Z 
2026-05-10T18:38:11.2009356Z You are in 'detached HEAD' state. You can look around, make experimental
2026-05-10T18:38:11.2010386Z changes and commit them, and you can discard any commits you make in this
2026-05-10T18:38:11.2010801Z state without impacting any branches by switching back to a branch.
2026-05-10T18:38:11.2011058Z 
2026-05-10T18:38:11.2011238Z If you want to create a new branch to retain commits you create, you may
2026-05-10T18:38:11.2011636Z do so (now or later) by using -c with the switch command. Example:
2026-05-10T18:38:11.2011920Z 
2026-05-10T18:38:11.2012023Z   git switch -c <new-branch-name>
2026-05-10T18:38:11.2012171Z 
2026-05-10T18:38:11.2012283Z Or undo this operation with:
2026-05-10T18:38:11.2012440Z 
2026-05-10T18:38:11.2012526Z   git switch -
2026-05-10T18:38:11.2012691Z 
2026-05-10T18:38:11.2012894Z Turn off this advice by setting config variable advice.detachedHead to false
2026-05-10T18:38:11.2013142Z 
2026-05-10T18:38:11.2013424Z HEAD is now at 298d174 Merge 68a8f6b081adac4610554104c45ee5481e53912c into ce542c11e07a68155c7f7ca38e3c1340769ee3f8
2026-05-10T18:38:11.2026679Z ##[endgroup]
2026-05-10T18:38:11.2060883Z [command]/usr/bin/git log -1 --format=%H
2026-05-10T18:38:11.2079973Z 298d1746e83921d88e62e43918f6d12ba122947b
2026-05-10T18:38:11.2317877Z Prepare all required actions
2026-05-10T18:38:11.2318263Z Getting action download info
2026-05-10T18:38:11.4310325Z Download action repository 'actions/setup-node@v4' (SHA:49933ea5288caeca8642d1e84afbd3f7d6820020)
2026-05-10T18:38:12.0882724Z ##[group]Run ./.github/actions/setup-node-web
2026-05-10T18:38:12.0882969Z ##[endgroup]
2026-05-10T18:38:12.0982414Z ##[group]Run actions/setup-node@v4
2026-05-10T18:38:12.0982651Z with:
2026-05-10T18:38:12.0982840Z   node-version: 22
2026-05-10T18:38:12.0983000Z   cache: npm
2026-05-10T18:38:12.0983183Z   cache-dependency-path: web/package-lock.json
2026-05-10T18:38:12.1042080Z   always-auth: false
2026-05-10T18:38:12.1042379Z   check-latest: false
2026-05-10T18:38:12.1042844Z   token: ***
2026-05-10T18:38:12.1043094Z ##[endgroup]
2026-05-10T18:38:12.2434570Z Found in cache @ /opt/hostedtoolcache/node/22.22.2/x64
2026-05-10T18:38:12.2439879Z ##[group]Environment details
2026-05-10T18:38:12.4641804Z node: v22.22.2
2026-05-10T18:38:12.4642322Z npm: 10.9.7
2026-05-10T18:38:12.4642552Z yarn: 1.22.22
2026-05-10T18:38:12.4643176Z ##[endgroup]
2026-05-10T18:38:12.4659073Z [command]/opt/hostedtoolcache/node/22.22.2/x64/bin/npm config get cache
2026-05-10T18:38:12.5443476Z /home/runner/.npm
2026-05-10T18:38:12.8101927Z npm cache is not found
2026-05-10T18:38:12.8222053Z ##[group]Run npm ci
2026-05-10T18:38:12.8222296Z [36;1mnpm ci[0m
2026-05-10T18:38:12.8250732Z shell: /usr/bin/bash --noprofile --norc -e -o pipefail {0}
2026-05-10T18:38:12.8251032Z ##[endgroup]
2026-05-10T18:38:13.6040313Z npm error code ETARGET
2026-05-10T18:38:13.6041007Z npm error notarget No matching version found for idb@^8.0.4.
2026-05-10T18:38:13.6041864Z npm error notarget In most cases you or one of your dependencies are requesting
2026-05-10T18:38:13.6042558Z npm error notarget a package version that doesn't exist.
2026-05-10T18:38:13.6043437Z npm error A complete log of this run can be found in: /home/runner/.npm/_logs/2026-05-10T18_38_12_872Z-debug-0.log
2026-05-10T18:38:13.6342164Z ##[error]Process completed with exit code 1.
2026-05-10T18:38:13.6414401Z Post job cleanup.
2026-05-10T18:38:13.6466103Z Post job cleanup.
2026-05-10T18:38:13.7141201Z [command]/usr/bin/git version
2026-05-10T18:38:13.7201737Z git version 2.53.0
2026-05-10T18:38:13.7231978Z Temporarily overriding HOME='/home/runner/work/_temp/cef79369-224c-467d-8cae-cada03e75334' before making global git config changes
2026-05-10T18:38:13.7233155Z Adding repository directory to the temporary git global config as a safe directory
2026-05-10T18:38:13.7236544Z [command]/usr/bin/git config --global --add safe.directory /home/runner/work/prismTask/prismTask
2026-05-10T18:38:13.7261288Z Removing SSH command configuration
2026-05-10T18:38:13.7265584Z [command]/usr/bin/git config --local --name-only --get-regexp core\.sshCommand
2026-05-10T18:38:13.7292354Z [command]/usr/bin/git submodule foreach --recursive sh -c "git config --local --name-only --get-regexp 'core\.sshCommand' && git config --local --unset-all 'core.sshCommand' || :"
2026-05-10T18:38:13.7477575Z Removing HTTP extra header
2026-05-10T18:38:13.7481461Z [command]/usr/bin/git config --local --name-only --get-regexp http\.https\:\/\/github\.com\/\.extraheader
2026-05-10T18:38:13.7507601Z [command]/usr/bin/git submodule foreach --recursive sh -c "git config --local --name-only --get-regexp 'http\.https\:\/\/github\.com\/\.extraheader' && git config --local --unset-all 'http.https://github.com/.extraheader' || :"
2026-05-10T18:38:13.7687307Z Removing includeIf entries pointing to credentials config files
2026-05-10T18:38:13.7693716Z [command]/usr/bin/git config --local --name-only --get-regexp ^includeIf\.gitdir:
2026-05-10T18:38:13.7712148Z includeif.gitdir:/home/runner/work/prismTask/prismTask/.git.path
2026-05-10T18:38:13.7712735Z includeif.gitdir:/home/runner/work/prismTask/prismTask/.git/worktrees/*.path
2026-05-10T18:38:13.7713335Z includeif.gitdir:/github/workspace/.git.path
2026-05-10T18:38:13.7713843Z includeif.gitdir:/github/workspace/.git/worktrees/*.path
2026-05-10T18:38:13.7719464Z [command]/usr/bin/git config --local --get-all includeif.gitdir:/home/runner/work/prismTask/prismTask/.git.path
2026-05-10T18:38:13.7737046Z /home/runner/work/_temp/git-credentials-365e7287-e4cb-45b9-a4bd-78fff1e5844e.config
2026-05-10T18:38:13.7745641Z [command]/usr/bin/git config --local --unset includeif.gitdir:/home/runner/work/prismTask/prismTask/.git.path /home/runner/work/_temp/git-credentials-365e7287-e4cb-45b9-a4bd-78fff1e5844e.config
2026-05-10T18:38:13.7772323Z [command]/usr/bin/git config --local --get-all includeif.gitdir:/home/runner/work/prismTask/prismTask/.git/worktrees/*.path
2026-05-10T18:38:13.7790516Z /home/runner/work/_temp/git-credentials-365e7287-e4cb-45b9-a4bd-78fff1e5844e.config
2026-05-10T18:38:13.7796967Z [command]/usr/bin/git config --local --unset includeif.gitdir:/home/runner/work/prismTask/prismTask/.git/worktrees/*.path /home/runner/work/_temp/git-credentials-365e7287-e4cb-45b9-a4bd-78fff1e5844e.config
2026-05-10T18:38:13.7821352Z [command]/usr/bin/git config --local --get-all includeif.gitdir:/github/workspace/.git.path
2026-05-10T18:38:13.7838157Z /github/runner_temp/git-credentials-365e7287-e4cb-45b9-a4bd-78fff1e5844e.config
2026-05-10T18:38:13.7844530Z [command]/usr/bin/git config --local --unset includeif.gitdir:/github/workspace/.git.path /github/runner_temp/git-credentials-365e7287-e4cb-45b9-a4bd-78fff1e5844e.config
2026-05-10T18:38:13.7870914Z [command]/usr/bin/git config --local --get-all includeif.gitdir:/github/workspace/.git/worktrees/*.path
2026-05-10T18:38:13.7887408Z /github/runner_temp/git-credentials-365e7287-e4cb-45b9-a4bd-78fff1e5844e.config
2026-05-10T18:38:13.7895280Z [command]/usr/bin/git config --local --unset includeif.gitdir:/github/workspace/.git/worktrees/*.path /github/runner_temp/git-credentials-365e7287-e4cb-45b9-a4bd-78fff1e5844e.config
2026-05-10T18:38:13.7920346Z [command]/usr/bin/git submodule foreach --recursive git config --local --show-origin --name-only --get-regexp remote.origin.url
2026-05-10T18:38:13.8100239Z Removing credentials config '/home/runner/work/_temp/git-credentials-365e7287-e4cb-45b9-a4bd-78fff1e5844e.config'
2026-05-10T18:38:13.8214286Z Cleaning up orphan processes
2026-05-10T18:38:13.8438692Z ##[warning]Node.js 20 actions are deprecated. The following actions are running on Node.js 20 and may not work as expected: actions/setup-node@v4. Actions will be forced to run with Node.js 24 by default starting June 2nd, 2026. Node.js 20 will be removed from the runner on September 16th, 2026. Please check if updated versions of these actions are available that support Node.js 24. To opt into Node.js 24 now, set the FORCE_JAVASCRIPT_ACTIONS_TO_NODE24=true environment variable on the runner or in your workflow file. Once Node.js 24 becomes the default, you can temporarily opt out by setting ACTIONS_ALLOW_USE_UNSECURE_NODE_VERSION=true. For more information see: https://github.blog/changelog/2025-09-19-deprecation-of-node-20-on-github-actions-runners/


--- Job: web-unit-tests (3, 3) (id 75249527123) ---
2026-05-10T18:38:08.2650694Z Current runner version: '2.334.0'
2026-05-10T18:38:08.2674242Z ##[group]Runner Image Provisioner
2026-05-10T18:38:08.2674986Z Hosted Compute Agent
2026-05-10T18:38:08.2675574Z Version: 20260213.493
2026-05-10T18:38:08.2676139Z Commit: 5c115507f6dd24b8de37d8bbe0bb4509d0cc0fa3
2026-05-10T18:38:08.2676768Z Build Date: 2026-02-13T00:28:41Z
2026-05-10T18:38:08.2677362Z Worker ID: {d913a731-f950-4a68-adb3-baa134803798}
2026-05-10T18:38:08.2677958Z Azure Region: westus3
2026-05-10T18:38:08.2678484Z ##[endgroup]
2026-05-10T18:38:08.2679769Z ##[group]Operating System
2026-05-10T18:38:08.2680302Z Ubuntu
2026-05-10T18:38:08.2680760Z 24.04.4
2026-05-10T18:38:08.2681133Z LTS
2026-05-10T18:38:08.2681546Z ##[endgroup]
2026-05-10T18:38:08.2682003Z ##[group]Runner Image
2026-05-10T18:38:08.2682484Z Image: ubuntu-24.04
2026-05-10T18:38:08.2682910Z Version: 20260413.86.1
2026-05-10T18:38:08.2683981Z Included Software: https://github.com/actions/runner-images/blob/ubuntu24/20260413.86/images/ubuntu/Ubuntu2404-Readme.md
2026-05-10T18:38:08.2685283Z Image Release: https://github.com/actions/runner-images/releases/tag/ubuntu24%2F20260413.86
2026-05-10T18:38:08.2686394Z ##[endgroup]
2026-05-10T18:38:08.2687378Z ##[group]GITHUB_TOKEN Permissions
2026-05-10T18:38:08.2689275Z Actions: read
2026-05-10T18:38:08.2689757Z Checks: read
2026-05-10T18:38:08.2690189Z Contents: write
2026-05-10T18:38:08.2690650Z Metadata: read
2026-05-10T18:38:08.2691103Z ##[endgroup]
2026-05-10T18:38:08.2693010Z Secret source: Actions
2026-05-10T18:38:08.2693655Z Prepare workflow directory
2026-05-10T18:38:08.3096251Z Prepare all required actions
2026-05-10T18:38:08.3152397Z Getting action download info
2026-05-10T18:38:08.7148602Z Download action repository 'actions/checkout@v6' (SHA:de0fac2e4500dabe0009e67214ff5f5447ce83dd)
2026-05-10T18:38:08.9282759Z Complete job name: web-unit-tests (3, 3)
2026-05-10T18:38:08.9845832Z ##[group]Run actions/checkout@v6
2026-05-10T18:38:08.9846682Z with:
2026-05-10T18:38:08.9847128Z   repository: averycorp/prismTask
2026-05-10T18:38:08.9847874Z   token: ***
2026-05-10T18:38:08.9848298Z   ssh-strict: true
2026-05-10T18:38:08.9848757Z   ssh-user: git
2026-05-10T18:38:08.9849206Z   persist-credentials: true
2026-05-10T18:38:08.9849679Z   clean: true
2026-05-10T18:38:08.9850081Z   sparse-checkout-cone-mode: true
2026-05-10T18:38:08.9850601Z   fetch-depth: 1
2026-05-10T18:38:08.9851005Z   fetch-tags: false
2026-05-10T18:38:08.9851453Z   show-progress: true
2026-05-10T18:38:08.9851845Z   lfs: false
2026-05-10T18:38:08.9852285Z   submodules: false
2026-05-10T18:38:08.9852898Z   set-safe-directory: true
2026-05-10T18:38:08.9853594Z ##[endgroup]
2026-05-10T18:38:09.0839824Z Syncing repository: averycorp/prismTask
2026-05-10T18:38:09.0843029Z ##[group]Getting Git version info
2026-05-10T18:38:09.0843975Z Working directory is '/home/runner/work/prismTask/prismTask'
2026-05-10T18:38:09.0846027Z [command]/usr/bin/git version
2026-05-10T18:38:09.0846576Z git version 2.53.0
2026-05-10T18:38:09.0860723Z ##[endgroup]
2026-05-10T18:38:09.0872686Z Temporarily overriding HOME='/home/runner/work/_temp/ed4f5e76-f13e-4abc-9b8f-6280f096f874' before making global git config changes
2026-05-10T18:38:09.0875140Z Adding repository directory to the temporary git global config as a safe directory
2026-05-10T18:38:09.0878284Z [command]/usr/bin/git config --global --add safe.directory /home/runner/work/prismTask/prismTask
2026-05-10T18:38:09.0914790Z Deleting the contents of '/home/runner/work/prismTask/prismTask'
2026-05-10T18:38:09.0920166Z ##[group]Initializing the repository
2026-05-10T18:38:09.0925448Z [command]/usr/bin/git init /home/runner/work/prismTask/prismTask
2026-05-10T18:38:09.1004846Z hint: Using 'master' as the name for the initial branch. This default branch name
2026-05-10T18:38:09.1007008Z hint: will change to "main" in Git 3.0. To configure the initial branch name
2026-05-10T18:38:09.1008498Z hint: to use in all of your new repositories, which will suppress this warning,
2026-05-10T18:38:09.1009664Z hint: call:
2026-05-10T18:38:09.1010445Z hint:
2026-05-10T18:38:09.1011664Z hint: 	git config --global init.defaultBranch <name>
2026-05-10T18:38:09.1012815Z hint:
2026-05-10T18:38:09.1013774Z hint: Names commonly chosen instead of 'master' are 'main', 'trunk' and
2026-05-10T18:38:09.1015216Z hint: 'development'. The just-created branch can be renamed via this command:
2026-05-10T18:38:09.1016517Z hint:
2026-05-10T18:38:09.1017357Z hint: 	git branch -m <name>
2026-05-10T18:38:09.1018169Z hint:
2026-05-10T18:38:09.1019148Z hint: Disable this message with "git config set advice.defaultBranchName false"
2026-05-10T18:38:09.1020720Z Initialized empty Git repository in /home/runner/work/prismTask/prismTask/.git/
2026-05-10T18:38:09.1023542Z [command]/usr/bin/git remote add origin https://github.com/averycorp/prismTask
2026-05-10T18:38:09.1047626Z ##[endgroup]
2026-05-10T18:38:09.1048949Z ##[group]Disabling automatic garbage collection
2026-05-10T18:38:09.1052010Z [command]/usr/bin/git config --local gc.auto 0
2026-05-10T18:38:09.1076838Z ##[endgroup]
2026-05-10T18:38:09.1078101Z ##[group]Setting up auth
2026-05-10T18:38:09.1078942Z Removing SSH command configuration
2026-05-10T18:38:09.1084076Z [command]/usr/bin/git config --local --name-only --get-regexp core\.sshCommand
2026-05-10T18:38:09.1110896Z [command]/usr/bin/git submodule foreach --recursive sh -c "git config --local --name-only --get-regexp 'core\.sshCommand' && git config --local --unset-all 'core.sshCommand' || :"
2026-05-10T18:38:09.1332217Z Removing HTTP extra header
2026-05-10T18:38:09.1338151Z [command]/usr/bin/git config --local --name-only --get-regexp http\.https\:\/\/github\.com\/\.extraheader
2026-05-10T18:38:09.1363863Z [command]/usr/bin/git submodule foreach --recursive sh -c "git config --local --name-only --get-regexp 'http\.https\:\/\/github\.com\/\.extraheader' && git config --local --unset-all 'http.https://github.com/.extraheader' || :"
2026-05-10T18:38:09.1529776Z Removing includeIf entries pointing to credentials config files
2026-05-10T18:38:09.1534639Z [command]/usr/bin/git config --local --name-only --get-regexp ^includeIf\.gitdir:
2026-05-10T18:38:09.1560454Z [command]/usr/bin/git submodule foreach --recursive git config --local --show-origin --name-only --get-regexp remote.origin.url
2026-05-10T18:38:09.1864127Z [command]/usr/bin/git config --file /home/runner/work/_temp/git-credentials-b94edec6-9ca8-41e8-a821-f499f5297d7f.config http.https://github.com/.extraheader AUTHORIZATION: basic ***
2026-05-10T18:38:09.1867836Z [command]/usr/bin/git config --local includeIf.gitdir:/home/runner/work/prismTask/prismTask/.git.path /home/runner/work/_temp/git-credentials-b94edec6-9ca8-41e8-a821-f499f5297d7f.config
2026-05-10T18:38:09.1870621Z [command]/usr/bin/git config --local includeIf.gitdir:/home/runner/work/prismTask/prismTask/.git/worktrees/*.path /home/runner/work/_temp/git-credentials-b94edec6-9ca8-41e8-a821-f499f5297d7f.config
2026-05-10T18:38:09.1872897Z [command]/usr/bin/git config --local includeIf.gitdir:/github/workspace/.git.path /github/runner_temp/git-credentials-b94edec6-9ca8-41e8-a821-f499f5297d7f.config
2026-05-10T18:38:09.1876732Z [command]/usr/bin/git config --local includeIf.gitdir:/github/workspace/.git/worktrees/*.path /github/runner_temp/git-credentials-b94edec6-9ca8-41e8-a821-f499f5297d7f.config
2026-05-10T18:38:09.1879909Z ##[endgroup]
2026-05-10T18:38:09.1880918Z ##[group]Fetching the repository
2026-05-10T18:38:09.1889701Z [command]/usr/bin/git -c protocol.version=2 fetch --no-tags --prune --no-recurse-submodules --depth=1 origin +298d1746e83921d88e62e43918f6d12ba122947b:refs/remotes/pull/1239/merge
2026-05-10T18:38:11.4371801Z From https://github.com/averycorp/prismTask
2026-05-10T18:38:11.4373862Z  * [new ref]         298d1746e83921d88e62e43918f6d12ba122947b -> pull/1239/merge
2026-05-10T18:38:11.4394175Z ##[endgroup]
2026-05-10T18:38:11.4395650Z ##[group]Determining the checkout info
2026-05-10T18:38:11.4397570Z ##[endgroup]
2026-05-10T18:38:11.4400168Z [command]/usr/bin/git sparse-checkout disable
2026-05-10T18:38:11.4432964Z [command]/usr/bin/git config --local --unset-all extensions.worktreeConfig
2026-05-10T18:38:11.4457332Z ##[group]Checking out the ref
2026-05-10T18:38:11.4461897Z [command]/usr/bin/git checkout --progress --force refs/remotes/pull/1239/merge
2026-05-10T18:38:11.6834942Z Note: switching to 'refs/remotes/pull/1239/merge'.
2026-05-10T18:38:11.6836323Z 
2026-05-10T18:38:11.6837166Z You are in 'detached HEAD' state. You can look around, make experimental
2026-05-10T18:38:11.6839132Z changes and commit them, and you can discard any commits you make in this
2026-05-10T18:38:11.6840904Z state without impacting any branches by switching back to a branch.
2026-05-10T18:38:11.6841942Z 
2026-05-10T18:38:11.6842645Z If you want to create a new branch to retain commits you create, you may
2026-05-10T18:38:11.6844261Z do so (now or later) by using -c with the switch command. Example:
2026-05-10T18:38:11.6845686Z 
2026-05-10T18:38:11.6846274Z   git switch -c <new-branch-name>
2026-05-10T18:38:11.6847094Z 
2026-05-10T18:38:11.6847457Z Or undo this operation with:
2026-05-10T18:38:11.6848052Z 
2026-05-10T18:38:11.6848364Z   git switch -
2026-05-10T18:38:11.6848807Z 
2026-05-10T18:38:11.6849593Z Turn off this advice by setting config variable advice.detachedHead to false
2026-05-10T18:38:11.6850910Z 
2026-05-10T18:38:11.6852412Z HEAD is now at 298d174 Merge 68a8f6b081adac4610554104c45ee5481e53912c into ce542c11e07a68155c7f7ca38e3c1340769ee3f8
2026-05-10T18:38:11.6856661Z ##[endgroup]
2026-05-10T18:38:11.6882446Z [command]/usr/bin/git log -1 --format=%H
2026-05-10T18:38:11.6902231Z 298d1746e83921d88e62e43918f6d12ba122947b
2026-05-10T18:38:11.7245933Z Prepare all required actions
2026-05-10T18:38:11.7247277Z Getting action download info
2026-05-10T18:38:11.8991100Z Download action repository 'actions/setup-node@v4' (SHA:49933ea5288caeca8642d1e84afbd3f7d6820020)
2026-05-10T18:38:11.9834174Z ##[group]Run ./.github/actions/setup-node-web
2026-05-10T18:38:11.9834538Z ##[endgroup]
2026-05-10T18:38:11.9965877Z ##[group]Run actions/setup-node@v4
2026-05-10T18:38:11.9966224Z with:
2026-05-10T18:38:11.9966496Z   node-version: 22
2026-05-10T18:38:11.9966734Z   cache: npm
2026-05-10T18:38:11.9966998Z   cache-dependency-path: web/package-lock.json
2026-05-10T18:38:11.9967322Z   always-auth: false
2026-05-10T18:38:11.9967557Z   check-latest: false
2026-05-10T18:38:11.9967977Z   token: ***
2026-05-10T18:38:11.9968195Z ##[endgroup]
2026-05-10T18:38:12.1698245Z Found in cache @ /opt/hostedtoolcache/node/22.22.2/x64
2026-05-10T18:38:12.1706572Z ##[group]Environment details
2026-05-10T18:38:12.5352003Z node: v22.22.2
2026-05-10T18:38:12.5352767Z npm: 10.9.7
2026-05-10T18:38:12.5353162Z yarn: 1.22.22
2026-05-10T18:38:12.5353892Z ##[endgroup]
2026-05-10T18:38:12.5378444Z [command]/opt/hostedtoolcache/node/22.22.2/x64/bin/npm config get cache
2026-05-10T18:38:12.6328996Z /home/runner/.npm
2026-05-10T18:38:12.8988596Z npm cache is not found
2026-05-10T18:38:12.9122596Z ##[group]Run npm ci
2026-05-10T18:38:12.9122899Z [36;1mnpm ci[0m
2026-05-10T18:38:12.9149554Z shell: /usr/bin/bash --noprofile --norc -e -o pipefail {0}
2026-05-10T18:38:12.9149924Z ##[endgroup]
2026-05-10T18:38:13.7146423Z npm error code ETARGET
2026-05-10T18:38:13.7147075Z npm error notarget No matching version found for idb@^8.0.4.
2026-05-10T18:38:13.7147599Z npm error notarget In most cases you or one of your dependencies are requesting
2026-05-10T18:38:13.7148281Z npm error notarget a package version that doesn't exist.
2026-05-10T18:38:13.7149223Z npm error A complete log of this run can be found in: /home/runner/.npm/_logs/2026-05-10T18_38_12_968Z-debug-0.log
2026-05-10T18:38:13.7351238Z ##[error]Process completed with exit code 1.
2026-05-10T18:38:13.7431702Z Post job cleanup.
2026-05-10T18:38:13.7513321Z Post job cleanup.
2026-05-10T18:38:13.8290241Z [command]/usr/bin/git version
2026-05-10T18:38:13.8323421Z git version 2.53.0
2026-05-10T18:38:13.8360397Z Temporarily overriding HOME='/home/runner/work/_temp/0cf6d3c9-dad5-4290-8f5f-05b355b71dfa' before making global git config changes
2026-05-10T18:38:13.8361186Z Adding repository directory to the temporary git global config as a safe directory
2026-05-10T18:38:13.8365679Z [command]/usr/bin/git config --global --add safe.directory /home/runner/work/prismTask/prismTask
2026-05-10T18:38:13.8390993Z Removing SSH command configuration
2026-05-10T18:38:13.8397431Z [command]/usr/bin/git config --local --name-only --get-regexp core\.sshCommand
2026-05-10T18:38:13.8425712Z [command]/usr/bin/git submodule foreach --recursive sh -c "git config --local --name-only --get-regexp 'core\.sshCommand' && git config --local --unset-all 'core.sshCommand' || :"
2026-05-10T18:38:13.8602797Z Removing HTTP extra header
2026-05-10T18:38:13.8608043Z [command]/usr/bin/git config --local --name-only --get-regexp http\.https\:\/\/github\.com\/\.extraheader
2026-05-10T18:38:13.8636533Z [command]/usr/bin/git submodule foreach --recursive sh -c "git config --local --name-only --get-regexp 'http\.https\:\/\/github\.com\/\.extraheader' && git config --local --unset-all 'http.https://github.com/.extraheader' || :"
2026-05-10T18:38:13.8806517Z Removing includeIf entries pointing to credentials config files
2026-05-10T18:38:13.8812806Z [command]/usr/bin/git config --local --name-only --get-regexp ^includeIf\.gitdir:
2026-05-10T18:38:13.8832570Z includeif.gitdir:/home/runner/work/prismTask/prismTask/.git.path
2026-05-10T18:38:13.8833773Z includeif.gitdir:/home/runner/work/prismTask/prismTask/.git/worktrees/*.path
2026-05-10T18:38:13.8834622Z includeif.gitdir:/github/workspace/.git.path
2026-05-10T18:38:13.8835480Z includeif.gitdir:/github/workspace/.git/worktrees/*.path
2026-05-10T18:38:13.8841366Z [command]/usr/bin/git config --local --get-all includeif.gitdir:/home/runner/work/prismTask/prismTask/.git.path
2026-05-10T18:38:13.8858780Z /home/runner/work/_temp/git-credentials-b94edec6-9ca8-41e8-a821-f499f5297d7f.config
2026-05-10T18:38:13.8867115Z [command]/usr/bin/git config --local --unset includeif.gitdir:/home/runner/work/prismTask/prismTask/.git.path /home/runner/work/_temp/git-credentials-b94edec6-9ca8-41e8-a821-f499f5297d7f.config
2026-05-10T18:38:13.8894918Z [command]/usr/bin/git config --local --get-all includeif.gitdir:/home/runner/work/prismTask/prismTask/.git/worktrees/*.path
2026-05-10T18:38:13.8913567Z /home/runner/work/_temp/git-credentials-b94edec6-9ca8-41e8-a821-f499f5297d7f.config
2026-05-10T18:38:13.8921006Z [command]/usr/bin/git config --local --unset includeif.gitdir:/home/runner/work/prismTask/prismTask/.git/worktrees/*.path /home/runner/work/_temp/git-credentials-b94edec6-9ca8-41e8-a821-f499f5297d7f.config
2026-05-10T18:38:13.8944215Z [command]/usr/bin/git config --local --get-all includeif.gitdir:/github/workspace/.git.path
2026-05-10T18:38:13.8960535Z /github/runner_temp/git-credentials-b94edec6-9ca8-41e8-a821-f499f5297d7f.config
2026-05-10T18:38:13.8966474Z [command]/usr/bin/git config --local --unset includeif.gitdir:/github/workspace/.git.path /github/runner_temp/git-credentials-b94edec6-9ca8-41e8-a821-f499f5297d7f.config
2026-05-10T18:38:13.8989715Z [command]/usr/bin/git config --local --get-all includeif.gitdir:/github/workspace/.git/worktrees/*.path
2026-05-10T18:38:13.9005064Z /github/runner_temp/git-credentials-b94edec6-9ca8-41e8-a821-f499f5297d7f.config
2026-05-10T18:38:13.9011941Z [command]/usr/bin/git config --local --unset includeif.gitdir:/github/workspace/.git/worktrees/*.path /github/runner_temp/git-credentials-b94edec6-9ca8-41e8-a821-f499f5297d7f.config
2026-05-10T18:38:13.9037442Z [command]/usr/bin/git submodule foreach --recursive git config --local --show-origin --name-only --get-regexp remote.origin.url
2026-05-10T18:38:13.9209939Z Removing credentials config '/home/runner/work/_temp/git-credentials-b94edec6-9ca8-41e8-a821-f499f5297d7f.config'
2026-05-10T18:38:13.9328583Z Cleaning up orphan processes
2026-05-10T18:38:13.9562810Z ##[warning]Node.js 20 actions are deprecated. The following actions are running on Node.js 20 and may not work as expected: actions/setup-node@v4. Actions will be forced to run with Node.js 24 by default starting June 2nd, 2026. Node.js 20 will be removed from the runner on September 16th, 2026. Please check if updated versions of these actions are available that support Node.js 24. To opt into Node.js 24 now, set the FORCE_JAVASCRIPT_ACTIONS_TO_NODE24=true environment variable on the runner or in your workflow file. Once Node.js 24 becomes the default, you can temporarily opt out by setting ACTIONS_ALLOW_USE_UNSECURE_NODE_VERSION=true. For more information see: https://github.blog/changelog/2025-09-19-deprecation-of-node-20-on-github-actions-runners/


--- Job: web-unit-tests (2, 3) (id 75249527125) ---
2026-05-10T18:38:08.2899759Z Current runner version: '2.334.0'
2026-05-10T18:38:08.2928601Z ##[group]Runner Image Provisioner
2026-05-10T18:38:08.2929776Z Hosted Compute Agent
2026-05-10T18:38:08.2930373Z Version: 20260213.493
2026-05-10T18:38:08.2931157Z Commit: 5c115507f6dd24b8de37d8bbe0bb4509d0cc0fa3
2026-05-10T18:38:08.2931969Z Build Date: 2026-02-13T00:28:41Z
2026-05-10T18:38:08.2932796Z Worker ID: {4ebde7c1-e467-434c-a8f6-b873712640f5}
2026-05-10T18:38:08.2933545Z Azure Region: westcentralus
2026-05-10T18:38:08.2934344Z ##[endgroup]
2026-05-10T18:38:08.2936061Z ##[group]Operating System
2026-05-10T18:38:08.2936702Z Ubuntu
2026-05-10T18:38:08.2937415Z 24.04.4
2026-05-10T18:38:08.2937911Z LTS
2026-05-10T18:38:08.2938432Z ##[endgroup]
2026-05-10T18:38:08.2939057Z ##[group]Runner Image
2026-05-10T18:38:08.2939952Z Image: ubuntu-24.04
2026-05-10T18:38:08.2940514Z Version: 20260413.86.1
2026-05-10T18:38:08.2942123Z Included Software: https://github.com/actions/runner-images/blob/ubuntu24/20260413.86/images/ubuntu/Ubuntu2404-Readme.md
2026-05-10T18:38:08.2943882Z Image Release: https://github.com/actions/runner-images/releases/tag/ubuntu24%2F20260413.86
2026-05-10T18:38:08.2945106Z ##[endgroup]
2026-05-10T18:38:08.2946487Z ##[group]GITHUB_TOKEN Permissions
2026-05-10T18:38:08.2948636Z Actions: read
2026-05-10T18:38:08.2949402Z Checks: read
2026-05-10T18:38:08.2950009Z Contents: write
2026-05-10T18:38:08.2950638Z Metadata: read
2026-05-10T18:38:08.2951253Z ##[endgroup]
2026-05-10T18:38:08.2953613Z Secret source: Actions
2026-05-10T18:38:08.2954520Z Prepare workflow directory
2026-05-10T18:38:08.3394596Z Prepare all required actions
2026-05-10T18:38:08.3424408Z Getting action download info
2026-05-10T18:38:08.6568294Z Download action repository 'actions/checkout@v6' (SHA:de0fac2e4500dabe0009e67214ff5f5447ce83dd)
2026-05-10T18:38:08.9273310Z Complete job name: web-unit-tests (2, 3)
2026-05-10T18:38:08.9775409Z ##[group]Run actions/checkout@v6
2026-05-10T18:38:08.9776019Z with:
2026-05-10T18:38:08.9776333Z   repository: averycorp/prismTask
2026-05-10T18:38:08.9776898Z   token: ***
2026-05-10T18:38:08.9777202Z   ssh-strict: true
2026-05-10T18:38:08.9777503Z   ssh-user: git
2026-05-10T18:38:08.9777815Z   persist-credentials: true
2026-05-10T18:38:08.9778152Z   clean: true
2026-05-10T18:38:08.9778466Z   sparse-checkout-cone-mode: true
2026-05-10T18:38:08.9778833Z   fetch-depth: 1
2026-05-10T18:38:08.9779274Z   fetch-tags: false
2026-05-10T18:38:08.9779584Z   show-progress: true
2026-05-10T18:38:08.9779893Z   lfs: false
2026-05-10T18:38:08.9780179Z   submodules: false
2026-05-10T18:38:08.9780484Z   set-safe-directory: true
2026-05-10T18:38:08.9780975Z ##[endgroup]
2026-05-10T18:38:09.0571200Z Syncing repository: averycorp/prismTask
2026-05-10T18:38:09.0572589Z ##[group]Getting Git version info
2026-05-10T18:38:09.0573107Z Working directory is '/home/runner/work/prismTask/prismTask'
2026-05-10T18:38:09.0573969Z [command]/usr/bin/git version
2026-05-10T18:38:09.0594756Z git version 2.53.0
2026-05-10T18:38:09.0644292Z ##[endgroup]
2026-05-10T18:38:09.0657089Z Temporarily overriding HOME='/home/runner/work/_temp/4308dcdc-8287-47c8-8453-f4b74501cc96' before making global git config changes
2026-05-10T18:38:09.0658752Z Adding repository directory to the temporary git global config as a safe directory
2026-05-10T18:38:09.0662247Z [command]/usr/bin/git config --global --add safe.directory /home/runner/work/prismTask/prismTask
2026-05-10T18:38:09.0692082Z Deleting the contents of '/home/runner/work/prismTask/prismTask'
2026-05-10T18:38:09.0695365Z ##[group]Initializing the repository
2026-05-10T18:38:09.0698651Z [command]/usr/bin/git init /home/runner/work/prismTask/prismTask
2026-05-10T18:38:09.0869033Z hint: Using 'master' as the name for the initial branch. This default branch name
2026-05-10T18:38:09.0870421Z hint: will change to "main" in Git 3.0. To configure the initial branch name
2026-05-10T18:38:09.0871559Z hint: to use in all of your new repositories, which will suppress this warning,
2026-05-10T18:38:09.0872383Z hint: call:
2026-05-10T18:38:09.0872803Z hint:
2026-05-10T18:38:09.0873690Z hint: 	git config --global init.defaultBranch <name>
2026-05-10T18:38:09.0874355Z hint:
2026-05-10T18:38:09.0874962Z hint: Names commonly chosen instead of 'master' are 'main', 'trunk' and
2026-05-10T18:38:09.0875993Z hint: 'development'. The just-created branch can be renamed via this command:
2026-05-10T18:38:09.0876793Z hint:
2026-05-10T18:38:09.0877228Z hint: 	git branch -m <name>
2026-05-10T18:38:09.0877703Z hint:
2026-05-10T18:38:09.0878374Z hint: Disable this message with "git config set advice.defaultBranchName false"
2026-05-10T18:38:09.0879727Z Initialized empty Git repository in /home/runner/work/prismTask/prismTask/.git/
2026-05-10T18:38:09.0881070Z [command]/usr/bin/git remote add origin https://github.com/averycorp/prismTask
2026-05-10T18:38:09.0907446Z ##[endgroup]
2026-05-10T18:38:09.0908006Z ##[group]Disabling automatic garbage collection
2026-05-10T18:38:09.0910809Z [command]/usr/bin/git config --local gc.auto 0
2026-05-10T18:38:09.0934647Z ##[endgroup]
2026-05-10T18:38:09.0935195Z ##[group]Setting up auth
2026-05-10T18:38:09.0935729Z Removing SSH command configuration
2026-05-10T18:38:09.0940850Z [command]/usr/bin/git config --local --name-only --get-regexp core\.sshCommand
2026-05-10T18:38:09.0966214Z [command]/usr/bin/git submodule foreach --recursive sh -c "git config --local --name-only --get-regexp 'core\.sshCommand' && git config --local --unset-all 'core.sshCommand' || :"
2026-05-10T18:38:09.1201707Z Removing HTTP extra header
2026-05-10T18:38:09.1207019Z [command]/usr/bin/git config --local --name-only --get-regexp http\.https\:\/\/github\.com\/\.extraheader
2026-05-10T18:38:09.1233056Z [command]/usr/bin/git submodule foreach --recursive sh -c "git config --local --name-only --get-regexp 'http\.https\:\/\/github\.com\/\.extraheader' && git config --local --unset-all 'http.https://github.com/.extraheader' || :"
2026-05-10T18:38:09.1413987Z Removing includeIf entries pointing to credentials config files
2026-05-10T18:38:09.1420238Z [command]/usr/bin/git config --local --name-only --get-regexp ^includeIf\.gitdir:
2026-05-10T18:38:09.1447020Z [command]/usr/bin/git submodule foreach --recursive git config --local --show-origin --name-only --get-regexp remote.origin.url
2026-05-10T18:38:09.1633291Z [command]/usr/bin/git config --file /home/runner/work/_temp/git-credentials-8d513afe-9b08-4961-9758-87e136ede2c7.config http.https://github.com/.extraheader AUTHORIZATION: basic ***
2026-05-10T18:38:09.1664568Z [command]/usr/bin/git config --local includeIf.gitdir:/home/runner/work/prismTask/prismTask/.git.path /home/runner/work/_temp/git-credentials-8d513afe-9b08-4961-9758-87e136ede2c7.config
2026-05-10T18:38:09.1688969Z [command]/usr/bin/git config --local includeIf.gitdir:/home/runner/work/prismTask/prismTask/.git/worktrees/*.path /home/runner/work/_temp/git-credentials-8d513afe-9b08-4961-9758-87e136ede2c7.config
2026-05-10T18:38:09.1712769Z [command]/usr/bin/git config --local includeIf.gitdir:/github/workspace/.git.path /github/runner_temp/git-credentials-8d513afe-9b08-4961-9758-87e136ede2c7.config
2026-05-10T18:38:09.1736955Z [command]/usr/bin/git config --local includeIf.gitdir:/github/workspace/.git/worktrees/*.path /github/runner_temp/git-credentials-8d513afe-9b08-4961-9758-87e136ede2c7.config
2026-05-10T18:38:09.1765178Z ##[endgroup]
2026-05-10T18:38:09.1765874Z ##[group]Fetching the repository
2026-05-10T18:38:09.1772308Z [command]/usr/bin/git -c protocol.version=2 fetch --no-tags --prune --no-recurse-submodules --depth=1 origin +298d1746e83921d88e62e43918f6d12ba122947b:refs/remotes/pull/1239/merge
2026-05-10T18:38:11.6976166Z From https://github.com/averycorp/prismTask
2026-05-10T18:38:11.6977791Z  * [new ref]         298d1746e83921d88e62e43918f6d12ba122947b -> pull/1239/merge
2026-05-10T18:38:11.7001179Z ##[endgroup]
2026-05-10T18:38:11.7002519Z ##[group]Determining the checkout info
2026-05-10T18:38:11.7003919Z ##[endgroup]
2026-05-10T18:38:11.7007152Z [command]/usr/bin/git sparse-checkout disable
2026-05-10T18:38:11.7041993Z [command]/usr/bin/git config --local --unset-all extensions.worktreeConfig
2026-05-10T18:38:11.7068267Z ##[group]Checking out the ref
2026-05-10T18:38:11.7071802Z [command]/usr/bin/git checkout --progress --force refs/remotes/pull/1239/merge
2026-05-10T18:38:11.9282387Z Note: switching to 'refs/remotes/pull/1239/merge'.
2026-05-10T18:38:11.9283177Z 
2026-05-10T18:38:11.9284140Z You are in 'detached HEAD' state. You can look around, make experimental
2026-05-10T18:38:11.9284773Z changes and commit them, and you can discard any commits you make in this
2026-05-10T18:38:11.9285208Z state without impacting any branches by switching back to a branch.
2026-05-10T18:38:11.9285463Z 
2026-05-10T18:38:11.9285635Z If you want to create a new branch to retain commits you create, you may
2026-05-10T18:38:11.9286015Z do so (now or later) by using -c with the switch command. Example:
2026-05-10T18:38:11.9286345Z 
2026-05-10T18:38:11.9286453Z   git switch -c <new-branch-name>
2026-05-10T18:38:11.9286606Z 
2026-05-10T18:38:11.9286711Z Or undo this operation with:
2026-05-10T18:38:11.9286873Z 
2026-05-10T18:38:11.9286963Z   git switch -
2026-05-10T18:38:11.9287122Z 
2026-05-10T18:38:11.9287303Z Turn off this advice by setting config variable advice.detachedHead to false
2026-05-10T18:38:11.9287550Z 
2026-05-10T18:38:11.9287828Z HEAD is now at 298d174 Merge 68a8f6b081adac4610554104c45ee5481e53912c into ce542c11e07a68155c7f7ca38e3c1340769ee3f8
2026-05-10T18:38:11.9301358Z ##[endgroup]
2026-05-10T18:38:11.9336797Z [command]/usr/bin/git log -1 --format=%H
2026-05-10T18:38:11.9357825Z 298d1746e83921d88e62e43918f6d12ba122947b
2026-05-10T18:38:11.9605209Z Prepare all required actions
2026-05-10T18:38:11.9605628Z Getting action download info
2026-05-10T18:38:12.1248724Z Download action repository 'actions/setup-node@v4' (SHA:49933ea5288caeca8642d1e84afbd3f7d6820020)
2026-05-10T18:38:12.2672588Z ##[group]Run ./.github/actions/setup-node-web
2026-05-10T18:38:12.2672869Z ##[endgroup]
2026-05-10T18:38:12.2775178Z ##[group]Run actions/setup-node@v4
2026-05-10T18:38:12.2775489Z with:
2026-05-10T18:38:12.2775695Z   node-version: 22
2026-05-10T18:38:12.2775883Z   cache: npm
2026-05-10T18:38:12.2776098Z   cache-dependency-path: web/package-lock.json
2026-05-10T18:38:12.2776356Z   always-auth: false
2026-05-10T18:38:12.2776541Z   check-latest: false
2026-05-10T18:38:12.2776851Z   token: ***
2026-05-10T18:38:12.2777033Z ##[endgroup]
2026-05-10T18:38:12.4298845Z Found in cache @ /opt/hostedtoolcache/node/22.22.2/x64
2026-05-10T18:38:12.4304204Z ##[group]Environment details
2026-05-10T18:38:14.9645651Z node: v22.22.2
2026-05-10T18:38:14.9646067Z npm: 10.9.7
2026-05-10T18:38:14.9646210Z yarn: 1.22.22
2026-05-10T18:38:14.9647160Z ##[endgroup]
2026-05-10T18:38:14.9666641Z [command]/opt/hostedtoolcache/node/22.22.2/x64/bin/npm config get cache
2026-05-10T18:38:15.1074328Z /home/runner/.npm
2026-05-10T18:38:15.3279264Z npm cache is not found
2026-05-10T18:38:15.3411719Z ##[group]Run npm ci
2026-05-10T18:38:15.3411968Z [36;1mnpm ci[0m
2026-05-10T18:38:15.3442264Z shell: /usr/bin/bash --noprofile --norc -e -o pipefail {0}
2026-05-10T18:38:15.3442565Z ##[endgroup]
2026-05-10T18:38:17.7199807Z npm error code ETARGET
2026-05-10T18:38:17.7200347Z npm error notarget No matching version found for idb@^8.0.4.
2026-05-10T18:38:17.7200831Z npm error notarget In most cases you or one of your dependencies are requesting
2026-05-10T18:38:17.7201337Z npm error notarget a package version that doesn't exist.
2026-05-10T18:38:17.7202186Z npm error A complete log of this run can be found in: /home/runner/.npm/_logs/2026-05-10T18_38_15_391Z-debug-0.log
2026-05-10T18:38:17.7512391Z ##[error]Process completed with exit code 1.
2026-05-10T18:38:17.7583051Z Post job cleanup.
2026-05-10T18:38:17.7648248Z Post job cleanup.
2026-05-10T18:38:17.8360049Z [command]/usr/bin/git version
2026-05-10T18:38:17.8435252Z git version 2.53.0
2026-05-10T18:38:17.8466968Z Temporarily overriding HOME='/home/runner/work/_temp/260f63f1-6ff3-4e53-af4c-b3558dbb6db9' before making global git config changes
2026-05-10T18:38:17.8467911Z Adding repository directory to the temporary git global config as a safe directory
2026-05-10T18:38:17.8472324Z [command]/usr/bin/git config --global --add safe.directory /home/runner/work/prismTask/prismTask
2026-05-10T18:38:17.8501332Z Removing SSH command configuration
2026-05-10T18:38:17.8507297Z [command]/usr/bin/git config --local --name-only --get-regexp core\.sshCommand
2026-05-10T18:38:17.8536531Z [command]/usr/bin/git submodule foreach --recursive sh -c "git config --local --name-only --get-regexp 'core\.sshCommand' && git config --local --unset-all 'core.sshCommand' || :"
2026-05-10T18:38:17.8729276Z Removing HTTP extra header
2026-05-10T18:38:17.8733672Z [command]/usr/bin/git config --local --name-only --get-regexp http\.https\:\/\/github\.com\/\.extraheader
2026-05-10T18:38:17.8764498Z [command]/usr/bin/git submodule foreach --recursive sh -c "git config --local --name-only --get-regexp 'http\.https\:\/\/github\.com\/\.extraheader' && git config --local --unset-all 'http.https://github.com/.extraheader' || :"
2026-05-10T18:38:17.8956118Z Removing includeIf entries pointing to credentials config files
2026-05-10T18:38:17.8962304Z [command]/usr/bin/git config --local --name-only --get-regexp ^includeIf\.gitdir:
2026-05-10T18:38:17.8984244Z includeif.gitdir:/home/runner/work/prismTask/prismTask/.git.path
2026-05-10T18:38:17.8985056Z includeif.gitdir:/home/runner/work/prismTask/prismTask/.git/worktrees/*.path
2026-05-10T18:38:17.8985628Z includeif.gitdir:/github/workspace/.git.path
2026-05-10T18:38:17.8986126Z includeif.gitdir:/github/workspace/.git/worktrees/*.path
2026-05-10T18:38:17.8992530Z [command]/usr/bin/git config --local --get-all includeif.gitdir:/home/runner/work/prismTask/prismTask/.git.path
2026-05-10T18:38:17.9011876Z /home/runner/work/_temp/git-credentials-8d513afe-9b08-4961-9758-87e136ede2c7.config
2026-05-10T18:38:17.9020964Z [command]/usr/bin/git config --local --unset includeif.gitdir:/home/runner/work/prismTask/prismTask/.git.path /home/runner/work/_temp/git-credentials-8d513afe-9b08-4961-9758-87e136ede2c7.config
2026-05-10T18:38:17.9051784Z [command]/usr/bin/git config --local --get-all includeif.gitdir:/home/runner/work/prismTask/prismTask/.git/worktrees/*.path
2026-05-10T18:38:17.9070387Z /home/runner/work/_temp/git-credentials-8d513afe-9b08-4961-9758-87e136ede2c7.config
2026-05-10T18:38:17.9079945Z [command]/usr/bin/git config --local --unset includeif.gitdir:/home/runner/work/prismTask/prismTask/.git/worktrees/*.path /home/runner/work/_temp/git-credentials-8d513afe-9b08-4961-9758-87e136ede2c7.config
2026-05-10T18:38:17.9106056Z [command]/usr/bin/git config --local --get-all includeif.gitdir:/github/workspace/.git.path
2026-05-10T18:38:17.9124028Z /github/runner_temp/git-credentials-8d513afe-9b08-4961-9758-87e136ede2c7.config
2026-05-10T18:38:17.9131048Z [command]/usr/bin/git config --local --unset includeif.gitdir:/github/workspace/.git.path /github/runner_temp/git-credentials-8d513afe-9b08-4961-9758-87e136ede2c7.config
2026-05-10T18:38:17.9157256Z [command]/usr/bin/git config --local --get-all includeif.gitdir:/github/workspace/.git/worktrees/*.path
2026-05-10T18:38:17.9174530Z /github/runner_temp/git-credentials-8d513afe-9b08-4961-9758-87e136ede2c7.config
2026-05-10T18:38:17.9182829Z [command]/usr/bin/git config --local --unset includeif.gitdir:/github/workspace/.git/worktrees/*.path /github/runner_temp/git-credentials-8d513afe-9b08-4961-9758-87e136ede2c7.config
2026-05-10T18:38:17.9213490Z [command]/usr/bin/git submodule foreach --recursive git config --local --show-origin --name-only --get-regexp remote.origin.url
2026-05-10T18:38:17.9422224Z Removing credentials config '/home/runner/work/_temp/git-credentials-8d513afe-9b08-4961-9758-87e136ede2c7.config'
2026-05-10T18:38:17.9547521Z Cleaning up orphan processes
2026-05-10T18:38:17.9770983Z ##[warning]Node.js 20 actions are deprecated. The following actions are running on Node.js 20 and may not work as expected: actions/setup-node@v4. Actions will be forced to run with Node.js 24 by default starting June 2nd, 2026. Node.js 20 will be removed from the runner on September 16th, 2026. Please check if updated versions of these actions are available that support Node.js 24. To opt into Node.js 24 now, set the FORCE_JAVASCRIPT_ACTIONS_TO_NODE24=true environment variable on the runner or in your workflow file. Once Node.js 24 becomes the default, you can temporarily opt out by setting ACTIONS_ALLOW_USE_UNSECURE_NODE_VERSION=true. For more information see: https://github.blog/changelog/2025-09-19-deprecation-of-node-20-on-github-actions-runners/


--- Job: web-lint (id 75249527126) ---
2026-05-10T18:38:08.2198194Z Current runner version: '2.334.0'
2026-05-10T18:38:08.2222169Z ##[group]Runner Image Provisioner
2026-05-10T18:38:08.2222978Z Hosted Compute Agent
2026-05-10T18:38:08.2223588Z Version: 20260213.493
2026-05-10T18:38:08.2224149Z Commit: 5c115507f6dd24b8de37d8bbe0bb4509d0cc0fa3
2026-05-10T18:38:08.2224963Z Build Date: 2026-02-13T00:28:41Z
2026-05-10T18:38:08.2225602Z Worker ID: {216a925c-9424-4301-b13e-c5d1ab4e413d}
2026-05-10T18:38:08.2226320Z Azure Region: westcentralus
2026-05-10T18:38:08.2227005Z ##[endgroup]
2026-05-10T18:38:08.2228772Z ##[group]Operating System
2026-05-10T18:38:08.2229387Z Ubuntu
2026-05-10T18:38:08.2229985Z 24.04.4
2026-05-10T18:38:08.2230526Z LTS
2026-05-10T18:38:08.2230969Z ##[endgroup]
2026-05-10T18:38:08.2231546Z ##[group]Runner Image
2026-05-10T18:38:08.2232176Z Image: ubuntu-24.04
2026-05-10T18:38:08.2232769Z Version: 20260413.86.1
2026-05-10T18:38:08.2234004Z Included Software: https://github.com/actions/runner-images/blob/ubuntu24/20260413.86/images/ubuntu/Ubuntu2404-Readme.md
2026-05-10T18:38:08.2235434Z Image Release: https://github.com/actions/runner-images/releases/tag/ubuntu24%2F20260413.86
2026-05-10T18:38:08.2236443Z ##[endgroup]
2026-05-10T18:38:08.2237776Z ##[group]GITHUB_TOKEN Permissions
2026-05-10T18:38:08.2239722Z Actions: read
2026-05-10T18:38:08.2240409Z Checks: read
2026-05-10T18:38:08.2240901Z Contents: write
2026-05-10T18:38:08.2241464Z Metadata: read
2026-05-10T18:38:08.2241994Z ##[endgroup]
2026-05-10T18:38:08.2243953Z Secret source: Actions
2026-05-10T18:38:08.2244591Z Prepare workflow directory
2026-05-10T18:38:08.2683601Z Prepare all required actions
2026-05-10T18:38:08.2720024Z Getting action download info
2026-05-10T18:38:08.6395246Z Download action repository 'actions/checkout@v6' (SHA:de0fac2e4500dabe0009e67214ff5f5447ce83dd)
2026-05-10T18:38:08.8515208Z Complete job name: web-lint
2026-05-10T18:38:08.9205688Z ##[group]Run actions/checkout@v6
2026-05-10T18:38:08.9206448Z with:
2026-05-10T18:38:08.9206859Z   repository: averycorp/prismTask
2026-05-10T18:38:08.9207719Z   token: ***
2026-05-10T18:38:08.9208141Z   ssh-strict: true
2026-05-10T18:38:08.9208525Z   ssh-user: git
2026-05-10T18:38:08.9208916Z   persist-credentials: true
2026-05-10T18:38:08.9209337Z   clean: true
2026-05-10T18:38:08.9209731Z   sparse-checkout-cone-mode: true
2026-05-10T18:38:08.9210199Z   fetch-depth: 1
2026-05-10T18:38:08.9210582Z   fetch-tags: false
2026-05-10T18:38:08.9210978Z   show-progress: true
2026-05-10T18:38:08.9211373Z   lfs: false
2026-05-10T18:38:08.9211738Z   submodules: false
2026-05-10T18:38:08.9212129Z   set-safe-directory: true
2026-05-10T18:38:08.9212789Z ##[endgroup]
2026-05-10T18:38:09.0203558Z Syncing repository: averycorp/prismTask
2026-05-10T18:38:09.0205168Z ##[group]Getting Git version info
2026-05-10T18:38:09.0205851Z Working directory is '/home/runner/work/prismTask/prismTask'
2026-05-10T18:38:09.0206943Z [command]/usr/bin/git version
2026-05-10T18:38:09.0238173Z git version 2.53.0
2026-05-10T18:38:09.0292161Z ##[endgroup]
2026-05-10T18:38:09.0305769Z Temporarily overriding HOME='/home/runner/work/_temp/f534c124-1842-4ee4-94f4-ab0334518280' before making global git config changes
2026-05-10T18:38:09.0307962Z Adding repository directory to the temporary git global config as a safe directory
2026-05-10T18:38:09.0311277Z [command]/usr/bin/git config --global --add safe.directory /home/runner/work/prismTask/prismTask
2026-05-10T18:38:09.0344367Z Deleting the contents of '/home/runner/work/prismTask/prismTask'
2026-05-10T18:38:09.0348810Z ##[group]Initializing the repository
2026-05-10T18:38:09.0352986Z [command]/usr/bin/git init /home/runner/work/prismTask/prismTask
2026-05-10T18:38:09.0435727Z hint: Using 'master' as the name for the initial branch. This default branch name
2026-05-10T18:38:09.0437196Z hint: will change to "main" in Git 3.0. To configure the initial branch name
2026-05-10T18:38:09.0438763Z hint: to use in all of your new repositories, which will suppress this warning,
2026-05-10T18:38:09.0439561Z hint: call:
2026-05-10T18:38:09.0439930Z hint:
2026-05-10T18:38:09.0440747Z hint: 	git config --global init.defaultBranch <name>
2026-05-10T18:38:09.0441313Z hint:
2026-05-10T18:38:09.0442065Z hint: Names commonly chosen instead of 'master' are 'main', 'trunk' and
2026-05-10T18:38:09.0443381Z hint: 'development'. The just-created branch can be renamed via this command:
2026-05-10T18:38:09.0444402Z hint:
2026-05-10T18:38:09.0444937Z hint: 	git branch -m <name>
2026-05-10T18:38:09.0445552Z hint:
2026-05-10T18:38:09.0446198Z hint: Disable this message with "git config set advice.defaultBranchName false"
2026-05-10T18:38:09.0447711Z Initialized empty Git repository in /home/runner/work/prismTask/prismTask/.git/
2026-05-10T18:38:09.0449998Z [command]/usr/bin/git remote add origin https://github.com/averycorp/prismTask
2026-05-10T18:38:09.0479505Z ##[endgroup]
2026-05-10T18:38:09.0480537Z ##[group]Disabling automatic garbage collection
2026-05-10T18:38:09.0482898Z [command]/usr/bin/git config --local gc.auto 0
2026-05-10T18:38:09.0512441Z ##[endgroup]
2026-05-10T18:38:09.0513397Z ##[group]Setting up auth
2026-05-10T18:38:09.0514108Z Removing SSH command configuration
2026-05-10T18:38:09.0518796Z [command]/usr/bin/git config --local --name-only --get-regexp core\.sshCommand
2026-05-10T18:38:09.0550190Z [command]/usr/bin/git submodule foreach --recursive sh -c "git config --local --name-only --get-regexp 'core\.sshCommand' && git config --local --unset-all 'core.sshCommand' || :"
2026-05-10T18:38:09.0836623Z Removing HTTP extra header
2026-05-10T18:38:09.0842596Z [command]/usr/bin/git config --local --name-only --get-regexp http\.https\:\/\/github\.com\/\.extraheader
2026-05-10T18:38:09.0874763Z [command]/usr/bin/git submodule foreach --recursive sh -c "git config --local --name-only --get-regexp 'http\.https\:\/\/github\.com\/\.extraheader' && git config --local --unset-all 'http.https://github.com/.extraheader' || :"
2026-05-10T18:38:09.1095290Z Removing includeIf entries pointing to credentials config files
2026-05-10T18:38:09.1100969Z [command]/usr/bin/git config --local --name-only --get-regexp ^includeIf\.gitdir:
2026-05-10T18:38:09.1131528Z [command]/usr/bin/git submodule foreach --recursive git config --local --show-origin --name-only --get-regexp remote.origin.url
2026-05-10T18:38:09.1360758Z [command]/usr/bin/git config --file /home/runner/work/_temp/git-credentials-692cbf11-ccc7-4cad-8907-b7317e131873.config http.https://github.com/.extraheader AUTHORIZATION: basic ***
2026-05-10T18:38:09.1397323Z [command]/usr/bin/git config --local includeIf.gitdir:/home/runner/work/prismTask/prismTask/.git.path /home/runner/work/_temp/git-credentials-692cbf11-ccc7-4cad-8907-b7317e131873.config
2026-05-10T18:38:09.1426634Z [command]/usr/bin/git config --local includeIf.gitdir:/home/runner/work/prismTask/prismTask/.git/worktrees/*.path /home/runner/work/_temp/git-credentials-692cbf11-ccc7-4cad-8907-b7317e131873.config
2026-05-10T18:38:09.1456191Z [command]/usr/bin/git config --local includeIf.gitdir:/github/workspace/.git.path /github/runner_temp/git-credentials-692cbf11-ccc7-4cad-8907-b7317e131873.config
2026-05-10T18:38:09.1487420Z [command]/usr/bin/git config --local includeIf.gitdir:/github/workspace/.git/worktrees/*.path /github/runner_temp/git-credentials-692cbf11-ccc7-4cad-8907-b7317e131873.config
2026-05-10T18:38:09.1514092Z ##[endgroup]
2026-05-10T18:38:09.1514780Z ##[group]Fetching the repository
2026-05-10T18:38:09.1523252Z [command]/usr/bin/git -c protocol.version=2 fetch --no-tags --prune --no-recurse-submodules --depth=1 origin +298d1746e83921d88e62e43918f6d12ba122947b:refs/remotes/pull/1239/merge
2026-05-10T18:38:11.1160537Z From https://github.com/averycorp/prismTask
2026-05-10T18:38:11.1162611Z  * [new ref]         298d1746e83921d88e62e43918f6d12ba122947b -> pull/1239/merge
2026-05-10T18:38:11.1191652Z ##[endgroup]
2026-05-10T18:38:11.1193122Z ##[group]Determining the checkout info
2026-05-10T18:38:11.1194811Z ##[endgroup]
2026-05-10T18:38:11.1197020Z [command]/usr/bin/git sparse-checkout disable
2026-05-10T18:38:11.1236307Z [command]/usr/bin/git config --local --unset-all extensions.worktreeConfig
2026-05-10T18:38:11.1264996Z ##[group]Checking out the ref
2026-05-10T18:38:11.1267896Z [command]/usr/bin/git checkout --progress --force refs/remotes/pull/1239/merge
2026-05-10T18:38:11.4071130Z Note: switching to 'refs/remotes/pull/1239/merge'.
2026-05-10T18:38:11.4072370Z 
2026-05-10T18:38:11.4072728Z You are in 'detached HEAD' state. You can look around, make experimental
2026-05-10T18:38:11.4073563Z changes and commit them, and you can discard any commits you make in this
2026-05-10T18:38:11.4074369Z state without impacting any branches by switching back to a branch.
2026-05-10T18:38:11.4074856Z 
2026-05-10T18:38:11.4075201Z If you want to create a new branch to retain commits you create, you may
2026-05-10T18:38:11.4075957Z do so (now or later) by using -c with the switch command. Example:
2026-05-10T18:38:11.4076448Z 
2026-05-10T18:38:11.4076637Z   git switch -c <new-branch-name>
2026-05-10T18:38:11.4076937Z 
2026-05-10T18:38:11.4077124Z Or undo this operation with:
2026-05-10T18:38:11.4077429Z 
2026-05-10T18:38:11.4077773Z   git switch -
2026-05-10T18:38:11.4078005Z 
2026-05-10T18:38:11.4078450Z Turn off this advice by setting config variable advice.detachedHead to false
2026-05-10T18:38:11.4078962Z 
2026-05-10T18:38:11.4079538Z HEAD is now at 298d174 Merge 68a8f6b081adac4610554104c45ee5481e53912c into ce542c11e07a68155c7f7ca38e3c1340769ee3f8
2026-05-10T18:38:11.4097104Z ##[endgroup]
2026-05-10T18:38:11.4137921Z [command]/usr/bin/git log -1 --format=%H
2026-05-10T18:38:11.4162175Z 298d1746e83921d88e62e43918f6d12ba122947b
2026-05-10T18:38:11.4455088Z Prepare all required actions
2026-05-10T18:38:11.4455566Z Getting action download info
2026-05-10T18:38:11.6041046Z Download action repository 'actions/setup-node@v4' (SHA:49933ea5288caeca8642d1e84afbd3f7d6820020)
2026-05-10T18:38:11.7043702Z ##[group]Run ./.github/actions/setup-node-web
2026-05-10T18:38:11.7044040Z ##[endgroup]
2026-05-10T18:38:11.7173835Z ##[group]Run actions/setup-node@v4
2026-05-10T18:38:11.7174168Z with:
2026-05-10T18:38:11.7174445Z   node-version: 22
2026-05-10T18:38:11.7174681Z   cache: npm
2026-05-10T18:38:11.7174942Z   cache-dependency-path: web/package-lock.json
2026-05-10T18:38:11.7175269Z   always-auth: false
2026-05-10T18:38:11.7175502Z   check-latest: false
2026-05-10T18:38:11.7175899Z   token: ***
2026-05-10T18:38:11.7176128Z ##[endgroup]
2026-05-10T18:38:11.9010433Z Found in cache @ /opt/hostedtoolcache/node/22.22.2/x64
2026-05-10T18:38:11.9016295Z ##[group]Environment details
2026-05-10T18:38:14.9126738Z node: v22.22.2
2026-05-10T18:38:14.9127474Z npm: 10.9.7
2026-05-10T18:38:14.9127918Z yarn: 1.22.22
2026-05-10T18:38:14.9128773Z ##[endgroup]
2026-05-10T18:38:14.9151851Z [command]/opt/hostedtoolcache/node/22.22.2/x64/bin/npm config get cache
2026-05-10T18:38:15.1229446Z /home/runner/.npm
2026-05-10T18:38:15.3534046Z npm cache is not found
2026-05-10T18:38:15.3693886Z ##[group]Run npm ci
2026-05-10T18:38:15.3694213Z [36;1mnpm ci[0m
2026-05-10T18:38:15.3728671Z shell: /usr/bin/bash --noprofile --norc -e -o pipefail {0}
2026-05-10T18:38:15.3729038Z ##[endgroup]
2026-05-10T18:38:17.1302241Z npm error code ETARGET
2026-05-10T18:38:17.1302877Z npm error notarget No matching version found for idb@^8.0.4.
2026-05-10T18:38:17.1303438Z npm error notarget In most cases you or one of your dependencies are requesting
2026-05-10T18:38:17.1304008Z npm error notarget a package version that doesn't exist.
2026-05-10T18:38:17.1305614Z npm error A complete log of this run can be found in: /home/runner/.npm/_logs/2026-05-10T18_38_15_431Z-debug-0.log
2026-05-10T18:38:17.1685340Z ##[error]Process completed with exit code 1.
2026-05-10T18:38:17.1772764Z Post job cleanup.
2026-05-10T18:38:17.1854683Z Post job cleanup.
2026-05-10T18:38:17.2664368Z [command]/usr/bin/git version
2026-05-10T18:38:17.2701138Z git version 2.53.0
2026-05-10T18:38:17.2738439Z Temporarily overriding HOME='/home/runner/work/_temp/a0ca956c-2c61-4913-9481-f4a882fb90a9' before making global git config changes
2026-05-10T18:38:17.2739878Z Adding repository directory to the temporary git global config as a safe directory
2026-05-10T18:38:17.2744502Z [command]/usr/bin/git config --global --add safe.directory /home/runner/work/prismTask/prismTask
2026-05-10T18:38:17.2776284Z Removing SSH command configuration
2026-05-10T18:38:17.2782511Z [command]/usr/bin/git config --local --name-only --get-regexp core\.sshCommand
2026-05-10T18:38:17.2819397Z [command]/usr/bin/git submodule foreach --recursive sh -c "git config --local --name-only --get-regexp 'core\.sshCommand' && git config --local --unset-all 'core.sshCommand' || :"
2026-05-10T18:38:17.3086153Z Removing HTTP extra header
2026-05-10T18:38:17.3091749Z [command]/usr/bin/git config --local --name-only --get-regexp http\.https\:\/\/github\.com\/\.extraheader
2026-05-10T18:38:17.3124946Z [command]/usr/bin/git submodule foreach --recursive sh -c "git config --local --name-only --get-regexp 'http\.https\:\/\/github\.com\/\.extraheader' && git config --local --unset-all 'http.https://github.com/.extraheader' || :"
2026-05-10T18:38:17.3355633Z Removing includeIf entries pointing to credentials config files
2026-05-10T18:38:17.3363973Z [command]/usr/bin/git config --local --name-only --get-regexp ^includeIf\.gitdir:
2026-05-10T18:38:17.3389451Z includeif.gitdir:/home/runner/work/prismTask/prismTask/.git.path
2026-05-10T18:38:17.3390565Z includeif.gitdir:/home/runner/work/prismTask/prismTask/.git/worktrees/*.path
2026-05-10T18:38:17.3391323Z includeif.gitdir:/github/workspace/.git.path
2026-05-10T18:38:17.3391956Z includeif.gitdir:/github/workspace/.git/worktrees/*.path
2026-05-10T18:38:17.3400397Z [command]/usr/bin/git config --local --get-all includeif.gitdir:/home/runner/work/prismTask/prismTask/.git.path
2026-05-10T18:38:17.3425074Z /home/runner/work/_temp/git-credentials-692cbf11-ccc7-4cad-8907-b7317e131873.config
2026-05-10T18:38:17.3438076Z [command]/usr/bin/git config --local --unset includeif.gitdir:/home/runner/work/prismTask/prismTask/.git.path /home/runner/work/_temp/git-credentials-692cbf11-ccc7-4cad-8907-b7317e131873.config
2026-05-10T18:38:17.3476980Z [command]/usr/bin/git config --local --get-all includeif.gitdir:/home/runner/work/prismTask/prismTask/.git/worktrees/*.path
2026-05-10T18:38:17.3501432Z /home/runner/work/_temp/git-credentials-692cbf11-ccc7-4cad-8907-b7317e131873.config
2026-05-10T18:38:17.3512524Z [command]/usr/bin/git config --local --unset includeif.gitdir:/home/runner/work/prismTask/prismTask/.git/worktrees/*.path /home/runner/work/_temp/git-credentials-692cbf11-ccc7-4cad-8907-b7317e131873.config
2026-05-10T18:38:17.3548353Z [command]/usr/bin/git config --local --get-all includeif.gitdir:/github/workspace/.git.path
2026-05-10T18:38:17.3572416Z /github/runner_temp/git-credentials-692cbf11-ccc7-4cad-8907-b7317e131873.config
2026-05-10T18:38:17.3582012Z [command]/usr/bin/git config --local --unset includeif.gitdir:/github/workspace/.git.path /github/runner_temp/git-credentials-692cbf11-ccc7-4cad-8907-b7317e131873.config
2026-05-10T18:38:17.3617462Z [command]/usr/bin/git config --local --get-all includeif.gitdir:/github/workspace/.git/worktrees/*.path
2026-05-10T18:38:17.3641259Z /github/runner_temp/git-credentials-692cbf11-ccc7-4cad-8907-b7317e131873.config
2026-05-10T18:38:17.3651369Z [command]/usr/bin/git config --local --unset includeif.gitdir:/github/workspace/.git/worktrees/*.path /github/runner_temp/git-credentials-692cbf11-ccc7-4cad-8907-b7317e131873.config
2026-05-10T18:38:17.3688493Z [command]/usr/bin/git submodule foreach --recursive git config --local --show-origin --name-only --get-regexp remote.origin.url
2026-05-10T18:38:17.3933431Z Removing credentials config '/home/runner/work/_temp/git-credentials-692cbf11-ccc7-4cad-8907-b7317e131873.config'
2026-05-10T18:38:17.4086530Z Cleaning up orphan processes
2026-05-10T18:38:17.4367384Z ##[warning]Node.js 20 actions are deprecated. The following actions are running on Node.js 20 and may not work as expected: actions/setup-node@v4. Actions will be forced to run with Node.js 24 by default starting June 2nd, 2026. Node.js 20 will be removed from the runner on September 16th, 2026. Please check if updated versions of these actions are available that support Node.js 24. To opt into Node.js 24 now, set the FORCE_JAVASCRIPT_ACTIONS_TO_NODE24=true environment variable on the runner or in your workflow file. Once Node.js 24 becomes the default, you can temporarily opt out by setting ACTIONS_ALLOW_USE_UNSECURE_NODE_VERSION=true. For more information see: https://github.blog/changelog/2025-09-19-deprecation-of-node-20-on-github-actions-runners/


--- Job: web-lint-and-test (id 75249540709) ---
2026-05-10T18:38:28.4605916Z Current runner version: '2.334.0'
2026-05-10T18:38:28.4633041Z ##[group]Runner Image Provisioner
2026-05-10T18:38:28.4633806Z Hosted Compute Agent
2026-05-10T18:38:28.4634487Z Version: 20260213.493
2026-05-10T18:38:28.4635071Z Commit: 5c115507f6dd24b8de37d8bbe0bb4509d0cc0fa3
2026-05-10T18:38:28.4635802Z Build Date: 2026-02-13T00:28:41Z
2026-05-10T18:38:28.4636615Z Worker ID: {b0ab225a-9518-4d1b-8b37-fc06cf785269}
2026-05-10T18:38:28.4637265Z Azure Region: eastus2
2026-05-10T18:38:28.4637807Z ##[endgroup]
2026-05-10T18:38:28.4639535Z ##[group]Operating System
2026-05-10T18:38:28.4640143Z Ubuntu
2026-05-10T18:38:28.4640584Z 24.04.4
2026-05-10T18:38:28.4641234Z LTS
2026-05-10T18:38:28.4641698Z ##[endgroup]
2026-05-10T18:38:28.4642212Z ##[group]Runner Image
2026-05-10T18:38:28.4642848Z Image: ubuntu-24.04
2026-05-10T18:38:28.4643338Z Version: 20260413.86.1
2026-05-10T18:38:28.4644508Z Included Software: https://github.com/actions/runner-images/blob/ubuntu24/20260413.86/images/ubuntu/Ubuntu2404-Readme.md
2026-05-10T18:38:28.4646021Z Image Release: https://github.com/actions/runner-images/releases/tag/ubuntu24%2F20260413.86
2026-05-10T18:38:28.4646925Z ##[endgroup]
2026-05-10T18:38:28.4648114Z ##[group]GITHUB_TOKEN Permissions
2026-05-10T18:38:28.4650549Z Actions: read
2026-05-10T18:38:28.4651207Z Checks: read
2026-05-10T18:38:28.4651689Z Contents: write
2026-05-10T18:38:28.4652211Z Metadata: read
2026-05-10T18:38:28.4652649Z ##[endgroup]
2026-05-10T18:38:28.4655008Z Secret source: Actions
2026-05-10T18:38:28.4655882Z Prepare workflow directory
2026-05-10T18:38:28.4980912Z Prepare all required actions
2026-05-10T18:38:28.5071890Z Complete job name: web-lint-and-test
2026-05-10T18:38:28.5805508Z ##[group]Run if [ 'failure' != 'success' ]; then
2026-05-10T18:38:28.5806344Z [36;1mif [ 'failure' != 'success' ]; then[0m
2026-05-10T18:38:28.5807197Z [36;1m  echo "web-lint finished with failure" >&2[0m
2026-05-10T18:38:28.5807978Z [36;1m  exit 1[0m
2026-05-10T18:38:28.5808472Z [36;1mfi[0m
2026-05-10T18:38:28.5809235Z [36;1mif [ 'failure' != 'success' ]; then[0m
2026-05-10T18:38:28.5809937Z [36;1m  echo "web-unit-tests finished with failure" >&2[0m
2026-05-10T18:38:28.5810595Z [36;1m  exit 1[0m
2026-05-10T18:38:28.5811118Z [36;1mfi[0m
2026-05-10T18:38:28.5811677Z [36;1mif [ 'failure' != 'success' ]; then[0m
2026-05-10T18:38:28.5812325Z [36;1m  echo "web-build finished with failure" >&2[0m
2026-05-10T18:38:28.5813016Z [36;1m  exit 1[0m
2026-05-10T18:38:28.5813458Z [36;1mfi[0m
2026-05-10T18:38:28.5814095Z [36;1mecho "✓ Split web lint, unit-test shards, and build passed."[0m
2026-05-10T18:38:28.6127627Z shell: /usr/bin/bash -e {0}
2026-05-10T18:38:28.6129324Z ##[endgroup]
2026-05-10T18:38:28.6372020Z web-lint finished with failure
2026-05-10T18:38:28.6412561Z ##[error]Process completed with exit code 1.
2026-05-10T18:38:28.6685770Z Cleaning up orphan processes
