=== CI FAILURE ===
Workflow:      Web CI
Workflow file: akarlin3/prismTask/.github/workflows/web-ci.yml@refs/pull/1733/merge
Job(s):        web-lint, web-build, web-lint-and-test
Run ID:        26269578534
Run attempt:   1
Run URL:       https://github.com/akarlin3/prismTask/actions/runs/26269578534
Commit:        7b58d1adb18e49651f918d18cad8a163e26b140f
Branch:        1733/merge
Event:         pull_request
Actor:         akarlin3
Runner OS:     Linux
Timestamp:     2026-05-22T05:16:22.684Z

Failed steps:
  - web-lint: #5 Run ESLint
  - web-build: #5 Build web app
  - web-lint-and-test: #2 Verify split web checks

=== FAILED JOB LOG ===

--- Job: web-lint (id 77320026590) ---
2026-05-22T05:08:42.9505962Z Current runner version: '2.334.0'
2026-05-22T05:08:42.9536347Z ##[group]Runner Image Provisioner
2026-05-22T05:08:42.9537283Z Hosted Compute Agent
2026-05-22T05:08:42.9537907Z Version: 20260213.493
2026-05-22T05:08:42.9538618Z Commit: 5c115507f6dd24b8de37d8bbe0bb4509d0cc0fa3
2026-05-22T05:08:42.9539555Z Build Date: 2026-02-13T00:28:41Z
2026-05-22T05:08:42.9540382Z Worker ID: {620f506a-5e69-4ca4-a3d3-7ea699df1686}
2026-05-22T05:08:42.9541296Z Azure Region: westcentralus
2026-05-22T05:08:42.9541977Z ##[endgroup]
2026-05-22T05:08:42.9544007Z ##[group]Operating System
2026-05-22T05:08:42.9544849Z Ubuntu
2026-05-22T05:08:42.9545396Z 24.04.4
2026-05-22T05:08:42.9545859Z LTS
2026-05-22T05:08:42.9546523Z ##[endgroup]
2026-05-22T05:08:42.9547057Z ##[group]Runner Image
2026-05-22T05:08:42.9547681Z Image: ubuntu-24.04
2026-05-22T05:08:42.9548322Z Version: 20260513.135.3
2026-05-22T05:08:42.9550039Z Included Software: https://github.com/actions/runner-images/blob/ubuntu24/20260513.135/images/ubuntu/Ubuntu2404-Readme.md
2026-05-22T05:08:42.9551961Z Image Release: https://github.com/actions/runner-images/releases/tag/ubuntu24%2F20260513.135
2026-05-22T05:08:42.9553057Z ##[endgroup]
2026-05-22T05:08:42.9554581Z ##[group]GITHUB_TOKEN Permissions
2026-05-22T05:08:42.9556730Z Actions: read
2026-05-22T05:08:42.9557354Z Checks: read
2026-05-22T05:08:42.9558077Z Contents: write
2026-05-22T05:08:42.9558640Z Metadata: read
2026-05-22T05:08:42.9559462Z PullRequests: read
2026-05-22T05:08:42.9560141Z ##[endgroup]
2026-05-22T05:08:42.9562684Z Secret source: Actions
2026-05-22T05:08:42.9563550Z Prepare workflow directory
2026-05-22T05:08:43.0090480Z Prepare all required actions
2026-05-22T05:08:43.0134608Z Getting action download info
2026-05-22T05:08:43.4729401Z Download action repository 'actions/checkout@v6' (SHA:de0fac2e4500dabe0009e67214ff5f5447ce83dd)
2026-05-22T05:08:43.8328179Z Complete job name: web-lint
2026-05-22T05:08:43.8914432Z ##[group]Run actions/checkout@v6
2026-05-22T05:08:43.8915076Z with:
2026-05-22T05:08:43.8915380Z   repository: akarlin3/prismTask
2026-05-22T05:08:43.8916002Z   token: ***
2026-05-22T05:08:43.8916304Z   ssh-strict: true
2026-05-22T05:08:43.8916602Z   ssh-user: git
2026-05-22T05:08:43.8916913Z   persist-credentials: true
2026-05-22T05:08:43.8917256Z   clean: true
2026-05-22T05:08:43.8917565Z   sparse-checkout-cone-mode: true
2026-05-22T05:08:43.8917923Z   fetch-depth: 1
2026-05-22T05:08:43.8918223Z   fetch-tags: false
2026-05-22T05:08:43.8918523Z   show-progress: true
2026-05-22T05:08:43.8918832Z   lfs: false
2026-05-22T05:08:43.8919105Z   submodules: false
2026-05-22T05:08:43.8919569Z   set-safe-directory: true
2026-05-22T05:08:43.8920086Z ##[endgroup]
2026-05-22T05:08:44.0474751Z Syncing repository: akarlin3/prismTask
2026-05-22T05:08:44.0476747Z ##[group]Getting Git version info
2026-05-22T05:08:44.0477632Z Working directory is '/home/runner/work/prismTask/prismTask'
2026-05-22T05:08:44.0479377Z [command]/usr/bin/git version
2026-05-22T05:08:44.0480026Z git version 2.54.0
2026-05-22T05:08:44.0482653Z ##[endgroup]
2026-05-22T05:08:44.0486886Z Temporarily overriding HOME='/home/runner/work/_temp/931ad038-0b25-48d4-a0d6-d05c2d67288d' before making global git config changes
2026-05-22T05:08:44.0488185Z Adding repository directory to the temporary git global config as a safe directory
2026-05-22T05:08:44.0489495Z [command]/usr/bin/git config --global --add safe.directory /home/runner/work/prismTask/prismTask
2026-05-22T05:08:44.0491858Z Deleting the contents of '/home/runner/work/prismTask/prismTask'
2026-05-22T05:08:44.0492937Z ##[group]Initializing the repository
2026-05-22T05:08:44.0493622Z [command]/usr/bin/git init /home/runner/work/prismTask/prismTask
2026-05-22T05:08:44.1366964Z hint: Using 'master' as the name for the initial branch. This default branch name
2026-05-22T05:08:44.1385765Z hint: will change to "main" in Git 3.0. To configure the initial branch name
2026-05-22T05:08:44.1387448Z hint: to use in all of your new repositories, which will suppress this warning,
2026-05-22T05:08:44.1388784Z hint: call:
2026-05-22T05:08:44.1390120Z hint:
2026-05-22T05:08:44.1391082Z hint: 	git config --global init.defaultBranch <name>
2026-05-22T05:08:44.1392011Z hint:
2026-05-22T05:08:44.1393113Z hint: Names commonly chosen instead of 'master' are 'main', 'trunk' and
2026-05-22T05:08:44.1394442Z hint: 'development'. The just-created branch can be renamed via this command:
2026-05-22T05:08:44.1395743Z hint:
2026-05-22T05:08:44.1396419Z hint: 	git branch -m <name>
2026-05-22T05:08:44.1397434Z hint:
2026-05-22T05:08:44.1398491Z hint: Disable this message with "git config set advice.defaultBranchName false"
2026-05-22T05:08:44.1400687Z Initialized empty Git repository in /home/runner/work/prismTask/prismTask/.git/
2026-05-22T05:08:44.1404075Z [command]/usr/bin/git remote add origin https://github.com/akarlin3/prismTask
2026-05-22T05:08:44.1443108Z ##[endgroup]
2026-05-22T05:08:44.1444478Z ##[group]Disabling automatic garbage collection
2026-05-22T05:08:44.1447219Z [command]/usr/bin/git config --local gc.auto 0
2026-05-22T05:08:44.1476497Z ##[endgroup]
2026-05-22T05:08:44.1477682Z ##[group]Setting up auth
2026-05-22T05:08:44.1478939Z Removing SSH command configuration
2026-05-22T05:08:44.1482984Z [command]/usr/bin/git config --local --name-only --get-regexp core\.sshCommand
2026-05-22T05:08:44.1511882Z [command]/usr/bin/git submodule foreach --recursive sh -c "git config --local --name-only --get-regexp 'core\.sshCommand' && git config --local --unset-all 'core.sshCommand' || :"
2026-05-22T05:08:44.1886845Z Removing HTTP extra header
2026-05-22T05:08:44.1888218Z [command]/usr/bin/git config --local --name-only --get-regexp http\.https\:\/\/github\.com\/\.extraheader
2026-05-22T05:08:44.1909081Z [command]/usr/bin/git submodule foreach --recursive sh -c "git config --local --name-only --get-regexp 'http\.https\:\/\/github\.com\/\.extraheader' && git config --local --unset-all 'http.https://github.com/.extraheader' || :"
2026-05-22T05:08:44.2107482Z Removing includeIf entries pointing to credentials config files
2026-05-22T05:08:44.2111996Z [command]/usr/bin/git config --local --name-only --get-regexp ^includeIf\.gitdir:
2026-05-22T05:08:44.2141446Z [command]/usr/bin/git submodule foreach --recursive git config --local --show-origin --name-only --get-regexp remote.origin.url
2026-05-22T05:08:44.2345872Z [command]/usr/bin/git config --file /home/runner/work/_temp/git-credentials-3257649d-eded-4abb-a592-76676d0869bc.config http.https://github.com/.extraheader AUTHORIZATION: basic ***
2026-05-22T05:08:44.2380035Z [command]/usr/bin/git config --local includeIf.gitdir:/home/runner/work/prismTask/prismTask/.git.path /home/runner/work/_temp/git-credentials-3257649d-eded-4abb-a592-76676d0869bc.config
2026-05-22T05:08:44.2406813Z [command]/usr/bin/git config --local includeIf.gitdir:/home/runner/work/prismTask/prismTask/.git/worktrees/*.path /home/runner/work/_temp/git-credentials-3257649d-eded-4abb-a592-76676d0869bc.config
2026-05-22T05:08:44.2552903Z [command]/usr/bin/git config --local includeIf.gitdir:/github/workspace/.git.path /github/runner_temp/git-credentials-3257649d-eded-4abb-a592-76676d0869bc.config
2026-05-22T05:08:44.2557356Z [command]/usr/bin/git config --local includeIf.gitdir:/github/workspace/.git/worktrees/*.path /github/runner_temp/git-credentials-3257649d-eded-4abb-a592-76676d0869bc.config
2026-05-22T05:08:44.2561398Z ##[endgroup]
2026-05-22T05:08:44.2562607Z ##[group]Fetching the repository
2026-05-22T05:08:44.2564707Z [command]/usr/bin/git -c protocol.version=2 fetch --no-tags --prune --no-recurse-submodules --depth=1 origin +7b58d1adb18e49651f918d18cad8a163e26b140f:refs/remotes/pull/1733/merge
2026-05-22T05:08:48.2405821Z From https://github.com/akarlin3/prismTask
2026-05-22T05:08:48.2409668Z  * [new ref]         7b58d1adb18e49651f918d18cad8a163e26b140f -> pull/1733/merge
2026-05-22T05:08:48.2431949Z ##[endgroup]
2026-05-22T05:08:48.2433633Z ##[group]Determining the checkout info
2026-05-22T05:08:48.2440749Z ##[endgroup]
2026-05-22T05:08:48.2441871Z [command]/usr/bin/git sparse-checkout disable
2026-05-22T05:08:48.2516570Z [command]/usr/bin/git config --local --unset-all extensions.worktreeConfig
2026-05-22T05:08:48.2667112Z ##[group]Checking out the ref
2026-05-22T05:08:48.2670785Z [command]/usr/bin/git checkout --progress --force refs/remotes/pull/1733/merge
2026-05-22T05:08:48.5711951Z Note: switching to 'refs/remotes/pull/1733/merge'.
2026-05-22T05:08:48.5713761Z 
2026-05-22T05:08:48.5714231Z You are in 'detached HEAD' state. You can look around, make experimental
2026-05-22T05:08:48.5714986Z changes and commit them, and you can discard any commits you make in this
2026-05-22T05:08:48.5715744Z state without impacting any branches by switching back to a branch.
2026-05-22T05:08:48.5716214Z 
2026-05-22T05:08:48.5716568Z If you want to create a new branch to retain commits you create, you may
2026-05-22T05:08:48.5717286Z do so (now or later) by using -c with the switch command. Example:
2026-05-22T05:08:48.5717796Z 
2026-05-22T05:08:48.5718043Z   git switch -c <new-branch-name>
2026-05-22T05:08:48.5718363Z 
2026-05-22T05:08:48.5718639Z Or undo this operation with:
2026-05-22T05:08:48.5718959Z 
2026-05-22T05:08:48.5719332Z   git switch -
2026-05-22T05:08:48.5719844Z 
2026-05-22T05:08:48.5720321Z Turn off this advice by setting config variable advice.detachedHead to false
2026-05-22T05:08:48.5720798Z 
2026-05-22T05:08:48.5721364Z HEAD is now at 7b58d1a Merge 0496bfb989bdd2bb8a5c3e470ce8d3d853a570e0 into dc8d9429fc6cdae5fb0b437eb46e46faff5884de
2026-05-22T05:08:48.5735797Z ##[endgroup]
2026-05-22T05:08:48.5773786Z [command]/usr/bin/git log -1 --format=%H
2026-05-22T05:08:48.5797511Z 7b58d1adb18e49651f918d18cad8a163e26b140f
2026-05-22T05:08:48.6050404Z Prepare all required actions
2026-05-22T05:08:48.6050835Z Getting action download info
2026-05-22T05:08:48.8347069Z Download action repository 'actions/setup-node@v4' (SHA:49933ea5288caeca8642d1e84afbd3f7d6820020)
2026-05-22T05:08:49.0927827Z ##[group]Run ./.github/actions/setup-node-web
2026-05-22T05:08:49.0928070Z ##[endgroup]
2026-05-22T05:08:49.1029014Z ##[group]Run actions/setup-node@v4
2026-05-22T05:08:49.1029444Z with:
2026-05-22T05:08:49.1029618Z   node-version: 22
2026-05-22T05:08:49.1029781Z   cache: npm
2026-05-22T05:08:49.1029964Z   cache-dependency-path: web/package-lock.json
2026-05-22T05:08:49.1030192Z   always-auth: false
2026-05-22T05:08:49.1030348Z   check-latest: false
2026-05-22T05:08:49.1030620Z   token: ***
2026-05-22T05:08:49.1030775Z ##[endgroup]
2026-05-22T05:08:49.2679865Z Found in cache @ /opt/hostedtoolcache/node/22.22.2/x64
2026-05-22T05:08:49.2680785Z ##[group]Environment details
2026-05-22T05:08:49.9101436Z node: v22.22.2
2026-05-22T05:08:49.9121572Z npm: 10.9.7
2026-05-22T05:08:49.9122164Z yarn: 1.22.22
2026-05-22T05:08:49.9128035Z ##[endgroup]
2026-05-22T05:08:49.9150142Z [command]/opt/hostedtoolcache/node/22.22.2/x64/bin/npm config get cache
2026-05-22T05:08:50.0215891Z /home/runner/.npm
2026-05-22T05:08:50.2524231Z npm cache is not found
2026-05-22T05:08:50.2664859Z ##[group]Run npm ci
2026-05-22T05:08:50.2665114Z [36;1mnpm ci[0m
2026-05-22T05:08:50.2704594Z shell: /usr/bin/bash --noprofile --norc -e -o pipefail {0}
2026-05-22T05:08:50.2704878Z ##[endgroup]
2026-05-22T05:09:03.2710519Z 
2026-05-22T05:09:03.2728601Z added 436 packages, and audited 437 packages in 13s
2026-05-22T05:09:03.2769750Z 
2026-05-22T05:09:03.2790247Z 94 packages are looking for funding
2026-05-22T05:09:03.2809754Z   run `npm fund` for details
2026-05-22T05:09:03.2829667Z 
2026-05-22T05:09:03.2830178Z 4 vulnerabilities (3 moderate, 1 critical)
2026-05-22T05:09:03.2849554Z 
2026-05-22T05:09:03.2869738Z To address all issues, run:
2026-05-22T05:09:03.2889624Z   npm audit fix
2026-05-22T05:09:03.2889993Z 
2026-05-22T05:09:03.2909767Z Run `npm audit` for details.
2026-05-22T05:09:03.3528593Z ##[group]Run npm run lint
2026-05-22T05:09:03.3528916Z [36;1mnpm run lint[0m
2026-05-22T05:09:03.3568853Z shell: /usr/bin/bash -e {0}
2026-05-22T05:09:03.3569271Z ##[endgroup]
2026-05-22T05:09:03.4661072Z 
2026-05-22T05:09:03.4661909Z > web@2.0.0 lint
2026-05-22T05:09:03.4662553Z > eslint .
2026-05-22T05:09:03.4663470Z 
2026-05-22T05:09:29.8361599Z 
2026-05-22T05:09:29.8363968Z /home/runner/work/prismTask/prismTask/web/src/routes/index.tsx
2026-05-22T05:09:29.8396776Z ##[error]  14:7  error  Fast refresh only works when a file only exports components. Move your component(s) to a separate file. If all exports are HOCs, add them to the `extraHOCs` option  react-refresh/only-export-components
2026-05-22T05:09:29.8408753Z ##[error]  15:7  error  Fast refresh only works when a file only exports components. Move your component(s) to a separate file. If all exports are HOCs, add them to the `extraHOCs` option  react-refresh/only-export-components
2026-05-22T05:09:29.8412595Z ##[error]  18:7  error  Fast refresh only works when a file only exports components. Move your component(s) to a separate file. If all exports are HOCs, add them to the `extraHOCs` option  react-refresh/only-export-components
2026-05-22T05:09:29.8416307Z ##[error]  19:7  error  Fast refresh only works when a file only exports components. Move your component(s) to a separate file. If all exports are HOCs, add them to the `extraHOCs` option  react-refresh/only-export-components
2026-05-22T05:09:29.8420030Z ##[error]  20:7  error  Fast refresh only works when a file only exports components. Move your component(s) to a separate file. If all exports are HOCs, add them to the `extraHOCs` option  react-refresh/only-export-components
2026-05-22T05:09:29.8422038Z 
2026-05-22T05:09:29.8422788Z ✖ 5 problems (5 errors, 0 warnings)
2026-05-22T05:09:29.8423461Z 
2026-05-22T05:09:29.9958267Z ##[error]Process completed with exit code 1.
2026-05-22T05:09:30.0015032Z Post job cleanup.
2026-05-22T05:09:30.0078447Z Post job cleanup.
2026-05-22T05:09:30.0809768Z [command]/usr/bin/git version
2026-05-22T05:09:30.0844845Z git version 2.54.0
2026-05-22T05:09:30.0879683Z Temporarily overriding HOME='/home/runner/work/_temp/88b43536-5a8a-4d8f-8d2e-156792ce58db' before making global git config changes
2026-05-22T05:09:30.0880964Z Adding repository directory to the temporary git global config as a safe directory
2026-05-22T05:09:30.0890655Z [command]/usr/bin/git config --global --add safe.directory /home/runner/work/prismTask/prismTask
2026-05-22T05:09:30.1345348Z Removing SSH command configuration
2026-05-22T05:09:30.1352007Z [command]/usr/bin/git config --local --name-only --get-regexp core\.sshCommand
2026-05-22T05:09:30.1425242Z [command]/usr/bin/git submodule foreach --recursive sh -c "git config --local --name-only --get-regexp 'core\.sshCommand' && git config --local --unset-all 'core.sshCommand' || :"
2026-05-22T05:09:30.1820840Z Removing HTTP extra header
2026-05-22T05:09:30.1821931Z [command]/usr/bin/git config --local --name-only --get-regexp http\.https\:\/\/github\.com\/\.extraheader
2026-05-22T05:09:30.1824986Z [command]/usr/bin/git submodule foreach --recursive sh -c "git config --local --name-only --get-regexp 'http\.https\:\/\/github\.com\/\.extraheader' && git config --local --unset-all 'http.https://github.com/.extraheader' || :"
2026-05-22T05:09:30.2213405Z Removing includeIf entries pointing to credentials config files
2026-05-22T05:09:30.2214603Z [command]/usr/bin/git config --local --name-only --get-regexp ^includeIf\.gitdir:
2026-05-22T05:09:30.2215958Z includeif.gitdir:/home/runner/work/prismTask/prismTask/.git.path
2026-05-22T05:09:30.2217097Z includeif.gitdir:/home/runner/work/prismTask/prismTask/.git/worktrees/*.path
2026-05-22T05:09:30.2218319Z includeif.gitdir:/github/workspace/.git.path
2026-05-22T05:09:30.2219590Z includeif.gitdir:/github/workspace/.git/worktrees/*.path
2026-05-22T05:09:30.2222228Z [command]/usr/bin/git config --local --get-all includeif.gitdir:/home/runner/work/prismTask/prismTask/.git.path
2026-05-22T05:09:30.2223402Z /home/runner/work/_temp/git-credentials-3257649d-eded-4abb-a592-76676d0869bc.config
2026-05-22T05:09:30.2226446Z [command]/usr/bin/git config --local --unset includeif.gitdir:/home/runner/work/prismTask/prismTask/.git.path /home/runner/work/_temp/git-credentials-3257649d-eded-4abb-a592-76676d0869bc.config
2026-05-22T05:09:30.3084305Z [command]/usr/bin/git config --local --get-all includeif.gitdir:/home/runner/work/prismTask/prismTask/.git/worktrees/*.path
2026-05-22T05:09:30.3085213Z /home/runner/work/_temp/git-credentials-3257649d-eded-4abb-a592-76676d0869bc.config
2026-05-22T05:09:30.3087662Z [command]/usr/bin/git config --local --unset includeif.gitdir:/home/runner/work/prismTask/prismTask/.git/worktrees/*.path /home/runner/work/_temp/git-credentials-3257649d-eded-4abb-a592-76676d0869bc.config
2026-05-22T05:09:30.4829690Z [command]/usr/bin/git config --local --get-all includeif.gitdir:/github/workspace/.git.path
2026-05-22T05:09:30.4850252Z /github/runner_temp/git-credentials-3257649d-eded-4abb-a592-76676d0869bc.config
2026-05-22T05:09:30.4857441Z [command]/usr/bin/git config --local --unset includeif.gitdir:/github/workspace/.git.path /github/runner_temp/git-credentials-3257649d-eded-4abb-a592-76676d0869bc.config
2026-05-22T05:09:30.4980872Z [command]/usr/bin/git config --local --get-all includeif.gitdir:/github/workspace/.git/worktrees/*.path
2026-05-22T05:09:30.5002445Z /github/runner_temp/git-credentials-3257649d-eded-4abb-a592-76676d0869bc.config
2026-05-22T05:09:30.5012026Z [command]/usr/bin/git config --local --unset includeif.gitdir:/github/workspace/.git/worktrees/*.path /github/runner_temp/git-credentials-3257649d-eded-4abb-a592-76676d0869bc.config
2026-05-22T05:09:30.5040783Z [command]/usr/bin/git submodule foreach --recursive git config --local --show-origin --name-only --get-regexp remote.origin.url
2026-05-22T05:09:30.5308932Z Removing credentials config '/home/runner/work/_temp/git-credentials-3257649d-eded-4abb-a592-76676d0869bc.config'
2026-05-22T05:09:30.5476113Z Cleaning up orphan processes
2026-05-22T05:09:30.5720658Z ##[warning]Node.js 20 actions are deprecated. The following actions are running on Node.js 20 and may not work as expected: actions/setup-node@v4. Actions will be forced to run with Node.js 24 by default starting June 2nd, 2026. Node.js 20 will be removed from the runner on September 16th, 2026. Please check if updated versions of these actions are available that support Node.js 24. To opt into Node.js 24 now, set the FORCE_JAVASCRIPT_ACTIONS_TO_NODE24=true environment variable on the runner or in your workflow file. Once Node.js 24 becomes the default, you can temporarily opt out by setting ACTIONS_ALLOW_USE_UNSECURE_NODE_VERSION=true. For more information see: https://github.blog/changelog/2025-09-19-deprecation-of-node-20-on-github-actions-runners/


--- Job: web-build (id 77320026593) ---
2026-05-22T05:08:39.6750670Z Current runner version: '2.334.0'
2026-05-22T05:08:39.6766100Z ##[group]Runner Image Provisioner
2026-05-22T05:08:39.6766569Z Hosted Compute Agent
2026-05-22T05:08:39.6766950Z Version: 20260213.493
2026-05-22T05:08:39.6767300Z Commit: 5c115507f6dd24b8de37d8bbe0bb4509d0cc0fa3
2026-05-22T05:08:39.6767710Z Build Date: 2026-02-13T00:28:41Z
2026-05-22T05:08:39.6768176Z Worker ID: {007ee3a9-475e-4124-a380-9b73d00bacbf}
2026-05-22T05:08:39.6768541Z Azure Region: westus3
2026-05-22T05:08:39.6768860Z ##[endgroup]
2026-05-22T05:08:39.6769538Z ##[group]Operating System
2026-05-22T05:08:39.6769886Z Ubuntu
2026-05-22T05:08:39.6770199Z 24.04.4
2026-05-22T05:08:39.6770464Z LTS
2026-05-22T05:08:39.6770747Z ##[endgroup]
2026-05-22T05:08:39.6771013Z ##[group]Runner Image
2026-05-22T05:08:39.6771355Z Image: ubuntu-24.04
2026-05-22T05:08:39.6771636Z Version: 20260513.135.3
2026-05-22T05:08:39.6772337Z Included Software: https://github.com/actions/runner-images/blob/ubuntu24/20260513.135/images/ubuntu/Ubuntu2404-Readme.md
2026-05-22T05:08:39.6773129Z Image Release: https://github.com/actions/runner-images/releases/tag/ubuntu24%2F20260513.135
2026-05-22T05:08:39.6773619Z ##[endgroup]
2026-05-22T05:08:39.6774304Z ##[group]GITHUB_TOKEN Permissions
2026-05-22T05:08:39.6775731Z Actions: read
2026-05-22T05:08:39.6776021Z Checks: read
2026-05-22T05:08:39.6776382Z Contents: write
2026-05-22T05:08:39.6776649Z Metadata: read
2026-05-22T05:08:39.6776930Z PullRequests: read
2026-05-22T05:08:39.6777245Z ##[endgroup]
2026-05-22T05:08:39.6778497Z Secret source: Actions
2026-05-22T05:08:39.6778850Z Prepare workflow directory
2026-05-22T05:08:39.7084312Z Prepare all required actions
2026-05-22T05:08:39.7116513Z Getting action download info
2026-05-22T05:08:40.1709194Z Download action repository 'actions/checkout@v6' (SHA:de0fac2e4500dabe0009e67214ff5f5447ce83dd)
2026-05-22T05:08:40.3584108Z Complete job name: web-build
2026-05-22T05:08:40.3975778Z ##[group]Run actions/checkout@v6
2026-05-22T05:08:40.3976621Z with:
2026-05-22T05:08:40.3977087Z   repository: akarlin3/prismTask
2026-05-22T05:08:40.3977731Z   token: ***
2026-05-22T05:08:40.3978026Z   ssh-strict: true
2026-05-22T05:08:40.3978332Z   ssh-user: git
2026-05-22T05:08:40.3978667Z   persist-credentials: true
2026-05-22T05:08:40.3979012Z   clean: true
2026-05-22T05:08:40.3979345Z   sparse-checkout-cone-mode: true
2026-05-22T05:08:40.3979722Z   fetch-depth: 1
2026-05-22T05:08:40.3980017Z   fetch-tags: false
2026-05-22T05:08:40.3980323Z   show-progress: true
2026-05-22T05:08:40.3980620Z   lfs: false
2026-05-22T05:08:40.3980899Z   submodules: false
2026-05-22T05:08:40.3981193Z   set-safe-directory: true
2026-05-22T05:08:40.3981717Z ##[endgroup]
2026-05-22T05:08:40.4659268Z Syncing repository: akarlin3/prismTask
2026-05-22T05:08:40.4660914Z ##[group]Getting Git version info
2026-05-22T05:08:40.4661633Z Working directory is '/home/runner/work/prismTask/prismTask'
2026-05-22T05:08:40.4662773Z [command]/usr/bin/git version
2026-05-22T05:08:40.4674285Z git version 2.54.0
2026-05-22T05:08:40.4688254Z ##[endgroup]
2026-05-22T05:08:40.4698636Z Temporarily overriding HOME='/home/runner/work/_temp/d90169ae-8644-412d-928c-825e5d05b9d5' before making global git config changes
2026-05-22T05:08:40.4700666Z Adding repository directory to the temporary git global config as a safe directory
2026-05-22T05:08:40.4702956Z [command]/usr/bin/git config --global --add safe.directory /home/runner/work/prismTask/prismTask
2026-05-22T05:08:40.4736754Z Deleting the contents of '/home/runner/work/prismTask/prismTask'
2026-05-22T05:08:40.4739829Z ##[group]Initializing the repository
2026-05-22T05:08:40.4743480Z [command]/usr/bin/git init /home/runner/work/prismTask/prismTask
2026-05-22T05:08:40.4831675Z hint: Using 'master' as the name for the initial branch. This default branch name
2026-05-22T05:08:40.4832640Z hint: will change to "main" in Git 3.0. To configure the initial branch name
2026-05-22T05:08:40.4834805Z hint: to use in all of your new repositories, which will suppress this warning,
2026-05-22T05:08:40.4835496Z hint: call:
2026-05-22T05:08:40.4836520Z hint:
2026-05-22T05:08:40.4836988Z hint: 	git config --global init.defaultBranch <name>
2026-05-22T05:08:40.4837535Z hint:
2026-05-22T05:08:40.4838041Z hint: Names commonly chosen instead of 'master' are 'main', 'trunk' and
2026-05-22T05:08:40.4838847Z hint: 'development'. The just-created branch can be renamed via this command:
2026-05-22T05:08:40.4839485Z hint:
2026-05-22T05:08:40.4839855Z hint: 	git branch -m <name>
2026-05-22T05:08:40.4840270Z hint:
2026-05-22T05:08:40.4840796Z hint: Disable this message with "git config set advice.defaultBranchName false"
2026-05-22T05:08:40.4841685Z Initialized empty Git repository in /home/runner/work/prismTask/prismTask/.git/
2026-05-22T05:08:40.4843354Z [command]/usr/bin/git remote add origin https://github.com/akarlin3/prismTask
2026-05-22T05:08:40.4949770Z ##[endgroup]
2026-05-22T05:08:40.4951269Z ##[group]Disabling automatic garbage collection
2026-05-22T05:08:40.4951894Z [command]/usr/bin/git config --local gc.auto 0
2026-05-22T05:08:40.4974123Z ##[endgroup]
2026-05-22T05:08:40.4974920Z ##[group]Setting up auth
2026-05-22T05:08:40.4975440Z Removing SSH command configuration
2026-05-22T05:08:40.4979659Z [command]/usr/bin/git config --local --name-only --get-regexp core\.sshCommand
2026-05-22T05:08:40.5004339Z [command]/usr/bin/git submodule foreach --recursive sh -c "git config --local --name-only --get-regexp 'core\.sshCommand' && git config --local --unset-all 'core.sshCommand' || :"
2026-05-22T05:08:40.5253403Z Removing HTTP extra header
2026-05-22T05:08:40.5258432Z [command]/usr/bin/git config --local --name-only --get-regexp http\.https\:\/\/github\.com\/\.extraheader
2026-05-22T05:08:40.5282147Z [command]/usr/bin/git submodule foreach --recursive sh -c "git config --local --name-only --get-regexp 'http\.https\:\/\/github\.com\/\.extraheader' && git config --local --unset-all 'http.https://github.com/.extraheader' || :"
2026-05-22T05:08:40.5450976Z Removing includeIf entries pointing to credentials config files
2026-05-22T05:08:40.5454820Z [command]/usr/bin/git config --local --name-only --get-regexp ^includeIf\.gitdir:
2026-05-22T05:08:40.5486641Z [command]/usr/bin/git submodule foreach --recursive git config --local --show-origin --name-only --get-regexp remote.origin.url
2026-05-22T05:08:40.5650440Z [command]/usr/bin/git config --file /home/runner/work/_temp/git-credentials-cd952ad7-ae6d-425d-9a16-fc3d81377a25.config http.https://github.com/.extraheader AUTHORIZATION: basic ***
2026-05-22T05:08:40.5680182Z [command]/usr/bin/git config --local includeIf.gitdir:/home/runner/work/prismTask/prismTask/.git.path /home/runner/work/_temp/git-credentials-cd952ad7-ae6d-425d-9a16-fc3d81377a25.config
2026-05-22T05:08:40.5702480Z [command]/usr/bin/git config --local includeIf.gitdir:/home/runner/work/prismTask/prismTask/.git/worktrees/*.path /home/runner/work/_temp/git-credentials-cd952ad7-ae6d-425d-9a16-fc3d81377a25.config
2026-05-22T05:08:40.5725116Z [command]/usr/bin/git config --local includeIf.gitdir:/github/workspace/.git.path /github/runner_temp/git-credentials-cd952ad7-ae6d-425d-9a16-fc3d81377a25.config
2026-05-22T05:08:40.5748568Z [command]/usr/bin/git config --local includeIf.gitdir:/github/workspace/.git/worktrees/*.path /github/runner_temp/git-credentials-cd952ad7-ae6d-425d-9a16-fc3d81377a25.config
2026-05-22T05:08:40.5843736Z ##[endgroup]
2026-05-22T05:08:40.5844408Z ##[group]Fetching the repository
2026-05-22T05:08:40.5850825Z [command]/usr/bin/git -c protocol.version=2 fetch --no-tags --prune --no-recurse-submodules --depth=1 origin +7b58d1adb18e49651f918d18cad8a163e26b140f:refs/remotes/pull/1733/merge
2026-05-22T05:08:43.9262531Z From https://github.com/akarlin3/prismTask
2026-05-22T05:08:43.9279333Z  * [new ref]         7b58d1adb18e49651f918d18cad8a163e26b140f -> pull/1733/merge
2026-05-22T05:08:43.9282943Z ##[endgroup]
2026-05-22T05:08:43.9284067Z ##[group]Determining the checkout info
2026-05-22T05:08:43.9285891Z ##[endgroup]
2026-05-22T05:08:43.9287977Z [command]/usr/bin/git sparse-checkout disable
2026-05-22T05:08:43.9317965Z [command]/usr/bin/git config --local --unset-all extensions.worktreeConfig
2026-05-22T05:08:43.9341336Z ##[group]Checking out the ref
2026-05-22T05:08:43.9343244Z [command]/usr/bin/git checkout --progress --force refs/remotes/pull/1733/merge
2026-05-22T05:08:44.1696205Z Note: switching to 'refs/remotes/pull/1733/merge'.
2026-05-22T05:08:44.1700649Z 
2026-05-22T05:08:44.1701217Z You are in 'detached HEAD' state. You can look around, make experimental
2026-05-22T05:08:44.1701829Z changes and commit them, and you can discard any commits you make in this
2026-05-22T05:08:44.1702376Z state without impacting any branches by switching back to a branch.
2026-05-22T05:08:44.1702811Z 
2026-05-22T05:08:44.1703136Z If you want to create a new branch to retain commits you create, you may
2026-05-22T05:08:44.1703665Z do so (now or later) by using -c with the switch command. Example:
2026-05-22T05:08:44.1704076Z 
2026-05-22T05:08:44.1704293Z   git switch -c <new-branch-name>
2026-05-22T05:08:44.1704697Z 
2026-05-22T05:08:44.1704940Z Or undo this operation with:
2026-05-22T05:08:44.1705287Z 
2026-05-22T05:08:44.1705530Z   git switch -
2026-05-22T05:08:44.1705921Z 
2026-05-22T05:08:44.1706286Z Turn off this advice by setting config variable advice.detachedHead to false
2026-05-22T05:08:44.1706651Z 
2026-05-22T05:08:44.1707083Z HEAD is now at 7b58d1a Merge 0496bfb989bdd2bb8a5c3e470ce8d3d853a570e0 into dc8d9429fc6cdae5fb0b437eb46e46faff5884de
2026-05-22T05:08:44.1711181Z ##[endgroup]
2026-05-22T05:08:44.1745025Z [command]/usr/bin/git log -1 --format=%H
2026-05-22T05:08:44.1764938Z 7b58d1adb18e49651f918d18cad8a163e26b140f
2026-05-22T05:08:44.1968905Z Prepare all required actions
2026-05-22T05:08:44.1969211Z Getting action download info
2026-05-22T05:08:44.3641103Z Download action repository 'actions/setup-node@v4' (SHA:49933ea5288caeca8642d1e84afbd3f7d6820020)
2026-05-22T05:08:44.5618863Z ##[group]Run ./.github/actions/setup-node-web
2026-05-22T05:08:44.5619040Z ##[endgroup]
2026-05-22T05:08:44.5699268Z ##[group]Run actions/setup-node@v4
2026-05-22T05:08:44.5699454Z with:
2026-05-22T05:08:44.5699569Z   node-version: 22
2026-05-22T05:08:44.5699672Z   cache: npm
2026-05-22T05:08:44.5699787Z   cache-dependency-path: web/package-lock.json
2026-05-22T05:08:44.5699932Z   always-auth: false
2026-05-22T05:08:44.5700033Z   check-latest: false
2026-05-22T05:08:44.5700222Z   token: ***
2026-05-22T05:08:44.5700318Z ##[endgroup]
2026-05-22T05:08:44.6830563Z Found in cache @ /opt/hostedtoolcache/node/22.22.2/x64
2026-05-22T05:08:44.6834930Z ##[group]Environment details
2026-05-22T05:08:45.2031737Z node: v22.22.2
2026-05-22T05:08:45.2032551Z npm: 10.9.7
2026-05-22T05:08:45.2032875Z yarn: 1.22.22
2026-05-22T05:08:45.2033511Z ##[endgroup]
2026-05-22T05:08:45.2045913Z [command]/opt/hostedtoolcache/node/22.22.2/x64/bin/npm config get cache
2026-05-22T05:08:45.2812558Z /home/runner/.npm
2026-05-22T05:08:45.5464304Z npm cache is not found
2026-05-22T05:08:45.5584469Z ##[group]Run npm ci
2026-05-22T05:08:45.5585187Z [36;1mnpm ci[0m
2026-05-22T05:08:45.5623899Z shell: /usr/bin/bash --noprofile --norc -e -o pipefail {0}
2026-05-22T05:08:45.5624181Z ##[endgroup]
2026-05-22T05:08:53.4937622Z 
2026-05-22T05:08:53.4947787Z added 436 packages, and audited 437 packages in 8s
2026-05-22T05:08:53.4964860Z 
2026-05-22T05:08:53.4973673Z 94 packages are looking for funding
2026-05-22T05:08:53.4974147Z   run `npm fund` for details
2026-05-22T05:08:53.4989272Z 
2026-05-22T05:08:53.4989817Z 4 vulnerabilities (3 moderate, 1 critical)
2026-05-22T05:08:53.4990299Z 
2026-05-22T05:08:53.4990607Z To address all issues, run:
2026-05-22T05:08:53.4990972Z   npm audit fix
2026-05-22T05:08:53.4991248Z 
2026-05-22T05:08:53.4991485Z Run `npm audit` for details.
2026-05-22T05:08:53.5469296Z ##[group]Run npm run build
2026-05-22T05:08:53.5469468Z [36;1mnpm run build[0m
2026-05-22T05:08:53.5501278Z shell: /usr/bin/bash -e {0}
2026-05-22T05:08:53.5501424Z ##[endgroup]
2026-05-22T05:08:53.6166887Z 
2026-05-22T05:08:53.6167680Z > web@2.0.0 build
2026-05-22T05:08:53.6168246Z > tsc -b && vite build
2026-05-22T05:08:53.6169228Z 
2026-05-22T05:09:05.2511100Z ##[error]src/utils/__tests__/burnoutScorer.test.ts(11,40): error TS2352: Conversion of type '{ id: string; mood: number; energy: number; timestamp: string; user_id: string; date: string; notes: string; }[]' to type 'MoodEnergyLog[]' may be a mistake because neither type sufficiently overlaps with the other. If this was intentional, convert the expression to 'unknown' first.
2026-05-22T05:09:05.2521540Z   Object literal may only specify known properties, and 'timestamp' does not exist in type 'MoodEnergyLog'.
2026-05-22T05:09:05.2523053Z ##[error]src/utils/__tests__/notifications.test.ts(14,18): error TS2339: Property 'requestPermission' does not exist on type 'Mock<Procedure>'.
2026-05-22T05:09:05.2606911Z ##[error]src/utils/__tests__/notifications.test.ts(25,22): error TS2339: Property 'requestPermission' does not exist on type 'Mock<Procedure>'.
2026-05-22T05:09:05.2608557Z ##[error]src/utils/__tests__/notifications.test.ts(26,22): error TS2339: Property 'permission' does not exist on type 'Mock<Procedure>'.
2026-05-22T05:09:05.2609991Z ##[error]src/utils/__tests__/notifications.test.ts(60,24): error TS2339: Property 'permission' does not exist on type 'Mock<Procedure>'.
2026-05-22T05:09:05.2611316Z ##[error]src/utils/__tests__/notifications.test.ts(66,24): error TS2339: Property 'permission' does not exist on type 'Mock<Procedure>'.
2026-05-22T05:09:05.2612685Z ##[error]src/utils/__tests__/notifications.test.ts(72,24): error TS2339: Property 'permission' does not exist on type 'Mock<Procedure>'.
2026-05-22T05:09:05.2614133Z ##[error]src/utils/__tests__/notifications.test.ts(74,31): error TS2339: Property 'requestPermission' does not exist on type 'Mock<Procedure>'.
2026-05-22T05:09:05.2695679Z ##[error]src/utils/__tests__/notifications.test.ts(89,24): error TS2339: Property 'permission' does not exist on type 'Mock<Procedure>'.
2026-05-22T05:09:05.2697134Z ##[error]src/utils/__tests__/notifications.test.ts(104,24): error TS2339: Property 'permission' does not exist on type 'Mock<Procedure>'.
2026-05-22T05:09:05.2698523Z ##[error]src/utils/__tests__/notifications.test.ts(109,24): error TS2339: Property 'permission' does not exist on type 'Mock<Procedure>'.
2026-05-22T05:09:05.2700139Z ##[error]src/utils/__tests__/notifications.test.ts(122,24): error TS2339: Property 'permission' does not exist on type 'Mock<Procedure>'.
2026-05-22T05:09:05.2701596Z ##[error]src/utils/__tests__/notifications.test.ts(137,24): error TS2339: Property 'permission' does not exist on type 'Mock<Procedure>'.
2026-05-22T05:09:05.2703101Z ##[error]src/utils/__tests__/notifications.test.ts(149,24): error TS2339: Property 'permission' does not exist on type 'Mock<Procedure>'.
2026-05-22T05:09:05.2705595Z ##[error]src/utils/__tests__/notifications.test.ts(163,24): error TS2339: Property 'permission' does not exist on type 'Mock<Procedure>'.
2026-05-22T05:09:06.0320897Z ##[error]Process completed with exit code 2.
2026-05-22T05:09:06.0375017Z Post job cleanup.
2026-05-22T05:09:06.0415175Z Post job cleanup.
2026-05-22T05:09:06.1048753Z [command]/usr/bin/git version
2026-05-22T05:09:06.1081349Z git version 2.54.0
2026-05-22T05:09:06.1110786Z Temporarily overriding HOME='/home/runner/work/_temp/94bc4827-883f-4661-b352-c8303628a877' before making global git config changes
2026-05-22T05:09:06.1111697Z Adding repository directory to the temporary git global config as a safe directory
2026-05-22T05:09:06.1113202Z [command]/usr/bin/git config --global --add safe.directory /home/runner/work/prismTask/prismTask
2026-05-22T05:09:06.1142864Z Removing SSH command configuration
2026-05-22T05:09:06.1148524Z [command]/usr/bin/git config --local --name-only --get-regexp core\.sshCommand
2026-05-22T05:09:06.1179208Z [command]/usr/bin/git submodule foreach --recursive sh -c "git config --local --name-only --get-regexp 'core\.sshCommand' && git config --local --unset-all 'core.sshCommand' || :"
2026-05-22T05:09:06.1395062Z Removing HTTP extra header
2026-05-22T05:09:06.1400303Z [command]/usr/bin/git config --local --name-only --get-regexp http\.https\:\/\/github\.com\/\.extraheader
2026-05-22T05:09:06.1447415Z [command]/usr/bin/git submodule foreach --recursive sh -c "git config --local --name-only --get-regexp 'http\.https\:\/\/github\.com\/\.extraheader' && git config --local --unset-all 'http.https://github.com/.extraheader' || :"
2026-05-22T05:09:06.1655253Z Removing includeIf entries pointing to credentials config files
2026-05-22T05:09:06.1661831Z [command]/usr/bin/git config --local --name-only --get-regexp ^includeIf\.gitdir:
2026-05-22T05:09:06.1688990Z includeif.gitdir:/home/runner/work/prismTask/prismTask/.git.path
2026-05-22T05:09:06.1689755Z includeif.gitdir:/home/runner/work/prismTask/prismTask/.git/worktrees/*.path
2026-05-22T05:09:06.1690416Z includeif.gitdir:/github/workspace/.git.path
2026-05-22T05:09:06.1690898Z includeif.gitdir:/github/workspace/.git/worktrees/*.path
2026-05-22T05:09:06.1697857Z [command]/usr/bin/git config --local --get-all includeif.gitdir:/home/runner/work/prismTask/prismTask/.git.path
2026-05-22T05:09:06.1719734Z /home/runner/work/_temp/git-credentials-cd952ad7-ae6d-425d-9a16-fc3d81377a25.config
2026-05-22T05:09:06.1729263Z [command]/usr/bin/git config --local --unset includeif.gitdir:/home/runner/work/prismTask/prismTask/.git.path /home/runner/work/_temp/git-credentials-cd952ad7-ae6d-425d-9a16-fc3d81377a25.config
2026-05-22T05:09:06.1860105Z [command]/usr/bin/git config --local --get-all includeif.gitdir:/home/runner/work/prismTask/prismTask/.git/worktrees/*.path
2026-05-22T05:09:06.1888246Z /home/runner/work/_temp/git-credentials-cd952ad7-ae6d-425d-9a16-fc3d81377a25.config
2026-05-22T05:09:06.1899585Z [command]/usr/bin/git config --local --unset includeif.gitdir:/home/runner/work/prismTask/prismTask/.git/worktrees/*.path /home/runner/work/_temp/git-credentials-cd952ad7-ae6d-425d-9a16-fc3d81377a25.config
2026-05-22T05:09:06.2168993Z [command]/usr/bin/git config --local --get-all includeif.gitdir:/github/workspace/.git.path
2026-05-22T05:09:06.2195059Z /github/runner_temp/git-credentials-cd952ad7-ae6d-425d-9a16-fc3d81377a25.config
2026-05-22T05:09:06.2203086Z [command]/usr/bin/git config --local --unset includeif.gitdir:/github/workspace/.git.path /github/runner_temp/git-credentials-cd952ad7-ae6d-425d-9a16-fc3d81377a25.config
2026-05-22T05:09:06.2382951Z [command]/usr/bin/git config --local --get-all includeif.gitdir:/github/workspace/.git/worktrees/*.path
2026-05-22T05:09:06.2425437Z /github/runner_temp/git-credentials-cd952ad7-ae6d-425d-9a16-fc3d81377a25.config
2026-05-22T05:09:06.2466540Z [command]/usr/bin/git config --local --unset includeif.gitdir:/github/workspace/.git/worktrees/*.path /github/runner_temp/git-credentials-cd952ad7-ae6d-425d-9a16-fc3d81377a25.config
2026-05-22T05:09:06.2502326Z [command]/usr/bin/git submodule foreach --recursive git config --local --show-origin --name-only --get-regexp remote.origin.url
2026-05-22T05:09:06.2806043Z Removing credentials config '/home/runner/work/_temp/git-credentials-cd952ad7-ae6d-425d-9a16-fc3d81377a25.config'
2026-05-22T05:09:06.2979268Z Cleaning up orphan processes
2026-05-22T05:09:06.3170718Z ##[warning]Node.js 20 actions are deprecated. The following actions are running on Node.js 20 and may not work as expected: actions/setup-node@v4. Actions will be forced to run with Node.js 24 by default starting June 2nd, 2026. Node.js 20 will be removed from the runner on September 16th, 2026. Please check if updated versions of these actions are available that support Node.js 24. To opt into Node.js 24 now, set the FORCE_JAVASCRIPT_ACTIONS_TO_NODE24=true environment variable on the runner or in your workflow file. Once Node.js 24 becomes the default, you can temporarily opt out by setting ACTIONS_ALLOW_USE_UNSECURE_NODE_VERSION=true. For more information see: https://github.blog/changelog/2025-09-19-deprecation-of-node-20-on-github-actions-runners/


--- Job: web-lint-and-test (id 77320270114) ---
2026-05-22T05:12:15.6438216Z Current runner version: '2.334.0'
2026-05-22T05:12:15.6475619Z ##[group]Runner Image Provisioner
2026-05-22T05:12:15.6477003Z Hosted Compute Agent
2026-05-22T05:12:15.6477907Z Version: 20260213.493
2026-05-22T05:12:15.6479151Z Commit: 5c115507f6dd24b8de37d8bbe0bb4509d0cc0fa3
2026-05-22T05:12:15.6480728Z Build Date: 2026-02-13T00:28:41Z
2026-05-22T05:12:15.6481895Z Worker ID: {5968e9fd-55f1-4477-85dd-30d955483311}
2026-05-22T05:12:15.6483047Z Azure Region: westus
2026-05-22T05:12:15.6484054Z ##[endgroup]
2026-05-22T05:12:15.6486472Z ##[group]Operating System
2026-05-22T05:12:15.6487450Z Ubuntu
2026-05-22T05:12:15.6488665Z 24.04.4
2026-05-22T05:12:15.6489456Z LTS
2026-05-22T05:12:15.6490311Z ##[endgroup]
2026-05-22T05:12:15.6492246Z ##[group]Runner Image
2026-05-22T05:12:15.6493271Z Image: ubuntu-24.04
2026-05-22T05:12:15.6494120Z Version: 20260518.149.1
2026-05-22T05:12:15.6496379Z Included Software: https://github.com/actions/runner-images/blob/ubuntu24/20260518.149/images/ubuntu/Ubuntu2404-Readme.md
2026-05-22T05:12:15.6499022Z Image Release: https://github.com/actions/runner-images/releases/tag/ubuntu24%2F20260518.149
2026-05-22T05:12:15.6501048Z ##[endgroup]
2026-05-22T05:12:15.6503304Z ##[group]GITHUB_TOKEN Permissions
2026-05-22T05:12:15.6506102Z Actions: read
2026-05-22T05:12:15.6506925Z Checks: read
2026-05-22T05:12:15.6507728Z Contents: write
2026-05-22T05:12:15.6508554Z Metadata: read
2026-05-22T05:12:15.6509587Z PullRequests: read
2026-05-22T05:12:15.6510828Z ##[endgroup]
2026-05-22T05:12:15.6514099Z Secret source: Actions
2026-05-22T05:12:15.6515297Z Prepare workflow directory
2026-05-22T05:12:15.7192615Z Prepare all required actions
2026-05-22T05:12:15.7343386Z Complete job name: web-lint-and-test
2026-05-22T05:12:15.9171999Z ##[group]Run if [ 'failure' != 'success' ]; then
2026-05-22T05:12:15.9173449Z [36;1mif [ 'failure' != 'success' ]; then[0m
2026-05-22T05:12:15.9174889Z [36;1m  echo "web-lint finished with failure" >&2[0m
2026-05-22T05:12:15.9176136Z [36;1m  exit 1[0m
2026-05-22T05:12:15.9177111Z [36;1mfi[0m
2026-05-22T05:12:15.9177955Z [36;1mif [ 'success' != 'success' ]; then[0m
2026-05-22T05:12:15.9179279Z [36;1m  echo "web-unit-tests finished with success" >&2[0m
2026-05-22T05:12:15.9180414Z [36;1m  exit 1[0m
2026-05-22T05:12:15.9201736Z [36;1mfi[0m
2026-05-22T05:12:15.9202749Z [36;1mif [ 'failure' != 'success' ]; then[0m
2026-05-22T05:12:15.9203918Z [36;1m  echo "web-build finished with failure" >&2[0m
2026-05-22T05:12:15.9204949Z [36;1m  exit 1[0m
2026-05-22T05:12:15.9205811Z [36;1mfi[0m
2026-05-22T05:12:15.9206841Z [36;1mecho "✓ Split web lint, unit-test shards, and build passed."[0m
2026-05-22T05:12:16.0093103Z shell: /usr/bin/bash -e {0}
2026-05-22T05:12:16.0095117Z ##[endgroup]
2026-05-22T05:12:16.2073141Z web-lint finished with failure
2026-05-22T05:12:16.2102894Z ##[error]Process completed with exit code 1.
2026-05-22T05:12:16.2262394Z Cleaning up orphan processes
