=== CI FAILURE ===
Workflow:      Web CI
Workflow file: averycorp/prismTask/.github/workflows/web-ci.yml@refs/pull/1631/merge
Job(s):        web-unit-tests (3, 3), web-lint-and-test
Run ID:        26016483702
Run attempt:   1
Run URL:       https://github.com/averycorp/prismTask/actions/runs/26016483702
Commit:        7b23f43cdaf959e080c2bb28264cd58bc17fcc76
Branch:        1631/merge
Event:         pull_request
Actor:         dependabot[bot]
Runner OS:     Linux
Timestamp:     2026-05-18T06:08:22.488Z

Failed steps:
  - web-unit-tests (3, 3): #5 Run Vitest shard 3/3
  - web-lint-and-test: #2 Verify split web checks

=== FAILED JOB LOG ===

--- Job: web-unit-tests (3, 3) (id 76467555901) ---
2026-05-18T06:05:41.1615869Z Current runner version: '2.334.0'
2026-05-18T06:05:41.1639553Z ##[group]Runner Image Provisioner
2026-05-18T06:05:41.1640351Z Hosted Compute Agent
2026-05-18T06:05:41.1640979Z Version: 20260213.493
2026-05-18T06:05:41.1641601Z Commit: 5c115507f6dd24b8de37d8bbe0bb4509d0cc0fa3
2026-05-18T06:05:41.1642681Z Build Date: 2026-02-13T00:28:41Z
2026-05-18T06:05:41.1643474Z Worker ID: {cbcbaa75-455e-42e8-bce0-2df2cf80ea63}
2026-05-18T06:05:41.1644151Z Azure Region: westcentralus
2026-05-18T06:05:41.1644747Z ##[endgroup]
2026-05-18T06:05:41.1646110Z ##[group]Operating System
2026-05-18T06:05:41.1646737Z Ubuntu
2026-05-18T06:05:41.1647266Z 24.04.4
2026-05-18T06:05:41.1647739Z LTS
2026-05-18T06:05:41.1648243Z ##[endgroup]
2026-05-18T06:05:41.1648711Z ##[group]Runner Image
2026-05-18T06:05:41.1649288Z Image: ubuntu-24.04
2026-05-18T06:05:41.1649795Z Version: 20260513.135.3
2026-05-18T06:05:41.1651041Z Included Software: https://github.com/actions/runner-images/blob/ubuntu24/20260513.135/images/ubuntu/Ubuntu2404-Readme.md
2026-05-18T06:05:41.1652870Z Image Release: https://github.com/actions/runner-images/releases/tag/ubuntu24%2F20260513.135
2026-05-18T06:05:41.1653873Z ##[endgroup]
2026-05-18T06:05:41.1655033Z ##[group]GITHUB_TOKEN Permissions
2026-05-18T06:05:41.1656909Z Actions: read
2026-05-18T06:05:41.1657439Z Checks: read
2026-05-18T06:05:41.1658055Z Contents: write
2026-05-18T06:05:41.1658533Z Metadata: read
2026-05-18T06:05:41.1659025Z ##[endgroup]
2026-05-18T06:05:41.1661410Z Secret source: Dependabot
2026-05-18T06:05:41.1662407Z Prepare workflow directory
2026-05-18T06:05:41.2065312Z Prepare all required actions
2026-05-18T06:05:41.2102027Z Getting action download info
2026-05-18T06:05:41.6243976Z Download action repository 'actions/checkout@v6' (SHA:de0fac2e4500dabe0009e67214ff5f5447ce83dd)
2026-05-18T06:05:41.8448168Z Complete job name: web-unit-tests (3, 3)
2026-05-18T06:05:41.9121926Z ##[group]Run actions/checkout@v6
2026-05-18T06:05:41.9122929Z with:
2026-05-18T06:05:41.9123325Z   repository: averycorp/prismTask
2026-05-18T06:05:41.9124023Z   token: ***
2026-05-18T06:05:41.9124411Z   ssh-strict: true
2026-05-18T06:05:41.9124804Z   ssh-user: git
2026-05-18T06:05:41.9125204Z   persist-credentials: true
2026-05-18T06:05:41.9125632Z   clean: true
2026-05-18T06:05:41.9126032Z   sparse-checkout-cone-mode: true
2026-05-18T06:05:41.9126495Z   fetch-depth: 1
2026-05-18T06:05:41.9126867Z   fetch-tags: false
2026-05-18T06:05:41.9127249Z   show-progress: true
2026-05-18T06:05:41.9127648Z   lfs: false
2026-05-18T06:05:41.9128006Z   submodules: false
2026-05-18T06:05:41.9128505Z   set-safe-directory: true
2026-05-18T06:05:41.9129140Z ##[endgroup]
2026-05-18T06:05:42.0098038Z Syncing repository: averycorp/prismTask
2026-05-18T06:05:42.0099892Z ##[group]Getting Git version info
2026-05-18T06:05:42.0100580Z Working directory is '/home/runner/work/prismTask/prismTask'
2026-05-18T06:05:42.0101662Z [command]/usr/bin/git version
2026-05-18T06:05:42.0140926Z git version 2.54.0
2026-05-18T06:05:42.0193733Z ##[endgroup]
2026-05-18T06:05:42.0207304Z Temporarily overriding HOME='/home/runner/work/_temp/b936d8ab-38b4-4f2e-b54d-1152937fef77' before making global git config changes
2026-05-18T06:05:42.0208633Z Adding repository directory to the temporary git global config as a safe directory
2026-05-18T06:05:42.0212600Z [command]/usr/bin/git config --global --add safe.directory /home/runner/work/prismTask/prismTask
2026-05-18T06:05:42.0253074Z Deleting the contents of '/home/runner/work/prismTask/prismTask'
2026-05-18T06:05:42.0257130Z ##[group]Initializing the repository
2026-05-18T06:05:42.0261711Z [command]/usr/bin/git init /home/runner/work/prismTask/prismTask
2026-05-18T06:05:42.0331051Z hint: Using 'master' as the name for the initial branch. This default branch name
2026-05-18T06:05:42.0332662Z hint: will change to "main" in Git 3.0. To configure the initial branch name
2026-05-18T06:05:42.0334033Z hint: to use in all of your new repositories, which will suppress this warning,
2026-05-18T06:05:42.0334764Z hint: call:
2026-05-18T06:05:42.0335679Z hint:
2026-05-18T06:05:42.0336389Z hint: 	git config --global init.defaultBranch <name>
2026-05-18T06:05:42.0337282Z hint:
2026-05-18T06:05:42.0338123Z hint: Names commonly chosen instead of 'master' are 'main', 'trunk' and
2026-05-18T06:05:42.0339488Z hint: 'development'. The just-created branch can be renamed via this command:
2026-05-18T06:05:42.0340587Z hint:
2026-05-18T06:05:42.0341164Z hint: 	git branch -m <name>
2026-05-18T06:05:42.0341828Z hint:
2026-05-18T06:05:42.0342938Z hint: Disable this message with "git config set advice.defaultBranchName false"
2026-05-18T06:05:42.0344462Z Initialized empty Git repository in /home/runner/work/prismTask/prismTask/.git/
2026-05-18T06:05:42.0346904Z [command]/usr/bin/git remote add origin https://github.com/averycorp/prismTask
2026-05-18T06:05:42.0384036Z ##[endgroup]
2026-05-18T06:05:42.0385137Z ##[group]Disabling automatic garbage collection
2026-05-18T06:05:42.0388541Z [command]/usr/bin/git config --local gc.auto 0
2026-05-18T06:05:42.0417323Z ##[endgroup]
2026-05-18T06:05:42.0418341Z ##[group]Setting up auth
2026-05-18T06:05:42.0419109Z Removing SSH command configuration
2026-05-18T06:05:42.0425333Z [command]/usr/bin/git config --local --name-only --get-regexp core\.sshCommand
2026-05-18T06:05:42.0459608Z [command]/usr/bin/git submodule foreach --recursive sh -c "git config --local --name-only --get-regexp 'core\.sshCommand' && git config --local --unset-all 'core.sshCommand' || :"
2026-05-18T06:05:42.0754679Z Removing HTTP extra header
2026-05-18T06:05:42.0760294Z [command]/usr/bin/git config --local --name-only --get-regexp http\.https\:\/\/github\.com\/\.extraheader
2026-05-18T06:05:42.0792562Z [command]/usr/bin/git submodule foreach --recursive sh -c "git config --local --name-only --get-regexp 'http\.https\:\/\/github\.com\/\.extraheader' && git config --local --unset-all 'http.https://github.com/.extraheader' || :"
2026-05-18T06:05:42.1016327Z Removing includeIf entries pointing to credentials config files
2026-05-18T06:05:42.1022481Z [command]/usr/bin/git config --local --name-only --get-regexp ^includeIf\.gitdir:
2026-05-18T06:05:42.1055116Z [command]/usr/bin/git submodule foreach --recursive git config --local --show-origin --name-only --get-regexp remote.origin.url
2026-05-18T06:05:42.1286684Z [command]/usr/bin/git config --file /home/runner/work/_temp/git-credentials-d64bb07e-a9a8-4170-a6f7-1d4e6e2a9066.config http.https://github.com/.extraheader AUTHORIZATION: basic ***
2026-05-18T06:05:42.1324090Z [command]/usr/bin/git config --local includeIf.gitdir:/home/runner/work/prismTask/prismTask/.git.path /home/runner/work/_temp/git-credentials-d64bb07e-a9a8-4170-a6f7-1d4e6e2a9066.config
2026-05-18T06:05:42.1356667Z [command]/usr/bin/git config --local includeIf.gitdir:/home/runner/work/prismTask/prismTask/.git/worktrees/*.path /home/runner/work/_temp/git-credentials-d64bb07e-a9a8-4170-a6f7-1d4e6e2a9066.config
2026-05-18T06:05:42.1394387Z [command]/usr/bin/git config --local includeIf.gitdir:/github/workspace/.git.path /github/runner_temp/git-credentials-d64bb07e-a9a8-4170-a6f7-1d4e6e2a9066.config
2026-05-18T06:05:42.1437854Z [command]/usr/bin/git config --local includeIf.gitdir:/github/workspace/.git/worktrees/*.path /github/runner_temp/git-credentials-d64bb07e-a9a8-4170-a6f7-1d4e6e2a9066.config
2026-05-18T06:05:42.1466923Z ##[endgroup]
2026-05-18T06:05:42.1467909Z ##[group]Fetching the repository
2026-05-18T06:05:42.1476890Z [command]/usr/bin/git -c protocol.version=2 fetch --no-tags --prune --no-recurse-submodules --depth=1 origin +7b23f43cdaf959e080c2bb28264cd58bc17fcc76:refs/remotes/pull/1631/merge
2026-05-18T06:05:44.8574545Z From https://github.com/averycorp/prismTask
2026-05-18T06:05:44.8577168Z  * [new ref]         7b23f43cdaf959e080c2bb28264cd58bc17fcc76 -> pull/1631/merge
2026-05-18T06:05:44.8606076Z ##[endgroup]
2026-05-18T06:05:44.8607505Z ##[group]Determining the checkout info
2026-05-18T06:05:44.8609133Z ##[endgroup]
2026-05-18T06:05:44.8612572Z [command]/usr/bin/git sparse-checkout disable
2026-05-18T06:05:44.8656343Z [command]/usr/bin/git config --local --unset-all extensions.worktreeConfig
2026-05-18T06:05:44.8685790Z ##[group]Checking out the ref
2026-05-18T06:05:44.8688785Z [command]/usr/bin/git checkout --progress --force refs/remotes/pull/1631/merge
2026-05-18T06:05:45.1818492Z Note: switching to 'refs/remotes/pull/1631/merge'.
2026-05-18T06:05:45.1819050Z 
2026-05-18T06:05:45.1819415Z You are in 'detached HEAD' state. You can look around, make experimental
2026-05-18T06:05:45.1820239Z changes and commit them, and you can discard any commits you make in this
2026-05-18T06:05:45.1821047Z state without impacting any branches by switching back to a branch.
2026-05-18T06:05:45.1821617Z 
2026-05-18T06:05:45.1821960Z If you want to create a new branch to retain commits you create, you may
2026-05-18T06:05:45.1822945Z do so (now or later) by using -c with the switch command. Example:
2026-05-18T06:05:45.1823433Z 
2026-05-18T06:05:45.1823618Z   git switch -c <new-branch-name>
2026-05-18T06:05:45.1823906Z 
2026-05-18T06:05:45.1824126Z Or undo this operation with:
2026-05-18T06:05:45.1824475Z 
2026-05-18T06:05:45.1824624Z   git switch -
2026-05-18T06:05:45.1824868Z 
2026-05-18T06:05:45.1825234Z Turn off this advice by setting config variable advice.detachedHead to false
2026-05-18T06:05:45.1825746Z 
2026-05-18T06:05:45.1826320Z HEAD is now at 7b23f43 Merge a1c9d82e3373f430b87f5e4a359ab3f23448a50e into 08c94048542478b2bb6f1079e00d09288c7f259f
2026-05-18T06:05:45.1845618Z ##[endgroup]
2026-05-18T06:05:45.1888545Z [command]/usr/bin/git log -1 --format=%H
2026-05-18T06:05:45.1913440Z 7b23f43cdaf959e080c2bb28264cd58bc17fcc76
2026-05-18T06:05:45.2201568Z Prepare all required actions
2026-05-18T06:05:45.2202042Z Getting action download info
2026-05-18T06:05:45.3987477Z Download action repository 'actions/setup-node@v4' (SHA:49933ea5288caeca8642d1e84afbd3f7d6820020)
2026-05-18T06:05:45.5005359Z ##[group]Run ./.github/actions/setup-node-web
2026-05-18T06:05:45.5005701Z ##[endgroup]
2026-05-18T06:05:45.5135977Z ##[group]Run actions/setup-node@v4
2026-05-18T06:05:45.5136359Z with:
2026-05-18T06:05:45.5136605Z   node-version: 22
2026-05-18T06:05:45.5136846Z   cache: npm
2026-05-18T06:05:45.5137111Z   cache-dependency-path: web/package-lock.json
2026-05-18T06:05:45.5137439Z   always-auth: false
2026-05-18T06:05:45.5137674Z   check-latest: false
2026-05-18T06:05:45.5138066Z   token: ***
2026-05-18T06:05:45.5138291Z ##[endgroup]
2026-05-18T06:05:45.6966960Z Found in cache @ /opt/hostedtoolcache/node/22.22.2/x64
2026-05-18T06:05:45.6972813Z ##[group]Environment details
2026-05-18T06:05:48.4893123Z node: v22.22.2
2026-05-18T06:05:48.4893877Z npm: 10.9.7
2026-05-18T06:05:48.4894170Z yarn: 1.22.22
2026-05-18T06:05:48.4895267Z ##[endgroup]
2026-05-18T06:05:48.4915805Z [command]/opt/hostedtoolcache/node/22.22.2/x64/bin/npm config get cache
2026-05-18T06:05:48.7733756Z /home/runner/.npm
2026-05-18T06:05:49.0210664Z Cache hit for: node-cache-Linux-x64-npm-6d7348e241a63e8ba7ab7448934b8f19d98d737526fabe05c13f8e50e60ebdfe
2026-05-18T06:05:50.2503723Z Received 37748736 of 95198034 (39.7%), 36.0 MBs/sec
2026-05-18T06:05:50.6460735Z Received 95198034 of 95198034 (100.0%), 65.1 MBs/sec
2026-05-18T06:05:50.6461678Z Cache Size: ~91 MB (95198034 B)
2026-05-18T06:05:50.6600422Z [command]/usr/bin/tar -xf /home/runner/work/_temp/b86f0f49-5071-48da-a223-9128f1d394e2/cache.tzst -P -C /home/runner/work/prismTask/prismTask --use-compress-program unzstd
2026-05-18T06:05:50.8468634Z Cache restored successfully
2026-05-18T06:05:50.8521556Z Cache restored from key: node-cache-Linux-x64-npm-6d7348e241a63e8ba7ab7448934b8f19d98d737526fabe05c13f8e50e60ebdfe
2026-05-18T06:05:50.8698692Z ##[group]Run npm ci
2026-05-18T06:05:50.8699009Z [36;1mnpm ci[0m
2026-05-18T06:05:50.8793547Z shell: /usr/bin/bash --noprofile --norc -e -o pipefail {0}
2026-05-18T06:05:50.8793916Z ##[endgroup]
2026-05-18T06:05:59.9973075Z 
2026-05-18T06:05:59.9980464Z added 435 packages, and audited 436 packages in 9s
2026-05-18T06:05:59.9980819Z 
2026-05-18T06:05:59.9981002Z 94 packages are looking for funding
2026-05-18T06:05:59.9981330Z   run `npm fund` for details
2026-05-18T06:06:00.0062784Z 
2026-05-18T06:06:00.0063199Z 3 vulnerabilities (2 moderate, 1 critical)
2026-05-18T06:06:00.0063560Z 
2026-05-18T06:06:00.0063781Z To address all issues, run:
2026-05-18T06:06:00.0064174Z   npm audit fix
2026-05-18T06:06:00.0064363Z 
2026-05-18T06:06:00.0064553Z Run `npm audit` for details.
2026-05-18T06:06:00.1036425Z ##[group]Run npm run test:run -- --shard=3/3
2026-05-18T06:06:00.1036819Z [36;1mnpm run test:run -- --shard=3/3[0m
2026-05-18T06:06:00.1073006Z shell: /usr/bin/bash -e {0}
2026-05-18T06:06:00.1073266Z ##[endgroup]
2026-05-18T06:06:00.2087591Z 
2026-05-18T06:06:00.2088293Z > web@2.0.0 test:run
2026-05-18T06:06:00.2088877Z > vitest run --pool=threads --shard=3/3
2026-05-18T06:06:00.2089258Z 
2026-05-18T06:06:00.5423165Z 
2026-05-18T06:06:00.5426722Z [1m[30m[46m RUN [49m[39m[22m [36mv4.1.5 [39m[90m/home/runner/work/prismTask/prismTask/web[39m
2026-05-18T06:06:00.5427458Z 
2026-05-18T06:06:02.1089220Z  [32m✓[39m src/utils/__tests__/nlp.test.ts [2m([22m[2m67 tests[22m[2m)[22m[32m 40[2mms[22m[39m
2026-05-18T06:06:02.1724972Z  [32m✓[39m src/stores/__tests__/configFamilyStores.test.ts [2m([22m[2m18 tests[22m[2m)[22m[32m 15[2mms[22m[39m
2026-05-18T06:06:03.3833714Z  [32m✓[39m src/utils/__tests__/projectBurndown.test.ts [2m([22m[2m10 tests[22m[2m)[22m[32m 10[2mms[22m[39m
2026-05-18T06:06:03.4334902Z  [32m✓[39m src/utils/__tests__/streaks.test.ts [2m([22m[2m36 tests[22m[2m)[22m[32m 83[2mms[22m[39m
2026-05-18T06:06:04.7552086Z  [32m✓[39m src/stores/__tests__/dashboardStore.test.ts [2m([22m[2m10 tests[22m[2m)[22m[32m 11[2mms[22m[39m
2026-05-18T06:06:04.7954402Z  [32m✓[39m src/utils/__tests__/recurrence.test.ts [2m([22m[2m42 tests[22m[2m)[22m[32m 35[2mms[22m[39m
2026-05-18T06:06:05.4315973Z  [32m✓[39m src/features/today/__tests__/RestDayBanner.test.tsx [2m([22m[2m7 tests[22m[2m)[22m[33m 520[2mms[22m[39m
2026-05-18T06:06:06.0180418Z  [32m✓[39m src/lib/firestore/__tests__/safeMergeDoc.test.ts [2m([22m[2m9 tests[22m[2m)[22m[32m 12[2mms[22m[39m
2026-05-18T06:06:06.0853274Z  [32m✓[39m src/utils/__tests__/builtInHabitReconciler.test.ts [2m([22m[2m16 tests[22m[2m)[22m[32m 14[2mms[22m[39m
2026-05-18T06:06:06.6915974Z  [32m✓[39m src/lib/__tests__/builtInHabitReconciler.test.ts [2m([22m[2m13 tests[22m[2m)[22m[32m 27[2mms[22m[39m
2026-05-18T06:06:07.4011063Z  [32m✓[39m src/features/batch/__tests__/batchApplier.medication.test.ts [2m([22m[2m8 tests[22m[2m)[22m[32m 9[2mms[22m[39m
2026-05-18T06:06:07.9894753Z  [32m✓[39m src/api/__tests__/leisure.test.ts [2m([22m[2m13 tests[22m[2m)[22m[32m 15[2mms[22m[39m
2026-05-18T06:06:08.6246568Z  [32m✓[39m src/api/firestore/__tests__/medicationSlots.test.ts [2m([22m[2m14 tests[22m[2m)[22m[32m 16[2mms[22m[39m
2026-05-18T06:06:08.9599630Z  [32m✓[39m src/stores/__tests__/habitStore.startOfDayHour.test.ts [2m([22m[2m3 tests[22m[2m)[22m[32m 7[2mms[22m[39m
2026-05-18T06:06:09.2124383Z  [32m✓[39m src/lib/__tests__/boundaryRuleParser.test.ts [2m([22m[2m22 tests[22m[2m)[22m[32m 16[2mms[22m[39m
2026-05-18T06:06:10.1977847Z  [32m✓[39m src/stores/__tests__/authStore.test.ts [2m([22m[2m5 tests[22m[2m)[22m[32m 10[2mms[22m[39m
2026-05-18T06:06:10.4941639Z  [32m✓[39m src/api/__tests__/aiFeatureGate.test.ts [2m([22m[2m16 tests[22m[2m)[22m[32m 25[2mms[22m[39m
2026-05-18T06:06:11.3308174Z  [32m✓[39m src/stores/__tests__/assignmentStore.test.ts [2m([22m[2m9 tests[22m[2m)[22m[32m 9[2mms[22m[39m
2026-05-18T06:06:11.7301481Z  [32m✓[39m src/utils/__tests__/urgency.test.ts [2m([22m[2m12 tests[22m[2m)[22m[32m 74[2mms[22m[39m
2026-05-18T06:06:12.0690968Z  [32m✓[39m src/components/__tests__/BuiltInUpdateBanner.test.tsx [2m([22m[2m10 tests[22m[2m)[22m[32m 290[2mms[22m[39m
2026-05-18T06:06:12.6655908Z  [32m✓[39m src/features/weeklyreview/__tests__/weeklyReviewContent.test.ts [2m([22m[2m14 tests[22m[2m)[22m[32m 19[2mms[22m[39m
2026-05-18T06:06:12.9824766Z  [32m✓[39m src/utils/__tests__/multiCreateDetector.test.ts [2m([22m[2m14 tests[22m[2m)[22m[32m 10[2mms[22m[39m
2026-05-18T06:06:13.3332443Z  [32m✓[39m src/hooks/__tests__/useNdFeatureGate.test.ts [2m([22m[2m18 tests[22m[2m)[22m[32m 6[2mms[22m[39m
2026-05-18T06:06:15.4509573Z  [32m✓[39m src/utils/__tests__/dates.test.ts [2m([22m[2m28 tests[22m[2m)[22m[32m 38[2mms[22m[39m
2026-05-18T06:06:15.4711069Z  [32m✓[39m src/utils/__tests__/streaks.advancedTuning.test.ts [2m([22m[2m3 tests[22m[2m)[22m[32m 22[2mms[22m[39m
2026-05-18T06:06:16.6674016Z  [32m✓[39m src/features/tasks/__tests__/selectUnmetBlockerIds.test.ts [2m([22m[2m10 tests[22m[2m)[22m[32m 9[2mms[22m[39m
2026-05-18T06:06:16.9455793Z  [32m✓[39m src/components/__tests__/HabitLogDialog.test.tsx [2m([22m[2m5 tests[22m[2m)[22m[33m 724[2mms[22m[39m
2026-05-18T06:06:18.0037359Z  [32m✓[39m src/api/firestore/__tests__/projectPhases.test.ts [2m([22m[2m5 tests[22m[2m)[22m[32m 9[2mms[22m[39m
2026-05-18T06:06:18.1265277Z  [32m✓[39m src/api/__tests__/aiChat.test.ts [2m([22m[2m6 tests[22m[2m)[22m[32m 10[2mms[22m[39m
2026-05-18T06:06:18.9390421Z  [32m✓[39m src/features/today/__tests__/HabitsSection.test.tsx [2m([22m[2m3 tests[22m[2m)[22m[32m 297[2mms[22m[39m
2026-05-18T06:06:19.3728072Z  [32m✓[39m src/api/firestore/__tests__/projectRisks.test.ts [2m([22m[2m7 tests[22m[2m)[22m[32m 7[2mms[22m[39m
2026-05-18T06:06:19.4069623Z  [32m✓[39m src/features/medication/__tests__/refillCalculator.test.ts [2m([22m[2m10 tests[22m[2m)[22m[32m 6[2mms[22m[39m
2026-05-18T06:06:20.3149373Z  [32m✓[39m src/api/firestore/__tests__/a11yPreferences.test.ts [2m([22m[2m7 tests[22m[2m)[22m[32m 12[2mms[22m[39m
2026-05-18T06:06:20.7504538Z  [32m✓[39m src/api/firestore/__tests__/medicationSlots.lww.test.ts [2m([22m[2m4 tests[22m[2m)[22m[32m 10[2mms[22m[39m
2026-05-18T06:06:20.8873784Z  [32m✓[39m src/features/today/__tests__/BurnoutBadgeSection.test.ts [2m([22m[2m4 tests[22m[2m)[22m[32m 6[2mms[22m[39m
2026-05-18T06:06:22.1580873Z  [32m✓[39m src/lib/idb/__tests__/database.test.ts [2m([22m[2m5 tests[22m[2m)[22m[32m 16[2mms[22m[39m
2026-05-18T06:06:22.6083410Z  [32m✓[39m src/components/__tests__/TaskConfirmModal.test.tsx [2m([22m[2m5 tests[22m[2m)[22m[33m 706[2mms[22m[39m
2026-05-18T06:06:22.6084892Z      [33m[2m✓[22m[39m saves the unmodified draft when the user taps Save [33m 310[2mms[22m[39m
2026-05-18T06:06:23.9211388Z  [32m✓[39m src/stores/__tests__/medicationSlotsStore.test.ts [2m([22m[2m4 tests[22m[2m)[22m[32m 8[2mms[22m[39m
2026-05-18T06:06:24.1130273Z  [32m✓[39m src/features/weeklyreview/__tests__/WeeklyReviewsListScreen.test.tsx [2m([22m[2m3 tests[22m[2m)[22m[32m 259[2mms[22m[39m
2026-05-18T06:06:24.9827067Z  [31m❯[39m src/components/__tests__/ContributionGrid.test.tsx [2m([22m[2m5 tests[22m[2m | [22m[31m2 failed[39m[2m)[22m[33m 301[2mms[22m[39m
2026-05-18T06:06:24.9863641Z      [32m✓[39m renders the configured title[32m 155[2mms[22m[39m
2026-05-18T06:06:24.9889454Z [31m     [31m×[31m renders 12 weeks of cells by default (7 rows × 12 columns)[39m[32m 46[2mms[22m[39m
2026-05-18T06:06:24.9891283Z      [32m✓[39m buckets recent completions into the grid by date[32m 48[2mms[22m[39m
2026-05-18T06:06:24.9892915Z      [32m✓[39m clamps cells with no completions to count = 0[32m 34[2mms[22m[39m
2026-05-18T06:06:24.9899058Z [31m     [31m×[31m respects a custom weeks count[39m[32m 14[2mms[22m[39m
2026-05-18T06:06:25.1928546Z  [32m✓[39m src/utils/__tests__/medicationBuiltInHabit.test.ts [2m([22m[2m6 tests[22m[2m)[22m[32m 7[2mms[22m[39m
2026-05-18T06:06:25.7400915Z  [32m✓[39m src/theme/__tests__/PrismThemeProvider.test.tsx [2m([22m[2m3 tests[22m[2m)[22m[32m 87[2mms[22m[39m
2026-05-18T06:06:26.4054099Z  [32m✓[39m src/stores/__tests__/medicationRefillsStore.test.ts [2m([22m[2m3 tests[22m[2m)[22m[32m 9[2mms[22m[39m
2026-05-18T06:06:27.0596753Z  [32m✓[39m src/api/__tests__/pomodoroCoaching.test.ts [2m([22m[2m3 tests[22m[2m)[22m[32m 8[2mms[22m[39m
2026-05-18T06:06:27.5390377Z  [32m✓[39m src/utils/__tests__/goodEnoughTimer.test.ts [2m([22m[2m7 tests[22m[2m)[22m[32m 5[2mms[22m[39m
2026-05-18T06:06:27.9010311Z  [32m✓[39m src/utils/__tests__/export.test.ts [2m([22m[2m8 tests[22m[2m)[22m[33m 1561[2mms[22m[39m
2026-05-18T06:06:27.9011431Z        [33m[2m✓[22m[39m can construct a valid export object [33m 1554[2mms[22m[39m
2026-05-18T06:06:27.9043096Z 
2026-05-18T06:06:27.9043871Z [31m⎯⎯⎯⎯⎯⎯⎯[39m[1m[41m Failed Tests 2 [49m[22m[31m⎯⎯⎯⎯⎯⎯⎯[39m
2026-05-18T06:06:27.9044312Z 
2026-05-18T06:06:27.9048332Z [41m[1m FAIL [22m[49m src/components/__tests__/ContributionGrid.test.tsx[2m > [22mContributionGrid[2m > [22mrenders 12 weeks of cells by default (7 rows × 12 columns)
2026-05-18T06:06:27.9053610Z [31m[1mAssertionError[22m: expected 78 to be greater than or equal to 79[39m
2026-05-18T06:06:27.9055081Z [36m [2m❯[22m src/components/__tests__/ContributionGrid.test.tsx:[2m36:26[22m[39m
2026-05-18T06:06:27.9085947Z     [90m 34|[39m     [90m// count is ≤ 84 and ≥ 79 (12 weeks − up to 5 future days).[39m
2026-05-18T06:06:27.9087526Z     [90m 35|[39m     [34mexpect[39m(cells[33m.[39mlength)[33m.[39m[34mtoBeLessThanOrEqual[39m([34m84[39m)[33m;[39m
2026-05-18T06:06:27.9089027Z     [90m 36|[39m     [34mexpect[39m(cells[33m.[39mlength)[33m.[39m[34mtoBeGreaterThanOrEqual[39m([34m79[39m)[33m;[39m
2026-05-18T06:06:27.9090020Z     [90m   |[39m                          [31m^[39m
2026-05-18T06:06:27.9090547Z     [90m 37|[39m   })[33m;[39m
2026-05-18T06:06:27.9090960Z     [90m 38|[39m
2026-05-18T06:06:27.9091158Z 
2026-05-18T06:06:27.9091546Z [31m[2m⎯⎯⎯⎯⎯⎯⎯⎯⎯⎯⎯⎯⎯⎯⎯⎯⎯⎯⎯⎯⎯⎯⎯⎯[1/2]⎯[22m[39m
2026-05-18T06:06:27.9091862Z 
2026-05-18T06:06:27.9093198Z [41m[1m FAIL [22m[49m src/components/__tests__/ContributionGrid.test.tsx[2m > [22mContributionGrid[2m > [22mrespects a custom weeks count
2026-05-18T06:06:27.9094661Z [31m[1mAssertionError[22m: expected 22 to be greater than or equal to 23[39m
2026-05-18T06:06:27.9095766Z [36m [2m❯[22m src/components/__tests__/ContributionGrid.test.tsx:[2m81:26[22m[39m
2026-05-18T06:06:27.9096808Z     [90m 79|[39m     // 4 weeks = at most 28 days, at least 23 (4 × 7 minus future spac…
2026-05-18T06:06:27.9097989Z     [90m 80|[39m     [34mexpect[39m(cells[33m.[39mlength)[33m.[39m[34mtoBeLessThanOrEqual[39m([34m28[39m)[33m;[39m
2026-05-18T06:06:27.9099402Z     [90m 81|[39m     [34mexpect[39m(cells[33m.[39mlength)[33m.[39m[34mtoBeGreaterThanOrEqual[39m([34m23[39m)[33m;[39m
2026-05-18T06:06:27.9100349Z     [90m   |[39m                          [31m^[39m
2026-05-18T06:06:27.9100872Z     [90m 82|[39m   })[33m;[39m
2026-05-18T06:06:27.9101325Z     [90m 83|[39m })[33m;[39m
2026-05-18T06:06:27.9101570Z 
2026-05-18T06:06:27.9101916Z [31m[2m⎯⎯⎯⎯⎯⎯⎯⎯⎯⎯⎯⎯⎯⎯⎯⎯⎯⎯⎯⎯⎯⎯⎯⎯[2/2]⎯[22m[39m
2026-05-18T06:06:27.9102425Z 
2026-05-18T06:06:27.9102453Z 
2026-05-18T06:06:27.9103112Z [2m Test Files [22m [1m[31m1 failed[39m[22m[2m | [22m[1m[32m45 passed[39m[22m[90m (46)[39m
2026-05-18T06:06:27.9105166Z [2m      Tests [22m [1m[31m2 failed[39m[22m[2m | [22m[1m[32m528 passed[39m[22m[90m (530)[39m
2026-05-18T06:06:27.9105993Z [2m   Start at [22m 06:06:00
2026-05-18T06:06:27.9107909Z [2m   Duration [22m 27.34s[2m (transform 1.26s, setup 5.31s, import 18.36s, tests 5.39s, environment 43.19s)[22m
2026-05-18T06:06:27.9110193Z 
2026-05-18T06:06:27.9123801Z 
2026-05-18T06:06:27.9143933Z ##[error]AssertionError: expected 78 to be greater than or equal to 79
 ❯ src/components/__tests__/ContributionGrid.test.tsx:36:26


2026-05-18T06:06:27.9151104Z 
2026-05-18T06:06:27.9153299Z ##[error]AssertionError: expected 22 to be greater than or equal to 23
 ❯ src/components/__tests__/ContributionGrid.test.tsx:81:26


2026-05-18T06:06:27.9619261Z ##[error]Process completed with exit code 1.
2026-05-18T06:06:27.9694145Z Post job cleanup.
2026-05-18T06:06:27.9773543Z Post job cleanup.
2026-05-18T06:06:28.0588841Z [command]/usr/bin/git version
2026-05-18T06:06:28.0656609Z git version 2.54.0
2026-05-18T06:06:28.0693596Z Temporarily overriding HOME='/home/runner/work/_temp/13d208b9-fbd0-4124-b98d-d675518aa21b' before making global git config changes
2026-05-18T06:06:28.0694608Z Adding repository directory to the temporary git global config as a safe directory
2026-05-18T06:06:28.0699101Z [command]/usr/bin/git config --global --add safe.directory /home/runner/work/prismTask/prismTask
2026-05-18T06:06:28.0729818Z Removing SSH command configuration
2026-05-18T06:06:28.0736675Z [command]/usr/bin/git config --local --name-only --get-regexp core\.sshCommand
2026-05-18T06:06:28.0770041Z [command]/usr/bin/git submodule foreach --recursive sh -c "git config --local --name-only --get-regexp 'core\.sshCommand' && git config --local --unset-all 'core.sshCommand' || :"
2026-05-18T06:06:28.1005910Z Removing HTTP extra header
2026-05-18T06:06:28.1010492Z [command]/usr/bin/git config --local --name-only --get-regexp http\.https\:\/\/github\.com\/\.extraheader
2026-05-18T06:06:28.1045468Z [command]/usr/bin/git submodule foreach --recursive sh -c "git config --local --name-only --get-regexp 'http\.https\:\/\/github\.com\/\.extraheader' && git config --local --unset-all 'http.https://github.com/.extraheader' || :"
2026-05-18T06:06:28.1285023Z Removing includeIf entries pointing to credentials config files
2026-05-18T06:06:28.1291977Z [command]/usr/bin/git config --local --name-only --get-regexp ^includeIf\.gitdir:
2026-05-18T06:06:28.1320703Z includeif.gitdir:/home/runner/work/prismTask/prismTask/.git.path
2026-05-18T06:06:28.1321880Z includeif.gitdir:/home/runner/work/prismTask/prismTask/.git/worktrees/*.path
2026-05-18T06:06:28.1323425Z includeif.gitdir:/github/workspace/.git.path
2026-05-18T06:06:28.1324414Z includeif.gitdir:/github/workspace/.git/worktrees/*.path
2026-05-18T06:06:28.1330160Z [command]/usr/bin/git config --local --get-all includeif.gitdir:/home/runner/work/prismTask/prismTask/.git.path
2026-05-18T06:06:28.1353854Z /home/runner/work/_temp/git-credentials-d64bb07e-a9a8-4170-a6f7-1d4e6e2a9066.config
2026-05-18T06:06:28.1365742Z [command]/usr/bin/git config --local --unset includeif.gitdir:/home/runner/work/prismTask/prismTask/.git.path /home/runner/work/_temp/git-credentials-d64bb07e-a9a8-4170-a6f7-1d4e6e2a9066.config
2026-05-18T06:06:28.1404929Z [command]/usr/bin/git config --local --get-all includeif.gitdir:/home/runner/work/prismTask/prismTask/.git/worktrees/*.path
2026-05-18T06:06:28.1428134Z /home/runner/work/_temp/git-credentials-d64bb07e-a9a8-4170-a6f7-1d4e6e2a9066.config
2026-05-18T06:06:28.1439100Z [command]/usr/bin/git config --local --unset includeif.gitdir:/home/runner/work/prismTask/prismTask/.git/worktrees/*.path /home/runner/work/_temp/git-credentials-d64bb07e-a9a8-4170-a6f7-1d4e6e2a9066.config
2026-05-18T06:06:28.1472721Z [command]/usr/bin/git config --local --get-all includeif.gitdir:/github/workspace/.git.path
2026-05-18T06:06:28.1496237Z /github/runner_temp/git-credentials-d64bb07e-a9a8-4170-a6f7-1d4e6e2a9066.config
2026-05-18T06:06:28.1503889Z [command]/usr/bin/git config --local --unset includeif.gitdir:/github/workspace/.git.path /github/runner_temp/git-credentials-d64bb07e-a9a8-4170-a6f7-1d4e6e2a9066.config
2026-05-18T06:06:28.1536885Z [command]/usr/bin/git config --local --get-all includeif.gitdir:/github/workspace/.git/worktrees/*.path
2026-05-18T06:06:28.1558672Z /github/runner_temp/git-credentials-d64bb07e-a9a8-4170-a6f7-1d4e6e2a9066.config
2026-05-18T06:06:28.1567833Z [command]/usr/bin/git config --local --unset includeif.gitdir:/github/workspace/.git/worktrees/*.path /github/runner_temp/git-credentials-d64bb07e-a9a8-4170-a6f7-1d4e6e2a9066.config
2026-05-18T06:06:28.1601233Z [command]/usr/bin/git submodule foreach --recursive git config --local --show-origin --name-only --get-regexp remote.origin.url
2026-05-18T06:06:28.1854948Z Removing credentials config '/home/runner/work/_temp/git-credentials-d64bb07e-a9a8-4170-a6f7-1d4e6e2a9066.config'
2026-05-18T06:06:28.2000610Z Cleaning up orphan processes
2026-05-18T06:06:28.2296949Z ##[warning]Node.js 20 actions are deprecated. The following actions are running on Node.js 20 and may not work as expected: actions/setup-node@v4. Actions will be forced to run with Node.js 24 by default starting June 2nd, 2026. Node.js 20 will be removed from the runner on September 16th, 2026. Please check if updated versions of these actions are available that support Node.js 24. To opt into Node.js 24 now, set the FORCE_JAVASCRIPT_ACTIONS_TO_NODE24=true environment variable on the runner or in your workflow file. Once Node.js 24 becomes the default, you can temporarily opt out by setting ACTIONS_ALLOW_USE_UNSECURE_NODE_VERSION=true. For more information see: https://github.blog/changelog/2025-09-19-deprecation-of-node-20-on-github-actions-runners/


--- Job: web-lint-and-test (id 76467723355) ---
2026-05-18T06:07:04.1782073Z Current runner version: '2.334.0'
2026-05-18T06:07:04.1817490Z ##[group]Runner Image Provisioner
2026-05-18T06:07:04.1818595Z Hosted Compute Agent
2026-05-18T06:07:04.1819467Z Version: 20260213.493
2026-05-18T06:07:04.1820331Z Commit: 5c115507f6dd24b8de37d8bbe0bb4509d0cc0fa3
2026-05-18T06:07:04.1821429Z Build Date: 2026-02-13T00:28:41Z
2026-05-18T06:07:04.1822408Z Worker ID: {5e112a47-bf07-44d1-a7bc-c11a87f953a6}
2026-05-18T06:07:04.1823530Z Azure Region: eastus
2026-05-18T06:07:04.1824289Z ##[endgroup]
2026-05-18T06:07:04.1826446Z ##[group]Operating System
2026-05-18T06:07:04.1827449Z Ubuntu
2026-05-18T06:07:04.1828094Z 24.04.4
2026-05-18T06:07:04.1828888Z LTS
2026-05-18T06:07:04.1829561Z ##[endgroup]
2026-05-18T06:07:04.1830306Z ##[group]Runner Image
2026-05-18T06:07:04.1831124Z Image: ubuntu-24.04
2026-05-18T06:07:04.1831923Z Version: 20260513.135.3
2026-05-18T06:07:04.1833732Z Included Software: https://github.com/actions/runner-images/blob/ubuntu24/20260513.135/images/ubuntu/Ubuntu2404-Readme.md
2026-05-18T06:07:04.1836390Z Image Release: https://github.com/actions/runner-images/releases/tag/ubuntu24%2F20260513.135
2026-05-18T06:07:04.1837828Z ##[endgroup]
2026-05-18T06:07:04.1839651Z ##[group]GITHUB_TOKEN Permissions
2026-05-18T06:07:04.1842209Z Actions: read
2026-05-18T06:07:04.1843167Z Checks: read
2026-05-18T06:07:04.1843851Z Contents: write
2026-05-18T06:07:04.1844614Z Metadata: read
2026-05-18T06:07:04.1845376Z ##[endgroup]
2026-05-18T06:07:04.1848512Z Secret source: Dependabot
2026-05-18T06:07:04.1849530Z Prepare workflow directory
2026-05-18T06:07:04.2297424Z Prepare all required actions
2026-05-18T06:07:04.2427549Z Complete job name: web-lint-and-test
2026-05-18T06:07:04.3550048Z ##[group]Run if [ 'success' != 'success' ]; then
2026-05-18T06:07:04.3551305Z [36;1mif [ 'success' != 'success' ]; then[0m
2026-05-18T06:07:04.3552403Z [36;1m  echo "web-lint finished with success" >&2[0m
2026-05-18T06:07:04.3553818Z [36;1m  exit 1[0m
2026-05-18T06:07:04.3554511Z [36;1mfi[0m
2026-05-18T06:07:04.3555302Z [36;1mif [ 'failure' != 'success' ]; then[0m
2026-05-18T06:07:04.3556796Z [36;1m  echo "web-unit-tests finished with failure" >&2[0m
2026-05-18T06:07:04.3557874Z [36;1m  exit 1[0m
2026-05-18T06:07:04.3558519Z [36;1mfi[0m
2026-05-18T06:07:04.3559469Z [36;1mif [ 'success' != 'success' ]; then[0m
2026-05-18T06:07:04.3560513Z [36;1m  echo "web-build finished with success" >&2[0m
2026-05-18T06:07:04.3561518Z [36;1m  exit 1[0m
2026-05-18T06:07:04.3562374Z [36;1mfi[0m
2026-05-18T06:07:04.3563343Z [36;1mecho "✓ Split web lint, unit-test shards, and build passed."[0m
2026-05-18T06:07:04.4349277Z shell: /usr/bin/bash -e {0}
2026-05-18T06:07:04.4350523Z ##[endgroup]
2026-05-18T06:07:04.4616675Z web-unit-tests finished with failure
2026-05-18T06:07:04.4632522Z ##[error]Process completed with exit code 1.
2026-05-18T06:07:04.4748157Z Cleaning up orphan processes
