=== CI FAILURE ===
Workflow:      Web CI
Workflow file: averycorp/prismTask/.github/workflows/web-ci.yml@refs/pull/1473/merge
Job(s):        web-lint, web-lint-and-test
Run ID:        25906344883
Run attempt:   1
Run URL:       https://github.com/averycorp/prismTask/actions/runs/25906344883
Commit:        b37bfebe7cbcfb6b94b80903dadc1ffd73713575
Branch:        1473/merge
Event:         pull_request
Actor:         akarlin3
Runner OS:     Linux
Timestamp:     2026-05-15T07:37:33.477Z

Failed steps:
  - web-lint: #5 Run ESLint
  - web-lint-and-test: #2 Verify split web checks

=== FAILED JOB LOG ===

--- Job: web-lint (id 76140925243) ---
2026-05-15T07:36:37.7513110Z Current runner version: '2.334.0'
2026-05-15T07:36:37.7539258Z ##[group]Runner Image Provisioner
2026-05-15T07:36:37.7540244Z Hosted Compute Agent
2026-05-15T07:36:37.7540803Z Version: 20260213.493
2026-05-15T07:36:37.7541398Z Commit: 5c115507f6dd24b8de37d8bbe0bb4509d0cc0fa3
2026-05-15T07:36:37.7542232Z Build Date: 2026-02-13T00:28:41Z
2026-05-15T07:36:37.7542898Z Worker ID: {9c0a31d3-5a49-48ff-baec-2cef9c49b85f}
2026-05-15T07:36:37.7543595Z Azure Region: eastus
2026-05-15T07:36:37.7544195Z ##[endgroup]
2026-05-15T07:36:37.7546517Z ##[group]Operating System
2026-05-15T07:36:37.7547143Z Ubuntu
2026-05-15T07:36:37.7547723Z 24.04.4
2026-05-15T07:36:37.7548259Z LTS
2026-05-15T07:36:37.7548696Z ##[endgroup]
2026-05-15T07:36:37.7549263Z ##[group]Runner Image
2026-05-15T07:36:37.7549776Z Image: ubuntu-24.04
2026-05-15T07:36:37.7550364Z Version: 20260513.135.3
2026-05-15T07:36:37.7551630Z Included Software: https://github.com/actions/runner-images/blob/ubuntu24/20260513.135/images/ubuntu/Ubuntu2404-Readme.md
2026-05-15T07:36:37.7553064Z Image Release: https://github.com/actions/runner-images/releases/tag/ubuntu24%2F20260513.135
2026-05-15T07:36:37.7554038Z ##[endgroup]
2026-05-15T07:36:37.7555557Z ##[group]GITHUB_TOKEN Permissions
2026-05-15T07:36:37.7557864Z Actions: read
2026-05-15T07:36:37.7558391Z Checks: read
2026-05-15T07:36:37.7558904Z Contents: write
2026-05-15T07:36:37.7559355Z Metadata: read
2026-05-15T07:36:37.7559941Z ##[endgroup]
2026-05-15T07:36:37.7562455Z Secret source: Actions
2026-05-15T07:36:37.7563479Z Prepare workflow directory
2026-05-15T07:36:37.7960113Z Prepare all required actions
2026-05-15T07:36:37.7997464Z Getting action download info
2026-05-15T07:36:38.0820582Z Download action repository 'actions/checkout@v6' (SHA:de0fac2e4500dabe0009e67214ff5f5447ce83dd)
2026-05-15T07:36:38.6554365Z Complete job name: web-lint
2026-05-15T07:36:38.7285170Z ##[group]Run actions/checkout@v6
2026-05-15T07:36:38.7286050Z with:
2026-05-15T07:36:38.7286494Z   repository: averycorp/prismTask
2026-05-15T07:36:38.7287248Z   token: ***
2026-05-15T07:36:38.7287655Z   ssh-strict: true
2026-05-15T07:36:38.7288080Z   ssh-user: git
2026-05-15T07:36:38.7288504Z   persist-credentials: true
2026-05-15T07:36:38.7288980Z   clean: true
2026-05-15T07:36:38.7289528Z   sparse-checkout-cone-mode: true
2026-05-15T07:36:38.7290044Z   fetch-depth: 1
2026-05-15T07:36:38.7290449Z   fetch-tags: false
2026-05-15T07:36:38.7290873Z   show-progress: true
2026-05-15T07:36:38.7291311Z   lfs: false
2026-05-15T07:36:38.7291966Z   submodules: false
2026-05-15T07:36:38.7292429Z   set-safe-directory: true
2026-05-15T07:36:38.7293638Z ##[endgroup]
2026-05-15T07:36:38.8366717Z Syncing repository: averycorp/prismTask
2026-05-15T07:36:38.8368654Z ##[group]Getting Git version info
2026-05-15T07:36:38.8369413Z Working directory is '/home/runner/work/prismTask/prismTask'
2026-05-15T07:36:38.8370552Z [command]/usr/bin/git version
2026-05-15T07:36:38.9329797Z git version 2.54.0
2026-05-15T07:36:38.9384197Z ##[endgroup]
2026-05-15T07:36:38.9400581Z Temporarily overriding HOME='/home/runner/work/_temp/31d1d433-ea28-41b9-8972-622b7d666a5a' before making global git config changes
2026-05-15T07:36:38.9403065Z Adding repository directory to the temporary git global config as a safe directory
2026-05-15T07:36:38.9407390Z [command]/usr/bin/git config --global --add safe.directory /home/runner/work/prismTask/prismTask
2026-05-15T07:36:38.9595823Z Deleting the contents of '/home/runner/work/prismTask/prismTask'
2026-05-15T07:36:38.9600944Z ##[group]Initializing the repository
2026-05-15T07:36:38.9606572Z [command]/usr/bin/git init /home/runner/work/prismTask/prismTask
2026-05-15T07:36:38.9966190Z hint: Using 'master' as the name for the initial branch. This default branch name
2026-05-15T07:36:38.9968141Z hint: will change to "main" in Git 3.0. To configure the initial branch name
2026-05-15T07:36:38.9969845Z hint: to use in all of your new repositories, which will suppress this warning,
2026-05-15T07:36:38.9970841Z hint: call:
2026-05-15T07:36:38.9971743Z hint:
2026-05-15T07:36:38.9972975Z hint: 	git config --global init.defaultBranch <name>
2026-05-15T07:36:38.9974003Z hint:
2026-05-15T07:36:38.9975389Z hint: Names commonly chosen instead of 'master' are 'main', 'trunk' and
2026-05-15T07:36:38.9977004Z hint: 'development'. The just-created branch can be renamed via this command:
2026-05-15T07:36:38.9978253Z hint:
2026-05-15T07:36:38.9978921Z hint: 	git branch -m <name>
2026-05-15T07:36:38.9979731Z hint:
2026-05-15T07:36:38.9980798Z hint: Disable this message with "git config set advice.defaultBranchName false"
2026-05-15T07:36:38.9982581Z Initialized empty Git repository in /home/runner/work/prismTask/prismTask/.git/
2026-05-15T07:36:38.9985413Z [command]/usr/bin/git remote add origin https://github.com/averycorp/prismTask
2026-05-15T07:36:39.0161675Z ##[endgroup]
2026-05-15T07:36:39.0162500Z ##[group]Disabling automatic garbage collection
2026-05-15T07:36:39.0165661Z [command]/usr/bin/git config --local gc.auto 0
2026-05-15T07:36:39.0197215Z ##[endgroup]
2026-05-15T07:36:39.0198466Z ##[group]Setting up auth
2026-05-15T07:36:39.0199348Z Removing SSH command configuration
2026-05-15T07:36:39.0205145Z [command]/usr/bin/git config --local --name-only --get-regexp core\.sshCommand
2026-05-15T07:36:39.0240204Z [command]/usr/bin/git submodule foreach --recursive sh -c "git config --local --name-only --get-regexp 'core\.sshCommand' && git config --local --unset-all 'core.sshCommand' || :"
2026-05-15T07:36:39.1929229Z Removing HTTP extra header
2026-05-15T07:36:39.1935873Z [command]/usr/bin/git config --local --name-only --get-regexp http\.https\:\/\/github\.com\/\.extraheader
2026-05-15T07:36:39.1969496Z [command]/usr/bin/git submodule foreach --recursive sh -c "git config --local --name-only --get-regexp 'http\.https\:\/\/github\.com\/\.extraheader' && git config --local --unset-all 'http.https://github.com/.extraheader' || :"
2026-05-15T07:36:39.2194823Z Removing includeIf entries pointing to credentials config files
2026-05-15T07:36:39.2200212Z [command]/usr/bin/git config --local --name-only --get-regexp ^includeIf\.gitdir:
2026-05-15T07:36:39.2232968Z [command]/usr/bin/git submodule foreach --recursive git config --local --show-origin --name-only --get-regexp remote.origin.url
2026-05-15T07:36:39.2470918Z [command]/usr/bin/git config --file /home/runner/work/_temp/git-credentials-32f63326-8763-4d9c-b8c8-38438a02bc1b.config http.https://github.com/.extraheader AUTHORIZATION: basic ***
2026-05-15T07:36:39.2510215Z [command]/usr/bin/git config --local includeIf.gitdir:/home/runner/work/prismTask/prismTask/.git.path /home/runner/work/_temp/git-credentials-32f63326-8763-4d9c-b8c8-38438a02bc1b.config
2026-05-15T07:36:39.2542886Z [command]/usr/bin/git config --local includeIf.gitdir:/home/runner/work/prismTask/prismTask/.git/worktrees/*.path /home/runner/work/_temp/git-credentials-32f63326-8763-4d9c-b8c8-38438a02bc1b.config
2026-05-15T07:36:39.2613019Z [command]/usr/bin/git config --local includeIf.gitdir:/github/workspace/.git.path /github/runner_temp/git-credentials-32f63326-8763-4d9c-b8c8-38438a02bc1b.config
2026-05-15T07:36:39.2646095Z [command]/usr/bin/git config --local includeIf.gitdir:/github/workspace/.git/worktrees/*.path /github/runner_temp/git-credentials-32f63326-8763-4d9c-b8c8-38438a02bc1b.config
2026-05-15T07:36:39.2679630Z ##[endgroup]
2026-05-15T07:36:39.2681427Z ##[group]Fetching the repository
2026-05-15T07:36:39.2690553Z [command]/usr/bin/git -c protocol.version=2 fetch --no-tags --prune --no-recurse-submodules --depth=1 origin +b37bfebe7cbcfb6b94b80903dadc1ffd73713575:refs/remotes/pull/1473/merge
2026-05-15T07:36:40.9632622Z From https://github.com/averycorp/prismTask
2026-05-15T07:36:40.9634606Z  * [new ref]         b37bfebe7cbcfb6b94b80903dadc1ffd73713575 -> pull/1473/merge
2026-05-15T07:36:40.9768374Z ##[endgroup]
2026-05-15T07:36:40.9768893Z ##[group]Determining the checkout info
2026-05-15T07:36:40.9770098Z ##[endgroup]
2026-05-15T07:36:40.9776491Z [command]/usr/bin/git sparse-checkout disable
2026-05-15T07:36:40.9857666Z [command]/usr/bin/git config --local --unset-all extensions.worktreeConfig
2026-05-15T07:36:40.9888603Z ##[group]Checking out the ref
2026-05-15T07:36:40.9892882Z [command]/usr/bin/git checkout --progress --force refs/remotes/pull/1473/merge
2026-05-15T07:36:41.2945202Z Note: switching to 'refs/remotes/pull/1473/merge'.
2026-05-15T07:36:41.2945679Z 
2026-05-15T07:36:41.2946056Z You are in 'detached HEAD' state. You can look around, make experimental
2026-05-15T07:36:41.2946760Z changes and commit them, and you can discard any commits you make in this
2026-05-15T07:36:41.2947219Z state without impacting any branches by switching back to a branch.
2026-05-15T07:36:41.2947508Z 
2026-05-15T07:36:41.2947743Z If you want to create a new branch to retain commits you create, you may
2026-05-15T07:36:41.2948170Z do so (now or later) by using -c with the switch command. Example:
2026-05-15T07:36:41.2948492Z 
2026-05-15T07:36:41.2948603Z   git switch -c <new-branch-name>
2026-05-15T07:36:41.2948771Z 
2026-05-15T07:36:41.2948881Z Or undo this operation with:
2026-05-15T07:36:41.2949123Z 
2026-05-15T07:36:41.2949211Z   git switch -
2026-05-15T07:36:41.2949386Z 
2026-05-15T07:36:41.2949588Z Turn off this advice by setting config variable advice.detachedHead to false
2026-05-15T07:36:41.2949893Z 
2026-05-15T07:36:41.2950239Z HEAD is now at b37bfeb Merge 317cb0157823a65d44a7bfe8a4d01ca2a59b5dbf into db9c4de32701d78b2a4fe395278a8086d48308fe
2026-05-15T07:36:41.2975464Z ##[endgroup]
2026-05-15T07:36:41.3021755Z [command]/usr/bin/git log -1 --format=%H
2026-05-15T07:36:41.3048070Z b37bfebe7cbcfb6b94b80903dadc1ffd73713575
2026-05-15T07:36:41.3346912Z Prepare all required actions
2026-05-15T07:36:41.3347417Z Getting action download info
2026-05-15T07:36:41.4682921Z Download action repository 'actions/setup-node@v4' (SHA:49933ea5288caeca8642d1e84afbd3f7d6820020)
2026-05-15T07:36:41.6147550Z ##[group]Run ./.github/actions/setup-node-web
2026-05-15T07:36:41.6147861Z ##[endgroup]
2026-05-15T07:36:41.6277821Z ##[group]Run actions/setup-node@v4
2026-05-15T07:36:41.6278116Z with:
2026-05-15T07:36:41.6278355Z   node-version: 22
2026-05-15T07:36:41.6278557Z   cache: npm
2026-05-15T07:36:41.6278777Z   cache-dependency-path: web/package-lock.json
2026-05-15T07:36:41.6279074Z   always-auth: false
2026-05-15T07:36:41.6279272Z   check-latest: false
2026-05-15T07:36:41.6279639Z   token: ***
2026-05-15T07:36:41.6279831Z ##[endgroup]
2026-05-15T07:36:41.8425384Z Found in cache @ /opt/hostedtoolcache/node/22.22.2/x64
2026-05-15T07:36:41.8432121Z ##[group]Environment details
2026-05-15T07:36:44.4681360Z node: v22.22.2
2026-05-15T07:36:44.4681844Z npm: 10.9.7
2026-05-15T07:36:44.4682119Z yarn: 1.22.22
2026-05-15T07:36:44.4682866Z ##[endgroup]
2026-05-15T07:36:44.4703618Z [command]/opt/hostedtoolcache/node/22.22.2/x64/bin/npm config get cache
2026-05-15T07:36:44.7094693Z /home/runner/.npm
2026-05-15T07:36:44.8251530Z npm cache is not found
2026-05-15T07:36:44.8395699Z ##[group]Run npm ci
2026-05-15T07:36:44.8395958Z [36;1mnpm ci[0m
2026-05-15T07:36:44.8483143Z shell: /usr/bin/bash --noprofile --norc -e -o pipefail {0}
2026-05-15T07:36:44.8483495Z ##[endgroup]
2026-05-15T07:36:56.2162604Z 
2026-05-15T07:36:56.2171422Z added 435 packages, and audited 436 packages in 11s
2026-05-15T07:36:56.2171856Z 
2026-05-15T07:36:56.2172169Z 94 packages are looking for funding
2026-05-15T07:36:56.2172625Z   run `npm fund` for details
2026-05-15T07:36:56.2241132Z 
2026-05-15T07:36:56.2241908Z 3 vulnerabilities (2 moderate, 1 critical)
2026-05-15T07:36:56.2242163Z 
2026-05-15T07:36:56.2242323Z To address all issues, run:
2026-05-15T07:36:56.2242589Z   npm audit fix
2026-05-15T07:36:56.2242751Z 
2026-05-15T07:36:56.2242869Z Run `npm audit` for details.
2026-05-15T07:36:56.2989846Z ##[group]Run npm run lint
2026-05-15T07:36:56.2990118Z [36;1mnpm run lint[0m
2026-05-15T07:36:56.3029740Z shell: /usr/bin/bash -e {0}
2026-05-15T07:36:56.3030115Z ##[endgroup]
2026-05-15T07:36:56.4042535Z 
2026-05-15T07:36:56.4043143Z > web@1.6.0 lint
2026-05-15T07:36:56.4043839Z > eslint .
2026-05-15T07:36:56.4044155Z 
2026-05-15T07:37:13.4164294Z 
2026-05-15T07:37:13.4170851Z /home/runner/work/prismTask/prismTask/web/src/features/medication/MedicationEditorDialog.tsx
2026-05-15T07:37:13.4172397Z   190:7  error  Error: Calling setState synchronously within an effect can trigger cascading renders
2026-05-15T07:37:13.4173046Z 
2026-05-15T07:37:13.4200576Z Effects are intended to synchronize state between React and external systems such as manually updating the DOM, state management libraries, or other platform APIs. In general, the body of an effect should do one or both of the following:
2026-05-15T07:37:13.4206916Z * Update external systems with the latest state from React.
2026-05-15T07:37:13.4208397Z * Subscribe for updates from some external system, calling setState in a callback function when external state changes.
2026-05-15T07:37:13.4209369Z 
2026-05-15T07:37:13.4210967Z Calling setState synchronously within an effect body causes cascading renders that can hurt performance, and is not recommended. (https://react.dev/learn/you-might-not-need-an-effect).
2026-05-15T07:37:13.4212287Z 
2026-05-15T07:37:13.4213237Z /home/runner/work/prismTask/prismTask/web/src/features/medication/MedicationEditorDialog.tsx:190:7
2026-05-15T07:37:13.4214232Z   188 |   useEffect(() => {
2026-05-15T07:37:13.4214754Z   189 |     if (isOpen) {
2026-05-15T07:37:13.4215580Z > 190 |       setForm(initialState(initial));
2026-05-15T07:37:13.4216376Z       |       ^^^^^^^ Avoid calling setState() directly within an effect
2026-05-15T07:37:13.4245637Z   191 |       setErrors({});
2026-05-15T07:37:13.4246253Z   192 |     }
2026-05-15T07:37:13.4247009Z   193 |   }, [isOpen, initial]);  react-hooks/set-state-in-effect
2026-05-15T07:37:13.4270810Z 
2026-05-15T07:37:13.4271778Z /home/runner/work/prismTask/prismTask/web/src/features/medication/MedicationRefillScreen.tsx
2026-05-15T07:37:13.4273178Z    88:17  error  Error: Cannot call impure function during render
2026-05-15T07:37:13.4273801Z 
2026-05-15T07:37:13.4279035Z `Date.now` is an impure function. Calling an impure function can produce unstable results that update unpredictably when the component happens to re-render. (https://react.dev/reference/rules/components-and-hooks-must-be-pure#components-and-hooks-must-be-idempotent).
2026-05-15T07:37:13.4280938Z 
2026-05-15T07:37:13.4281802Z /home/runner/work/prismTask/prismTask/web/src/features/medication/MedicationRefillScreen.tsx:88:17
2026-05-15T07:37:13.4282769Z   86 |
2026-05-15T07:37:13.4283268Z   87 |   const forecasts = useMemo(() => {
2026-05-15T07:37:13.4283904Z > 88 |     const now = Date.now();
2026-05-15T07:37:13.4284555Z      |                 ^^^^^^^^^^ Cannot call impure function
2026-05-15T07:37:13.4285596Z   89 |     const map = new Map<string, RefillForecast>();
2026-05-15T07:37:13.4286310Z   90 |     for (const refill of refills) {
2026-05-15T07:37:13.4288141Z   91 |       map.set(refill.id, forecastRefill(refill, now));                                                                                                                                                                                                                                                                                                                               react-hooks/purity
2026-05-15T07:37:13.4290205Z   382:7   error  Error: Calling setState synchronously within an effect can trigger cascading renders
2026-05-15T07:37:13.4291116Z 
2026-05-15T07:37:13.4300138Z Effects are intended to synchronize state between React and external systems such as manually updating the DOM, state management libraries, or other platform APIs. In general, the body of an effect should do one or both of the following:
2026-05-15T07:37:13.4302712Z * Update external systems with the latest state from React.
2026-05-15T07:37:13.4311683Z * Subscribe for updates from some external system, calling setState in a callback function when external state changes.
2026-05-15T07:37:13.4312662Z 
2026-05-15T07:37:13.4314262Z Calling setState synchronously within an effect body causes cascading renders that can hurt performance, and is not recommended. (https://react.dev/learn/you-might-not-need-an-effect).
2026-05-15T07:37:13.4316169Z 
2026-05-15T07:37:13.4325814Z /home/runner/work/prismTask/prismTask/web/src/features/medication/MedicationRefillScreen.tsx:382:7
2026-05-15T07:37:13.4326866Z   380 |   useEffect(() => {
2026-05-15T07:37:13.4327380Z   381 |     if (isOpen) {
2026-05-15T07:37:13.4328357Z > 382 |       setForm(initialEditorState(initial));
2026-05-15T07:37:13.4329229Z       |       ^^^^^^^ Avoid calling setState() directly within an effect
2026-05-15T07:37:13.4329917Z   383 |       setErrors({});
2026-05-15T07:37:13.4330410Z   384 |     }
2026-05-15T07:37:13.4331038Z   385 |   }, [isOpen, initial]);  react-hooks/set-state-in-effect
2026-05-15T07:37:13.4331586Z 
2026-05-15T07:37:13.4332289Z /home/runner/work/prismTask/prismTask/web/src/features/selfcare/SelfCareScreen.tsx
2026-05-15T07:37:13.4333423Z   35:31  error  Error: Cannot call impure function during render
2026-05-15T07:37:13.4333975Z 
2026-05-15T07:37:13.4336286Z `Date.now` is an impure function. Calling an impure function can produce unstable results that update unpredictably when the component happens to re-render. (https://react.dev/reference/rules/components-and-hooks-must-be-pure#components-and-hooks-must-be-idempotent).
2026-05-15T07:37:13.4338111Z 
2026-05-15T07:37:13.4338875Z /home/runner/work/prismTask/prismTask/web/src/features/selfcare/SelfCareScreen.tsx:35:31
2026-05-15T07:37:13.4339751Z   33 |
2026-05-15T07:37:13.4340236Z   34 |   const todayMs = useMemo(
2026-05-15T07:37:13.4341006Z > 35 |     () => startOfLogicalDayMs(Date.now(), startOfDayHour),
2026-05-15T07:37:13.4341948Z      |                               ^^^^^^^^^^ Cannot call impure function
2026-05-15T07:37:13.4342604Z   36 |     [startOfDayHour],
2026-05-15T07:37:13.4343106Z   37 |   );
2026-05-15T07:37:13.4343572Z   38 |  react-hooks/purity
2026-05-15T07:37:13.4343953Z 
2026-05-15T07:37:13.4344654Z /home/runner/work/prismTask/prismTask/web/src/features/today/PlanForTodaySheet.tsx
2026-05-15T07:37:13.4346287Z   73:7  error  Error: Calling setState synchronously within an effect can trigger cascading renders
2026-05-15T07:37:13.4347070Z 
2026-05-15T07:37:13.4348910Z Effects are intended to synchronize state between React and external systems such as manually updating the DOM, state management libraries, or other platform APIs. In general, the body of an effect should do one or both of the following:
2026-05-15T07:37:13.4350790Z * Update external systems with the latest state from React.
2026-05-15T07:37:13.4352118Z * Subscribe for updates from some external system, calling setState in a callback function when external state changes.
2026-05-15T07:37:13.4353021Z 
2026-05-15T07:37:13.4354501Z Calling setState synchronously within an effect body causes cascading renders that can hurt performance, and is not recommended. (https://react.dev/learn/you-might-not-need-an-effect).
2026-05-15T07:37:13.4355979Z 
2026-05-15T07:37:13.4356726Z /home/runner/work/prismTask/prismTask/web/src/features/today/PlanForTodaySheet.tsx:73:7
2026-05-15T07:37:13.4357651Z   71 |   useEffect(() => {
2026-05-15T07:37:13.4358123Z   72 |     if (isOpen) {
2026-05-15T07:37:13.4358622Z > 73 |       setSearch('');
2026-05-15T07:37:13.4359352Z      |       ^^^^^^^^^ Avoid calling setState() directly within an effect
2026-05-15T07:37:13.4360111Z   74 |       setSelectedIds(new Set());
2026-05-15T07:37:13.4360718Z   75 |       setMultiSelect(false);
2026-05-15T07:37:13.4361313Z   76 |     }  react-hooks/set-state-in-effect
2026-05-15T07:37:13.4361757Z 
2026-05-15T07:37:13.4362434Z ✖ 5 problems (5 errors, 0 warnings)
2026-05-15T07:37:13.4362875Z 
2026-05-15T07:37:13.7838311Z ##[error]Process completed with exit code 1.
2026-05-15T07:37:13.7906699Z Post job cleanup.
2026-05-15T07:37:13.7984705Z Post job cleanup.
2026-05-15T07:37:13.8821537Z [command]/usr/bin/git version
2026-05-15T07:37:13.8858625Z git version 2.54.0
2026-05-15T07:37:13.8897701Z Temporarily overriding HOME='/home/runner/work/_temp/fb13bac3-9115-4ee3-964a-1c84c5585891' before making global git config changes
2026-05-15T07:37:13.8899425Z Adding repository directory to the temporary git global config as a safe directory
2026-05-15T07:37:13.8903458Z [command]/usr/bin/git config --global --add safe.directory /home/runner/work/prismTask/prismTask
2026-05-15T07:37:13.8935194Z Removing SSH command configuration
2026-05-15T07:37:13.8941584Z [command]/usr/bin/git config --local --name-only --get-regexp core\.sshCommand
2026-05-15T07:37:13.8976687Z [command]/usr/bin/git submodule foreach --recursive sh -c "git config --local --name-only --get-regexp 'core\.sshCommand' && git config --local --unset-all 'core.sshCommand' || :"
2026-05-15T07:37:13.9247088Z Removing HTTP extra header
2026-05-15T07:37:13.9252261Z [command]/usr/bin/git config --local --name-only --get-regexp http\.https\:\/\/github\.com\/\.extraheader
2026-05-15T07:37:13.9286292Z [command]/usr/bin/git submodule foreach --recursive sh -c "git config --local --name-only --get-regexp 'http\.https\:\/\/github\.com\/\.extraheader' && git config --local --unset-all 'http.https://github.com/.extraheader' || :"
2026-05-15T07:37:13.9517922Z Removing includeIf entries pointing to credentials config files
2026-05-15T07:37:13.9524386Z [command]/usr/bin/git config --local --name-only --get-regexp ^includeIf\.gitdir:
2026-05-15T07:37:13.9550308Z includeif.gitdir:/home/runner/work/prismTask/prismTask/.git.path
2026-05-15T07:37:13.9551238Z includeif.gitdir:/home/runner/work/prismTask/prismTask/.git/worktrees/*.path
2026-05-15T07:37:13.9551959Z includeif.gitdir:/github/workspace/.git.path
2026-05-15T07:37:13.9552587Z includeif.gitdir:/github/workspace/.git/worktrees/*.path
2026-05-15T07:37:13.9559756Z [command]/usr/bin/git config --local --get-all includeif.gitdir:/home/runner/work/prismTask/prismTask/.git.path
2026-05-15T07:37:13.9582317Z /home/runner/work/_temp/git-credentials-32f63326-8763-4d9c-b8c8-38438a02bc1b.config
2026-05-15T07:37:13.9593419Z [command]/usr/bin/git config --local --unset includeif.gitdir:/home/runner/work/prismTask/prismTask/.git.path /home/runner/work/_temp/git-credentials-32f63326-8763-4d9c-b8c8-38438a02bc1b.config
2026-05-15T07:37:13.9628448Z [command]/usr/bin/git config --local --get-all includeif.gitdir:/home/runner/work/prismTask/prismTask/.git/worktrees/*.path
2026-05-15T07:37:13.9651185Z /home/runner/work/_temp/git-credentials-32f63326-8763-4d9c-b8c8-38438a02bc1b.config
2026-05-15T07:37:13.9660563Z [command]/usr/bin/git config --local --unset includeif.gitdir:/home/runner/work/prismTask/prismTask/.git/worktrees/*.path /home/runner/work/_temp/git-credentials-32f63326-8763-4d9c-b8c8-38438a02bc1b.config
2026-05-15T07:37:13.9691709Z [command]/usr/bin/git config --local --get-all includeif.gitdir:/github/workspace/.git.path
2026-05-15T07:37:13.9714283Z /github/runner_temp/git-credentials-32f63326-8763-4d9c-b8c8-38438a02bc1b.config
2026-05-15T07:37:13.9721821Z [command]/usr/bin/git config --local --unset includeif.gitdir:/github/workspace/.git.path /github/runner_temp/git-credentials-32f63326-8763-4d9c-b8c8-38438a02bc1b.config
2026-05-15T07:37:13.9756987Z [command]/usr/bin/git config --local --get-all includeif.gitdir:/github/workspace/.git/worktrees/*.path
2026-05-15T07:37:13.9778771Z /github/runner_temp/git-credentials-32f63326-8763-4d9c-b8c8-38438a02bc1b.config
2026-05-15T07:37:13.9787429Z [command]/usr/bin/git config --local --unset includeif.gitdir:/github/workspace/.git/worktrees/*.path /github/runner_temp/git-credentials-32f63326-8763-4d9c-b8c8-38438a02bc1b.config
2026-05-15T07:37:13.9819695Z [command]/usr/bin/git submodule foreach --recursive git config --local --show-origin --name-only --get-regexp remote.origin.url
2026-05-15T07:37:14.0051342Z Removing credentials config '/home/runner/work/_temp/git-credentials-32f63326-8763-4d9c-b8c8-38438a02bc1b.config'
2026-05-15T07:37:14.0199492Z Cleaning up orphan processes
2026-05-15T07:37:14.0485735Z ##[warning]Node.js 20 actions are deprecated. The following actions are running on Node.js 20 and may not work as expected: actions/setup-node@v4. Actions will be forced to run with Node.js 24 by default starting June 2nd, 2026. Node.js 20 will be removed from the runner on September 16th, 2026. Please check if updated versions of these actions are available that support Node.js 24. To opt into Node.js 24 now, set the FORCE_JAVASCRIPT_ACTIONS_TO_NODE24=true environment variable on the runner or in your workflow file. Once Node.js 24 becomes the default, you can temporarily opt out by setting ACTIONS_ALLOW_USE_UNSECURE_NODE_VERSION=true. For more information see: https://github.blog/changelog/2025-09-19-deprecation-of-node-20-on-github-actions-runners/


--- Job: web-lint-and-test (id 76141018797) ---
2026-05-15T07:37:23.1191539Z Current runner version: '2.334.0'
2026-05-15T07:37:23.1225433Z ##[group]Runner Image Provisioner
2026-05-15T07:37:23.1226629Z Hosted Compute Agent
2026-05-15T07:37:23.1227475Z Version: 20260213.493
2026-05-15T07:37:23.1228323Z Commit: 5c115507f6dd24b8de37d8bbe0bb4509d0cc0fa3
2026-05-15T07:37:23.1229513Z Build Date: 2026-02-13T00:28:41Z
2026-05-15T07:37:23.1230745Z Worker ID: {c75c81ef-3959-45ff-a515-ad4a50f80829}
2026-05-15T07:37:23.1231767Z Azure Region: eastus2
2026-05-15T07:37:23.1232704Z ##[endgroup]
2026-05-15T07:37:23.1234600Z ##[group]Operating System
2026-05-15T07:37:23.1235534Z Ubuntu
2026-05-15T07:37:23.1236314Z 24.04.4
2026-05-15T07:37:23.1237025Z LTS
2026-05-15T07:37:23.1237651Z ##[endgroup]
2026-05-15T07:37:23.1238484Z ##[group]Runner Image
2026-05-15T07:37:23.1239416Z Image: ubuntu-24.04
2026-05-15T07:37:23.1240143Z Version: 20260513.135.3
2026-05-15T07:37:23.1242429Z Included Software: https://github.com/actions/runner-images/blob/ubuntu24/20260513.135/images/ubuntu/Ubuntu2404-Readme.md
2026-05-15T07:37:23.1244791Z Image Release: https://github.com/actions/runner-images/releases/tag/ubuntu24%2F20260513.135
2026-05-15T07:37:23.1246408Z ##[endgroup]
2026-05-15T07:37:23.1248166Z ##[group]GITHUB_TOKEN Permissions
2026-05-15T07:37:23.1251182Z Actions: read
2026-05-15T07:37:23.1252152Z Checks: read
2026-05-15T07:37:23.1252836Z Contents: write
2026-05-15T07:37:23.1253568Z Metadata: read
2026-05-15T07:37:23.1254424Z ##[endgroup]
2026-05-15T07:37:23.1257129Z Secret source: Actions
2026-05-15T07:37:23.1258451Z Prepare workflow directory
2026-05-15T07:37:23.1721479Z Prepare all required actions
2026-05-15T07:37:23.1854566Z Complete job name: web-lint-and-test
2026-05-15T07:37:23.2913196Z ##[group]Run if [ 'failure' != 'success' ]; then
2026-05-15T07:37:23.2914428Z [36;1mif [ 'failure' != 'success' ]; then[0m
2026-05-15T07:37:23.2915488Z [36;1m  echo "web-lint finished with failure" >&2[0m
2026-05-15T07:37:23.2916841Z [36;1m  exit 1[0m
2026-05-15T07:37:23.2917501Z [36;1mfi[0m
2026-05-15T07:37:23.2918267Z [36;1mif [ 'success' != 'success' ]; then[0m
2026-05-15T07:37:23.2919409Z [36;1m  echo "web-unit-tests finished with success" >&2[0m
2026-05-15T07:37:23.2920666Z [36;1m  exit 1[0m
2026-05-15T07:37:23.2921333Z [36;1mfi[0m
2026-05-15T07:37:23.2922198Z [36;1mif [ 'success' != 'success' ]; then[0m
2026-05-15T07:37:23.2923305Z [36;1m  echo "web-build finished with success" >&2[0m
2026-05-15T07:37:23.2924212Z [36;1m  exit 1[0m
2026-05-15T07:37:23.2925033Z [36;1mfi[0m
2026-05-15T07:37:23.2925930Z [36;1mecho "✓ Split web lint, unit-test shards, and build passed."[0m
2026-05-15T07:37:23.3607867Z shell: /usr/bin/bash -e {0}
2026-05-15T07:37:23.3609571Z ##[endgroup]
2026-05-15T07:37:23.3927164Z web-lint finished with failure
2026-05-15T07:37:23.3950644Z ##[error]Process completed with exit code 1.
2026-05-15T07:37:23.4071002Z Cleaning up orphan processes
