=== CI FAILURE ===
Workflow:      Web CI
Workflow file: averycorp/prismTask/.github/workflows/web-ci.yml@refs/pull/1562/merge
Job(s):        web-lint, web-lint-and-test
Run ID:        25953421672
Run attempt:   1
Run URL:       https://github.com/averycorp/prismTask/actions/runs/25953421672
Commit:        27977e72eae66fb107a0341cddbe70a0e2d65540
Branch:        1562/merge
Event:         pull_request
Actor:         akarlin3
Runner OS:     Linux
Timestamp:     2026-05-16T05:05:35.749Z

Failed steps:
  - web-lint: #5 Run ESLint
  - web-lint-and-test: #2 Verify split web checks

=== FAILED JOB LOG ===

--- Job: web-lint (id 76295398493) ---
2026-05-16T05:04:37.4753923Z Current runner version: '2.334.0'
2026-05-16T05:04:37.4789838Z ##[group]Runner Image Provisioner
2026-05-16T05:04:37.4790595Z Hosted Compute Agent
2026-05-16T05:04:37.4791127Z Version: 20260213.493
2026-05-16T05:04:37.4791851Z Commit: 5c115507f6dd24b8de37d8bbe0bb4509d0cc0fa3
2026-05-16T05:04:37.4792976Z Build Date: 2026-02-13T00:28:41Z
2026-05-16T05:04:37.4793648Z Worker ID: {2f13e861-2570-4a8c-8f62-8d5787e3c342}
2026-05-16T05:04:37.4794406Z Azure Region: northcentralus
2026-05-16T05:04:37.4795006Z ##[endgroup]
2026-05-16T05:04:37.4796532Z ##[group]Operating System
2026-05-16T05:04:37.4797250Z Ubuntu
2026-05-16T05:04:37.4797690Z 24.04.4
2026-05-16T05:04:37.4798148Z LTS
2026-05-16T05:04:37.4798661Z ##[endgroup]
2026-05-16T05:04:37.4799134Z ##[group]Runner Image
2026-05-16T05:04:37.4799683Z Image: ubuntu-24.04
2026-05-16T05:04:37.4800196Z Version: 20260513.135.3
2026-05-16T05:04:37.4801450Z Included Software: https://github.com/actions/runner-images/blob/ubuntu24/20260513.135/images/ubuntu/Ubuntu2404-Readme.md
2026-05-16T05:04:37.4803305Z Image Release: https://github.com/actions/runner-images/releases/tag/ubuntu24%2F20260513.135
2026-05-16T05:04:37.4804221Z ##[endgroup]
2026-05-16T05:04:37.4805347Z ##[group]GITHUB_TOKEN Permissions
2026-05-16T05:04:37.4807621Z Actions: read
2026-05-16T05:04:37.4808167Z Checks: read
2026-05-16T05:04:37.4808626Z Contents: write
2026-05-16T05:04:37.4809228Z Metadata: read
2026-05-16T05:04:37.4809695Z ##[endgroup]
2026-05-16T05:04:37.4811993Z Secret source: Actions
2026-05-16T05:04:37.4813347Z Prepare workflow directory
2026-05-16T05:04:37.5340709Z Prepare all required actions
2026-05-16T05:04:37.5396347Z Getting action download info
2026-05-16T05:04:37.8190044Z Download action repository 'actions/checkout@v6' (SHA:de0fac2e4500dabe0009e67214ff5f5447ce83dd)
2026-05-16T05:04:38.0443314Z Complete job name: web-lint
2026-05-16T05:04:38.1184742Z ##[group]Run actions/checkout@v6
2026-05-16T05:04:38.1185580Z with:
2026-05-16T05:04:38.1185979Z   repository: averycorp/prismTask
2026-05-16T05:04:38.1186694Z   token: ***
2026-05-16T05:04:38.1187078Z   ssh-strict: true
2026-05-16T05:04:38.1187454Z   ssh-user: git
2026-05-16T05:04:38.1187852Z   persist-credentials: true
2026-05-16T05:04:38.1188281Z   clean: true
2026-05-16T05:04:38.1188724Z   sparse-checkout-cone-mode: true
2026-05-16T05:04:38.1189187Z   fetch-depth: 1
2026-05-16T05:04:38.1189566Z   fetch-tags: false
2026-05-16T05:04:38.1189950Z   show-progress: true
2026-05-16T05:04:38.1190339Z   lfs: false
2026-05-16T05:04:38.1190695Z   submodules: false
2026-05-16T05:04:38.1191096Z   set-safe-directory: true
2026-05-16T05:04:38.1191756Z ##[endgroup]
2026-05-16T05:04:38.2175874Z Syncing repository: averycorp/prismTask
2026-05-16T05:04:38.2177691Z ##[group]Getting Git version info
2026-05-16T05:04:38.2178382Z Working directory is '/home/runner/work/prismTask/prismTask'
2026-05-16T05:04:38.2179391Z [command]/usr/bin/git version
2026-05-16T05:04:38.2260429Z git version 2.54.0
2026-05-16T05:04:38.2284668Z ##[endgroup]
2026-05-16T05:04:38.2300440Z Temporarily overriding HOME='/home/runner/work/_temp/ad419505-b71b-4113-8ec8-fb457f72fd49' before making global git config changes
2026-05-16T05:04:38.2301871Z Adding repository directory to the temporary git global config as a safe directory
2026-05-16T05:04:38.2307365Z [command]/usr/bin/git config --global --add safe.directory /home/runner/work/prismTask/prismTask
2026-05-16T05:04:38.2361650Z Deleting the contents of '/home/runner/work/prismTask/prismTask'
2026-05-16T05:04:38.2365837Z ##[group]Initializing the repository
2026-05-16T05:04:38.2371096Z [command]/usr/bin/git init /home/runner/work/prismTask/prismTask
2026-05-16T05:04:38.2473392Z hint: Using 'master' as the name for the initial branch. This default branch name
2026-05-16T05:04:38.2474661Z hint: will change to "main" in Git 3.0. To configure the initial branch name
2026-05-16T05:04:38.2475910Z hint: to use in all of your new repositories, which will suppress this warning,
2026-05-16T05:04:38.2477209Z hint: call:
2026-05-16T05:04:38.2477896Z hint:
2026-05-16T05:04:38.2479090Z hint: 	git config --global init.defaultBranch <name>
2026-05-16T05:04:38.2480182Z hint:
2026-05-16T05:04:38.2481004Z hint: Names commonly chosen instead of 'master' are 'main', 'trunk' and
2026-05-16T05:04:38.2482751Z hint: 'development'. The just-created branch can be renamed via this command:
2026-05-16T05:04:38.2483550Z hint:
2026-05-16T05:04:38.2484006Z hint: 	git branch -m <name>
2026-05-16T05:04:38.2484518Z hint:
2026-05-16T05:04:38.2485165Z hint: Disable this message with "git config set advice.defaultBranchName false"
2026-05-16T05:04:38.2486696Z Initialized empty Git repository in /home/runner/work/prismTask/prismTask/.git/
2026-05-16T05:04:38.2492042Z [command]/usr/bin/git remote add origin https://github.com/averycorp/prismTask
2026-05-16T05:04:38.2535355Z ##[endgroup]
2026-05-16T05:04:38.2536133Z ##[group]Disabling automatic garbage collection
2026-05-16T05:04:38.2539181Z [command]/usr/bin/git config --local gc.auto 0
2026-05-16T05:04:38.2571364Z ##[endgroup]
2026-05-16T05:04:38.2572126Z ##[group]Setting up auth
2026-05-16T05:04:38.2573385Z Removing SSH command configuration
2026-05-16T05:04:38.2580872Z [command]/usr/bin/git config --local --name-only --get-regexp core\.sshCommand
2026-05-16T05:04:38.2617080Z [command]/usr/bin/git submodule foreach --recursive sh -c "git config --local --name-only --get-regexp 'core\.sshCommand' && git config --local --unset-all 'core.sshCommand' || :"
2026-05-16T05:04:38.2959777Z Removing HTTP extra header
2026-05-16T05:04:38.2966715Z [command]/usr/bin/git config --local --name-only --get-regexp http\.https\:\/\/github\.com\/\.extraheader
2026-05-16T05:04:38.3000962Z [command]/usr/bin/git submodule foreach --recursive sh -c "git config --local --name-only --get-regexp 'http\.https\:\/\/github\.com\/\.extraheader' && git config --local --unset-all 'http.https://github.com/.extraheader' || :"
2026-05-16T05:04:38.3223466Z Removing includeIf entries pointing to credentials config files
2026-05-16T05:04:38.3229850Z [command]/usr/bin/git config --local --name-only --get-regexp ^includeIf\.gitdir:
2026-05-16T05:04:38.3264845Z [command]/usr/bin/git submodule foreach --recursive git config --local --show-origin --name-only --get-regexp remote.origin.url
2026-05-16T05:04:38.3496549Z [command]/usr/bin/git config --file /home/runner/work/_temp/git-credentials-f9bfc43c-1f2c-4409-8d6b-0d802cc0852d.config http.https://github.com/.extraheader AUTHORIZATION: basic ***
2026-05-16T05:04:38.3539226Z [command]/usr/bin/git config --local includeIf.gitdir:/home/runner/work/prismTask/prismTask/.git.path /home/runner/work/_temp/git-credentials-f9bfc43c-1f2c-4409-8d6b-0d802cc0852d.config
2026-05-16T05:04:38.3572170Z [command]/usr/bin/git config --local includeIf.gitdir:/home/runner/work/prismTask/prismTask/.git/worktrees/*.path /home/runner/work/_temp/git-credentials-f9bfc43c-1f2c-4409-8d6b-0d802cc0852d.config
2026-05-16T05:04:38.3607124Z [command]/usr/bin/git config --local includeIf.gitdir:/github/workspace/.git.path /github/runner_temp/git-credentials-f9bfc43c-1f2c-4409-8d6b-0d802cc0852d.config
2026-05-16T05:04:38.3640114Z [command]/usr/bin/git config --local includeIf.gitdir:/github/workspace/.git/worktrees/*.path /github/runner_temp/git-credentials-f9bfc43c-1f2c-4409-8d6b-0d802cc0852d.config
2026-05-16T05:04:38.3676656Z ##[endgroup]
2026-05-16T05:04:38.3677395Z ##[group]Fetching the repository
2026-05-16T05:04:38.3686109Z [command]/usr/bin/git -c protocol.version=2 fetch --no-tags --prune --no-recurse-submodules --depth=1 origin +27977e72eae66fb107a0341cddbe70a0e2d65540:refs/remotes/pull/1562/merge
2026-05-16T05:04:40.2074771Z From https://github.com/averycorp/prismTask
2026-05-16T05:04:40.2077089Z  * [new ref]         27977e72eae66fb107a0341cddbe70a0e2d65540 -> pull/1562/merge
2026-05-16T05:04:40.2117024Z ##[endgroup]
2026-05-16T05:04:40.2118411Z ##[group]Determining the checkout info
2026-05-16T05:04:40.2120271Z ##[endgroup]
2026-05-16T05:04:40.2125363Z [command]/usr/bin/git sparse-checkout disable
2026-05-16T05:04:40.2174729Z [command]/usr/bin/git config --local --unset-all extensions.worktreeConfig
2026-05-16T05:04:40.2206126Z ##[group]Checking out the ref
2026-05-16T05:04:40.2210552Z [command]/usr/bin/git checkout --progress --force refs/remotes/pull/1562/merge
2026-05-16T05:04:40.5292767Z Note: switching to 'refs/remotes/pull/1562/merge'.
2026-05-16T05:04:40.5294136Z 
2026-05-16T05:04:40.5295199Z You are in 'detached HEAD' state. You can look around, make experimental
2026-05-16T05:04:40.5296855Z changes and commit them, and you can discard any commits you make in this
2026-05-16T05:04:40.5298332Z state without impacting any branches by switching back to a branch.
2026-05-16T05:04:40.5299144Z 
2026-05-16T05:04:40.5299771Z If you want to create a new branch to retain commits you create, you may
2026-05-16T05:04:40.5301104Z do so (now or later) by using -c with the switch command. Example:
2026-05-16T05:04:40.5301947Z 
2026-05-16T05:04:40.5302550Z   git switch -c <new-branch-name>
2026-05-16T05:04:40.5303150Z 
2026-05-16T05:04:40.5303574Z Or undo this operation with:
2026-05-16T05:04:40.5304103Z 
2026-05-16T05:04:40.5304465Z   git switch -
2026-05-16T05:04:40.5304891Z 
2026-05-16T05:04:40.5305620Z Turn off this advice by setting config variable advice.detachedHead to false
2026-05-16T05:04:40.5306638Z 
2026-05-16T05:04:40.5307892Z HEAD is now at 27977e7 Merge 96b5ed32093dc9ba1890374958959f4715cea8b1 into dcef866c7377826dde7f2788daac769144357b80
2026-05-16T05:04:40.5317375Z ##[endgroup]
2026-05-16T05:04:40.5363565Z [command]/usr/bin/git log -1 --format=%H
2026-05-16T05:04:40.5389521Z 27977e72eae66fb107a0341cddbe70a0e2d65540
2026-05-16T05:04:40.5781172Z Prepare all required actions
2026-05-16T05:04:40.5782747Z Getting action download info
2026-05-16T05:04:40.7128149Z Download action repository 'actions/setup-node@v4' (SHA:49933ea5288caeca8642d1e84afbd3f7d6820020)
2026-05-16T05:04:40.8257250Z ##[group]Run ./.github/actions/setup-node-web
2026-05-16T05:04:40.8257677Z ##[endgroup]
2026-05-16T05:04:40.8471705Z ##[group]Run actions/setup-node@v4
2026-05-16T05:04:40.8472132Z with:
2026-05-16T05:04:40.8472640Z   node-version: 22
2026-05-16T05:04:40.8473042Z   cache: npm
2026-05-16T05:04:40.8473594Z   cache-dependency-path: web/package-lock.json
2026-05-16T05:04:40.8474049Z   always-auth: false
2026-05-16T05:04:40.8474336Z   check-latest: false
2026-05-16T05:04:40.8474808Z   token: ***
2026-05-16T05:04:40.8475071Z ##[endgroup]
2026-05-16T05:04:41.0346964Z Found in cache @ /opt/hostedtoolcache/node/22.22.2/x64
2026-05-16T05:04:41.0353789Z ##[group]Environment details
2026-05-16T05:04:41.4099153Z node: v22.22.2
2026-05-16T05:04:41.4099677Z npm: 10.9.7
2026-05-16T05:04:41.4099905Z yarn: 1.22.22
2026-05-16T05:04:41.4100521Z ##[endgroup]
2026-05-16T05:04:41.4120860Z [command]/opt/hostedtoolcache/node/22.22.2/x64/bin/npm config get cache
2026-05-16T05:04:41.5385299Z /home/runner/.npm
2026-05-16T05:04:41.6704135Z npm cache is not found
2026-05-16T05:04:41.6862741Z ##[group]Run npm ci
2026-05-16T05:04:41.6863230Z [36;1mnpm ci[0m
2026-05-16T05:04:41.6909174Z shell: /usr/bin/bash --noprofile --norc -e -o pipefail {0}
2026-05-16T05:04:41.6909584Z ##[endgroup]
2026-05-16T05:04:54.1130794Z 
2026-05-16T05:04:54.1139364Z added 435 packages, and audited 436 packages in 12s
2026-05-16T05:04:54.1139790Z 
2026-05-16T05:04:54.1140017Z 94 packages are looking for funding
2026-05-16T05:04:54.1140327Z   run `npm fund` for details
2026-05-16T05:04:54.1219666Z 
2026-05-16T05:04:54.1220465Z 3 vulnerabilities (2 moderate, 1 critical)
2026-05-16T05:04:54.1220871Z 
2026-05-16T05:04:54.1221125Z To address all issues, run:
2026-05-16T05:04:54.1221595Z   npm audit fix
2026-05-16T05:04:54.1221857Z 
2026-05-16T05:04:54.1222104Z Run `npm audit` for details.
2026-05-16T05:04:54.1870178Z ##[group]Run npm run lint
2026-05-16T05:04:54.1870468Z [36;1mnpm run lint[0m
2026-05-16T05:04:54.1907255Z shell: /usr/bin/bash -e {0}
2026-05-16T05:04:54.1907510Z ##[endgroup]
2026-05-16T05:04:54.2968256Z 
2026-05-16T05:04:54.2968860Z > web@1.6.0 lint
2026-05-16T05:04:54.2969386Z > eslint .
2026-05-16T05:04:54.2969608Z 
2026-05-16T05:05:14.2799867Z 
2026-05-16T05:05:14.2801193Z /home/runner/work/prismTask/prismTask/web/src/features/medication/MedicationRefillScreen.tsx
2026-05-16T05:05:14.2802920Z    88:17  error  Error: Cannot call impure function during render
2026-05-16T05:05:14.2803566Z 
2026-05-16T05:05:14.2805990Z `Date.now` is an impure function. Calling an impure function can produce unstable results that update unpredictably when the component happens to re-render. (https://react.dev/reference/rules/components-and-hooks-must-be-pure#components-and-hooks-must-be-idempotent).
2026-05-16T05:05:14.2807997Z 
2026-05-16T05:05:14.2809062Z /home/runner/work/prismTask/prismTask/web/src/features/medication/MedicationRefillScreen.tsx:88:17
2026-05-16T05:05:14.2810167Z   86 |
2026-05-16T05:05:14.2810774Z   87 |   const forecasts = useMemo(() => {
2026-05-16T05:05:14.2811520Z > 88 |     const now = Date.now();
2026-05-16T05:05:14.2812511Z      |                 ^^^^^^^^^^ Cannot call impure function
2026-05-16T05:05:14.2813426Z   89 |     const map = new Map<string, RefillForecast>();
2026-05-16T05:05:14.2814280Z   90 |     for (const refill of refills) {
2026-05-16T05:05:14.2816269Z   91 |       map.set(refill.id, forecastRefill(refill, now));                                                                                                                                                                                                                                                                                                                               react-hooks/purity
2026-05-16T05:05:14.2818557Z   382:7   error  Error: Calling setState synchronously within an effect can trigger cascading renders
2026-05-16T05:05:14.2819393Z 
2026-05-16T05:05:14.2821350Z Effects are intended to synchronize state between React and external systems such as manually updating the DOM, state management libraries, or other platform APIs. In general, the body of an effect should do one or both of the following:
2026-05-16T05:05:14.2823694Z * Update external systems with the latest state from React.
2026-05-16T05:05:14.2825166Z * Subscribe for updates from some external system, calling setState in a callback function when external state changes.
2026-05-16T05:05:14.2826150Z 
2026-05-16T05:05:14.2827749Z Calling setState synchronously within an effect body causes cascading renders that can hurt performance, and is not recommended. (https://react.dev/learn/you-might-not-need-an-effect).
2026-05-16T05:05:14.2829167Z 
2026-05-16T05:05:14.2830137Z /home/runner/work/prismTask/prismTask/web/src/features/medication/MedicationRefillScreen.tsx:382:7
2026-05-16T05:05:14.2831211Z   380 |   useEffect(() => {
2026-05-16T05:05:14.2831800Z   381 |     if (isOpen) {
2026-05-16T05:05:14.2832785Z > 382 |       setForm(initialEditorState(initial));
2026-05-16T05:05:14.2833650Z       |       ^^^^^^^ Avoid calling setState() directly within an effect
2026-05-16T05:05:14.2834386Z   383 |       setErrors({});
2026-05-16T05:05:14.2834916Z   384 |     }
2026-05-16T05:05:14.2835582Z   385 |   }, [isOpen, initial]);  react-hooks/set-state-in-effect
2026-05-16T05:05:14.2836195Z 
2026-05-16T05:05:14.2836938Z /home/runner/work/prismTask/prismTask/web/src/features/selfcare/SelfCareScreen.tsx
2026-05-16T05:05:14.2838172Z   35:31  error  Error: Cannot call impure function during render
2026-05-16T05:05:14.2838769Z 
2026-05-16T05:05:14.2841079Z `Date.now` is an impure function. Calling an impure function can produce unstable results that update unpredictably when the component happens to re-render. (https://react.dev/reference/rules/components-and-hooks-must-be-pure#components-and-hooks-must-be-idempotent).
2026-05-16T05:05:14.2843252Z 
2026-05-16T05:05:14.2844629Z /home/runner/work/prismTask/prismTask/web/src/features/selfcare/SelfCareScreen.tsx:35:31
2026-05-16T05:05:14.2845655Z   33 |
2026-05-16T05:05:14.2846273Z   34 |   const todayMs = useMemo(
2026-05-16T05:05:14.2847128Z > 35 |     () => startOfLogicalDayMs(Date.now(), startOfDayHour),
2026-05-16T05:05:14.2848067Z      |                               ^^^^^^^^^^ Cannot call impure function
2026-05-16T05:05:14.2849041Z   36 |     [startOfDayHour],
2026-05-16T05:05:14.2849582Z   37 |   );
2026-05-16T05:05:14.2850064Z   38 |  react-hooks/purity
2026-05-16T05:05:14.2850481Z 
2026-05-16T05:05:14.2851239Z /home/runner/work/prismTask/prismTask/web/src/features/today/PlanForTodaySheet.tsx
2026-05-16T05:05:14.2853044Z   73:7  error  Error: Calling setState synchronously within an effect can trigger cascading renders
2026-05-16T05:05:14.2853892Z 
2026-05-16T05:05:14.2855940Z Effects are intended to synchronize state between React and external systems such as manually updating the DOM, state management libraries, or other platform APIs. In general, the body of an effect should do one or both of the following:
2026-05-16T05:05:14.2858098Z * Update external systems with the latest state from React.
2026-05-16T05:05:14.2859534Z * Subscribe for updates from some external system, calling setState in a callback function when external state changes.
2026-05-16T05:05:14.2860508Z 
2026-05-16T05:05:14.2862114Z Calling setState synchronously within an effect body causes cascading renders that can hurt performance, and is not recommended. (https://react.dev/learn/you-might-not-need-an-effect).
2026-05-16T05:05:14.2863778Z 
2026-05-16T05:05:14.2864590Z /home/runner/work/prismTask/prismTask/web/src/features/today/PlanForTodaySheet.tsx:73:7
2026-05-16T05:05:14.2865580Z   71 |   useEffect(() => {
2026-05-16T05:05:14.2866137Z   72 |     if (isOpen) {
2026-05-16T05:05:14.2866702Z > 73 |       setSearch('');
2026-05-16T05:05:14.2867446Z      |       ^^^^^^^^^ Avoid calling setState() directly within an effect
2026-05-16T05:05:14.2868370Z   74 |       setSelectedIds(new Set());
2026-05-16T05:05:14.2869045Z   75 |       setMultiSelect(false);
2026-05-16T05:05:14.2869748Z   76 |     }  react-hooks/set-state-in-effect
2026-05-16T05:05:14.2870258Z 
2026-05-16T05:05:14.2870989Z ✖ 4 problems (4 errors, 0 warnings)
2026-05-16T05:05:14.2871485Z 
2026-05-16T05:05:14.4867905Z ##[error]Process completed with exit code 1.
2026-05-16T05:05:14.4939475Z Post job cleanup.
2026-05-16T05:05:14.5026028Z Post job cleanup.
2026-05-16T05:05:14.5891346Z [command]/usr/bin/git version
2026-05-16T05:05:14.5930536Z git version 2.54.0
2026-05-16T05:05:14.5972092Z Temporarily overriding HOME='/home/runner/work/_temp/9b41feb8-8643-451d-8bbe-78e99fff847a' before making global git config changes
2026-05-16T05:05:14.5973981Z Adding repository directory to the temporary git global config as a safe directory
2026-05-16T05:05:14.5977735Z [command]/usr/bin/git config --global --add safe.directory /home/runner/work/prismTask/prismTask
2026-05-16T05:05:14.6012156Z Removing SSH command configuration
2026-05-16T05:05:14.6019519Z [command]/usr/bin/git config --local --name-only --get-regexp core\.sshCommand
2026-05-16T05:05:14.6056436Z [command]/usr/bin/git submodule foreach --recursive sh -c "git config --local --name-only --get-regexp 'core\.sshCommand' && git config --local --unset-all 'core.sshCommand' || :"
2026-05-16T05:05:14.6323182Z Removing HTTP extra header
2026-05-16T05:05:14.6328425Z [command]/usr/bin/git config --local --name-only --get-regexp http\.https\:\/\/github\.com\/\.extraheader
2026-05-16T05:05:14.6366674Z [command]/usr/bin/git submodule foreach --recursive sh -c "git config --local --name-only --get-regexp 'http\.https\:\/\/github\.com\/\.extraheader' && git config --local --unset-all 'http.https://github.com/.extraheader' || :"
2026-05-16T05:05:14.6591883Z Removing includeIf entries pointing to credentials config files
2026-05-16T05:05:14.6599642Z [command]/usr/bin/git config --local --name-only --get-regexp ^includeIf\.gitdir:
2026-05-16T05:05:14.6626726Z includeif.gitdir:/home/runner/work/prismTask/prismTask/.git.path
2026-05-16T05:05:14.6627924Z includeif.gitdir:/home/runner/work/prismTask/prismTask/.git/worktrees/*.path
2026-05-16T05:05:14.6628857Z includeif.gitdir:/github/workspace/.git.path
2026-05-16T05:05:14.6629618Z includeif.gitdir:/github/workspace/.git/worktrees/*.path
2026-05-16T05:05:14.6637576Z [command]/usr/bin/git config --local --get-all includeif.gitdir:/home/runner/work/prismTask/prismTask/.git.path
2026-05-16T05:05:14.6660056Z /home/runner/work/_temp/git-credentials-f9bfc43c-1f2c-4409-8d6b-0d802cc0852d.config
2026-05-16T05:05:14.6672926Z [command]/usr/bin/git config --local --unset includeif.gitdir:/home/runner/work/prismTask/prismTask/.git.path /home/runner/work/_temp/git-credentials-f9bfc43c-1f2c-4409-8d6b-0d802cc0852d.config
2026-05-16T05:05:14.6709195Z [command]/usr/bin/git config --local --get-all includeif.gitdir:/home/runner/work/prismTask/prismTask/.git/worktrees/*.path
2026-05-16T05:05:14.6732138Z /home/runner/work/_temp/git-credentials-f9bfc43c-1f2c-4409-8d6b-0d802cc0852d.config
2026-05-16T05:05:14.6743101Z [command]/usr/bin/git config --local --unset includeif.gitdir:/home/runner/work/prismTask/prismTask/.git/worktrees/*.path /home/runner/work/_temp/git-credentials-f9bfc43c-1f2c-4409-8d6b-0d802cc0852d.config
2026-05-16T05:05:14.6776377Z [command]/usr/bin/git config --local --get-all includeif.gitdir:/github/workspace/.git.path
2026-05-16T05:05:14.6798298Z /github/runner_temp/git-credentials-f9bfc43c-1f2c-4409-8d6b-0d802cc0852d.config
2026-05-16T05:05:14.6807512Z [command]/usr/bin/git config --local --unset includeif.gitdir:/github/workspace/.git.path /github/runner_temp/git-credentials-f9bfc43c-1f2c-4409-8d6b-0d802cc0852d.config
2026-05-16T05:05:14.6839412Z [command]/usr/bin/git config --local --get-all includeif.gitdir:/github/workspace/.git/worktrees/*.path
2026-05-16T05:05:14.6860739Z /github/runner_temp/git-credentials-f9bfc43c-1f2c-4409-8d6b-0d802cc0852d.config
2026-05-16T05:05:14.6871458Z [command]/usr/bin/git config --local --unset includeif.gitdir:/github/workspace/.git/worktrees/*.path /github/runner_temp/git-credentials-f9bfc43c-1f2c-4409-8d6b-0d802cc0852d.config
2026-05-16T05:05:14.6909717Z [command]/usr/bin/git submodule foreach --recursive git config --local --show-origin --name-only --get-regexp remote.origin.url
2026-05-16T05:05:14.7160154Z Removing credentials config '/home/runner/work/_temp/git-credentials-f9bfc43c-1f2c-4409-8d6b-0d802cc0852d.config'
2026-05-16T05:05:14.7295165Z Cleaning up orphan processes
2026-05-16T05:05:14.7581269Z ##[warning]Node.js 20 actions are deprecated. The following actions are running on Node.js 20 and may not work as expected: actions/setup-node@v4. Actions will be forced to run with Node.js 24 by default starting June 2nd, 2026. Node.js 20 will be removed from the runner on September 16th, 2026. Please check if updated versions of these actions are available that support Node.js 24. To opt into Node.js 24 now, set the FORCE_JAVASCRIPT_ACTIONS_TO_NODE24=true environment variable on the runner or in your workflow file. Once Node.js 24 becomes the default, you can temporarily opt out by setting ACTIONS_ALLOW_USE_UNSECURE_NODE_VERSION=true. For more information see: https://github.blog/changelog/2025-09-19-deprecation-of-node-20-on-github-actions-runners/


--- Job: web-lint-and-test (id 76295443057) ---
2026-05-16T05:05:26.1951665Z Current runner version: '2.334.0'
2026-05-16T05:05:26.1978800Z ##[group]Runner Image Provisioner
2026-05-16T05:05:26.1979728Z Hosted Compute Agent
2026-05-16T05:05:26.1980289Z Version: 20260213.493
2026-05-16T05:05:26.1980837Z Commit: 5c115507f6dd24b8de37d8bbe0bb4509d0cc0fa3
2026-05-16T05:05:26.1981675Z Build Date: 2026-02-13T00:28:41Z
2026-05-16T05:05:26.1982305Z Worker ID: {4b1fe8d5-fd7f-4fde-bd86-5511c4f9b76c}
2026-05-16T05:05:26.1983021Z Azure Region: eastus
2026-05-16T05:05:26.1983606Z ##[endgroup]
2026-05-16T05:05:26.1985373Z ##[group]Operating System
2026-05-16T05:05:26.1985976Z Ubuntu
2026-05-16T05:05:26.1986569Z 24.04.4
2026-05-16T05:05:26.1987056Z LTS
2026-05-16T05:05:26.1987519Z ##[endgroup]
2026-05-16T05:05:26.1988090Z ##[group]Runner Image
2026-05-16T05:05:26.1988646Z Image: ubuntu-24.04
2026-05-16T05:05:26.1989188Z Version: 20260513.135.3
2026-05-16T05:05:26.1990497Z Included Software: https://github.com/actions/runner-images/blob/ubuntu24/20260513.135/images/ubuntu/Ubuntu2404-Readme.md
2026-05-16T05:05:26.1991933Z Image Release: https://github.com/actions/runner-images/releases/tag/ubuntu24%2F20260513.135
2026-05-16T05:05:26.1992887Z ##[endgroup]
2026-05-16T05:05:26.1994048Z ##[group]GITHUB_TOKEN Permissions
2026-05-16T05:05:26.1996547Z Actions: read
2026-05-16T05:05:26.1997077Z Checks: read
2026-05-16T05:05:26.1997653Z Contents: write
2026-05-16T05:05:26.1998243Z Metadata: read
2026-05-16T05:05:26.1998738Z ##[endgroup]
2026-05-16T05:05:26.2001011Z Secret source: Actions
2026-05-16T05:05:26.2001919Z Prepare workflow directory
2026-05-16T05:05:26.2345273Z Prepare all required actions
2026-05-16T05:05:26.2441543Z Complete job name: web-lint-and-test
2026-05-16T05:05:26.3226823Z ##[group]Run if [ 'failure' != 'success' ]; then
2026-05-16T05:05:26.3227712Z [36;1mif [ 'failure' != 'success' ]; then[0m
2026-05-16T05:05:26.3228448Z [36;1m  echo "web-lint finished with failure" >&2[0m
2026-05-16T05:05:26.3229408Z [36;1m  exit 1[0m
2026-05-16T05:05:26.3229878Z [36;1mfi[0m
2026-05-16T05:05:26.3230422Z [36;1mif [ 'success' != 'success' ]; then[0m
2026-05-16T05:05:26.3231191Z [36;1m  echo "web-unit-tests finished with success" >&2[0m
2026-05-16T05:05:26.3231924Z [36;1m  exit 1[0m
2026-05-16T05:05:26.3232382Z [36;1mfi[0m
2026-05-16T05:05:26.3232993Z [36;1mif [ 'success' != 'success' ]; then[0m
2026-05-16T05:05:26.3233700Z [36;1m  echo "web-build finished with success" >&2[0m
2026-05-16T05:05:26.3234305Z [36;1m  exit 1[0m
2026-05-16T05:05:26.3234844Z [36;1mfi[0m
2026-05-16T05:05:26.3235604Z [36;1mecho "✓ Split web lint, unit-test shards, and build passed."[0m
2026-05-16T05:05:26.3698231Z shell: /usr/bin/bash -e {0}
2026-05-16T05:05:26.3699879Z ##[endgroup]
2026-05-16T05:05:26.4125608Z web-lint finished with failure
2026-05-16T05:05:26.4180583Z ##[error]Process completed with exit code 1.
2026-05-16T05:05:26.4340365Z Cleaning up orphan processes
