=== CI FAILURE ===
Workflow:      Web CI
Workflow file: averycorp/prismTask/.github/workflows/web-ci.yml@refs/pull/1346/merge
Job(s):        web-build, web-unit-tests (1, 3), web-lint, web-unit-tests (3, 3), web-unit-tests (2, 3), web-lint-and-test
Run ID:        25838981607
Run attempt:   1
Run URL:       https://github.com/averycorp/prismTask/actions/runs/25838981607
Commit:        c8e206e23c9d5ff245376716eced4ac5330d2b14
Branch:        1346/merge
Event:         pull_request
Actor:         akarlin3
Runner OS:     Linux
Timestamp:     2026-05-14T02:58:28.119Z

Failed steps:
  - web-build: #4 Run ./.github/actions/setup-node-web
  - web-unit-tests (1, 3): #4 Run ./.github/actions/setup-node-web
  - web-lint: #4 Run ./.github/actions/setup-node-web
  - web-unit-tests (3, 3): #4 Run ./.github/actions/setup-node-web
  - web-unit-tests (2, 3): #4 Run ./.github/actions/setup-node-web
  - web-lint-and-test: #2 Verify split web checks

=== FAILED JOB LOG ===

--- Job: web-build (id 75920002396) ---
2026-05-14T02:58:04.7509216Z Current runner version: '2.334.0'
2026-05-14T02:58:04.7532586Z ##[group]Runner Image Provisioner
2026-05-14T02:58:04.7533359Z Hosted Compute Agent
2026-05-14T02:58:04.7533985Z Version: 20260213.493
2026-05-14T02:58:04.7534621Z Commit: 5c115507f6dd24b8de37d8bbe0bb4509d0cc0fa3
2026-05-14T02:58:04.7535567Z Build Date: 2026-02-13T00:28:41Z
2026-05-14T02:58:04.7536272Z Worker ID: {3261f3ba-f809-4a4f-ba22-a735d0964f89}
2026-05-14T02:58:04.7536978Z Azure Region: westus
2026-05-14T02:58:04.7537477Z ##[endgroup]
2026-05-14T02:58:04.7539282Z ##[group]Operating System
2026-05-14T02:58:04.7539866Z Ubuntu
2026-05-14T02:58:04.7540374Z 24.04.4
2026-05-14T02:58:04.7540871Z LTS
2026-05-14T02:58:04.7541349Z ##[endgroup]
2026-05-14T02:58:04.7541808Z ##[group]Runner Image
2026-05-14T02:58:04.7542397Z Image: ubuntu-24.04
2026-05-14T02:58:04.7543001Z Version: 20260413.86.1
2026-05-14T02:58:04.7544114Z Included Software: https://github.com/actions/runner-images/blob/ubuntu24/20260413.86/images/ubuntu/Ubuntu2404-Readme.md
2026-05-14T02:58:04.7546125Z Image Release: https://github.com/actions/runner-images/releases/tag/ubuntu24%2F20260413.86
2026-05-14T02:58:04.7547049Z ##[endgroup]
2026-05-14T02:58:04.7548239Z ##[group]GITHUB_TOKEN Permissions
2026-05-14T02:58:04.7550105Z Actions: read
2026-05-14T02:58:04.7550608Z Checks: read
2026-05-14T02:58:04.7551202Z Contents: write
2026-05-14T02:58:04.7551682Z Metadata: read
2026-05-14T02:58:04.7552163Z ##[endgroup]
2026-05-14T02:58:04.7554192Z Secret source: Actions
2026-05-14T02:58:04.7555184Z Prepare workflow directory
2026-05-14T02:58:04.7951616Z Prepare all required actions
2026-05-14T02:58:04.8006141Z Getting action download info
2026-05-14T02:58:05.2711384Z Download action repository 'actions/checkout@v6' (SHA:de0fac2e4500dabe0009e67214ff5f5447ce83dd)
2026-05-14T02:58:05.6717430Z Complete job name: web-build
2026-05-14T02:58:05.7468594Z ##[group]Run actions/checkout@v6
2026-05-14T02:58:05.7469441Z with:
2026-05-14T02:58:05.7469847Z   repository: averycorp/prismTask
2026-05-14T02:58:05.7470514Z   token: ***
2026-05-14T02:58:05.7470895Z   ssh-strict: true
2026-05-14T02:58:05.7471293Z   ssh-user: git
2026-05-14T02:58:05.7471687Z   persist-credentials: true
2026-05-14T02:58:05.7472130Z   clean: true
2026-05-14T02:58:05.7472526Z   sparse-checkout-cone-mode: true
2026-05-14T02:58:05.7473010Z   fetch-depth: 1
2026-05-14T02:58:05.7473389Z   fetch-tags: false
2026-05-14T02:58:05.7473785Z   show-progress: true
2026-05-14T02:58:05.7474180Z   lfs: false
2026-05-14T02:58:05.7474548Z   submodules: false
2026-05-14T02:58:05.7475167Z   set-safe-directory: true
2026-05-14T02:58:05.7476217Z ##[endgroup]
2026-05-14T02:58:05.8524643Z Syncing repository: averycorp/prismTask
2026-05-14T02:58:05.8527445Z ##[group]Getting Git version info
2026-05-14T02:58:05.8528613Z Working directory is '/home/runner/work/prismTask/prismTask'
2026-05-14T02:58:05.8530516Z [command]/usr/bin/git version
2026-05-14T02:58:05.8534581Z git version 2.53.0
2026-05-14T02:58:05.8590987Z ##[endgroup]
2026-05-14T02:58:05.8606188Z Temporarily overriding HOME='/home/runner/work/_temp/b409eff9-2f5e-4216-af0c-762112e7fdd6' before making global git config changes
2026-05-14T02:58:05.8609207Z Adding repository directory to the temporary git global config as a safe directory
2026-05-14T02:58:05.8612127Z [command]/usr/bin/git config --global --add safe.directory /home/runner/work/prismTask/prismTask
2026-05-14T02:58:05.8647002Z Deleting the contents of '/home/runner/work/prismTask/prismTask'
2026-05-14T02:58:05.8651038Z ##[group]Initializing the repository
2026-05-14T02:58:05.8655483Z [command]/usr/bin/git init /home/runner/work/prismTask/prismTask
2026-05-14T02:58:05.8762522Z hint: Using 'master' as the name for the initial branch. This default branch name
2026-05-14T02:58:05.8763807Z hint: will change to "main" in Git 3.0. To configure the initial branch name
2026-05-14T02:58:05.8765303Z hint: to use in all of your new repositories, which will suppress this warning,
2026-05-14T02:58:05.8766635Z hint: call:
2026-05-14T02:58:05.8769237Z hint:
2026-05-14T02:58:05.8770387Z hint: 	git config --global init.defaultBranch <name>
2026-05-14T02:58:05.8771257Z hint:
2026-05-14T02:58:05.8772054Z hint: Names commonly chosen instead of 'master' are 'main', 'trunk' and
2026-05-14T02:58:05.8773521Z hint: 'development'. The just-created branch can be renamed via this command:
2026-05-14T02:58:05.8774710Z hint:
2026-05-14T02:58:05.8775672Z hint: 	git branch -m <name>
2026-05-14T02:58:05.8776443Z hint:
2026-05-14T02:58:05.8777382Z hint: Disable this message with "git config set advice.defaultBranchName false"
2026-05-14T02:58:05.8778476Z Initialized empty Git repository in /home/runner/work/prismTask/prismTask/.git/
2026-05-14T02:58:05.8780055Z [command]/usr/bin/git remote add origin https://github.com/averycorp/prismTask
2026-05-14T02:58:05.8806479Z ##[endgroup]
2026-05-14T02:58:05.8807610Z ##[group]Disabling automatic garbage collection
2026-05-14T02:58:05.8810223Z [command]/usr/bin/git config --local gc.auto 0
2026-05-14T02:58:05.8838480Z ##[endgroup]
2026-05-14T02:58:05.8839573Z ##[group]Setting up auth
2026-05-14T02:58:05.8840334Z Removing SSH command configuration
2026-05-14T02:58:05.8845486Z [command]/usr/bin/git config --local --name-only --get-regexp core\.sshCommand
2026-05-14T02:58:05.8877646Z [command]/usr/bin/git submodule foreach --recursive sh -c "git config --local --name-only --get-regexp 'core\.sshCommand' && git config --local --unset-all 'core.sshCommand' || :"
2026-05-14T02:58:05.9172510Z Removing HTTP extra header
2026-05-14T02:58:05.9178659Z [command]/usr/bin/git config --local --name-only --get-regexp http\.https\:\/\/github\.com\/\.extraheader
2026-05-14T02:58:05.9209595Z [command]/usr/bin/git submodule foreach --recursive sh -c "git config --local --name-only --get-regexp 'http\.https\:\/\/github\.com\/\.extraheader' && git config --local --unset-all 'http.https://github.com/.extraheader' || :"
2026-05-14T02:58:05.9417411Z Removing includeIf entries pointing to credentials config files
2026-05-14T02:58:05.9424726Z [command]/usr/bin/git config --local --name-only --get-regexp ^includeIf\.gitdir:
2026-05-14T02:58:05.9456518Z [command]/usr/bin/git submodule foreach --recursive git config --local --show-origin --name-only --get-regexp remote.origin.url
2026-05-14T02:58:05.9670447Z [command]/usr/bin/git config --file /home/runner/work/_temp/git-credentials-fdb3ae9c-63aa-4a44-8d37-7b6772a1ea20.config http.https://github.com/.extraheader AUTHORIZATION: basic ***
2026-05-14T02:58:05.9708001Z [command]/usr/bin/git config --local includeIf.gitdir:/home/runner/work/prismTask/prismTask/.git.path /home/runner/work/_temp/git-credentials-fdb3ae9c-63aa-4a44-8d37-7b6772a1ea20.config
2026-05-14T02:58:05.9738753Z [command]/usr/bin/git config --local includeIf.gitdir:/home/runner/work/prismTask/prismTask/.git/worktrees/*.path /home/runner/work/_temp/git-credentials-fdb3ae9c-63aa-4a44-8d37-7b6772a1ea20.config
2026-05-14T02:58:05.9769435Z [command]/usr/bin/git config --local includeIf.gitdir:/github/workspace/.git.path /github/runner_temp/git-credentials-fdb3ae9c-63aa-4a44-8d37-7b6772a1ea20.config
2026-05-14T02:58:05.9801355Z [command]/usr/bin/git config --local includeIf.gitdir:/github/workspace/.git/worktrees/*.path /github/runner_temp/git-credentials-fdb3ae9c-63aa-4a44-8d37-7b6772a1ea20.config
2026-05-14T02:58:05.9833104Z ##[endgroup]
2026-05-14T02:58:05.9834281Z ##[group]Fetching the repository
2026-05-14T02:58:05.9843183Z [command]/usr/bin/git -c protocol.version=2 fetch --no-tags --prune --no-recurse-submodules --depth=1 origin +c8e206e23c9d5ff245376716eced4ac5330d2b14:refs/remotes/pull/1346/merge
2026-05-14T02:58:07.8858903Z From https://github.com/averycorp/prismTask
2026-05-14T02:58:07.8860038Z  * [new ref]         c8e206e23c9d5ff245376716eced4ac5330d2b14 -> pull/1346/merge
2026-05-14T02:58:07.8888006Z ##[endgroup]
2026-05-14T02:58:07.8889285Z ##[group]Determining the checkout info
2026-05-14T02:58:07.8890698Z ##[endgroup]
2026-05-14T02:58:07.8894135Z [command]/usr/bin/git sparse-checkout disable
2026-05-14T02:58:07.8967726Z [command]/usr/bin/git config --local --unset-all extensions.worktreeConfig
2026-05-14T02:58:07.8994471Z ##[group]Checking out the ref
2026-05-14T02:58:07.8997851Z [command]/usr/bin/git checkout --progress --force refs/remotes/pull/1346/merge
2026-05-14T02:58:08.1758753Z Note: switching to 'refs/remotes/pull/1346/merge'.
2026-05-14T02:58:08.1759833Z 
2026-05-14T02:58:08.1760741Z You are in 'detached HEAD' state. You can look around, make experimental
2026-05-14T02:58:08.1762869Z changes and commit them, and you can discard any commits you make in this
2026-05-14T02:58:08.1765272Z state without impacting any branches by switching back to a branch.
2026-05-14T02:58:08.1766559Z 
2026-05-14T02:58:08.1767428Z If you want to create a new branch to retain commits you create, you may
2026-05-14T02:58:08.1769525Z do so (now or later) by using -c with the switch command. Example:
2026-05-14T02:58:08.1770820Z 
2026-05-14T02:58:08.1771305Z   git switch -c <new-branch-name>
2026-05-14T02:58:08.1772193Z 
2026-05-14T02:58:08.1772675Z Or undo this operation with:
2026-05-14T02:58:08.1773477Z 
2026-05-14T02:58:08.1773900Z   git switch -
2026-05-14T02:58:08.1774503Z 
2026-05-14T02:58:08.1775759Z Turn off this advice by setting config variable advice.detachedHead to false
2026-05-14T02:58:08.1777390Z 
2026-05-14T02:58:08.1779146Z HEAD is now at c8e206e Merge 93823bc84beb5895ca08b3fe0238618b4c8a7ec4 into 9601c1c3dd275546f1001391e2bf86c9ee58e18d
2026-05-14T02:58:08.1787364Z ##[endgroup]
2026-05-14T02:58:08.1825772Z [command]/usr/bin/git log -1 --format=%H
2026-05-14T02:58:08.1849826Z c8e206e23c9d5ff245376716eced4ac5330d2b14
2026-05-14T02:58:08.2221360Z Prepare all required actions
2026-05-14T02:58:08.2222685Z Getting action download info
2026-05-14T02:58:08.4147313Z Download action repository 'actions/setup-node@v4' (SHA:49933ea5288caeca8642d1e84afbd3f7d6820020)
2026-05-14T02:58:08.5906691Z ##[group]Run ./.github/actions/setup-node-web
2026-05-14T02:58:08.5907082Z ##[endgroup]
2026-05-14T02:58:08.6044046Z ##[group]Run actions/setup-node@v4
2026-05-14T02:58:08.6044428Z with:
2026-05-14T02:58:08.6044717Z   node-version: 22
2026-05-14T02:58:08.6045179Z   cache: npm
2026-05-14T02:58:08.6045481Z   cache-dependency-path: web/package-lock.json
2026-05-14T02:58:08.6045875Z   always-auth: false
2026-05-14T02:58:08.6046155Z   check-latest: false
2026-05-14T02:58:08.6046578Z   token: ***
2026-05-14T02:58:08.6046829Z ##[endgroup]
2026-05-14T02:58:08.8119534Z Found in cache @ /opt/hostedtoolcache/node/22.22.2/x64
2026-05-14T02:58:08.8126935Z ##[group]Environment details
2026-05-14T02:58:12.1382655Z node: v22.22.2
2026-05-14T02:58:12.1383282Z npm: 10.9.7
2026-05-14T02:58:12.1383638Z yarn: 1.22.22
2026-05-14T02:58:12.1384671Z ##[endgroup]
2026-05-14T02:58:12.1415677Z [command]/opt/hostedtoolcache/node/22.22.2/x64/bin/npm config get cache
2026-05-14T02:58:12.3311837Z /home/runner/.npm
2026-05-14T02:58:12.6175334Z npm cache is not found
2026-05-14T02:58:12.6323065Z ##[group]Run npm ci
2026-05-14T02:58:12.6323359Z [36;1mnpm ci[0m
2026-05-14T02:58:12.6358695Z shell: /usr/bin/bash --noprofile --norc -e -o pipefail {0}
2026-05-14T02:58:12.6359071Z ##[endgroup]
2026-05-14T02:58:14.3219110Z npm error code ETARGET
2026-05-14T02:58:14.3219740Z npm error notarget No matching version found for idb@^8.0.4.
2026-05-14T02:58:14.3220350Z npm error notarget In most cases you or one of your dependencies are requesting
2026-05-14T02:58:14.3220880Z npm error notarget a package version that doesn't exist.
2026-05-14T02:58:14.3223611Z npm error A complete log of this run can be found in: /home/runner/.npm/_logs/2026-05-14T02_58_12_688Z-debug-0.log
2026-05-14T02:58:14.3606728Z ##[error]Process completed with exit code 1.
2026-05-14T02:58:14.3694438Z Post job cleanup.
2026-05-14T02:58:14.3779255Z Post job cleanup.
2026-05-14T02:58:14.4600029Z [command]/usr/bin/git version
2026-05-14T02:58:14.4636485Z git version 2.53.0
2026-05-14T02:58:14.4710625Z Temporarily overriding HOME='/home/runner/work/_temp/f616afb9-a463-4a9d-8b81-f290966252ec' before making global git config changes
2026-05-14T02:58:14.4712330Z Adding repository directory to the temporary git global config as a safe directory
2026-05-14T02:58:14.4717254Z [command]/usr/bin/git config --global --add safe.directory /home/runner/work/prismTask/prismTask
2026-05-14T02:58:14.4748893Z Removing SSH command configuration
2026-05-14T02:58:14.4755413Z [command]/usr/bin/git config --local --name-only --get-regexp core\.sshCommand
2026-05-14T02:58:14.4789199Z [command]/usr/bin/git submodule foreach --recursive sh -c "git config --local --name-only --get-regexp 'core\.sshCommand' && git config --local --unset-all 'core.sshCommand' || :"
2026-05-14T02:58:14.5011050Z Removing HTTP extra header
2026-05-14T02:58:14.5016751Z [command]/usr/bin/git config --local --name-only --get-regexp http\.https\:\/\/github\.com\/\.extraheader
2026-05-14T02:58:14.5050275Z [command]/usr/bin/git submodule foreach --recursive sh -c "git config --local --name-only --get-regexp 'http\.https\:\/\/github\.com\/\.extraheader' && git config --local --unset-all 'http.https://github.com/.extraheader' || :"
2026-05-14T02:58:14.5269725Z Removing includeIf entries pointing to credentials config files
2026-05-14T02:58:14.5280167Z [command]/usr/bin/git config --local --name-only --get-regexp ^includeIf\.gitdir:
2026-05-14T02:58:14.5303558Z includeif.gitdir:/home/runner/work/prismTask/prismTask/.git.path
2026-05-14T02:58:14.5305151Z includeif.gitdir:/home/runner/work/prismTask/prismTask/.git/worktrees/*.path
2026-05-14T02:58:14.5306047Z includeif.gitdir:/github/workspace/.git.path
2026-05-14T02:58:14.5306770Z includeif.gitdir:/github/workspace/.git/worktrees/*.path
2026-05-14T02:58:14.5315691Z [command]/usr/bin/git config --local --get-all includeif.gitdir:/home/runner/work/prismTask/prismTask/.git.path
2026-05-14T02:58:14.5338769Z /home/runner/work/_temp/git-credentials-fdb3ae9c-63aa-4a44-8d37-7b6772a1ea20.config
2026-05-14T02:58:14.5352969Z [command]/usr/bin/git config --local --unset includeif.gitdir:/home/runner/work/prismTask/prismTask/.git.path /home/runner/work/_temp/git-credentials-fdb3ae9c-63aa-4a44-8d37-7b6772a1ea20.config
2026-05-14T02:58:14.5390939Z [command]/usr/bin/git config --local --get-all includeif.gitdir:/home/runner/work/prismTask/prismTask/.git/worktrees/*.path
2026-05-14T02:58:14.5414218Z /home/runner/work/_temp/git-credentials-fdb3ae9c-63aa-4a44-8d37-7b6772a1ea20.config
2026-05-14T02:58:14.5427052Z [command]/usr/bin/git config --local --unset includeif.gitdir:/home/runner/work/prismTask/prismTask/.git/worktrees/*.path /home/runner/work/_temp/git-credentials-fdb3ae9c-63aa-4a44-8d37-7b6772a1ea20.config
2026-05-14T02:58:14.5461362Z [command]/usr/bin/git config --local --get-all includeif.gitdir:/github/workspace/.git.path
2026-05-14T02:58:14.5484093Z /github/runner_temp/git-credentials-fdb3ae9c-63aa-4a44-8d37-7b6772a1ea20.config
2026-05-14T02:58:14.5495015Z [command]/usr/bin/git config --local --unset includeif.gitdir:/github/workspace/.git.path /github/runner_temp/git-credentials-fdb3ae9c-63aa-4a44-8d37-7b6772a1ea20.config
2026-05-14T02:58:14.5530391Z [command]/usr/bin/git config --local --get-all includeif.gitdir:/github/workspace/.git/worktrees/*.path
2026-05-14T02:58:14.5552508Z /github/runner_temp/git-credentials-fdb3ae9c-63aa-4a44-8d37-7b6772a1ea20.config
2026-05-14T02:58:14.5564449Z [command]/usr/bin/git config --local --unset includeif.gitdir:/github/workspace/.git/worktrees/*.path /github/runner_temp/git-credentials-fdb3ae9c-63aa-4a44-8d37-7b6772a1ea20.config
2026-05-14T02:58:14.5601108Z [command]/usr/bin/git submodule foreach --recursive git config --local --show-origin --name-only --get-regexp remote.origin.url
2026-05-14T02:58:14.5839973Z Removing credentials config '/home/runner/work/_temp/git-credentials-fdb3ae9c-63aa-4a44-8d37-7b6772a1ea20.config'
2026-05-14T02:58:14.5965495Z Cleaning up orphan processes
2026-05-14T02:58:14.6236498Z ##[warning]Node.js 20 actions are deprecated. The following actions are running on Node.js 20 and may not work as expected: actions/setup-node@v4. Actions will be forced to run with Node.js 24 by default starting June 2nd, 2026. Node.js 20 will be removed from the runner on September 16th, 2026. Please check if updated versions of these actions are available that support Node.js 24. To opt into Node.js 24 now, set the FORCE_JAVASCRIPT_ACTIONS_TO_NODE24=true environment variable on the runner or in your workflow file. Once Node.js 24 becomes the default, you can temporarily opt out by setting ACTIONS_ALLOW_USE_UNSECURE_NODE_VERSION=true. For more information see: https://github.blog/changelog/2025-09-19-deprecation-of-node-20-on-github-actions-runners/


--- Job: web-unit-tests (1, 3) (id 75920002427) ---
2026-05-14T02:57:57.6915912Z Current runner version: '2.334.0'
2026-05-14T02:57:57.6939695Z ##[group]Runner Image Provisioner
2026-05-14T02:57:57.6940570Z Hosted Compute Agent
2026-05-14T02:57:57.6941061Z Version: 20260213.493
2026-05-14T02:57:57.6941560Z Commit: 5c115507f6dd24b8de37d8bbe0bb4509d0cc0fa3
2026-05-14T02:57:57.6942235Z Build Date: 2026-02-13T00:28:41Z
2026-05-14T02:57:57.6942825Z Worker ID: {a53eac78-1261-4d0e-9d76-aee5aaa5dd38}
2026-05-14T02:57:57.6943437Z Azure Region: westus3
2026-05-14T02:57:57.6943938Z ##[endgroup]
2026-05-14T02:57:57.6945372Z ##[group]Operating System
2026-05-14T02:57:57.6945898Z Ubuntu
2026-05-14T02:57:57.6946580Z 24.04.4
2026-05-14T02:57:57.6947019Z LTS
2026-05-14T02:57:57.6947394Z ##[endgroup]
2026-05-14T02:57:57.6947867Z ##[group]Runner Image
2026-05-14T02:57:57.6948330Z Image: ubuntu-24.04
2026-05-14T02:57:57.6948789Z Version: 20260413.86.1
2026-05-14T02:57:57.6949890Z Included Software: https://github.com/actions/runner-images/blob/ubuntu24/20260413.86/images/ubuntu/Ubuntu2404-Readme.md
2026-05-14T02:57:57.6951134Z Image Release: https://github.com/actions/runner-images/releases/tag/ubuntu24%2F20260413.86
2026-05-14T02:57:57.6951934Z ##[endgroup]
2026-05-14T02:57:57.6952966Z ##[group]GITHUB_TOKEN Permissions
2026-05-14T02:57:57.6955266Z Actions: read
2026-05-14T02:57:57.6955750Z Checks: read
2026-05-14T02:57:57.6956480Z Contents: write
2026-05-14T02:57:57.6956966Z Metadata: read
2026-05-14T02:57:57.6957388Z ##[endgroup]
2026-05-14T02:57:57.6959456Z Secret source: Actions
2026-05-14T02:57:57.6960039Z Prepare workflow directory
2026-05-14T02:57:57.7333099Z Prepare all required actions
2026-05-14T02:57:57.7370758Z Getting action download info
2026-05-14T02:57:58.1419654Z Download action repository 'actions/checkout@v6' (SHA:de0fac2e4500dabe0009e67214ff5f5447ce83dd)
2026-05-14T02:57:58.3269682Z Complete job name: web-unit-tests (1, 3)
2026-05-14T02:57:58.3848665Z ##[group]Run actions/checkout@v6
2026-05-14T02:57:58.3849497Z with:
2026-05-14T02:57:58.3849896Z   repository: averycorp/prismTask
2026-05-14T02:57:58.3850731Z   token: ***
2026-05-14T02:57:58.3851119Z   ssh-strict: true
2026-05-14T02:57:58.3851532Z   ssh-user: git
2026-05-14T02:57:58.3852042Z   persist-credentials: true
2026-05-14T02:57:58.3852490Z   clean: true
2026-05-14T02:57:58.3852908Z   sparse-checkout-cone-mode: true
2026-05-14T02:57:58.3853401Z   fetch-depth: 1
2026-05-14T02:57:58.3853818Z   fetch-tags: false
2026-05-14T02:57:58.3854220Z   show-progress: true
2026-05-14T02:57:58.3854702Z   lfs: false
2026-05-14T02:57:58.3855076Z   submodules: false
2026-05-14T02:57:58.3855507Z   set-safe-directory: true
2026-05-14T02:57:58.3856529Z ##[endgroup]
2026-05-14T02:57:58.4821657Z Syncing repository: averycorp/prismTask
2026-05-14T02:57:58.4823402Z ##[group]Getting Git version info
2026-05-14T02:57:58.4824183Z Working directory is '/home/runner/work/prismTask/prismTask'
2026-05-14T02:57:58.4825317Z [command]/usr/bin/git version
2026-05-14T02:57:58.4843014Z git version 2.53.0
2026-05-14T02:57:58.4863231Z ##[endgroup]
2026-05-14T02:57:58.4876293Z Temporarily overriding HOME='/home/runner/work/_temp/ecf37646-de1d-463d-9c51-c3b99d36c9ff' before making global git config changes
2026-05-14T02:57:58.4878224Z Adding repository directory to the temporary git global config as a safe directory
2026-05-14T02:57:58.4881538Z [command]/usr/bin/git config --global --add safe.directory /home/runner/work/prismTask/prismTask
2026-05-14T02:57:58.4913328Z Deleting the contents of '/home/runner/work/prismTask/prismTask'
2026-05-14T02:57:58.4917090Z ##[group]Initializing the repository
2026-05-14T02:57:58.4921072Z [command]/usr/bin/git init /home/runner/work/prismTask/prismTask
2026-05-14T02:57:58.5000398Z hint: Using 'master' as the name for the initial branch. This default branch name
2026-05-14T02:57:58.5002345Z hint: will change to "main" in Git 3.0. To configure the initial branch name
2026-05-14T02:57:58.5004446Z hint: to use in all of your new repositories, which will suppress this warning,
2026-05-14T02:57:58.5005607Z hint: call:
2026-05-14T02:57:58.5006869Z hint:
2026-05-14T02:57:58.5008170Z hint: 	git config --global init.defaultBranch <name>
2026-05-14T02:57:58.5009096Z hint:
2026-05-14T02:57:58.5010008Z hint: Names commonly chosen instead of 'master' are 'main', 'trunk' and
2026-05-14T02:57:58.5011511Z hint: 'development'. The just-created branch can be renamed via this command:
2026-05-14T02:57:58.5012844Z hint:
2026-05-14T02:57:58.5013505Z hint: 	git branch -m <name>
2026-05-14T02:57:58.5014315Z hint:
2026-05-14T02:57:58.5015315Z hint: Disable this message with "git config set advice.defaultBranchName false"
2026-05-14T02:57:58.5017097Z Initialized empty Git repository in /home/runner/work/prismTask/prismTask/.git/
2026-05-14T02:57:58.5020436Z [command]/usr/bin/git remote add origin https://github.com/averycorp/prismTask
2026-05-14T02:57:58.5039651Z ##[endgroup]
2026-05-14T02:57:58.5040970Z ##[group]Disabling automatic garbage collection
2026-05-14T02:57:58.5044238Z [command]/usr/bin/git config --local gc.auto 0
2026-05-14T02:57:58.5069262Z ##[endgroup]
2026-05-14T02:57:58.5070665Z ##[group]Setting up auth
2026-05-14T02:57:58.5071495Z Removing SSH command configuration
2026-05-14T02:57:58.5077846Z [command]/usr/bin/git config --local --name-only --get-regexp core\.sshCommand
2026-05-14T02:57:58.5104862Z [command]/usr/bin/git submodule foreach --recursive sh -c "git config --local --name-only --get-regexp 'core\.sshCommand' && git config --local --unset-all 'core.sshCommand' || :"
2026-05-14T02:57:58.5342672Z Removing HTTP extra header
2026-05-14T02:57:58.5349188Z [command]/usr/bin/git config --local --name-only --get-regexp http\.https\:\/\/github\.com\/\.extraheader
2026-05-14T02:57:58.5376962Z [command]/usr/bin/git submodule foreach --recursive sh -c "git config --local --name-only --get-regexp 'http\.https\:\/\/github\.com\/\.extraheader' && git config --local --unset-all 'http.https://github.com/.extraheader' || :"
2026-05-14T02:57:58.5545058Z Removing includeIf entries pointing to credentials config files
2026-05-14T02:57:58.5550342Z [command]/usr/bin/git config --local --name-only --get-regexp ^includeIf\.gitdir:
2026-05-14T02:57:58.5576425Z [command]/usr/bin/git submodule foreach --recursive git config --local --show-origin --name-only --get-regexp remote.origin.url
2026-05-14T02:57:58.5767442Z [command]/usr/bin/git config --file /home/runner/work/_temp/git-credentials-aaef1150-915f-411f-9a5f-9e98af814f66.config http.https://github.com/.extraheader AUTHORIZATION: basic ***
2026-05-14T02:57:58.5798636Z [command]/usr/bin/git config --local includeIf.gitdir:/home/runner/work/prismTask/prismTask/.git.path /home/runner/work/_temp/git-credentials-aaef1150-915f-411f-9a5f-9e98af814f66.config
2026-05-14T02:57:58.5821184Z [command]/usr/bin/git config --local includeIf.gitdir:/home/runner/work/prismTask/prismTask/.git/worktrees/*.path /home/runner/work/_temp/git-credentials-aaef1150-915f-411f-9a5f-9e98af814f66.config
2026-05-14T02:57:58.5844092Z [command]/usr/bin/git config --local includeIf.gitdir:/github/workspace/.git.path /github/runner_temp/git-credentials-aaef1150-915f-411f-9a5f-9e98af814f66.config
2026-05-14T02:57:58.5870786Z [command]/usr/bin/git config --local includeIf.gitdir:/github/workspace/.git/worktrees/*.path /github/runner_temp/git-credentials-aaef1150-915f-411f-9a5f-9e98af814f66.config
2026-05-14T02:57:58.5890441Z ##[endgroup]
2026-05-14T02:57:58.5891126Z ##[group]Fetching the repository
2026-05-14T02:57:58.5898536Z [command]/usr/bin/git -c protocol.version=2 fetch --no-tags --prune --no-recurse-submodules --depth=1 origin +c8e206e23c9d5ff245376716eced4ac5330d2b14:refs/remotes/pull/1346/merge
2026-05-14T02:58:00.9003328Z From https://github.com/averycorp/prismTask
2026-05-14T02:58:00.9005287Z  * [new ref]         c8e206e23c9d5ff245376716eced4ac5330d2b14 -> pull/1346/merge
2026-05-14T02:58:00.9029767Z ##[endgroup]
2026-05-14T02:58:00.9031040Z ##[group]Determining the checkout info
2026-05-14T02:58:00.9032488Z ##[endgroup]
2026-05-14T02:58:00.9036886Z [command]/usr/bin/git sparse-checkout disable
2026-05-14T02:58:00.9070403Z [command]/usr/bin/git config --local --unset-all extensions.worktreeConfig
2026-05-14T02:58:00.9096412Z ##[group]Checking out the ref
2026-05-14T02:58:00.9099962Z [command]/usr/bin/git checkout --progress --force refs/remotes/pull/1346/merge
2026-05-14T02:58:01.1544764Z Note: switching to 'refs/remotes/pull/1346/merge'.
2026-05-14T02:58:01.1545685Z 
2026-05-14T02:58:01.1546647Z You are in 'detached HEAD' state. You can look around, make experimental
2026-05-14T02:58:01.1548385Z changes and commit them, and you can discard any commits you make in this
2026-05-14T02:58:01.1550128Z state without impacting any branches by switching back to a branch.
2026-05-14T02:58:01.1551170Z 
2026-05-14T02:58:01.1551844Z If you want to create a new branch to retain commits you create, you may
2026-05-14T02:58:01.1553439Z do so (now or later) by using -c with the switch command. Example:
2026-05-14T02:58:01.1554408Z 
2026-05-14T02:58:01.1554771Z   git switch -c <new-branch-name>
2026-05-14T02:58:01.1555411Z 
2026-05-14T02:58:01.1555876Z Or undo this operation with:
2026-05-14T02:58:01.1556903Z 
2026-05-14T02:58:01.1557362Z   git switch -
2026-05-14T02:58:01.1557803Z 
2026-05-14T02:58:01.1558565Z Turn off this advice by setting config variable advice.detachedHead to false
2026-05-14T02:58:01.1559715Z 
2026-05-14T02:58:01.1561020Z HEAD is now at c8e206e Merge 93823bc84beb5895ca08b3fe0238618b4c8a7ec4 into 9601c1c3dd275546f1001391e2bf86c9ee58e18d
2026-05-14T02:58:01.1565086Z ##[endgroup]
2026-05-14T02:58:01.1591392Z [command]/usr/bin/git log -1 --format=%H
2026-05-14T02:58:01.1612727Z c8e206e23c9d5ff245376716eced4ac5330d2b14
2026-05-14T02:58:01.1960850Z Prepare all required actions
2026-05-14T02:58:01.1962198Z Getting action download info
2026-05-14T02:58:01.3638509Z Download action repository 'actions/setup-node@v4' (SHA:49933ea5288caeca8642d1e84afbd3f7d6820020)
2026-05-14T02:58:01.4481740Z ##[group]Run ./.github/actions/setup-node-web
2026-05-14T02:58:01.4482521Z ##[endgroup]
2026-05-14T02:58:01.4642121Z ##[group]Run actions/setup-node@v4
2026-05-14T02:58:01.4642913Z with:
2026-05-14T02:58:01.4643597Z   node-version: 22
2026-05-14T02:58:01.4644256Z   cache: npm
2026-05-14T02:58:01.4644947Z   cache-dependency-path: web/package-lock.json
2026-05-14T02:58:01.4645701Z   always-auth: false
2026-05-14T02:58:01.4646729Z   check-latest: false
2026-05-14T02:58:01.4647628Z   token: ***
2026-05-14T02:58:01.4648237Z ##[endgroup]
2026-05-14T02:58:01.6382055Z Found in cache @ /opt/hostedtoolcache/node/22.22.2/x64
2026-05-14T02:58:01.6388831Z ##[group]Environment details
2026-05-14T02:58:02.0087410Z node: v22.22.2
2026-05-14T02:58:02.0088142Z npm: 10.9.7
2026-05-14T02:58:02.0088509Z yarn: 1.22.22
2026-05-14T02:58:02.0089580Z ##[endgroup]
2026-05-14T02:58:02.0109954Z [command]/opt/hostedtoolcache/node/22.22.2/x64/bin/npm config get cache
2026-05-14T02:58:02.1457202Z /home/runner/.npm
2026-05-14T02:58:02.3886899Z npm cache is not found
2026-05-14T02:58:02.4012392Z ##[group]Run npm ci
2026-05-14T02:58:02.4012760Z [36;1mnpm ci[0m
2026-05-14T02:58:02.4040820Z shell: /usr/bin/bash --noprofile --norc -e -o pipefail {0}
2026-05-14T02:58:02.4041227Z ##[endgroup]
2026-05-14T02:58:04.3104370Z npm error code ETARGET
2026-05-14T02:58:04.3105073Z npm error notarget No matching version found for idb@^8.0.4.
2026-05-14T02:58:04.3105606Z npm error notarget In most cases you or one of your dependencies are requesting
2026-05-14T02:58:04.3106345Z npm error notarget a package version that doesn't exist.
2026-05-14T02:58:04.3107469Z npm error A complete log of this run can be found in: /home/runner/.npm/_logs/2026-05-14T02_58_02_453Z-debug-0.log
2026-05-14T02:58:04.3304833Z ##[error]Process completed with exit code 1.
2026-05-14T02:58:04.3386562Z Post job cleanup.
2026-05-14T02:58:04.3466571Z Post job cleanup.
2026-05-14T02:58:04.4259261Z [command]/usr/bin/git version
2026-05-14T02:58:04.4290869Z git version 2.53.0
2026-05-14T02:58:04.4326722Z Temporarily overriding HOME='/home/runner/work/_temp/e168ce7e-15fd-461f-83fa-339bb709d159' before making global git config changes
2026-05-14T02:58:04.4328280Z Adding repository directory to the temporary git global config as a safe directory
2026-05-14T02:58:04.4332713Z [command]/usr/bin/git config --global --add safe.directory /home/runner/work/prismTask/prismTask
2026-05-14T02:58:04.4358154Z Removing SSH command configuration
2026-05-14T02:58:04.4364410Z [command]/usr/bin/git config --local --name-only --get-regexp core\.sshCommand
2026-05-14T02:58:04.4393814Z [command]/usr/bin/git submodule foreach --recursive sh -c "git config --local --name-only --get-regexp 'core\.sshCommand' && git config --local --unset-all 'core.sshCommand' || :"
2026-05-14T02:58:04.4569225Z Removing HTTP extra header
2026-05-14T02:58:04.4573961Z [command]/usr/bin/git config --local --name-only --get-regexp http\.https\:\/\/github\.com\/\.extraheader
2026-05-14T02:58:04.4603170Z [command]/usr/bin/git submodule foreach --recursive sh -c "git config --local --name-only --get-regexp 'http\.https\:\/\/github\.com\/\.extraheader' && git config --local --unset-all 'http.https://github.com/.extraheader' || :"
2026-05-14T02:58:04.4772408Z Removing includeIf entries pointing to credentials config files
2026-05-14T02:58:04.4779232Z [command]/usr/bin/git config --local --name-only --get-regexp ^includeIf\.gitdir:
2026-05-14T02:58:04.4798221Z includeif.gitdir:/home/runner/work/prismTask/prismTask/.git.path
2026-05-14T02:58:04.4799169Z includeif.gitdir:/home/runner/work/prismTask/prismTask/.git/worktrees/*.path
2026-05-14T02:58:04.4799913Z includeif.gitdir:/github/workspace/.git.path
2026-05-14T02:58:04.4800607Z includeif.gitdir:/github/workspace/.git/worktrees/*.path
2026-05-14T02:58:04.4806884Z [command]/usr/bin/git config --local --get-all includeif.gitdir:/home/runner/work/prismTask/prismTask/.git.path
2026-05-14T02:58:04.4825048Z /home/runner/work/_temp/git-credentials-aaef1150-915f-411f-9a5f-9e98af814f66.config
2026-05-14T02:58:04.4835238Z [command]/usr/bin/git config --local --unset includeif.gitdir:/home/runner/work/prismTask/prismTask/.git.path /home/runner/work/_temp/git-credentials-aaef1150-915f-411f-9a5f-9e98af814f66.config
2026-05-14T02:58:04.4861591Z [command]/usr/bin/git config --local --get-all includeif.gitdir:/home/runner/work/prismTask/prismTask/.git/worktrees/*.path
2026-05-14T02:58:04.4880167Z /home/runner/work/_temp/git-credentials-aaef1150-915f-411f-9a5f-9e98af814f66.config
2026-05-14T02:58:04.4887892Z [command]/usr/bin/git config --local --unset includeif.gitdir:/home/runner/work/prismTask/prismTask/.git/worktrees/*.path /home/runner/work/_temp/git-credentials-aaef1150-915f-411f-9a5f-9e98af814f66.config
2026-05-14T02:58:04.4914332Z [command]/usr/bin/git config --local --get-all includeif.gitdir:/github/workspace/.git.path
2026-05-14T02:58:04.4932810Z /github/runner_temp/git-credentials-aaef1150-915f-411f-9a5f-9e98af814f66.config
2026-05-14T02:58:04.4939849Z [command]/usr/bin/git config --local --unset includeif.gitdir:/github/workspace/.git.path /github/runner_temp/git-credentials-aaef1150-915f-411f-9a5f-9e98af814f66.config
2026-05-14T02:58:04.4965248Z [command]/usr/bin/git config --local --get-all includeif.gitdir:/github/workspace/.git/worktrees/*.path
2026-05-14T02:58:04.4982519Z /github/runner_temp/git-credentials-aaef1150-915f-411f-9a5f-9e98af814f66.config
2026-05-14T02:58:04.4991135Z [command]/usr/bin/git config --local --unset includeif.gitdir:/github/workspace/.git/worktrees/*.path /github/runner_temp/git-credentials-aaef1150-915f-411f-9a5f-9e98af814f66.config
2026-05-14T02:58:04.5021252Z [command]/usr/bin/git submodule foreach --recursive git config --local --show-origin --name-only --get-regexp remote.origin.url
2026-05-14T02:58:04.5193631Z Removing credentials config '/home/runner/work/_temp/git-credentials-aaef1150-915f-411f-9a5f-9e98af814f66.config'
2026-05-14T02:58:04.5303511Z Cleaning up orphan processes
2026-05-14T02:58:04.5522557Z ##[warning]Node.js 20 actions are deprecated. The following actions are running on Node.js 20 and may not work as expected: actions/setup-node@v4. Actions will be forced to run with Node.js 24 by default starting June 2nd, 2026. Node.js 20 will be removed from the runner on September 16th, 2026. Please check if updated versions of these actions are available that support Node.js 24. To opt into Node.js 24 now, set the FORCE_JAVASCRIPT_ACTIONS_TO_NODE24=true environment variable on the runner or in your workflow file. Once Node.js 24 becomes the default, you can temporarily opt out by setting ACTIONS_ALLOW_USE_UNSECURE_NODE_VERSION=true. For more information see: https://github.blog/changelog/2025-09-19-deprecation-of-node-20-on-github-actions-runners/


--- Job: web-lint (id 75920002433) ---
2026-05-14T02:57:57.2742028Z Current runner version: '2.334.0'
2026-05-14T02:57:57.2766373Z ##[group]Runner Image Provisioner
2026-05-14T02:57:57.2767157Z Hosted Compute Agent
2026-05-14T02:57:57.2767725Z Version: 20260213.493
2026-05-14T02:57:57.2768277Z Commit: 5c115507f6dd24b8de37d8bbe0bb4509d0cc0fa3
2026-05-14T02:57:57.2769104Z Build Date: 2026-02-13T00:28:41Z
2026-05-14T02:57:57.2769744Z Worker ID: {39a7cff7-f273-47ab-9dfc-d39abe64a8f8}
2026-05-14T02:57:57.2770471Z Azure Region: centralus
2026-05-14T02:57:57.2771111Z ##[endgroup]
2026-05-14T02:57:57.2772674Z ##[group]Operating System
2026-05-14T02:57:57.2773277Z Ubuntu
2026-05-14T02:57:57.2773825Z 24.04.4
2026-05-14T02:57:57.2774526Z LTS
2026-05-14T02:57:57.2774967Z ##[endgroup]
2026-05-14T02:57:57.2775529Z ##[group]Runner Image
2026-05-14T02:57:57.2776048Z Image: ubuntu-24.04
2026-05-14T02:57:57.2776601Z Version: 20260413.86.1
2026-05-14T02:57:57.2777874Z Included Software: https://github.com/actions/runner-images/blob/ubuntu24/20260413.86/images/ubuntu/Ubuntu2404-Readme.md
2026-05-14T02:57:57.2779361Z Image Release: https://github.com/actions/runner-images/releases/tag/ubuntu24%2F20260413.86
2026-05-14T02:57:57.2780297Z ##[endgroup]
2026-05-14T02:57:57.2781476Z ##[group]GITHUB_TOKEN Permissions
2026-05-14T02:57:57.2783427Z Actions: read
2026-05-14T02:57:57.2784281Z Checks: read
2026-05-14T02:57:57.2784754Z Contents: write
2026-05-14T02:57:57.2785318Z Metadata: read
2026-05-14T02:57:57.2785805Z ##[endgroup]
2026-05-14T02:57:57.2787829Z Secret source: Actions
2026-05-14T02:57:57.2788489Z Prepare workflow directory
2026-05-14T02:57:57.3187223Z Prepare all required actions
2026-05-14T02:57:57.3223621Z Getting action download info
2026-05-14T02:57:57.6277179Z Download action repository 'actions/checkout@v6' (SHA:de0fac2e4500dabe0009e67214ff5f5447ce83dd)
2026-05-14T02:57:57.8404792Z Complete job name: web-lint
2026-05-14T02:57:57.9090339Z ##[group]Run actions/checkout@v6
2026-05-14T02:57:57.9091104Z with:
2026-05-14T02:57:57.9091504Z   repository: averycorp/prismTask
2026-05-14T02:57:57.9092190Z   token: ***
2026-05-14T02:57:57.9092572Z   ssh-strict: true
2026-05-14T02:57:57.9092953Z   ssh-user: git
2026-05-14T02:57:57.9093351Z   persist-credentials: true
2026-05-14T02:57:57.9093782Z   clean: true
2026-05-14T02:57:57.9094413Z   sparse-checkout-cone-mode: true
2026-05-14T02:57:57.9094890Z   fetch-depth: 1
2026-05-14T02:57:57.9095261Z   fetch-tags: false
2026-05-14T02:57:57.9095654Z   show-progress: true
2026-05-14T02:57:57.9096043Z   lfs: false
2026-05-14T02:57:57.9096405Z   submodules: false
2026-05-14T02:57:57.9096796Z   set-safe-directory: true
2026-05-14T02:57:57.9097423Z ##[endgroup]
2026-05-14T02:57:58.0089123Z Syncing repository: averycorp/prismTask
2026-05-14T02:57:58.0091404Z ##[group]Getting Git version info
2026-05-14T02:57:58.0092091Z Working directory is '/home/runner/work/prismTask/prismTask'
2026-05-14T02:57:58.0093134Z [command]/usr/bin/git version
2026-05-14T02:57:58.0106819Z git version 2.53.0
2026-05-14T02:57:58.0128793Z ##[endgroup]
2026-05-14T02:57:58.0143719Z Temporarily overriding HOME='/home/runner/work/_temp/9d57de59-7991-4d89-8261-ab368454612c' before making global git config changes
2026-05-14T02:57:58.0146169Z Adding repository directory to the temporary git global config as a safe directory
2026-05-14T02:57:58.0149726Z [command]/usr/bin/git config --global --add safe.directory /home/runner/work/prismTask/prismTask
2026-05-14T02:57:58.0183754Z Deleting the contents of '/home/runner/work/prismTask/prismTask'
2026-05-14T02:57:58.0187735Z ##[group]Initializing the repository
2026-05-14T02:57:58.0192040Z [command]/usr/bin/git init /home/runner/work/prismTask/prismTask
2026-05-14T02:57:58.0255199Z hint: Using 'master' as the name for the initial branch. This default branch name
2026-05-14T02:57:58.0256661Z hint: will change to "main" in Git 3.0. To configure the initial branch name
2026-05-14T02:57:58.0257984Z hint: to use in all of your new repositories, which will suppress this warning,
2026-05-14T02:57:58.0258703Z hint: call:
2026-05-14T02:57:58.0259248Z hint:
2026-05-14T02:57:58.0259994Z hint: 	git config --global init.defaultBranch <name>
2026-05-14T02:57:58.0260555Z hint:
2026-05-14T02:57:58.0261338Z hint: Names commonly chosen instead of 'master' are 'main', 'trunk' and
2026-05-14T02:57:58.0262515Z hint: 'development'. The just-created branch can be renamed via this command:
2026-05-14T02:57:58.0263245Z hint:
2026-05-14T02:57:58.0263606Z hint: 	git branch -m <name>
2026-05-14T02:57:58.0264293Z hint:
2026-05-14T02:57:58.0265210Z hint: Disable this message with "git config set advice.defaultBranchName false"
2026-05-14T02:57:58.0266387Z Initialized empty Git repository in /home/runner/work/prismTask/prismTask/.git/
2026-05-14T02:57:58.0268189Z [command]/usr/bin/git remote add origin https://github.com/averycorp/prismTask
2026-05-14T02:57:58.0330137Z ##[endgroup]
2026-05-14T02:57:58.0331179Z ##[group]Disabling automatic garbage collection
2026-05-14T02:57:58.0334316Z [command]/usr/bin/git config --local gc.auto 0
2026-05-14T02:57:58.0363638Z ##[endgroup]
2026-05-14T02:57:58.0364502Z ##[group]Setting up auth
2026-05-14T02:57:58.0365181Z Removing SSH command configuration
2026-05-14T02:57:58.0371193Z [command]/usr/bin/git config --local --name-only --get-regexp core\.sshCommand
2026-05-14T02:57:58.0402959Z [command]/usr/bin/git submodule foreach --recursive sh -c "git config --local --name-only --get-regexp 'core\.sshCommand' && git config --local --unset-all 'core.sshCommand' || :"
2026-05-14T02:57:58.0677627Z Removing HTTP extra header
2026-05-14T02:57:58.0682611Z [command]/usr/bin/git config --local --name-only --get-regexp http\.https\:\/\/github\.com\/\.extraheader
2026-05-14T02:57:58.0713115Z [command]/usr/bin/git submodule foreach --recursive sh -c "git config --local --name-only --get-regexp 'http\.https\:\/\/github\.com\/\.extraheader' && git config --local --unset-all 'http.https://github.com/.extraheader' || :"
2026-05-14T02:57:58.0936068Z Removing includeIf entries pointing to credentials config files
2026-05-14T02:57:58.0941417Z [command]/usr/bin/git config --local --name-only --get-regexp ^includeIf\.gitdir:
2026-05-14T02:57:58.0971992Z [command]/usr/bin/git submodule foreach --recursive git config --local --show-origin --name-only --get-regexp remote.origin.url
2026-05-14T02:57:58.1204532Z [command]/usr/bin/git config --file /home/runner/work/_temp/git-credentials-011b5af7-d49c-41a5-97c2-6921bb72cbcc.config http.https://github.com/.extraheader AUTHORIZATION: basic ***
2026-05-14T02:57:58.1242050Z [command]/usr/bin/git config --local includeIf.gitdir:/home/runner/work/prismTask/prismTask/.git.path /home/runner/work/_temp/git-credentials-011b5af7-d49c-41a5-97c2-6921bb72cbcc.config
2026-05-14T02:57:58.1273696Z [command]/usr/bin/git config --local includeIf.gitdir:/home/runner/work/prismTask/prismTask/.git/worktrees/*.path /home/runner/work/_temp/git-credentials-011b5af7-d49c-41a5-97c2-6921bb72cbcc.config
2026-05-14T02:57:58.1305988Z [command]/usr/bin/git config --local includeIf.gitdir:/github/workspace/.git.path /github/runner_temp/git-credentials-011b5af7-d49c-41a5-97c2-6921bb72cbcc.config
2026-05-14T02:57:58.1338309Z [command]/usr/bin/git config --local includeIf.gitdir:/github/workspace/.git/worktrees/*.path /github/runner_temp/git-credentials-011b5af7-d49c-41a5-97c2-6921bb72cbcc.config
2026-05-14T02:57:58.1371915Z ##[endgroup]
2026-05-14T02:57:58.1372598Z ##[group]Fetching the repository
2026-05-14T02:57:58.1380422Z [command]/usr/bin/git -c protocol.version=2 fetch --no-tags --prune --no-recurse-submodules --depth=1 origin +c8e206e23c9d5ff245376716eced4ac5330d2b14:refs/remotes/pull/1346/merge
2026-05-14T02:58:00.0990660Z From https://github.com/averycorp/prismTask
2026-05-14T02:58:00.0992693Z  * [new ref]         c8e206e23c9d5ff245376716eced4ac5330d2b14 -> pull/1346/merge
2026-05-14T02:58:00.1020154Z ##[endgroup]
2026-05-14T02:58:00.1021371Z ##[group]Determining the checkout info
2026-05-14T02:58:00.1022602Z ##[endgroup]
2026-05-14T02:58:00.1027911Z [command]/usr/bin/git sparse-checkout disable
2026-05-14T02:58:00.1067818Z [command]/usr/bin/git config --local --unset-all extensions.worktreeConfig
2026-05-14T02:58:00.1096281Z ##[group]Checking out the ref
2026-05-14T02:58:00.1099916Z [command]/usr/bin/git checkout --progress --force refs/remotes/pull/1346/merge
2026-05-14T02:58:00.4019477Z Note: switching to 'refs/remotes/pull/1346/merge'.
2026-05-14T02:58:00.4020921Z 
2026-05-14T02:58:00.4021303Z You are in 'detached HEAD' state. You can look around, make experimental
2026-05-14T02:58:00.4022112Z changes and commit them, and you can discard any commits you make in this
2026-05-14T02:58:00.4022923Z state without impacting any branches by switching back to a branch.
2026-05-14T02:58:00.4023514Z 
2026-05-14T02:58:00.4023857Z If you want to create a new branch to retain commits you create, you may
2026-05-14T02:58:00.4024856Z do so (now or later) by using -c with the switch command. Example:
2026-05-14T02:58:00.4025367Z 
2026-05-14T02:58:00.4025560Z   git switch -c <new-branch-name>
2026-05-14T02:58:00.4025859Z 
2026-05-14T02:58:00.4026046Z Or undo this operation with:
2026-05-14T02:58:00.4026348Z 
2026-05-14T02:58:00.4026502Z   git switch -
2026-05-14T02:58:00.4026727Z 
2026-05-14T02:58:00.4027137Z Turn off this advice by setting config variable advice.detachedHead to false
2026-05-14T02:58:00.4027636Z 
2026-05-14T02:58:00.4028212Z HEAD is now at c8e206e Merge 93823bc84beb5895ca08b3fe0238618b4c8a7ec4 into 9601c1c3dd275546f1001391e2bf86c9ee58e18d
2026-05-14T02:58:00.4045269Z ##[endgroup]
2026-05-14T02:58:00.4085540Z [command]/usr/bin/git log -1 --format=%H
2026-05-14T02:58:00.4109938Z c8e206e23c9d5ff245376716eced4ac5330d2b14
2026-05-14T02:58:00.4402131Z Prepare all required actions
2026-05-14T02:58:00.4402605Z Getting action download info
2026-05-14T02:58:00.5973918Z Download action repository 'actions/setup-node@v4' (SHA:49933ea5288caeca8642d1e84afbd3f7d6820020)
2026-05-14T02:58:00.6968159Z ##[group]Run ./.github/actions/setup-node-web
2026-05-14T02:58:00.6968519Z ##[endgroup]
2026-05-14T02:58:00.7099234Z ##[group]Run actions/setup-node@v4
2026-05-14T02:58:00.7099576Z with:
2026-05-14T02:58:00.7099863Z   node-version: 22
2026-05-14T02:58:00.7100099Z   cache: npm
2026-05-14T02:58:00.7100367Z   cache-dependency-path: web/package-lock.json
2026-05-14T02:58:00.7100687Z   always-auth: false
2026-05-14T02:58:00.7100922Z   check-latest: false
2026-05-14T02:58:00.7101341Z   token: ***
2026-05-14T02:58:00.7101571Z ##[endgroup]
2026-05-14T02:58:00.8933710Z Found in cache @ /opt/hostedtoolcache/node/22.22.2/x64
2026-05-14T02:58:00.8940566Z ##[group]Environment details
2026-05-14T02:58:04.1061618Z node: v22.22.2
2026-05-14T02:58:04.1062315Z npm: 10.9.7
2026-05-14T02:58:04.1062601Z yarn: 1.22.22
2026-05-14T02:58:04.1063747Z ##[endgroup]
2026-05-14T02:58:04.1084959Z [command]/opt/hostedtoolcache/node/22.22.2/x64/bin/npm config get cache
2026-05-14T02:58:04.2792663Z /home/runner/.npm
2026-05-14T02:58:04.4551751Z npm cache is not found
2026-05-14T02:58:04.4709843Z ##[group]Run npm ci
2026-05-14T02:58:04.4710224Z [36;1mnpm ci[0m
2026-05-14T02:58:04.4744853Z shell: /usr/bin/bash --noprofile --norc -e -o pipefail {0}
2026-05-14T02:58:04.4745223Z ##[endgroup]
2026-05-14T02:58:06.0749989Z npm error code ETARGET
2026-05-14T02:58:06.0750946Z npm error notarget No matching version found for idb@^8.0.4.
2026-05-14T02:58:06.0751865Z npm error notarget In most cases you or one of your dependencies are requesting
2026-05-14T02:58:06.0752721Z npm error notarget a package version that doesn't exist.
2026-05-14T02:58:06.0753951Z npm error A complete log of this run can be found in: /home/runner/.npm/_logs/2026-05-14T02_58_04_531Z-debug-0.log
2026-05-14T02:58:06.1134465Z ##[error]Process completed with exit code 1.
2026-05-14T02:58:06.1220792Z Post job cleanup.
2026-05-14T02:58:06.1301927Z Post job cleanup.
2026-05-14T02:58:06.2111350Z [command]/usr/bin/git version
2026-05-14T02:58:06.2147906Z git version 2.53.0
2026-05-14T02:58:06.2186512Z Temporarily overriding HOME='/home/runner/work/_temp/8a42091e-2624-42b5-8eaa-24dba6af7035' before making global git config changes
2026-05-14T02:58:06.2187951Z Adding repository directory to the temporary git global config as a safe directory
2026-05-14T02:58:06.2192426Z [command]/usr/bin/git config --global --add safe.directory /home/runner/work/prismTask/prismTask
2026-05-14T02:58:06.2223597Z Removing SSH command configuration
2026-05-14T02:58:06.2229618Z [command]/usr/bin/git config --local --name-only --get-regexp core\.sshCommand
2026-05-14T02:58:06.2266472Z [command]/usr/bin/git submodule foreach --recursive sh -c "git config --local --name-only --get-regexp 'core\.sshCommand' && git config --local --unset-all 'core.sshCommand' || :"
2026-05-14T02:58:06.2531756Z Removing HTTP extra header
2026-05-14T02:58:06.2537034Z [command]/usr/bin/git config --local --name-only --get-regexp http\.https\:\/\/github\.com\/\.extraheader
2026-05-14T02:58:06.2571288Z [command]/usr/bin/git submodule foreach --recursive sh -c "git config --local --name-only --get-regexp 'http\.https\:\/\/github\.com\/\.extraheader' && git config --local --unset-all 'http.https://github.com/.extraheader' || :"
2026-05-14T02:58:06.2806556Z Removing includeIf entries pointing to credentials config files
2026-05-14T02:58:06.2815014Z [command]/usr/bin/git config --local --name-only --get-regexp ^includeIf\.gitdir:
2026-05-14T02:58:06.2840192Z includeif.gitdir:/home/runner/work/prismTask/prismTask/.git.path
2026-05-14T02:58:06.2840995Z includeif.gitdir:/home/runner/work/prismTask/prismTask/.git/worktrees/*.path
2026-05-14T02:58:06.2841755Z includeif.gitdir:/github/workspace/.git.path
2026-05-14T02:58:06.2842579Z includeif.gitdir:/github/workspace/.git/worktrees/*.path
2026-05-14T02:58:06.2851124Z [command]/usr/bin/git config --local --get-all includeif.gitdir:/home/runner/work/prismTask/prismTask/.git.path
2026-05-14T02:58:06.2875231Z /home/runner/work/_temp/git-credentials-011b5af7-d49c-41a5-97c2-6921bb72cbcc.config
2026-05-14T02:58:06.2888452Z [command]/usr/bin/git config --local --unset includeif.gitdir:/home/runner/work/prismTask/prismTask/.git.path /home/runner/work/_temp/git-credentials-011b5af7-d49c-41a5-97c2-6921bb72cbcc.config
2026-05-14T02:58:06.2926755Z [command]/usr/bin/git config --local --get-all includeif.gitdir:/home/runner/work/prismTask/prismTask/.git/worktrees/*.path
2026-05-14T02:58:06.2953531Z /home/runner/work/_temp/git-credentials-011b5af7-d49c-41a5-97c2-6921bb72cbcc.config
2026-05-14T02:58:06.2964936Z [command]/usr/bin/git config --local --unset includeif.gitdir:/home/runner/work/prismTask/prismTask/.git/worktrees/*.path /home/runner/work/_temp/git-credentials-011b5af7-d49c-41a5-97c2-6921bb72cbcc.config
2026-05-14T02:58:06.2999735Z [command]/usr/bin/git config --local --get-all includeif.gitdir:/github/workspace/.git.path
2026-05-14T02:58:06.3023726Z /github/runner_temp/git-credentials-011b5af7-d49c-41a5-97c2-6921bb72cbcc.config
2026-05-14T02:58:06.3033450Z [command]/usr/bin/git config --local --unset includeif.gitdir:/github/workspace/.git.path /github/runner_temp/git-credentials-011b5af7-d49c-41a5-97c2-6921bb72cbcc.config
2026-05-14T02:58:06.3069176Z [command]/usr/bin/git config --local --get-all includeif.gitdir:/github/workspace/.git/worktrees/*.path
2026-05-14T02:58:06.3092839Z /github/runner_temp/git-credentials-011b5af7-d49c-41a5-97c2-6921bb72cbcc.config
2026-05-14T02:58:06.3104725Z [command]/usr/bin/git config --local --unset includeif.gitdir:/github/workspace/.git/worktrees/*.path /github/runner_temp/git-credentials-011b5af7-d49c-41a5-97c2-6921bb72cbcc.config
2026-05-14T02:58:06.3140482Z [command]/usr/bin/git submodule foreach --recursive git config --local --show-origin --name-only --get-regexp remote.origin.url
2026-05-14T02:58:06.3367873Z Removing credentials config '/home/runner/work/_temp/git-credentials-011b5af7-d49c-41a5-97c2-6921bb72cbcc.config'
2026-05-14T02:58:06.3504802Z Cleaning up orphan processes
2026-05-14T02:58:06.3763813Z ##[warning]Node.js 20 actions are deprecated. The following actions are running on Node.js 20 and may not work as expected: actions/setup-node@v4. Actions will be forced to run with Node.js 24 by default starting June 2nd, 2026. Node.js 20 will be removed from the runner on September 16th, 2026. Please check if updated versions of these actions are available that support Node.js 24. To opt into Node.js 24 now, set the FORCE_JAVASCRIPT_ACTIONS_TO_NODE24=true environment variable on the runner or in your workflow file. Once Node.js 24 becomes the default, you can temporarily opt out by setting ACTIONS_ALLOW_USE_UNSECURE_NODE_VERSION=true. For more information see: https://github.blog/changelog/2025-09-19-deprecation-of-node-20-on-github-actions-runners/


--- Job: web-unit-tests (3, 3) (id 75920002442) ---
2026-05-14T02:58:03.2187907Z Current runner version: '2.334.0'
2026-05-14T02:58:03.2213856Z ##[group]Runner Image Provisioner
2026-05-14T02:58:03.2214740Z Hosted Compute Agent
2026-05-14T02:58:03.2215310Z Version: 20260213.493
2026-05-14T02:58:03.2216015Z Commit: 5c115507f6dd24b8de37d8bbe0bb4509d0cc0fa3
2026-05-14T02:58:03.2216798Z Build Date: 2026-02-13T00:28:41Z
2026-05-14T02:58:03.2217455Z Worker ID: {530aaec3-48c0-4a48-9dca-f88ad9114d88}
2026-05-14T02:58:03.2218237Z Azure Region: eastus2
2026-05-14T02:58:03.2218774Z ##[endgroup]
2026-05-14T02:58:03.2220830Z ##[group]Operating System
2026-05-14T02:58:03.2221532Z Ubuntu
2026-05-14T02:58:03.2222123Z 24.04.4
2026-05-14T02:58:03.2222624Z LTS
2026-05-14T02:58:03.2223115Z ##[endgroup]
2026-05-14T02:58:03.2223678Z ##[group]Runner Image
2026-05-14T02:58:03.2224233Z Image: ubuntu-24.04
2026-05-14T02:58:03.2224848Z Version: 20260413.86.1
2026-05-14T02:58:03.2226090Z Included Software: https://github.com/actions/runner-images/blob/ubuntu24/20260413.86/images/ubuntu/Ubuntu2404-Readme.md
2026-05-14T02:58:03.2227627Z Image Release: https://github.com/actions/runner-images/releases/tag/ubuntu24%2F20260413.86
2026-05-14T02:58:03.2228509Z ##[endgroup]
2026-05-14T02:58:03.2229855Z ##[group]GITHUB_TOKEN Permissions
2026-05-14T02:58:03.2232103Z Actions: read
2026-05-14T02:58:03.2232638Z Checks: read
2026-05-14T02:58:03.2233163Z Contents: write
2026-05-14T02:58:03.2233806Z Metadata: read
2026-05-14T02:58:03.2234302Z ##[endgroup]
2026-05-14T02:58:03.2236351Z Secret source: Actions
2026-05-14T02:58:03.2237413Z Prepare workflow directory
2026-05-14T02:58:03.2632723Z Prepare all required actions
2026-05-14T02:58:03.2669471Z Getting action download info
2026-05-14T02:58:03.5299623Z Download action repository 'actions/checkout@v6' (SHA:de0fac2e4500dabe0009e67214ff5f5447ce83dd)
2026-05-14T02:58:03.7295815Z Complete job name: web-unit-tests (3, 3)
2026-05-14T02:58:03.7924602Z ##[group]Run actions/checkout@v6
2026-05-14T02:58:03.7925364Z with:
2026-05-14T02:58:03.7925767Z   repository: averycorp/prismTask
2026-05-14T02:58:03.7926451Z   token: ***
2026-05-14T02:58:03.7926850Z   ssh-strict: true
2026-05-14T02:58:03.7927244Z   ssh-user: git
2026-05-14T02:58:03.7927647Z   persist-credentials: true
2026-05-14T02:58:03.7928084Z   clean: true
2026-05-14T02:58:03.7928488Z   sparse-checkout-cone-mode: true
2026-05-14T02:58:03.7928955Z   fetch-depth: 1
2026-05-14T02:58:03.7929618Z   fetch-tags: false
2026-05-14T02:58:03.7930023Z   show-progress: true
2026-05-14T02:58:03.7930428Z   lfs: false
2026-05-14T02:58:03.7930795Z   submodules: false
2026-05-14T02:58:03.7931203Z   set-safe-directory: true
2026-05-14T02:58:03.7931832Z ##[endgroup]
2026-05-14T02:58:03.8916625Z Syncing repository: averycorp/prismTask
2026-05-14T02:58:03.8918296Z ##[group]Getting Git version info
2026-05-14T02:58:03.8918972Z Working directory is '/home/runner/work/prismTask/prismTask'
2026-05-14T02:58:03.8920396Z [command]/usr/bin/git version
2026-05-14T02:58:03.8943069Z git version 2.53.0
2026-05-14T02:58:03.8965464Z ##[endgroup]
2026-05-14T02:58:03.8980458Z Temporarily overriding HOME='/home/runner/work/_temp/8879b237-44b5-4e02-ba50-909144cb3d80' before making global git config changes
2026-05-14T02:58:03.8982587Z Adding repository directory to the temporary git global config as a safe directory
2026-05-14T02:58:03.8986141Z [command]/usr/bin/git config --global --add safe.directory /home/runner/work/prismTask/prismTask
2026-05-14T02:58:03.9021449Z Deleting the contents of '/home/runner/work/prismTask/prismTask'
2026-05-14T02:58:03.9025290Z ##[group]Initializing the repository
2026-05-14T02:58:03.9029729Z [command]/usr/bin/git init /home/runner/work/prismTask/prismTask
2026-05-14T02:58:03.9117516Z hint: Using 'master' as the name for the initial branch. This default branch name
2026-05-14T02:58:03.9118986Z hint: will change to "main" in Git 3.0. To configure the initial branch name
2026-05-14T02:58:03.9120617Z hint: to use in all of your new repositories, which will suppress this warning,
2026-05-14T02:58:03.9121748Z hint: call:
2026-05-14T02:58:03.9122547Z hint:
2026-05-14T02:58:03.9123660Z hint: 	git config --global init.defaultBranch <name>
2026-05-14T02:58:03.9124574Z hint:
2026-05-14T02:58:03.9125421Z hint: Names commonly chosen instead of 'master' are 'main', 'trunk' and
2026-05-14T02:58:03.9126779Z hint: 'development'. The just-created branch can be renamed via this command:
2026-05-14T02:58:03.9127836Z hint:
2026-05-14T02:58:03.9128430Z hint: 	git branch -m <name>
2026-05-14T02:58:03.9129288Z hint:
2026-05-14T02:58:03.9130227Z hint: Disable this message with "git config set advice.defaultBranchName false"
2026-05-14T02:58:03.9131777Z Initialized empty Git repository in /home/runner/work/prismTask/prismTask/.git/
2026-05-14T02:58:03.9134157Z [command]/usr/bin/git remote add origin https://github.com/averycorp/prismTask
2026-05-14T02:58:03.9163950Z ##[endgroup]
2026-05-14T02:58:03.9165059Z ##[group]Disabling automatic garbage collection
2026-05-14T02:58:03.9168426Z [command]/usr/bin/git config --local gc.auto 0
2026-05-14T02:58:03.9198331Z ##[endgroup]
2026-05-14T02:58:03.9199615Z ##[group]Setting up auth
2026-05-14T02:58:03.9200412Z Removing SSH command configuration
2026-05-14T02:58:03.9205702Z [command]/usr/bin/git config --local --name-only --get-regexp core\.sshCommand
2026-05-14T02:58:03.9237103Z [command]/usr/bin/git submodule foreach --recursive sh -c "git config --local --name-only --get-regexp 'core\.sshCommand' && git config --local --unset-all 'core.sshCommand' || :"
2026-05-14T02:58:03.9556277Z Removing HTTP extra header
2026-05-14T02:58:03.9562304Z [command]/usr/bin/git config --local --name-only --get-regexp http\.https\:\/\/github\.com\/\.extraheader
2026-05-14T02:58:03.9594646Z [command]/usr/bin/git submodule foreach --recursive sh -c "git config --local --name-only --get-regexp 'http\.https\:\/\/github\.com\/\.extraheader' && git config --local --unset-all 'http.https://github.com/.extraheader' || :"
2026-05-14T02:58:03.9819185Z Removing includeIf entries pointing to credentials config files
2026-05-14T02:58:03.9824909Z [command]/usr/bin/git config --local --name-only --get-regexp ^includeIf\.gitdir:
2026-05-14T02:58:03.9856964Z [command]/usr/bin/git submodule foreach --recursive git config --local --show-origin --name-only --get-regexp remote.origin.url
2026-05-14T02:58:04.0087238Z [command]/usr/bin/git config --file /home/runner/work/_temp/git-credentials-8536e3e1-cc6a-4ec0-99ee-03eb830ef323.config http.https://github.com/.extraheader AUTHORIZATION: basic ***
2026-05-14T02:58:04.0125970Z [command]/usr/bin/git config --local includeIf.gitdir:/home/runner/work/prismTask/prismTask/.git.path /home/runner/work/_temp/git-credentials-8536e3e1-cc6a-4ec0-99ee-03eb830ef323.config
2026-05-14T02:58:04.0157194Z [command]/usr/bin/git config --local includeIf.gitdir:/home/runner/work/prismTask/prismTask/.git/worktrees/*.path /home/runner/work/_temp/git-credentials-8536e3e1-cc6a-4ec0-99ee-03eb830ef323.config
2026-05-14T02:58:04.0189231Z [command]/usr/bin/git config --local includeIf.gitdir:/github/workspace/.git.path /github/runner_temp/git-credentials-8536e3e1-cc6a-4ec0-99ee-03eb830ef323.config
2026-05-14T02:58:04.0222665Z [command]/usr/bin/git config --local includeIf.gitdir:/github/workspace/.git/worktrees/*.path /github/runner_temp/git-credentials-8536e3e1-cc6a-4ec0-99ee-03eb830ef323.config
2026-05-14T02:58:04.0250619Z ##[endgroup]
2026-05-14T02:58:04.0251312Z ##[group]Fetching the repository
2026-05-14T02:58:04.0257894Z [command]/usr/bin/git -c protocol.version=2 fetch --no-tags --prune --no-recurse-submodules --depth=1 origin +c8e206e23c9d5ff245376716eced4ac5330d2b14:refs/remotes/pull/1346/merge
2026-05-14T02:58:04.9812941Z From https://github.com/averycorp/prismTask
2026-05-14T02:58:04.9815131Z  * [new ref]         c8e206e23c9d5ff245376716eced4ac5330d2b14 -> pull/1346/merge
2026-05-14T02:58:04.9843215Z ##[endgroup]
2026-05-14T02:58:04.9844727Z ##[group]Determining the checkout info
2026-05-14T02:58:04.9846458Z ##[endgroup]
2026-05-14T02:58:04.9849728Z [command]/usr/bin/git sparse-checkout disable
2026-05-14T02:58:04.9888533Z [command]/usr/bin/git config --local --unset-all extensions.worktreeConfig
2026-05-14T02:58:04.9917957Z ##[group]Checking out the ref
2026-05-14T02:58:04.9920833Z [command]/usr/bin/git checkout --progress --force refs/remotes/pull/1346/merge
2026-05-14T02:58:05.2785640Z Note: switching to 'refs/remotes/pull/1346/merge'.
2026-05-14T02:58:05.2786180Z 
2026-05-14T02:58:05.2786593Z You are in 'detached HEAD' state. You can look around, make experimental
2026-05-14T02:58:05.2787375Z changes and commit them, and you can discard any commits you make in this
2026-05-14T02:58:05.2788252Z state without impacting any branches by switching back to a branch.
2026-05-14T02:58:05.2788735Z 
2026-05-14T02:58:05.2789353Z If you want to create a new branch to retain commits you create, you may
2026-05-14T02:58:05.2790127Z do so (now or later) by using -c with the switch command. Example:
2026-05-14T02:58:05.2790638Z 
2026-05-14T02:58:05.2790839Z   git switch -c <new-branch-name>
2026-05-14T02:58:05.2791130Z 
2026-05-14T02:58:05.2791317Z Or undo this operation with:
2026-05-14T02:58:05.2791626Z 
2026-05-14T02:58:05.2791825Z   git switch -
2026-05-14T02:58:05.2792060Z 
2026-05-14T02:58:05.2792430Z Turn off this advice by setting config variable advice.detachedHead to false
2026-05-14T02:58:05.2792949Z 
2026-05-14T02:58:05.2793529Z HEAD is now at c8e206e Merge 93823bc84beb5895ca08b3fe0238618b4c8a7ec4 into 9601c1c3dd275546f1001391e2bf86c9ee58e18d
2026-05-14T02:58:05.2849904Z ##[endgroup]
2026-05-14T02:58:05.2852924Z [command]/usr/bin/git log -1 --format=%H
2026-05-14T02:58:05.2878218Z c8e206e23c9d5ff245376716eced4ac5330d2b14
2026-05-14T02:58:05.3175715Z Prepare all required actions
2026-05-14T02:58:05.3176194Z Getting action download info
2026-05-14T02:58:05.4298278Z Download action repository 'actions/setup-node@v4' (SHA:49933ea5288caeca8642d1e84afbd3f7d6820020)
2026-05-14T02:58:05.6469701Z ##[group]Run ./.github/actions/setup-node-web
2026-05-14T02:58:05.6470025Z ##[endgroup]
2026-05-14T02:58:05.6593864Z ##[group]Run actions/setup-node@v4
2026-05-14T02:58:05.6594156Z with:
2026-05-14T02:58:05.6594406Z   node-version: 22
2026-05-14T02:58:05.6594607Z   cache: npm
2026-05-14T02:58:05.6594831Z   cache-dependency-path: web/package-lock.json
2026-05-14T02:58:05.6595114Z   always-auth: false
2026-05-14T02:58:05.6595311Z   check-latest: false
2026-05-14T02:58:05.6595654Z   token: ***
2026-05-14T02:58:05.6595845Z ##[endgroup]
2026-05-14T02:58:06.0734617Z Found in cache @ /opt/hostedtoolcache/node/22.22.2/x64
2026-05-14T02:58:06.0741887Z ##[group]Environment details
2026-05-14T02:58:09.5573756Z node: v22.22.2
2026-05-14T02:58:09.5574806Z npm: 10.9.7
2026-05-14T02:58:09.5575268Z yarn: 1.22.22
2026-05-14T02:58:09.5576171Z ##[endgroup]
2026-05-14T02:58:09.5600455Z [command]/opt/hostedtoolcache/node/22.22.2/x64/bin/npm config get cache
2026-05-14T02:58:09.7524673Z /home/runner/.npm
2026-05-14T02:58:09.8487329Z npm cache is not found
2026-05-14T02:58:09.8633496Z ##[group]Run npm ci
2026-05-14T02:58:09.8633794Z [36;1mnpm ci[0m
2026-05-14T02:58:09.8670095Z shell: /usr/bin/bash --noprofile --norc -e -o pipefail {0}
2026-05-14T02:58:09.8670473Z ##[endgroup]
2026-05-14T02:58:11.1392151Z npm error code ETARGET
2026-05-14T02:58:11.1393127Z npm error notarget No matching version found for idb@^8.0.4.
2026-05-14T02:58:11.1394046Z npm error notarget In most cases you or one of your dependencies are requesting
2026-05-14T02:58:11.1394914Z npm error notarget a package version that doesn't exist.
2026-05-14T02:58:11.1396056Z npm error A complete log of this run can be found in: /home/runner/.npm/_logs/2026-05-14T02_58_09_924Z-debug-0.log
2026-05-14T02:58:11.1777777Z ##[error]Process completed with exit code 1.
2026-05-14T02:58:11.1864944Z Post job cleanup.
2026-05-14T02:58:11.1946892Z Post job cleanup.
2026-05-14T02:58:11.2775925Z [command]/usr/bin/git version
2026-05-14T02:58:11.2843901Z git version 2.53.0
2026-05-14T02:58:11.2882731Z Temporarily overriding HOME='/home/runner/work/_temp/f58a256b-d432-4099-aa7e-7a0749a44d15' before making global git config changes
2026-05-14T02:58:11.2884161Z Adding repository directory to the temporary git global config as a safe directory
2026-05-14T02:58:11.2888578Z [command]/usr/bin/git config --global --add safe.directory /home/runner/work/prismTask/prismTask
2026-05-14T02:58:11.2920169Z Removing SSH command configuration
2026-05-14T02:58:11.2926528Z [command]/usr/bin/git config --local --name-only --get-regexp core\.sshCommand
2026-05-14T02:58:11.2964417Z [command]/usr/bin/git submodule foreach --recursive sh -c "git config --local --name-only --get-regexp 'core\.sshCommand' && git config --local --unset-all 'core.sshCommand' || :"
2026-05-14T02:58:11.3200919Z Removing HTTP extra header
2026-05-14T02:58:11.3205486Z [command]/usr/bin/git config --local --name-only --get-regexp http\.https\:\/\/github\.com\/\.extraheader
2026-05-14T02:58:11.3240861Z [command]/usr/bin/git submodule foreach --recursive sh -c "git config --local --name-only --get-regexp 'http\.https\:\/\/github\.com\/\.extraheader' && git config --local --unset-all 'http.https://github.com/.extraheader' || :"
2026-05-14T02:58:11.3472703Z Removing includeIf entries pointing to credentials config files
2026-05-14T02:58:11.3478969Z [command]/usr/bin/git config --local --name-only --get-regexp ^includeIf\.gitdir:
2026-05-14T02:58:11.3502656Z includeif.gitdir:/home/runner/work/prismTask/prismTask/.git.path
2026-05-14T02:58:11.3503892Z includeif.gitdir:/home/runner/work/prismTask/prismTask/.git/worktrees/*.path
2026-05-14T02:58:11.3504444Z includeif.gitdir:/github/workspace/.git.path
2026-05-14T02:58:11.3504895Z includeif.gitdir:/github/workspace/.git/worktrees/*.path
2026-05-14T02:58:11.3512120Z [command]/usr/bin/git config --local --get-all includeif.gitdir:/home/runner/work/prismTask/prismTask/.git.path
2026-05-14T02:58:11.3534750Z /home/runner/work/_temp/git-credentials-8536e3e1-cc6a-4ec0-99ee-03eb830ef323.config
2026-05-14T02:58:11.3546015Z [command]/usr/bin/git config --local --unset includeif.gitdir:/home/runner/work/prismTask/prismTask/.git.path /home/runner/work/_temp/git-credentials-8536e3e1-cc6a-4ec0-99ee-03eb830ef323.config
2026-05-14T02:58:11.3581198Z [command]/usr/bin/git config --local --get-all includeif.gitdir:/home/runner/work/prismTask/prismTask/.git/worktrees/*.path
2026-05-14T02:58:11.3603309Z /home/runner/work/_temp/git-credentials-8536e3e1-cc6a-4ec0-99ee-03eb830ef323.config
2026-05-14T02:58:11.3611951Z [command]/usr/bin/git config --local --unset includeif.gitdir:/home/runner/work/prismTask/prismTask/.git/worktrees/*.path /home/runner/work/_temp/git-credentials-8536e3e1-cc6a-4ec0-99ee-03eb830ef323.config
2026-05-14T02:58:11.3643498Z [command]/usr/bin/git config --local --get-all includeif.gitdir:/github/workspace/.git.path
2026-05-14T02:58:11.3665358Z /github/runner_temp/git-credentials-8536e3e1-cc6a-4ec0-99ee-03eb830ef323.config
2026-05-14T02:58:11.3672943Z [command]/usr/bin/git config --local --unset includeif.gitdir:/github/workspace/.git.path /github/runner_temp/git-credentials-8536e3e1-cc6a-4ec0-99ee-03eb830ef323.config
2026-05-14T02:58:11.3703517Z [command]/usr/bin/git config --local --get-all includeif.gitdir:/github/workspace/.git/worktrees/*.path
2026-05-14T02:58:11.3725361Z /github/runner_temp/git-credentials-8536e3e1-cc6a-4ec0-99ee-03eb830ef323.config
2026-05-14T02:58:11.3736487Z [command]/usr/bin/git config --local --unset includeif.gitdir:/github/workspace/.git/worktrees/*.path /github/runner_temp/git-credentials-8536e3e1-cc6a-4ec0-99ee-03eb830ef323.config
2026-05-14T02:58:11.3770023Z [command]/usr/bin/git submodule foreach --recursive git config --local --show-origin --name-only --get-regexp remote.origin.url
2026-05-14T02:58:11.3997929Z Removing credentials config '/home/runner/work/_temp/git-credentials-8536e3e1-cc6a-4ec0-99ee-03eb830ef323.config'
2026-05-14T02:58:11.4135125Z Cleaning up orphan processes
2026-05-14T02:58:11.4407106Z ##[warning]Node.js 20 actions are deprecated. The following actions are running on Node.js 20 and may not work as expected: actions/setup-node@v4. Actions will be forced to run with Node.js 24 by default starting June 2nd, 2026. Node.js 20 will be removed from the runner on September 16th, 2026. Please check if updated versions of these actions are available that support Node.js 24. To opt into Node.js 24 now, set the FORCE_JAVASCRIPT_ACTIONS_TO_NODE24=true environment variable on the runner or in your workflow file. Once Node.js 24 becomes the default, you can temporarily opt out by setting ACTIONS_ALLOW_USE_UNSECURE_NODE_VERSION=true. For more information see: https://github.blog/changelog/2025-09-19-deprecation-of-node-20-on-github-actions-runners/


--- Job: web-unit-tests (2, 3) (id 75920002451) ---
2026-05-14T02:58:05.1597466Z Current runner version: '2.334.0'
2026-05-14T02:58:05.1621095Z ##[group]Runner Image Provisioner
2026-05-14T02:58:05.1621935Z Hosted Compute Agent
2026-05-14T02:58:05.1622804Z Version: 20260213.493
2026-05-14T02:58:05.1623491Z Commit: 5c115507f6dd24b8de37d8bbe0bb4509d0cc0fa3
2026-05-14T02:58:05.1624147Z Build Date: 2026-02-13T00:28:41Z
2026-05-14T02:58:05.1624797Z Worker ID: {faace92b-ff8d-4756-92c7-5f56ad034da0}
2026-05-14T02:58:05.1625523Z Azure Region: westus
2026-05-14T02:58:05.1626055Z ##[endgroup]
2026-05-14T02:58:05.1627473Z ##[group]Operating System
2026-05-14T02:58:05.1628099Z Ubuntu
2026-05-14T02:58:05.1628584Z 24.04.4
2026-05-14T02:58:05.1628994Z LTS
2026-05-14T02:58:05.1629464Z ##[endgroup]
2026-05-14T02:58:05.1629977Z ##[group]Runner Image
2026-05-14T02:58:05.1630513Z Image: ubuntu-24.04
2026-05-14T02:58:05.1631038Z Version: 20260413.86.1
2026-05-14T02:58:05.1632175Z Included Software: https://github.com/actions/runner-images/blob/ubuntu24/20260413.86/images/ubuntu/Ubuntu2404-Readme.md
2026-05-14T02:58:05.1633867Z Image Release: https://github.com/actions/runner-images/releases/tag/ubuntu24%2F20260413.86
2026-05-14T02:58:05.1634796Z ##[endgroup]
2026-05-14T02:58:05.1635893Z ##[group]GITHUB_TOKEN Permissions
2026-05-14T02:58:05.1637746Z Actions: read
2026-05-14T02:58:05.1638252Z Checks: read
2026-05-14T02:58:05.1638723Z Contents: write
2026-05-14T02:58:05.1639311Z Metadata: read
2026-05-14T02:58:05.1639812Z ##[endgroup]
2026-05-14T02:58:05.1641736Z Secret source: Actions
2026-05-14T02:58:05.1642759Z Prepare workflow directory
2026-05-14T02:58:05.2034376Z Prepare all required actions
2026-05-14T02:58:05.2074286Z Getting action download info
2026-05-14T02:58:05.6471269Z Download action repository 'actions/checkout@v6' (SHA:de0fac2e4500dabe0009e67214ff5f5447ce83dd)
2026-05-14T02:58:06.0043900Z Complete job name: web-unit-tests (2, 3)
2026-05-14T02:58:06.0695172Z ##[group]Run actions/checkout@v6
2026-05-14T02:58:06.0695989Z with:
2026-05-14T02:58:06.0696387Z   repository: averycorp/prismTask
2026-05-14T02:58:06.0697040Z   token: ***
2026-05-14T02:58:06.0697418Z   ssh-strict: true
2026-05-14T02:58:06.0697799Z   ssh-user: git
2026-05-14T02:58:06.0698190Z   persist-credentials: true
2026-05-14T02:58:06.0698623Z   clean: true
2026-05-14T02:58:06.0699012Z   sparse-checkout-cone-mode: true
2026-05-14T02:58:06.0699482Z   fetch-depth: 1
2026-05-14T02:58:06.0699861Z   fetch-tags: false
2026-05-14T02:58:06.0700248Z   show-progress: true
2026-05-14T02:58:06.0700647Z   lfs: false
2026-05-14T02:58:06.0701001Z   submodules: false
2026-05-14T02:58:06.0701392Z   set-safe-directory: true
2026-05-14T02:58:06.0702053Z ##[endgroup]
2026-05-14T02:58:06.1667567Z Syncing repository: averycorp/prismTask
2026-05-14T02:58:06.1669231Z ##[group]Getting Git version info
2026-05-14T02:58:06.1669906Z Working directory is '/home/runner/work/prismTask/prismTask'
2026-05-14T02:58:06.1670884Z [command]/usr/bin/git version
2026-05-14T02:58:06.2779177Z git version 2.53.0
2026-05-14T02:58:06.2835998Z ##[endgroup]
2026-05-14T02:58:06.2850702Z Temporarily overriding HOME='/home/runner/work/_temp/90665edc-4e0b-4556-b2eb-2dc9d7b8a09c' before making global git config changes
2026-05-14T02:58:06.2855951Z Adding repository directory to the temporary git global config as a safe directory
2026-05-14T02:58:06.2857164Z [command]/usr/bin/git config --global --add safe.directory /home/runner/work/prismTask/prismTask
2026-05-14T02:58:06.2891251Z Deleting the contents of '/home/runner/work/prismTask/prismTask'
2026-05-14T02:58:06.2895179Z ##[group]Initializing the repository
2026-05-14T02:58:06.2899697Z [command]/usr/bin/git init /home/runner/work/prismTask/prismTask
2026-05-14T02:58:06.2984668Z hint: Using 'master' as the name for the initial branch. This default branch name
2026-05-14T02:58:06.2986228Z hint: will change to "main" in Git 3.0. To configure the initial branch name
2026-05-14T02:58:06.2987422Z hint: to use in all of your new repositories, which will suppress this warning,
2026-05-14T02:58:06.2988645Z hint: call:
2026-05-14T02:58:06.2989019Z hint:
2026-05-14T02:58:06.2989777Z hint: 	git config --global init.defaultBranch <name>
2026-05-14T02:58:06.2990339Z hint:
2026-05-14T02:58:06.2990856Z hint: Names commonly chosen instead of 'master' are 'main', 'trunk' and
2026-05-14T02:58:06.2992037Z hint: 'development'. The just-created branch can be renamed via this command:
2026-05-14T02:58:06.2993219Z hint:
2026-05-14T02:58:06.2993596Z hint: 	git branch -m <name>
2026-05-14T02:58:06.2994015Z hint:
2026-05-14T02:58:06.2994575Z hint: Disable this message with "git config set advice.defaultBranchName false"
2026-05-14T02:58:06.2995746Z Initialized empty Git repository in /home/runner/work/prismTask/prismTask/.git/
2026-05-14T02:58:06.2997771Z [command]/usr/bin/git remote add origin https://github.com/averycorp/prismTask
2026-05-14T02:58:06.3030672Z ##[endgroup]
2026-05-14T02:58:06.3031418Z ##[group]Disabling automatic garbage collection
2026-05-14T02:58:06.3034711Z [command]/usr/bin/git config --local gc.auto 0
2026-05-14T02:58:06.3063852Z ##[endgroup]
2026-05-14T02:58:06.3064753Z ##[group]Setting up auth
2026-05-14T02:58:06.3065520Z Removing SSH command configuration
2026-05-14T02:58:06.3070740Z [command]/usr/bin/git config --local --name-only --get-regexp core\.sshCommand
2026-05-14T02:58:06.3101565Z [command]/usr/bin/git submodule foreach --recursive sh -c "git config --local --name-only --get-regexp 'core\.sshCommand' && git config --local --unset-all 'core.sshCommand' || :"
2026-05-14T02:58:06.3384104Z Removing HTTP extra header
2026-05-14T02:58:06.3389754Z [command]/usr/bin/git config --local --name-only --get-regexp http\.https\:\/\/github\.com\/\.extraheader
2026-05-14T02:58:06.3421290Z [command]/usr/bin/git submodule foreach --recursive sh -c "git config --local --name-only --get-regexp 'http\.https\:\/\/github\.com\/\.extraheader' && git config --local --unset-all 'http.https://github.com/.extraheader' || :"
2026-05-14T02:58:06.3635233Z Removing includeIf entries pointing to credentials config files
2026-05-14T02:58:06.3642622Z [command]/usr/bin/git config --local --name-only --get-regexp ^includeIf\.gitdir:
2026-05-14T02:58:06.3675152Z [command]/usr/bin/git submodule foreach --recursive git config --local --show-origin --name-only --get-regexp remote.origin.url
2026-05-14T02:58:06.3896306Z [command]/usr/bin/git config --file /home/runner/work/_temp/git-credentials-5c969681-d3f6-44a8-b01e-cd7e6a0bde2a.config http.https://github.com/.extraheader AUTHORIZATION: basic ***
2026-05-14T02:58:06.3932134Z [command]/usr/bin/git config --local includeIf.gitdir:/home/runner/work/prismTask/prismTask/.git.path /home/runner/work/_temp/git-credentials-5c969681-d3f6-44a8-b01e-cd7e6a0bde2a.config
2026-05-14T02:58:06.3960371Z [command]/usr/bin/git config --local includeIf.gitdir:/home/runner/work/prismTask/prismTask/.git/worktrees/*.path /home/runner/work/_temp/git-credentials-5c969681-d3f6-44a8-b01e-cd7e6a0bde2a.config
2026-05-14T02:58:06.3989743Z [command]/usr/bin/git config --local includeIf.gitdir:/github/workspace/.git.path /github/runner_temp/git-credentials-5c969681-d3f6-44a8-b01e-cd7e6a0bde2a.config
2026-05-14T02:58:06.4019671Z [command]/usr/bin/git config --local includeIf.gitdir:/github/workspace/.git/worktrees/*.path /github/runner_temp/git-credentials-5c969681-d3f6-44a8-b01e-cd7e6a0bde2a.config
2026-05-14T02:58:06.4044438Z ##[endgroup]
2026-05-14T02:58:06.4045237Z ##[group]Fetching the repository
2026-05-14T02:58:06.4051898Z [command]/usr/bin/git -c protocol.version=2 fetch --no-tags --prune --no-recurse-submodules --depth=1 origin +c8e206e23c9d5ff245376716eced4ac5330d2b14:refs/remotes/pull/1346/merge
2026-05-14T02:58:08.2315052Z From https://github.com/averycorp/prismTask
2026-05-14T02:58:08.2318216Z  * [new ref]         c8e206e23c9d5ff245376716eced4ac5330d2b14 -> pull/1346/merge
2026-05-14T02:58:08.2344962Z ##[endgroup]
2026-05-14T02:58:08.2346441Z ##[group]Determining the checkout info
2026-05-14T02:58:08.2347731Z ##[endgroup]
2026-05-14T02:58:08.2353208Z [command]/usr/bin/git sparse-checkout disable
2026-05-14T02:58:08.2391065Z [command]/usr/bin/git config --local --unset-all extensions.worktreeConfig
2026-05-14T02:58:08.2419296Z ##[group]Checking out the ref
2026-05-14T02:58:08.2423578Z [command]/usr/bin/git checkout --progress --force refs/remotes/pull/1346/merge
2026-05-14T02:58:08.5190032Z Note: switching to 'refs/remotes/pull/1346/merge'.
2026-05-14T02:58:08.5190607Z 
2026-05-14T02:58:08.5191031Z You are in 'detached HEAD' state. You can look around, make experimental
2026-05-14T02:58:08.5191949Z changes and commit them, and you can discard any commits you make in this
2026-05-14T02:58:08.5193088Z state without impacting any branches by switching back to a branch.
2026-05-14T02:58:08.5193636Z 
2026-05-14T02:58:08.5194015Z If you want to create a new branch to retain commits you create, you may
2026-05-14T02:58:08.5194824Z do so (now or later) by using -c with the switch command. Example:
2026-05-14T02:58:08.5195333Z 
2026-05-14T02:58:08.5195548Z   git switch -c <new-branch-name>
2026-05-14T02:58:08.5195876Z 
2026-05-14T02:58:08.5196091Z Or undo this operation with:
2026-05-14T02:58:08.5196425Z 
2026-05-14T02:58:08.5196595Z   git switch -
2026-05-14T02:58:08.5196855Z 
2026-05-14T02:58:08.5197255Z Turn off this advice by setting config variable advice.detachedHead to false
2026-05-14T02:58:08.5197820Z 
2026-05-14T02:58:08.5198463Z HEAD is now at c8e206e Merge 93823bc84beb5895ca08b3fe0238618b4c8a7ec4 into 9601c1c3dd275546f1001391e2bf86c9ee58e18d
2026-05-14T02:58:08.5216275Z ##[endgroup]
2026-05-14T02:58:08.5255072Z [command]/usr/bin/git log -1 --format=%H
2026-05-14T02:58:08.5277819Z c8e206e23c9d5ff245376716eced4ac5330d2b14
2026-05-14T02:58:08.5550898Z Prepare all required actions
2026-05-14T02:58:08.5551406Z Getting action download info
2026-05-14T02:58:08.7327507Z Download action repository 'actions/setup-node@v4' (SHA:49933ea5288caeca8642d1e84afbd3f7d6820020)
2026-05-14T02:58:08.8292442Z ##[group]Run ./.github/actions/setup-node-web
2026-05-14T02:58:08.8292807Z ##[endgroup]
2026-05-14T02:58:08.8424663Z ##[group]Run actions/setup-node@v4
2026-05-14T02:58:08.8424991Z with:
2026-05-14T02:58:08.8425244Z   node-version: 22
2026-05-14T02:58:08.8425467Z   cache: npm
2026-05-14T02:58:08.8425724Z   cache-dependency-path: web/package-lock.json
2026-05-14T02:58:08.8426051Z   always-auth: false
2026-05-14T02:58:08.8426281Z   check-latest: false
2026-05-14T02:58:08.8426653Z   token: ***
2026-05-14T02:58:08.8426865Z ##[endgroup]
2026-05-14T02:58:09.0313870Z Found in cache @ /opt/hostedtoolcache/node/22.22.2/x64
2026-05-14T02:58:09.0321361Z ##[group]Environment details
2026-05-14T02:58:09.3317635Z node: v22.22.2
2026-05-14T02:58:09.3318357Z npm: 10.9.7
2026-05-14T02:58:09.3318842Z yarn: 1.22.22
2026-05-14T02:58:09.3320139Z ##[endgroup]
2026-05-14T02:58:09.3390375Z [command]/opt/hostedtoolcache/node/22.22.2/x64/bin/npm config get cache
2026-05-14T02:58:09.4800732Z /home/runner/.npm
2026-05-14T02:58:09.7658738Z npm cache is not found
2026-05-14T02:58:09.7802700Z ##[group]Run npm ci
2026-05-14T02:58:09.7802990Z [36;1mnpm ci[0m
2026-05-14T02:58:09.7837309Z shell: /usr/bin/bash --noprofile --norc -e -o pipefail {0}
2026-05-14T02:58:09.7837685Z ##[endgroup]
2026-05-14T02:58:11.2744255Z npm error code ETARGET
2026-05-14T02:58:11.2744995Z npm error notarget No matching version found for idb@^8.0.4.
2026-05-14T02:58:11.2745591Z npm error notarget In most cases you or one of your dependencies are requesting
2026-05-14T02:58:11.2746150Z npm error notarget a package version that doesn't exist.
2026-05-14T02:58:11.2747608Z npm error A complete log of this run can be found in: /home/runner/.npm/_logs/2026-05-14T02_58_09_840Z-debug-0.log
2026-05-14T02:58:11.3122926Z ##[error]Process completed with exit code 1.
2026-05-14T02:58:11.3209733Z Post job cleanup.
2026-05-14T02:58:11.3293171Z Post job cleanup.
2026-05-14T02:58:11.4126577Z [command]/usr/bin/git version
2026-05-14T02:58:11.4162815Z git version 2.53.0
2026-05-14T02:58:11.4203730Z Temporarily overriding HOME='/home/runner/work/_temp/01931db1-aa9b-4f75-a60b-d3dab2641429' before making global git config changes
2026-05-14T02:58:11.4204696Z Adding repository directory to the temporary git global config as a safe directory
2026-05-14T02:58:11.4209513Z [command]/usr/bin/git config --global --add safe.directory /home/runner/work/prismTask/prismTask
2026-05-14T02:58:11.4239570Z Removing SSH command configuration
2026-05-14T02:58:11.4246562Z [command]/usr/bin/git config --local --name-only --get-regexp core\.sshCommand
2026-05-14T02:58:11.4280460Z [command]/usr/bin/git submodule foreach --recursive sh -c "git config --local --name-only --get-regexp 'core\.sshCommand' && git config --local --unset-all 'core.sshCommand' || :"
2026-05-14T02:58:11.4500915Z Removing HTTP extra header
2026-05-14T02:58:11.4505914Z [command]/usr/bin/git config --local --name-only --get-regexp http\.https\:\/\/github\.com\/\.extraheader
2026-05-14T02:58:11.4538234Z [command]/usr/bin/git submodule foreach --recursive sh -c "git config --local --name-only --get-regexp 'http\.https\:\/\/github\.com\/\.extraheader' && git config --local --unset-all 'http.https://github.com/.extraheader' || :"
2026-05-14T02:58:11.4767049Z Removing includeIf entries pointing to credentials config files
2026-05-14T02:58:11.4768414Z [command]/usr/bin/git config --local --name-only --get-regexp ^includeIf\.gitdir:
2026-05-14T02:58:11.4793245Z includeif.gitdir:/home/runner/work/prismTask/prismTask/.git.path
2026-05-14T02:58:11.4794372Z includeif.gitdir:/home/runner/work/prismTask/prismTask/.git/worktrees/*.path
2026-05-14T02:58:11.4795426Z includeif.gitdir:/github/workspace/.git.path
2026-05-14T02:58:11.4796135Z includeif.gitdir:/github/workspace/.git/worktrees/*.path
2026-05-14T02:58:11.4804994Z [command]/usr/bin/git config --local --get-all includeif.gitdir:/home/runner/work/prismTask/prismTask/.git.path
2026-05-14T02:58:11.4829606Z /home/runner/work/_temp/git-credentials-5c969681-d3f6-44a8-b01e-cd7e6a0bde2a.config
2026-05-14T02:58:11.4843827Z [command]/usr/bin/git config --local --unset includeif.gitdir:/home/runner/work/prismTask/prismTask/.git.path /home/runner/work/_temp/git-credentials-5c969681-d3f6-44a8-b01e-cd7e6a0bde2a.config
2026-05-14T02:58:11.4880723Z [command]/usr/bin/git config --local --get-all includeif.gitdir:/home/runner/work/prismTask/prismTask/.git/worktrees/*.path
2026-05-14T02:58:11.4905954Z /home/runner/work/_temp/git-credentials-5c969681-d3f6-44a8-b01e-cd7e6a0bde2a.config
2026-05-14T02:58:11.4918980Z [command]/usr/bin/git config --local --unset includeif.gitdir:/home/runner/work/prismTask/prismTask/.git/worktrees/*.path /home/runner/work/_temp/git-credentials-5c969681-d3f6-44a8-b01e-cd7e6a0bde2a.config
2026-05-14T02:58:11.4954041Z [command]/usr/bin/git config --local --get-all includeif.gitdir:/github/workspace/.git.path
2026-05-14T02:58:11.4978172Z /github/runner_temp/git-credentials-5c969681-d3f6-44a8-b01e-cd7e6a0bde2a.config
2026-05-14T02:58:11.4986104Z [command]/usr/bin/git config --local --unset includeif.gitdir:/github/workspace/.git.path /github/runner_temp/git-credentials-5c969681-d3f6-44a8-b01e-cd7e6a0bde2a.config
2026-05-14T02:58:11.5018161Z [command]/usr/bin/git config --local --get-all includeif.gitdir:/github/workspace/.git/worktrees/*.path
2026-05-14T02:58:11.5039861Z /github/runner_temp/git-credentials-5c969681-d3f6-44a8-b01e-cd7e6a0bde2a.config
2026-05-14T02:58:11.5049481Z [command]/usr/bin/git config --local --unset includeif.gitdir:/github/workspace/.git/worktrees/*.path /github/runner_temp/git-credentials-5c969681-d3f6-44a8-b01e-cd7e6a0bde2a.config
2026-05-14T02:58:11.5083121Z [command]/usr/bin/git submodule foreach --recursive git config --local --show-origin --name-only --get-regexp remote.origin.url
2026-05-14T02:58:11.5323126Z Removing credentials config '/home/runner/work/_temp/git-credentials-5c969681-d3f6-44a8-b01e-cd7e6a0bde2a.config'
2026-05-14T02:58:11.5473444Z Cleaning up orphan processes
2026-05-14T02:58:11.5742954Z ##[warning]Node.js 20 actions are deprecated. The following actions are running on Node.js 20 and may not work as expected: actions/setup-node@v4. Actions will be forced to run with Node.js 24 by default starting June 2nd, 2026. Node.js 20 will be removed from the runner on September 16th, 2026. Please check if updated versions of these actions are available that support Node.js 24. To opt into Node.js 24 now, set the FORCE_JAVASCRIPT_ACTIONS_TO_NODE24=true environment variable on the runner or in your workflow file. Once Node.js 24 becomes the default, you can temporarily opt out by setting ACTIONS_ALLOW_USE_UNSECURE_NODE_VERSION=true. For more information see: https://github.blog/changelog/2025-09-19-deprecation-of-node-20-on-github-actions-runners/


--- Job: web-lint-and-test (id 75920034851) ---
2026-05-14T02:58:19.9966216Z Current runner version: '2.334.0'
2026-05-14T02:58:20.0003342Z ##[group]Runner Image Provisioner
2026-05-14T02:58:20.0004642Z Hosted Compute Agent
2026-05-14T02:58:20.0005501Z Version: 20260213.493
2026-05-14T02:58:20.0006317Z Commit: 5c115507f6dd24b8de37d8bbe0bb4509d0cc0fa3
2026-05-14T02:58:20.0007507Z Build Date: 2026-02-13T00:28:41Z
2026-05-14T02:58:20.0008516Z Worker ID: {0f719277-764a-4419-bff8-ef0ceed61c59}
2026-05-14T02:58:20.0009552Z Azure Region: northcentralus
2026-05-14T02:58:20.0010498Z ##[endgroup]
2026-05-14T02:58:20.0013067Z ##[group]Operating System
2026-05-14T02:58:20.0013940Z Ubuntu
2026-05-14T02:58:20.0014685Z 24.04.4
2026-05-14T02:58:20.0015360Z LTS
2026-05-14T02:58:20.0015980Z ##[endgroup]
2026-05-14T02:58:20.0016810Z ##[group]Runner Image
2026-05-14T02:58:20.0017653Z Image: ubuntu-24.04
2026-05-14T02:58:20.0018513Z Version: 20260413.86.1
2026-05-14T02:58:20.0020533Z Included Software: https://github.com/actions/runner-images/blob/ubuntu24/20260413.86/images/ubuntu/Ubuntu2404-Readme.md
2026-05-14T02:58:20.0023191Z Image Release: https://github.com/actions/runner-images/releases/tag/ubuntu24%2F20260413.86
2026-05-14T02:58:20.0024736Z ##[endgroup]
2026-05-14T02:58:20.0026580Z ##[group]GITHUB_TOKEN Permissions
2026-05-14T02:58:20.0029669Z Actions: read
2026-05-14T02:58:20.0030537Z Checks: read
2026-05-14T02:58:20.0031502Z Contents: write
2026-05-14T02:58:20.0032403Z Metadata: read
2026-05-14T02:58:20.0033162Z ##[endgroup]
2026-05-14T02:58:20.0037092Z Secret source: Actions
2026-05-14T02:58:20.0038510Z Prepare workflow directory
2026-05-14T02:58:20.0456337Z Prepare all required actions
2026-05-14T02:58:20.0592969Z Complete job name: web-lint-and-test
2026-05-14T02:58:20.1719853Z ##[group]Run if [ 'failure' != 'success' ]; then
2026-05-14T02:58:20.1721432Z [36;1mif [ 'failure' != 'success' ]; then[0m
2026-05-14T02:58:20.1722548Z [36;1m  echo "web-lint finished with failure" >&2[0m
2026-05-14T02:58:20.1723700Z [36;1m  exit 1[0m
2026-05-14T02:58:20.1724478Z [36;1mfi[0m
2026-05-14T02:58:20.1725254Z [36;1mif [ 'failure' != 'success' ]; then[0m
2026-05-14T02:58:20.1726425Z [36;1m  echo "web-unit-tests finished with failure" >&2[0m
2026-05-14T02:58:20.1727461Z [36;1m  exit 1[0m
2026-05-14T02:58:20.1728120Z [36;1mfi[0m
2026-05-14T02:58:20.1728959Z [36;1mif [ 'failure' != 'success' ]; then[0m
2026-05-14T02:58:20.1729989Z [36;1m  echo "web-build finished with failure" >&2[0m
2026-05-14T02:58:20.1731358Z [36;1m  exit 1[0m
2026-05-14T02:58:20.1732208Z [36;1mfi[0m
2026-05-14T02:58:20.1733121Z [36;1mecho "✓ Split web lint, unit-test shards, and build passed."[0m
2026-05-14T02:58:20.2282289Z shell: /usr/bin/bash -e {0}
2026-05-14T02:58:20.2284108Z ##[endgroup]
2026-05-14T02:58:20.2600432Z web-lint finished with failure
2026-05-14T02:58:20.2625462Z ##[error]Process completed with exit code 1.
2026-05-14T02:58:20.2751002Z Cleaning up orphan processes
