=== CI FAILURE ===
Workflow:      Web CI
Workflow file: akarlin3/prismTask/.github/workflows/web-ci.yml@refs/pull/1685/merge
Job(s):        web-relevance, web-lint-and-test
Run ID:        26206537508
Run attempt:   1
Run URL:       https://github.com/akarlin3/prismTask/actions/runs/26206537508
Commit:        ee86db90a9cf646931b9b90e492b710db9f2a8c7
Branch:        1685/merge
Event:         pull_request
Actor:         akarlin3
Runner OS:     Linux
Timestamp:     2026-05-21T05:03:24.309Z

Failed steps:
  - web-relevance: #3 Run dorny/paths-filter@v4
  - web-lint-and-test: #2 Verify split web checks

=== FAILED JOB LOG ===

--- Job: web-relevance (id 77107523675) ---
2026-05-21T05:03:05.2433869Z Current runner version: '2.334.0'
2026-05-21T05:03:05.2474827Z ##[group]Runner Image Provisioner
2026-05-21T05:03:05.2476072Z Hosted Compute Agent
2026-05-21T05:03:05.2477244Z Version: 20260213.493
2026-05-21T05:03:05.2478263Z Commit: 5c115507f6dd24b8de37d8bbe0bb4509d0cc0fa3
2026-05-21T05:03:05.2479526Z Build Date: 2026-02-13T00:28:41Z
2026-05-21T05:03:05.2480784Z Worker ID: {e5dfc08e-e333-4678-b7f9-b486795fcdad}
2026-05-21T05:03:05.2482367Z Azure Region: eastus2
2026-05-21T05:03:05.2483275Z ##[endgroup]
2026-05-21T05:03:05.2485752Z ##[group]Operating System
2026-05-21T05:03:05.2486815Z Ubuntu
2026-05-21T05:03:05.2487670Z 24.04.4
2026-05-21T05:03:05.2488544Z LTS
2026-05-21T05:03:05.2489320Z ##[endgroup]
2026-05-21T05:03:05.2490180Z ##[group]Runner Image
2026-05-21T05:03:05.2491688Z Image: ubuntu-24.04
2026-05-21T05:03:05.2492716Z Version: 20260518.149.1
2026-05-21T05:03:05.2494920Z Included Software: https://github.com/actions/runner-images/blob/ubuntu24/20260518.149/images/ubuntu/Ubuntu2404-Readme.md
2026-05-21T05:03:05.2497806Z Image Release: https://github.com/actions/runner-images/releases/tag/ubuntu24%2F20260518.149
2026-05-21T05:03:05.2499473Z ##[endgroup]
2026-05-21T05:03:05.2502113Z ##[group]GITHUB_TOKEN Permissions
2026-05-21T05:03:05.2505471Z Actions: read
2026-05-21T05:03:05.2506441Z Checks: read
2026-05-21T05:03:05.2507290Z Contents: write
2026-05-21T05:03:05.2508160Z Metadata: read
2026-05-21T05:03:05.2509053Z ##[endgroup]
2026-05-21T05:03:05.2512608Z Secret source: Actions
2026-05-21T05:03:05.2513945Z Prepare workflow directory
2026-05-21T05:03:05.3023213Z Prepare all required actions
2026-05-21T05:03:05.3080545Z Getting action download info
2026-05-21T05:03:05.6084885Z Download action repository 'actions/checkout@v6' (SHA:de0fac2e4500dabe0009e67214ff5f5447ce83dd)
2026-05-21T05:03:05.7816657Z Download action repository 'dorny/paths-filter@v4' (SHA:fbd0ab8f3e69293af611ebaee6363fc25e6d187d)
2026-05-21T05:03:06.0583980Z Complete job name: web-relevance
2026-05-21T05:03:06.1330260Z ##[group]Run actions/checkout@v6
2026-05-21T05:03:06.1331419Z with:
2026-05-21T05:03:06.1331844Z   repository: akarlin3/prismTask
2026-05-21T05:03:06.1332551Z   token: ***
2026-05-21T05:03:06.1332938Z   ssh-strict: true
2026-05-21T05:03:06.1333345Z   ssh-user: git
2026-05-21T05:03:06.1333763Z   persist-credentials: true
2026-05-21T05:03:06.1334212Z   clean: true
2026-05-21T05:03:06.1334625Z   sparse-checkout-cone-mode: true
2026-05-21T05:03:06.1335109Z   fetch-depth: 1
2026-05-21T05:03:06.1335504Z   fetch-tags: false
2026-05-21T05:03:06.1335913Z   show-progress: true
2026-05-21T05:03:06.1336338Z   lfs: false
2026-05-21T05:03:06.1336713Z   submodules: false
2026-05-21T05:03:06.1337132Z   set-safe-directory: true
2026-05-21T05:03:06.1337815Z ##[endgroup]
2026-05-21T05:03:06.2622595Z Syncing repository: akarlin3/prismTask
2026-05-21T05:03:06.2625289Z ##[group]Getting Git version info
2026-05-21T05:03:06.2626551Z Working directory is '/home/runner/work/prismTask/prismTask'
2026-05-21T05:03:06.2629051Z [command]/usr/bin/git version
2026-05-21T05:03:06.2631628Z git version 2.54.0
2026-05-21T05:03:06.3655029Z ##[endgroup]
2026-05-21T05:03:06.3663774Z Temporarily overriding HOME='/home/runner/work/_temp/f37d70d9-415f-41d8-86dd-e156331cd38d' before making global git config changes
2026-05-21T05:03:06.3666140Z Adding repository directory to the temporary git global config as a safe directory
2026-05-21T05:03:06.3668204Z [command]/usr/bin/git config --global --add safe.directory /home/runner/work/prismTask/prismTask
2026-05-21T05:03:06.3673355Z Deleting the contents of '/home/runner/work/prismTask/prismTask'
2026-05-21T05:03:06.3675279Z ##[group]Initializing the repository
2026-05-21T05:03:06.3676382Z [command]/usr/bin/git init /home/runner/work/prismTask/prismTask
2026-05-21T05:03:06.3677822Z hint: Using 'master' as the name for the initial branch. This default branch name
2026-05-21T05:03:06.3679450Z hint: will change to "main" in Git 3.0. To configure the initial branch name
2026-05-21T05:03:06.3681359Z hint: to use in all of your new repositories, which will suppress this warning,
2026-05-21T05:03:06.3683008Z hint: call:
2026-05-21T05:03:06.3683591Z hint:
2026-05-21T05:03:06.3684926Z hint: 	git config --global init.defaultBranch <name>
2026-05-21T05:03:06.3685917Z hint:
2026-05-21T05:03:06.3686878Z hint: Names commonly chosen instead of 'master' are 'main', 'trunk' and
2026-05-21T05:03:06.3688565Z hint: 'development'. The just-created branch can be renamed via this command:
2026-05-21T05:03:06.3689832Z hint:
2026-05-21T05:03:06.3690501Z hint: 	git branch -m <name>
2026-05-21T05:03:06.3692284Z hint:
2026-05-21T05:03:06.3693408Z hint: Disable this message with "git config set advice.defaultBranchName false"
2026-05-21T05:03:06.3695191Z Initialized empty Git repository in /home/runner/work/prismTask/prismTask/.git/
2026-05-21T05:03:06.3697942Z [command]/usr/bin/git remote add origin https://github.com/akarlin3/prismTask
2026-05-21T05:03:06.3700579Z ##[endgroup]
2026-05-21T05:03:06.3702176Z ##[group]Disabling automatic garbage collection
2026-05-21T05:03:06.3703278Z [command]/usr/bin/git config --local gc.auto 0
2026-05-21T05:03:06.3705557Z ##[endgroup]
2026-05-21T05:03:06.3706800Z ##[group]Setting up auth
2026-05-21T05:03:06.3707654Z Removing SSH command configuration
2026-05-21T05:03:06.3708998Z [command]/usr/bin/git config --local --name-only --get-regexp core\.sshCommand
2026-05-21T05:03:06.3713079Z [command]/usr/bin/git submodule foreach --recursive sh -c "git config --local --name-only --get-regexp 'core\.sshCommand' && git config --local --unset-all 'core.sshCommand' || :"
2026-05-21T05:03:06.3716611Z Removing HTTP extra header
2026-05-21T05:03:06.3718199Z [command]/usr/bin/git config --local --name-only --get-regexp http\.https\:\/\/github\.com\/\.extraheader
2026-05-21T05:03:06.3732644Z [command]/usr/bin/git submodule foreach --recursive sh -c "git config --local --name-only --get-regexp 'http\.https\:\/\/github\.com\/\.extraheader' && git config --local --unset-all 'http.https://github.com/.extraheader' || :"
2026-05-21T05:03:06.3955203Z Removing includeIf entries pointing to credentials config files
2026-05-21T05:03:06.3956917Z [command]/usr/bin/git config --local --name-only --get-regexp ^includeIf\.gitdir:
2026-05-21T05:03:06.3983040Z [command]/usr/bin/git submodule foreach --recursive git config --local --show-origin --name-only --get-regexp remote.origin.url
2026-05-21T05:03:06.4334013Z [command]/usr/bin/git config --file /home/runner/work/_temp/git-credentials-db13080d-c464-4557-8594-f82105b2f05e.config http.https://github.com/.extraheader AUTHORIZATION: basic ***
2026-05-21T05:03:06.4339777Z [command]/usr/bin/git config --local includeIf.gitdir:/home/runner/work/prismTask/prismTask/.git.path /home/runner/work/_temp/git-credentials-db13080d-c464-4557-8594-f82105b2f05e.config
2026-05-21T05:03:06.4347940Z [command]/usr/bin/git config --local includeIf.gitdir:/home/runner/work/prismTask/prismTask/.git/worktrees/*.path /home/runner/work/_temp/git-credentials-db13080d-c464-4557-8594-f82105b2f05e.config
2026-05-21T05:03:06.4372714Z [command]/usr/bin/git config --local includeIf.gitdir:/github/workspace/.git.path /github/runner_temp/git-credentials-db13080d-c464-4557-8594-f82105b2f05e.config
2026-05-21T05:03:06.4399455Z [command]/usr/bin/git config --local includeIf.gitdir:/github/workspace/.git/worktrees/*.path /github/runner_temp/git-credentials-db13080d-c464-4557-8594-f82105b2f05e.config
2026-05-21T05:03:06.4446734Z ##[endgroup]
2026-05-21T05:03:06.4448911Z ##[group]Fetching the repository
2026-05-21T05:03:06.4451976Z [command]/usr/bin/git -c protocol.version=2 fetch --no-tags --prune --no-recurse-submodules --depth=1 origin +ee86db90a9cf646931b9b90e492b710db9f2a8c7:refs/remotes/pull/1685/merge
2026-05-21T05:03:08.3196636Z From https://github.com/akarlin3/prismTask
2026-05-21T05:03:08.3199335Z  * [new ref]         ee86db90a9cf646931b9b90e492b710db9f2a8c7 -> pull/1685/merge
2026-05-21T05:03:08.3242088Z ##[endgroup]
2026-05-21T05:03:08.3243949Z ##[group]Determining the checkout info
2026-05-21T05:03:08.3245866Z ##[endgroup]
2026-05-21T05:03:08.3250301Z [command]/usr/bin/git sparse-checkout disable
2026-05-21T05:03:08.3300755Z [command]/usr/bin/git config --local --unset-all extensions.worktreeConfig
2026-05-21T05:03:08.3333809Z ##[group]Checking out the ref
2026-05-21T05:03:08.3338258Z [command]/usr/bin/git checkout --progress --force refs/remotes/pull/1685/merge
2026-05-21T05:03:08.6532449Z Note: switching to 'refs/remotes/pull/1685/merge'.
2026-05-21T05:03:08.6551619Z 
2026-05-21T05:03:08.6572135Z You are in 'detached HEAD' state. You can look around, make experimental
2026-05-21T05:03:08.6597613Z changes and commit them, and you can discard any commits you make in this
2026-05-21T05:03:08.6599106Z state without impacting any branches by switching back to a branch.
2026-05-21T05:03:08.6622748Z 
2026-05-21T05:03:08.6644545Z If you want to create a new branch to retain commits you create, you may
2026-05-21T05:03:08.6662035Z do so (now or later) by using -c with the switch command. Example:
2026-05-21T05:03:08.6681591Z 
2026-05-21T05:03:08.6686593Z   git switch -c <new-branch-name>
2026-05-21T05:03:08.6700647Z 
2026-05-21T05:03:08.6702340Z Or undo this operation with:
2026-05-21T05:03:08.6705610Z 
2026-05-21T05:03:08.6706074Z   git switch -
2026-05-21T05:03:08.6706759Z 
2026-05-21T05:03:08.6707516Z Turn off this advice by setting config variable advice.detachedHead to false
2026-05-21T05:03:08.6708325Z 
2026-05-21T05:03:08.6709270Z HEAD is now at ee86db9 Merge 27a4ea222992c967a27b8e526601fa30c9d24a4f into a58ae61bdd61948adee96fb69fc5850154901435
2026-05-21T05:03:08.6742096Z ##[endgroup]
2026-05-21T05:03:08.6761270Z [command]/usr/bin/git log -1 --format=%H
2026-05-21T05:03:08.6762486Z ee86db90a9cf646931b9b90e492b710db9f2a8c7
2026-05-21T05:03:08.6963667Z ##[group]Run dorny/paths-filter@v4
2026-05-21T05:03:08.6964008Z with:
2026-05-21T05:03:08.6964419Z   filters: web:
  - 'web/**'
  - '.github/workflows/web-ci.yml'
  - '.github/actions/setup-node-web/**'

2026-05-21T05:03:08.6965111Z   token: ***
2026-05-21T05:03:08.6965302Z   list-files: none
2026-05-21T05:03:08.6965532Z   initial-fetch-depth: 100
2026-05-21T05:03:08.6965782Z   predicate-quantifier: some
2026-05-21T05:03:08.6966042Z ##[endgroup]
2026-05-21T05:03:08.7867781Z ##[group]Fetching list of changed files for PR#1685 from Github API
2026-05-21T05:03:08.7872550Z Invoking listFiles(pull_number: 1685, per_page: 100)
2026-05-21T05:03:09.0492322Z ##[endgroup]
2026-05-21T05:03:09.0522521Z ##[error]Resource not accessible by integration
2026-05-21T05:03:09.0867749Z Post job cleanup.
2026-05-21T05:03:09.1816583Z [command]/usr/bin/git version
2026-05-21T05:03:09.1861829Z git version 2.54.0
2026-05-21T05:03:09.2001451Z Temporarily overriding HOME='/home/runner/work/_temp/f24775f6-ad48-4d8e-85ce-4bb214219f93' before making global git config changes
2026-05-21T05:03:09.2003219Z Adding repository directory to the temporary git global config as a safe directory
2026-05-21T05:03:09.2004526Z [command]/usr/bin/git config --global --add safe.directory /home/runner/work/prismTask/prismTask
2026-05-21T05:03:09.2006782Z Removing SSH command configuration
2026-05-21T05:03:09.2007922Z [command]/usr/bin/git config --local --name-only --get-regexp core\.sshCommand
2026-05-21T05:03:09.2056008Z [command]/usr/bin/git submodule foreach --recursive sh -c "git config --local --name-only --get-regexp 'core\.sshCommand' && git config --local --unset-all 'core.sshCommand' || :"
2026-05-21T05:03:09.2341866Z Removing HTTP extra header
2026-05-21T05:03:09.2348811Z [command]/usr/bin/git config --local --name-only --get-regexp http\.https\:\/\/github\.com\/\.extraheader
2026-05-21T05:03:09.2394553Z [command]/usr/bin/git submodule foreach --recursive sh -c "git config --local --name-only --get-regexp 'http\.https\:\/\/github\.com\/\.extraheader' && git config --local --unset-all 'http.https://github.com/.extraheader' || :"
2026-05-21T05:03:09.2660471Z Removing includeIf entries pointing to credentials config files
2026-05-21T05:03:09.2669992Z [command]/usr/bin/git config --local --name-only --get-regexp ^includeIf\.gitdir:
2026-05-21T05:03:09.2705218Z includeif.gitdir:/home/runner/work/prismTask/prismTask/.git.path
2026-05-21T05:03:09.2706209Z includeif.gitdir:/home/runner/work/prismTask/prismTask/.git/worktrees/*.path
2026-05-21T05:03:09.2711806Z includeif.gitdir:/github/workspace/.git.path
2026-05-21T05:03:09.2712731Z includeif.gitdir:/github/workspace/.git/worktrees/*.path
2026-05-21T05:03:09.2719437Z [command]/usr/bin/git config --local --get-all includeif.gitdir:/home/runner/work/prismTask/prismTask/.git.path
2026-05-21T05:03:09.2744259Z /home/runner/work/_temp/git-credentials-db13080d-c464-4557-8594-f82105b2f05e.config
2026-05-21T05:03:09.2759525Z [command]/usr/bin/git config --local --unset includeif.gitdir:/home/runner/work/prismTask/prismTask/.git.path /home/runner/work/_temp/git-credentials-db13080d-c464-4557-8594-f82105b2f05e.config
2026-05-21T05:03:09.2808648Z [command]/usr/bin/git config --local --get-all includeif.gitdir:/home/runner/work/prismTask/prismTask/.git/worktrees/*.path
2026-05-21T05:03:09.2836117Z /home/runner/work/_temp/git-credentials-db13080d-c464-4557-8594-f82105b2f05e.config
2026-05-21T05:03:09.2849224Z [command]/usr/bin/git config --local --unset includeif.gitdir:/home/runner/work/prismTask/prismTask/.git/worktrees/*.path /home/runner/work/_temp/git-credentials-db13080d-c464-4557-8594-f82105b2f05e.config
2026-05-21T05:03:09.2886679Z [command]/usr/bin/git config --local --get-all includeif.gitdir:/github/workspace/.git.path
2026-05-21T05:03:09.2913106Z /github/runner_temp/git-credentials-db13080d-c464-4557-8594-f82105b2f05e.config
2026-05-21T05:03:09.2924290Z [command]/usr/bin/git config --local --unset includeif.gitdir:/github/workspace/.git.path /github/runner_temp/git-credentials-db13080d-c464-4557-8594-f82105b2f05e.config
2026-05-21T05:03:09.2960104Z [command]/usr/bin/git config --local --get-all includeif.gitdir:/github/workspace/.git/worktrees/*.path
2026-05-21T05:03:09.2987943Z /github/runner_temp/git-credentials-db13080d-c464-4557-8594-f82105b2f05e.config
2026-05-21T05:03:09.3000296Z [command]/usr/bin/git config --local --unset includeif.gitdir:/github/workspace/.git/worktrees/*.path /github/runner_temp/git-credentials-db13080d-c464-4557-8594-f82105b2f05e.config
2026-05-21T05:03:09.3040462Z [command]/usr/bin/git submodule foreach --recursive git config --local --show-origin --name-only --get-regexp remote.origin.url
2026-05-21T05:03:09.3278628Z Removing credentials config '/home/runner/work/_temp/git-credentials-db13080d-c464-4557-8594-f82105b2f05e.config'
2026-05-21T05:03:09.3417011Z Evaluate and set job outputs
2026-05-21T05:03:09.3425142Z Cleaning up orphan processes


--- Job: web-lint-and-test (id 77107537822) ---
2026-05-21T05:03:14.5528912Z Current runner version: '2.334.0'
2026-05-21T05:03:14.5594073Z ##[group]Runner Image Provisioner
2026-05-21T05:03:14.5595269Z Hosted Compute Agent
2026-05-21T05:03:14.5596016Z Version: 20260213.493
2026-05-21T05:03:14.5597224Z Commit: 5c115507f6dd24b8de37d8bbe0bb4509d0cc0fa3
2026-05-21T05:03:14.5598393Z Build Date: 2026-02-13T00:28:41Z
2026-05-21T05:03:14.5599363Z Worker ID: {e024cef2-0cc3-41d0-b161-084c4ff3455b}
2026-05-21T05:03:14.5600528Z Azure Region: eastus
2026-05-21T05:03:14.5601322Z ##[endgroup]
2026-05-21T05:03:14.5603768Z ##[group]Operating System
2026-05-21T05:03:14.5604626Z Ubuntu
2026-05-21T05:03:14.5605439Z 24.04.4
2026-05-21T05:03:14.5606089Z LTS
2026-05-21T05:03:14.5607150Z ##[endgroup]
2026-05-21T05:03:14.5607956Z ##[group]Runner Image
2026-05-21T05:03:14.5608784Z Image: ubuntu-24.04
2026-05-21T05:03:14.5609644Z Version: 20260513.135.3
2026-05-21T05:03:14.5611605Z Included Software: https://github.com/actions/runner-images/blob/ubuntu24/20260513.135/images/ubuntu/Ubuntu2404-Readme.md
2026-05-21T05:03:14.5614155Z Image Release: https://github.com/actions/runner-images/releases/tag/ubuntu24%2F20260513.135
2026-05-21T05:03:14.5615575Z ##[endgroup]
2026-05-21T05:03:14.5617652Z ##[group]GITHUB_TOKEN Permissions
2026-05-21T05:03:14.5620715Z Actions: read
2026-05-21T05:03:14.5621476Z Checks: read
2026-05-21T05:03:14.5622320Z Contents: write
2026-05-21T05:03:14.5623099Z Metadata: read
2026-05-21T05:03:14.5623814Z ##[endgroup]
2026-05-21T05:03:14.5627166Z Secret source: Actions
2026-05-21T05:03:14.5628573Z Prepare workflow directory
2026-05-21T05:03:14.6087189Z Prepare all required actions
2026-05-21T05:03:14.6218653Z Complete job name: web-lint-and-test
2026-05-21T05:03:14.7268995Z ##[group]Run if [ 'skipped' != 'success' ]; then
2026-05-21T05:03:14.7270318Z [36;1mif [ 'skipped' != 'success' ]; then[0m
2026-05-21T05:03:14.7271398Z [36;1m  echo "web-lint finished with skipped" >&2[0m
2026-05-21T05:03:14.7272736Z [36;1m  exit 1[0m
2026-05-21T05:03:14.7273529Z [36;1mfi[0m
2026-05-21T05:03:14.7274370Z [36;1mif [ 'skipped' != 'success' ]; then[0m
2026-05-21T05:03:14.7275594Z [36;1m  echo "web-unit-tests finished with skipped" >&2[0m
2026-05-21T05:03:14.7276876Z [36;1m  exit 1[0m
2026-05-21T05:03:14.7277648Z [36;1mfi[0m
2026-05-21T05:03:14.7278702Z [36;1mif [ 'skipped' != 'success' ]; then[0m
2026-05-21T05:03:14.7279872Z [36;1m  echo "web-build finished with skipped" >&2[0m
2026-05-21T05:03:14.7280855Z [36;1m  exit 1[0m
2026-05-21T05:03:14.7281668Z [36;1mfi[0m
2026-05-21T05:03:14.7282688Z [36;1mecho "✓ Split web lint, unit-test shards, and build passed."[0m
2026-05-21T05:03:14.7672614Z shell: /usr/bin/bash -e {0}
2026-05-21T05:03:14.7674349Z ##[endgroup]
2026-05-21T05:03:14.8137065Z web-lint finished with skipped
2026-05-21T05:03:14.8159491Z ##[error]Process completed with exit code 1.
2026-05-21T05:03:14.8280378Z Cleaning up orphan processes
