=== CI FAILURE ===
Workflow:      Web CI
Workflow file: averycorp/prismTask/.github/workflows/web-ci.yml@refs/pull/1656/merge
Job(s):        web-unit-tests (3, 3), web-lint-and-test
Run ID:        26049020893
Run attempt:   1
Run URL:       https://github.com/averycorp/prismTask/actions/runs/26049020893
Commit:        652caad16597b6d76d534840d4bcc5252d906700
Branch:        1656/merge
Event:         pull_request
Actor:         akarlin3
Runner OS:     Linux
Timestamp:     2026-05-18T17:21:34.533Z

Failed steps:
  - web-unit-tests (3, 3): #5 Run Vitest shard 3/3
  - web-lint-and-test: #2 Verify split web checks

=== FAILED JOB LOG ===

--- Job: web-unit-tests (3, 3) (id 76580650568) ---
2026-05-18T17:20:28.1786472Z Current runner version: '2.334.0'
2026-05-18T17:20:28.1819264Z ##[group]Runner Image Provisioner
2026-05-18T17:20:28.1820590Z Hosted Compute Agent
2026-05-18T17:20:28.1821590Z Version: 20260213.493
2026-05-18T17:20:28.1822450Z Commit: 5c115507f6dd24b8de37d8bbe0bb4509d0cc0fa3
2026-05-18T17:20:28.1823746Z Build Date: 2026-02-13T00:28:41Z
2026-05-18T17:20:28.1824814Z Worker ID: {074a8acd-2656-4651-a907-69dcc4296e7d}
2026-05-18T17:20:28.1825855Z Azure Region: eastus
2026-05-18T17:20:28.1826613Z ##[endgroup]
2026-05-18T17:20:28.1828590Z ##[group]Operating System
2026-05-18T17:20:28.1829442Z Ubuntu
2026-05-18T17:20:28.1830186Z 24.04.4
2026-05-18T17:20:28.1830918Z LTS
2026-05-18T17:20:28.1831651Z ##[endgroup]
2026-05-18T17:20:28.1832477Z ##[group]Runner Image
2026-05-18T17:20:28.1833560Z Image: ubuntu-24.04
2026-05-18T17:20:28.1834479Z Version: 20260513.135.3
2026-05-18T17:20:28.1836227Z Included Software: https://github.com/actions/runner-images/blob/ubuntu24/20260513.135/images/ubuntu/Ubuntu2404-Readme.md
2026-05-18T17:20:28.1838680Z Image Release: https://github.com/actions/runner-images/releases/tag/ubuntu24%2F20260513.135
2026-05-18T17:20:28.1840109Z ##[endgroup]
2026-05-18T17:20:28.1842073Z ##[group]GITHUB_TOKEN Permissions
2026-05-18T17:20:28.1845104Z Actions: read
2026-05-18T17:20:28.1845856Z Checks: read
2026-05-18T17:20:28.1846704Z Contents: write
2026-05-18T17:20:28.1847386Z Metadata: read
2026-05-18T17:20:28.1848185Z ##[endgroup]
2026-05-18T17:20:28.1851025Z Secret source: Actions
2026-05-18T17:20:28.1852256Z Prepare workflow directory
2026-05-18T17:20:28.2387534Z Prepare all required actions
2026-05-18T17:20:28.2438628Z Getting action download info
2026-05-18T17:20:28.5201025Z Download action repository 'actions/checkout@v6' (SHA:de0fac2e4500dabe0009e67214ff5f5447ce83dd)
2026-05-18T17:20:28.7758828Z Complete job name: web-unit-tests (3, 3)
2026-05-18T17:20:28.8374181Z ##[group]Run actions/checkout@v6
2026-05-18T17:20:28.8374988Z with:
2026-05-18T17:20:28.8375384Z   repository: averycorp/prismTask
2026-05-18T17:20:28.8376053Z   token: ***
2026-05-18T17:20:28.8376437Z   ssh-strict: true
2026-05-18T17:20:28.8376819Z   ssh-user: git
2026-05-18T17:20:28.8377209Z   persist-credentials: true
2026-05-18T17:20:28.8377636Z   clean: true
2026-05-18T17:20:28.8378031Z   sparse-checkout-cone-mode: true
2026-05-18T17:20:28.8378497Z   fetch-depth: 1
2026-05-18T17:20:28.8378870Z   fetch-tags: false
2026-05-18T17:20:28.8379264Z   show-progress: true
2026-05-18T17:20:28.8379650Z   lfs: false
2026-05-18T17:20:28.8380011Z   submodules: false
2026-05-18T17:20:28.8380398Z   set-safe-directory: true
2026-05-18T17:20:28.8381076Z ##[endgroup]
2026-05-18T17:20:28.9377869Z Syncing repository: averycorp/prismTask
2026-05-18T17:20:28.9379571Z ##[group]Getting Git version info
2026-05-18T17:20:28.9380371Z Working directory is '/home/runner/work/prismTask/prismTask'
2026-05-18T17:20:28.9381443Z [command]/usr/bin/git version
2026-05-18T17:20:28.9432503Z git version 2.54.0
2026-05-18T17:20:28.9452951Z ##[endgroup]
2026-05-18T17:20:28.9466546Z Temporarily overriding HOME='/home/runner/work/_temp/ed96fed4-cbb3-4d5e-9107-d24dcf9a5652' before making global git config changes
2026-05-18T17:20:28.9471108Z Adding repository directory to the temporary git global config as a safe directory
2026-05-18T17:20:28.9472740Z [command]/usr/bin/git config --global --add safe.directory /home/runner/work/prismTask/prismTask
2026-05-18T17:20:28.9518803Z Deleting the contents of '/home/runner/work/prismTask/prismTask'
2026-05-18T17:20:28.9522778Z ##[group]Initializing the repository
2026-05-18T17:20:28.9527148Z [command]/usr/bin/git init /home/runner/work/prismTask/prismTask
2026-05-18T17:20:28.9628909Z hint: Using 'master' as the name for the initial branch. This default branch name
2026-05-18T17:20:28.9630202Z hint: will change to "main" in Git 3.0. To configure the initial branch name
2026-05-18T17:20:28.9631093Z hint: to use in all of your new repositories, which will suppress this warning,
2026-05-18T17:20:28.9631812Z hint: call:
2026-05-18T17:20:28.9632334Z hint:
2026-05-18T17:20:28.9633485Z hint: 	git config --global init.defaultBranch <name>
2026-05-18T17:20:28.9634345Z hint:
2026-05-18T17:20:28.9635157Z hint: Names commonly chosen instead of 'master' are 'main', 'trunk' and
2026-05-18T17:20:28.9636525Z hint: 'development'. The just-created branch can be renamed via this command:
2026-05-18T17:20:28.9638566Z hint:
2026-05-18T17:20:28.9639131Z hint: 	git branch -m <name>
2026-05-18T17:20:28.9639796Z hint:
2026-05-18T17:20:28.9640593Z hint: Disable this message with "git config set advice.defaultBranchName false"
2026-05-18T17:20:28.9641881Z Initialized empty Git repository in /home/runner/work/prismTask/prismTask/.git/
2026-05-18T17:20:28.9645923Z [command]/usr/bin/git remote add origin https://github.com/averycorp/prismTask
2026-05-18T17:20:28.9690136Z ##[endgroup]
2026-05-18T17:20:28.9690856Z ##[group]Disabling automatic garbage collection
2026-05-18T17:20:28.9693914Z [command]/usr/bin/git config --local gc.auto 0
2026-05-18T17:20:28.9723443Z ##[endgroup]
2026-05-18T17:20:28.9724216Z ##[group]Setting up auth
2026-05-18T17:20:28.9724932Z Removing SSH command configuration
2026-05-18T17:20:28.9730112Z [command]/usr/bin/git config --local --name-only --get-regexp core\.sshCommand
2026-05-18T17:20:28.9781064Z [command]/usr/bin/git submodule foreach --recursive sh -c "git config --local --name-only --get-regexp 'core\.sshCommand' && git config --local --unset-all 'core.sshCommand' || :"
2026-05-18T17:20:29.0165160Z Removing HTTP extra header
2026-05-18T17:20:29.0171496Z [command]/usr/bin/git config --local --name-only --get-regexp http\.https\:\/\/github\.com\/\.extraheader
2026-05-18T17:20:29.0220227Z [command]/usr/bin/git submodule foreach --recursive sh -c "git config --local --name-only --get-regexp 'http\.https\:\/\/github\.com\/\.extraheader' && git config --local --unset-all 'http.https://github.com/.extraheader' || :"
2026-05-18T17:20:29.0543355Z Removing includeIf entries pointing to credentials config files
2026-05-18T17:20:29.0548766Z [command]/usr/bin/git config --local --name-only --get-regexp ^includeIf\.gitdir:
2026-05-18T17:20:29.0579794Z [command]/usr/bin/git submodule foreach --recursive git config --local --show-origin --name-only --get-regexp remote.origin.url
2026-05-18T17:20:29.0810785Z [command]/usr/bin/git config --file /home/runner/work/_temp/git-credentials-573d231a-aa6d-4a5f-b3ab-81b17c2af172.config http.https://github.com/.extraheader AUTHORIZATION: basic ***
2026-05-18T17:20:29.0848490Z [command]/usr/bin/git config --local includeIf.gitdir:/home/runner/work/prismTask/prismTask/.git.path /home/runner/work/_temp/git-credentials-573d231a-aa6d-4a5f-b3ab-81b17c2af172.config
2026-05-18T17:20:29.0880085Z [command]/usr/bin/git config --local includeIf.gitdir:/home/runner/work/prismTask/prismTask/.git/worktrees/*.path /home/runner/work/_temp/git-credentials-573d231a-aa6d-4a5f-b3ab-81b17c2af172.config
2026-05-18T17:20:29.0914420Z [command]/usr/bin/git config --local includeIf.gitdir:/github/workspace/.git.path /github/runner_temp/git-credentials-573d231a-aa6d-4a5f-b3ab-81b17c2af172.config
2026-05-18T17:20:29.0947829Z [command]/usr/bin/git config --local includeIf.gitdir:/github/workspace/.git/worktrees/*.path /github/runner_temp/git-credentials-573d231a-aa6d-4a5f-b3ab-81b17c2af172.config
2026-05-18T17:20:29.0975017Z ##[endgroup]
2026-05-18T17:20:29.0976030Z ##[group]Fetching the repository
2026-05-18T17:20:29.0984684Z [command]/usr/bin/git -c protocol.version=2 fetch --no-tags --prune --no-recurse-submodules --depth=1 origin +652caad16597b6d76d534840d4bcc5252d906700:refs/remotes/pull/1656/merge
2026-05-18T17:20:30.7683308Z From https://github.com/averycorp/prismTask
2026-05-18T17:20:30.7685185Z  * [new ref]         652caad16597b6d76d534840d4bcc5252d906700 -> pull/1656/merge
2026-05-18T17:20:30.7727383Z ##[endgroup]
2026-05-18T17:20:30.7728530Z ##[group]Determining the checkout info
2026-05-18T17:20:30.7730121Z ##[endgroup]
2026-05-18T17:20:30.7735805Z [command]/usr/bin/git sparse-checkout disable
2026-05-18T17:20:30.7783368Z [command]/usr/bin/git config --local --unset-all extensions.worktreeConfig
2026-05-18T17:20:30.7815146Z ##[group]Checking out the ref
2026-05-18T17:20:30.7818392Z [command]/usr/bin/git checkout --progress --force refs/remotes/pull/1656/merge
2026-05-18T17:20:31.0966133Z Note: switching to 'refs/remotes/pull/1656/merge'.
2026-05-18T17:20:31.0967291Z 
2026-05-18T17:20:31.0968100Z You are in 'detached HEAD' state. You can look around, make experimental
2026-05-18T17:20:31.0969958Z changes and commit them, and you can discard any commits you make in this
2026-05-18T17:20:31.0971840Z state without impacting any branches by switching back to a branch.
2026-05-18T17:20:31.0972928Z 
2026-05-18T17:20:31.0973907Z If you want to create a new branch to retain commits you create, you may
2026-05-18T17:20:31.0975630Z do so (now or later) by using -c with the switch command. Example:
2026-05-18T17:20:31.0976763Z 
2026-05-18T17:20:31.0977210Z   git switch -c <new-branch-name>
2026-05-18T17:20:31.0977971Z 
2026-05-18T17:20:31.0978413Z Or undo this operation with:
2026-05-18T17:20:31.0979110Z 
2026-05-18T17:20:31.0979494Z   git switch -
2026-05-18T17:20:31.0980030Z 
2026-05-18T17:20:31.0981004Z Turn off this advice by setting config variable advice.detachedHead to false
2026-05-18T17:20:31.0982406Z 
2026-05-18T17:20:31.0984173Z HEAD is now at 652caad Merge 169729dc99fce00e7ca1df49cf2889d1deb58b7c into c83bd12140e5cb090911dd51057773923689102d
2026-05-18T17:20:31.0996516Z ##[endgroup]
2026-05-18T17:20:31.1040410Z [command]/usr/bin/git log -1 --format=%H
2026-05-18T17:20:31.1067125Z 652caad16597b6d76d534840d4bcc5252d906700
2026-05-18T17:20:31.1442579Z Prepare all required actions
2026-05-18T17:20:31.1444478Z Getting action download info
2026-05-18T17:20:31.2812844Z Download action repository 'actions/setup-node@v4' (SHA:49933ea5288caeca8642d1e84afbd3f7d6820020)
2026-05-18T17:20:31.3860084Z ##[group]Run ./.github/actions/setup-node-web
2026-05-18T17:20:31.3860458Z ##[endgroup]
2026-05-18T17:20:31.3998263Z ##[group]Run actions/setup-node@v4
2026-05-18T17:20:31.3998674Z with:
2026-05-18T17:20:31.3998964Z   node-version: 22
2026-05-18T17:20:31.3999217Z   cache: npm
2026-05-18T17:20:31.3999494Z   cache-dependency-path: web/package-lock.json
2026-05-18T17:20:31.3999843Z   always-auth: false
2026-05-18T17:20:31.4000093Z   check-latest: false
2026-05-18T17:20:31.4000540Z   token: ***
2026-05-18T17:20:31.4000777Z ##[endgroup]
2026-05-18T17:20:31.5922578Z Found in cache @ /opt/hostedtoolcache/node/22.22.2/x64
2026-05-18T17:20:31.5930149Z ##[group]Environment details
2026-05-18T17:20:34.3021133Z node: v22.22.2
2026-05-18T17:20:34.3021682Z npm: 10.9.7
2026-05-18T17:20:34.3021971Z yarn: 1.22.22
2026-05-18T17:20:34.3023049Z ##[endgroup]
2026-05-18T17:20:34.3048201Z [command]/opt/hostedtoolcache/node/22.22.2/x64/bin/npm config get cache
2026-05-18T17:20:34.5694363Z /home/runner/.npm
2026-05-18T17:20:34.6685848Z npm cache is not found
2026-05-18T17:20:34.6859351Z ##[group]Run npm ci
2026-05-18T17:20:34.6859696Z [36;1mnpm ci[0m
2026-05-18T17:20:34.6948714Z shell: /usr/bin/bash --noprofile --norc -e -o pipefail {0}
2026-05-18T17:20:34.6949100Z ##[endgroup]
2026-05-18T17:20:46.3324661Z 
2026-05-18T17:20:46.3332237Z added 435 packages, and audited 436 packages in 12s
2026-05-18T17:20:46.3332635Z 
2026-05-18T17:20:46.3332847Z 94 packages are looking for funding
2026-05-18T17:20:46.3333360Z   run `npm fund` for details
2026-05-18T17:20:46.3421386Z 
2026-05-18T17:20:46.3421942Z 4 vulnerabilities (3 moderate, 1 critical)
2026-05-18T17:20:46.3422313Z 
2026-05-18T17:20:46.3422524Z To address all issues, run:
2026-05-18T17:20:46.3422895Z   npm audit fix
2026-05-18T17:20:46.3423309Z 
2026-05-18T17:20:46.3423494Z Run `npm audit` for details.
2026-05-18T17:20:46.4268514Z ##[group]Run npm run test:run -- --shard=3/3
2026-05-18T17:20:46.4268950Z [36;1mnpm run test:run -- --shard=3/3[0m
2026-05-18T17:20:46.4305049Z shell: /usr/bin/bash -e {0}
2026-05-18T17:20:46.4305301Z ##[endgroup]
2026-05-18T17:20:46.5313074Z 
2026-05-18T17:20:46.5313762Z > web@2.0.0 test:run
2026-05-18T17:20:46.9524442Z > vitest run --pool=threads --shard=3/3
2026-05-18T17:20:46.9525434Z 
2026-05-18T17:20:46.9525446Z 
2026-05-18T17:20:46.9526952Z [1m[30m[46m RUN [49m[39m[22m [36mv4.1.5 [39m[90m/home/runner/work/prismTask/prismTask/web[39m
2026-05-18T17:20:46.9527571Z 
2026-05-18T17:20:48.6641226Z  [32m✓[39m src/utils/__tests__/nlp.test.ts [2m([22m[2m81 tests[22m[2m)[22m[32m 48[2mms[22m[39m
2026-05-18T17:20:48.8505569Z  [32m✓[39m src/stores/__tests__/configFamilyStores.test.ts [2m([22m[2m18 tests[22m[2m)[22m[32m 14[2mms[22m[39m
2026-05-18T17:20:50.4422602Z  [32m✓[39m src/utils/__tests__/streaks.test.ts [2m([22m[2m36 tests[22m[2m)[22m[32m 97[2mms[22m[39m
2026-05-18T17:20:51.7334830Z  [32m✓[39m src/utils/__tests__/projectBurndown.test.ts [2m([22m[2m10 tests[22m[2m)[22m[32m 13[2mms[22m[39m
2026-05-18T17:20:51.7958122Z  [32m✓[39m src/utils/__tests__/recurrence.test.ts [2m([22m[2m42 tests[22m[2m)[22m[32m 29[2mms[22m[39m
2026-05-18T17:20:52.0172221Z  [32m✓[39m src/stores/__tests__/taskStore.recurrence.test.ts [2m([22m[2m5 tests[22m[2m)[22m[32m 18[2mms[22m[39m
2026-05-18T17:20:53.1960574Z  [32m✓[39m src/stores/__tests__/dashboardStore.test.ts [2m([22m[2m10 tests[22m[2m)[22m[32m 13[2mms[22m[39m
2026-05-18T17:20:53.4034019Z  [32m✓[39m src/utils/__tests__/builtInHabitReconciler.test.ts [2m([22m[2m16 tests[22m[2m)[22m[32m 11[2mms[22m[39m
2026-05-18T17:20:53.9387393Z  [32m✓[39m src/features/today/__tests__/RestDayBanner.test.tsx [2m([22m[2m7 tests[22m[2m)[22m[33m 552[2mms[22m[39m
2026-05-18T17:20:54.5185586Z  [32m✓[39m src/lib/firestore/__tests__/safeMergeDoc.test.ts [2m([22m[2m9 tests[22m[2m)[22m[32m 16[2mms[22m[39m
2026-05-18T17:20:54.6879628Z  [32m✓[39m src/lib/__tests__/builtInHabitReconciler.test.ts [2m([22m[2m13 tests[22m[2m)[22m[32m 20[2mms[22m[39m
2026-05-18T17:20:55.2792501Z  [32m✓[39m src/features/batch/__tests__/batchApplier.medication.test.ts [2m([22m[2m8 tests[22m[2m)[22m[32m 11[2mms[22m[39m
2026-05-18T17:20:55.9506840Z  [32m✓[39m src/api/__tests__/leisure.test.ts [2m([22m[2m13 tests[22m[2m)[22m[32m 12[2mms[22m[39m
2026-05-18T17:20:56.5531786Z  [32m✓[39m src/api/firestore/__tests__/medicationSlots.test.ts [2m([22m[2m14 tests[22m[2m)[22m[32m 17[2mms[22m[39m
2026-05-18T17:20:57.0886717Z  [32m✓[39m src/lib/__tests__/boundaryRuleParser.test.ts [2m([22m[2m22 tests[22m[2m)[22m[32m 12[2mms[22m[39m
2026-05-18T17:20:57.5489813Z  [32m✓[39m src/stores/__tests__/habitStore.startOfDayHour.test.ts [2m([22m[2m3 tests[22m[2m)[22m[32m 10[2mms[22m[39m
2026-05-18T17:20:58.1605871Z  [32m✓[39m src/stores/__tests__/authStore.test.ts [2m([22m[2m5 tests[22m[2m)[22m[32m 11[2mms[22m[39m
2026-05-18T17:20:58.7968947Z  [32m✓[39m src/api/__tests__/aiFeatureGate.test.ts [2m([22m[2m16 tests[22m[2m)[22m[32m 23[2mms[22m[39m
2026-05-18T17:20:59.4615277Z  [32m✓[39m src/stores/__tests__/assignmentStore.test.ts [2m([22m[2m9 tests[22m[2m)[22m[32m 13[2mms[22m[39m
2026-05-18T17:20:59.7905333Z  [32m✓[39m src/utils/__tests__/urgency.test.ts [2m([22m[2m12 tests[22m[2m)[22m[32m 22[2mms[22m[39m
2026-05-18T17:21:01.1215241Z  [32m✓[39m src/features/weeklyreview/__tests__/weeklyReviewContent.test.ts [2m([22m[2m14 tests[22m[2m)[22m[32m 17[2mms[22m[39m
2026-05-18T17:21:01.1308068Z  [32m✓[39m src/components/__tests__/BuiltInUpdateBanner.test.tsx [2m([22m[2m10 tests[22m[2m)[22m[32m 287[2mms[22m[39m
2026-05-18T17:21:02.1909188Z  [32m✓[39m src/features/today/__tests__/HabitsSection.test.tsx [2m([22m[2m5 tests[22m[2m)[22m[32m 247[2mms[22m[39m
2026-05-18T17:21:02.4732487Z  [32m✓[39m src/utils/__tests__/multiCreateDetector.test.ts [2m([22m[2m14 tests[22m[2m)[22m[32m 11[2mms[22m[39m
2026-05-18T17:21:02.6220795Z  [32m✓[39m src/hooks/__tests__/useNdFeatureGate.test.ts [2m([22m[2m18 tests[22m[2m)[22m[32m 8[2mms[22m[39m
2026-05-18T17:21:03.5853932Z  [32m✓[39m src/lib/__tests__/import.test.ts [2m([22m[2m10 tests[22m[2m)[22m[32m 13[2mms[22m[39m
2026-05-18T17:21:05.0135543Z  [32m✓[39m src/utils/__tests__/dates.test.ts [2m([22m[2m28 tests[22m[2m)[22m[32m 32[2mms[22m[39m
2026-05-18T17:21:05.2770127Z  [32m✓[39m src/utils/__tests__/streaks.advancedTuning.test.ts [2m([22m[2m3 tests[22m[2m)[22m[32m 35[2mms[22m[39m
2026-05-18T17:21:06.1865717Z  [32m✓[39m src/features/tasks/__tests__/selectUnmetBlockerIds.test.ts [2m([22m[2m10 tests[22m[2m)[22m[32m 9[2mms[22m[39m
2026-05-18T17:21:06.6495737Z  [32m✓[39m src/api/firestore/__tests__/projectPhases.test.ts [2m([22m[2m5 tests[22m[2m)[22m[32m 7[2mms[22m[39m
2026-05-18T17:21:07.3007875Z  [32m✓[39m src/components/__tests__/HabitLogDialog.test.tsx [2m([22m[2m5 tests[22m[2m)[22m[33m 711[2mms[22m[39m
2026-05-18T17:21:07.5152977Z  [32m✓[39m src/api/__tests__/aiChat.test.ts [2m([22m[2m6 tests[22m[2m)[22m[32m 11[2mms[22m[39m
2026-05-18T17:21:08.0067886Z  [32m✓[39m src/features/medication/__tests__/refillCalculator.test.ts [2m([22m[2m10 tests[22m[2m)[22m[32m 8[2mms[22m[39m
2026-05-18T17:21:08.6165386Z  [32m✓[39m src/api/firestore/__tests__/projectRisks.test.ts [2m([22m[2m7 tests[22m[2m)[22m[32m 12[2mms[22m[39m
2026-05-18T17:21:08.7333023Z  [32m✓[39m src/api/firestore/__tests__/a11yPreferences.test.ts [2m([22m[2m7 tests[22m[2m)[22m[32m 8[2mms[22m[39m
2026-05-18T17:21:09.3252102Z  [32m✓[39m src/api/firestore/__tests__/medicationSlots.lww.test.ts [2m([22m[2m4 tests[22m[2m)[22m[32m 12[2mms[22m[39m
2026-05-18T17:21:09.9801307Z  [32m✓[39m src/features/today/__tests__/BurnoutBadgeSection.test.ts [2m([22m[2m4 tests[22m[2m)[22m[32m 6[2mms[22m[39m
2026-05-18T17:21:10.9259272Z  [32m✓[39m src/components/__tests__/TaskConfirmModal.test.tsx [2m([22m[2m5 tests[22m[2m)[22m[33m 744[2mms[22m[39m
2026-05-18T17:21:10.9290766Z      [33m[2m✓[22m[39m strips leading # and blank entries from the tags field [33m 308[2mms[22m[39m
2026-05-18T17:21:11.3307953Z  [32m✓[39m src/lib/idb/__tests__/database.test.ts [2m([22m[2m5 tests[22m[2m)[22m[32m 17[2mms[22m[39m
2026-05-18T17:21:12.6437098Z  [32m✓[39m src/stores/__tests__/medicationSlotsStore.test.ts [2m([22m[2m4 tests[22m[2m)[22m[32m 10[2mms[22m[39m
2026-05-18T17:21:12.6480137Z  [32m✓[39m src/features/weeklyreview/__tests__/WeeklyReviewsListScreen.test.tsx [2m([22m[2m3 tests[22m[2m)[22m[32m 290[2mms[22m[39m
2026-05-18T17:21:13.8760057Z  [32m✓[39m src/utils/__tests__/medicationBuiltInHabit.test.ts [2m([22m[2m6 tests[22m[2m)[22m[32m 12[2mms[22m[39m
2026-05-18T17:21:13.9420903Z  [31m❯[39m src/components/__tests__/ContributionGrid.test.tsx [2m([22m[2m5 tests[22m[2m | [22m[31m2 failed[39m[2m)[22m[32m 264[2mms[22m[39m
2026-05-18T17:21:13.9424967Z      [32m✓[39m renders the configured title[32m 107[2mms[22m[39m
2026-05-18T17:21:13.9426150Z [31m     [31m×[31m renders 12 weeks of cells by default (7 rows × 12 columns)[39m[32m 42[2mms[22m[39m
2026-05-18T17:21:13.9427348Z      [32m✓[39m buckets recent completions into the grid by date[32m 46[2mms[22m[39m
2026-05-18T17:21:13.9428418Z      [32m✓[39m clamps cells with no completions to count = 0[32m 43[2mms[22m[39m
2026-05-18T17:21:13.9429481Z [31m     [31m×[31m respects a custom weeks count[39m[32m 17[2mms[22m[39m
2026-05-18T17:21:14.2942929Z  [32m✓[39m src/theme/__tests__/PrismThemeProvider.test.tsx [2m([22m[2m3 tests[22m[2m)[22m[32m 95[2mms[22m[39m
2026-05-18T17:21:15.3351037Z  [32m✓[39m src/stores/__tests__/medicationRefillsStore.test.ts [2m([22m[2m3 tests[22m[2m)[22m[32m 12[2mms[22m[39m
2026-05-18T17:21:15.5537227Z  [32m✓[39m src/api/__tests__/pomodoroCoaching.test.ts [2m([22m[2m3 tests[22m[2m)[22m[32m 9[2mms[22m[39m
2026-05-18T17:21:16.3351255Z  [32m✓[39m src/utils/__tests__/goodEnoughTimer.test.ts [2m([22m[2m7 tests[22m[2m)[22m[32m 5[2mms[22m[39m
2026-05-18T17:21:16.6111690Z  [32m✓[39m src/utils/__tests__/export.test.ts [2m([22m[2m8 tests[22m[2m)[22m[33m 1439[2mms[22m[39m
2026-05-18T17:21:16.6113709Z        [33m[2m✓[22m[39m can construct a valid export object [33m 1427[2mms[22m[39m
2026-05-18T17:21:16.6144511Z 
2026-05-18T17:21:16.6145243Z [31m⎯⎯⎯⎯⎯⎯⎯[39m[1m[41m Failed Tests 2 [49m[22m[31m⎯⎯⎯⎯⎯⎯⎯[39m
2026-05-18T17:21:16.6145683Z 
2026-05-18T17:21:16.6149564Z [41m[1m FAIL [22m[49m src/components/__tests__/ContributionGrid.test.tsx[2m > [22mContributionGrid[2m > [22mrenders 12 weeks of cells by default (7 rows × 12 columns)
2026-05-18T17:21:16.6153577Z [31m[1mAssertionError[22m: expected 78 to be greater than or equal to 79[39m
2026-05-18T17:21:16.6154497Z [36m [2m❯[22m src/components/__tests__/ContributionGrid.test.tsx:[2m36:26[22m[39m
2026-05-18T17:21:16.6185310Z     [90m 34|[39m     [90m// count is ≤ 84 and ≥ 79 (12 weeks − up to 5 future days).[39m
2026-05-18T17:21:16.6186688Z     [90m 35|[39m     [34mexpect[39m(cells[33m.[39mlength)[33m.[39m[34mtoBeLessThanOrEqual[39m([34m84[39m)[33m;[39m
2026-05-18T17:21:16.6188256Z     [90m 36|[39m     [34mexpect[39m(cells[33m.[39mlength)[33m.[39m[34mtoBeGreaterThanOrEqual[39m([34m79[39m)[33m;[39m
2026-05-18T17:21:16.6189309Z     [90m   |[39m                          [31m^[39m
2026-05-18T17:21:16.6189867Z     [90m 37|[39m   })[33m;[39m
2026-05-18T17:21:16.6190267Z     [90m 38|[39m
2026-05-18T17:21:16.6190455Z 
2026-05-18T17:21:16.6190856Z [31m[2m⎯⎯⎯⎯⎯⎯⎯⎯⎯⎯⎯⎯⎯⎯⎯⎯⎯⎯⎯⎯⎯⎯⎯⎯[1/2]⎯[22m[39m
2026-05-18T17:21:16.6191191Z 
2026-05-18T17:21:16.6192354Z [41m[1m FAIL [22m[49m src/components/__tests__/ContributionGrid.test.tsx[2m > [22mContributionGrid[2m > [22mrespects a custom weeks count
2026-05-18T17:21:16.6194030Z [31m[1mAssertionError[22m: expected 22 to be greater than or equal to 23[39m
2026-05-18T17:21:16.6195195Z [36m [2m❯[22m src/components/__tests__/ContributionGrid.test.tsx:[2m81:26[22m[39m
2026-05-18T17:21:16.6196240Z     [90m 79|[39m     // 4 weeks = at most 28 days, at least 23 (4 × 7 minus future spac…
2026-05-18T17:21:16.6197491Z     [90m 80|[39m     [34mexpect[39m(cells[33m.[39mlength)[33m.[39m[34mtoBeLessThanOrEqual[39m([34m28[39m)[33m;[39m
2026-05-18T17:21:16.6198974Z     [90m 81|[39m     [34mexpect[39m(cells[33m.[39mlength)[33m.[39m[34mtoBeGreaterThanOrEqual[39m([34m23[39m)[33m;[39m
2026-05-18T17:21:16.6199967Z     [90m   |[39m                          [31m^[39m
2026-05-18T17:21:16.6200517Z     [90m 82|[39m   })[33m;[39m
2026-05-18T17:21:16.6200960Z     [90m 83|[39m })[33m;[39m
2026-05-18T17:21:16.6201189Z 
2026-05-18T17:21:16.6201529Z [31m[2m⎯⎯⎯⎯⎯⎯⎯⎯⎯⎯⎯⎯⎯⎯⎯⎯⎯⎯⎯⎯⎯⎯⎯⎯[2/2]⎯[22m[39m
2026-05-18T17:21:16.6201833Z 
2026-05-18T17:21:16.6201862Z 
2026-05-18T17:21:16.6202566Z [2m Test Files [22m [1m[31m1 failed[39m[22m[2m | [22m[1m[32m47 passed[39m[22m[90m (48)[39m
2026-05-18T17:21:16.6205037Z [2m      Tests [22m [1m[31m2 failed[39m[22m[2m | [22m[1m[32m559 passed[39m[22m[90m (561)[39m
2026-05-18T17:21:16.6205906Z [2m   Start at [22m 17:20:46
2026-05-18T17:21:16.6207417Z [2m   Duration [22m 29.64s[2m (transform 1.38s, setup 5.68s, import 21.11s, tests 5.29s, environment 45.89s)[22m
2026-05-18T17:21:16.6209487Z 
2026-05-18T17:21:16.6223461Z 
2026-05-18T17:21:16.6254398Z ##[error]AssertionError: expected 78 to be greater than or equal to 79
 ❯ src/components/__tests__/ContributionGrid.test.tsx:36:26


2026-05-18T17:21:16.6263938Z 
2026-05-18T17:21:16.6265526Z ##[error]AssertionError: expected 22 to be greater than or equal to 23
 ❯ src/components/__tests__/ContributionGrid.test.tsx:81:26


2026-05-18T17:21:16.6720182Z ##[error]Process completed with exit code 1.
2026-05-18T17:21:16.6796036Z Post job cleanup.
2026-05-18T17:21:16.6876872Z Post job cleanup.
2026-05-18T17:21:16.7718233Z [command]/usr/bin/git version
2026-05-18T17:21:16.7756866Z git version 2.54.0
2026-05-18T17:21:16.7806353Z Temporarily overriding HOME='/home/runner/work/_temp/5447e4bc-9b96-41fc-9317-c8189c2adf1a' before making global git config changes
2026-05-18T17:21:16.7807638Z Adding repository directory to the temporary git global config as a safe directory
2026-05-18T17:21:16.7808349Z [command]/usr/bin/git config --global --add safe.directory /home/runner/work/prismTask/prismTask
2026-05-18T17:21:16.7841672Z Removing SSH command configuration
2026-05-18T17:21:16.7849726Z [command]/usr/bin/git config --local --name-only --get-regexp core\.sshCommand
2026-05-18T17:21:16.7912620Z [command]/usr/bin/git submodule foreach --recursive sh -c "git config --local --name-only --get-regexp 'core\.sshCommand' && git config --local --unset-all 'core.sshCommand' || :"
2026-05-18T17:21:16.8157554Z Removing HTTP extra header
2026-05-18T17:21:16.8162827Z [command]/usr/bin/git config --local --name-only --get-regexp http\.https\:\/\/github\.com\/\.extraheader
2026-05-18T17:21:16.8199978Z [command]/usr/bin/git submodule foreach --recursive sh -c "git config --local --name-only --get-regexp 'http\.https\:\/\/github\.com\/\.extraheader' && git config --local --unset-all 'http.https://github.com/.extraheader' || :"
2026-05-18T17:21:16.8439728Z Removing includeIf entries pointing to credentials config files
2026-05-18T17:21:16.8447408Z [command]/usr/bin/git config --local --name-only --get-regexp ^includeIf\.gitdir:
2026-05-18T17:21:16.8474631Z includeif.gitdir:/home/runner/work/prismTask/prismTask/.git.path
2026-05-18T17:21:16.8475630Z includeif.gitdir:/home/runner/work/prismTask/prismTask/.git/worktrees/*.path
2026-05-18T17:21:16.8476419Z includeif.gitdir:/github/workspace/.git.path
2026-05-18T17:21:16.8477097Z includeif.gitdir:/github/workspace/.git/worktrees/*.path
2026-05-18T17:21:16.8484866Z [command]/usr/bin/git config --local --get-all includeif.gitdir:/home/runner/work/prismTask/prismTask/.git.path
2026-05-18T17:21:16.8507915Z /home/runner/work/_temp/git-credentials-573d231a-aa6d-4a5f-b3ab-81b17c2af172.config
2026-05-18T17:21:16.8518615Z [command]/usr/bin/git config --local --unset includeif.gitdir:/home/runner/work/prismTask/prismTask/.git.path /home/runner/work/_temp/git-credentials-573d231a-aa6d-4a5f-b3ab-81b17c2af172.config
2026-05-18T17:21:16.8554605Z [command]/usr/bin/git config --local --get-all includeif.gitdir:/home/runner/work/prismTask/prismTask/.git/worktrees/*.path
2026-05-18T17:21:16.8580011Z /home/runner/work/_temp/git-credentials-573d231a-aa6d-4a5f-b3ab-81b17c2af172.config
2026-05-18T17:21:16.8589877Z [command]/usr/bin/git config --local --unset includeif.gitdir:/home/runner/work/prismTask/prismTask/.git/worktrees/*.path /home/runner/work/_temp/git-credentials-573d231a-aa6d-4a5f-b3ab-81b17c2af172.config
2026-05-18T17:21:16.8622893Z [command]/usr/bin/git config --local --get-all includeif.gitdir:/github/workspace/.git.path
2026-05-18T17:21:16.8646138Z /github/runner_temp/git-credentials-573d231a-aa6d-4a5f-b3ab-81b17c2af172.config
2026-05-18T17:21:16.8654757Z [command]/usr/bin/git config --local --unset includeif.gitdir:/github/workspace/.git.path /github/runner_temp/git-credentials-573d231a-aa6d-4a5f-b3ab-81b17c2af172.config
2026-05-18T17:21:16.8687196Z [command]/usr/bin/git config --local --get-all includeif.gitdir:/github/workspace/.git/worktrees/*.path
2026-05-18T17:21:16.8709347Z /github/runner_temp/git-credentials-573d231a-aa6d-4a5f-b3ab-81b17c2af172.config
2026-05-18T17:21:16.8719658Z [command]/usr/bin/git config --local --unset includeif.gitdir:/github/workspace/.git/worktrees/*.path /github/runner_temp/git-credentials-573d231a-aa6d-4a5f-b3ab-81b17c2af172.config
2026-05-18T17:21:16.8753669Z [command]/usr/bin/git submodule foreach --recursive git config --local --show-origin --name-only --get-regexp remote.origin.url
2026-05-18T17:21:16.8987276Z Removing credentials config '/home/runner/work/_temp/git-credentials-573d231a-aa6d-4a5f-b3ab-81b17c2af172.config'
2026-05-18T17:21:16.9136061Z Cleaning up orphan processes
2026-05-18T17:21:16.9460641Z ##[warning]Node.js 20 actions are deprecated. The following actions are running on Node.js 20 and may not work as expected: actions/setup-node@v4. Actions will be forced to run with Node.js 24 by default starting June 2nd, 2026. Node.js 20 will be removed from the runner on September 16th, 2026. Please check if updated versions of these actions are available that support Node.js 24. To opt into Node.js 24 now, set the FORCE_JAVASCRIPT_ACTIONS_TO_NODE24=true environment variable on the runner or in your workflow file. Once Node.js 24 becomes the default, you can temporarily opt out by setting ACTIONS_ALLOW_USE_UNSECURE_NODE_VERSION=true. For more information see: https://github.blog/changelog/2025-09-19-deprecation-of-node-20-on-github-actions-runners/


--- Job: web-lint-and-test (id 76580815851) ---
2026-05-18T17:21:23.5083411Z Current runner version: '2.334.0'
2026-05-18T17:21:23.5110338Z ##[group]Runner Image Provisioner
2026-05-18T17:21:23.5111127Z Hosted Compute Agent
2026-05-18T17:21:23.5111727Z Version: 20260213.493
2026-05-18T17:21:23.5112326Z Commit: 5c115507f6dd24b8de37d8bbe0bb4509d0cc0fa3
2026-05-18T17:21:23.5113041Z Build Date: 2026-02-13T00:28:41Z
2026-05-18T17:21:23.5113791Z Worker ID: {3d686669-c4b5-4f0a-9ccf-a96e17814e29}
2026-05-18T17:21:23.5114528Z Azure Region: eastus
2026-05-18T17:21:23.5115312Z ##[endgroup]
2026-05-18T17:21:23.5117679Z ##[group]Operating System
2026-05-18T17:21:23.5118619Z Ubuntu
2026-05-18T17:21:23.5119589Z 24.04.4
2026-05-18T17:21:23.5120344Z LTS
2026-05-18T17:21:23.5120986Z ##[endgroup]
2026-05-18T17:21:23.5121453Z ##[group]Runner Image
2026-05-18T17:21:23.5122061Z Image: ubuntu-24.04
2026-05-18T17:21:23.5122560Z Version: 20260513.135.3
2026-05-18T17:21:23.5123800Z Included Software: https://github.com/actions/runner-images/blob/ubuntu24/20260513.135/images/ubuntu/Ubuntu2404-Readme.md
2026-05-18T17:21:23.5125312Z Image Release: https://github.com/actions/runner-images/releases/tag/ubuntu24%2F20260513.135
2026-05-18T17:21:23.5126224Z ##[endgroup]
2026-05-18T17:21:23.5127431Z ##[group]GITHUB_TOKEN Permissions
2026-05-18T17:21:23.5129974Z Actions: read
2026-05-18T17:21:23.5130511Z Checks: read
2026-05-18T17:21:23.5131068Z Contents: write
2026-05-18T17:21:23.5131576Z Metadata: read
2026-05-18T17:21:23.5132056Z ##[endgroup]
2026-05-18T17:21:23.5134390Z Secret source: Actions
2026-05-18T17:21:23.5135388Z Prepare workflow directory
2026-05-18T17:21:23.5489305Z Prepare all required actions
2026-05-18T17:21:23.5587613Z Complete job name: web-lint-and-test
2026-05-18T17:21:23.6423346Z ##[group]Run if [ 'success' != 'success' ]; then
2026-05-18T17:21:23.6424245Z [36;1mif [ 'success' != 'success' ]; then[0m
2026-05-18T17:21:23.6425025Z [36;1m  echo "web-lint finished with success" >&2[0m
2026-05-18T17:21:23.6425874Z [36;1m  exit 1[0m
2026-05-18T17:21:23.6426373Z [36;1mfi[0m
2026-05-18T17:21:23.6426863Z [36;1mif [ 'failure' != 'success' ]; then[0m
2026-05-18T17:21:23.6427711Z [36;1m  echo "web-unit-tests finished with failure" >&2[0m
2026-05-18T17:21:23.6428387Z [36;1m  exit 1[0m
2026-05-18T17:21:23.6429231Z [36;1mfi[0m
2026-05-18T17:21:23.6429985Z [36;1mif [ 'success' != 'success' ]; then[0m
2026-05-18T17:21:23.6430658Z [36;1m  echo "web-build finished with success" >&2[0m
2026-05-18T17:21:23.6431353Z [36;1m  exit 1[0m
2026-05-18T17:21:23.6431807Z [36;1mfi[0m
2026-05-18T17:21:23.6432439Z [36;1mecho "✓ Split web lint, unit-test shards, and build passed."[0m
2026-05-18T17:21:23.7026560Z shell: /usr/bin/bash -e {0}
2026-05-18T17:21:23.7027961Z ##[endgroup]
2026-05-18T17:21:23.7266543Z web-unit-tests finished with failure
2026-05-18T17:21:23.7402371Z ##[error]Process completed with exit code 1.
2026-05-18T17:21:23.7551652Z Cleaning up orphan processes
