=== CI FAILURE ===
Workflow:      Web CI
Workflow file: akarlin3/prismTask/.github/workflows/web-ci.yml@refs/pull/1690/merge
Job(s):        web-lint, web-lint-and-test
Run ID:        26268864232
Run attempt:   1
Run URL:       https://github.com/akarlin3/prismTask/actions/runs/26268864232
Commit:        aeb6d817c6d176ac57698a769ab2280357eed050
Branch:        1690/merge
Event:         pull_request
Actor:         akarlin3
Runner OS:     Linux
Timestamp:     2026-05-22T04:45:29.388Z

Failed steps:
  - web-lint: #5 Run ESLint
  - web-lint-and-test: #2 Verify split web checks

=== FAILED JOB LOG ===

--- Job: web-lint (id 77317890367) ---
2026-05-22T04:43:36.3539710Z Current runner version: '2.334.0'
2026-05-22T04:43:36.3574461Z ##[group]Runner Image Provisioner
2026-05-22T04:43:36.3575624Z Hosted Compute Agent
2026-05-22T04:43:36.3576401Z Version: 20260213.493
2026-05-22T04:43:36.3577390Z Commit: 5c115507f6dd24b8de37d8bbe0bb4509d0cc0fa3
2026-05-22T04:43:36.3578527Z Build Date: 2026-02-13T00:28:41Z
2026-05-22T04:43:36.3579502Z Worker ID: {904821c2-37a5-474c-b95a-12d5d75c7fc4}
2026-05-22T04:43:36.3580662Z Azure Region: eastus
2026-05-22T04:43:36.3581656Z ##[endgroup]
2026-05-22T04:43:36.3583687Z ##[group]Operating System
2026-05-22T04:43:36.3584604Z Ubuntu
2026-05-22T04:43:36.3585413Z 24.04.4
2026-05-22T04:43:36.3586053Z LTS
2026-05-22T04:43:36.3586871Z ##[endgroup]
2026-05-22T04:43:36.3587579Z ##[group]Runner Image
2026-05-22T04:43:36.3588449Z Image: ubuntu-24.04
2026-05-22T04:43:36.3589389Z Version: 20260513.135.3
2026-05-22T04:43:36.3591618Z Included Software: https://github.com/actions/runner-images/blob/ubuntu24/20260513.135/images/ubuntu/Ubuntu2404-Readme.md
2026-05-22T04:43:36.3594099Z Image Release: https://github.com/actions/runner-images/releases/tag/ubuntu24%2F20260513.135
2026-05-22T04:43:36.3595606Z ##[endgroup]
2026-05-22T04:43:36.3597772Z ##[group]GITHUB_TOKEN Permissions
2026-05-22T04:43:36.3600442Z Actions: read
2026-05-22T04:43:36.3601435Z Checks: read
2026-05-22T04:43:36.3602358Z Contents: write
2026-05-22T04:43:36.3603082Z Metadata: read
2026-05-22T04:43:36.3603853Z PullRequests: read
2026-05-22T04:43:36.3604703Z ##[endgroup]
2026-05-22T04:43:36.3608054Z Secret source: Actions
2026-05-22T04:43:36.3609155Z Prepare workflow directory
2026-05-22T04:43:36.4158104Z Prepare all required actions
2026-05-22T04:43:36.4210266Z Getting action download info
2026-05-22T04:43:36.6901650Z Download action repository 'actions/checkout@v6' (SHA:de0fac2e4500dabe0009e67214ff5f5447ce83dd)
2026-05-22T04:43:37.0866138Z Complete job name: web-lint
2026-05-22T04:43:37.1547956Z ##[group]Run actions/checkout@v6
2026-05-22T04:43:37.1548726Z with:
2026-05-22T04:43:37.1549126Z   repository: akarlin3/prismTask
2026-05-22T04:43:37.1549818Z   token: ***
2026-05-22T04:43:37.1550205Z   ssh-strict: true
2026-05-22T04:43:37.1550594Z   ssh-user: git
2026-05-22T04:43:37.1551176Z   persist-credentials: true
2026-05-22T04:43:37.1551628Z   clean: true
2026-05-22T04:43:37.1552028Z   sparse-checkout-cone-mode: true
2026-05-22T04:43:37.1552489Z   fetch-depth: 1
2026-05-22T04:43:37.1552874Z   fetch-tags: false
2026-05-22T04:43:37.1553261Z   show-progress: true
2026-05-22T04:43:37.1553674Z   lfs: false
2026-05-22T04:43:37.1554035Z   submodules: false
2026-05-22T04:43:37.1554437Z   set-safe-directory: true
2026-05-22T04:43:37.1555056Z ##[endgroup]
2026-05-22T04:43:37.2665423Z Syncing repository: akarlin3/prismTask
2026-05-22T04:43:37.2668658Z ##[group]Getting Git version info
2026-05-22T04:43:37.2669988Z Working directory is '/home/runner/work/prismTask/prismTask'
2026-05-22T04:43:37.2672136Z [command]/usr/bin/git version
2026-05-22T04:43:37.2784530Z git version 2.54.0
2026-05-22T04:43:37.2808551Z ##[endgroup]
2026-05-22T04:43:37.2824373Z Temporarily overriding HOME='/home/runner/work/_temp/1d71341a-5265-48f4-8611-d6ff6c829e6f' before making global git config changes
2026-05-22T04:43:37.2827311Z Adding repository directory to the temporary git global config as a safe directory
2026-05-22T04:43:37.2832316Z [command]/usr/bin/git config --global --add safe.directory /home/runner/work/prismTask/prismTask
2026-05-22T04:43:37.2883791Z Deleting the contents of '/home/runner/work/prismTask/prismTask'
2026-05-22T04:43:37.2888755Z ##[group]Initializing the repository
2026-05-22T04:43:37.2894428Z [command]/usr/bin/git init /home/runner/work/prismTask/prismTask
2026-05-22T04:43:37.3205521Z hint: Using 'master' as the name for the initial branch. This default branch name
2026-05-22T04:43:37.3207703Z hint: will change to "main" in Git 3.0. To configure the initial branch name
2026-05-22T04:43:37.3210248Z hint: to use in all of your new repositories, which will suppress this warning,
2026-05-22T04:43:37.3212096Z hint: call:
2026-05-22T04:43:37.3213715Z hint:
2026-05-22T04:43:37.3214854Z hint: 	git config --global init.defaultBranch <name>
2026-05-22T04:43:37.3216640Z hint:
2026-05-22T04:43:37.3218010Z hint: Names commonly chosen instead of 'master' are 'main', 'trunk' and
2026-05-22T04:43:37.3220422Z hint: 'development'. The just-created branch can be renamed via this command:
2026-05-22T04:43:37.3222563Z hint:
2026-05-22T04:43:37.3224038Z hint: 	git branch -m <name>
2026-05-22T04:43:37.3226567Z hint:
2026-05-22T04:43:37.3228105Z hint: Disable this message with "git config set advice.defaultBranchName false"
2026-05-22T04:43:37.3230730Z Initialized empty Git repository in /home/runner/work/prismTask/prismTask/.git/
2026-05-22T04:43:37.3235314Z [command]/usr/bin/git remote add origin https://github.com/akarlin3/prismTask
2026-05-22T04:43:37.3239625Z ##[endgroup]
2026-05-22T04:43:37.3241375Z ##[group]Disabling automatic garbage collection
2026-05-22T04:43:37.3243106Z [command]/usr/bin/git config --local gc.auto 0
2026-05-22T04:43:37.3246467Z ##[endgroup]
2026-05-22T04:43:37.3248185Z ##[group]Setting up auth
2026-05-22T04:43:37.3249454Z Removing SSH command configuration
2026-05-22T04:43:37.3251903Z [command]/usr/bin/git config --local --name-only --get-regexp core\.sshCommand
2026-05-22T04:43:37.4043975Z [command]/usr/bin/git submodule foreach --recursive sh -c "git config --local --name-only --get-regexp 'core\.sshCommand' && git config --local --unset-all 'core.sshCommand' || :"
2026-05-22T04:43:37.4047077Z Removing HTTP extra header
2026-05-22T04:43:37.4048367Z [command]/usr/bin/git config --local --name-only --get-regexp http\.https\:\/\/github\.com\/\.extraheader
2026-05-22T04:43:37.4053040Z [command]/usr/bin/git submodule foreach --recursive sh -c "git config --local --name-only --get-regexp 'http\.https\:\/\/github\.com\/\.extraheader' && git config --local --unset-all 'http.https://github.com/.extraheader' || :"
2026-05-22T04:43:37.4202410Z Removing includeIf entries pointing to credentials config files
2026-05-22T04:43:37.4204811Z [command]/usr/bin/git config --local --name-only --get-regexp ^includeIf\.gitdir:
2026-05-22T04:43:37.4249719Z [command]/usr/bin/git submodule foreach --recursive git config --local --show-origin --name-only --get-regexp remote.origin.url
2026-05-22T04:43:37.4619304Z [command]/usr/bin/git config --file /home/runner/work/_temp/git-credentials-44d3a5b1-4cbe-4502-86b4-e1c292f98f20.config http.https://github.com/.extraheader AUTHORIZATION: basic ***
2026-05-22T04:43:37.4626967Z [command]/usr/bin/git config --local includeIf.gitdir:/home/runner/work/prismTask/prismTask/.git.path /home/runner/work/_temp/git-credentials-44d3a5b1-4cbe-4502-86b4-e1c292f98f20.config
2026-05-22T04:43:37.4631988Z [command]/usr/bin/git config --local includeIf.gitdir:/home/runner/work/prismTask/prismTask/.git/worktrees/*.path /home/runner/work/_temp/git-credentials-44d3a5b1-4cbe-4502-86b4-e1c292f98f20.config
2026-05-22T04:43:37.4644565Z [command]/usr/bin/git config --local includeIf.gitdir:/github/workspace/.git.path /github/runner_temp/git-credentials-44d3a5b1-4cbe-4502-86b4-e1c292f98f20.config
2026-05-22T04:43:37.4670706Z [command]/usr/bin/git config --local includeIf.gitdir:/github/workspace/.git/worktrees/*.path /github/runner_temp/git-credentials-44d3a5b1-4cbe-4502-86b4-e1c292f98f20.config
2026-05-22T04:43:37.4707165Z ##[endgroup]
2026-05-22T04:43:37.4708920Z ##[group]Fetching the repository
2026-05-22T04:43:37.4715257Z [command]/usr/bin/git -c protocol.version=2 fetch --no-tags --prune --no-recurse-submodules --depth=1 origin +aeb6d817c6d176ac57698a769ab2280357eed050:refs/remotes/pull/1690/merge
2026-05-22T04:43:39.3322872Z From https://github.com/akarlin3/prismTask
2026-05-22T04:43:39.3325558Z  * [new ref]         aeb6d817c6d176ac57698a769ab2280357eed050 -> pull/1690/merge
2026-05-22T04:43:39.3357762Z ##[endgroup]
2026-05-22T04:43:39.3359335Z ##[group]Determining the checkout info
2026-05-22T04:43:39.3361375Z ##[endgroup]
2026-05-22T04:43:39.3366100Z [command]/usr/bin/git sparse-checkout disable
2026-05-22T04:43:39.3413418Z [command]/usr/bin/git config --local --unset-all extensions.worktreeConfig
2026-05-22T04:43:39.3449606Z ##[group]Checking out the ref
2026-05-22T04:43:39.3452845Z [command]/usr/bin/git checkout --progress --force refs/remotes/pull/1690/merge
2026-05-22T04:43:39.6758651Z Note: switching to 'refs/remotes/pull/1690/merge'.
2026-05-22T04:43:39.6763984Z 
2026-05-22T04:43:39.6764722Z You are in 'detached HEAD' state. You can look around, make experimental
2026-05-22T04:43:39.6765975Z changes and commit them, and you can discard any commits you make in this
2026-05-22T04:43:39.6767157Z state without impacting any branches by switching back to a branch.
2026-05-22T04:43:39.6767972Z 
2026-05-22T04:43:39.6768583Z If you want to create a new branch to retain commits you create, you may
2026-05-22T04:43:39.6769732Z do so (now or later) by using -c with the switch command. Example:
2026-05-22T04:43:39.6770533Z 
2026-05-22T04:43:39.6771167Z   git switch -c <new-branch-name>
2026-05-22T04:43:39.6771756Z 
2026-05-22T04:43:39.6772210Z Or undo this operation with:
2026-05-22T04:43:39.6772805Z 
2026-05-22T04:43:39.6773241Z   git switch -
2026-05-22T04:43:39.6773958Z 
2026-05-22T04:43:39.6774683Z Turn off this advice by setting config variable advice.detachedHead to false
2026-05-22T04:43:39.6775632Z 
2026-05-22T04:43:39.6776506Z HEAD is now at aeb6d81 Merge fec361be80ab20c0ef834011519a71ada8f30441 into 36756f2c6085beb0526fb07644d6fa08e6e0ce5f
2026-05-22T04:43:39.6792421Z ##[endgroup]
2026-05-22T04:43:39.6870849Z [command]/usr/bin/git log -1 --format=%H
2026-05-22T04:43:39.6897393Z aeb6d817c6d176ac57698a769ab2280357eed050
2026-05-22T04:43:39.7220452Z Prepare all required actions
2026-05-22T04:43:39.7221461Z Getting action download info
2026-05-22T04:43:39.8218534Z Download action repository 'actions/setup-node@v4' (SHA:49933ea5288caeca8642d1e84afbd3f7d6820020)
2026-05-22T04:43:39.9365000Z ##[group]Run ./.github/actions/setup-node-web
2026-05-22T04:43:39.9365528Z ##[endgroup]
2026-05-22T04:43:39.9514305Z ##[group]Run actions/setup-node@v4
2026-05-22T04:43:39.9514840Z with:
2026-05-22T04:43:39.9515233Z   node-version: 22
2026-05-22T04:43:39.9515615Z   cache: npm
2026-05-22T04:43:39.9516049Z   cache-dependency-path: web/package-lock.json
2026-05-22T04:43:39.9516556Z   always-auth: false
2026-05-22T04:43:39.9516952Z   check-latest: false
2026-05-22T04:43:39.9517505Z   token: ***
2026-05-22T04:43:39.9517886Z ##[endgroup]
2026-05-22T04:43:40.1427275Z Found in cache @ /opt/hostedtoolcache/node/22.22.2/x64
2026-05-22T04:43:40.1432113Z ##[group]Environment details
2026-05-22T04:43:40.7299654Z node: v22.22.2
2026-05-22T04:43:40.7300075Z npm: 10.9.7
2026-05-22T04:43:40.7300372Z yarn: 1.22.22
2026-05-22T04:43:40.7301531Z ##[endgroup]
2026-05-22T04:43:40.7315398Z [command]/opt/hostedtoolcache/node/22.22.2/x64/bin/npm config get cache
2026-05-22T04:43:40.8393178Z /home/runner/.npm
2026-05-22T04:43:40.9544353Z npm cache is not found
2026-05-22T04:43:40.9708085Z ##[group]Run npm ci
2026-05-22T04:43:40.9708374Z [36;1mnpm ci[0m
2026-05-22T04:43:40.9754520Z shell: /usr/bin/bash --noprofile --norc -e -o pipefail {0}
2026-05-22T04:43:40.9754896Z ##[endgroup]
2026-05-22T04:43:55.1122896Z 
2026-05-22T04:43:55.1132127Z added 435 packages, and audited 436 packages in 14s
2026-05-22T04:43:55.1133347Z 
2026-05-22T04:43:55.1133845Z 94 packages are looking for funding
2026-05-22T04:43:55.1134480Z   run `npm fund` for details
2026-05-22T04:43:55.1201482Z 
2026-05-22T04:43:55.1202185Z 4 vulnerabilities (3 moderate, 1 critical)
2026-05-22T04:43:55.1202705Z 
2026-05-22T04:43:55.1203068Z To address all issues, run:
2026-05-22T04:43:55.1203631Z   npm audit fix
2026-05-22T04:43:55.1203994Z 
2026-05-22T04:43:55.1204296Z Run `npm audit` for details.
2026-05-22T04:43:55.1862487Z ##[group]Run npm run lint
2026-05-22T04:43:55.1862790Z [36;1mnpm run lint[0m
2026-05-22T04:43:55.1898944Z shell: /usr/bin/bash -e {0}
2026-05-22T04:43:55.1899206Z ##[endgroup]
2026-05-22T04:43:55.2937164Z 
2026-05-22T04:43:55.2938054Z > web@2.0.0 lint
2026-05-22T04:43:55.2938937Z > eslint .
2026-05-22T04:43:55.2939928Z 
2026-05-22T04:44:25.7785650Z 
2026-05-22T04:44:25.7800812Z /home/runner/work/prismTask/prismTask/web/src/routes/index.tsx
2026-05-22T04:44:25.7840770Z ##[error]  14:7  error  Fast refresh only works when a file only exports components. Move your component(s) to a separate file. If all exports are HOCs, add them to the `extraHOCs` option  react-refresh/only-export-components
2026-05-22T04:44:25.7854833Z ##[error]  15:7  error  Fast refresh only works when a file only exports components. Move your component(s) to a separate file. If all exports are HOCs, add them to the `extraHOCs` option  react-refresh/only-export-components
2026-05-22T04:44:25.7859414Z ##[error]  18:7  error  Fast refresh only works when a file only exports components. Move your component(s) to a separate file. If all exports are HOCs, add them to the `extraHOCs` option  react-refresh/only-export-components
2026-05-22T04:44:25.7863737Z ##[error]  19:7  error  Fast refresh only works when a file only exports components. Move your component(s) to a separate file. If all exports are HOCs, add them to the `extraHOCs` option  react-refresh/only-export-components
2026-05-22T04:44:25.7867875Z ##[error]  20:7  error  Fast refresh only works when a file only exports components. Move your component(s) to a separate file. If all exports are HOCs, add them to the `extraHOCs` option  react-refresh/only-export-components
2026-05-22T04:44:25.7869875Z 
2026-05-22T04:44:25.7870541Z ✖ 5 problems (5 errors, 0 warnings)
2026-05-22T04:44:25.7870951Z 
2026-05-22T04:44:25.9697387Z ##[error]Process completed with exit code 1.
2026-05-22T04:44:25.9765245Z Post job cleanup.
2026-05-22T04:44:25.9846822Z Post job cleanup.
2026-05-22T04:44:26.0738889Z [command]/usr/bin/git version
2026-05-22T04:44:26.0781462Z git version 2.54.0
2026-05-22T04:44:26.0823664Z Temporarily overriding HOME='/home/runner/work/_temp/190c871e-2cd0-444b-aef1-b6d1ceaacc31' before making global git config changes
2026-05-22T04:44:26.0825600Z Adding repository directory to the temporary git global config as a safe directory
2026-05-22T04:44:26.0829608Z [command]/usr/bin/git config --global --add safe.directory /home/runner/work/prismTask/prismTask
2026-05-22T04:44:26.0872972Z Removing SSH command configuration
2026-05-22T04:44:26.0881412Z [command]/usr/bin/git config --local --name-only --get-regexp core\.sshCommand
2026-05-22T04:44:26.0926409Z [command]/usr/bin/git submodule foreach --recursive sh -c "git config --local --name-only --get-regexp 'core\.sshCommand' && git config --local --unset-all 'core.sshCommand' || :"
2026-05-22T04:44:26.1210078Z Removing HTTP extra header
2026-05-22T04:44:26.1216662Z [command]/usr/bin/git config --local --name-only --get-regexp http\.https\:\/\/github\.com\/\.extraheader
2026-05-22T04:44:26.1257948Z [command]/usr/bin/git submodule foreach --recursive sh -c "git config --local --name-only --get-regexp 'http\.https\:\/\/github\.com\/\.extraheader' && git config --local --unset-all 'http.https://github.com/.extraheader' || :"
2026-05-22T04:44:26.1502743Z Removing includeIf entries pointing to credentials config files
2026-05-22T04:44:26.1511297Z [command]/usr/bin/git config --local --name-only --get-regexp ^includeIf\.gitdir:
2026-05-22T04:44:26.1538768Z includeif.gitdir:/home/runner/work/prismTask/prismTask/.git.path
2026-05-22T04:44:26.1544275Z includeif.gitdir:/home/runner/work/prismTask/prismTask/.git/worktrees/*.path
2026-05-22T04:44:26.1545329Z includeif.gitdir:/github/workspace/.git.path
2026-05-22T04:44:26.1546404Z includeif.gitdir:/github/workspace/.git/worktrees/*.path
2026-05-22T04:44:26.1550262Z [command]/usr/bin/git config --local --get-all includeif.gitdir:/home/runner/work/prismTask/prismTask/.git.path
2026-05-22T04:44:26.1576948Z /home/runner/work/_temp/git-credentials-44d3a5b1-4cbe-4502-86b4-e1c292f98f20.config
2026-05-22T04:44:26.1587597Z [command]/usr/bin/git config --local --unset includeif.gitdir:/home/runner/work/prismTask/prismTask/.git.path /home/runner/work/_temp/git-credentials-44d3a5b1-4cbe-4502-86b4-e1c292f98f20.config
2026-05-22T04:44:26.1628799Z [command]/usr/bin/git config --local --get-all includeif.gitdir:/home/runner/work/prismTask/prismTask/.git/worktrees/*.path
2026-05-22T04:44:26.1653699Z /home/runner/work/_temp/git-credentials-44d3a5b1-4cbe-4502-86b4-e1c292f98f20.config
2026-05-22T04:44:26.1666749Z [command]/usr/bin/git config --local --unset includeif.gitdir:/home/runner/work/prismTask/prismTask/.git/worktrees/*.path /home/runner/work/_temp/git-credentials-44d3a5b1-4cbe-4502-86b4-e1c292f98f20.config
2026-05-22T04:44:26.1700727Z [command]/usr/bin/git config --local --get-all includeif.gitdir:/github/workspace/.git.path
2026-05-22T04:44:26.1727475Z /github/runner_temp/git-credentials-44d3a5b1-4cbe-4502-86b4-e1c292f98f20.config
2026-05-22T04:44:26.1736659Z [command]/usr/bin/git config --local --unset includeif.gitdir:/github/workspace/.git.path /github/runner_temp/git-credentials-44d3a5b1-4cbe-4502-86b4-e1c292f98f20.config
2026-05-22T04:44:26.1772523Z [command]/usr/bin/git config --local --get-all includeif.gitdir:/github/workspace/.git/worktrees/*.path
2026-05-22T04:44:26.1795581Z /github/runner_temp/git-credentials-44d3a5b1-4cbe-4502-86b4-e1c292f98f20.config
2026-05-22T04:44:26.1813116Z [command]/usr/bin/git config --local --unset includeif.gitdir:/github/workspace/.git/worktrees/*.path /github/runner_temp/git-credentials-44d3a5b1-4cbe-4502-86b4-e1c292f98f20.config
2026-05-22T04:44:26.1845930Z [command]/usr/bin/git submodule foreach --recursive git config --local --show-origin --name-only --get-regexp remote.origin.url
2026-05-22T04:44:26.2089297Z Removing credentials config '/home/runner/work/_temp/git-credentials-44d3a5b1-4cbe-4502-86b4-e1c292f98f20.config'
2026-05-22T04:44:26.2247351Z Cleaning up orphan processes
2026-05-22T04:44:26.2504276Z ##[warning]Node.js 20 actions are deprecated. The following actions are running on Node.js 20 and may not work as expected: actions/setup-node@v4. Actions will be forced to run with Node.js 24 by default starting June 2nd, 2026. Node.js 20 will be removed from the runner on September 16th, 2026. Please check if updated versions of these actions are available that support Node.js 24. To opt into Node.js 24 now, set the FORCE_JAVASCRIPT_ACTIONS_TO_NODE24=true environment variable on the runner or in your workflow file. Once Node.js 24 becomes the default, you can temporarily opt out by setting ACTIONS_ALLOW_USE_UNSECURE_NODE_VERSION=true. For more information see: https://github.blog/changelog/2025-09-19-deprecation-of-node-20-on-github-actions-runners/


--- Job: web-lint-and-test (id 77318028629) ---
2026-05-22T04:45:18.1033172Z Current runner version: '2.334.0'
2026-05-22T04:45:18.1087142Z ##[group]Runner Image Provisioner
2026-05-22T04:45:18.1088568Z Hosted Compute Agent
2026-05-22T04:45:18.1099914Z Version: 20260213.493
2026-05-22T04:45:18.1101157Z Commit: 5c115507f6dd24b8de37d8bbe0bb4509d0cc0fa3
2026-05-22T04:45:18.1102308Z Build Date: 2026-02-13T00:28:41Z
2026-05-22T04:45:18.1103417Z Worker ID: {18775d83-32e8-4381-a431-9c01414f0f83}
2026-05-22T04:45:18.1104519Z Azure Region: eastus2
2026-05-22T04:45:18.1105423Z ##[endgroup]
2026-05-22T04:45:18.1108382Z ##[group]Operating System
2026-05-22T04:45:18.1109335Z Ubuntu
2026-05-22T04:45:18.1110451Z 24.04.4
2026-05-22T04:45:18.1111292Z LTS
2026-05-22T04:45:18.1112032Z ##[endgroup]
2026-05-22T04:45:18.1112964Z ##[group]Runner Image
2026-05-22T04:45:18.1113876Z Image: ubuntu-24.04
2026-05-22T04:45:18.1114772Z Version: 20260518.149.1
2026-05-22T04:45:18.1116776Z Included Software: https://github.com/actions/runner-images/blob/ubuntu24/20260518.149/images/ubuntu/Ubuntu2404-Readme.md
2026-05-22T04:45:18.1119259Z Image Release: https://github.com/actions/runner-images/releases/tag/ubuntu24%2F20260518.149
2026-05-22T04:45:18.1126488Z ##[endgroup]
2026-05-22T04:45:18.1128708Z ##[group]GITHUB_TOKEN Permissions
2026-05-22T04:45:18.1131760Z Actions: read
2026-05-22T04:45:18.1132781Z Checks: read
2026-05-22T04:45:18.1133609Z Contents: write
2026-05-22T04:45:18.1134440Z Metadata: read
2026-05-22T04:45:18.1135277Z PullRequests: read
2026-05-22T04:45:18.1136158Z ##[endgroup]
2026-05-22T04:45:18.1139188Z Secret source: Actions
2026-05-22T04:45:18.1160946Z Prepare workflow directory
2026-05-22T04:45:18.2018019Z Prepare all required actions
2026-05-22T04:45:18.2288678Z Complete job name: web-lint-and-test
2026-05-22T04:45:18.4050045Z ##[group]Run if [ 'failure' != 'success' ]; then
2026-05-22T04:45:18.4051592Z [36;1mif [ 'failure' != 'success' ]; then[0m
2026-05-22T04:45:18.4052984Z [36;1m  echo "web-lint finished with failure" >&2[0m
2026-05-22T04:45:18.4054326Z [36;1m  exit 1[0m
2026-05-22T04:45:18.4055169Z [36;1mfi[0m
2026-05-22T04:45:18.4056020Z [36;1mif [ 'success' != 'success' ]; then[0m
2026-05-22T04:45:18.4057359Z [36;1m  echo "web-unit-tests finished with success" >&2[0m
2026-05-22T04:45:18.4058561Z [36;1m  exit 1[0m
2026-05-22T04:45:18.4059668Z [36;1mfi[0m
2026-05-22T04:45:18.4060566Z [36;1mif [ 'success' != 'success' ]; then[0m
2026-05-22T04:45:18.4061738Z [36;1m  echo "web-build finished with success" >&2[0m
2026-05-22T04:45:18.4063021Z [36;1m  exit 1[0m
2026-05-22T04:45:18.4063897Z [36;1mfi[0m
2026-05-22T04:45:18.4169236Z [36;1mecho "✓ Split web lint, unit-test shards, and build passed."[0m
2026-05-22T04:45:18.4878449Z shell: /usr/bin/bash -e {0}
2026-05-22T04:45:18.4879622Z ##[endgroup]
2026-05-22T04:45:18.5093252Z web-lint finished with failure
2026-05-22T04:45:18.5114287Z ##[error]Process completed with exit code 1.
2026-05-22T04:45:18.5230112Z Cleaning up orphan processes
