=== CI FAILURE ===
Workflow:      Web CI
Workflow file: averycorp/prismTask/.github/workflows/web-ci.yml@refs/pull/1568/merge
Job(s):        web-lint, web-lint-and-test
Run ID:        25953485382
Run attempt:   1
Run URL:       https://github.com/averycorp/prismTask/actions/runs/25953485382
Commit:        b4cec1e3da5fb5f00e3a7a7930c920a5d636cad5
Branch:        1568/merge
Event:         pull_request
Actor:         akarlin3
Runner OS:     Linux
Timestamp:     2026-05-16T05:08:50.118Z

Failed steps:
  - web-lint: #5 Run ESLint
  - web-lint-and-test: #2 Verify split web checks

=== FAILED JOB LOG ===

--- Job: web-lint (id 76295574003) ---
2026-05-16T05:07:52.0491682Z Current runner version: '2.334.0'
2026-05-16T05:07:52.0516976Z ##[group]Runner Image Provisioner
2026-05-16T05:07:52.0517818Z Hosted Compute Agent
2026-05-16T05:07:52.0518453Z Version: 20260213.493
2026-05-16T05:07:52.0519042Z Commit: 5c115507f6dd24b8de37d8bbe0bb4509d0cc0fa3
2026-05-16T05:07:52.0519761Z Build Date: 2026-02-13T00:28:41Z
2026-05-16T05:07:52.0520428Z Worker ID: {fa68219e-4621-4e41-b192-3acb2f89b51f}
2026-05-16T05:07:52.0521108Z Azure Region: eastus
2026-05-16T05:07:52.0521671Z ##[endgroup]
2026-05-16T05:07:52.0523066Z ##[group]Operating System
2026-05-16T05:07:52.0523707Z Ubuntu
2026-05-16T05:07:52.0524369Z 24.04.4
2026-05-16T05:07:52.0524948Z LTS
2026-05-16T05:07:52.0525376Z ##[endgroup]
2026-05-16T05:07:52.0525854Z ##[group]Runner Image
2026-05-16T05:07:52.0526436Z Image: ubuntu-24.04
2026-05-16T05:07:52.0526982Z Version: 20260513.135.3
2026-05-16T05:07:52.0528154Z Included Software: https://github.com/actions/runner-images/blob/ubuntu24/20260513.135/images/ubuntu/Ubuntu2404-Readme.md
2026-05-16T05:07:52.0529594Z Image Release: https://github.com/actions/runner-images/releases/tag/ubuntu24%2F20260513.135
2026-05-16T05:07:52.0530447Z ##[endgroup]
2026-05-16T05:07:52.0531673Z ##[group]GITHUB_TOKEN Permissions
2026-05-16T05:07:52.0533767Z Actions: read
2026-05-16T05:07:52.0534629Z Checks: read
2026-05-16T05:07:52.0535107Z Contents: write
2026-05-16T05:07:52.0535614Z Metadata: read
2026-05-16T05:07:52.0536103Z ##[endgroup]
2026-05-16T05:07:52.0538699Z Secret source: Actions
2026-05-16T05:07:52.0539620Z Prepare workflow directory
2026-05-16T05:07:52.0966262Z Prepare all required actions
2026-05-16T05:07:52.1008625Z Getting action download info
2026-05-16T05:07:52.3893444Z Download action repository 'actions/checkout@v6' (SHA:de0fac2e4500dabe0009e67214ff5f5447ce83dd)
2026-05-16T05:07:52.6606597Z Complete job name: web-lint
2026-05-16T05:07:52.7350859Z ##[group]Run actions/checkout@v6
2026-05-16T05:07:52.7351717Z with:
2026-05-16T05:07:52.7352123Z   repository: averycorp/prismTask
2026-05-16T05:07:52.7352822Z   token: ***
2026-05-16T05:07:52.7353205Z   ssh-strict: true
2026-05-16T05:07:52.7353582Z   ssh-user: git
2026-05-16T05:07:52.7353974Z   persist-credentials: true
2026-05-16T05:07:52.7354630Z   clean: true
2026-05-16T05:07:52.7355030Z   sparse-checkout-cone-mode: true
2026-05-16T05:07:52.7355492Z   fetch-depth: 1
2026-05-16T05:07:52.7355876Z   fetch-tags: false
2026-05-16T05:07:52.7356260Z   show-progress: true
2026-05-16T05:07:52.7356655Z   lfs: false
2026-05-16T05:07:52.7357012Z   submodules: false
2026-05-16T05:07:52.7357413Z   set-safe-directory: true
2026-05-16T05:07:52.7358107Z ##[endgroup]
2026-05-16T05:07:52.8350185Z Syncing repository: averycorp/prismTask
2026-05-16T05:07:52.8351956Z ##[group]Getting Git version info
2026-05-16T05:07:52.8352656Z Working directory is '/home/runner/work/prismTask/prismTask'
2026-05-16T05:07:52.8353669Z [command]/usr/bin/git version
2026-05-16T05:07:52.8445900Z git version 2.54.0
2026-05-16T05:07:52.8470211Z ##[endgroup]
2026-05-16T05:07:52.8486072Z Temporarily overriding HOME='/home/runner/work/_temp/7b5b7721-241e-4f30-bdb4-d6037d16de3f' before making global git config changes
2026-05-16T05:07:52.8487570Z Adding repository directory to the temporary git global config as a safe directory
2026-05-16T05:07:52.8492265Z [command]/usr/bin/git config --global --add safe.directory /home/runner/work/prismTask/prismTask
2026-05-16T05:07:52.8548116Z Deleting the contents of '/home/runner/work/prismTask/prismTask'
2026-05-16T05:07:52.8552497Z ##[group]Initializing the repository
2026-05-16T05:07:52.8557231Z [command]/usr/bin/git init /home/runner/work/prismTask/prismTask
2026-05-16T05:07:52.8707656Z hint: Using 'master' as the name for the initial branch. This default branch name
2026-05-16T05:07:52.8709243Z hint: will change to "main" in Git 3.0. To configure the initial branch name
2026-05-16T05:07:52.8710685Z hint: to use in all of your new repositories, which will suppress this warning,
2026-05-16T05:07:52.8711583Z hint: call:
2026-05-16T05:07:52.8711969Z hint:
2026-05-16T05:07:52.8712774Z hint: 	git config --global init.defaultBranch <name>
2026-05-16T05:07:52.8713596Z hint:
2026-05-16T05:07:52.8714788Z hint: Names commonly chosen instead of 'master' are 'main', 'trunk' and
2026-05-16T05:07:52.8716272Z hint: 'development'. The just-created branch can be renamed via this command:
2026-05-16T05:07:52.8717493Z hint:
2026-05-16T05:07:52.8717998Z hint: 	git branch -m <name>
2026-05-16T05:07:52.8718474Z hint:
2026-05-16T05:07:52.8719171Z hint: Disable this message with "git config set advice.defaultBranchName false"
2026-05-16T05:07:52.8720998Z Initialized empty Git repository in /home/runner/work/prismTask/prismTask/.git/
2026-05-16T05:07:52.8727134Z [command]/usr/bin/git remote add origin https://github.com/averycorp/prismTask
2026-05-16T05:07:52.8806422Z ##[endgroup]
2026-05-16T05:07:52.8807702Z ##[group]Disabling automatic garbage collection
2026-05-16T05:07:52.8811346Z [command]/usr/bin/git config --local gc.auto 0
2026-05-16T05:07:52.8844736Z ##[endgroup]
2026-05-16T05:07:52.8846081Z ##[group]Setting up auth
2026-05-16T05:07:52.8847004Z Removing SSH command configuration
2026-05-16T05:07:52.8853083Z [command]/usr/bin/git config --local --name-only --get-regexp core\.sshCommand
2026-05-16T05:07:52.8888751Z [command]/usr/bin/git submodule foreach --recursive sh -c "git config --local --name-only --get-regexp 'core\.sshCommand' && git config --local --unset-all 'core.sshCommand' || :"
2026-05-16T05:07:52.9256018Z Removing HTTP extra header
2026-05-16T05:07:52.9262296Z [command]/usr/bin/git config --local --name-only --get-regexp http\.https\:\/\/github\.com\/\.extraheader
2026-05-16T05:07:52.9295342Z [command]/usr/bin/git submodule foreach --recursive sh -c "git config --local --name-only --get-regexp 'http\.https\:\/\/github\.com\/\.extraheader' && git config --local --unset-all 'http.https://github.com/.extraheader' || :"
2026-05-16T05:07:52.9517255Z Removing includeIf entries pointing to credentials config files
2026-05-16T05:07:52.9523997Z [command]/usr/bin/git config --local --name-only --get-regexp ^includeIf\.gitdir:
2026-05-16T05:07:52.9562194Z [command]/usr/bin/git submodule foreach --recursive git config --local --show-origin --name-only --get-regexp remote.origin.url
2026-05-16T05:07:52.9798693Z [command]/usr/bin/git config --file /home/runner/work/_temp/git-credentials-a8c671ca-b01b-47bd-aeac-93d0eca9b94a.config http.https://github.com/.extraheader AUTHORIZATION: basic ***
2026-05-16T05:07:52.9838829Z [command]/usr/bin/git config --local includeIf.gitdir:/home/runner/work/prismTask/prismTask/.git.path /home/runner/work/_temp/git-credentials-a8c671ca-b01b-47bd-aeac-93d0eca9b94a.config
2026-05-16T05:07:52.9869787Z [command]/usr/bin/git config --local includeIf.gitdir:/home/runner/work/prismTask/prismTask/.git/worktrees/*.path /home/runner/work/_temp/git-credentials-a8c671ca-b01b-47bd-aeac-93d0eca9b94a.config
2026-05-16T05:07:52.9903919Z [command]/usr/bin/git config --local includeIf.gitdir:/github/workspace/.git.path /github/runner_temp/git-credentials-a8c671ca-b01b-47bd-aeac-93d0eca9b94a.config
2026-05-16T05:07:52.9935613Z [command]/usr/bin/git config --local includeIf.gitdir:/github/workspace/.git/worktrees/*.path /github/runner_temp/git-credentials-a8c671ca-b01b-47bd-aeac-93d0eca9b94a.config
2026-05-16T05:07:52.9971262Z ##[endgroup]
2026-05-16T05:07:52.9972407Z ##[group]Fetching the repository
2026-05-16T05:07:52.9980314Z [command]/usr/bin/git -c protocol.version=2 fetch --no-tags --prune --no-recurse-submodules --depth=1 origin +b4cec1e3da5fb5f00e3a7a7930c920a5d636cad5:refs/remotes/pull/1568/merge
2026-05-16T05:07:54.2330716Z From https://github.com/averycorp/prismTask
2026-05-16T05:07:54.2332748Z  * [new ref]         b4cec1e3da5fb5f00e3a7a7930c920a5d636cad5 -> pull/1568/merge
2026-05-16T05:07:54.2378250Z ##[endgroup]
2026-05-16T05:07:54.2379733Z ##[group]Determining the checkout info
2026-05-16T05:07:54.2381346Z ##[endgroup]
2026-05-16T05:07:54.2384827Z [command]/usr/bin/git sparse-checkout disable
2026-05-16T05:07:54.2437122Z [command]/usr/bin/git config --local --unset-all extensions.worktreeConfig
2026-05-16T05:07:54.2471014Z ##[group]Checking out the ref
2026-05-16T05:07:54.2475016Z [command]/usr/bin/git checkout --progress --force refs/remotes/pull/1568/merge
2026-05-16T05:07:54.5542844Z Note: switching to 'refs/remotes/pull/1568/merge'.
2026-05-16T05:07:54.5543840Z 
2026-05-16T05:07:54.5544945Z You are in 'detached HEAD' state. You can look around, make experimental
2026-05-16T05:07:54.5546481Z changes and commit them, and you can discard any commits you make in this
2026-05-16T05:07:54.5548015Z state without impacting any branches by switching back to a branch.
2026-05-16T05:07:54.5548897Z 
2026-05-16T05:07:54.5549518Z If you want to create a new branch to retain commits you create, you may
2026-05-16T05:07:54.5551083Z do so (now or later) by using -c with the switch command. Example:
2026-05-16T05:07:54.5551938Z 
2026-05-16T05:07:54.5552269Z   git switch -c <new-branch-name>
2026-05-16T05:07:54.5552815Z 
2026-05-16T05:07:54.5553141Z Or undo this operation with:
2026-05-16T05:07:54.5553666Z 
2026-05-16T05:07:54.5553947Z   git switch -
2026-05-16T05:07:54.5554554Z 
2026-05-16T05:07:54.5555315Z Turn off this advice by setting config variable advice.detachedHead to false
2026-05-16T05:07:54.5556350Z 
2026-05-16T05:07:54.5557461Z HEAD is now at b4cec1e Merge 23e2c5511ba534199bc17315f59898e5360eebb5 into ecbab25dad5474ca83496d5e4c593c1422f59044
2026-05-16T05:07:54.5567691Z ##[endgroup]
2026-05-16T05:07:54.5611821Z [command]/usr/bin/git log -1 --format=%H
2026-05-16T05:07:54.5636790Z b4cec1e3da5fb5f00e3a7a7930c920a5d636cad5
2026-05-16T05:07:54.6009343Z Prepare all required actions
2026-05-16T05:07:54.6010625Z Getting action download info
2026-05-16T05:07:54.7095083Z Download action repository 'actions/setup-node@v4' (SHA:49933ea5288caeca8642d1e84afbd3f7d6820020)
2026-05-16T05:07:54.8146651Z ##[group]Run ./.github/actions/setup-node-web
2026-05-16T05:07:54.8147008Z ##[endgroup]
2026-05-16T05:07:54.8277516Z ##[group]Run actions/setup-node@v4
2026-05-16T05:07:54.8277846Z with:
2026-05-16T05:07:54.8278109Z   node-version: 22
2026-05-16T05:07:54.8278342Z   cache: npm
2026-05-16T05:07:54.8278608Z   cache-dependency-path: web/package-lock.json
2026-05-16T05:07:54.8278940Z   always-auth: false
2026-05-16T05:07:54.8279175Z   check-latest: false
2026-05-16T05:07:54.8279573Z   token: ***
2026-05-16T05:07:54.8279795Z ##[endgroup]
2026-05-16T05:07:55.0183965Z Found in cache @ /opt/hostedtoolcache/node/22.22.2/x64
2026-05-16T05:07:55.0192169Z ##[group]Environment details
2026-05-16T05:07:57.7738173Z node: v22.22.2
2026-05-16T05:07:57.7738899Z npm: 10.9.7
2026-05-16T05:07:57.7739229Z yarn: 1.22.22
2026-05-16T05:07:57.7740789Z ##[endgroup]
2026-05-16T05:07:57.7769872Z [command]/opt/hostedtoolcache/node/22.22.2/x64/bin/npm config get cache
2026-05-16T05:07:58.0424556Z /home/runner/.npm
2026-05-16T05:07:58.1435468Z npm cache is not found
2026-05-16T05:07:58.1589781Z ##[group]Run npm ci
2026-05-16T05:07:58.1590089Z [36;1mnpm ci[0m
2026-05-16T05:07:58.1676931Z shell: /usr/bin/bash --noprofile --norc -e -o pipefail {0}
2026-05-16T05:07:58.1677330Z ##[endgroup]
2026-05-16T05:08:11.4098822Z 
2026-05-16T05:08:11.4108631Z added 435 packages, and audited 436 packages in 13s
2026-05-16T05:08:11.4109192Z 
2026-05-16T05:08:11.4109493Z 94 packages are looking for funding
2026-05-16T05:08:11.4109964Z   run `npm fund` for details
2026-05-16T05:08:11.4198628Z 
2026-05-16T05:08:11.4199326Z 3 vulnerabilities (2 moderate, 1 critical)
2026-05-16T05:08:11.4199750Z 
2026-05-16T05:08:11.4199972Z To address all issues, run:
2026-05-16T05:08:11.4200366Z   npm audit fix
2026-05-16T05:08:11.4200597Z 
2026-05-16T05:08:11.4200790Z Run `npm audit` for details.
2026-05-16T05:08:11.4902556Z ##[group]Run npm run lint
2026-05-16T05:08:11.4902843Z [36;1mnpm run lint[0m
2026-05-16T05:08:11.4937125Z shell: /usr/bin/bash -e {0}
2026-05-16T05:08:11.4937386Z ##[endgroup]
2026-05-16T05:08:11.6031910Z 
2026-05-16T05:08:11.6032515Z > web@1.6.0 lint
2026-05-16T05:08:11.6032993Z > eslint .
2026-05-16T05:08:11.6033203Z 
2026-05-16T05:08:32.4772515Z 
2026-05-16T05:08:32.4774587Z /home/runner/work/prismTask/prismTask/web/src/features/medication/MedicationEditorDialog.tsx
2026-05-16T05:08:32.4776264Z   190:7  error  Error: Calling setState synchronously within an effect can trigger cascading renders
2026-05-16T05:08:32.4776959Z 
2026-05-16T05:08:32.4778851Z Effects are intended to synchronize state between React and external systems such as manually updating the DOM, state management libraries, or other platform APIs. In general, the body of an effect should do one or both of the following:
2026-05-16T05:08:32.4780859Z * Update external systems with the latest state from React.
2026-05-16T05:08:32.4782253Z * Subscribe for updates from some external system, calling setState in a callback function when external state changes.
2026-05-16T05:08:32.4783072Z 
2026-05-16T05:08:32.4784859Z Calling setState synchronously within an effect body causes cascading renders that can hurt performance, and is not recommended. (https://react.dev/learn/you-might-not-need-an-effect).
2026-05-16T05:08:32.4786131Z 
2026-05-16T05:08:32.4786923Z /home/runner/work/prismTask/prismTask/web/src/features/medication/MedicationEditorDialog.tsx:190:7
2026-05-16T05:08:32.4787794Z   188 |   useEffect(() => {
2026-05-16T05:08:32.4788165Z   189 |     if (isOpen) {
2026-05-16T05:08:32.4788671Z > 190 |       setForm(initialState(initial));
2026-05-16T05:08:32.4789336Z       |       ^^^^^^^ Avoid calling setState() directly within an effect
2026-05-16T05:08:32.4789909Z   191 |       setErrors({});
2026-05-16T05:08:32.4790266Z   192 |     }
2026-05-16T05:08:32.4790748Z   193 |   }, [isOpen, initial]);  react-hooks/set-state-in-effect
2026-05-16T05:08:32.4791149Z 
2026-05-16T05:08:32.4791828Z /home/runner/work/prismTask/prismTask/web/src/features/medication/MedicationRefillScreen.tsx
2026-05-16T05:08:32.4792914Z    88:17  error  Error: Cannot call impure function during render
2026-05-16T05:08:32.4793331Z 
2026-05-16T05:08:32.4795732Z `Date.now` is an impure function. Calling an impure function can produce unstable results that update unpredictably when the component happens to re-render. (https://react.dev/reference/rules/components-and-hooks-must-be-pure#components-and-hooks-must-be-idempotent).
2026-05-16T05:08:32.4797511Z 
2026-05-16T05:08:32.4798314Z /home/runner/work/prismTask/prismTask/web/src/features/medication/MedicationRefillScreen.tsx:88:17
2026-05-16T05:08:32.4799169Z   86 |
2026-05-16T05:08:32.4799541Z   87 |   const forecasts = useMemo(() => {
2026-05-16T05:08:32.4800068Z > 88 |     const now = Date.now();
2026-05-16T05:08:32.4800609Z      |                 ^^^^^^^^^^ Cannot call impure function
2026-05-16T05:08:32.4801279Z   89 |     const map = new Map<string, RefillForecast>();
2026-05-16T05:08:32.4801878Z   90 |     for (const refill of refills) {
2026-05-16T05:08:32.4803821Z   91 |       map.set(refill.id, forecastRefill(refill, now));                                                                                                                                                                                                                                                                                                                               react-hooks/purity
2026-05-16T05:08:32.4806182Z   382:7   error  Error: Calling setState synchronously within an effect can trigger cascading renders
2026-05-16T05:08:32.4806862Z 
2026-05-16T05:08:32.4808700Z Effects are intended to synchronize state between React and external systems such as manually updating the DOM, state management libraries, or other platform APIs. In general, the body of an effect should do one or both of the following:
2026-05-16T05:08:32.4811112Z * Update external systems with the latest state from React.
2026-05-16T05:08:32.4812411Z * Subscribe for updates from some external system, calling setState in a callback function when external state changes.
2026-05-16T05:08:32.4813195Z 
2026-05-16T05:08:32.4814876Z Calling setState synchronously within an effect body causes cascading renders that can hurt performance, and is not recommended. (https://react.dev/learn/you-might-not-need-an-effect).
2026-05-16T05:08:32.4816292Z 
2026-05-16T05:08:32.4817082Z /home/runner/work/prismTask/prismTask/web/src/features/medication/MedicationRefillScreen.tsx:382:7
2026-05-16T05:08:32.4817937Z   380 |   useEffect(() => {
2026-05-16T05:08:32.4818323Z   381 |     if (isOpen) {
2026-05-16T05:08:32.4818863Z > 382 |       setForm(initialEditorState(initial));
2026-05-16T05:08:32.4819537Z       |       ^^^^^^^ Avoid calling setState() directly within an effect
2026-05-16T05:08:32.4820083Z   383 |       setErrors({});
2026-05-16T05:08:32.4820430Z   384 |     }
2026-05-16T05:08:32.4820927Z   385 |   }, [isOpen, initial]);  react-hooks/set-state-in-effect
2026-05-16T05:08:32.4821320Z 
2026-05-16T05:08:32.4821935Z /home/runner/work/prismTask/prismTask/web/src/features/selfcare/SelfCareScreen.tsx
2026-05-16T05:08:32.4822994Z   35:31  error  Error: Cannot call impure function during render
2026-05-16T05:08:32.4823425Z 
2026-05-16T05:08:32.4825824Z `Date.now` is an impure function. Calling an impure function can produce unstable results that update unpredictably when the component happens to re-render. (https://react.dev/reference/rules/components-and-hooks-must-be-pure#components-and-hooks-must-be-idempotent).
2026-05-16T05:08:32.4827686Z 
2026-05-16T05:08:32.4828394Z /home/runner/work/prismTask/prismTask/web/src/features/selfcare/SelfCareScreen.tsx:35:31
2026-05-16T05:08:32.4829210Z   33 |
2026-05-16T05:08:32.4829572Z   34 |   const todayMs = useMemo(
2026-05-16T05:08:32.4830261Z > 35 |     () => startOfLogicalDayMs(Date.now(), startOfDayHour),
2026-05-16T05:08:32.4831014Z      |                               ^^^^^^^^^^ Cannot call impure function
2026-05-16T05:08:32.4831559Z   36 |     [startOfDayHour],
2026-05-16T05:08:32.4831927Z   37 |   );
2026-05-16T05:08:32.4832227Z   38 |  react-hooks/purity
2026-05-16T05:08:32.4832480Z 
2026-05-16T05:08:32.4833073Z /home/runner/work/prismTask/prismTask/web/src/features/settings/BrainModeScreen.tsx
2026-05-16T05:08:32.4873715Z ##[error]  206:17  error  Fast refresh only works when a file only exports components. Use a new file to share constants or functions between components  react-refresh/only-export-components
2026-05-16T05:08:32.4887673Z ##[error]  219:17  error  Fast refresh only works when a file only exports components. Use a new file to share constants or functions between components  react-refresh/only-export-components
2026-05-16T05:08:32.4891639Z ##[error]  247:17  error  Fast refresh only works when a file only exports components. Use a new file to share constants or functions between components  react-refresh/only-export-components
2026-05-16T05:08:32.4895776Z ##[error]  263:17  error  Fast refresh only works when a file only exports components. Use a new file to share constants or functions between components  react-refresh/only-export-components
2026-05-16T05:08:32.4897631Z 
2026-05-16T05:08:32.4898275Z /home/runner/work/prismTask/prismTask/web/src/features/today/PlanForTodaySheet.tsx
2026-05-16T05:08:32.4899689Z   73:7  error  Error: Calling setState synchronously within an effect can trigger cascading renders
2026-05-16T05:08:32.4900347Z 
2026-05-16T05:08:32.4902156Z Effects are intended to synchronize state between React and external systems such as manually updating the DOM, state management libraries, or other platform APIs. In general, the body of an effect should do one or both of the following:
2026-05-16T05:08:32.4904309Z * Update external systems with the latest state from React.
2026-05-16T05:08:32.4905920Z * Subscribe for updates from some external system, calling setState in a callback function when external state changes.
2026-05-16T05:08:32.4906859Z 
2026-05-16T05:08:32.4907961Z Calling setState synchronously within an effect body causes cascading renders that can hurt performance, and is not recommended. (https://react.dev/learn/you-might-not-need-an-effect).
2026-05-16T05:08:32.4908900Z 
2026-05-16T05:08:32.4909384Z /home/runner/work/prismTask/prismTask/web/src/features/today/PlanForTodaySheet.tsx:73:7
2026-05-16T05:08:32.4910114Z   71 |   useEffect(() => {
2026-05-16T05:08:32.4910394Z   72 |     if (isOpen) {
2026-05-16T05:08:32.4910685Z > 73 |       setSearch('');
2026-05-16T05:08:32.4911114Z      |       ^^^^^^^^^ Avoid calling setState() directly within an effect
2026-05-16T05:08:32.4911597Z   74 |       setSelectedIds(new Set());
2026-05-16T05:08:32.4911998Z   75 |       setMultiSelect(false);
2026-05-16T05:08:32.4912364Z   76 |     }  react-hooks/set-state-in-effect
2026-05-16T05:08:32.4912603Z 
2026-05-16T05:08:32.4913018Z ✖ 9 problems (9 errors, 0 warnings)
2026-05-16T05:08:32.4913229Z 
2026-05-16T05:08:32.7356727Z ##[error]Process completed with exit code 1.
2026-05-16T05:08:32.7428033Z Post job cleanup.
2026-05-16T05:08:32.7513355Z Post job cleanup.
2026-05-16T05:08:32.8379971Z [command]/usr/bin/git version
2026-05-16T05:08:32.8418241Z git version 2.54.0
2026-05-16T05:08:32.8461597Z Temporarily overriding HOME='/home/runner/work/_temp/fcb1959b-098a-43ac-aa21-5b31d8b82c8f' before making global git config changes
2026-05-16T05:08:32.8463155Z Adding repository directory to the temporary git global config as a safe directory
2026-05-16T05:08:32.8468360Z [command]/usr/bin/git config --global --add safe.directory /home/runner/work/prismTask/prismTask
2026-05-16T05:08:32.8501787Z Removing SSH command configuration
2026-05-16T05:08:32.8508707Z [command]/usr/bin/git config --local --name-only --get-regexp core\.sshCommand
2026-05-16T05:08:32.8572637Z [command]/usr/bin/git submodule foreach --recursive sh -c "git config --local --name-only --get-regexp 'core\.sshCommand' && git config --local --unset-all 'core.sshCommand' || :"
2026-05-16T05:08:32.8806866Z Removing HTTP extra header
2026-05-16T05:08:32.8812425Z [command]/usr/bin/git config --local --name-only --get-regexp http\.https\:\/\/github\.com\/\.extraheader
2026-05-16T05:08:32.8852886Z [command]/usr/bin/git submodule foreach --recursive sh -c "git config --local --name-only --get-regexp 'http\.https\:\/\/github\.com\/\.extraheader' && git config --local --unset-all 'http.https://github.com/.extraheader' || :"
2026-05-16T05:08:32.9106549Z Removing includeIf entries pointing to credentials config files
2026-05-16T05:08:32.9113410Z [command]/usr/bin/git config --local --name-only --get-regexp ^includeIf\.gitdir:
2026-05-16T05:08:32.9143557Z includeif.gitdir:/home/runner/work/prismTask/prismTask/.git.path
2026-05-16T05:08:32.9145580Z includeif.gitdir:/home/runner/work/prismTask/prismTask/.git/worktrees/*.path
2026-05-16T05:08:32.9146657Z includeif.gitdir:/github/workspace/.git.path
2026-05-16T05:08:32.9147652Z includeif.gitdir:/github/workspace/.git/worktrees/*.path
2026-05-16T05:08:32.9153280Z [command]/usr/bin/git config --local --get-all includeif.gitdir:/home/runner/work/prismTask/prismTask/.git.path
2026-05-16T05:08:32.9177806Z /home/runner/work/_temp/git-credentials-a8c671ca-b01b-47bd-aeac-93d0eca9b94a.config
2026-05-16T05:08:32.9190764Z [command]/usr/bin/git config --local --unset includeif.gitdir:/home/runner/work/prismTask/prismTask/.git.path /home/runner/work/_temp/git-credentials-a8c671ca-b01b-47bd-aeac-93d0eca9b94a.config
2026-05-16T05:08:32.9227274Z [command]/usr/bin/git config --local --get-all includeif.gitdir:/home/runner/work/prismTask/prismTask/.git/worktrees/*.path
2026-05-16T05:08:32.9251812Z /home/runner/work/_temp/git-credentials-a8c671ca-b01b-47bd-aeac-93d0eca9b94a.config
2026-05-16T05:08:32.9263780Z [command]/usr/bin/git config --local --unset includeif.gitdir:/home/runner/work/prismTask/prismTask/.git/worktrees/*.path /home/runner/work/_temp/git-credentials-a8c671ca-b01b-47bd-aeac-93d0eca9b94a.config
2026-05-16T05:08:32.9299082Z [command]/usr/bin/git config --local --get-all includeif.gitdir:/github/workspace/.git.path
2026-05-16T05:08:32.9322915Z /github/runner_temp/git-credentials-a8c671ca-b01b-47bd-aeac-93d0eca9b94a.config
2026-05-16T05:08:32.9333443Z [command]/usr/bin/git config --local --unset includeif.gitdir:/github/workspace/.git.path /github/runner_temp/git-credentials-a8c671ca-b01b-47bd-aeac-93d0eca9b94a.config
2026-05-16T05:08:32.9369421Z [command]/usr/bin/git config --local --get-all includeif.gitdir:/github/workspace/.git/worktrees/*.path
2026-05-16T05:08:32.9392327Z /github/runner_temp/git-credentials-a8c671ca-b01b-47bd-aeac-93d0eca9b94a.config
2026-05-16T05:08:32.9405105Z [command]/usr/bin/git config --local --unset includeif.gitdir:/github/workspace/.git/worktrees/*.path /github/runner_temp/git-credentials-a8c671ca-b01b-47bd-aeac-93d0eca9b94a.config
2026-05-16T05:08:32.9441065Z [command]/usr/bin/git submodule foreach --recursive git config --local --show-origin --name-only --get-regexp remote.origin.url
2026-05-16T05:08:32.9692676Z Removing credentials config '/home/runner/work/_temp/git-credentials-a8c671ca-b01b-47bd-aeac-93d0eca9b94a.config'
2026-05-16T05:08:32.9860226Z Cleaning up orphan processes
2026-05-16T05:08:33.0179140Z ##[warning]Node.js 20 actions are deprecated. The following actions are running on Node.js 20 and may not work as expected: actions/setup-node@v4. Actions will be forced to run with Node.js 24 by default starting June 2nd, 2026. Node.js 20 will be removed from the runner on September 16th, 2026. Please check if updated versions of these actions are available that support Node.js 24. To opt into Node.js 24 now, set the FORCE_JAVASCRIPT_ACTIONS_TO_NODE24=true environment variable on the runner or in your workflow file. Once Node.js 24 becomes the default, you can temporarily opt out by setting ACTIONS_ALLOW_USE_UNSECURE_NODE_VERSION=true. For more information see: https://github.blog/changelog/2025-09-19-deprecation-of-node-20-on-github-actions-runners/


--- Job: web-lint-and-test (id 76295617888) ---
2026-05-16T05:08:40.6013328Z Current runner version: '2.334.0'
2026-05-16T05:08:40.6033607Z ##[group]Runner Image Provisioner
2026-05-16T05:08:40.6034280Z Hosted Compute Agent
2026-05-16T05:08:40.6034706Z Version: 20260213.493
2026-05-16T05:08:40.6035406Z Commit: 5c115507f6dd24b8de37d8bbe0bb4509d0cc0fa3
2026-05-16T05:08:40.6035931Z Build Date: 2026-02-13T00:28:41Z
2026-05-16T05:08:40.6036460Z Worker ID: {d4aa6527-ebaf-47dc-a6f0-6590210bc265}
2026-05-16T05:08:40.6037047Z Azure Region: westus
2026-05-16T05:08:40.6037481Z ##[endgroup]
2026-05-16T05:08:40.6038523Z ##[group]Operating System
2026-05-16T05:08:40.6039004Z Ubuntu
2026-05-16T05:08:40.6039402Z 24.04.4
2026-05-16T05:08:40.6039739Z LTS
2026-05-16T05:08:40.6040138Z ##[endgroup]
2026-05-16T05:08:40.6040547Z ##[group]Runner Image
2026-05-16T05:08:40.6040992Z Image: ubuntu-24.04
2026-05-16T05:08:40.6041381Z Version: 20260513.135.3
2026-05-16T05:08:40.6042398Z Included Software: https://github.com/actions/runner-images/blob/ubuntu24/20260513.135/images/ubuntu/Ubuntu2404-Readme.md
2026-05-16T05:08:40.6043523Z Image Release: https://github.com/actions/runner-images/releases/tag/ubuntu24%2F20260513.135
2026-05-16T05:08:40.6044316Z ##[endgroup]
2026-05-16T05:08:40.6045428Z ##[group]GITHUB_TOKEN Permissions
2026-05-16T05:08:40.6047046Z Actions: read
2026-05-16T05:08:40.6047443Z Checks: read
2026-05-16T05:08:40.6047828Z Contents: write
2026-05-16T05:08:40.6048315Z Metadata: read
2026-05-16T05:08:40.6048726Z ##[endgroup]
2026-05-16T05:08:40.6050269Z Secret source: Actions
2026-05-16T05:08:40.6050884Z Prepare workflow directory
2026-05-16T05:08:40.6306758Z Prepare all required actions
2026-05-16T05:08:40.6377573Z Complete job name: web-lint-and-test
2026-05-16T05:08:40.7001278Z ##[group]Run if [ 'failure' != 'success' ]; then
2026-05-16T05:08:40.7002034Z [36;1mif [ 'failure' != 'success' ]; then[0m
2026-05-16T05:08:40.7002643Z [36;1m  echo "web-lint finished with failure" >&2[0m
2026-05-16T05:08:40.7003231Z [36;1m  exit 1[0m
2026-05-16T05:08:40.7003685Z [36;1mfi[0m
2026-05-16T05:08:40.7004095Z [36;1mif [ 'success' != 'success' ]; then[0m
2026-05-16T05:08:40.7004673Z [36;1m  echo "web-unit-tests finished with success" >&2[0m
2026-05-16T05:08:40.7005497Z [36;1m  exit 1[0m
2026-05-16T05:08:40.7005870Z [36;1mfi[0m
2026-05-16T05:08:40.7006280Z [36;1mif [ 'success' != 'success' ]; then[0m
2026-05-16T05:08:40.7006803Z [36;1m  echo "web-build finished with success" >&2[0m
2026-05-16T05:08:40.7007371Z [36;1m  exit 1[0m
2026-05-16T05:08:40.7007720Z [36;1mfi[0m
2026-05-16T05:08:40.7008219Z [36;1mecho "✓ Split web lint, unit-test shards, and build passed."[0m
2026-05-16T05:08:41.7929286Z shell: /usr/bin/bash -e {0}
2026-05-16T05:08:41.7930269Z ##[endgroup]
2026-05-16T05:08:41.8157468Z web-lint finished with failure
2026-05-16T05:08:41.8171852Z ##[error]Process completed with exit code 1.
2026-05-16T05:08:41.8277456Z Cleaning up orphan processes
