=== CI FAILURE ===
Workflow:      Web CI
Workflow file: averycorp/prismTask/.github/workflows/web-ci.yml@refs/pull/1646/merge
Job(s):        web-unit-tests (3, 3), web-lint-and-test
Run ID:        26047898342
Run attempt:   1
Run URL:       https://github.com/averycorp/prismTask/actions/runs/26047898342
Commit:        0c4c564d80181a43d780bcdea013a4f6c617c925
Branch:        1646/merge
Event:         pull_request
Actor:         akarlin3
Runner OS:     Linux
Timestamp:     2026-05-18T16:59:40.639Z

Failed steps:
  - web-unit-tests (3, 3): #5 Run Vitest shard 3/3
  - web-lint-and-test: #2 Verify split web checks

=== FAILED JOB LOG ===

--- Job: web-unit-tests (3, 3) (id 76576798075) ---
2026-05-18T16:58:36.7284463Z Current runner version: '2.334.0'
2026-05-18T16:58:36.7311656Z ##[group]Runner Image Provisioner
2026-05-18T16:58:36.7312556Z Hosted Compute Agent
2026-05-18T16:58:36.7313190Z Version: 20260213.493
2026-05-18T16:58:36.7313957Z Commit: 5c115507f6dd24b8de37d8bbe0bb4509d0cc0fa3
2026-05-18T16:58:36.7314757Z Build Date: 2026-02-13T00:28:41Z
2026-05-18T16:58:36.7315571Z Worker ID: {e1f7d813-0a49-4069-8f38-82360f69edf8}
2026-05-18T16:58:36.7316334Z Azure Region: westcentralus
2026-05-18T16:58:36.7317308Z ##[endgroup]
2026-05-18T16:58:36.7318883Z ##[group]Operating System
2026-05-18T16:58:36.7319569Z Ubuntu
2026-05-18T16:58:36.7320191Z 24.04.4
2026-05-18T16:58:36.7320738Z LTS
2026-05-18T16:58:36.7321275Z ##[endgroup]
2026-05-18T16:58:36.7321966Z ##[group]Runner Image
2026-05-18T16:58:36.7322608Z Image: ubuntu-24.04
2026-05-18T16:58:36.7323162Z Version: 20260513.135.3
2026-05-18T16:58:36.7324712Z Included Software: https://github.com/actions/runner-images/blob/ubuntu24/20260513.135/images/ubuntu/Ubuntu2404-Readme.md
2026-05-18T16:58:36.7326521Z Image Release: https://github.com/actions/runner-images/releases/tag/ubuntu24%2F20260513.135
2026-05-18T16:58:36.7327968Z ##[endgroup]
2026-05-18T16:58:36.7329309Z ##[group]GITHUB_TOKEN Permissions
2026-05-18T16:58:36.7331656Z Actions: read
2026-05-18T16:58:36.7332317Z Checks: read
2026-05-18T16:58:36.7332903Z Contents: write
2026-05-18T16:58:36.7333562Z Metadata: read
2026-05-18T16:58:36.7334126Z ##[endgroup]
2026-05-18T16:58:36.7336470Z Secret source: Actions
2026-05-18T16:58:36.7337651Z Prepare workflow directory
2026-05-18T16:58:36.7665408Z Prepare all required actions
2026-05-18T16:58:36.7696376Z Getting action download info
2026-05-18T16:58:37.1450741Z Download action repository 'actions/checkout@v6' (SHA:de0fac2e4500dabe0009e67214ff5f5447ce83dd)
2026-05-18T16:58:37.4211227Z Complete job name: web-unit-tests (3, 3)
2026-05-18T16:58:37.4707003Z ##[group]Run actions/checkout@v6
2026-05-18T16:58:37.4707782Z with:
2026-05-18T16:58:37.4708091Z   repository: averycorp/prismTask
2026-05-18T16:58:37.4708625Z   token: ***
2026-05-18T16:58:37.4708926Z   ssh-strict: true
2026-05-18T16:58:37.4709223Z   ssh-user: git
2026-05-18T16:58:37.4709532Z   persist-credentials: true
2026-05-18T16:58:37.4709864Z   clean: true
2026-05-18T16:58:37.4710175Z   sparse-checkout-cone-mode: true
2026-05-18T16:58:37.4710532Z   fetch-depth: 1
2026-05-18T16:58:37.4710828Z   fetch-tags: false
2026-05-18T16:58:37.4711127Z   show-progress: true
2026-05-18T16:58:37.4711441Z   lfs: false
2026-05-18T16:58:37.4711718Z   submodules: false
2026-05-18T16:58:37.4712030Z   set-safe-directory: true
2026-05-18T16:58:37.4712485Z ##[endgroup]
2026-05-18T16:58:37.5513985Z Syncing repository: averycorp/prismTask
2026-05-18T16:58:37.5515278Z ##[group]Getting Git version info
2026-05-18T16:58:37.5515802Z Working directory is '/home/runner/work/prismTask/prismTask'
2026-05-18T16:58:37.5516651Z [command]/usr/bin/git version
2026-05-18T16:58:37.5949051Z git version 2.54.0
2026-05-18T16:58:37.5965619Z ##[endgroup]
2026-05-18T16:58:37.5978051Z Temporarily overriding HOME='/home/runner/work/_temp/8245d00f-c037-4d26-b04f-747be4962911' before making global git config changes
2026-05-18T16:58:37.5979702Z Adding repository directory to the temporary git global config as a safe directory
2026-05-18T16:58:37.5982893Z [command]/usr/bin/git config --global --add safe.directory /home/runner/work/prismTask/prismTask
2026-05-18T16:58:37.6010988Z Deleting the contents of '/home/runner/work/prismTask/prismTask'
2026-05-18T16:58:37.6014350Z ##[group]Initializing the repository
2026-05-18T16:58:37.6018047Z [command]/usr/bin/git init /home/runner/work/prismTask/prismTask
2026-05-18T16:58:37.6090414Z hint: Using 'master' as the name for the initial branch. This default branch name
2026-05-18T16:58:37.6091553Z hint: will change to "main" in Git 3.0. To configure the initial branch name
2026-05-18T16:58:37.6092605Z hint: to use in all of your new repositories, which will suppress this warning,
2026-05-18T16:58:37.6093422Z hint: call:
2026-05-18T16:58:37.6094088Z hint:
2026-05-18T16:58:37.6094630Z hint: 	git config --global init.defaultBranch <name>
2026-05-18T16:58:37.6095130Z hint:
2026-05-18T16:58:37.6095684Z hint: Names commonly chosen instead of 'master' are 'main', 'trunk' and
2026-05-18T16:58:37.6096602Z hint: 'development'. The just-created branch can be renamed via this command:
2026-05-18T16:58:37.6097277Z hint:
2026-05-18T16:58:37.6097598Z hint: 	git branch -m <name>
2026-05-18T16:58:37.6097932Z hint:
2026-05-18T16:58:37.6098447Z hint: Disable this message with "git config set advice.defaultBranchName false"
2026-05-18T16:58:37.6099646Z Initialized empty Git repository in /home/runner/work/prismTask/prismTask/.git/
2026-05-18T16:58:37.6101437Z [command]/usr/bin/git remote add origin https://github.com/averycorp/prismTask
2026-05-18T16:58:37.6124633Z ##[endgroup]
2026-05-18T16:58:37.6125437Z ##[group]Disabling automatic garbage collection
2026-05-18T16:58:37.6127102Z [command]/usr/bin/git config --local gc.auto 0
2026-05-18T16:58:37.6150257Z ##[endgroup]
2026-05-18T16:58:37.6150844Z ##[group]Setting up auth
2026-05-18T16:58:37.6151407Z Removing SSH command configuration
2026-05-18T16:58:37.6155396Z [command]/usr/bin/git config --local --name-only --get-regexp core\.sshCommand
2026-05-18T16:58:37.6179914Z [command]/usr/bin/git submodule foreach --recursive sh -c "git config --local --name-only --get-regexp 'core\.sshCommand' && git config --local --unset-all 'core.sshCommand' || :"
2026-05-18T16:58:37.6421113Z Removing HTTP extra header
2026-05-18T16:58:37.6425634Z [command]/usr/bin/git config --local --name-only --get-regexp http\.https\:\/\/github\.com\/\.extraheader
2026-05-18T16:58:37.6451349Z [command]/usr/bin/git submodule foreach --recursive sh -c "git config --local --name-only --get-regexp 'http\.https\:\/\/github\.com\/\.extraheader' && git config --local --unset-all 'http.https://github.com/.extraheader' || :"
2026-05-18T16:58:37.6626328Z Removing includeIf entries pointing to credentials config files
2026-05-18T16:58:37.6630638Z [command]/usr/bin/git config --local --name-only --get-regexp ^includeIf\.gitdir:
2026-05-18T16:58:37.6654913Z [command]/usr/bin/git submodule foreach --recursive git config --local --show-origin --name-only --get-regexp remote.origin.url
2026-05-18T16:58:37.6835961Z [command]/usr/bin/git config --file /home/runner/work/_temp/git-credentials-f55950b6-b7c9-4419-b360-5dbf788e3e54.config http.https://github.com/.extraheader AUTHORIZATION: basic ***
2026-05-18T16:58:37.6865012Z [command]/usr/bin/git config --local includeIf.gitdir:/home/runner/work/prismTask/prismTask/.git.path /home/runner/work/_temp/git-credentials-f55950b6-b7c9-4419-b360-5dbf788e3e54.config
2026-05-18T16:58:37.6888229Z [command]/usr/bin/git config --local includeIf.gitdir:/home/runner/work/prismTask/prismTask/.git/worktrees/*.path /home/runner/work/_temp/git-credentials-f55950b6-b7c9-4419-b360-5dbf788e3e54.config
2026-05-18T16:58:37.6911604Z [command]/usr/bin/git config --local includeIf.gitdir:/github/workspace/.git.path /github/runner_temp/git-credentials-f55950b6-b7c9-4419-b360-5dbf788e3e54.config
2026-05-18T16:58:37.6935668Z [command]/usr/bin/git config --local includeIf.gitdir:/github/workspace/.git/worktrees/*.path /github/runner_temp/git-credentials-f55950b6-b7c9-4419-b360-5dbf788e3e54.config
2026-05-18T16:58:37.6962817Z ##[endgroup]
2026-05-18T16:58:37.6963577Z ##[group]Fetching the repository
2026-05-18T16:58:37.6968185Z [command]/usr/bin/git -c protocol.version=2 fetch --no-tags --prune --no-recurse-submodules --depth=1 origin +0c4c564d80181a43d780bcdea013a4f6c617c925:refs/remotes/pull/1646/merge
2026-05-18T16:58:40.8915474Z From https://github.com/averycorp/prismTask
2026-05-18T16:58:40.8917778Z  * [new ref]         0c4c564d80181a43d780bcdea013a4f6c617c925 -> pull/1646/merge
2026-05-18T16:58:40.8936266Z ##[endgroup]
2026-05-18T16:58:40.8937398Z ##[group]Determining the checkout info
2026-05-18T16:58:40.8938385Z ##[endgroup]
2026-05-18T16:58:40.8942685Z [command]/usr/bin/git sparse-checkout disable
2026-05-18T16:58:40.8977088Z [command]/usr/bin/git config --local --unset-all extensions.worktreeConfig
2026-05-18T16:58:40.9070062Z ##[group]Checking out the ref
2026-05-18T16:58:40.9071796Z [command]/usr/bin/git checkout --progress --force refs/remotes/pull/1646/merge
2026-05-18T16:58:41.1558049Z Note: switching to 'refs/remotes/pull/1646/merge'.
2026-05-18T16:58:41.1558755Z 
2026-05-18T16:58:41.1559048Z You are in 'detached HEAD' state. You can look around, make experimental
2026-05-18T16:58:41.1559581Z changes and commit them, and you can discard any commits you make in this
2026-05-18T16:58:41.1559980Z state without impacting any branches by switching back to a branch.
2026-05-18T16:58:41.1560246Z 
2026-05-18T16:58:41.1560444Z If you want to create a new branch to retain commits you create, you may
2026-05-18T16:58:41.1560833Z do so (now or later) by using -c with the switch command. Example:
2026-05-18T16:58:41.1561102Z 
2026-05-18T16:58:41.1561209Z   git switch -c <new-branch-name>
2026-05-18T16:58:41.1561360Z 
2026-05-18T16:58:41.1561471Z Or undo this operation with:
2026-05-18T16:58:41.1561649Z 
2026-05-18T16:58:41.1561734Z   git switch -
2026-05-18T16:58:41.1561896Z 
2026-05-18T16:58:41.1562091Z Turn off this advice by setting config variable advice.detachedHead to false
2026-05-18T16:58:41.1562350Z 
2026-05-18T16:58:41.1562633Z HEAD is now at 0c4c564 Merge 4c6d65137254f340e1ba555247d188913d3f1c25 into d41e06633d56d19ccc85dbc3c0b27e8587c818de
2026-05-18T16:58:41.1609947Z ##[endgroup]
2026-05-18T16:58:41.1612637Z [command]/usr/bin/git log -1 --format=%H
2026-05-18T16:58:41.1633239Z 0c4c564d80181a43d780bcdea013a4f6c617c925
2026-05-18T16:58:41.1874221Z Prepare all required actions
2026-05-18T16:58:41.1874749Z Getting action download info
2026-05-18T16:58:41.3836699Z Download action repository 'actions/setup-node@v4' (SHA:49933ea5288caeca8642d1e84afbd3f7d6820020)
2026-05-18T16:58:42.0225054Z ##[group]Run ./.github/actions/setup-node-web
2026-05-18T16:58:42.0225311Z ##[endgroup]
2026-05-18T16:58:42.0328925Z ##[group]Run actions/setup-node@v4
2026-05-18T16:58:42.0329185Z with:
2026-05-18T16:58:42.0386706Z   node-version: 22
2026-05-18T16:58:42.0386898Z   cache: npm
2026-05-18T16:58:42.0387128Z   cache-dependency-path: web/package-lock.json
2026-05-18T16:58:42.0387475Z   always-auth: false
2026-05-18T16:58:42.0387664Z   check-latest: false
2026-05-18T16:58:42.0387981Z   token: ***
2026-05-18T16:58:42.0388138Z ##[endgroup]
2026-05-18T16:58:42.2560058Z Found in cache @ /opt/hostedtoolcache/node/22.22.2/x64
2026-05-18T16:58:42.2565651Z ##[group]Environment details
2026-05-18T16:58:44.4841889Z node: v22.22.2
2026-05-18T16:58:44.4842519Z npm: 10.9.7
2026-05-18T16:58:44.4842740Z yarn: 1.22.22
2026-05-18T16:58:44.4843859Z ##[endgroup]
2026-05-18T16:58:44.4860563Z [command]/opt/hostedtoolcache/node/22.22.2/x64/bin/npm config get cache
2026-05-18T16:58:44.6058071Z /home/runner/.npm
2026-05-18T16:58:44.8596491Z npm cache is not found
2026-05-18T16:58:44.8762395Z ##[group]Run npm ci
2026-05-18T16:58:44.8762668Z [36;1mnpm ci[0m
2026-05-18T16:58:44.8858785Z shell: /usr/bin/bash --noprofile --norc -e -o pipefail {0}
2026-05-18T16:58:44.8859072Z ##[endgroup]
2026-05-18T16:58:56.4924267Z 
2026-05-18T16:58:56.4930671Z added 435 packages, and audited 436 packages in 12s
2026-05-18T16:58:56.4930950Z 
2026-05-18T16:58:56.4931098Z 94 packages are looking for funding
2026-05-18T16:58:56.4931338Z   run `npm fund` for details
2026-05-18T16:58:56.4988620Z 
2026-05-18T16:58:56.4989010Z 4 vulnerabilities (3 moderate, 1 critical)
2026-05-18T16:58:56.4989300Z 
2026-05-18T16:58:56.4989472Z To address all issues, run:
2026-05-18T16:58:56.4991575Z   npm audit fix
2026-05-18T16:58:56.4992089Z 
2026-05-18T16:58:56.4992485Z Run `npm audit` for details.
2026-05-18T16:58:56.5590308Z ##[group]Run npm run test:run -- --shard=3/3
2026-05-18T16:58:56.5590626Z [36;1mnpm run test:run -- --shard=3/3[0m
2026-05-18T16:58:56.5621371Z shell: /usr/bin/bash -e {0}
2026-05-18T16:58:56.5622035Z ##[endgroup]
2026-05-18T16:58:56.6454954Z 
2026-05-18T16:58:56.6455552Z > web@2.0.0 test:run
2026-05-18T16:58:56.6456052Z > vitest run --pool=threads --shard=3/3
2026-05-18T16:58:56.6456832Z 
2026-05-18T16:58:56.9029039Z 
2026-05-18T16:58:56.9032169Z [1m[30m[46m RUN [49m[39m[22m [36mv4.1.5 [39m[90m/home/runner/work/prismTask/prismTask/web[39m
2026-05-18T16:58:56.9032691Z 
2026-05-18T16:58:58.0513481Z  [32m✓[39m src/utils/__tests__/nlp.test.ts [2m([22m[2m81 tests[22m[2m)[22m[32m 41[2mms[22m[39m
2026-05-18T16:58:58.1911961Z  [32m✓[39m src/stores/__tests__/configFamilyStores.test.ts [2m([22m[2m18 tests[22m[2m)[22m[32m 12[2mms[22m[39m
2026-05-18T16:58:59.1605318Z  [32m✓[39m src/utils/__tests__/streaks.test.ts [2m([22m[2m36 tests[22m[2m)[22m[32m 71[2mms[22m[39m
2026-05-18T16:58:59.1752251Z  [32m✓[39m src/utils/__tests__/projectBurndown.test.ts [2m([22m[2m10 tests[22m[2m)[22m[32m 11[2mms[22m[39m
2026-05-18T16:59:00.2469010Z  [32m✓[39m src/utils/__tests__/recurrence.test.ts [2m([22m[2m42 tests[22m[2m)[22m[32m 51[2mms[22m[39m
2026-05-18T16:59:00.3541772Z  [32m✓[39m src/stores/__tests__/dashboardStore.test.ts [2m([22m[2m10 tests[22m[2m)[22m[32m 14[2mms[22m[39m
2026-05-18T16:59:00.9220291Z  [32m✓[39m src/features/today/__tests__/RestDayBanner.test.tsx [2m([22m[2m7 tests[22m[2m)[22m[33m 465[2mms[22m[39m
2026-05-18T16:59:01.2879388Z  [32m✓[39m src/utils/__tests__/builtInHabitReconciler.test.ts [2m([22m[2m16 tests[22m[2m)[22m[32m 16[2mms[22m[39m
2026-05-18T16:59:01.3967381Z  [32m✓[39m src/lib/firestore/__tests__/safeMergeDoc.test.ts [2m([22m[2m9 tests[22m[2m)[22m[32m 11[2mms[22m[39m
2026-05-18T16:59:01.9749434Z  [32m✓[39m src/lib/__tests__/builtInHabitReconciler.test.ts [2m([22m[2m13 tests[22m[2m)[22m[32m 24[2mms[22m[39m
2026-05-18T16:59:02.4199507Z  [32m✓[39m src/features/batch/__tests__/batchApplier.medication.test.ts [2m([22m[2m8 tests[22m[2m)[22m[32m 9[2mms[22m[39m
2026-05-18T16:59:03.0089106Z  [32m✓[39m src/api/__tests__/leisure.test.ts [2m([22m[2m13 tests[22m[2m)[22m[32m 13[2mms[22m[39m
2026-05-18T16:59:03.5459847Z  [32m✓[39m src/api/firestore/__tests__/medicationSlots.test.ts [2m([22m[2m14 tests[22m[2m)[22m[32m 12[2mms[22m[39m
2026-05-18T16:59:03.6674452Z  [32m✓[39m src/stores/__tests__/habitStore.startOfDayHour.test.ts [2m([22m[2m3 tests[22m[2m)[22m[32m 9[2mms[22m[39m
2026-05-18T16:59:04.0844216Z  [32m✓[39m src/lib/__tests__/boundaryRuleParser.test.ts [2m([22m[2m22 tests[22m[2m)[22m[32m 12[2mms[22m[39m
2026-05-18T16:59:04.8316868Z  [32m✓[39m src/stores/__tests__/authStore.test.ts [2m([22m[2m5 tests[22m[2m)[22m[32m 10[2mms[22m[39m
2026-05-18T16:59:05.2365367Z  [32m✓[39m src/api/__tests__/aiFeatureGate.test.ts [2m([22m[2m16 tests[22m[2m)[22m[32m 21[2mms[22m[39m
2026-05-18T16:59:05.7812268Z  [32m✓[39m src/utils/__tests__/urgency.test.ts [2m([22m[2m12 tests[22m[2m)[22m[32m 16[2mms[22m[39m
2026-05-18T16:59:05.9401479Z  [32m✓[39m src/stores/__tests__/assignmentStore.test.ts [2m([22m[2m9 tests[22m[2m)[22m[32m 7[2mms[22m[39m
2026-05-18T16:59:07.1003638Z  [32m✓[39m src/features/weeklyreview/__tests__/weeklyReviewContent.test.ts [2m([22m[2m14 tests[22m[2m)[22m[32m 15[2mms[22m[39m
2026-05-18T16:59:07.2169161Z  [32m✓[39m src/components/__tests__/BuiltInUpdateBanner.test.tsx [2m([22m[2m10 tests[22m[2m)[22m[32m 194[2mms[22m[39m
2026-05-18T16:59:08.0251639Z  [32m✓[39m src/features/today/__tests__/HabitsSection.test.tsx [2m([22m[2m5 tests[22m[2m)[22m[32m 220[2mms[22m[39m
2026-05-18T16:59:08.0796397Z  [32m✓[39m src/utils/__tests__/multiCreateDetector.test.ts [2m([22m[2m14 tests[22m[2m)[22m[32m 8[2mms[22m[39m
2026-05-18T16:59:08.4184280Z  [32m✓[39m src/hooks/__tests__/useNdFeatureGate.test.ts [2m([22m[2m18 tests[22m[2m)[22m[32m 6[2mms[22m[39m
2026-05-18T16:59:09.9982470Z  [32m✓[39m src/utils/__tests__/streaks.advancedTuning.test.ts [2m([22m[2m3 tests[22m[2m)[22m[32m 67[2mms[22m[39m
2026-05-18T16:59:10.1650765Z  [32m✓[39m src/utils/__tests__/dates.test.ts [2m([22m[2m28 tests[22m[2m)[22m[32m 52[2mms[22m[39m
2026-05-18T16:59:11.0989425Z  [32m✓[39m src/features/tasks/__tests__/selectUnmetBlockerIds.test.ts [2m([22m[2m10 tests[22m[2m)[22m[32m 6[2mms[22m[39m
2026-05-18T16:59:11.1583229Z  [32m✓[39m src/api/firestore/__tests__/projectPhases.test.ts [2m([22m[2m5 tests[22m[2m)[22m[32m 9[2mms[22m[39m
2026-05-18T16:59:11.2661763Z  [32m✓[39m src/components/__tests__/HabitLogDialog.test.tsx [2m([22m[2m5 tests[22m[2m)[22m[33m 549[2mms[22m[39m
2026-05-18T16:59:12.2253721Z  [32m✓[39m src/api/__tests__/aiChat.test.ts [2m([22m[2m6 tests[22m[2m)[22m[32m 15[2mms[22m[39m
2026-05-18T16:59:12.2523706Z  [32m✓[39m src/features/medication/__tests__/refillCalculator.test.ts [2m([22m[2m10 tests[22m[2m)[22m[32m 6[2mms[22m[39m
2026-05-18T16:59:12.3174338Z  [32m✓[39m src/api/firestore/__tests__/projectRisks.test.ts [2m([22m[2m7 tests[22m[2m)[22m[32m 7[2mms[22m[39m
2026-05-18T16:59:13.2749508Z  [32m✓[39m src/api/firestore/__tests__/medicationSlots.lww.test.ts [2m([22m[2m4 tests[22m[2m)[22m[32m 7[2mms[22m[39m
2026-05-18T16:59:13.3149242Z  [32m✓[39m src/api/firestore/__tests__/a11yPreferences.test.ts [2m([22m[2m7 tests[22m[2m)[22m[32m 9[2mms[22m[39m
2026-05-18T16:59:13.3496459Z  [32m✓[39m src/features/today/__tests__/BurnoutBadgeSection.test.ts [2m([22m[2m4 tests[22m[2m)[22m[32m 5[2mms[22m[39m
2026-05-18T16:59:14.4768995Z  [32m✓[39m src/lib/idb/__tests__/database.test.ts [2m([22m[2m5 tests[22m[2m)[22m[32m 21[2mms[22m[39m
2026-05-18T16:59:15.0598955Z  [32m✓[39m src/components/__tests__/TaskConfirmModal.test.tsx [2m([22m[2m5 tests[22m[2m)[22m[33m 541[2mms[22m[39m
2026-05-18T16:59:15.9685343Z  [32m✓[39m src/features/weeklyreview/__tests__/WeeklyReviewsListScreen.test.tsx [2m([22m[2m3 tests[22m[2m)[22m[32m 224[2mms[22m[39m
2026-05-18T16:59:16.2469261Z  [32m✓[39m src/stores/__tests__/medicationSlotsStore.test.ts [2m([22m[2m4 tests[22m[2m)[22m[32m 7[2mms[22m[39m
2026-05-18T16:59:16.9329458Z  [32m✓[39m src/utils/__tests__/medicationBuiltInHabit.test.ts [2m([22m[2m6 tests[22m[2m)[22m[32m 5[2mms[22m[39m
2026-05-18T16:59:16.9839545Z  [31m❯[39m src/components/__tests__/ContributionGrid.test.tsx [2m([22m[2m5 tests[22m[2m | [22m[31m2 failed[39m[2m)[22m[32m 209[2mms[22m[39m
2026-05-18T16:59:16.9891066Z      [32m✓[39m renders the configured title[32m 62[2mms[22m[39m
2026-05-18T16:59:16.9898754Z [31m     [31m×[31m renders 12 weeks of cells by default (7 rows × 12 columns)[39m[32m 49[2mms[22m[39m
2026-05-18T16:59:16.9910771Z      [32m✓[39m buckets recent completions into the grid by date[32m 44[2mms[22m[39m
2026-05-18T16:59:16.9912109Z      [32m✓[39m clamps cells with no completions to count = 0[32m 40[2mms[22m[39m
2026-05-18T16:59:16.9913359Z [31m     [31m×[31m respects a custom weeks count[39m[32m 12[2mms[22m[39m
2026-05-18T16:59:17.4792750Z  [32m✓[39m src/theme/__tests__/PrismThemeProvider.test.tsx [2m([22m[2m3 tests[22m[2m)[22m[32m 68[2mms[22m[39m
2026-05-18T16:59:18.0552836Z  [32m✓[39m src/stores/__tests__/medicationRefillsStore.test.ts [2m([22m[2m3 tests[22m[2m)[22m[32m 5[2mms[22m[39m
2026-05-18T16:59:18.5493443Z  [32m✓[39m src/api/__tests__/pomodoroCoaching.test.ts [2m([22m[2m3 tests[22m[2m)[22m[32m 7[2mms[22m[39m
2026-05-18T16:59:18.9600671Z  [32m✓[39m src/utils/__tests__/goodEnoughTimer.test.ts [2m([22m[2m7 tests[22m[2m)[22m[32m 4[2mms[22m[39m
2026-05-18T16:59:19.1510886Z  [32m✓[39m src/utils/__tests__/export.test.ts [2m([22m[2m8 tests[22m[2m)[22m[33m 1162[2mms[22m[39m
2026-05-18T16:59:19.1511912Z        [33m[2m✓[22m[39m can construct a valid export object [33m 1158[2mms[22m[39m
2026-05-18T16:59:19.1540951Z 
2026-05-18T16:59:19.1541532Z [31m⎯⎯⎯⎯⎯⎯⎯[39m[1m[41m Failed Tests 2 [49m[22m[31m⎯⎯⎯⎯⎯⎯⎯[39m
2026-05-18T16:59:19.1541843Z 
2026-05-18T16:59:19.1545314Z [41m[1m FAIL [22m[49m src/components/__tests__/ContributionGrid.test.tsx[2m > [22mContributionGrid[2m > [22mrenders 12 weeks of cells by default (7 rows × 12 columns)
2026-05-18T16:59:19.1549880Z [31m[1mAssertionError[22m: expected 78 to be greater than or equal to 79[39m
2026-05-18T16:59:19.1550844Z [36m [2m❯[22m src/components/__tests__/ContributionGrid.test.tsx:[2m36:26[22m[39m
2026-05-18T16:59:19.1575405Z     [90m 34|[39m     [90m// count is ≤ 84 and ≥ 79 (12 weeks − up to 5 future days).[39m
2026-05-18T16:59:19.1576420Z     [90m 35|[39m     [34mexpect[39m(cells[33m.[39mlength)[33m.[39m[34mtoBeLessThanOrEqual[39m([34m84[39m)[33m;[39m
2026-05-18T16:59:19.1577801Z     [90m 36|[39m     [34mexpect[39m(cells[33m.[39mlength)[33m.[39m[34mtoBeGreaterThanOrEqual[39m([34m79[39m)[33m;[39m
2026-05-18T16:59:19.1578581Z     [90m   |[39m                          [31m^[39m
2026-05-18T16:59:19.1578994Z     [90m 37|[39m   })[33m;[39m
2026-05-18T16:59:19.1579314Z     [90m 38|[39m
2026-05-18T16:59:19.1579454Z 
2026-05-18T16:59:19.1579779Z [31m[2m⎯⎯⎯⎯⎯⎯⎯⎯⎯⎯⎯⎯⎯⎯⎯⎯⎯⎯⎯⎯⎯⎯⎯⎯[1/2]⎯[22m[39m
2026-05-18T16:59:19.1580031Z 
2026-05-18T16:59:19.1580864Z [41m[1m FAIL [22m[49m src/components/__tests__/ContributionGrid.test.tsx[2m > [22mContributionGrid[2m > [22mrespects a custom weeks count
2026-05-18T16:59:19.1581966Z [31m[1mAssertionError[22m: expected 22 to be greater than or equal to 23[39m
2026-05-18T16:59:19.1582825Z [36m [2m❯[22m src/components/__tests__/ContributionGrid.test.tsx:[2m81:26[22m[39m
2026-05-18T16:59:19.1583593Z     [90m 79|[39m     // 4 weeks = at most 28 days, at least 23 (4 × 7 minus future spac…
2026-05-18T16:59:19.1584585Z     [90m 80|[39m     [34mexpect[39m(cells[33m.[39mlength)[33m.[39m[34mtoBeLessThanOrEqual[39m([34m28[39m)[33m;[39m
2026-05-18T16:59:19.1585681Z     [90m 81|[39m     [34mexpect[39m(cells[33m.[39mlength)[33m.[39m[34mtoBeGreaterThanOrEqual[39m([34m23[39m)[33m;[39m
2026-05-18T16:59:19.1586419Z     [90m   |[39m                          [31m^[39m
2026-05-18T16:59:19.1586837Z     [90m 82|[39m   })[33m;[39m
2026-05-18T16:59:19.1587848Z     [90m 83|[39m })[33m;[39m
2026-05-18T16:59:19.1588017Z 
2026-05-18T16:59:19.1588274Z [31m[2m⎯⎯⎯⎯⎯⎯⎯⎯⎯⎯⎯⎯⎯⎯⎯⎯⎯⎯⎯⎯⎯⎯⎯⎯[2/2]⎯[22m[39m
2026-05-18T16:59:19.1588505Z 
2026-05-18T16:59:19.1588537Z 
2026-05-18T16:59:19.1589045Z [2m Test Files [22m [1m[31m1 failed[39m[22m[2m | [22m[1m[32m45 passed[39m[22m[90m (46)[39m
2026-05-18T16:59:19.1590815Z [2m      Tests [22m [1m[31m2 failed[39m[22m[2m | [22m[1m[32m544 passed[39m[22m[90m (546)[39m
2026-05-18T16:59:19.1591460Z [2m   Start at [22m 16:58:56
2026-05-18T16:59:19.1592601Z [2m   Duration [22m 22.23s[2m (transform 1.19s, setup 4.22s, import 14.80s, tests 4.25s, environment 35.39s)[22m
2026-05-18T16:59:19.1594163Z 
2026-05-18T16:59:19.1605279Z 
2026-05-18T16:59:19.1626729Z ##[error]AssertionError: expected 78 to be greater than or equal to 79
 ❯ src/components/__tests__/ContributionGrid.test.tsx:36:26


2026-05-18T16:59:19.1634358Z 
2026-05-18T16:59:19.1636187Z ##[error]AssertionError: expected 22 to be greater than or equal to 23
 ❯ src/components/__tests__/ContributionGrid.test.tsx:81:26


2026-05-18T16:59:19.2038745Z ##[error]Process completed with exit code 1.
2026-05-18T16:59:19.2096132Z Post job cleanup.
2026-05-18T16:59:19.2145182Z Post job cleanup.
2026-05-18T16:59:19.2875109Z [command]/usr/bin/git version
2026-05-18T16:59:19.2905500Z git version 2.54.0
2026-05-18T16:59:19.2937062Z Temporarily overriding HOME='/home/runner/work/_temp/fc40184a-889c-40fb-b7aa-3b483a79be19' before making global git config changes
2026-05-18T16:59:19.2938286Z Adding repository directory to the temporary git global config as a safe directory
2026-05-18T16:59:19.2941939Z [command]/usr/bin/git config --global --add safe.directory /home/runner/work/prismTask/prismTask
2026-05-18T16:59:19.2968936Z Removing SSH command configuration
2026-05-18T16:59:19.2974166Z [command]/usr/bin/git config --local --name-only --get-regexp core\.sshCommand
2026-05-18T16:59:19.3026584Z [command]/usr/bin/git submodule foreach --recursive sh -c "git config --local --name-only --get-regexp 'core\.sshCommand' && git config --local --unset-all 'core.sshCommand' || :"
2026-05-18T16:59:19.3214869Z Removing HTTP extra header
2026-05-18T16:59:19.3219136Z [command]/usr/bin/git config --local --name-only --get-regexp http\.https\:\/\/github\.com\/\.extraheader
2026-05-18T16:59:19.3246758Z [command]/usr/bin/git submodule foreach --recursive sh -c "git config --local --name-only --get-regexp 'http\.https\:\/\/github\.com\/\.extraheader' && git config --local --unset-all 'http.https://github.com/.extraheader' || :"
2026-05-18T16:59:19.3430079Z Removing includeIf entries pointing to credentials config files
2026-05-18T16:59:19.3435670Z [command]/usr/bin/git config --local --name-only --get-regexp ^includeIf\.gitdir:
2026-05-18T16:59:19.3455709Z includeif.gitdir:/home/runner/work/prismTask/prismTask/.git.path
2026-05-18T16:59:19.3456449Z includeif.gitdir:/home/runner/work/prismTask/prismTask/.git/worktrees/*.path
2026-05-18T16:59:19.3457085Z includeif.gitdir:/github/workspace/.git.path
2026-05-18T16:59:19.3457705Z includeif.gitdir:/github/workspace/.git/worktrees/*.path
2026-05-18T16:59:19.3464062Z [command]/usr/bin/git config --local --get-all includeif.gitdir:/home/runner/work/prismTask/prismTask/.git.path
2026-05-18T16:59:19.3482355Z /home/runner/work/_temp/git-credentials-f55950b6-b7c9-4419-b360-5dbf788e3e54.config
2026-05-18T16:59:19.3491599Z [command]/usr/bin/git config --local --unset includeif.gitdir:/home/runner/work/prismTask/prismTask/.git.path /home/runner/work/_temp/git-credentials-f55950b6-b7c9-4419-b360-5dbf788e3e54.config
2026-05-18T16:59:19.3519515Z [command]/usr/bin/git config --local --get-all includeif.gitdir:/home/runner/work/prismTask/prismTask/.git/worktrees/*.path
2026-05-18T16:59:19.3538032Z /home/runner/work/_temp/git-credentials-f55950b6-b7c9-4419-b360-5dbf788e3e54.config
2026-05-18T16:59:19.3544853Z [command]/usr/bin/git config --local --unset includeif.gitdir:/home/runner/work/prismTask/prismTask/.git/worktrees/*.path /home/runner/work/_temp/git-credentials-f55950b6-b7c9-4419-b360-5dbf788e3e54.config
2026-05-18T16:59:19.3570936Z [command]/usr/bin/git config --local --get-all includeif.gitdir:/github/workspace/.git.path
2026-05-18T16:59:19.3589923Z /github/runner_temp/git-credentials-f55950b6-b7c9-4419-b360-5dbf788e3e54.config
2026-05-18T16:59:19.3597083Z [command]/usr/bin/git config --local --unset includeif.gitdir:/github/workspace/.git.path /github/runner_temp/git-credentials-f55950b6-b7c9-4419-b360-5dbf788e3e54.config
2026-05-18T16:59:19.3623795Z [command]/usr/bin/git config --local --get-all includeif.gitdir:/github/workspace/.git/worktrees/*.path
2026-05-18T16:59:19.3642310Z /github/runner_temp/git-credentials-f55950b6-b7c9-4419-b360-5dbf788e3e54.config
2026-05-18T16:59:19.3650628Z [command]/usr/bin/git config --local --unset includeif.gitdir:/github/workspace/.git/worktrees/*.path /github/runner_temp/git-credentials-f55950b6-b7c9-4419-b360-5dbf788e3e54.config
2026-05-18T16:59:19.3677746Z [command]/usr/bin/git submodule foreach --recursive git config --local --show-origin --name-only --get-regexp remote.origin.url
2026-05-18T16:59:19.3872894Z Removing credentials config '/home/runner/work/_temp/git-credentials-f55950b6-b7c9-4419-b360-5dbf788e3e54.config'
2026-05-18T16:59:19.4004750Z Cleaning up orphan processes
2026-05-18T16:59:19.4254911Z ##[warning]Node.js 20 actions are deprecated. The following actions are running on Node.js 20 and may not work as expected: actions/setup-node@v4. Actions will be forced to run with Node.js 24 by default starting June 2nd, 2026. Node.js 20 will be removed from the runner on September 16th, 2026. Please check if updated versions of these actions are available that support Node.js 24. To opt into Node.js 24 now, set the FORCE_JAVASCRIPT_ACTIONS_TO_NODE24=true environment variable on the runner or in your workflow file. Once Node.js 24 becomes the default, you can temporarily opt out by setting ACTIONS_ALLOW_USE_UNSECURE_NODE_VERSION=true. For more information see: https://github.blog/changelog/2025-09-19-deprecation-of-node-20-on-github-actions-runners/


--- Job: web-lint-and-test (id 76576951402) ---
2026-05-18T16:59:29.7607936Z Current runner version: '2.334.0'
2026-05-18T16:59:29.7634642Z ##[group]Runner Image Provisioner
2026-05-18T16:59:29.7635492Z Hosted Compute Agent
2026-05-18T16:59:29.7636174Z Version: 20260213.493
2026-05-18T16:59:29.7636742Z Commit: 5c115507f6dd24b8de37d8bbe0bb4509d0cc0fa3
2026-05-18T16:59:29.7637425Z Build Date: 2026-02-13T00:28:41Z
2026-05-18T16:59:29.7638142Z Worker ID: {115189ef-475b-4e40-9951-dc8da0bfc2a7}
2026-05-18T16:59:29.7638840Z Azure Region: westcentralus
2026-05-18T16:59:29.7639380Z ##[endgroup]
2026-05-18T16:59:29.7641421Z ##[group]Operating System
2026-05-18T16:59:29.7642022Z Ubuntu
2026-05-18T16:59:29.7642499Z 24.04.4
2026-05-18T16:59:29.7643080Z LTS
2026-05-18T16:59:29.7643513Z ##[endgroup]
2026-05-18T16:59:29.7644023Z ##[group]Runner Image
2026-05-18T16:59:29.7644570Z Image: ubuntu-24.04
2026-05-18T16:59:29.7645089Z Version: 20260513.135.3
2026-05-18T16:59:29.7646349Z Included Software: https://github.com/actions/runner-images/blob/ubuntu24/20260513.135/images/ubuntu/Ubuntu2404-Readme.md
2026-05-18T16:59:29.7647899Z Image Release: https://github.com/actions/runner-images/releases/tag/ubuntu24%2F20260513.135
2026-05-18T16:59:29.7648816Z ##[endgroup]
2026-05-18T16:59:29.7650463Z ##[group]GITHUB_TOKEN Permissions
2026-05-18T16:59:29.7652736Z Actions: read
2026-05-18T16:59:29.7653247Z Checks: read
2026-05-18T16:59:29.7653913Z Contents: write
2026-05-18T16:59:29.7654428Z Metadata: read
2026-05-18T16:59:29.7654875Z ##[endgroup]
2026-05-18T16:59:29.7657297Z Secret source: Actions
2026-05-18T16:59:29.7658029Z Prepare workflow directory
2026-05-18T16:59:29.8032224Z Prepare all required actions
2026-05-18T16:59:29.8132633Z Complete job name: web-lint-and-test
2026-05-18T16:59:29.8978485Z ##[group]Run if [ 'success' != 'success' ]; then
2026-05-18T16:59:29.8979370Z [36;1mif [ 'success' != 'success' ]; then[0m
2026-05-18T16:59:29.8980656Z [36;1m  echo "web-lint finished with success" >&2[0m
2026-05-18T16:59:29.8981647Z [36;1m  exit 1[0m
2026-05-18T16:59:29.8982104Z [36;1mfi[0m
2026-05-18T16:59:29.8982628Z [36;1mif [ 'failure' != 'success' ]; then[0m
2026-05-18T16:59:29.8983398Z [36;1m  echo "web-unit-tests finished with failure" >&2[0m
2026-05-18T16:59:29.8984071Z [36;1m  exit 1[0m
2026-05-18T16:59:29.8984508Z [36;1mfi[0m
2026-05-18T16:59:29.8985113Z [36;1mif [ 'success' != 'success' ]; then[0m
2026-05-18T16:59:29.8985773Z [36;1m  echo "web-build finished with success" >&2[0m
2026-05-18T16:59:29.8986394Z [36;1m  exit 1[0m
2026-05-18T16:59:29.8986977Z [36;1mfi[0m
2026-05-18T16:59:29.8987565Z [36;1mecho "✓ Split web lint, unit-test shards, and build passed."[0m
2026-05-18T16:59:29.9588971Z shell: /usr/bin/bash -e {0}
2026-05-18T16:59:29.9591258Z ##[endgroup]
2026-05-18T16:59:30.0044446Z web-unit-tests finished with failure
2026-05-18T16:59:30.0077776Z ##[error]Process completed with exit code 1.
2026-05-18T16:59:30.0346888Z Cleaning up orphan processes
