=== CI FAILURE ===
Workflow:      Web CI
Workflow file: averycorp/prismTask/.github/workflows/web-ci.yml@refs/pull/1377/merge
Job(s):        web-lint, web-build, web-lint-and-test
Run ID:        25840144126
Run attempt:   1
Run URL:       https://github.com/averycorp/prismTask/actions/runs/25840144126
Commit:        149ed1b6fa5a7be03ce21c8bcddfddfead37d061
Branch:        1377/merge
Event:         pull_request
Actor:         akarlin3
Runner OS:     Linux
Timestamp:     2026-05-14T03:37:15.284Z

Failed steps:
  - web-lint: #5 Run ESLint
  - web-build: #5 Build web app
  - web-lint-and-test: #2 Verify split web checks

=== FAILED JOB LOG ===

--- Job: web-lint (id 75923578600) ---
2026-05-14T03:36:15.5403000Z Current runner version: '2.334.0'
2026-05-14T03:36:15.5426342Z ##[group]Runner Image Provisioner
2026-05-14T03:36:15.5427072Z Hosted Compute Agent
2026-05-14T03:36:15.5427574Z Version: 20260213.493
2026-05-14T03:36:15.5428153Z Commit: 5c115507f6dd24b8de37d8bbe0bb4509d0cc0fa3
2026-05-14T03:36:15.5428786Z Build Date: 2026-02-13T00:28:41Z
2026-05-14T03:36:15.5429375Z Worker ID: {fe0612ed-20b9-4806-ace0-15fcae230536}
2026-05-14T03:36:15.5430007Z Azure Region: centralus
2026-05-14T03:36:15.5430478Z ##[endgroup]
2026-05-14T03:36:15.5432027Z ##[group]Operating System
2026-05-14T03:36:15.5432583Z Ubuntu
2026-05-14T03:36:15.5432998Z 24.04.4
2026-05-14T03:36:15.5433359Z LTS
2026-05-14T03:36:15.5433791Z ##[endgroup]
2026-05-14T03:36:15.5434330Z ##[group]Runner Image
2026-05-14T03:36:15.5434797Z Image: ubuntu-24.04
2026-05-14T03:36:15.5435324Z Version: 20260413.86.1
2026-05-14T03:36:15.5436387Z Included Software: https://github.com/actions/runner-images/blob/ubuntu24/20260413.86/images/ubuntu/Ubuntu2404-Readme.md
2026-05-14T03:36:15.5437654Z Image Release: https://github.com/actions/runner-images/releases/tag/ubuntu24%2F20260413.86
2026-05-14T03:36:15.5438441Z ##[endgroup]
2026-05-14T03:36:15.5439519Z ##[group]GITHUB_TOKEN Permissions
2026-05-14T03:36:15.5441347Z Actions: read
2026-05-14T03:36:15.5441791Z Checks: read
2026-05-14T03:36:15.5442279Z Contents: write
2026-05-14T03:36:15.5442701Z Metadata: read
2026-05-14T03:36:15.5443141Z ##[endgroup]
2026-05-14T03:36:15.5445718Z Secret source: Actions
2026-05-14T03:36:15.5446739Z Prepare workflow directory
2026-05-14T03:36:15.5820298Z Prepare all required actions
2026-05-14T03:36:15.5857103Z Getting action download info
2026-05-14T03:36:15.9037651Z Download action repository 'actions/checkout@v6' (SHA:de0fac2e4500dabe0009e67214ff5f5447ce83dd)
2026-05-14T03:36:16.0707977Z Complete job name: web-lint
2026-05-14T03:36:16.1335035Z ##[group]Run actions/checkout@v6
2026-05-14T03:36:16.1335965Z with:
2026-05-14T03:36:16.1336425Z   repository: averycorp/prismTask
2026-05-14T03:36:16.1337098Z   token: ***
2026-05-14T03:36:16.1337529Z   ssh-strict: true
2026-05-14T03:36:16.1337970Z   ssh-user: git
2026-05-14T03:36:16.1338405Z   persist-credentials: true
2026-05-14T03:36:16.1338829Z   clean: true
2026-05-14T03:36:16.1339346Z   sparse-checkout-cone-mode: true
2026-05-14T03:36:16.1339845Z   fetch-depth: 1
2026-05-14T03:36:16.1340217Z   fetch-tags: false
2026-05-14T03:36:16.1340700Z   show-progress: true
2026-05-14T03:36:16.1341102Z   lfs: false
2026-05-14T03:36:16.1341491Z   submodules: false
2026-05-14T03:36:16.1341926Z   set-safe-directory: true
2026-05-14T03:36:16.1342636Z ##[endgroup]
2026-05-14T03:36:16.2304489Z Syncing repository: averycorp/prismTask
2026-05-14T03:36:16.2306428Z ##[group]Getting Git version info
2026-05-14T03:36:16.2307142Z Working directory is '/home/runner/work/prismTask/prismTask'
2026-05-14T03:36:16.2308363Z [command]/usr/bin/git version
2026-05-14T03:36:16.2331577Z git version 2.53.0
2026-05-14T03:36:16.2351055Z ##[endgroup]
2026-05-14T03:36:16.2364831Z Temporarily overriding HOME='/home/runner/work/_temp/429f7a53-915a-46e3-83fd-d99687051363' before making global git config changes
2026-05-14T03:36:16.2366640Z Adding repository directory to the temporary git global config as a safe directory
2026-05-14T03:36:16.2369726Z [command]/usr/bin/git config --global --add safe.directory /home/runner/work/prismTask/prismTask
2026-05-14T03:36:16.2397426Z Deleting the contents of '/home/runner/work/prismTask/prismTask'
2026-05-14T03:36:16.2401042Z ##[group]Initializing the repository
2026-05-14T03:36:16.2405796Z [command]/usr/bin/git init /home/runner/work/prismTask/prismTask
2026-05-14T03:36:16.2489080Z hint: Using 'master' as the name for the initial branch. This default branch name
2026-05-14T03:36:16.2490819Z hint: will change to "main" in Git 3.0. To configure the initial branch name
2026-05-14T03:36:16.2492373Z hint: to use in all of your new repositories, which will suppress this warning,
2026-05-14T03:36:16.2493213Z hint: call:
2026-05-14T03:36:16.2494327Z hint:
2026-05-14T03:36:16.2495387Z hint: 	git config --global init.defaultBranch <name>
2026-05-14T03:36:16.2496358Z hint:
2026-05-14T03:36:16.2497431Z hint: Names commonly chosen instead of 'master' are 'main', 'trunk' and
2026-05-14T03:36:16.2498858Z hint: 'development'. The just-created branch can be renamed via this command:
2026-05-14T03:36:16.2499537Z hint:
2026-05-14T03:36:16.2500005Z hint: 	git branch -m <name>
2026-05-14T03:36:16.2500506Z hint:
2026-05-14T03:36:16.2501069Z hint: Disable this message with "git config set advice.defaultBranchName false"
2026-05-14T03:36:16.2502025Z Initialized empty Git repository in /home/runner/work/prismTask/prismTask/.git/
2026-05-14T03:36:16.2503806Z [command]/usr/bin/git remote add origin https://github.com/averycorp/prismTask
2026-05-14T03:36:16.2524643Z ##[endgroup]
2026-05-14T03:36:16.2526027Z ##[group]Disabling automatic garbage collection
2026-05-14T03:36:16.2529108Z [command]/usr/bin/git config --local gc.auto 0
2026-05-14T03:36:16.2553024Z ##[endgroup]
2026-05-14T03:36:16.2554502Z ##[group]Setting up auth
2026-05-14T03:36:16.2555518Z Removing SSH command configuration
2026-05-14T03:36:16.2560630Z [command]/usr/bin/git config --local --name-only --get-regexp core\.sshCommand
2026-05-14T03:36:16.2586033Z [command]/usr/bin/git submodule foreach --recursive sh -c "git config --local --name-only --get-regexp 'core\.sshCommand' && git config --local --unset-all 'core.sshCommand' || :"
2026-05-14T03:36:16.2808724Z Removing HTTP extra header
2026-05-14T03:36:16.2813715Z [command]/usr/bin/git config --local --name-only --get-regexp http\.https\:\/\/github\.com\/\.extraheader
2026-05-14T03:36:16.2837882Z [command]/usr/bin/git submodule foreach --recursive sh -c "git config --local --name-only --get-regexp 'http\.https\:\/\/github\.com\/\.extraheader' && git config --local --unset-all 'http.https://github.com/.extraheader' || :"
2026-05-14T03:36:16.3002017Z Removing includeIf entries pointing to credentials config files
2026-05-14T03:36:16.3008042Z [command]/usr/bin/git config --local --name-only --get-regexp ^includeIf\.gitdir:
2026-05-14T03:36:16.3032862Z [command]/usr/bin/git submodule foreach --recursive git config --local --show-origin --name-only --get-regexp remote.origin.url
2026-05-14T03:36:16.3199366Z [command]/usr/bin/git config --file /home/runner/work/_temp/git-credentials-a69c59f4-45bf-4c4d-a11a-5f03b9ef99f9.config http.https://github.com/.extraheader AUTHORIZATION: basic ***
2026-05-14T03:36:16.3228850Z [command]/usr/bin/git config --local includeIf.gitdir:/home/runner/work/prismTask/prismTask/.git.path /home/runner/work/_temp/git-credentials-a69c59f4-45bf-4c4d-a11a-5f03b9ef99f9.config
2026-05-14T03:36:16.3361738Z [command]/usr/bin/git config --local includeIf.gitdir:/home/runner/work/prismTask/prismTask/.git/worktrees/*.path /home/runner/work/_temp/git-credentials-a69c59f4-45bf-4c4d-a11a-5f03b9ef99f9.config
2026-05-14T03:36:16.3366106Z [command]/usr/bin/git config --local includeIf.gitdir:/github/workspace/.git.path /github/runner_temp/git-credentials-a69c59f4-45bf-4c4d-a11a-5f03b9ef99f9.config
2026-05-14T03:36:16.3370041Z [command]/usr/bin/git config --local includeIf.gitdir:/github/workspace/.git/worktrees/*.path /github/runner_temp/git-credentials-a69c59f4-45bf-4c4d-a11a-5f03b9ef99f9.config
2026-05-14T03:36:16.3373108Z ##[endgroup]
2026-05-14T03:36:16.3374292Z ##[group]Fetching the repository
2026-05-14T03:36:16.3376381Z [command]/usr/bin/git -c protocol.version=2 fetch --no-tags --prune --no-recurse-submodules --depth=1 origin +149ed1b6fa5a7be03ce21c8bcddfddfead37d061:refs/remotes/pull/1377/merge
2026-05-14T03:36:18.2199028Z From https://github.com/averycorp/prismTask
2026-05-14T03:36:18.2201085Z  * [new ref]         149ed1b6fa5a7be03ce21c8bcddfddfead37d061 -> pull/1377/merge
2026-05-14T03:36:18.2224260Z ##[endgroup]
2026-05-14T03:36:18.2225176Z ##[group]Determining the checkout info
2026-05-14T03:36:18.2226090Z ##[endgroup]
2026-05-14T03:36:18.2230380Z [command]/usr/bin/git sparse-checkout disable
2026-05-14T03:36:18.2262470Z [command]/usr/bin/git config --local --unset-all extensions.worktreeConfig
2026-05-14T03:36:18.2285352Z ##[group]Checking out the ref
2026-05-14T03:36:18.2288349Z [command]/usr/bin/git checkout --progress --force refs/remotes/pull/1377/merge
2026-05-14T03:36:18.4736614Z Note: switching to 'refs/remotes/pull/1377/merge'.
2026-05-14T03:36:18.4738980Z 
2026-05-14T03:36:18.4741164Z You are in 'detached HEAD' state. You can look around, make experimental
2026-05-14T03:36:18.4743062Z changes and commit them, and you can discard any commits you make in this
2026-05-14T03:36:18.4745081Z state without impacting any branches by switching back to a branch.
2026-05-14T03:36:18.4746127Z 
2026-05-14T03:36:18.4746815Z If you want to create a new branch to retain commits you create, you may
2026-05-14T03:36:18.4748413Z do so (now or later) by using -c with the switch command. Example:
2026-05-14T03:36:18.4749479Z 
2026-05-14T03:36:18.4750068Z   git switch -c <new-branch-name>
2026-05-14T03:36:18.4750789Z 
2026-05-14T03:36:18.4751144Z Or undo this operation with:
2026-05-14T03:36:18.4751722Z 
2026-05-14T03:36:18.4752023Z   git switch -
2026-05-14T03:36:18.4752475Z 
2026-05-14T03:36:18.4753303Z Turn off this advice by setting config variable advice.detachedHead to false
2026-05-14T03:36:18.4754620Z 
2026-05-14T03:36:18.4756165Z HEAD is now at 149ed1b Merge 22c61d98d70a8c32c1bdb20f96e143a6b1dd5bd8 into 5fc6ea37dc2e45b37b7c6f0b03da7b290dfda5fe
2026-05-14T03:36:18.4760060Z ##[endgroup]
2026-05-14T03:36:18.4784933Z [command]/usr/bin/git log -1 --format=%H
2026-05-14T03:36:18.4804703Z 149ed1b6fa5a7be03ce21c8bcddfddfead37d061
2026-05-14T03:36:18.5150911Z Prepare all required actions
2026-05-14T03:36:18.5152223Z Getting action download info
2026-05-14T03:36:18.6603612Z Download action repository 'actions/setup-node@v4' (SHA:49933ea5288caeca8642d1e84afbd3f7d6820020)
2026-05-14T03:36:18.7432230Z ##[group]Run ./.github/actions/setup-node-web
2026-05-14T03:36:18.7432577Z ##[endgroup]
2026-05-14T03:36:18.7563381Z ##[group]Run actions/setup-node@v4
2026-05-14T03:36:18.7563739Z with:
2026-05-14T03:36:18.7564163Z   node-version: 22
2026-05-14T03:36:18.7564400Z   cache: npm
2026-05-14T03:36:18.7564678Z   cache-dependency-path: web/package-lock.json
2026-05-14T03:36:18.7565012Z   always-auth: false
2026-05-14T03:36:18.7565257Z   check-latest: false
2026-05-14T03:36:18.7565673Z   token: ***
2026-05-14T03:36:18.7565898Z ##[endgroup]
2026-05-14T03:36:18.9254905Z Found in cache @ /opt/hostedtoolcache/node/22.22.2/x64
2026-05-14T03:36:18.9260674Z ##[group]Environment details
2026-05-14T03:36:19.2760585Z node: v22.22.2
2026-05-14T03:36:19.2761249Z npm: 10.9.7
2026-05-14T03:36:19.2761593Z yarn: 1.22.22
2026-05-14T03:36:19.2762324Z ##[endgroup]
2026-05-14T03:36:19.2784179Z [command]/opt/hostedtoolcache/node/22.22.2/x64/bin/npm config get cache
2026-05-14T03:36:19.3685160Z /home/runner/.npm
2026-05-14T03:36:19.5463218Z npm cache is not found
2026-05-14T03:36:19.5591628Z ##[group]Run npm ci
2026-05-14T03:36:19.5592004Z [36;1mnpm ci[0m
2026-05-14T03:36:19.5618157Z shell: /usr/bin/bash --noprofile --norc -e -o pipefail {0}
2026-05-14T03:36:19.5618582Z ##[endgroup]
2026-05-14T03:36:29.6162238Z 
2026-05-14T03:36:29.6169291Z added 435 packages, and audited 436 packages in 10s
2026-05-14T03:36:29.6169615Z 
2026-05-14T03:36:29.6169834Z 94 packages are looking for funding
2026-05-14T03:36:29.6170121Z   run `npm fund` for details
2026-05-14T03:36:29.6229521Z 
2026-05-14T03:36:29.6230272Z 3 vulnerabilities (2 moderate, 1 critical)
2026-05-14T03:36:29.6230652Z 
2026-05-14T03:36:29.6230854Z To address all issues, run:
2026-05-14T03:36:29.6231122Z   npm audit fix
2026-05-14T03:36:29.6231288Z 
2026-05-14T03:36:29.6231403Z Run `npm audit` for details.
2026-05-14T03:36:29.6596400Z ##[group]Run npm run lint
2026-05-14T03:36:29.6596685Z [36;1mnpm run lint[0m
2026-05-14T03:36:29.6611462Z shell: /usr/bin/bash -e {0}
2026-05-14T03:36:29.6611727Z ##[endgroup]
2026-05-14T03:36:29.7470495Z 
2026-05-14T03:36:29.7471051Z > web@1.6.0 lint
2026-05-14T03:36:29.7471449Z > eslint .
2026-05-14T03:36:29.7471593Z 
2026-05-14T03:36:45.5189965Z 
2026-05-14T03:36:45.5191821Z /home/runner/work/prismTask/prismTask/web/src/features/medication/MedicationEditorDialog.tsx
2026-05-14T03:36:45.5193448Z   190:7  error  Error: Calling setState synchronously within an effect can trigger cascading renders
2026-05-14T03:36:45.5194313Z 
2026-05-14T03:36:45.5196272Z Effects are intended to synchronize state between React and external systems such as manually updating the DOM, state management libraries, or other platform APIs. In general, the body of an effect should do one or both of the following:
2026-05-14T03:36:45.5198306Z * Update external systems with the latest state from React.
2026-05-14T03:36:45.5199706Z * Subscribe for updates from some external system, calling setState in a callback function when external state changes.
2026-05-14T03:36:45.5200505Z 
2026-05-14T03:36:45.5202111Z Calling setState synchronously within an effect body causes cascading renders that can hurt performance, and is not recommended. (https://react.dev/learn/you-might-not-need-an-effect).
2026-05-14T03:36:45.5203304Z 
2026-05-14T03:36:45.5204222Z /home/runner/work/prismTask/prismTask/web/src/features/medication/MedicationEditorDialog.tsx:190:7
2026-05-14T03:36:45.5205060Z   188 |   useEffect(() => {
2026-05-14T03:36:45.5205458Z   189 |     if (isOpen) {
2026-05-14T03:36:45.5205964Z > 190 |       setForm(initialState(initial));
2026-05-14T03:36:45.5206651Z       |       ^^^^^^^ Avoid calling setState() directly within an effect
2026-05-14T03:36:45.5207248Z   191 |       setErrors({});
2026-05-14T03:36:45.5207610Z   192 |     }
2026-05-14T03:36:45.5208129Z   193 |   }, [isOpen, initial]);  react-hooks/set-state-in-effect
2026-05-14T03:36:45.5208548Z 
2026-05-14T03:36:45.5209153Z ✖ 1 problem (1 error, 0 warnings)
2026-05-14T03:36:45.5209452Z 
2026-05-14T03:36:45.6631884Z ##[error]Process completed with exit code 1.
2026-05-14T03:36:45.6699478Z Post job cleanup.
2026-05-14T03:36:45.6779082Z Post job cleanup.
2026-05-14T03:36:45.7575632Z [command]/usr/bin/git version
2026-05-14T03:36:45.7607950Z git version 2.53.0
2026-05-14T03:36:45.7642177Z Temporarily overriding HOME='/home/runner/work/_temp/b9cde24e-d1b7-44d3-84a5-31c6810026a6' before making global git config changes
2026-05-14T03:36:45.7642946Z Adding repository directory to the temporary git global config as a safe directory
2026-05-14T03:36:45.7647442Z [command]/usr/bin/git config --global --add safe.directory /home/runner/work/prismTask/prismTask
2026-05-14T03:36:45.7672381Z Removing SSH command configuration
2026-05-14T03:36:45.7678873Z [command]/usr/bin/git config --local --name-only --get-regexp core\.sshCommand
2026-05-14T03:36:45.7706213Z [command]/usr/bin/git submodule foreach --recursive sh -c "git config --local --name-only --get-regexp 'core\.sshCommand' && git config --local --unset-all 'core.sshCommand' || :"
2026-05-14T03:36:45.7879605Z Removing HTTP extra header
2026-05-14T03:36:45.7885207Z [command]/usr/bin/git config --local --name-only --get-regexp http\.https\:\/\/github\.com\/\.extraheader
2026-05-14T03:36:45.7913893Z [command]/usr/bin/git submodule foreach --recursive sh -c "git config --local --name-only --get-regexp 'http\.https\:\/\/github\.com\/\.extraheader' && git config --local --unset-all 'http.https://github.com/.extraheader' || :"
2026-05-14T03:36:45.8079429Z Removing includeIf entries pointing to credentials config files
2026-05-14T03:36:45.8085803Z [command]/usr/bin/git config --local --name-only --get-regexp ^includeIf\.gitdir:
2026-05-14T03:36:45.8104392Z includeif.gitdir:/home/runner/work/prismTask/prismTask/.git.path
2026-05-14T03:36:45.8105440Z includeif.gitdir:/home/runner/work/prismTask/prismTask/.git/worktrees/*.path
2026-05-14T03:36:45.8106184Z includeif.gitdir:/github/workspace/.git.path
2026-05-14T03:36:45.8106797Z includeif.gitdir:/github/workspace/.git/worktrees/*.path
2026-05-14T03:36:45.8112662Z [command]/usr/bin/git config --local --get-all includeif.gitdir:/home/runner/work/prismTask/prismTask/.git.path
2026-05-14T03:36:45.8130450Z /home/runner/work/_temp/git-credentials-a69c59f4-45bf-4c4d-a11a-5f03b9ef99f9.config
2026-05-14T03:36:45.8138968Z [command]/usr/bin/git config --local --unset includeif.gitdir:/home/runner/work/prismTask/prismTask/.git.path /home/runner/work/_temp/git-credentials-a69c59f4-45bf-4c4d-a11a-5f03b9ef99f9.config
2026-05-14T03:36:45.8166323Z [command]/usr/bin/git config --local --get-all includeif.gitdir:/home/runner/work/prismTask/prismTask/.git/worktrees/*.path
2026-05-14T03:36:45.8183676Z /home/runner/work/_temp/git-credentials-a69c59f4-45bf-4c4d-a11a-5f03b9ef99f9.config
2026-05-14T03:36:45.8191431Z [command]/usr/bin/git config --local --unset includeif.gitdir:/home/runner/work/prismTask/prismTask/.git/worktrees/*.path /home/runner/work/_temp/git-credentials-a69c59f4-45bf-4c4d-a11a-5f03b9ef99f9.config
2026-05-14T03:36:45.8216790Z [command]/usr/bin/git config --local --get-all includeif.gitdir:/github/workspace/.git.path
2026-05-14T03:36:45.8233842Z /github/runner_temp/git-credentials-a69c59f4-45bf-4c4d-a11a-5f03b9ef99f9.config
2026-05-14T03:36:45.8240036Z [command]/usr/bin/git config --local --unset includeif.gitdir:/github/workspace/.git.path /github/runner_temp/git-credentials-a69c59f4-45bf-4c4d-a11a-5f03b9ef99f9.config
2026-05-14T03:36:45.8263464Z [command]/usr/bin/git config --local --get-all includeif.gitdir:/github/workspace/.git/worktrees/*.path
2026-05-14T03:36:45.8279803Z /github/runner_temp/git-credentials-a69c59f4-45bf-4c4d-a11a-5f03b9ef99f9.config
2026-05-14T03:36:45.8286580Z [command]/usr/bin/git config --local --unset includeif.gitdir:/github/workspace/.git/worktrees/*.path /github/runner_temp/git-credentials-a69c59f4-45bf-4c4d-a11a-5f03b9ef99f9.config
2026-05-14T03:36:45.8311445Z [command]/usr/bin/git submodule foreach --recursive git config --local --show-origin --name-only --get-regexp remote.origin.url
2026-05-14T03:36:45.8481392Z Removing credentials config '/home/runner/work/_temp/git-credentials-a69c59f4-45bf-4c4d-a11a-5f03b9ef99f9.config'
2026-05-14T03:36:45.8596570Z Cleaning up orphan processes
2026-05-14T03:36:45.8822107Z ##[warning]Node.js 20 actions are deprecated. The following actions are running on Node.js 20 and may not work as expected: actions/setup-node@v4. Actions will be forced to run with Node.js 24 by default starting June 2nd, 2026. Node.js 20 will be removed from the runner on September 16th, 2026. Please check if updated versions of these actions are available that support Node.js 24. To opt into Node.js 24 now, set the FORCE_JAVASCRIPT_ACTIONS_TO_NODE24=true environment variable on the runner or in your workflow file. Once Node.js 24 becomes the default, you can temporarily opt out by setting ACTIONS_ALLOW_USE_UNSECURE_NODE_VERSION=true. For more information see: https://github.blog/changelog/2025-09-19-deprecation-of-node-20-on-github-actions-runners/


--- Job: web-build (id 75923578612) ---
2026-05-14T03:36:21.5308992Z Current runner version: '2.334.0'
2026-05-14T03:36:21.5333803Z ##[group]Runner Image Provisioner
2026-05-14T03:36:21.5334550Z Hosted Compute Agent
2026-05-14T03:36:21.5335100Z Version: 20260213.493
2026-05-14T03:36:21.5335704Z Commit: 5c115507f6dd24b8de37d8bbe0bb4509d0cc0fa3
2026-05-14T03:36:21.5336414Z Build Date: 2026-02-13T00:28:41Z
2026-05-14T03:36:21.5337090Z Worker ID: {12dc3314-174e-4646-b0d2-f230dae1241e}
2026-05-14T03:36:21.5338219Z Azure Region: eastus2
2026-05-14T03:36:21.5338870Z ##[endgroup]
2026-05-14T03:36:21.5340308Z ##[group]Operating System
2026-05-14T03:36:21.5340997Z Ubuntu
2026-05-14T03:36:21.5341456Z 24.04.4
2026-05-14T03:36:21.5341992Z LTS
2026-05-14T03:36:21.5342399Z ##[endgroup]
2026-05-14T03:36:21.5342963Z ##[group]Runner Image
2026-05-14T03:36:21.5343509Z Image: ubuntu-24.04
2026-05-14T03:36:21.5343977Z Version: 20260413.86.1
2026-05-14T03:36:21.5345219Z Included Software: https://github.com/actions/runner-images/blob/ubuntu24/20260413.86/images/ubuntu/Ubuntu2404-Readme.md
2026-05-14T03:36:21.5348623Z Image Release: https://github.com/actions/runner-images/releases/tag/ubuntu24%2F20260413.86
2026-05-14T03:36:21.5350103Z ##[endgroup]
2026-05-14T03:36:21.5351785Z ##[group]GITHUB_TOKEN Permissions
2026-05-14T03:36:21.5353871Z Actions: read
2026-05-14T03:36:21.5354479Z Checks: read
2026-05-14T03:36:21.5354932Z Contents: write
2026-05-14T03:36:21.5355513Z Metadata: read
2026-05-14T03:36:21.5355961Z ##[endgroup]
2026-05-14T03:36:21.5358772Z Secret source: Actions
2026-05-14T03:36:21.5359566Z Prepare workflow directory
2026-05-14T03:36:21.5778745Z Prepare all required actions
2026-05-14T03:36:21.5815999Z Getting action download info
2026-05-14T03:36:21.9287063Z Download action repository 'actions/checkout@v6' (SHA:de0fac2e4500dabe0009e67214ff5f5447ce83dd)
2026-05-14T03:36:22.1346739Z Complete job name: web-build
2026-05-14T03:36:22.2063354Z ##[group]Run actions/checkout@v6
2026-05-14T03:36:22.2064189Z with:
2026-05-14T03:36:22.2064596Z   repository: averycorp/prismTask
2026-05-14T03:36:22.2065243Z   token: ***
2026-05-14T03:36:22.2065627Z   ssh-strict: true
2026-05-14T03:36:22.2066004Z   ssh-user: git
2026-05-14T03:36:22.2066410Z   persist-credentials: true
2026-05-14T03:36:22.2066835Z   clean: true
2026-05-14T03:36:22.2067226Z   sparse-checkout-cone-mode: true
2026-05-14T03:36:22.2067917Z   fetch-depth: 1
2026-05-14T03:36:22.2068307Z   fetch-tags: false
2026-05-14T03:36:22.2068696Z   show-progress: true
2026-05-14T03:36:22.2069085Z   lfs: false
2026-05-14T03:36:22.2069457Z   submodules: false
2026-05-14T03:36:22.2069850Z   set-safe-directory: true
2026-05-14T03:36:22.2070547Z ##[endgroup]
2026-05-14T03:36:22.3023463Z Syncing repository: averycorp/prismTask
2026-05-14T03:36:22.3025177Z ##[group]Getting Git version info
2026-05-14T03:36:22.3025940Z Working directory is '/home/runner/work/prismTask/prismTask'
2026-05-14T03:36:22.3027133Z [command]/usr/bin/git version
2026-05-14T03:36:22.3062493Z git version 2.53.0
2026-05-14T03:36:22.3119031Z ##[endgroup]
2026-05-14T03:36:22.3134834Z Temporarily overriding HOME='/home/runner/work/_temp/1d05d5b4-c5f3-4ef8-9ec0-51b496af2879' before making global git config changes
2026-05-14T03:36:22.3137206Z Adding repository directory to the temporary git global config as a safe directory
2026-05-14T03:36:22.3140951Z [command]/usr/bin/git config --global --add safe.directory /home/runner/work/prismTask/prismTask
2026-05-14T03:36:22.3174109Z Deleting the contents of '/home/runner/work/prismTask/prismTask'
2026-05-14T03:36:22.3178262Z ##[group]Initializing the repository
2026-05-14T03:36:22.3182775Z [command]/usr/bin/git init /home/runner/work/prismTask/prismTask
2026-05-14T03:36:22.3306910Z hint: Using 'master' as the name for the initial branch. This default branch name
2026-05-14T03:36:22.3308630Z hint: will change to "main" in Git 3.0. To configure the initial branch name
2026-05-14T03:36:22.3310141Z hint: to use in all of your new repositories, which will suppress this warning,
2026-05-14T03:36:22.3311317Z hint: call:
2026-05-14T03:36:22.3311877Z hint:
2026-05-14T03:36:22.3312807Z hint: 	git config --global init.defaultBranch <name>
2026-05-14T03:36:22.3313671Z hint:
2026-05-14T03:36:22.3314667Z hint: Names commonly chosen instead of 'master' are 'main', 'trunk' and
2026-05-14T03:36:22.3315610Z hint: 'development'. The just-created branch can be renamed via this command:
2026-05-14T03:36:22.3316322Z hint:
2026-05-14T03:36:22.3316697Z hint: 	git branch -m <name>
2026-05-14T03:36:22.3317131Z hint:
2026-05-14T03:36:22.3318080Z hint: Disable this message with "git config set advice.defaultBranchName false"
2026-05-14T03:36:22.3319431Z Initialized empty Git repository in /home/runner/work/prismTask/prismTask/.git/
2026-05-14T03:36:22.3321216Z [command]/usr/bin/git remote add origin https://github.com/averycorp/prismTask
2026-05-14T03:36:22.3349821Z ##[endgroup]
2026-05-14T03:36:22.3350560Z ##[group]Disabling automatic garbage collection
2026-05-14T03:36:22.3355154Z [command]/usr/bin/git config --local gc.auto 0
2026-05-14T03:36:22.3383441Z ##[endgroup]
2026-05-14T03:36:22.3384788Z ##[group]Setting up auth
2026-05-14T03:36:22.3385757Z Removing SSH command configuration
2026-05-14T03:36:22.3391491Z [command]/usr/bin/git config --local --name-only --get-regexp core\.sshCommand
2026-05-14T03:36:22.3422236Z [command]/usr/bin/git submodule foreach --recursive sh -c "git config --local --name-only --get-regexp 'core\.sshCommand' && git config --local --unset-all 'core.sshCommand' || :"
2026-05-14T03:36:22.3704444Z Removing HTTP extra header
2026-05-14T03:36:22.3710354Z [command]/usr/bin/git config --local --name-only --get-regexp http\.https\:\/\/github\.com\/\.extraheader
2026-05-14T03:36:22.3741353Z [command]/usr/bin/git submodule foreach --recursive sh -c "git config --local --name-only --get-regexp 'http\.https\:\/\/github\.com\/\.extraheader' && git config --local --unset-all 'http.https://github.com/.extraheader' || :"
2026-05-14T03:36:22.3950257Z Removing includeIf entries pointing to credentials config files
2026-05-14T03:36:22.3955213Z [command]/usr/bin/git config --local --name-only --get-regexp ^includeIf\.gitdir:
2026-05-14T03:36:22.3986764Z [command]/usr/bin/git submodule foreach --recursive git config --local --show-origin --name-only --get-regexp remote.origin.url
2026-05-14T03:36:22.4205949Z [command]/usr/bin/git config --file /home/runner/work/_temp/git-credentials-0e643dac-0bef-491c-942b-ea8bf8a4fb2c.config http.https://github.com/.extraheader AUTHORIZATION: basic ***
2026-05-14T03:36:22.4241496Z [command]/usr/bin/git config --local includeIf.gitdir:/home/runner/work/prismTask/prismTask/.git.path /home/runner/work/_temp/git-credentials-0e643dac-0bef-491c-942b-ea8bf8a4fb2c.config
2026-05-14T03:36:22.4272156Z [command]/usr/bin/git config --local includeIf.gitdir:/home/runner/work/prismTask/prismTask/.git/worktrees/*.path /home/runner/work/_temp/git-credentials-0e643dac-0bef-491c-942b-ea8bf8a4fb2c.config
2026-05-14T03:36:22.4303108Z [command]/usr/bin/git config --local includeIf.gitdir:/github/workspace/.git.path /github/runner_temp/git-credentials-0e643dac-0bef-491c-942b-ea8bf8a4fb2c.config
2026-05-14T03:36:22.4333489Z [command]/usr/bin/git config --local includeIf.gitdir:/github/workspace/.git/worktrees/*.path /github/runner_temp/git-credentials-0e643dac-0bef-491c-942b-ea8bf8a4fb2c.config
2026-05-14T03:36:22.4360210Z ##[endgroup]
2026-05-14T03:36:22.4361011Z ##[group]Fetching the repository
2026-05-14T03:36:22.4368362Z [command]/usr/bin/git -c protocol.version=2 fetch --no-tags --prune --no-recurse-submodules --depth=1 origin +149ed1b6fa5a7be03ce21c8bcddfddfead37d061:refs/remotes/pull/1377/merge
2026-05-14T03:36:23.8467050Z From https://github.com/averycorp/prismTask
2026-05-14T03:36:23.8469213Z  * [new ref]         149ed1b6fa5a7be03ce21c8bcddfddfead37d061 -> pull/1377/merge
2026-05-14T03:36:23.8500465Z ##[endgroup]
2026-05-14T03:36:23.8501749Z ##[group]Determining the checkout info
2026-05-14T03:36:23.8503576Z ##[endgroup]
2026-05-14T03:36:23.8506678Z [command]/usr/bin/git sparse-checkout disable
2026-05-14T03:36:23.8545308Z [command]/usr/bin/git config --local --unset-all extensions.worktreeConfig
2026-05-14T03:36:23.8574961Z ##[group]Checking out the ref
2026-05-14T03:36:23.8578088Z [command]/usr/bin/git checkout --progress --force refs/remotes/pull/1377/merge
2026-05-14T03:36:24.1504914Z Note: switching to 'refs/remotes/pull/1377/merge'.
2026-05-14T03:36:24.1506131Z 
2026-05-14T03:36:24.1507152Z You are in 'detached HEAD' state. You can look around, make experimental
2026-05-14T03:36:24.1509404Z changes and commit them, and you can discard any commits you make in this
2026-05-14T03:36:24.1510773Z state without impacting any branches by switching back to a branch.
2026-05-14T03:36:24.1511549Z 
2026-05-14T03:36:24.1512089Z If you want to create a new branch to retain commits you create, you may
2026-05-14T03:36:24.1514166Z do so (now or later) by using -c with the switch command. Example:
2026-05-14T03:36:24.1515434Z 
2026-05-14T03:36:24.1516189Z   git switch -c <new-branch-name>
2026-05-14T03:36:24.1517273Z 
2026-05-14T03:36:24.1518236Z Or undo this operation with:
2026-05-14T03:36:24.1518924Z 
2026-05-14T03:36:24.1519244Z   git switch -
2026-05-14T03:36:24.1519626Z 
2026-05-14T03:36:24.1520319Z Turn off this advice by setting config variable advice.detachedHead to false
2026-05-14T03:36:24.1522345Z 
2026-05-14T03:36:24.1524400Z HEAD is now at 149ed1b Merge 22c61d98d70a8c32c1bdb20f96e143a6b1dd5bd8 into 5fc6ea37dc2e45b37b7c6f0b03da7b290dfda5fe
2026-05-14T03:36:24.1535402Z ##[endgroup]
2026-05-14T03:36:24.1586323Z [command]/usr/bin/git log -1 --format=%H
2026-05-14T03:36:24.1612590Z 149ed1b6fa5a7be03ce21c8bcddfddfead37d061
2026-05-14T03:36:24.1987566Z Prepare all required actions
2026-05-14T03:36:24.1989066Z Getting action download info
2026-05-14T03:36:24.3061542Z Download action repository 'actions/setup-node@v4' (SHA:49933ea5288caeca8642d1e84afbd3f7d6820020)
2026-05-14T03:36:24.8114313Z ##[group]Run ./.github/actions/setup-node-web
2026-05-14T03:36:24.8114676Z ##[endgroup]
2026-05-14T03:36:24.8251734Z ##[group]Run actions/setup-node@v4
2026-05-14T03:36:24.8252063Z with:
2026-05-14T03:36:24.8252327Z   node-version: 22
2026-05-14T03:36:24.8252563Z   cache: npm
2026-05-14T03:36:24.8252829Z   cache-dependency-path: web/package-lock.json
2026-05-14T03:36:24.8253158Z   always-auth: false
2026-05-14T03:36:24.8253392Z   check-latest: false
2026-05-14T03:36:24.8253775Z   token: ***
2026-05-14T03:36:24.8254004Z ##[endgroup]
2026-05-14T03:36:25.0137617Z Found in cache @ /opt/hostedtoolcache/node/22.22.2/x64
2026-05-14T03:36:25.0145226Z ##[group]Environment details
2026-05-14T03:36:28.7476691Z node: v22.22.2
2026-05-14T03:36:28.7477445Z npm: 10.9.7
2026-05-14T03:36:28.7478094Z yarn: 1.22.22
2026-05-14T03:36:28.7478985Z ##[endgroup]
2026-05-14T03:36:28.7503834Z [command]/opt/hostedtoolcache/node/22.22.2/x64/bin/npm config get cache
2026-05-14T03:36:28.9435751Z /home/runner/.npm
2026-05-14T03:36:29.0470004Z npm cache is not found
2026-05-14T03:36:29.0613100Z ##[group]Run npm ci
2026-05-14T03:36:29.0613380Z [36;1mnpm ci[0m
2026-05-14T03:36:29.0649854Z shell: /usr/bin/bash --noprofile --norc -e -o pipefail {0}
2026-05-14T03:36:29.0650231Z ##[endgroup]
2026-05-14T03:36:42.3532524Z 
2026-05-14T03:36:42.3544855Z added 435 packages, and audited 436 packages in 13s
2026-05-14T03:36:42.3545550Z 
2026-05-14T03:36:42.3546069Z 94 packages are looking for funding
2026-05-14T03:36:42.3546540Z   run `npm fund` for details
2026-05-14T03:36:42.3607546Z 
2026-05-14T03:36:42.3608493Z 3 vulnerabilities (2 moderate, 1 critical)
2026-05-14T03:36:42.3608856Z 
2026-05-14T03:36:42.3609071Z To address all issues, run:
2026-05-14T03:36:42.3609468Z   npm audit fix
2026-05-14T03:36:42.3609686Z 
2026-05-14T03:36:42.3609880Z Run `npm audit` for details.
2026-05-14T03:36:42.4225513Z ##[group]Run npm run build
2026-05-14T03:36:42.4225781Z [36;1mnpm run build[0m
2026-05-14T03:36:42.4249534Z shell: /usr/bin/bash -e {0}
2026-05-14T03:36:42.4249781Z ##[endgroup]
2026-05-14T03:36:42.5248930Z 
2026-05-14T03:36:42.5249329Z > web@1.6.0 build
2026-05-14T03:36:42.5249756Z > tsc -b && vite build
2026-05-14T03:36:42.5249984Z 
2026-05-14T03:36:53.0867069Z ##[error]src/api/firestore/ndPreferences.ts(164,34): error TS2352: Conversion of type 'NdPreferences' to type 'Record<string, unknown>' may be a mistake because neither type sufficiently overlaps with the other. If this was intentional, convert the expression to 'unknown' first.
2026-05-14T03:36:53.0876020Z   Index signature for type 'string' is missing in type 'NdPreferences'.
2026-05-14T03:36:53.0878876Z ##[error]src/api/firestore/ndPreferences.ts(169,8): error TS2352: Conversion of type 'NdPreferences' to type 'Record<string, unknown>' may be a mistake because neither type sufficiently overlaps with the other. If this was intentional, convert the expression to 'unknown' first.
2026-05-14T03:36:53.0880590Z   Index signature for type 'string' is missing in type 'NdPreferences'.
2026-05-14T03:36:53.0882795Z ##[error]src/api/firestore/ndPreferences.ts(175,8): error TS2352: Conversion of type 'NdPreferences' to type 'Record<string, unknown>' may be a mistake because neither type sufficiently overlaps with the other. If this was intentional, convert the expression to 'unknown' first.
2026-05-14T03:36:53.0884405Z   Index signature for type 'string' is missing in type 'NdPreferences'.
2026-05-14T03:36:53.0885928Z ##[error]src/features/chat/ChatScreen.tsx(16,34): error TS2305: Module '"@/types/chat"' has no exported member 'ChatUiMessage'.
2026-05-14T03:36:53.0888941Z ##[error]src/features/chat/ChatScreen.tsx(339,35): error TS7006: Parameter 'action' implicitly has an 'any' type.
2026-05-14T03:36:53.0919128Z ##[error]src/features/chat/ChatScreen.tsx(339,43): error TS7006: Parameter 'idx' implicitly has an 'any' type.
2026-05-14T03:36:53.0923098Z ##[error]src/features/chat/__tests__/chatActions.test.ts(21,5): error TS2322: Type 'Mock<Procedure | Constructable>' is not assignable to type '((cmd: string | null) => void) & Mock<Procedure | Constructable>'.
2026-05-14T03:36:53.0926318Z   Type 'MockInstance<Procedure | Constructable> & (new (...args: any[]) => any) & {}' is not assignable to type '((cmd: string | null) => void) & Mock<Procedure | Constructable>'.
2026-05-14T03:36:53.0929259Z     Type 'MockInstance<Procedure | Constructable> & (new (...args: any[]) => any) & {}' is not assignable to type '((cmd: string | null) => void) & MockInstance<Procedure | Constructable> & { (...args: any[]): any; new (...args: any[]): any; } & {}'.
2026-05-14T03:36:53.0931612Z       Type 'MockInstance<Procedure | Constructable> & (new (...args: any[]) => any) & {}' is not assignable to type '(cmd: string | null) => void'.
2026-05-14T03:36:53.0933416Z         Type 'MockInstance<Procedure | Constructable> & (new (...args: any[]) => any) & {}' provides no match for the signature '(cmd: string | null): void'.
2026-05-14T03:36:53.0936639Z ##[error]src/features/chat/__tests__/chatActions.test.ts(22,5): error TS2322: Type 'Mock<Procedure | Constructable>' is not assignable to type '((to: string) => void) & Mock<Procedure | Constructable>'.
2026-05-14T03:36:53.0940135Z   Type 'MockInstance<Procedure | Constructable> & (new (...args: any[]) => any) & {}' is not assignable to type '((to: string) => void) & Mock<Procedure | Constructable>'.
2026-05-14T03:36:53.0942637Z     Type 'MockInstance<Procedure | Constructable> & (new (...args: any[]) => any) & {}' is not assignable to type '((to: string) => void) & MockInstance<Procedure | Constructable> & { (...args: any[]): any; new (...args: any[]): any; } & {}'.
2026-05-14T03:36:53.0944872Z       Type 'MockInstance<Procedure | Constructable> & (new (...args: any[]) => any) & {}' is not assignable to type '(to: string) => void'.
2026-05-14T03:36:53.0946989Z         Type 'MockInstance<Procedure | Constructable> & (new (...args: any[]) => any) & {}' provides no match for the signature '(to: string): void'.
2026-05-14T03:36:53.7383416Z ##[error]Process completed with exit code 2.
2026-05-14T03:36:53.7448947Z Post job cleanup.
2026-05-14T03:36:53.7513426Z Post job cleanup.
2026-05-14T03:36:53.8342389Z [command]/usr/bin/git version
2026-05-14T03:36:53.8378330Z git version 2.53.0
2026-05-14T03:36:53.8421682Z Temporarily overriding HOME='/home/runner/work/_temp/9d6365ff-ebfb-4924-8588-17be42ba2d16' before making global git config changes
2026-05-14T03:36:53.8423246Z Adding repository directory to the temporary git global config as a safe directory
2026-05-14T03:36:53.8427985Z [command]/usr/bin/git config --global --add safe.directory /home/runner/work/prismTask/prismTask
2026-05-14T03:36:53.8458063Z Removing SSH command configuration
2026-05-14T03:36:53.8466006Z [command]/usr/bin/git config --local --name-only --get-regexp core\.sshCommand
2026-05-14T03:36:53.8500563Z [command]/usr/bin/git submodule foreach --recursive sh -c "git config --local --name-only --get-regexp 'core\.sshCommand' && git config --local --unset-all 'core.sshCommand' || :"
2026-05-14T03:36:53.8726498Z Removing HTTP extra header
2026-05-14T03:36:53.8733186Z [command]/usr/bin/git config --local --name-only --get-regexp http\.https\:\/\/github\.com\/\.extraheader
2026-05-14T03:36:53.8767202Z [command]/usr/bin/git submodule foreach --recursive sh -c "git config --local --name-only --get-regexp 'http\.https\:\/\/github\.com\/\.extraheader' && git config --local --unset-all 'http.https://github.com/.extraheader' || :"
2026-05-14T03:36:53.8985014Z Removing includeIf entries pointing to credentials config files
2026-05-14T03:36:53.8992023Z [command]/usr/bin/git config --local --name-only --get-regexp ^includeIf\.gitdir:
2026-05-14T03:36:53.9014579Z includeif.gitdir:/home/runner/work/prismTask/prismTask/.git.path
2026-05-14T03:36:53.9015600Z includeif.gitdir:/home/runner/work/prismTask/prismTask/.git/worktrees/*.path
2026-05-14T03:36:53.9016412Z includeif.gitdir:/github/workspace/.git.path
2026-05-14T03:36:53.9017094Z includeif.gitdir:/github/workspace/.git/worktrees/*.path
2026-05-14T03:36:53.9023581Z [command]/usr/bin/git config --local --get-all includeif.gitdir:/home/runner/work/prismTask/prismTask/.git.path
2026-05-14T03:36:53.9076355Z /home/runner/work/_temp/git-credentials-0e643dac-0bef-491c-942b-ea8bf8a4fb2c.config
2026-05-14T03:36:53.9086972Z [command]/usr/bin/git config --local --unset includeif.gitdir:/home/runner/work/prismTask/prismTask/.git.path /home/runner/work/_temp/git-credentials-0e643dac-0bef-491c-942b-ea8bf8a4fb2c.config
2026-05-14T03:36:53.9124678Z [command]/usr/bin/git config --local --get-all includeif.gitdir:/home/runner/work/prismTask/prismTask/.git/worktrees/*.path
2026-05-14T03:36:53.9145818Z /home/runner/work/_temp/git-credentials-0e643dac-0bef-491c-942b-ea8bf8a4fb2c.config
2026-05-14T03:36:53.9156207Z [command]/usr/bin/git config --local --unset includeif.gitdir:/home/runner/work/prismTask/prismTask/.git/worktrees/*.path /home/runner/work/_temp/git-credentials-0e643dac-0bef-491c-942b-ea8bf8a4fb2c.config
2026-05-14T03:36:53.9187106Z [command]/usr/bin/git config --local --get-all includeif.gitdir:/github/workspace/.git.path
2026-05-14T03:36:53.9208703Z /github/runner_temp/git-credentials-0e643dac-0bef-491c-942b-ea8bf8a4fb2c.config
2026-05-14T03:36:53.9216977Z [command]/usr/bin/git config --local --unset includeif.gitdir:/github/workspace/.git.path /github/runner_temp/git-credentials-0e643dac-0bef-491c-942b-ea8bf8a4fb2c.config
2026-05-14T03:36:53.9247565Z [command]/usr/bin/git config --local --get-all includeif.gitdir:/github/workspace/.git/worktrees/*.path
2026-05-14T03:36:53.9269774Z /github/runner_temp/git-credentials-0e643dac-0bef-491c-942b-ea8bf8a4fb2c.config
2026-05-14T03:36:53.9277878Z [command]/usr/bin/git config --local --unset includeif.gitdir:/github/workspace/.git/worktrees/*.path /github/runner_temp/git-credentials-0e643dac-0bef-491c-942b-ea8bf8a4fb2c.config
2026-05-14T03:36:53.9309179Z [command]/usr/bin/git submodule foreach --recursive git config --local --show-origin --name-only --get-regexp remote.origin.url
2026-05-14T03:36:53.9528135Z Removing credentials config '/home/runner/work/_temp/git-credentials-0e643dac-0bef-491c-942b-ea8bf8a4fb2c.config'
2026-05-14T03:36:53.9660877Z Cleaning up orphan processes
2026-05-14T03:36:53.9946222Z ##[warning]Node.js 20 actions are deprecated. The following actions are running on Node.js 20 and may not work as expected: actions/setup-node@v4. Actions will be forced to run with Node.js 24 by default starting June 2nd, 2026. Node.js 20 will be removed from the runner on September 16th, 2026. Please check if updated versions of these actions are available that support Node.js 24. To opt into Node.js 24 now, set the FORCE_JAVASCRIPT_ACTIONS_TO_NODE24=true environment variable on the runner or in your workflow file. Once Node.js 24 becomes the default, you can temporarily opt out by setting ACTIONS_ALLOW_USE_UNSECURE_NODE_VERSION=true. For more information see: https://github.blog/changelog/2025-09-19-deprecation-of-node-20-on-github-actions-runners/


--- Job: web-lint-and-test (id 75923643913) ---
2026-05-14T03:37:00.4360491Z Current runner version: '2.334.0'
2026-05-14T03:37:00.4383776Z ##[group]Runner Image Provisioner
2026-05-14T03:37:00.4384637Z Hosted Compute Agent
2026-05-14T03:37:00.4385172Z Version: 20260213.493
2026-05-14T03:37:00.4385809Z Commit: 5c115507f6dd24b8de37d8bbe0bb4509d0cc0fa3
2026-05-14T03:37:00.4386487Z Build Date: 2026-02-13T00:28:41Z
2026-05-14T03:37:00.4387227Z Worker ID: {62a8457e-7dbc-4cc6-a283-51abed588bd6}
2026-05-14T03:37:00.4387925Z Azure Region: centralus
2026-05-14T03:37:00.4388433Z ##[endgroup]
2026-05-14T03:37:00.4389888Z ##[group]Operating System
2026-05-14T03:37:00.4390996Z Ubuntu
2026-05-14T03:37:00.4391464Z 24.04.4
2026-05-14T03:37:00.4391982Z LTS
2026-05-14T03:37:00.4392468Z ##[endgroup]
2026-05-14T03:37:00.4392945Z ##[group]Runner Image
2026-05-14T03:37:00.4393537Z Image: ubuntu-24.04
2026-05-14T03:37:00.4394094Z Version: 20260413.86.1
2026-05-14T03:37:00.4395339Z Included Software: https://github.com/actions/runner-images/blob/ubuntu24/20260413.86/images/ubuntu/Ubuntu2404-Readme.md
2026-05-14T03:37:00.4396827Z Image Release: https://github.com/actions/runner-images/releases/tag/ubuntu24%2F20260413.86
2026-05-14T03:37:00.4397731Z ##[endgroup]
2026-05-14T03:37:00.4398964Z ##[group]GITHUB_TOKEN Permissions
2026-05-14T03:37:00.4401010Z Actions: read
2026-05-14T03:37:00.4401579Z Checks: read
2026-05-14T03:37:00.4402100Z Contents: write
2026-05-14T03:37:00.4402570Z Metadata: read
2026-05-14T03:37:00.4403095Z ##[endgroup]
2026-05-14T03:37:00.4405075Z Secret source: Actions
2026-05-14T03:37:00.4405772Z Prepare workflow directory
2026-05-14T03:37:00.4740238Z Prepare all required actions
2026-05-14T03:37:00.4830922Z Complete job name: web-lint-and-test
2026-05-14T03:37:00.5597377Z ##[group]Run if [ 'failure' != 'success' ]; then
2026-05-14T03:37:00.5598288Z [36;1mif [ 'failure' != 'success' ]; then[0m
2026-05-14T03:37:00.5599035Z [36;1m  echo "web-lint finished with failure" >&2[0m
2026-05-14T03:37:00.5599814Z [36;1m  exit 1[0m
2026-05-14T03:37:00.5600601Z [36;1mfi[0m
2026-05-14T03:37:00.5601145Z [36;1mif [ 'success' != 'success' ]; then[0m
2026-05-14T03:37:00.5601839Z [36;1m  echo "web-unit-tests finished with success" >&2[0m
2026-05-14T03:37:00.5602546Z [36;1m  exit 1[0m
2026-05-14T03:37:00.5602983Z [36;1mfi[0m
2026-05-14T03:37:00.5603490Z [36;1mif [ 'failure' != 'success' ]; then[0m
2026-05-14T03:37:00.5604192Z [36;1m  echo "web-build finished with failure" >&2[0m
2026-05-14T03:37:00.5604826Z [36;1m  exit 1[0m
2026-05-14T03:37:00.5605270Z [36;1mfi[0m
2026-05-14T03:37:00.5605910Z [36;1mecho "✓ Split web lint, unit-test shards, and build passed."[0m
2026-05-14T03:37:00.5932394Z shell: /usr/bin/bash -e {0}
2026-05-14T03:37:00.5933616Z ##[endgroup]
2026-05-14T03:37:00.6139632Z web-lint finished with failure
2026-05-14T03:37:00.6161446Z ##[error]Process completed with exit code 1.
2026-05-14T03:37:00.6277799Z Cleaning up orphan processes
