=== CI FAILURE ===
Workflow:      Web CI
Workflow file: averycorp/prismTask/.github/workflows/web-ci.yml@refs/pull/1612/merge
Job(s):        web-unit-tests (3, 3), web-lint-and-test
Run ID:        26012665595
Run attempt:   1
Run URL:       https://github.com/averycorp/prismTask/actions/runs/26012665595
Commit:        95d026c9248426e9c640043e0739c042dd579bcd
Branch:        1612/merge
Event:         pull_request
Actor:         akarlin3
Runner OS:     Linux
Timestamp:     2026-05-18T03:58:01.607Z

Failed steps:
  - web-unit-tests (3, 3): #5 Run Vitest shard 3/3
  - web-lint-and-test: #2 Verify split web checks

=== FAILED JOB LOG ===

--- Job: web-unit-tests (3, 3) (id 76456343858) ---
2026-05-18T03:56:56.8578636Z Current runner version: '2.334.0'
2026-05-18T03:56:56.8605368Z ##[group]Runner Image Provisioner
2026-05-18T03:56:56.8606323Z Hosted Compute Agent
2026-05-18T03:56:56.8606859Z Version: 20260213.493
2026-05-18T03:56:56.8607792Z Commit: 5c115507f6dd24b8de37d8bbe0bb4509d0cc0fa3
2026-05-18T03:56:56.8608440Z Build Date: 2026-02-13T00:28:41Z
2026-05-18T03:56:56.8609229Z Worker ID: {6ad5efe7-d7e2-4b89-b2da-5723b1b78d9f}
2026-05-18T03:56:56.8609895Z Azure Region: eastus
2026-05-18T03:56:56.8610439Z ##[endgroup]
2026-05-18T03:56:56.8612228Z ##[group]Operating System
2026-05-18T03:56:56.8612856Z Ubuntu
2026-05-18T03:56:56.8613306Z 24.04.4
2026-05-18T03:56:56.8613902Z LTS
2026-05-18T03:56:56.8614378Z ##[endgroup]
2026-05-18T03:56:56.8614853Z ##[group]Runner Image
2026-05-18T03:56:56.8615457Z Image: ubuntu-24.04
2026-05-18T03:56:56.8615947Z Version: 20260513.135.3
2026-05-18T03:56:56.8617598Z Included Software: https://github.com/actions/runner-images/blob/ubuntu24/20260513.135/images/ubuntu/Ubuntu2404-Readme.md
2026-05-18T03:56:56.8619117Z Image Release: https://github.com/actions/runner-images/releases/tag/ubuntu24%2F20260513.135
2026-05-18T03:56:56.8620016Z ##[endgroup]
2026-05-18T03:56:56.8621234Z ##[group]GITHUB_TOKEN Permissions
2026-05-18T03:56:56.8623481Z Actions: read
2026-05-18T03:56:56.8624136Z Checks: read
2026-05-18T03:56:56.8624626Z Contents: write
2026-05-18T03:56:56.8625160Z Metadata: read
2026-05-18T03:56:56.8625716Z ##[endgroup]
2026-05-18T03:56:56.8628333Z Secret source: Actions
2026-05-18T03:56:56.8629318Z Prepare workflow directory
2026-05-18T03:56:56.9040678Z Prepare all required actions
2026-05-18T03:56:56.9079584Z Getting action download info
2026-05-18T03:56:57.1708246Z Download action repository 'actions/checkout@v6' (SHA:de0fac2e4500dabe0009e67214ff5f5447ce83dd)
2026-05-18T03:56:57.4312071Z Complete job name: web-unit-tests (3, 3)
2026-05-18T03:56:57.4980317Z ##[group]Run actions/checkout@v6
2026-05-18T03:56:57.4981093Z with:
2026-05-18T03:56:57.4981504Z   repository: averycorp/prismTask
2026-05-18T03:56:57.4982276Z   token: ***
2026-05-18T03:56:57.4982697Z   ssh-strict: true
2026-05-18T03:56:57.4983085Z   ssh-user: git
2026-05-18T03:56:57.4983482Z   persist-credentials: true
2026-05-18T03:56:57.4983915Z   clean: true
2026-05-18T03:56:57.4984310Z   sparse-checkout-cone-mode: true
2026-05-18T03:56:57.4984779Z   fetch-depth: 1
2026-05-18T03:56:57.4985151Z   fetch-tags: false
2026-05-18T03:56:57.4985538Z   show-progress: true
2026-05-18T03:56:57.4985923Z   lfs: false
2026-05-18T03:56:57.4986286Z   submodules: false
2026-05-18T03:56:57.4986675Z   set-safe-directory: true
2026-05-18T03:56:57.4987472Z ##[endgroup]
2026-05-18T03:56:57.6018527Z Syncing repository: averycorp/prismTask
2026-05-18T03:56:57.6020447Z ##[group]Getting Git version info
2026-05-18T03:56:57.6021109Z Working directory is '/home/runner/work/prismTask/prismTask'
2026-05-18T03:56:57.6022206Z [command]/usr/bin/git version
2026-05-18T03:56:57.6060083Z git version 2.54.0
2026-05-18T03:56:57.6116557Z ##[endgroup]
2026-05-18T03:56:57.6132718Z Temporarily overriding HOME='/home/runner/work/_temp/1dff7ad2-c695-4f37-b483-290074137fbf' before making global git config changes
2026-05-18T03:56:57.6134466Z Adding repository directory to the temporary git global config as a safe directory
2026-05-18T03:56:57.6138274Z [command]/usr/bin/git config --global --add safe.directory /home/runner/work/prismTask/prismTask
2026-05-18T03:56:57.6192312Z Deleting the contents of '/home/runner/work/prismTask/prismTask'
2026-05-18T03:56:57.6197081Z ##[group]Initializing the repository
2026-05-18T03:56:57.6202632Z [command]/usr/bin/git init /home/runner/work/prismTask/prismTask
2026-05-18T03:56:57.6283970Z hint: Using 'master' as the name for the initial branch. This default branch name
2026-05-18T03:56:57.6285432Z hint: will change to "main" in Git 3.0. To configure the initial branch name
2026-05-18T03:56:57.6286823Z hint: to use in all of your new repositories, which will suppress this warning,
2026-05-18T03:56:57.6288090Z hint: call:
2026-05-18T03:56:57.6288608Z hint:
2026-05-18T03:56:57.6289395Z hint: 	git config --global init.defaultBranch <name>
2026-05-18T03:56:57.6289957Z hint:
2026-05-18T03:56:57.6290497Z hint: Names commonly chosen instead of 'master' are 'main', 'trunk' and
2026-05-18T03:56:57.6291368Z hint: 'development'. The just-created branch can be renamed via this command:
2026-05-18T03:56:57.6292036Z hint:
2026-05-18T03:56:57.6292399Z hint: 	git branch -m <name>
2026-05-18T03:56:57.6292822Z hint:
2026-05-18T03:56:57.6293382Z hint: Disable this message with "git config set advice.defaultBranchName false"
2026-05-18T03:56:57.6294875Z Initialized empty Git repository in /home/runner/work/prismTask/prismTask/.git/
2026-05-18T03:56:57.6300423Z [command]/usr/bin/git remote add origin https://github.com/averycorp/prismTask
2026-05-18T03:56:57.6343180Z ##[endgroup]
2026-05-18T03:56:57.6343943Z ##[group]Disabling automatic garbage collection
2026-05-18T03:56:57.6347660Z [command]/usr/bin/git config --local gc.auto 0
2026-05-18T03:56:57.6381378Z ##[endgroup]
2026-05-18T03:56:57.6382397Z ##[group]Setting up auth
2026-05-18T03:56:57.6383138Z Removing SSH command configuration
2026-05-18T03:56:57.6388718Z [command]/usr/bin/git config --local --name-only --get-regexp core\.sshCommand
2026-05-18T03:56:57.6429088Z [command]/usr/bin/git submodule foreach --recursive sh -c "git config --local --name-only --get-regexp 'core\.sshCommand' && git config --local --unset-all 'core.sshCommand' || :"
2026-05-18T03:56:57.6747648Z Removing HTTP extra header
2026-05-18T03:56:57.6754101Z [command]/usr/bin/git config --local --name-only --get-regexp http\.https\:\/\/github\.com\/\.extraheader
2026-05-18T03:56:57.6792631Z [command]/usr/bin/git submodule foreach --recursive sh -c "git config --local --name-only --get-regexp 'http\.https\:\/\/github\.com\/\.extraheader' && git config --local --unset-all 'http.https://github.com/.extraheader' || :"
2026-05-18T03:56:57.7031393Z Removing includeIf entries pointing to credentials config files
2026-05-18T03:56:57.7037960Z [command]/usr/bin/git config --local --name-only --get-regexp ^includeIf\.gitdir:
2026-05-18T03:56:57.7074858Z [command]/usr/bin/git submodule foreach --recursive git config --local --show-origin --name-only --get-regexp remote.origin.url
2026-05-18T03:56:57.7331276Z [command]/usr/bin/git config --file /home/runner/work/_temp/git-credentials-8d4512ae-5867-4857-8b3b-5ed70b000f80.config http.https://github.com/.extraheader AUTHORIZATION: basic ***
2026-05-18T03:56:57.7409799Z [command]/usr/bin/git config --local includeIf.gitdir:/home/runner/work/prismTask/prismTask/.git.path /home/runner/work/_temp/git-credentials-8d4512ae-5867-4857-8b3b-5ed70b000f80.config
2026-05-18T03:56:57.7455243Z [command]/usr/bin/git config --local includeIf.gitdir:/home/runner/work/prismTask/prismTask/.git/worktrees/*.path /home/runner/work/_temp/git-credentials-8d4512ae-5867-4857-8b3b-5ed70b000f80.config
2026-05-18T03:56:57.7503784Z [command]/usr/bin/git config --local includeIf.gitdir:/github/workspace/.git.path /github/runner_temp/git-credentials-8d4512ae-5867-4857-8b3b-5ed70b000f80.config
2026-05-18T03:56:57.7547735Z [command]/usr/bin/git config --local includeIf.gitdir:/github/workspace/.git/worktrees/*.path /github/runner_temp/git-credentials-8d4512ae-5867-4857-8b3b-5ed70b000f80.config
2026-05-18T03:56:57.7598627Z ##[endgroup]
2026-05-18T03:56:57.7599496Z ##[group]Fetching the repository
2026-05-18T03:56:57.7609901Z [command]/usr/bin/git -c protocol.version=2 fetch --no-tags --prune --no-recurse-submodules --depth=1 origin +95d026c9248426e9c640043e0739c042dd579bcd:refs/remotes/pull/1612/merge
2026-05-18T03:56:59.6545772Z From https://github.com/averycorp/prismTask
2026-05-18T03:56:59.6548221Z  * [new ref]         95d026c9248426e9c640043e0739c042dd579bcd -> pull/1612/merge
2026-05-18T03:56:59.6584767Z ##[endgroup]
2026-05-18T03:56:59.6586468Z ##[group]Determining the checkout info
2026-05-18T03:56:59.6588435Z ##[endgroup]
2026-05-18T03:56:59.6593132Z [command]/usr/bin/git sparse-checkout disable
2026-05-18T03:56:59.6644170Z [command]/usr/bin/git config --local --unset-all extensions.worktreeConfig
2026-05-18T03:56:59.6679665Z ##[group]Checking out the ref
2026-05-18T03:56:59.6683869Z [command]/usr/bin/git checkout --progress --force refs/remotes/pull/1612/merge
2026-05-18T03:56:59.9815726Z Note: switching to 'refs/remotes/pull/1612/merge'.
2026-05-18T03:56:59.9816306Z 
2026-05-18T03:56:59.9816692Z You are in 'detached HEAD' state. You can look around, make experimental
2026-05-18T03:56:59.9817788Z changes and commit them, and you can discard any commits you make in this
2026-05-18T03:56:59.9818599Z state without impacting any branches by switching back to a branch.
2026-05-18T03:56:59.9818987Z 
2026-05-18T03:56:59.9819265Z If you want to create a new branch to retain commits you create, you may
2026-05-18T03:56:59.9819768Z do so (now or later) by using -c with the switch command. Example:
2026-05-18T03:56:59.9820104Z 
2026-05-18T03:56:59.9820239Z   git switch -c <new-branch-name>
2026-05-18T03:56:59.9820459Z 
2026-05-18T03:56:59.9820579Z Or undo this operation with:
2026-05-18T03:56:59.9820810Z 
2026-05-18T03:56:59.9820920Z   git switch -
2026-05-18T03:56:59.9821091Z 
2026-05-18T03:56:59.9821330Z Turn off this advice by setting config variable advice.detachedHead to false
2026-05-18T03:56:59.9821667Z 
2026-05-18T03:56:59.9822034Z HEAD is now at 95d026c Merge f2460c21df0bc7688b9cdc1ed3cb729b8cddb68c into 3f2f1d0ac503fd76d1e0d0fd76f8013380b08a65
2026-05-18T03:56:59.9840232Z ##[endgroup]
2026-05-18T03:56:59.9886686Z [command]/usr/bin/git log -1 --format=%H
2026-05-18T03:56:59.9913197Z 95d026c9248426e9c640043e0739c042dd579bcd
2026-05-18T03:57:00.0216493Z Prepare all required actions
2026-05-18T03:57:00.0217015Z Getting action download info
2026-05-18T03:57:00.1348207Z Download action repository 'actions/setup-node@v4' (SHA:49933ea5288caeca8642d1e84afbd3f7d6820020)
2026-05-18T03:57:00.2399406Z ##[group]Run ./.github/actions/setup-node-web
2026-05-18T03:57:00.2399741Z ##[endgroup]
2026-05-18T03:57:00.2531816Z ##[group]Run actions/setup-node@v4
2026-05-18T03:57:00.2532137Z with:
2026-05-18T03:57:00.2532384Z   node-version: 22
2026-05-18T03:57:00.2532584Z   cache: npm
2026-05-18T03:57:00.2532818Z   cache-dependency-path: web/package-lock.json
2026-05-18T03:57:00.2533111Z   always-auth: false
2026-05-18T03:57:00.2533309Z   check-latest: false
2026-05-18T03:57:00.2533654Z   token: ***
2026-05-18T03:57:00.2533845Z ##[endgroup]
2026-05-18T03:57:00.4482912Z Found in cache @ /opt/hostedtoolcache/node/22.22.2/x64
2026-05-18T03:57:00.4490462Z ##[group]Environment details
2026-05-18T03:57:03.2952599Z node: v22.22.2
2026-05-18T03:57:03.2953686Z npm: 10.9.7
2026-05-18T03:57:03.2954588Z yarn: 1.22.22
2026-05-18T03:57:03.2956005Z ##[endgroup]
2026-05-18T03:57:03.3003181Z [command]/opt/hostedtoolcache/node/22.22.2/x64/bin/npm config get cache
2026-05-18T03:57:03.5820804Z /home/runner/.npm
2026-05-18T03:57:03.6766687Z npm cache is not found
2026-05-18T03:57:03.6935548Z ##[group]Run npm ci
2026-05-18T03:57:03.6935893Z [36;1mnpm ci[0m
2026-05-18T03:57:03.7024943Z shell: /usr/bin/bash --noprofile --norc -e -o pipefail {0}
2026-05-18T03:57:03.7025340Z ##[endgroup]
2026-05-18T03:57:15.5130646Z 
2026-05-18T03:57:15.5136847Z added 435 packages, and audited 436 packages in 12s
2026-05-18T03:57:15.5137212Z 
2026-05-18T03:57:15.5137828Z 94 packages are looking for funding
2026-05-18T03:57:15.5138143Z   run `npm fund` for details
2026-05-18T03:57:15.5222205Z 
2026-05-18T03:57:15.5223184Z 3 vulnerabilities (2 moderate, 1 critical)
2026-05-18T03:57:15.5223956Z 
2026-05-18T03:57:15.5224375Z To address all issues, run:
2026-05-18T03:57:15.5225119Z   npm audit fix
2026-05-18T03:57:15.5225590Z 
2026-05-18T03:57:15.5226101Z Run `npm audit` for details.
2026-05-18T03:57:15.5961411Z ##[group]Run npm run test:run -- --shard=3/3
2026-05-18T03:57:15.5961801Z [36;1mnpm run test:run -- --shard=3/3[0m
2026-05-18T03:57:15.5999906Z shell: /usr/bin/bash -e {0}
2026-05-18T03:57:15.6000164Z ##[endgroup]
2026-05-18T03:57:15.7394675Z 
2026-05-18T03:57:15.7395295Z > web@2.0.0 test:run
2026-05-18T03:57:15.7395896Z > vitest run --pool=threads --shard=3/3
2026-05-18T03:57:15.7396716Z 
2026-05-18T03:57:16.1573728Z 
2026-05-18T03:57:16.1577859Z [1m[30m[46m RUN [49m[39m[22m [36mv4.1.5 [39m[90m/home/runner/work/prismTask/prismTask/web[39m
2026-05-18T03:57:16.1578507Z 
2026-05-18T03:57:17.8610068Z  [32m✓[39m src/utils/__tests__/nlp.test.ts [2m([22m[2m67 tests[22m[2m)[22m[32m 46[2mms[22m[39m
2026-05-18T03:57:18.0063470Z  [32m✓[39m src/stores/__tests__/configFamilyStores.test.ts [2m([22m[2m18 tests[22m[2m)[22m[32m 17[2mms[22m[39m
2026-05-18T03:57:19.4389914Z  [32m✓[39m src/utils/__tests__/projectBurndown.test.ts [2m([22m[2m10 tests[22m[2m)[22m[32m 11[2mms[22m[39m
2026-05-18T03:57:19.4621431Z  [32m✓[39m src/utils/__tests__/streaks.test.ts [2m([22m[2m36 tests[22m[2m)[22m[32m 115[2mms[22m[39m
2026-05-18T03:57:21.0090176Z  [32m✓[39m src/utils/__tests__/recurrence.test.ts [2m([22m[2m42 tests[22m[2m)[22m[32m 110[2mms[22m[39m
2026-05-18T03:57:21.1217240Z  [32m✓[39m src/stores/__tests__/dashboardStore.test.ts [2m([22m[2m10 tests[22m[2m)[22m[32m 11[2mms[22m[39m
2026-05-18T03:57:21.7926045Z  [32m✓[39m src/features/today/__tests__/RestDayBanner.test.tsx [2m([22m[2m7 tests[22m[2m)[22m[33m 536[2mms[22m[39m
2026-05-18T03:57:22.3809925Z  [32m✓[39m src/lib/firestore/__tests__/safeMergeDoc.test.ts [2m([22m[2m9 tests[22m[2m)[22m[32m 15[2mms[22m[39m
2026-05-18T03:57:22.4316968Z  [32m✓[39m src/utils/__tests__/builtInHabitReconciler.test.ts [2m([22m[2m16 tests[22m[2m)[22m[32m 12[2mms[22m[39m
2026-05-18T03:57:23.2278911Z  [32m✓[39m src/lib/__tests__/builtInHabitReconciler.test.ts [2m([22m[2m13 tests[22m[2m)[22m[32m 25[2mms[22m[39m
2026-05-18T03:57:23.6792942Z  [32m✓[39m src/features/batch/__tests__/batchApplier.medication.test.ts [2m([22m[2m8 tests[22m[2m)[22m[32m 14[2mms[22m[39m
2026-05-18T03:57:24.5895093Z  [32m✓[39m src/api/__tests__/leisure.test.ts [2m([22m[2m13 tests[22m[2m)[22m[32m 17[2mms[22m[39m
2026-05-18T03:57:25.0912427Z  [32m✓[39m src/api/firestore/__tests__/medicationSlots.test.ts [2m([22m[2m14 tests[22m[2m)[22m[32m 37[2mms[22m[39m
2026-05-18T03:57:25.2765660Z  [32m✓[39m src/stores/__tests__/habitStore.startOfDayHour.test.ts [2m([22m[2m3 tests[22m[2m)[22m[32m 10[2mms[22m[39m
2026-05-18T03:57:25.9160004Z  [32m✓[39m src/lib/__tests__/boundaryRuleParser.test.ts [2m([22m[2m22 tests[22m[2m)[22m[32m 16[2mms[22m[39m
2026-05-18T03:57:26.6589147Z  [32m✓[39m src/stores/__tests__/authStore.test.ts [2m([22m[2m5 tests[22m[2m)[22m[32m 12[2mms[22m[39m
2026-05-18T03:57:27.3489168Z  [32m✓[39m src/api/__tests__/aiFeatureGate.test.ts [2m([22m[2m16 tests[22m[2m)[22m[32m 27[2mms[22m[39m
2026-05-18T03:57:27.9453180Z  [32m✓[39m src/stores/__tests__/assignmentStore.test.ts [2m([22m[2m9 tests[22m[2m)[22m[32m 14[2mms[22m[39m
2026-05-18T03:57:27.9668544Z  [32m✓[39m src/utils/__tests__/urgency.test.ts [2m([22m[2m12 tests[22m[2m)[22m[32m 24[2mms[22m[39m
2026-05-18T03:57:29.0350683Z  [32m✓[39m src/components/__tests__/BuiltInUpdateBanner.test.tsx [2m([22m[2m10 tests[22m[2m)[22m[33m 333[2mms[22m[39m
2026-05-18T03:57:29.2695184Z  [32m✓[39m src/features/weeklyreview/__tests__/weeklyReviewContent.test.ts [2m([22m[2m14 tests[22m[2m)[22m[32m 19[2mms[22m[39m
2026-05-18T03:57:29.3899822Z  [32m✓[39m src/utils/__tests__/multiCreateDetector.test.ts [2m([22m[2m14 tests[22m[2m)[22m[32m 11[2mms[22m[39m
2026-05-18T03:57:30.5019690Z  [32m✓[39m src/hooks/__tests__/useNdFeatureGate.test.ts [2m([22m[2m18 tests[22m[2m)[22m[32m 8[2mms[22m[39m
2026-05-18T03:57:31.9488757Z  [32m✓[39m src/utils/__tests__/dates.test.ts [2m([22m[2m28 tests[22m[2m)[22m[32m 41[2mms[22m[39m
2026-05-18T03:57:32.0377796Z  [32m✓[39m src/utils/__tests__/streaks.advancedTuning.test.ts [2m([22m[2m3 tests[22m[2m)[22m[32m 23[2mms[22m[39m
2026-05-18T03:57:33.0939244Z  [32m✓[39m src/features/tasks/__tests__/selectUnmetBlockerIds.test.ts [2m([22m[2m10 tests[22m[2m)[22m[32m 6[2mms[22m[39m
2026-05-18T03:57:34.3971982Z  [32m✓[39m src/api/firestore/__tests__/projectPhases.test.ts [2m([22m[2m5 tests[22m[2m)[22m[32m 8[2mms[22m[39m
2026-05-18T03:57:34.4843027Z  [32m✓[39m src/components/__tests__/HabitLogDialog.test.tsx [2m([22m[2m5 tests[22m[2m)[22m[33m 759[2mms[22m[39m
2026-05-18T03:57:35.5969634Z  [32m✓[39m src/features/today/__tests__/HabitsSection.test.tsx [2m([22m[2m3 tests[22m[2m)[22m[32m 222[2mms[22m[39m
2026-05-18T03:57:35.8269668Z  [32m✓[39m src/api/__tests__/aiChat.test.ts [2m([22m[2m6 tests[22m[2m)[22m[32m 8[2mms[22m[39m
2026-05-18T03:57:35.8813187Z  [32m✓[39m src/features/medication/__tests__/refillCalculator.test.ts [2m([22m[2m10 tests[22m[2m)[22m[32m 7[2mms[22m[39m
2026-05-18T03:57:36.9003084Z  [32m✓[39m src/api/firestore/__tests__/projectRisks.test.ts [2m([22m[2m7 tests[22m[2m)[22m[32m 9[2mms[22m[39m
2026-05-18T03:57:37.1742358Z  [32m✓[39m src/api/firestore/__tests__/a11yPreferences.test.ts [2m([22m[2m7 tests[22m[2m)[22m[32m 18[2mms[22m[39m
2026-05-18T03:57:37.2206139Z  [32m✓[39m src/api/firestore/__tests__/medicationSlots.lww.test.ts [2m([22m[2m4 tests[22m[2m)[22m[32m 10[2mms[22m[39m
2026-05-18T03:57:38.3907219Z  [32m✓[39m src/features/today/__tests__/BurnoutBadgeSection.test.ts [2m([22m[2m4 tests[22m[2m)[22m[32m 7[2mms[22m[39m
2026-05-18T03:57:39.3936805Z  [32m✓[39m src/components/__tests__/TaskConfirmModal.test.tsx [2m([22m[2m5 tests[22m[2m)[22m[33m 692[2mms[22m[39m
2026-05-18T03:57:39.7389199Z  [32m✓[39m src/lib/idb/__tests__/database.test.ts [2m([22m[2m5 tests[22m[2m)[22m[32m 23[2mms[22m[39m
2026-05-18T03:57:40.7955979Z  [32m✓[39m src/features/weeklyreview/__tests__/WeeklyReviewsListScreen.test.tsx [2m([22m[2m3 tests[22m[2m)[22m[33m 322[2mms[22m[39m
2026-05-18T03:57:41.1856664Z  [32m✓[39m src/stores/__tests__/medicationSlotsStore.test.ts [2m([22m[2m4 tests[22m[2m)[22m[32m 7[2mms[22m[39m
2026-05-18T03:57:42.5136779Z  [31m❯[39m src/components/__tests__/ContributionGrid.test.tsx [2m([22m[2m5 tests[22m[2m | [22m[31m2 failed[39m[2m)[22m[32m 267[2mms[22m[39m
2026-05-18T03:57:42.5150827Z      [32m✓[39m renders the configured title[32m 85[2mms[22m[39m
2026-05-18T03:57:42.5152336Z [31m     [31m×[31m renders 12 weeks of cells by default (7 rows × 12 columns)[39m[32m 39[2mms[22m[39m
2026-05-18T03:57:42.5153932Z      [32m✓[39m buckets recent completions into the grid by date[32m 66[2mms[22m[39m
2026-05-18T03:57:42.5155210Z      [32m✓[39m clamps cells with no completions to count = 0[32m 61[2mms[22m[39m
2026-05-18T03:57:42.5156310Z [31m     [31m×[31m respects a custom weeks count[39m[32m 14[2mms[22m[39m
2026-05-18T03:57:42.5307041Z  [32m✓[39m src/theme/__tests__/PrismThemeProvider.test.tsx [2m([22m[2m3 tests[22m[2m)[22m[32m 117[2mms[22m[39m
2026-05-18T03:57:42.6820791Z  [32m✓[39m src/stores/__tests__/medicationRefillsStore.test.ts [2m([22m[2m3 tests[22m[2m)[22m[32m 9[2mms[22m[39m
2026-05-18T03:57:43.9091838Z  [32m✓[39m src/api/__tests__/pomodoroCoaching.test.ts [2m([22m[2m3 tests[22m[2m)[22m[32m 9[2mms[22m[39m
2026-05-18T03:57:43.9507666Z  [32m✓[39m src/utils/__tests__/goodEnoughTimer.test.ts [2m([22m[2m7 tests[22m[2m)[22m[32m 5[2mms[22m[39m
2026-05-18T03:57:45.1929785Z  [32m✓[39m src/utils/__tests__/export.test.ts [2m([22m[2m8 tests[22m[2m)[22m[33m 1322[2mms[22m[39m
2026-05-18T03:57:45.1930605Z        [33m[2m✓[22m[39m can construct a valid export object [33m 1313[2mms[22m[39m
2026-05-18T03:57:45.1981393Z 
2026-05-18T03:57:45.1993590Z [31m⎯⎯⎯⎯⎯⎯⎯[39m[1m[41m Failed Tests 2 [49m[22m[31m⎯⎯⎯⎯⎯⎯⎯[39m
2026-05-18T03:57:45.1994238Z 
2026-05-18T03:57:45.1995597Z [41m[1m FAIL [22m[49m src/components/__tests__/ContributionGrid.test.tsx[2m > [22mContributionGrid[2m > [22mrenders 12 weeks of cells by default (7 rows × 12 columns)
2026-05-18T03:57:45.1997084Z [31m[1mAssertionError[22m: expected 78 to be greater than or equal to 79[39m
2026-05-18T03:57:45.1998612Z [36m [2m❯[22m src/components/__tests__/ContributionGrid.test.tsx:[2m36:26[22m[39m
2026-05-18T03:57:45.2030362Z     [90m 34|[39m     [90m// count is ≤ 84 and ≥ 79 (12 weeks − up to 5 future days).[39m
2026-05-18T03:57:45.2031865Z     [90m 35|[39m     [34mexpect[39m(cells[33m.[39mlength)[33m.[39m[34mtoBeLessThanOrEqual[39m([34m84[39m)[33m;[39m
2026-05-18T03:57:45.2033256Z     [90m 36|[39m     [34mexpect[39m(cells[33m.[39mlength)[33m.[39m[34mtoBeGreaterThanOrEqual[39m([34m79[39m)[33m;[39m
2026-05-18T03:57:45.2034228Z     [90m   |[39m                          [31m^[39m
2026-05-18T03:57:45.2034796Z     [90m 37|[39m   })[33m;[39m
2026-05-18T03:57:45.2035180Z     [90m 38|[39m
2026-05-18T03:57:45.2035393Z 
2026-05-18T03:57:45.2035750Z [31m[2m⎯⎯⎯⎯⎯⎯⎯⎯⎯⎯⎯⎯⎯⎯⎯⎯⎯⎯⎯⎯⎯⎯⎯⎯[1/2]⎯[22m[39m
2026-05-18T03:57:45.2036045Z 
2026-05-18T03:57:45.2037094Z [41m[1m FAIL [22m[49m src/components/__tests__/ContributionGrid.test.tsx[2m > [22mContributionGrid[2m > [22mrespects a custom weeks count
2026-05-18T03:57:45.2038601Z [31m[1mAssertionError[22m: expected 22 to be greater than or equal to 23[39m
2026-05-18T03:57:45.2039640Z [36m [2m❯[22m src/components/__tests__/ContributionGrid.test.tsx:[2m81:26[22m[39m
2026-05-18T03:57:45.2040585Z     [90m 79|[39m     // 4 weeks = at most 28 days, at least 23 (4 × 7 minus future spac…
2026-05-18T03:57:45.2041688Z     [90m 80|[39m     [34mexpect[39m(cells[33m.[39mlength)[33m.[39m[34mtoBeLessThanOrEqual[39m([34m28[39m)[33m;[39m
2026-05-18T03:57:45.2043003Z     [90m 81|[39m     [34mexpect[39m(cells[33m.[39mlength)[33m.[39m[34mtoBeGreaterThanOrEqual[39m([34m23[39m)[33m;[39m
2026-05-18T03:57:45.2044396Z     [90m   |[39m                          [31m^[39m
2026-05-18T03:57:45.2044889Z     [90m 82|[39m   })[33m;[39m
2026-05-18T03:57:45.2045311Z     [90m 83|[39m })[33m;[39m
2026-05-18T03:57:45.2045507Z 
2026-05-18T03:57:45.2045879Z [31m[2m⎯⎯⎯⎯⎯⎯⎯⎯⎯⎯⎯⎯⎯⎯⎯⎯⎯⎯⎯⎯⎯⎯⎯⎯[2/2]⎯[22m[39m
2026-05-18T03:57:45.2046172Z 
2026-05-18T03:57:45.2048485Z 
2026-05-18T03:57:45.2055310Z [2m Test Files [22m [1m[31m1 failed[39m[22m[2m | [22m[1m[32m44 passed[39m[22m[90m (45)[39m
2026-05-18T03:57:45.2059894Z [2m      Tests [22m [1m[31m2 failed[39m[22m[2m | [22m[1m[32m522 passed[39m[22m[90m (524)[39m
2026-05-18T03:57:45.2060948Z [2m   Start at [22m 03:57:16
2026-05-18T03:57:45.2062425Z [2m   Duration [22m 29.02s[2m (transform 1.40s, setup 5.34s, import 20.12s, tests 5.33s, environment 44.63s)[22m
2026-05-18T03:57:45.2064593Z 
2026-05-18T03:57:45.2091538Z 
2026-05-18T03:57:45.2115294Z ##[error]AssertionError: expected 78 to be greater than or equal to 79
 ❯ src/components/__tests__/ContributionGrid.test.tsx:36:26


2026-05-18T03:57:45.2123051Z 
2026-05-18T03:57:45.2125120Z ##[error]AssertionError: expected 22 to be greater than or equal to 23
 ❯ src/components/__tests__/ContributionGrid.test.tsx:81:26


2026-05-18T03:57:45.2758892Z ##[error]Process completed with exit code 1.
2026-05-18T03:57:45.2840748Z Post job cleanup.
2026-05-18T03:57:45.2927099Z Post job cleanup.
2026-05-18T03:57:45.3834680Z [command]/usr/bin/git version
2026-05-18T03:57:45.3875304Z git version 2.54.0
2026-05-18T03:57:45.3916417Z Temporarily overriding HOME='/home/runner/work/_temp/2e3b8b5c-a3b1-47de-be7a-093637fc0d60' before making global git config changes
2026-05-18T03:57:45.3918049Z Adding repository directory to the temporary git global config as a safe directory
2026-05-18T03:57:45.3923051Z [command]/usr/bin/git config --global --add safe.directory /home/runner/work/prismTask/prismTask
2026-05-18T03:57:45.3962096Z Removing SSH command configuration
2026-05-18T03:57:45.3969921Z [command]/usr/bin/git config --local --name-only --get-regexp core\.sshCommand
2026-05-18T03:57:45.4011695Z [command]/usr/bin/git submodule foreach --recursive sh -c "git config --local --name-only --get-regexp 'core\.sshCommand' && git config --local --unset-all 'core.sshCommand' || :"
2026-05-18T03:57:45.4298686Z Removing HTTP extra header
2026-05-18T03:57:45.4305124Z [command]/usr/bin/git config --local --name-only --get-regexp http\.https\:\/\/github\.com\/\.extraheader
2026-05-18T03:57:45.4352432Z [command]/usr/bin/git submodule foreach --recursive sh -c "git config --local --name-only --get-regexp 'http\.https\:\/\/github\.com\/\.extraheader' && git config --local --unset-all 'http.https://github.com/.extraheader' || :"
2026-05-18T03:57:45.4640479Z Removing includeIf entries pointing to credentials config files
2026-05-18T03:57:45.4650220Z [command]/usr/bin/git config --local --name-only --get-regexp ^includeIf\.gitdir:
2026-05-18T03:57:45.4685428Z includeif.gitdir:/home/runner/work/prismTask/prismTask/.git.path
2026-05-18T03:57:45.4686152Z includeif.gitdir:/home/runner/work/prismTask/prismTask/.git/worktrees/*.path
2026-05-18T03:57:45.4686670Z includeif.gitdir:/github/workspace/.git.path
2026-05-18T03:57:45.4687073Z includeif.gitdir:/github/workspace/.git/worktrees/*.path
2026-05-18T03:57:45.4698116Z [command]/usr/bin/git config --local --get-all includeif.gitdir:/home/runner/work/prismTask/prismTask/.git.path
2026-05-18T03:57:45.4726199Z /home/runner/work/_temp/git-credentials-8d4512ae-5867-4857-8b3b-5ed70b000f80.config
2026-05-18T03:57:45.4742684Z [command]/usr/bin/git config --local --unset includeif.gitdir:/home/runner/work/prismTask/prismTask/.git.path /home/runner/work/_temp/git-credentials-8d4512ae-5867-4857-8b3b-5ed70b000f80.config
2026-05-18T03:57:45.4791996Z [command]/usr/bin/git config --local --get-all includeif.gitdir:/home/runner/work/prismTask/prismTask/.git/worktrees/*.path
2026-05-18T03:57:45.4821739Z /home/runner/work/_temp/git-credentials-8d4512ae-5867-4857-8b3b-5ed70b000f80.config
2026-05-18T03:57:45.4832736Z [command]/usr/bin/git config --local --unset includeif.gitdir:/home/runner/work/prismTask/prismTask/.git/worktrees/*.path /home/runner/work/_temp/git-credentials-8d4512ae-5867-4857-8b3b-5ed70b000f80.config
2026-05-18T03:57:45.4872790Z [command]/usr/bin/git config --local --get-all includeif.gitdir:/github/workspace/.git.path
2026-05-18T03:57:45.4899630Z /github/runner_temp/git-credentials-8d4512ae-5867-4857-8b3b-5ed70b000f80.config
2026-05-18T03:57:45.4907988Z [command]/usr/bin/git config --local --unset includeif.gitdir:/github/workspace/.git.path /github/runner_temp/git-credentials-8d4512ae-5867-4857-8b3b-5ed70b000f80.config
2026-05-18T03:57:45.4947526Z [command]/usr/bin/git config --local --get-all includeif.gitdir:/github/workspace/.git/worktrees/*.path
2026-05-18T03:57:45.4972837Z /github/runner_temp/git-credentials-8d4512ae-5867-4857-8b3b-5ed70b000f80.config
2026-05-18T03:57:45.4984450Z [command]/usr/bin/git config --local --unset includeif.gitdir:/github/workspace/.git/worktrees/*.path /github/runner_temp/git-credentials-8d4512ae-5867-4857-8b3b-5ed70b000f80.config
2026-05-18T03:57:45.5024925Z [command]/usr/bin/git submodule foreach --recursive git config --local --show-origin --name-only --get-regexp remote.origin.url
2026-05-18T03:57:45.5298472Z Removing credentials config '/home/runner/work/_temp/git-credentials-8d4512ae-5867-4857-8b3b-5ed70b000f80.config'
2026-05-18T03:57:45.5454013Z Cleaning up orphan processes
2026-05-18T03:57:45.5820549Z ##[warning]Node.js 20 actions are deprecated. The following actions are running on Node.js 20 and may not work as expected: actions/setup-node@v4. Actions will be forced to run with Node.js 24 by default starting June 2nd, 2026. Node.js 20 will be removed from the runner on September 16th, 2026. Please check if updated versions of these actions are available that support Node.js 24. To opt into Node.js 24 now, set the FORCE_JAVASCRIPT_ACTIONS_TO_NODE24=true environment variable on the runner or in your workflow file. Once Node.js 24 becomes the default, you can temporarily opt out by setting ACTIONS_ALLOW_USE_UNSECURE_NODE_VERSION=true. For more information see: https://github.blog/changelog/2025-09-19-deprecation-of-node-20-on-github-actions-runners/


--- Job: web-lint-and-test (id 76456410394) ---
2026-05-18T03:57:51.9309094Z Current runner version: '2.334.0'
2026-05-18T03:57:51.9334827Z ##[group]Runner Image Provisioner
2026-05-18T03:57:51.9335710Z Hosted Compute Agent
2026-05-18T03:57:51.9336221Z Version: 20260213.493
2026-05-18T03:57:51.9336896Z Commit: 5c115507f6dd24b8de37d8bbe0bb4509d0cc0fa3
2026-05-18T03:57:51.9337604Z Build Date: 2026-02-13T00:28:41Z
2026-05-18T03:57:51.9338282Z Worker ID: {f2070b11-e2c5-4ee3-bc6c-3e75bd4f76e9}
2026-05-18T03:57:51.9338927Z Azure Region: westus3
2026-05-18T03:57:51.9339542Z ##[endgroup]
2026-05-18T03:57:51.9340980Z ##[group]Operating System
2026-05-18T03:57:51.9341583Z Ubuntu
2026-05-18T03:57:51.9342191Z 24.04.4
2026-05-18T03:57:51.9342626Z LTS
2026-05-18T03:57:51.9343078Z ##[endgroup]
2026-05-18T03:57:51.9343607Z ##[group]Runner Image
2026-05-18T03:57:51.9344523Z Image: ubuntu-24.04
2026-05-18T03:57:51.9345045Z Version: 20260513.135.3
2026-05-18T03:57:51.9346388Z Included Software: https://github.com/actions/runner-images/blob/ubuntu24/20260513.135/images/ubuntu/Ubuntu2404-Readme.md
2026-05-18T03:57:51.9347809Z Image Release: https://github.com/actions/runner-images/releases/tag/ubuntu24%2F20260513.135
2026-05-18T03:57:51.9348780Z ##[endgroup]
2026-05-18T03:57:51.9349894Z ##[group]GITHUB_TOKEN Permissions
2026-05-18T03:57:51.9351946Z Actions: read
2026-05-18T03:57:51.9352525Z Checks: read
2026-05-18T03:57:51.9353121Z Contents: write
2026-05-18T03:57:51.9353628Z Metadata: read
2026-05-18T03:57:51.9354147Z ##[endgroup]
2026-05-18T03:57:51.9356620Z Secret source: Actions
2026-05-18T03:57:51.9357468Z Prepare workflow directory
2026-05-18T03:57:51.9714786Z Prepare all required actions
2026-05-18T03:57:51.9813231Z Complete job name: web-lint-and-test
2026-05-18T03:57:52.0611761Z ##[group]Run if [ 'success' != 'success' ]; then
2026-05-18T03:57:52.0612649Z [36;1mif [ 'success' != 'success' ]; then[0m
2026-05-18T03:57:52.0613337Z [36;1m  echo "web-lint finished with success" >&2[0m
2026-05-18T03:57:52.0614416Z [36;1m  exit 1[0m
2026-05-18T03:57:52.0614999Z [36;1mfi[0m
2026-05-18T03:57:52.0615517Z [36;1mif [ 'failure' != 'success' ]; then[0m
2026-05-18T03:57:52.0616281Z [36;1m  echo "web-unit-tests finished with failure" >&2[0m
2026-05-18T03:57:52.0616936Z [36;1m  exit 1[0m
2026-05-18T03:57:52.0617407Z [36;1mfi[0m
2026-05-18T03:57:52.0617923Z [36;1mif [ 'success' != 'success' ]; then[0m
2026-05-18T03:57:52.0618662Z [36;1m  echo "web-build finished with success" >&2[0m
2026-05-18T03:57:52.0619310Z [36;1m  exit 1[0m
2026-05-18T03:57:52.0619769Z [36;1mfi[0m
2026-05-18T03:57:52.0620418Z [36;1mecho "✓ Split web lint, unit-test shards, and build passed."[0m
2026-05-18T03:57:52.1244572Z shell: /usr/bin/bash -e {0}
2026-05-18T03:57:52.1246477Z ##[endgroup]
2026-05-18T03:57:52.1569338Z web-unit-tests finished with failure
2026-05-18T03:57:52.1596082Z ##[error]Process completed with exit code 1.
2026-05-18T03:57:52.1778777Z Cleaning up orphan processes
