=== CI FAILURE ===
Workflow:      Web CI
Workflow file: akarlin3/prismTask/.github/workflows/web-ci.yml@refs/pull/1691/merge
Job(s):        web-build, web-lint-and-test
Run ID:        26268920644
Run attempt:   1
Run URL:       https://github.com/akarlin3/prismTask/actions/runs/26268920644
Commit:        7cc8b33e10df98de2cf8cba918e8085d436a2807
Branch:        1691/merge
Event:         pull_request
Actor:         akarlin3
Runner OS:     Linux
Timestamp:     2026-05-22T04:47:25.577Z

Failed steps:
  - web-build: #5 Build web app
  - web-lint-and-test: #2 Verify split web checks

=== FAILED JOB LOG ===

--- Job: web-build (id 77318049258) ---
2026-05-22T04:45:34.3613049Z Current runner version: '2.334.0'
2026-05-22T04:45:34.3651694Z ##[group]Runner Image Provisioner
2026-05-22T04:45:34.3653014Z Hosted Compute Agent
2026-05-22T04:45:34.3653997Z Version: 20260213.493
2026-05-22T04:45:34.3655088Z Commit: 5c115507f6dd24b8de37d8bbe0bb4509d0cc0fa3
2026-05-22T04:45:34.3656279Z Build Date: 2026-02-13T00:28:41Z
2026-05-22T04:45:34.3657453Z Worker ID: {cac2b73a-acbf-45c6-99d8-116ff3559c80}
2026-05-22T04:45:34.3658698Z Azure Region: eastus
2026-05-22T04:45:34.3659837Z ##[endgroup]
2026-05-22T04:45:34.3662048Z ##[group]Operating System
2026-05-22T04:45:34.3663066Z Ubuntu
2026-05-22T04:45:34.3663938Z 24.04.4
2026-05-22T04:45:34.3664815Z LTS
2026-05-22T04:45:34.3665623Z ##[endgroup]
2026-05-22T04:45:34.3666467Z ##[group]Runner Image
2026-05-22T04:45:34.3667530Z Image: ubuntu-24.04
2026-05-22T04:45:34.3668468Z Version: 20260513.135.3
2026-05-22T04:45:34.3671005Z Included Software: https://github.com/actions/runner-images/blob/ubuntu24/20260513.135/images/ubuntu/Ubuntu2404-Readme.md
2026-05-22T04:45:34.3673629Z Image Release: https://github.com/actions/runner-images/releases/tag/ubuntu24%2F20260513.135
2026-05-22T04:45:34.3675294Z ##[endgroup]
2026-05-22T04:45:34.3677692Z ##[group]GITHUB_TOKEN Permissions
2026-05-22T04:45:34.3680848Z Actions: read
2026-05-22T04:45:34.3681756Z Checks: read
2026-05-22T04:45:34.3682752Z Contents: write
2026-05-22T04:45:34.3683739Z Metadata: read
2026-05-22T04:45:34.3684693Z PullRequests: read
2026-05-22T04:45:34.3685596Z ##[endgroup]
2026-05-22T04:45:34.3689095Z Secret source: Actions
2026-05-22T04:45:34.3691014Z Prepare workflow directory
2026-05-22T04:45:34.4251516Z Prepare all required actions
2026-05-22T04:45:34.4303817Z Getting action download info
2026-05-22T04:45:34.7318323Z Download action repository 'actions/checkout@v6' (SHA:de0fac2e4500dabe0009e67214ff5f5447ce83dd)
2026-05-22T04:45:34.9558301Z Complete job name: web-build
2026-05-22T04:45:35.0261073Z ##[group]Run actions/checkout@v6
2026-05-22T04:45:35.0262091Z with:
2026-05-22T04:45:35.0262557Z   repository: akarlin3/prismTask
2026-05-22T04:45:35.0267465Z   token: ***
2026-05-22T04:45:35.0267927Z   ssh-strict: true
2026-05-22T04:45:35.0268391Z   ssh-user: git
2026-05-22T04:45:35.0268869Z   persist-credentials: true
2026-05-22T04:45:35.0269375Z   clean: true
2026-05-22T04:45:35.0270039Z   sparse-checkout-cone-mode: true
2026-05-22T04:45:35.0270582Z   fetch-depth: 1
2026-05-22T04:45:35.0271024Z   fetch-tags: false
2026-05-22T04:45:35.0271481Z   show-progress: true
2026-05-22T04:45:35.0271950Z   lfs: false
2026-05-22T04:45:35.0272380Z   submodules: false
2026-05-22T04:45:35.0272856Z   set-safe-directory: true
2026-05-22T04:45:35.0273576Z ##[endgroup]
2026-05-22T04:45:35.1381071Z Syncing repository: akarlin3/prismTask
2026-05-22T04:45:35.1384258Z ##[group]Getting Git version info
2026-05-22T04:45:35.1385719Z Working directory is '/home/runner/work/prismTask/prismTask'
2026-05-22T04:45:35.1387758Z [command]/usr/bin/git version
2026-05-22T04:45:35.1420482Z git version 2.54.0
2026-05-22T04:45:35.1477138Z ##[endgroup]
2026-05-22T04:45:35.1493334Z Temporarily overriding HOME='/home/runner/work/_temp/d10299d2-b093-4462-87e8-a2aaf23aa38a' before making global git config changes
2026-05-22T04:45:35.1498363Z Adding repository directory to the temporary git global config as a safe directory
2026-05-22T04:45:35.1503372Z [command]/usr/bin/git config --global --add safe.directory /home/runner/work/prismTask/prismTask
2026-05-22T04:45:35.1551353Z Deleting the contents of '/home/runner/work/prismTask/prismTask'
2026-05-22T04:45:35.1556536Z ##[group]Initializing the repository
2026-05-22T04:45:35.1562447Z [command]/usr/bin/git init /home/runner/work/prismTask/prismTask
2026-05-22T04:45:35.1646292Z hint: Using 'master' as the name for the initial branch. This default branch name
2026-05-22T04:45:35.1648292Z hint: will change to "main" in Git 3.0. To configure the initial branch name
2026-05-22T04:45:35.1650531Z hint: to use in all of your new repositories, which will suppress this warning,
2026-05-22T04:45:35.1653363Z hint: call:
2026-05-22T04:45:35.1656232Z hint:
2026-05-22T04:45:35.1657384Z hint: 	git config --global init.defaultBranch <name>
2026-05-22T04:45:35.1658587Z hint:
2026-05-22T04:45:35.1659903Z hint: Names commonly chosen instead of 'master' are 'main', 'trunk' and
2026-05-22T04:45:35.1661664Z hint: 'development'. The just-created branch can be renamed via this command:
2026-05-22T04:45:35.1664851Z hint:
2026-05-22T04:45:35.1665984Z hint: 	git branch -m <name>
2026-05-22T04:45:35.1667429Z hint:
2026-05-22T04:45:35.1668734Z hint: Disable this message with "git config set advice.defaultBranchName false"
2026-05-22T04:45:35.1671547Z Initialized empty Git repository in /home/runner/work/prismTask/prismTask/.git/
2026-05-22T04:45:35.1675767Z [command]/usr/bin/git remote add origin https://github.com/akarlin3/prismTask
2026-05-22T04:45:35.1712637Z ##[endgroup]
2026-05-22T04:45:35.1714444Z ##[group]Disabling automatic garbage collection
2026-05-22T04:45:35.1718049Z [command]/usr/bin/git config --local gc.auto 0
2026-05-22T04:45:35.1752582Z ##[endgroup]
2026-05-22T04:45:35.1754531Z ##[group]Setting up auth
2026-05-22T04:45:35.1756205Z Removing SSH command configuration
2026-05-22T04:45:35.1761537Z [command]/usr/bin/git config --local --name-only --get-regexp core\.sshCommand
2026-05-22T04:45:35.1797767Z [command]/usr/bin/git submodule foreach --recursive sh -c "git config --local --name-only --get-regexp 'core\.sshCommand' && git config --local --unset-all 'core.sshCommand' || :"
2026-05-22T04:45:35.2105583Z Removing HTTP extra header
2026-05-22T04:45:35.2113012Z [command]/usr/bin/git config --local --name-only --get-regexp http\.https\:\/\/github\.com\/\.extraheader
2026-05-22T04:45:35.2150993Z [command]/usr/bin/git submodule foreach --recursive sh -c "git config --local --name-only --get-regexp 'http\.https\:\/\/github\.com\/\.extraheader' && git config --local --unset-all 'http.https://github.com/.extraheader' || :"
2026-05-22T04:45:35.2392677Z Removing includeIf entries pointing to credentials config files
2026-05-22T04:45:35.2396545Z [command]/usr/bin/git config --local --name-only --get-regexp ^includeIf\.gitdir:
2026-05-22T04:45:35.2441147Z [command]/usr/bin/git submodule foreach --recursive git config --local --show-origin --name-only --get-regexp remote.origin.url
2026-05-22T04:45:35.2691804Z [command]/usr/bin/git config --file /home/runner/work/_temp/git-credentials-e3703822-8945-45cc-b51e-d45709ed231d.config http.https://github.com/.extraheader AUTHORIZATION: basic ***
2026-05-22T04:45:35.2728071Z [command]/usr/bin/git config --local includeIf.gitdir:/home/runner/work/prismTask/prismTask/.git.path /home/runner/work/_temp/git-credentials-e3703822-8945-45cc-b51e-d45709ed231d.config
2026-05-22T04:45:35.2762626Z [command]/usr/bin/git config --local includeIf.gitdir:/home/runner/work/prismTask/prismTask/.git/worktrees/*.path /home/runner/work/_temp/git-credentials-e3703822-8945-45cc-b51e-d45709ed231d.config
2026-05-22T04:45:35.2800694Z [command]/usr/bin/git config --local includeIf.gitdir:/github/workspace/.git.path /github/runner_temp/git-credentials-e3703822-8945-45cc-b51e-d45709ed231d.config
2026-05-22T04:45:35.2840769Z [command]/usr/bin/git config --local includeIf.gitdir:/github/workspace/.git/worktrees/*.path /github/runner_temp/git-credentials-e3703822-8945-45cc-b51e-d45709ed231d.config
2026-05-22T04:45:35.2874187Z ##[endgroup]
2026-05-22T04:45:35.2876257Z ##[group]Fetching the repository
2026-05-22T04:45:35.2882439Z [command]/usr/bin/git -c protocol.version=2 fetch --no-tags --prune --no-recurse-submodules --depth=1 origin +7cc8b33e10df98de2cf8cba918e8085d436a2807:refs/remotes/pull/1691/merge
2026-05-22T04:45:37.1167740Z From https://github.com/akarlin3/prismTask
2026-05-22T04:45:37.1169785Z  * [new ref]         7cc8b33e10df98de2cf8cba918e8085d436a2807 -> pull/1691/merge
2026-05-22T04:45:37.1203433Z ##[endgroup]
2026-05-22T04:45:37.1205172Z ##[group]Determining the checkout info
2026-05-22T04:45:37.1206823Z ##[endgroup]
2026-05-22T04:45:37.1211750Z [command]/usr/bin/git sparse-checkout disable
2026-05-22T04:45:37.1260201Z [command]/usr/bin/git config --local --unset-all extensions.worktreeConfig
2026-05-22T04:45:37.1294671Z ##[group]Checking out the ref
2026-05-22T04:45:37.1298400Z [command]/usr/bin/git checkout --progress --force refs/remotes/pull/1691/merge
2026-05-22T04:45:37.4684798Z Note: switching to 'refs/remotes/pull/1691/merge'.
2026-05-22T04:45:37.4685570Z 
2026-05-22T04:45:37.4686268Z You are in 'detached HEAD' state. You can look around, make experimental
2026-05-22T04:45:37.4710277Z changes and commit them, and you can discard any commits you make in this
2026-05-22T04:45:37.4723599Z state without impacting any branches by switching back to a branch.
2026-05-22T04:45:37.4730738Z 
2026-05-22T04:45:37.4731230Z If you want to create a new branch to retain commits you create, you may
2026-05-22T04:45:37.4750656Z do so (now or later) by using -c with the switch command. Example:
2026-05-22T04:45:37.4755582Z 
2026-05-22T04:45:37.4763564Z   git switch -c <new-branch-name>
2026-05-22T04:45:37.4764191Z 
2026-05-22T04:45:37.4791916Z Or undo this operation with:
2026-05-22T04:45:37.4792668Z 
2026-05-22T04:45:37.4810286Z   git switch -
2026-05-22T04:45:37.4816495Z 
2026-05-22T04:45:37.4840329Z Turn off this advice by setting config variable advice.detachedHead to false
2026-05-22T04:45:37.4859986Z 
2026-05-22T04:45:37.4860826Z HEAD is now at 7cc8b33 Merge aebb464b24cc6bb813577d16eb41f9d7938495df into 36756f2c6085beb0526fb07644d6fa08e6e0ce5f
2026-05-22T04:45:37.4896643Z ##[endgroup]
2026-05-22T04:45:37.4898928Z [command]/usr/bin/git log -1 --format=%H
2026-05-22T04:45:37.4899808Z 7cc8b33e10df98de2cf8cba918e8085d436a2807
2026-05-22T04:45:37.5138434Z Prepare all required actions
2026-05-22T04:45:37.5138914Z Getting action download info
2026-05-22T04:45:37.6295528Z Download action repository 'actions/setup-node@v4' (SHA:49933ea5288caeca8642d1e84afbd3f7d6820020)
2026-05-22T04:45:37.7446779Z ##[group]Run ./.github/actions/setup-node-web
2026-05-22T04:45:37.7447319Z ##[endgroup]
2026-05-22T04:45:37.7581570Z ##[group]Run actions/setup-node@v4
2026-05-22T04:45:37.7581915Z with:
2026-05-22T04:45:37.7582167Z   node-version: 22
2026-05-22T04:45:37.7582409Z   cache: npm
2026-05-22T04:45:37.7582685Z   cache-dependency-path: web/package-lock.json
2026-05-22T04:45:37.7583007Z   always-auth: false
2026-05-22T04:45:37.7583243Z   check-latest: false
2026-05-22T04:45:37.7586279Z   token: ***
2026-05-22T04:45:37.7586511Z ##[endgroup]
2026-05-22T04:45:37.9660457Z Found in cache @ /opt/hostedtoolcache/node/22.22.2/x64
2026-05-22T04:45:37.9661406Z ##[group]Environment details
2026-05-22T04:45:38.4476222Z node: v22.22.2
2026-05-22T04:45:38.4477328Z npm: 10.9.7
2026-05-22T04:45:38.4478267Z yarn: 1.22.22
2026-05-22T04:45:38.4480463Z ##[endgroup]
2026-05-22T04:45:38.4502016Z [command]/opt/hostedtoolcache/node/22.22.2/x64/bin/npm config get cache
2026-05-22T04:45:38.5563158Z /home/runner/.npm
2026-05-22T04:45:38.6682382Z npm cache is not found
2026-05-22T04:45:38.6852387Z ##[group]Run npm ci
2026-05-22T04:45:38.6852739Z [36;1mnpm ci[0m
2026-05-22T04:45:38.6899475Z shell: /usr/bin/bash --noprofile --norc -e -o pipefail {0}
2026-05-22T04:45:38.6900123Z ##[endgroup]
2026-05-22T04:45:51.9000394Z 
2026-05-22T04:45:51.9009256Z added 435 packages, and audited 436 packages in 13s
2026-05-22T04:45:51.9032924Z 
2026-05-22T04:45:51.9050098Z 94 packages are looking for funding
2026-05-22T04:45:51.9070213Z   run `npm fund` for details
2026-05-22T04:45:51.9083020Z 
2026-05-22T04:45:51.9090283Z 4 vulnerabilities (3 moderate, 1 critical)
2026-05-22T04:45:51.9109817Z 
2026-05-22T04:45:51.9130316Z To address all issues, run:
2026-05-22T04:45:51.9131165Z   npm audit fix
2026-05-22T04:45:51.9149956Z 
2026-05-22T04:45:51.9170479Z Run `npm audit` for details.
2026-05-22T04:45:51.9987358Z ##[group]Run npm run build
2026-05-22T04:45:51.9987824Z [36;1mnpm run build[0m
2026-05-22T04:45:52.0036236Z shell: /usr/bin/bash -e {0}
2026-05-22T04:45:52.0036669Z ##[endgroup]
2026-05-22T04:45:52.1480529Z 
2026-05-22T04:45:52.1500779Z > web@2.0.0 build
2026-05-22T04:45:52.1501509Z > tsc -b && vite build
2026-05-22T04:45:52.1512006Z 
2026-05-22T04:46:08.9562148Z ##[error]src/utils/__tests__/burnoutScorer.test.ts(11,40): error TS2352: Conversion of type '{ id: string; mood: number; energy: number; timestamp: string; user_id: string; date: string; notes: string; }[]' to type 'MoodEnergyLog[]' may be a mistake because neither type sufficiently overlaps with the other. If this was intentional, convert the expression to 'unknown' first.
2026-05-22T04:46:08.9576901Z   Object literal may only specify known properties, and 'timestamp' does not exist in type 'MoodEnergyLog'.
2026-05-22T04:46:08.9579375Z ##[error]src/utils/__tests__/notifications.test.ts(14,18): error TS2339: Property 'requestPermission' does not exist on type 'Mock<Procedure>'.
2026-05-22T04:46:08.9582707Z ##[error]src/utils/__tests__/notifications.test.ts(25,22): error TS2339: Property 'requestPermission' does not exist on type 'Mock<Procedure>'.
2026-05-22T04:46:08.9585346Z ##[error]src/utils/__tests__/notifications.test.ts(26,22): error TS2339: Property 'permission' does not exist on type 'Mock<Procedure>'.
2026-05-22T04:46:08.9587959Z ##[error]src/utils/__tests__/notifications.test.ts(60,24): error TS2339: Property 'permission' does not exist on type 'Mock<Procedure>'.
2026-05-22T04:46:08.9591064Z ##[error]src/utils/__tests__/notifications.test.ts(66,24): error TS2339: Property 'permission' does not exist on type 'Mock<Procedure>'.
2026-05-22T04:46:08.9593262Z ##[error]src/utils/__tests__/notifications.test.ts(72,24): error TS2339: Property 'permission' does not exist on type 'Mock<Procedure>'.
2026-05-22T04:46:08.9595463Z ##[error]src/utils/__tests__/notifications.test.ts(74,31): error TS2339: Property 'requestPermission' does not exist on type 'Mock<Procedure>'.
2026-05-22T04:46:08.9597613Z ##[error]src/utils/__tests__/notifications.test.ts(89,24): error TS2339: Property 'permission' does not exist on type 'Mock<Procedure>'.
2026-05-22T04:46:08.9599848Z ##[error]src/utils/__tests__/notifications.test.ts(104,24): error TS2339: Property 'permission' does not exist on type 'Mock<Procedure>'.
2026-05-22T04:46:08.9611154Z ##[error]src/utils/__tests__/notifications.test.ts(109,24): error TS2339: Property 'permission' does not exist on type 'Mock<Procedure>'.
2026-05-22T04:46:08.9613985Z ##[error]src/utils/__tests__/notifications.test.ts(122,24): error TS2339: Property 'permission' does not exist on type 'Mock<Procedure>'.
2026-05-22T04:46:08.9616623Z ##[error]src/utils/__tests__/notifications.test.ts(137,24): error TS2339: Property 'permission' does not exist on type 'Mock<Procedure>'.
2026-05-22T04:46:08.9619235Z ##[error]src/utils/__tests__/notifications.test.ts(149,24): error TS2339: Property 'permission' does not exist on type 'Mock<Procedure>'.
2026-05-22T04:46:08.9632881Z ##[error]src/utils/__tests__/notifications.test.ts(163,24): error TS2339: Property 'permission' does not exist on type 'Mock<Procedure>'.
2026-05-22T04:46:09.9462919Z ##[error]Process completed with exit code 2.
2026-05-22T04:46:09.9530841Z Post job cleanup.
2026-05-22T04:46:09.9616749Z Post job cleanup.
2026-05-22T04:46:10.0500986Z [command]/usr/bin/git version
2026-05-22T04:46:10.0542465Z git version 2.54.0
2026-05-22T04:46:10.0586261Z Temporarily overriding HOME='/home/runner/work/_temp/f88b5875-1eda-40aa-a865-da5197455e7a' before making global git config changes
2026-05-22T04:46:10.0587969Z Adding repository directory to the temporary git global config as a safe directory
2026-05-22T04:46:10.0594475Z [command]/usr/bin/git config --global --add safe.directory /home/runner/work/prismTask/prismTask
2026-05-22T04:46:10.0626322Z Removing SSH command configuration
2026-05-22T04:46:10.0634570Z [command]/usr/bin/git config --local --name-only --get-regexp core\.sshCommand
2026-05-22T04:46:10.0675526Z [command]/usr/bin/git submodule foreach --recursive sh -c "git config --local --name-only --get-regexp 'core\.sshCommand' && git config --local --unset-all 'core.sshCommand' || :"
2026-05-22T04:46:10.0933922Z Removing HTTP extra header
2026-05-22T04:46:10.0940800Z [command]/usr/bin/git config --local --name-only --get-regexp http\.https\:\/\/github\.com\/\.extraheader
2026-05-22T04:46:10.0982009Z [command]/usr/bin/git submodule foreach --recursive sh -c "git config --local --name-only --get-regexp 'http\.https\:\/\/github\.com\/\.extraheader' && git config --local --unset-all 'http.https://github.com/.extraheader' || :"
2026-05-22T04:46:10.1255734Z Removing includeIf entries pointing to credentials config files
2026-05-22T04:46:10.1271111Z [command]/usr/bin/git config --local --name-only --get-regexp ^includeIf\.gitdir:
2026-05-22T04:46:10.1304575Z includeif.gitdir:/home/runner/work/prismTask/prismTask/.git.path
2026-05-22T04:46:10.1305854Z includeif.gitdir:/home/runner/work/prismTask/prismTask/.git/worktrees/*.path
2026-05-22T04:46:10.1307015Z includeif.gitdir:/github/workspace/.git.path
2026-05-22T04:46:10.1308058Z includeif.gitdir:/github/workspace/.git/worktrees/*.path
2026-05-22T04:46:10.1325097Z [command]/usr/bin/git config --local --get-all includeif.gitdir:/home/runner/work/prismTask/prismTask/.git.path
2026-05-22T04:46:10.1359102Z /home/runner/work/_temp/git-credentials-e3703822-8945-45cc-b51e-d45709ed231d.config
2026-05-22T04:46:10.1438849Z [command]/usr/bin/git config --local --unset includeif.gitdir:/home/runner/work/prismTask/prismTask/.git.path /home/runner/work/_temp/git-credentials-e3703822-8945-45cc-b51e-d45709ed231d.config
2026-05-22T04:46:10.1444606Z [command]/usr/bin/git config --local --get-all includeif.gitdir:/home/runner/work/prismTask/prismTask/.git/worktrees/*.path
2026-05-22T04:46:10.1483414Z /home/runner/work/_temp/git-credentials-e3703822-8945-45cc-b51e-d45709ed231d.config
2026-05-22T04:46:10.1495154Z [command]/usr/bin/git config --local --unset includeif.gitdir:/home/runner/work/prismTask/prismTask/.git/worktrees/*.path /home/runner/work/_temp/git-credentials-e3703822-8945-45cc-b51e-d45709ed231d.config
2026-05-22T04:46:10.1533563Z [command]/usr/bin/git config --local --get-all includeif.gitdir:/github/workspace/.git.path
2026-05-22T04:46:10.1566167Z /github/runner_temp/git-credentials-e3703822-8945-45cc-b51e-d45709ed231d.config
2026-05-22T04:46:10.1574543Z [command]/usr/bin/git config --local --unset includeif.gitdir:/github/workspace/.git.path /github/runner_temp/git-credentials-e3703822-8945-45cc-b51e-d45709ed231d.config
2026-05-22T04:46:10.1611780Z [command]/usr/bin/git config --local --get-all includeif.gitdir:/github/workspace/.git/worktrees/*.path
2026-05-22T04:46:10.1636781Z /github/runner_temp/git-credentials-e3703822-8945-45cc-b51e-d45709ed231d.config
2026-05-22T04:46:10.1651562Z [command]/usr/bin/git config --local --unset includeif.gitdir:/github/workspace/.git/worktrees/*.path /github/runner_temp/git-credentials-e3703822-8945-45cc-b51e-d45709ed231d.config
2026-05-22T04:46:10.1687107Z [command]/usr/bin/git submodule foreach --recursive git config --local --show-origin --name-only --get-regexp remote.origin.url
2026-05-22T04:46:10.1928236Z Removing credentials config '/home/runner/work/_temp/git-credentials-e3703822-8945-45cc-b51e-d45709ed231d.config'
2026-05-22T04:46:10.2072325Z Cleaning up orphan processes
2026-05-22T04:46:10.2329208Z ##[warning]Node.js 20 actions are deprecated. The following actions are running on Node.js 20 and may not work as expected: actions/setup-node@v4. Actions will be forced to run with Node.js 24 by default starting June 2nd, 2026. Node.js 20 will be removed from the runner on September 16th, 2026. Please check if updated versions of these actions are available that support Node.js 24. To opt into Node.js 24 now, set the FORCE_JAVASCRIPT_ACTIONS_TO_NODE24=true environment variable on the runner or in your workflow file. Once Node.js 24 becomes the default, you can temporarily opt out by setting ACTIONS_ALLOW_USE_UNSECURE_NODE_VERSION=true. For more information see: https://github.blog/changelog/2025-09-19-deprecation-of-node-20-on-github-actions-runners/


--- Job: web-lint-and-test (id 77318182563) ---
2026-05-22T04:47:13.0550280Z Current runner version: '2.334.0'
2026-05-22T04:47:13.0575414Z ##[group]Runner Image Provisioner
2026-05-22T04:47:13.0576253Z Hosted Compute Agent
2026-05-22T04:47:13.0576773Z Version: 20260213.493
2026-05-22T04:47:13.0577316Z Commit: 5c115507f6dd24b8de37d8bbe0bb4509d0cc0fa3
2026-05-22T04:47:13.0578019Z Build Date: 2026-02-13T00:28:41Z
2026-05-22T04:47:13.0578647Z Worker ID: {55f37c9d-f3e6-47d8-85d8-b1f73c6c464f}
2026-05-22T04:47:13.0579310Z Azure Region: centralus
2026-05-22T04:47:13.0579818Z ##[endgroup]
2026-05-22T04:47:13.0581153Z ##[group]Operating System
2026-05-22T04:47:13.0581858Z Ubuntu
2026-05-22T04:47:13.0582356Z 24.04.4
2026-05-22T04:47:13.0582829Z LTS
2026-05-22T04:47:13.0583245Z ##[endgroup]
2026-05-22T04:47:13.0583737Z ##[group]Runner Image
2026-05-22T04:47:13.0584258Z Image: ubuntu-24.04
2026-05-22T04:47:13.0584741Z Version: 20260518.149.1
2026-05-22T04:47:13.0585858Z Included Software: https://github.com/actions/runner-images/blob/ubuntu24/20260518.149/images/ubuntu/Ubuntu2404-Readme.md
2026-05-22T04:47:13.0587185Z Image Release: https://github.com/actions/runner-images/releases/tag/ubuntu24%2F20260518.149
2026-05-22T04:47:13.0588031Z ##[endgroup]
2026-05-22T04:47:13.0589213Z ##[group]GITHUB_TOKEN Permissions
2026-05-22T04:47:13.0591177Z Actions: read
2026-05-22T04:47:13.0592033Z Checks: read
2026-05-22T04:47:13.0592542Z Contents: write
2026-05-22T04:47:13.0593016Z Metadata: read
2026-05-22T04:47:13.0593513Z PullRequests: read
2026-05-22T04:47:13.0594000Z ##[endgroup]
2026-05-22T04:47:13.0596051Z Secret source: Actions
2026-05-22T04:47:13.0596795Z Prepare workflow directory
2026-05-22T04:47:13.0960610Z Prepare all required actions
2026-05-22T04:47:13.1047369Z Complete job name: web-lint-and-test
2026-05-22T04:47:13.1940079Z ##[group]Run if [ 'success' != 'success' ]; then
2026-05-22T04:47:13.1941622Z [36;1mif [ 'success' != 'success' ]; then[0m
2026-05-22T04:47:13.1942972Z [36;1m  echo "web-lint finished with success" >&2[0m
2026-05-22T04:47:13.1944041Z [36;1m  exit 1[0m
2026-05-22T04:47:13.1944808Z [36;1mfi[0m
2026-05-22T04:47:13.1945549Z [36;1mif [ 'success' != 'success' ]; then[0m
2026-05-22T04:47:13.1946801Z [36;1m  echo "web-unit-tests finished with success" >&2[0m
2026-05-22T04:47:13.1947815Z [36;1m  exit 1[0m
2026-05-22T04:47:13.1948531Z [36;1mfi[0m
2026-05-22T04:47:13.1949481Z [36;1mif [ 'failure' != 'success' ]; then[0m
2026-05-22T04:47:13.1950581Z [36;1m  echo "web-build finished with failure" >&2[0m
2026-05-22T04:47:13.1951758Z [36;1m  exit 1[0m
2026-05-22T04:47:13.1952515Z [36;1mfi[0m
2026-05-22T04:47:13.1953522Z [36;1mecho "✓ Split web lint, unit-test shards, and build passed."[0m
2026-05-22T04:47:13.4316807Z shell: /usr/bin/bash -e {0}
2026-05-22T04:47:13.4317830Z ##[endgroup]
2026-05-22T04:47:13.4500071Z web-build finished with failure
2026-05-22T04:47:13.4524445Z ##[error]Process completed with exit code 1.
2026-05-22T04:47:13.4641919Z Cleaning up orphan processes
