=== CI FAILURE ===
Workflow:      Web CI
Workflow file: averycorp/prismTask/.github/workflows/web-ci.yml@refs/pull/1651/merge
Job(s):        web-unit-tests (3, 3), web-lint-and-test
Run ID:        26048323724
Run attempt:   1
Run URL:       https://github.com/averycorp/prismTask/actions/runs/26048323724
Commit:        2e378038405c26d2e310556e2728c69e3bb7ad94
Branch:        1651/merge
Event:         pull_request
Actor:         akarlin3
Runner OS:     Linux
Timestamp:     2026-05-18T17:08:00.967Z

Failed steps:
  - web-unit-tests (3, 3): #5 Run Vitest shard 3/3
  - web-lint-and-test: #2 Verify split web checks

=== FAILED JOB LOG ===

--- Job: web-unit-tests (3, 3) (id 76578274589) ---
2026-05-18T17:06:49.6836278Z Current runner version: '2.334.0'
2026-05-18T17:06:49.6860000Z ##[group]Runner Image Provisioner
2026-05-18T17:06:49.6860869Z Hosted Compute Agent
2026-05-18T17:06:49.6861403Z Version: 20260213.493
2026-05-18T17:06:49.6861930Z Commit: 5c115507f6dd24b8de37d8bbe0bb4509d0cc0fa3
2026-05-18T17:06:49.6862684Z Build Date: 2026-02-13T00:28:41Z
2026-05-18T17:06:49.6863285Z Worker ID: {19569041-9679-4a5a-850a-30af9789ac6f}
2026-05-18T17:06:49.6864306Z Azure Region: westus3
2026-05-18T17:06:49.6864969Z ##[endgroup]
2026-05-18T17:06:49.6866384Z ##[group]Operating System
2026-05-18T17:06:49.6866974Z Ubuntu
2026-05-18T17:06:49.6867504Z 24.04.4
2026-05-18T17:06:49.6867959Z LTS
2026-05-18T17:06:49.6868411Z ##[endgroup]
2026-05-18T17:06:49.6868946Z ##[group]Runner Image
2026-05-18T17:06:49.6869464Z Image: ubuntu-24.04
2026-05-18T17:06:49.6869981Z Version: 20260513.135.3
2026-05-18T17:06:49.6871153Z Included Software: https://github.com/actions/runner-images/blob/ubuntu24/20260513.135/images/ubuntu/Ubuntu2404-Readme.md
2026-05-18T17:06:49.6872641Z Image Release: https://github.com/actions/runner-images/releases/tag/ubuntu24%2F20260513.135
2026-05-18T17:06:49.6873552Z ##[endgroup]
2026-05-18T17:06:49.6874896Z ##[group]GITHUB_TOKEN Permissions
2026-05-18T17:06:49.6876766Z Actions: read
2026-05-18T17:06:49.6877336Z Checks: read
2026-05-18T17:06:49.6877826Z Contents: write
2026-05-18T17:06:49.6878514Z Metadata: read
2026-05-18T17:06:49.6879001Z ##[endgroup]
2026-05-18T17:06:49.6880996Z Secret source: Actions
2026-05-18T17:06:49.6881642Z Prepare workflow directory
2026-05-18T17:06:49.7284744Z Prepare all required actions
2026-05-18T17:06:49.7320472Z Getting action download info
2026-05-18T17:06:50.1824812Z Download action repository 'actions/checkout@v6' (SHA:de0fac2e4500dabe0009e67214ff5f5447ce83dd)
2026-05-18T17:06:51.6060117Z Complete job name: web-unit-tests (3, 3)
2026-05-18T17:06:51.6862865Z ##[group]Run actions/checkout@v6
2026-05-18T17:06:51.6864447Z with:
2026-05-18T17:06:51.6865253Z   repository: averycorp/prismTask
2026-05-18T17:06:51.6866563Z   token: ***
2026-05-18T17:06:51.6867327Z   ssh-strict: true
2026-05-18T17:06:51.6868120Z   ssh-user: git
2026-05-18T17:06:51.6868952Z   persist-credentials: true
2026-05-18T17:06:51.6869866Z   clean: true
2026-05-18T17:06:51.6870687Z   sparse-checkout-cone-mode: true
2026-05-18T17:06:51.6871687Z   fetch-depth: 1
2026-05-18T17:06:51.6872480Z   fetch-tags: false
2026-05-18T17:06:51.6873305Z   show-progress: true
2026-05-18T17:06:51.6874323Z   lfs: false
2026-05-18T17:06:51.6875087Z   submodules: false
2026-05-18T17:06:51.6875911Z   set-safe-directory: true
2026-05-18T17:06:51.6877090Z ##[endgroup]
2026-05-18T17:06:51.7918078Z Syncing repository: averycorp/prismTask
2026-05-18T17:06:51.7922348Z ##[group]Getting Git version info
2026-05-18T17:06:51.7924955Z Working directory is '/home/runner/work/prismTask/prismTask'
2026-05-18T17:06:51.7928483Z [command]/usr/bin/git version
2026-05-18T17:06:52.0927331Z git version 2.54.0
2026-05-18T17:06:52.0950704Z ##[endgroup]
2026-05-18T17:06:52.0965898Z Temporarily overriding HOME='/home/runner/work/_temp/47bfa55b-c418-4979-97f8-d8c16f62f6b9' before making global git config changes
2026-05-18T17:06:52.0967345Z Adding repository directory to the temporary git global config as a safe directory
2026-05-18T17:06:52.0971073Z [command]/usr/bin/git config --global --add safe.directory /home/runner/work/prismTask/prismTask
2026-05-18T17:06:52.1238875Z Deleting the contents of '/home/runner/work/prismTask/prismTask'
2026-05-18T17:06:52.1242936Z ##[group]Initializing the repository
2026-05-18T17:06:52.1248093Z [command]/usr/bin/git init /home/runner/work/prismTask/prismTask
2026-05-18T17:06:52.1834314Z hint: Using 'master' as the name for the initial branch. This default branch name
2026-05-18T17:06:52.1835388Z hint: will change to "main" in Git 3.0. To configure the initial branch name
2026-05-18T17:06:52.1836202Z hint: to use in all of your new repositories, which will suppress this warning,
2026-05-18T17:06:52.1836803Z hint: call:
2026-05-18T17:06:52.1837244Z hint:
2026-05-18T17:06:52.1838251Z hint: 	git config --global init.defaultBranch <name>
2026-05-18T17:06:52.1838772Z hint:
2026-05-18T17:06:52.1839330Z hint: Names commonly chosen instead of 'master' are 'main', 'trunk' and
2026-05-18T17:06:52.1840561Z hint: 'development'. The just-created branch can be renamed via this command:
2026-05-18T17:06:52.1841569Z hint:
2026-05-18T17:06:52.1842079Z hint: 	git branch -m <name>
2026-05-18T17:06:52.1842638Z hint:
2026-05-18T17:06:52.1843397Z hint: Disable this message with "git config set advice.defaultBranchName false"
2026-05-18T17:06:52.1844964Z Initialized empty Git repository in /home/runner/work/prismTask/prismTask/.git/
2026-05-18T17:06:52.1851537Z [command]/usr/bin/git remote add origin https://github.com/averycorp/prismTask
2026-05-18T17:06:52.2126502Z ##[endgroup]
2026-05-18T17:06:52.2127192Z ##[group]Disabling automatic garbage collection
2026-05-18T17:06:52.2130505Z [command]/usr/bin/git config --local gc.auto 0
2026-05-18T17:06:52.2159433Z ##[endgroup]
2026-05-18T17:06:52.2159899Z ##[group]Setting up auth
2026-05-18T17:06:52.2160801Z Removing SSH command configuration
2026-05-18T17:06:52.2167010Z [command]/usr/bin/git config --local --name-only --get-regexp core\.sshCommand
2026-05-18T17:06:52.2198486Z [command]/usr/bin/git submodule foreach --recursive sh -c "git config --local --name-only --get-regexp 'core\.sshCommand' && git config --local --unset-all 'core.sshCommand' || :"
2026-05-18T17:06:52.5595985Z Removing HTTP extra header
2026-05-18T17:06:52.5601632Z [command]/usr/bin/git config --local --name-only --get-regexp http\.https\:\/\/github\.com\/\.extraheader
2026-05-18T17:06:52.5633664Z [command]/usr/bin/git submodule foreach --recursive sh -c "git config --local --name-only --get-regexp 'http\.https\:\/\/github\.com\/\.extraheader' && git config --local --unset-all 'http.https://github.com/.extraheader' || :"
2026-05-18T17:06:52.5850385Z Removing includeIf entries pointing to credentials config files
2026-05-18T17:06:52.5856266Z [command]/usr/bin/git config --local --name-only --get-regexp ^includeIf\.gitdir:
2026-05-18T17:06:52.5887718Z [command]/usr/bin/git submodule foreach --recursive git config --local --show-origin --name-only --get-regexp remote.origin.url
2026-05-18T17:06:52.6104034Z [command]/usr/bin/git config --file /home/runner/work/_temp/git-credentials-37fed35f-d7a1-429c-aa0b-4d5b51088101.config http.https://github.com/.extraheader AUTHORIZATION: basic ***
2026-05-18T17:06:52.6139256Z [command]/usr/bin/git config --local includeIf.gitdir:/home/runner/work/prismTask/prismTask/.git.path /home/runner/work/_temp/git-credentials-37fed35f-d7a1-429c-aa0b-4d5b51088101.config
2026-05-18T17:06:52.6168953Z [command]/usr/bin/git config --local includeIf.gitdir:/home/runner/work/prismTask/prismTask/.git/worktrees/*.path /home/runner/work/_temp/git-credentials-37fed35f-d7a1-429c-aa0b-4d5b51088101.config
2026-05-18T17:06:52.6237365Z [command]/usr/bin/git config --local includeIf.gitdir:/github/workspace/.git.path /github/runner_temp/git-credentials-37fed35f-d7a1-429c-aa0b-4d5b51088101.config
2026-05-18T17:06:52.6266390Z [command]/usr/bin/git config --local includeIf.gitdir:/github/workspace/.git/worktrees/*.path /github/runner_temp/git-credentials-37fed35f-d7a1-429c-aa0b-4d5b51088101.config
2026-05-18T17:06:52.6297219Z ##[endgroup]
2026-05-18T17:06:52.6297970Z ##[group]Fetching the repository
2026-05-18T17:06:52.6306598Z [command]/usr/bin/git -c protocol.version=2 fetch --no-tags --prune --no-recurse-submodules --depth=1 origin +2e378038405c26d2e310556e2728c69e3bb7ad94:refs/remotes/pull/1651/merge
2026-05-18T17:06:55.0316671Z From https://github.com/averycorp/prismTask
2026-05-18T17:06:55.0317446Z  * [new ref]         2e378038405c26d2e310556e2728c69e3bb7ad94 -> pull/1651/merge
2026-05-18T17:06:55.0478546Z ##[endgroup]
2026-05-18T17:06:55.0479368Z ##[group]Determining the checkout info
2026-05-18T17:06:55.0480452Z ##[endgroup]
2026-05-18T17:06:55.0485796Z [command]/usr/bin/git sparse-checkout disable
2026-05-18T17:06:55.0709173Z [command]/usr/bin/git config --local --unset-all extensions.worktreeConfig
2026-05-18T17:06:55.0737422Z ##[group]Checking out the ref
2026-05-18T17:06:55.0741506Z [command]/usr/bin/git checkout --progress --force refs/remotes/pull/1651/merge
2026-05-18T17:06:55.3769534Z Note: switching to 'refs/remotes/pull/1651/merge'.
2026-05-18T17:06:55.3770473Z 
2026-05-18T17:06:55.3771186Z You are in 'detached HEAD' state. You can look around, make experimental
2026-05-18T17:06:55.3772125Z changes and commit them, and you can discard any commits you make in this
2026-05-18T17:06:55.3772958Z state without impacting any branches by switching back to a branch.
2026-05-18T17:06:55.3773469Z 
2026-05-18T17:06:55.3774245Z If you want to create a new branch to retain commits you create, you may
2026-05-18T17:06:55.3775052Z do so (now or later) by using -c with the switch command. Example:
2026-05-18T17:06:55.3775568Z 
2026-05-18T17:06:55.3775743Z   git switch -c <new-branch-name>
2026-05-18T17:06:55.3776046Z 
2026-05-18T17:06:55.3776217Z Or undo this operation with:
2026-05-18T17:06:55.3776510Z 
2026-05-18T17:06:55.3776648Z   git switch -
2026-05-18T17:06:55.3776911Z 
2026-05-18T17:06:55.3777276Z Turn off this advice by setting config variable advice.detachedHead to false
2026-05-18T17:06:55.3777812Z 
2026-05-18T17:06:55.3778390Z HEAD is now at 2e37803 Merge 0d50a93221d2a49cdb34ee996142916c0738354d into 1651fd9b1ca6b5f349e81b72eb5ccc8d27ea63b3
2026-05-18T17:06:55.3795036Z ##[endgroup]
2026-05-18T17:06:55.3844718Z [command]/usr/bin/git log -1 --format=%H
2026-05-18T17:06:55.3869028Z 2e378038405c26d2e310556e2728c69e3bb7ad94
2026-05-18T17:06:55.4144945Z Prepare all required actions
2026-05-18T17:06:55.4145431Z Getting action download info
2026-05-18T17:06:55.6180179Z Download action repository 'actions/setup-node@v4' (SHA:49933ea5288caeca8642d1e84afbd3f7d6820020)
2026-05-18T17:06:55.8493377Z ##[group]Run ./.github/actions/setup-node-web
2026-05-18T17:06:55.8493677Z ##[endgroup]
2026-05-18T17:06:55.8619228Z ##[group]Run actions/setup-node@v4
2026-05-18T17:06:55.8619496Z with:
2026-05-18T17:06:55.8619697Z   node-version: 22
2026-05-18T17:06:55.8619891Z   cache: npm
2026-05-18T17:06:55.8620115Z   cache-dependency-path: web/package-lock.json
2026-05-18T17:06:55.8620408Z   always-auth: false
2026-05-18T17:06:55.8620607Z   check-latest: false
2026-05-18T17:06:55.8620935Z   token: ***
2026-05-18T17:06:55.8621123Z ##[endgroup]
2026-05-18T17:06:56.1392975Z Found in cache @ /opt/hostedtoolcache/node/22.22.2/x64
2026-05-18T17:06:56.1401119Z ##[group]Environment details
2026-05-18T17:06:59.5305672Z node: v22.22.2
2026-05-18T17:06:59.5306186Z npm: 10.9.7
2026-05-18T17:06:59.5306516Z yarn: 1.22.22
2026-05-18T17:06:59.5307875Z ##[endgroup]
2026-05-18T17:06:59.5332423Z [command]/opt/hostedtoolcache/node/22.22.2/x64/bin/npm config get cache
2026-05-18T17:06:59.9159680Z /home/runner/.npm
2026-05-18T17:07:00.2790028Z npm cache is not found
2026-05-18T17:07:00.2922712Z ##[group]Run npm ci
2026-05-18T17:07:00.2922985Z [36;1mnpm ci[0m
2026-05-18T17:07:00.3014412Z shell: /usr/bin/bash --noprofile --norc -e -o pipefail {0}
2026-05-18T17:07:00.3014769Z ##[endgroup]
2026-05-18T17:07:12.9695195Z 
2026-05-18T17:07:12.9704420Z added 435 packages, and audited 436 packages in 13s
2026-05-18T17:07:12.9705362Z 
2026-05-18T17:07:12.9705881Z 94 packages are looking for funding
2026-05-18T17:07:12.9706669Z   run `npm fund` for details
2026-05-18T17:07:12.9785677Z 
2026-05-18T17:07:12.9786315Z 4 vulnerabilities (3 moderate, 1 critical)
2026-05-18T17:07:12.9786676Z 
2026-05-18T17:07:12.9786870Z To address all issues, run:
2026-05-18T17:07:12.9787271Z   npm audit fix
2026-05-18T17:07:12.9787496Z 
2026-05-18T17:07:12.9787692Z Run `npm audit` for details.
2026-05-18T17:07:13.0459191Z ##[group]Run npm run test:run -- --shard=3/3
2026-05-18T17:07:13.0459559Z [36;1mnpm run test:run -- --shard=3/3[0m
2026-05-18T17:07:13.0493477Z shell: /usr/bin/bash -e {0}
2026-05-18T17:07:13.0493712Z ##[endgroup]
2026-05-18T17:07:13.1529034Z 
2026-05-18T17:07:13.1529694Z > web@2.0.0 test:run
2026-05-18T17:07:13.1530316Z > vitest run --pool=threads --shard=3/3
2026-05-18T17:07:13.1531062Z 
2026-05-18T17:07:13.5582303Z 
2026-05-18T17:07:13.5586945Z [1m[30m[46m RUN [49m[39m[22m [36mv4.1.5 [39m[90m/home/runner/work/prismTask/prismTask/web[39m
2026-05-18T17:07:13.5587614Z 
2026-05-18T17:07:15.2687047Z  [32m✓[39m src/utils/__tests__/nlp.test.ts [2m([22m[2m81 tests[22m[2m)[22m[32m 68[2mms[22m[39m
2026-05-18T17:07:15.3596095Z  [32m✓[39m src/stores/__tests__/configFamilyStores.test.ts [2m([22m[2m18 tests[22m[2m)[22m[32m 19[2mms[22m[39m
2026-05-18T17:07:16.9263273Z  [32m✓[39m src/utils/__tests__/streaks.test.ts [2m([22m[2m36 tests[22m[2m)[22m[32m 121[2mms[22m[39m
2026-05-18T17:07:17.8972876Z  [32m✓[39m src/utils/__tests__/recurrence.test.ts [2m([22m[2m42 tests[22m[2m)[22m[32m 28[2mms[22m[39m
2026-05-18T17:07:18.2634187Z  [32m✓[39m src/utils/__tests__/projectBurndown.test.ts [2m([22m[2m10 tests[22m[2m)[22m[32m 11[2mms[22m[39m
2026-05-18T17:07:18.3440541Z  [32m✓[39m src/stores/__tests__/taskStore.recurrence.test.ts [2m([22m[2m5 tests[22m[2m)[22m[32m 19[2mms[22m[39m
2026-05-18T17:07:19.6416058Z  [32m✓[39m src/utils/__tests__/builtInHabitReconciler.test.ts [2m([22m[2m16 tests[22m[2m)[22m[32m 18[2mms[22m[39m
2026-05-18T17:07:19.7139684Z  [32m✓[39m src/stores/__tests__/dashboardStore.test.ts [2m([22m[2m10 tests[22m[2m)[22m[32m 16[2mms[22m[39m
2026-05-18T17:07:20.2533708Z  [32m✓[39m src/features/today/__tests__/RestDayBanner.test.tsx [2m([22m[2m7 tests[22m[2m)[22m[33m 609[2mms[22m[39m
2026-05-18T17:07:20.9474292Z  [32m✓[39m src/lib/firestore/__tests__/safeMergeDoc.test.ts [2m([22m[2m9 tests[22m[2m)[22m[32m 27[2mms[22m[39m
2026-05-18T17:07:21.1816372Z  [32m✓[39m src/lib/__tests__/builtInHabitReconciler.test.ts [2m([22m[2m13 tests[22m[2m)[22m[32m 31[2mms[22m[39m
2026-05-18T17:07:21.5696675Z  [32m✓[39m src/features/batch/__tests__/batchApplier.medication.test.ts [2m([22m[2m8 tests[22m[2m)[22m[32m 15[2mms[22m[39m
2026-05-18T17:07:22.6582379Z  [32m✓[39m src/api/__tests__/leisure.test.ts [2m([22m[2m13 tests[22m[2m)[22m[32m 20[2mms[22m[39m
2026-05-18T17:07:22.9979212Z  [32m✓[39m src/api/firestore/__tests__/medicationSlots.test.ts [2m([22m[2m14 tests[22m[2m)[22m[32m 18[2mms[22m[39m
2026-05-18T17:07:23.8976021Z  [32m✓[39m src/lib/__tests__/boundaryRuleParser.test.ts [2m([22m[2m22 tests[22m[2m)[22m[32m 19[2mms[22m[39m
2026-05-18T17:07:24.3913561Z  [32m✓[39m src/stores/__tests__/habitStore.startOfDayHour.test.ts [2m([22m[2m3 tests[22m[2m)[22m[32m 10[2mms[22m[39m
2026-05-18T17:07:24.4186399Z  [32m✓[39m src/stores/__tests__/authStore.test.ts [2m([22m[2m5 tests[22m[2m)[22m[32m 14[2mms[22m[39m
2026-05-18T17:07:25.7589901Z  [32m✓[39m src/stores/__tests__/assignmentStore.test.ts [2m([22m[2m9 tests[22m[2m)[22m[32m 9[2mms[22m[39m
2026-05-18T17:07:25.8413355Z  [32m✓[39m src/api/__tests__/aiFeatureGate.test.ts [2m([22m[2m16 tests[22m[2m)[22m[32m 28[2mms[22m[39m
2026-05-18T17:07:26.7148119Z  [32m✓[39m src/utils/__tests__/urgency.test.ts [2m([22m[2m12 tests[22m[2m)[22m[32m 60[2mms[22m[39m
2026-05-18T17:07:27.4622778Z  [32m✓[39m src/components/__tests__/BuiltInUpdateBanner.test.tsx [2m([22m[2m10 tests[22m[2m)[22m[32m 272[2mms[22m[39m
2026-05-18T17:07:27.9753583Z  [32m✓[39m src/features/weeklyreview/__tests__/weeklyReviewContent.test.ts [2m([22m[2m14 tests[22m[2m)[22m[32m 21[2mms[22m[39m
2026-05-18T17:07:28.6014939Z  [32m✓[39m src/utils/__tests__/multiCreateDetector.test.ts [2m([22m[2m14 tests[22m[2m)[22m[32m 11[2mms[22m[39m
2026-05-18T17:07:29.4017315Z  [32m✓[39m src/hooks/__tests__/useNdFeatureGate.test.ts [2m([22m[2m18 tests[22m[2m)[22m[32m 10[2mms[22m[39m
2026-05-18T17:07:29.4037363Z  [32m✓[39m src/features/today/__tests__/HabitsSection.test.tsx [2m([22m[2m5 tests[22m[2m)[22m[32m 271[2mms[22m[39m
2026-05-18T17:07:31.4260749Z  [32m✓[39m src/utils/__tests__/dates.test.ts [2m([22m[2m28 tests[22m[2m)[22m[32m 29[2mms[22m[39m
2026-05-18T17:07:31.9195923Z  [32m✓[39m src/utils/__tests__/streaks.advancedTuning.test.ts [2m([22m[2m3 tests[22m[2m)[22m[32m 29[2mms[22m[39m
2026-05-18T17:07:32.7926184Z  [32m✓[39m src/features/tasks/__tests__/selectUnmetBlockerIds.test.ts [2m([22m[2m10 tests[22m[2m)[22m[32m 9[2mms[22m[39m
2026-05-18T17:07:33.1171329Z  [32m✓[39m src/components/__tests__/HabitLogDialog.test.tsx [2m([22m[2m5 tests[22m[2m)[22m[33m 728[2mms[22m[39m
2026-05-18T17:07:33.3387289Z  [32m✓[39m src/api/firestore/__tests__/projectPhases.test.ts [2m([22m[2m5 tests[22m[2m)[22m[32m 9[2mms[22m[39m
2026-05-18T17:07:34.0560714Z  [32m✓[39m src/api/__tests__/aiChat.test.ts [2m([22m[2m6 tests[22m[2m)[22m[32m 9[2mms[22m[39m
2026-05-18T17:07:34.5867406Z  [32m✓[39m src/features/medication/__tests__/refillCalculator.test.ts [2m([22m[2m10 tests[22m[2m)[22m[32m 6[2mms[22m[39m
2026-05-18T17:07:34.7183444Z  [32m✓[39m src/api/firestore/__tests__/projectRisks.test.ts [2m([22m[2m7 tests[22m[2m)[22m[32m 9[2mms[22m[39m
2026-05-18T17:07:35.4113752Z  [32m✓[39m src/api/firestore/__tests__/a11yPreferences.test.ts [2m([22m[2m7 tests[22m[2m)[22m[32m 19[2mms[22m[39m
2026-05-18T17:07:35.8837911Z  [32m✓[39m src/api/firestore/__tests__/medicationSlots.lww.test.ts [2m([22m[2m4 tests[22m[2m)[22m[32m 8[2mms[22m[39m
2026-05-18T17:07:36.0554888Z  [32m✓[39m src/features/today/__tests__/BurnoutBadgeSection.test.ts [2m([22m[2m4 tests[22m[2m)[22m[32m 5[2mms[22m[39m
2026-05-18T17:07:37.3989497Z  [32m✓[39m src/lib/idb/__tests__/database.test.ts [2m([22m[2m5 tests[22m[2m)[22m[32m 31[2mms[22m[39m
2026-05-18T17:07:37.7874278Z  [32m✓[39m src/components/__tests__/TaskConfirmModal.test.tsx [2m([22m[2m5 tests[22m[2m)[22m[33m 789[2mms[22m[39m
2026-05-18T17:07:37.7901371Z      [33m[2m✓[22m[39m saves the unmodified draft when the user taps Save [33m 330[2mms[22m[39m
2026-05-18T17:07:37.7927990Z      [33m[2m✓[22m[39m strips leading # and blank entries from the tags field [33m 305[2mms[22m[39m
2026-05-18T17:07:39.0971554Z  [32m✓[39m src/stores/__tests__/medicationSlotsStore.test.ts [2m([22m[2m4 tests[22m[2m)[22m[32m 7[2mms[22m[39m
2026-05-18T17:07:39.4913418Z  [32m✓[39m src/features/weeklyreview/__tests__/WeeklyReviewsListScreen.test.tsx [2m([22m[2m3 tests[22m[2m)[22m[32m 281[2mms[22m[39m
2026-05-18T17:07:40.2790855Z  [32m✓[39m src/utils/__tests__/medicationBuiltInHabit.test.ts [2m([22m[2m6 tests[22m[2m)[22m[32m 5[2mms[22m[39m
2026-05-18T17:07:40.5156429Z  [31m❯[39m src/components/__tests__/ContributionGrid.test.tsx [2m([22m[2m5 tests[22m[2m | [22m[31m2 failed[39m[2m)[22m[33m 325[2mms[22m[39m
2026-05-18T17:07:40.5205020Z      [32m✓[39m renders the configured title[32m 125[2mms[22m[39m
2026-05-18T17:07:40.5230019Z [31m     [31m×[31m renders 12 weeks of cells by default (7 rows × 12 columns)[39m[32m 65[2mms[22m[39m
2026-05-18T17:07:40.5238428Z      [32m✓[39m buckets recent completions into the grid by date[32m 47[2mms[22m[39m
2026-05-18T17:07:40.5239848Z      [32m✓[39m clamps cells with no completions to count = 0[32m 50[2mms[22m[39m
2026-05-18T17:07:40.5241220Z [31m     [31m×[31m respects a custom weeks count[39m[32m 34[2mms[22m[39m
2026-05-18T17:07:41.1728471Z  [32m✓[39m src/theme/__tests__/PrismThemeProvider.test.tsx [2m([22m[2m3 tests[22m[2m)[22m[32m 119[2mms[22m[39m
2026-05-18T17:07:41.8246029Z  [32m✓[39m src/stores/__tests__/medicationRefillsStore.test.ts [2m([22m[2m3 tests[22m[2m)[22m[32m 7[2mms[22m[39m
2026-05-18T17:07:42.4273133Z  [32m✓[39m src/api/__tests__/pomodoroCoaching.test.ts [2m([22m[2m3 tests[22m[2m)[22m[32m 6[2mms[22m[39m
2026-05-18T17:07:42.9792670Z  [32m✓[39m src/utils/__tests__/goodEnoughTimer.test.ts [2m([22m[2m7 tests[22m[2m)[22m[32m 5[2mms[22m[39m
2026-05-18T17:07:43.2936166Z  [32m✓[39m src/utils/__tests__/export.test.ts [2m([22m[2m8 tests[22m[2m)[22m[33m 1551[2mms[22m[39m
2026-05-18T17:07:43.2964976Z        [33m[2m✓[22m[39m can construct a valid export object [33m 1544[2mms[22m[39m
2026-05-18T17:07:43.3077125Z 
2026-05-18T17:07:43.3077986Z [31m⎯⎯⎯⎯⎯⎯⎯[39m[1m[41m Failed Tests 2 [49m[22m[31m⎯⎯⎯⎯⎯⎯⎯[39m
2026-05-18T17:07:43.3078394Z 
2026-05-18T17:07:43.3082761Z [41m[1m FAIL [22m[49m src/components/__tests__/ContributionGrid.test.tsx[2m > [22mContributionGrid[2m > [22mrenders 12 weeks of cells by default (7 rows × 12 columns)
2026-05-18T17:07:43.3089235Z [31m[1mAssertionError[22m: expected 78 to be greater than or equal to 79[39m
2026-05-18T17:07:43.3090826Z [36m [2m❯[22m src/components/__tests__/ContributionGrid.test.tsx:[2m36:26[22m[39m
2026-05-18T17:07:43.3262997Z     [90m 34|[39m     [90m// count is ≤ 84 and ≥ 79 (12 weeks − up to 5 future days).[39m
2026-05-18T17:07:43.3264498Z     [90m 35|[39m     [34mexpect[39m(cells[33m.[39mlength)[33m.[39m[34mtoBeLessThanOrEqual[39m([34m84[39m)[33m;[39m
2026-05-18T17:07:43.3265764Z     [90m 36|[39m     [34mexpect[39m(cells[33m.[39mlength)[33m.[39m[34mtoBeGreaterThanOrEqual[39m([34m79[39m)[33m;[39m
2026-05-18T17:07:43.3266533Z     [90m   |[39m                          [31m^[39m
2026-05-18T17:07:43.3266935Z     [90m 37|[39m   })[33m;[39m
2026-05-18T17:07:43.3267230Z     [90m 38|[39m
2026-05-18T17:07:43.3267354Z 
2026-05-18T17:07:43.3267994Z [31m[2m⎯⎯⎯⎯⎯⎯⎯⎯⎯⎯⎯⎯⎯⎯⎯⎯⎯⎯⎯⎯⎯⎯⎯⎯[1/2]⎯[22m[39m
2026-05-18T17:07:43.3270522Z 
2026-05-18T17:07:43.3272088Z [41m[1m FAIL [22m[49m src/components/__tests__/ContributionGrid.test.tsx[2m > [22mContributionGrid[2m > [22mrespects a custom weeks count
2026-05-18T17:07:43.3273724Z [31m[1mAssertionError[22m: expected 22 to be greater than or equal to 23[39m
2026-05-18T17:07:43.3275253Z [36m [2m❯[22m src/components/__tests__/ContributionGrid.test.tsx:[2m81:26[22m[39m
2026-05-18T17:07:43.3276400Z     [90m 79|[39m     // 4 weeks = at most 28 days, at least 23 (4 × 7 minus future spac…
2026-05-18T17:07:43.3277873Z     [90m 80|[39m     [34mexpect[39m(cells[33m.[39mlength)[33m.[39m[34mtoBeLessThanOrEqual[39m([34m28[39m)[33m;[39m
2026-05-18T17:07:43.3279548Z     [90m 81|[39m     [34mexpect[39m(cells[33m.[39mlength)[33m.[39m[34mtoBeGreaterThanOrEqual[39m([34m23[39m)[33m;[39m
2026-05-18T17:07:43.3280477Z     [90m   |[39m                          [31m^[39m
2026-05-18T17:07:43.3280838Z     [90m 82|[39m   })[33m;[39m
2026-05-18T17:07:43.3281151Z     [90m 83|[39m })[33m;[39m
2026-05-18T17:07:43.3281327Z 
2026-05-18T17:07:43.3281603Z [31m[2m⎯⎯⎯⎯⎯⎯⎯⎯⎯⎯⎯⎯⎯⎯⎯⎯⎯⎯⎯⎯⎯⎯⎯⎯[2/2]⎯[22m[39m
2026-05-18T17:07:43.3281811Z 
2026-05-18T17:07:43.3281859Z 
2026-05-18T17:07:43.3289315Z [2m Test Files [22m [1m[31m1 failed[39m[22m[2m | [22m[1m[32m46 passed[39m[22m[90m (47)[39m
2026-05-18T17:07:43.3293969Z [2m      Tests [22m [1m[31m2 failed[39m[22m[2m | [22m[1m[32m549 passed[39m[22m[90m (551)[39m
2026-05-18T17:07:43.3294948Z [2m   Start at [22m 17:07:13
2026-05-18T17:07:43.3305549Z [2m   Duration [22m 29.73s[2m (transform 1.40s, setup 5.80s, import 21.39s, tests 5.73s, environment 45.72s)[22m
2026-05-18T17:07:43.3306092Z 
2026-05-18T17:07:43.3323685Z 
2026-05-18T17:07:43.3348547Z ##[error]AssertionError: expected 78 to be greater than or equal to 79
 ❯ src/components/__tests__/ContributionGrid.test.tsx:36:26


2026-05-18T17:07:43.3357273Z 
2026-05-18T17:07:43.3358890Z ##[error]AssertionError: expected 22 to be greater than or equal to 23
 ❯ src/components/__tests__/ContributionGrid.test.tsx:81:26


2026-05-18T17:07:43.3811329Z ##[error]Process completed with exit code 1.
2026-05-18T17:07:43.3881793Z Post job cleanup.
2026-05-18T17:07:43.3959468Z Post job cleanup.
2026-05-18T17:07:43.4766996Z [command]/usr/bin/git version
2026-05-18T17:07:43.4803192Z git version 2.54.0
2026-05-18T17:07:43.4842335Z Temporarily overriding HOME='/home/runner/work/_temp/2926269b-9a99-4db5-9725-31ad720f1342' before making global git config changes
2026-05-18T17:07:43.4843670Z Adding repository directory to the temporary git global config as a safe directory
2026-05-18T17:07:43.4847688Z [command]/usr/bin/git config --global --add safe.directory /home/runner/work/prismTask/prismTask
2026-05-18T17:07:43.4878189Z Removing SSH command configuration
2026-05-18T17:07:43.4884457Z [command]/usr/bin/git config --local --name-only --get-regexp core\.sshCommand
2026-05-18T17:07:43.4919068Z [command]/usr/bin/git submodule foreach --recursive sh -c "git config --local --name-only --get-regexp 'core\.sshCommand' && git config --local --unset-all 'core.sshCommand' || :"
2026-05-18T17:07:43.5141839Z Removing HTTP extra header
2026-05-18T17:07:43.5146739Z [command]/usr/bin/git config --local --name-only --get-regexp http\.https\:\/\/github\.com\/\.extraheader
2026-05-18T17:07:43.5178117Z [command]/usr/bin/git submodule foreach --recursive sh -c "git config --local --name-only --get-regexp 'http\.https\:\/\/github\.com\/\.extraheader' && git config --local --unset-all 'http.https://github.com/.extraheader' || :"
2026-05-18T17:07:43.5399171Z Removing includeIf entries pointing to credentials config files
2026-05-18T17:07:43.5405775Z [command]/usr/bin/git config --local --name-only --get-regexp ^includeIf\.gitdir:
2026-05-18T17:07:43.5464014Z includeif.gitdir:/home/runner/work/prismTask/prismTask/.git.path
2026-05-18T17:07:43.5465337Z includeif.gitdir:/home/runner/work/prismTask/prismTask/.git/worktrees/*.path
2026-05-18T17:07:43.5466190Z includeif.gitdir:/github/workspace/.git.path
2026-05-18T17:07:43.5466924Z includeif.gitdir:/github/workspace/.git/worktrees/*.path
2026-05-18T17:07:43.5474405Z [command]/usr/bin/git config --local --get-all includeif.gitdir:/home/runner/work/prismTask/prismTask/.git.path
2026-05-18T17:07:43.5495129Z /home/runner/work/_temp/git-credentials-37fed35f-d7a1-429c-aa0b-4d5b51088101.config
2026-05-18T17:07:43.5506629Z [command]/usr/bin/git config --local --unset includeif.gitdir:/home/runner/work/prismTask/prismTask/.git.path /home/runner/work/_temp/git-credentials-37fed35f-d7a1-429c-aa0b-4d5b51088101.config
2026-05-18T17:07:43.5542281Z [command]/usr/bin/git config --local --get-all includeif.gitdir:/home/runner/work/prismTask/prismTask/.git/worktrees/*.path
2026-05-18T17:07:43.5566360Z /home/runner/work/_temp/git-credentials-37fed35f-d7a1-429c-aa0b-4d5b51088101.config
2026-05-18T17:07:43.5578962Z [command]/usr/bin/git config --local --unset includeif.gitdir:/home/runner/work/prismTask/prismTask/.git/worktrees/*.path /home/runner/work/_temp/git-credentials-37fed35f-d7a1-429c-aa0b-4d5b51088101.config
2026-05-18T17:07:43.5613380Z [command]/usr/bin/git config --local --get-all includeif.gitdir:/github/workspace/.git.path
2026-05-18T17:07:43.5636971Z /github/runner_temp/git-credentials-37fed35f-d7a1-429c-aa0b-4d5b51088101.config
2026-05-18T17:07:43.5648064Z [command]/usr/bin/git config --local --unset includeif.gitdir:/github/workspace/.git.path /github/runner_temp/git-credentials-37fed35f-d7a1-429c-aa0b-4d5b51088101.config
2026-05-18T17:07:43.5679102Z [command]/usr/bin/git config --local --get-all includeif.gitdir:/github/workspace/.git/worktrees/*.path
2026-05-18T17:07:43.5700001Z /github/runner_temp/git-credentials-37fed35f-d7a1-429c-aa0b-4d5b51088101.config
2026-05-18T17:07:43.5709606Z [command]/usr/bin/git config --local --unset includeif.gitdir:/github/workspace/.git/worktrees/*.path /github/runner_temp/git-credentials-37fed35f-d7a1-429c-aa0b-4d5b51088101.config
2026-05-18T17:07:43.5741793Z [command]/usr/bin/git submodule foreach --recursive git config --local --show-origin --name-only --get-regexp remote.origin.url
2026-05-18T17:07:43.5975621Z Removing credentials config '/home/runner/work/_temp/git-credentials-37fed35f-d7a1-429c-aa0b-4d5b51088101.config'
2026-05-18T17:07:43.6130767Z Cleaning up orphan processes
2026-05-18T17:07:43.6429736Z ##[warning]Node.js 20 actions are deprecated. The following actions are running on Node.js 20 and may not work as expected: actions/setup-node@v4. Actions will be forced to run with Node.js 24 by default starting June 2nd, 2026. Node.js 20 will be removed from the runner on September 16th, 2026. Please check if updated versions of these actions are available that support Node.js 24. To opt into Node.js 24 now, set the FORCE_JAVASCRIPT_ACTIONS_TO_NODE24=true environment variable on the runner or in your workflow file. Once Node.js 24 becomes the default, you can temporarily opt out by setting ACTIONS_ALLOW_USE_UNSECURE_NODE_VERSION=true. For more information see: https://github.blog/changelog/2025-09-19-deprecation-of-node-20-on-github-actions-runners/


--- Job: web-lint-and-test (id 76578451702) ---
2026-05-18T17:07:50.3484165Z Current runner version: '2.334.0'
2026-05-18T17:07:50.3509206Z ##[group]Runner Image Provisioner
2026-05-18T17:07:50.3510018Z Hosted Compute Agent
2026-05-18T17:07:50.3510569Z Version: 20260213.493
2026-05-18T17:07:50.3511461Z Commit: 5c115507f6dd24b8de37d8bbe0bb4509d0cc0fa3
2026-05-18T17:07:50.3512141Z Build Date: 2026-02-13T00:28:41Z
2026-05-18T17:07:50.3512794Z Worker ID: {7b63299b-57f7-4a62-8052-e1a7322de585}
2026-05-18T17:07:50.3513540Z Azure Region: centralus
2026-05-18T17:07:50.3514154Z ##[endgroup]
2026-05-18T17:07:50.3515443Z ##[group]Operating System
2026-05-18T17:07:50.3516132Z Ubuntu
2026-05-18T17:07:50.3516578Z 24.04.4
2026-05-18T17:07:50.3517058Z LTS
2026-05-18T17:07:50.3517515Z ##[endgroup]
2026-05-18T17:07:50.3518078Z ##[group]Runner Image
2026-05-18T17:07:50.3518638Z Image: ubuntu-24.04
2026-05-18T17:07:50.3519153Z Version: 20260513.135.3
2026-05-18T17:07:50.3520383Z Included Software: https://github.com/actions/runner-images/blob/ubuntu24/20260513.135/images/ubuntu/Ubuntu2404-Readme.md
2026-05-18T17:07:50.3522248Z Image Release: https://github.com/actions/runner-images/releases/tag/ubuntu24%2F20260513.135
2026-05-18T17:07:50.3523151Z ##[endgroup]
2026-05-18T17:07:50.3524290Z ##[group]GITHUB_TOKEN Permissions
2026-05-18T17:07:50.3526278Z Actions: read
2026-05-18T17:07:50.3526960Z Checks: read
2026-05-18T17:07:50.3527579Z Contents: write
2026-05-18T17:07:50.3528485Z Metadata: read
2026-05-18T17:07:50.3529144Z ##[endgroup]
2026-05-18T17:07:50.3531725Z Secret source: Actions
2026-05-18T17:07:50.3532567Z Prepare workflow directory
2026-05-18T17:07:50.3866177Z Prepare all required actions
2026-05-18T17:07:50.3957370Z Complete job name: web-lint-and-test
2026-05-18T17:07:50.5010085Z ##[group]Run if [ 'success' != 'success' ]; then
2026-05-18T17:07:50.5011551Z [36;1mif [ 'success' != 'success' ]; then[0m
2026-05-18T17:07:50.5012743Z [36;1m  echo "web-lint finished with success" >&2[0m
2026-05-18T17:07:50.5013983Z [36;1m  exit 1[0m
2026-05-18T17:07:50.5014662Z [36;1mfi[0m
2026-05-18T17:07:50.5015607Z [36;1mif [ 'failure' != 'success' ]; then[0m
2026-05-18T17:07:50.5016725Z [36;1m  echo "web-unit-tests finished with failure" >&2[0m
2026-05-18T17:07:50.5017696Z [36;1m  exit 1[0m
2026-05-18T17:07:50.5018560Z [36;1mfi[0m
2026-05-18T17:07:50.5019347Z [36;1mif [ 'success' != 'success' ]; then[0m
2026-05-18T17:07:50.5020386Z [36;1m  echo "web-build finished with success" >&2[0m
2026-05-18T17:07:50.5021673Z [36;1m  exit 1[0m
2026-05-18T17:07:50.5022423Z [36;1mfi[0m
2026-05-18T17:07:50.5023463Z [36;1mecho "✓ Split web lint, unit-test shards, and build passed."[0m
2026-05-18T17:07:50.5410884Z shell: /usr/bin/bash -e {0}
2026-05-18T17:07:50.5412812Z ##[endgroup]
2026-05-18T17:07:50.5684692Z web-unit-tests finished with failure
2026-05-18T17:07:50.5733941Z ##[error]Process completed with exit code 1.
2026-05-18T17:07:50.5997313Z Cleaning up orphan processes
