=== CI FAILURE ===
Workflow:      Web CI
Workflow file: averycorp/prismTask/.github/workflows/web-ci.yml@refs/pull/1444/merge
Job(s):        web-lint, web-lint-and-test
Run ID:        25900309515
Run attempt:   1
Run URL:       https://github.com/averycorp/prismTask/actions/runs/25900309515
Commit:        514cde7658ab3f7e10d87202fe311d1825077f16
Branch:        1444/merge
Event:         pull_request
Actor:         akarlin3
Runner OS:     Linux
Timestamp:     2026-05-15T04:31:45.136Z

Failed steps:
  - web-lint: #5 Run ESLint
  - web-lint-and-test: #2 Verify split web checks

=== FAILED JOB LOG ===

--- Job: web-lint (id 76122092178) ---
2026-05-15T04:30:39.1541410Z Current runner version: '2.334.0'
2026-05-15T04:30:39.1565298Z ##[group]Runner Image Provisioner
2026-05-15T04:30:39.1566202Z Hosted Compute Agent
2026-05-15T04:30:39.1566706Z Version: 20260213.493
2026-05-15T04:30:39.1567341Z Commit: 5c115507f6dd24b8de37d8bbe0bb4509d0cc0fa3
2026-05-15T04:30:39.1568128Z Build Date: 2026-02-13T00:28:41Z
2026-05-15T04:30:39.1568755Z Worker ID: {475848be-0102-40ff-96f8-cf2465444cfb}
2026-05-15T04:30:39.1569450Z Azure Region: westcentralus
2026-05-15T04:30:39.1570113Z ##[endgroup]
2026-05-15T04:30:39.1572091Z ##[group]Operating System
2026-05-15T04:30:39.1572678Z Ubuntu
2026-05-15T04:30:39.1573257Z 24.04.4
2026-05-15T04:30:39.1573690Z LTS
2026-05-15T04:30:39.1574171Z ##[endgroup]
2026-05-15T04:30:39.1574738Z ##[group]Runner Image
2026-05-15T04:30:39.1575261Z Image: ubuntu-24.04
2026-05-15T04:30:39.1575819Z Version: 20260413.86.1
2026-05-15T04:30:39.1577028Z Included Software: https://github.com/actions/runner-images/blob/ubuntu24/20260413.86/images/ubuntu/Ubuntu2404-Readme.md
2026-05-15T04:30:39.1578417Z Image Release: https://github.com/actions/runner-images/releases/tag/ubuntu24%2F20260413.86
2026-05-15T04:30:39.1579402Z ##[endgroup]
2026-05-15T04:30:39.1580792Z ##[group]GITHUB_TOKEN Permissions
2026-05-15T04:30:39.1583023Z Actions: read
2026-05-15T04:30:39.1583552Z Checks: read
2026-05-15T04:30:39.1584096Z Contents: write
2026-05-15T04:30:39.1584557Z Metadata: read
2026-05-15T04:30:39.1585140Z ##[endgroup]
2026-05-15T04:30:39.1587131Z Secret source: Actions
2026-05-15T04:30:39.1588149Z Prepare workflow directory
2026-05-15T04:30:39.1987235Z Prepare all required actions
2026-05-15T04:30:39.2023667Z Getting action download info
2026-05-15T04:30:39.5675117Z Download action repository 'actions/checkout@v6' (SHA:de0fac2e4500dabe0009e67214ff5f5447ce83dd)
2026-05-15T04:30:39.7951522Z Complete job name: web-lint
2026-05-15T04:30:39.8646605Z ##[group]Run actions/checkout@v6
2026-05-15T04:30:39.8647374Z with:
2026-05-15T04:30:39.8647773Z   repository: averycorp/prismTask
2026-05-15T04:30:39.8648421Z   token: ***
2026-05-15T04:30:39.8648798Z   ssh-strict: true
2026-05-15T04:30:39.8649172Z   ssh-user: git
2026-05-15T04:30:39.8649565Z   persist-credentials: true
2026-05-15T04:30:39.8649989Z   clean: true
2026-05-15T04:30:39.8650389Z   sparse-checkout-cone-mode: true
2026-05-15T04:30:39.8651144Z   fetch-depth: 1
2026-05-15T04:30:39.8651519Z   fetch-tags: false
2026-05-15T04:30:39.8651918Z   show-progress: true
2026-05-15T04:30:39.8652304Z   lfs: false
2026-05-15T04:30:39.8652667Z   submodules: false
2026-05-15T04:30:39.8653053Z   set-safe-directory: true
2026-05-15T04:30:39.8653708Z ##[endgroup]
2026-05-15T04:30:39.9617373Z Syncing repository: averycorp/prismTask
2026-05-15T04:30:39.9618999Z ##[group]Getting Git version info
2026-05-15T04:30:39.9619659Z Working directory is '/home/runner/work/prismTask/prismTask'
2026-05-15T04:30:39.9620966Z [command]/usr/bin/git version
2026-05-15T04:30:39.9649296Z git version 2.53.0
2026-05-15T04:30:39.9671793Z ##[endgroup]
2026-05-15T04:30:39.9687318Z Temporarily overriding HOME='/home/runner/work/_temp/2c76e293-f766-4bed-a6d1-95029a30a09b' before making global git config changes
2026-05-15T04:30:39.9689465Z Adding repository directory to the temporary git global config as a safe directory
2026-05-15T04:30:39.9693262Z [command]/usr/bin/git config --global --add safe.directory /home/runner/work/prismTask/prismTask
2026-05-15T04:30:39.9726513Z Deleting the contents of '/home/runner/work/prismTask/prismTask'
2026-05-15T04:30:39.9730268Z ##[group]Initializing the repository
2026-05-15T04:30:39.9735082Z [command]/usr/bin/git init /home/runner/work/prismTask/prismTask
2026-05-15T04:30:39.9795093Z hint: Using 'master' as the name for the initial branch. This default branch name
2026-05-15T04:30:39.9796843Z hint: will change to "main" in Git 3.0. To configure the initial branch name
2026-05-15T04:30:39.9798377Z hint: to use in all of your new repositories, which will suppress this warning,
2026-05-15T04:30:39.9799336Z hint: call:
2026-05-15T04:30:39.9800291Z hint:
2026-05-15T04:30:39.9801728Z hint: 	git config --global init.defaultBranch <name>
2026-05-15T04:30:39.9802719Z hint:
2026-05-15T04:30:39.9803564Z hint: Names commonly chosen instead of 'master' are 'main', 'trunk' and
2026-05-15T04:30:39.9804963Z hint: 'development'. The just-created branch can be renamed via this command:
2026-05-15T04:30:39.9806033Z hint:
2026-05-15T04:30:39.9806615Z hint: 	git branch -m <name>
2026-05-15T04:30:39.9807310Z hint:
2026-05-15T04:30:39.9808223Z hint: Disable this message with "git config set advice.defaultBranchName false"
2026-05-15T04:30:39.9809729Z Initialized empty Git repository in /home/runner/work/prismTask/prismTask/.git/
2026-05-15T04:30:39.9812726Z [command]/usr/bin/git remote add origin https://github.com/averycorp/prismTask
2026-05-15T04:30:39.9874591Z ##[endgroup]
2026-05-15T04:30:39.9875669Z ##[group]Disabling automatic garbage collection
2026-05-15T04:30:39.9879249Z [command]/usr/bin/git config --local gc.auto 0
2026-05-15T04:30:39.9908035Z ##[endgroup]
2026-05-15T04:30:39.9909096Z ##[group]Setting up auth
2026-05-15T04:30:39.9909877Z Removing SSH command configuration
2026-05-15T04:30:39.9915420Z [command]/usr/bin/git config --local --name-only --get-regexp core\.sshCommand
2026-05-15T04:30:39.9947137Z [command]/usr/bin/git submodule foreach --recursive sh -c "git config --local --name-only --get-regexp 'core\.sshCommand' && git config --local --unset-all 'core.sshCommand' || :"
2026-05-15T04:30:40.0222313Z Removing HTTP extra header
2026-05-15T04:30:40.0227653Z [command]/usr/bin/git config --local --name-only --get-regexp http\.https\:\/\/github\.com\/\.extraheader
2026-05-15T04:30:40.0258594Z [command]/usr/bin/git submodule foreach --recursive sh -c "git config --local --name-only --get-regexp 'http\.https\:\/\/github\.com\/\.extraheader' && git config --local --unset-all 'http.https://github.com/.extraheader' || :"
2026-05-15T04:30:40.0478536Z Removing includeIf entries pointing to credentials config files
2026-05-15T04:30:40.0485118Z [command]/usr/bin/git config --local --name-only --get-regexp ^includeIf\.gitdir:
2026-05-15T04:30:40.0517129Z [command]/usr/bin/git submodule foreach --recursive git config --local --show-origin --name-only --get-regexp remote.origin.url
2026-05-15T04:30:40.0749337Z [command]/usr/bin/git config --file /home/runner/work/_temp/git-credentials-5f02e194-888e-4ed2-8e41-04e6d2a13984.config http.https://github.com/.extraheader AUTHORIZATION: basic ***
2026-05-15T04:30:40.0787423Z [command]/usr/bin/git config --local includeIf.gitdir:/home/runner/work/prismTask/prismTask/.git.path /home/runner/work/_temp/git-credentials-5f02e194-888e-4ed2-8e41-04e6d2a13984.config
2026-05-15T04:30:40.0818527Z [command]/usr/bin/git config --local includeIf.gitdir:/home/runner/work/prismTask/prismTask/.git/worktrees/*.path /home/runner/work/_temp/git-credentials-5f02e194-888e-4ed2-8e41-04e6d2a13984.config
2026-05-15T04:30:40.0849581Z [command]/usr/bin/git config --local includeIf.gitdir:/github/workspace/.git.path /github/runner_temp/git-credentials-5f02e194-888e-4ed2-8e41-04e6d2a13984.config
2026-05-15T04:30:40.0883371Z [command]/usr/bin/git config --local includeIf.gitdir:/github/workspace/.git/worktrees/*.path /github/runner_temp/git-credentials-5f02e194-888e-4ed2-8e41-04e6d2a13984.config
2026-05-15T04:30:40.0912070Z ##[endgroup]
2026-05-15T04:30:40.0913113Z ##[group]Fetching the repository
2026-05-15T04:30:40.0920781Z [command]/usr/bin/git -c protocol.version=2 fetch --no-tags --prune --no-recurse-submodules --depth=1 origin +514cde7658ab3f7e10d87202fe311d1825077f16:refs/remotes/pull/1444/merge
2026-05-15T04:30:41.9364273Z From https://github.com/averycorp/prismTask
2026-05-15T04:30:41.9366990Z  * [new ref]         514cde7658ab3f7e10d87202fe311d1825077f16 -> pull/1444/merge
2026-05-15T04:30:41.9395504Z ##[endgroup]
2026-05-15T04:30:41.9396976Z ##[group]Determining the checkout info
2026-05-15T04:30:41.9398285Z ##[endgroup]
2026-05-15T04:30:41.9402287Z [command]/usr/bin/git sparse-checkout disable
2026-05-15T04:30:41.9442973Z [command]/usr/bin/git config --local --unset-all extensions.worktreeConfig
2026-05-15T04:30:41.9472126Z ##[group]Checking out the ref
2026-05-15T04:30:41.9474410Z [command]/usr/bin/git checkout --progress --force refs/remotes/pull/1444/merge
2026-05-15T04:30:42.2471134Z Note: switching to 'refs/remotes/pull/1444/merge'.
2026-05-15T04:30:42.2471696Z 
2026-05-15T04:30:42.2472106Z You are in 'detached HEAD' state. You can look around, make experimental
2026-05-15T04:30:42.2472898Z changes and commit them, and you can discard any commits you make in this
2026-05-15T04:30:42.2473733Z state without impacting any branches by switching back to a branch.
2026-05-15T04:30:42.2474212Z 
2026-05-15T04:30:42.2474579Z If you want to create a new branch to retain commits you create, you may
2026-05-15T04:30:42.2475331Z do so (now or later) by using -c with the switch command. Example:
2026-05-15T04:30:42.2475806Z 
2026-05-15T04:30:42.2475997Z   git switch -c <new-branch-name>
2026-05-15T04:30:42.2476343Z 
2026-05-15T04:30:42.2476526Z Or undo this operation with:
2026-05-15T04:30:42.2476828Z 
2026-05-15T04:30:42.2476987Z   git switch -
2026-05-15T04:30:42.2477216Z 
2026-05-15T04:30:42.2477590Z Turn off this advice by setting config variable advice.detachedHead to false
2026-05-15T04:30:42.2478088Z 
2026-05-15T04:30:42.2478666Z HEAD is now at 514cde7 Merge 75644ee7cdc64191cd6a175124133bc865d4520c into 5603857dd35c98565995aadd37c97f60d9728941
2026-05-15T04:30:42.2497867Z ##[endgroup]
2026-05-15T04:30:42.2538490Z [command]/usr/bin/git log -1 --format=%H
2026-05-15T04:30:42.2563367Z 514cde7658ab3f7e10d87202fe311d1825077f16
2026-05-15T04:30:42.2851190Z Prepare all required actions
2026-05-15T04:30:42.2851695Z Getting action download info
2026-05-15T04:30:42.4360906Z Download action repository 'actions/setup-node@v4' (SHA:49933ea5288caeca8642d1e84afbd3f7d6820020)
2026-05-15T04:30:42.5883624Z ##[group]Run ./.github/actions/setup-node-web
2026-05-15T04:30:42.5883922Z ##[endgroup]
2026-05-15T04:30:42.6007621Z ##[group]Run actions/setup-node@v4
2026-05-15T04:30:42.6007920Z with:
2026-05-15T04:30:42.6008169Z   node-version: 22
2026-05-15T04:30:42.6008369Z   cache: npm
2026-05-15T04:30:42.6008597Z   cache-dependency-path: web/package-lock.json
2026-05-15T04:30:42.6008881Z   always-auth: false
2026-05-15T04:30:42.6009080Z   check-latest: false
2026-05-15T04:30:42.6009425Z   token: ***
2026-05-15T04:30:42.6009621Z ##[endgroup]
2026-05-15T04:30:42.7831786Z Found in cache @ /opt/hostedtoolcache/node/22.22.2/x64
2026-05-15T04:30:42.7837620Z ##[group]Environment details
2026-05-15T04:30:45.7707083Z node: v22.22.2
2026-05-15T04:30:45.7707595Z npm: 10.9.7
2026-05-15T04:30:45.7707842Z yarn: 1.22.22
2026-05-15T04:30:45.7709053Z ##[endgroup]
2026-05-15T04:30:45.7730762Z [command]/opt/hostedtoolcache/node/22.22.2/x64/bin/npm config get cache
2026-05-15T04:30:45.9469508Z /home/runner/.npm
2026-05-15T04:30:46.1665249Z npm cache is not found
2026-05-15T04:30:46.1827348Z ##[group]Run npm ci
2026-05-15T04:30:46.1827648Z [36;1mnpm ci[0m
2026-05-15T04:30:46.2147171Z shell: /usr/bin/bash --noprofile --norc -e -o pipefail {0}
2026-05-15T04:30:46.2147731Z ##[endgroup]
2026-05-15T04:30:58.1463114Z 
2026-05-15T04:30:58.1472456Z added 435 packages, and audited 436 packages in 12s
2026-05-15T04:30:58.1472996Z 
2026-05-15T04:30:58.1473317Z 94 packages are looking for funding
2026-05-15T04:30:58.1473788Z   run `npm fund` for details
2026-05-15T04:30:58.1540125Z 
2026-05-15T04:30:58.1541092Z 3 vulnerabilities (2 moderate, 1 critical)
2026-05-15T04:30:58.1541491Z 
2026-05-15T04:30:58.1541697Z To address all issues, run:
2026-05-15T04:30:58.1542080Z   npm audit fix
2026-05-15T04:30:58.1542312Z 
2026-05-15T04:30:58.1542493Z Run `npm audit` for details.
2026-05-15T04:30:58.2182092Z ##[group]Run npm run lint
2026-05-15T04:30:58.2182348Z [36;1mnpm run lint[0m
2026-05-15T04:30:58.2205306Z shell: /usr/bin/bash -e {0}
2026-05-15T04:30:58.2205561Z ##[endgroup]
2026-05-15T04:30:58.3199409Z 
2026-05-15T04:30:58.3200004Z > web@1.6.0 lint
2026-05-15T04:30:58.3200400Z > eslint .
2026-05-15T04:30:58.3200786Z 
2026-05-15T04:31:14.6791842Z 
2026-05-15T04:31:14.6795558Z /home/runner/work/prismTask/prismTask/web/src/features/medication/MedicationEditorDialog.tsx
2026-05-15T04:31:14.6797573Z   190:7  error  Error: Calling setState synchronously within an effect can trigger cascading renders
2026-05-15T04:31:14.6818874Z 
2026-05-15T04:31:14.6821260Z Effects are intended to synchronize state between React and external systems such as manually updating the DOM, state management libraries, or other platform APIs. In general, the body of an effect should do one or both of the following:
2026-05-15T04:31:14.6823294Z * Update external systems with the latest state from React.
2026-05-15T04:31:14.6827647Z * Subscribe for updates from some external system, calling setState in a callback function when external state changes.
2026-05-15T04:31:14.6828577Z 
2026-05-15T04:31:14.6834366Z Calling setState synchronously within an effect body causes cascading renders that can hurt performance, and is not recommended. (https://react.dev/learn/you-might-not-need-an-effect).
2026-05-15T04:31:14.6835698Z 
2026-05-15T04:31:14.6860811Z /home/runner/work/prismTask/prismTask/web/src/features/medication/MedicationEditorDialog.tsx:190:7
2026-05-15T04:31:14.6861835Z   188 |   useEffect(() => {
2026-05-15T04:31:14.6880409Z   189 |     if (isOpen) {
2026-05-15T04:31:14.6881395Z > 190 |       setForm(initialState(initial));
2026-05-15T04:31:14.6882220Z       |       ^^^^^^^ Avoid calling setState() directly within an effect
2026-05-15T04:31:14.6887689Z   191 |       setErrors({});
2026-05-15T04:31:14.6888293Z   192 |     }
2026-05-15T04:31:14.6908184Z   193 |   }, [isOpen, initial]);  react-hooks/set-state-in-effect
2026-05-15T04:31:14.6908761Z 
2026-05-15T04:31:14.6909589Z /home/runner/work/prismTask/prismTask/web/src/features/medication/MedicationRefillScreen.tsx
2026-05-15T04:31:14.6910998Z    88:17  error  Error: Cannot call impure function during render
2026-05-15T04:31:14.6916760Z 
2026-05-15T04:31:14.6918852Z `Date.now` is an impure function. Calling an impure function can produce unstable results that update unpredictably when the component happens to re-render. (https://react.dev/reference/rules/components-and-hooks-must-be-pure#components-and-hooks-must-be-idempotent).
2026-05-15T04:31:14.6920787Z 
2026-05-15T04:31:14.6921598Z /home/runner/work/prismTask/prismTask/web/src/features/medication/MedicationRefillScreen.tsx:88:17
2026-05-15T04:31:14.6922468Z   86 |
2026-05-15T04:31:14.6922943Z   87 |   const forecasts = useMemo(() => {
2026-05-15T04:31:14.6923561Z > 88 |     const now = Date.now();
2026-05-15T04:31:14.6924175Z      |                 ^^^^^^^^^^ Cannot call impure function
2026-05-15T04:31:14.6924906Z   89 |     const map = new Map<string, RefillForecast>();
2026-05-15T04:31:14.6925576Z   90 |     for (const refill of refills) {
2026-05-15T04:31:14.6927268Z   91 |       map.set(refill.id, forecastRefill(refill, now));                                                                                                                                                                                                                                                                                                                               react-hooks/purity
2026-05-15T04:31:14.6929335Z   382:7   error  Error: Calling setState synchronously within an effect can trigger cascading renders
2026-05-15T04:31:14.6930044Z 
2026-05-15T04:31:14.6931817Z Effects are intended to synchronize state between React and external systems such as manually updating the DOM, state management libraries, or other platform APIs. In general, the body of an effect should do one or both of the following:
2026-05-15T04:31:14.6934064Z * Update external systems with the latest state from React.
2026-05-15T04:31:14.6935286Z * Subscribe for updates from some external system, calling setState in a callback function when external state changes.
2026-05-15T04:31:14.6936094Z 
2026-05-15T04:31:14.6937603Z Calling setState synchronously within an effect body causes cascading renders that can hurt performance, and is not recommended. (https://react.dev/learn/you-might-not-need-an-effect).
2026-05-15T04:31:14.6939049Z 
2026-05-15T04:31:14.6945637Z /home/runner/work/prismTask/prismTask/web/src/features/medication/MedicationRefillScreen.tsx:382:7
2026-05-15T04:31:14.6946561Z   380 |   useEffect(() => {
2026-05-15T04:31:14.6947059Z   381 |     if (isOpen) {
2026-05-15T04:31:14.6947686Z > 382 |       setForm(initialEditorState(initial));
2026-05-15T04:31:14.6948421Z       |       ^^^^^^^ Avoid calling setState() directly within an effect
2026-05-15T04:31:14.6949138Z   383 |       setErrors({});
2026-05-15T04:31:14.6949756Z   384 |     }
2026-05-15T04:31:14.6953492Z   385 |   }, [isOpen, initial]);  react-hooks/set-state-in-effect
2026-05-15T04:31:14.6954054Z 
2026-05-15T04:31:14.6954716Z /home/runner/work/prismTask/prismTask/web/src/features/selfcare/SelfCareScreen.tsx
2026-05-15T04:31:14.6955793Z   35:31  error  Error: Cannot call impure function during render
2026-05-15T04:31:14.6956329Z 
2026-05-15T04:31:14.6958255Z `Date.now` is an impure function. Calling an impure function can produce unstable results that update unpredictably when the component happens to re-render. (https://react.dev/reference/rules/components-and-hooks-must-be-pure#components-and-hooks-must-be-idempotent).
2026-05-15T04:31:14.6959900Z 
2026-05-15T04:31:14.6960822Z /home/runner/work/prismTask/prismTask/web/src/features/selfcare/SelfCareScreen.tsx:35:31
2026-05-15T04:31:14.6961732Z   33 |
2026-05-15T04:31:14.6962250Z   34 |   const todayMs = useMemo(
2026-05-15T04:31:14.6980042Z > 35 |     () => startOfLogicalDayMs(Date.now(), startOfDayHour),
2026-05-15T04:31:14.6981264Z      |                               ^^^^^^^^^^ Cannot call impure function
2026-05-15T04:31:14.6981958Z   36 |     [startOfDayHour],
2026-05-15T04:31:14.6993418Z   37 |   );
2026-05-15T04:31:14.6993916Z   38 |  react-hooks/purity
2026-05-15T04:31:14.6994306Z 
2026-05-15T04:31:14.6994980Z /home/runner/work/prismTask/prismTask/web/src/features/today/PlanForTodaySheet.tsx
2026-05-15T04:31:14.6996337Z   73:7  error  Error: Calling setState synchronously within an effect can trigger cascading renders
2026-05-15T04:31:14.6997050Z 
2026-05-15T04:31:14.6998690Z Effects are intended to synchronize state between React and external systems such as manually updating the DOM, state management libraries, or other platform APIs. In general, the body of an effect should do one or both of the following:
2026-05-15T04:31:14.7000420Z * Update external systems with the latest state from React.
2026-05-15T04:31:14.7002096Z * Subscribe for updates from some external system, calling setState in a callback function when external state changes.
2026-05-15T04:31:14.7002950Z 
2026-05-15T04:31:14.7004344Z Calling setState synchronously within an effect body causes cascading renders that can hurt performance, and is not recommended. (https://react.dev/learn/you-might-not-need-an-effect).
2026-05-15T04:31:14.7005567Z 
2026-05-15T04:31:14.7006296Z /home/runner/work/prismTask/prismTask/web/src/features/today/PlanForTodaySheet.tsx:73:7
2026-05-15T04:31:14.7007102Z   71 |   useEffect(() => {
2026-05-15T04:31:14.7007575Z   72 |     if (isOpen) {
2026-05-15T04:31:14.7008053Z > 73 |       setSearch('');
2026-05-15T04:31:14.7008785Z      |       ^^^^^^^^^ Avoid calling setState() directly within an effect
2026-05-15T04:31:14.7009528Z   74 |       setSelectedIds(new Set());
2026-05-15T04:31:14.7029311Z   75 |       setMultiSelect(false);
2026-05-15T04:31:14.7030025Z   76 |     }  react-hooks/set-state-in-effect
2026-05-15T04:31:14.7030717Z 
2026-05-15T04:31:14.7031371Z ✖ 5 problems (5 errors, 0 warnings)
2026-05-15T04:31:14.7031773Z 
2026-05-15T04:31:14.9587574Z ##[error]Process completed with exit code 1.
2026-05-15T04:31:14.9659854Z Post job cleanup.
2026-05-15T04:31:14.9740910Z Post job cleanup.
2026-05-15T04:31:15.0564807Z [command]/usr/bin/git version
2026-05-15T04:31:15.0632595Z git version 2.53.0
2026-05-15T04:31:15.0669794Z Temporarily overriding HOME='/home/runner/work/_temp/e774c979-6c54-44c7-92d2-bbb984132f34' before making global git config changes
2026-05-15T04:31:15.0672547Z Adding repository directory to the temporary git global config as a safe directory
2026-05-15T04:31:15.0675739Z [command]/usr/bin/git config --global --add safe.directory /home/runner/work/prismTask/prismTask
2026-05-15T04:31:15.0706111Z Removing SSH command configuration
2026-05-15T04:31:15.0712341Z [command]/usr/bin/git config --local --name-only --get-regexp core\.sshCommand
2026-05-15T04:31:15.0746773Z [command]/usr/bin/git submodule foreach --recursive sh -c "git config --local --name-only --get-regexp 'core\.sshCommand' && git config --local --unset-all 'core.sshCommand' || :"
2026-05-15T04:31:15.0982568Z Removing HTTP extra header
2026-05-15T04:31:15.0987569Z [command]/usr/bin/git config --local --name-only --get-regexp http\.https\:\/\/github\.com\/\.extraheader
2026-05-15T04:31:15.1020232Z [command]/usr/bin/git submodule foreach --recursive sh -c "git config --local --name-only --get-regexp 'http\.https\:\/\/github\.com\/\.extraheader' && git config --local --unset-all 'http.https://github.com/.extraheader' || :"
2026-05-15T04:31:15.1245976Z Removing includeIf entries pointing to credentials config files
2026-05-15T04:31:15.1252144Z [command]/usr/bin/git config --local --name-only --get-regexp ^includeIf\.gitdir:
2026-05-15T04:31:15.1275106Z includeif.gitdir:/home/runner/work/prismTask/prismTask/.git.path
2026-05-15T04:31:15.1275990Z includeif.gitdir:/home/runner/work/prismTask/prismTask/.git/worktrees/*.path
2026-05-15T04:31:15.1276453Z includeif.gitdir:/github/workspace/.git.path
2026-05-15T04:31:15.1276865Z includeif.gitdir:/github/workspace/.git/worktrees/*.path
2026-05-15T04:31:15.1284355Z [command]/usr/bin/git config --local --get-all includeif.gitdir:/home/runner/work/prismTask/prismTask/.git.path
2026-05-15T04:31:15.1306274Z /home/runner/work/_temp/git-credentials-5f02e194-888e-4ed2-8e41-04e6d2a13984.config
2026-05-15T04:31:15.1317512Z [command]/usr/bin/git config --local --unset includeif.gitdir:/home/runner/work/prismTask/prismTask/.git.path /home/runner/work/_temp/git-credentials-5f02e194-888e-4ed2-8e41-04e6d2a13984.config
2026-05-15T04:31:15.1352120Z [command]/usr/bin/git config --local --get-all includeif.gitdir:/home/runner/work/prismTask/prismTask/.git/worktrees/*.path
2026-05-15T04:31:15.1373852Z /home/runner/work/_temp/git-credentials-5f02e194-888e-4ed2-8e41-04e6d2a13984.config
2026-05-15T04:31:15.1383188Z [command]/usr/bin/git config --local --unset includeif.gitdir:/home/runner/work/prismTask/prismTask/.git/worktrees/*.path /home/runner/work/_temp/git-credentials-5f02e194-888e-4ed2-8e41-04e6d2a13984.config
2026-05-15T04:31:15.1413591Z [command]/usr/bin/git config --local --get-all includeif.gitdir:/github/workspace/.git.path
2026-05-15T04:31:15.1435123Z /github/runner_temp/git-credentials-5f02e194-888e-4ed2-8e41-04e6d2a13984.config
2026-05-15T04:31:15.1443179Z [command]/usr/bin/git config --local --unset includeif.gitdir:/github/workspace/.git.path /github/runner_temp/git-credentials-5f02e194-888e-4ed2-8e41-04e6d2a13984.config
2026-05-15T04:31:15.1474299Z [command]/usr/bin/git config --local --get-all includeif.gitdir:/github/workspace/.git/worktrees/*.path
2026-05-15T04:31:15.1496732Z /github/runner_temp/git-credentials-5f02e194-888e-4ed2-8e41-04e6d2a13984.config
2026-05-15T04:31:15.1511648Z [command]/usr/bin/git config --local --unset includeif.gitdir:/github/workspace/.git/worktrees/*.path /github/runner_temp/git-credentials-5f02e194-888e-4ed2-8e41-04e6d2a13984.config
2026-05-15T04:31:15.1537780Z [command]/usr/bin/git submodule foreach --recursive git config --local --show-origin --name-only --get-regexp remote.origin.url
2026-05-15T04:31:15.1765816Z Removing credentials config '/home/runner/work/_temp/git-credentials-5f02e194-888e-4ed2-8e41-04e6d2a13984.config'
2026-05-15T04:31:15.1911989Z Cleaning up orphan processes
2026-05-15T04:31:15.2186197Z ##[warning]Node.js 20 actions are deprecated. The following actions are running on Node.js 20 and may not work as expected: actions/setup-node@v4. Actions will be forced to run with Node.js 24 by default starting June 2nd, 2026. Node.js 20 will be removed from the runner on September 16th, 2026. Please check if updated versions of these actions are available that support Node.js 24. To opt into Node.js 24 now, set the FORCE_JAVASCRIPT_ACTIONS_TO_NODE24=true environment variable on the runner or in your workflow file. Once Node.js 24 becomes the default, you can temporarily opt out by setting ACTIONS_ALLOW_USE_UNSECURE_NODE_VERSION=true. For more information see: https://github.blog/changelog/2025-09-19-deprecation-of-node-20-on-github-actions-runners/


--- Job: web-lint-and-test (id 76122174065) ---
2026-05-15T04:31:35.4557736Z Current runner version: '2.334.0'
2026-05-15T04:31:35.4594833Z ##[group]Runner Image Provisioner
2026-05-15T04:31:35.4596038Z Hosted Compute Agent
2026-05-15T04:31:35.4596821Z Version: 20260213.493
2026-05-15T04:31:35.4597637Z Commit: 5c115507f6dd24b8de37d8bbe0bb4509d0cc0fa3
2026-05-15T04:31:35.4598778Z Build Date: 2026-02-13T00:28:41Z
2026-05-15T04:31:35.4599700Z Worker ID: {695c5894-324c-44b0-a00d-433ba2bf5cb7}
2026-05-15T04:31:35.4601009Z Azure Region: eastus2
2026-05-15T04:31:35.4601842Z ##[endgroup]
2026-05-15T04:31:35.4603982Z ##[group]Operating System
2026-05-15T04:31:35.4604896Z Ubuntu
2026-05-15T04:31:35.4605606Z 24.04.4
2026-05-15T04:31:35.4606408Z LTS
2026-05-15T04:31:35.4607014Z ##[endgroup]
2026-05-15T04:31:35.4607849Z ##[group]Runner Image
2026-05-15T04:31:35.4608691Z Image: ubuntu-24.04
2026-05-15T04:31:35.4609487Z Version: 20260513.135.3
2026-05-15T04:31:35.4611688Z Included Software: https://github.com/actions/runner-images/blob/ubuntu24/20260513.135/images/ubuntu/Ubuntu2404-Readme.md
2026-05-15T04:31:35.4614066Z Image Release: https://github.com/actions/runner-images/releases/tag/ubuntu24%2F20260513.135
2026-05-15T04:31:35.4615605Z ##[endgroup]
2026-05-15T04:31:35.4618340Z ##[group]GITHUB_TOKEN Permissions
2026-05-15T04:31:35.4621387Z Actions: read
2026-05-15T04:31:35.4622407Z Checks: read
2026-05-15T04:31:35.4623122Z Contents: write
2026-05-15T04:31:35.4623989Z Metadata: read
2026-05-15T04:31:35.4624866Z ##[endgroup]
2026-05-15T04:31:35.4627483Z Secret source: Actions
2026-05-15T04:31:35.4628777Z Prepare workflow directory
2026-05-15T04:31:35.5094903Z Prepare all required actions
2026-05-15T04:31:35.5232413Z Complete job name: web-lint-and-test
2026-05-15T04:31:35.6327624Z ##[group]Run if [ 'failure' != 'success' ]; then
2026-05-15T04:31:35.6329002Z [36;1mif [ 'failure' != 'success' ]; then[0m
2026-05-15T04:31:35.6330370Z [36;1m  echo "web-lint finished with failure" >&2[0m
2026-05-15T04:31:35.6331522Z [36;1m  exit 1[0m
2026-05-15T04:31:35.6332319Z [36;1mfi[0m
2026-05-15T04:31:35.6333183Z [36;1mif [ 'success' != 'success' ]; then[0m
2026-05-15T04:31:35.6334237Z [36;1m  echo "web-unit-tests finished with success" >&2[0m
2026-05-15T04:31:35.6335373Z [36;1m  exit 1[0m
2026-05-15T04:31:35.6336047Z [36;1mfi[0m
2026-05-15T04:31:35.6336813Z [36;1mif [ 'success' != 'success' ]; then[0m
2026-05-15T04:31:35.6337882Z [36;1m  echo "web-build finished with success" >&2[0m
2026-05-15T04:31:35.6338953Z [36;1m  exit 1[0m
2026-05-15T04:31:35.6339616Z [36;1mfi[0m
2026-05-15T04:31:35.6340881Z [36;1mecho "✓ Split web lint, unit-test shards, and build passed."[0m
2026-05-15T04:31:35.6729755Z shell: /usr/bin/bash -e {0}
2026-05-15T04:31:35.6731732Z ##[endgroup]
2026-05-15T04:31:35.7039002Z web-lint finished with failure
2026-05-15T04:31:35.7066153Z ##[error]Process completed with exit code 1.
2026-05-15T04:31:35.7193433Z Cleaning up orphan processes
