=== CI FAILURE ===
Workflow:      Web CI
Workflow file: averycorp/prismTask/.github/workflows/web-ci.yml@refs/pull/1566/merge
Job(s):        web-lint, web-lint-and-test
Run ID:        25953457110
Run attempt:   1
Run URL:       https://github.com/averycorp/prismTask/actions/runs/25953457110
Commit:        eb9c3d4b301e552547e41ea714baa8590ecb2078
Branch:        1566/merge
Event:         pull_request
Actor:         akarlin3
Runner OS:     Linux
Timestamp:     2026-05-16T05:07:19.841Z

Failed steps:
  - web-lint: #5 Run ESLint
  - web-lint-and-test: #2 Verify split web checks

=== FAILED JOB LOG ===

--- Job: web-lint (id 76295492297) ---
2026-05-16T05:06:19.3565940Z Current runner version: '2.334.0'
2026-05-16T05:06:19.3591366Z ##[group]Runner Image Provisioner
2026-05-16T05:06:19.3592295Z Hosted Compute Agent
2026-05-16T05:06:19.3592865Z Version: 20260213.493
2026-05-16T05:06:19.3593529Z Commit: 5c115507f6dd24b8de37d8bbe0bb4509d0cc0fa3
2026-05-16T05:06:19.3594295Z Build Date: 2026-02-13T00:28:41Z
2026-05-16T05:06:19.3595318Z Worker ID: {903b9c44-6b9d-4016-942c-c1900f7d8743}
2026-05-16T05:06:19.3596405Z Azure Region: eastus
2026-05-16T05:06:19.3597192Z ##[endgroup]
2026-05-16T05:06:19.3599623Z ##[group]Operating System
2026-05-16T05:06:19.3600607Z Ubuntu
2026-05-16T05:06:19.3601350Z 24.04.4
2026-05-16T05:06:19.3602177Z LTS
2026-05-16T05:06:19.3602938Z ##[endgroup]
2026-05-16T05:06:19.3603697Z ##[group]Runner Image
2026-05-16T05:06:19.3604984Z Image: ubuntu-24.04
2026-05-16T05:06:19.3605882Z Version: 20260513.135.3
2026-05-16T05:06:19.3607913Z Included Software: https://github.com/actions/runner-images/blob/ubuntu24/20260513.135/images/ubuntu/Ubuntu2404-Readme.md
2026-05-16T05:06:19.3610415Z Image Release: https://github.com/actions/runner-images/releases/tag/ubuntu24%2F20260513.135
2026-05-16T05:06:19.3612041Z ##[endgroup]
2026-05-16T05:06:19.3614232Z ##[group]GITHUB_TOKEN Permissions
2026-05-16T05:06:19.3617632Z Actions: read
2026-05-16T05:06:19.3618549Z Checks: read
2026-05-16T05:06:19.3619349Z Contents: write
2026-05-16T05:06:19.3619858Z Metadata: read
2026-05-16T05:06:19.3620454Z ##[endgroup]
2026-05-16T05:06:19.3622806Z Secret source: Actions
2026-05-16T05:06:19.3623959Z Prepare workflow directory
2026-05-16T05:06:19.4035705Z Prepare all required actions
2026-05-16T05:06:19.4073822Z Getting action download info
2026-05-16T05:06:19.7084061Z Download action repository 'actions/checkout@v6' (SHA:de0fac2e4500dabe0009e67214ff5f5447ce83dd)
2026-05-16T05:06:19.9438324Z Complete job name: web-lint
2026-05-16T05:06:20.0221370Z ##[group]Run actions/checkout@v6
2026-05-16T05:06:20.0222595Z with:
2026-05-16T05:06:20.0223046Z   repository: averycorp/prismTask
2026-05-16T05:06:20.0223784Z   token: ***
2026-05-16T05:06:20.0224182Z   ssh-strict: true
2026-05-16T05:06:20.0224795Z   ssh-user: git
2026-05-16T05:06:20.0225202Z   persist-credentials: true
2026-05-16T05:06:20.0225663Z   clean: true
2026-05-16T05:06:20.0226069Z   sparse-checkout-cone-mode: true
2026-05-16T05:06:20.0226582Z   fetch-depth: 1
2026-05-16T05:06:20.0226980Z   fetch-tags: false
2026-05-16T05:06:20.0227394Z   show-progress: true
2026-05-16T05:06:20.0227808Z   lfs: false
2026-05-16T05:06:20.0228172Z   submodules: false
2026-05-16T05:06:20.0228606Z   set-safe-directory: true
2026-05-16T05:06:20.0229400Z ##[endgroup]
2026-05-16T05:06:20.1242170Z Syncing repository: averycorp/prismTask
2026-05-16T05:06:20.1244005Z ##[group]Getting Git version info
2026-05-16T05:06:20.1245163Z Working directory is '/home/runner/work/prismTask/prismTask'
2026-05-16T05:06:20.1246208Z [command]/usr/bin/git version
2026-05-16T05:06:20.1482572Z git version 2.54.0
2026-05-16T05:06:20.1508478Z ##[endgroup]
2026-05-16T05:06:20.1525816Z Temporarily overriding HOME='/home/runner/work/_temp/95bed4ad-20c7-4fc9-93eb-9b2bb10cda9b' before making global git config changes
2026-05-16T05:06:20.1528196Z Adding repository directory to the temporary git global config as a safe directory
2026-05-16T05:06:20.1532775Z [command]/usr/bin/git config --global --add safe.directory /home/runner/work/prismTask/prismTask
2026-05-16T05:06:20.1589408Z Deleting the contents of '/home/runner/work/prismTask/prismTask'
2026-05-16T05:06:20.1594285Z ##[group]Initializing the repository
2026-05-16T05:06:20.1600235Z [command]/usr/bin/git init /home/runner/work/prismTask/prismTask
2026-05-16T05:06:20.1763786Z hint: Using 'master' as the name for the initial branch. This default branch name
2026-05-16T05:06:20.1765329Z hint: will change to "main" in Git 3.0. To configure the initial branch name
2026-05-16T05:06:20.1766534Z hint: to use in all of your new repositories, which will suppress this warning,
2026-05-16T05:06:20.1767353Z hint: call:
2026-05-16T05:06:20.1767759Z hint:
2026-05-16T05:06:20.1769133Z hint: 	git config --global init.defaultBranch <name>
2026-05-16T05:06:20.1770002Z hint:
2026-05-16T05:06:20.1771020Z hint: Names commonly chosen instead of 'master' are 'main', 'trunk' and
2026-05-16T05:06:20.1772807Z hint: 'development'. The just-created branch can be renamed via this command:
2026-05-16T05:06:20.1774173Z hint:
2026-05-16T05:06:20.1775088Z hint: 	git branch -m <name>
2026-05-16T05:06:20.1776217Z hint:
2026-05-16T05:06:20.1777679Z hint: Disable this message with "git config set advice.defaultBranchName false"
2026-05-16T05:06:20.1779415Z Initialized empty Git repository in /home/runner/work/prismTask/prismTask/.git/
2026-05-16T05:06:20.1784719Z [command]/usr/bin/git remote add origin https://github.com/averycorp/prismTask
2026-05-16T05:06:20.1831633Z ##[endgroup]
2026-05-16T05:06:20.1832864Z ##[group]Disabling automatic garbage collection
2026-05-16T05:06:20.1836948Z [command]/usr/bin/git config --local gc.auto 0
2026-05-16T05:06:20.1866823Z ##[endgroup]
2026-05-16T05:06:20.1868079Z ##[group]Setting up auth
2026-05-16T05:06:20.1868988Z Removing SSH command configuration
2026-05-16T05:06:20.1875268Z [command]/usr/bin/git config --local --name-only --get-regexp core\.sshCommand
2026-05-16T05:06:20.1913196Z [command]/usr/bin/git submodule foreach --recursive sh -c "git config --local --name-only --get-regexp 'core\.sshCommand' && git config --local --unset-all 'core.sshCommand' || :"
2026-05-16T05:06:20.2307006Z Removing HTTP extra header
2026-05-16T05:06:20.2313184Z [command]/usr/bin/git config --local --name-only --get-regexp http\.https\:\/\/github\.com\/\.extraheader
2026-05-16T05:06:20.2345023Z [command]/usr/bin/git submodule foreach --recursive sh -c "git config --local --name-only --get-regexp 'http\.https\:\/\/github\.com\/\.extraheader' && git config --local --unset-all 'http.https://github.com/.extraheader' || :"
2026-05-16T05:06:20.2565531Z Removing includeIf entries pointing to credentials config files
2026-05-16T05:06:20.2571634Z [command]/usr/bin/git config --local --name-only --get-regexp ^includeIf\.gitdir:
2026-05-16T05:06:20.2607227Z [command]/usr/bin/git submodule foreach --recursive git config --local --show-origin --name-only --get-regexp remote.origin.url
2026-05-16T05:06:20.2840042Z [command]/usr/bin/git config --file /home/runner/work/_temp/git-credentials-346a2b09-8fc2-4665-8c28-f62c3833a719.config http.https://github.com/.extraheader AUTHORIZATION: basic ***
2026-05-16T05:06:20.2880567Z [command]/usr/bin/git config --local includeIf.gitdir:/home/runner/work/prismTask/prismTask/.git.path /home/runner/work/_temp/git-credentials-346a2b09-8fc2-4665-8c28-f62c3833a719.config
2026-05-16T05:06:20.2913445Z [command]/usr/bin/git config --local includeIf.gitdir:/home/runner/work/prismTask/prismTask/.git/worktrees/*.path /home/runner/work/_temp/git-credentials-346a2b09-8fc2-4665-8c28-f62c3833a719.config
2026-05-16T05:06:20.2949177Z [command]/usr/bin/git config --local includeIf.gitdir:/github/workspace/.git.path /github/runner_temp/git-credentials-346a2b09-8fc2-4665-8c28-f62c3833a719.config
2026-05-16T05:06:20.3053388Z [command]/usr/bin/git config --local includeIf.gitdir:/github/workspace/.git/worktrees/*.path /github/runner_temp/git-credentials-346a2b09-8fc2-4665-8c28-f62c3833a719.config
2026-05-16T05:06:20.3057375Z ##[endgroup]
2026-05-16T05:06:20.3058478Z ##[group]Fetching the repository
2026-05-16T05:06:20.3061021Z [command]/usr/bin/git -c protocol.version=2 fetch --no-tags --prune --no-recurse-submodules --depth=1 origin +eb9c3d4b301e552547e41ea714baa8590ecb2078:refs/remotes/pull/1566/merge
2026-05-16T05:06:21.7946993Z From https://github.com/averycorp/prismTask
2026-05-16T05:06:21.7948845Z  * [new ref]         eb9c3d4b301e552547e41ea714baa8590ecb2078 -> pull/1566/merge
2026-05-16T05:06:21.8008146Z ##[endgroup]
2026-05-16T05:06:21.8009491Z ##[group]Determining the checkout info
2026-05-16T05:06:21.8011038Z ##[endgroup]
2026-05-16T05:06:21.8014861Z [command]/usr/bin/git sparse-checkout disable
2026-05-16T05:06:21.8065013Z [command]/usr/bin/git config --local --unset-all extensions.worktreeConfig
2026-05-16T05:06:21.8095145Z ##[group]Checking out the ref
2026-05-16T05:06:21.8099355Z [command]/usr/bin/git checkout --progress --force refs/remotes/pull/1566/merge
2026-05-16T05:06:22.1126725Z Note: switching to 'refs/remotes/pull/1566/merge'.
2026-05-16T05:06:22.1127941Z 
2026-05-16T05:06:22.1128583Z You are in 'detached HEAD' state. You can look around, make experimental
2026-05-16T05:06:22.1129826Z changes and commit them, and you can discard any commits you make in this
2026-05-16T05:06:22.1132695Z state without impacting any branches by switching back to a branch.
2026-05-16T05:06:22.1133179Z 
2026-05-16T05:06:22.1133758Z If you want to create a new branch to retain commits you create, you may
2026-05-16T05:06:22.1134728Z do so (now or later) by using -c with the switch command. Example:
2026-05-16T05:06:22.1135193Z 
2026-05-16T05:06:22.1135360Z   git switch -c <new-branch-name>
2026-05-16T05:06:22.1135634Z 
2026-05-16T05:06:22.1135784Z Or undo this operation with:
2026-05-16T05:06:22.1136023Z 
2026-05-16T05:06:22.1136149Z   git switch -
2026-05-16T05:06:22.1136340Z 
2026-05-16T05:06:22.1136680Z Turn off this advice by setting config variable advice.detachedHead to false
2026-05-16T05:06:22.1137162Z 
2026-05-16T05:06:22.1137658Z HEAD is now at eb9c3d4 Merge 87e795032de5bb164a58d0702a9b36f93e3014a1 into ecbab25dad5474ca83496d5e4c593c1422f59044
2026-05-16T05:06:22.1158892Z ##[endgroup]
2026-05-16T05:06:22.1208255Z [command]/usr/bin/git log -1 --format=%H
2026-05-16T05:06:22.1233086Z eb9c3d4b301e552547e41ea714baa8590ecb2078
2026-05-16T05:06:22.1532473Z Prepare all required actions
2026-05-16T05:06:22.1532928Z Getting action download info
2026-05-16T05:06:22.3188839Z Download action repository 'actions/setup-node@v4' (SHA:49933ea5288caeca8642d1e84afbd3f7d6820020)
2026-05-16T05:06:22.4953660Z ##[group]Run ./.github/actions/setup-node-web
2026-05-16T05:06:22.4953988Z ##[endgroup]
2026-05-16T05:06:22.5155547Z ##[group]Run actions/setup-node@v4
2026-05-16T05:06:22.5155915Z with:
2026-05-16T05:06:22.5156140Z   node-version: 22
2026-05-16T05:06:22.5156327Z   cache: npm
2026-05-16T05:06:22.5156552Z   cache-dependency-path: web/package-lock.json
2026-05-16T05:06:22.5156886Z   always-auth: false
2026-05-16T05:06:22.5157118Z   check-latest: false
2026-05-16T05:06:22.5157561Z   token: ***
2026-05-16T05:06:22.5157776Z ##[endgroup]
2026-05-16T05:06:22.7048057Z Found in cache @ /opt/hostedtoolcache/node/22.22.2/x64
2026-05-16T05:06:22.7056218Z ##[group]Environment details
2026-05-16T05:06:25.0559401Z node: v22.22.2
2026-05-16T05:06:25.0560063Z npm: 10.9.7
2026-05-16T05:06:25.0560348Z yarn: 1.22.22
2026-05-16T05:06:25.0561229Z ##[endgroup]
2026-05-16T05:06:25.0588499Z [command]/opt/hostedtoolcache/node/22.22.2/x64/bin/npm config get cache
2026-05-16T05:06:25.4240001Z /home/runner/.npm
2026-05-16T05:06:25.5244847Z npm cache is not found
2026-05-16T05:06:25.5391795Z ##[group]Run npm ci
2026-05-16T05:06:25.5392085Z [36;1mnpm ci[0m
2026-05-16T05:06:25.5451213Z shell: /usr/bin/bash --noprofile --norc -e -o pipefail {0}
2026-05-16T05:06:25.5451582Z ##[endgroup]
2026-05-16T05:06:39.1626032Z 
2026-05-16T05:06:39.1635636Z added 435 packages, and audited 436 packages in 14s
2026-05-16T05:06:39.1636159Z 
2026-05-16T05:06:39.1636890Z 94 packages are looking for funding
2026-05-16T05:06:39.1637461Z   run `npm fund` for details
2026-05-16T05:06:39.1703056Z 
2026-05-16T05:06:39.1703623Z 3 vulnerabilities (2 moderate, 1 critical)
2026-05-16T05:06:39.1704302Z 
2026-05-16T05:06:39.1704900Z To address all issues, run:
2026-05-16T05:06:39.1705344Z   npm audit fix
2026-05-16T05:06:39.1705600Z 
2026-05-16T05:06:39.1705811Z Run `npm audit` for details.
2026-05-16T05:06:39.2375165Z ##[group]Run npm run lint
2026-05-16T05:06:39.2375613Z [36;1mnpm run lint[0m
2026-05-16T05:06:39.2420704Z shell: /usr/bin/bash -e {0}
2026-05-16T05:06:39.2421091Z ##[endgroup]
2026-05-16T05:06:39.3469045Z 
2026-05-16T05:06:39.3469967Z > web@1.6.0 lint
2026-05-16T05:06:39.3470415Z > eslint .
2026-05-16T05:06:39.3470595Z 
2026-05-16T05:06:59.8791820Z 
2026-05-16T05:06:59.8794236Z /home/runner/work/prismTask/prismTask/web/src/features/medication/MedicationEditorDialog.tsx
2026-05-16T05:06:59.8796785Z   190:7  error  Error: Calling setState synchronously within an effect can trigger cascading renders
2026-05-16T05:06:59.8797460Z 
2026-05-16T05:06:59.8799275Z Effects are intended to synchronize state between React and external systems such as manually updating the DOM, state management libraries, or other platform APIs. In general, the body of an effect should do one or both of the following:
2026-05-16T05:06:59.8801565Z * Update external systems with the latest state from React.
2026-05-16T05:06:59.8802474Z * Subscribe for updates from some external system, calling setState in a callback function when external state changes.
2026-05-16T05:06:59.8802977Z 
2026-05-16T05:06:59.8803902Z Calling setState synchronously within an effect body causes cascading renders that can hurt performance, and is not recommended. (https://react.dev/learn/you-might-not-need-an-effect).
2026-05-16T05:06:59.8804967Z 
2026-05-16T05:06:59.8805429Z /home/runner/work/prismTask/prismTask/web/src/features/medication/MedicationEditorDialog.tsx:190:7
2026-05-16T05:06:59.8805939Z   188 |   useEffect(() => {
2026-05-16T05:06:59.8806238Z   189 |     if (isOpen) {
2026-05-16T05:06:59.8806815Z > 190 |       setForm(initialState(initial));
2026-05-16T05:06:59.8807440Z       |       ^^^^^^^ Avoid calling setState() directly within an effect
2026-05-16T05:06:59.8807991Z   191 |       setErrors({});
2026-05-16T05:06:59.8808319Z   192 |     }
2026-05-16T05:06:59.8808789Z   193 |   }, [isOpen, initial]);  react-hooks/set-state-in-effect
2026-05-16T05:06:59.8809170Z 
2026-05-16T05:06:59.8809823Z /home/runner/work/prismTask/prismTask/web/src/features/medication/MedicationRefillScreen.tsx
2026-05-16T05:06:59.8810871Z    88:17  error  Error: Cannot call impure function during render
2026-05-16T05:06:59.8811296Z 
2026-05-16T05:06:59.8813243Z `Date.now` is an impure function. Calling an impure function can produce unstable results that update unpredictably when the component happens to re-render. (https://react.dev/reference/rules/components-and-hooks-must-be-pure#components-and-hooks-must-be-idempotent).
2026-05-16T05:06:59.8815246Z 
2026-05-16T05:06:59.8816006Z /home/runner/work/prismTask/prismTask/web/src/features/medication/MedicationRefillScreen.tsx:88:17
2026-05-16T05:06:59.8816833Z   86 |
2026-05-16T05:06:59.8817181Z   87 |   const forecasts = useMemo(() => {
2026-05-16T05:06:59.8817675Z > 88 |     const now = Date.now();
2026-05-16T05:06:59.8818154Z      |                 ^^^^^^^^^^ Cannot call impure function
2026-05-16T05:06:59.8818797Z   89 |     const map = new Map<string, RefillForecast>();
2026-05-16T05:06:59.8819342Z   90 |     for (const refill of refills) {
2026-05-16T05:06:59.8821115Z   91 |       map.set(refill.id, forecastRefill(refill, now));                                                                                                                                                                                                                                                                                                                               react-hooks/purity
2026-05-16T05:06:59.8823133Z   382:7   error  Error: Calling setState synchronously within an effect can trigger cascading renders
2026-05-16T05:06:59.8823521Z 
2026-05-16T05:06:59.8825003Z Effects are intended to synchronize state between React and external systems such as manually updating the DOM, state management libraries, or other platform APIs. In general, the body of an effect should do one or both of the following:
2026-05-16T05:06:59.8826735Z * Update external systems with the latest state from React.
2026-05-16T05:06:59.8827485Z * Subscribe for updates from some external system, calling setState in a callback function when external state changes.
2026-05-16T05:06:59.8827976Z 
2026-05-16T05:06:59.8828808Z Calling setState synchronously within an effect body causes cascading renders that can hurt performance, and is not recommended. (https://react.dev/learn/you-might-not-need-an-effect).
2026-05-16T05:06:59.8829637Z 
2026-05-16T05:06:59.8830065Z /home/runner/work/prismTask/prismTask/web/src/features/medication/MedicationRefillScreen.tsx:382:7
2026-05-16T05:06:59.8830566Z   380 |   useEffect(() => {
2026-05-16T05:06:59.8830787Z   381 |     if (isOpen) {
2026-05-16T05:06:59.8831091Z > 382 |       setForm(initialEditorState(initial));
2026-05-16T05:06:59.8831471Z       |       ^^^^^^^ Avoid calling setState() directly within an effect
2026-05-16T05:06:59.8831793Z   383 |       setErrors({});
2026-05-16T05:06:59.8832007Z   384 |     }
2026-05-16T05:06:59.8832293Z   385 |   }, [isOpen, initial]);  react-hooks/set-state-in-effect
2026-05-16T05:06:59.8832536Z 
2026-05-16T05:06:59.8832864Z /home/runner/work/prismTask/prismTask/web/src/features/selfcare/SelfCareScreen.tsx
2026-05-16T05:06:59.8833443Z   35:31  error  Error: Cannot call impure function during render
2026-05-16T05:06:59.8833686Z 
2026-05-16T05:06:59.8835350Z `Date.now` is an impure function. Calling an impure function can produce unstable results that update unpredictably when the component happens to re-render. (https://react.dev/reference/rules/components-and-hooks-must-be-pure#components-and-hooks-must-be-idempotent).
2026-05-16T05:06:59.8836385Z 
2026-05-16T05:06:59.8836761Z /home/runner/work/prismTask/prismTask/web/src/features/selfcare/SelfCareScreen.tsx:35:31
2026-05-16T05:06:59.8837191Z   33 |
2026-05-16T05:06:59.8837391Z   34 |   const todayMs = useMemo(
2026-05-16T05:06:59.8837768Z > 35 |     () => startOfLogicalDayMs(Date.now(), startOfDayHour),
2026-05-16T05:06:59.8838183Z      |                               ^^^^^^^^^^ Cannot call impure function
2026-05-16T05:06:59.8838491Z   36 |     [startOfDayHour],
2026-05-16T05:06:59.8838711Z   37 |   );
2026-05-16T05:06:59.8838902Z   38 |  react-hooks/purity
2026-05-16T05:06:59.8839044Z 
2026-05-16T05:06:59.8839374Z /home/runner/work/prismTask/prismTask/web/src/features/today/PlanForTodaySheet.tsx
2026-05-16T05:06:59.8840139Z   73:7  error  Error: Calling setState synchronously within an effect can trigger cascading renders
2026-05-16T05:06:59.8840505Z 
2026-05-16T05:06:59.8841489Z Effects are intended to synchronize state between React and external systems such as manually updating the DOM, state management libraries, or other platform APIs. In general, the body of an effect should do one or both of the following:
2026-05-16T05:06:59.8842512Z * Update external systems with the latest state from React.
2026-05-16T05:06:59.8843210Z * Subscribe for updates from some external system, calling setState in a callback function when external state changes.
2026-05-16T05:06:59.8843640Z 
2026-05-16T05:06:59.8844557Z Calling setState synchronously within an effect body causes cascading renders that can hurt performance, and is not recommended. (https://react.dev/learn/you-might-not-need-an-effect).
2026-05-16T05:06:59.8845248Z 
2026-05-16T05:06:59.8845617Z /home/runner/work/prismTask/prismTask/web/src/features/today/PlanForTodaySheet.tsx:73:7
2026-05-16T05:06:59.8846066Z   71 |   useEffect(() => {
2026-05-16T05:06:59.8846291Z   72 |     if (isOpen) {
2026-05-16T05:06:59.8846514Z > 73 |       setSearch('');
2026-05-16T05:06:59.8846842Z      |       ^^^^^^^^^ Avoid calling setState() directly within an effect
2026-05-16T05:06:59.8847198Z   74 |       setSelectedIds(new Set());
2026-05-16T05:06:59.8847477Z   75 |       setMultiSelect(false);
2026-05-16T05:06:59.8847772Z   76 |     }  react-hooks/set-state-in-effect
2026-05-16T05:06:59.8847957Z 
2026-05-16T05:06:59.8848338Z ✖ 5 problems (5 errors, 0 warnings)
2026-05-16T05:06:59.8848505Z 
2026-05-16T05:07:00.0907018Z ##[error]Process completed with exit code 1.
2026-05-16T05:07:00.0980929Z Post job cleanup.
2026-05-16T05:07:00.1067386Z Post job cleanup.
2026-05-16T05:07:00.1944022Z [command]/usr/bin/git version
2026-05-16T05:07:00.1985030Z git version 2.54.0
2026-05-16T05:07:00.2027779Z Temporarily overriding HOME='/home/runner/work/_temp/fa0dc2bb-76c8-480e-be66-b4f1f1b3a010' before making global git config changes
2026-05-16T05:07:00.2029182Z Adding repository directory to the temporary git global config as a safe directory
2026-05-16T05:07:00.2033809Z [command]/usr/bin/git config --global --add safe.directory /home/runner/work/prismTask/prismTask
2026-05-16T05:07:00.2068519Z Removing SSH command configuration
2026-05-16T05:07:00.2076120Z [command]/usr/bin/git config --local --name-only --get-regexp core\.sshCommand
2026-05-16T05:07:00.2114302Z [command]/usr/bin/git submodule foreach --recursive sh -c "git config --local --name-only --get-regexp 'core\.sshCommand' && git config --local --unset-all 'core.sshCommand' || :"
2026-05-16T05:07:00.2380234Z Removing HTTP extra header
2026-05-16T05:07:00.2385826Z [command]/usr/bin/git config --local --name-only --get-regexp http\.https\:\/\/github\.com\/\.extraheader
2026-05-16T05:07:00.2422151Z [command]/usr/bin/git submodule foreach --recursive sh -c "git config --local --name-only --get-regexp 'http\.https\:\/\/github\.com\/\.extraheader' && git config --local --unset-all 'http.https://github.com/.extraheader' || :"
2026-05-16T05:07:00.2649716Z Removing includeIf entries pointing to credentials config files
2026-05-16T05:07:00.2656939Z [command]/usr/bin/git config --local --name-only --get-regexp ^includeIf\.gitdir:
2026-05-16T05:07:00.2683371Z includeif.gitdir:/home/runner/work/prismTask/prismTask/.git.path
2026-05-16T05:07:00.2684823Z includeif.gitdir:/home/runner/work/prismTask/prismTask/.git/worktrees/*.path
2026-05-16T05:07:00.2685781Z includeif.gitdir:/github/workspace/.git.path
2026-05-16T05:07:00.2686574Z includeif.gitdir:/github/workspace/.git/worktrees/*.path
2026-05-16T05:07:00.2694685Z [command]/usr/bin/git config --local --get-all includeif.gitdir:/home/runner/work/prismTask/prismTask/.git.path
2026-05-16T05:07:00.2716973Z /home/runner/work/_temp/git-credentials-346a2b09-8fc2-4665-8c28-f62c3833a719.config
2026-05-16T05:07:00.2728419Z [command]/usr/bin/git config --local --unset includeif.gitdir:/home/runner/work/prismTask/prismTask/.git.path /home/runner/work/_temp/git-credentials-346a2b09-8fc2-4665-8c28-f62c3833a719.config
2026-05-16T05:07:00.2764149Z [command]/usr/bin/git config --local --get-all includeif.gitdir:/home/runner/work/prismTask/prismTask/.git/worktrees/*.path
2026-05-16T05:07:00.2787409Z /home/runner/work/_temp/git-credentials-346a2b09-8fc2-4665-8c28-f62c3833a719.config
2026-05-16T05:07:00.2798355Z [command]/usr/bin/git config --local --unset includeif.gitdir:/home/runner/work/prismTask/prismTask/.git/worktrees/*.path /home/runner/work/_temp/git-credentials-346a2b09-8fc2-4665-8c28-f62c3833a719.config
2026-05-16T05:07:00.2829902Z [command]/usr/bin/git config --local --get-all includeif.gitdir:/github/workspace/.git.path
2026-05-16T05:07:00.2852052Z /github/runner_temp/git-credentials-346a2b09-8fc2-4665-8c28-f62c3833a719.config
2026-05-16T05:07:00.2860343Z [command]/usr/bin/git config --local --unset includeif.gitdir:/github/workspace/.git.path /github/runner_temp/git-credentials-346a2b09-8fc2-4665-8c28-f62c3833a719.config
2026-05-16T05:07:00.2892200Z [command]/usr/bin/git config --local --get-all includeif.gitdir:/github/workspace/.git/worktrees/*.path
2026-05-16T05:07:00.2914281Z /github/runner_temp/git-credentials-346a2b09-8fc2-4665-8c28-f62c3833a719.config
2026-05-16T05:07:00.2928372Z [command]/usr/bin/git config --local --unset includeif.gitdir:/github/workspace/.git/worktrees/*.path /github/runner_temp/git-credentials-346a2b09-8fc2-4665-8c28-f62c3833a719.config
2026-05-16T05:07:00.2975031Z [command]/usr/bin/git submodule foreach --recursive git config --local --show-origin --name-only --get-regexp remote.origin.url
2026-05-16T05:07:00.3232044Z Removing credentials config '/home/runner/work/_temp/git-credentials-346a2b09-8fc2-4665-8c28-f62c3833a719.config'
2026-05-16T05:07:00.3389772Z Cleaning up orphan processes
2026-05-16T05:07:00.3728790Z ##[warning]Node.js 20 actions are deprecated. The following actions are running on Node.js 20 and may not work as expected: actions/setup-node@v4. Actions will be forced to run with Node.js 24 by default starting June 2nd, 2026. Node.js 20 will be removed from the runner on September 16th, 2026. Please check if updated versions of these actions are available that support Node.js 24. To opt into Node.js 24 now, set the FORCE_JAVASCRIPT_ACTIONS_TO_NODE24=true environment variable on the runner or in your workflow file. Once Node.js 24 becomes the default, you can temporarily opt out by setting ACTIONS_ALLOW_USE_UNSECURE_NODE_VERSION=true. For more information see: https://github.blog/changelog/2025-09-19-deprecation-of-node-20-on-github-actions-runners/


--- Job: web-lint-and-test (id 76295539214) ---
2026-05-16T05:07:11.0541482Z Current runner version: '2.334.0'
2026-05-16T05:07:11.0566350Z ##[group]Runner Image Provisioner
2026-05-16T05:07:11.0567264Z Hosted Compute Agent
2026-05-16T05:07:11.0567900Z Version: 20260213.493
2026-05-16T05:07:11.0568468Z Commit: 5c115507f6dd24b8de37d8bbe0bb4509d0cc0fa3
2026-05-16T05:07:11.0569172Z Build Date: 2026-02-13T00:28:41Z
2026-05-16T05:07:11.0569838Z Worker ID: {2569f8a0-62e3-43f7-aa63-fc76d9f5df6e}
2026-05-16T05:07:11.0570593Z Azure Region: northcentralus
2026-05-16T05:07:11.0571151Z ##[endgroup]
2026-05-16T05:07:11.0572680Z ##[group]Operating System
2026-05-16T05:07:11.0573358Z Ubuntu
2026-05-16T05:07:11.0573805Z 24.04.4
2026-05-16T05:07:11.0574332Z LTS
2026-05-16T05:07:11.0574813Z ##[endgroup]
2026-05-16T05:07:11.0575318Z ##[group]Runner Image
2026-05-16T05:07:11.0576034Z Image: ubuntu-24.04
2026-05-16T05:07:11.0576634Z Version: 20260513.135.3
2026-05-16T05:07:11.0577812Z Included Software: https://github.com/actions/runner-images/blob/ubuntu24/20260513.135/images/ubuntu/Ubuntu2404-Readme.md
2026-05-16T05:07:11.0579355Z Image Release: https://github.com/actions/runner-images/releases/tag/ubuntu24%2F20260513.135
2026-05-16T05:07:11.0580251Z ##[endgroup]
2026-05-16T05:07:11.0581425Z ##[group]GITHUB_TOKEN Permissions
2026-05-16T05:07:11.0583496Z Actions: read
2026-05-16T05:07:11.0584056Z Checks: read
2026-05-16T05:07:11.0584664Z Contents: write
2026-05-16T05:07:11.0585189Z Metadata: read
2026-05-16T05:07:11.0586199Z ##[endgroup]
2026-05-16T05:07:11.0588729Z Secret source: Actions
2026-05-16T05:07:11.0589616Z Prepare workflow directory
2026-05-16T05:07:11.0933736Z Prepare all required actions
2026-05-16T05:07:11.1073818Z Complete job name: web-lint-and-test
2026-05-16T05:07:11.2189912Z ##[group]Run if [ 'failure' != 'success' ]; then
2026-05-16T05:07:11.2191263Z [36;1mif [ 'failure' != 'success' ]; then[0m
2026-05-16T05:07:11.2192507Z [36;1m  echo "web-lint finished with failure" >&2[0m
2026-05-16T05:07:11.2193733Z [36;1m  exit 1[0m
2026-05-16T05:07:11.2194611Z [36;1mfi[0m
2026-05-16T05:07:11.2195749Z [36;1mif [ 'success' != 'success' ]; then[0m
2026-05-16T05:07:11.2196948Z [36;1m  echo "web-unit-tests finished with success" >&2[0m
2026-05-16T05:07:11.2198199Z [36;1m  exit 1[0m
2026-05-16T05:07:11.2198915Z [36;1mfi[0m
2026-05-16T05:07:11.2199779Z [36;1mif [ 'success' != 'success' ]; then[0m
2026-05-16T05:07:11.2201097Z [36;1m  echo "web-build finished with success" >&2[0m
2026-05-16T05:07:11.2202107Z [36;1m  exit 1[0m
2026-05-16T05:07:11.2202891Z [36;1mfi[0m
2026-05-16T05:07:11.2204030Z [36;1mecho "✓ Split web lint, unit-test shards, and build passed."[0m
2026-05-16T05:07:11.2820747Z shell: /usr/bin/bash -e {0}
2026-05-16T05:07:11.2822416Z ##[endgroup]
2026-05-16T05:07:11.3149236Z web-lint finished with failure
2026-05-16T05:07:11.3197261Z ##[error]Process completed with exit code 1.
2026-05-16T05:07:11.3333106Z Cleaning up orphan processes
