=== CI FAILURE ===
Workflow:      Web CI
Workflow file: averycorp/prismTask/.github/workflows/web-ci.yml@refs/pull/1359/merge
Job(s):        web-lint, web-unit-tests (2, 3), web-unit-tests (1, 3), web-unit-tests (3, 3), web-build, web-lint-and-test
Run ID:        25839335705
Run attempt:   1
Run URL:       https://github.com/averycorp/prismTask/actions/runs/25839335705
Commit:        39d8dec7ae6b081824cb0365d50bf941fabf023e
Branch:        1359/merge
Event:         pull_request
Actor:         akarlin3
Runner OS:     Linux
Timestamp:     2026-05-14T03:09:56.413Z

Failed steps:
  - web-lint: #4 Run ./.github/actions/setup-node-web
  - web-unit-tests (2, 3): #4 Run ./.github/actions/setup-node-web
  - web-unit-tests (1, 3): #4 Run ./.github/actions/setup-node-web
  - web-unit-tests (3, 3): #4 Run ./.github/actions/setup-node-web
  - web-build: #4 Run ./.github/actions/setup-node-web
  - web-lint-and-test: #2 Verify split web checks

=== FAILED JOB LOG ===

--- Job: web-lint (id 75921084287) ---
2026-05-14T03:09:30.1552638Z Current runner version: '2.334.0'
2026-05-14T03:09:30.1578496Z ##[group]Runner Image Provisioner
2026-05-14T03:09:30.1579430Z Hosted Compute Agent
2026-05-14T03:09:30.1579961Z Version: 20260213.493
2026-05-14T03:09:30.1580622Z Commit: 5c115507f6dd24b8de37d8bbe0bb4509d0cc0fa3
2026-05-14T03:09:30.1581381Z Build Date: 2026-02-13T00:28:41Z
2026-05-14T03:09:30.1582024Z Worker ID: {0a594093-55d6-40a8-8faa-f708388a9eea}
2026-05-14T03:09:30.1583075Z Azure Region: eastus2
2026-05-14T03:09:30.1583573Z ##[endgroup]
2026-05-14T03:09:30.1585395Z ##[group]Operating System
2026-05-14T03:09:30.1586028Z Ubuntu
2026-05-14T03:09:30.1586512Z 24.04.4
2026-05-14T03:09:30.1587052Z LTS
2026-05-14T03:09:30.1587544Z ##[endgroup]
2026-05-14T03:09:30.1588078Z ##[group]Runner Image
2026-05-14T03:09:30.1588682Z Image: ubuntu-24.04
2026-05-14T03:09:30.1589266Z Version: 20260413.86.1
2026-05-14T03:09:30.1590489Z Included Software: https://github.com/actions/runner-images/blob/ubuntu24/20260413.86/images/ubuntu/Ubuntu2404-Readme.md
2026-05-14T03:09:30.1591893Z Image Release: https://github.com/actions/runner-images/releases/tag/ubuntu24%2F20260413.86
2026-05-14T03:09:30.1593121Z ##[endgroup]
2026-05-14T03:09:30.1594398Z ##[group]GITHUB_TOKEN Permissions
2026-05-14T03:09:30.1596568Z Actions: read
2026-05-14T03:09:30.1597142Z Checks: read
2026-05-14T03:09:30.1597712Z Contents: write
2026-05-14T03:09:30.1598205Z Metadata: read
2026-05-14T03:09:30.1598762Z ##[endgroup]
2026-05-14T03:09:30.1601335Z Secret source: Actions
2026-05-14T03:09:30.1602632Z Prepare workflow directory
2026-05-14T03:09:30.2113131Z Prepare all required actions
2026-05-14T03:09:30.2164776Z Getting action download info
2026-05-14T03:09:30.4994593Z Download action repository 'actions/checkout@v6' (SHA:de0fac2e4500dabe0009e67214ff5f5447ce83dd)
2026-05-14T03:09:30.6848187Z Complete job name: web-lint
2026-05-14T03:09:30.7548748Z ##[group]Run actions/checkout@v6
2026-05-14T03:09:30.7549526Z with:
2026-05-14T03:09:30.7549930Z   repository: averycorp/prismTask
2026-05-14T03:09:30.7550609Z   token: ***
2026-05-14T03:09:30.7550992Z   ssh-strict: true
2026-05-14T03:09:30.7551376Z   ssh-user: git
2026-05-14T03:09:30.7551772Z   persist-credentials: true
2026-05-14T03:09:30.7552200Z   clean: true
2026-05-14T03:09:30.7552784Z   sparse-checkout-cone-mode: true
2026-05-14T03:09:30.7553253Z   fetch-depth: 1
2026-05-14T03:09:30.7553627Z   fetch-tags: false
2026-05-14T03:09:30.7554023Z   show-progress: true
2026-05-14T03:09:30.7554426Z   lfs: false
2026-05-14T03:09:30.7554786Z   submodules: false
2026-05-14T03:09:30.7555172Z   set-safe-directory: true
2026-05-14T03:09:30.7555787Z ##[endgroup]
2026-05-14T03:09:30.8555693Z Syncing repository: averycorp/prismTask
2026-05-14T03:09:30.8557355Z ##[group]Getting Git version info
2026-05-14T03:09:30.8558016Z Working directory is '/home/runner/work/prismTask/prismTask'
2026-05-14T03:09:30.8559068Z [command]/usr/bin/git version
2026-05-14T03:09:30.8588865Z git version 2.53.0
2026-05-14T03:09:30.8609723Z ##[endgroup]
2026-05-14T03:09:30.8623399Z Temporarily overriding HOME='/home/runner/work/_temp/6888361a-93a1-4122-b353-cfd06a7687dd' before making global git config changes
2026-05-14T03:09:30.8625434Z Adding repository directory to the temporary git global config as a safe directory
2026-05-14T03:09:30.8628617Z [command]/usr/bin/git config --global --add safe.directory /home/runner/work/prismTask/prismTask
2026-05-14T03:09:30.8661891Z Deleting the contents of '/home/runner/work/prismTask/prismTask'
2026-05-14T03:09:30.8666130Z ##[group]Initializing the repository
2026-05-14T03:09:30.8670225Z [command]/usr/bin/git init /home/runner/work/prismTask/prismTask
2026-05-14T03:09:30.8732873Z hint: Using 'master' as the name for the initial branch. This default branch name
2026-05-14T03:09:30.8734678Z hint: will change to "main" in Git 3.0. To configure the initial branch name
2026-05-14T03:09:30.8736244Z hint: to use in all of your new repositories, which will suppress this warning,
2026-05-14T03:09:30.8737180Z hint: call:
2026-05-14T03:09:30.8737866Z hint:
2026-05-14T03:09:30.8739170Z hint: 	git config --global init.defaultBranch <name>
2026-05-14T03:09:30.8740123Z hint:
2026-05-14T03:09:30.8740962Z hint: Names commonly chosen instead of 'master' are 'main', 'trunk' and
2026-05-14T03:09:30.8742329Z hint: 'development'. The just-created branch can be renamed via this command:
2026-05-14T03:09:30.8743675Z hint:
2026-05-14T03:09:30.8744270Z hint: 	git branch -m <name>
2026-05-14T03:09:30.8744984Z hint:
2026-05-14T03:09:30.8745909Z hint: Disable this message with "git config set advice.defaultBranchName false"
2026-05-14T03:09:30.8747415Z Initialized empty Git repository in /home/runner/work/prismTask/prismTask/.git/
2026-05-14T03:09:30.8749697Z [command]/usr/bin/git remote add origin https://github.com/averycorp/prismTask
2026-05-14T03:09:30.8778327Z ##[endgroup]
2026-05-14T03:09:30.8779407Z ##[group]Disabling automatic garbage collection
2026-05-14T03:09:30.8782882Z [command]/usr/bin/git config --local gc.auto 0
2026-05-14T03:09:30.8813849Z ##[endgroup]
2026-05-14T03:09:30.8814874Z ##[group]Setting up auth
2026-05-14T03:09:30.8815632Z Removing SSH command configuration
2026-05-14T03:09:30.8821462Z [command]/usr/bin/git config --local --name-only --get-regexp core\.sshCommand
2026-05-14T03:09:30.8852527Z [command]/usr/bin/git submodule foreach --recursive sh -c "git config --local --name-only --get-regexp 'core\.sshCommand' && git config --local --unset-all 'core.sshCommand' || :"
2026-05-14T03:09:30.9132833Z Removing HTTP extra header
2026-05-14T03:09:30.9138708Z [command]/usr/bin/git config --local --name-only --get-regexp http\.https\:\/\/github\.com\/\.extraheader
2026-05-14T03:09:30.9171182Z [command]/usr/bin/git submodule foreach --recursive sh -c "git config --local --name-only --get-regexp 'http\.https\:\/\/github\.com\/\.extraheader' && git config --local --unset-all 'http.https://github.com/.extraheader' || :"
2026-05-14T03:09:30.9399407Z Removing includeIf entries pointing to credentials config files
2026-05-14T03:09:30.9405997Z [command]/usr/bin/git config --local --name-only --get-regexp ^includeIf\.gitdir:
2026-05-14T03:09:30.9438567Z [command]/usr/bin/git submodule foreach --recursive git config --local --show-origin --name-only --get-regexp remote.origin.url
2026-05-14T03:09:30.9672240Z [command]/usr/bin/git config --file /home/runner/work/_temp/git-credentials-ac38a510-1335-4b90-920e-4abc95e38836.config http.https://github.com/.extraheader AUTHORIZATION: basic ***
2026-05-14T03:09:30.9710417Z [command]/usr/bin/git config --local includeIf.gitdir:/home/runner/work/prismTask/prismTask/.git.path /home/runner/work/_temp/git-credentials-ac38a510-1335-4b90-920e-4abc95e38836.config
2026-05-14T03:09:30.9742534Z [command]/usr/bin/git config --local includeIf.gitdir:/home/runner/work/prismTask/prismTask/.git/worktrees/*.path /home/runner/work/_temp/git-credentials-ac38a510-1335-4b90-920e-4abc95e38836.config
2026-05-14T03:09:30.9772880Z [command]/usr/bin/git config --local includeIf.gitdir:/github/workspace/.git.path /github/runner_temp/git-credentials-ac38a510-1335-4b90-920e-4abc95e38836.config
2026-05-14T03:09:30.9802891Z [command]/usr/bin/git config --local includeIf.gitdir:/github/workspace/.git/worktrees/*.path /github/runner_temp/git-credentials-ac38a510-1335-4b90-920e-4abc95e38836.config
2026-05-14T03:09:30.9831529Z ##[endgroup]
2026-05-14T03:09:30.9832844Z ##[group]Fetching the repository
2026-05-14T03:09:30.9840776Z [command]/usr/bin/git -c protocol.version=2 fetch --no-tags --prune --no-recurse-submodules --depth=1 origin +39d8dec7ae6b081824cb0365d50bf941fabf023e:refs/remotes/pull/1359/merge
2026-05-14T03:09:32.3698721Z From https://github.com/averycorp/prismTask
2026-05-14T03:09:32.3700874Z  * [new ref]         39d8dec7ae6b081824cb0365d50bf941fabf023e -> pull/1359/merge
2026-05-14T03:09:32.3728574Z ##[endgroup]
2026-05-14T03:09:32.3730024Z ##[group]Determining the checkout info
2026-05-14T03:09:32.3731715Z ##[endgroup]
2026-05-14T03:09:32.3735417Z [command]/usr/bin/git sparse-checkout disable
2026-05-14T03:09:32.3774374Z [command]/usr/bin/git config --local --unset-all extensions.worktreeConfig
2026-05-14T03:09:32.3804264Z ##[group]Checking out the ref
2026-05-14T03:09:32.3806854Z [command]/usr/bin/git checkout --progress --force refs/remotes/pull/1359/merge
2026-05-14T03:09:32.6706240Z Note: switching to 'refs/remotes/pull/1359/merge'.
2026-05-14T03:09:32.6707469Z 
2026-05-14T03:09:32.6707858Z You are in 'detached HEAD' state. You can look around, make experimental
2026-05-14T03:09:32.6708667Z changes and commit them, and you can discard any commits you make in this
2026-05-14T03:09:32.6709470Z state without impacting any branches by switching back to a branch.
2026-05-14T03:09:32.6709944Z 
2026-05-14T03:09:32.6710283Z If you want to create a new branch to retain commits you create, you may
2026-05-14T03:09:32.6711026Z do so (now or later) by using -c with the switch command. Example:
2026-05-14T03:09:32.6711511Z 
2026-05-14T03:09:32.6711703Z   git switch -c <new-branch-name>
2026-05-14T03:09:32.6711991Z 
2026-05-14T03:09:32.6712172Z Or undo this operation with:
2026-05-14T03:09:32.6712712Z 
2026-05-14T03:09:32.6712892Z   git switch -
2026-05-14T03:09:32.6713121Z 
2026-05-14T03:09:32.6713511Z Turn off this advice by setting config variable advice.detachedHead to false
2026-05-14T03:09:32.6714004Z 
2026-05-14T03:09:32.6714591Z HEAD is now at 39d8dec Merge e28d69070ac23f89000ba7d2f5abc725330895d3 into 84921f3ff1bf320e55dd9cc068c41135aca9c1e3
2026-05-14T03:09:32.6732086Z ##[endgroup]
2026-05-14T03:09:32.6773084Z [command]/usr/bin/git log -1 --format=%H
2026-05-14T03:09:32.6798088Z 39d8dec7ae6b081824cb0365d50bf941fabf023e
2026-05-14T03:09:32.7092702Z Prepare all required actions
2026-05-14T03:09:32.7093192Z Getting action download info
2026-05-14T03:09:32.8454816Z Download action repository 'actions/setup-node@v4' (SHA:49933ea5288caeca8642d1e84afbd3f7d6820020)
2026-05-14T03:09:32.9514538Z ##[group]Run ./.github/actions/setup-node-web
2026-05-14T03:09:32.9514869Z ##[endgroup]
2026-05-14T03:09:32.9638048Z ##[group]Run actions/setup-node@v4
2026-05-14T03:09:32.9638343Z with:
2026-05-14T03:09:32.9638590Z   node-version: 22
2026-05-14T03:09:32.9638796Z   cache: npm
2026-05-14T03:09:32.9639040Z   cache-dependency-path: web/package-lock.json
2026-05-14T03:09:32.9639330Z   always-auth: false
2026-05-14T03:09:32.9639525Z   check-latest: false
2026-05-14T03:09:32.9712328Z   token: ***
2026-05-14T03:09:32.9712786Z ##[endgroup]
2026-05-14T03:09:33.1545992Z Found in cache @ /opt/hostedtoolcache/node/22.22.2/x64
2026-05-14T03:09:33.1553522Z ##[group]Environment details
2026-05-14T03:09:33.4557808Z node: v22.22.2
2026-05-14T03:09:33.4558246Z npm: 10.9.7
2026-05-14T03:09:33.4558456Z yarn: 1.22.22
2026-05-14T03:09:33.4559257Z ##[endgroup]
2026-05-14T03:09:33.4578598Z [command]/opt/hostedtoolcache/node/22.22.2/x64/bin/npm config get cache
2026-05-14T03:09:33.5587174Z /home/runner/.npm
2026-05-14T03:09:33.6581633Z npm cache is not found
2026-05-14T03:09:33.6730808Z ##[group]Run npm ci
2026-05-14T03:09:33.6731102Z [36;1mnpm ci[0m
2026-05-14T03:09:33.6763350Z shell: /usr/bin/bash --noprofile --norc -e -o pipefail {0}
2026-05-14T03:09:33.6763725Z ##[endgroup]
2026-05-14T03:09:34.4237684Z npm error code ETARGET
2026-05-14T03:09:34.4238694Z npm error notarget No matching version found for idb@^8.0.4.
2026-05-14T03:09:34.4239598Z npm error notarget In most cases you or one of your dependencies are requesting
2026-05-14T03:09:34.4240440Z npm error notarget a package version that doesn't exist.
2026-05-14T03:09:34.4241554Z npm error A complete log of this run can be found in: /home/runner/.npm/_logs/2026-05-14T03_09_33_731Z-debug-0.log
2026-05-14T03:09:34.4626076Z ##[error]Process completed with exit code 1.
2026-05-14T03:09:34.4718832Z Post job cleanup.
2026-05-14T03:09:34.4803867Z Post job cleanup.
2026-05-14T03:09:34.5635279Z [command]/usr/bin/git version
2026-05-14T03:09:34.5705352Z git version 2.53.0
2026-05-14T03:09:34.5743996Z Temporarily overriding HOME='/home/runner/work/_temp/199b3a15-2bbb-4f0d-a22a-4739a3813b2d' before making global git config changes
2026-05-14T03:09:34.5745408Z Adding repository directory to the temporary git global config as a safe directory
2026-05-14T03:09:34.5749888Z [command]/usr/bin/git config --global --add safe.directory /home/runner/work/prismTask/prismTask
2026-05-14T03:09:34.5781319Z Removing SSH command configuration
2026-05-14T03:09:34.5787863Z [command]/usr/bin/git config --local --name-only --get-regexp core\.sshCommand
2026-05-14T03:09:34.5824265Z [command]/usr/bin/git submodule foreach --recursive sh -c "git config --local --name-only --get-regexp 'core\.sshCommand' && git config --local --unset-all 'core.sshCommand' || :"
2026-05-14T03:09:34.6061763Z Removing HTTP extra header
2026-05-14T03:09:34.6066990Z [command]/usr/bin/git config --local --name-only --get-regexp http\.https\:\/\/github\.com\/\.extraheader
2026-05-14T03:09:34.6100004Z [command]/usr/bin/git submodule foreach --recursive sh -c "git config --local --name-only --get-regexp 'http\.https\:\/\/github\.com\/\.extraheader' && git config --local --unset-all 'http.https://github.com/.extraheader' || :"
2026-05-14T03:09:34.6339048Z Removing includeIf entries pointing to credentials config files
2026-05-14T03:09:34.6345374Z [command]/usr/bin/git config --local --name-only --get-regexp ^includeIf\.gitdir:
2026-05-14T03:09:34.6369041Z includeif.gitdir:/home/runner/work/prismTask/prismTask/.git.path
2026-05-14T03:09:34.6369874Z includeif.gitdir:/home/runner/work/prismTask/prismTask/.git/worktrees/*.path
2026-05-14T03:09:34.6370388Z includeif.gitdir:/github/workspace/.git.path
2026-05-14T03:09:34.6370924Z includeif.gitdir:/github/workspace/.git/worktrees/*.path
2026-05-14T03:09:34.6378981Z [command]/usr/bin/git config --local --get-all includeif.gitdir:/home/runner/work/prismTask/prismTask/.git.path
2026-05-14T03:09:34.6401535Z /home/runner/work/_temp/git-credentials-ac38a510-1335-4b90-920e-4abc95e38836.config
2026-05-14T03:09:34.6413633Z [command]/usr/bin/git config --local --unset includeif.gitdir:/home/runner/work/prismTask/prismTask/.git.path /home/runner/work/_temp/git-credentials-ac38a510-1335-4b90-920e-4abc95e38836.config
2026-05-14T03:09:34.6448666Z [command]/usr/bin/git config --local --get-all includeif.gitdir:/home/runner/work/prismTask/prismTask/.git/worktrees/*.path
2026-05-14T03:09:34.6471449Z /home/runner/work/_temp/git-credentials-ac38a510-1335-4b90-920e-4abc95e38836.config
2026-05-14T03:09:34.6480111Z [command]/usr/bin/git config --local --unset includeif.gitdir:/home/runner/work/prismTask/prismTask/.git/worktrees/*.path /home/runner/work/_temp/git-credentials-ac38a510-1335-4b90-920e-4abc95e38836.config
2026-05-14T03:09:34.6517329Z [command]/usr/bin/git config --local --get-all includeif.gitdir:/github/workspace/.git.path
2026-05-14T03:09:34.6539866Z /github/runner_temp/git-credentials-ac38a510-1335-4b90-920e-4abc95e38836.config
2026-05-14T03:09:34.6547404Z [command]/usr/bin/git config --local --unset includeif.gitdir:/github/workspace/.git.path /github/runner_temp/git-credentials-ac38a510-1335-4b90-920e-4abc95e38836.config
2026-05-14T03:09:34.6580086Z [command]/usr/bin/git config --local --get-all includeif.gitdir:/github/workspace/.git/worktrees/*.path
2026-05-14T03:09:34.6602164Z /github/runner_temp/git-credentials-ac38a510-1335-4b90-920e-4abc95e38836.config
2026-05-14T03:09:34.6611448Z [command]/usr/bin/git config --local --unset includeif.gitdir:/github/workspace/.git/worktrees/*.path /github/runner_temp/git-credentials-ac38a510-1335-4b90-920e-4abc95e38836.config
2026-05-14T03:09:34.6644461Z [command]/usr/bin/git submodule foreach --recursive git config --local --show-origin --name-only --get-regexp remote.origin.url
2026-05-14T03:09:34.6872316Z Removing credentials config '/home/runner/work/_temp/git-credentials-ac38a510-1335-4b90-920e-4abc95e38836.config'
2026-05-14T03:09:34.7021834Z Cleaning up orphan processes
2026-05-14T03:09:34.7305966Z ##[warning]Node.js 20 actions are deprecated. The following actions are running on Node.js 20 and may not work as expected: actions/setup-node@v4. Actions will be forced to run with Node.js 24 by default starting June 2nd, 2026. Node.js 20 will be removed from the runner on September 16th, 2026. Please check if updated versions of these actions are available that support Node.js 24. To opt into Node.js 24 now, set the FORCE_JAVASCRIPT_ACTIONS_TO_NODE24=true environment variable on the runner or in your workflow file. Once Node.js 24 becomes the default, you can temporarily opt out by setting ACTIONS_ALLOW_USE_UNSECURE_NODE_VERSION=true. For more information see: https://github.blog/changelog/2025-09-19-deprecation-of-node-20-on-github-actions-runners/


--- Job: web-unit-tests (2, 3) (id 75921084300) ---
2026-05-14T03:09:30.4099589Z Current runner version: '2.334.0'
2026-05-14T03:09:30.4125946Z ##[group]Runner Image Provisioner
2026-05-14T03:09:30.4126805Z Hosted Compute Agent
2026-05-14T03:09:30.4127426Z Version: 20260213.493
2026-05-14T03:09:30.4128060Z Commit: 5c115507f6dd24b8de37d8bbe0bb4509d0cc0fa3
2026-05-14T03:09:30.4128731Z Build Date: 2026-02-13T00:28:41Z
2026-05-14T03:09:30.4129421Z Worker ID: {78bc1406-26d8-45b5-bddc-16b19eced613}
2026-05-14T03:09:30.4130096Z Azure Region: northcentralus
2026-05-14T03:09:30.4130718Z ##[endgroup]
2026-05-14T03:09:30.4132114Z ##[group]Operating System
2026-05-14T03:09:30.4133291Z Ubuntu
2026-05-14T03:09:30.4133788Z 24.04.4
2026-05-14T03:09:30.4134204Z LTS
2026-05-14T03:09:30.4134746Z ##[endgroup]
2026-05-14T03:09:30.4135249Z ##[group]Runner Image
2026-05-14T03:09:30.4135814Z Image: ubuntu-24.04
2026-05-14T03:09:30.4136369Z Version: 20260413.86.1
2026-05-14T03:09:30.4137564Z Included Software: https://github.com/actions/runner-images/blob/ubuntu24/20260413.86/images/ubuntu/Ubuntu2404-Readme.md
2026-05-14T03:09:30.4139127Z Image Release: https://github.com/actions/runner-images/releases/tag/ubuntu24%2F20260413.86
2026-05-14T03:09:30.4140067Z ##[endgroup]
2026-05-14T03:09:30.4141214Z ##[group]GITHUB_TOKEN Permissions
2026-05-14T03:09:30.4143609Z Actions: read
2026-05-14T03:09:30.4144175Z Checks: read
2026-05-14T03:09:30.4144774Z Contents: write
2026-05-14T03:09:30.4145258Z Metadata: read
2026-05-14T03:09:30.4145794Z ##[endgroup]
2026-05-14T03:09:30.4147979Z Secret source: Actions
2026-05-14T03:09:30.4148837Z Prepare workflow directory
2026-05-14T03:09:30.4695209Z Prepare all required actions
2026-05-14T03:09:30.4750294Z Getting action download info
2026-05-14T03:09:30.7989909Z Download action repository 'actions/checkout@v6' (SHA:de0fac2e4500dabe0009e67214ff5f5447ce83dd)
2026-05-14T03:09:31.0326964Z Complete job name: web-unit-tests (2, 3)
2026-05-14T03:09:31.0986096Z ##[group]Run actions/checkout@v6
2026-05-14T03:09:31.0986979Z with:
2026-05-14T03:09:31.0987379Z   repository: averycorp/prismTask
2026-05-14T03:09:31.0988071Z   token: ***
2026-05-14T03:09:31.0988483Z   ssh-strict: true
2026-05-14T03:09:31.0988871Z   ssh-user: git
2026-05-14T03:09:31.0989276Z   persist-credentials: true
2026-05-14T03:09:31.0989716Z   clean: true
2026-05-14T03:09:31.0990121Z   sparse-checkout-cone-mode: true
2026-05-14T03:09:31.0990598Z   fetch-depth: 1
2026-05-14T03:09:31.0990980Z   fetch-tags: false
2026-05-14T03:09:31.0991397Z   show-progress: true
2026-05-14T03:09:31.0991800Z   lfs: false
2026-05-14T03:09:31.0992165Z   submodules: false
2026-05-14T03:09:31.0992811Z   set-safe-directory: true
2026-05-14T03:09:31.0993553Z ##[endgroup]
2026-05-14T03:09:31.1990494Z Syncing repository: averycorp/prismTask
2026-05-14T03:09:31.1992413Z ##[group]Getting Git version info
2026-05-14T03:09:31.1993349Z Working directory is '/home/runner/work/prismTask/prismTask'
2026-05-14T03:09:31.1994378Z [command]/usr/bin/git version
2026-05-14T03:09:31.2029773Z git version 2.53.0
2026-05-14T03:09:31.2055131Z ##[endgroup]
2026-05-14T03:09:31.2070386Z Temporarily overriding HOME='/home/runner/work/_temp/62987b1b-c4c2-4577-8a9d-d03ef96e0dbf' before making global git config changes
2026-05-14T03:09:31.2072790Z Adding repository directory to the temporary git global config as a safe directory
2026-05-14T03:09:31.2076613Z [command]/usr/bin/git config --global --add safe.directory /home/runner/work/prismTask/prismTask
2026-05-14T03:09:31.2112294Z Deleting the contents of '/home/runner/work/prismTask/prismTask'
2026-05-14T03:09:31.2116828Z ##[group]Initializing the repository
2026-05-14T03:09:31.2121369Z [command]/usr/bin/git init /home/runner/work/prismTask/prismTask
2026-05-14T03:09:31.2204793Z hint: Using 'master' as the name for the initial branch. This default branch name
2026-05-14T03:09:31.2206460Z hint: will change to "main" in Git 3.0. To configure the initial branch name
2026-05-14T03:09:31.2207604Z hint: to use in all of your new repositories, which will suppress this warning,
2026-05-14T03:09:31.2208282Z hint: call:
2026-05-14T03:09:31.2208651Z hint:
2026-05-14T03:09:31.2209533Z hint: 	git config --global init.defaultBranch <name>
2026-05-14T03:09:31.2210104Z hint:
2026-05-14T03:09:31.2210633Z hint: Names commonly chosen instead of 'master' are 'main', 'trunk' and
2026-05-14T03:09:31.2211690Z hint: 'development'. The just-created branch can be renamed via this command:
2026-05-14T03:09:31.2212372Z hint:
2026-05-14T03:09:31.2213170Z hint: 	git branch -m <name>
2026-05-14T03:09:31.2213619Z hint:
2026-05-14T03:09:31.2214199Z hint: Disable this message with "git config set advice.defaultBranchName false"
2026-05-14T03:09:31.2215154Z Initialized empty Git repository in /home/runner/work/prismTask/prismTask/.git/
2026-05-14T03:09:31.2217999Z [command]/usr/bin/git remote add origin https://github.com/averycorp/prismTask
2026-05-14T03:09:31.2250685Z ##[endgroup]
2026-05-14T03:09:31.2251817Z ##[group]Disabling automatic garbage collection
2026-05-14T03:09:31.2254832Z [command]/usr/bin/git config --local gc.auto 0
2026-05-14T03:09:31.2283853Z ##[endgroup]
2026-05-14T03:09:31.2284910Z ##[group]Setting up auth
2026-05-14T03:09:31.2285677Z Removing SSH command configuration
2026-05-14T03:09:31.2291276Z [command]/usr/bin/git config --local --name-only --get-regexp core\.sshCommand
2026-05-14T03:09:31.2322436Z [command]/usr/bin/git submodule foreach --recursive sh -c "git config --local --name-only --get-regexp 'core\.sshCommand' && git config --local --unset-all 'core.sshCommand' || :"
2026-05-14T03:09:31.2637941Z Removing HTTP extra header
2026-05-14T03:09:31.2644299Z [command]/usr/bin/git config --local --name-only --get-regexp http\.https\:\/\/github\.com\/\.extraheader
2026-05-14T03:09:31.2677487Z [command]/usr/bin/git submodule foreach --recursive sh -c "git config --local --name-only --get-regexp 'http\.https\:\/\/github\.com\/\.extraheader' && git config --local --unset-all 'http.https://github.com/.extraheader' || :"
2026-05-14T03:09:31.2891962Z Removing includeIf entries pointing to credentials config files
2026-05-14T03:09:31.2898239Z [command]/usr/bin/git config --local --name-only --get-regexp ^includeIf\.gitdir:
2026-05-14T03:09:31.2929965Z [command]/usr/bin/git submodule foreach --recursive git config --local --show-origin --name-only --get-regexp remote.origin.url
2026-05-14T03:09:31.3154082Z [command]/usr/bin/git config --file /home/runner/work/_temp/git-credentials-00f4b4d1-3f8e-4ec1-8cc1-a464c36558d4.config http.https://github.com/.extraheader AUTHORIZATION: basic ***
2026-05-14T03:09:31.3190749Z [command]/usr/bin/git config --local includeIf.gitdir:/home/runner/work/prismTask/prismTask/.git.path /home/runner/work/_temp/git-credentials-00f4b4d1-3f8e-4ec1-8cc1-a464c36558d4.config
2026-05-14T03:09:31.3221853Z [command]/usr/bin/git config --local includeIf.gitdir:/home/runner/work/prismTask/prismTask/.git/worktrees/*.path /home/runner/work/_temp/git-credentials-00f4b4d1-3f8e-4ec1-8cc1-a464c36558d4.config
2026-05-14T03:09:31.3251273Z [command]/usr/bin/git config --local includeIf.gitdir:/github/workspace/.git.path /github/runner_temp/git-credentials-00f4b4d1-3f8e-4ec1-8cc1-a464c36558d4.config
2026-05-14T03:09:31.3281422Z [command]/usr/bin/git config --local includeIf.gitdir:/github/workspace/.git/worktrees/*.path /github/runner_temp/git-credentials-00f4b4d1-3f8e-4ec1-8cc1-a464c36558d4.config
2026-05-14T03:09:31.3316135Z ##[endgroup]
2026-05-14T03:09:31.3316823Z ##[group]Fetching the repository
2026-05-14T03:09:31.3325669Z [command]/usr/bin/git -c protocol.version=2 fetch --no-tags --prune --no-recurse-submodules --depth=1 origin +39d8dec7ae6b081824cb0365d50bf941fabf023e:refs/remotes/pull/1359/merge
2026-05-14T03:09:32.9427209Z From https://github.com/averycorp/prismTask
2026-05-14T03:09:32.9431253Z  * [new ref]         39d8dec7ae6b081824cb0365d50bf941fabf023e -> pull/1359/merge
2026-05-14T03:09:32.9458648Z ##[endgroup]
2026-05-14T03:09:32.9460437Z ##[group]Determining the checkout info
2026-05-14T03:09:32.9462440Z ##[endgroup]
2026-05-14T03:09:32.9465312Z [command]/usr/bin/git sparse-checkout disable
2026-05-14T03:09:32.9505904Z [command]/usr/bin/git config --local --unset-all extensions.worktreeConfig
2026-05-14T03:09:32.9537785Z ##[group]Checking out the ref
2026-05-14T03:09:32.9541755Z [command]/usr/bin/git checkout --progress --force refs/remotes/pull/1359/merge
2026-05-14T03:09:33.2409557Z Note: switching to 'refs/remotes/pull/1359/merge'.
2026-05-14T03:09:33.2411118Z 
2026-05-14T03:09:33.2411510Z You are in 'detached HEAD' state. You can look around, make experimental
2026-05-14T03:09:33.2412408Z changes and commit them, and you can discard any commits you make in this
2026-05-14T03:09:33.2413575Z state without impacting any branches by switching back to a branch.
2026-05-14T03:09:33.2414130Z 
2026-05-14T03:09:33.2414505Z If you want to create a new branch to retain commits you create, you may
2026-05-14T03:09:33.2415342Z do so (now or later) by using -c with the switch command. Example:
2026-05-14T03:09:33.2415883Z 
2026-05-14T03:09:33.2416081Z   git switch -c <new-branch-name>
2026-05-14T03:09:33.2416399Z 
2026-05-14T03:09:33.2416612Z Or undo this operation with:
2026-05-14T03:09:33.2416920Z 
2026-05-14T03:09:33.2417103Z   git switch -
2026-05-14T03:09:33.2417358Z 
2026-05-14T03:09:33.2417781Z Turn off this advice by setting config variable advice.detachedHead to false
2026-05-14T03:09:33.2418406Z 
2026-05-14T03:09:33.2419049Z HEAD is now at 39d8dec Merge e28d69070ac23f89000ba7d2f5abc725330895d3 into 84921f3ff1bf320e55dd9cc068c41135aca9c1e3
2026-05-14T03:09:33.2436239Z ##[endgroup]
2026-05-14T03:09:33.2476641Z [command]/usr/bin/git log -1 --format=%H
2026-05-14T03:09:33.2500810Z 39d8dec7ae6b081824cb0365d50bf941fabf023e
2026-05-14T03:09:33.2794310Z Prepare all required actions
2026-05-14T03:09:33.2794847Z Getting action download info
2026-05-14T03:09:33.4106786Z Download action repository 'actions/setup-node@v4' (SHA:49933ea5288caeca8642d1e84afbd3f7d6820020)
2026-05-14T03:09:33.5057852Z ##[group]Run ./.github/actions/setup-node-web
2026-05-14T03:09:33.5058207Z ##[endgroup]
2026-05-14T03:09:33.5200181Z ##[group]Run actions/setup-node@v4
2026-05-14T03:09:33.5200568Z with:
2026-05-14T03:09:33.5200814Z   node-version: 22
2026-05-14T03:09:33.5201045Z   cache: npm
2026-05-14T03:09:33.5201302Z   cache-dependency-path: web/package-lock.json
2026-05-14T03:09:33.5201620Z   always-auth: false
2026-05-14T03:09:33.5201850Z   check-latest: false
2026-05-14T03:09:33.5202238Z   token: ***
2026-05-14T03:09:33.5202458Z ##[endgroup]
2026-05-14T03:09:33.7209274Z Found in cache @ /opt/hostedtoolcache/node/22.22.2/x64
2026-05-14T03:09:33.7216766Z ##[group]Environment details
2026-05-14T03:09:34.0379300Z node: v22.22.2
2026-05-14T03:09:34.0380080Z npm: 10.9.7
2026-05-14T03:09:34.0380402Z yarn: 1.22.22
2026-05-14T03:09:34.0381267Z ##[endgroup]
2026-05-14T03:09:34.0411981Z [command]/opt/hostedtoolcache/node/22.22.2/x64/bin/npm config get cache
2026-05-14T03:09:34.1513431Z /home/runner/.npm
2026-05-14T03:09:34.2931928Z npm cache is not found
2026-05-14T03:09:34.3076869Z ##[group]Run npm ci
2026-05-14T03:09:34.3077169Z [36;1mnpm ci[0m
2026-05-14T03:09:34.3109445Z shell: /usr/bin/bash --noprofile --norc -e -o pipefail {0}
2026-05-14T03:09:34.3109830Z ##[endgroup]
2026-05-14T03:09:35.1540626Z npm error code ETARGET
2026-05-14T03:09:35.1541478Z npm error notarget No matching version found for idb@^8.0.4.
2026-05-14T03:09:35.1542760Z npm error notarget In most cases you or one of your dependencies are requesting
2026-05-14T03:09:35.1543600Z npm error notarget a package version that doesn't exist.
2026-05-14T03:09:35.1546810Z npm error A complete log of this run can be found in: /home/runner/.npm/_logs/2026-05-14T03_09_34_369Z-debug-0.log
2026-05-14T03:09:35.1931554Z ##[error]Process completed with exit code 1.
2026-05-14T03:09:35.2028453Z Post job cleanup.
2026-05-14T03:09:35.2118558Z Post job cleanup.
2026-05-14T03:09:35.2951195Z [command]/usr/bin/git version
2026-05-14T03:09:35.2988331Z git version 2.53.0
2026-05-14T03:09:35.3030413Z Temporarily overriding HOME='/home/runner/work/_temp/1b9e364b-3ea9-4e3f-bb0d-de0093b50f2b' before making global git config changes
2026-05-14T03:09:35.3036032Z Adding repository directory to the temporary git global config as a safe directory
2026-05-14T03:09:35.3037525Z [command]/usr/bin/git config --global --add safe.directory /home/runner/work/prismTask/prismTask
2026-05-14T03:09:35.3067035Z Removing SSH command configuration
2026-05-14T03:09:35.3074145Z [command]/usr/bin/git config --local --name-only --get-regexp core\.sshCommand
2026-05-14T03:09:35.3133006Z [command]/usr/bin/git submodule foreach --recursive sh -c "git config --local --name-only --get-regexp 'core\.sshCommand' && git config --local --unset-all 'core.sshCommand' || :"
2026-05-14T03:09:35.3355731Z Removing HTTP extra header
2026-05-14T03:09:35.3361541Z [command]/usr/bin/git config --local --name-only --get-regexp http\.https\:\/\/github\.com\/\.extraheader
2026-05-14T03:09:35.3395113Z [command]/usr/bin/git submodule foreach --recursive sh -c "git config --local --name-only --get-regexp 'http\.https\:\/\/github\.com\/\.extraheader' && git config --local --unset-all 'http.https://github.com/.extraheader' || :"
2026-05-14T03:09:35.3624219Z Removing includeIf entries pointing to credentials config files
2026-05-14T03:09:35.3634346Z [command]/usr/bin/git config --local --name-only --get-regexp ^includeIf\.gitdir:
2026-05-14T03:09:35.3660878Z includeif.gitdir:/home/runner/work/prismTask/prismTask/.git.path
2026-05-14T03:09:35.3662001Z includeif.gitdir:/home/runner/work/prismTask/prismTask/.git/worktrees/*.path
2026-05-14T03:09:35.3664175Z includeif.gitdir:/github/workspace/.git.path
2026-05-14T03:09:35.3665317Z includeif.gitdir:/github/workspace/.git/worktrees/*.path
2026-05-14T03:09:35.3673237Z [command]/usr/bin/git config --local --get-all includeif.gitdir:/home/runner/work/prismTask/prismTask/.git.path
2026-05-14T03:09:35.3697778Z /home/runner/work/_temp/git-credentials-00f4b4d1-3f8e-4ec1-8cc1-a464c36558d4.config
2026-05-14T03:09:35.3710271Z [command]/usr/bin/git config --local --unset includeif.gitdir:/home/runner/work/prismTask/prismTask/.git.path /home/runner/work/_temp/git-credentials-00f4b4d1-3f8e-4ec1-8cc1-a464c36558d4.config
2026-05-14T03:09:35.3750367Z [command]/usr/bin/git config --local --get-all includeif.gitdir:/home/runner/work/prismTask/prismTask/.git/worktrees/*.path
2026-05-14T03:09:35.3776215Z /home/runner/work/_temp/git-credentials-00f4b4d1-3f8e-4ec1-8cc1-a464c36558d4.config
2026-05-14T03:09:35.3790905Z [command]/usr/bin/git config --local --unset includeif.gitdir:/home/runner/work/prismTask/prismTask/.git/worktrees/*.path /home/runner/work/_temp/git-credentials-00f4b4d1-3f8e-4ec1-8cc1-a464c36558d4.config
2026-05-14T03:09:35.3831189Z [command]/usr/bin/git config --local --get-all includeif.gitdir:/github/workspace/.git.path
2026-05-14T03:09:35.3856452Z /github/runner_temp/git-credentials-00f4b4d1-3f8e-4ec1-8cc1-a464c36558d4.config
2026-05-14T03:09:35.3866814Z [command]/usr/bin/git config --local --unset includeif.gitdir:/github/workspace/.git.path /github/runner_temp/git-credentials-00f4b4d1-3f8e-4ec1-8cc1-a464c36558d4.config
2026-05-14T03:09:35.3903147Z [command]/usr/bin/git config --local --get-all includeif.gitdir:/github/workspace/.git/worktrees/*.path
2026-05-14T03:09:35.3925994Z /github/runner_temp/git-credentials-00f4b4d1-3f8e-4ec1-8cc1-a464c36558d4.config
2026-05-14T03:09:35.3937357Z [command]/usr/bin/git config --local --unset includeif.gitdir:/github/workspace/.git/worktrees/*.path /github/runner_temp/git-credentials-00f4b4d1-3f8e-4ec1-8cc1-a464c36558d4.config
2026-05-14T03:09:35.3976247Z [command]/usr/bin/git submodule foreach --recursive git config --local --show-origin --name-only --get-regexp remote.origin.url
2026-05-14T03:09:35.4217748Z Removing credentials config '/home/runner/work/_temp/git-credentials-00f4b4d1-3f8e-4ec1-8cc1-a464c36558d4.config'
2026-05-14T03:09:35.4383615Z Cleaning up orphan processes
2026-05-14T03:09:35.4662840Z ##[warning]Node.js 20 actions are deprecated. The following actions are running on Node.js 20 and may not work as expected: actions/setup-node@v4. Actions will be forced to run with Node.js 24 by default starting June 2nd, 2026. Node.js 20 will be removed from the runner on September 16th, 2026. Please check if updated versions of these actions are available that support Node.js 24. To opt into Node.js 24 now, set the FORCE_JAVASCRIPT_ACTIONS_TO_NODE24=true environment variable on the runner or in your workflow file. Once Node.js 24 becomes the default, you can temporarily opt out by setting ACTIONS_ALLOW_USE_UNSECURE_NODE_VERSION=true. For more information see: https://github.blog/changelog/2025-09-19-deprecation-of-node-20-on-github-actions-runners/


--- Job: web-unit-tests (1, 3) (id 75921084305) ---
2026-05-14T03:09:30.1458133Z Current runner version: '2.334.0'
2026-05-14T03:09:30.1483065Z ##[group]Runner Image Provisioner
2026-05-14T03:09:30.1483882Z Hosted Compute Agent
2026-05-14T03:09:30.1484509Z Version: 20260213.493
2026-05-14T03:09:30.1485298Z Commit: 5c115507f6dd24b8de37d8bbe0bb4509d0cc0fa3
2026-05-14T03:09:30.1485972Z Build Date: 2026-02-13T00:28:41Z
2026-05-14T03:09:30.1486694Z Worker ID: {8bd9ecd8-71c6-4880-b0f7-0b957d7885a6}
2026-05-14T03:09:30.1487512Z Azure Region: eastus
2026-05-14T03:09:30.1488097Z ##[endgroup]
2026-05-14T03:09:30.1489484Z ##[group]Operating System
2026-05-14T03:09:30.1490119Z Ubuntu
2026-05-14T03:09:30.1490571Z 24.04.4
2026-05-14T03:09:30.1491076Z LTS
2026-05-14T03:09:30.1491568Z ##[endgroup]
2026-05-14T03:09:30.1492085Z ##[group]Runner Image
2026-05-14T03:09:30.1492679Z Image: ubuntu-24.04
2026-05-14T03:09:30.1493184Z Version: 20260413.86.1
2026-05-14T03:09:30.1494366Z Included Software: https://github.com/actions/runner-images/blob/ubuntu24/20260413.86/images/ubuntu/Ubuntu2404-Readme.md
2026-05-14T03:09:30.1496207Z Image Release: https://github.com/actions/runner-images/releases/tag/ubuntu24%2F20260413.86
2026-05-14T03:09:30.1497172Z ##[endgroup]
2026-05-14T03:09:30.1498399Z ##[group]GITHUB_TOKEN Permissions
2026-05-14T03:09:30.1500604Z Actions: read
2026-05-14T03:09:30.1501132Z Checks: read
2026-05-14T03:09:30.1501737Z Contents: write
2026-05-14T03:09:30.1502255Z Metadata: read
2026-05-14T03:09:30.1502722Z ##[endgroup]
2026-05-14T03:09:30.1504823Z Secret source: Actions
2026-05-14T03:09:30.1505931Z Prepare workflow directory
2026-05-14T03:09:30.1897590Z Prepare all required actions
2026-05-14T03:09:30.1933937Z Getting action download info
2026-05-14T03:09:30.4637759Z Download action repository 'actions/checkout@v6' (SHA:de0fac2e4500dabe0009e67214ff5f5447ce83dd)
2026-05-14T03:09:30.6592945Z Complete job name: web-unit-tests (1, 3)
2026-05-14T03:09:30.7232825Z ##[group]Run actions/checkout@v6
2026-05-14T03:09:30.7233598Z with:
2026-05-14T03:09:30.7233999Z   repository: averycorp/prismTask
2026-05-14T03:09:30.7234687Z   token: ***
2026-05-14T03:09:30.7235264Z   ssh-strict: true
2026-05-14T03:09:30.7235655Z   ssh-user: git
2026-05-14T03:09:30.7236057Z   persist-credentials: true
2026-05-14T03:09:30.7236500Z   clean: true
2026-05-14T03:09:30.7236908Z   sparse-checkout-cone-mode: true
2026-05-14T03:09:30.7237378Z   fetch-depth: 1
2026-05-14T03:09:30.7237761Z   fetch-tags: false
2026-05-14T03:09:30.7238152Z   show-progress: true
2026-05-14T03:09:30.7238554Z   lfs: false
2026-05-14T03:09:30.7238915Z   submodules: false
2026-05-14T03:09:30.7239323Z   set-safe-directory: true
2026-05-14T03:09:30.7239994Z ##[endgroup]
2026-05-14T03:09:30.8206131Z Syncing repository: averycorp/prismTask
2026-05-14T03:09:30.8208084Z ##[group]Getting Git version info
2026-05-14T03:09:30.8208791Z Working directory is '/home/runner/work/prismTask/prismTask'
2026-05-14T03:09:30.8209907Z [command]/usr/bin/git version
2026-05-14T03:09:30.8226020Z git version 2.53.0
2026-05-14T03:09:30.8246942Z ##[endgroup]
2026-05-14T03:09:30.8260464Z Temporarily overriding HOME='/home/runner/work/_temp/16b05d07-7651-47dd-9db9-8526fce04426' before making global git config changes
2026-05-14T03:09:30.8262504Z Adding repository directory to the temporary git global config as a safe directory
2026-05-14T03:09:30.8265803Z [command]/usr/bin/git config --global --add safe.directory /home/runner/work/prismTask/prismTask
2026-05-14T03:09:30.8302311Z Deleting the contents of '/home/runner/work/prismTask/prismTask'
2026-05-14T03:09:30.8306363Z ##[group]Initializing the repository
2026-05-14T03:09:30.8311162Z [command]/usr/bin/git init /home/runner/work/prismTask/prismTask
2026-05-14T03:09:30.8373566Z hint: Using 'master' as the name for the initial branch. This default branch name
2026-05-14T03:09:30.8375472Z hint: will change to "main" in Git 3.0. To configure the initial branch name
2026-05-14T03:09:30.8377144Z hint: to use in all of your new repositories, which will suppress this warning,
2026-05-14T03:09:30.8378306Z hint: call:
2026-05-14T03:09:30.8379338Z hint:
2026-05-14T03:09:30.8380727Z hint: 	git config --global init.defaultBranch <name>
2026-05-14T03:09:30.8381765Z hint:
2026-05-14T03:09:30.8382808Z hint: Names commonly chosen instead of 'master' are 'main', 'trunk' and
2026-05-14T03:09:30.8384173Z hint: 'development'. The just-created branch can be renamed via this command:
2026-05-14T03:09:30.8384967Z hint:
2026-05-14T03:09:30.8385560Z hint: 	git branch -m <name>
2026-05-14T03:09:30.8385991Z hint:
2026-05-14T03:09:30.8386557Z hint: Disable this message with "git config set advice.defaultBranchName false"
2026-05-14T03:09:30.8387494Z Initialized empty Git repository in /home/runner/work/prismTask/prismTask/.git/
2026-05-14T03:09:30.8389047Z [command]/usr/bin/git remote add origin https://github.com/averycorp/prismTask
2026-05-14T03:09:30.8449320Z ##[endgroup]
2026-05-14T03:09:30.8450053Z ##[group]Disabling automatic garbage collection
2026-05-14T03:09:30.8453166Z [command]/usr/bin/git config --local gc.auto 0
2026-05-14T03:09:30.8482607Z ##[endgroup]
2026-05-14T03:09:30.8483290Z ##[group]Setting up auth
2026-05-14T03:09:30.8484525Z Removing SSH command configuration
2026-05-14T03:09:30.8490954Z [command]/usr/bin/git config --local --name-only --get-regexp core\.sshCommand
2026-05-14T03:09:30.8523412Z [command]/usr/bin/git submodule foreach --recursive sh -c "git config --local --name-only --get-regexp 'core\.sshCommand' && git config --local --unset-all 'core.sshCommand' || :"
2026-05-14T03:09:30.8808224Z Removing HTTP extra header
2026-05-14T03:09:30.8813499Z [command]/usr/bin/git config --local --name-only --get-regexp http\.https\:\/\/github\.com\/\.extraheader
2026-05-14T03:09:30.8845859Z [command]/usr/bin/git submodule foreach --recursive sh -c "git config --local --name-only --get-regexp 'http\.https\:\/\/github\.com\/\.extraheader' && git config --local --unset-all 'http.https://github.com/.extraheader' || :"
2026-05-14T03:09:30.9064428Z Removing includeIf entries pointing to credentials config files
2026-05-14T03:09:30.9070896Z [command]/usr/bin/git config --local --name-only --get-regexp ^includeIf\.gitdir:
2026-05-14T03:09:30.9103275Z [command]/usr/bin/git submodule foreach --recursive git config --local --show-origin --name-only --get-regexp remote.origin.url
2026-05-14T03:09:30.9334871Z [command]/usr/bin/git config --file /home/runner/work/_temp/git-credentials-19dc772d-61a1-4b32-b325-c6e2c426e63b.config http.https://github.com/.extraheader AUTHORIZATION: basic ***
2026-05-14T03:09:30.9371775Z [command]/usr/bin/git config --local includeIf.gitdir:/home/runner/work/prismTask/prismTask/.git.path /home/runner/work/_temp/git-credentials-19dc772d-61a1-4b32-b325-c6e2c426e63b.config
2026-05-14T03:09:30.9402917Z [command]/usr/bin/git config --local includeIf.gitdir:/home/runner/work/prismTask/prismTask/.git/worktrees/*.path /home/runner/work/_temp/git-credentials-19dc772d-61a1-4b32-b325-c6e2c426e63b.config
2026-05-14T03:09:30.9433742Z [command]/usr/bin/git config --local includeIf.gitdir:/github/workspace/.git.path /github/runner_temp/git-credentials-19dc772d-61a1-4b32-b325-c6e2c426e63b.config
2026-05-14T03:09:30.9463352Z [command]/usr/bin/git config --local includeIf.gitdir:/github/workspace/.git/worktrees/*.path /github/runner_temp/git-credentials-19dc772d-61a1-4b32-b325-c6e2c426e63b.config
2026-05-14T03:09:30.9491462Z ##[endgroup]
2026-05-14T03:09:30.9492314Z ##[group]Fetching the repository
2026-05-14T03:09:30.9499152Z [command]/usr/bin/git -c protocol.version=2 fetch --no-tags --prune --no-recurse-submodules --depth=1 origin +39d8dec7ae6b081824cb0365d50bf941fabf023e:refs/remotes/pull/1359/merge
2026-05-14T03:09:32.3846842Z From https://github.com/averycorp/prismTask
2026-05-14T03:09:32.3848960Z  * [new ref]         39d8dec7ae6b081824cb0365d50bf941fabf023e -> pull/1359/merge
2026-05-14T03:09:32.3877894Z ##[endgroup]
2026-05-14T03:09:32.3879261Z ##[group]Determining the checkout info
2026-05-14T03:09:32.3880550Z ##[endgroup]
2026-05-14T03:09:32.3886077Z [command]/usr/bin/git sparse-checkout disable
2026-05-14T03:09:32.3926327Z [command]/usr/bin/git config --local --unset-all extensions.worktreeConfig
2026-05-14T03:09:32.3956228Z ##[group]Checking out the ref
2026-05-14T03:09:32.3960826Z [command]/usr/bin/git checkout --progress --force refs/remotes/pull/1359/merge
2026-05-14T03:09:32.6852978Z Note: switching to 'refs/remotes/pull/1359/merge'.
2026-05-14T03:09:32.6853489Z 
2026-05-14T03:09:32.6853844Z You are in 'detached HEAD' state. You can look around, make experimental
2026-05-14T03:09:32.6854636Z changes and commit them, and you can discard any commits you make in this
2026-05-14T03:09:32.6855789Z state without impacting any branches by switching back to a branch.
2026-05-14T03:09:32.6856266Z 
2026-05-14T03:09:32.6856604Z If you want to create a new branch to retain commits you create, you may
2026-05-14T03:09:32.6857126Z do so (now or later) by using -c with the switch command. Example:
2026-05-14T03:09:32.6857479Z 
2026-05-14T03:09:32.6857614Z   git switch -c <new-branch-name>
2026-05-14T03:09:32.6857821Z 
2026-05-14T03:09:32.6857954Z Or undo this operation with:
2026-05-14T03:09:32.6858163Z 
2026-05-14T03:09:32.6858350Z   git switch -
2026-05-14T03:09:32.6858508Z 
2026-05-14T03:09:32.6858738Z Turn off this advice by setting config variable advice.detachedHead to false
2026-05-14T03:09:32.6859076Z 
2026-05-14T03:09:32.6859436Z HEAD is now at 39d8dec Merge e28d69070ac23f89000ba7d2f5abc725330895d3 into 84921f3ff1bf320e55dd9cc068c41135aca9c1e3
2026-05-14T03:09:32.6876856Z ##[endgroup]
2026-05-14T03:09:32.6918816Z [command]/usr/bin/git log -1 --format=%H
2026-05-14T03:09:32.6944297Z 39d8dec7ae6b081824cb0365d50bf941fabf023e
2026-05-14T03:09:32.7236099Z Prepare all required actions
2026-05-14T03:09:32.7236628Z Getting action download info
2026-05-14T03:09:32.8304564Z Download action repository 'actions/setup-node@v4' (SHA:49933ea5288caeca8642d1e84afbd3f7d6820020)
2026-05-14T03:09:33.0171220Z ##[group]Run ./.github/actions/setup-node-web
2026-05-14T03:09:33.0171580Z ##[endgroup]
2026-05-14T03:09:33.0303230Z ##[group]Run actions/setup-node@v4
2026-05-14T03:09:33.0303600Z with:
2026-05-14T03:09:33.0303889Z   node-version: 22
2026-05-14T03:09:33.0304137Z   cache: npm
2026-05-14T03:09:33.0304410Z   cache-dependency-path: web/package-lock.json
2026-05-14T03:09:33.0304754Z   always-auth: false
2026-05-14T03:09:33.0305212Z   check-latest: false
2026-05-14T03:09:33.0305663Z   token: ***
2026-05-14T03:09:33.0305892Z ##[endgroup]
2026-05-14T03:09:33.2190775Z Found in cache @ /opt/hostedtoolcache/node/22.22.2/x64
2026-05-14T03:09:33.2197355Z ##[group]Environment details
2026-05-14T03:09:36.5279782Z node: v22.22.2
2026-05-14T03:09:36.5280342Z npm: 10.9.7
2026-05-14T03:09:36.5280579Z yarn: 1.22.22
2026-05-14T03:09:36.5282088Z ##[endgroup]
2026-05-14T03:09:36.5302928Z [command]/opt/hostedtoolcache/node/22.22.2/x64/bin/npm config get cache
2026-05-14T03:09:36.7417483Z /home/runner/.npm
2026-05-14T03:09:36.8293256Z npm cache is not found
2026-05-14T03:09:36.8446888Z ##[group]Run npm ci
2026-05-14T03:09:36.8447209Z [36;1mnpm ci[0m
2026-05-14T03:09:36.8480202Z shell: /usr/bin/bash --noprofile --norc -e -o pipefail {0}
2026-05-14T03:09:36.8480575Z ##[endgroup]
2026-05-14T03:09:38.2646942Z npm error code ETARGET
2026-05-14T03:09:38.2647641Z npm error notarget No matching version found for idb@^8.0.4.
2026-05-14T03:09:38.2648219Z npm error notarget In most cases you or one of your dependencies are requesting
2026-05-14T03:09:38.2648783Z npm error notarget a package version that doesn't exist.
2026-05-14T03:09:38.2650908Z npm error A complete log of this run can be found in: /home/runner/.npm/_logs/2026-05-14T03_09_36_903Z-debug-0.log
2026-05-14T03:09:38.3033952Z ##[error]Process completed with exit code 1.
2026-05-14T03:09:38.3121469Z Post job cleanup.
2026-05-14T03:09:38.3202876Z Post job cleanup.
2026-05-14T03:09:38.4058542Z [command]/usr/bin/git version
2026-05-14T03:09:38.4094955Z git version 2.53.0
2026-05-14T03:09:38.4133271Z Temporarily overriding HOME='/home/runner/work/_temp/bcd7642d-bf9b-4a47-a9e6-a05107d1352a' before making global git config changes
2026-05-14T03:09:38.4134702Z Adding repository directory to the temporary git global config as a safe directory
2026-05-14T03:09:38.4139328Z [command]/usr/bin/git config --global --add safe.directory /home/runner/work/prismTask/prismTask
2026-05-14T03:09:38.4171198Z Removing SSH command configuration
2026-05-14T03:09:38.4177312Z [command]/usr/bin/git config --local --name-only --get-regexp core\.sshCommand
2026-05-14T03:09:38.4235631Z [command]/usr/bin/git submodule foreach --recursive sh -c "git config --local --name-only --get-regexp 'core\.sshCommand' && git config --local --unset-all 'core.sshCommand' || :"
2026-05-14T03:09:38.4473899Z Removing HTTP extra header
2026-05-14T03:09:38.4479275Z [command]/usr/bin/git config --local --name-only --get-regexp http\.https\:\/\/github\.com\/\.extraheader
2026-05-14T03:09:38.4512576Z [command]/usr/bin/git submodule foreach --recursive sh -c "git config --local --name-only --get-regexp 'http\.https\:\/\/github\.com\/\.extraheader' && git config --local --unset-all 'http.https://github.com/.extraheader' || :"
2026-05-14T03:09:38.4758518Z Removing includeIf entries pointing to credentials config files
2026-05-14T03:09:38.4759547Z [command]/usr/bin/git config --local --name-only --get-regexp ^includeIf\.gitdir:
2026-05-14T03:09:38.4783706Z includeif.gitdir:/home/runner/work/prismTask/prismTask/.git.path
2026-05-14T03:09:38.4784892Z includeif.gitdir:/home/runner/work/prismTask/prismTask/.git/worktrees/*.path
2026-05-14T03:09:38.4786182Z includeif.gitdir:/github/workspace/.git.path
2026-05-14T03:09:38.4786885Z includeif.gitdir:/github/workspace/.git/worktrees/*.path
2026-05-14T03:09:38.4793536Z [command]/usr/bin/git config --local --get-all includeif.gitdir:/home/runner/work/prismTask/prismTask/.git.path
2026-05-14T03:09:38.4818239Z /home/runner/work/_temp/git-credentials-19dc772d-61a1-4b32-b325-c6e2c426e63b.config
2026-05-14T03:09:38.4830227Z [command]/usr/bin/git config --local --unset includeif.gitdir:/home/runner/work/prismTask/prismTask/.git.path /home/runner/work/_temp/git-credentials-19dc772d-61a1-4b32-b325-c6e2c426e63b.config
2026-05-14T03:09:38.4866556Z [command]/usr/bin/git config --local --get-all includeif.gitdir:/home/runner/work/prismTask/prismTask/.git/worktrees/*.path
2026-05-14T03:09:38.4890523Z /home/runner/work/_temp/git-credentials-19dc772d-61a1-4b32-b325-c6e2c426e63b.config
2026-05-14T03:09:38.4900423Z [command]/usr/bin/git config --local --unset includeif.gitdir:/home/runner/work/prismTask/prismTask/.git/worktrees/*.path /home/runner/work/_temp/git-credentials-19dc772d-61a1-4b32-b325-c6e2c426e63b.config
2026-05-14T03:09:38.4933322Z [command]/usr/bin/git config --local --get-all includeif.gitdir:/github/workspace/.git.path
2026-05-14T03:09:38.4956718Z /github/runner_temp/git-credentials-19dc772d-61a1-4b32-b325-c6e2c426e63b.config
2026-05-14T03:09:38.4964538Z [command]/usr/bin/git config --local --unset includeif.gitdir:/github/workspace/.git.path /github/runner_temp/git-credentials-19dc772d-61a1-4b32-b325-c6e2c426e63b.config
2026-05-14T03:09:38.4997339Z [command]/usr/bin/git config --local --get-all includeif.gitdir:/github/workspace/.git/worktrees/*.path
2026-05-14T03:09:38.5022021Z /github/runner_temp/git-credentials-19dc772d-61a1-4b32-b325-c6e2c426e63b.config
2026-05-14T03:09:38.5029427Z [command]/usr/bin/git config --local --unset includeif.gitdir:/github/workspace/.git/worktrees/*.path /github/runner_temp/git-credentials-19dc772d-61a1-4b32-b325-c6e2c426e63b.config
2026-05-14T03:09:38.5063928Z [command]/usr/bin/git submodule foreach --recursive git config --local --show-origin --name-only --get-regexp remote.origin.url
2026-05-14T03:09:38.5315176Z Removing credentials config '/home/runner/work/_temp/git-credentials-19dc772d-61a1-4b32-b325-c6e2c426e63b.config'
2026-05-14T03:09:38.5464473Z Cleaning up orphan processes
2026-05-14T03:09:38.5744497Z ##[warning]Node.js 20 actions are deprecated. The following actions are running on Node.js 20 and may not work as expected: actions/setup-node@v4. Actions will be forced to run with Node.js 24 by default starting June 2nd, 2026. Node.js 20 will be removed from the runner on September 16th, 2026. Please check if updated versions of these actions are available that support Node.js 24. To opt into Node.js 24 now, set the FORCE_JAVASCRIPT_ACTIONS_TO_NODE24=true environment variable on the runner or in your workflow file. Once Node.js 24 becomes the default, you can temporarily opt out by setting ACTIONS_ALLOW_USE_UNSECURE_NODE_VERSION=true. For more information see: https://github.blog/changelog/2025-09-19-deprecation-of-node-20-on-github-actions-runners/


--- Job: web-unit-tests (3, 3) (id 75921084312) ---
2026-05-14T03:09:30.1424830Z Current runner version: '2.334.0'
2026-05-14T03:09:30.1449463Z ##[group]Runner Image Provisioner
2026-05-14T03:09:30.1450198Z Hosted Compute Agent
2026-05-14T03:09:30.1450856Z Version: 20260213.493
2026-05-14T03:09:30.1451475Z Commit: 5c115507f6dd24b8de37d8bbe0bb4509d0cc0fa3
2026-05-14T03:09:30.1452157Z Build Date: 2026-02-13T00:28:41Z
2026-05-14T03:09:30.1452889Z Worker ID: {0f78eeee-5389-42eb-a335-b512aca27c52}
2026-05-14T03:09:30.1453582Z Azure Region: eastus
2026-05-14T03:09:30.1454111Z ##[endgroup]
2026-05-14T03:09:30.1455530Z ##[group]Operating System
2026-05-14T03:09:30.1456151Z Ubuntu
2026-05-14T03:09:30.1456590Z 24.04.4
2026-05-14T03:09:30.1457127Z LTS
2026-05-14T03:09:30.1457858Z ##[endgroup]
2026-05-14T03:09:30.1458345Z ##[group]Runner Image
2026-05-14T03:09:30.1458971Z Image: ubuntu-24.04
2026-05-14T03:09:30.1459455Z Version: 20260413.86.1
2026-05-14T03:09:30.1460789Z Included Software: https://github.com/actions/runner-images/blob/ubuntu24/20260413.86/images/ubuntu/Ubuntu2404-Readme.md
2026-05-14T03:09:30.1462307Z Image Release: https://github.com/actions/runner-images/releases/tag/ubuntu24%2F20260413.86
2026-05-14T03:09:30.1463215Z ##[endgroup]
2026-05-14T03:09:30.1464387Z ##[group]GITHUB_TOKEN Permissions
2026-05-14T03:09:30.1466213Z Actions: read
2026-05-14T03:09:30.1466834Z Checks: read
2026-05-14T03:09:30.1467693Z Contents: write
2026-05-14T03:09:30.1468541Z Metadata: read
2026-05-14T03:09:30.1469233Z ##[endgroup]
2026-05-14T03:09:30.1472095Z Secret source: Actions
2026-05-14T03:09:30.1473457Z Prepare workflow directory
2026-05-14T03:09:30.1875445Z Prepare all required actions
2026-05-14T03:09:30.1913053Z Getting action download info
2026-05-14T03:09:30.4885355Z Download action repository 'actions/checkout@v6' (SHA:de0fac2e4500dabe0009e67214ff5f5447ce83dd)
2026-05-14T03:09:30.7004824Z Complete job name: web-unit-tests (3, 3)
2026-05-14T03:09:30.7687002Z ##[group]Run actions/checkout@v6
2026-05-14T03:09:30.7688375Z with:
2026-05-14T03:09:30.7688827Z   repository: averycorp/prismTask
2026-05-14T03:09:30.7689568Z   token: ***
2026-05-14T03:09:30.7689945Z   ssh-strict: true
2026-05-14T03:09:30.7690342Z   ssh-user: git
2026-05-14T03:09:30.7690760Z   persist-credentials: true
2026-05-14T03:09:30.7691201Z   clean: true
2026-05-14T03:09:30.7691581Z   sparse-checkout-cone-mode: true
2026-05-14T03:09:30.7692068Z   fetch-depth: 1
2026-05-14T03:09:30.7692468Z   fetch-tags: false
2026-05-14T03:09:30.7692859Z   show-progress: true
2026-05-14T03:09:30.7693253Z   lfs: false
2026-05-14T03:09:30.7693621Z   submodules: false
2026-05-14T03:09:30.7694021Z   set-safe-directory: true
2026-05-14T03:09:30.7694732Z ##[endgroup]
2026-05-14T03:09:30.8708230Z Syncing repository: averycorp/prismTask
2026-05-14T03:09:30.8710095Z ##[group]Getting Git version info
2026-05-14T03:09:30.8710776Z Working directory is '/home/runner/work/prismTask/prismTask'
2026-05-14T03:09:30.8711744Z [command]/usr/bin/git version
2026-05-14T03:09:30.8740877Z git version 2.53.0
2026-05-14T03:09:30.8765607Z ##[endgroup]
2026-05-14T03:09:30.8780973Z Temporarily overriding HOME='/home/runner/work/_temp/1997909a-76d3-4c2b-b765-2a158d072bfe' before making global git config changes
2026-05-14T03:09:30.8783186Z Adding repository directory to the temporary git global config as a safe directory
2026-05-14T03:09:30.8786639Z [command]/usr/bin/git config --global --add safe.directory /home/runner/work/prismTask/prismTask
2026-05-14T03:09:30.8821700Z Deleting the contents of '/home/runner/work/prismTask/prismTask'
2026-05-14T03:09:30.8826288Z ##[group]Initializing the repository
2026-05-14T03:09:30.8831289Z [command]/usr/bin/git init /home/runner/work/prismTask/prismTask
2026-05-14T03:09:30.8913824Z hint: Using 'master' as the name for the initial branch. This default branch name
2026-05-14T03:09:30.8915376Z hint: will change to "main" in Git 3.0. To configure the initial branch name
2026-05-14T03:09:30.8916318Z hint: to use in all of your new repositories, which will suppress this warning,
2026-05-14T03:09:30.8917028Z hint: call:
2026-05-14T03:09:30.8917392Z hint:
2026-05-14T03:09:30.8918481Z hint: 	git config --global init.defaultBranch <name>
2026-05-14T03:09:30.8919058Z hint:
2026-05-14T03:09:30.8919612Z hint: Names commonly chosen instead of 'master' are 'main', 'trunk' and
2026-05-14T03:09:30.8920684Z hint: 'development'. The just-created branch can be renamed via this command:
2026-05-14T03:09:30.8921833Z hint:
2026-05-14T03:09:30.8922262Z hint: 	git branch -m <name>
2026-05-14T03:09:30.8922716Z hint:
2026-05-14T03:09:30.8923300Z hint: Disable this message with "git config set advice.defaultBranchName false"
2026-05-14T03:09:30.8924329Z Initialized empty Git repository in /home/runner/work/prismTask/prismTask/.git/
2026-05-14T03:09:30.8926682Z [command]/usr/bin/git remote add origin https://github.com/averycorp/prismTask
2026-05-14T03:09:30.8991704Z ##[endgroup]
2026-05-14T03:09:30.8992870Z ##[group]Disabling automatic garbage collection
2026-05-14T03:09:30.8995463Z [command]/usr/bin/git config --local gc.auto 0
2026-05-14T03:09:30.9027733Z ##[endgroup]
2026-05-14T03:09:30.9028513Z ##[group]Setting up auth
2026-05-14T03:09:30.9029704Z Removing SSH command configuration
2026-05-14T03:09:30.9036320Z [command]/usr/bin/git config --local --name-only --get-regexp core\.sshCommand
2026-05-14T03:09:30.9070781Z [command]/usr/bin/git submodule foreach --recursive sh -c "git config --local --name-only --get-regexp 'core\.sshCommand' && git config --local --unset-all 'core.sshCommand' || :"
2026-05-14T03:09:30.9345804Z Removing HTTP extra header
2026-05-14T03:09:30.9352533Z [command]/usr/bin/git config --local --name-only --get-regexp http\.https\:\/\/github\.com\/\.extraheader
2026-05-14T03:09:30.9384734Z [command]/usr/bin/git submodule foreach --recursive sh -c "git config --local --name-only --get-regexp 'http\.https\:\/\/github\.com\/\.extraheader' && git config --local --unset-all 'http.https://github.com/.extraheader' || :"
2026-05-14T03:09:30.9601562Z Removing includeIf entries pointing to credentials config files
2026-05-14T03:09:30.9607125Z [command]/usr/bin/git config --local --name-only --get-regexp ^includeIf\.gitdir:
2026-05-14T03:09:30.9640179Z [command]/usr/bin/git submodule foreach --recursive git config --local --show-origin --name-only --get-regexp remote.origin.url
2026-05-14T03:09:30.9864621Z [command]/usr/bin/git config --file /home/runner/work/_temp/git-credentials-d6f2b893-8cd5-441d-8000-c3b0d0235949.config http.https://github.com/.extraheader AUTHORIZATION: basic ***
2026-05-14T03:09:30.9904536Z [command]/usr/bin/git config --local includeIf.gitdir:/home/runner/work/prismTask/prismTask/.git.path /home/runner/work/_temp/git-credentials-d6f2b893-8cd5-441d-8000-c3b0d0235949.config
2026-05-14T03:09:30.9934518Z [command]/usr/bin/git config --local includeIf.gitdir:/home/runner/work/prismTask/prismTask/.git/worktrees/*.path /home/runner/work/_temp/git-credentials-d6f2b893-8cd5-441d-8000-c3b0d0235949.config
2026-05-14T03:09:30.9963187Z [command]/usr/bin/git config --local includeIf.gitdir:/github/workspace/.git.path /github/runner_temp/git-credentials-d6f2b893-8cd5-441d-8000-c3b0d0235949.config
2026-05-14T03:09:30.9994117Z [command]/usr/bin/git config --local includeIf.gitdir:/github/workspace/.git/worktrees/*.path /github/runner_temp/git-credentials-d6f2b893-8cd5-441d-8000-c3b0d0235949.config
2026-05-14T03:09:31.0032131Z ##[endgroup]
2026-05-14T03:09:31.0032830Z ##[group]Fetching the repository
2026-05-14T03:09:31.0042682Z [command]/usr/bin/git -c protocol.version=2 fetch --no-tags --prune --no-recurse-submodules --depth=1 origin +39d8dec7ae6b081824cb0365d50bf941fabf023e:refs/remotes/pull/1359/merge
2026-05-14T03:09:32.3005803Z From https://github.com/averycorp/prismTask
2026-05-14T03:09:32.3007674Z  * [new ref]         39d8dec7ae6b081824cb0365d50bf941fabf023e -> pull/1359/merge
2026-05-14T03:09:32.3036746Z ##[endgroup]
2026-05-14T03:09:32.3038397Z ##[group]Determining the checkout info
2026-05-14T03:09:32.3039753Z ##[endgroup]
2026-05-14T03:09:32.3045381Z [command]/usr/bin/git sparse-checkout disable
2026-05-14T03:09:32.3084120Z [command]/usr/bin/git config --local --unset-all extensions.worktreeConfig
2026-05-14T03:09:32.3113786Z ##[group]Checking out the ref
2026-05-14T03:09:32.3117110Z [command]/usr/bin/git checkout --progress --force refs/remotes/pull/1359/merge
2026-05-14T03:09:32.5959822Z Note: switching to 'refs/remotes/pull/1359/merge'.
2026-05-14T03:09:32.5961911Z 
2026-05-14T03:09:32.5962862Z You are in 'detached HEAD' state. You can look around, make experimental
2026-05-14T03:09:32.5964953Z changes and commit them, and you can discard any commits you make in this
2026-05-14T03:09:32.5966097Z state without impacting any branches by switching back to a branch.
2026-05-14T03:09:32.5966636Z 
2026-05-14T03:09:32.5966974Z If you want to create a new branch to retain commits you create, you may
2026-05-14T03:09:32.5967910Z do so (now or later) by using -c with the switch command. Example:
2026-05-14T03:09:32.5968391Z 
2026-05-14T03:09:32.5968581Z   git switch -c <new-branch-name>
2026-05-14T03:09:32.5968870Z 
2026-05-14T03:09:32.5969059Z Or undo this operation with:
2026-05-14T03:09:32.5969346Z 
2026-05-14T03:09:32.5969515Z   git switch -
2026-05-14T03:09:32.5969796Z 
2026-05-14T03:09:32.5970180Z Turn off this advice by setting config variable advice.detachedHead to false
2026-05-14T03:09:32.5970689Z 
2026-05-14T03:09:32.5971273Z HEAD is now at 39d8dec Merge e28d69070ac23f89000ba7d2f5abc725330895d3 into 84921f3ff1bf320e55dd9cc068c41135aca9c1e3
2026-05-14T03:09:32.5983006Z ##[endgroup]
2026-05-14T03:09:32.6023901Z [command]/usr/bin/git log -1 --format=%H
2026-05-14T03:09:32.6048539Z 39d8dec7ae6b081824cb0365d50bf941fabf023e
2026-05-14T03:09:32.6348920Z Prepare all required actions
2026-05-14T03:09:32.6349456Z Getting action download info
2026-05-14T03:09:32.7376303Z Download action repository 'actions/setup-node@v4' (SHA:49933ea5288caeca8642d1e84afbd3f7d6820020)
2026-05-14T03:09:32.8339615Z ##[group]Run ./.github/actions/setup-node-web
2026-05-14T03:09:32.8339972Z ##[endgroup]
2026-05-14T03:09:32.8475311Z ##[group]Run actions/setup-node@v4
2026-05-14T03:09:32.8475656Z with:
2026-05-14T03:09:32.8475934Z   node-version: 22
2026-05-14T03:09:32.8476169Z   cache: npm
2026-05-14T03:09:32.8476432Z   cache-dependency-path: web/package-lock.json
2026-05-14T03:09:32.8476766Z   always-auth: false
2026-05-14T03:09:32.8477008Z   check-latest: false
2026-05-14T03:09:32.8477403Z   token: ***
2026-05-14T03:09:32.8477830Z ##[endgroup]
2026-05-14T03:09:33.0373931Z Found in cache @ /opt/hostedtoolcache/node/22.22.2/x64
2026-05-14T03:09:33.0382097Z ##[group]Environment details
2026-05-14T03:09:33.3474301Z node: v22.22.2
2026-05-14T03:09:33.3474920Z npm: 10.9.7
2026-05-14T03:09:33.3475186Z yarn: 1.22.22
2026-05-14T03:09:33.3476109Z ##[endgroup]
2026-05-14T03:09:33.3498975Z [command]/opt/hostedtoolcache/node/22.22.2/x64/bin/npm config get cache
2026-05-14T03:09:33.4611242Z /home/runner/.npm
2026-05-14T03:09:33.5501415Z npm cache is not found
2026-05-14T03:09:33.5639419Z ##[group]Run npm ci
2026-05-14T03:09:33.5639740Z [36;1mnpm ci[0m
2026-05-14T03:09:33.5672156Z shell: /usr/bin/bash --noprofile --norc -e -o pipefail {0}
2026-05-14T03:09:33.5672546Z ##[endgroup]
2026-05-14T03:09:34.3962723Z npm error code ETARGET
2026-05-14T03:09:34.3963892Z npm error notarget No matching version found for idb@^8.0.4.
2026-05-14T03:09:34.3965007Z npm error notarget In most cases you or one of your dependencies are requesting
2026-05-14T03:09:34.3966004Z npm error notarget a package version that doesn't exist.
2026-05-14T03:09:34.3968449Z npm error A complete log of this run can be found in: /home/runner/.npm/_logs/2026-05-14T03_09_33_622Z-debug-0.log
2026-05-14T03:09:34.4350821Z ##[error]Process completed with exit code 1.
2026-05-14T03:09:34.4446591Z Post job cleanup.
2026-05-14T03:09:34.4537177Z Post job cleanup.
2026-05-14T03:09:34.5375022Z [command]/usr/bin/git version
2026-05-14T03:09:34.5410963Z git version 2.53.0
2026-05-14T03:09:34.5450291Z Temporarily overriding HOME='/home/runner/work/_temp/c288fe3e-270d-408c-bab6-5971398ef90f' before making global git config changes
2026-05-14T03:09:34.5455081Z Adding repository directory to the temporary git global config as a safe directory
2026-05-14T03:09:34.5456608Z [command]/usr/bin/git config --global --add safe.directory /home/runner/work/prismTask/prismTask
2026-05-14T03:09:34.5486719Z Removing SSH command configuration
2026-05-14T03:09:34.5493941Z [command]/usr/bin/git config --local --name-only --get-regexp core\.sshCommand
2026-05-14T03:09:34.5530539Z [command]/usr/bin/git submodule foreach --recursive sh -c "git config --local --name-only --get-regexp 'core\.sshCommand' && git config --local --unset-all 'core.sshCommand' || :"
2026-05-14T03:09:34.5754418Z Removing HTTP extra header
2026-05-14T03:09:34.5759461Z [command]/usr/bin/git config --local --name-only --get-regexp http\.https\:\/\/github\.com\/\.extraheader
2026-05-14T03:09:34.5791306Z [command]/usr/bin/git submodule foreach --recursive sh -c "git config --local --name-only --get-regexp 'http\.https\:\/\/github\.com\/\.extraheader' && git config --local --unset-all 'http.https://github.com/.extraheader' || :"
2026-05-14T03:09:34.6009398Z Removing includeIf entries pointing to credentials config files
2026-05-14T03:09:34.6015673Z [command]/usr/bin/git config --local --name-only --get-regexp ^includeIf\.gitdir:
2026-05-14T03:09:34.6038349Z includeif.gitdir:/home/runner/work/prismTask/prismTask/.git.path
2026-05-14T03:09:34.6039241Z includeif.gitdir:/home/runner/work/prismTask/prismTask/.git/worktrees/*.path
2026-05-14T03:09:34.6039840Z includeif.gitdir:/github/workspace/.git.path
2026-05-14T03:09:34.6040289Z includeif.gitdir:/github/workspace/.git/worktrees/*.path
2026-05-14T03:09:34.6046853Z [command]/usr/bin/git config --local --get-all includeif.gitdir:/home/runner/work/prismTask/prismTask/.git.path
2026-05-14T03:09:34.6101264Z /home/runner/work/_temp/git-credentials-d6f2b893-8cd5-441d-8000-c3b0d0235949.config
2026-05-14T03:09:34.6112282Z [command]/usr/bin/git config --local --unset includeif.gitdir:/home/runner/work/prismTask/prismTask/.git.path /home/runner/work/_temp/git-credentials-d6f2b893-8cd5-441d-8000-c3b0d0235949.config
2026-05-14T03:09:34.6154799Z [command]/usr/bin/git config --local --get-all includeif.gitdir:/home/runner/work/prismTask/prismTask/.git/worktrees/*.path
2026-05-14T03:09:34.6185196Z /home/runner/work/_temp/git-credentials-d6f2b893-8cd5-441d-8000-c3b0d0235949.config
2026-05-14T03:09:34.6199201Z [command]/usr/bin/git config --local --unset includeif.gitdir:/home/runner/work/prismTask/prismTask/.git/worktrees/*.path /home/runner/work/_temp/git-credentials-d6f2b893-8cd5-441d-8000-c3b0d0235949.config
2026-05-14T03:09:34.6224211Z [command]/usr/bin/git config --local --get-all includeif.gitdir:/github/workspace/.git.path
2026-05-14T03:09:34.6248209Z /github/runner_temp/git-credentials-d6f2b893-8cd5-441d-8000-c3b0d0235949.config
2026-05-14T03:09:34.6257162Z [command]/usr/bin/git config --local --unset includeif.gitdir:/github/workspace/.git.path /github/runner_temp/git-credentials-d6f2b893-8cd5-441d-8000-c3b0d0235949.config
2026-05-14T03:09:34.6293007Z [command]/usr/bin/git config --local --get-all includeif.gitdir:/github/workspace/.git/worktrees/*.path
2026-05-14T03:09:34.6316201Z /github/runner_temp/git-credentials-d6f2b893-8cd5-441d-8000-c3b0d0235949.config
2026-05-14T03:09:34.6327334Z [command]/usr/bin/git config --local --unset includeif.gitdir:/github/workspace/.git/worktrees/*.path /github/runner_temp/git-credentials-d6f2b893-8cd5-441d-8000-c3b0d0235949.config
2026-05-14T03:09:34.6365375Z [command]/usr/bin/git submodule foreach --recursive git config --local --show-origin --name-only --get-regexp remote.origin.url
2026-05-14T03:09:34.6599435Z Removing credentials config '/home/runner/work/_temp/git-credentials-d6f2b893-8cd5-441d-8000-c3b0d0235949.config'
2026-05-14T03:09:34.6744066Z Cleaning up orphan processes
2026-05-14T03:09:34.7027895Z ##[warning]Node.js 20 actions are deprecated. The following actions are running on Node.js 20 and may not work as expected: actions/setup-node@v4. Actions will be forced to run with Node.js 24 by default starting June 2nd, 2026. Node.js 20 will be removed from the runner on September 16th, 2026. Please check if updated versions of these actions are available that support Node.js 24. To opt into Node.js 24 now, set the FORCE_JAVASCRIPT_ACTIONS_TO_NODE24=true environment variable on the runner or in your workflow file. Once Node.js 24 becomes the default, you can temporarily opt out by setting ACTIONS_ALLOW_USE_UNSECURE_NODE_VERSION=true. For more information see: https://github.blog/changelog/2025-09-19-deprecation-of-node-20-on-github-actions-runners/


--- Job: web-build (id 75921084316) ---
2026-05-14T03:09:30.3570910Z Current runner version: '2.334.0'
2026-05-14T03:09:30.3604740Z ##[group]Runner Image Provisioner
2026-05-14T03:09:30.3605786Z Hosted Compute Agent
2026-05-14T03:09:30.3606541Z Version: 20260213.493
2026-05-14T03:09:30.3607355Z Commit: 5c115507f6dd24b8de37d8bbe0bb4509d0cc0fa3
2026-05-14T03:09:30.3608384Z Build Date: 2026-02-13T00:28:41Z
2026-05-14T03:09:30.3609372Z Worker ID: {9d30a5a1-58aa-4f29-a89f-7c00aa84f2c1}
2026-05-14T03:09:30.3610379Z Azure Region: northcentralus
2026-05-14T03:09:30.3611223Z ##[endgroup]
2026-05-14T03:09:30.3613941Z ##[group]Operating System
2026-05-14T03:09:30.3614807Z Ubuntu
2026-05-14T03:09:30.3615513Z 24.04.4
2026-05-14T03:09:30.3616313Z LTS
2026-05-14T03:09:30.3617000Z ##[endgroup]
2026-05-14T03:09:30.3617681Z ##[group]Runner Image
2026-05-14T03:09:30.3618575Z Image: ubuntu-24.04
2026-05-14T03:09:30.3619371Z Version: 20260413.86.1
2026-05-14T03:09:30.3621286Z Included Software: https://github.com/actions/runner-images/blob/ubuntu24/20260413.86/images/ubuntu/Ubuntu2404-Readme.md
2026-05-14T03:09:30.3623750Z Image Release: https://github.com/actions/runner-images/releases/tag/ubuntu24%2F20260413.86
2026-05-14T03:09:30.3625112Z ##[endgroup]
2026-05-14T03:09:30.3626942Z ##[group]GITHUB_TOKEN Permissions
2026-05-14T03:09:30.3629852Z Actions: read
2026-05-14T03:09:30.3630645Z Checks: read
2026-05-14T03:09:30.3631410Z Contents: write
2026-05-14T03:09:30.3632104Z Metadata: read
2026-05-14T03:09:30.3633050Z ##[endgroup]
2026-05-14T03:09:30.3635989Z Secret source: Actions
2026-05-14T03:09:30.3637122Z Prepare workflow directory
2026-05-14T03:09:30.4090484Z Prepare all required actions
2026-05-14T03:09:30.4145885Z Getting action download info
2026-05-14T03:09:30.7045944Z Download action repository 'actions/checkout@v6' (SHA:de0fac2e4500dabe0009e67214ff5f5447ce83dd)
2026-05-14T03:09:30.8746102Z Complete job name: web-build
2026-05-14T03:09:30.9379327Z ##[group]Run actions/checkout@v6
2026-05-14T03:09:30.9380099Z with:
2026-05-14T03:09:30.9380591Z   repository: averycorp/prismTask
2026-05-14T03:09:30.9381312Z   token: ***
2026-05-14T03:09:30.9381756Z   ssh-strict: true
2026-05-14T03:09:30.9382130Z   ssh-user: git
2026-05-14T03:09:30.9382914Z   persist-credentials: true
2026-05-14T03:09:30.9383392Z   clean: true
2026-05-14T03:09:30.9383785Z   sparse-checkout-cone-mode: true
2026-05-14T03:09:30.9384329Z   fetch-depth: 1
2026-05-14T03:09:30.9384718Z   fetch-tags: false
2026-05-14T03:09:30.9385168Z   show-progress: true
2026-05-14T03:09:30.9385610Z   lfs: false
2026-05-14T03:09:30.9386011Z   submodules: false
2026-05-14T03:09:30.9386616Z   set-safe-directory: true
2026-05-14T03:09:30.9387433Z ##[endgroup]
2026-05-14T03:09:31.0322145Z Syncing repository: averycorp/prismTask
2026-05-14T03:09:31.0324243Z ##[group]Getting Git version info
2026-05-14T03:09:31.0325072Z Working directory is '/home/runner/work/prismTask/prismTask'
2026-05-14T03:09:31.0326209Z [command]/usr/bin/git version
2026-05-14T03:09:31.0349901Z git version 2.53.0
2026-05-14T03:09:31.0370597Z ##[endgroup]
2026-05-14T03:09:31.0383560Z Temporarily overriding HOME='/home/runner/work/_temp/4cf934aa-6fc8-4eba-b00a-7d61594035eb' before making global git config changes
2026-05-14T03:09:31.0385391Z Adding repository directory to the temporary git global config as a safe directory
2026-05-14T03:09:31.0388637Z [command]/usr/bin/git config --global --add safe.directory /home/runner/work/prismTask/prismTask
2026-05-14T03:09:31.0417278Z Deleting the contents of '/home/runner/work/prismTask/prismTask'
2026-05-14T03:09:31.0420896Z ##[group]Initializing the repository
2026-05-14T03:09:31.0425875Z [command]/usr/bin/git init /home/runner/work/prismTask/prismTask
2026-05-14T03:09:31.0505967Z hint: Using 'master' as the name for the initial branch. This default branch name
2026-05-14T03:09:31.0507097Z hint: will change to "main" in Git 3.0. To configure the initial branch name
2026-05-14T03:09:31.0508229Z hint: to use in all of your new repositories, which will suppress this warning,
2026-05-14T03:09:31.0509271Z hint: call:
2026-05-14T03:09:31.0510289Z hint:
2026-05-14T03:09:31.0511119Z hint: 	git config --global init.defaultBranch <name>
2026-05-14T03:09:31.0511780Z hint:
2026-05-14T03:09:31.0512454Z hint: Names commonly chosen instead of 'master' are 'main', 'trunk' and
2026-05-14T03:09:31.0513382Z hint: 'development'. The just-created branch can be renamed via this command:
2026-05-14T03:09:31.0514131Z hint:
2026-05-14T03:09:31.0514525Z hint: 	git branch -m <name>
2026-05-14T03:09:31.0514979Z hint:
2026-05-14T03:09:31.0515635Z hint: Disable this message with "git config set advice.defaultBranchName false"
2026-05-14T03:09:31.0517090Z Initialized empty Git repository in /home/runner/work/prismTask/prismTask/.git/
2026-05-14T03:09:31.0518734Z [command]/usr/bin/git remote add origin https://github.com/averycorp/prismTask
2026-05-14T03:09:31.0551006Z ##[endgroup]
2026-05-14T03:09:31.0552554Z ##[group]Disabling automatic garbage collection
2026-05-14T03:09:31.0555522Z [command]/usr/bin/git config --local gc.auto 0
2026-05-14T03:09:31.0580991Z ##[endgroup]
2026-05-14T03:09:31.0582467Z ##[group]Setting up auth
2026-05-14T03:09:31.0583408Z Removing SSH command configuration
2026-05-14T03:09:31.0588623Z [command]/usr/bin/git config --local --name-only --get-regexp core\.sshCommand
2026-05-14T03:09:31.0615971Z [command]/usr/bin/git submodule foreach --recursive sh -c "git config --local --name-only --get-regexp 'core\.sshCommand' && git config --local --unset-all 'core.sshCommand' || :"
2026-05-14T03:09:31.0896862Z Removing HTTP extra header
2026-05-14T03:09:31.0903429Z [command]/usr/bin/git config --local --name-only --get-regexp http\.https\:\/\/github\.com\/\.extraheader
2026-05-14T03:09:31.1037222Z [command]/usr/bin/git submodule foreach --recursive sh -c "git config --local --name-only --get-regexp 'http\.https\:\/\/github\.com\/\.extraheader' && git config --local --unset-all 'http.https://github.com/.extraheader' || :"
2026-05-14T03:09:31.1108890Z Removing includeIf entries pointing to credentials config files
2026-05-14T03:09:31.1115864Z [command]/usr/bin/git config --local --name-only --get-regexp ^includeIf\.gitdir:
2026-05-14T03:09:31.1142158Z [command]/usr/bin/git submodule foreach --recursive git config --local --show-origin --name-only --get-regexp remote.origin.url
2026-05-14T03:09:31.1318616Z [command]/usr/bin/git config --file /home/runner/work/_temp/git-credentials-57d5e613-a523-48ea-9466-532b4dc27109.config http.https://github.com/.extraheader AUTHORIZATION: basic ***
2026-05-14T03:09:31.1350859Z [command]/usr/bin/git config --local includeIf.gitdir:/home/runner/work/prismTask/prismTask/.git.path /home/runner/work/_temp/git-credentials-57d5e613-a523-48ea-9466-532b4dc27109.config
2026-05-14T03:09:31.1376787Z [command]/usr/bin/git config --local includeIf.gitdir:/home/runner/work/prismTask/prismTask/.git/worktrees/*.path /home/runner/work/_temp/git-credentials-57d5e613-a523-48ea-9466-532b4dc27109.config
2026-05-14T03:09:31.1399336Z [command]/usr/bin/git config --local includeIf.gitdir:/github/workspace/.git.path /github/runner_temp/git-credentials-57d5e613-a523-48ea-9466-532b4dc27109.config
2026-05-14T03:09:31.1424944Z [command]/usr/bin/git config --local includeIf.gitdir:/github/workspace/.git/worktrees/*.path /github/runner_temp/git-credentials-57d5e613-a523-48ea-9466-532b4dc27109.config
2026-05-14T03:09:31.1451638Z ##[endgroup]
2026-05-14T03:09:31.1452268Z ##[group]Fetching the repository
2026-05-14T03:09:31.1460055Z [command]/usr/bin/git -c protocol.version=2 fetch --no-tags --prune --no-recurse-submodules --depth=1 origin +39d8dec7ae6b081824cb0365d50bf941fabf023e:refs/remotes/pull/1359/merge
2026-05-14T03:09:32.7003764Z From https://github.com/averycorp/prismTask
2026-05-14T03:09:32.7006554Z  * [new ref]         39d8dec7ae6b081824cb0365d50bf941fabf023e -> pull/1359/merge
2026-05-14T03:09:32.7029692Z ##[endgroup]
2026-05-14T03:09:32.7031855Z ##[group]Determining the checkout info
2026-05-14T03:09:32.7034479Z ##[endgroup]
2026-05-14T03:09:32.7037556Z [command]/usr/bin/git sparse-checkout disable
2026-05-14T03:09:32.7073570Z [command]/usr/bin/git config --local --unset-all extensions.worktreeConfig
2026-05-14T03:09:32.7101709Z ##[group]Checking out the ref
2026-05-14T03:09:32.7105653Z [command]/usr/bin/git checkout --progress --force refs/remotes/pull/1359/merge
2026-05-14T03:09:32.9746570Z Note: switching to 'refs/remotes/pull/1359/merge'.
2026-05-14T03:09:32.9747783Z 
2026-05-14T03:09:32.9748109Z You are in 'detached HEAD' state. You can look around, make experimental
2026-05-14T03:09:32.9748727Z changes and commit them, and you can discard any commits you make in this
2026-05-14T03:09:32.9749327Z state without impacting any branches by switching back to a branch.
2026-05-14T03:09:32.9749693Z 
2026-05-14T03:09:32.9749960Z If you want to create a new branch to retain commits you create, you may
2026-05-14T03:09:32.9750546Z do so (now or later) by using -c with the switch command. Example:
2026-05-14T03:09:32.9750920Z 
2026-05-14T03:09:32.9751074Z   git switch -c <new-branch-name>
2026-05-14T03:09:32.9751300Z 
2026-05-14T03:09:32.9751452Z Or undo this operation with:
2026-05-14T03:09:32.9751686Z 
2026-05-14T03:09:32.9751823Z   git switch -
2026-05-14T03:09:32.9752014Z 
2026-05-14T03:09:32.9752640Z Turn off this advice by setting config variable advice.detachedHead to false
2026-05-14T03:09:32.9753007Z 
2026-05-14T03:09:32.9753647Z HEAD is now at 39d8dec Merge e28d69070ac23f89000ba7d2f5abc725330895d3 into 84921f3ff1bf320e55dd9cc068c41135aca9c1e3
2026-05-14T03:09:32.9759538Z ##[endgroup]
2026-05-14T03:09:32.9795952Z [command]/usr/bin/git log -1 --format=%H
2026-05-14T03:09:32.9817030Z 39d8dec7ae6b081824cb0365d50bf941fabf023e
2026-05-14T03:09:33.0086496Z Prepare all required actions
2026-05-14T03:09:33.0087005Z Getting action download info
2026-05-14T03:09:33.1410219Z Download action repository 'actions/setup-node@v4' (SHA:49933ea5288caeca8642d1e84afbd3f7d6820020)
2026-05-14T03:09:33.2207379Z ##[group]Run ./.github/actions/setup-node-web
2026-05-14T03:09:33.2207719Z ##[endgroup]
2026-05-14T03:09:33.2346390Z ##[group]Run actions/setup-node@v4
2026-05-14T03:09:33.2346743Z with:
2026-05-14T03:09:33.2347020Z   node-version: 22
2026-05-14T03:09:33.2347245Z   cache: npm
2026-05-14T03:09:33.2347492Z   cache-dependency-path: web/package-lock.json
2026-05-14T03:09:33.2347794Z   always-auth: false
2026-05-14T03:09:33.2348023Z   check-latest: false
2026-05-14T03:09:33.2348445Z   token: ***
2026-05-14T03:09:33.2348663Z ##[endgroup]
2026-05-14T03:09:33.4113539Z Found in cache @ /opt/hostedtoolcache/node/22.22.2/x64
2026-05-14T03:09:33.4120560Z ##[group]Environment details
2026-05-14T03:09:33.7658033Z node: v22.22.2
2026-05-14T03:09:33.7658576Z npm: 10.9.7
2026-05-14T03:09:33.7658789Z yarn: 1.22.22
2026-05-14T03:09:33.7659509Z ##[endgroup]
2026-05-14T03:09:33.7678822Z [command]/opt/hostedtoolcache/node/22.22.2/x64/bin/npm config get cache
2026-05-14T03:09:33.9764928Z /home/runner/.npm
2026-05-14T03:09:34.1306649Z npm cache is not found
2026-05-14T03:09:34.1424887Z ##[group]Run npm ci
2026-05-14T03:09:34.1425209Z [36;1mnpm ci[0m
2026-05-14T03:09:34.1451833Z shell: /usr/bin/bash --noprofile --norc -e -o pipefail {0}
2026-05-14T03:09:34.1452217Z ##[endgroup]
2026-05-14T03:09:36.1049673Z npm error code ETARGET
2026-05-14T03:09:36.1050852Z npm error notarget No matching version found for idb@^8.0.4.
2026-05-14T03:09:36.1051861Z npm error notarget In most cases you or one of your dependencies are requesting
2026-05-14T03:09:36.1052925Z npm error notarget a package version that doesn't exist.
2026-05-14T03:09:36.1054129Z npm error A complete log of this run can be found in: /home/runner/.npm/_logs/2026-05-14T03_09_34_198Z-debug-0.log
2026-05-14T03:09:36.1258321Z ##[error]Process completed with exit code 1.
2026-05-14T03:09:36.1343873Z Post job cleanup.
2026-05-14T03:09:36.1425668Z Post job cleanup.
2026-05-14T03:09:36.2253633Z [command]/usr/bin/git version
2026-05-14T03:09:36.2285803Z git version 2.53.0
2026-05-14T03:09:36.2322624Z Temporarily overriding HOME='/home/runner/work/_temp/83fccf16-7e69-44cc-a714-56c7f05397b9' before making global git config changes
2026-05-14T03:09:36.2324164Z Adding repository directory to the temporary git global config as a safe directory
2026-05-14T03:09:36.2328745Z [command]/usr/bin/git config --global --add safe.directory /home/runner/work/prismTask/prismTask
2026-05-14T03:09:36.2353419Z Removing SSH command configuration
2026-05-14T03:09:36.2359207Z [command]/usr/bin/git config --local --name-only --get-regexp core\.sshCommand
2026-05-14T03:09:36.2386359Z [command]/usr/bin/git submodule foreach --recursive sh -c "git config --local --name-only --get-regexp 'core\.sshCommand' && git config --local --unset-all 'core.sshCommand' || :"
2026-05-14T03:09:36.2560403Z Removing HTTP extra header
2026-05-14T03:09:36.2566304Z [command]/usr/bin/git config --local --name-only --get-regexp http\.https\:\/\/github\.com\/\.extraheader
2026-05-14T03:09:36.2595326Z [command]/usr/bin/git submodule foreach --recursive sh -c "git config --local --name-only --get-regexp 'http\.https\:\/\/github\.com\/\.extraheader' && git config --local --unset-all 'http.https://github.com/.extraheader' || :"
2026-05-14T03:09:36.2769441Z Removing includeIf entries pointing to credentials config files
2026-05-14T03:09:36.2776375Z [command]/usr/bin/git config --local --name-only --get-regexp ^includeIf\.gitdir:
2026-05-14T03:09:36.2795315Z includeif.gitdir:/home/runner/work/prismTask/prismTask/.git.path
2026-05-14T03:09:36.2796160Z includeif.gitdir:/home/runner/work/prismTask/prismTask/.git/worktrees/*.path
2026-05-14T03:09:36.2796902Z includeif.gitdir:/github/workspace/.git.path
2026-05-14T03:09:36.2797556Z includeif.gitdir:/github/workspace/.git/worktrees/*.path
2026-05-14T03:09:36.2805327Z [command]/usr/bin/git config --local --get-all includeif.gitdir:/home/runner/work/prismTask/prismTask/.git.path
2026-05-14T03:09:36.2823051Z /home/runner/work/_temp/git-credentials-57d5e613-a523-48ea-9466-532b4dc27109.config
2026-05-14T03:09:36.2831496Z [command]/usr/bin/git config --local --unset includeif.gitdir:/home/runner/work/prismTask/prismTask/.git.path /home/runner/work/_temp/git-credentials-57d5e613-a523-48ea-9466-532b4dc27109.config
2026-05-14T03:09:36.2858398Z [command]/usr/bin/git config --local --get-all includeif.gitdir:/home/runner/work/prismTask/prismTask/.git/worktrees/*.path
2026-05-14T03:09:36.2874761Z /home/runner/work/_temp/git-credentials-57d5e613-a523-48ea-9466-532b4dc27109.config
2026-05-14T03:09:36.2882100Z [command]/usr/bin/git config --local --unset includeif.gitdir:/home/runner/work/prismTask/prismTask/.git/worktrees/*.path /home/runner/work/_temp/git-credentials-57d5e613-a523-48ea-9466-532b4dc27109.config
2026-05-14T03:09:36.2906059Z [command]/usr/bin/git config --local --get-all includeif.gitdir:/github/workspace/.git.path
2026-05-14T03:09:36.2924203Z /github/runner_temp/git-credentials-57d5e613-a523-48ea-9466-532b4dc27109.config
2026-05-14T03:09:36.2929072Z [command]/usr/bin/git config --local --unset includeif.gitdir:/github/workspace/.git.path /github/runner_temp/git-credentials-57d5e613-a523-48ea-9466-532b4dc27109.config
2026-05-14T03:09:36.2952586Z [command]/usr/bin/git config --local --get-all includeif.gitdir:/github/workspace/.git/worktrees/*.path
2026-05-14T03:09:36.2968150Z /github/runner_temp/git-credentials-57d5e613-a523-48ea-9466-532b4dc27109.config
2026-05-14T03:09:36.2975372Z [command]/usr/bin/git config --local --unset includeif.gitdir:/github/workspace/.git/worktrees/*.path /github/runner_temp/git-credentials-57d5e613-a523-48ea-9466-532b4dc27109.config
2026-05-14T03:09:36.2998787Z [command]/usr/bin/git submodule foreach --recursive git config --local --show-origin --name-only --get-regexp remote.origin.url
2026-05-14T03:09:36.3184118Z Removing credentials config '/home/runner/work/_temp/git-credentials-57d5e613-a523-48ea-9466-532b4dc27109.config'
2026-05-14T03:09:36.3371076Z Cleaning up orphan processes
2026-05-14T03:09:36.3587658Z ##[warning]Node.js 20 actions are deprecated. The following actions are running on Node.js 20 and may not work as expected: actions/setup-node@v4. Actions will be forced to run with Node.js 24 by default starting June 2nd, 2026. Node.js 20 will be removed from the runner on September 16th, 2026. Please check if updated versions of these actions are available that support Node.js 24. To opt into Node.js 24 now, set the FORCE_JAVASCRIPT_ACTIONS_TO_NODE24=true environment variable on the runner or in your workflow file. Once Node.js 24 becomes the default, you can temporarily opt out by setting ACTIONS_ALLOW_USE_UNSECURE_NODE_VERSION=true. For more information see: https://github.blog/changelog/2025-09-19-deprecation-of-node-20-on-github-actions-runners/


--- Job: web-lint-and-test (id 75921103219) ---
2026-05-14T03:09:42.3640730Z Current runner version: '2.334.0'
2026-05-14T03:09:42.3676749Z ##[group]Runner Image Provisioner
2026-05-14T03:09:42.3677862Z Hosted Compute Agent
2026-05-14T03:09:42.3678649Z Version: 20260213.493
2026-05-14T03:09:42.3679517Z Commit: 5c115507f6dd24b8de37d8bbe0bb4509d0cc0fa3
2026-05-14T03:09:42.3680607Z Build Date: 2026-02-13T00:28:41Z
2026-05-14T03:09:42.3681490Z Worker ID: {fdd60b70-867b-48c1-8b4c-51e756cd3198}
2026-05-14T03:09:42.3682623Z Azure Region: eastus
2026-05-14T03:09:42.3683385Z ##[endgroup]
2026-05-14T03:09:42.3686045Z ##[group]Operating System
2026-05-14T03:09:42.3687041Z Ubuntu
2026-05-14T03:09:42.3687671Z 24.04.4
2026-05-14T03:09:42.3688402Z LTS
2026-05-14T03:09:42.3689072Z ##[endgroup]
2026-05-14T03:09:42.3689842Z ##[group]Runner Image
2026-05-14T03:09:42.3690582Z Image: ubuntu-24.04
2026-05-14T03:09:42.3691382Z Version: 20260413.86.1
2026-05-14T03:09:42.3693133Z Included Software: https://github.com/actions/runner-images/blob/ubuntu24/20260413.86/images/ubuntu/Ubuntu2404-Readme.md
2026-05-14T03:09:42.3695887Z Image Release: https://github.com/actions/runner-images/releases/tag/ubuntu24%2F20260413.86
2026-05-14T03:09:42.3697254Z ##[endgroup]
2026-05-14T03:09:42.3699011Z ##[group]GITHUB_TOKEN Permissions
2026-05-14T03:09:42.3701829Z Actions: read
2026-05-14T03:09:42.3702621Z Checks: read
2026-05-14T03:09:42.3703499Z Contents: write
2026-05-14T03:09:42.3704466Z Metadata: read
2026-05-14T03:09:42.3705153Z ##[endgroup]
2026-05-14T03:09:42.3708002Z Secret source: Actions
2026-05-14T03:09:42.3709339Z Prepare workflow directory
2026-05-14T03:09:42.4150561Z Prepare all required actions
2026-05-14T03:09:42.4279684Z Complete job name: web-lint-and-test
2026-05-14T03:09:42.5329884Z ##[group]Run if [ 'failure' != 'success' ]; then
2026-05-14T03:09:42.5331208Z [36;1mif [ 'failure' != 'success' ]; then[0m
2026-05-14T03:09:42.5332275Z [36;1m  echo "web-lint finished with failure" >&2[0m
2026-05-14T03:09:42.5333489Z [36;1m  exit 1[0m
2026-05-14T03:09:42.5334442Z [36;1mfi[0m
2026-05-14T03:09:42.5335228Z [36;1mif [ 'failure' != 'success' ]; then[0m
2026-05-14T03:09:42.5336339Z [36;1m  echo "web-unit-tests finished with failure" >&2[0m
2026-05-14T03:09:42.5337385Z [36;1m  exit 1[0m
2026-05-14T03:09:42.5338127Z [36;1mfi[0m
2026-05-14T03:09:42.5338873Z [36;1mif [ 'failure' != 'success' ]; then[0m
2026-05-14T03:09:42.5339975Z [36;1m  echo "web-build finished with failure" >&2[0m
2026-05-14T03:09:42.5340939Z [36;1m  exit 1[0m
2026-05-14T03:09:42.5341646Z [36;1mfi[0m
2026-05-14T03:09:42.5342697Z [36;1mecho "✓ Split web lint, unit-test shards, and build passed."[0m
2026-05-14T03:09:42.5602448Z shell: /usr/bin/bash -e {0}
2026-05-14T03:09:42.5604347Z ##[endgroup]
2026-05-14T03:09:42.6009868Z web-lint finished with failure
2026-05-14T03:09:42.6037307Z ##[error]Process completed with exit code 1.
2026-05-14T03:09:42.6176939Z Cleaning up orphan processes
