=== CI FAILURE ===
Workflow:      Web CI
Workflow file: averycorp/prismTask/.github/workflows/web-ci.yml@refs/pull/1338/merge
Job(s):        web-build, web-lint, web-unit-tests (3, 3), web-unit-tests (1, 3), web-unit-tests (2, 3), web-lint-and-test
Run ID:        25838186793
Run attempt:   1
Run URL:       https://github.com/averycorp/prismTask/actions/runs/25838186793
Commit:        3e38cb454e31744594e26278c718f912591da26e
Branch:        1338/merge
Event:         pull_request
Actor:         akarlin3
Runner OS:     Linux
Timestamp:     2026-05-14T02:32:38.496Z

Failed steps:
  - web-build: #4 Run ./.github/actions/setup-node-web
  - web-lint: #4 Run ./.github/actions/setup-node-web
  - web-unit-tests (3, 3): #4 Run ./.github/actions/setup-node-web
  - web-unit-tests (1, 3): #4 Run ./.github/actions/setup-node-web
  - web-unit-tests (2, 3): #4 Run ./.github/actions/setup-node-web
  - web-lint-and-test: #2 Verify split web checks

=== FAILED JOB LOG ===

--- Job: web-build (id 75917685504) ---
2026-05-14T02:32:03.5738797Z Current runner version: '2.334.0'
2026-05-14T02:32:03.5773756Z ##[group]Runner Image Provisioner
2026-05-14T02:32:03.5775047Z Hosted Compute Agent
2026-05-14T02:32:03.5775912Z Version: 20260213.493
2026-05-14T02:32:03.5777041Z Commit: 5c115507f6dd24b8de37d8bbe0bb4509d0cc0fa3
2026-05-14T02:32:03.5778255Z Build Date: 2026-02-13T00:28:41Z
2026-05-14T02:32:03.5779314Z Worker ID: {7501487e-da75-40b4-9da3-e7f543ed1963}
2026-05-14T02:32:03.5780585Z Azure Region: eastus
2026-05-14T02:32:03.5781832Z ##[endgroup]
2026-05-14T02:32:03.5784569Z ##[group]Operating System
2026-05-14T02:32:03.5785696Z Ubuntu
2026-05-14T02:32:03.5786543Z 24.04.4
2026-05-14T02:32:03.5787275Z LTS
2026-05-14T02:32:03.5788178Z ##[endgroup]
2026-05-14T02:32:03.5789037Z ##[group]Runner Image
2026-05-14T02:32:03.5789978Z Image: ubuntu-24.04
2026-05-14T02:32:03.5790902Z Version: 20260413.86.1
2026-05-14T02:32:03.5793162Z Included Software: https://github.com/actions/runner-images/blob/ubuntu24/20260413.86/images/ubuntu/Ubuntu2404-Readme.md
2026-05-14T02:32:03.5795888Z Image Release: https://github.com/actions/runner-images/releases/tag/ubuntu24%2F20260413.86
2026-05-14T02:32:03.5797594Z ##[endgroup]
2026-05-14T02:32:03.5799468Z ##[group]GITHUB_TOKEN Permissions
2026-05-14T02:32:03.5802996Z Actions: read
2026-05-14T02:32:03.5803918Z Checks: read
2026-05-14T02:32:03.5804887Z Contents: write
2026-05-14T02:32:03.5805793Z Metadata: read
2026-05-14T02:32:03.5806702Z ##[endgroup]
2026-05-14T02:32:03.5809266Z Secret source: Actions
2026-05-14T02:32:03.5811352Z Prepare workflow directory
2026-05-14T02:32:03.6385144Z Prepare all required actions
2026-05-14T02:32:03.6440042Z Getting action download info
2026-05-14T02:32:03.9023400Z Download action repository 'actions/checkout@v6' (SHA:de0fac2e4500dabe0009e67214ff5f5447ce83dd)
2026-05-14T02:32:04.1136480Z Complete job name: web-build
2026-05-14T02:32:04.1869520Z ##[group]Run actions/checkout@v6
2026-05-14T02:32:04.1870360Z with:
2026-05-14T02:32:04.1870778Z   repository: averycorp/prismTask
2026-05-14T02:32:04.1872334Z   token: ***
2026-05-14T02:32:04.1873049Z   ssh-strict: true
2026-05-14T02:32:04.1873740Z   ssh-user: git
2026-05-14T02:32:04.1874454Z   persist-credentials: true
2026-05-14T02:32:04.1875193Z   clean: true
2026-05-14T02:32:04.1875930Z   sparse-checkout-cone-mode: true
2026-05-14T02:32:04.1876869Z   fetch-depth: 1
2026-05-14T02:32:04.1877306Z   fetch-tags: false
2026-05-14T02:32:04.1877818Z   show-progress: true
2026-05-14T02:32:04.1878241Z   lfs: false
2026-05-14T02:32:04.1878732Z   submodules: false
2026-05-14T02:32:04.1879488Z   set-safe-directory: true
2026-05-14T02:32:04.1880379Z ##[endgroup]
2026-05-14T02:32:04.2880095Z Syncing repository: averycorp/prismTask
2026-05-14T02:32:04.2882771Z ##[group]Getting Git version info
2026-05-14T02:32:04.2883990Z Working directory is '/home/runner/work/prismTask/prismTask'
2026-05-14T02:32:04.2885821Z [command]/usr/bin/git version
2026-05-14T02:32:04.2913881Z git version 2.53.0
2026-05-14T02:32:04.2936618Z ##[endgroup]
2026-05-14T02:32:04.2952694Z Temporarily overriding HOME='/home/runner/work/_temp/458ea795-5ddd-4088-8fd7-6dd1cffd379d' before making global git config changes
2026-05-14T02:32:04.2955101Z Adding repository directory to the temporary git global config as a safe directory
2026-05-14T02:32:04.2959958Z [command]/usr/bin/git config --global --add safe.directory /home/runner/work/prismTask/prismTask
2026-05-14T02:32:04.2992437Z Deleting the contents of '/home/runner/work/prismTask/prismTask'
2026-05-14T02:32:04.2995888Z ##[group]Initializing the repository
2026-05-14T02:32:04.3000916Z [command]/usr/bin/git init /home/runner/work/prismTask/prismTask
2026-05-14T02:32:04.3098624Z hint: Using 'master' as the name for the initial branch. This default branch name
2026-05-14T02:32:04.3100216Z hint: will change to "main" in Git 3.0. To configure the initial branch name
2026-05-14T02:32:04.3102130Z hint: to use in all of your new repositories, which will suppress this warning,
2026-05-14T02:32:04.3103474Z hint: call:
2026-05-14T02:32:04.3104163Z hint:
2026-05-14T02:32:04.3105409Z hint: 	git config --global init.defaultBranch <name>
2026-05-14T02:32:04.3106498Z hint:
2026-05-14T02:32:04.3107491Z hint: Names commonly chosen instead of 'master' are 'main', 'trunk' and
2026-05-14T02:32:04.3109028Z hint: 'development'. The just-created branch can be renamed via this command:
2026-05-14T02:32:04.3110280Z hint:
2026-05-14T02:32:04.3111281Z hint: 	git branch -m <name>
2026-05-14T02:32:04.3112216Z hint:
2026-05-14T02:32:04.3113305Z hint: Disable this message with "git config set advice.defaultBranchName false"
2026-05-14T02:32:04.3115075Z Initialized empty Git repository in /home/runner/work/prismTask/prismTask/.git/
2026-05-14T02:32:04.3117607Z [command]/usr/bin/git remote add origin https://github.com/averycorp/prismTask
2026-05-14T02:32:04.3143504Z ##[endgroup]
2026-05-14T02:32:04.3144752Z ##[group]Disabling automatic garbage collection
2026-05-14T02:32:04.3147953Z [command]/usr/bin/git config --local gc.auto 0
2026-05-14T02:32:04.3176506Z ##[endgroup]
2026-05-14T02:32:04.3177772Z ##[group]Setting up auth
2026-05-14T02:32:04.3178720Z Removing SSH command configuration
2026-05-14T02:32:04.3184734Z [command]/usr/bin/git config --local --name-only --get-regexp core\.sshCommand
2026-05-14T02:32:04.3215662Z [command]/usr/bin/git submodule foreach --recursive sh -c "git config --local --name-only --get-regexp 'core\.sshCommand' && git config --local --unset-all 'core.sshCommand' || :"
2026-05-14T02:32:04.3498332Z Removing HTTP extra header
2026-05-14T02:32:04.3503989Z [command]/usr/bin/git config --local --name-only --get-regexp http\.https\:\/\/github\.com\/\.extraheader
2026-05-14T02:32:04.3534910Z [command]/usr/bin/git submodule foreach --recursive sh -c "git config --local --name-only --get-regexp 'http\.https\:\/\/github\.com\/\.extraheader' && git config --local --unset-all 'http.https://github.com/.extraheader' || :"
2026-05-14T02:32:04.3743081Z Removing includeIf entries pointing to credentials config files
2026-05-14T02:32:04.3749208Z [command]/usr/bin/git config --local --name-only --get-regexp ^includeIf\.gitdir:
2026-05-14T02:32:04.3779594Z [command]/usr/bin/git submodule foreach --recursive git config --local --show-origin --name-only --get-regexp remote.origin.url
2026-05-14T02:32:04.3998343Z [command]/usr/bin/git config --file /home/runner/work/_temp/git-credentials-a306abd2-7e23-47a6-b216-19c892edf061.config http.https://github.com/.extraheader AUTHORIZATION: basic ***
2026-05-14T02:32:04.4033654Z [command]/usr/bin/git config --local includeIf.gitdir:/home/runner/work/prismTask/prismTask/.git.path /home/runner/work/_temp/git-credentials-a306abd2-7e23-47a6-b216-19c892edf061.config
2026-05-14T02:32:04.4062648Z [command]/usr/bin/git config --local includeIf.gitdir:/home/runner/work/prismTask/prismTask/.git/worktrees/*.path /home/runner/work/_temp/git-credentials-a306abd2-7e23-47a6-b216-19c892edf061.config
2026-05-14T02:32:04.4090796Z [command]/usr/bin/git config --local includeIf.gitdir:/github/workspace/.git.path /github/runner_temp/git-credentials-a306abd2-7e23-47a6-b216-19c892edf061.config
2026-05-14T02:32:04.4122087Z [command]/usr/bin/git config --local includeIf.gitdir:/github/workspace/.git/worktrees/*.path /github/runner_temp/git-credentials-a306abd2-7e23-47a6-b216-19c892edf061.config
2026-05-14T02:32:04.4147064Z ##[endgroup]
2026-05-14T02:32:04.4147839Z ##[group]Fetching the repository
2026-05-14T02:32:04.4155688Z [command]/usr/bin/git -c protocol.version=2 fetch --no-tags --prune --no-recurse-submodules --depth=1 origin +3e38cb454e31744594e26278c718f912591da26e:refs/remotes/pull/1338/merge
2026-05-14T02:32:05.7997170Z From https://github.com/averycorp/prismTask
2026-05-14T02:32:05.7999534Z  * [new ref]         3e38cb454e31744594e26278c718f912591da26e -> pull/1338/merge
2026-05-14T02:32:05.8028538Z ##[endgroup]
2026-05-14T02:32:05.8029929Z ##[group]Determining the checkout info
2026-05-14T02:32:05.8031495Z ##[endgroup]
2026-05-14T02:32:05.8034612Z [command]/usr/bin/git sparse-checkout disable
2026-05-14T02:32:05.8073747Z [command]/usr/bin/git config --local --unset-all extensions.worktreeConfig
2026-05-14T02:32:05.8102630Z ##[group]Checking out the ref
2026-05-14T02:32:05.8105622Z [command]/usr/bin/git checkout --progress --force refs/remotes/pull/1338/merge
2026-05-14T02:32:06.0859489Z Note: switching to 'refs/remotes/pull/1338/merge'.
2026-05-14T02:32:06.0860049Z 
2026-05-14T02:32:06.0860458Z You are in 'detached HEAD' state. You can look around, make experimental
2026-05-14T02:32:06.0861609Z changes and commit them, and you can discard any commits you make in this
2026-05-14T02:32:06.0862508Z state without impacting any branches by switching back to a branch.
2026-05-14T02:32:06.0863054Z 
2026-05-14T02:32:06.0863436Z If you want to create a new branch to retain commits you create, you may
2026-05-14T02:32:06.0864287Z do so (now or later) by using -c with the switch command. Example:
2026-05-14T02:32:06.0864799Z 
2026-05-14T02:32:06.0865005Z   git switch -c <new-branch-name>
2026-05-14T02:32:06.0865325Z 
2026-05-14T02:32:06.0865524Z Or undo this operation with:
2026-05-14T02:32:06.0865914Z 
2026-05-14T02:32:06.0866099Z   git switch -
2026-05-14T02:32:06.0866344Z 
2026-05-14T02:32:06.0866748Z Turn off this advice by setting config variable advice.detachedHead to false
2026-05-14T02:32:06.0867318Z 
2026-05-14T02:32:06.0867974Z HEAD is now at 3e38cb4 Merge 717fd8ec2b1d642e7df457439963456030ed98b9 into 0538e7ab133d451e3c30d7df1517f8075c79ea8b
2026-05-14T02:32:06.0886075Z ##[endgroup]
2026-05-14T02:32:06.0926384Z [command]/usr/bin/git log -1 --format=%H
2026-05-14T02:32:06.0948762Z 3e38cb454e31744594e26278c718f912591da26e
2026-05-14T02:32:06.1235450Z Prepare all required actions
2026-05-14T02:32:06.1235955Z Getting action download info
2026-05-14T02:32:06.2448001Z Download action repository 'actions/setup-node@v4' (SHA:49933ea5288caeca8642d1e84afbd3f7d6820020)
2026-05-14T02:32:06.3450810Z ##[group]Run ./.github/actions/setup-node-web
2026-05-14T02:32:06.3451350Z ##[endgroup]
2026-05-14T02:32:06.3578282Z ##[group]Run actions/setup-node@v4
2026-05-14T02:32:06.3578563Z with:
2026-05-14T02:32:06.3578798Z   node-version: 22
2026-05-14T02:32:06.3578988Z   cache: npm
2026-05-14T02:32:06.3579197Z   cache-dependency-path: web/package-lock.json
2026-05-14T02:32:06.3579475Z   always-auth: false
2026-05-14T02:32:06.3579661Z   check-latest: false
2026-05-14T02:32:06.3579976Z   token: ***
2026-05-14T02:32:06.3580151Z ##[endgroup]
2026-05-14T02:32:06.5416405Z Found in cache @ /opt/hostedtoolcache/node/22.22.2/x64
2026-05-14T02:32:06.5422475Z ##[group]Environment details
2026-05-14T02:32:10.9932563Z node: v22.22.2
2026-05-14T02:32:10.9933107Z npm: 10.9.7
2026-05-14T02:32:10.9933403Z yarn: 1.22.22
2026-05-14T02:32:10.9934413Z ##[endgroup]
2026-05-14T02:32:10.9959913Z [command]/opt/hostedtoolcache/node/22.22.2/x64/bin/npm config get cache
2026-05-14T02:32:11.3102592Z /home/runner/.npm
2026-05-14T02:32:11.4029987Z npm cache is not found
2026-05-14T02:32:11.4175686Z ##[group]Run npm ci
2026-05-14T02:32:11.4175982Z [36;1mnpm ci[0m
2026-05-14T02:32:11.4210930Z shell: /usr/bin/bash --noprofile --norc -e -o pipefail {0}
2026-05-14T02:32:11.4211649Z ##[endgroup]
2026-05-14T02:32:13.9197854Z npm error code ETARGET
2026-05-14T02:32:13.9198821Z npm error notarget No matching version found for idb@^8.0.4.
2026-05-14T02:32:13.9199891Z npm error notarget In most cases you or one of your dependencies are requesting
2026-05-14T02:32:13.9200915Z npm error notarget a package version that doesn't exist.
2026-05-14T02:32:13.9203006Z npm error A complete log of this run can be found in: /home/runner/.npm/_logs/2026-05-14T02_32_11_480Z-debug-0.log
2026-05-14T02:32:13.9583367Z ##[error]Process completed with exit code 1.
2026-05-14T02:32:13.9672064Z Post job cleanup.
2026-05-14T02:32:13.9756650Z Post job cleanup.
2026-05-14T02:32:14.0595643Z [command]/usr/bin/git version
2026-05-14T02:32:14.0634410Z git version 2.53.0
2026-05-14T02:32:14.0675761Z Temporarily overriding HOME='/home/runner/work/_temp/e45f6e6a-ee89-489b-9e1c-70bfdd4cea8b' before making global git config changes
2026-05-14T02:32:14.0677355Z Adding repository directory to the temporary git global config as a safe directory
2026-05-14T02:32:14.0682516Z [command]/usr/bin/git config --global --add safe.directory /home/runner/work/prismTask/prismTask
2026-05-14T02:32:14.0712795Z Removing SSH command configuration
2026-05-14T02:32:14.0718623Z [command]/usr/bin/git config --local --name-only --get-regexp core\.sshCommand
2026-05-14T02:32:14.0752175Z [command]/usr/bin/git submodule foreach --recursive sh -c "git config --local --name-only --get-regexp 'core\.sshCommand' && git config --local --unset-all 'core.sshCommand' || :"
2026-05-14T02:32:14.0970140Z Removing HTTP extra header
2026-05-14T02:32:14.0975322Z [command]/usr/bin/git config --local --name-only --get-regexp http\.https\:\/\/github\.com\/\.extraheader
2026-05-14T02:32:14.1007586Z [command]/usr/bin/git submodule foreach --recursive sh -c "git config --local --name-only --get-regexp 'http\.https\:\/\/github\.com\/\.extraheader' && git config --local --unset-all 'http.https://github.com/.extraheader' || :"
2026-05-14T02:32:14.1225322Z Removing includeIf entries pointing to credentials config files
2026-05-14T02:32:14.1232421Z [command]/usr/bin/git config --local --name-only --get-regexp ^includeIf\.gitdir:
2026-05-14T02:32:14.1255409Z includeif.gitdir:/home/runner/work/prismTask/prismTask/.git.path
2026-05-14T02:32:14.1256818Z includeif.gitdir:/home/runner/work/prismTask/prismTask/.git/worktrees/*.path
2026-05-14T02:32:14.1258168Z includeif.gitdir:/github/workspace/.git.path
2026-05-14T02:32:14.1259229Z includeif.gitdir:/github/workspace/.git/worktrees/*.path
2026-05-14T02:32:14.1266215Z [command]/usr/bin/git config --local --get-all includeif.gitdir:/home/runner/work/prismTask/prismTask/.git.path
2026-05-14T02:32:14.1287485Z /home/runner/work/_temp/git-credentials-a306abd2-7e23-47a6-b216-19c892edf061.config
2026-05-14T02:32:14.1298874Z [command]/usr/bin/git config --local --unset includeif.gitdir:/home/runner/work/prismTask/prismTask/.git.path /home/runner/work/_temp/git-credentials-a306abd2-7e23-47a6-b216-19c892edf061.config
2026-05-14T02:32:14.1332253Z [command]/usr/bin/git config --local --get-all includeif.gitdir:/home/runner/work/prismTask/prismTask/.git/worktrees/*.path
2026-05-14T02:32:14.1356043Z /home/runner/work/_temp/git-credentials-a306abd2-7e23-47a6-b216-19c892edf061.config
2026-05-14T02:32:14.1370684Z [command]/usr/bin/git config --local --unset includeif.gitdir:/home/runner/work/prismTask/prismTask/.git/worktrees/*.path /home/runner/work/_temp/git-credentials-a306abd2-7e23-47a6-b216-19c892edf061.config
2026-05-14T02:32:14.1395279Z [command]/usr/bin/git config --local --get-all includeif.gitdir:/github/workspace/.git.path
2026-05-14T02:32:14.1416180Z /github/runner_temp/git-credentials-a306abd2-7e23-47a6-b216-19c892edf061.config
2026-05-14T02:32:14.1424103Z [command]/usr/bin/git config --local --unset includeif.gitdir:/github/workspace/.git.path /github/runner_temp/git-credentials-a306abd2-7e23-47a6-b216-19c892edf061.config
2026-05-14T02:32:14.1453241Z [command]/usr/bin/git config --local --get-all includeif.gitdir:/github/workspace/.git/worktrees/*.path
2026-05-14T02:32:14.1472791Z /github/runner_temp/git-credentials-a306abd2-7e23-47a6-b216-19c892edf061.config
2026-05-14T02:32:14.1481935Z [command]/usr/bin/git config --local --unset includeif.gitdir:/github/workspace/.git/worktrees/*.path /github/runner_temp/git-credentials-a306abd2-7e23-47a6-b216-19c892edf061.config
2026-05-14T02:32:14.1511633Z [command]/usr/bin/git submodule foreach --recursive git config --local --show-origin --name-only --get-regexp remote.origin.url
2026-05-14T02:32:14.1728813Z Removing credentials config '/home/runner/work/_temp/git-credentials-a306abd2-7e23-47a6-b216-19c892edf061.config'
2026-05-14T02:32:14.1857501Z Cleaning up orphan processes
2026-05-14T02:32:14.2132997Z ##[warning]Node.js 20 actions are deprecated. The following actions are running on Node.js 20 and may not work as expected: actions/setup-node@v4. Actions will be forced to run with Node.js 24 by default starting June 2nd, 2026. Node.js 20 will be removed from the runner on September 16th, 2026. Please check if updated versions of these actions are available that support Node.js 24. To opt into Node.js 24 now, set the FORCE_JAVASCRIPT_ACTIONS_TO_NODE24=true environment variable on the runner or in your workflow file. Once Node.js 24 becomes the default, you can temporarily opt out by setting ACTIONS_ALLOW_USE_UNSECURE_NODE_VERSION=true. For more information see: https://github.blog/changelog/2025-09-19-deprecation-of-node-20-on-github-actions-runners/


--- Job: web-lint (id 75917685511) ---
2026-05-14T02:32:04.4587452Z Current runner version: '2.334.0'
2026-05-14T02:32:04.4609888Z ##[group]Runner Image Provisioner
2026-05-14T02:32:04.4610754Z Hosted Compute Agent
2026-05-14T02:32:04.4611322Z Version: 20260213.493
2026-05-14T02:32:04.4611887Z Commit: 5c115507f6dd24b8de37d8bbe0bb4509d0cc0fa3
2026-05-14T02:32:04.4612627Z Build Date: 2026-02-13T00:28:41Z
2026-05-14T02:32:04.4613321Z Worker ID: {d789c7a8-8b4b-4d4c-b0be-252d715734a5}
2026-05-14T02:32:04.4614013Z Azure Region: westus
2026-05-14T02:32:04.4614592Z ##[endgroup]
2026-05-14T02:32:04.4616268Z ##[group]Operating System
2026-05-14T02:32:04.4616884Z Ubuntu
2026-05-14T02:32:04.4617322Z 24.04.4
2026-05-14T02:32:04.4618118Z LTS
2026-05-14T02:32:04.4618601Z ##[endgroup]
2026-05-14T02:32:04.4619105Z ##[group]Runner Image
2026-05-14T02:32:04.4619730Z Image: ubuntu-24.04
2026-05-14T02:32:04.4620220Z Version: 20260413.86.1
2026-05-14T02:32:04.4621457Z Included Software: https://github.com/actions/runner-images/blob/ubuntu24/20260413.86/images/ubuntu/Ubuntu2404-Readme.md
2026-05-14T02:32:04.4622916Z Image Release: https://github.com/actions/runner-images/releases/tag/ubuntu24%2F20260413.86
2026-05-14T02:32:04.4623822Z ##[endgroup]
2026-05-14T02:32:04.4625044Z ##[group]GITHUB_TOKEN Permissions
2026-05-14T02:32:04.4627094Z Actions: read
2026-05-14T02:32:04.4627988Z Checks: read
2026-05-14T02:32:04.4628513Z Contents: write
2026-05-14T02:32:04.4629029Z Metadata: read
2026-05-14T02:32:04.4629540Z ##[endgroup]
2026-05-14T02:32:04.4631574Z Secret source: Actions
2026-05-14T02:32:04.4632606Z Prepare workflow directory
2026-05-14T02:32:04.5030132Z Prepare all required actions
2026-05-14T02:32:04.5069689Z Getting action download info
2026-05-14T02:32:04.9167979Z Download action repository 'actions/checkout@v6' (SHA:de0fac2e4500dabe0009e67214ff5f5447ce83dd)
2026-05-14T02:32:05.1281177Z Complete job name: web-lint
2026-05-14T02:32:05.1971740Z ##[group]Run actions/checkout@v6
2026-05-14T02:32:05.1972571Z with:
2026-05-14T02:32:05.1972977Z   repository: averycorp/prismTask
2026-05-14T02:32:05.1973631Z   token: ***
2026-05-14T02:32:05.1974006Z   ssh-strict: true
2026-05-14T02:32:05.1974384Z   ssh-user: git
2026-05-14T02:32:05.1974776Z   persist-credentials: true
2026-05-14T02:32:05.1975210Z   clean: true
2026-05-14T02:32:05.1975623Z   sparse-checkout-cone-mode: true
2026-05-14T02:32:05.1976102Z   fetch-depth: 1
2026-05-14T02:32:05.1976478Z   fetch-tags: false
2026-05-14T02:32:05.1976893Z   show-progress: true
2026-05-14T02:32:05.1977308Z   lfs: false
2026-05-14T02:32:05.1977900Z   submodules: false
2026-05-14T02:32:05.1978308Z   set-safe-directory: true
2026-05-14T02:32:05.1979013Z ##[endgroup]
2026-05-14T02:32:05.2908672Z Syncing repository: averycorp/prismTask
2026-05-14T02:32:05.2910419Z ##[group]Getting Git version info
2026-05-14T02:32:05.2911100Z Working directory is '/home/runner/work/prismTask/prismTask'
2026-05-14T02:32:05.2912105Z [command]/usr/bin/git version
2026-05-14T02:32:05.2946460Z git version 2.53.0
2026-05-14T02:32:05.2968947Z ##[endgroup]
2026-05-14T02:32:05.2984498Z Temporarily overriding HOME='/home/runner/work/_temp/1d59e7fc-05f5-4bf3-9b26-dd4c757ff305' before making global git config changes
2026-05-14T02:32:05.2986887Z Adding repository directory to the temporary git global config as a safe directory
2026-05-14T02:32:05.2990617Z [command]/usr/bin/git config --global --add safe.directory /home/runner/work/prismTask/prismTask
2026-05-14T02:32:05.3022753Z Deleting the contents of '/home/runner/work/prismTask/prismTask'
2026-05-14T02:32:05.3026913Z ##[group]Initializing the repository
2026-05-14T02:32:05.3032013Z [command]/usr/bin/git init /home/runner/work/prismTask/prismTask
2026-05-14T02:32:05.3110357Z hint: Using 'master' as the name for the initial branch. This default branch name
2026-05-14T02:32:05.3111868Z hint: will change to "main" in Git 3.0. To configure the initial branch name
2026-05-14T02:32:05.3113348Z hint: to use in all of your new repositories, which will suppress this warning,
2026-05-14T02:32:05.3114655Z hint: call:
2026-05-14T02:32:05.3115315Z hint:
2026-05-14T02:32:05.3116529Z hint: 	git config --global init.defaultBranch <name>
2026-05-14T02:32:05.3117870Z hint:
2026-05-14T02:32:05.3118868Z hint: Names commonly chosen instead of 'master' are 'main', 'trunk' and
2026-05-14T02:32:05.3120373Z hint: 'development'. The just-created branch can be renamed via this command:
2026-05-14T02:32:05.3121608Z hint:
2026-05-14T02:32:05.3122315Z hint: 	git branch -m <name>
2026-05-14T02:32:05.3123161Z hint:
2026-05-14T02:32:05.3124228Z hint: Disable this message with "git config set advice.defaultBranchName false"
2026-05-14T02:32:05.3125935Z Initialized empty Git repository in /home/runner/work/prismTask/prismTask/.git/
2026-05-14T02:32:05.3128738Z [command]/usr/bin/git remote add origin https://github.com/averycorp/prismTask
2026-05-14T02:32:05.3154205Z ##[endgroup]
2026-05-14T02:32:05.3155399Z ##[group]Disabling automatic garbage collection
2026-05-14T02:32:05.3158644Z [command]/usr/bin/git config --local gc.auto 0
2026-05-14T02:32:05.3187163Z ##[endgroup]
2026-05-14T02:32:05.3188631Z ##[group]Setting up auth
2026-05-14T02:32:05.3189533Z Removing SSH command configuration
2026-05-14T02:32:05.3195166Z [command]/usr/bin/git config --local --name-only --get-regexp core\.sshCommand
2026-05-14T02:32:05.3225138Z [command]/usr/bin/git submodule foreach --recursive sh -c "git config --local --name-only --get-regexp 'core\.sshCommand' && git config --local --unset-all 'core.sshCommand' || :"
2026-05-14T02:32:05.3487490Z Removing HTTP extra header
2026-05-14T02:32:05.3493825Z [command]/usr/bin/git config --local --name-only --get-regexp http\.https\:\/\/github\.com\/\.extraheader
2026-05-14T02:32:05.3525257Z [command]/usr/bin/git submodule foreach --recursive sh -c "git config --local --name-only --get-regexp 'http\.https\:\/\/github\.com\/\.extraheader' && git config --local --unset-all 'http.https://github.com/.extraheader' || :"
2026-05-14T02:32:05.3730968Z Removing includeIf entries pointing to credentials config files
2026-05-14T02:32:05.3735856Z [command]/usr/bin/git config --local --name-only --get-regexp ^includeIf\.gitdir:
2026-05-14T02:32:05.3764861Z [command]/usr/bin/git submodule foreach --recursive git config --local --show-origin --name-only --get-regexp remote.origin.url
2026-05-14T02:32:05.3975465Z [command]/usr/bin/git config --file /home/runner/work/_temp/git-credentials-30b0dc51-70ad-43a5-951f-3408f0be5067.config http.https://github.com/.extraheader AUTHORIZATION: basic ***
2026-05-14T02:32:05.4012014Z [command]/usr/bin/git config --local includeIf.gitdir:/home/runner/work/prismTask/prismTask/.git.path /home/runner/work/_temp/git-credentials-30b0dc51-70ad-43a5-951f-3408f0be5067.config
2026-05-14T02:32:05.4041959Z [command]/usr/bin/git config --local includeIf.gitdir:/home/runner/work/prismTask/prismTask/.git/worktrees/*.path /home/runner/work/_temp/git-credentials-30b0dc51-70ad-43a5-951f-3408f0be5067.config
2026-05-14T02:32:05.4071036Z [command]/usr/bin/git config --local includeIf.gitdir:/github/workspace/.git.path /github/runner_temp/git-credentials-30b0dc51-70ad-43a5-951f-3408f0be5067.config
2026-05-14T02:32:05.4101572Z [command]/usr/bin/git config --local includeIf.gitdir:/github/workspace/.git/worktrees/*.path /github/runner_temp/git-credentials-30b0dc51-70ad-43a5-951f-3408f0be5067.config
2026-05-14T02:32:05.4128030Z ##[endgroup]
2026-05-14T02:32:05.4129085Z ##[group]Fetching the repository
2026-05-14T02:32:05.4135466Z [command]/usr/bin/git -c protocol.version=2 fetch --no-tags --prune --no-recurse-submodules --depth=1 origin +3e38cb454e31744594e26278c718f912591da26e:refs/remotes/pull/1338/merge
2026-05-14T02:32:07.2848022Z From https://github.com/averycorp/prismTask
2026-05-14T02:32:07.2851010Z  * [new ref]         3e38cb454e31744594e26278c718f912591da26e -> pull/1338/merge
2026-05-14T02:32:07.2877972Z ##[endgroup]
2026-05-14T02:32:07.2879404Z ##[group]Determining the checkout info
2026-05-14T02:32:07.2880690Z ##[endgroup]
2026-05-14T02:32:07.2884373Z [command]/usr/bin/git sparse-checkout disable
2026-05-14T02:32:07.2923354Z [command]/usr/bin/git config --local --unset-all extensions.worktreeConfig
2026-05-14T02:32:07.2951177Z ##[group]Checking out the ref
2026-05-14T02:32:07.2954245Z [command]/usr/bin/git checkout --progress --force refs/remotes/pull/1338/merge
2026-05-14T02:32:07.5691552Z Note: switching to 'refs/remotes/pull/1338/merge'.
2026-05-14T02:32:07.5692146Z 
2026-05-14T02:32:07.5692555Z You are in 'detached HEAD' state. You can look around, make experimental
2026-05-14T02:32:07.5693395Z changes and commit them, and you can discard any commits you make in this
2026-05-14T02:32:07.5694250Z state without impacting any branches by switching back to a branch.
2026-05-14T02:32:07.5694764Z 
2026-05-14T02:32:07.5695122Z If you want to create a new branch to retain commits you create, you may
2026-05-14T02:32:07.5695936Z do so (now or later) by using -c with the switch command. Example:
2026-05-14T02:32:07.5696440Z 
2026-05-14T02:32:07.5696647Z   git switch -c <new-branch-name>
2026-05-14T02:32:07.5696981Z 
2026-05-14T02:32:07.5697173Z Or undo this operation with:
2026-05-14T02:32:07.5697479Z 
2026-05-14T02:32:07.5697888Z   git switch -
2026-05-14T02:32:07.5698152Z 
2026-05-14T02:32:07.5698552Z Turn off this advice by setting config variable advice.detachedHead to false
2026-05-14T02:32:07.5699149Z 
2026-05-14T02:32:07.5699774Z HEAD is now at 3e38cb4 Merge 717fd8ec2b1d642e7df457439963456030ed98b9 into 0538e7ab133d451e3c30d7df1517f8075c79ea8b
2026-05-14T02:32:07.5752196Z ##[endgroup]
2026-05-14T02:32:07.5756093Z [command]/usr/bin/git log -1 --format=%H
2026-05-14T02:32:07.5780689Z 3e38cb454e31744594e26278c718f912591da26e
2026-05-14T02:32:07.6060481Z Prepare all required actions
2026-05-14T02:32:07.6060964Z Getting action download info
2026-05-14T02:32:07.7801607Z Download action repository 'actions/setup-node@v4' (SHA:49933ea5288caeca8642d1e84afbd3f7d6820020)
2026-05-14T02:32:07.8749614Z ##[group]Run ./.github/actions/setup-node-web
2026-05-14T02:32:07.8749946Z ##[endgroup]
2026-05-14T02:32:07.8877541Z ##[group]Run actions/setup-node@v4
2026-05-14T02:32:07.8878063Z with:
2026-05-14T02:32:07.8878314Z   node-version: 22
2026-05-14T02:32:07.8878543Z   cache: npm
2026-05-14T02:32:07.8878800Z   cache-dependency-path: web/package-lock.json
2026-05-14T02:32:07.8879118Z   always-auth: false
2026-05-14T02:32:07.8879344Z   check-latest: false
2026-05-14T02:32:07.8879715Z   token: ***
2026-05-14T02:32:07.8879927Z ##[endgroup]
2026-05-14T02:32:08.0709408Z Found in cache @ /opt/hostedtoolcache/node/22.22.2/x64
2026-05-14T02:32:08.0716447Z ##[group]Environment details
2026-05-14T02:32:08.3639419Z node: v22.22.2
2026-05-14T02:32:08.3639968Z npm: 10.9.7
2026-05-14T02:32:08.3640300Z yarn: 1.22.22
2026-05-14T02:32:08.3641096Z ##[endgroup]
2026-05-14T02:32:08.3663330Z [command]/opt/hostedtoolcache/node/22.22.2/x64/bin/npm config get cache
2026-05-14T02:32:08.4682348Z /home/runner/.npm
2026-05-14T02:32:08.7546424Z npm cache is not found
2026-05-14T02:32:08.7706187Z ##[group]Run npm ci
2026-05-14T02:32:08.7706470Z [36;1mnpm ci[0m
2026-05-14T02:32:08.7740057Z shell: /usr/bin/bash --noprofile --norc -e -o pipefail {0}
2026-05-14T02:32:08.7740428Z ##[endgroup]
2026-05-14T02:32:09.6181670Z npm error code ETARGET
2026-05-14T02:32:09.6182413Z npm error notarget No matching version found for idb@^8.0.4.
2026-05-14T02:32:09.6182997Z npm error notarget In most cases you or one of your dependencies are requesting
2026-05-14T02:32:09.6183573Z npm error notarget a package version that doesn't exist.
2026-05-14T02:32:09.6186961Z npm error A complete log of this run can be found in: /home/runner/.npm/_logs/2026-05-14T02_32_08_830Z-debug-0.log
2026-05-14T02:32:09.6562723Z ##[error]Process completed with exit code 1.
2026-05-14T02:32:09.6656512Z Post job cleanup.
2026-05-14T02:32:09.6746172Z Post job cleanup.
2026-05-14T02:32:09.7557729Z [command]/usr/bin/git version
2026-05-14T02:32:09.7596295Z git version 2.53.0
2026-05-14T02:32:09.7637926Z Temporarily overriding HOME='/home/runner/work/_temp/04e44960-5b57-41e1-b8bf-604ea744dbed' before making global git config changes
2026-05-14T02:32:09.7639985Z Adding repository directory to the temporary git global config as a safe directory
2026-05-14T02:32:09.7644042Z [command]/usr/bin/git config --global --add safe.directory /home/runner/work/prismTask/prismTask
2026-05-14T02:32:09.7673906Z Removing SSH command configuration
2026-05-14T02:32:09.7680391Z [command]/usr/bin/git config --local --name-only --get-regexp core\.sshCommand
2026-05-14T02:32:09.7714048Z [command]/usr/bin/git submodule foreach --recursive sh -c "git config --local --name-only --get-regexp 'core\.sshCommand' && git config --local --unset-all 'core.sshCommand' || :"
2026-05-14T02:32:09.7933087Z Removing HTTP extra header
2026-05-14T02:32:09.7937134Z [command]/usr/bin/git config --local --name-only --get-regexp http\.https\:\/\/github\.com\/\.extraheader
2026-05-14T02:32:09.7969605Z [command]/usr/bin/git submodule foreach --recursive sh -c "git config --local --name-only --get-regexp 'http\.https\:\/\/github\.com\/\.extraheader' && git config --local --unset-all 'http.https://github.com/.extraheader' || :"
2026-05-14T02:32:09.8202249Z Removing includeIf entries pointing to credentials config files
2026-05-14T02:32:09.8202932Z [command]/usr/bin/git config --local --name-only --get-regexp ^includeIf\.gitdir:
2026-05-14T02:32:09.8243969Z includeif.gitdir:/home/runner/work/prismTask/prismTask/.git.path
2026-05-14T02:32:09.8245425Z includeif.gitdir:/home/runner/work/prismTask/prismTask/.git/worktrees/*.path
2026-05-14T02:32:09.8246468Z includeif.gitdir:/github/workspace/.git.path
2026-05-14T02:32:09.8247269Z includeif.gitdir:/github/workspace/.git/worktrees/*.path
2026-05-14T02:32:09.8254970Z [command]/usr/bin/git config --local --get-all includeif.gitdir:/home/runner/work/prismTask/prismTask/.git.path
2026-05-14T02:32:09.8281139Z /home/runner/work/_temp/git-credentials-30b0dc51-70ad-43a5-951f-3408f0be5067.config
2026-05-14T02:32:09.8292173Z [command]/usr/bin/git config --local --unset includeif.gitdir:/home/runner/work/prismTask/prismTask/.git.path /home/runner/work/_temp/git-credentials-30b0dc51-70ad-43a5-951f-3408f0be5067.config
2026-05-14T02:32:09.8325569Z [command]/usr/bin/git config --local --get-all includeif.gitdir:/home/runner/work/prismTask/prismTask/.git/worktrees/*.path
2026-05-14T02:32:09.8347513Z /home/runner/work/_temp/git-credentials-30b0dc51-70ad-43a5-951f-3408f0be5067.config
2026-05-14T02:32:09.8358673Z [command]/usr/bin/git config --local --unset includeif.gitdir:/home/runner/work/prismTask/prismTask/.git/worktrees/*.path /home/runner/work/_temp/git-credentials-30b0dc51-70ad-43a5-951f-3408f0be5067.config
2026-05-14T02:32:09.8389064Z [command]/usr/bin/git config --local --get-all includeif.gitdir:/github/workspace/.git.path
2026-05-14T02:32:09.8410836Z /github/runner_temp/git-credentials-30b0dc51-70ad-43a5-951f-3408f0be5067.config
2026-05-14T02:32:09.8418731Z [command]/usr/bin/git config --local --unset includeif.gitdir:/github/workspace/.git.path /github/runner_temp/git-credentials-30b0dc51-70ad-43a5-951f-3408f0be5067.config
2026-05-14T02:32:09.8450125Z [command]/usr/bin/git config --local --get-all includeif.gitdir:/github/workspace/.git/worktrees/*.path
2026-05-14T02:32:09.8471039Z /github/runner_temp/git-credentials-30b0dc51-70ad-43a5-951f-3408f0be5067.config
2026-05-14T02:32:09.8481176Z [command]/usr/bin/git config --local --unset includeif.gitdir:/github/workspace/.git/worktrees/*.path /github/runner_temp/git-credentials-30b0dc51-70ad-43a5-951f-3408f0be5067.config
2026-05-14T02:32:09.8513549Z [command]/usr/bin/git submodule foreach --recursive git config --local --show-origin --name-only --get-regexp remote.origin.url
2026-05-14T02:32:09.8755781Z Removing credentials config '/home/runner/work/_temp/git-credentials-30b0dc51-70ad-43a5-951f-3408f0be5067.config'
2026-05-14T02:32:09.8892400Z Cleaning up orphan processes
2026-05-14T02:32:09.9166525Z ##[warning]Node.js 20 actions are deprecated. The following actions are running on Node.js 20 and may not work as expected: actions/setup-node@v4. Actions will be forced to run with Node.js 24 by default starting June 2nd, 2026. Node.js 20 will be removed from the runner on September 16th, 2026. Please check if updated versions of these actions are available that support Node.js 24. To opt into Node.js 24 now, set the FORCE_JAVASCRIPT_ACTIONS_TO_NODE24=true environment variable on the runner or in your workflow file. Once Node.js 24 becomes the default, you can temporarily opt out by setting ACTIONS_ALLOW_USE_UNSECURE_NODE_VERSION=true. For more information see: https://github.blog/changelog/2025-09-19-deprecation-of-node-20-on-github-actions-runners/


--- Job: web-unit-tests (3, 3) (id 75917685515) ---
2026-05-14T02:32:09.9562793Z Current runner version: '2.334.0'
2026-05-14T02:32:09.9586663Z ##[group]Runner Image Provisioner
2026-05-14T02:32:09.9587528Z Hosted Compute Agent
2026-05-14T02:32:09.9588155Z Version: 20260213.493
2026-05-14T02:32:09.9588818Z Commit: 5c115507f6dd24b8de37d8bbe0bb4509d0cc0fa3
2026-05-14T02:32:09.9589486Z Build Date: 2026-02-13T00:28:41Z
2026-05-14T02:32:09.9590697Z Worker ID: {aad09617-1248-4ae4-b4b9-c90c234808dd}
2026-05-14T02:32:09.9591346Z Azure Region: eastus
2026-05-14T02:32:09.9591906Z ##[endgroup]
2026-05-14T02:32:09.9593471Z ##[group]Operating System
2026-05-14T02:32:09.9594034Z Ubuntu
2026-05-14T02:32:09.9594522Z 24.04.4
2026-05-14T02:32:09.9594982Z LTS
2026-05-14T02:32:09.9595479Z ##[endgroup]
2026-05-14T02:32:09.9595945Z ##[group]Runner Image
2026-05-14T02:32:09.9596644Z Image: ubuntu-24.04
2026-05-14T02:32:09.9597179Z Version: 20260413.86.1
2026-05-14T02:32:09.9598364Z Included Software: https://github.com/actions/runner-images/blob/ubuntu24/20260413.86/images/ubuntu/Ubuntu2404-Readme.md
2026-05-14T02:32:09.9600125Z Image Release: https://github.com/actions/runner-images/releases/tag/ubuntu24%2F20260413.86
2026-05-14T02:32:09.9601057Z ##[endgroup]
2026-05-14T02:32:09.9602288Z ##[group]GITHUB_TOKEN Permissions
2026-05-14T02:32:09.9604512Z Actions: read
2026-05-14T02:32:09.9605044Z Checks: read
2026-05-14T02:32:09.9605718Z Contents: write
2026-05-14T02:32:09.9606330Z Metadata: read
2026-05-14T02:32:09.9606841Z ##[endgroup]
2026-05-14T02:32:09.9608895Z Secret source: Actions
2026-05-14T02:32:09.9610102Z Prepare workflow directory
2026-05-14T02:32:10.0000730Z Prepare all required actions
2026-05-14T02:32:10.0037961Z Getting action download info
2026-05-14T02:32:10.2581904Z Download action repository 'actions/checkout@v6' (SHA:de0fac2e4500dabe0009e67214ff5f5447ce83dd)
2026-05-14T02:32:10.4556146Z Complete job name: web-unit-tests (3, 3)
2026-05-14T02:32:10.5171320Z ##[group]Run actions/checkout@v6
2026-05-14T02:32:10.5172067Z with:
2026-05-14T02:32:10.5172461Z   repository: averycorp/prismTask
2026-05-14T02:32:10.5173131Z   token: ***
2026-05-14T02:32:10.5173515Z   ssh-strict: true
2026-05-14T02:32:10.5173898Z   ssh-user: git
2026-05-14T02:32:10.5174303Z   persist-credentials: true
2026-05-14T02:32:10.5174748Z   clean: true
2026-05-14T02:32:10.5175141Z   sparse-checkout-cone-mode: true
2026-05-14T02:32:10.5175596Z   fetch-depth: 1
2026-05-14T02:32:10.5175970Z   fetch-tags: false
2026-05-14T02:32:10.5176345Z   show-progress: true
2026-05-14T02:32:10.5176732Z   lfs: false
2026-05-14T02:32:10.5177085Z   submodules: false
2026-05-14T02:32:10.5177480Z   set-safe-directory: true
2026-05-14T02:32:10.5178052Z ##[endgroup]
2026-05-14T02:32:10.6211733Z Syncing repository: averycorp/prismTask
2026-05-14T02:32:10.6213414Z ##[group]Getting Git version info
2026-05-14T02:32:10.6214154Z Working directory is '/home/runner/work/prismTask/prismTask'
2026-05-14T02:32:10.6215235Z [command]/usr/bin/git version
2026-05-14T02:32:10.6245221Z git version 2.53.0
2026-05-14T02:32:10.6267411Z ##[endgroup]
2026-05-14T02:32:10.6281294Z Temporarily overriding HOME='/home/runner/work/_temp/e3908e0d-a98b-4495-b624-66f38f5855ab' before making global git config changes
2026-05-14T02:32:10.6283309Z Adding repository directory to the temporary git global config as a safe directory
2026-05-14T02:32:10.6286220Z [command]/usr/bin/git config --global --add safe.directory /home/runner/work/prismTask/prismTask
2026-05-14T02:32:10.6319345Z Deleting the contents of '/home/runner/work/prismTask/prismTask'
2026-05-14T02:32:10.6323470Z ##[group]Initializing the repository
2026-05-14T02:32:10.6327705Z [command]/usr/bin/git init /home/runner/work/prismTask/prismTask
2026-05-14T02:32:10.6391163Z hint: Using 'master' as the name for the initial branch. This default branch name
2026-05-14T02:32:10.6392704Z hint: will change to "main" in Git 3.0. To configure the initial branch name
2026-05-14T02:32:10.6393952Z hint: to use in all of your new repositories, which will suppress this warning,
2026-05-14T02:32:10.6395030Z hint: call:
2026-05-14T02:32:10.6395845Z hint:
2026-05-14T02:32:10.6396871Z hint: 	git config --global init.defaultBranch <name>
2026-05-14T02:32:10.6397787Z hint:
2026-05-14T02:32:10.6398668Z hint: Names commonly chosen instead of 'master' are 'main', 'trunk' and
2026-05-14T02:32:10.6400289Z hint: 'development'. The just-created branch can be renamed via this command:
2026-05-14T02:32:10.6401329Z hint:
2026-05-14T02:32:10.6401950Z hint: 	git branch -m <name>
2026-05-14T02:32:10.6402511Z hint:
2026-05-14T02:32:10.6403133Z hint: Disable this message with "git config set advice.defaultBranchName false"
2026-05-14T02:32:10.6404106Z Initialized empty Git repository in /home/runner/work/prismTask/prismTask/.git/
2026-05-14T02:32:10.6405693Z [command]/usr/bin/git remote add origin https://github.com/averycorp/prismTask
2026-05-14T02:32:10.6434058Z ##[endgroup]
2026-05-14T02:32:10.6434774Z ##[group]Disabling automatic garbage collection
2026-05-14T02:32:10.6439151Z [command]/usr/bin/git config --local gc.auto 0
2026-05-14T02:32:10.6468449Z ##[endgroup]
2026-05-14T02:32:10.6469722Z ##[group]Setting up auth
2026-05-14T02:32:10.6470338Z Removing SSH command configuration
2026-05-14T02:32:10.6474801Z [command]/usr/bin/git config --local --name-only --get-regexp core\.sshCommand
2026-05-14T02:32:10.6506710Z [command]/usr/bin/git submodule foreach --recursive sh -c "git config --local --name-only --get-regexp 'core\.sshCommand' && git config --local --unset-all 'core.sshCommand' || :"
2026-05-14T02:32:10.6793390Z Removing HTTP extra header
2026-05-14T02:32:10.6799887Z [command]/usr/bin/git config --local --name-only --get-regexp http\.https\:\/\/github\.com\/\.extraheader
2026-05-14T02:32:10.6834232Z [command]/usr/bin/git submodule foreach --recursive sh -c "git config --local --name-only --get-regexp 'http\.https\:\/\/github\.com\/\.extraheader' && git config --local --unset-all 'http.https://github.com/.extraheader' || :"
2026-05-14T02:32:10.7056431Z Removing includeIf entries pointing to credentials config files
2026-05-14T02:32:10.7062261Z [command]/usr/bin/git config --local --name-only --get-regexp ^includeIf\.gitdir:
2026-05-14T02:32:10.7093589Z [command]/usr/bin/git submodule foreach --recursive git config --local --show-origin --name-only --get-regexp remote.origin.url
2026-05-14T02:32:10.7335763Z [command]/usr/bin/git config --file /home/runner/work/_temp/git-credentials-d501c7ec-cbb8-471e-9f63-54ff2932b10a.config http.https://github.com/.extraheader AUTHORIZATION: basic ***
2026-05-14T02:32:10.7373510Z [command]/usr/bin/git config --local includeIf.gitdir:/home/runner/work/prismTask/prismTask/.git.path /home/runner/work/_temp/git-credentials-d501c7ec-cbb8-471e-9f63-54ff2932b10a.config
2026-05-14T02:32:10.7405286Z [command]/usr/bin/git config --local includeIf.gitdir:/home/runner/work/prismTask/prismTask/.git/worktrees/*.path /home/runner/work/_temp/git-credentials-d501c7ec-cbb8-471e-9f63-54ff2932b10a.config
2026-05-14T02:32:10.7436102Z [command]/usr/bin/git config --local includeIf.gitdir:/github/workspace/.git.path /github/runner_temp/git-credentials-d501c7ec-cbb8-471e-9f63-54ff2932b10a.config
2026-05-14T02:32:10.7468003Z [command]/usr/bin/git config --local includeIf.gitdir:/github/workspace/.git/worktrees/*.path /github/runner_temp/git-credentials-d501c7ec-cbb8-471e-9f63-54ff2932b10a.config
2026-05-14T02:32:10.7501068Z ##[endgroup]
2026-05-14T02:32:10.7501894Z ##[group]Fetching the repository
2026-05-14T02:32:10.7511115Z [command]/usr/bin/git -c protocol.version=2 fetch --no-tags --prune --no-recurse-submodules --depth=1 origin +3e38cb454e31744594e26278c718f912591da26e:refs/remotes/pull/1338/merge
2026-05-14T02:32:12.1448039Z From https://github.com/averycorp/prismTask
2026-05-14T02:32:12.1450740Z  * [new ref]         3e38cb454e31744594e26278c718f912591da26e -> pull/1338/merge
2026-05-14T02:32:12.1478910Z ##[endgroup]
2026-05-14T02:32:12.1480495Z ##[group]Determining the checkout info
2026-05-14T02:32:12.1481745Z ##[endgroup]
2026-05-14T02:32:12.1485287Z [command]/usr/bin/git sparse-checkout disable
2026-05-14T02:32:12.1525155Z [command]/usr/bin/git config --local --unset-all extensions.worktreeConfig
2026-05-14T02:32:12.1555059Z ##[group]Checking out the ref
2026-05-14T02:32:12.1558169Z [command]/usr/bin/git checkout --progress --force refs/remotes/pull/1338/merge
2026-05-14T02:32:12.4451320Z Note: switching to 'refs/remotes/pull/1338/merge'.
2026-05-14T02:32:12.4453296Z 
2026-05-14T02:32:12.4454219Z You are in 'detached HEAD' state. You can look around, make experimental
2026-05-14T02:32:12.4455120Z changes and commit them, and you can discard any commits you make in this
2026-05-14T02:32:12.4455926Z state without impacting any branches by switching back to a branch.
2026-05-14T02:32:12.4456416Z 
2026-05-14T02:32:12.4456763Z If you want to create a new branch to retain commits you create, you may
2026-05-14T02:32:12.4457507Z do so (now or later) by using -c with the switch command. Example:
2026-05-14T02:32:12.4458003Z 
2026-05-14T02:32:12.4458192Z   git switch -c <new-branch-name>
2026-05-14T02:32:12.4458486Z 
2026-05-14T02:32:12.4458684Z Or undo this operation with:
2026-05-14T02:32:12.4458984Z 
2026-05-14T02:32:12.4459149Z   git switch -
2026-05-14T02:32:12.4459378Z 
2026-05-14T02:32:12.4460034Z Turn off this advice by setting config variable advice.detachedHead to false
2026-05-14T02:32:12.4460534Z 
2026-05-14T02:32:12.4461108Z HEAD is now at 3e38cb4 Merge 717fd8ec2b1d642e7df457439963456030ed98b9 into 0538e7ab133d451e3c30d7df1517f8075c79ea8b
2026-05-14T02:32:12.4479233Z ##[endgroup]
2026-05-14T02:32:12.4524079Z [command]/usr/bin/git log -1 --format=%H
2026-05-14T02:32:12.4550677Z 3e38cb454e31744594e26278c718f912591da26e
2026-05-14T02:32:12.4847369Z Prepare all required actions
2026-05-14T02:32:12.4847850Z Getting action download info
2026-05-14T02:32:12.6199163Z Download action repository 'actions/setup-node@v4' (SHA:49933ea5288caeca8642d1e84afbd3f7d6820020)
2026-05-14T02:32:13.0232456Z ##[group]Run ./.github/actions/setup-node-web
2026-05-14T02:32:13.0232778Z ##[endgroup]
2026-05-14T02:32:13.0362583Z ##[group]Run actions/setup-node@v4
2026-05-14T02:32:13.0362880Z with:
2026-05-14T02:32:13.0363122Z   node-version: 22
2026-05-14T02:32:13.0363323Z   cache: npm
2026-05-14T02:32:13.0363540Z   cache-dependency-path: web/package-lock.json
2026-05-14T02:32:13.0363818Z   always-auth: false
2026-05-14T02:32:13.0364007Z   check-latest: false
2026-05-14T02:32:13.0364347Z   token: ***
2026-05-14T02:32:13.0364547Z ##[endgroup]
2026-05-14T02:32:13.2251263Z Found in cache @ /opt/hostedtoolcache/node/22.22.2/x64
2026-05-14T02:32:13.2259463Z ##[group]Environment details
2026-05-14T02:32:13.5437687Z node: v22.22.2
2026-05-14T02:32:13.5438238Z npm: 10.9.7
2026-05-14T02:32:13.5438571Z yarn: 1.22.22
2026-05-14T02:32:13.5439303Z ##[endgroup]
2026-05-14T02:32:13.5463865Z [command]/opt/hostedtoolcache/node/22.22.2/x64/bin/npm config get cache
2026-05-14T02:32:13.6579836Z /home/runner/.npm
2026-05-14T02:32:13.7492445Z npm cache is not found
2026-05-14T02:32:13.7642285Z ##[group]Run npm ci
2026-05-14T02:32:13.7642581Z [36;1mnpm ci[0m
2026-05-14T02:32:13.7676098Z shell: /usr/bin/bash --noprofile --norc -e -o pipefail {0}
2026-05-14T02:32:13.7676467Z ##[endgroup]
2026-05-14T02:32:14.4954181Z npm error code ETARGET
2026-05-14T02:32:14.4954828Z npm error notarget No matching version found for idb@^8.0.4.
2026-05-14T02:32:14.4955410Z npm error notarget In most cases you or one of your dependencies are requesting
2026-05-14T02:32:14.4955936Z npm error notarget a package version that doesn't exist.
2026-05-14T02:32:14.4957237Z npm error A complete log of this run can be found in: /home/runner/.npm/_logs/2026-05-14T02_32_13_823Z-debug-0.log
2026-05-14T02:32:14.5338579Z ##[error]Process completed with exit code 1.
2026-05-14T02:32:14.5421938Z Post job cleanup.
2026-05-14T02:32:14.5483385Z Post job cleanup.
2026-05-14T02:32:14.6309100Z [command]/usr/bin/git version
2026-05-14T02:32:14.6345398Z git version 2.53.0
2026-05-14T02:32:14.6384620Z Temporarily overriding HOME='/home/runner/work/_temp/a137a220-af5d-4671-94cb-4c13fc082ea5' before making global git config changes
2026-05-14T02:32:14.6386081Z Adding repository directory to the temporary git global config as a safe directory
2026-05-14T02:32:14.6390454Z [command]/usr/bin/git config --global --add safe.directory /home/runner/work/prismTask/prismTask
2026-05-14T02:32:14.6421107Z Removing SSH command configuration
2026-05-14T02:32:14.6427588Z [command]/usr/bin/git config --local --name-only --get-regexp core\.sshCommand
2026-05-14T02:32:14.6461699Z [command]/usr/bin/git submodule foreach --recursive sh -c "git config --local --name-only --get-regexp 'core\.sshCommand' && git config --local --unset-all 'core.sshCommand' || :"
2026-05-14T02:32:14.6725541Z Removing HTTP extra header
2026-05-14T02:32:14.6731111Z [command]/usr/bin/git config --local --name-only --get-regexp http\.https\:\/\/github\.com\/\.extraheader
2026-05-14T02:32:14.6764783Z [command]/usr/bin/git submodule foreach --recursive sh -c "git config --local --name-only --get-regexp 'http\.https\:\/\/github\.com\/\.extraheader' && git config --local --unset-all 'http.https://github.com/.extraheader' || :"
2026-05-14T02:32:14.7001308Z Removing includeIf entries pointing to credentials config files
2026-05-14T02:32:14.7008748Z [command]/usr/bin/git config --local --name-only --get-regexp ^includeIf\.gitdir:
2026-05-14T02:32:14.7035048Z includeif.gitdir:/home/runner/work/prismTask/prismTask/.git.path
2026-05-14T02:32:14.7036382Z includeif.gitdir:/home/runner/work/prismTask/prismTask/.git/worktrees/*.path
2026-05-14T02:32:14.7037202Z includeif.gitdir:/github/workspace/.git.path
2026-05-14T02:32:14.7037868Z includeif.gitdir:/github/workspace/.git/worktrees/*.path
2026-05-14T02:32:14.7045105Z [command]/usr/bin/git config --local --get-all includeif.gitdir:/home/runner/work/prismTask/prismTask/.git.path
2026-05-14T02:32:14.7068652Z /home/runner/work/_temp/git-credentials-d501c7ec-cbb8-471e-9f63-54ff2932b10a.config
2026-05-14T02:32:14.7081366Z [command]/usr/bin/git config --local --unset includeif.gitdir:/home/runner/work/prismTask/prismTask/.git.path /home/runner/work/_temp/git-credentials-d501c7ec-cbb8-471e-9f63-54ff2932b10a.config
2026-05-14T02:32:14.7119795Z [command]/usr/bin/git config --local --get-all includeif.gitdir:/home/runner/work/prismTask/prismTask/.git/worktrees/*.path
2026-05-14T02:32:14.7143507Z /home/runner/work/_temp/git-credentials-d501c7ec-cbb8-471e-9f63-54ff2932b10a.config
2026-05-14T02:32:14.7154987Z [command]/usr/bin/git config --local --unset includeif.gitdir:/home/runner/work/prismTask/prismTask/.git/worktrees/*.path /home/runner/work/_temp/git-credentials-d501c7ec-cbb8-471e-9f63-54ff2932b10a.config
2026-05-14T02:32:14.7190581Z [command]/usr/bin/git config --local --get-all includeif.gitdir:/github/workspace/.git.path
2026-05-14T02:32:14.7214641Z /github/runner_temp/git-credentials-d501c7ec-cbb8-471e-9f63-54ff2932b10a.config
2026-05-14T02:32:14.7222091Z [command]/usr/bin/git config --local --unset includeif.gitdir:/github/workspace/.git.path /github/runner_temp/git-credentials-d501c7ec-cbb8-471e-9f63-54ff2932b10a.config
2026-05-14T02:32:14.7253957Z [command]/usr/bin/git config --local --get-all includeif.gitdir:/github/workspace/.git/worktrees/*.path
2026-05-14T02:32:14.7277654Z /github/runner_temp/git-credentials-d501c7ec-cbb8-471e-9f63-54ff2932b10a.config
2026-05-14T02:32:14.7285680Z [command]/usr/bin/git config --local --unset includeif.gitdir:/github/workspace/.git/worktrees/*.path /github/runner_temp/git-credentials-d501c7ec-cbb8-471e-9f63-54ff2932b10a.config
2026-05-14T02:32:14.7318758Z [command]/usr/bin/git submodule foreach --recursive git config --local --show-origin --name-only --get-regexp remote.origin.url
2026-05-14T02:32:14.7566657Z Removing credentials config '/home/runner/work/_temp/git-credentials-d501c7ec-cbb8-471e-9f63-54ff2932b10a.config'
2026-05-14T02:32:14.7732331Z Cleaning up orphan processes
2026-05-14T02:32:14.8016086Z ##[warning]Node.js 20 actions are deprecated. The following actions are running on Node.js 20 and may not work as expected: actions/setup-node@v4. Actions will be forced to run with Node.js 24 by default starting June 2nd, 2026. Node.js 20 will be removed from the runner on September 16th, 2026. Please check if updated versions of these actions are available that support Node.js 24. To opt into Node.js 24 now, set the FORCE_JAVASCRIPT_ACTIONS_TO_NODE24=true environment variable on the runner or in your workflow file. Once Node.js 24 becomes the default, you can temporarily opt out by setting ACTIONS_ALLOW_USE_UNSECURE_NODE_VERSION=true. For more information see: https://github.blog/changelog/2025-09-19-deprecation-of-node-20-on-github-actions-runners/


--- Job: web-unit-tests (1, 3) (id 75917685524) ---
2026-05-14T02:32:03.5339211Z Current runner version: '2.334.0'
2026-05-14T02:32:03.5365362Z ##[group]Runner Image Provisioner
2026-05-14T02:32:03.5366201Z Hosted Compute Agent
2026-05-14T02:32:03.5366697Z Version: 20260213.493
2026-05-14T02:32:03.5367445Z Commit: 5c115507f6dd24b8de37d8bbe0bb4509d0cc0fa3
2026-05-14T02:32:03.5368562Z Build Date: 2026-02-13T00:28:41Z
2026-05-14T02:32:03.5369239Z Worker ID: {1cad1cf8-5f91-4eed-8dbb-ca6eab02bc13}
2026-05-14T02:32:03.5370056Z Azure Region: eastus
2026-05-14T02:32:03.5370569Z ##[endgroup]
2026-05-14T02:32:03.5371916Z ##[group]Operating System
2026-05-14T02:32:03.5372564Z Ubuntu
2026-05-14T02:32:03.5373097Z 24.04.4
2026-05-14T02:32:03.5373529Z LTS
2026-05-14T02:32:03.5374047Z ##[endgroup]
2026-05-14T02:32:03.5374550Z ##[group]Runner Image
2026-05-14T02:32:03.5375105Z Image: ubuntu-24.04
2026-05-14T02:32:03.5375715Z Version: 20260413.86.1
2026-05-14T02:32:03.5376872Z Included Software: https://github.com/actions/runner-images/blob/ubuntu24/20260413.86/images/ubuntu/Ubuntu2404-Readme.md
2026-05-14T02:32:03.5378654Z Image Release: https://github.com/actions/runner-images/releases/tag/ubuntu24%2F20260413.86
2026-05-14T02:32:03.5379579Z ##[endgroup]
2026-05-14T02:32:03.5380745Z ##[group]GITHUB_TOKEN Permissions
2026-05-14T02:32:03.5382971Z Actions: read
2026-05-14T02:32:03.5383478Z Checks: read
2026-05-14T02:32:03.5384078Z Contents: write
2026-05-14T02:32:03.5384566Z Metadata: read
2026-05-14T02:32:03.5385085Z ##[endgroup]
2026-05-14T02:32:03.5387033Z Secret source: Actions
2026-05-14T02:32:03.5388232Z Prepare workflow directory
2026-05-14T02:32:03.5778850Z Prepare all required actions
2026-05-14T02:32:03.5815779Z Getting action download info
2026-05-14T02:32:03.8462452Z Download action repository 'actions/checkout@v6' (SHA:de0fac2e4500dabe0009e67214ff5f5447ce83dd)
2026-05-14T02:32:04.1007365Z Complete job name: web-unit-tests (1, 3)
2026-05-14T02:32:04.1619513Z ##[group]Run actions/checkout@v6
2026-05-14T02:32:04.1620269Z with:
2026-05-14T02:32:04.1620671Z   repository: averycorp/prismTask
2026-05-14T02:32:04.1621346Z   token: ***
2026-05-14T02:32:04.1621735Z   ssh-strict: true
2026-05-14T02:32:04.1622122Z   ssh-user: git
2026-05-14T02:32:04.1622514Z   persist-credentials: true
2026-05-14T02:32:04.1622945Z   clean: true
2026-05-14T02:32:04.1623342Z   sparse-checkout-cone-mode: true
2026-05-14T02:32:04.1623810Z   fetch-depth: 1
2026-05-14T02:32:04.1624187Z   fetch-tags: false
2026-05-14T02:32:04.1624584Z   show-progress: true
2026-05-14T02:32:04.1624968Z   lfs: false
2026-05-14T02:32:04.1625326Z   submodules: false
2026-05-14T02:32:04.1625715Z   set-safe-directory: true
2026-05-14T02:32:04.1626323Z ##[endgroup]
2026-05-14T02:32:04.2634236Z Syncing repository: averycorp/prismTask
2026-05-14T02:32:04.2635825Z ##[group]Getting Git version info
2026-05-14T02:32:04.2636519Z Working directory is '/home/runner/work/prismTask/prismTask'
2026-05-14T02:32:04.2637549Z [command]/usr/bin/git version
2026-05-14T02:32:04.2667166Z git version 2.53.0
2026-05-14T02:32:04.2688794Z ##[endgroup]
2026-05-14T02:32:04.2702250Z Temporarily overriding HOME='/home/runner/work/_temp/f203fc25-1f8e-4400-8360-1d1f02ed095c' before making global git config changes
2026-05-14T02:32:04.2704341Z Adding repository directory to the temporary git global config as a safe directory
2026-05-14T02:32:04.2707037Z [command]/usr/bin/git config --global --add safe.directory /home/runner/work/prismTask/prismTask
2026-05-14T02:32:04.2740598Z Deleting the contents of '/home/runner/work/prismTask/prismTask'
2026-05-14T02:32:04.2744693Z ##[group]Initializing the repository
2026-05-14T02:32:04.2749088Z [command]/usr/bin/git init /home/runner/work/prismTask/prismTask
2026-05-14T02:32:04.2817051Z hint: Using 'master' as the name for the initial branch. This default branch name
2026-05-14T02:32:04.2818690Z hint: will change to "main" in Git 3.0. To configure the initial branch name
2026-05-14T02:32:04.2819948Z hint: to use in all of your new repositories, which will suppress this warning,
2026-05-14T02:32:04.2820795Z hint: call:
2026-05-14T02:32:04.2821145Z hint:
2026-05-14T02:32:04.2821888Z hint: 	git config --global init.defaultBranch <name>
2026-05-14T02:32:04.2822450Z hint:
2026-05-14T02:32:04.2823139Z hint: Names commonly chosen instead of 'master' are 'main', 'trunk' and
2026-05-14T02:32:04.2824453Z hint: 'development'. The just-created branch can be renamed via this command:
2026-05-14T02:32:04.2825491Z hint:
2026-05-14T02:32:04.2826027Z hint: 	git branch -m <name>
2026-05-14T02:32:04.2826660Z hint:
2026-05-14T02:32:04.2827372Z hint: Disable this message with "git config set advice.defaultBranchName false"
2026-05-14T02:32:04.2828852Z Initialized empty Git repository in /home/runner/work/prismTask/prismTask/.git/
2026-05-14T02:32:04.2830397Z [command]/usr/bin/git remote add origin https://github.com/averycorp/prismTask
2026-05-14T02:32:04.2860030Z ##[endgroup]
2026-05-14T02:32:04.2861049Z ##[group]Disabling automatic garbage collection
2026-05-14T02:32:04.2863381Z [command]/usr/bin/git config --local gc.auto 0
2026-05-14T02:32:04.2892572Z ##[endgroup]
2026-05-14T02:32:04.2893521Z ##[group]Setting up auth
2026-05-14T02:32:04.2894221Z Removing SSH command configuration
2026-05-14T02:32:04.2899275Z [command]/usr/bin/git config --local --name-only --get-regexp core\.sshCommand
2026-05-14T02:32:04.2930564Z [command]/usr/bin/git submodule foreach --recursive sh -c "git config --local --name-only --get-regexp 'core\.sshCommand' && git config --local --unset-all 'core.sshCommand' || :"
2026-05-14T02:32:04.3213916Z Removing HTTP extra header
2026-05-14T02:32:04.3219448Z [command]/usr/bin/git config --local --name-only --get-regexp http\.https\:\/\/github\.com\/\.extraheader
2026-05-14T02:32:04.3251714Z [command]/usr/bin/git submodule foreach --recursive sh -c "git config --local --name-only --get-regexp 'http\.https\:\/\/github\.com\/\.extraheader' && git config --local --unset-all 'http.https://github.com/.extraheader' || :"
2026-05-14T02:32:04.3473604Z Removing includeIf entries pointing to credentials config files
2026-05-14T02:32:04.3479171Z [command]/usr/bin/git config --local --name-only --get-regexp ^includeIf\.gitdir:
2026-05-14T02:32:04.3510053Z [command]/usr/bin/git submodule foreach --recursive git config --local --show-origin --name-only --get-regexp remote.origin.url
2026-05-14T02:32:04.3739637Z [command]/usr/bin/git config --file /home/runner/work/_temp/git-credentials-abbfb538-ea08-4802-99c6-6c1ece0502ec.config http.https://github.com/.extraheader AUTHORIZATION: basic ***
2026-05-14T02:32:04.3776572Z [command]/usr/bin/git config --local includeIf.gitdir:/home/runner/work/prismTask/prismTask/.git.path /home/runner/work/_temp/git-credentials-abbfb538-ea08-4802-99c6-6c1ece0502ec.config
2026-05-14T02:32:04.3806598Z [command]/usr/bin/git config --local includeIf.gitdir:/home/runner/work/prismTask/prismTask/.git/worktrees/*.path /home/runner/work/_temp/git-credentials-abbfb538-ea08-4802-99c6-6c1ece0502ec.config
2026-05-14T02:32:04.3836993Z [command]/usr/bin/git config --local includeIf.gitdir:/github/workspace/.git.path /github/runner_temp/git-credentials-abbfb538-ea08-4802-99c6-6c1ece0502ec.config
2026-05-14T02:32:04.3867458Z [command]/usr/bin/git config --local includeIf.gitdir:/github/workspace/.git/worktrees/*.path /github/runner_temp/git-credentials-abbfb538-ea08-4802-99c6-6c1ece0502ec.config
2026-05-14T02:32:04.3900861Z ##[endgroup]
2026-05-14T02:32:04.3901764Z ##[group]Fetching the repository
2026-05-14T02:32:04.3909275Z [command]/usr/bin/git -c protocol.version=2 fetch --no-tags --prune --no-recurse-submodules --depth=1 origin +3e38cb454e31744594e26278c718f912591da26e:refs/remotes/pull/1338/merge
2026-05-14T02:32:05.7634083Z From https://github.com/averycorp/prismTask
2026-05-14T02:32:05.7635251Z  * [new ref]         3e38cb454e31744594e26278c718f912591da26e -> pull/1338/merge
2026-05-14T02:32:05.7667331Z ##[endgroup]
2026-05-14T02:32:05.7668845Z ##[group]Determining the checkout info
2026-05-14T02:32:05.7670298Z ##[endgroup]
2026-05-14T02:32:05.7674992Z [command]/usr/bin/git sparse-checkout disable
2026-05-14T02:32:05.7715764Z [command]/usr/bin/git config --local --unset-all extensions.worktreeConfig
2026-05-14T02:32:05.7750294Z ##[group]Checking out the ref
2026-05-14T02:32:05.7753482Z [command]/usr/bin/git checkout --progress --force refs/remotes/pull/1338/merge
2026-05-14T02:32:06.0632093Z Note: switching to 'refs/remotes/pull/1338/merge'.
2026-05-14T02:32:06.0633024Z 
2026-05-14T02:32:06.0633757Z You are in 'detached HEAD' state. You can look around, make experimental
2026-05-14T02:32:06.0635391Z changes and commit them, and you can discard any commits you make in this
2026-05-14T02:32:06.0637048Z state without impacting any branches by switching back to a branch.
2026-05-14T02:32:06.0638264Z 
2026-05-14T02:32:06.0638958Z If you want to create a new branch to retain commits you create, you may
2026-05-14T02:32:06.0640609Z do so (now or later) by using -c with the switch command. Example:
2026-05-14T02:32:06.0641651Z 
2026-05-14T02:32:06.0642080Z   git switch -c <new-branch-name>
2026-05-14T02:32:06.0642783Z 
2026-05-14T02:32:06.0643194Z Or undo this operation with:
2026-05-14T02:32:06.0643858Z 
2026-05-14T02:32:06.0644232Z   git switch -
2026-05-14T02:32:06.0644739Z 
2026-05-14T02:32:06.0645598Z Turn off this advice by setting config variable advice.detachedHead to false
2026-05-14T02:32:06.0646901Z 
2026-05-14T02:32:06.0648468Z HEAD is now at 3e38cb4 Merge 717fd8ec2b1d642e7df457439963456030ed98b9 into 0538e7ab133d451e3c30d7df1517f8075c79ea8b
2026-05-14T02:32:06.0661531Z ##[endgroup]
2026-05-14T02:32:06.0701300Z [command]/usr/bin/git log -1 --format=%H
2026-05-14T02:32:06.0727527Z 3e38cb454e31744594e26278c718f912591da26e
2026-05-14T02:32:06.1089448Z Prepare all required actions
2026-05-14T02:32:06.1090686Z Getting action download info
2026-05-14T02:32:06.2289890Z Download action repository 'actions/setup-node@v4' (SHA:49933ea5288caeca8642d1e84afbd3f7d6820020)
2026-05-14T02:32:06.4858437Z ##[group]Run ./.github/actions/setup-node-web
2026-05-14T02:32:06.4858819Z ##[endgroup]
2026-05-14T02:32:06.4995058Z ##[group]Run actions/setup-node@v4
2026-05-14T02:32:06.4995407Z with:
2026-05-14T02:32:06.4995689Z   node-version: 22
2026-05-14T02:32:06.4995937Z   cache: npm
2026-05-14T02:32:06.4996202Z   cache-dependency-path: web/package-lock.json
2026-05-14T02:32:06.4996535Z   always-auth: false
2026-05-14T02:32:06.4996779Z   check-latest: false
2026-05-14T02:32:06.4997182Z   token: ***
2026-05-14T02:32:06.4997416Z ##[endgroup]
2026-05-14T02:32:06.6844084Z Found in cache @ /opt/hostedtoolcache/node/22.22.2/x64
2026-05-14T02:32:06.6850240Z ##[group]Environment details
2026-05-14T02:32:09.7835006Z node: v22.22.2
2026-05-14T02:32:09.7835678Z npm: 10.9.7
2026-05-14T02:32:09.7835895Z yarn: 1.22.22
2026-05-14T02:32:09.7848528Z ##[endgroup]
2026-05-14T02:32:09.7862375Z [command]/opt/hostedtoolcache/node/22.22.2/x64/bin/npm config get cache
2026-05-14T02:32:09.9828557Z /home/runner/.npm
2026-05-14T02:32:10.0728059Z npm cache is not found
2026-05-14T02:32:10.0885097Z ##[group]Run npm ci
2026-05-14T02:32:10.0885388Z [36;1mnpm ci[0m
2026-05-14T02:32:10.0919513Z shell: /usr/bin/bash --noprofile --norc -e -o pipefail {0}
2026-05-14T02:32:10.0919876Z ##[endgroup]
2026-05-14T02:32:11.7422307Z npm error code ETARGET
2026-05-14T02:32:11.7423086Z npm error notarget No matching version found for idb@^8.0.4.
2026-05-14T02:32:11.7423773Z npm error notarget In most cases you or one of your dependencies are requesting
2026-05-14T02:32:11.7424360Z npm error notarget a package version that doesn't exist.
2026-05-14T02:32:11.7425527Z npm error A complete log of this run can be found in: /home/runner/.npm/_logs/2026-05-14T02_32_10_146Z-debug-0.log
2026-05-14T02:32:11.7805573Z ##[error]Process completed with exit code 1.
2026-05-14T02:32:11.7887242Z Post job cleanup.
2026-05-14T02:32:11.7950489Z Post job cleanup.
2026-05-14T02:32:11.8796295Z [command]/usr/bin/git version
2026-05-14T02:32:11.8864443Z git version 2.53.0
2026-05-14T02:32:11.8902813Z Temporarily overriding HOME='/home/runner/work/_temp/8ca64372-081f-4456-85a3-cae7aae21194' before making global git config changes
2026-05-14T02:32:11.8904169Z Adding repository directory to the temporary git global config as a safe directory
2026-05-14T02:32:11.8908252Z [command]/usr/bin/git config --global --add safe.directory /home/runner/work/prismTask/prismTask
2026-05-14T02:32:11.8940357Z Removing SSH command configuration
2026-05-14T02:32:11.8946769Z [command]/usr/bin/git config --local --name-only --get-regexp core\.sshCommand
2026-05-14T02:32:11.8981021Z [command]/usr/bin/git submodule foreach --recursive sh -c "git config --local --name-only --get-regexp 'core\.sshCommand' && git config --local --unset-all 'core.sshCommand' || :"
2026-05-14T02:32:11.9216354Z Removing HTTP extra header
2026-05-14T02:32:11.9221882Z [command]/usr/bin/git config --local --name-only --get-regexp http\.https\:\/\/github\.com\/\.extraheader
2026-05-14T02:32:11.9256242Z [command]/usr/bin/git submodule foreach --recursive sh -c "git config --local --name-only --get-regexp 'http\.https\:\/\/github\.com\/\.extraheader' && git config --local --unset-all 'http.https://github.com/.extraheader' || :"
2026-05-14T02:32:11.9491882Z Removing includeIf entries pointing to credentials config files
2026-05-14T02:32:11.9501331Z [command]/usr/bin/git config --local --name-only --get-regexp ^includeIf\.gitdir:
2026-05-14T02:32:11.9530927Z includeif.gitdir:/home/runner/work/prismTask/prismTask/.git.path
2026-05-14T02:32:11.9532018Z includeif.gitdir:/home/runner/work/prismTask/prismTask/.git/worktrees/*.path
2026-05-14T02:32:11.9532864Z includeif.gitdir:/github/workspace/.git.path
2026-05-14T02:32:11.9533513Z includeif.gitdir:/github/workspace/.git/worktrees/*.path
2026-05-14T02:32:11.9542644Z [command]/usr/bin/git config --local --get-all includeif.gitdir:/home/runner/work/prismTask/prismTask/.git.path
2026-05-14T02:32:11.9566463Z /home/runner/work/_temp/git-credentials-abbfb538-ea08-4802-99c6-6c1ece0502ec.config
2026-05-14T02:32:11.9580961Z [command]/usr/bin/git config --local --unset includeif.gitdir:/home/runner/work/prismTask/prismTask/.git.path /home/runner/work/_temp/git-credentials-abbfb538-ea08-4802-99c6-6c1ece0502ec.config
2026-05-14T02:32:11.9622771Z [command]/usr/bin/git config --local --get-all includeif.gitdir:/home/runner/work/prismTask/prismTask/.git/worktrees/*.path
2026-05-14T02:32:11.9646084Z /home/runner/work/_temp/git-credentials-abbfb538-ea08-4802-99c6-6c1ece0502ec.config
2026-05-14T02:32:11.9658182Z [command]/usr/bin/git config --local --unset includeif.gitdir:/home/runner/work/prismTask/prismTask/.git/worktrees/*.path /home/runner/work/_temp/git-credentials-abbfb538-ea08-4802-99c6-6c1ece0502ec.config
2026-05-14T02:32:11.9690849Z [command]/usr/bin/git config --local --get-all includeif.gitdir:/github/workspace/.git.path
2026-05-14T02:32:11.9713645Z /github/runner_temp/git-credentials-abbfb538-ea08-4802-99c6-6c1ece0502ec.config
2026-05-14T02:32:11.9722421Z [command]/usr/bin/git config --local --unset includeif.gitdir:/github/workspace/.git.path /github/runner_temp/git-credentials-abbfb538-ea08-4802-99c6-6c1ece0502ec.config
2026-05-14T02:32:11.9758554Z [command]/usr/bin/git config --local --get-all includeif.gitdir:/github/workspace/.git/worktrees/*.path
2026-05-14T02:32:11.9783096Z /github/runner_temp/git-credentials-abbfb538-ea08-4802-99c6-6c1ece0502ec.config
2026-05-14T02:32:11.9793350Z [command]/usr/bin/git config --local --unset includeif.gitdir:/github/workspace/.git/worktrees/*.path /github/runner_temp/git-credentials-abbfb538-ea08-4802-99c6-6c1ece0502ec.config
2026-05-14T02:32:11.9830860Z [command]/usr/bin/git submodule foreach --recursive git config --local --show-origin --name-only --get-regexp remote.origin.url
2026-05-14T02:32:12.0079893Z Removing credentials config '/home/runner/work/_temp/git-credentials-abbfb538-ea08-4802-99c6-6c1ece0502ec.config'
2026-05-14T02:32:12.0218424Z Cleaning up orphan processes
2026-05-14T02:32:12.0482933Z ##[warning]Node.js 20 actions are deprecated. The following actions are running on Node.js 20 and may not work as expected: actions/setup-node@v4. Actions will be forced to run with Node.js 24 by default starting June 2nd, 2026. Node.js 20 will be removed from the runner on September 16th, 2026. Please check if updated versions of these actions are available that support Node.js 24. To opt into Node.js 24 now, set the FORCE_JAVASCRIPT_ACTIONS_TO_NODE24=true environment variable on the runner or in your workflow file. Once Node.js 24 becomes the default, you can temporarily opt out by setting ACTIONS_ALLOW_USE_UNSECURE_NODE_VERSION=true. For more information see: https://github.blog/changelog/2025-09-19-deprecation-of-node-20-on-github-actions-runners/


--- Job: web-unit-tests (2, 3) (id 75917685540) ---
2026-05-14T02:32:04.3822227Z Current runner version: '2.334.0'
2026-05-14T02:32:04.3842370Z ##[group]Runner Image Provisioner
2026-05-14T02:32:04.3843092Z Hosted Compute Agent
2026-05-14T02:32:04.3843496Z Version: 20260213.493
2026-05-14T02:32:04.3843979Z Commit: 5c115507f6dd24b8de37d8bbe0bb4509d0cc0fa3
2026-05-14T02:32:04.3844584Z Build Date: 2026-02-13T00:28:41Z
2026-05-14T02:32:04.3845138Z Worker ID: {4b40bb97-9536-4e0e-86e8-3d0cfd3f66a8}
2026-05-14T02:32:04.3845661Z Azure Region: westus
2026-05-14T02:32:04.3846148Z ##[endgroup]
2026-05-14T02:32:04.3847310Z ##[group]Operating System
2026-05-14T02:32:04.3847780Z Ubuntu
2026-05-14T02:32:04.3848207Z 24.04.4
2026-05-14T02:32:04.3848555Z LTS
2026-05-14T02:32:04.3848927Z ##[endgroup]
2026-05-14T02:32:04.3849280Z ##[group]Runner Image
2026-05-14T02:32:04.3849800Z Image: ubuntu-24.04
2026-05-14T02:32:04.3850185Z Version: 20260413.86.1
2026-05-14T02:32:04.3851158Z Included Software: https://github.com/actions/runner-images/blob/ubuntu24/20260413.86/images/ubuntu/Ubuntu2404-Readme.md
2026-05-14T02:32:04.3852283Z Image Release: https://github.com/actions/runner-images/releases/tag/ubuntu24%2F20260413.86
2026-05-14T02:32:04.3853041Z ##[endgroup]
2026-05-14T02:32:04.3853940Z ##[group]GITHUB_TOKEN Permissions
2026-05-14T02:32:04.3855557Z Actions: read
2026-05-14T02:32:04.3856060Z Checks: read
2026-05-14T02:32:04.3856468Z Contents: write
2026-05-14T02:32:04.3856879Z Metadata: read
2026-05-14T02:32:04.3857452Z ##[endgroup]
2026-05-14T02:32:04.3859062Z Secret source: Actions
2026-05-14T02:32:04.3859602Z Prepare workflow directory
2026-05-14T02:32:04.4161803Z Prepare all required actions
2026-05-14T02:32:04.4191215Z Getting action download info
2026-05-14T02:32:04.8300138Z Download action repository 'actions/checkout@v6' (SHA:de0fac2e4500dabe0009e67214ff5f5447ce83dd)
2026-05-14T02:32:05.0450748Z Complete job name: web-unit-tests (2, 3)
2026-05-14T02:32:05.0928725Z ##[group]Run actions/checkout@v6
2026-05-14T02:32:05.0929320Z with:
2026-05-14T02:32:05.0929632Z   repository: averycorp/prismTask
2026-05-14T02:32:05.0930156Z   token: ***
2026-05-14T02:32:05.0930457Z   ssh-strict: true
2026-05-14T02:32:05.0930756Z   ssh-user: git
2026-05-14T02:32:05.0931071Z   persist-credentials: true
2026-05-14T02:32:05.0931414Z   clean: true
2026-05-14T02:32:05.0931724Z   sparse-checkout-cone-mode: true
2026-05-14T02:32:05.0932090Z   fetch-depth: 1
2026-05-14T02:32:05.0932377Z   fetch-tags: false
2026-05-14T02:32:05.0932679Z   show-progress: true
2026-05-14T02:32:05.0932980Z   lfs: false
2026-05-14T02:32:05.0933259Z   submodules: false
2026-05-14T02:32:05.0933566Z   set-safe-directory: true
2026-05-14T02:32:05.0934027Z ##[endgroup]
2026-05-14T02:32:05.1712851Z Syncing repository: averycorp/prismTask
2026-05-14T02:32:05.1714207Z ##[group]Getting Git version info
2026-05-14T02:32:05.1714775Z Working directory is '/home/runner/work/prismTask/prismTask'
2026-05-14T02:32:05.1715616Z [command]/usr/bin/git version
2026-05-14T02:32:05.1735778Z git version 2.53.0
2026-05-14T02:32:05.1784133Z ##[endgroup]
2026-05-14T02:32:05.1795912Z Temporarily overriding HOME='/home/runner/work/_temp/2c4b0781-5d16-4de1-b814-80537124c8ab' before making global git config changes
2026-05-14T02:32:05.1797753Z Adding repository directory to the temporary git global config as a safe directory
2026-05-14T02:32:05.1800780Z [command]/usr/bin/git config --global --add safe.directory /home/runner/work/prismTask/prismTask
2026-05-14T02:32:05.1828267Z Deleting the contents of '/home/runner/work/prismTask/prismTask'
2026-05-14T02:32:05.1831580Z ##[group]Initializing the repository
2026-05-14T02:32:05.1835159Z [command]/usr/bin/git init /home/runner/work/prismTask/prismTask
2026-05-14T02:32:05.1916173Z hint: Using 'master' as the name for the initial branch. This default branch name
2026-05-14T02:32:05.1917453Z hint: will change to "main" in Git 3.0. To configure the initial branch name
2026-05-14T02:32:05.1918490Z hint: to use in all of your new repositories, which will suppress this warning,
2026-05-14T02:32:05.1919289Z hint: call:
2026-05-14T02:32:05.1919850Z hint:
2026-05-14T02:32:05.1920465Z hint: 	git config --global init.defaultBranch <name>
2026-05-14T02:32:05.1920977Z hint:
2026-05-14T02:32:05.1921598Z hint: Names commonly chosen instead of 'master' are 'main', 'trunk' and
2026-05-14T02:32:05.1922633Z hint: 'development'. The just-created branch can be renamed via this command:
2026-05-14T02:32:05.1923426Z hint:
2026-05-14T02:32:05.1923854Z hint: 	git branch -m <name>
2026-05-14T02:32:05.1924340Z hint:
2026-05-14T02:32:05.1925016Z hint: Disable this message with "git config set advice.defaultBranchName false"
2026-05-14T02:32:05.1926137Z Initialized empty Git repository in /home/runner/work/prismTask/prismTask/.git/
2026-05-14T02:32:05.1927562Z [command]/usr/bin/git remote add origin https://github.com/averycorp/prismTask
2026-05-14T02:32:05.1950229Z ##[endgroup]
2026-05-14T02:32:05.1951027Z ##[group]Disabling automatic garbage collection
2026-05-14T02:32:05.1952460Z [command]/usr/bin/git config --local gc.auto 0
2026-05-14T02:32:05.1974827Z ##[endgroup]
2026-05-14T02:32:05.1975577Z ##[group]Setting up auth
2026-05-14T02:32:05.1976112Z Removing SSH command configuration
2026-05-14T02:32:05.1980236Z [command]/usr/bin/git config --local --name-only --get-regexp core\.sshCommand
2026-05-14T02:32:05.2004242Z [command]/usr/bin/git submodule foreach --recursive sh -c "git config --local --name-only --get-regexp 'core\.sshCommand' && git config --local --unset-all 'core.sshCommand' || :"
2026-05-14T02:32:05.2240964Z Removing HTTP extra header
2026-05-14T02:32:05.2244998Z [command]/usr/bin/git config --local --name-only --get-regexp http\.https\:\/\/github\.com\/\.extraheader
2026-05-14T02:32:05.2271059Z [command]/usr/bin/git submodule foreach --recursive sh -c "git config --local --name-only --get-regexp 'http\.https\:\/\/github\.com\/\.extraheader' && git config --local --unset-all 'http.https://github.com/.extraheader' || :"
2026-05-14T02:32:05.2445003Z Removing includeIf entries pointing to credentials config files
2026-05-14T02:32:05.2450450Z [command]/usr/bin/git config --local --name-only --get-regexp ^includeIf\.gitdir:
2026-05-14T02:32:05.2475805Z [command]/usr/bin/git submodule foreach --recursive git config --local --show-origin --name-only --get-regexp remote.origin.url
2026-05-14T02:32:05.2655766Z [command]/usr/bin/git config --file /home/runner/work/_temp/git-credentials-9df9d98d-bb0d-4236-ada6-6fca12e145fb.config http.https://github.com/.extraheader AUTHORIZATION: basic ***
2026-05-14T02:32:05.2685208Z [command]/usr/bin/git config --local includeIf.gitdir:/home/runner/work/prismTask/prismTask/.git.path /home/runner/work/_temp/git-credentials-9df9d98d-bb0d-4236-ada6-6fca12e145fb.config
2026-05-14T02:32:05.2708465Z [command]/usr/bin/git config --local includeIf.gitdir:/home/runner/work/prismTask/prismTask/.git/worktrees/*.path /home/runner/work/_temp/git-credentials-9df9d98d-bb0d-4236-ada6-6fca12e145fb.config
2026-05-14T02:32:05.2733409Z [command]/usr/bin/git config --local includeIf.gitdir:/github/workspace/.git.path /github/runner_temp/git-credentials-9df9d98d-bb0d-4236-ada6-6fca12e145fb.config
2026-05-14T02:32:05.2758240Z [command]/usr/bin/git config --local includeIf.gitdir:/github/workspace/.git/worktrees/*.path /github/runner_temp/git-credentials-9df9d98d-bb0d-4236-ada6-6fca12e145fb.config
2026-05-14T02:32:05.2785130Z ##[endgroup]
2026-05-14T02:32:05.2785907Z ##[group]Fetching the repository
2026-05-14T02:32:05.2792868Z [command]/usr/bin/git -c protocol.version=2 fetch --no-tags --prune --no-recurse-submodules --depth=1 origin +3e38cb454e31744594e26278c718f912591da26e:refs/remotes/pull/1338/merge
2026-05-14T02:32:07.5739014Z From https://github.com/averycorp/prismTask
2026-05-14T02:32:07.5740206Z  * [new ref]         3e38cb454e31744594e26278c718f912591da26e -> pull/1338/merge
2026-05-14T02:32:07.5764532Z ##[endgroup]
2026-05-14T02:32:07.5765766Z ##[group]Determining the checkout info
2026-05-14T02:32:07.5767358Z ##[endgroup]
2026-05-14T02:32:07.5770232Z [command]/usr/bin/git sparse-checkout disable
2026-05-14T02:32:07.5949545Z [command]/usr/bin/git config --local --unset-all extensions.worktreeConfig
2026-05-14T02:32:07.5973119Z ##[group]Checking out the ref
2026-05-14T02:32:07.5975936Z [command]/usr/bin/git checkout --progress --force refs/remotes/pull/1338/merge
2026-05-14T02:32:07.8227370Z Note: switching to 'refs/remotes/pull/1338/merge'.
2026-05-14T02:32:07.8228507Z 
2026-05-14T02:32:07.8228767Z You are in 'detached HEAD' state. You can look around, make experimental
2026-05-14T02:32:07.8229190Z changes and commit them, and you can discard any commits you make in this
2026-05-14T02:32:07.8229587Z state without impacting any branches by switching back to a branch.
2026-05-14T02:32:07.8229823Z 
2026-05-14T02:32:07.8230007Z If you want to create a new branch to retain commits you create, you may
2026-05-14T02:32:07.8230392Z do so (now or later) by using -c with the switch command. Example:
2026-05-14T02:32:07.8230664Z 
2026-05-14T02:32:07.8230767Z   git switch -c <new-branch-name>
2026-05-14T02:32:07.8230921Z 
2026-05-14T02:32:07.8231026Z Or undo this operation with:
2026-05-14T02:32:07.8231180Z 
2026-05-14T02:32:07.8231281Z   git switch -
2026-05-14T02:32:07.8231404Z 
2026-05-14T02:32:07.8231594Z Turn off this advice by setting config variable advice.detachedHead to false
2026-05-14T02:32:07.8231835Z 
2026-05-14T02:32:07.8232105Z HEAD is now at 3e38cb4 Merge 717fd8ec2b1d642e7df457439963456030ed98b9 into 0538e7ab133d451e3c30d7df1517f8075c79ea8b
2026-05-14T02:32:07.8246181Z ##[endgroup]
2026-05-14T02:32:07.8279945Z [command]/usr/bin/git log -1 --format=%H
2026-05-14T02:32:07.8300661Z 3e38cb454e31744594e26278c718f912591da26e
2026-05-14T02:32:07.8537449Z Prepare all required actions
2026-05-14T02:32:07.8537847Z Getting action download info
2026-05-14T02:32:08.0340298Z Download action repository 'actions/setup-node@v4' (SHA:49933ea5288caeca8642d1e84afbd3f7d6820020)
2026-05-14T02:32:08.2362500Z ##[group]Run ./.github/actions/setup-node-web
2026-05-14T02:32:08.2362763Z ##[endgroup]
2026-05-14T02:32:08.2463123Z ##[group]Run actions/setup-node@v4
2026-05-14T02:32:08.2463383Z with:
2026-05-14T02:32:08.2463612Z   node-version: 22
2026-05-14T02:32:08.2463807Z   cache: npm
2026-05-14T02:32:08.2464015Z   cache-dependency-path: web/package-lock.json
2026-05-14T02:32:08.2464274Z   always-auth: false
2026-05-14T02:32:08.2464455Z   check-latest: false
2026-05-14T02:32:08.2464762Z   token: ***
2026-05-14T02:32:08.2465075Z ##[endgroup]
2026-05-14T02:32:08.3900269Z Found in cache @ /opt/hostedtoolcache/node/22.22.2/x64
2026-05-14T02:32:08.3905034Z ##[group]Environment details
2026-05-14T02:32:11.5293970Z node: v22.22.2
2026-05-14T02:32:11.5294608Z npm: 10.9.7
2026-05-14T02:32:11.5294833Z yarn: 1.22.22
2026-05-14T02:32:11.5296073Z ##[endgroup]
2026-05-14T02:32:11.5312618Z [command]/opt/hostedtoolcache/node/22.22.2/x64/bin/npm config get cache
2026-05-14T02:32:11.6872195Z /home/runner/.npm
2026-05-14T02:32:11.9743362Z npm cache is not found
2026-05-14T02:32:11.9864730Z ##[group]Run npm ci
2026-05-14T02:32:11.9864973Z [36;1mnpm ci[0m
2026-05-14T02:32:11.9898249Z shell: /usr/bin/bash --noprofile --norc -e -o pipefail {0}
2026-05-14T02:32:11.9898537Z ##[endgroup]
2026-05-14T02:32:16.1233804Z npm error code ETARGET
2026-05-14T02:32:16.1234559Z npm error notarget No matching version found for idb@^8.0.4.
2026-05-14T02:32:16.1235249Z npm error notarget In most cases you or one of your dependencies are requesting
2026-05-14T02:32:16.1235909Z npm error notarget a package version that doesn't exist.
2026-05-14T02:32:16.1236745Z npm error A complete log of this run can be found in: /home/runner/.npm/_logs/2026-05-14T02_32_12_035Z-debug-0.log
2026-05-14T02:32:16.1536061Z ##[error]Process completed with exit code 1.
2026-05-14T02:32:16.1606495Z Post job cleanup.
2026-05-14T02:32:16.1669036Z Post job cleanup.
2026-05-14T02:32:16.2308081Z [command]/usr/bin/git version
2026-05-14T02:32:16.2337716Z git version 2.53.0
2026-05-14T02:32:16.2368023Z Temporarily overriding HOME='/home/runner/work/_temp/0b3a85ec-b532-4938-8f99-9dd2f02e062b' before making global git config changes
2026-05-14T02:32:16.2369138Z Adding repository directory to the temporary git global config as a safe directory
2026-05-14T02:32:16.2372475Z [command]/usr/bin/git config --global --add safe.directory /home/runner/work/prismTask/prismTask
2026-05-14T02:32:16.2396649Z Removing SSH command configuration
2026-05-14T02:32:16.2401309Z [command]/usr/bin/git config --local --name-only --get-regexp core\.sshCommand
2026-05-14T02:32:16.2429689Z [command]/usr/bin/git submodule foreach --recursive sh -c "git config --local --name-only --get-regexp 'core\.sshCommand' && git config --local --unset-all 'core.sshCommand' || :"
2026-05-14T02:32:16.2644779Z Removing HTTP extra header
2026-05-14T02:32:16.2648691Z [command]/usr/bin/git config --local --name-only --get-regexp http\.https\:\/\/github\.com\/\.extraheader
2026-05-14T02:32:16.2674643Z [command]/usr/bin/git submodule foreach --recursive sh -c "git config --local --name-only --get-regexp 'http\.https\:\/\/github\.com\/\.extraheader' && git config --local --unset-all 'http.https://github.com/.extraheader' || :"
2026-05-14T02:32:16.2859206Z Removing includeIf entries pointing to credentials config files
2026-05-14T02:32:16.2859913Z [command]/usr/bin/git config --local --name-only --get-regexp ^includeIf\.gitdir:
2026-05-14T02:32:16.2877925Z includeif.gitdir:/home/runner/work/prismTask/prismTask/.git.path
2026-05-14T02:32:16.2878686Z includeif.gitdir:/home/runner/work/prismTask/prismTask/.git/worktrees/*.path
2026-05-14T02:32:16.2879248Z includeif.gitdir:/github/workspace/.git.path
2026-05-14T02:32:16.2879740Z includeif.gitdir:/github/workspace/.git/worktrees/*.path
2026-05-14T02:32:16.2884801Z [command]/usr/bin/git config --local --get-all includeif.gitdir:/home/runner/work/prismTask/prismTask/.git.path
2026-05-14T02:32:16.2902092Z /home/runner/work/_temp/git-credentials-9df9d98d-bb0d-4236-ada6-6fca12e145fb.config
2026-05-14T02:32:16.2910971Z [command]/usr/bin/git config --local --unset includeif.gitdir:/home/runner/work/prismTask/prismTask/.git.path /home/runner/work/_temp/git-credentials-9df9d98d-bb0d-4236-ada6-6fca12e145fb.config
2026-05-14T02:32:16.2938782Z [command]/usr/bin/git config --local --get-all includeif.gitdir:/home/runner/work/prismTask/prismTask/.git/worktrees/*.path
2026-05-14T02:32:16.2957653Z /home/runner/work/_temp/git-credentials-9df9d98d-bb0d-4236-ada6-6fca12e145fb.config
2026-05-14T02:32:16.2964747Z [command]/usr/bin/git config --local --unset includeif.gitdir:/home/runner/work/prismTask/prismTask/.git/worktrees/*.path /home/runner/work/_temp/git-credentials-9df9d98d-bb0d-4236-ada6-6fca12e145fb.config
2026-05-14T02:32:16.2990122Z [command]/usr/bin/git config --local --get-all includeif.gitdir:/github/workspace/.git.path
2026-05-14T02:32:16.3007752Z /github/runner_temp/git-credentials-9df9d98d-bb0d-4236-ada6-6fca12e145fb.config
2026-05-14T02:32:16.3013266Z [command]/usr/bin/git config --local --unset includeif.gitdir:/github/workspace/.git.path /github/runner_temp/git-credentials-9df9d98d-bb0d-4236-ada6-6fca12e145fb.config
2026-05-14T02:32:16.3036676Z [command]/usr/bin/git config --local --get-all includeif.gitdir:/github/workspace/.git/worktrees/*.path
2026-05-14T02:32:16.3053615Z /github/runner_temp/git-credentials-9df9d98d-bb0d-4236-ada6-6fca12e145fb.config
2026-05-14T02:32:16.3061145Z [command]/usr/bin/git config --local --unset includeif.gitdir:/github/workspace/.git/worktrees/*.path /github/runner_temp/git-credentials-9df9d98d-bb0d-4236-ada6-6fca12e145fb.config
2026-05-14T02:32:16.3360561Z [command]/usr/bin/git submodule foreach --recursive git config --local --show-origin --name-only --get-regexp remote.origin.url
2026-05-14T02:32:16.3541657Z Removing credentials config '/home/runner/work/_temp/git-credentials-9df9d98d-bb0d-4236-ada6-6fca12e145fb.config'
2026-05-14T02:32:16.3659949Z Cleaning up orphan processes
2026-05-14T02:32:16.3873585Z ##[warning]Node.js 20 actions are deprecated. The following actions are running on Node.js 20 and may not work as expected: actions/setup-node@v4. Actions will be forced to run with Node.js 24 by default starting June 2nd, 2026. Node.js 20 will be removed from the runner on September 16th, 2026. Please check if updated versions of these actions are available that support Node.js 24. To opt into Node.js 24 now, set the FORCE_JAVASCRIPT_ACTIONS_TO_NODE24=true environment variable on the runner or in your workflow file. Once Node.js 24 becomes the default, you can temporarily opt out by setting ACTIONS_ALLOW_USE_UNSECURE_NODE_VERSION=true. For more information see: https://github.blog/changelog/2025-09-19-deprecation-of-node-20-on-github-actions-runners/


--- Job: web-lint-and-test (id 75917714004) ---
2026-05-14T02:32:22.7842574Z Current runner version: '2.334.0'
2026-05-14T02:32:22.7869613Z ##[group]Runner Image Provisioner
2026-05-14T02:32:22.7870476Z Hosted Compute Agent
2026-05-14T02:32:22.7871007Z Version: 20260213.493
2026-05-14T02:32:22.7871676Z Commit: 5c115507f6dd24b8de37d8bbe0bb4509d0cc0fa3
2026-05-14T02:32:22.7872664Z Build Date: 2026-02-13T00:28:41Z
2026-05-14T02:32:22.7873419Z Worker ID: {5100f9a9-00e7-4f36-892b-aa78a3a3634d}
2026-05-14T02:32:22.7874130Z Azure Region: westus
2026-05-14T02:32:22.7874773Z ##[endgroup]
2026-05-14T02:32:22.7876344Z ##[group]Operating System
2026-05-14T02:32:22.7876920Z Ubuntu
2026-05-14T02:32:22.7877608Z 24.04.4
2026-05-14T02:32:22.7878119Z LTS
2026-05-14T02:32:22.7878574Z ##[endgroup]
2026-05-14T02:32:22.7879107Z ##[group]Runner Image
2026-05-14T02:32:22.7879679Z Image: ubuntu-24.04
2026-05-14T02:32:22.7880177Z Version: 20260413.86.1
2026-05-14T02:32:22.7881446Z Included Software: https://github.com/actions/runner-images/blob/ubuntu24/20260413.86/images/ubuntu/Ubuntu2404-Readme.md
2026-05-14T02:32:22.7883087Z Image Release: https://github.com/actions/runner-images/releases/tag/ubuntu24%2F20260413.86
2026-05-14T02:32:22.7884101Z ##[endgroup]
2026-05-14T02:32:22.7885312Z ##[group]GITHUB_TOKEN Permissions
2026-05-14T02:32:22.7887254Z Actions: read
2026-05-14T02:32:22.7887822Z Checks: read
2026-05-14T02:32:22.7888337Z Contents: write
2026-05-14T02:32:22.7888872Z Metadata: read
2026-05-14T02:32:22.7889403Z ##[endgroup]
2026-05-14T02:32:22.7891491Z Secret source: Actions
2026-05-14T02:32:22.7892566Z Prepare workflow directory
2026-05-14T02:32:22.8239356Z Prepare all required actions
2026-05-14T02:32:22.8383563Z Complete job name: web-lint-and-test
2026-05-14T02:32:22.9224241Z ##[group]Run if [ 'failure' != 'success' ]; then
2026-05-14T02:32:22.9225654Z [36;1mif [ 'failure' != 'success' ]; then[0m
2026-05-14T02:32:22.9226876Z [36;1m  echo "web-lint finished with failure" >&2[0m
2026-05-14T02:32:22.9228444Z [36;1m  exit 1[0m
2026-05-14T02:32:22.9229312Z [36;1mfi[0m
2026-05-14T02:32:22.9230144Z [36;1mif [ 'failure' != 'success' ]; then[0m
2026-05-14T02:32:22.9231656Z [36;1m  echo "web-unit-tests finished with failure" >&2[0m
2026-05-14T02:32:22.9233194Z [36;1m  exit 1[0m
2026-05-14T02:32:22.9234008Z [36;1mfi[0m
2026-05-14T02:32:22.9235168Z [36;1mif [ 'failure' != 'success' ]; then[0m
2026-05-14T02:32:22.9236442Z [36;1m  echo "web-build finished with failure" >&2[0m
2026-05-14T02:32:22.9237733Z [36;1m  exit 1[0m
2026-05-14T02:32:22.9238537Z [36;1mfi[0m
2026-05-14T02:32:22.9239616Z [36;1mecho "✓ Split web lint, unit-test shards, and build passed."[0m
2026-05-14T02:32:22.9553475Z shell: /usr/bin/bash -e {0}
2026-05-14T02:32:22.9555703Z ##[endgroup]
2026-05-14T02:32:22.9822913Z web-lint finished with failure
2026-05-14T02:32:22.9852175Z ##[error]Process completed with exit code 1.
2026-05-14T02:32:23.0039056Z Cleaning up orphan processes
