=== CI FAILURE ===
Workflow:      Web CI
Workflow file: averycorp/prismTask/.github/workflows/web-ci.yml@refs/pull/1470/merge
Job(s):        web-lint, web-lint-and-test
Run ID:        25906151267
Run attempt:   1
Run URL:       https://github.com/averycorp/prismTask/actions/runs/25906151267
Commit:        393bf2fa912ba940b409bec6b700aaad7037cbde
Branch:        1470/merge
Event:         pull_request
Actor:         akarlin3
Runner OS:     Linux
Timestamp:     2026-05-15T07:32:18.501Z

Failed steps:
  - web-lint: #5 Run ESLint
  - web-lint-and-test: #2 Verify split web checks

=== FAILED JOB LOG ===

--- Job: web-lint (id 76140286275) ---
2026-05-15T07:31:29.5482075Z Current runner version: '2.334.0'
2026-05-15T07:31:29.5506348Z ##[group]Runner Image Provisioner
2026-05-15T07:31:29.5507225Z Hosted Compute Agent
2026-05-15T07:31:29.5507758Z Version: 20260213.493
2026-05-15T07:31:29.5508395Z Commit: 5c115507f6dd24b8de37d8bbe0bb4509d0cc0fa3
2026-05-15T07:31:29.5509096Z Build Date: 2026-02-13T00:28:41Z
2026-05-15T07:31:29.5509787Z Worker ID: {dd9d6c03-3c46-417a-8f6c-8530bd8d3faf}
2026-05-15T07:31:29.5510447Z Azure Region: centralus
2026-05-15T07:31:29.5511070Z ##[endgroup]
2026-05-15T07:31:29.5512490Z ##[group]Operating System
2026-05-15T07:31:29.5513106Z Ubuntu
2026-05-15T07:31:29.5513683Z 24.04.4
2026-05-15T07:31:29.5514132Z LTS
2026-05-15T07:31:29.5514899Z ##[endgroup]
2026-05-15T07:31:29.5515359Z ##[group]Runner Image
2026-05-15T07:31:29.5515989Z Image: ubuntu-24.04
2026-05-15T07:31:29.5516487Z Version: 20260413.86.1
2026-05-15T07:31:29.5517883Z Included Software: https://github.com/actions/runner-images/blob/ubuntu24/20260413.86/images/ubuntu/Ubuntu2404-Readme.md
2026-05-15T07:31:29.5519472Z Image Release: https://github.com/actions/runner-images/releases/tag/ubuntu24%2F20260413.86
2026-05-15T07:31:29.5520399Z ##[endgroup]
2026-05-15T07:31:29.5521539Z ##[group]GITHUB_TOKEN Permissions
2026-05-15T07:31:29.5523665Z Actions: read
2026-05-15T07:31:29.5524335Z Checks: read
2026-05-15T07:31:29.5525298Z Contents: write
2026-05-15T07:31:29.5525824Z Metadata: read
2026-05-15T07:31:29.5526387Z ##[endgroup]
2026-05-15T07:31:29.5528350Z Secret source: Actions
2026-05-15T07:31:29.5529499Z Prepare workflow directory
2026-05-15T07:31:29.5933842Z Prepare all required actions
2026-05-15T07:31:29.5972454Z Getting action download info
2026-05-15T07:31:29.9184645Z Download action repository 'actions/checkout@v6' (SHA:de0fac2e4500dabe0009e67214ff5f5447ce83dd)
2026-05-15T07:31:30.1182307Z Complete job name: web-lint
2026-05-15T07:31:30.1910044Z ##[group]Run actions/checkout@v6
2026-05-15T07:31:30.1910882Z with:
2026-05-15T07:31:30.1911295Z   repository: averycorp/prismTask
2026-05-15T07:31:30.1911969Z   token: ***
2026-05-15T07:31:30.1912354Z   ssh-strict: true
2026-05-15T07:31:30.1912745Z   ssh-user: git
2026-05-15T07:31:30.1913147Z   persist-credentials: true
2026-05-15T07:31:30.1913591Z   clean: true
2026-05-15T07:31:30.1913997Z   sparse-checkout-cone-mode: true
2026-05-15T07:31:30.1914763Z   fetch-depth: 1
2026-05-15T07:31:30.1915170Z   fetch-tags: false
2026-05-15T07:31:30.1915580Z   show-progress: true
2026-05-15T07:31:30.1915991Z   lfs: false
2026-05-15T07:31:30.1916451Z   submodules: false
2026-05-15T07:31:30.1916859Z   set-safe-directory: true
2026-05-15T07:31:30.1917596Z ##[endgroup]
2026-05-15T07:31:30.2870040Z Syncing repository: averycorp/prismTask
2026-05-15T07:31:30.2872059Z ##[group]Getting Git version info
2026-05-15T07:31:30.2872777Z Working directory is '/home/runner/work/prismTask/prismTask'
2026-05-15T07:31:30.2873887Z [command]/usr/bin/git version
2026-05-15T07:31:30.2902814Z git version 2.53.0
2026-05-15T07:31:30.2958318Z ##[endgroup]
2026-05-15T07:31:30.2971884Z Temporarily overriding HOME='/home/runner/work/_temp/a72747dd-c36c-4bc2-90fe-9c45ece521dd' before making global git config changes
2026-05-15T07:31:30.2976907Z Adding repository directory to the temporary git global config as a safe directory
2026-05-15T07:31:30.2978107Z [command]/usr/bin/git config --global --add safe.directory /home/runner/work/prismTask/prismTask
2026-05-15T07:31:30.3009716Z Deleting the contents of '/home/runner/work/prismTask/prismTask'
2026-05-15T07:31:30.3013676Z ##[group]Initializing the repository
2026-05-15T07:31:30.3018876Z [command]/usr/bin/git init /home/runner/work/prismTask/prismTask
2026-05-15T07:31:30.3092127Z hint: Using 'master' as the name for the initial branch. This default branch name
2026-05-15T07:31:30.3093682Z hint: will change to "main" in Git 3.0. To configure the initial branch name
2026-05-15T07:31:30.3095286Z hint: to use in all of your new repositories, which will suppress this warning,
2026-05-15T07:31:30.3096197Z hint: call:
2026-05-15T07:31:30.3096579Z hint:
2026-05-15T07:31:30.3097328Z hint: 	git config --global init.defaultBranch <name>
2026-05-15T07:31:30.3097913Z hint:
2026-05-15T07:31:30.3098604Z hint: Names commonly chosen instead of 'master' are 'main', 'trunk' and
2026-05-15T07:31:30.3100247Z hint: 'development'. The just-created branch can be renamed via this command:
2026-05-15T07:31:30.3101389Z hint:
2026-05-15T07:31:30.3101981Z hint: 	git branch -m <name>
2026-05-15T07:31:30.3102572Z hint:
2026-05-15T07:31:30.3103162Z hint: Disable this message with "git config set advice.defaultBranchName false"
2026-05-15T07:31:30.3104949Z Initialized empty Git repository in /home/runner/work/prismTask/prismTask/.git/
2026-05-15T07:31:30.3107373Z [command]/usr/bin/git remote add origin https://github.com/averycorp/prismTask
2026-05-15T07:31:30.3135525Z ##[endgroup]
2026-05-15T07:31:30.3136657Z ##[group]Disabling automatic garbage collection
2026-05-15T07:31:30.3138864Z [command]/usr/bin/git config --local gc.auto 0
2026-05-15T07:31:30.3167519Z ##[endgroup]
2026-05-15T07:31:30.3168573Z ##[group]Setting up auth
2026-05-15T07:31:30.3169330Z Removing SSH command configuration
2026-05-15T07:31:30.3174214Z [command]/usr/bin/git config --local --name-only --get-regexp core\.sshCommand
2026-05-15T07:31:30.3204088Z [command]/usr/bin/git submodule foreach --recursive sh -c "git config --local --name-only --get-regexp 'core\.sshCommand' && git config --local --unset-all 'core.sshCommand' || :"
2026-05-15T07:31:30.3468603Z Removing HTTP extra header
2026-05-15T07:31:30.3473958Z [command]/usr/bin/git config --local --name-only --get-regexp http\.https\:\/\/github\.com\/\.extraheader
2026-05-15T07:31:30.3506801Z [command]/usr/bin/git submodule foreach --recursive sh -c "git config --local --name-only --get-regexp 'http\.https\:\/\/github\.com\/\.extraheader' && git config --local --unset-all 'http.https://github.com/.extraheader' || :"
2026-05-15T07:31:30.3712847Z Removing includeIf entries pointing to credentials config files
2026-05-15T07:31:30.3719586Z [command]/usr/bin/git config --local --name-only --get-regexp ^includeIf\.gitdir:
2026-05-15T07:31:30.3752150Z [command]/usr/bin/git submodule foreach --recursive git config --local --show-origin --name-only --get-regexp remote.origin.url
2026-05-15T07:31:30.3972984Z [command]/usr/bin/git config --file /home/runner/work/_temp/git-credentials-9ae8be67-5734-4202-a5e5-74a16e2835d0.config http.https://github.com/.extraheader AUTHORIZATION: basic ***
2026-05-15T07:31:30.4010163Z [command]/usr/bin/git config --local includeIf.gitdir:/home/runner/work/prismTask/prismTask/.git.path /home/runner/work/_temp/git-credentials-9ae8be67-5734-4202-a5e5-74a16e2835d0.config
2026-05-15T07:31:30.4040149Z [command]/usr/bin/git config --local includeIf.gitdir:/home/runner/work/prismTask/prismTask/.git/worktrees/*.path /home/runner/work/_temp/git-credentials-9ae8be67-5734-4202-a5e5-74a16e2835d0.config
2026-05-15T07:31:30.4069875Z [command]/usr/bin/git config --local includeIf.gitdir:/github/workspace/.git.path /github/runner_temp/git-credentials-9ae8be67-5734-4202-a5e5-74a16e2835d0.config
2026-05-15T07:31:30.4100431Z [command]/usr/bin/git config --local includeIf.gitdir:/github/workspace/.git/worktrees/*.path /github/runner_temp/git-credentials-9ae8be67-5734-4202-a5e5-74a16e2835d0.config
2026-05-15T07:31:30.4126725Z ##[endgroup]
2026-05-15T07:31:30.4128131Z ##[group]Fetching the repository
2026-05-15T07:31:30.4135122Z [command]/usr/bin/git -c protocol.version=2 fetch --no-tags --prune --no-recurse-submodules --depth=1 origin +393bf2fa912ba940b409bec6b700aaad7037cbde:refs/remotes/pull/1470/merge
2026-05-15T07:31:32.5660288Z From https://github.com/averycorp/prismTask
2026-05-15T07:31:32.5662472Z  * [new ref]         393bf2fa912ba940b409bec6b700aaad7037cbde -> pull/1470/merge
2026-05-15T07:31:32.5690248Z ##[endgroup]
2026-05-15T07:31:32.5692148Z ##[group]Determining the checkout info
2026-05-15T07:31:32.5694154Z ##[endgroup]
2026-05-15T07:31:32.5698217Z [command]/usr/bin/git sparse-checkout disable
2026-05-15T07:31:32.5737065Z [command]/usr/bin/git config --local --unset-all extensions.worktreeConfig
2026-05-15T07:31:32.5766718Z ##[group]Checking out the ref
2026-05-15T07:31:32.5769442Z [command]/usr/bin/git checkout --progress --force refs/remotes/pull/1470/merge
2026-05-15T07:31:32.8661193Z Note: switching to 'refs/remotes/pull/1470/merge'.
2026-05-15T07:31:32.8661903Z 
2026-05-15T07:31:32.8662487Z You are in 'detached HEAD' state. You can look around, make experimental
2026-05-15T07:31:32.8663348Z changes and commit them, and you can discard any commits you make in this
2026-05-15T07:31:32.8664646Z state without impacting any branches by switching back to a branch.
2026-05-15T07:31:32.8665195Z 
2026-05-15T07:31:32.8665742Z If you want to create a new branch to retain commits you create, you may
2026-05-15T07:31:32.8666672Z do so (now or later) by using -c with the switch command. Example:
2026-05-15T07:31:32.8667279Z 
2026-05-15T07:31:32.8667526Z   git switch -c <new-branch-name>
2026-05-15T07:31:32.8667841Z 
2026-05-15T07:31:32.8668037Z Or undo this operation with:
2026-05-15T07:31:32.8668442Z 
2026-05-15T07:31:32.8668614Z   git switch -
2026-05-15T07:31:32.8668853Z 
2026-05-15T07:31:32.8669228Z Turn off this advice by setting config variable advice.detachedHead to false
2026-05-15T07:31:32.8669763Z 
2026-05-15T07:31:32.8670370Z HEAD is now at 393bf2f Merge ab71a7201c0d68e56b4e5bf4cf03d5677fc32f13 into 3d0b664d2267fe4e2ed239515f4d826b11022aaa
2026-05-15T07:31:32.8687505Z ##[endgroup]
2026-05-15T07:31:32.8725713Z [command]/usr/bin/git log -1 --format=%H
2026-05-15T07:31:32.8749693Z 393bf2fa912ba940b409bec6b700aaad7037cbde
2026-05-15T07:31:32.9037645Z Prepare all required actions
2026-05-15T07:31:32.9038208Z Getting action download info
2026-05-15T07:31:33.0328290Z Download action repository 'actions/setup-node@v4' (SHA:49933ea5288caeca8642d1e84afbd3f7d6820020)
2026-05-15T07:31:33.1374215Z ##[group]Run ./.github/actions/setup-node-web
2026-05-15T07:31:33.1374826Z ##[endgroup]
2026-05-15T07:31:33.1505598Z ##[group]Run actions/setup-node@v4
2026-05-15T07:31:33.1505932Z with:
2026-05-15T07:31:33.1506198Z   node-version: 22
2026-05-15T07:31:33.1506426Z   cache: npm
2026-05-15T07:31:33.1506687Z   cache-dependency-path: web/package-lock.json
2026-05-15T07:31:33.1507012Z   always-auth: false
2026-05-15T07:31:33.1507242Z   check-latest: false
2026-05-15T07:31:33.1507607Z   token: ***
2026-05-15T07:31:33.1507818Z ##[endgroup]
2026-05-15T07:31:33.3376305Z Found in cache @ /opt/hostedtoolcache/node/22.22.2/x64
2026-05-15T07:31:33.3383169Z ##[group]Environment details
2026-05-15T07:31:33.6413193Z node: v22.22.2
2026-05-15T07:31:33.6413727Z npm: 10.9.7
2026-05-15T07:31:33.6413907Z yarn: 1.22.22
2026-05-15T07:31:33.6415479Z ##[endgroup]
2026-05-15T07:31:33.6437587Z [command]/opt/hostedtoolcache/node/22.22.2/x64/bin/npm config get cache
2026-05-15T07:31:33.7448452Z /home/runner/.npm
2026-05-15T07:31:33.9033807Z npm cache is not found
2026-05-15T07:31:33.9175644Z ##[group]Run npm ci
2026-05-15T07:31:33.9175954Z [36;1mnpm ci[0m
2026-05-15T07:31:33.9216685Z shell: /usr/bin/bash --noprofile --norc -e -o pipefail {0}
2026-05-15T07:31:33.9217079Z ##[endgroup]
2026-05-15T07:31:45.8151213Z 
2026-05-15T07:31:45.8158970Z added 435 packages, and audited 436 packages in 12s
2026-05-15T07:31:45.8159411Z 
2026-05-15T07:31:45.8159619Z 94 packages are looking for funding
2026-05-15T07:31:45.8159938Z   run `npm fund` for details
2026-05-15T07:31:45.8251023Z 
2026-05-15T07:31:45.8251718Z 3 vulnerabilities (2 moderate, 1 critical)
2026-05-15T07:31:45.8252086Z 
2026-05-15T07:31:45.8252319Z To address all issues, run:
2026-05-15T07:31:45.8252716Z   npm audit fix
2026-05-15T07:31:45.8252949Z 
2026-05-15T07:31:45.8253140Z Run `npm audit` for details.
2026-05-15T07:31:45.8880986Z ##[group]Run npm run lint
2026-05-15T07:31:45.8881278Z [36;1mnpm run lint[0m
2026-05-15T07:31:45.8905834Z shell: /usr/bin/bash -e {0}
2026-05-15T07:31:45.8906085Z ##[endgroup]
2026-05-15T07:31:45.9882403Z 
2026-05-15T07:31:45.9882922Z > web@1.6.0 lint
2026-05-15T07:31:45.9883404Z > eslint .
2026-05-15T07:31:45.9883626Z 
2026-05-15T07:32:03.0034152Z 
2026-05-15T07:32:03.0036499Z /home/runner/work/prismTask/prismTask/web/src/features/medication/MedicationEditorDialog.tsx
2026-05-15T07:32:03.0038561Z   190:7  error  Error: Calling setState synchronously within an effect can trigger cascading renders
2026-05-15T07:32:03.0039448Z 
2026-05-15T07:32:03.0041470Z Effects are intended to synchronize state between React and external systems such as manually updating the DOM, state management libraries, or other platform APIs. In general, the body of an effect should do one or both of the following:
2026-05-15T07:32:03.0043488Z * Update external systems with the latest state from React.
2026-05-15T07:32:03.0045238Z * Subscribe for updates from some external system, calling setState in a callback function when external state changes.
2026-05-15T07:32:03.0046225Z 
2026-05-15T07:32:03.0047813Z Calling setState synchronously within an effect body causes cascading renders that can hurt performance, and is not recommended. (https://react.dev/learn/you-might-not-need-an-effect).
2026-05-15T07:32:03.0049203Z 
2026-05-15T07:32:03.0050115Z /home/runner/work/prismTask/prismTask/web/src/features/medication/MedicationEditorDialog.tsx:190:7
2026-05-15T07:32:03.0051144Z   188 |   useEffect(() => {
2026-05-15T07:32:03.0051706Z   189 |     if (isOpen) {
2026-05-15T07:32:03.0052387Z > 190 |       setForm(initialState(initial));
2026-05-15T07:32:03.0053201Z       |       ^^^^^^^ Avoid calling setState() directly within an effect
2026-05-15T07:32:03.0053962Z   191 |       setErrors({});
2026-05-15T07:32:03.0054709Z   192 |     }
2026-05-15T07:32:03.0055403Z   193 |   }, [isOpen, initial]);  react-hooks/set-state-in-effect
2026-05-15T07:32:03.0055987Z 
2026-05-15T07:32:03.0056889Z /home/runner/work/prismTask/prismTask/web/src/features/medication/MedicationRefillScreen.tsx
2026-05-15T07:32:03.0058158Z    88:17  error  Error: Cannot call impure function during render
2026-05-15T07:32:03.0058784Z 
2026-05-15T07:32:03.0060947Z `Date.now` is an impure function. Calling an impure function can produce unstable results that update unpredictably when the component happens to re-render. (https://react.dev/reference/rules/components-and-hooks-must-be-pure#components-and-hooks-must-be-idempotent).
2026-05-15T07:32:03.0062930Z 
2026-05-15T07:32:03.0063970Z /home/runner/work/prismTask/prismTask/web/src/features/medication/MedicationRefillScreen.tsx:88:17
2026-05-15T07:32:03.0065366Z   86 |
2026-05-15T07:32:03.0066039Z   87 |   const forecasts = useMemo(() => {
2026-05-15T07:32:03.0066800Z > 88 |     const now = Date.now();
2026-05-15T07:32:03.0067540Z      |                 ^^^^^^^^^^ Cannot call impure function
2026-05-15T07:32:03.0068396Z   89 |     const map = new Map<string, RefillForecast>();
2026-05-15T07:32:03.0069187Z   90 |     for (const refill of refills) {
2026-05-15T07:32:03.0071225Z   91 |       map.set(refill.id, forecastRefill(refill, now));                                                                                                                                                                                                                                                                                                                               react-hooks/purity
2026-05-15T07:32:03.0073667Z   382:7   error  Error: Calling setState synchronously within an effect can trigger cascading renders
2026-05-15T07:32:03.0074755Z 
2026-05-15T07:32:03.0076773Z Effects are intended to synchronize state between React and external systems such as manually updating the DOM, state management libraries, or other platform APIs. In general, the body of an effect should do one or both of the following:
2026-05-15T07:32:03.0079209Z * Update external systems with the latest state from React.
2026-05-15T07:32:03.0080724Z * Subscribe for updates from some external system, calling setState in a callback function when external state changes.
2026-05-15T07:32:03.0081636Z 
2026-05-15T07:32:03.0083300Z Calling setState synchronously within an effect body causes cascading renders that can hurt performance, and is not recommended. (https://react.dev/learn/you-might-not-need-an-effect).
2026-05-15T07:32:03.0085117Z 
2026-05-15T07:32:03.0086062Z /home/runner/work/prismTask/prismTask/web/src/features/medication/MedicationRefillScreen.tsx:382:7
2026-05-15T07:32:03.0087087Z   380 |   useEffect(() => {
2026-05-15T07:32:03.0087642Z   381 |     if (isOpen) {
2026-05-15T07:32:03.0088356Z > 382 |       setForm(initialEditorState(initial));
2026-05-15T07:32:03.0089241Z       |       ^^^^^^^ Avoid calling setState() directly within an effect
2026-05-15T07:32:03.0089999Z   383 |       setErrors({});
2026-05-15T07:32:03.0090569Z   384 |     }
2026-05-15T07:32:03.0091283Z   385 |   }, [isOpen, initial]);  react-hooks/set-state-in-effect
2026-05-15T07:32:03.0091918Z 
2026-05-15T07:32:03.0092704Z /home/runner/work/prismTask/prismTask/web/src/features/selfcare/SelfCareScreen.tsx
2026-05-15T07:32:03.0093957Z   35:31  error  Error: Cannot call impure function during render
2026-05-15T07:32:03.0094806Z 
2026-05-15T07:32:03.0097151Z `Date.now` is an impure function. Calling an impure function can produce unstable results that update unpredictably when the component happens to re-render. (https://react.dev/reference/rules/components-and-hooks-must-be-pure#components-and-hooks-must-be-idempotent).
2026-05-15T07:32:03.0099137Z 
2026-05-15T07:32:03.0099987Z /home/runner/work/prismTask/prismTask/web/src/features/selfcare/SelfCareScreen.tsx:35:31
2026-05-15T07:32:03.0100947Z   33 |
2026-05-15T07:32:03.0101509Z   34 |   const todayMs = useMemo(
2026-05-15T07:32:03.0102363Z > 35 |     () => startOfLogicalDayMs(Date.now(), startOfDayHour),
2026-05-15T07:32:03.0103422Z      |                               ^^^^^^^^^^ Cannot call impure function
2026-05-15T07:32:03.0104183Z   36 |     [startOfDayHour],
2026-05-15T07:32:03.0105022Z   37 |   );
2026-05-15T07:32:03.0105542Z   38 |  react-hooks/purity
2026-05-15T07:32:03.0106005Z 
2026-05-15T07:32:03.0106791Z /home/runner/work/prismTask/prismTask/web/src/features/today/PlanForTodaySheet.tsx
2026-05-15T07:32:03.0108382Z   73:7  error  Error: Calling setState synchronously within an effect can trigger cascading renders
2026-05-15T07:32:03.0109239Z 
2026-05-15T07:32:03.0111204Z Effects are intended to synchronize state between React and external systems such as manually updating the DOM, state management libraries, or other platform APIs. In general, the body of an effect should do one or both of the following:
2026-05-15T07:32:03.0113259Z * Update external systems with the latest state from React.
2026-05-15T07:32:03.0115109Z * Subscribe for updates from some external system, calling setState in a callback function when external state changes.
2026-05-15T07:32:03.0116144Z 
2026-05-15T07:32:03.0117757Z Calling setState synchronously within an effect body causes cascading renders that can hurt performance, and is not recommended. (https://react.dev/learn/you-might-not-need-an-effect).
2026-05-15T07:32:03.0119141Z 
2026-05-15T07:32:03.0119984Z /home/runner/work/prismTask/prismTask/web/src/features/today/PlanForTodaySheet.tsx:73:7
2026-05-15T07:32:03.0120941Z   71 |   useEffect(() => {
2026-05-15T07:32:03.0121478Z   72 |     if (isOpen) {
2026-05-15T07:32:03.0122032Z > 73 |       setSearch('');
2026-05-15T07:32:03.0122758Z      |       ^^^^^^^^^ Avoid calling setState() directly within an effect
2026-05-15T07:32:03.0123548Z   74 |       setSelectedIds(new Set());
2026-05-15T07:32:03.0124213Z   75 |       setMultiSelect(false);
2026-05-15T07:32:03.0125113Z   76 |     }  react-hooks/set-state-in-effect
2026-05-15T07:32:03.0125621Z 
2026-05-15T07:32:03.0126317Z ✖ 5 problems (5 errors, 0 warnings)
2026-05-15T07:32:03.0126787Z 
2026-05-15T07:32:03.2343255Z ##[error]Process completed with exit code 1.
2026-05-15T07:32:03.2414247Z Post job cleanup.
2026-05-15T07:32:03.2496994Z Post job cleanup.
2026-05-15T07:32:03.3312818Z [command]/usr/bin/git version
2026-05-15T07:32:03.3348970Z git version 2.53.0
2026-05-15T07:32:03.3388069Z Temporarily overriding HOME='/home/runner/work/_temp/b43ef01f-23b2-4599-ba42-f56c615ef217' before making global git config changes
2026-05-15T07:32:03.3389764Z Adding repository directory to the temporary git global config as a safe directory
2026-05-15T07:32:03.3393252Z [command]/usr/bin/git config --global --add safe.directory /home/runner/work/prismTask/prismTask
2026-05-15T07:32:03.3422516Z Removing SSH command configuration
2026-05-15T07:32:03.3428948Z [command]/usr/bin/git config --local --name-only --get-regexp core\.sshCommand
2026-05-15T07:32:03.3465067Z [command]/usr/bin/git submodule foreach --recursive sh -c "git config --local --name-only --get-regexp 'core\.sshCommand' && git config --local --unset-all 'core.sshCommand' || :"
2026-05-15T07:32:03.3716578Z Removing HTTP extra header
2026-05-15T07:32:03.3721730Z [command]/usr/bin/git config --local --name-only --get-regexp http\.https\:\/\/github\.com\/\.extraheader
2026-05-15T07:32:03.3754141Z [command]/usr/bin/git submodule foreach --recursive sh -c "git config --local --name-only --get-regexp 'http\.https\:\/\/github\.com\/\.extraheader' && git config --local --unset-all 'http.https://github.com/.extraheader' || :"
2026-05-15T07:32:03.3969029Z Removing includeIf entries pointing to credentials config files
2026-05-15T07:32:03.3974758Z [command]/usr/bin/git config --local --name-only --get-regexp ^includeIf\.gitdir:
2026-05-15T07:32:03.3995864Z includeif.gitdir:/home/runner/work/prismTask/prismTask/.git.path
2026-05-15T07:32:03.3996608Z includeif.gitdir:/home/runner/work/prismTask/prismTask/.git/worktrees/*.path
2026-05-15T07:32:03.3997114Z includeif.gitdir:/github/workspace/.git.path
2026-05-15T07:32:03.3997532Z includeif.gitdir:/github/workspace/.git/worktrees/*.path
2026-05-15T07:32:03.4004620Z [command]/usr/bin/git config --local --get-all includeif.gitdir:/home/runner/work/prismTask/prismTask/.git.path
2026-05-15T07:32:03.4025368Z /home/runner/work/_temp/git-credentials-9ae8be67-5734-4202-a5e5-74a16e2835d0.config
2026-05-15T07:32:03.4034056Z [command]/usr/bin/git config --local --unset includeif.gitdir:/home/runner/work/prismTask/prismTask/.git.path /home/runner/work/_temp/git-credentials-9ae8be67-5734-4202-a5e5-74a16e2835d0.config
2026-05-15T07:32:03.4067225Z [command]/usr/bin/git config --local --get-all includeif.gitdir:/home/runner/work/prismTask/prismTask/.git/worktrees/*.path
2026-05-15T07:32:03.4088718Z /home/runner/work/_temp/git-credentials-9ae8be67-5734-4202-a5e5-74a16e2835d0.config
2026-05-15T07:32:03.4097948Z [command]/usr/bin/git config --local --unset includeif.gitdir:/home/runner/work/prismTask/prismTask/.git/worktrees/*.path /home/runner/work/_temp/git-credentials-9ae8be67-5734-4202-a5e5-74a16e2835d0.config
2026-05-15T07:32:03.4126880Z [command]/usr/bin/git config --local --get-all includeif.gitdir:/github/workspace/.git.path
2026-05-15T07:32:03.4146947Z /github/runner_temp/git-credentials-9ae8be67-5734-4202-a5e5-74a16e2835d0.config
2026-05-15T07:32:03.4154819Z [command]/usr/bin/git config --local --unset includeif.gitdir:/github/workspace/.git.path /github/runner_temp/git-credentials-9ae8be67-5734-4202-a5e5-74a16e2835d0.config
2026-05-15T07:32:03.4183530Z [command]/usr/bin/git config --local --get-all includeif.gitdir:/github/workspace/.git/worktrees/*.path
2026-05-15T07:32:03.4203066Z /github/runner_temp/git-credentials-9ae8be67-5734-4202-a5e5-74a16e2835d0.config
2026-05-15T07:32:03.4211906Z [command]/usr/bin/git config --local --unset includeif.gitdir:/github/workspace/.git/worktrees/*.path /github/runner_temp/git-credentials-9ae8be67-5734-4202-a5e5-74a16e2835d0.config
2026-05-15T07:32:03.4242102Z [command]/usr/bin/git submodule foreach --recursive git config --local --show-origin --name-only --get-regexp remote.origin.url
2026-05-15T07:32:03.4477091Z Removing credentials config '/home/runner/work/_temp/git-credentials-9ae8be67-5734-4202-a5e5-74a16e2835d0.config'
2026-05-15T07:32:03.4650540Z Cleaning up orphan processes
2026-05-15T07:32:03.4969023Z ##[warning]Node.js 20 actions are deprecated. The following actions are running on Node.js 20 and may not work as expected: actions/setup-node@v4. Actions will be forced to run with Node.js 24 by default starting June 2nd, 2026. Node.js 20 will be removed from the runner on September 16th, 2026. Please check if updated versions of these actions are available that support Node.js 24. To opt into Node.js 24 now, set the FORCE_JAVASCRIPT_ACTIONS_TO_NODE24=true environment variable on the runner or in your workflow file. Once Node.js 24 becomes the default, you can temporarily opt out by setting ACTIONS_ALLOW_USE_UNSECURE_NODE_VERSION=true. For more information see: https://github.blog/changelog/2025-09-19-deprecation-of-node-20-on-github-actions-runners/


--- Job: web-lint-and-test (id 76140368007) ---
2026-05-15T07:32:09.8574693Z Current runner version: '2.334.0'
2026-05-15T07:32:09.8599419Z ##[group]Runner Image Provisioner
2026-05-15T07:32:09.8600218Z Hosted Compute Agent
2026-05-15T07:32:09.8600690Z Version: 20260213.493
2026-05-15T07:32:09.8601352Z Commit: 5c115507f6dd24b8de37d8bbe0bb4509d0cc0fa3
2026-05-15T07:32:09.8601933Z Build Date: 2026-02-13T00:28:41Z
2026-05-15T07:32:09.8602591Z Worker ID: {b2ed103b-88ff-4181-973e-6ab6fc77555b}
2026-05-15T07:32:09.8603183Z Azure Region: northcentralus
2026-05-15T07:32:09.8603688Z ##[endgroup]
2026-05-15T07:32:09.8605115Z ##[group]Operating System
2026-05-15T07:32:09.8605611Z Ubuntu
2026-05-15T07:32:09.8606012Z 24.04.4
2026-05-15T07:32:09.8606459Z LTS
2026-05-15T07:32:09.8606861Z ##[endgroup]
2026-05-15T07:32:09.8607310Z ##[group]Runner Image
2026-05-15T07:32:09.8607828Z Image: ubuntu-24.04
2026-05-15T07:32:09.8608250Z Version: 20260413.86.1
2026-05-15T07:32:09.8609482Z Included Software: https://github.com/actions/runner-images/blob/ubuntu24/20260413.86/images/ubuntu/Ubuntu2404-Readme.md
2026-05-15T07:32:09.8610734Z Image Release: https://github.com/actions/runner-images/releases/tag/ubuntu24%2F20260413.86
2026-05-15T07:32:09.8611763Z ##[endgroup]
2026-05-15T07:32:09.8612846Z ##[group]GITHUB_TOKEN Permissions
2026-05-15T07:32:09.8614896Z Actions: read
2026-05-15T07:32:09.8615410Z Checks: read
2026-05-15T07:32:09.8615864Z Contents: write
2026-05-15T07:32:09.8616274Z Metadata: read
2026-05-15T07:32:09.8616711Z ##[endgroup]
2026-05-15T07:32:09.8619317Z Secret source: Actions
2026-05-15T07:32:09.8619992Z Prepare workflow directory
2026-05-15T07:32:09.8926220Z Prepare all required actions
2026-05-15T07:32:09.9017451Z Complete job name: web-lint-and-test
2026-05-15T07:32:09.9652392Z ##[group]Run if [ 'failure' != 'success' ]; then
2026-05-15T07:32:09.9653228Z [36;1mif [ 'failure' != 'success' ]; then[0m
2026-05-15T07:32:09.9653828Z [36;1m  echo "web-lint finished with failure" >&2[0m
2026-05-15T07:32:09.9654570Z [36;1m  exit 1[0m
2026-05-15T07:32:09.9655003Z [36;1mfi[0m
2026-05-15T07:32:09.9655442Z [36;1mif [ 'success' != 'success' ]; then[0m
2026-05-15T07:32:09.9656078Z [36;1m  echo "web-unit-tests finished with success" >&2[0m
2026-05-15T07:32:09.9656646Z [36;1m  exit 1[0m
2026-05-15T07:32:09.9657049Z [36;1mfi[0m
2026-05-15T07:32:09.9657525Z [36;1mif [ 'success' != 'success' ]; then[0m
2026-05-15T07:32:09.9658150Z [36;1m  echo "web-build finished with success" >&2[0m
2026-05-15T07:32:09.9658712Z [36;1m  exit 1[0m
2026-05-15T07:32:09.9659078Z [36;1mfi[0m
2026-05-15T07:32:09.9659703Z [36;1mecho "✓ Split web lint, unit-test shards, and build passed."[0m
2026-05-15T07:32:09.9884441Z shell: /usr/bin/bash -e {0}
2026-05-15T07:32:09.9886147Z ##[endgroup]
2026-05-15T07:32:10.0116555Z web-lint finished with failure
2026-05-15T07:32:10.0141845Z ##[error]Process completed with exit code 1.
2026-05-15T07:32:10.0312929Z Cleaning up orphan processes
