=== CI FAILURE ===
Workflow:      Web CI
Workflow file: averycorp/prismTask/.github/workflows/web-ci.yml@refs/pull/1345/merge
Job(s):        web-lint, web-build, web-unit-tests (3, 3), web-unit-tests (1, 3), web-unit-tests (2, 3), web-lint-and-test
Run ID:        25838948978
Run attempt:   1
Run URL:       https://github.com/averycorp/prismTask/actions/runs/25838948978
Commit:        a611e511706059c7f1068be9d2a1c7b63963efdf
Branch:        1345/merge
Event:         pull_request
Actor:         akarlin3
Runner OS:     Linux
Timestamp:     2026-05-14T02:57:27.139Z

Failed steps:
  - web-lint: #4 Run ./.github/actions/setup-node-web
  - web-build: #4 Run ./.github/actions/setup-node-web
  - web-unit-tests (3, 3): #4 Run ./.github/actions/setup-node-web
  - web-unit-tests (1, 3): #4 Run ./.github/actions/setup-node-web
  - web-unit-tests (2, 3): #4 Run ./.github/actions/setup-node-web
  - web-lint-and-test: #2 Verify split web checks

=== FAILED JOB LOG ===

--- Job: web-lint (id 75919910052) ---
2026-05-14T02:56:54.0492733Z Current runner version: '2.334.0'
2026-05-14T02:56:54.0517318Z ##[group]Runner Image Provisioner
2026-05-14T02:56:54.0518129Z Hosted Compute Agent
2026-05-14T02:56:54.0518733Z Version: 20260213.493
2026-05-14T02:56:54.0519369Z Commit: 5c115507f6dd24b8de37d8bbe0bb4509d0cc0fa3
2026-05-14T02:56:54.0520079Z Build Date: 2026-02-13T00:28:41Z
2026-05-14T02:56:54.0520720Z Worker ID: {f13c2379-7793-4934-9587-85e07adab196}
2026-05-14T02:56:54.0521426Z Azure Region: westcentralus
2026-05-14T02:56:54.0521968Z ##[endgroup]
2026-05-14T02:56:54.0523600Z ##[group]Operating System
2026-05-14T02:56:54.0524186Z Ubuntu
2026-05-14T02:56:54.0524880Z 24.04.4
2026-05-14T02:56:54.0525317Z LTS
2026-05-14T02:56:54.0525889Z ##[endgroup]
2026-05-14T02:56:54.0526365Z ##[group]Runner Image
2026-05-14T02:56:54.0526951Z Image: ubuntu-24.04
2026-05-14T02:56:54.0527555Z Version: 20260413.86.1
2026-05-14T02:56:54.0528784Z Included Software: https://github.com/actions/runner-images/blob/ubuntu24/20260413.86/images/ubuntu/Ubuntu2404-Readme.md
2026-05-14T02:56:54.0530283Z Image Release: https://github.com/actions/runner-images/releases/tag/ubuntu24%2F20260413.86
2026-05-14T02:56:54.0531215Z ##[endgroup]
2026-05-14T02:56:54.0532411Z ##[group]GITHUB_TOKEN Permissions
2026-05-14T02:56:54.0534596Z Actions: read
2026-05-14T02:56:54.0535477Z Checks: read
2026-05-14T02:56:54.0536081Z Contents: write
2026-05-14T02:56:54.0536556Z Metadata: read
2026-05-14T02:56:54.0537120Z ##[endgroup]
2026-05-14T02:56:54.0539235Z Secret source: Actions
2026-05-14T02:56:54.0540286Z Prepare workflow directory
2026-05-14T02:56:54.0955920Z Prepare all required actions
2026-05-14T02:56:54.0992039Z Getting action download info
2026-05-14T02:56:54.4511392Z Download action repository 'actions/checkout@v6' (SHA:de0fac2e4500dabe0009e67214ff5f5447ce83dd)
2026-05-14T02:56:54.6405080Z Complete job name: web-lint
2026-05-14T02:56:54.7090025Z ##[group]Run actions/checkout@v6
2026-05-14T02:56:54.7090785Z with:
2026-05-14T02:56:54.7091180Z   repository: averycorp/prismTask
2026-05-14T02:56:54.7091889Z   token: ***
2026-05-14T02:56:54.7092278Z   ssh-strict: true
2026-05-14T02:56:54.7092676Z   ssh-user: git
2026-05-14T02:56:54.7093076Z   persist-credentials: true
2026-05-14T02:56:54.7093514Z   clean: true
2026-05-14T02:56:54.7093914Z   sparse-checkout-cone-mode: true
2026-05-14T02:56:54.7094403Z   fetch-depth: 1
2026-05-14T02:56:54.7094991Z   fetch-tags: false
2026-05-14T02:56:54.7095377Z   show-progress: true
2026-05-14T02:56:54.7095771Z   lfs: false
2026-05-14T02:56:54.7096124Z   submodules: false
2026-05-14T02:56:54.7096519Z   set-safe-directory: true
2026-05-14T02:56:54.7097151Z ##[endgroup]
2026-05-14T02:56:54.8045105Z Syncing repository: averycorp/prismTask
2026-05-14T02:56:54.8046898Z ##[group]Getting Git version info
2026-05-14T02:56:54.8047565Z Working directory is '/home/runner/work/prismTask/prismTask'
2026-05-14T02:56:54.8048643Z [command]/usr/bin/git version
2026-05-14T02:56:54.8078717Z git version 2.53.0
2026-05-14T02:56:54.8132567Z ##[endgroup]
2026-05-14T02:56:54.8146301Z Temporarily overriding HOME='/home/runner/work/_temp/77ddc14a-bf05-4233-8cb3-8b259791ce7d' before making global git config changes
2026-05-14T02:56:54.8148356Z Adding repository directory to the temporary git global config as a safe directory
2026-05-14T02:56:54.8151549Z [command]/usr/bin/git config --global --add safe.directory /home/runner/work/prismTask/prismTask
2026-05-14T02:56:54.8185826Z Deleting the contents of '/home/runner/work/prismTask/prismTask'
2026-05-14T02:56:54.8190410Z ##[group]Initializing the repository
2026-05-14T02:56:54.8194582Z [command]/usr/bin/git init /home/runner/work/prismTask/prismTask
2026-05-14T02:56:54.8265972Z hint: Using 'master' as the name for the initial branch. This default branch name
2026-05-14T02:56:54.8267855Z hint: will change to "main" in Git 3.0. To configure the initial branch name
2026-05-14T02:56:54.8269406Z hint: to use in all of your new repositories, which will suppress this warning,
2026-05-14T02:56:54.8270556Z hint: call:
2026-05-14T02:56:54.8271766Z hint:
2026-05-14T02:56:54.8272971Z hint: 	git config --global init.defaultBranch <name>
2026-05-14T02:56:54.8273889Z hint:
2026-05-14T02:56:54.8274997Z hint: Names commonly chosen instead of 'master' are 'main', 'trunk' and
2026-05-14T02:56:54.8276388Z hint: 'development'. The just-created branch can be renamed via this command:
2026-05-14T02:56:54.8277489Z hint:
2026-05-14T02:56:54.8278088Z hint: 	git branch -m <name>
2026-05-14T02:56:54.8278783Z hint:
2026-05-14T02:56:54.8279713Z hint: Disable this message with "git config set advice.defaultBranchName false"
2026-05-14T02:56:54.8281246Z Initialized empty Git repository in /home/runner/work/prismTask/prismTask/.git/
2026-05-14T02:56:54.8283718Z [command]/usr/bin/git remote add origin https://github.com/averycorp/prismTask
2026-05-14T02:56:54.8311586Z ##[endgroup]
2026-05-14T02:56:54.8312662Z ##[group]Disabling automatic garbage collection
2026-05-14T02:56:54.8316130Z [command]/usr/bin/git config --local gc.auto 0
2026-05-14T02:56:54.8345298Z ##[endgroup]
2026-05-14T02:56:54.8346328Z ##[group]Setting up auth
2026-05-14T02:56:54.8347091Z Removing SSH command configuration
2026-05-14T02:56:54.8352932Z [command]/usr/bin/git config --local --name-only --get-regexp core\.sshCommand
2026-05-14T02:56:54.8385231Z [command]/usr/bin/git submodule foreach --recursive sh -c "git config --local --name-only --get-regexp 'core\.sshCommand' && git config --local --unset-all 'core.sshCommand' || :"
2026-05-14T02:56:54.8679050Z Removing HTTP extra header
2026-05-14T02:56:54.8685177Z [command]/usr/bin/git config --local --name-only --get-regexp http\.https\:\/\/github\.com\/\.extraheader
2026-05-14T02:56:54.8715918Z [command]/usr/bin/git submodule foreach --recursive sh -c "git config --local --name-only --get-regexp 'http\.https\:\/\/github\.com\/\.extraheader' && git config --local --unset-all 'http.https://github.com/.extraheader' || :"
2026-05-14T02:56:54.8938579Z Removing includeIf entries pointing to credentials config files
2026-05-14T02:56:54.8943784Z [command]/usr/bin/git config --local --name-only --get-regexp ^includeIf\.gitdir:
2026-05-14T02:56:54.8974392Z [command]/usr/bin/git submodule foreach --recursive git config --local --show-origin --name-only --get-regexp remote.origin.url
2026-05-14T02:56:54.9203929Z [command]/usr/bin/git config --file /home/runner/work/_temp/git-credentials-75010ca0-1c68-42f8-8540-87a69752b296.config http.https://github.com/.extraheader AUTHORIZATION: basic ***
2026-05-14T02:56:54.9242327Z [command]/usr/bin/git config --local includeIf.gitdir:/home/runner/work/prismTask/prismTask/.git.path /home/runner/work/_temp/git-credentials-75010ca0-1c68-42f8-8540-87a69752b296.config
2026-05-14T02:56:54.9272760Z [command]/usr/bin/git config --local includeIf.gitdir:/home/runner/work/prismTask/prismTask/.git/worktrees/*.path /home/runner/work/_temp/git-credentials-75010ca0-1c68-42f8-8540-87a69752b296.config
2026-05-14T02:56:54.9302493Z [command]/usr/bin/git config --local includeIf.gitdir:/github/workspace/.git.path /github/runner_temp/git-credentials-75010ca0-1c68-42f8-8540-87a69752b296.config
2026-05-14T02:56:54.9333060Z [command]/usr/bin/git config --local includeIf.gitdir:/github/workspace/.git/worktrees/*.path /github/runner_temp/git-credentials-75010ca0-1c68-42f8-8540-87a69752b296.config
2026-05-14T02:56:54.9366745Z ##[endgroup]
2026-05-14T02:56:54.9375310Z ##[group]Fetching the repository
2026-05-14T02:56:54.9377389Z [command]/usr/bin/git -c protocol.version=2 fetch --no-tags --prune --no-recurse-submodules --depth=1 origin +a611e511706059c7f1068be9d2a1c7b63963efdf:refs/remotes/pull/1345/merge
2026-05-14T02:56:57.1190282Z From https://github.com/averycorp/prismTask
2026-05-14T02:56:57.1195511Z  * [new ref]         a611e511706059c7f1068be9d2a1c7b63963efdf -> pull/1345/merge
2026-05-14T02:56:57.1222374Z ##[endgroup]
2026-05-14T02:56:57.1224030Z ##[group]Determining the checkout info
2026-05-14T02:56:57.1226055Z ##[endgroup]
2026-05-14T02:56:57.1230073Z [command]/usr/bin/git sparse-checkout disable
2026-05-14T02:56:57.1269058Z [command]/usr/bin/git config --local --unset-all extensions.worktreeConfig
2026-05-14T02:56:57.1298159Z ##[group]Checking out the ref
2026-05-14T02:56:57.1301268Z [command]/usr/bin/git checkout --progress --force refs/remotes/pull/1345/merge
2026-05-14T02:56:57.4183236Z Note: switching to 'refs/remotes/pull/1345/merge'.
2026-05-14T02:56:57.4184624Z 
2026-05-14T02:56:57.4185212Z You are in 'detached HEAD' state. You can look around, make experimental
2026-05-14T02:56:57.4186060Z changes and commit them, and you can discard any commits you make in this
2026-05-14T02:56:57.4186880Z state without impacting any branches by switching back to a branch.
2026-05-14T02:56:57.4187358Z 
2026-05-14T02:56:57.4187702Z If you want to create a new branch to retain commits you create, you may
2026-05-14T02:56:57.4188459Z do so (now or later) by using -c with the switch command. Example:
2026-05-14T02:56:57.4188964Z 
2026-05-14T02:56:57.4189164Z   git switch -c <new-branch-name>
2026-05-14T02:56:57.4189453Z 
2026-05-14T02:56:57.4189637Z Or undo this operation with:
2026-05-14T02:56:57.4189941Z 
2026-05-14T02:56:57.4190102Z   git switch -
2026-05-14T02:56:57.4190325Z 
2026-05-14T02:56:57.4190711Z Turn off this advice by setting config variable advice.detachedHead to false
2026-05-14T02:56:57.4191209Z 
2026-05-14T02:56:57.4191791Z HEAD is now at a611e51 Merge 68e02b79f44a6a9de9f64ccd9fba9b263e560039 into 5bd5aee5d5da898c133a73c9d834930cd2e71645
2026-05-14T02:56:57.4208837Z ##[endgroup]
2026-05-14T02:56:57.4249274Z [command]/usr/bin/git log -1 --format=%H
2026-05-14T02:56:57.4274864Z a611e511706059c7f1068be9d2a1c7b63963efdf
2026-05-14T02:56:57.4565959Z Prepare all required actions
2026-05-14T02:56:57.4566441Z Getting action download info
2026-05-14T02:56:57.6595313Z Download action repository 'actions/setup-node@v4' (SHA:49933ea5288caeca8642d1e84afbd3f7d6820020)
2026-05-14T02:56:57.8260690Z ##[group]Run ./.github/actions/setup-node-web
2026-05-14T02:56:57.8261014Z ##[endgroup]
2026-05-14T02:56:57.8383555Z ##[group]Run actions/setup-node@v4
2026-05-14T02:56:57.8383852Z with:
2026-05-14T02:56:57.8384095Z   node-version: 22
2026-05-14T02:56:57.8384296Z   cache: npm
2026-05-14T02:56:57.8384518Z   cache-dependency-path: web/package-lock.json
2026-05-14T02:56:57.8385048Z   always-auth: false
2026-05-14T02:56:57.8385249Z   check-latest: false
2026-05-14T02:56:57.8385616Z   token: ***
2026-05-14T02:56:57.8385816Z ##[endgroup]
2026-05-14T02:56:58.0248561Z Found in cache @ /opt/hostedtoolcache/node/22.22.2/x64
2026-05-14T02:56:58.0254287Z ##[group]Environment details
2026-05-14T02:57:00.9803556Z node: v22.22.2
2026-05-14T02:57:00.9804048Z npm: 10.9.7
2026-05-14T02:57:00.9804319Z yarn: 1.22.22
2026-05-14T02:57:00.9806015Z ##[endgroup]
2026-05-14T02:57:00.9826734Z [command]/opt/hostedtoolcache/node/22.22.2/x64/bin/npm config get cache
2026-05-14T02:57:01.1904992Z /home/runner/.npm
2026-05-14T02:57:01.4005702Z npm cache is not found
2026-05-14T02:57:01.4162498Z ##[group]Run npm ci
2026-05-14T02:57:01.4162799Z [36;1mnpm ci[0m
2026-05-14T02:57:01.4198662Z shell: /usr/bin/bash --noprofile --norc -e -o pipefail {0}
2026-05-14T02:57:01.4199027Z ##[endgroup]
2026-05-14T02:57:03.0460694Z npm error code ETARGET
2026-05-14T02:57:03.0461301Z npm error notarget No matching version found for idb@^8.0.4.
2026-05-14T02:57:03.0461886Z npm error notarget In most cases you or one of your dependencies are requesting
2026-05-14T02:57:03.0462409Z npm error notarget a package version that doesn't exist.
2026-05-14T02:57:03.0466563Z npm error A complete log of this run can be found in: /home/runner/.npm/_logs/2026-05-14T02_57_01_477Z-debug-0.log
2026-05-14T02:57:03.0844380Z ##[error]Process completed with exit code 1.
2026-05-14T02:57:03.0929888Z Post job cleanup.
2026-05-14T02:57:03.1010813Z Post job cleanup.
2026-05-14T02:57:03.1933748Z [command]/usr/bin/git version
2026-05-14T02:57:03.2001922Z git version 2.53.0
2026-05-14T02:57:03.2039718Z Temporarily overriding HOME='/home/runner/work/_temp/f0be5a0e-8d97-4747-9a6b-7dbac0a352af' before making global git config changes
2026-05-14T02:57:03.2041244Z Adding repository directory to the temporary git global config as a safe directory
2026-05-14T02:57:03.2044976Z [command]/usr/bin/git config --global --add safe.directory /home/runner/work/prismTask/prismTask
2026-05-14T02:57:03.2081710Z Removing SSH command configuration
2026-05-14T02:57:03.2089068Z [command]/usr/bin/git config --local --name-only --get-regexp core\.sshCommand
2026-05-14T02:57:03.2129664Z [command]/usr/bin/git submodule foreach --recursive sh -c "git config --local --name-only --get-regexp 'core\.sshCommand' && git config --local --unset-all 'core.sshCommand' || :"
2026-05-14T02:57:03.2367344Z Removing HTTP extra header
2026-05-14T02:57:03.2372063Z [command]/usr/bin/git config --local --name-only --get-regexp http\.https\:\/\/github\.com\/\.extraheader
2026-05-14T02:57:03.2406120Z [command]/usr/bin/git submodule foreach --recursive sh -c "git config --local --name-only --get-regexp 'http\.https\:\/\/github\.com\/\.extraheader' && git config --local --unset-all 'http.https://github.com/.extraheader' || :"
2026-05-14T02:57:03.2658114Z Removing includeIf entries pointing to credentials config files
2026-05-14T02:57:03.2667744Z [command]/usr/bin/git config --local --name-only --get-regexp ^includeIf\.gitdir:
2026-05-14T02:57:03.2693254Z includeif.gitdir:/home/runner/work/prismTask/prismTask/.git.path
2026-05-14T02:57:03.2694333Z includeif.gitdir:/home/runner/work/prismTask/prismTask/.git/worktrees/*.path
2026-05-14T02:57:03.2695676Z includeif.gitdir:/github/workspace/.git.path
2026-05-14T02:57:03.2696494Z includeif.gitdir:/github/workspace/.git/worktrees/*.path
2026-05-14T02:57:03.2703637Z [command]/usr/bin/git config --local --get-all includeif.gitdir:/home/runner/work/prismTask/prismTask/.git.path
2026-05-14T02:57:03.2726267Z /home/runner/work/_temp/git-credentials-75010ca0-1c68-42f8-8540-87a69752b296.config
2026-05-14T02:57:03.2737080Z [command]/usr/bin/git config --local --unset includeif.gitdir:/home/runner/work/prismTask/prismTask/.git.path /home/runner/work/_temp/git-credentials-75010ca0-1c68-42f8-8540-87a69752b296.config
2026-05-14T02:57:03.3207670Z [command]/usr/bin/git config --local --get-all includeif.gitdir:/home/runner/work/prismTask/prismTask/.git/worktrees/*.path
2026-05-14T02:57:03.3234392Z /home/runner/work/_temp/git-credentials-75010ca0-1c68-42f8-8540-87a69752b296.config
2026-05-14T02:57:03.3244279Z [command]/usr/bin/git config --local --unset includeif.gitdir:/home/runner/work/prismTask/prismTask/.git/worktrees/*.path /home/runner/work/_temp/git-credentials-75010ca0-1c68-42f8-8540-87a69752b296.config
2026-05-14T02:57:03.4154551Z [command]/usr/bin/git config --local --get-all includeif.gitdir:/github/workspace/.git.path
2026-05-14T02:57:03.4183054Z /github/runner_temp/git-credentials-75010ca0-1c68-42f8-8540-87a69752b296.config
2026-05-14T02:57:03.4190951Z [command]/usr/bin/git config --local --unset includeif.gitdir:/github/workspace/.git.path /github/runner_temp/git-credentials-75010ca0-1c68-42f8-8540-87a69752b296.config
2026-05-14T02:57:03.4633572Z [command]/usr/bin/git config --local --get-all includeif.gitdir:/github/workspace/.git/worktrees/*.path
2026-05-14T02:57:03.4653990Z /github/runner_temp/git-credentials-75010ca0-1c68-42f8-8540-87a69752b296.config
2026-05-14T02:57:03.4664368Z [command]/usr/bin/git config --local --unset includeif.gitdir:/github/workspace/.git/worktrees/*.path /github/runner_temp/git-credentials-75010ca0-1c68-42f8-8540-87a69752b296.config
2026-05-14T02:57:03.4701128Z [command]/usr/bin/git submodule foreach --recursive git config --local --show-origin --name-only --get-regexp remote.origin.url
2026-05-14T02:57:03.4952243Z Removing credentials config '/home/runner/work/_temp/git-credentials-75010ca0-1c68-42f8-8540-87a69752b296.config'
2026-05-14T02:57:03.5092206Z Cleaning up orphan processes
2026-05-14T02:57:03.5397041Z ##[warning]Node.js 20 actions are deprecated. The following actions are running on Node.js 20 and may not work as expected: actions/setup-node@v4. Actions will be forced to run with Node.js 24 by default starting June 2nd, 2026. Node.js 20 will be removed from the runner on September 16th, 2026. Please check if updated versions of these actions are available that support Node.js 24. To opt into Node.js 24 now, set the FORCE_JAVASCRIPT_ACTIONS_TO_NODE24=true environment variable on the runner or in your workflow file. Once Node.js 24 becomes the default, you can temporarily opt out by setting ACTIONS_ALLOW_USE_UNSECURE_NODE_VERSION=true. For more information see: https://github.blog/changelog/2025-09-19-deprecation-of-node-20-on-github-actions-runners/


--- Job: web-build (id 75919910069) ---
2026-05-14T02:57:05.1979965Z Current runner version: '2.334.0'
2026-05-14T02:57:05.2003176Z ##[group]Runner Image Provisioner
2026-05-14T02:57:05.2004280Z Hosted Compute Agent
2026-05-14T02:57:05.2004778Z Version: 20260213.493
2026-05-14T02:57:05.2005388Z Commit: 5c115507f6dd24b8de37d8bbe0bb4509d0cc0fa3
2026-05-14T02:57:05.2006083Z Build Date: 2026-02-13T00:28:41Z
2026-05-14T02:57:05.2006740Z Worker ID: {b1c5c80f-b38e-4551-b228-e4ec64e69778}
2026-05-14T02:57:05.2007404Z Azure Region: westcentralus
2026-05-14T02:57:05.2008060Z ##[endgroup]
2026-05-14T02:57:05.2009880Z ##[group]Operating System
2026-05-14T02:57:05.2010487Z Ubuntu
2026-05-14T02:57:05.2011018Z 24.04.4
2026-05-14T02:57:05.2011452Z LTS
2026-05-14T02:57:05.2011937Z ##[endgroup]
2026-05-14T02:57:05.2012378Z ##[group]Runner Image
2026-05-14T02:57:05.2013032Z Image: ubuntu-24.04
2026-05-14T02:57:05.2013803Z Version: 20260413.86.1
2026-05-14T02:57:05.2015039Z Included Software: https://github.com/actions/runner-images/blob/ubuntu24/20260413.86/images/ubuntu/Ubuntu2404-Readme.md
2026-05-14T02:57:05.2016492Z Image Release: https://github.com/actions/runner-images/releases/tag/ubuntu24%2F20260413.86
2026-05-14T02:57:05.2017413Z ##[endgroup]
2026-05-14T02:57:05.2018494Z ##[group]GITHUB_TOKEN Permissions
2026-05-14T02:57:05.2020510Z Actions: read
2026-05-14T02:57:05.2021130Z Checks: read
2026-05-14T02:57:05.2021624Z Contents: write
2026-05-14T02:57:05.2022132Z Metadata: read
2026-05-14T02:57:05.2022668Z ##[endgroup]
2026-05-14T02:57:05.2025118Z Secret source: Actions
2026-05-14T02:57:05.2026170Z Prepare workflow directory
2026-05-14T02:57:05.2430032Z Prepare all required actions
2026-05-14T02:57:05.2466491Z Getting action download info
2026-05-14T02:57:05.6117944Z Download action repository 'actions/checkout@v6' (SHA:de0fac2e4500dabe0009e67214ff5f5447ce83dd)
2026-05-14T02:57:05.8024328Z Complete job name: web-build
2026-05-14T02:57:05.8755862Z ##[group]Run actions/checkout@v6
2026-05-14T02:57:05.8756687Z with:
2026-05-14T02:57:05.8757137Z   repository: averycorp/prismTask
2026-05-14T02:57:05.8757797Z   token: ***
2026-05-14T02:57:05.8758184Z   ssh-strict: true
2026-05-14T02:57:05.8758581Z   ssh-user: git
2026-05-14T02:57:05.8758980Z   persist-credentials: true
2026-05-14T02:57:05.8759409Z   clean: true
2026-05-14T02:57:05.8759808Z   sparse-checkout-cone-mode: true
2026-05-14T02:57:05.8760282Z   fetch-depth: 1
2026-05-14T02:57:05.8760662Z   fetch-tags: false
2026-05-14T02:57:05.8761061Z   show-progress: true
2026-05-14T02:57:05.8761451Z   lfs: false
2026-05-14T02:57:05.8761813Z   submodules: false
2026-05-14T02:57:05.8762209Z   set-safe-directory: true
2026-05-14T02:57:05.8762977Z ##[endgroup]
2026-05-14T02:57:05.9718730Z Syncing repository: averycorp/prismTask
2026-05-14T02:57:05.9720409Z ##[group]Getting Git version info
2026-05-14T02:57:05.9721119Z Working directory is '/home/runner/work/prismTask/prismTask'
2026-05-14T02:57:05.9722160Z [command]/usr/bin/git version
2026-05-14T02:57:05.9756205Z git version 2.53.0
2026-05-14T02:57:05.9777886Z ##[endgroup]
2026-05-14T02:57:05.9791737Z Temporarily overriding HOME='/home/runner/work/_temp/5791564f-6a5d-4d5a-a158-2a3d37c126d6' before making global git config changes
2026-05-14T02:57:05.9794135Z Adding repository directory to the temporary git global config as a safe directory
2026-05-14T02:57:05.9797438Z [command]/usr/bin/git config --global --add safe.directory /home/runner/work/prismTask/prismTask
2026-05-14T02:57:05.9828542Z Deleting the contents of '/home/runner/work/prismTask/prismTask'
2026-05-14T02:57:05.9833479Z ##[group]Initializing the repository
2026-05-14T02:57:05.9837990Z [command]/usr/bin/git init /home/runner/work/prismTask/prismTask
2026-05-14T02:57:05.9916272Z hint: Using 'master' as the name for the initial branch. This default branch name
2026-05-14T02:57:05.9918002Z hint: will change to "main" in Git 3.0. To configure the initial branch name
2026-05-14T02:57:05.9919593Z hint: to use in all of your new repositories, which will suppress this warning,
2026-05-14T02:57:05.9920796Z hint: call:
2026-05-14T02:57:05.9921379Z hint:
2026-05-14T02:57:05.9922259Z hint: 	git config --global init.defaultBranch <name>
2026-05-14T02:57:05.9923560Z hint:
2026-05-14T02:57:05.9924550Z hint: Names commonly chosen instead of 'master' are 'main', 'trunk' and
2026-05-14T02:57:05.9926111Z hint: 'development'. The just-created branch can be renamed via this command:
2026-05-14T02:57:05.9927299Z hint:
2026-05-14T02:57:05.9927920Z hint: 	git branch -m <name>
2026-05-14T02:57:05.9928650Z hint:
2026-05-14T02:57:05.9929718Z hint: Disable this message with "git config set advice.defaultBranchName false"
2026-05-14T02:57:05.9931281Z Initialized empty Git repository in /home/runner/work/prismTask/prismTask/.git/
2026-05-14T02:57:05.9933143Z [command]/usr/bin/git remote add origin https://github.com/averycorp/prismTask
2026-05-14T02:57:05.9959602Z ##[endgroup]
2026-05-14T02:57:05.9960691Z ##[group]Disabling automatic garbage collection
2026-05-14T02:57:05.9963955Z [command]/usr/bin/git config --local gc.auto 0
2026-05-14T02:57:05.9991292Z ##[endgroup]
2026-05-14T02:57:05.9992230Z ##[group]Setting up auth
2026-05-14T02:57:05.9993035Z Removing SSH command configuration
2026-05-14T02:57:05.9998787Z [command]/usr/bin/git config --local --name-only --get-regexp core\.sshCommand
2026-05-14T02:57:06.0029370Z [command]/usr/bin/git submodule foreach --recursive sh -c "git config --local --name-only --get-regexp 'core\.sshCommand' && git config --local --unset-all 'core.sshCommand' || :"
2026-05-14T02:57:06.0295273Z Removing HTTP extra header
2026-05-14T02:57:06.0299862Z [command]/usr/bin/git config --local --name-only --get-regexp http\.https\:\/\/github\.com\/\.extraheader
2026-05-14T02:57:06.0329567Z [command]/usr/bin/git submodule foreach --recursive sh -c "git config --local --name-only --get-regexp 'http\.https\:\/\/github\.com\/\.extraheader' && git config --local --unset-all 'http.https://github.com/.extraheader' || :"
2026-05-14T02:57:06.0538236Z Removing includeIf entries pointing to credentials config files
2026-05-14T02:57:06.0542581Z [command]/usr/bin/git config --local --name-only --get-regexp ^includeIf\.gitdir:
2026-05-14T02:57:06.0574094Z [command]/usr/bin/git submodule foreach --recursive git config --local --show-origin --name-only --get-regexp remote.origin.url
2026-05-14T02:57:06.0790394Z [command]/usr/bin/git config --file /home/runner/work/_temp/git-credentials-e5331d75-5031-426a-8ab2-e3dcf14aec49.config http.https://github.com/.extraheader AUTHORIZATION: basic ***
2026-05-14T02:57:06.0825609Z [command]/usr/bin/git config --local includeIf.gitdir:/home/runner/work/prismTask/prismTask/.git.path /home/runner/work/_temp/git-credentials-e5331d75-5031-426a-8ab2-e3dcf14aec49.config
2026-05-14T02:57:06.0855872Z [command]/usr/bin/git config --local includeIf.gitdir:/home/runner/work/prismTask/prismTask/.git/worktrees/*.path /home/runner/work/_temp/git-credentials-e5331d75-5031-426a-8ab2-e3dcf14aec49.config
2026-05-14T02:57:06.0885288Z [command]/usr/bin/git config --local includeIf.gitdir:/github/workspace/.git.path /github/runner_temp/git-credentials-e5331d75-5031-426a-8ab2-e3dcf14aec49.config
2026-05-14T02:57:06.0915542Z [command]/usr/bin/git config --local includeIf.gitdir:/github/workspace/.git/worktrees/*.path /github/runner_temp/git-credentials-e5331d75-5031-426a-8ab2-e3dcf14aec49.config
2026-05-14T02:57:06.0942154Z ##[endgroup]
2026-05-14T02:57:06.0943199Z ##[group]Fetching the repository
2026-05-14T02:57:06.0950177Z [command]/usr/bin/git -c protocol.version=2 fetch --no-tags --prune --no-recurse-submodules --depth=1 origin +a611e511706059c7f1068be9d2a1c7b63963efdf:refs/remotes/pull/1345/merge
2026-05-14T02:57:08.2398236Z From https://github.com/averycorp/prismTask
2026-05-14T02:57:08.2400296Z  * [new ref]         a611e511706059c7f1068be9d2a1c7b63963efdf -> pull/1345/merge
2026-05-14T02:57:08.2428948Z ##[endgroup]
2026-05-14T02:57:08.2430131Z ##[group]Determining the checkout info
2026-05-14T02:57:08.2431164Z ##[endgroup]
2026-05-14T02:57:08.2435280Z [command]/usr/bin/git sparse-checkout disable
2026-05-14T02:57:08.2471276Z [command]/usr/bin/git config --local --unset-all extensions.worktreeConfig
2026-05-14T02:57:08.2498780Z ##[group]Checking out the ref
2026-05-14T02:57:08.2502793Z [command]/usr/bin/git checkout --progress --force refs/remotes/pull/1345/merge
2026-05-14T02:57:08.5279211Z Note: switching to 'refs/remotes/pull/1345/merge'.
2026-05-14T02:57:08.5280265Z 
2026-05-14T02:57:08.5280962Z You are in 'detached HEAD' state. You can look around, make experimental
2026-05-14T02:57:08.5282643Z changes and commit them, and you can discard any commits you make in this
2026-05-14T02:57:08.5284612Z state without impacting any branches by switching back to a branch.
2026-05-14T02:57:08.5285418Z 
2026-05-14T02:57:08.5285966Z If you want to create a new branch to retain commits you create, you may
2026-05-14T02:57:08.5287320Z do so (now or later) by using -c with the switch command. Example:
2026-05-14T02:57:08.5288165Z 
2026-05-14T02:57:08.5288505Z   git switch -c <new-branch-name>
2026-05-14T02:57:08.5289062Z 
2026-05-14T02:57:08.5289383Z Or undo this operation with:
2026-05-14T02:57:08.5289907Z 
2026-05-14T02:57:08.5290194Z   git switch -
2026-05-14T02:57:08.5290614Z 
2026-05-14T02:57:08.5291382Z Turn off this advice by setting config variable advice.detachedHead to false
2026-05-14T02:57:08.5292450Z 
2026-05-14T02:57:08.5293800Z HEAD is now at a611e51 Merge 68e02b79f44a6a9de9f64ccd9fba9b263e560039 into 5bd5aee5d5da898c133a73c9d834930cd2e71645
2026-05-14T02:57:08.5302989Z ##[endgroup]
2026-05-14T02:57:08.5342226Z [command]/usr/bin/git log -1 --format=%H
2026-05-14T02:57:08.5366530Z a611e511706059c7f1068be9d2a1c7b63963efdf
2026-05-14T02:57:08.5733836Z Prepare all required actions
2026-05-14T02:57:08.5735158Z Getting action download info
2026-05-14T02:57:08.7325568Z Download action repository 'actions/setup-node@v4' (SHA:49933ea5288caeca8642d1e84afbd3f7d6820020)
2026-05-14T02:57:08.8410331Z ##[group]Run ./.github/actions/setup-node-web
2026-05-14T02:57:08.8411455Z ##[endgroup]
2026-05-14T02:57:08.8602596Z ##[group]Run actions/setup-node@v4
2026-05-14T02:57:08.8603820Z with:
2026-05-14T02:57:08.8604567Z   node-version: 22
2026-05-14T02:57:08.8605330Z   cache: npm
2026-05-14T02:57:08.8606183Z   cache-dependency-path: web/package-lock.json
2026-05-14T02:57:08.8607299Z   always-auth: false
2026-05-14T02:57:08.8608101Z   check-latest: false
2026-05-14T02:57:08.8609145Z   token: ***
2026-05-14T02:57:08.8609849Z ##[endgroup]
2026-05-14T02:57:09.0469164Z Found in cache @ /opt/hostedtoolcache/node/22.22.2/x64
2026-05-14T02:57:09.0476569Z ##[group]Environment details
2026-05-14T02:57:09.3632503Z node: v22.22.2
2026-05-14T02:57:09.3633899Z npm: 10.9.7
2026-05-14T02:57:09.3634267Z yarn: 1.22.22
2026-05-14T02:57:09.3635235Z ##[endgroup]
2026-05-14T02:57:09.3666010Z [command]/opt/hostedtoolcache/node/22.22.2/x64/bin/npm config get cache
2026-05-14T02:57:09.4670980Z /home/runner/.npm
2026-05-14T02:57:09.7036975Z npm cache is not found
2026-05-14T02:57:09.7178667Z ##[group]Run npm ci
2026-05-14T02:57:09.7178980Z [36;1mnpm ci[0m
2026-05-14T02:57:09.7214788Z shell: /usr/bin/bash --noprofile --norc -e -o pipefail {0}
2026-05-14T02:57:09.7215218Z ##[endgroup]
2026-05-14T02:57:10.6338462Z npm error code ETARGET
2026-05-14T02:57:10.6339219Z npm error notarget No matching version found for idb@^8.0.4.
2026-05-14T02:57:10.6340127Z npm error notarget In most cases you or one of your dependencies are requesting
2026-05-14T02:57:10.6340817Z npm error notarget a package version that doesn't exist.
2026-05-14T02:57:10.6344887Z npm error A complete log of this run can be found in: /home/runner/.npm/_logs/2026-05-14T02_57_09_776Z-debug-0.log
2026-05-14T02:57:10.6719477Z ##[error]Process completed with exit code 1.
2026-05-14T02:57:10.6814449Z Post job cleanup.
2026-05-14T02:57:10.6903657Z Post job cleanup.
2026-05-14T02:57:10.7711624Z [command]/usr/bin/git version
2026-05-14T02:57:10.7779307Z git version 2.53.0
2026-05-14T02:57:10.7818648Z Temporarily overriding HOME='/home/runner/work/_temp/1735085f-a42f-44cf-9dad-f37779b9fcaf' before making global git config changes
2026-05-14T02:57:10.7819686Z Adding repository directory to the temporary git global config as a safe directory
2026-05-14T02:57:10.7824403Z [command]/usr/bin/git config --global --add safe.directory /home/runner/work/prismTask/prismTask
2026-05-14T02:57:10.7853615Z Removing SSH command configuration
2026-05-14T02:57:10.7860652Z [command]/usr/bin/git config --local --name-only --get-regexp core\.sshCommand
2026-05-14T02:57:10.7895733Z [command]/usr/bin/git submodule foreach --recursive sh -c "git config --local --name-only --get-regexp 'core\.sshCommand' && git config --local --unset-all 'core.sshCommand' || :"
2026-05-14T02:57:10.8114609Z Removing HTTP extra header
2026-05-14T02:57:10.8119529Z [command]/usr/bin/git config --local --name-only --get-regexp http\.https\:\/\/github\.com\/\.extraheader
2026-05-14T02:57:10.8150891Z [command]/usr/bin/git submodule foreach --recursive sh -c "git config --local --name-only --get-regexp 'http\.https\:\/\/github\.com\/\.extraheader' && git config --local --unset-all 'http.https://github.com/.extraheader' || :"
2026-05-14T02:57:10.8369299Z Removing includeIf entries pointing to credentials config files
2026-05-14T02:57:10.8378109Z [command]/usr/bin/git config --local --name-only --get-regexp ^includeIf\.gitdir:
2026-05-14T02:57:10.8401117Z includeif.gitdir:/home/runner/work/prismTask/prismTask/.git.path
2026-05-14T02:57:10.8402367Z includeif.gitdir:/home/runner/work/prismTask/prismTask/.git/worktrees/*.path
2026-05-14T02:57:10.8403937Z includeif.gitdir:/github/workspace/.git.path
2026-05-14T02:57:10.8404781Z includeif.gitdir:/github/workspace/.git/worktrees/*.path
2026-05-14T02:57:10.8412324Z [command]/usr/bin/git config --local --get-all includeif.gitdir:/home/runner/work/prismTask/prismTask/.git.path
2026-05-14T02:57:10.8434993Z /home/runner/work/_temp/git-credentials-e5331d75-5031-426a-8ab2-e3dcf14aec49.config
2026-05-14T02:57:10.8450666Z [command]/usr/bin/git config --local --unset includeif.gitdir:/home/runner/work/prismTask/prismTask/.git.path /home/runner/work/_temp/git-credentials-e5331d75-5031-426a-8ab2-e3dcf14aec49.config
2026-05-14T02:57:10.8489619Z [command]/usr/bin/git config --local --get-all includeif.gitdir:/home/runner/work/prismTask/prismTask/.git/worktrees/*.path
2026-05-14T02:57:10.8510314Z /home/runner/work/_temp/git-credentials-e5331d75-5031-426a-8ab2-e3dcf14aec49.config
2026-05-14T02:57:10.8518732Z [command]/usr/bin/git config --local --unset includeif.gitdir:/home/runner/work/prismTask/prismTask/.git/worktrees/*.path /home/runner/work/_temp/git-credentials-e5331d75-5031-426a-8ab2-e3dcf14aec49.config
2026-05-14T02:57:10.8548797Z [command]/usr/bin/git config --local --get-all includeif.gitdir:/github/workspace/.git.path
2026-05-14T02:57:10.8569310Z /github/runner_temp/git-credentials-e5331d75-5031-426a-8ab2-e3dcf14aec49.config
2026-05-14T02:57:10.8577363Z [command]/usr/bin/git config --local --unset includeif.gitdir:/github/workspace/.git.path /github/runner_temp/git-credentials-e5331d75-5031-426a-8ab2-e3dcf14aec49.config
2026-05-14T02:57:10.8608228Z [command]/usr/bin/git config --local --get-all includeif.gitdir:/github/workspace/.git/worktrees/*.path
2026-05-14T02:57:10.8627973Z /github/runner_temp/git-credentials-e5331d75-5031-426a-8ab2-e3dcf14aec49.config
2026-05-14T02:57:10.8637149Z [command]/usr/bin/git config --local --unset includeif.gitdir:/github/workspace/.git/worktrees/*.path /github/runner_temp/git-credentials-e5331d75-5031-426a-8ab2-e3dcf14aec49.config
2026-05-14T02:57:10.8667175Z [command]/usr/bin/git submodule foreach --recursive git config --local --show-origin --name-only --get-regexp remote.origin.url
2026-05-14T02:57:10.8877556Z Removing credentials config '/home/runner/work/_temp/git-credentials-e5331d75-5031-426a-8ab2-e3dcf14aec49.config'
2026-05-14T02:57:10.9002068Z Cleaning up orphan processes
2026-05-14T02:57:10.9284180Z ##[warning]Node.js 20 actions are deprecated. The following actions are running on Node.js 20 and may not work as expected: actions/setup-node@v4. Actions will be forced to run with Node.js 24 by default starting June 2nd, 2026. Node.js 20 will be removed from the runner on September 16th, 2026. Please check if updated versions of these actions are available that support Node.js 24. To opt into Node.js 24 now, set the FORCE_JAVASCRIPT_ACTIONS_TO_NODE24=true environment variable on the runner or in your workflow file. Once Node.js 24 becomes the default, you can temporarily opt out by setting ACTIONS_ALLOW_USE_UNSECURE_NODE_VERSION=true. For more information see: https://github.blog/changelog/2025-09-19-deprecation-of-node-20-on-github-actions-runners/


--- Job: web-unit-tests (3, 3) (id 75919910071) ---
2026-05-14T02:56:54.1906938Z Current runner version: '2.334.0'
2026-05-14T02:56:54.1929838Z ##[group]Runner Image Provisioner
2026-05-14T02:56:54.1930574Z Hosted Compute Agent
2026-05-14T02:56:54.1931018Z Version: 20260213.493
2026-05-14T02:56:54.1931591Z Commit: 5c115507f6dd24b8de37d8bbe0bb4509d0cc0fa3
2026-05-14T02:56:54.1932217Z Build Date: 2026-02-13T00:28:41Z
2026-05-14T02:56:54.1932804Z Worker ID: {128fc594-15bf-425d-a2dc-4e17fbb40ab0}
2026-05-14T02:56:54.1933373Z Azure Region: westus3
2026-05-14T02:56:54.1933923Z ##[endgroup]
2026-05-14T02:56:54.1935186Z ##[group]Operating System
2026-05-14T02:56:54.1935689Z Ubuntu
2026-05-14T02:56:54.1936162Z 24.04.4
2026-05-14T02:56:54.1936541Z LTS
2026-05-14T02:56:54.1936959Z ##[endgroup]
2026-05-14T02:56:54.1937590Z ##[group]Runner Image
2026-05-14T02:56:54.1938064Z Image: ubuntu-24.04
2026-05-14T02:56:54.1938509Z Version: 20260413.86.1
2026-05-14T02:56:54.1939597Z Included Software: https://github.com/actions/runner-images/blob/ubuntu24/20260413.86/images/ubuntu/Ubuntu2404-Readme.md
2026-05-14T02:56:54.1940794Z Image Release: https://github.com/actions/runner-images/releases/tag/ubuntu24%2F20260413.86
2026-05-14T02:56:54.1941603Z ##[endgroup]
2026-05-14T02:56:54.1942619Z ##[group]GITHUB_TOKEN Permissions
2026-05-14T02:56:54.1944619Z Actions: read
2026-05-14T02:56:54.1945053Z Checks: read
2026-05-14T02:56:54.1945488Z Contents: write
2026-05-14T02:56:54.1945918Z Metadata: read
2026-05-14T02:56:54.1946364Z ##[endgroup]
2026-05-14T02:56:54.1948473Z Secret source: Actions
2026-05-14T02:56:54.1949134Z Prepare workflow directory
2026-05-14T02:56:54.2301835Z Prepare all required actions
2026-05-14T02:56:54.2353334Z Getting action download info
2026-05-14T02:56:54.6175855Z Download action repository 'actions/checkout@v6' (SHA:de0fac2e4500dabe0009e67214ff5f5447ce83dd)
2026-05-14T02:56:54.8135563Z Complete job name: web-unit-tests (3, 3)
2026-05-14T02:56:54.8684717Z ##[group]Run actions/checkout@v6
2026-05-14T02:56:54.8685478Z with:
2026-05-14T02:56:54.8685987Z   repository: averycorp/prismTask
2026-05-14T02:56:54.8686664Z   token: ***
2026-05-14T02:56:54.8687082Z   ssh-strict: true
2026-05-14T02:56:54.8687961Z   ssh-user: git
2026-05-14T02:56:54.8688361Z   persist-credentials: true
2026-05-14T02:56:54.8689056Z   clean: true
2026-05-14T02:56:54.8689464Z   sparse-checkout-cone-mode: true
2026-05-14T02:56:54.8689969Z   fetch-depth: 1
2026-05-14T02:56:54.8690357Z   fetch-tags: false
2026-05-14T02:56:54.8690816Z   show-progress: true
2026-05-14T02:56:54.8691237Z   lfs: false
2026-05-14T02:56:54.8691645Z   submodules: false
2026-05-14T02:56:54.8692082Z   set-safe-directory: true
2026-05-14T02:56:54.8692840Z ##[endgroup]
2026-05-14T02:56:54.9619937Z Syncing repository: averycorp/prismTask
2026-05-14T02:56:54.9621695Z ##[group]Getting Git version info
2026-05-14T02:56:54.9622412Z Working directory is '/home/runner/work/prismTask/prismTask'
2026-05-14T02:56:54.9623544Z [command]/usr/bin/git version
2026-05-14T02:56:54.9629440Z git version 2.53.0
2026-05-14T02:56:54.9649952Z ##[endgroup]
2026-05-14T02:56:54.9663654Z Temporarily overriding HOME='/home/runner/work/_temp/70e544d3-bbba-482b-8441-2bf91b7563e7' before making global git config changes
2026-05-14T02:56:54.9666067Z Adding repository directory to the temporary git global config as a safe directory
2026-05-14T02:56:54.9669640Z [command]/usr/bin/git config --global --add safe.directory /home/runner/work/prismTask/prismTask
2026-05-14T02:56:54.9695025Z Deleting the contents of '/home/runner/work/prismTask/prismTask'
2026-05-14T02:56:54.9699046Z ##[group]Initializing the repository
2026-05-14T02:56:54.9703141Z [command]/usr/bin/git init /home/runner/work/prismTask/prismTask
2026-05-14T02:56:54.9754932Z hint: Using 'master' as the name for the initial branch. This default branch name
2026-05-14T02:56:54.9756668Z hint: will change to "main" in Git 3.0. To configure the initial branch name
2026-05-14T02:56:54.9758518Z hint: to use in all of your new repositories, which will suppress this warning,
2026-05-14T02:56:54.9759703Z hint: call:
2026-05-14T02:56:54.9760565Z hint:
2026-05-14T02:56:54.9761884Z hint: 	git config --global init.defaultBranch <name>
2026-05-14T02:56:54.9762890Z hint:
2026-05-14T02:56:54.9763792Z hint: Names commonly chosen instead of 'master' are 'main', 'trunk' and
2026-05-14T02:56:54.9765349Z hint: 'development'. The just-created branch can be renamed via this command:
2026-05-14T02:56:54.9766596Z hint:
2026-05-14T02:56:54.9767398Z hint: 	git branch -m <name>
2026-05-14T02:56:54.9768302Z hint:
2026-05-14T02:56:54.9769350Z hint: Disable this message with "git config set advice.defaultBranchName false"
2026-05-14T02:56:54.9771073Z Initialized empty Git repository in /home/runner/work/prismTask/prismTask/.git/
2026-05-14T02:56:54.9773094Z [command]/usr/bin/git remote add origin https://github.com/averycorp/prismTask
2026-05-14T02:56:54.9789995Z ##[endgroup]
2026-05-14T02:56:54.9791318Z ##[group]Disabling automatic garbage collection
2026-05-14T02:56:54.9794366Z [command]/usr/bin/git config --local gc.auto 0
2026-05-14T02:56:54.9816027Z ##[endgroup]
2026-05-14T02:56:54.9817548Z ##[group]Setting up auth
2026-05-14T02:56:54.9818476Z Removing SSH command configuration
2026-05-14T02:56:54.9823406Z [command]/usr/bin/git config --local --name-only --get-regexp core\.sshCommand
2026-05-14T02:56:54.9848637Z [command]/usr/bin/git submodule foreach --recursive sh -c "git config --local --name-only --get-regexp 'core\.sshCommand' && git config --local --unset-all 'core.sshCommand' || :"
2026-05-14T02:56:55.0051548Z Removing HTTP extra header
2026-05-14T02:56:55.0057082Z [command]/usr/bin/git config --local --name-only --get-regexp http\.https\:\/\/github\.com\/\.extraheader
2026-05-14T02:56:55.0081381Z [command]/usr/bin/git submodule foreach --recursive sh -c "git config --local --name-only --get-regexp 'http\.https\:\/\/github\.com\/\.extraheader' && git config --local --unset-all 'http.https://github.com/.extraheader' || :"
2026-05-14T02:56:55.0240089Z Removing includeIf entries pointing to credentials config files
2026-05-14T02:56:55.0245157Z [command]/usr/bin/git config --local --name-only --get-regexp ^includeIf\.gitdir:
2026-05-14T02:56:55.0267597Z [command]/usr/bin/git submodule foreach --recursive git config --local --show-origin --name-only --get-regexp remote.origin.url
2026-05-14T02:56:55.0543781Z [command]/usr/bin/git config --file /home/runner/work/_temp/git-credentials-67ab9ebe-5f8e-4784-bae1-2e50cd6d4216.config http.https://github.com/.extraheader AUTHORIZATION: basic ***
2026-05-14T02:56:55.0546432Z [command]/usr/bin/git config --local includeIf.gitdir:/home/runner/work/prismTask/prismTask/.git.path /home/runner/work/_temp/git-credentials-67ab9ebe-5f8e-4784-bae1-2e50cd6d4216.config
2026-05-14T02:56:55.0549365Z [command]/usr/bin/git config --local includeIf.gitdir:/home/runner/work/prismTask/prismTask/.git/worktrees/*.path /home/runner/work/_temp/git-credentials-67ab9ebe-5f8e-4784-bae1-2e50cd6d4216.config
2026-05-14T02:56:55.0551639Z [command]/usr/bin/git config --local includeIf.gitdir:/github/workspace/.git.path /github/runner_temp/git-credentials-67ab9ebe-5f8e-4784-bae1-2e50cd6d4216.config
2026-05-14T02:56:55.0553823Z [command]/usr/bin/git config --local includeIf.gitdir:/github/workspace/.git/worktrees/*.path /github/runner_temp/git-credentials-67ab9ebe-5f8e-4784-bae1-2e50cd6d4216.config
2026-05-14T02:56:55.0590978Z ##[endgroup]
2026-05-14T02:56:55.0592015Z ##[group]Fetching the repository
2026-05-14T02:56:55.0600188Z [command]/usr/bin/git -c protocol.version=2 fetch --no-tags --prune --no-recurse-submodules --depth=1 origin +a611e511706059c7f1068be9d2a1c7b63963efdf:refs/remotes/pull/1345/merge
2026-05-14T02:56:57.2649152Z From https://github.com/averycorp/prismTask
2026-05-14T02:56:57.2650353Z  * [new ref]         a611e511706059c7f1068be9d2a1c7b63963efdf -> pull/1345/merge
2026-05-14T02:56:57.2672088Z ##[endgroup]
2026-05-14T02:56:57.2673577Z ##[group]Determining the checkout info
2026-05-14T02:56:57.2675150Z ##[endgroup]
2026-05-14T02:56:57.2679476Z [command]/usr/bin/git sparse-checkout disable
2026-05-14T02:56:57.2709976Z [command]/usr/bin/git config --local --unset-all extensions.worktreeConfig
2026-05-14T02:56:57.2731463Z ##[group]Checking out the ref
2026-05-14T02:56:57.2735225Z [command]/usr/bin/git checkout --progress --force refs/remotes/pull/1345/merge
2026-05-14T02:56:57.5178939Z Note: switching to 'refs/remotes/pull/1345/merge'.
2026-05-14T02:56:57.5179831Z 
2026-05-14T02:56:57.5180514Z You are in 'detached HEAD' state. You can look around, make experimental
2026-05-14T02:56:57.5182235Z changes and commit them, and you can discard any commits you make in this
2026-05-14T02:56:57.5183957Z state without impacting any branches by switching back to a branch.
2026-05-14T02:56:57.5184993Z 
2026-05-14T02:56:57.5185677Z If you want to create a new branch to retain commits you create, you may
2026-05-14T02:56:57.5187439Z do so (now or later) by using -c with the switch command. Example:
2026-05-14T02:56:57.5188803Z 
2026-05-14T02:56:57.5189376Z   git switch -c <new-branch-name>
2026-05-14T02:56:57.5190378Z 
2026-05-14T02:56:57.5190872Z Or undo this operation with:
2026-05-14T02:56:57.5191733Z 
2026-05-14T02:56:57.5192159Z   git switch -
2026-05-14T02:56:57.5192816Z 
2026-05-14T02:56:57.5193955Z Turn off this advice by setting config variable advice.detachedHead to false
2026-05-14T02:56:57.5195835Z 
2026-05-14T02:56:57.5198048Z HEAD is now at a611e51 Merge 68e02b79f44a6a9de9f64ccd9fba9b263e560039 into 5bd5aee5d5da898c133a73c9d834930cd2e71645
2026-05-14T02:56:57.5204002Z ##[endgroup]
2026-05-14T02:56:57.5229223Z [command]/usr/bin/git log -1 --format=%H
2026-05-14T02:56:57.5248707Z a611e511706059c7f1068be9d2a1c7b63963efdf
2026-05-14T02:56:57.5583515Z Prepare all required actions
2026-05-14T02:56:57.5584791Z Getting action download info
2026-05-14T02:56:57.7380401Z Download action repository 'actions/setup-node@v4' (SHA:49933ea5288caeca8642d1e84afbd3f7d6820020)
2026-05-14T02:56:57.8291178Z ##[group]Run ./.github/actions/setup-node-web
2026-05-14T02:56:57.8292286Z ##[endgroup]
2026-05-14T02:56:57.8478840Z ##[group]Run actions/setup-node@v4
2026-05-14T02:56:57.8479845Z with:
2026-05-14T02:56:57.8480590Z   node-version: 22
2026-05-14T02:56:57.8481357Z   cache: npm
2026-05-14T02:56:57.8482199Z   cache-dependency-path: web/package-lock.json
2026-05-14T02:56:57.8483277Z   always-auth: false
2026-05-14T02:56:57.8484054Z   check-latest: false
2026-05-14T02:56:57.8485111Z   token: ***
2026-05-14T02:56:57.8485808Z ##[endgroup]
2026-05-14T02:56:58.0144585Z Found in cache @ /opt/hostedtoolcache/node/22.22.2/x64
2026-05-14T02:56:58.0150684Z ##[group]Environment details
2026-05-14T02:56:58.3202900Z node: v22.22.2
2026-05-14T02:56:58.3203587Z npm: 10.9.7
2026-05-14T02:56:58.3203956Z yarn: 1.22.22
2026-05-14T02:56:58.3204826Z ##[endgroup]
2026-05-14T02:56:58.3226798Z [command]/opt/hostedtoolcache/node/22.22.2/x64/bin/npm config get cache
2026-05-14T02:56:58.5845120Z /home/runner/.npm
2026-05-14T02:56:58.8236415Z npm cache is not found
2026-05-14T02:56:58.8363688Z ##[group]Run npm ci
2026-05-14T02:56:58.8364124Z [36;1mnpm ci[0m
2026-05-14T02:56:58.8391646Z shell: /usr/bin/bash --noprofile --norc -e -o pipefail {0}
2026-05-14T02:56:58.8392044Z ##[endgroup]
2026-05-14T02:56:59.7021979Z npm error code ETARGET
2026-05-14T02:56:59.7022759Z npm error notarget No matching version found for idb@^8.0.4.
2026-05-14T02:56:59.7023455Z npm error notarget In most cases you or one of your dependencies are requesting
2026-05-14T02:56:59.7024353Z npm error notarget a package version that doesn't exist.
2026-05-14T02:56:59.7025036Z npm error A complete log of this run can be found in: /home/runner/.npm/_logs/2026-05-14T02_56_58_889Z-debug-0.log
2026-05-14T02:56:59.7219911Z ##[error]Process completed with exit code 1.
2026-05-14T02:56:59.7308109Z Post job cleanup.
2026-05-14T02:56:59.7391848Z Post job cleanup.
2026-05-14T02:56:59.8158844Z [command]/usr/bin/git version
2026-05-14T02:56:59.8189341Z git version 2.53.0
2026-05-14T02:56:59.8225226Z Temporarily overriding HOME='/home/runner/work/_temp/5f8035f8-2895-4954-b9e5-6164ec1346e8' before making global git config changes
2026-05-14T02:56:59.8226798Z Adding repository directory to the temporary git global config as a safe directory
2026-05-14T02:56:59.8231177Z [command]/usr/bin/git config --global --add safe.directory /home/runner/work/prismTask/prismTask
2026-05-14T02:56:59.8254049Z Removing SSH command configuration
2026-05-14T02:56:59.8259638Z [command]/usr/bin/git config --local --name-only --get-regexp core\.sshCommand
2026-05-14T02:56:59.8285814Z [command]/usr/bin/git submodule foreach --recursive sh -c "git config --local --name-only --get-regexp 'core\.sshCommand' && git config --local --unset-all 'core.sshCommand' || :"
2026-05-14T02:56:59.8452089Z Removing HTTP extra header
2026-05-14T02:56:59.8457811Z [command]/usr/bin/git config --local --name-only --get-regexp http\.https\:\/\/github\.com\/\.extraheader
2026-05-14T02:56:59.8483946Z [command]/usr/bin/git submodule foreach --recursive sh -c "git config --local --name-only --get-regexp 'http\.https\:\/\/github\.com\/\.extraheader' && git config --local --unset-all 'http.https://github.com/.extraheader' || :"
2026-05-14T02:56:59.8649057Z Removing includeIf entries pointing to credentials config files
2026-05-14T02:56:59.8654598Z [command]/usr/bin/git config --local --name-only --get-regexp ^includeIf\.gitdir:
2026-05-14T02:56:59.8671078Z includeif.gitdir:/home/runner/work/prismTask/prismTask/.git.path
2026-05-14T02:56:59.8671808Z includeif.gitdir:/home/runner/work/prismTask/prismTask/.git/worktrees/*.path
2026-05-14T02:56:59.8672586Z includeif.gitdir:/github/workspace/.git.path
2026-05-14T02:56:59.8673295Z includeif.gitdir:/github/workspace/.git/worktrees/*.path
2026-05-14T02:56:59.8679866Z [command]/usr/bin/git config --local --get-all includeif.gitdir:/home/runner/work/prismTask/prismTask/.git.path
2026-05-14T02:56:59.8727609Z /home/runner/work/_temp/git-credentials-67ab9ebe-5f8e-4784-bae1-2e50cd6d4216.config
2026-05-14T02:56:59.8736816Z [command]/usr/bin/git config --local --unset includeif.gitdir:/home/runner/work/prismTask/prismTask/.git.path /home/runner/work/_temp/git-credentials-67ab9ebe-5f8e-4784-bae1-2e50cd6d4216.config
2026-05-14T02:56:59.8762843Z [command]/usr/bin/git config --local --get-all includeif.gitdir:/home/runner/work/prismTask/prismTask/.git/worktrees/*.path
2026-05-14T02:56:59.8778911Z /home/runner/work/_temp/git-credentials-67ab9ebe-5f8e-4784-bae1-2e50cd6d4216.config
2026-05-14T02:56:59.8786339Z [command]/usr/bin/git config --local --unset includeif.gitdir:/home/runner/work/prismTask/prismTask/.git/worktrees/*.path /home/runner/work/_temp/git-credentials-67ab9ebe-5f8e-4784-bae1-2e50cd6d4216.config
2026-05-14T02:56:59.8808421Z [command]/usr/bin/git config --local --get-all includeif.gitdir:/github/workspace/.git.path
2026-05-14T02:56:59.8823973Z /github/runner_temp/git-credentials-67ab9ebe-5f8e-4784-bae1-2e50cd6d4216.config
2026-05-14T02:56:59.8829902Z [command]/usr/bin/git config --local --unset includeif.gitdir:/github/workspace/.git.path /github/runner_temp/git-credentials-67ab9ebe-5f8e-4784-bae1-2e50cd6d4216.config
2026-05-14T02:56:59.8851889Z [command]/usr/bin/git config --local --get-all includeif.gitdir:/github/workspace/.git/worktrees/*.path
2026-05-14T02:56:59.8867171Z /github/runner_temp/git-credentials-67ab9ebe-5f8e-4784-bae1-2e50cd6d4216.config
2026-05-14T02:56:59.8873861Z [command]/usr/bin/git config --local --unset includeif.gitdir:/github/workspace/.git/worktrees/*.path /github/runner_temp/git-credentials-67ab9ebe-5f8e-4784-bae1-2e50cd6d4216.config
2026-05-14T02:56:59.8896886Z [command]/usr/bin/git submodule foreach --recursive git config --local --show-origin --name-only --get-regexp remote.origin.url
2026-05-14T02:56:59.9057872Z Removing credentials config '/home/runner/work/_temp/git-credentials-67ab9ebe-5f8e-4784-bae1-2e50cd6d4216.config'
2026-05-14T02:56:59.9163172Z Cleaning up orphan processes
2026-05-14T02:56:59.9384008Z ##[warning]Node.js 20 actions are deprecated. The following actions are running on Node.js 20 and may not work as expected: actions/setup-node@v4. Actions will be forced to run with Node.js 24 by default starting June 2nd, 2026. Node.js 20 will be removed from the runner on September 16th, 2026. Please check if updated versions of these actions are available that support Node.js 24. To opt into Node.js 24 now, set the FORCE_JAVASCRIPT_ACTIONS_TO_NODE24=true environment variable on the runner or in your workflow file. Once Node.js 24 becomes the default, you can temporarily opt out by setting ACTIONS_ALLOW_USE_UNSECURE_NODE_VERSION=true. For more information see: https://github.blog/changelog/2025-09-19-deprecation-of-node-20-on-github-actions-runners/


--- Job: web-unit-tests (1, 3) (id 75919910077) ---
2026-05-14T02:56:54.3595570Z Current runner version: '2.334.0'
2026-05-14T02:56:54.3619665Z ##[group]Runner Image Provisioner
2026-05-14T02:56:54.3620487Z Hosted Compute Agent
2026-05-14T02:56:54.3621041Z Version: 20260213.493
2026-05-14T02:56:54.3621623Z Commit: 5c115507f6dd24b8de37d8bbe0bb4509d0cc0fa3
2026-05-14T02:56:54.3622351Z Build Date: 2026-02-13T00:28:41Z
2026-05-14T02:56:54.3623016Z Worker ID: {ebaec4cb-4a14-4acc-9e86-e2fe4342776b}
2026-05-14T02:56:54.3623656Z Azure Region: westus
2026-05-14T02:56:54.3624254Z ##[endgroup]
2026-05-14T02:56:54.3625649Z ##[group]Operating System
2026-05-14T02:56:54.3626349Z Ubuntu
2026-05-14T02:56:54.3626755Z 24.04.4
2026-05-14T02:56:54.3627560Z LTS
2026-05-14T02:56:54.3627997Z ##[endgroup]
2026-05-14T02:56:54.3628504Z ##[group]Runner Image
2026-05-14T02:56:54.3629125Z Image: ubuntu-24.04
2026-05-14T02:56:54.3629629Z Version: 20260413.86.1
2026-05-14T02:56:54.3630792Z Included Software: https://github.com/actions/runner-images/blob/ubuntu24/20260413.86/images/ubuntu/Ubuntu2404-Readme.md
2026-05-14T02:56:54.3632239Z Image Release: https://github.com/actions/runner-images/releases/tag/ubuntu24%2F20260413.86
2026-05-14T02:56:54.3633105Z ##[endgroup]
2026-05-14T02:56:54.3634307Z ##[group]GITHUB_TOKEN Permissions
2026-05-14T02:56:54.3636095Z Actions: read
2026-05-14T02:56:54.3636711Z Checks: read
2026-05-14T02:56:54.3637167Z Contents: write
2026-05-14T02:56:54.3637918Z Metadata: read
2026-05-14T02:56:54.3638417Z ##[endgroup]
2026-05-14T02:56:54.3640487Z Secret source: Actions
2026-05-14T02:56:54.3641146Z Prepare workflow directory
2026-05-14T02:56:54.4038322Z Prepare all required actions
2026-05-14T02:56:54.4075498Z Getting action download info
2026-05-14T02:56:54.8549205Z Download action repository 'actions/checkout@v6' (SHA:de0fac2e4500dabe0009e67214ff5f5447ce83dd)
2026-05-14T02:56:55.0701338Z Complete job name: web-unit-tests (1, 3)
2026-05-14T02:56:55.1375562Z ##[group]Run actions/checkout@v6
2026-05-14T02:56:55.1376462Z with:
2026-05-14T02:56:55.1376901Z   repository: averycorp/prismTask
2026-05-14T02:56:55.1377904Z   token: ***
2026-05-14T02:56:55.1378325Z   ssh-strict: true
2026-05-14T02:56:55.1378748Z   ssh-user: git
2026-05-14T02:56:55.1379186Z   persist-credentials: true
2026-05-14T02:56:55.1379659Z   clean: true
2026-05-14T02:56:55.1380099Z   sparse-checkout-cone-mode: true
2026-05-14T02:56:55.1380611Z   fetch-depth: 1
2026-05-14T02:56:55.1381027Z   fetch-tags: false
2026-05-14T02:56:55.1381459Z   show-progress: true
2026-05-14T02:56:55.1381894Z   lfs: false
2026-05-14T02:56:55.1382290Z   submodules: false
2026-05-14T02:56:55.1382722Z   set-safe-directory: true
2026-05-14T02:56:55.1383460Z ##[endgroup]
2026-05-14T02:56:55.2333306Z Syncing repository: averycorp/prismTask
2026-05-14T02:56:55.2335172Z ##[group]Getting Git version info
2026-05-14T02:56:55.2335942Z Working directory is '/home/runner/work/prismTask/prismTask'
2026-05-14T02:56:55.2337056Z [command]/usr/bin/git version
2026-05-14T02:56:55.2371761Z git version 2.53.0
2026-05-14T02:56:55.2426608Z ##[endgroup]
2026-05-14T02:56:55.2441559Z Temporarily overriding HOME='/home/runner/work/_temp/d98a5688-451f-47e1-be9d-a7c90810001e' before making global git config changes
2026-05-14T02:56:55.2443697Z Adding repository directory to the temporary git global config as a safe directory
2026-05-14T02:56:55.2446789Z [command]/usr/bin/git config --global --add safe.directory /home/runner/work/prismTask/prismTask
2026-05-14T02:56:55.2482103Z Deleting the contents of '/home/runner/work/prismTask/prismTask'
2026-05-14T02:56:55.2486071Z ##[group]Initializing the repository
2026-05-14T02:56:55.2490946Z [command]/usr/bin/git init /home/runner/work/prismTask/prismTask
2026-05-14T02:56:55.2582088Z hint: Using 'master' as the name for the initial branch. This default branch name
2026-05-14T02:56:55.2584246Z hint: will change to "main" in Git 3.0. To configure the initial branch name
2026-05-14T02:56:55.2586095Z hint: to use in all of your new repositories, which will suppress this warning,
2026-05-14T02:56:55.2587689Z hint: call:
2026-05-14T02:56:55.2588731Z hint:
2026-05-14T02:56:55.2590292Z hint: 	git config --global init.defaultBranch <name>
2026-05-14T02:56:55.2591529Z hint:
2026-05-14T02:56:55.2592818Z hint: Names commonly chosen instead of 'master' are 'main', 'trunk' and
2026-05-14T02:56:55.2594519Z hint: 'development'. The just-created branch can be renamed via this command:
2026-05-14T02:56:55.2595403Z hint:
2026-05-14T02:56:55.2595819Z hint: 	git branch -m <name>
2026-05-14T02:56:55.2596289Z hint:
2026-05-14T02:56:55.2596919Z hint: Disable this message with "git config set advice.defaultBranchName false"
2026-05-14T02:56:55.2598344Z Initialized empty Git repository in /home/runner/work/prismTask/prismTask/.git/
2026-05-14T02:56:55.2600217Z [command]/usr/bin/git remote add origin https://github.com/averycorp/prismTask
2026-05-14T02:56:55.2626718Z ##[endgroup]
2026-05-14T02:56:55.2627669Z ##[group]Disabling automatic garbage collection
2026-05-14T02:56:55.2632188Z [command]/usr/bin/git config --local gc.auto 0
2026-05-14T02:56:55.2662204Z ##[endgroup]
2026-05-14T02:56:55.2663659Z ##[group]Setting up auth
2026-05-14T02:56:55.2664702Z Removing SSH command configuration
2026-05-14T02:56:55.2670591Z [command]/usr/bin/git config --local --name-only --get-regexp core\.sshCommand
2026-05-14T02:56:55.2702326Z [command]/usr/bin/git submodule foreach --recursive sh -c "git config --local --name-only --get-regexp 'core\.sshCommand' && git config --local --unset-all 'core.sshCommand' || :"
2026-05-14T02:56:55.2983006Z Removing HTTP extra header
2026-05-14T02:56:55.2990477Z [command]/usr/bin/git config --local --name-only --get-regexp http\.https\:\/\/github\.com\/\.extraheader
2026-05-14T02:56:55.3020999Z [command]/usr/bin/git submodule foreach --recursive sh -c "git config --local --name-only --get-regexp 'http\.https\:\/\/github\.com\/\.extraheader' && git config --local --unset-all 'http.https://github.com/.extraheader' || :"
2026-05-14T02:56:55.3227896Z Removing includeIf entries pointing to credentials config files
2026-05-14T02:56:55.3233282Z [command]/usr/bin/git config --local --name-only --get-regexp ^includeIf\.gitdir:
2026-05-14T02:56:55.3263243Z [command]/usr/bin/git submodule foreach --recursive git config --local --show-origin --name-only --get-regexp remote.origin.url
2026-05-14T02:56:55.3495858Z [command]/usr/bin/git config --file /home/runner/work/_temp/git-credentials-6fac5853-b210-482f-bf8e-c707f65274af.config http.https://github.com/.extraheader AUTHORIZATION: basic ***
2026-05-14T02:56:55.3532289Z [command]/usr/bin/git config --local includeIf.gitdir:/home/runner/work/prismTask/prismTask/.git.path /home/runner/work/_temp/git-credentials-6fac5853-b210-482f-bf8e-c707f65274af.config
2026-05-14T02:56:55.3561031Z [command]/usr/bin/git config --local includeIf.gitdir:/home/runner/work/prismTask/prismTask/.git/worktrees/*.path /home/runner/work/_temp/git-credentials-6fac5853-b210-482f-bf8e-c707f65274af.config
2026-05-14T02:56:55.3589662Z [command]/usr/bin/git config --local includeIf.gitdir:/github/workspace/.git.path /github/runner_temp/git-credentials-6fac5853-b210-482f-bf8e-c707f65274af.config
2026-05-14T02:56:55.3625436Z [command]/usr/bin/git config --local includeIf.gitdir:/github/workspace/.git/worktrees/*.path /github/runner_temp/git-credentials-6fac5853-b210-482f-bf8e-c707f65274af.config
2026-05-14T02:56:55.3650912Z ##[endgroup]
2026-05-14T02:56:55.3651658Z ##[group]Fetching the repository
2026-05-14T02:56:55.3659047Z [command]/usr/bin/git -c protocol.version=2 fetch --no-tags --prune --no-recurse-submodules --depth=1 origin +a611e511706059c7f1068be9d2a1c7b63963efdf:refs/remotes/pull/1345/merge
2026-05-14T02:56:57.3147743Z From https://github.com/averycorp/prismTask
2026-05-14T02:56:57.3153596Z  * [new ref]         a611e511706059c7f1068be9d2a1c7b63963efdf -> pull/1345/merge
2026-05-14T02:56:57.3180485Z ##[endgroup]
2026-05-14T02:56:57.3182403Z ##[group]Determining the checkout info
2026-05-14T02:56:57.3184434Z ##[endgroup]
2026-05-14T02:56:57.3188173Z [command]/usr/bin/git sparse-checkout disable
2026-05-14T02:56:57.3227124Z [command]/usr/bin/git config --local --unset-all extensions.worktreeConfig
2026-05-14T02:56:57.3255931Z ##[group]Checking out the ref
2026-05-14T02:56:57.3259970Z [command]/usr/bin/git checkout --progress --force refs/remotes/pull/1345/merge
2026-05-14T02:56:57.6011573Z Note: switching to 'refs/remotes/pull/1345/merge'.
2026-05-14T02:56:57.6012743Z 
2026-05-14T02:56:57.6013605Z You are in 'detached HEAD' state. You can look around, make experimental
2026-05-14T02:56:57.6015749Z changes and commit them, and you can discard any commits you make in this
2026-05-14T02:56:57.6018283Z state without impacting any branches by switching back to a branch.
2026-05-14T02:56:57.6019446Z 
2026-05-14T02:56:57.6020116Z If you want to create a new branch to retain commits you create, you may
2026-05-14T02:56:57.6021642Z do so (now or later) by using -c with the switch command. Example:
2026-05-14T02:56:57.6022579Z 
2026-05-14T02:56:57.6022929Z   git switch -c <new-branch-name>
2026-05-14T02:56:57.6023524Z 
2026-05-14T02:56:57.6023864Z Or undo this operation with:
2026-05-14T02:56:57.6024452Z 
2026-05-14T02:56:57.6024737Z   git switch -
2026-05-14T02:56:57.6025167Z 
2026-05-14T02:56:57.6025927Z Turn off this advice by setting config variable advice.detachedHead to false
2026-05-14T02:56:57.6027086Z 
2026-05-14T02:56:57.6028749Z HEAD is now at a611e51 Merge 68e02b79f44a6a9de9f64ccd9fba9b263e560039 into 5bd5aee5d5da898c133a73c9d834930cd2e71645
2026-05-14T02:56:57.6035743Z ##[endgroup]
2026-05-14T02:56:57.6074700Z [command]/usr/bin/git log -1 --format=%H
2026-05-14T02:56:57.6098327Z a611e511706059c7f1068be9d2a1c7b63963efdf
2026-05-14T02:56:57.6473792Z Prepare all required actions
2026-05-14T02:56:57.6475078Z Getting action download info
2026-05-14T02:56:57.8595468Z Download action repository 'actions/setup-node@v4' (SHA:49933ea5288caeca8642d1e84afbd3f7d6820020)
2026-05-14T02:56:58.6228603Z ##[group]Run ./.github/actions/setup-node-web
2026-05-14T02:56:58.6228912Z ##[endgroup]
2026-05-14T02:56:58.6357978Z ##[group]Run actions/setup-node@v4
2026-05-14T02:56:58.6358255Z with:
2026-05-14T02:56:58.6358468Z   node-version: 22
2026-05-14T02:56:58.6358672Z   cache: npm
2026-05-14T02:56:58.6358901Z   cache-dependency-path: web/package-lock.json
2026-05-14T02:56:58.6359196Z   always-auth: false
2026-05-14T02:56:58.6425823Z   check-latest: false
2026-05-14T02:56:58.6426473Z   token: ***
2026-05-14T02:56:58.6426753Z ##[endgroup]
2026-05-14T02:56:58.8227620Z Found in cache @ /opt/hostedtoolcache/node/22.22.2/x64
2026-05-14T02:56:58.8234301Z ##[group]Environment details
2026-05-14T02:56:59.1282514Z node: v22.22.2
2026-05-14T02:56:59.1282987Z npm: 10.9.7
2026-05-14T02:56:59.1283299Z yarn: 1.22.22
2026-05-14T02:56:59.1284093Z ##[endgroup]
2026-05-14T02:56:59.1310030Z [command]/opt/hostedtoolcache/node/22.22.2/x64/bin/npm config get cache
2026-05-14T02:56:59.2344028Z /home/runner/.npm
2026-05-14T02:56:59.5066991Z npm cache is not found
2026-05-14T02:56:59.5202570Z ##[group]Run npm ci
2026-05-14T02:56:59.5202824Z [36;1mnpm ci[0m
2026-05-14T02:56:59.5239385Z shell: /usr/bin/bash --noprofile --norc -e -o pipefail {0}
2026-05-14T02:56:59.5239738Z ##[endgroup]
2026-05-14T02:57:00.3479471Z npm error code ETARGET
2026-05-14T02:57:00.3480310Z npm error notarget No matching version found for idb@^8.0.4.
2026-05-14T02:57:00.3481333Z npm error notarget In most cases you or one of your dependencies are requesting
2026-05-14T02:57:00.3482270Z npm error notarget a package version that doesn't exist.
2026-05-14T02:57:00.3483702Z npm error A complete log of this run can be found in: /home/runner/.npm/_logs/2026-05-14T02_56_59_577Z-debug-0.log
2026-05-14T02:57:00.3859850Z ##[error]Process completed with exit code 1.
2026-05-14T02:57:00.3939791Z Post job cleanup.
2026-05-14T02:57:00.4000485Z Post job cleanup.
2026-05-14T02:57:00.4798042Z [command]/usr/bin/git version
2026-05-14T02:57:00.4832859Z git version 2.53.0
2026-05-14T02:57:00.4874032Z Temporarily overriding HOME='/home/runner/work/_temp/00e0060e-a158-473f-9725-978480085652' before making global git config changes
2026-05-14T02:57:00.4875643Z Adding repository directory to the temporary git global config as a safe directory
2026-05-14T02:57:00.4880356Z [command]/usr/bin/git config --global --add safe.directory /home/runner/work/prismTask/prismTask
2026-05-14T02:57:00.4910268Z Removing SSH command configuration
2026-05-14T02:57:00.4916765Z [command]/usr/bin/git config --local --name-only --get-regexp core\.sshCommand
2026-05-14T02:57:00.4952087Z [command]/usr/bin/git submodule foreach --recursive sh -c "git config --local --name-only --get-regexp 'core\.sshCommand' && git config --local --unset-all 'core.sshCommand' || :"
2026-05-14T02:57:00.5172174Z Removing HTTP extra header
2026-05-14T02:57:00.5177758Z [command]/usr/bin/git config --local --name-only --get-regexp http\.https\:\/\/github\.com\/\.extraheader
2026-05-14T02:57:00.5210019Z [command]/usr/bin/git submodule foreach --recursive sh -c "git config --local --name-only --get-regexp 'http\.https\:\/\/github\.com\/\.extraheader' && git config --local --unset-all 'http.https://github.com/.extraheader' || :"
2026-05-14T02:57:00.5422170Z Removing includeIf entries pointing to credentials config files
2026-05-14T02:57:00.5429730Z [command]/usr/bin/git config --local --name-only --get-regexp ^includeIf\.gitdir:
2026-05-14T02:57:00.5451676Z includeif.gitdir:/home/runner/work/prismTask/prismTask/.git.path
2026-05-14T02:57:00.5452313Z includeif.gitdir:/home/runner/work/prismTask/prismTask/.git/worktrees/*.path
2026-05-14T02:57:00.5452817Z includeif.gitdir:/github/workspace/.git.path
2026-05-14T02:57:00.5453263Z includeif.gitdir:/github/workspace/.git/worktrees/*.path
2026-05-14T02:57:00.5460670Z [command]/usr/bin/git config --local --get-all includeif.gitdir:/home/runner/work/prismTask/prismTask/.git.path
2026-05-14T02:57:00.5482230Z /home/runner/work/_temp/git-credentials-6fac5853-b210-482f-bf8e-c707f65274af.config
2026-05-14T02:57:00.5497131Z [command]/usr/bin/git config --local --unset includeif.gitdir:/home/runner/work/prismTask/prismTask/.git.path /home/runner/work/_temp/git-credentials-6fac5853-b210-482f-bf8e-c707f65274af.config
2026-05-14T02:57:00.5530484Z [command]/usr/bin/git config --local --get-all includeif.gitdir:/home/runner/work/prismTask/prismTask/.git/worktrees/*.path
2026-05-14T02:57:00.5552137Z /home/runner/work/_temp/git-credentials-6fac5853-b210-482f-bf8e-c707f65274af.config
2026-05-14T02:57:00.5562337Z [command]/usr/bin/git config --local --unset includeif.gitdir:/home/runner/work/prismTask/prismTask/.git/worktrees/*.path /home/runner/work/_temp/git-credentials-6fac5853-b210-482f-bf8e-c707f65274af.config
2026-05-14T02:57:00.5593654Z [command]/usr/bin/git config --local --get-all includeif.gitdir:/github/workspace/.git.path
2026-05-14T02:57:00.5615657Z /github/runner_temp/git-credentials-6fac5853-b210-482f-bf8e-c707f65274af.config
2026-05-14T02:57:00.5631008Z [command]/usr/bin/git config --local --unset includeif.gitdir:/github/workspace/.git.path /github/runner_temp/git-credentials-6fac5853-b210-482f-bf8e-c707f65274af.config
2026-05-14T02:57:00.5657083Z [command]/usr/bin/git config --local --get-all includeif.gitdir:/github/workspace/.git/worktrees/*.path
2026-05-14T02:57:00.5678098Z /github/runner_temp/git-credentials-6fac5853-b210-482f-bf8e-c707f65274af.config
2026-05-14T02:57:00.5686971Z [command]/usr/bin/git config --local --unset includeif.gitdir:/github/workspace/.git/worktrees/*.path /github/runner_temp/git-credentials-6fac5853-b210-482f-bf8e-c707f65274af.config
2026-05-14T02:57:00.5719651Z [command]/usr/bin/git submodule foreach --recursive git config --local --show-origin --name-only --get-regexp remote.origin.url
2026-05-14T02:57:00.5954563Z Removing credentials config '/home/runner/work/_temp/git-credentials-6fac5853-b210-482f-bf8e-c707f65274af.config'
2026-05-14T02:57:00.6148509Z Cleaning up orphan processes
2026-05-14T02:57:00.6420417Z ##[warning]Node.js 20 actions are deprecated. The following actions are running on Node.js 20 and may not work as expected: actions/setup-node@v4. Actions will be forced to run with Node.js 24 by default starting June 2nd, 2026. Node.js 20 will be removed from the runner on September 16th, 2026. Please check if updated versions of these actions are available that support Node.js 24. To opt into Node.js 24 now, set the FORCE_JAVASCRIPT_ACTIONS_TO_NODE24=true environment variable on the runner or in your workflow file. Once Node.js 24 becomes the default, you can temporarily opt out by setting ACTIONS_ALLOW_USE_UNSECURE_NODE_VERSION=true. For more information see: https://github.blog/changelog/2025-09-19-deprecation-of-node-20-on-github-actions-runners/


--- Job: web-unit-tests (2, 3) (id 75919910081) ---
2026-05-14T02:56:54.1285162Z Current runner version: '2.334.0'
2026-05-14T02:56:54.1309520Z ##[group]Runner Image Provisioner
2026-05-14T02:56:54.1310432Z Hosted Compute Agent
2026-05-14T02:56:54.1310985Z Version: 20260213.493
2026-05-14T02:56:54.1311590Z Commit: 5c115507f6dd24b8de37d8bbe0bb4509d0cc0fa3
2026-05-14T02:56:54.1312739Z Build Date: 2026-02-13T00:28:41Z
2026-05-14T02:56:54.1313419Z Worker ID: {84aaac1e-699b-48df-bd26-e94d3f7a5ed2}
2026-05-14T02:56:54.1314088Z Azure Region: northcentralus
2026-05-14T02:56:54.1314751Z ##[endgroup]
2026-05-14T02:56:54.1316554Z ##[group]Operating System
2026-05-14T02:56:54.1317789Z Ubuntu
2026-05-14T02:56:54.1318416Z 24.04.4
2026-05-14T02:56:54.1318854Z LTS
2026-05-14T02:56:54.1319314Z ##[endgroup]
2026-05-14T02:56:54.1319855Z ##[group]Runner Image
2026-05-14T02:56:54.1320433Z Image: ubuntu-24.04
2026-05-14T02:56:54.1320933Z Version: 20260413.86.1
2026-05-14T02:56:54.1322442Z Included Software: https://github.com/actions/runner-images/blob/ubuntu24/20260413.86/images/ubuntu/Ubuntu2404-Readme.md
2026-05-14T02:56:54.1323918Z Image Release: https://github.com/actions/runner-images/releases/tag/ubuntu24%2F20260413.86
2026-05-14T02:56:54.1324774Z ##[endgroup]
2026-05-14T02:56:54.1325904Z ##[group]GITHUB_TOKEN Permissions
2026-05-14T02:56:54.1328110Z Actions: read
2026-05-14T02:56:54.1328667Z Checks: read
2026-05-14T02:56:54.1329126Z Contents: write
2026-05-14T02:56:54.1329754Z Metadata: read
2026-05-14T02:56:54.1330228Z ##[endgroup]
2026-05-14T02:56:54.1332446Z Secret source: Actions
2026-05-14T02:56:54.1333591Z Prepare workflow directory
2026-05-14T02:56:54.1731116Z Prepare all required actions
2026-05-14T02:56:54.1769321Z Getting action download info
2026-05-14T02:56:54.4790920Z Download action repository 'actions/checkout@v6' (SHA:de0fac2e4500dabe0009e67214ff5f5447ce83dd)
2026-05-14T02:56:54.7020236Z Complete job name: web-unit-tests (2, 3)
2026-05-14T02:56:54.7635514Z ##[group]Run actions/checkout@v6
2026-05-14T02:56:54.7636279Z with:
2026-05-14T02:56:54.7636684Z   repository: averycorp/prismTask
2026-05-14T02:56:54.7637356Z   token: ***
2026-05-14T02:56:54.7637749Z   ssh-strict: true
2026-05-14T02:56:54.7638134Z   ssh-user: git
2026-05-14T02:56:54.7638532Z   persist-credentials: true
2026-05-14T02:56:54.7638969Z   clean: true
2026-05-14T02:56:54.7639365Z   sparse-checkout-cone-mode: true
2026-05-14T02:56:54.7639834Z   fetch-depth: 1
2026-05-14T02:56:54.7640214Z   fetch-tags: false
2026-05-14T02:56:54.7640607Z   show-progress: true
2026-05-14T02:56:54.7640996Z   lfs: false
2026-05-14T02:56:54.7641366Z   submodules: false
2026-05-14T02:56:54.7641953Z   set-safe-directory: true
2026-05-14T02:56:54.7642595Z ##[endgroup]
2026-05-14T02:56:54.8618741Z Syncing repository: averycorp/prismTask
2026-05-14T02:56:54.8620387Z ##[group]Getting Git version info
2026-05-14T02:56:54.8621069Z Working directory is '/home/runner/work/prismTask/prismTask'
2026-05-14T02:56:54.8622476Z [command]/usr/bin/git version
2026-05-14T02:56:54.8652325Z git version 2.53.0
2026-05-14T02:56:54.8705287Z ##[endgroup]
2026-05-14T02:56:54.8718637Z Temporarily overriding HOME='/home/runner/work/_temp/33b59d46-a11f-4181-b31d-fd5a94f6c960' before making global git config changes
2026-05-14T02:56:54.8720668Z Adding repository directory to the temporary git global config as a safe directory
2026-05-14T02:56:54.8724158Z [command]/usr/bin/git config --global --add safe.directory /home/runner/work/prismTask/prismTask
2026-05-14T02:56:54.8757180Z Deleting the contents of '/home/runner/work/prismTask/prismTask'
2026-05-14T02:56:54.8761103Z ##[group]Initializing the repository
2026-05-14T02:56:54.8765554Z [command]/usr/bin/git init /home/runner/work/prismTask/prismTask
2026-05-14T02:56:54.8827499Z hint: Using 'master' as the name for the initial branch. This default branch name
2026-05-14T02:56:54.8828912Z hint: will change to "main" in Git 3.0. To configure the initial branch name
2026-05-14T02:56:54.8829838Z hint: to use in all of your new repositories, which will suppress this warning,
2026-05-14T02:56:54.8830522Z hint: call:
2026-05-14T02:56:54.8830876Z hint:
2026-05-14T02:56:54.8831566Z hint: 	git config --global init.defaultBranch <name>
2026-05-14T02:56:54.8832638Z hint:
2026-05-14T02:56:54.8833451Z hint: Names commonly chosen instead of 'master' are 'main', 'trunk' and
2026-05-14T02:56:54.8834784Z hint: 'development'. The just-created branch can be renamed via this command:
2026-05-14T02:56:54.8835474Z hint:
2026-05-14T02:56:54.8835847Z hint: 	git branch -m <name>
2026-05-14T02:56:54.8836280Z hint:
2026-05-14T02:56:54.8836930Z hint: Disable this message with "git config set advice.defaultBranchName false"
2026-05-14T02:56:54.8838481Z Initialized empty Git repository in /home/runner/work/prismTask/prismTask/.git/
2026-05-14T02:56:54.8840796Z [command]/usr/bin/git remote add origin https://github.com/averycorp/prismTask
2026-05-14T02:56:54.8870335Z ##[endgroup]
2026-05-14T02:56:54.8871385Z ##[group]Disabling automatic garbage collection
2026-05-14T02:56:54.8873914Z [command]/usr/bin/git config --local gc.auto 0
2026-05-14T02:56:54.8902160Z ##[endgroup]
2026-05-14T02:56:54.8903120Z ##[group]Setting up auth
2026-05-14T02:56:54.8903814Z Removing SSH command configuration
2026-05-14T02:56:54.8908913Z [command]/usr/bin/git config --local --name-only --get-regexp core\.sshCommand
2026-05-14T02:56:54.8939457Z [command]/usr/bin/git submodule foreach --recursive sh -c "git config --local --name-only --get-regexp 'core\.sshCommand' && git config --local --unset-all 'core.sshCommand' || :"
2026-05-14T02:56:54.9223059Z Removing HTTP extra header
2026-05-14T02:56:54.9228369Z [command]/usr/bin/git config --local --name-only --get-regexp http\.https\:\/\/github\.com\/\.extraheader
2026-05-14T02:56:54.9261040Z [command]/usr/bin/git submodule foreach --recursive sh -c "git config --local --name-only --get-regexp 'http\.https\:\/\/github\.com\/\.extraheader' && git config --local --unset-all 'http.https://github.com/.extraheader' || :"
2026-05-14T02:56:54.9483944Z Removing includeIf entries pointing to credentials config files
2026-05-14T02:56:54.9489172Z [command]/usr/bin/git config --local --name-only --get-regexp ^includeIf\.gitdir:
2026-05-14T02:56:54.9520252Z [command]/usr/bin/git submodule foreach --recursive git config --local --show-origin --name-only --get-regexp remote.origin.url
2026-05-14T02:56:54.9751125Z [command]/usr/bin/git config --file /home/runner/work/_temp/git-credentials-26fd9dab-af42-4f45-8651-457953ad75d0.config http.https://github.com/.extraheader AUTHORIZATION: basic ***
2026-05-14T02:56:54.9789162Z [command]/usr/bin/git config --local includeIf.gitdir:/home/runner/work/prismTask/prismTask/.git.path /home/runner/work/_temp/git-credentials-26fd9dab-af42-4f45-8651-457953ad75d0.config
2026-05-14T02:56:54.9818163Z [command]/usr/bin/git config --local includeIf.gitdir:/home/runner/work/prismTask/prismTask/.git/worktrees/*.path /home/runner/work/_temp/git-credentials-26fd9dab-af42-4f45-8651-457953ad75d0.config
2026-05-14T02:56:54.9847475Z [command]/usr/bin/git config --local includeIf.gitdir:/github/workspace/.git.path /github/runner_temp/git-credentials-26fd9dab-af42-4f45-8651-457953ad75d0.config
2026-05-14T02:56:54.9878971Z [command]/usr/bin/git config --local includeIf.gitdir:/github/workspace/.git/worktrees/*.path /github/runner_temp/git-credentials-26fd9dab-af42-4f45-8651-457953ad75d0.config
2026-05-14T02:56:54.9913598Z ##[endgroup]
2026-05-14T02:56:54.9914291Z ##[group]Fetching the repository
2026-05-14T02:56:54.9922160Z [command]/usr/bin/git -c protocol.version=2 fetch --no-tags --prune --no-recurse-submodules --depth=1 origin +a611e511706059c7f1068be9d2a1c7b63963efdf:refs/remotes/pull/1345/merge
2026-05-14T02:56:56.5847060Z From https://github.com/averycorp/prismTask
2026-05-14T02:56:56.5848192Z  * [new ref]         a611e511706059c7f1068be9d2a1c7b63963efdf -> pull/1345/merge
2026-05-14T02:56:56.5878987Z ##[endgroup]
2026-05-14T02:56:56.5880078Z ##[group]Determining the checkout info
2026-05-14T02:56:56.5881375Z ##[endgroup]
2026-05-14T02:56:56.5886368Z [command]/usr/bin/git sparse-checkout disable
2026-05-14T02:56:56.5926786Z [command]/usr/bin/git config --local --unset-all extensions.worktreeConfig
2026-05-14T02:56:56.5958682Z ##[group]Checking out the ref
2026-05-14T02:56:56.5962369Z [command]/usr/bin/git checkout --progress --force refs/remotes/pull/1345/merge
2026-05-14T02:56:56.8845851Z Note: switching to 'refs/remotes/pull/1345/merge'.
2026-05-14T02:56:56.8846495Z 
2026-05-14T02:56:56.8846939Z You are in 'detached HEAD' state. You can look around, make experimental
2026-05-14T02:56:56.8847865Z changes and commit them, and you can discard any commits you make in this
2026-05-14T02:56:56.8848838Z state without impacting any branches by switching back to a branch.
2026-05-14T02:56:56.8849385Z 
2026-05-14T02:56:56.8849790Z If you want to create a new branch to retain commits you create, you may
2026-05-14T02:56:56.8850671Z do so (now or later) by using -c with the switch command. Example:
2026-05-14T02:56:56.8851228Z 
2026-05-14T02:56:56.8851470Z   git switch -c <new-branch-name>
2026-05-14T02:56:56.8852082Z 
2026-05-14T02:56:56.8852324Z Or undo this operation with:
2026-05-14T02:56:56.8852672Z 
2026-05-14T02:56:56.8852884Z   git switch -
2026-05-14T02:56:56.8853187Z 
2026-05-14T02:56:56.8853614Z Turn off this advice by setting config variable advice.detachedHead to false
2026-05-14T02:56:56.8854231Z 
2026-05-14T02:56:56.8854890Z HEAD is now at a611e51 Merge 68e02b79f44a6a9de9f64ccd9fba9b263e560039 into 5bd5aee5d5da898c133a73c9d834930cd2e71645
2026-05-14T02:56:56.8872100Z ##[endgroup]
2026-05-14T02:56:56.8912534Z [command]/usr/bin/git log -1 --format=%H
2026-05-14T02:56:56.8936802Z a611e511706059c7f1068be9d2a1c7b63963efdf
2026-05-14T02:56:56.9230441Z Prepare all required actions
2026-05-14T02:56:56.9231080Z Getting action download info
2026-05-14T02:56:57.0910188Z Download action repository 'actions/setup-node@v4' (SHA:49933ea5288caeca8642d1e84afbd3f7d6820020)
2026-05-14T02:56:57.1895594Z ##[group]Run ./.github/actions/setup-node-web
2026-05-14T02:56:57.1895941Z ##[endgroup]
2026-05-14T02:56:57.2023210Z ##[group]Run actions/setup-node@v4
2026-05-14T02:56:57.2023572Z with:
2026-05-14T02:56:57.2023822Z   node-version: 22
2026-05-14T02:56:57.2024057Z   cache: npm
2026-05-14T02:56:57.2024315Z   cache-dependency-path: web/package-lock.json
2026-05-14T02:56:57.2024652Z   always-auth: false
2026-05-14T02:56:57.2024890Z   check-latest: false
2026-05-14T02:56:57.2025289Z   token: ***
2026-05-14T02:56:57.2025519Z ##[endgroup]
2026-05-14T02:56:57.3856531Z Found in cache @ /opt/hostedtoolcache/node/22.22.2/x64
2026-05-14T02:56:57.3863676Z ##[group]Environment details
2026-05-14T02:56:57.6736301Z node: v22.22.2
2026-05-14T02:56:57.6736918Z npm: 10.9.7
2026-05-14T02:56:57.6737248Z yarn: 1.22.22
2026-05-14T02:56:57.6738270Z ##[endgroup]
2026-05-14T02:56:57.6765734Z [command]/opt/hostedtoolcache/node/22.22.2/x64/bin/npm config get cache
2026-05-14T02:56:57.7865281Z /home/runner/.npm
2026-05-14T02:56:57.9178521Z npm cache is not found
2026-05-14T02:56:57.9329580Z ##[group]Run npm ci
2026-05-14T02:56:57.9329882Z [36;1mnpm ci[0m
2026-05-14T02:56:57.9364519Z shell: /usr/bin/bash --noprofile --norc -e -o pipefail {0}
2026-05-14T02:56:57.9364888Z ##[endgroup]
2026-05-14T02:56:58.6802039Z npm error code ETARGET
2026-05-14T02:56:58.6802788Z npm error notarget No matching version found for idb@^8.0.4.
2026-05-14T02:56:58.6803355Z npm error notarget In most cases you or one of your dependencies are requesting
2026-05-14T02:56:58.6803887Z npm error notarget a package version that doesn't exist.
2026-05-14T02:56:58.6806980Z npm error A complete log of this run can be found in: /home/runner/.npm/_logs/2026-05-14T02_56_57_990Z-debug-0.log
2026-05-14T02:56:58.7185482Z ##[error]Process completed with exit code 1.
2026-05-14T02:56:58.7279302Z Post job cleanup.
2026-05-14T02:56:58.7364687Z Post job cleanup.
2026-05-14T02:56:58.8191021Z [command]/usr/bin/git version
2026-05-14T02:56:58.8228158Z git version 2.53.0
2026-05-14T02:56:58.8264788Z Temporarily overriding HOME='/home/runner/work/_temp/bb5de963-b4de-47f1-a064-138eb4ad9cca' before making global git config changes
2026-05-14T02:56:58.8269721Z Adding repository directory to the temporary git global config as a safe directory
2026-05-14T02:56:58.8270815Z [command]/usr/bin/git config --global --add safe.directory /home/runner/work/prismTask/prismTask
2026-05-14T02:56:58.8300574Z Removing SSH command configuration
2026-05-14T02:56:58.8307451Z [command]/usr/bin/git config --local --name-only --get-regexp core\.sshCommand
2026-05-14T02:56:58.8343211Z [command]/usr/bin/git submodule foreach --recursive sh -c "git config --local --name-only --get-regexp 'core\.sshCommand' && git config --local --unset-all 'core.sshCommand' || :"
2026-05-14T02:56:58.8577085Z Removing HTTP extra header
2026-05-14T02:56:58.8581847Z [command]/usr/bin/git config --local --name-only --get-regexp http\.https\:\/\/github\.com\/\.extraheader
2026-05-14T02:56:58.8615643Z [command]/usr/bin/git submodule foreach --recursive sh -c "git config --local --name-only --get-regexp 'http\.https\:\/\/github\.com\/\.extraheader' && git config --local --unset-all 'http.https://github.com/.extraheader' || :"
2026-05-14T02:56:58.8846001Z Removing includeIf entries pointing to credentials config files
2026-05-14T02:56:58.8852048Z [command]/usr/bin/git config --local --name-only --get-regexp ^includeIf\.gitdir:
2026-05-14T02:56:58.8876075Z includeif.gitdir:/home/runner/work/prismTask/prismTask/.git.path
2026-05-14T02:56:58.8876867Z includeif.gitdir:/home/runner/work/prismTask/prismTask/.git/worktrees/*.path
2026-05-14T02:56:58.8877352Z includeif.gitdir:/github/workspace/.git.path
2026-05-14T02:56:58.8877760Z includeif.gitdir:/github/workspace/.git/worktrees/*.path
2026-05-14T02:56:58.8885163Z [command]/usr/bin/git config --local --get-all includeif.gitdir:/home/runner/work/prismTask/prismTask/.git.path
2026-05-14T02:56:58.8907669Z /home/runner/work/_temp/git-credentials-26fd9dab-af42-4f45-8651-457953ad75d0.config
2026-05-14T02:56:58.8918999Z [command]/usr/bin/git config --local --unset includeif.gitdir:/home/runner/work/prismTask/prismTask/.git.path /home/runner/work/_temp/git-credentials-26fd9dab-af42-4f45-8651-457953ad75d0.config
2026-05-14T02:56:58.8953951Z [command]/usr/bin/git config --local --get-all includeif.gitdir:/home/runner/work/prismTask/prismTask/.git/worktrees/*.path
2026-05-14T02:56:58.8975930Z /home/runner/work/_temp/git-credentials-26fd9dab-af42-4f45-8651-457953ad75d0.config
2026-05-14T02:56:58.8985236Z [command]/usr/bin/git config --local --unset includeif.gitdir:/home/runner/work/prismTask/prismTask/.git/worktrees/*.path /home/runner/work/_temp/git-credentials-26fd9dab-af42-4f45-8651-457953ad75d0.config
2026-05-14T02:56:58.9016022Z [command]/usr/bin/git config --local --get-all includeif.gitdir:/github/workspace/.git.path
2026-05-14T02:56:58.9038184Z /github/runner_temp/git-credentials-26fd9dab-af42-4f45-8651-457953ad75d0.config
2026-05-14T02:56:58.9046887Z [command]/usr/bin/git config --local --unset includeif.gitdir:/github/workspace/.git.path /github/runner_temp/git-credentials-26fd9dab-af42-4f45-8651-457953ad75d0.config
2026-05-14T02:56:58.9079099Z [command]/usr/bin/git config --local --get-all includeif.gitdir:/github/workspace/.git/worktrees/*.path
2026-05-14T02:56:58.9100288Z /github/runner_temp/git-credentials-26fd9dab-af42-4f45-8651-457953ad75d0.config
2026-05-14T02:56:58.9111230Z [command]/usr/bin/git config --local --unset includeif.gitdir:/github/workspace/.git/worktrees/*.path /github/runner_temp/git-credentials-26fd9dab-af42-4f45-8651-457953ad75d0.config
2026-05-14T02:56:58.9143609Z [command]/usr/bin/git submodule foreach --recursive git config --local --show-origin --name-only --get-regexp remote.origin.url
2026-05-14T02:56:58.9370044Z Removing credentials config '/home/runner/work/_temp/git-credentials-26fd9dab-af42-4f45-8651-457953ad75d0.config'
2026-05-14T02:56:58.9503725Z Cleaning up orphan processes
2026-05-14T02:56:58.9770449Z ##[warning]Node.js 20 actions are deprecated. The following actions are running on Node.js 20 and may not work as expected: actions/setup-node@v4. Actions will be forced to run with Node.js 24 by default starting June 2nd, 2026. Node.js 20 will be removed from the runner on September 16th, 2026. Please check if updated versions of these actions are available that support Node.js 24. To opt into Node.js 24 now, set the FORCE_JAVASCRIPT_ACTIONS_TO_NODE24=true environment variable on the runner or in your workflow file. Once Node.js 24 becomes the default, you can temporarily opt out by setting ACTIONS_ALLOW_USE_UNSECURE_NODE_VERSION=true. For more information see: https://github.blog/changelog/2025-09-19-deprecation-of-node-20-on-github-actions-runners/


--- Job: web-lint-and-test (id 75919941628) ---
2026-05-14T02:57:15.9940775Z Current runner version: '2.334.0'
2026-05-14T02:57:15.9974505Z ##[group]Runner Image Provisioner
2026-05-14T02:57:15.9975641Z Hosted Compute Agent
2026-05-14T02:57:15.9976355Z Version: 20260213.493
2026-05-14T02:57:15.9977717Z Commit: 5c115507f6dd24b8de37d8bbe0bb4509d0cc0fa3
2026-05-14T02:57:15.9978811Z Build Date: 2026-02-13T00:28:41Z
2026-05-14T02:57:15.9979707Z Worker ID: {566c3731-498f-457c-b054-018bd899b4c4}
2026-05-14T02:57:15.9980878Z Azure Region: eastus
2026-05-14T02:57:15.9981627Z ##[endgroup]
2026-05-14T02:57:15.9983613Z ##[group]Operating System
2026-05-14T02:57:15.9984529Z Ubuntu
2026-05-14T02:57:15.9985320Z 24.04.4
2026-05-14T02:57:15.9985906Z LTS
2026-05-14T02:57:15.9986699Z ##[endgroup]
2026-05-14T02:57:15.9987591Z ##[group]Runner Image
2026-05-14T02:57:15.9988417Z Image: ubuntu-24.04
2026-05-14T02:57:15.9989353Z Version: 20260413.86.1
2026-05-14T02:57:15.9991069Z Included Software: https://github.com/actions/runner-images/blob/ubuntu24/20260413.86/images/ubuntu/Ubuntu2404-Readme.md
2026-05-14T02:57:15.9993580Z Image Release: https://github.com/actions/runner-images/releases/tag/ubuntu24%2F20260413.86
2026-05-14T02:57:15.9995039Z ##[endgroup]
2026-05-14T02:57:15.9996917Z ##[group]GITHUB_TOKEN Permissions
2026-05-14T02:57:15.9999914Z Actions: read
2026-05-14T02:57:16.0000624Z Checks: read
2026-05-14T02:57:16.0001471Z Contents: write
2026-05-14T02:57:16.0002150Z Metadata: read
2026-05-14T02:57:16.0002995Z ##[endgroup]
2026-05-14T02:57:16.0006188Z Secret source: Actions
2026-05-14T02:57:16.0007757Z Prepare workflow directory
2026-05-14T02:57:16.0454273Z Prepare all required actions
2026-05-14T02:57:16.0585185Z Complete job name: web-lint-and-test
2026-05-14T02:57:16.1623362Z ##[group]Run if [ 'failure' != 'success' ]; then
2026-05-14T02:57:16.1624562Z [36;1mif [ 'failure' != 'success' ]; then[0m
2026-05-14T02:57:16.1625696Z [36;1m  echo "web-lint finished with failure" >&2[0m
2026-05-14T02:57:16.1626961Z [36;1m  exit 1[0m
2026-05-14T02:57:16.1627856Z [36;1mfi[0m
2026-05-14T02:57:16.1628625Z [36;1mif [ 'failure' != 'success' ]; then[0m
2026-05-14T02:57:16.1629763Z [36;1m  echo "web-unit-tests finished with failure" >&2[0m
2026-05-14T02:57:16.1630827Z [36;1m  exit 1[0m
2026-05-14T02:57:16.1631529Z [36;1mfi[0m
2026-05-14T02:57:16.1632356Z [36;1mif [ 'failure' != 'success' ]; then[0m
2026-05-14T02:57:16.1633423Z [36;1m  echo "web-build finished with failure" >&2[0m
2026-05-14T02:57:16.1634354Z [36;1m  exit 1[0m
2026-05-14T02:57:16.1635155Z [36;1mfi[0m
2026-05-14T02:57:16.1636063Z [36;1mecho "✓ Split web lint, unit-test shards, and build passed."[0m
2026-05-14T02:57:16.1902957Z shell: /usr/bin/bash -e {0}
2026-05-14T02:57:16.1904441Z ##[endgroup]
2026-05-14T02:57:16.2232499Z web-lint finished with failure
2026-05-14T02:57:16.2254738Z ##[error]Process completed with exit code 1.
2026-05-14T02:57:16.2382746Z Cleaning up orphan processes
