=== CI FAILURE ===
Workflow:      Web CI
Workflow file: averycorp/prismTask/.github/workflows/web-ci.yml@refs/pull/1490/merge
Job(s):        web-lint, web-lint-and-test
Run ID:        25934797684
Run attempt:   1
Run URL:       https://github.com/averycorp/prismTask/actions/runs/25934797684
Commit:        e248e65570f3b512435b0ad12e0321ffcc30a25f
Branch:        1490/merge
Event:         pull_request
Actor:         akarlin3
Runner OS:     Linux
Timestamp:     2026-05-15T18:35:24.393Z

Failed steps:
  - web-lint: #5 Run ESLint
  - web-lint-and-test: #2 Verify split web checks

=== FAILED JOB LOG ===

--- Job: web-lint (id 76237401130) ---
2026-05-15T18:34:29.9528462Z Current runner version: '2.334.0'
2026-05-15T18:34:29.9554330Z ##[group]Runner Image Provisioner
2026-05-15T18:34:29.9555161Z Hosted Compute Agent
2026-05-15T18:34:29.9555779Z Version: 20260213.493
2026-05-15T18:34:29.9556356Z Commit: 5c115507f6dd24b8de37d8bbe0bb4509d0cc0fa3
2026-05-15T18:34:29.9557058Z Build Date: 2026-02-13T00:28:41Z
2026-05-15T18:34:29.9557763Z Worker ID: {ea7a23c0-86e6-4664-89b9-a3b4d351f1d2}
2026-05-15T18:34:29.9558486Z Azure Region: northcentralus
2026-05-15T18:34:29.9559045Z ##[endgroup]
2026-05-15T18:34:29.9560840Z ##[group]Operating System
2026-05-15T18:34:29.9561447Z Ubuntu
2026-05-15T18:34:29.9561933Z 24.04.4
2026-05-15T18:34:29.9562347Z LTS
2026-05-15T18:34:29.9562923Z ##[endgroup]
2026-05-15T18:34:29.9563445Z ##[group]Runner Image
2026-05-15T18:34:29.9563951Z Image: ubuntu-24.04
2026-05-15T18:34:29.9564535Z Version: 20260513.135.3
2026-05-15T18:34:29.9565764Z Included Software: https://github.com/actions/runner-images/blob/ubuntu24/20260513.135/images/ubuntu/Ubuntu2404-Readme.md
2026-05-15T18:34:29.9567382Z Image Release: https://github.com/actions/runner-images/releases/tag/ubuntu24%2F20260513.135
2026-05-15T18:34:29.9568341Z ##[endgroup]
2026-05-15T18:34:29.9569590Z ##[group]GITHUB_TOKEN Permissions
2026-05-15T18:34:29.9571783Z Actions: read
2026-05-15T18:34:29.9572360Z Checks: read
2026-05-15T18:34:29.9572956Z Contents: write
2026-05-15T18:34:29.9573437Z Metadata: read
2026-05-15T18:34:29.9573941Z ##[endgroup]
2026-05-15T18:34:29.9576265Z Secret source: Actions
2026-05-15T18:34:29.9577025Z Prepare workflow directory
2026-05-15T18:34:30.0174632Z Prepare all required actions
2026-05-15T18:34:30.0232052Z Getting action download info
2026-05-15T18:34:30.3407426Z Download action repository 'actions/checkout@v6' (SHA:de0fac2e4500dabe0009e67214ff5f5447ce83dd)
2026-05-15T18:34:30.6016130Z Complete job name: web-lint
2026-05-15T18:34:30.6810784Z ##[group]Run actions/checkout@v6
2026-05-15T18:34:30.6811732Z with:
2026-05-15T18:34:30.6812176Z   repository: averycorp/prismTask
2026-05-15T18:34:30.6813019Z   token: ***
2026-05-15T18:34:30.6813426Z   ssh-strict: true
2026-05-15T18:34:30.6813842Z   ssh-user: git
2026-05-15T18:34:30.6814266Z   persist-credentials: true
2026-05-15T18:34:30.6814721Z   clean: true
2026-05-15T18:34:30.6815137Z   sparse-checkout-cone-mode: true
2026-05-15T18:34:30.6815637Z   fetch-depth: 1
2026-05-15T18:34:30.6816067Z   fetch-tags: false
2026-05-15T18:34:30.6816479Z   show-progress: true
2026-05-15T18:34:30.6816886Z   lfs: false
2026-05-15T18:34:30.6817276Z   submodules: false
2026-05-15T18:34:30.6817679Z   set-safe-directory: true
2026-05-15T18:34:30.6818339Z ##[endgroup]
2026-05-15T18:34:30.7875191Z Syncing repository: averycorp/prismTask
2026-05-15T18:34:30.7877557Z ##[group]Getting Git version info
2026-05-15T18:34:30.7878288Z Working directory is '/home/runner/work/prismTask/prismTask'
2026-05-15T18:34:30.7879557Z [command]/usr/bin/git version
2026-05-15T18:34:30.7963601Z git version 2.54.0
2026-05-15T18:34:30.7989750Z ##[endgroup]
2026-05-15T18:34:30.8008546Z Temporarily overriding HOME='/home/runner/work/_temp/3c6d2ac0-f160-4d05-8a1e-f2484cdc78ce' before making global git config changes
2026-05-15T18:34:30.8011307Z Adding repository directory to the temporary git global config as a safe directory
2026-05-15T18:34:30.8015880Z [command]/usr/bin/git config --global --add safe.directory /home/runner/work/prismTask/prismTask
2026-05-15T18:34:30.8080507Z Deleting the contents of '/home/runner/work/prismTask/prismTask'
2026-05-15T18:34:30.8085475Z ##[group]Initializing the repository
2026-05-15T18:34:30.8091240Z [command]/usr/bin/git init /home/runner/work/prismTask/prismTask
2026-05-15T18:34:30.8234199Z hint: Using 'master' as the name for the initial branch. This default branch name
2026-05-15T18:34:30.8235737Z hint: will change to "main" in Git 3.0. To configure the initial branch name
2026-05-15T18:34:30.8237628Z hint: to use in all of your new repositories, which will suppress this warning,
2026-05-15T18:34:30.8239729Z hint: call:
2026-05-15T18:34:30.8241146Z hint:
2026-05-15T18:34:30.8242837Z hint: 	git config --global init.defaultBranch <name>
2026-05-15T18:34:30.8244348Z hint:
2026-05-15T18:34:30.8245714Z hint: Names commonly chosen instead of 'master' are 'main', 'trunk' and
2026-05-15T18:34:30.8247515Z hint: 'development'. The just-created branch can be renamed via this command:
2026-05-15T18:34:30.8248659Z hint:
2026-05-15T18:34:30.8249096Z hint: 	git branch -m <name>
2026-05-15T18:34:30.8249590Z hint:
2026-05-15T18:34:30.8250881Z hint: Disable this message with "git config set advice.defaultBranchName false"
2026-05-15T18:34:30.8252200Z Initialized empty Git repository in /home/runner/work/prismTask/prismTask/.git/
2026-05-15T18:34:30.8257570Z [command]/usr/bin/git remote add origin https://github.com/averycorp/prismTask
2026-05-15T18:34:30.8311667Z ##[endgroup]
2026-05-15T18:34:30.8312656Z ##[group]Disabling automatic garbage collection
2026-05-15T18:34:30.8316878Z [command]/usr/bin/git config --local gc.auto 0
2026-05-15T18:34:30.8350385Z ##[endgroup]
2026-05-15T18:34:30.8351683Z ##[group]Setting up auth
2026-05-15T18:34:30.8352344Z Removing SSH command configuration
2026-05-15T18:34:30.8358689Z [command]/usr/bin/git config --local --name-only --get-regexp core\.sshCommand
2026-05-15T18:34:30.8399141Z [command]/usr/bin/git submodule foreach --recursive sh -c "git config --local --name-only --get-regexp 'core\.sshCommand' && git config --local --unset-all 'core.sshCommand' || :"
2026-05-15T18:34:30.8814180Z Removing HTTP extra header
2026-05-15T18:34:30.8822428Z [command]/usr/bin/git config --local --name-only --get-regexp http\.https\:\/\/github\.com\/\.extraheader
2026-05-15T18:34:30.8859013Z [command]/usr/bin/git submodule foreach --recursive sh -c "git config --local --name-only --get-regexp 'http\.https\:\/\/github\.com\/\.extraheader' && git config --local --unset-all 'http.https://github.com/.extraheader' || :"
2026-05-15T18:34:30.9124519Z Removing includeIf entries pointing to credentials config files
2026-05-15T18:34:30.9132863Z [command]/usr/bin/git config --local --name-only --get-regexp ^includeIf\.gitdir:
2026-05-15T18:34:30.9175017Z [command]/usr/bin/git submodule foreach --recursive git config --local --show-origin --name-only --get-regexp remote.origin.url
2026-05-15T18:34:30.9435870Z [command]/usr/bin/git config --file /home/runner/work/_temp/git-credentials-7f23813a-2bbf-476b-8ef5-c514a6dadf11.config http.https://github.com/.extraheader AUTHORIZATION: basic ***
2026-05-15T18:34:30.9482398Z [command]/usr/bin/git config --local includeIf.gitdir:/home/runner/work/prismTask/prismTask/.git.path /home/runner/work/_temp/git-credentials-7f23813a-2bbf-476b-8ef5-c514a6dadf11.config
2026-05-15T18:34:30.9522440Z [command]/usr/bin/git config --local includeIf.gitdir:/home/runner/work/prismTask/prismTask/.git/worktrees/*.path /home/runner/work/_temp/git-credentials-7f23813a-2bbf-476b-8ef5-c514a6dadf11.config
2026-05-15T18:34:30.9564241Z [command]/usr/bin/git config --local includeIf.gitdir:/github/workspace/.git.path /github/runner_temp/git-credentials-7f23813a-2bbf-476b-8ef5-c514a6dadf11.config
2026-05-15T18:34:30.9605279Z [command]/usr/bin/git config --local includeIf.gitdir:/github/workspace/.git/worktrees/*.path /github/runner_temp/git-credentials-7f23813a-2bbf-476b-8ef5-c514a6dadf11.config
2026-05-15T18:34:30.9638819Z ##[endgroup]
2026-05-15T18:34:30.9639956Z ##[group]Fetching the repository
2026-05-15T18:34:30.9654474Z [command]/usr/bin/git -c protocol.version=2 fetch --no-tags --prune --no-recurse-submodules --depth=1 origin +e248e65570f3b512435b0ad12e0321ffcc30a25f:refs/remotes/pull/1490/merge
2026-05-15T18:34:32.9030144Z From https://github.com/averycorp/prismTask
2026-05-15T18:34:32.9031945Z  * [new ref]         e248e65570f3b512435b0ad12e0321ffcc30a25f -> pull/1490/merge
2026-05-15T18:34:32.9079287Z ##[endgroup]
2026-05-15T18:34:32.9081140Z ##[group]Determining the checkout info
2026-05-15T18:34:32.9082988Z ##[endgroup]
2026-05-15T18:34:32.9086498Z [command]/usr/bin/git sparse-checkout disable
2026-05-15T18:34:32.9136618Z [command]/usr/bin/git config --local --unset-all extensions.worktreeConfig
2026-05-15T18:34:32.9168074Z ##[group]Checking out the ref
2026-05-15T18:34:32.9171675Z [command]/usr/bin/git checkout --progress --force refs/remotes/pull/1490/merge
2026-05-15T18:34:33.2512805Z Note: switching to 'refs/remotes/pull/1490/merge'.
2026-05-15T18:34:33.2514509Z 
2026-05-15T18:34:33.2515739Z You are in 'detached HEAD' state. You can look around, make experimental
2026-05-15T18:34:33.2518346Z changes and commit them, and you can discard any commits you make in this
2026-05-15T18:34:33.2520338Z state without impacting any branches by switching back to a branch.
2026-05-15T18:34:33.2521426Z 
2026-05-15T18:34:33.2522144Z If you want to create a new branch to retain commits you create, you may
2026-05-15T18:34:33.2523776Z do so (now or later) by using -c with the switch command. Example:
2026-05-15T18:34:33.2524814Z 
2026-05-15T18:34:33.2525139Z   git switch -c <new-branch-name>
2026-05-15T18:34:33.2525692Z 
2026-05-15T18:34:33.2526026Z Or undo this operation with:
2026-05-15T18:34:33.2526547Z 
2026-05-15T18:34:33.2526813Z   git switch -
2026-05-15T18:34:33.2527217Z 
2026-05-15T18:34:33.2527869Z Turn off this advice by setting config variable advice.detachedHead to false
2026-05-15T18:34:33.2529195Z 
2026-05-15T18:34:33.2531215Z HEAD is now at e248e65 Merge a0e37d9d71820b808f775daf6e64aab09cf24fde into 03a865cef0f5473ac7f9b53502e88c8d14e84b38
2026-05-15T18:34:33.2579589Z ##[endgroup]
2026-05-15T18:34:33.2583463Z [command]/usr/bin/git log -1 --format=%H
2026-05-15T18:34:33.2610818Z e248e65570f3b512435b0ad12e0321ffcc30a25f
2026-05-15T18:34:33.3012408Z Prepare all required actions
2026-05-15T18:34:33.3013855Z Getting action download info
2026-05-15T18:34:33.4459712Z Download action repository 'actions/setup-node@v4' (SHA:49933ea5288caeca8642d1e84afbd3f7d6820020)
2026-05-15T18:34:33.5550725Z ##[group]Run ./.github/actions/setup-node-web
2026-05-15T18:34:33.5551162Z ##[endgroup]
2026-05-15T18:34:33.5745739Z ##[group]Run actions/setup-node@v4
2026-05-15T18:34:33.5746105Z with:
2026-05-15T18:34:33.5746390Z   node-version: 22
2026-05-15T18:34:33.5746626Z   cache: npm
2026-05-15T18:34:33.5746887Z   cache-dependency-path: web/package-lock.json
2026-05-15T18:34:33.5747245Z   always-auth: false
2026-05-15T18:34:33.5747489Z   check-latest: false
2026-05-15T18:34:33.5747940Z   token: ***
2026-05-15T18:34:33.5748170Z ##[endgroup]
2026-05-15T18:34:33.7716141Z Found in cache @ /opt/hostedtoolcache/node/22.22.2/x64
2026-05-15T18:34:33.7723711Z ##[group]Environment details
2026-05-15T18:34:34.2469001Z node: v22.22.2
2026-05-15T18:34:34.2469607Z npm: 10.9.7
2026-05-15T18:34:34.2469925Z yarn: 1.22.22
2026-05-15T18:34:34.2470823Z ##[endgroup]
2026-05-15T18:34:34.2496248Z [command]/opt/hostedtoolcache/node/22.22.2/x64/bin/npm config get cache
2026-05-15T18:34:34.3716738Z /home/runner/.npm
2026-05-15T18:34:34.5203980Z npm cache is not found
2026-05-15T18:34:34.5364799Z ##[group]Run npm ci
2026-05-15T18:34:34.5365122Z [36;1mnpm ci[0m
2026-05-15T18:34:34.5415157Z shell: /usr/bin/bash --noprofile --norc -e -o pipefail {0}
2026-05-15T18:34:34.5415569Z ##[endgroup]
2026-05-15T18:34:47.2425074Z 
2026-05-15T18:34:47.2433886Z added 435 packages, and audited 436 packages in 13s
2026-05-15T18:34:47.2434502Z 
2026-05-15T18:34:47.2434819Z 94 packages are looking for funding
2026-05-15T18:34:47.2435314Z   run `npm fund` for details
2026-05-15T18:34:47.2504706Z 
2026-05-15T18:34:47.2505349Z 3 vulnerabilities (2 moderate, 1 critical)
2026-05-15T18:34:47.2505753Z 
2026-05-15T18:34:47.2505975Z To address all issues, run:
2026-05-15T18:34:47.2506397Z   npm audit fix
2026-05-15T18:34:47.2506654Z 
2026-05-15T18:34:47.2506850Z Run `npm audit` for details.
2026-05-15T18:34:47.3241090Z ##[group]Run npm run lint
2026-05-15T18:34:47.3241523Z [36;1mnpm run lint[0m
2026-05-15T18:34:47.3286444Z shell: /usr/bin/bash -e {0}
2026-05-15T18:34:47.3286830Z ##[endgroup]
2026-05-15T18:34:47.4359614Z 
2026-05-15T18:34:47.4360335Z > web@1.6.0 lint
2026-05-15T18:34:47.4360770Z > eslint .
2026-05-15T18:34:47.4360947Z 
2026-05-15T18:35:07.6998647Z 
2026-05-15T18:35:07.7001508Z /home/runner/work/prismTask/prismTask/web/src/features/medication/MedicationEditorDialog.tsx
2026-05-15T18:35:07.7003321Z   190:7  error  Error: Calling setState synchronously within an effect can trigger cascading renders
2026-05-15T18:35:07.7003917Z 
2026-05-15T18:35:07.7004983Z Effects are intended to synchronize state between React and external systems such as manually updating the DOM, state management libraries, or other platform APIs. In general, the body of an effect should do one or both of the following:
2026-05-15T18:35:07.7006089Z * Update external systems with the latest state from React.
2026-05-15T18:35:07.7006894Z * Subscribe for updates from some external system, calling setState in a callback function when external state changes.
2026-05-15T18:35:07.7007337Z 
2026-05-15T18:35:07.7008146Z Calling setState synchronously within an effect body causes cascading renders that can hurt performance, and is not recommended. (https://react.dev/learn/you-might-not-need-an-effect).
2026-05-15T18:35:07.7008844Z 
2026-05-15T18:35:07.7009279Z /home/runner/work/prismTask/prismTask/web/src/features/medication/MedicationEditorDialog.tsx:190:7
2026-05-15T18:35:07.7009774Z   188 |   useEffect(() => {
2026-05-15T18:35:07.7010004Z   189 |     if (isOpen) {
2026-05-15T18:35:07.7010640Z > 190 |       setForm(initialState(initial));
2026-05-15T18:35:07.7011030Z       |       ^^^^^^^ Avoid calling setState() directly within an effect
2026-05-15T18:35:07.7011381Z   191 |       setErrors({});
2026-05-15T18:35:07.7011604Z   192 |     }
2026-05-15T18:35:07.7011902Z   193 |   }, [isOpen, initial]);  react-hooks/set-state-in-effect
2026-05-15T18:35:07.7012153Z 
2026-05-15T18:35:07.7013027Z /home/runner/work/prismTask/prismTask/web/src/features/medication/MedicationRefillScreen.tsx
2026-05-15T18:35:07.7013688Z    88:17  error  Error: Cannot call impure function during render
2026-05-15T18:35:07.7013939Z 
2026-05-15T18:35:07.7015143Z `Date.now` is an impure function. Calling an impure function can produce unstable results that update unpredictably when the component happens to re-render. (https://react.dev/reference/rules/components-and-hooks-must-be-pure#components-and-hooks-must-be-idempotent).
2026-05-15T18:35:07.7016154Z 
2026-05-15T18:35:07.7016577Z /home/runner/work/prismTask/prismTask/web/src/features/medication/MedicationRefillScreen.tsx:88:17
2026-05-15T18:35:07.7017039Z   86 |
2026-05-15T18:35:07.7017260Z   87 |   const forecasts = useMemo(() => {
2026-05-15T18:35:07.7017563Z > 88 |     const now = Date.now();
2026-05-15T18:35:07.7017872Z      |                 ^^^^^^^^^^ Cannot call impure function
2026-05-15T18:35:07.7018263Z   89 |     const map = new Map<string, RefillForecast>();
2026-05-15T18:35:07.7018597Z   90 |     for (const refill of refills) {
2026-05-15T18:35:07.7019597Z   91 |       map.set(refill.id, forecastRefill(refill, now));                                                                                                                                                                                                                                                                                                                               react-hooks/purity
2026-05-15T18:35:07.7021179Z   382:7   error  Error: Calling setState synchronously within an effect can trigger cascading renders
2026-05-15T18:35:07.7021557Z 
2026-05-15T18:35:07.7022544Z Effects are intended to synchronize state between React and external systems such as manually updating the DOM, state management libraries, or other platform APIs. In general, the body of an effect should do one or both of the following:
2026-05-15T18:35:07.7024017Z * Update external systems with the latest state from React.
2026-05-15T18:35:07.7024739Z * Subscribe for updates from some external system, calling setState in a callback function when external state changes.
2026-05-15T18:35:07.7025177Z 
2026-05-15T18:35:07.7025989Z Calling setState synchronously within an effect body causes cascading renders that can hurt performance, and is not recommended. (https://react.dev/learn/you-might-not-need-an-effect).
2026-05-15T18:35:07.7026860Z 
2026-05-15T18:35:07.7027295Z /home/runner/work/prismTask/prismTask/web/src/features/medication/MedicationRefillScreen.tsx:382:7
2026-05-15T18:35:07.7027782Z   380 |   useEffect(() => {
2026-05-15T18:35:07.7028007Z   381 |     if (isOpen) {
2026-05-15T18:35:07.7028314Z > 382 |       setForm(initialEditorState(initial));
2026-05-15T18:35:07.7028698Z       |       ^^^^^^^ Avoid calling setState() directly within an effect
2026-05-15T18:35:07.7029026Z   383 |       setErrors({});
2026-05-15T18:35:07.7029232Z   384 |     }
2026-05-15T18:35:07.7029534Z   385 |   }, [isOpen, initial]);  react-hooks/set-state-in-effect
2026-05-15T18:35:07.7029769Z 
2026-05-15T18:35:07.7030102Z /home/runner/work/prismTask/prismTask/web/src/features/selfcare/SelfCareScreen.tsx
2026-05-15T18:35:07.7030857Z   35:31  error  Error: Cannot call impure function during render
2026-05-15T18:35:07.7031100Z 
2026-05-15T18:35:07.7032278Z `Date.now` is an impure function. Calling an impure function can produce unstable results that update unpredictably when the component happens to re-render. (https://react.dev/reference/rules/components-and-hooks-must-be-pure#components-and-hooks-must-be-idempotent).
2026-05-15T18:35:07.7033291Z 
2026-05-15T18:35:07.7033655Z /home/runner/work/prismTask/prismTask/web/src/features/selfcare/SelfCareScreen.tsx:35:31
2026-05-15T18:35:07.7034084Z   33 |
2026-05-15T18:35:07.7034311Z   34 |   const todayMs = useMemo(
2026-05-15T18:35:07.7034714Z > 35 |     () => startOfLogicalDayMs(Date.now(), startOfDayHour),
2026-05-15T18:35:07.7035124Z      |                               ^^^^^^^^^^ Cannot call impure function
2026-05-15T18:35:07.7035431Z   36 |     [startOfDayHour],
2026-05-15T18:35:07.7035644Z   37 |   );
2026-05-15T18:35:07.7035823Z   38 |  react-hooks/purity
2026-05-15T18:35:07.7035966Z 
2026-05-15T18:35:07.7036292Z /home/runner/work/prismTask/prismTask/web/src/features/today/PlanForTodaySheet.tsx
2026-05-15T18:35:07.7037050Z   73:7  error  Error: Calling setState synchronously within an effect can trigger cascading renders
2026-05-15T18:35:07.7037414Z 
2026-05-15T18:35:07.7038394Z Effects are intended to synchronize state between React and external systems such as manually updating the DOM, state management libraries, or other platform APIs. In general, the body of an effect should do one or both of the following:
2026-05-15T18:35:07.7039430Z * Update external systems with the latest state from React.
2026-05-15T18:35:07.7040244Z * Subscribe for updates from some external system, calling setState in a callback function when external state changes.
2026-05-15T18:35:07.7040686Z 
2026-05-15T18:35:07.7041466Z Calling setState synchronously within an effect body causes cascading renders that can hurt performance, and is not recommended. (https://react.dev/learn/you-might-not-need-an-effect).
2026-05-15T18:35:07.7042132Z 
2026-05-15T18:35:07.7042484Z /home/runner/work/prismTask/prismTask/web/src/features/today/PlanForTodaySheet.tsx:73:7
2026-05-15T18:35:07.7042924Z   71 |   useEffect(() => {
2026-05-15T18:35:07.7043137Z   72 |     if (isOpen) {
2026-05-15T18:35:07.7043356Z > 73 |       setSearch('');
2026-05-15T18:35:07.7043675Z      |       ^^^^^^^^^ Avoid calling setState() directly within an effect
2026-05-15T18:35:07.7044022Z   74 |       setSelectedIds(new Set());
2026-05-15T18:35:07.7044291Z   75 |       setMultiSelect(false);
2026-05-15T18:35:07.7044580Z   76 |     }  react-hooks/set-state-in-effect
2026-05-15T18:35:07.7044761Z 
2026-05-15T18:35:07.7045123Z ✖ 5 problems (5 errors, 0 warnings)
2026-05-15T18:35:07.7045289Z 
2026-05-15T18:35:07.8989215Z ##[error]Process completed with exit code 1.
2026-05-15T18:35:07.9064296Z Post job cleanup.
2026-05-15T18:35:07.9150650Z Post job cleanup.
2026-05-15T18:35:07.9988791Z [command]/usr/bin/git version
2026-05-15T18:35:08.0032172Z git version 2.54.0
2026-05-15T18:35:08.0074869Z Temporarily overriding HOME='/home/runner/work/_temp/71a3b577-5e38-4c5a-94ab-f8ca86fb64a7' before making global git config changes
2026-05-15T18:35:08.0076801Z Adding repository directory to the temporary git global config as a safe directory
2026-05-15T18:35:08.0081221Z [command]/usr/bin/git config --global --add safe.directory /home/runner/work/prismTask/prismTask
2026-05-15T18:35:08.0112720Z Removing SSH command configuration
2026-05-15T18:35:08.0119581Z [command]/usr/bin/git config --local --name-only --get-regexp core\.sshCommand
2026-05-15T18:35:08.0157328Z [command]/usr/bin/git submodule foreach --recursive sh -c "git config --local --name-only --get-regexp 'core\.sshCommand' && git config --local --unset-all 'core.sshCommand' || :"
2026-05-15T18:35:08.0383616Z Removing HTTP extra header
2026-05-15T18:35:08.0389588Z [command]/usr/bin/git config --local --name-only --get-regexp http\.https\:\/\/github\.com\/\.extraheader
2026-05-15T18:35:08.0427867Z [command]/usr/bin/git submodule foreach --recursive sh -c "git config --local --name-only --get-regexp 'http\.https\:\/\/github\.com\/\.extraheader' && git config --local --unset-all 'http.https://github.com/.extraheader' || :"
2026-05-15T18:35:08.0650994Z Removing includeIf entries pointing to credentials config files
2026-05-15T18:35:08.0658294Z [command]/usr/bin/git config --local --name-only --get-regexp ^includeIf\.gitdir:
2026-05-15T18:35:08.0685597Z includeif.gitdir:/home/runner/work/prismTask/prismTask/.git.path
2026-05-15T18:35:08.0686413Z includeif.gitdir:/home/runner/work/prismTask/prismTask/.git/worktrees/*.path
2026-05-15T18:35:08.0686907Z includeif.gitdir:/github/workspace/.git.path
2026-05-15T18:35:08.0687329Z includeif.gitdir:/github/workspace/.git/worktrees/*.path
2026-05-15T18:35:08.0695685Z [command]/usr/bin/git config --local --get-all includeif.gitdir:/home/runner/work/prismTask/prismTask/.git.path
2026-05-15T18:35:08.0717679Z /home/runner/work/_temp/git-credentials-7f23813a-2bbf-476b-8ef5-c514a6dadf11.config
2026-05-15T18:35:08.0728994Z [command]/usr/bin/git config --local --unset includeif.gitdir:/home/runner/work/prismTask/prismTask/.git.path /home/runner/work/_temp/git-credentials-7f23813a-2bbf-476b-8ef5-c514a6dadf11.config
2026-05-15T18:35:08.0763751Z [command]/usr/bin/git config --local --get-all includeif.gitdir:/home/runner/work/prismTask/prismTask/.git/worktrees/*.path
2026-05-15T18:35:08.0786027Z /home/runner/work/_temp/git-credentials-7f23813a-2bbf-476b-8ef5-c514a6dadf11.config
2026-05-15T18:35:08.0795802Z [command]/usr/bin/git config --local --unset includeif.gitdir:/home/runner/work/prismTask/prismTask/.git/worktrees/*.path /home/runner/work/_temp/git-credentials-7f23813a-2bbf-476b-8ef5-c514a6dadf11.config
2026-05-15T18:35:08.0828304Z [command]/usr/bin/git config --local --get-all includeif.gitdir:/github/workspace/.git.path
2026-05-15T18:35:08.0850435Z /github/runner_temp/git-credentials-7f23813a-2bbf-476b-8ef5-c514a6dadf11.config
2026-05-15T18:35:08.0858255Z [command]/usr/bin/git config --local --unset includeif.gitdir:/github/workspace/.git.path /github/runner_temp/git-credentials-7f23813a-2bbf-476b-8ef5-c514a6dadf11.config
2026-05-15T18:35:08.0888065Z [command]/usr/bin/git config --local --get-all includeif.gitdir:/github/workspace/.git/worktrees/*.path
2026-05-15T18:35:08.0908981Z /github/runner_temp/git-credentials-7f23813a-2bbf-476b-8ef5-c514a6dadf11.config
2026-05-15T18:35:08.0919491Z [command]/usr/bin/git config --local --unset includeif.gitdir:/github/workspace/.git/worktrees/*.path /github/runner_temp/git-credentials-7f23813a-2bbf-476b-8ef5-c514a6dadf11.config
2026-05-15T18:35:08.0952530Z [command]/usr/bin/git submodule foreach --recursive git config --local --show-origin --name-only --get-regexp remote.origin.url
2026-05-15T18:35:08.1196546Z Removing credentials config '/home/runner/work/_temp/git-credentials-7f23813a-2bbf-476b-8ef5-c514a6dadf11.config'
2026-05-15T18:35:08.1392036Z Cleaning up orphan processes
2026-05-15T18:35:08.1687303Z ##[warning]Node.js 20 actions are deprecated. The following actions are running on Node.js 20 and may not work as expected: actions/setup-node@v4. Actions will be forced to run with Node.js 24 by default starting June 2nd, 2026. Node.js 20 will be removed from the runner on September 16th, 2026. Please check if updated versions of these actions are available that support Node.js 24. To opt into Node.js 24 now, set the FORCE_JAVASCRIPT_ACTIONS_TO_NODE24=true environment variable on the runner or in your workflow file. Once Node.js 24 becomes the default, you can temporarily opt out by setting ACTIONS_ALLOW_USE_UNSECURE_NODE_VERSION=true. For more information see: https://github.blog/changelog/2025-09-19-deprecation-of-node-20-on-github-actions-runners/


--- Job: web-lint-and-test (id 76237513157) ---
2026-05-15T18:35:14.8181088Z Current runner version: '2.334.0'
2026-05-15T18:35:14.8207078Z ##[group]Runner Image Provisioner
2026-05-15T18:35:14.8207995Z Hosted Compute Agent
2026-05-15T18:35:14.8208535Z Version: 20260213.493
2026-05-15T18:35:14.8209121Z Commit: 5c115507f6dd24b8de37d8bbe0bb4509d0cc0fa3
2026-05-15T18:35:14.8209765Z Build Date: 2026-02-13T00:28:41Z
2026-05-15T18:35:14.8210517Z Worker ID: {e68bd932-5fd3-4320-be40-281a47d9264c}
2026-05-15T18:35:14.8211250Z Azure Region: westus
2026-05-15T18:35:14.8211808Z ##[endgroup]
2026-05-15T18:35:14.8213793Z ##[group]Operating System
2026-05-15T18:35:14.8214414Z Ubuntu
2026-05-15T18:35:14.8214854Z 24.04.4
2026-05-15T18:35:14.8215412Z LTS
2026-05-15T18:35:14.8215872Z ##[endgroup]
2026-05-15T18:35:14.8216327Z ##[group]Runner Image
2026-05-15T18:35:14.8216916Z Image: ubuntu-24.04
2026-05-15T18:35:14.8217383Z Version: 20260513.135.3
2026-05-15T18:35:14.8218642Z Included Software: https://github.com/actions/runner-images/blob/ubuntu24/20260513.135/images/ubuntu/Ubuntu2404-Readme.md
2026-05-15T18:35:14.8220070Z Image Release: https://github.com/actions/runner-images/releases/tag/ubuntu24%2F20260513.135
2026-05-15T18:35:14.8220946Z ##[endgroup]
2026-05-15T18:35:14.8222352Z ##[group]GITHUB_TOKEN Permissions
2026-05-15T18:35:14.8224260Z Actions: read
2026-05-15T18:35:14.8224917Z Checks: read
2026-05-15T18:35:14.8225435Z Contents: write
2026-05-15T18:35:14.8225898Z Metadata: read
2026-05-15T18:35:14.8226426Z ##[endgroup]
2026-05-15T18:35:14.8228418Z Secret source: Actions
2026-05-15T18:35:14.8229138Z Prepare workflow directory
2026-05-15T18:35:14.8584080Z Prepare all required actions
2026-05-15T18:35:14.8720593Z Complete job name: web-lint-and-test
2026-05-15T18:35:14.9572729Z ##[group]Run if [ 'failure' != 'success' ]; then
2026-05-15T18:35:14.9574102Z [36;1mif [ 'failure' != 'success' ]; then[0m
2026-05-15T18:35:14.9575279Z [36;1m  echo "web-lint finished with failure" >&2[0m
2026-05-15T18:35:14.9576728Z [36;1m  exit 1[0m
2026-05-15T18:35:14.9577524Z [36;1mfi[0m
2026-05-15T18:35:14.9578303Z [36;1mif [ 'success' != 'success' ]; then[0m
2026-05-15T18:35:14.9579633Z [36;1m  echo "web-unit-tests finished with success" >&2[0m
2026-05-15T18:35:14.9580831Z [36;1m  exit 1[0m
2026-05-15T18:35:14.9581549Z [36;1mfi[0m
2026-05-15T18:35:14.9582805Z [36;1mif [ 'success' != 'success' ]; then[0m
2026-05-15T18:35:14.9583926Z [36;1m  echo "web-build finished with success" >&2[0m
2026-05-15T18:35:14.9584988Z [36;1m  exit 1[0m
2026-05-15T18:35:14.9585853Z [36;1mfi[0m
2026-05-15T18:35:14.9586908Z [36;1mecho "✓ Split web lint, unit-test shards, and build passed."[0m
2026-05-15T18:35:15.0262699Z shell: /usr/bin/bash -e {0}
2026-05-15T18:35:15.0264491Z ##[endgroup]
2026-05-15T18:35:15.0543154Z web-lint finished with failure
2026-05-15T18:35:15.0572857Z ##[error]Process completed with exit code 1.
2026-05-15T18:35:15.0751800Z Cleaning up orphan processes
