=== CI FAILURE ===
Workflow:      Web CI
Workflow file: averycorp/prismTask/.github/workflows/web-ci.yml@refs/pull/1387/merge
Job(s):        web-lint, web-lint-and-test
Run ID:        25841225519
Run attempt:   1
Run URL:       https://github.com/averycorp/prismTask/actions/runs/25841225519
Commit:        fbf625fef50ac110ba437fd43079e5b82eb8f320
Branch:        1387/merge
Event:         pull_request
Actor:         akarlin3
Runner OS:     Linux
Timestamp:     2026-05-14T04:14:19.792Z

Failed steps:
  - web-lint: #5 Run ESLint
  - web-lint-and-test: #2 Verify split web checks

=== FAILED JOB LOG ===

--- Job: web-lint (id 75926773724) ---
2026-05-14T04:13:18.5402133Z Current runner version: '2.334.0'
2026-05-14T04:13:18.5427278Z ##[group]Runner Image Provisioner
2026-05-14T04:13:18.5428361Z Hosted Compute Agent
2026-05-14T04:13:18.5428888Z Version: 20260213.493
2026-05-14T04:13:18.5429556Z Commit: 5c115507f6dd24b8de37d8bbe0bb4509d0cc0fa3
2026-05-14T04:13:18.5430270Z Build Date: 2026-02-13T00:28:41Z
2026-05-14T04:13:18.5430960Z Worker ID: {b5dcb4b0-44b2-4981-a689-145643c68424}
2026-05-14T04:13:18.5431626Z Azure Region: westcentralus
2026-05-14T04:13:18.5432246Z ##[endgroup]
2026-05-14T04:13:18.5433846Z ##[group]Operating System
2026-05-14T04:13:18.5434506Z Ubuntu
2026-05-14T04:13:18.5435059Z 24.04.4
2026-05-14T04:13:18.5435541Z LTS
2026-05-14T04:13:18.5436019Z ##[endgroup]
2026-05-14T04:13:18.5436474Z ##[group]Runner Image
2026-05-14T04:13:18.5437131Z Image: ubuntu-24.04
2026-05-14T04:13:18.5437609Z Version: 20260413.86.1
2026-05-14T04:13:18.5439060Z Included Software: https://github.com/actions/runner-images/blob/ubuntu24/20260413.86/images/ubuntu/Ubuntu2404-Readme.md
2026-05-14T04:13:18.5440492Z Image Release: https://github.com/actions/runner-images/releases/tag/ubuntu24%2F20260413.86
2026-05-14T04:13:18.5441422Z ##[endgroup]
2026-05-14T04:13:18.5442536Z ##[group]GITHUB_TOKEN Permissions
2026-05-14T04:13:18.5444677Z Actions: read
2026-05-14T04:13:18.5445326Z Checks: read
2026-05-14T04:13:18.5445802Z Contents: write
2026-05-14T04:13:18.5446393Z Metadata: read
2026-05-14T04:13:18.5446956Z ##[endgroup]
2026-05-14T04:13:18.5449243Z Secret source: Actions
2026-05-14T04:13:18.5450343Z Prepare workflow directory
2026-05-14T04:13:18.5854853Z Prepare all required actions
2026-05-14T04:13:18.5891132Z Getting action download info
2026-05-14T04:13:18.9653823Z Download action repository 'actions/checkout@v6' (SHA:de0fac2e4500dabe0009e67214ff5f5447ce83dd)
2026-05-14T04:13:19.1982756Z Complete job name: web-lint
2026-05-14T04:13:19.2668660Z ##[group]Run actions/checkout@v6
2026-05-14T04:13:19.2669459Z with:
2026-05-14T04:13:19.2669845Z   repository: averycorp/prismTask
2026-05-14T04:13:19.2670518Z   token: ***
2026-05-14T04:13:19.2670897Z   ssh-strict: true
2026-05-14T04:13:19.2671280Z   ssh-user: git
2026-05-14T04:13:19.2671667Z   persist-credentials: true
2026-05-14T04:13:19.2672102Z   clean: true
2026-05-14T04:13:19.2672495Z   sparse-checkout-cone-mode: true
2026-05-14T04:13:19.2672951Z   fetch-depth: 1
2026-05-14T04:13:19.2673326Z   fetch-tags: false
2026-05-14T04:13:19.2673708Z   show-progress: true
2026-05-14T04:13:19.2674100Z   lfs: false
2026-05-14T04:13:19.2674449Z   submodules: false
2026-05-14T04:13:19.2674841Z   set-safe-directory: true
2026-05-14T04:13:19.2675445Z ##[endgroup]
2026-05-14T04:13:19.3667281Z Syncing repository: averycorp/prismTask
2026-05-14T04:13:19.3670060Z ##[group]Getting Git version info
2026-05-14T04:13:19.3671696Z Working directory is '/home/runner/work/prismTask/prismTask'
2026-05-14T04:13:19.3673034Z [command]/usr/bin/git version
2026-05-14T04:13:19.3691012Z git version 2.53.0
2026-05-14T04:13:19.3744251Z ##[endgroup]
2026-05-14T04:13:19.3757990Z Temporarily overriding HOME='/home/runner/work/_temp/bcdc568c-138a-4587-8cba-d9f6071fbf76' before making global git config changes
2026-05-14T04:13:19.3762708Z Adding repository directory to the temporary git global config as a safe directory
2026-05-14T04:13:19.3763805Z [command]/usr/bin/git config --global --add safe.directory /home/runner/work/prismTask/prismTask
2026-05-14T04:13:19.3799314Z Deleting the contents of '/home/runner/work/prismTask/prismTask'
2026-05-14T04:13:19.3803305Z ##[group]Initializing the repository
2026-05-14T04:13:19.3808108Z [command]/usr/bin/git init /home/runner/work/prismTask/prismTask
2026-05-14T04:13:19.3872698Z hint: Using 'master' as the name for the initial branch. This default branch name
2026-05-14T04:13:19.3874165Z hint: will change to "main" in Git 3.0. To configure the initial branch name
2026-05-14T04:13:19.3875453Z hint: to use in all of your new repositories, which will suppress this warning,
2026-05-14T04:13:19.3876287Z hint: call:
2026-05-14T04:13:19.3876638Z hint:
2026-05-14T04:13:19.3877379Z hint: 	git config --global init.defaultBranch <name>
2026-05-14T04:13:19.3878257Z hint:
2026-05-14T04:13:19.3879071Z hint: Names commonly chosen instead of 'master' are 'main', 'trunk' and
2026-05-14T04:13:19.3880407Z hint: 'development'. The just-created branch can be renamed via this command:
2026-05-14T04:13:19.3881443Z hint:
2026-05-14T04:13:19.3881977Z hint: 	git branch -m <name>
2026-05-14T04:13:19.3882533Z hint:
2026-05-14T04:13:19.3883107Z hint: Disable this message with "git config set advice.defaultBranchName false"
2026-05-14T04:13:19.3884020Z Initialized empty Git repository in /home/runner/work/prismTask/prismTask/.git/
2026-05-14T04:13:19.3887273Z [command]/usr/bin/git remote add origin https://github.com/averycorp/prismTask
2026-05-14T04:13:19.3919164Z ##[endgroup]
2026-05-14T04:13:19.3920186Z ##[group]Disabling automatic garbage collection
2026-05-14T04:13:19.3922519Z [command]/usr/bin/git config --local gc.auto 0
2026-05-14T04:13:19.3952001Z ##[endgroup]
2026-05-14T04:13:19.3952844Z ##[group]Setting up auth
2026-05-14T04:13:19.3953551Z Removing SSH command configuration
2026-05-14T04:13:19.3958426Z [command]/usr/bin/git config --local --name-only --get-regexp core\.sshCommand
2026-05-14T04:13:19.3989195Z [command]/usr/bin/git submodule foreach --recursive sh -c "git config --local --name-only --get-regexp 'core\.sshCommand' && git config --local --unset-all 'core.sshCommand' || :"
2026-05-14T04:13:19.4282452Z Removing HTTP extra header
2026-05-14T04:13:19.4287677Z [command]/usr/bin/git config --local --name-only --get-regexp http\.https\:\/\/github\.com\/\.extraheader
2026-05-14T04:13:19.4319415Z [command]/usr/bin/git submodule foreach --recursive sh -c "git config --local --name-only --get-regexp 'http\.https\:\/\/github\.com\/\.extraheader' && git config --local --unset-all 'http.https://github.com/.extraheader' || :"
2026-05-14T04:13:19.4540291Z Removing includeIf entries pointing to credentials config files
2026-05-14T04:13:19.4546085Z [command]/usr/bin/git config --local --name-only --get-regexp ^includeIf\.gitdir:
2026-05-14T04:13:19.4577379Z [command]/usr/bin/git submodule foreach --recursive git config --local --show-origin --name-only --get-regexp remote.origin.url
2026-05-14T04:13:19.4809928Z [command]/usr/bin/git config --file /home/runner/work/_temp/git-credentials-cb2691da-115a-453c-8db8-a124073e50c0.config http.https://github.com/.extraheader AUTHORIZATION: basic ***
2026-05-14T04:13:19.4847387Z [command]/usr/bin/git config --local includeIf.gitdir:/home/runner/work/prismTask/prismTask/.git.path /home/runner/work/_temp/git-credentials-cb2691da-115a-453c-8db8-a124073e50c0.config
2026-05-14T04:13:19.4878281Z [command]/usr/bin/git config --local includeIf.gitdir:/home/runner/work/prismTask/prismTask/.git/worktrees/*.path /home/runner/work/_temp/git-credentials-cb2691da-115a-453c-8db8-a124073e50c0.config
2026-05-14T04:13:19.4908885Z [command]/usr/bin/git config --local includeIf.gitdir:/github/workspace/.git.path /github/runner_temp/git-credentials-cb2691da-115a-453c-8db8-a124073e50c0.config
2026-05-14T04:13:19.4941710Z [command]/usr/bin/git config --local includeIf.gitdir:/github/workspace/.git/worktrees/*.path /github/runner_temp/git-credentials-cb2691da-115a-453c-8db8-a124073e50c0.config
2026-05-14T04:13:19.4967978Z ##[endgroup]
2026-05-14T04:13:19.4968904Z ##[group]Fetching the repository
2026-05-14T04:13:19.4976315Z [command]/usr/bin/git -c protocol.version=2 fetch --no-tags --prune --no-recurse-submodules --depth=1 origin +fbf625fef50ac110ba437fd43079e5b82eb8f320:refs/remotes/pull/1387/merge
2026-05-14T04:13:21.8073747Z From https://github.com/averycorp/prismTask
2026-05-14T04:13:21.8075168Z  * [new ref]         fbf625fef50ac110ba437fd43079e5b82eb8f320 -> pull/1387/merge
2026-05-14T04:13:21.8105553Z ##[endgroup]
2026-05-14T04:13:21.8107171Z ##[group]Determining the checkout info
2026-05-14T04:13:21.8109204Z ##[endgroup]
2026-05-14T04:13:21.8113516Z [command]/usr/bin/git sparse-checkout disable
2026-05-14T04:13:21.8155212Z [command]/usr/bin/git config --local --unset-all extensions.worktreeConfig
2026-05-14T04:13:21.8185597Z ##[group]Checking out the ref
2026-05-14T04:13:21.8190089Z [command]/usr/bin/git checkout --progress --force refs/remotes/pull/1387/merge
2026-05-14T04:13:22.1114063Z Note: switching to 'refs/remotes/pull/1387/merge'.
2026-05-14T04:13:22.1115388Z 
2026-05-14T04:13:22.1115765Z You are in 'detached HEAD' state. You can look around, make experimental
2026-05-14T04:13:22.1116565Z changes and commit them, and you can discard any commits you make in this
2026-05-14T04:13:22.1117305Z state without impacting any branches by switching back to a branch.
2026-05-14T04:13:22.1118040Z 
2026-05-14T04:13:22.1118341Z If you want to create a new branch to retain commits you create, you may
2026-05-14T04:13:22.1119036Z do so (now or later) by using -c with the switch command. Example:
2026-05-14T04:13:22.1119517Z 
2026-05-14T04:13:22.1119647Z   git switch -c <new-branch-name>
2026-05-14T04:13:22.1119834Z 
2026-05-14T04:13:22.1119976Z Or undo this operation with:
2026-05-14T04:13:22.1120188Z 
2026-05-14T04:13:22.1120301Z   git switch -
2026-05-14T04:13:22.1120532Z 
2026-05-14T04:13:22.1120797Z Turn off this advice by setting config variable advice.detachedHead to false
2026-05-14T04:13:22.1121110Z 
2026-05-14T04:13:22.1121480Z HEAD is now at fbf625f Merge b9f4e7c556edf282fab73349c2b6969360901b53 into 0aac0d2bb857daff81f7d27cc6d85ab323bda2af
2026-05-14T04:13:22.1138747Z ##[endgroup]
2026-05-14T04:13:22.1180438Z [command]/usr/bin/git log -1 --format=%H
2026-05-14T04:13:22.1204763Z fbf625fef50ac110ba437fd43079e5b82eb8f320
2026-05-14T04:13:22.1495343Z Prepare all required actions
2026-05-14T04:13:22.1495825Z Getting action download info
2026-05-14T04:13:22.3234157Z Download action repository 'actions/setup-node@v4' (SHA:49933ea5288caeca8642d1e84afbd3f7d6820020)
2026-05-14T04:13:22.4219905Z ##[group]Run ./.github/actions/setup-node-web
2026-05-14T04:13:22.4220255Z ##[endgroup]
2026-05-14T04:13:22.4347068Z ##[group]Run actions/setup-node@v4
2026-05-14T04:13:22.4347403Z with:
2026-05-14T04:13:22.4347694Z   node-version: 22
2026-05-14T04:13:22.4348170Z   cache: npm
2026-05-14T04:13:22.4348439Z   cache-dependency-path: web/package-lock.json
2026-05-14T04:13:22.4348758Z   always-auth: false
2026-05-14T04:13:22.4348998Z   check-latest: false
2026-05-14T04:13:22.4349391Z   token: ***
2026-05-14T04:13:22.4349614Z ##[endgroup]
2026-05-14T04:13:22.6228349Z Found in cache @ /opt/hostedtoolcache/node/22.22.2/x64
2026-05-14T04:13:22.6246929Z ##[group]Environment details
2026-05-14T04:13:25.9133639Z node: v22.22.2
2026-05-14T04:13:25.9134317Z npm: 10.9.7
2026-05-14T04:13:25.9134599Z yarn: 1.22.22
2026-05-14T04:13:25.9135542Z ##[endgroup]
2026-05-14T04:13:25.9159800Z [command]/opt/hostedtoolcache/node/22.22.2/x64/bin/npm config get cache
2026-05-14T04:13:26.0825469Z /home/runner/.npm
2026-05-14T04:13:26.2963251Z npm cache is not found
2026-05-14T04:13:26.3124669Z ##[group]Run npm ci
2026-05-14T04:13:26.3124985Z [36;1mnpm ci[0m
2026-05-14T04:13:26.3159288Z shell: /usr/bin/bash --noprofile --norc -e -o pipefail {0}
2026-05-14T04:13:26.3159662Z ##[endgroup]
2026-05-14T04:13:37.8780770Z 
2026-05-14T04:13:37.8788085Z added 435 packages, and audited 436 packages in 12s
2026-05-14T04:13:37.8788593Z 
2026-05-14T04:13:37.8788893Z 94 packages are looking for funding
2026-05-14T04:13:37.8789358Z   run `npm fund` for details
2026-05-14T04:13:37.8853004Z 
2026-05-14T04:13:37.8853331Z 3 vulnerabilities (2 moderate, 1 critical)
2026-05-14T04:13:37.8853674Z 
2026-05-14T04:13:37.8853810Z To address all issues, run:
2026-05-14T04:13:37.8854062Z   npm audit fix
2026-05-14T04:13:37.8854213Z 
2026-05-14T04:13:37.8854354Z Run `npm audit` for details.
2026-05-14T04:13:37.9518397Z ##[group]Run npm run lint
2026-05-14T04:13:37.9518707Z [36;1mnpm run lint[0m
2026-05-14T04:13:37.9541941Z shell: /usr/bin/bash -e {0}
2026-05-14T04:13:37.9542181Z ##[endgroup]
2026-05-14T04:13:38.0515613Z 
2026-05-14T04:13:38.0516291Z > web@1.6.0 lint
2026-05-14T04:13:38.0516695Z > eslint .
2026-05-14T04:13:38.0516840Z 
2026-05-14T04:13:54.8906852Z 
2026-05-14T04:13:54.8910559Z /home/runner/work/prismTask/prismTask/web/src/features/medication/MedicationEditorDialog.tsx
2026-05-14T04:13:54.8912794Z   190:7  error  Error: Calling setState synchronously within an effect can trigger cascading renders
2026-05-14T04:13:54.8924560Z 
2026-05-14T04:13:54.8926701Z Effects are intended to synchronize state between React and external systems such as manually updating the DOM, state management libraries, or other platform APIs. In general, the body of an effect should do one or both of the following:
2026-05-14T04:13:54.8928655Z * Update external systems with the latest state from React.
2026-05-14T04:13:54.8929926Z * Subscribe for updates from some external system, calling setState in a callback function when external state changes.
2026-05-14T04:13:54.8930620Z 
2026-05-14T04:13:54.8931948Z Calling setState synchronously within an effect body causes cascading renders that can hurt performance, and is not recommended. (https://react.dev/learn/you-might-not-need-an-effect).
2026-05-14T04:13:54.8933082Z 
2026-05-14T04:13:54.8933804Z /home/runner/work/prismTask/prismTask/web/src/features/medication/MedicationEditorDialog.tsx:190:7
2026-05-14T04:13:54.8934605Z   188 |   useEffect(() => {
2026-05-14T04:13:54.8934947Z   189 |     if (isOpen) {
2026-05-14T04:13:54.8935400Z > 190 |       setForm(initialState(initial));
2026-05-14T04:13:54.8935989Z       |       ^^^^^^^ Avoid calling setState() directly within an effect
2026-05-14T04:13:54.8936510Z   191 |       setErrors({});
2026-05-14T04:13:54.8936846Z   192 |     }
2026-05-14T04:13:54.8937317Z   193 |   }, [isOpen, initial]);  react-hooks/set-state-in-effect
2026-05-14T04:13:54.8937693Z 
2026-05-14T04:13:54.8938489Z /home/runner/work/prismTask/prismTask/web/src/features/medication/MedicationRefillScreen.tsx
2026-05-14T04:13:54.8939531Z    88:17  error  Error: Cannot call impure function during render
2026-05-14T04:13:54.8939916Z 
2026-05-14T04:13:54.8941881Z `Date.now` is an impure function. Calling an impure function can produce unstable results that update unpredictably when the component happens to re-render. (https://react.dev/reference/rules/components-and-hooks-must-be-pure#components-and-hooks-must-be-idempotent).
2026-05-14T04:13:54.8943480Z 
2026-05-14T04:13:54.8944177Z /home/runner/work/prismTask/prismTask/web/src/features/medication/MedicationRefillScreen.tsx:88:17
2026-05-14T04:13:54.8944927Z   86 |
2026-05-14T04:13:54.8945279Z   87 |   const forecasts = useMemo(() => {
2026-05-14T04:13:54.8945770Z > 88 |     const now = Date.now();
2026-05-14T04:13:54.8946257Z      |                 ^^^^^^^^^^ Cannot call impure function
2026-05-14T04:13:54.8946846Z   89 |     const map = new Map<string, RefillForecast>();
2026-05-14T04:13:54.8947367Z   90 |     for (const refill of refills) {
2026-05-14T04:13:54.8949312Z   91 |       map.set(refill.id, forecastRefill(refill, now));                                                                                                                                                                                                                                                                                                                               react-hooks/purity
2026-05-14T04:13:54.8951321Z   382:7   error  Error: Calling setState synchronously within an effect can trigger cascading renders
2026-05-14T04:13:54.8951931Z 
2026-05-14T04:13:54.8953581Z Effects are intended to synchronize state between React and external systems such as manually updating the DOM, state management libraries, or other platform APIs. In general, the body of an effect should do one or both of the following:
2026-05-14T04:13:54.8955728Z * Update external systems with the latest state from React.
2026-05-14T04:13:54.8956874Z * Subscribe for updates from some external system, calling setState in a callback function when external state changes.
2026-05-14T04:13:54.8957590Z 
2026-05-14T04:13:54.8959142Z Calling setState synchronously within an effect body causes cascading renders that can hurt performance, and is not recommended. (https://react.dev/learn/you-might-not-need-an-effect).
2026-05-14T04:13:54.8960485Z 
2026-05-14T04:13:54.8961204Z /home/runner/work/prismTask/prismTask/web/src/features/medication/MedicationRefillScreen.tsx:382:7
2026-05-14T04:13:54.8961980Z   380 |   useEffect(() => {
2026-05-14T04:13:54.8962339Z   381 |     if (isOpen) {
2026-05-14T04:13:54.8962825Z > 382 |       setForm(initialEditorState(initial));
2026-05-14T04:13:54.8963449Z       |       ^^^^^^^ Avoid calling setState() directly within an effect
2026-05-14T04:13:54.8963953Z   383 |       setErrors({});
2026-05-14T04:13:54.8964284Z   384 |     }
2026-05-14T04:13:54.8964758Z   385 |   }, [isOpen, initial]);  react-hooks/set-state-in-effect
2026-05-14T04:13:54.8965136Z 
2026-05-14T04:13:54.8965697Z ✖ 3 problems (3 errors, 0 warnings)
2026-05-14T04:13:54.8965971Z 
2026-05-14T04:13:55.1390399Z ##[error]Process completed with exit code 1.
2026-05-14T04:13:55.1460832Z Post job cleanup.
2026-05-14T04:13:55.1542915Z Post job cleanup.
2026-05-14T04:13:55.2398367Z [command]/usr/bin/git version
2026-05-14T04:13:55.2467011Z git version 2.53.0
2026-05-14T04:13:55.2504793Z Temporarily overriding HOME='/home/runner/work/_temp/1feb59c0-fc39-41ae-8a06-672e86ac7077' before making global git config changes
2026-05-14T04:13:55.2506150Z Adding repository directory to the temporary git global config as a safe directory
2026-05-14T04:13:55.2511266Z [command]/usr/bin/git config --global --add safe.directory /home/runner/work/prismTask/prismTask
2026-05-14T04:13:55.2544325Z Removing SSH command configuration
2026-05-14T04:13:55.2550570Z [command]/usr/bin/git config --local --name-only --get-regexp core\.sshCommand
2026-05-14T04:13:55.2587317Z [command]/usr/bin/git submodule foreach --recursive sh -c "git config --local --name-only --get-regexp 'core\.sshCommand' && git config --local --unset-all 'core.sshCommand' || :"
2026-05-14T04:13:55.2825502Z Removing HTTP extra header
2026-05-14T04:13:55.2830703Z [command]/usr/bin/git config --local --name-only --get-regexp http\.https\:\/\/github\.com\/\.extraheader
2026-05-14T04:13:55.2865457Z [command]/usr/bin/git submodule foreach --recursive sh -c "git config --local --name-only --get-regexp 'http\.https\:\/\/github\.com\/\.extraheader' && git config --local --unset-all 'http.https://github.com/.extraheader' || :"
2026-05-14T04:13:55.3098298Z Removing includeIf entries pointing to credentials config files
2026-05-14T04:13:55.3104776Z [command]/usr/bin/git config --local --name-only --get-regexp ^includeIf\.gitdir:
2026-05-14T04:13:55.3129187Z includeif.gitdir:/home/runner/work/prismTask/prismTask/.git.path
2026-05-14T04:13:55.3130115Z includeif.gitdir:/home/runner/work/prismTask/prismTask/.git/worktrees/*.path
2026-05-14T04:13:55.3130850Z includeif.gitdir:/github/workspace/.git.path
2026-05-14T04:13:55.3131474Z includeif.gitdir:/github/workspace/.git/worktrees/*.path
2026-05-14T04:13:55.3138456Z [command]/usr/bin/git config --local --get-all includeif.gitdir:/home/runner/work/prismTask/prismTask/.git.path
2026-05-14T04:13:55.3160933Z /home/runner/work/_temp/git-credentials-cb2691da-115a-453c-8db8-a124073e50c0.config
2026-05-14T04:13:55.3171494Z [command]/usr/bin/git config --local --unset includeif.gitdir:/home/runner/work/prismTask/prismTask/.git.path /home/runner/work/_temp/git-credentials-cb2691da-115a-453c-8db8-a124073e50c0.config
2026-05-14T04:13:55.3207445Z [command]/usr/bin/git config --local --get-all includeif.gitdir:/home/runner/work/prismTask/prismTask/.git/worktrees/*.path
2026-05-14T04:13:55.3230825Z /home/runner/work/_temp/git-credentials-cb2691da-115a-453c-8db8-a124073e50c0.config
2026-05-14T04:13:55.3240958Z [command]/usr/bin/git config --local --unset includeif.gitdir:/home/runner/work/prismTask/prismTask/.git/worktrees/*.path /home/runner/work/_temp/git-credentials-cb2691da-115a-453c-8db8-a124073e50c0.config
2026-05-14T04:13:55.3273634Z [command]/usr/bin/git config --local --get-all includeif.gitdir:/github/workspace/.git.path
2026-05-14T04:13:55.3296293Z /github/runner_temp/git-credentials-cb2691da-115a-453c-8db8-a124073e50c0.config
2026-05-14T04:13:55.3304185Z [command]/usr/bin/git config --local --unset includeif.gitdir:/github/workspace/.git.path /github/runner_temp/git-credentials-cb2691da-115a-453c-8db8-a124073e50c0.config
2026-05-14T04:13:55.3336670Z [command]/usr/bin/git config --local --get-all includeif.gitdir:/github/workspace/.git/worktrees/*.path
2026-05-14T04:13:55.3359397Z /github/runner_temp/git-credentials-cb2691da-115a-453c-8db8-a124073e50c0.config
2026-05-14T04:13:55.3368593Z [command]/usr/bin/git config --local --unset includeif.gitdir:/github/workspace/.git/worktrees/*.path /github/runner_temp/git-credentials-cb2691da-115a-453c-8db8-a124073e50c0.config
2026-05-14T04:13:55.3411429Z [command]/usr/bin/git submodule foreach --recursive git config --local --show-origin --name-only --get-regexp remote.origin.url
2026-05-14T04:13:55.3653442Z Removing credentials config '/home/runner/work/_temp/git-credentials-cb2691da-115a-453c-8db8-a124073e50c0.config'
2026-05-14T04:13:55.3802874Z Cleaning up orphan processes
2026-05-14T04:13:55.4082762Z ##[warning]Node.js 20 actions are deprecated. The following actions are running on Node.js 20 and may not work as expected: actions/setup-node@v4. Actions will be forced to run with Node.js 24 by default starting June 2nd, 2026. Node.js 20 will be removed from the runner on September 16th, 2026. Please check if updated versions of these actions are available that support Node.js 24. To opt into Node.js 24 now, set the FORCE_JAVASCRIPT_ACTIONS_TO_NODE24=true environment variable on the runner or in your workflow file. Once Node.js 24 becomes the default, you can temporarily opt out by setting ACTIONS_ALLOW_USE_UNSECURE_NODE_VERSION=true. For more information see: https://github.blog/changelog/2025-09-19-deprecation-of-node-20-on-github-actions-runners/


--- Job: web-lint-and-test (id 75926835359) ---
2026-05-14T04:14:08.1637900Z Current runner version: '2.334.0'
2026-05-14T04:14:08.1660063Z ##[group]Runner Image Provisioner
2026-05-14T04:14:08.1660809Z Hosted Compute Agent
2026-05-14T04:14:08.1661344Z Version: 20260213.493
2026-05-14T04:14:08.1661957Z Commit: 5c115507f6dd24b8de37d8bbe0bb4509d0cc0fa3
2026-05-14T04:14:08.1662669Z Build Date: 2026-02-13T00:28:41Z
2026-05-14T04:14:08.1663341Z Worker ID: {26844248-8930-4864-a380-6443b2c0fde4}
2026-05-14T04:14:08.1663994Z Azure Region: westus
2026-05-14T04:14:08.1664544Z ##[endgroup]
2026-05-14T04:14:08.1665878Z ##[group]Operating System
2026-05-14T04:14:08.1666762Z Ubuntu
2026-05-14T04:14:08.1667217Z 24.04.4
2026-05-14T04:14:08.1667699Z LTS
2026-05-14T04:14:08.1668090Z ##[endgroup]
2026-05-14T04:14:08.1668634Z ##[group]Runner Image
2026-05-14T04:14:08.1669176Z Image: ubuntu-24.04
2026-05-14T04:14:08.1669629Z Version: 20260413.86.1
2026-05-14T04:14:08.1670844Z Included Software: https://github.com/actions/runner-images/blob/ubuntu24/20260413.86/images/ubuntu/Ubuntu2404-Readme.md
2026-05-14T04:14:08.1672336Z Image Release: https://github.com/actions/runner-images/releases/tag/ubuntu24%2F20260413.86
2026-05-14T04:14:08.1673199Z ##[endgroup]
2026-05-14T04:14:08.1674296Z ##[group]GITHUB_TOKEN Permissions
2026-05-14T04:14:08.1676355Z Actions: read
2026-05-14T04:14:08.1676943Z Checks: read
2026-05-14T04:14:08.1677395Z Contents: write
2026-05-14T04:14:08.1677976Z Metadata: read
2026-05-14T04:14:08.1678426Z ##[endgroup]
2026-05-14T04:14:08.1680354Z Secret source: Actions
2026-05-14T04:14:08.1681086Z Prepare workflow directory
2026-05-14T04:14:08.2028903Z Prepare all required actions
2026-05-14T04:14:08.2152239Z Complete job name: web-lint-and-test
2026-05-14T04:14:08.2951281Z ##[group]Run if [ 'failure' != 'success' ]; then
2026-05-14T04:14:08.2952508Z [36;1mif [ 'failure' != 'success' ]; then[0m
2026-05-14T04:14:08.2953770Z [36;1m  echo "web-lint finished with failure" >&2[0m
2026-05-14T04:14:08.2955176Z [36;1m  exit 1[0m
2026-05-14T04:14:08.2955911Z [36;1mfi[0m
2026-05-14T04:14:08.2957162Z [36;1mif [ 'success' != 'success' ]; then[0m
2026-05-14T04:14:08.2958382Z [36;1m  echo "web-unit-tests finished with success" >&2[0m
2026-05-14T04:14:08.2959415Z [36;1m  exit 1[0m
2026-05-14T04:14:08.2960297Z [36;1mfi[0m
2026-05-14T04:14:08.2961172Z [36;1mif [ 'success' != 'success' ]; then[0m
2026-05-14T04:14:08.2962276Z [36;1m  echo "web-build finished with success" >&2[0m
2026-05-14T04:14:08.2963347Z [36;1m  exit 1[0m
2026-05-14T04:14:08.2964078Z [36;1mfi[0m
2026-05-14T04:14:08.2965061Z [36;1mecho "✓ Split web lint, unit-test shards, and build passed."[0m
2026-05-14T04:14:08.3278873Z shell: /usr/bin/bash -e {0}
2026-05-14T04:14:08.3280480Z ##[endgroup]
2026-05-14T04:14:08.3544924Z web-lint finished with failure
2026-05-14T04:14:08.3572837Z ##[error]Process completed with exit code 1.
2026-05-14T04:14:08.3740681Z Cleaning up orphan processes
