=== CI FAILURE ===
Workflow:      Web CI
Workflow file: averycorp/prismTask/.github/workflows/web-ci.yml@refs/pull/1665/merge
Job(s):        e2e
Run ID:        26073822339
Run attempt:   1
Run URL:       https://github.com/averycorp/prismTask/actions/runs/26073822339
Commit:        9febbbaa36386703c29a66d1ed0ac2a9815c44a2
Branch:        1665/merge
Event:         pull_request
Actor:         akarlin3
Runner OS:     Linux
Timestamp:     2026-05-19T03:15:07.986Z

Failed steps:
  - e2e: #9 Run Playwright tests

=== FAILED JOB LOG ===

--- Job: e2e (id 76660651673) ---
2026-05-19T03:12:00.4820331Z Current runner version: '2.334.0'
2026-05-19T03:12:00.4844227Z ##[group]Runner Image Provisioner
2026-05-19T03:12:00.4845098Z Hosted Compute Agent
2026-05-19T03:12:00.4845658Z Version: 20260213.493
2026-05-19T03:12:00.4846269Z Commit: 5c115507f6dd24b8de37d8bbe0bb4509d0cc0fa3
2026-05-19T03:12:00.4846997Z Build Date: 2026-02-13T00:28:41Z
2026-05-19T03:12:00.4847671Z Worker ID: {ded69200-ff67-4de9-b6f0-52689c15f522}
2026-05-19T03:12:00.4848446Z Azure Region: westcentralus
2026-05-19T03:12:00.4849057Z ##[endgroup]
2026-05-19T03:12:00.4850350Z ##[group]Operating System
2026-05-19T03:12:00.4850999Z Ubuntu
2026-05-19T03:12:00.4851459Z 24.04.4
2026-05-19T03:12:00.4851928Z LTS
2026-05-19T03:12:00.4852337Z ##[endgroup]
2026-05-19T03:12:00.4853276Z ##[group]Runner Image
2026-05-19T03:12:00.4853824Z Image: ubuntu-24.04
2026-05-19T03:12:00.4854337Z Version: 20260513.135.3
2026-05-19T03:12:00.4855597Z Included Software: https://github.com/actions/runner-images/blob/ubuntu24/20260513.135/images/ubuntu/Ubuntu2404-Readme.md
2026-05-19T03:12:00.4857091Z Image Release: https://github.com/actions/runner-images/releases/tag/ubuntu24%2F20260513.135
2026-05-19T03:12:00.4858017Z ##[endgroup]
2026-05-19T03:12:00.4859158Z ##[group]GITHUB_TOKEN Permissions
2026-05-19T03:12:00.4861063Z Actions: read
2026-05-19T03:12:00.4861565Z Checks: read
2026-05-19T03:12:00.4862074Z Contents: write
2026-05-19T03:12:00.4862941Z Metadata: read
2026-05-19T03:12:00.4863423Z ##[endgroup]
2026-05-19T03:12:00.4865413Z Secret source: Actions
2026-05-19T03:12:00.4866127Z Prepare workflow directory
2026-05-19T03:12:00.5305041Z Prepare all required actions
2026-05-19T03:12:00.5340383Z Getting action download info
2026-05-19T03:12:00.9779846Z Download action repository 'actions/checkout@v6' (SHA:de0fac2e4500dabe0009e67214ff5f5447ce83dd)
2026-05-19T03:12:01.1137538Z Download action repository 'dorny/paths-filter@v4' (SHA:fbd0ab8f3e69293af611ebaee6363fc25e6d187d)
2026-05-19T03:12:01.6398688Z Download action repository 'actions/cache@v5' (SHA:27d5ce7f107fe9357f9df03efb73ab90386fccae)
2026-05-19T03:12:01.7539847Z Download action repository 'actions/upload-artifact@v7' (SHA:043fb46d1a93c77aae656e7c1c64a875d1fc6a0a)
2026-05-19T03:12:01.9505783Z Complete job name: e2e
2026-05-19T03:12:02.0353251Z ##[group]Run actions/checkout@v6
2026-05-19T03:12:02.0354549Z with:
2026-05-19T03:12:02.0355318Z   repository: averycorp/prismTask
2026-05-19T03:12:02.0356556Z   token: ***
2026-05-19T03:12:02.0357307Z   ssh-strict: true
2026-05-19T03:12:02.0358080Z   ssh-user: git
2026-05-19T03:12:02.0358872Z   persist-credentials: true
2026-05-19T03:12:02.0359875Z   clean: true
2026-05-19T03:12:02.0360699Z   sparse-checkout-cone-mode: true
2026-05-19T03:12:02.0361697Z   fetch-depth: 1
2026-05-19T03:12:02.0362673Z   fetch-tags: false
2026-05-19T03:12:02.0363484Z   show-progress: true
2026-05-19T03:12:02.0364279Z   lfs: false
2026-05-19T03:12:02.0365011Z   submodules: false
2026-05-19T03:12:02.0365803Z   set-safe-directory: true
2026-05-19T03:12:02.0366941Z ##[endgroup]
2026-05-19T03:12:02.1347298Z Syncing repository: averycorp/prismTask
2026-05-19T03:12:02.1350188Z ##[group]Getting Git version info
2026-05-19T03:12:02.1351494Z Working directory is '/home/runner/work/prismTask/prismTask'
2026-05-19T03:12:02.1353910Z [command]/usr/bin/git version
2026-05-19T03:12:02.1372865Z git version 2.54.0
2026-05-19T03:12:02.1427535Z ##[endgroup]
2026-05-19T03:12:02.1440887Z Temporarily overriding HOME='/home/runner/work/_temp/4b3d34fb-14b7-4761-94ef-bc617318d68d' before making global git config changes
2026-05-19T03:12:02.1445032Z Adding repository directory to the temporary git global config as a safe directory
2026-05-19T03:12:02.1448287Z [command]/usr/bin/git config --global --add safe.directory /home/runner/work/prismTask/prismTask
2026-05-19T03:12:02.1488335Z Deleting the contents of '/home/runner/work/prismTask/prismTask'
2026-05-19T03:12:02.1492662Z ##[group]Initializing the repository
2026-05-19T03:12:02.1496992Z [command]/usr/bin/git init /home/runner/work/prismTask/prismTask
2026-05-19T03:12:02.1566875Z hint: Using 'master' as the name for the initial branch. This default branch name
2026-05-19T03:12:02.1570064Z hint: will change to "main" in Git 3.0. To configure the initial branch name
2026-05-19T03:12:02.1573041Z hint: to use in all of your new repositories, which will suppress this warning,
2026-05-19T03:12:02.1575164Z hint: call:
2026-05-19T03:12:02.1576296Z hint:
2026-05-19T03:12:02.1577714Z hint: 	git config --global init.defaultBranch <name>
2026-05-19T03:12:02.1578990Z hint:
2026-05-19T03:12:02.1580426Z hint: Names commonly chosen instead of 'master' are 'main', 'trunk' and
2026-05-19T03:12:02.1582801Z hint: 'development'. The just-created branch can be renamed via this command:
2026-05-19T03:12:02.1584323Z hint:
2026-05-19T03:12:02.1585149Z hint: 	git branch -m <name>
2026-05-19T03:12:02.1586108Z hint:
2026-05-19T03:12:02.1587615Z hint: Disable this message with "git config set advice.defaultBranchName false"
2026-05-19T03:12:02.1589754Z Initialized empty Git repository in /home/runner/work/prismTask/prismTask/.git/
2026-05-19T03:12:02.1593392Z [command]/usr/bin/git remote add origin https://github.com/averycorp/prismTask
2026-05-19T03:12:02.1622170Z ##[endgroup]
2026-05-19T03:12:02.1624029Z ##[group]Disabling automatic garbage collection
2026-05-19T03:12:02.1625607Z [command]/usr/bin/git config --local gc.auto 0
2026-05-19T03:12:02.1656703Z ##[endgroup]
2026-05-19T03:12:02.1658743Z ##[group]Setting up auth
2026-05-19T03:12:02.1660199Z Removing SSH command configuration
2026-05-19T03:12:02.1663841Z [command]/usr/bin/git config --local --name-only --get-regexp core\.sshCommand
2026-05-19T03:12:02.1700700Z [command]/usr/bin/git submodule foreach --recursive sh -c "git config --local --name-only --get-regexp 'core\.sshCommand' && git config --local --unset-all 'core.sshCommand' || :"
2026-05-19T03:12:02.2001117Z Removing HTTP extra header
2026-05-19T03:12:02.2006902Z [command]/usr/bin/git config --local --name-only --get-regexp http\.https\:\/\/github\.com\/\.extraheader
2026-05-19T03:12:02.2038969Z [command]/usr/bin/git submodule foreach --recursive sh -c "git config --local --name-only --get-regexp 'http\.https\:\/\/github\.com\/\.extraheader' && git config --local --unset-all 'http.https://github.com/.extraheader' || :"
2026-05-19T03:12:02.2261268Z Removing includeIf entries pointing to credentials config files
2026-05-19T03:12:02.2267658Z [command]/usr/bin/git config --local --name-only --get-regexp ^includeIf\.gitdir:
2026-05-19T03:12:02.2301202Z [command]/usr/bin/git submodule foreach --recursive git config --local --show-origin --name-only --get-regexp remote.origin.url
2026-05-19T03:12:02.2529057Z [command]/usr/bin/git config --file /home/runner/work/_temp/git-credentials-e87f42ed-e4b7-429a-9e99-c106f085f224.config http.https://github.com/.extraheader AUTHORIZATION: basic ***
2026-05-19T03:12:02.2567459Z [command]/usr/bin/git config --local includeIf.gitdir:/home/runner/work/prismTask/prismTask/.git.path /home/runner/work/_temp/git-credentials-e87f42ed-e4b7-429a-9e99-c106f085f224.config
2026-05-19T03:12:02.2599396Z [command]/usr/bin/git config --local includeIf.gitdir:/home/runner/work/prismTask/prismTask/.git/worktrees/*.path /home/runner/work/_temp/git-credentials-e87f42ed-e4b7-429a-9e99-c106f085f224.config
2026-05-19T03:12:02.2631465Z [command]/usr/bin/git config --local includeIf.gitdir:/github/workspace/.git.path /github/runner_temp/git-credentials-e87f42ed-e4b7-429a-9e99-c106f085f224.config
2026-05-19T03:12:02.2662774Z [command]/usr/bin/git config --local includeIf.gitdir:/github/workspace/.git/worktrees/*.path /github/runner_temp/git-credentials-e87f42ed-e4b7-429a-9e99-c106f085f224.config
2026-05-19T03:12:02.2696422Z ##[endgroup]
2026-05-19T03:12:02.2697739Z ##[group]Fetching the repository
2026-05-19T03:12:02.2704429Z [command]/usr/bin/git -c protocol.version=2 fetch --no-tags --prune --no-recurse-submodules --depth=1 origin +9febbbaa36386703c29a66d1ed0ac2a9815c44a2:refs/remotes/pull/1665/merge
2026-05-19T03:12:04.1361143Z From https://github.com/averycorp/prismTask
2026-05-19T03:12:04.1362657Z  * [new ref]         9febbbaa36386703c29a66d1ed0ac2a9815c44a2 -> pull/1665/merge
2026-05-19T03:12:04.1395983Z ##[endgroup]
2026-05-19T03:12:04.1396623Z ##[group]Determining the checkout info
2026-05-19T03:12:04.1397348Z ##[endgroup]
2026-05-19T03:12:04.1402408Z [command]/usr/bin/git sparse-checkout disable
2026-05-19T03:12:04.1447142Z [command]/usr/bin/git config --local --unset-all extensions.worktreeConfig
2026-05-19T03:12:04.1476341Z ##[group]Checking out the ref
2026-05-19T03:12:04.1479639Z [command]/usr/bin/git checkout --progress --force refs/remotes/pull/1665/merge
2026-05-19T03:12:04.4649578Z Note: switching to 'refs/remotes/pull/1665/merge'.
2026-05-19T03:12:04.4650085Z 
2026-05-19T03:12:04.4650422Z You are in 'detached HEAD' state. You can look around, make experimental
2026-05-19T03:12:04.4651231Z changes and commit them, and you can discard any commits you make in this
2026-05-19T03:12:04.4652039Z state without impacting any branches by switching back to a branch.
2026-05-19T03:12:04.4652702Z 
2026-05-19T03:12:04.4653126Z If you want to create a new branch to retain commits you create, you may
2026-05-19T03:12:04.4653858Z do so (now or later) by using -c with the switch command. Example:
2026-05-19T03:12:04.4654338Z 
2026-05-19T03:12:04.4654527Z   git switch -c <new-branch-name>
2026-05-19T03:12:04.4654820Z 
2026-05-19T03:12:04.4654990Z Or undo this operation with:
2026-05-19T03:12:04.4655273Z 
2026-05-19T03:12:04.4655418Z   git switch -
2026-05-19T03:12:04.4655647Z 
2026-05-19T03:12:04.4656007Z Turn off this advice by setting config variable advice.detachedHead to false
2026-05-19T03:12:04.4656567Z 
2026-05-19T03:12:04.4657134Z HEAD is now at 9febbba Merge abce8436893d25f366cec63889fff738cd972013 into 4575f9bdaabb8c6b1e352b55b9c4cebce8142924
2026-05-19T03:12:04.4678408Z ##[endgroup]
2026-05-19T03:12:04.4726591Z [command]/usr/bin/git log -1 --format=%H
2026-05-19T03:12:04.4754161Z 9febbbaa36386703c29a66d1ed0ac2a9815c44a2
2026-05-19T03:12:04.5058233Z ##[group]Run dorny/paths-filter@v4
2026-05-19T03:12:04.5058559Z with:
2026-05-19T03:12:04.5058982Z   filters: web:
  - 'web/**'
  - '.github/workflows/web-ci.yml'
  - '.github/actions/setup-node-web/**'

2026-05-19T03:12:04.5059627Z   token: ***
2026-05-19T03:12:04.5059824Z   list-files: none
2026-05-19T03:12:04.5060038Z   initial-fetch-depth: 100
2026-05-19T03:12:04.5060292Z   predicate-quantifier: some
2026-05-19T03:12:04.5060546Z ##[endgroup]
2026-05-19T03:12:04.5856542Z ##[group]Fetching list of changed files for PR#1665 from Github API
2026-05-19T03:12:04.5864538Z Invoking listFiles(pull_number: 1665, per_page: 100)
2026-05-19T03:12:05.0526618Z Received 11 items
2026-05-19T03:12:05.0527126Z [modified] web/src/features/habits/HabitListScreen.tsx
2026-05-19T03:12:05.0527825Z [modified] web/src/features/habits/__tests__/HabitListScreen.test.tsx
2026-05-19T03:12:05.0528524Z [modified] web/src/features/mood/MoodCorrelationsSection.tsx
2026-05-19T03:12:05.0529263Z [modified] web/src/features/today/DoneCounterSheet.tsx
2026-05-19T03:12:05.0529801Z [modified] web/src/features/today/HabitsSection.tsx
2026-05-19T03:12:05.0530338Z [modified] web/src/features/today/TodayScreen.tsx
2026-05-19T03:12:05.0530819Z [modified] web/src/stores/habitStore.ts
2026-05-19T03:12:05.0531435Z [removed] web/src/utils/__tests__/medicationBuiltInHabit.test.ts
2026-05-19T03:12:05.0532076Z [added] web/src/utils/__tests__/metaBuiltInHabit.test.ts
2026-05-19T03:12:05.0532854Z [removed] web/src/utils/medicationBuiltInHabit.ts
2026-05-19T03:12:05.0533365Z [added] web/src/utils/metaBuiltInHabit.ts
2026-05-19T03:12:05.0534264Z ##[endgroup]
2026-05-19T03:12:05.0534553Z Detected 11 changed files
2026-05-19T03:12:05.0534968Z Results:
2026-05-19T03:12:05.0535479Z ##[group]Filter web = true
2026-05-19T03:12:05.0535835Z Matching files:
2026-05-19T03:12:05.0536236Z web/src/features/habits/HabitListScreen.tsx [modified]
2026-05-19T03:12:05.0536882Z web/src/features/habits/__tests__/HabitListScreen.test.tsx [modified]
2026-05-19T03:12:05.0537577Z web/src/features/mood/MoodCorrelationsSection.tsx [modified]
2026-05-19T03:12:05.0538585Z web/src/features/today/DoneCounterSheet.tsx [modified]
2026-05-19T03:12:05.0539107Z web/src/features/today/HabitsSection.tsx [modified]
2026-05-19T03:12:05.0539611Z web/src/features/today/TodayScreen.tsx [modified]
2026-05-19T03:12:05.0540078Z web/src/stores/habitStore.ts [modified]
2026-05-19T03:12:05.0540605Z web/src/utils/__tests__/medicationBuiltInHabit.test.ts [deleted]
2026-05-19T03:12:05.0541223Z web/src/utils/__tests__/metaBuiltInHabit.test.ts [added]
2026-05-19T03:12:05.0541784Z web/src/utils/medicationBuiltInHabit.ts [deleted]
2026-05-19T03:12:05.0544713Z web/src/utils/metaBuiltInHabit.ts [added]
2026-05-19T03:12:05.0545460Z ##[endgroup]
2026-05-19T03:12:05.0545808Z Changes output set to ["web"]
2026-05-19T03:12:05.0908588Z Prepare all required actions
2026-05-19T03:12:05.0909009Z Getting action download info
2026-05-19T03:12:05.2808248Z Download action repository 'actions/setup-node@v4' (SHA:49933ea5288caeca8642d1e84afbd3f7d6820020)
2026-05-19T03:12:05.3822844Z ##[group]Run ./.github/actions/setup-node-web
2026-05-19T03:12:05.3823167Z ##[endgroup]
2026-05-19T03:12:05.3946671Z ##[group]Run actions/setup-node@v4
2026-05-19T03:12:05.3946958Z with:
2026-05-19T03:12:05.3947143Z   node-version: 22
2026-05-19T03:12:05.3947344Z   cache: npm
2026-05-19T03:12:05.3947572Z   cache-dependency-path: web/package-lock.json
2026-05-19T03:12:05.3947857Z   always-auth: false
2026-05-19T03:12:05.3948054Z   check-latest: false
2026-05-19T03:12:05.3948393Z   token: ***
2026-05-19T03:12:05.3948588Z ##[endgroup]
2026-05-19T03:12:05.5693279Z Found in cache @ /opt/hostedtoolcache/node/22.22.2/x64
2026-05-19T03:12:05.5698993Z ##[group]Environment details
2026-05-19T03:12:08.1178743Z node: v22.22.2
2026-05-19T03:12:08.1179303Z npm: 10.9.7
2026-05-19T03:12:08.1179564Z yarn: 1.22.22
2026-05-19T03:12:08.1180742Z ##[endgroup]
2026-05-19T03:12:08.1202079Z [command]/opt/hostedtoolcache/node/22.22.2/x64/bin/npm config get cache
2026-05-19T03:12:08.3600775Z /home/runner/.npm
2026-05-19T03:12:08.6003259Z Cache hit for: node-cache-Linux-x64-npm-0fc07bb16fe16d1875d8d22b2659c6ff04db50f0fbc63db74991138a510c286c
2026-05-19T03:12:09.8225638Z Received 37748736 of 94773045 (39.8%), 35.9 MBs/sec
2026-05-19T03:12:10.1128418Z Received 94773045 of 94773045 (100.0%), 69.9 MBs/sec
2026-05-19T03:12:10.1129137Z Cache Size: ~90 MB (94773045 B)
2026-05-19T03:12:10.1244342Z [command]/usr/bin/tar -xf /home/runner/work/_temp/04720cbf-849b-4c17-b76e-dadb7dd2cd01/cache.tzst -P -C /home/runner/work/prismTask/prismTask --use-compress-program unzstd
2026-05-19T03:12:10.3107013Z Cache restored successfully
2026-05-19T03:12:10.3161629Z Cache restored from key: node-cache-Linux-x64-npm-0fc07bb16fe16d1875d8d22b2659c6ff04db50f0fbc63db74991138a510c286c
2026-05-19T03:12:10.3315832Z ##[group]Run npm ci
2026-05-19T03:12:10.3316113Z [36;1mnpm ci[0m
2026-05-19T03:12:10.3405628Z shell: /usr/bin/bash --noprofile --norc -e -o pipefail {0}
2026-05-19T03:12:10.3405980Z ##[endgroup]
2026-05-19T03:12:19.7712977Z 
2026-05-19T03:12:19.7720690Z added 435 packages, and audited 436 packages in 9s
2026-05-19T03:12:19.7721186Z 
2026-05-19T03:12:19.7721479Z 94 packages are looking for funding
2026-05-19T03:12:19.7721955Z   run `npm fund` for details
2026-05-19T03:12:19.7791643Z 
2026-05-19T03:12:19.7792333Z 4 vulnerabilities (3 moderate, 1 critical)
2026-05-19T03:12:19.7792848Z 
2026-05-19T03:12:19.7793053Z To address all issues, run:
2026-05-19T03:12:19.7793456Z   npm audit fix
2026-05-19T03:12:19.7793649Z 
2026-05-19T03:12:19.7793859Z Run `npm audit` for details.
2026-05-19T03:12:19.9292283Z ##[group]Run actions/cache@v5
2026-05-19T03:12:19.9292860Z with:
2026-05-19T03:12:19.9293150Z   path: ~/.cache/ms-playwright
2026-05-19T03:12:19.9293900Z   key: playwright-chromium-0fc07bb16fe16d1875d8d22b2659c6ff04db50f0fbc63db74991138a510c286c
2026-05-19T03:12:19.9294707Z   enableCrossOsArchive: false
2026-05-19T03:12:19.9295096Z   fail-on-cache-miss: false
2026-05-19T03:12:19.9295447Z   lookup-only: false
2026-05-19T03:12:19.9295767Z   save-always: false
2026-05-19T03:12:19.9296362Z ##[endgroup]
2026-05-19T03:12:20.2774861Z Cache not found for input keys: playwright-chromium-0fc07bb16fe16d1875d8d22b2659c6ff04db50f0fbc63db74991138a510c286c
2026-05-19T03:12:20.2939390Z ##[group]Run npx playwright install --with-deps chromium
2026-05-19T03:12:20.2939826Z [36;1mnpx playwright install --with-deps chromium[0m
2026-05-19T03:12:20.2976726Z shell: /usr/bin/bash -e {0}
2026-05-19T03:12:20.2976985Z ##[endgroup]
2026-05-19T03:12:20.8994332Z Installing dependencies...
2026-05-19T03:12:20.9111012Z Switching to root user to install dependencies...
2026-05-19T03:12:20.9867497Z Get:1 file:/etc/apt/apt-mirrors.txt Mirrorlist [144 B]
2026-05-19T03:12:21.0245958Z Hit:2 http://azure.archive.ubuntu.com/ubuntu noble InRelease
2026-05-19T03:12:21.0250315Z Hit:6 https://packages.microsoft.com/repos/azure-cli noble InRelease
2026-05-19T03:12:21.0256148Z Get:3 http://azure.archive.ubuntu.com/ubuntu noble-updates InRelease [126 kB]
2026-05-19T03:12:21.0313683Z Get:4 http://azure.archive.ubuntu.com/ubuntu noble-backports InRelease [126 kB]
2026-05-19T03:12:21.0323875Z Get:7 https://packages.microsoft.com/ubuntu/24.04/prod noble InRelease [3600 B]
2026-05-19T03:12:21.0363662Z Get:5 http://azure.archive.ubuntu.com/ubuntu noble-security InRelease [126 kB]
2026-05-19T03:12:21.1224364Z Get:8 https://dl.google.com/linux/chrome-stable/deb stable InRelease [1825 B]
2026-05-19T03:12:21.2131211Z Get:9 http://azure.archive.ubuntu.com/ubuntu noble-updates/main amd64 Packages [2003 kB]
2026-05-19T03:12:21.2331354Z Get:10 http://azure.archive.ubuntu.com/ubuntu noble-updates/main Translation-en [354 kB]
2026-05-19T03:12:21.2341476Z Get:11 http://azure.archive.ubuntu.com/ubuntu noble-updates/main amd64 Components [177 kB]
2026-05-19T03:12:21.2366210Z Get:12 http://azure.archive.ubuntu.com/ubuntu noble-updates/universe amd64 Packages [1689 kB]
2026-05-19T03:12:21.2480507Z Get:13 http://azure.archive.ubuntu.com/ubuntu noble-updates/universe amd64 Components [386 kB]
2026-05-19T03:12:21.2517352Z Get:14 http://azure.archive.ubuntu.com/ubuntu noble-updates/restricted amd64 Packages [3187 kB]
2026-05-19T03:12:21.2773756Z Get:17 https://packages.microsoft.com/ubuntu/24.04/prod noble/main arm64 Packages [120 kB]
2026-05-19T03:12:21.2834307Z Get:15 http://azure.archive.ubuntu.com/ubuntu noble-updates/restricted Translation-en [738 kB]
2026-05-19T03:12:21.2868666Z Get:18 https://packages.microsoft.com/ubuntu/24.04/prod noble/main amd64 Packages [147 kB]
2026-05-19T03:12:21.2874616Z Get:16 http://azure.archive.ubuntu.com/ubuntu noble-updates/multiverse amd64 Components [940 B]
2026-05-19T03:12:21.3380106Z Get:19 http://azure.archive.ubuntu.com/ubuntu noble-backports/main amd64 Components [5760 B]
2026-05-19T03:12:21.3453648Z Get:20 http://azure.archive.ubuntu.com/ubuntu noble-backports/universe amd64 Components [10.6 kB]
2026-05-19T03:12:21.4461240Z Get:21 http://azure.archive.ubuntu.com/ubuntu noble-security/main amd64 Packages [1668 kB]
2026-05-19T03:12:21.4553934Z Get:22 http://azure.archive.ubuntu.com/ubuntu noble-security/main amd64 Components [21.9 kB]
2026-05-19T03:12:21.4562992Z Get:23 http://azure.archive.ubuntu.com/ubuntu noble-security/universe amd64 Packages [1187 kB]
2026-05-19T03:12:21.4638823Z Get:24 http://azure.archive.ubuntu.com/ubuntu noble-security/universe amd64 Components [74.2 kB]
2026-05-19T03:12:21.5080572Z Get:25 https://dl.google.com/linux/chrome-stable/deb stable/main amd64 Packages [1209 B]
2026-05-19T03:12:25.7655644Z Fetched 12.2 MB in 2s (7996 kB/s)
2026-05-19T03:12:26.5235076Z Reading package lists...
2026-05-19T03:12:26.5504087Z Reading package lists...
2026-05-19T03:12:26.7244862Z Building dependency tree...
2026-05-19T03:12:26.7254022Z Reading state information...
2026-05-19T03:12:26.8881477Z libasound2t64 is already the newest version (1.2.11-1ubuntu0.2).
2026-05-19T03:12:26.8882222Z libasound2t64 set to manually installed.
2026-05-19T03:12:26.8883125Z libatk-bridge2.0-0t64 is already the newest version (2.52.0-1build1).
2026-05-19T03:12:26.8883831Z libatk-bridge2.0-0t64 set to manually installed.
2026-05-19T03:12:26.8884975Z libatk1.0-0t64 is already the newest version (2.52.0-1build1).
2026-05-19T03:12:26.8885479Z libatk1.0-0t64 set to manually installed.
2026-05-19T03:12:26.8886357Z libatspi2.0-0t64 is already the newest version (2.52.0-1build1).
2026-05-19T03:12:26.8887095Z libatspi2.0-0t64 set to manually installed.
2026-05-19T03:12:26.8887718Z libcairo2 is already the newest version (1.18.0-3build1).
2026-05-19T03:12:26.8888087Z libcairo2 set to manually installed.
2026-05-19T03:12:26.8888702Z libcups2t64 is already the newest version (2.4.7-1.2ubuntu7.9).
2026-05-19T03:12:26.8889106Z libcups2t64 set to manually installed.
2026-05-19T03:12:26.8889509Z libdbus-1-3 is already the newest version (1.14.10-4ubuntu4.1).
2026-05-19T03:12:26.8889886Z libdbus-1-3 set to manually installed.
2026-05-19T03:12:26.8890288Z libdrm2 is already the newest version (2.4.125-1ubuntu0.1~24.04.1).
2026-05-19T03:12:26.8890766Z libdrm2 set to manually installed.
2026-05-19T03:12:26.8891158Z libgbm1 is already the newest version (25.2.8-0ubuntu0.24.04.1).
2026-05-19T03:12:26.8891545Z libgbm1 set to manually installed.
2026-05-19T03:12:26.8892024Z libglib2.0-0t64 is already the newest version (2.80.0-6ubuntu3.8).
2026-05-19T03:12:26.8892419Z libglib2.0-0t64 set to manually installed.
2026-05-19T03:12:26.8893039Z libnspr4 is already the newest version (2:4.35-1.1build1).
2026-05-19T03:12:26.8893404Z libnspr4 set to manually installed.
2026-05-19T03:12:26.8893785Z libnss3 is already the newest version (2:3.98-1ubuntu0.1).
2026-05-19T03:12:26.8894138Z libnss3 set to manually installed.
2026-05-19T03:12:26.8894540Z libpango-1.0-0 is already the newest version (1.52.1+ds-1build1).
2026-05-19T03:12:26.8894931Z libpango-1.0-0 set to manually installed.
2026-05-19T03:12:26.8895408Z libx11-6 is already the newest version (2:1.8.7-1build1).
2026-05-19T03:12:26.8895755Z libx11-6 set to manually installed.
2026-05-19T03:12:26.8896178Z libxcb1 is already the newest version (1.15-1ubuntu2).
2026-05-19T03:12:26.8896524Z libxcb1 set to manually installed.
2026-05-19T03:12:26.8896922Z libxcomposite1 is already the newest version (1:0.4.5-1build3).
2026-05-19T03:12:26.8897313Z libxcomposite1 set to manually installed.
2026-05-19T03:12:26.8897698Z libxdamage1 is already the newest version (1:1.1.6-1build1).
2026-05-19T03:12:26.8898057Z libxdamage1 set to manually installed.
2026-05-19T03:12:26.8898428Z libxext6 is already the newest version (2:1.3.4-1build2).
2026-05-19T03:12:26.8898769Z libxext6 set to manually installed.
2026-05-19T03:12:26.8899224Z libxfixes3 is already the newest version (1:6.0.0-2build1).
2026-05-19T03:12:26.8899592Z libxfixes3 set to manually installed.
2026-05-19T03:12:26.8899973Z libxkbcommon0 is already the newest version (1.6.0-1build1).
2026-05-19T03:12:26.8900345Z libxkbcommon0 set to manually installed.
2026-05-19T03:12:26.8900722Z libxrandr2 is already the newest version (2:1.5.2-2build1).
2026-05-19T03:12:26.8901065Z libxrandr2 set to manually installed.
2026-05-19T03:12:26.8901429Z xvfb is already the newest version (2:21.1.12-1ubuntu1.5).
2026-05-19T03:12:26.8901943Z fonts-noto-color-emoji is already the newest version (2.047-0ubuntu0.24.04.1).
2026-05-19T03:12:26.8902582Z libfontconfig1 is already the newest version (2.15.0-1.1ubuntu2).
2026-05-19T03:12:26.8903010Z libfontconfig1 set to manually installed.
2026-05-19T03:12:26.8903422Z libfreetype6 is already the newest version (2.13.2+dfsg-1ubuntu0.1).
2026-05-19T03:12:26.8903820Z libfreetype6 set to manually installed.
2026-05-19T03:12:26.8904216Z fonts-liberation is already the newest version (1:2.1.5-3).
2026-05-19T03:12:26.8904611Z fonts-liberation set to manually installed.
2026-05-19T03:12:26.8904984Z The following additional packages will be installed:
2026-05-19T03:12:26.8905329Z   xfonts-encodings xfonts-utils
2026-05-19T03:12:26.8905608Z Recommended packages:
2026-05-19T03:12:26.8905878Z   fonts-ipafont-mincho fonts-tlwg-loma
2026-05-19T03:12:26.9079823Z The following NEW packages will be installed:
2026-05-19T03:12:26.9080608Z   fonts-freefont-ttf fonts-ipafont-gothic fonts-tlwg-loma-otf fonts-unifont
2026-05-19T03:12:26.9086976Z   fonts-wqy-zenhei xfonts-cyrillic xfonts-encodings xfonts-scalable
2026-05-19T03:12:26.9087979Z   xfonts-utils
2026-05-19T03:12:26.9268655Z 0 upgraded, 9 newly installed, 0 to remove and 7 not upgraded.
2026-05-19T03:12:26.9269290Z Need to get 21.1 MB of archives.
2026-05-19T03:12:26.9269955Z After this operation, 79.5 MB of additional disk space will be used.
2026-05-19T03:12:26.9270705Z Get:1 file:/etc/apt/apt-mirrors.txt Mirrorlist [144 B]
2026-05-19T03:12:27.0017356Z Get:2 http://azure.archive.ubuntu.com/ubuntu noble/universe amd64 fonts-ipafont-gothic all 00303-21ubuntu1 [3513 kB]
2026-05-19T03:12:27.1005206Z Get:3 http://azure.archive.ubuntu.com/ubuntu noble/main amd64 fonts-freefont-ttf all 20211204+svn4273-2 [5641 kB]
2026-05-19T03:12:27.2310445Z Get:4 http://azure.archive.ubuntu.com/ubuntu noble/universe amd64 fonts-tlwg-loma-otf all 1:0.7.3-1 [107 kB]
2026-05-19T03:12:27.2790181Z Get:5 http://azure.archive.ubuntu.com/ubuntu noble/universe amd64 fonts-unifont all 1:15.1.01-1build1 [2993 kB]
2026-05-19T03:12:27.3686204Z Get:6 http://azure.archive.ubuntu.com/ubuntu noble/universe amd64 fonts-wqy-zenhei all 0.9.45-8 [7472 kB]
2026-05-19T03:12:27.5242101Z Get:7 http://azure.archive.ubuntu.com/ubuntu noble/main amd64 xfonts-encodings all 1:1.0.5-0ubuntu2 [578 kB]
2026-05-19T03:12:27.5791738Z Get:8 http://azure.archive.ubuntu.com/ubuntu noble/main amd64 xfonts-utils amd64 1:7.7+6build3 [94.4 kB]
2026-05-19T03:12:27.6275778Z Get:9 http://azure.archive.ubuntu.com/ubuntu noble/universe amd64 xfonts-cyrillic all 1:1.0.5+nmu1 [384 kB]
2026-05-19T03:12:27.6788398Z Get:10 http://azure.archive.ubuntu.com/ubuntu noble/main amd64 xfonts-scalable all 1:1.0.3-1.3 [304 kB]
2026-05-19T03:12:27.9385920Z Fetched 21.1 MB in 1s (27.5 MB/s)
2026-05-19T03:12:27.9600934Z Selecting previously unselected package fonts-ipafont-gothic.
2026-05-19T03:12:27.9816172Z (Reading database ... 
2026-05-19T03:12:27.9816595Z (Reading database ... 5%
2026-05-19T03:12:27.9816898Z (Reading database ... 10%
2026-05-19T03:12:27.9817179Z (Reading database ... 15%
2026-05-19T03:12:27.9817414Z (Reading database ... 20%
2026-05-19T03:12:27.9817661Z (Reading database ... 25%
2026-05-19T03:12:27.9817882Z (Reading database ... 30%
2026-05-19T03:12:27.9818129Z (Reading database ... 35%
2026-05-19T03:12:27.9818487Z (Reading database ... 40%
2026-05-19T03:12:27.9818721Z (Reading database ... 45%
2026-05-19T03:12:27.9818938Z (Reading database ... 50%
2026-05-19T03:12:27.9851202Z (Reading database ... 55%
2026-05-19T03:12:28.1648326Z (Reading database ... 60%
2026-05-19T03:12:28.3710605Z (Reading database ... 65%
2026-05-19T03:12:28.5610320Z (Reading database ... 70%
2026-05-19T03:12:28.7192993Z (Reading database ... 75%
2026-05-19T03:12:28.9683861Z (Reading database ... 80%
2026-05-19T03:12:29.1592863Z (Reading database ... 85%
2026-05-19T03:12:29.3169439Z (Reading database ... 90%
2026-05-19T03:12:29.5221996Z (Reading database ... 95%
2026-05-19T03:12:29.5222350Z (Reading database ... 100%
2026-05-19T03:12:29.5223054Z (Reading database ... 202288 files and directories currently installed.)
2026-05-19T03:12:29.5268305Z Preparing to unpack .../0-fonts-ipafont-gothic_00303-21ubuntu1_all.deb ...
2026-05-19T03:12:29.5363372Z Unpacking fonts-ipafont-gothic (00303-21ubuntu1) ...
2026-05-19T03:12:29.7736296Z Selecting previously unselected package fonts-freefont-ttf.
2026-05-19T03:12:29.7867740Z Preparing to unpack .../1-fonts-freefont-ttf_20211204+svn4273-2_all.deb ...
2026-05-19T03:12:29.7875022Z Unpacking fonts-freefont-ttf (20211204+svn4273-2) ...
2026-05-19T03:12:29.8694146Z Selecting previously unselected package fonts-tlwg-loma-otf.
2026-05-19T03:12:29.8824263Z Preparing to unpack .../2-fonts-tlwg-loma-otf_1%3a0.7.3-1_all.deb ...
2026-05-19T03:12:29.8830165Z Unpacking fonts-tlwg-loma-otf (1:0.7.3-1) ...
2026-05-19T03:12:29.9035056Z Selecting previously unselected package fonts-unifont.
2026-05-19T03:12:29.9160364Z Preparing to unpack .../3-fonts-unifont_1%3a15.1.01-1build1_all.deb ...
2026-05-19T03:12:29.9167699Z Unpacking fonts-unifont (1:15.1.01-1build1) ...
2026-05-19T03:12:30.0245318Z Selecting previously unselected package fonts-wqy-zenhei.
2026-05-19T03:12:30.0379665Z Preparing to unpack .../4-fonts-wqy-zenhei_0.9.45-8_all.deb ...
2026-05-19T03:12:30.0520173Z Unpacking fonts-wqy-zenhei (0.9.45-8) ...
2026-05-19T03:12:30.5127204Z Selecting previously unselected package xfonts-encodings.
2026-05-19T03:12:30.5258380Z Preparing to unpack .../5-xfonts-encodings_1%3a1.0.5-0ubuntu2_all.deb ...
2026-05-19T03:12:30.5265199Z Unpacking xfonts-encodings (1:1.0.5-0ubuntu2) ...
2026-05-19T03:12:30.5553895Z Selecting previously unselected package xfonts-utils.
2026-05-19T03:12:30.5680649Z Preparing to unpack .../6-xfonts-utils_1%3a7.7+6build3_amd64.deb ...
2026-05-19T03:12:30.5687211Z Unpacking xfonts-utils (1:7.7+6build3) ...
2026-05-19T03:12:30.6356325Z Selecting previously unselected package xfonts-cyrillic.
2026-05-19T03:12:30.6484296Z Preparing to unpack .../7-xfonts-cyrillic_1%3a1.0.5+nmu1_all.deb ...
2026-05-19T03:12:30.6491355Z Unpacking xfonts-cyrillic (1:1.0.5+nmu1) ...
2026-05-19T03:12:30.6837312Z Selecting previously unselected package xfonts-scalable.
2026-05-19T03:12:30.6962031Z Preparing to unpack .../8-xfonts-scalable_1%3a1.0.3-1.3_all.deb ...
2026-05-19T03:12:30.6969557Z Unpacking xfonts-scalable (1:1.0.3-1.3) ...
2026-05-19T03:12:30.7380672Z Setting up fonts-wqy-zenhei (0.9.45-8) ...
2026-05-19T03:12:30.7495587Z Setting up fonts-freefont-ttf (20211204+svn4273-2) ...
2026-05-19T03:12:30.7513417Z Setting up fonts-tlwg-loma-otf (1:0.7.3-1) ...
2026-05-19T03:12:30.7530145Z Setting up xfonts-encodings (1:1.0.5-0ubuntu2) ...
2026-05-19T03:12:30.7548289Z Setting up fonts-ipafont-gothic (00303-21ubuntu1) ...
2026-05-19T03:12:30.7615466Z update-alternatives: using /usr/share/fonts/opentype/ipafont-gothic/ipag.ttf to provide /usr/share/fonts/truetype/fonts-japanese-gothic.ttf (fonts-japanese-gothic.ttf) in auto mode
2026-05-19T03:12:30.7629890Z Setting up fonts-unifont (1:15.1.01-1build1) ...
2026-05-19T03:12:30.7647188Z Setting up xfonts-utils (1:7.7+6build3) ...
2026-05-19T03:12:30.7686151Z Setting up xfonts-cyrillic (1:1.0.5+nmu1) ...
2026-05-19T03:12:30.8024251Z Setting up xfonts-scalable (1:1.0.3-1.3) ...
2026-05-19T03:12:30.8302000Z Processing triggers for man-db (2.12.0-4build2) ...
2026-05-19T03:12:30.8321438Z Not building database; man-db/auto-update is not 'true'.
2026-05-19T03:12:30.8334272Z Processing triggers for fontconfig (2.15.0-1.1ubuntu2) ...
2026-05-19T03:12:31.5875212Z 
2026-05-19T03:12:31.5875828Z Running kernel seems to be up-to-date.
2026-05-19T03:12:31.5876211Z 
2026-05-19T03:12:31.5876439Z No services need to be restarted.
2026-05-19T03:12:31.5876734Z 
2026-05-19T03:12:31.5876950Z No containers need to be restarted.
2026-05-19T03:12:31.5877234Z 
2026-05-19T03:12:31.5877496Z No user sessions are running outdated binaries.
2026-05-19T03:12:31.5877811Z 
2026-05-19T03:12:31.5878252Z No VM guests are running outdated hypervisor (qemu) binaries on this host.
2026-05-19T03:12:32.4513162Z Downloading Chrome for Testing 147.0.7727.15 (playwright chromium v1217) from https://cdn.playwright.dev/builds/cft/147.0.7727.15/linux64/chrome-linux64.zip
2026-05-19T03:12:33.2733153Z |                                                                                |   0% of 170.4 MiB
2026-05-19T03:12:33.4927227Z |■■■■■■■■                                                                        |  10% of 170.4 MiB
2026-05-19T03:12:33.5898060Z |■■■■■■■■■■■■■■■■                                                                |  20% of 170.4 MiB
2026-05-19T03:12:33.6785990Z |■■■■■■■■■■■■■■■■■■■■■■■■                                                        |  30% of 170.4 MiB
2026-05-19T03:12:33.7463807Z |■■■■■■■■■■■■■■■■■■■■■■■■■■■■■■■■                                                |  40% of 170.4 MiB
2026-05-19T03:12:33.7989947Z |■■■■■■■■■■■■■■■■■■■■■■■■■■■■■■■■■■■■■■■■                                        |  50% of 170.4 MiB
2026-05-19T03:12:33.8597113Z |■■■■■■■■■■■■■■■■■■■■■■■■■■■■■■■■■■■■■■■■■■■■■■■■                                |  60% of 170.4 MiB
2026-05-19T03:12:33.9229755Z |■■■■■■■■■■■■■■■■■■■■■■■■■■■■■■■■■■■■■■■■■■■■■■■■■■■■■■■■                        |  70% of 170.4 MiB
2026-05-19T03:12:33.9883385Z |■■■■■■■■■■■■■■■■■■■■■■■■■■■■■■■■■■■■■■■■■■■■■■■■■■■■■■■■■■■■■■■■                |  80% of 170.4 MiB
2026-05-19T03:12:34.0530004Z |■■■■■■■■■■■■■■■■■■■■■■■■■■■■■■■■■■■■■■■■■■■■■■■■■■■■■■■■■■■■■■■■■■■■■■■■        |  90% of 170.4 MiB
2026-05-19T03:12:34.1181538Z |■■■■■■■■■■■■■■■■■■■■■■■■■■■■■■■■■■■■■■■■■■■■■■■■■■■■■■■■■■■■■■■■■■■■■■■■■■■■■■■■| 100% of 170.4 MiB
2026-05-19T03:12:36.6340551Z Chrome for Testing 147.0.7727.15 (playwright chromium v1217) downloaded to /home/runner/.cache/ms-playwright/chromium-1217
2026-05-19T03:12:36.6343667Z Downloading FFmpeg (playwright ffmpeg v1011) from https://cdn.playwright.dev/dbazure/download/playwright/builds/ffmpeg/1011/ffmpeg-linux.zip
2026-05-19T03:12:37.4443097Z |                                                                                |   0% of 2.3 MiB
2026-05-19T03:12:37.4833257Z |■■■■■■■■                                                                        |  10% of 2.3 MiB
2026-05-19T03:12:37.5110929Z |■■■■■■■■■■■■■■■■                                                                |  20% of 2.3 MiB
2026-05-19T03:12:37.5284681Z |■■■■■■■■■■■■■■■■■■■■■■■■                                                        |  30% of 2.3 MiB
2026-05-19T03:12:37.5338530Z |■■■■■■■■■■■■■■■■■■■■■■■■■■■■■■■■                                                |  40% of 2.3 MiB
2026-05-19T03:12:37.5476378Z |■■■■■■■■■■■■■■■■■■■■■■■■■■■■■■■■■■■■■■■■                                        |  50% of 2.3 MiB
2026-05-19T03:12:37.5526959Z |■■■■■■■■■■■■■■■■■■■■■■■■■■■■■■■■■■■■■■■■■■■■■■■■                                |  60% of 2.3 MiB
2026-05-19T03:12:37.5641883Z |■■■■■■■■■■■■■■■■■■■■■■■■■■■■■■■■■■■■■■■■■■■■■■■■■■■■■■■■                        |  70% of 2.3 MiB
2026-05-19T03:12:37.5679331Z |■■■■■■■■■■■■■■■■■■■■■■■■■■■■■■■■■■■■■■■■■■■■■■■■■■■■■■■■■■■■■■■■                |  80% of 2.3 MiB
2026-05-19T03:12:37.5790556Z |■■■■■■■■■■■■■■■■■■■■■■■■■■■■■■■■■■■■■■■■■■■■■■■■■■■■■■■■■■■■■■■■■■■■■■■■        |  90% of 2.3 MiB
2026-05-19T03:12:37.5825309Z |■■■■■■■■■■■■■■■■■■■■■■■■■■■■■■■■■■■■■■■■■■■■■■■■■■■■■■■■■■■■■■■■■■■■■■■■■■■■■■■■| 100% of 2.3 MiB
2026-05-19T03:12:37.6395779Z FFmpeg (playwright ffmpeg v1011) downloaded to /home/runner/.cache/ms-playwright/ffmpeg-1011
2026-05-19T03:12:37.6399227Z Downloading Chrome Headless Shell 147.0.7727.15 (playwright chromium-headless-shell v1217) from https://cdn.playwright.dev/builds/cft/147.0.7727.15/linux64/chrome-headless-shell-linux64.zip
2026-05-19T03:12:38.4644287Z |                                                                                |   0% of 112 MiB
2026-05-19T03:12:38.6327900Z |■■■■■■■■                                                                        |  10% of 112 MiB
2026-05-19T03:12:38.6891453Z |■■■■■■■■■■■■■■■■                                                                |  20% of 112 MiB
2026-05-19T03:12:38.7393694Z |■■■■■■■■■■■■■■■■■■■■■■■■                                                        |  30% of 112 MiB
2026-05-19T03:12:38.7939349Z |■■■■■■■■■■■■■■■■■■■■■■■■■■■■■■■■                                                |  40% of 112 MiB
2026-05-19T03:12:38.8374985Z |■■■■■■■■■■■■■■■■■■■■■■■■■■■■■■■■■■■■■■■■                                        |  50% of 112 MiB
2026-05-19T03:12:38.8796441Z |■■■■■■■■■■■■■■■■■■■■■■■■■■■■■■■■■■■■■■■■■■■■■■■■                                |  60% of 112 MiB
2026-05-19T03:12:38.9131712Z |■■■■■■■■■■■■■■■■■■■■■■■■■■■■■■■■■■■■■■■■■■■■■■■■■■■■■■■■                        |  70% of 112 MiB
2026-05-19T03:12:38.9494286Z |■■■■■■■■■■■■■■■■■■■■■■■■■■■■■■■■■■■■■■■■■■■■■■■■■■■■■■■■■■■■■■■■                |  80% of 112 MiB
2026-05-19T03:12:38.9875220Z |■■■■■■■■■■■■■■■■■■■■■■■■■■■■■■■■■■■■■■■■■■■■■■■■■■■■■■■■■■■■■■■■■■■■■■■■        |  90% of 112 MiB
2026-05-19T03:12:39.0218704Z |■■■■■■■■■■■■■■■■■■■■■■■■■■■■■■■■■■■■■■■■■■■■■■■■■■■■■■■■■■■■■■■■■■■■■■■■■■■■■■■■| 100% of 112 MiB
2026-05-19T03:12:40.8351952Z Chrome Headless Shell 147.0.7727.15 (playwright chromium-headless-shell v1217) downloaded to /home/runner/.cache/ms-playwright/chromium_headless_shell-1217
2026-05-19T03:12:40.8581200Z ##[group]Run npx playwright test
2026-05-19T03:12:40.8581505Z [36;1mnpx playwright test[0m
2026-05-19T03:12:40.8617111Z shell: /usr/bin/bash -e {0}
2026-05-19T03:12:40.8617369Z ##[endgroup]
2026-05-19T03:12:44.4587461Z 
2026-05-19T03:12:44.4588439Z Running 120 tests using 1 worker
2026-05-19T03:14:02.1834079Z ·········································××F····································
2026-05-19T03:14:57.5209838Z ·······················××F··················
2026-05-19T03:14:57.5218937Z 
2026-05-19T03:14:57.5234334Z   1) [chromium] › e2e/prism-theme.spec.ts:68:3 › PrismTheme variant picker › flipping themes via localStorage updates --color-accent across navigations 
2026-05-19T03:14:57.5235297Z 
2026-05-19T03:14:57.5236089Z     Error: [2mexpect([22m[31mlocator[39m[2m).[22mtoHaveAttribute[2m([22m[32mexpected[39m[2m)[22m failed
2026-05-19T03:14:57.5236798Z 
2026-05-19T03:14:57.5236953Z     Locator:  locator('html')
2026-05-19T03:14:57.5237697Z     Expected: [32m"SYNTHWAVE"[39m
2026-05-19T03:14:57.5238226Z     Received: [31m"CYBERPUNK"[39m
2026-05-19T03:14:57.5238577Z     Timeout:  5000ms
2026-05-19T03:14:57.5238787Z 
2026-05-19T03:14:57.5238904Z     Call log:
2026-05-19T03:14:57.5239457Z     [2m  - Expect "toHaveAttribute" with timeout 5000ms[22m
2026-05-19T03:14:57.5240110Z     [2m  - waiting for locator('html')[22m
2026-05-19T03:14:57.5241413Z     [2m    9 × locator resolved to <html lang="en" class="dark" data-density="tight" data-theme="CYBERPUNK" data-personality="brackets">…</html>[22m
2026-05-19T03:14:57.5242752Z     [2m      - unexpected value "CYBERPUNK"[22m
2026-05-19T03:14:57.5243090Z 
2026-05-19T03:14:57.5243099Z 
2026-05-19T03:14:57.5243222Z       94 |     });
2026-05-19T03:14:57.5243590Z       95 |     await page.reload();
2026-05-19T03:14:57.5244339Z     > 96 |     await expect(page.locator('html')).toHaveAttribute('data-theme', 'SYNTHWAVE');
2026-05-19T03:14:57.5245502Z          |                                        ^
2026-05-19T03:14:57.5246062Z       97 |     const accent2 = await page.evaluate(() =>
2026-05-19T03:14:57.5246657Z       98 |       getComputedStyle(document.documentElement)
2026-05-19T03:14:57.5247244Z       99 |         .getPropertyValue('--color-accent')
2026-05-19T03:14:57.5247984Z         at /home/runner/work/prismTask/prismTask/web/e2e/prism-theme.spec.ts:96:40
2026-05-19T03:14:57.5248483Z 
2026-05-19T03:14:57.5249212Z     attachment #1: screenshot (image/png) ──────────────────────────────────────────────────────────
2026-05-19T03:14:57.5250499Z     test-results/prism-theme-PrismTheme-var-61757-r-accent-across-navigations-chromium/test-failed-1.png
2026-05-19T03:14:57.5251861Z     ────────────────────────────────────────────────────────────────────────────────────────────────
2026-05-19T03:14:57.5252316Z 
2026-05-19T03:14:57.5253312Z     Error Context: test-results/prism-theme-PrismTheme-var-61757-r-accent-across-navigations-chromium/error-context.md
2026-05-19T03:14:57.5254009Z 
2026-05-19T03:14:57.5254637Z     Retry #1 ───────────────────────────────────────────────────────────────────────────────────────
2026-05-19T03:14:57.5255112Z 
2026-05-19T03:14:57.5255793Z     Error: [2mexpect([22m[31mlocator[39m[2m).[22mtoHaveAttribute[2m([22m[32mexpected[39m[2m)[22m failed
2026-05-19T03:14:57.5256371Z 
2026-05-19T03:14:57.5256502Z     Locator:  locator('html')
2026-05-19T03:14:57.5256944Z     Expected: [32m"SYNTHWAVE"[39m
2026-05-19T03:14:57.5257419Z     Received: [31m"CYBERPUNK"[39m
2026-05-19T03:14:57.5257799Z     Timeout:  5000ms
2026-05-19T03:14:57.5258001Z 
2026-05-19T03:14:57.5258120Z     Call log:
2026-05-19T03:14:57.5258626Z     [2m  - Expect "toHaveAttribute" with timeout 5000ms[22m
2026-05-19T03:14:57.5259253Z     [2m  - waiting for locator('html')[22m
2026-05-19T03:14:57.5260545Z     [2m    9 × locator resolved to <html lang="en" class="dark" data-density="tight" data-theme="CYBERPUNK" data-personality="brackets">…</html>[22m
2026-05-19T03:14:57.5262126Z     [2m      - unexpected value "CYBERPUNK"[22m
2026-05-19T03:14:57.5262802Z 
2026-05-19T03:14:57.5262812Z 
2026-05-19T03:14:57.5262956Z       94 |     });
2026-05-19T03:14:57.5263319Z       95 |     await page.reload();
2026-05-19T03:14:57.5264046Z     > 96 |     await expect(page.locator('html')).toHaveAttribute('data-theme', 'SYNTHWAVE');
2026-05-19T03:14:57.5264760Z          |                                        ^
2026-05-19T03:14:57.5265266Z       97 |     const accent2 = await page.evaluate(() =>
2026-05-19T03:14:57.5265869Z       98 |       getComputedStyle(document.documentElement)
2026-05-19T03:14:57.5266456Z       99 |         .getPropertyValue('--color-accent')
2026-05-19T03:14:57.5267186Z         at /home/runner/work/prismTask/prismTask/web/e2e/prism-theme.spec.ts:96:40
2026-05-19T03:14:57.5267683Z 
2026-05-19T03:14:57.5268372Z     attachment #1: screenshot (image/png) ──────────────────────────────────────────────────────────
2026-05-19T03:14:57.5270003Z     test-results/prism-theme-PrismTheme-var-61757-r-accent-across-navigations-chromium-retry1/test-failed-1.png
2026-05-19T03:14:57.5271350Z     ────────────────────────────────────────────────────────────────────────────────────────────────
2026-05-19T03:14:57.5271832Z 
2026-05-19T03:14:57.5272880Z     Error Context: test-results/prism-theme-PrismTheme-var-61757-r-accent-across-navigations-chromium-retry1/error-context.md
2026-05-19T03:14:57.5273754Z 
2026-05-19T03:14:57.5274462Z     attachment #3: trace (application/zip) ─────────────────────────────────────────────────────────
2026-05-19T03:14:57.5275738Z     test-results/prism-theme-PrismTheme-var-61757-r-accent-across-navigations-chromium-retry1/trace.zip
2026-05-19T03:14:57.5276599Z     Usage:
2026-05-19T03:14:57.5276777Z 
2026-05-19T03:14:57.5277628Z         npx playwright show-trace test-results/prism-theme-PrismTheme-var-61757-r-accent-across-navigations-chromium-retry1/trace.zip
2026-05-19T03:14:57.5278505Z 
2026-05-19T03:14:57.5279187Z     ────────────────────────────────────────────────────────────────────────────────────────────────
2026-05-19T03:14:57.5279631Z 
2026-05-19T03:14:57.5280236Z     Retry #2 ───────────────────────────────────────────────────────────────────────────────────────
2026-05-19T03:14:57.5280679Z 
2026-05-19T03:14:57.5281211Z     Error: [2mexpect([22m[31mlocator[39m[2m).[22mtoHaveAttribute[2m([22m[32mexpected[39m[2m)[22m failed
2026-05-19T03:14:57.5281603Z 
2026-05-19T03:14:57.5281713Z     Locator:  locator('html')
2026-05-19T03:14:57.5282037Z     Expected: [32m"SYNTHWAVE"[39m
2026-05-19T03:14:57.5282354Z     Received: [31m"CYBERPUNK"[39m
2026-05-19T03:14:57.5282874Z     Timeout:  5000ms
2026-05-19T03:14:57.5283013Z 
2026-05-19T03:14:57.5283099Z     Call log:
2026-05-19T03:14:57.5283448Z     [2m  - Expect "toHaveAttribute" with timeout 5000ms[22m
2026-05-19T03:14:57.5283843Z     [2m  - waiting for locator('html')[22m
2026-05-19T03:14:57.5284841Z     [2m    9 × locator resolved to <html lang="en" class="dark" data-density="tight" data-theme="CYBERPUNK" data-personality="brackets">…</html>[22m
2026-05-19T03:14:57.5285537Z     [2m      - unexpected value "CYBERPUNK"[22m
2026-05-19T03:14:57.5285772Z 
2026-05-19T03:14:57.5285778Z 
2026-05-19T03:14:57.5285867Z       94 |     });
2026-05-19T03:14:57.5286103Z       95 |     await page.reload();
2026-05-19T03:14:57.5286672Z     > 96 |     await expect(page.locator('html')).toHaveAttribute('data-theme', 'SYNTHWAVE');
2026-05-19T03:14:57.5287219Z          |                                        ^
2026-05-19T03:14:57.5287587Z       97 |     const accent2 = await page.evaluate(() =>
2026-05-19T03:14:57.5287976Z       98 |       getComputedStyle(document.documentElement)
2026-05-19T03:14:57.5288387Z       99 |         .getPropertyValue('--color-accent')
2026-05-19T03:14:57.5288883Z         at /home/runner/work/prismTask/prismTask/web/e2e/prism-theme.spec.ts:96:40
2026-05-19T03:14:57.5289208Z 
2026-05-19T03:14:57.5289658Z     attachment #1: screenshot (image/png) ──────────────────────────────────────────────────────────
2026-05-19T03:14:57.5290495Z     test-results/prism-theme-PrismTheme-var-61757-r-accent-across-navigations-chromium-retry2/test-failed-1.png
2026-05-19T03:14:57.5291348Z     ────────────────────────────────────────────────────────────────────────────────────────────────
2026-05-19T03:14:57.5291644Z 
2026-05-19T03:14:57.5292150Z     Error Context: test-results/prism-theme-PrismTheme-var-61757-r-accent-across-navigations-chromium-retry2/error-context.md
2026-05-19T03:14:57.5292909Z 
2026-05-19T03:14:57.5293615Z   2) [Mobile Chrome] › e2e/prism-theme.spec.ts:68:3 › PrismTheme variant picker › flipping themes via localStorage updates --color-accent across navigations 
2026-05-19T03:14:57.5294189Z 
2026-05-19T03:14:57.5294662Z     Error: [2mexpect([22m[31mlocator[39m[2m).[22mtoHaveAttribute[2m([22m[32mexpected[39m[2m)[22m failed
2026-05-19T03:14:57.5295054Z 
2026-05-19T03:14:57.5295180Z     Locator:  locator('html')
2026-05-19T03:14:57.5295692Z     Expected: [32m"SYNTHWAVE"[39m
2026-05-19T03:14:57.5296040Z     Received: [31m"CYBERPUNK"[39m
2026-05-19T03:14:57.5296316Z     Timeout:  5000ms
2026-05-19T03:14:57.5296446Z 
2026-05-19T03:14:57.5296532Z     Call log:
2026-05-19T03:14:57.5296917Z     [2m  - Expect "toHaveAttribute" with timeout 5000ms[22m
2026-05-19T03:14:57.5297322Z     [2m  - waiting for locator('html')[22m
2026-05-19T03:14:57.5298123Z     [2m    9 × locator resolved to <html lang="en" class="dark" data-density="tight" data-theme="CYBERPUNK" data-personality="brackets">…</html>[22m
2026-05-19T03:14:57.5298845Z     [2m      - unexpected value "CYBERPUNK"[22m
2026-05-19T03:14:57.5299048Z 
2026-05-19T03:14:57.5299053Z 
2026-05-19T03:14:57.5299155Z       94 |     });
2026-05-19T03:14:57.5299385Z       95 |     await page.reload();
2026-05-19T03:14:57.5299845Z     > 96 |     await expect(page.locator('html')).toHaveAttribute('data-theme', 'SYNTHWAVE');
2026-05-19T03:14:57.5300295Z          |                                        ^
2026-05-19T03:14:57.5300676Z       97 |     const accent2 = await page.evaluate(() =>
2026-05-19T03:14:57.5301071Z       98 |       getComputedStyle(document.documentElement)
2026-05-19T03:14:57.5301450Z       99 |         .getPropertyValue('--color-accent')
2026-05-19T03:14:57.5301920Z         at /home/runner/work/prismTask/prismTask/web/e2e/prism-theme.spec.ts:96:40
2026-05-19T03:14:57.5302257Z 
2026-05-19T03:14:57.5302970Z     attachment #1: screenshot (image/png) ──────────────────────────────────────────────────────────
2026-05-19T03:14:57.5303801Z     test-results/prism-theme-PrismTheme-var-61757-r-accent-across-navigations-Mobile-Chrome/test-failed-1.png
2026-05-19T03:14:57.5304670Z     ────────────────────────────────────────────────────────────────────────────────────────────────
2026-05-19T03:14:57.5304955Z 
2026-05-19T03:14:57.5305455Z     Error Context: test-results/prism-theme-PrismTheme-var-61757-r-accent-across-navigations-Mobile-Chrome/error-context.md
2026-05-19T03:14:57.5305986Z 
2026-05-19T03:14:57.5306537Z     Retry #1 ───────────────────────────────────────────────────────────────────────────────────────
2026-05-19T03:14:57.5306842Z 
2026-05-19T03:14:57.5307313Z     Error: [2mexpect([22m[31mlocator[39m[2m).[22mtoHaveAttribute[2m([22m[32mexpected[39m[2m)[22m failed
2026-05-19T03:14:57.5307701Z 
2026-05-19T03:14:57.5307818Z     Locator:  locator('html')
2026-05-19T03:14:57.5308126Z     Expected: [32m"SYNTHWAVE"[39m
2026-05-19T03:14:57.5308488Z     Received: [31m"CYBERPUNK"[39m
2026-05-19T03:14:57.5308762Z     Timeout:  5000ms
2026-05-19T03:14:57.5308892Z 
2026-05-19T03:14:57.5308993Z     Call log:
2026-05-19T03:14:57.5309343Z     [2m  - Expect "toHaveAttribute" with timeout 5000ms[22m
2026-05-19T03:14:57.5309757Z     [2m  - waiting for locator('html')[22m
2026-05-19T03:14:57.5310594Z     [2m    9 × locator resolved to <html lang="en" class="dark" data-density="tight" data-theme="CYBERPUNK" data-personality="brackets">…</html>[22m
2026-05-19T03:14:57.5311441Z     [2m      - unexpected value "CYBERPUNK"[22m
2026-05-19T03:14:57.5311640Z 
2026-05-19T03:14:57.5311657Z 
2026-05-19T03:14:57.5311761Z       94 |     });
2026-05-19T03:14:57.5312004Z       95 |     await page.reload();
2026-05-19T03:14:57.5312552Z     > 96 |     await expect(page.locator('html')).toHaveAttribute('data-theme', 'SYNTHWAVE');
2026-05-19T03:14:57.5313012Z          |                                        ^
2026-05-19T03:14:57.5313387Z       97 |     const accent2 = await page.evaluate(() =>
2026-05-19T03:14:57.5313774Z       98 |       getComputedStyle(document.documentElement)
2026-05-19T03:14:57.5314146Z       99 |         .getPropertyValue('--color-accent')
2026-05-19T03:14:57.5314589Z         at /home/runner/work/prismTask/prismTask/web/e2e/prism-theme.spec.ts:96:40
2026-05-19T03:14:57.5314907Z 
2026-05-19T03:14:57.5315303Z     attachment #1: screenshot (image/png) ──────────────────────────────────────────────────────────
2026-05-19T03:14:57.5316185Z     test-results/prism-theme-PrismTheme-var-61757-r-accent-across-navigations-Mobile-Chrome-retry1/test-failed-1.png
2026-05-19T03:14:57.5317041Z     ────────────────────────────────────────────────────────────────────────────────────────────────
2026-05-19T03:14:57.5317306Z 
2026-05-19T03:14:57.5317838Z     Error Context: test-results/prism-theme-PrismTheme-var-61757-r-accent-across-navigations-Mobile-Chrome-retry1/error-context.md
2026-05-19T03:14:57.5318354Z 
2026-05-19T03:14:57.5318737Z     attachment #3: trace (application/zip) ─────────────────────────────────────────────────────────
2026-05-19T03:14:57.5319457Z     test-results/prism-theme-PrismTheme-var-61757-r-accent-across-navigations-Mobile-Chrome-retry1/trace.zip
2026-05-19T03:14:57.5320004Z     Usage:
2026-05-19T03:14:57.5320154Z 
2026-05-19T03:14:57.5320668Z         npx playwright show-trace test-results/prism-theme-PrismTheme-var-61757-r-accent-across-navigations-Mobile-Chrome-retry1/trace.zip
2026-05-19T03:14:57.5321368Z 
2026-05-19T03:14:57.5321869Z     ────────────────────────────────────────────────────────────────────────────────────────────────
2026-05-19T03:14:57.5322314Z 
2026-05-19T03:14:57.5323256Z     Retry #2 ───────────────────────────────────────────────────────────────────────────────────────
2026-05-19T03:14:57.5323762Z 
2026-05-19T03:14:57.5324553Z     Error: [2mexpect([22m[31mlocator[39m[2m).[22mtoHaveAttribute[2m([22m[32mexpected[39m[2m)[22m failed
2026-05-19T03:14:57.5325279Z 
2026-05-19T03:14:57.5325444Z     Locator:  locator('html')
2026-05-19T03:14:57.5325978Z     Expected: [32m"SYNTHWAVE"[39m
2026-05-19T03:14:57.5326476Z     Received: [31m"CYBERPUNK"[39m
2026-05-19T03:14:57.5326814Z     Timeout:  5000ms
2026-05-19T03:14:57.5326993Z 
2026-05-19T03:14:57.5327106Z     Call log:
2026-05-19T03:14:57.5327574Z     [2m  - Expect "toHaveAttribute" with timeout 5000ms[22m
2026-05-19T03:14:57.5328148Z     [2m  - waiting for locator('html')[22m
2026-05-19T03:14:57.5329296Z     [2m    9 × locator resolved to <html lang="en" class="dark" data-density="tight" data-theme="CYBERPUNK" data-personality="brackets">…</html>[22m
2026-05-19T03:14:57.5330539Z     [2m      - unexpected value "CYBERPUNK"[22m
2026-05-19T03:14:57.5330828Z 
2026-05-19T03:14:57.5330837Z 
2026-05-19T03:14:57.5330954Z       94 |     });
2026-05-19T03:14:57.5331272Z       95 |     await page.reload();
2026-05-19T03:14:57.5331927Z     > 96 |     await expect(page.locator('html')).toHaveAttribute('data-theme', 'SYNTHWAVE');
2026-05-19T03:14:57.5332816Z          |                                        ^
2026-05-19T03:14:57.5333308Z       97 |     const accent2 = await page.evaluate(() =>
2026-05-19T03:14:57.5333851Z       98 |       getComputedStyle(document.documentElement)
2026-05-19T03:14:57.5334375Z       99 |         .getPropertyValue('--color-accent')
2026-05-19T03:14:57.5335042Z         at /home/runner/work/prismTask/prismTask/web/e2e/prism-theme.spec.ts:96:40
2026-05-19T03:14:57.5335498Z 
2026-05-19T03:14:57.5336084Z     attachment #1: screenshot (image/png) ──────────────────────────────────────────────────────────
2026-05-19T03:14:57.5337303Z     test-results/prism-theme-PrismTheme-var-61757-r-accent-across-navigations-Mobile-Chrome-retry2/test-failed-1.png
2026-05-19T03:14:57.5338600Z     ────────────────────────────────────────────────────────────────────────────────────────────────
2026-05-19T03:14:57.5339056Z 
2026-05-19T03:14:57.5339944Z     Error Context: test-results/prism-theme-PrismTheme-var-61757-r-accent-across-navigations-Mobile-Chrome-retry2/error-context.md
2026-05-19T03:14:57.5340855Z 
2026-05-19T03:14:57.5341007Z   2 failed
2026-05-19T03:14:57.5342115Z     [chromium] › e2e/prism-theme.spec.ts:68:3 › PrismTheme variant picker › flipping themes via localStorage updates --color-accent across navigations 
2026-05-19T03:14:57.5344023Z     [Mobile Chrome] › e2e/prism-theme.spec.ts:68:3 › PrismTheme variant picker › flipping themes via localStorage updates --color-accent across navigations 
2026-05-19T03:14:57.5344982Z   118 passed (2.3m)
2026-05-19T03:14:57.5378969Z ##[error]  1) [chromium] › e2e/prism-theme.spec.ts:68:3 › PrismTheme variant picker › flipping themes via localStorage updates --color-accent across navigations 
    Error: expect(locator).toHaveAttribute(expected) failed

    Locator:  locator('html')
    Expected: "SYNTHWAVE"
    Received: "CYBERPUNK"
    Timeout:  5000ms

    Call log:
      - Expect "toHaveAttribute" with timeout 5000ms
      - waiting for locator('html')
        9 × locator resolved to <html lang="en" class="dark" data-density="tight" data-theme="CYBERPUNK" data-personality="brackets">…</html>
          - unexpected value "CYBERPUNK"


      94 |     });
      95 |     await page.reload();
    > 96 |     await expect(page.locator('html')).toHaveAttribute('data-theme', 'SYNTHWAVE');
         |                                        ^
      97 |     const accent2 = await page.evaluate(() =>
      98 |       getComputedStyle(document.documentElement)
      99 |         .getPropertyValue('--color-accent')
        at /home/runner/work/prismTask/prismTask/web/e2e/prism-theme.spec.ts:96:40
2026-05-19T03:14:57.5405081Z ##[error]  1) [chromium] › e2e/prism-theme.spec.ts:68:3 › PrismTheme variant picker › flipping themes via localStorage updates --color-accent across navigations 

    Retry #1 ───────────────────────────────────────────────────────────────────────────────────────
    Error: expect(locator).toHaveAttribute(expected) failed

    Locator:  locator('html')
    Expected: "SYNTHWAVE"
    Received: "CYBERPUNK"
    Timeout:  5000ms

    Call log:
      - Expect "toHaveAttribute" with timeout 5000ms
      - waiting for locator('html')
        9 × locator resolved to <html lang="en" class="dark" data-density="tight" data-theme="CYBERPUNK" data-personality="brackets">…</html>
          - unexpected value "CYBERPUNK"


      94 |     });
      95 |     await page.reload();
    > 96 |     await expect(page.locator('html')).toHaveAttribute('data-theme', 'SYNTHWAVE');
         |                                        ^
      97 |     const accent2 = await page.evaluate(() =>
      98 |       getComputedStyle(document.documentElement)
      99 |         .getPropertyValue('--color-accent')
        at /home/runner/work/prismTask/prismTask/web/e2e/prism-theme.spec.ts:96:40
2026-05-19T03:14:57.5423678Z ##[error]  1) [chromium] › e2e/prism-theme.spec.ts:68:3 › PrismTheme variant picker › flipping themes via localStorage updates --color-accent across navigations 

    Retry #2 ───────────────────────────────────────────────────────────────────────────────────────
    Error: expect(locator).toHaveAttribute(expected) failed

    Locator:  locator('html')
    Expected: "SYNTHWAVE"
    Received: "CYBERPUNK"
    Timeout:  5000ms

    Call log:
      - Expect "toHaveAttribute" with timeout 5000ms
      - waiting for locator('html')
        9 × locator resolved to <html lang="en" class="dark" data-density="tight" data-theme="CYBERPUNK" data-personality="brackets">…</html>
          - unexpected value "CYBERPUNK"


      94 |     });
      95 |     await page.reload();
    > 96 |     await expect(page.locator('html')).toHaveAttribute('data-theme', 'SYNTHWAVE');
         |                                        ^
      97 |     const accent2 = await page.evaluate(() =>
      98 |       getComputedStyle(document.documentElement)
      99 |         .getPropertyValue('--color-accent')
        at /home/runner/work/prismTask/prismTask/web/e2e/prism-theme.spec.ts:96:40
2026-05-19T03:14:57.5436608Z ##[error]  2) [Mobile Chrome] › e2e/prism-theme.spec.ts:68:3 › PrismTheme variant picker › flipping themes via localStorage updates --color-accent across navigations 
    Error: expect(locator).toHaveAttribute(expected) failed

    Locator:  locator('html')
    Expected: "SYNTHWAVE"
    Received: "CYBERPUNK"
    Timeout:  5000ms

    Call log:
      - Expect "toHaveAttribute" with timeout 5000ms
      - waiting for locator('html')
        9 × locator resolved to <html lang="en" class="dark" data-density="tight" data-theme="CYBERPUNK" data-personality="brackets">…</html>
          - unexpected value "CYBERPUNK"


      94 |     });
      95 |     await page.reload();
    > 96 |     await expect(page.locator('html')).toHaveAttribute('data-theme', 'SYNTHWAVE');
         |                                        ^
      97 |     const accent2 = await page.evaluate(() =>
      98 |       getComputedStyle(document.documentElement)
      99 |         .getPropertyValue('--color-accent')
        at /home/runner/work/prismTask/prismTask/web/e2e/prism-theme.spec.ts:96:40
2026-05-19T03:14:57.5447476Z ##[error]  2) [Mobile Chrome] › e2e/prism-theme.spec.ts:68:3 › PrismTheme variant picker › flipping themes via localStorage updates --color-accent across navigations 

    Retry #1 ───────────────────────────────────────────────────────────────────────────────────────
    Error: expect(locator).toHaveAttribute(expected) failed

    Locator:  locator('html')
    Expected: "SYNTHWAVE"
    Received: "CYBERPUNK"
    Timeout:  5000ms

    Call log:
      - Expect "toHaveAttribute" with timeout 5000ms
      - waiting for locator('html')
        9 × locator resolved to <html lang="en" class="dark" data-density="tight" data-theme="CYBERPUNK" data-personality="brackets">…</html>
          - unexpected value "CYBERPUNK"


      94 |     });
      95 |     await page.reload();
    > 96 |     await expect(page.locator('html')).toHaveAttribute('data-theme', 'SYNTHWAVE');
         |                                        ^
      97 |     const accent2 = await page.evaluate(() =>
      98 |       getComputedStyle(document.documentElement)
      99 |         .getPropertyValue('--color-accent')
        at /home/runner/work/prismTask/prismTask/web/e2e/prism-theme.spec.ts:96:40
2026-05-19T03:14:57.5458660Z ##[error]  2) [Mobile Chrome] › e2e/prism-theme.spec.ts:68:3 › PrismTheme variant picker › flipping themes via localStorage updates --color-accent across navigations 

    Retry #2 ───────────────────────────────────────────────────────────────────────────────────────
    Error: expect(locator).toHaveAttribute(expected) failed

    Locator:  locator('html')
    Expected: "SYNTHWAVE"
    Received: "CYBERPUNK"
    Timeout:  5000ms

    Call log:
      - Expect "toHaveAttribute" with timeout 5000ms
      - waiting for locator('html')
        9 × locator resolved to <html lang="en" class="dark" data-density="tight" data-theme="CYBERPUNK" data-personality="brackets">…</html>
          - unexpected value "CYBERPUNK"


      94 |     });
      95 |     await page.reload();
    > 96 |     await expect(page.locator('html')).toHaveAttribute('data-theme', 'SYNTHWAVE');
         |                                        ^
      97 |     const accent2 = await page.evaluate(() =>
      98 |       getComputedStyle(document.documentElement)
      99 |         .getPropertyValue('--color-accent')
        at /home/runner/work/prismTask/prismTask/web/e2e/prism-theme.spec.ts:96:40
2026-05-19T03:14:57.5467266Z ##[notice]  2 failed
    [chromium] › e2e/prism-theme.spec.ts:68:3 › PrismTheme variant picker › flipping themes via localStorage updates --color-accent across navigations 
    [Mobile Chrome] › e2e/prism-theme.spec.ts:68:3 › PrismTheme variant picker › flipping themes via localStorage updates --color-accent across navigations 
  118 passed (2.3m)
2026-05-19T03:14:57.5530316Z ##[error]Process completed with exit code 1.
2026-05-19T03:14:57.5611010Z ##[group]Run actions/upload-artifact@v7
2026-05-19T03:14:57.5611289Z with:
2026-05-19T03:14:57.5611494Z   name: playwright-report
2026-05-19T03:14:57.5611735Z   path: web/playwright-report/
2026-05-19T03:14:57.5611977Z   retention-days: 7
2026-05-19T03:14:57.5612188Z   if-no-files-found: warn
2026-05-19T03:14:57.5612402Z   compression-level: 6
2026-05-19T03:14:57.5612898Z   overwrite: false
2026-05-19T03:14:57.5613108Z   include-hidden-files: false
2026-05-19T03:14:57.5613335Z   archive: true
2026-05-19T03:14:57.5613524Z ##[endgroup]
2026-05-19T03:14:57.6997313Z ##[warning]No files were found with the provided path: web/playwright-report/. No artifacts will be uploaded.
2026-05-19T03:14:57.7120785Z Post job cleanup.
2026-05-19T03:14:57.7180740Z Post job cleanup.
2026-05-19T03:14:57.8004108Z [command]/usr/bin/git version
2026-05-19T03:14:57.8071793Z git version 2.54.0
2026-05-19T03:14:57.8109950Z Temporarily overriding HOME='/home/runner/work/_temp/4993ba93-2995-4817-9850-6fd9bdd493e9' before making global git config changes
2026-05-19T03:14:57.8111333Z Adding repository directory to the temporary git global config as a safe directory
2026-05-19T03:14:57.8115821Z [command]/usr/bin/git config --global --add safe.directory /home/runner/work/prismTask/prismTask
2026-05-19T03:14:57.8147029Z Removing SSH command configuration
2026-05-19T03:14:57.8153640Z [command]/usr/bin/git config --local --name-only --get-regexp core\.sshCommand
2026-05-19T03:14:57.8188231Z [command]/usr/bin/git submodule foreach --recursive sh -c "git config --local --name-only --get-regexp 'core\.sshCommand' && git config --local --unset-all 'core.sshCommand' || :"
2026-05-19T03:14:57.8441592Z Removing HTTP extra header
2026-05-19T03:14:57.8448743Z [command]/usr/bin/git config --local --name-only --get-regexp http\.https\:\/\/github\.com\/\.extraheader
2026-05-19T03:14:57.8490966Z [command]/usr/bin/git submodule foreach --recursive sh -c "git config --local --name-only --get-regexp 'http\.https\:\/\/github\.com\/\.extraheader' && git config --local --unset-all 'http.https://github.com/.extraheader' || :"
2026-05-19T03:14:57.8730894Z Removing includeIf entries pointing to credentials config files
2026-05-19T03:14:57.8737421Z [command]/usr/bin/git config --local --name-only --get-regexp ^includeIf\.gitdir:
2026-05-19T03:14:57.8764915Z includeif.gitdir:/home/runner/work/prismTask/prismTask/.git.path
2026-05-19T03:14:57.8765860Z includeif.gitdir:/home/runner/work/prismTask/prismTask/.git/worktrees/*.path
2026-05-19T03:14:57.8766430Z includeif.gitdir:/github/workspace/.git.path
2026-05-19T03:14:57.8766834Z includeif.gitdir:/github/workspace/.git/worktrees/*.path
2026-05-19T03:14:57.8774541Z [command]/usr/bin/git config --local --get-all includeif.gitdir:/home/runner/work/prismTask/prismTask/.git.path
2026-05-19T03:14:57.8796580Z /home/runner/work/_temp/git-credentials-e87f42ed-e4b7-429a-9e99-c106f085f224.config
2026-05-19T03:14:57.8807728Z [command]/usr/bin/git config --local --unset includeif.gitdir:/home/runner/work/prismTask/prismTask/.git.path /home/runner/work/_temp/git-credentials-e87f42ed-e4b7-429a-9e99-c106f085f224.config
2026-05-19T03:14:57.8842729Z [command]/usr/bin/git config --local --get-all includeif.gitdir:/home/runner/work/prismTask/prismTask/.git/worktrees/*.path
2026-05-19T03:14:57.8865666Z /home/runner/work/_temp/git-credentials-e87f42ed-e4b7-429a-9e99-c106f085f224.config
2026-05-19T03:14:57.8875473Z [command]/usr/bin/git config --local --unset includeif.gitdir:/home/runner/work/prismTask/prismTask/.git/worktrees/*.path /home/runner/work/_temp/git-credentials-e87f42ed-e4b7-429a-9e99-c106f085f224.config
2026-05-19T03:14:57.8907477Z [command]/usr/bin/git config --local --get-all includeif.gitdir:/github/workspace/.git.path
2026-05-19T03:14:57.8929774Z /github/runner_temp/git-credentials-e87f42ed-e4b7-429a-9e99-c106f085f224.config
2026-05-19T03:14:57.8937603Z [command]/usr/bin/git config --local --unset includeif.gitdir:/github/workspace/.git.path /github/runner_temp/git-credentials-e87f42ed-e4b7-429a-9e99-c106f085f224.config
2026-05-19T03:14:57.8969201Z [command]/usr/bin/git config --local --get-all includeif.gitdir:/github/workspace/.git/worktrees/*.path
2026-05-19T03:14:57.8990660Z /github/runner_temp/git-credentials-e87f42ed-e4b7-429a-9e99-c106f085f224.config
2026-05-19T03:14:57.8999791Z [command]/usr/bin/git config --local --unset includeif.gitdir:/github/workspace/.git/worktrees/*.path /github/runner_temp/git-credentials-e87f42ed-e4b7-429a-9e99-c106f085f224.config
2026-05-19T03:14:57.9032036Z [command]/usr/bin/git submodule foreach --recursive git config --local --show-origin --name-only --get-regexp remote.origin.url
2026-05-19T03:14:57.9263311Z Removing credentials config '/home/runner/work/_temp/git-credentials-e87f42ed-e4b7-429a-9e99-c106f085f224.config'
2026-05-19T03:14:57.9403632Z Cleaning up orphan processes
2026-05-19T03:14:57.9692073Z ##[warning]Node.js 20 actions are deprecated. The following actions are running on Node.js 20 and may not work as expected: actions/setup-node@v4. Actions will be forced to run with Node.js 24 by default starting June 2nd, 2026. Node.js 20 will be removed from the runner on September 16th, 2026. Please check if updated versions of these actions are available that support Node.js 24. To opt into Node.js 24 now, set the FORCE_JAVASCRIPT_ACTIONS_TO_NODE24=true environment variable on the runner or in your workflow file. Once Node.js 24 becomes the default, you can temporarily opt out by setting ACTIONS_ALLOW_USE_UNSECURE_NODE_VERSION=true. For more information see: https://github.blog/changelog/2025-09-19-deprecation-of-node-20-on-github-actions-runners/
