=== CI FAILURE ===
Workflow:      Web CI
Workflow file: averycorp/prismTask/.github/workflows/web-ci.yml@refs/pull/1370/merge
Job(s):        web-lint, web-build, web-unit-tests (1, 3), web-unit-tests (2, 3), web-unit-tests (3, 3), web-lint-and-test
Run ID:        25839664698
Run attempt:   1
Run URL:       https://github.com/averycorp/prismTask/actions/runs/25839664698
Commit:        4759c8a99f66cd0ed58054d7df7348d981151c9c
Branch:        1370/merge
Event:         pull_request
Actor:         akarlin3
Runner OS:     Linux
Timestamp:     2026-05-14T03:20:56.388Z

Failed steps:
  - web-lint: #4 Run ./.github/actions/setup-node-web
  - web-build: #4 Run ./.github/actions/setup-node-web
  - web-unit-tests (1, 3): #4 Run ./.github/actions/setup-node-web
  - web-unit-tests (2, 3): #4 Run ./.github/actions/setup-node-web
  - web-unit-tests (3, 3): #4 Run ./.github/actions/setup-node-web
  - web-lint-and-test: #2 Verify split web checks

=== FAILED JOB LOG ===

--- Job: web-lint (id 75922110763) ---
2026-05-14T03:20:22.9720950Z Current runner version: '2.334.0'
2026-05-14T03:20:22.9746062Z ##[group]Runner Image Provisioner
2026-05-14T03:20:22.9746896Z Hosted Compute Agent
2026-05-14T03:20:22.9747458Z Version: 20260213.493
2026-05-14T03:20:22.9748136Z Commit: 5c115507f6dd24b8de37d8bbe0bb4509d0cc0fa3
2026-05-14T03:20:22.9748856Z Build Date: 2026-02-13T00:28:41Z
2026-05-14T03:20:22.9749468Z Worker ID: {f1093c94-4c52-43a1-aff2-c9633f84deaf}
2026-05-14T03:20:22.9750168Z Azure Region: westus
2026-05-14T03:20:22.9750685Z ##[endgroup]
2026-05-14T03:20:22.9752403Z ##[group]Operating System
2026-05-14T03:20:22.9753199Z Ubuntu
2026-05-14T03:20:22.9753800Z 24.04.4
2026-05-14T03:20:22.9754229Z LTS
2026-05-14T03:20:22.9754681Z ##[endgroup]
2026-05-14T03:20:22.9755212Z ##[group]Runner Image
2026-05-14T03:20:22.9755754Z Image: ubuntu-24.04
2026-05-14T03:20:22.9756283Z Version: 20260413.86.1
2026-05-14T03:20:22.9757498Z Included Software: https://github.com/actions/runner-images/blob/ubuntu24/20260413.86/images/ubuntu/Ubuntu2404-Readme.md
2026-05-14T03:20:22.9758906Z Image Release: https://github.com/actions/runner-images/releases/tag/ubuntu24%2F20260413.86
2026-05-14T03:20:22.9759867Z ##[endgroup]
2026-05-14T03:20:22.9761026Z ##[group]GITHUB_TOKEN Permissions
2026-05-14T03:20:22.9763373Z Actions: read
2026-05-14T03:20:22.9764035Z Checks: read
2026-05-14T03:20:22.9764542Z Contents: write
2026-05-14T03:20:22.9765059Z Metadata: read
2026-05-14T03:20:22.9765575Z ##[endgroup]
2026-05-14T03:20:22.9767699Z Secret source: Actions
2026-05-14T03:20:22.9768506Z Prepare workflow directory
2026-05-14T03:20:23.0223429Z Prepare all required actions
2026-05-14T03:20:23.0278499Z Getting action download info
2026-05-14T03:20:23.4516713Z Download action repository 'actions/checkout@v6' (SHA:de0fac2e4500dabe0009e67214ff5f5447ce83dd)
2026-05-14T03:20:23.6608708Z Complete job name: web-lint
2026-05-14T03:20:23.7364318Z ##[group]Run actions/checkout@v6
2026-05-14T03:20:23.7365256Z with:
2026-05-14T03:20:23.7365709Z   repository: averycorp/prismTask
2026-05-14T03:20:23.7366431Z   token: ***
2026-05-14T03:20:23.7366846Z   ssh-strict: true
2026-05-14T03:20:23.7367261Z   ssh-user: git
2026-05-14T03:20:23.7367688Z   persist-credentials: true
2026-05-14T03:20:23.7368164Z   clean: true
2026-05-14T03:20:23.7368588Z   sparse-checkout-cone-mode: true
2026-05-14T03:20:23.7369160Z   fetch-depth: 1
2026-05-14T03:20:23.7369566Z   fetch-tags: false
2026-05-14T03:20:23.7369995Z   show-progress: true
2026-05-14T03:20:23.7370426Z   lfs: false
2026-05-14T03:20:23.7370835Z   submodules: false
2026-05-14T03:20:23.7371256Z   set-safe-directory: true
2026-05-14T03:20:23.7371982Z ##[endgroup]
2026-05-14T03:20:23.8372582Z Syncing repository: averycorp/prismTask
2026-05-14T03:20:23.8375118Z ##[group]Getting Git version info
2026-05-14T03:20:23.8375901Z Working directory is '/home/runner/work/prismTask/prismTask'
2026-05-14T03:20:23.8377189Z [command]/usr/bin/git version
2026-05-14T03:20:23.8392089Z git version 2.53.0
2026-05-14T03:20:23.8448113Z ##[endgroup]
2026-05-14T03:20:23.8464298Z Temporarily overriding HOME='/home/runner/work/_temp/4b9be13b-8d25-45d4-9c77-10305b8673f0' before making global git config changes
2026-05-14T03:20:23.8467009Z Adding repository directory to the temporary git global config as a safe directory
2026-05-14T03:20:23.8470111Z [command]/usr/bin/git config --global --add safe.directory /home/runner/work/prismTask/prismTask
2026-05-14T03:20:23.8504872Z Deleting the contents of '/home/runner/work/prismTask/prismTask'
2026-05-14T03:20:23.8508629Z ##[group]Initializing the repository
2026-05-14T03:20:23.8513345Z [command]/usr/bin/git init /home/runner/work/prismTask/prismTask
2026-05-14T03:20:23.8641746Z hint: Using 'master' as the name for the initial branch. This default branch name
2026-05-14T03:20:23.8643822Z hint: will change to "main" in Git 3.0. To configure the initial branch name
2026-05-14T03:20:23.8645495Z hint: to use in all of your new repositories, which will suppress this warning,
2026-05-14T03:20:23.8646966Z hint: call:
2026-05-14T03:20:23.8647537Z hint:
2026-05-14T03:20:23.8648824Z hint: 	git config --global init.defaultBranch <name>
2026-05-14T03:20:23.8649621Z hint:
2026-05-14T03:20:23.8650332Z hint: Names commonly chosen instead of 'master' are 'main', 'trunk' and
2026-05-14T03:20:23.8651453Z hint: 'development'. The just-created branch can be renamed via this command:
2026-05-14T03:20:23.8652792Z hint:
2026-05-14T03:20:23.8653868Z hint: 	git branch -m <name>
2026-05-14T03:20:23.8654716Z hint:
2026-05-14T03:20:23.8655834Z hint: Disable this message with "git config set advice.defaultBranchName false"
2026-05-14T03:20:23.8657277Z Initialized empty Git repository in /home/runner/work/prismTask/prismTask/.git/
2026-05-14T03:20:23.8659302Z [command]/usr/bin/git remote add origin https://github.com/averycorp/prismTask
2026-05-14T03:20:23.8689628Z ##[endgroup]
2026-05-14T03:20:23.8690918Z ##[group]Disabling automatic garbage collection
2026-05-14T03:20:23.8692790Z [command]/usr/bin/git config --local gc.auto 0
2026-05-14T03:20:23.8722743Z ##[endgroup]
2026-05-14T03:20:23.8724255Z ##[group]Setting up auth
2026-05-14T03:20:23.8725179Z Removing SSH command configuration
2026-05-14T03:20:23.8729601Z [command]/usr/bin/git config --local --name-only --get-regexp core\.sshCommand
2026-05-14T03:20:23.8761241Z [command]/usr/bin/git submodule foreach --recursive sh -c "git config --local --name-only --get-regexp 'core\.sshCommand' && git config --local --unset-all 'core.sshCommand' || :"
2026-05-14T03:20:23.9049023Z Removing HTTP extra header
2026-05-14T03:20:23.9055436Z [command]/usr/bin/git config --local --name-only --get-regexp http\.https\:\/\/github\.com\/\.extraheader
2026-05-14T03:20:23.9087347Z [command]/usr/bin/git submodule foreach --recursive sh -c "git config --local --name-only --get-regexp 'http\.https\:\/\/github\.com\/\.extraheader' && git config --local --unset-all 'http.https://github.com/.extraheader' || :"
2026-05-14T03:20:23.9300318Z Removing includeIf entries pointing to credentials config files
2026-05-14T03:20:23.9306904Z [command]/usr/bin/git config --local --name-only --get-regexp ^includeIf\.gitdir:
2026-05-14T03:20:23.9339109Z [command]/usr/bin/git submodule foreach --recursive git config --local --show-origin --name-only --get-regexp remote.origin.url
2026-05-14T03:20:23.9569925Z [command]/usr/bin/git config --file /home/runner/work/_temp/git-credentials-906370fb-b3d0-4eda-9879-8bb8b4ef8075.config http.https://github.com/.extraheader AUTHORIZATION: basic ***
2026-05-14T03:20:23.9606040Z [command]/usr/bin/git config --local includeIf.gitdir:/home/runner/work/prismTask/prismTask/.git.path /home/runner/work/_temp/git-credentials-906370fb-b3d0-4eda-9879-8bb8b4ef8075.config
2026-05-14T03:20:23.9634017Z [command]/usr/bin/git config --local includeIf.gitdir:/home/runner/work/prismTask/prismTask/.git/worktrees/*.path /home/runner/work/_temp/git-credentials-906370fb-b3d0-4eda-9879-8bb8b4ef8075.config
2026-05-14T03:20:23.9661468Z [command]/usr/bin/git config --local includeIf.gitdir:/github/workspace/.git.path /github/runner_temp/git-credentials-906370fb-b3d0-4eda-9879-8bb8b4ef8075.config
2026-05-14T03:20:23.9690572Z [command]/usr/bin/git config --local includeIf.gitdir:/github/workspace/.git/worktrees/*.path /github/runner_temp/git-credentials-906370fb-b3d0-4eda-9879-8bb8b4ef8075.config
2026-05-14T03:20:23.9715815Z ##[endgroup]
2026-05-14T03:20:23.9716685Z ##[group]Fetching the repository
2026-05-14T03:20:23.9724268Z [command]/usr/bin/git -c protocol.version=2 fetch --no-tags --prune --no-recurse-submodules --depth=1 origin +4759c8a99f66cd0ed58054d7df7348d981151c9c:refs/remotes/pull/1370/merge
2026-05-14T03:20:25.9755365Z From https://github.com/averycorp/prismTask
2026-05-14T03:20:25.9757293Z  * [new ref]         4759c8a99f66cd0ed58054d7df7348d981151c9c -> pull/1370/merge
2026-05-14T03:20:25.9787115Z ##[endgroup]
2026-05-14T03:20:25.9789101Z ##[group]Determining the checkout info
2026-05-14T03:20:25.9791116Z ##[endgroup]
2026-05-14T03:20:25.9795365Z [command]/usr/bin/git sparse-checkout disable
2026-05-14T03:20:25.9835599Z [command]/usr/bin/git config --local --unset-all extensions.worktreeConfig
2026-05-14T03:20:25.9864979Z ##[group]Checking out the ref
2026-05-14T03:20:25.9869258Z [command]/usr/bin/git checkout --progress --force refs/remotes/pull/1370/merge
2026-05-14T03:20:26.2681940Z Note: switching to 'refs/remotes/pull/1370/merge'.
2026-05-14T03:20:26.2683407Z 
2026-05-14T03:20:26.2684268Z You are in 'detached HEAD' state. You can look around, make experimental
2026-05-14T03:20:26.2686269Z changes and commit them, and you can discard any commits you make in this
2026-05-14T03:20:26.2688115Z state without impacting any branches by switching back to a branch.
2026-05-14T03:20:26.2689191Z 
2026-05-14T03:20:26.2689899Z If you want to create a new branch to retain commits you create, you may
2026-05-14T03:20:26.2691527Z do so (now or later) by using -c with the switch command. Example:
2026-05-14T03:20:26.2692542Z 
2026-05-14T03:20:26.2692925Z   git switch -c <new-branch-name>
2026-05-14T03:20:26.2693729Z 
2026-05-14T03:20:26.2694104Z Or undo this operation with:
2026-05-14T03:20:26.2694745Z 
2026-05-14T03:20:26.2695077Z   git switch -
2026-05-14T03:20:26.2695531Z 
2026-05-14T03:20:26.2696285Z Turn off this advice by setting config variable advice.detachedHead to false
2026-05-14T03:20:26.2697465Z 
2026-05-14T03:20:26.2698818Z HEAD is now at 4759c8a Merge c00f4047a96caa3d1893f6627c46b01f99914247 into b0e699cb850bbc853bdee2dee5d2e02ce08a517d
2026-05-14T03:20:26.2706150Z ##[endgroup]
2026-05-14T03:20:26.2747032Z [command]/usr/bin/git log -1 --format=%H
2026-05-14T03:20:26.2774473Z 4759c8a99f66cd0ed58054d7df7348d981151c9c
2026-05-14T03:20:26.3161437Z Prepare all required actions
2026-05-14T03:20:26.3162711Z Getting action download info
2026-05-14T03:20:26.4943327Z Download action repository 'actions/setup-node@v4' (SHA:49933ea5288caeca8642d1e84afbd3f7d6820020)
2026-05-14T03:20:26.5969925Z ##[group]Run ./.github/actions/setup-node-web
2026-05-14T03:20:26.5970734Z ##[endgroup]
2026-05-14T03:20:26.6138375Z ##[group]Run actions/setup-node@v4
2026-05-14T03:20:26.6139146Z with:
2026-05-14T03:20:26.6139830Z   node-version: 22
2026-05-14T03:20:26.6140478Z   cache: npm
2026-05-14T03:20:26.6141173Z   cache-dependency-path: web/package-lock.json
2026-05-14T03:20:26.6141954Z   always-auth: false
2026-05-14T03:20:26.6142617Z   check-latest: false
2026-05-14T03:20:26.6211733Z   token: ***
2026-05-14T03:20:26.6212458Z ##[endgroup]
2026-05-14T03:20:26.8076850Z Found in cache @ /opt/hostedtoolcache/node/22.22.2/x64
2026-05-14T03:20:26.8088392Z ##[group]Environment details
2026-05-14T03:20:27.2097289Z node: v22.22.2
2026-05-14T03:20:27.2097863Z npm: 10.9.7
2026-05-14T03:20:27.2098217Z yarn: 1.22.22
2026-05-14T03:20:27.2099033Z ##[endgroup]
2026-05-14T03:20:27.2124530Z [command]/opt/hostedtoolcache/node/22.22.2/x64/bin/npm config get cache
2026-05-14T03:20:27.3181724Z /home/runner/.npm
2026-05-14T03:20:27.6247032Z npm cache is not found
2026-05-14T03:20:27.6395611Z ##[group]Run npm ci
2026-05-14T03:20:27.6395891Z [36;1mnpm ci[0m
2026-05-14T03:20:27.6432391Z shell: /usr/bin/bash --noprofile --norc -e -o pipefail {0}
2026-05-14T03:20:27.6432756Z ##[endgroup]
2026-05-14T03:20:28.5369175Z npm error code ETARGET
2026-05-14T03:20:28.5369767Z npm error notarget No matching version found for idb@^8.0.4.
2026-05-14T03:20:28.5370353Z npm error notarget In most cases you or one of your dependencies are requesting
2026-05-14T03:20:28.5370884Z npm error notarget a package version that doesn't exist.
2026-05-14T03:20:28.5373268Z npm error A complete log of this run can be found in: /home/runner/.npm/_logs/2026-05-14T03_20_27_699Z-debug-0.log
2026-05-14T03:20:28.5750180Z ##[error]Process completed with exit code 1.
2026-05-14T03:20:28.5834199Z Post job cleanup.
2026-05-14T03:20:28.5913862Z Post job cleanup.
2026-05-14T03:20:28.6747767Z [command]/usr/bin/git version
2026-05-14T03:20:28.6783188Z git version 2.53.0
2026-05-14T03:20:28.6824590Z Temporarily overriding HOME='/home/runner/work/_temp/21a64b3e-ddb7-430c-bdf1-deb7e10c55b7' before making global git config changes
2026-05-14T03:20:28.6826307Z Adding repository directory to the temporary git global config as a safe directory
2026-05-14T03:20:28.6830860Z [command]/usr/bin/git config --global --add safe.directory /home/runner/work/prismTask/prismTask
2026-05-14T03:20:28.6859385Z Removing SSH command configuration
2026-05-14T03:20:28.6866373Z [command]/usr/bin/git config --local --name-only --get-regexp core\.sshCommand
2026-05-14T03:20:28.6899810Z [command]/usr/bin/git submodule foreach --recursive sh -c "git config --local --name-only --get-regexp 'core\.sshCommand' && git config --local --unset-all 'core.sshCommand' || :"
2026-05-14T03:20:28.7118207Z Removing HTTP extra header
2026-05-14T03:20:28.7122734Z [command]/usr/bin/git config --local --name-only --get-regexp http\.https\:\/\/github\.com\/\.extraheader
2026-05-14T03:20:28.7153964Z [command]/usr/bin/git submodule foreach --recursive sh -c "git config --local --name-only --get-regexp 'http\.https\:\/\/github\.com\/\.extraheader' && git config --local --unset-all 'http.https://github.com/.extraheader' || :"
2026-05-14T03:20:28.7377507Z Removing includeIf entries pointing to credentials config files
2026-05-14T03:20:28.7378565Z [command]/usr/bin/git config --local --name-only --get-regexp ^includeIf\.gitdir:
2026-05-14T03:20:28.7396887Z includeif.gitdir:/home/runner/work/prismTask/prismTask/.git.path
2026-05-14T03:20:28.7398359Z includeif.gitdir:/home/runner/work/prismTask/prismTask/.git/worktrees/*.path
2026-05-14T03:20:28.7399364Z includeif.gitdir:/github/workspace/.git.path
2026-05-14T03:20:28.7400203Z includeif.gitdir:/github/workspace/.git/worktrees/*.path
2026-05-14T03:20:28.7407699Z [command]/usr/bin/git config --local --get-all includeif.gitdir:/home/runner/work/prismTask/prismTask/.git.path
2026-05-14T03:20:28.7429920Z /home/runner/work/_temp/git-credentials-906370fb-b3d0-4eda-9879-8bb8b4ef8075.config
2026-05-14T03:20:28.7441313Z [command]/usr/bin/git config --local --unset includeif.gitdir:/home/runner/work/prismTask/prismTask/.git.path /home/runner/work/_temp/git-credentials-906370fb-b3d0-4eda-9879-8bb8b4ef8075.config
2026-05-14T03:20:28.7478840Z [command]/usr/bin/git config --local --get-all includeif.gitdir:/home/runner/work/prismTask/prismTask/.git/worktrees/*.path
2026-05-14T03:20:28.7504691Z /home/runner/work/_temp/git-credentials-906370fb-b3d0-4eda-9879-8bb8b4ef8075.config
2026-05-14T03:20:28.7527093Z [command]/usr/bin/git config --local --unset includeif.gitdir:/home/runner/work/prismTask/prismTask/.git/worktrees/*.path /home/runner/work/_temp/git-credentials-906370fb-b3d0-4eda-9879-8bb8b4ef8075.config
2026-05-14T03:20:28.7552643Z [command]/usr/bin/git config --local --get-all includeif.gitdir:/github/workspace/.git.path
2026-05-14T03:20:28.7574159Z /github/runner_temp/git-credentials-906370fb-b3d0-4eda-9879-8bb8b4ef8075.config
2026-05-14T03:20:28.7581812Z [command]/usr/bin/git config --local --unset includeif.gitdir:/github/workspace/.git.path /github/runner_temp/git-credentials-906370fb-b3d0-4eda-9879-8bb8b4ef8075.config
2026-05-14T03:20:28.7615385Z [command]/usr/bin/git config --local --get-all includeif.gitdir:/github/workspace/.git/worktrees/*.path
2026-05-14T03:20:28.7637958Z /github/runner_temp/git-credentials-906370fb-b3d0-4eda-9879-8bb8b4ef8075.config
2026-05-14T03:20:28.7650212Z [command]/usr/bin/git config --local --unset includeif.gitdir:/github/workspace/.git/worktrees/*.path /github/runner_temp/git-credentials-906370fb-b3d0-4eda-9879-8bb8b4ef8075.config
2026-05-14T03:20:28.7687817Z [command]/usr/bin/git submodule foreach --recursive git config --local --show-origin --name-only --get-regexp remote.origin.url
2026-05-14T03:20:28.7919502Z Removing credentials config '/home/runner/work/_temp/git-credentials-906370fb-b3d0-4eda-9879-8bb8b4ef8075.config'
2026-05-14T03:20:28.8088611Z Cleaning up orphan processes
2026-05-14T03:20:28.8364195Z ##[warning]Node.js 20 actions are deprecated. The following actions are running on Node.js 20 and may not work as expected: actions/setup-node@v4. Actions will be forced to run with Node.js 24 by default starting June 2nd, 2026. Node.js 20 will be removed from the runner on September 16th, 2026. Please check if updated versions of these actions are available that support Node.js 24. To opt into Node.js 24 now, set the FORCE_JAVASCRIPT_ACTIONS_TO_NODE24=true environment variable on the runner or in your workflow file. Once Node.js 24 becomes the default, you can temporarily opt out by setting ACTIONS_ALLOW_USE_UNSECURE_NODE_VERSION=true. For more information see: https://github.blog/changelog/2025-09-19-deprecation-of-node-20-on-github-actions-runners/


--- Job: web-build (id 75922110768) ---
2026-05-14T03:20:22.5006306Z Current runner version: '2.334.0'
2026-05-14T03:20:22.5030899Z ##[group]Runner Image Provisioner
2026-05-14T03:20:22.5031724Z Hosted Compute Agent
2026-05-14T03:20:22.5032237Z Version: 20260213.493
2026-05-14T03:20:22.5033016Z Commit: 5c115507f6dd24b8de37d8bbe0bb4509d0cc0fa3
2026-05-14T03:20:22.5033698Z Build Date: 2026-02-13T00:28:41Z
2026-05-14T03:20:22.5034365Z Worker ID: {561ec9e8-36b9-436a-a10d-604402b4fc4c}
2026-05-14T03:20:22.5035175Z Azure Region: westcentralus
2026-05-14T03:20:22.5035794Z ##[endgroup]
2026-05-14T03:20:22.5037438Z ##[group]Operating System
2026-05-14T03:20:22.5038552Z Ubuntu
2026-05-14T03:20:22.5039070Z 24.04.4
2026-05-14T03:20:22.5039530Z LTS
2026-05-14T03:20:22.5040090Z ##[endgroup]
2026-05-14T03:20:22.5040589Z ##[group]Runner Image
2026-05-14T03:20:22.5041177Z Image: ubuntu-24.04
2026-05-14T03:20:22.5041744Z Version: 20260413.86.1
2026-05-14T03:20:22.5042997Z Included Software: https://github.com/actions/runner-images/blob/ubuntu24/20260413.86/images/ubuntu/Ubuntu2404-Readme.md
2026-05-14T03:20:22.5044476Z Image Release: https://github.com/actions/runner-images/releases/tag/ubuntu24%2F20260413.86
2026-05-14T03:20:22.5045391Z ##[endgroup]
2026-05-14T03:20:22.5046604Z ##[group]GITHUB_TOKEN Permissions
2026-05-14T03:20:22.5048680Z Actions: read
2026-05-14T03:20:22.5049209Z Checks: read
2026-05-14T03:20:22.5049816Z Contents: write
2026-05-14T03:20:22.5050331Z Metadata: read
2026-05-14T03:20:22.5050858Z ##[endgroup]
2026-05-14T03:20:22.5052856Z Secret source: Actions
2026-05-14T03:20:22.5053675Z Prepare workflow directory
2026-05-14T03:20:22.5456261Z Prepare all required actions
2026-05-14T03:20:22.5493068Z Getting action download info
2026-05-14T03:20:22.8968738Z Download action repository 'actions/checkout@v6' (SHA:de0fac2e4500dabe0009e67214ff5f5447ce83dd)
2026-05-14T03:20:23.0861229Z Complete job name: web-build
2026-05-14T03:20:23.1554574Z ##[group]Run actions/checkout@v6
2026-05-14T03:20:23.1555350Z with:
2026-05-14T03:20:23.1555746Z   repository: averycorp/prismTask
2026-05-14T03:20:23.1556462Z   token: ***
2026-05-14T03:20:23.1556855Z   ssh-strict: true
2026-05-14T03:20:23.1557248Z   ssh-user: git
2026-05-14T03:20:23.1557635Z   persist-credentials: true
2026-05-14T03:20:23.1558353Z   clean: true
2026-05-14T03:20:23.1558743Z   sparse-checkout-cone-mode: true
2026-05-14T03:20:23.1559213Z   fetch-depth: 1
2026-05-14T03:20:23.1559590Z   fetch-tags: false
2026-05-14T03:20:23.1559965Z   show-progress: true
2026-05-14T03:20:23.1560354Z   lfs: false
2026-05-14T03:20:23.1560706Z   submodules: false
2026-05-14T03:20:23.1561102Z   set-safe-directory: true
2026-05-14T03:20:23.1561756Z ##[endgroup]
2026-05-14T03:20:23.2573090Z Syncing repository: averycorp/prismTask
2026-05-14T03:20:23.2575661Z ##[group]Getting Git version info
2026-05-14T03:20:23.2576715Z Working directory is '/home/runner/work/prismTask/prismTask'
2026-05-14T03:20:23.2578212Z [command]/usr/bin/git version
2026-05-14T03:20:23.2595265Z git version 2.53.0
2026-05-14T03:20:23.2617403Z ##[endgroup]
2026-05-14T03:20:23.2632658Z Temporarily overriding HOME='/home/runner/work/_temp/2f204356-050f-4c75-8ce3-2c1288b1e31a' before making global git config changes
2026-05-14T03:20:23.2634801Z Adding repository directory to the temporary git global config as a safe directory
2026-05-14T03:20:23.2638801Z [command]/usr/bin/git config --global --add safe.directory /home/runner/work/prismTask/prismTask
2026-05-14T03:20:23.2673431Z Deleting the contents of '/home/runner/work/prismTask/prismTask'
2026-05-14T03:20:23.2677638Z ##[group]Initializing the repository
2026-05-14T03:20:23.2682522Z [command]/usr/bin/git init /home/runner/work/prismTask/prismTask
2026-05-14T03:20:23.2758645Z hint: Using 'master' as the name for the initial branch. This default branch name
2026-05-14T03:20:23.2760114Z hint: will change to "main" in Git 3.0. To configure the initial branch name
2026-05-14T03:20:23.2761445Z hint: to use in all of your new repositories, which will suppress this warning,
2026-05-14T03:20:23.2762477Z hint: call:
2026-05-14T03:20:23.2763112Z hint:
2026-05-14T03:20:23.2763888Z hint: 	git config --global init.defaultBranch <name>
2026-05-14T03:20:23.2764457Z hint:
2026-05-14T03:20:23.2765222Z hint: Names commonly chosen instead of 'master' are 'main', 'trunk' and
2026-05-14T03:20:23.2766559Z hint: 'development'. The just-created branch can be renamed via this command:
2026-05-14T03:20:23.2767580Z hint:
2026-05-14T03:20:23.2768300Z hint: 	git branch -m <name>
2026-05-14T03:20:23.2768932Z hint:
2026-05-14T03:20:23.2769748Z hint: Disable this message with "git config set advice.defaultBranchName false"
2026-05-14T03:20:23.2771039Z Initialized empty Git repository in /home/runner/work/prismTask/prismTask/.git/
2026-05-14T03:20:23.2772607Z [command]/usr/bin/git remote add origin https://github.com/averycorp/prismTask
2026-05-14T03:20:23.2802264Z ##[endgroup]
2026-05-14T03:20:23.2803002Z ##[group]Disabling automatic garbage collection
2026-05-14T03:20:23.2807393Z [command]/usr/bin/git config --local gc.auto 0
2026-05-14T03:20:23.2837612Z ##[endgroup]
2026-05-14T03:20:23.2838893Z ##[group]Setting up auth
2026-05-14T03:20:23.2839663Z Removing SSH command configuration
2026-05-14T03:20:23.2845389Z [command]/usr/bin/git config --local --name-only --get-regexp core\.sshCommand
2026-05-14T03:20:23.2876778Z [command]/usr/bin/git submodule foreach --recursive sh -c "git config --local --name-only --get-regexp 'core\.sshCommand' && git config --local --unset-all 'core.sshCommand' || :"
2026-05-14T03:20:23.3165390Z Removing HTTP extra header
2026-05-14T03:20:23.3171053Z [command]/usr/bin/git config --local --name-only --get-regexp http\.https\:\/\/github\.com\/\.extraheader
2026-05-14T03:20:23.3202586Z [command]/usr/bin/git submodule foreach --recursive sh -c "git config --local --name-only --get-regexp 'http\.https\:\/\/github\.com\/\.extraheader' && git config --local --unset-all 'http.https://github.com/.extraheader' || :"
2026-05-14T03:20:23.3426940Z Removing includeIf entries pointing to credentials config files
2026-05-14T03:20:23.3433128Z [command]/usr/bin/git config --local --name-only --get-regexp ^includeIf\.gitdir:
2026-05-14T03:20:23.3464322Z [command]/usr/bin/git submodule foreach --recursive git config --local --show-origin --name-only --get-regexp remote.origin.url
2026-05-14T03:20:23.3695263Z [command]/usr/bin/git config --file /home/runner/work/_temp/git-credentials-b3b4114e-006b-46dd-b1b8-9b704d8be33e.config http.https://github.com/.extraheader AUTHORIZATION: basic ***
2026-05-14T03:20:23.3732509Z [command]/usr/bin/git config --local includeIf.gitdir:/home/runner/work/prismTask/prismTask/.git.path /home/runner/work/_temp/git-credentials-b3b4114e-006b-46dd-b1b8-9b704d8be33e.config
2026-05-14T03:20:23.3764543Z [command]/usr/bin/git config --local includeIf.gitdir:/home/runner/work/prismTask/prismTask/.git/worktrees/*.path /home/runner/work/_temp/git-credentials-b3b4114e-006b-46dd-b1b8-9b704d8be33e.config
2026-05-14T03:20:23.3796453Z [command]/usr/bin/git config --local includeIf.gitdir:/github/workspace/.git.path /github/runner_temp/git-credentials-b3b4114e-006b-46dd-b1b8-9b704d8be33e.config
2026-05-14T03:20:23.3828814Z [command]/usr/bin/git config --local includeIf.gitdir:/github/workspace/.git/worktrees/*.path /github/runner_temp/git-credentials-b3b4114e-006b-46dd-b1b8-9b704d8be33e.config
2026-05-14T03:20:23.3857134Z ##[endgroup]
2026-05-14T03:20:23.3858055Z ##[group]Fetching the repository
2026-05-14T03:20:23.3865152Z [command]/usr/bin/git -c protocol.version=2 fetch --no-tags --prune --no-recurse-submodules --depth=1 origin +4759c8a99f66cd0ed58054d7df7348d981151c9c:refs/remotes/pull/1370/merge
2026-05-14T03:20:25.7563090Z From https://github.com/averycorp/prismTask
2026-05-14T03:20:25.7564704Z  * [new ref]         4759c8a99f66cd0ed58054d7df7348d981151c9c -> pull/1370/merge
2026-05-14T03:20:25.7593183Z ##[endgroup]
2026-05-14T03:20:25.7594852Z ##[group]Determining the checkout info
2026-05-14T03:20:25.7596629Z ##[endgroup]
2026-05-14T03:20:25.7600941Z [command]/usr/bin/git sparse-checkout disable
2026-05-14T03:20:25.7642044Z [command]/usr/bin/git config --local --unset-all extensions.worktreeConfig
2026-05-14T03:20:25.7671220Z ##[group]Checking out the ref
2026-05-14T03:20:25.7674973Z [command]/usr/bin/git checkout --progress --force refs/remotes/pull/1370/merge
2026-05-14T03:20:26.0592698Z Note: switching to 'refs/remotes/pull/1370/merge'.
2026-05-14T03:20:26.0594633Z 
2026-05-14T03:20:26.0595588Z You are in 'detached HEAD' state. You can look around, make experimental
2026-05-14T03:20:26.0596418Z changes and commit them, and you can discard any commits you make in this
2026-05-14T03:20:26.0596955Z state without impacting any branches by switching back to a branch.
2026-05-14T03:20:26.0597275Z 
2026-05-14T03:20:26.0597506Z If you want to create a new branch to retain commits you create, you may
2026-05-14T03:20:26.0598170Z do so (now or later) by using -c with the switch command. Example:
2026-05-14T03:20:26.0598520Z 
2026-05-14T03:20:26.0598652Z   git switch -c <new-branch-name>
2026-05-14T03:20:26.0598847Z 
2026-05-14T03:20:26.0598977Z Or undo this operation with:
2026-05-14T03:20:26.0599174Z 
2026-05-14T03:20:26.0599298Z   git switch -
2026-05-14T03:20:26.0599485Z 
2026-05-14T03:20:26.0599786Z Turn off this advice by setting config variable advice.detachedHead to false
2026-05-14T03:20:26.0600105Z 
2026-05-14T03:20:26.0600460Z HEAD is now at 4759c8a Merge c00f4047a96caa3d1893f6627c46b01f99914247 into b0e699cb850bbc853bdee2dee5d2e02ce08a517d
2026-05-14T03:20:26.0617512Z ##[endgroup]
2026-05-14T03:20:26.0658997Z [command]/usr/bin/git log -1 --format=%H
2026-05-14T03:20:26.0684744Z 4759c8a99f66cd0ed58054d7df7348d981151c9c
2026-05-14T03:20:26.0980726Z Prepare all required actions
2026-05-14T03:20:26.0981194Z Getting action download info
2026-05-14T03:20:26.2552537Z Download action repository 'actions/setup-node@v4' (SHA:49933ea5288caeca8642d1e84afbd3f7d6820020)
2026-05-14T03:20:26.3564139Z ##[group]Run ./.github/actions/setup-node-web
2026-05-14T03:20:26.3564482Z ##[endgroup]
2026-05-14T03:20:26.3695743Z ##[group]Run actions/setup-node@v4
2026-05-14T03:20:26.3696079Z with:
2026-05-14T03:20:26.3696351Z   node-version: 22
2026-05-14T03:20:26.3696585Z   cache: npm
2026-05-14T03:20:26.3696849Z   cache-dependency-path: web/package-lock.json
2026-05-14T03:20:26.3697177Z   always-auth: false
2026-05-14T03:20:26.3697406Z   check-latest: false
2026-05-14T03:20:26.3697964Z   token: ***
2026-05-14T03:20:26.3698194Z ##[endgroup]
2026-05-14T03:20:26.5597231Z Found in cache @ /opt/hostedtoolcache/node/22.22.2/x64
2026-05-14T03:20:26.5642350Z ##[group]Environment details
2026-05-14T03:20:26.8510819Z node: v22.22.2
2026-05-14T03:20:26.8511637Z npm: 10.9.7
2026-05-14T03:20:26.8512106Z yarn: 1.22.22
2026-05-14T03:20:26.8512943Z ##[endgroup]
2026-05-14T03:20:26.8539422Z [command]/opt/hostedtoolcache/node/22.22.2/x64/bin/npm config get cache
2026-05-14T03:20:26.9559234Z /home/runner/.npm
2026-05-14T03:20:27.1758028Z npm cache is not found
2026-05-14T03:20:27.1915005Z ##[group]Run npm ci
2026-05-14T03:20:27.1915326Z [36;1mnpm ci[0m
2026-05-14T03:20:27.1951478Z shell: /usr/bin/bash --noprofile --norc -e -o pipefail {0}
2026-05-14T03:20:27.1951854Z ##[endgroup]
2026-05-14T03:20:28.0876744Z npm error code ETARGET
2026-05-14T03:20:28.0878060Z npm error notarget No matching version found for idb@^8.0.4.
2026-05-14T03:20:28.0878998Z npm error notarget In most cases you or one of your dependencies are requesting
2026-05-14T03:20:28.0879879Z npm error notarget a package version that doesn't exist.
2026-05-14T03:20:28.0881031Z npm error A complete log of this run can be found in: /home/runner/.npm/_logs/2026-05-14T03_20_27_252Z-debug-0.log
2026-05-14T03:20:28.1265154Z ##[error]Process completed with exit code 1.
2026-05-14T03:20:28.1360512Z Post job cleanup.
2026-05-14T03:20:28.1446498Z Post job cleanup.
2026-05-14T03:20:28.2278377Z [command]/usr/bin/git version
2026-05-14T03:20:28.2314175Z git version 2.53.0
2026-05-14T03:20:28.2352527Z Temporarily overriding HOME='/home/runner/work/_temp/f30c1682-064d-4387-9a4a-7f0a32f354a0' before making global git config changes
2026-05-14T03:20:28.2353985Z Adding repository directory to the temporary git global config as a safe directory
2026-05-14T03:20:28.2358591Z [command]/usr/bin/git config --global --add safe.directory /home/runner/work/prismTask/prismTask
2026-05-14T03:20:28.2390285Z Removing SSH command configuration
2026-05-14T03:20:28.2396288Z [command]/usr/bin/git config --local --name-only --get-regexp core\.sshCommand
2026-05-14T03:20:28.2431631Z [command]/usr/bin/git submodule foreach --recursive sh -c "git config --local --name-only --get-regexp 'core\.sshCommand' && git config --local --unset-all 'core.sshCommand' || :"
2026-05-14T03:20:28.2665252Z Removing HTTP extra header
2026-05-14T03:20:28.2670298Z [command]/usr/bin/git config --local --name-only --get-regexp http\.https\:\/\/github\.com\/\.extraheader
2026-05-14T03:20:28.2703630Z [command]/usr/bin/git submodule foreach --recursive sh -c "git config --local --name-only --get-regexp 'http\.https\:\/\/github\.com\/\.extraheader' && git config --local --unset-all 'http.https://github.com/.extraheader' || :"
2026-05-14T03:20:28.2940381Z Removing includeIf entries pointing to credentials config files
2026-05-14T03:20:28.2949561Z [command]/usr/bin/git config --local --name-only --get-regexp ^includeIf\.gitdir:
2026-05-14T03:20:28.2975037Z includeif.gitdir:/home/runner/work/prismTask/prismTask/.git.path
2026-05-14T03:20:28.2976033Z includeif.gitdir:/home/runner/work/prismTask/prismTask/.git/worktrees/*.path
2026-05-14T03:20:28.2976814Z includeif.gitdir:/github/workspace/.git.path
2026-05-14T03:20:28.2977442Z includeif.gitdir:/github/workspace/.git/worktrees/*.path
2026-05-14T03:20:28.2986234Z [command]/usr/bin/git config --local --get-all includeif.gitdir:/home/runner/work/prismTask/prismTask/.git.path
2026-05-14T03:20:28.3013021Z /home/runner/work/_temp/git-credentials-b3b4114e-006b-46dd-b1b8-9b704d8be33e.config
2026-05-14T03:20:28.3025893Z [command]/usr/bin/git config --local --unset includeif.gitdir:/home/runner/work/prismTask/prismTask/.git.path /home/runner/work/_temp/git-credentials-b3b4114e-006b-46dd-b1b8-9b704d8be33e.config
2026-05-14T03:20:28.3065050Z [command]/usr/bin/git config --local --get-all includeif.gitdir:/home/runner/work/prismTask/prismTask/.git/worktrees/*.path
2026-05-14T03:20:28.3089640Z /home/runner/work/_temp/git-credentials-b3b4114e-006b-46dd-b1b8-9b704d8be33e.config
2026-05-14T03:20:28.3101784Z [command]/usr/bin/git config --local --unset includeif.gitdir:/home/runner/work/prismTask/prismTask/.git/worktrees/*.path /home/runner/work/_temp/git-credentials-b3b4114e-006b-46dd-b1b8-9b704d8be33e.config
2026-05-14T03:20:28.3138244Z [command]/usr/bin/git config --local --get-all includeif.gitdir:/github/workspace/.git.path
2026-05-14T03:20:28.3162474Z /github/runner_temp/git-credentials-b3b4114e-006b-46dd-b1b8-9b704d8be33e.config
2026-05-14T03:20:28.3172160Z [command]/usr/bin/git config --local --unset includeif.gitdir:/github/workspace/.git.path /github/runner_temp/git-credentials-b3b4114e-006b-46dd-b1b8-9b704d8be33e.config
2026-05-14T03:20:28.3208283Z [command]/usr/bin/git config --local --get-all includeif.gitdir:/github/workspace/.git/worktrees/*.path
2026-05-14T03:20:28.3232010Z /github/runner_temp/git-credentials-b3b4114e-006b-46dd-b1b8-9b704d8be33e.config
2026-05-14T03:20:28.3242798Z [command]/usr/bin/git config --local --unset includeif.gitdir:/github/workspace/.git/worktrees/*.path /github/runner_temp/git-credentials-b3b4114e-006b-46dd-b1b8-9b704d8be33e.config
2026-05-14T03:20:28.3279843Z [command]/usr/bin/git submodule foreach --recursive git config --local --show-origin --name-only --get-regexp remote.origin.url
2026-05-14T03:20:28.3525719Z Removing credentials config '/home/runner/work/_temp/git-credentials-b3b4114e-006b-46dd-b1b8-9b704d8be33e.config'
2026-05-14T03:20:28.3660916Z Cleaning up orphan processes
2026-05-14T03:20:28.3949541Z ##[warning]Node.js 20 actions are deprecated. The following actions are running on Node.js 20 and may not work as expected: actions/setup-node@v4. Actions will be forced to run with Node.js 24 by default starting June 2nd, 2026. Node.js 20 will be removed from the runner on September 16th, 2026. Please check if updated versions of these actions are available that support Node.js 24. To opt into Node.js 24 now, set the FORCE_JAVASCRIPT_ACTIONS_TO_NODE24=true environment variable on the runner or in your workflow file. Once Node.js 24 becomes the default, you can temporarily opt out by setting ACTIONS_ALLOW_USE_UNSECURE_NODE_VERSION=true. For more information see: https://github.blog/changelog/2025-09-19-deprecation-of-node-20-on-github-actions-runners/


--- Job: web-unit-tests (1, 3) (id 75922110774) ---
2026-05-14T03:20:22.1920235Z Current runner version: '2.334.0'
2026-05-14T03:20:22.1943844Z ##[group]Runner Image Provisioner
2026-05-14T03:20:22.1944664Z Hosted Compute Agent
2026-05-14T03:20:22.1945226Z Version: 20260213.493
2026-05-14T03:20:22.1945841Z Commit: 5c115507f6dd24b8de37d8bbe0bb4509d0cc0fa3
2026-05-14T03:20:22.1946609Z Build Date: 2026-02-13T00:28:41Z
2026-05-14T03:20:22.1947575Z Worker ID: {ef021636-3781-4db9-9c22-912c43963fe3}
2026-05-14T03:20:22.1948312Z Azure Region: eastus
2026-05-14T03:20:22.1948850Z ##[endgroup]
2026-05-14T03:20:22.1950277Z ##[group]Operating System
2026-05-14T03:20:22.1950949Z Ubuntu
2026-05-14T03:20:22.1951421Z 24.04.4
2026-05-14T03:20:22.1951939Z LTS
2026-05-14T03:20:22.1952355Z ##[endgroup]
2026-05-14T03:20:22.1952935Z ##[group]Runner Image
2026-05-14T03:20:22.1953455Z Image: ubuntu-24.04
2026-05-14T03:20:22.1953973Z Version: 20260413.86.1
2026-05-14T03:20:22.1955282Z Included Software: https://github.com/actions/runner-images/blob/ubuntu24/20260413.86/images/ubuntu/Ubuntu2404-Readme.md
2026-05-14T03:20:22.1957341Z Image Release: https://github.com/actions/runner-images/releases/tag/ubuntu24%2F20260413.86
2026-05-14T03:20:22.1958739Z ##[endgroup]
2026-05-14T03:20:22.1960395Z ##[group]GITHUB_TOKEN Permissions
2026-05-14T03:20:22.1962735Z Actions: read
2026-05-14T03:20:22.1963264Z Checks: read
2026-05-14T03:20:22.1963839Z Contents: write
2026-05-14T03:20:22.1964460Z Metadata: read
2026-05-14T03:20:22.1964927Z ##[endgroup]
2026-05-14T03:20:22.1966971Z Secret source: Actions
2026-05-14T03:20:22.1968363Z Prepare workflow directory
2026-05-14T03:20:22.2369133Z Prepare all required actions
2026-05-14T03:20:22.2405478Z Getting action download info
2026-05-14T03:20:22.5196784Z Download action repository 'actions/checkout@v6' (SHA:de0fac2e4500dabe0009e67214ff5f5447ce83dd)
2026-05-14T03:20:22.7463336Z Complete job name: web-unit-tests (1, 3)
2026-05-14T03:20:22.8076235Z ##[group]Run actions/checkout@v6
2026-05-14T03:20:22.8077002Z with:
2026-05-14T03:20:22.8077618Z   repository: averycorp/prismTask
2026-05-14T03:20:22.8078294Z   token: ***
2026-05-14T03:20:22.8078672Z   ssh-strict: true
2026-05-14T03:20:22.8079064Z   ssh-user: git
2026-05-14T03:20:22.8079453Z   persist-credentials: true
2026-05-14T03:20:22.8079888Z   clean: true
2026-05-14T03:20:22.8080270Z   sparse-checkout-cone-mode: true
2026-05-14T03:20:22.8080741Z   fetch-depth: 1
2026-05-14T03:20:22.8081116Z   fetch-tags: false
2026-05-14T03:20:22.8081504Z   show-progress: true
2026-05-14T03:20:22.8081891Z   lfs: false
2026-05-14T03:20:22.8082249Z   submodules: false
2026-05-14T03:20:22.8082639Z   set-safe-directory: true
2026-05-14T03:20:22.8083255Z ##[endgroup]
2026-05-14T03:20:22.9040887Z Syncing repository: averycorp/prismTask
2026-05-14T03:20:22.9042572Z ##[group]Getting Git version info
2026-05-14T03:20:22.9043233Z Working directory is '/home/runner/work/prismTask/prismTask'
2026-05-14T03:20:22.9044237Z [command]/usr/bin/git version
2026-05-14T03:20:22.9109540Z git version 2.53.0
2026-05-14T03:20:22.9163117Z ##[endgroup]
2026-05-14T03:20:22.9176720Z Temporarily overriding HOME='/home/runner/work/_temp/7f002830-eac8-4ea8-bcdb-3009880cd059' before making global git config changes
2026-05-14T03:20:22.9181799Z Adding repository directory to the temporary git global config as a safe directory
2026-05-14T03:20:22.9183292Z [command]/usr/bin/git config --global --add safe.directory /home/runner/work/prismTask/prismTask
2026-05-14T03:20:22.9220523Z Deleting the contents of '/home/runner/work/prismTask/prismTask'
2026-05-14T03:20:22.9224679Z ##[group]Initializing the repository
2026-05-14T03:20:22.9229795Z [command]/usr/bin/git init /home/runner/work/prismTask/prismTask
2026-05-14T03:20:22.9398061Z hint: Using 'master' as the name for the initial branch. This default branch name
2026-05-14T03:20:22.9399932Z hint: will change to "main" in Git 3.0. To configure the initial branch name
2026-05-14T03:20:22.9401078Z hint: to use in all of your new repositories, which will suppress this warning,
2026-05-14T03:20:22.9401797Z hint: call:
2026-05-14T03:20:22.9402165Z hint:
2026-05-14T03:20:22.9403197Z hint: 	git config --global init.defaultBranch <name>
2026-05-14T03:20:22.9404061Z hint:
2026-05-14T03:20:22.9404652Z hint: Names commonly chosen instead of 'master' are 'main', 'trunk' and
2026-05-14T03:20:22.9405510Z hint: 'development'. The just-created branch can be renamed via this command:
2026-05-14T03:20:22.9406181Z hint:
2026-05-14T03:20:22.9406690Z hint: 	git branch -m <name>
2026-05-14T03:20:22.9407382Z hint:
2026-05-14T03:20:22.9408273Z hint: Disable this message with "git config set advice.defaultBranchName false"
2026-05-14T03:20:22.9409723Z Initialized empty Git repository in /home/runner/work/prismTask/prismTask/.git/
2026-05-14T03:20:22.9411911Z [command]/usr/bin/git remote add origin https://github.com/averycorp/prismTask
2026-05-14T03:20:22.9444600Z ##[endgroup]
2026-05-14T03:20:22.9445321Z ##[group]Disabling automatic garbage collection
2026-05-14T03:20:22.9449947Z [command]/usr/bin/git config --local gc.auto 0
2026-05-14T03:20:22.9479825Z ##[endgroup]
2026-05-14T03:20:22.9480894Z ##[group]Setting up auth
2026-05-14T03:20:22.9481711Z Removing SSH command configuration
2026-05-14T03:20:22.9486942Z [command]/usr/bin/git config --local --name-only --get-regexp core\.sshCommand
2026-05-14T03:20:22.9518522Z [command]/usr/bin/git submodule foreach --recursive sh -c "git config --local --name-only --get-regexp 'core\.sshCommand' && git config --local --unset-all 'core.sshCommand' || :"
2026-05-14T03:20:22.9872385Z Removing HTTP extra header
2026-05-14T03:20:22.9878491Z [command]/usr/bin/git config --local --name-only --get-regexp http\.https\:\/\/github\.com\/\.extraheader
2026-05-14T03:20:22.9910456Z [command]/usr/bin/git submodule foreach --recursive sh -c "git config --local --name-only --get-regexp 'http\.https\:\/\/github\.com\/\.extraheader' && git config --local --unset-all 'http.https://github.com/.extraheader' || :"
2026-05-14T03:20:23.0141260Z Removing includeIf entries pointing to credentials config files
2026-05-14T03:20:23.0142809Z [command]/usr/bin/git config --local --name-only --get-regexp ^includeIf\.gitdir:
2026-05-14T03:20:23.0175524Z [command]/usr/bin/git submodule foreach --recursive git config --local --show-origin --name-only --get-regexp remote.origin.url
2026-05-14T03:20:23.0408148Z [command]/usr/bin/git config --file /home/runner/work/_temp/git-credentials-cb7bce71-2308-44a9-bdf3-8227bc097f6c.config http.https://github.com/.extraheader AUTHORIZATION: basic ***
2026-05-14T03:20:23.0444790Z [command]/usr/bin/git config --local includeIf.gitdir:/home/runner/work/prismTask/prismTask/.git.path /home/runner/work/_temp/git-credentials-cb7bce71-2308-44a9-bdf3-8227bc097f6c.config
2026-05-14T03:20:23.0475971Z [command]/usr/bin/git config --local includeIf.gitdir:/home/runner/work/prismTask/prismTask/.git/worktrees/*.path /home/runner/work/_temp/git-credentials-cb7bce71-2308-44a9-bdf3-8227bc097f6c.config
2026-05-14T03:20:23.0507328Z [command]/usr/bin/git config --local includeIf.gitdir:/github/workspace/.git.path /github/runner_temp/git-credentials-cb7bce71-2308-44a9-bdf3-8227bc097f6c.config
2026-05-14T03:20:23.0540507Z [command]/usr/bin/git config --local includeIf.gitdir:/github/workspace/.git/worktrees/*.path /github/runner_temp/git-credentials-cb7bce71-2308-44a9-bdf3-8227bc097f6c.config
2026-05-14T03:20:23.0575290Z ##[endgroup]
2026-05-14T03:20:23.0576309Z ##[group]Fetching the repository
2026-05-14T03:20:23.0585756Z [command]/usr/bin/git -c protocol.version=2 fetch --no-tags --prune --no-recurse-submodules --depth=1 origin +4759c8a99f66cd0ed58054d7df7348d981151c9c:refs/remotes/pull/1370/merge
2026-05-14T03:20:24.4253879Z From https://github.com/averycorp/prismTask
2026-05-14T03:20:24.4255948Z  * [new ref]         4759c8a99f66cd0ed58054d7df7348d981151c9c -> pull/1370/merge
2026-05-14T03:20:24.4285667Z ##[endgroup]
2026-05-14T03:20:24.4287343Z ##[group]Determining the checkout info
2026-05-14T03:20:24.4289036Z ##[endgroup]
2026-05-14T03:20:24.4292427Z [command]/usr/bin/git sparse-checkout disable
2026-05-14T03:20:24.4332383Z [command]/usr/bin/git config --local --unset-all extensions.worktreeConfig
2026-05-14T03:20:24.4365013Z ##[group]Checking out the ref
2026-05-14T03:20:24.4366211Z [command]/usr/bin/git checkout --progress --force refs/remotes/pull/1370/merge
2026-05-14T03:20:24.7281194Z Note: switching to 'refs/remotes/pull/1370/merge'.
2026-05-14T03:20:24.7281740Z 
2026-05-14T03:20:24.7282123Z You are in 'detached HEAD' state. You can look around, make experimental
2026-05-14T03:20:24.7282954Z changes and commit them, and you can discard any commits you make in this
2026-05-14T03:20:24.7283785Z state without impacting any branches by switching back to a branch.
2026-05-14T03:20:24.7284286Z 
2026-05-14T03:20:24.7284639Z If you want to create a new branch to retain commits you create, you may
2026-05-14T03:20:24.7285642Z do so (now or later) by using -c with the switch command. Example:
2026-05-14T03:20:24.7286140Z 
2026-05-14T03:20:24.7286334Z   git switch -c <new-branch-name>
2026-05-14T03:20:24.7286634Z 
2026-05-14T03:20:24.7286823Z Or undo this operation with:
2026-05-14T03:20:24.7287351Z 
2026-05-14T03:20:24.7287518Z   git switch -
2026-05-14T03:20:24.7287760Z 
2026-05-14T03:20:24.7288146Z Turn off this advice by setting config variable advice.detachedHead to false
2026-05-14T03:20:24.7288668Z 
2026-05-14T03:20:24.7289257Z HEAD is now at 4759c8a Merge c00f4047a96caa3d1893f6627c46b01f99914247 into b0e699cb850bbc853bdee2dee5d2e02ce08a517d
2026-05-14T03:20:24.7307463Z ##[endgroup]
2026-05-14T03:20:24.7348439Z [command]/usr/bin/git log -1 --format=%H
2026-05-14T03:20:24.7373718Z 4759c8a99f66cd0ed58054d7df7348d981151c9c
2026-05-14T03:20:24.7666666Z Prepare all required actions
2026-05-14T03:20:24.7667429Z Getting action download info
2026-05-14T03:20:24.8883052Z Download action repository 'actions/setup-node@v4' (SHA:49933ea5288caeca8642d1e84afbd3f7d6820020)
2026-05-14T03:20:25.0867871Z ##[group]Run ./.github/actions/setup-node-web
2026-05-14T03:20:25.0868230Z ##[endgroup]
2026-05-14T03:20:25.0994369Z ##[group]Run actions/setup-node@v4
2026-05-14T03:20:25.0994704Z with:
2026-05-14T03:20:25.0994969Z   node-version: 22
2026-05-14T03:20:25.0995206Z   cache: npm
2026-05-14T03:20:25.0995475Z   cache-dependency-path: web/package-lock.json
2026-05-14T03:20:25.0995807Z   always-auth: false
2026-05-14T03:20:25.0996040Z   check-latest: false
2026-05-14T03:20:25.0996424Z   token: ***
2026-05-14T03:20:25.0996648Z ##[endgroup]
2026-05-14T03:20:25.2876734Z Found in cache @ /opt/hostedtoolcache/node/22.22.2/x64
2026-05-14T03:20:25.2883873Z ##[group]Environment details
2026-05-14T03:20:25.6118001Z node: v22.22.2
2026-05-14T03:20:25.6118610Z npm: 10.9.7
2026-05-14T03:20:25.6118893Z yarn: 1.22.22
2026-05-14T03:20:25.6119809Z ##[endgroup]
2026-05-14T03:20:25.6143060Z [command]/opt/hostedtoolcache/node/22.22.2/x64/bin/npm config get cache
2026-05-14T03:20:25.7689898Z /home/runner/.npm
2026-05-14T03:20:25.8543496Z npm cache is not found
2026-05-14T03:20:25.8690371Z ##[group]Run npm ci
2026-05-14T03:20:25.8690670Z [36;1mnpm ci[0m
2026-05-14T03:20:25.8723177Z shell: /usr/bin/bash --noprofile --norc -e -o pipefail {0}
2026-05-14T03:20:25.8723550Z ##[endgroup]
2026-05-14T03:20:27.8133685Z npm error code ETARGET
2026-05-14T03:20:27.8134740Z npm error notarget No matching version found for idb@^8.0.4.
2026-05-14T03:20:27.8135675Z npm error notarget In most cases you or one of your dependencies are requesting
2026-05-14T03:20:27.8136578Z npm error notarget a package version that doesn't exist.
2026-05-14T03:20:27.8137993Z npm error A complete log of this run can be found in: /home/runner/.npm/_logs/2026-05-14T03_20_25_929Z-debug-0.log
2026-05-14T03:20:27.8519010Z ##[error]Process completed with exit code 1.
2026-05-14T03:20:27.8611625Z Post job cleanup.
2026-05-14T03:20:27.8696492Z Post job cleanup.
2026-05-14T03:20:27.9518647Z [command]/usr/bin/git version
2026-05-14T03:20:27.9588875Z git version 2.53.0
2026-05-14T03:20:27.9628943Z Temporarily overriding HOME='/home/runner/work/_temp/3a388c75-a621-4651-9c69-405413cb9d99' before making global git config changes
2026-05-14T03:20:27.9630447Z Adding repository directory to the temporary git global config as a safe directory
2026-05-14T03:20:27.9635099Z [command]/usr/bin/git config --global --add safe.directory /home/runner/work/prismTask/prismTask
2026-05-14T03:20:27.9669443Z Removing SSH command configuration
2026-05-14T03:20:27.9676241Z [command]/usr/bin/git config --local --name-only --get-regexp core\.sshCommand
2026-05-14T03:20:27.9712359Z [command]/usr/bin/git submodule foreach --recursive sh -c "git config --local --name-only --get-regexp 'core\.sshCommand' && git config --local --unset-all 'core.sshCommand' || :"
2026-05-14T03:20:27.9955933Z Removing HTTP extra header
2026-05-14T03:20:27.9961527Z [command]/usr/bin/git config --local --name-only --get-regexp http\.https\:\/\/github\.com\/\.extraheader
2026-05-14T03:20:27.9998020Z [command]/usr/bin/git submodule foreach --recursive sh -c "git config --local --name-only --get-regexp 'http\.https\:\/\/github\.com\/\.extraheader' && git config --local --unset-all 'http.https://github.com/.extraheader' || :"
2026-05-14T03:20:28.0239021Z Removing includeIf entries pointing to credentials config files
2026-05-14T03:20:28.0250304Z [command]/usr/bin/git config --local --name-only --get-regexp ^includeIf\.gitdir:
2026-05-14T03:20:28.0278867Z includeif.gitdir:/home/runner/work/prismTask/prismTask/.git.path
2026-05-14T03:20:28.0279859Z includeif.gitdir:/home/runner/work/prismTask/prismTask/.git/worktrees/*.path
2026-05-14T03:20:28.0280629Z includeif.gitdir:/github/workspace/.git.path
2026-05-14T03:20:28.0281258Z includeif.gitdir:/github/workspace/.git/worktrees/*.path
2026-05-14T03:20:28.0290313Z [command]/usr/bin/git config --local --get-all includeif.gitdir:/home/runner/work/prismTask/prismTask/.git.path
2026-05-14T03:20:28.0315213Z /home/runner/work/_temp/git-credentials-cb7bce71-2308-44a9-bdf3-8227bc097f6c.config
2026-05-14T03:20:28.0329543Z [command]/usr/bin/git config --local --unset includeif.gitdir:/home/runner/work/prismTask/prismTask/.git.path /home/runner/work/_temp/git-credentials-cb7bce71-2308-44a9-bdf3-8227bc097f6c.config
2026-05-14T03:20:28.0368497Z [command]/usr/bin/git config --local --get-all includeif.gitdir:/home/runner/work/prismTask/prismTask/.git/worktrees/*.path
2026-05-14T03:20:28.0392204Z /home/runner/work/_temp/git-credentials-cb7bce71-2308-44a9-bdf3-8227bc097f6c.config
2026-05-14T03:20:28.0402067Z [command]/usr/bin/git config --local --unset includeif.gitdir:/home/runner/work/prismTask/prismTask/.git/worktrees/*.path /home/runner/work/_temp/git-credentials-cb7bce71-2308-44a9-bdf3-8227bc097f6c.config
2026-05-14T03:20:28.0436320Z [command]/usr/bin/git config --local --get-all includeif.gitdir:/github/workspace/.git.path
2026-05-14T03:20:28.0459814Z /github/runner_temp/git-credentials-cb7bce71-2308-44a9-bdf3-8227bc097f6c.config
2026-05-14T03:20:28.0467516Z [command]/usr/bin/git config --local --unset includeif.gitdir:/github/workspace/.git.path /github/runner_temp/git-credentials-cb7bce71-2308-44a9-bdf3-8227bc097f6c.config
2026-05-14T03:20:28.0503477Z [command]/usr/bin/git config --local --get-all includeif.gitdir:/github/workspace/.git/worktrees/*.path
2026-05-14T03:20:28.0527400Z /github/runner_temp/git-credentials-cb7bce71-2308-44a9-bdf3-8227bc097f6c.config
2026-05-14T03:20:28.0538699Z [command]/usr/bin/git config --local --unset includeif.gitdir:/github/workspace/.git/worktrees/*.path /github/runner_temp/git-credentials-cb7bce71-2308-44a9-bdf3-8227bc097f6c.config
2026-05-14T03:20:28.0576792Z [command]/usr/bin/git submodule foreach --recursive git config --local --show-origin --name-only --get-regexp remote.origin.url
2026-05-14T03:20:28.0829099Z Removing credentials config '/home/runner/work/_temp/git-credentials-cb7bce71-2308-44a9-bdf3-8227bc097f6c.config'
2026-05-14T03:20:28.0975242Z Cleaning up orphan processes
2026-05-14T03:20:28.1251517Z ##[warning]Node.js 20 actions are deprecated. The following actions are running on Node.js 20 and may not work as expected: actions/setup-node@v4. Actions will be forced to run with Node.js 24 by default starting June 2nd, 2026. Node.js 20 will be removed from the runner on September 16th, 2026. Please check if updated versions of these actions are available that support Node.js 24. To opt into Node.js 24 now, set the FORCE_JAVASCRIPT_ACTIONS_TO_NODE24=true environment variable on the runner or in your workflow file. Once Node.js 24 becomes the default, you can temporarily opt out by setting ACTIONS_ALLOW_USE_UNSECURE_NODE_VERSION=true. For more information see: https://github.blog/changelog/2025-09-19-deprecation-of-node-20-on-github-actions-runners/


--- Job: web-unit-tests (2, 3) (id 75922110778) ---
2026-05-14T03:20:27.5841283Z Current runner version: '2.334.0'
2026-05-14T03:20:27.5872667Z ##[group]Runner Image Provisioner
2026-05-14T03:20:27.5874179Z Hosted Compute Agent
2026-05-14T03:20:27.5874977Z Version: 20260213.493
2026-05-14T03:20:27.5876170Z Commit: 5c115507f6dd24b8de37d8bbe0bb4509d0cc0fa3
2026-05-14T03:20:27.5877558Z Build Date: 2026-02-13T00:28:41Z
2026-05-14T03:20:27.5878695Z Worker ID: {f9ca3a64-aed0-4537-aa26-ac3856c287d8}
2026-05-14T03:20:27.5879801Z Azure Region: eastus
2026-05-14T03:20:27.5880597Z ##[endgroup]
2026-05-14T03:20:27.5882798Z ##[group]Operating System
2026-05-14T03:20:27.5883723Z Ubuntu
2026-05-14T03:20:27.5884452Z 24.04.4
2026-05-14T03:20:27.5885150Z LTS
2026-05-14T03:20:27.5885911Z ##[endgroup]
2026-05-14T03:20:27.5886926Z ##[group]Runner Image
2026-05-14T03:20:27.5887913Z Image: ubuntu-24.04
2026-05-14T03:20:27.5888767Z Version: 20260413.86.1
2026-05-14T03:20:27.5890781Z Included Software: https://github.com/actions/runner-images/blob/ubuntu24/20260413.86/images/ubuntu/Ubuntu2404-Readme.md
2026-05-14T03:20:27.5893154Z Image Release: https://github.com/actions/runner-images/releases/tag/ubuntu24%2F20260413.86
2026-05-14T03:20:27.5894710Z ##[endgroup]
2026-05-14T03:20:27.5896954Z ##[group]GITHUB_TOKEN Permissions
2026-05-14T03:20:27.5899462Z Actions: read
2026-05-14T03:20:27.5900262Z Checks: read
2026-05-14T03:20:27.5901052Z Contents: write
2026-05-14T03:20:27.5901848Z Metadata: read
2026-05-14T03:20:27.5902701Z ##[endgroup]
2026-05-14T03:20:27.5905540Z Secret source: Actions
2026-05-14T03:20:27.5907047Z Prepare workflow directory
2026-05-14T03:20:27.6487816Z Prepare all required actions
2026-05-14T03:20:27.6544428Z Getting action download info
2026-05-14T03:20:27.8376646Z Download action repository 'actions/checkout@v6' (SHA:de0fac2e4500dabe0009e67214ff5f5447ce83dd)
2026-05-14T03:20:28.0607392Z Complete job name: web-unit-tests (2, 3)
2026-05-14T03:20:28.1272224Z ##[group]Run actions/checkout@v6
2026-05-14T03:20:28.1273047Z with:
2026-05-14T03:20:28.1273455Z   repository: averycorp/prismTask
2026-05-14T03:20:28.1274123Z   token: ***
2026-05-14T03:20:28.1274492Z   ssh-strict: true
2026-05-14T03:20:28.1274929Z   ssh-user: git
2026-05-14T03:20:28.1275368Z   persist-credentials: true
2026-05-14T03:20:28.1275802Z   clean: true
2026-05-14T03:20:28.1276181Z   sparse-checkout-cone-mode: true
2026-05-14T03:20:28.1276928Z   fetch-depth: 1
2026-05-14T03:20:28.1277363Z   fetch-tags: false
2026-05-14T03:20:28.1277755Z   show-progress: true
2026-05-14T03:20:28.1278146Z   lfs: false
2026-05-14T03:20:28.1278504Z   submodules: false
2026-05-14T03:20:28.1278898Z   set-safe-directory: true
2026-05-14T03:20:28.1279595Z ##[endgroup]
2026-05-14T03:20:28.2208870Z Syncing repository: averycorp/prismTask
2026-05-14T03:20:28.2210566Z ##[group]Getting Git version info
2026-05-14T03:20:28.2211265Z Working directory is '/home/runner/work/prismTask/prismTask'
2026-05-14T03:20:28.2212318Z [command]/usr/bin/git version
2026-05-14T03:20:28.3565429Z git version 2.53.0
2026-05-14T03:20:28.3589897Z ##[endgroup]
2026-05-14T03:20:28.3605020Z Temporarily overriding HOME='/home/runner/work/_temp/85afe2a6-283c-432d-b769-56a420713e10' before making global git config changes
2026-05-14T03:20:28.3607795Z Adding repository directory to the temporary git global config as a safe directory
2026-05-14T03:20:28.3611887Z [command]/usr/bin/git config --global --add safe.directory /home/runner/work/prismTask/prismTask
2026-05-14T03:20:28.3647105Z Deleting the contents of '/home/runner/work/prismTask/prismTask'
2026-05-14T03:20:28.3651735Z ##[group]Initializing the repository
2026-05-14T03:20:28.3657793Z [command]/usr/bin/git init /home/runner/work/prismTask/prismTask
2026-05-14T03:20:28.3747814Z hint: Using 'master' as the name for the initial branch. This default branch name
2026-05-14T03:20:28.3749606Z hint: will change to "main" in Git 3.0. To configure the initial branch name
2026-05-14T03:20:28.3751345Z hint: to use in all of your new repositories, which will suppress this warning,
2026-05-14T03:20:28.3752735Z hint: call:
2026-05-14T03:20:28.3753429Z hint:
2026-05-14T03:20:28.3754727Z hint: 	git config --global init.defaultBranch <name>
2026-05-14T03:20:28.3755883Z hint:
2026-05-14T03:20:28.3757114Z hint: Names commonly chosen instead of 'master' are 'main', 'trunk' and
2026-05-14T03:20:28.3758752Z hint: 'development'. The just-created branch can be renamed via this command:
2026-05-14T03:20:28.3760066Z hint:
2026-05-14T03:20:28.3760799Z hint: 	git branch -m <name>
2026-05-14T03:20:28.3761653Z hint:
2026-05-14T03:20:28.3762724Z hint: Disable this message with "git config set advice.defaultBranchName false"
2026-05-14T03:20:28.3764562Z Initialized empty Git repository in /home/runner/work/prismTask/prismTask/.git/
2026-05-14T03:20:28.3767477Z [command]/usr/bin/git remote add origin https://github.com/averycorp/prismTask
2026-05-14T03:20:28.3793589Z ##[endgroup]
2026-05-14T03:20:28.3794860Z ##[group]Disabling automatic garbage collection
2026-05-14T03:20:28.3798480Z [command]/usr/bin/git config --local gc.auto 0
2026-05-14T03:20:28.3826019Z ##[endgroup]
2026-05-14T03:20:28.3826983Z ##[group]Setting up auth
2026-05-14T03:20:28.3827690Z Removing SSH command configuration
2026-05-14T03:20:28.3833186Z [command]/usr/bin/git config --local --name-only --get-regexp core\.sshCommand
2026-05-14T03:20:28.3862911Z [command]/usr/bin/git submodule foreach --recursive sh -c "git config --local --name-only --get-regexp 'core\.sshCommand' && git config --local --unset-all 'core.sshCommand' || :"
2026-05-14T03:20:28.4136051Z Removing HTTP extra header
2026-05-14T03:20:28.4142698Z [command]/usr/bin/git config --local --name-only --get-regexp http\.https\:\/\/github\.com\/\.extraheader
2026-05-14T03:20:28.4172961Z [command]/usr/bin/git submodule foreach --recursive sh -c "git config --local --name-only --get-regexp 'http\.https\:\/\/github\.com\/\.extraheader' && git config --local --unset-all 'http.https://github.com/.extraheader' || :"
2026-05-14T03:20:28.4380253Z Removing includeIf entries pointing to credentials config files
2026-05-14T03:20:28.4385135Z [command]/usr/bin/git config --local --name-only --get-regexp ^includeIf\.gitdir:
2026-05-14T03:20:28.4414580Z [command]/usr/bin/git submodule foreach --recursive git config --local --show-origin --name-only --get-regexp remote.origin.url
2026-05-14T03:20:28.4628504Z [command]/usr/bin/git config --file /home/runner/work/_temp/git-credentials-3468542d-ea2a-4cef-a9b2-6e0b0ccc39ae.config http.https://github.com/.extraheader AUTHORIZATION: basic ***
2026-05-14T03:20:28.4664377Z [command]/usr/bin/git config --local includeIf.gitdir:/home/runner/work/prismTask/prismTask/.git.path /home/runner/work/_temp/git-credentials-3468542d-ea2a-4cef-a9b2-6e0b0ccc39ae.config
2026-05-14T03:20:28.4694507Z [command]/usr/bin/git config --local includeIf.gitdir:/home/runner/work/prismTask/prismTask/.git/worktrees/*.path /home/runner/work/_temp/git-credentials-3468542d-ea2a-4cef-a9b2-6e0b0ccc39ae.config
2026-05-14T03:20:28.4723661Z [command]/usr/bin/git config --local includeIf.gitdir:/github/workspace/.git.path /github/runner_temp/git-credentials-3468542d-ea2a-4cef-a9b2-6e0b0ccc39ae.config
2026-05-14T03:20:28.4784102Z [command]/usr/bin/git config --local includeIf.gitdir:/github/workspace/.git/worktrees/*.path /github/runner_temp/git-credentials-3468542d-ea2a-4cef-a9b2-6e0b0ccc39ae.config
2026-05-14T03:20:28.4816309Z ##[endgroup]
2026-05-14T03:20:28.4817384Z ##[group]Fetching the repository
2026-05-14T03:20:28.4825111Z [command]/usr/bin/git -c protocol.version=2 fetch --no-tags --prune --no-recurse-submodules --depth=1 origin +4759c8a99f66cd0ed58054d7df7348d981151c9c:refs/remotes/pull/1370/merge
2026-05-14T03:20:29.3718095Z From https://github.com/averycorp/prismTask
2026-05-14T03:20:29.3721482Z  * [new ref]         4759c8a99f66cd0ed58054d7df7348d981151c9c -> pull/1370/merge
2026-05-14T03:20:29.3748429Z ##[endgroup]
2026-05-14T03:20:29.3750252Z ##[group]Determining the checkout info
2026-05-14T03:20:29.3752207Z ##[endgroup]
2026-05-14T03:20:29.3755816Z [command]/usr/bin/git sparse-checkout disable
2026-05-14T03:20:29.3793101Z [command]/usr/bin/git config --local --unset-all extensions.worktreeConfig
2026-05-14T03:20:29.3819510Z ##[group]Checking out the ref
2026-05-14T03:20:29.3824140Z [command]/usr/bin/git checkout --progress --force refs/remotes/pull/1370/merge
2026-05-14T03:20:29.6594621Z Note: switching to 'refs/remotes/pull/1370/merge'.
2026-05-14T03:20:29.6595166Z 
2026-05-14T03:20:29.6595963Z You are in 'detached HEAD' state. You can look around, make experimental
2026-05-14T03:20:29.6597257Z changes and commit them, and you can discard any commits you make in this
2026-05-14T03:20:29.6598240Z state without impacting any branches by switching back to a branch.
2026-05-14T03:20:29.6598875Z 
2026-05-14T03:20:29.6599305Z If you want to create a new branch to retain commits you create, you may
2026-05-14T03:20:29.6600277Z do so (now or later) by using -c with the switch command. Example:
2026-05-14T03:20:29.6600793Z 
2026-05-14T03:20:29.6601039Z   git switch -c <new-branch-name>
2026-05-14T03:20:29.6601383Z 
2026-05-14T03:20:29.6601609Z Or undo this operation with:
2026-05-14T03:20:29.6601955Z 
2026-05-14T03:20:29.6602126Z   git switch -
2026-05-14T03:20:29.6602389Z 
2026-05-14T03:20:29.6602807Z Turn off this advice by setting config variable advice.detachedHead to false
2026-05-14T03:20:29.6603420Z 
2026-05-14T03:20:29.6604083Z HEAD is now at 4759c8a Merge c00f4047a96caa3d1893f6627c46b01f99914247 into b0e699cb850bbc853bdee2dee5d2e02ce08a517d
2026-05-14T03:20:29.6619815Z ##[endgroup]
2026-05-14T03:20:29.6665320Z [command]/usr/bin/git log -1 --format=%H
2026-05-14T03:20:29.6691201Z 4759c8a99f66cd0ed58054d7df7348d981151c9c
2026-05-14T03:20:29.6972101Z Prepare all required actions
2026-05-14T03:20:29.6972759Z Getting action download info
2026-05-14T03:20:29.8207399Z Download action repository 'actions/setup-node@v4' (SHA:49933ea5288caeca8642d1e84afbd3f7d6820020)
2026-05-14T03:20:30.0056064Z ##[group]Run ./.github/actions/setup-node-web
2026-05-14T03:20:30.0056367Z ##[endgroup]
2026-05-14T03:20:30.0182160Z ##[group]Run actions/setup-node@v4
2026-05-14T03:20:30.0182435Z with:
2026-05-14T03:20:30.0182661Z   node-version: 22
2026-05-14T03:20:30.0182849Z   cache: npm
2026-05-14T03:20:30.0183064Z   cache-dependency-path: web/package-lock.json
2026-05-14T03:20:30.0183341Z   always-auth: false
2026-05-14T03:20:30.0183532Z   check-latest: false
2026-05-14T03:20:30.0183859Z   token: ***
2026-05-14T03:20:30.0184039Z ##[endgroup]
2026-05-14T03:20:30.2738562Z Found in cache @ /opt/hostedtoolcache/node/22.22.2/x64
2026-05-14T03:20:30.2743407Z ##[group]Environment details
2026-05-14T03:20:33.7521474Z node: v22.22.2
2026-05-14T03:20:33.7521961Z npm: 10.9.7
2026-05-14T03:20:33.7522380Z yarn: 1.22.22
2026-05-14T03:20:33.7523313Z ##[endgroup]
2026-05-14T03:20:33.7544797Z [command]/opt/hostedtoolcache/node/22.22.2/x64/bin/npm config get cache
2026-05-14T03:20:33.9803322Z /home/runner/.npm
2026-05-14T03:20:34.0644428Z npm cache is not found
2026-05-14T03:20:34.0781633Z ##[group]Run npm ci
2026-05-14T03:20:34.0781890Z [36;1mnpm ci[0m
2026-05-14T03:20:34.0814693Z shell: /usr/bin/bash --noprofile --norc -e -o pipefail {0}
2026-05-14T03:20:34.0815033Z ##[endgroup]
2026-05-14T03:20:35.8190944Z npm error code ETARGET
2026-05-14T03:20:35.8191846Z npm error notarget No matching version found for idb@^8.0.4.
2026-05-14T03:20:35.8193283Z npm error notarget In most cases you or one of your dependencies are requesting
2026-05-14T03:20:35.8194506Z npm error notarget a package version that doesn't exist.
2026-05-14T03:20:35.8196940Z npm error A complete log of this run can be found in: /home/runner/.npm/_logs/2026-05-14T03_20_34_136Z-debug-0.log
2026-05-14T03:20:35.8565905Z ##[error]Process completed with exit code 1.
2026-05-14T03:20:35.8651130Z Post job cleanup.
2026-05-14T03:20:35.8734561Z Post job cleanup.
2026-05-14T03:20:35.9543621Z [command]/usr/bin/git version
2026-05-14T03:20:35.9579275Z git version 2.53.0
2026-05-14T03:20:35.9621006Z Temporarily overriding HOME='/home/runner/work/_temp/4a634855-6b66-41ba-b33f-f0c20d471eb7' before making global git config changes
2026-05-14T03:20:35.9622527Z Adding repository directory to the temporary git global config as a safe directory
2026-05-14T03:20:35.9627303Z [command]/usr/bin/git config --global --add safe.directory /home/runner/work/prismTask/prismTask
2026-05-14T03:20:35.9655461Z Removing SSH command configuration
2026-05-14T03:20:35.9661403Z [command]/usr/bin/git config --local --name-only --get-regexp core\.sshCommand
2026-05-14T03:20:35.9693429Z [command]/usr/bin/git submodule foreach --recursive sh -c "git config --local --name-only --get-regexp 'core\.sshCommand' && git config --local --unset-all 'core.sshCommand' || :"
2026-05-14T03:20:35.9910035Z Removing HTTP extra header
2026-05-14T03:20:35.9914110Z [command]/usr/bin/git config --local --name-only --get-regexp http\.https\:\/\/github\.com\/\.extraheader
2026-05-14T03:20:35.9945740Z [command]/usr/bin/git submodule foreach --recursive sh -c "git config --local --name-only --get-regexp 'http\.https\:\/\/github\.com\/\.extraheader' && git config --local --unset-all 'http.https://github.com/.extraheader' || :"
2026-05-14T03:20:36.0158433Z Removing includeIf entries pointing to credentials config files
2026-05-14T03:20:36.0164615Z [command]/usr/bin/git config --local --name-only --get-regexp ^includeIf\.gitdir:
2026-05-14T03:20:36.0185863Z includeif.gitdir:/home/runner/work/prismTask/prismTask/.git.path
2026-05-14T03:20:36.0187308Z includeif.gitdir:/home/runner/work/prismTask/prismTask/.git/worktrees/*.path
2026-05-14T03:20:36.0188217Z includeif.gitdir:/github/workspace/.git.path
2026-05-14T03:20:36.0189003Z includeif.gitdir:/github/workspace/.git/worktrees/*.path
2026-05-14T03:20:36.0195859Z [command]/usr/bin/git config --local --get-all includeif.gitdir:/home/runner/work/prismTask/prismTask/.git.path
2026-05-14T03:20:36.0216833Z /home/runner/work/_temp/git-credentials-3468542d-ea2a-4cef-a9b2-6e0b0ccc39ae.config
2026-05-14T03:20:36.0228164Z [command]/usr/bin/git config --local --unset includeif.gitdir:/home/runner/work/prismTask/prismTask/.git.path /home/runner/work/_temp/git-credentials-3468542d-ea2a-4cef-a9b2-6e0b0ccc39ae.config
2026-05-14T03:20:36.0260504Z [command]/usr/bin/git config --local --get-all includeif.gitdir:/home/runner/work/prismTask/prismTask/.git/worktrees/*.path
2026-05-14T03:20:36.0281010Z /home/runner/work/_temp/git-credentials-3468542d-ea2a-4cef-a9b2-6e0b0ccc39ae.config
2026-05-14T03:20:36.0290075Z [command]/usr/bin/git config --local --unset includeif.gitdir:/home/runner/work/prismTask/prismTask/.git/worktrees/*.path /home/runner/work/_temp/git-credentials-3468542d-ea2a-4cef-a9b2-6e0b0ccc39ae.config
2026-05-14T03:20:36.0318824Z [command]/usr/bin/git config --local --get-all includeif.gitdir:/github/workspace/.git.path
2026-05-14T03:20:36.0339016Z /github/runner_temp/git-credentials-3468542d-ea2a-4cef-a9b2-6e0b0ccc39ae.config
2026-05-14T03:20:36.0347260Z [command]/usr/bin/git config --local --unset includeif.gitdir:/github/workspace/.git.path /github/runner_temp/git-credentials-3468542d-ea2a-4cef-a9b2-6e0b0ccc39ae.config
2026-05-14T03:20:36.0379351Z [command]/usr/bin/git config --local --get-all includeif.gitdir:/github/workspace/.git/worktrees/*.path
2026-05-14T03:20:36.0399426Z /github/runner_temp/git-credentials-3468542d-ea2a-4cef-a9b2-6e0b0ccc39ae.config
2026-05-14T03:20:36.0407881Z [command]/usr/bin/git config --local --unset includeif.gitdir:/github/workspace/.git/worktrees/*.path /github/runner_temp/git-credentials-3468542d-ea2a-4cef-a9b2-6e0b0ccc39ae.config
2026-05-14T03:20:36.0440445Z [command]/usr/bin/git submodule foreach --recursive git config --local --show-origin --name-only --get-regexp remote.origin.url
2026-05-14T03:20:36.0652169Z Removing credentials config '/home/runner/work/_temp/git-credentials-3468542d-ea2a-4cef-a9b2-6e0b0ccc39ae.config'
2026-05-14T03:20:36.0772069Z Cleaning up orphan processes
2026-05-14T03:20:36.1044858Z ##[warning]Node.js 20 actions are deprecated. The following actions are running on Node.js 20 and may not work as expected: actions/setup-node@v4. Actions will be forced to run with Node.js 24 by default starting June 2nd, 2026. Node.js 20 will be removed from the runner on September 16th, 2026. Please check if updated versions of these actions are available that support Node.js 24. To opt into Node.js 24 now, set the FORCE_JAVASCRIPT_ACTIONS_TO_NODE24=true environment variable on the runner or in your workflow file. Once Node.js 24 becomes the default, you can temporarily opt out by setting ACTIONS_ALLOW_USE_UNSECURE_NODE_VERSION=true. For more information see: https://github.blog/changelog/2025-09-19-deprecation-of-node-20-on-github-actions-runners/


--- Job: web-unit-tests (3, 3) (id 75922110807) ---
2026-05-14T03:20:21.8546177Z Current runner version: '2.334.0'
2026-05-14T03:20:21.8571960Z ##[group]Runner Image Provisioner
2026-05-14T03:20:21.8572879Z Hosted Compute Agent
2026-05-14T03:20:21.8573407Z Version: 20260213.493
2026-05-14T03:20:21.8574168Z Commit: 5c115507f6dd24b8de37d8bbe0bb4509d0cc0fa3
2026-05-14T03:20:21.8574890Z Build Date: 2026-02-13T00:28:41Z
2026-05-14T03:20:21.8575528Z Worker ID: {63715edd-480b-4d70-804b-6adfa1bfb3b0}
2026-05-14T03:20:21.8576303Z Azure Region: eastus
2026-05-14T03:20:21.8576833Z ##[endgroup]
2026-05-14T03:20:21.8578148Z ##[group]Operating System
2026-05-14T03:20:21.8578977Z Ubuntu
2026-05-14T03:20:21.8579539Z 24.04.4
2026-05-14T03:20:21.8579990Z LTS
2026-05-14T03:20:21.8580533Z ##[endgroup]
2026-05-14T03:20:21.8581081Z ##[group]Runner Image
2026-05-14T03:20:21.8581613Z Image: ubuntu-24.04
2026-05-14T03:20:21.8582188Z Version: 20260413.86.1
2026-05-14T03:20:21.8583450Z Included Software: https://github.com/actions/runner-images/blob/ubuntu24/20260413.86/images/ubuntu/Ubuntu2404-Readme.md
2026-05-14T03:20:21.8584900Z Image Release: https://github.com/actions/runner-images/releases/tag/ubuntu24%2F20260413.86
2026-05-14T03:20:21.8585858Z ##[endgroup]
2026-05-14T03:20:21.8587010Z ##[group]GITHUB_TOKEN Permissions
2026-05-14T03:20:21.8589358Z Actions: read
2026-05-14T03:20:21.8589887Z Checks: read
2026-05-14T03:20:21.8590398Z Contents: write
2026-05-14T03:20:21.8590986Z Metadata: read
2026-05-14T03:20:21.8591514Z ##[endgroup]
2026-05-14T03:20:21.8593497Z Secret source: Actions
2026-05-14T03:20:21.8594572Z Prepare workflow directory
2026-05-14T03:20:21.8982918Z Prepare all required actions
2026-05-14T03:20:21.9019765Z Getting action download info
2026-05-14T03:20:22.1666292Z Download action repository 'actions/checkout@v6' (SHA:de0fac2e4500dabe0009e67214ff5f5447ce83dd)
2026-05-14T03:20:22.4171097Z Complete job name: web-unit-tests (3, 3)
2026-05-14T03:20:22.4785265Z ##[group]Run actions/checkout@v6
2026-05-14T03:20:22.4786020Z with:
2026-05-14T03:20:22.4786487Z   repository: averycorp/prismTask
2026-05-14T03:20:22.4787164Z   token: ***
2026-05-14T03:20:22.4787556Z   ssh-strict: true
2026-05-14T03:20:22.4787944Z   ssh-user: git
2026-05-14T03:20:22.4788350Z   persist-credentials: true
2026-05-14T03:20:22.4788962Z   clean: true
2026-05-14T03:20:22.4789363Z   sparse-checkout-cone-mode: true
2026-05-14T03:20:22.4789828Z   fetch-depth: 1
2026-05-14T03:20:22.4790207Z   fetch-tags: false
2026-05-14T03:20:22.4790595Z   show-progress: true
2026-05-14T03:20:22.4791009Z   lfs: false
2026-05-14T03:20:22.4791372Z   submodules: false
2026-05-14T03:20:22.4791772Z   set-safe-directory: true
2026-05-14T03:20:22.4792506Z ##[endgroup]
2026-05-14T03:20:22.5772471Z Syncing repository: averycorp/prismTask
2026-05-14T03:20:22.5774145Z ##[group]Getting Git version info
2026-05-14T03:20:22.5774825Z Working directory is '/home/runner/work/prismTask/prismTask'
2026-05-14T03:20:22.5775884Z [command]/usr/bin/git version
2026-05-14T03:20:22.5806919Z git version 2.53.0
2026-05-14T03:20:22.5861187Z ##[endgroup]
2026-05-14T03:20:22.5875849Z Temporarily overriding HOME='/home/runner/work/_temp/24434489-8f16-41ca-a1a4-701085a30c78' before making global git config changes
2026-05-14T03:20:22.5877798Z Adding repository directory to the temporary git global config as a safe directory
2026-05-14T03:20:22.5879764Z [command]/usr/bin/git config --global --add safe.directory /home/runner/work/prismTask/prismTask
2026-05-14T03:20:22.5913859Z Deleting the contents of '/home/runner/work/prismTask/prismTask'
2026-05-14T03:20:22.5917823Z ##[group]Initializing the repository
2026-05-14T03:20:22.5922625Z [command]/usr/bin/git init /home/runner/work/prismTask/prismTask
2026-05-14T03:20:22.5985959Z hint: Using 'master' as the name for the initial branch. This default branch name
2026-05-14T03:20:22.5987745Z hint: will change to "main" in Git 3.0. To configure the initial branch name
2026-05-14T03:20:22.5989967Z hint: to use in all of your new repositories, which will suppress this warning,
2026-05-14T03:20:22.5991478Z hint: call:
2026-05-14T03:20:22.5992388Z hint:
2026-05-14T03:20:22.5993928Z hint: 	git config --global init.defaultBranch <name>
2026-05-14T03:20:22.5995185Z hint:
2026-05-14T03:20:22.5996451Z hint: Names commonly chosen instead of 'master' are 'main', 'trunk' and
2026-05-14T03:20:22.5997908Z hint: 'development'. The just-created branch can be renamed via this command:
2026-05-14T03:20:22.5999200Z hint:
2026-05-14T03:20:22.5999782Z hint: 	git branch -m <name>
2026-05-14T03:20:22.6000336Z hint:
2026-05-14T03:20:22.6000930Z hint: Disable this message with "git config set advice.defaultBranchName false"
2026-05-14T03:20:22.6001892Z Initialized empty Git repository in /home/runner/work/prismTask/prismTask/.git/
2026-05-14T03:20:22.6003427Z [command]/usr/bin/git remote add origin https://github.com/averycorp/prismTask
2026-05-14T03:20:22.6032905Z ##[endgroup]
2026-05-14T03:20:22.6033945Z ##[group]Disabling automatic garbage collection
2026-05-14T03:20:22.6036293Z [command]/usr/bin/git config --local gc.auto 0
2026-05-14T03:20:22.6065657Z ##[endgroup]
2026-05-14T03:20:22.6066632Z ##[group]Setting up auth
2026-05-14T03:20:22.6067369Z Removing SSH command configuration
2026-05-14T03:20:22.6072867Z [command]/usr/bin/git config --local --name-only --get-regexp core\.sshCommand
2026-05-14T03:20:22.6104062Z [command]/usr/bin/git submodule foreach --recursive sh -c "git config --local --name-only --get-regexp 'core\.sshCommand' && git config --local --unset-all 'core.sshCommand' || :"
2026-05-14T03:20:22.6388337Z Removing HTTP extra header
2026-05-14T03:20:22.6394020Z [command]/usr/bin/git config --local --name-only --get-regexp http\.https\:\/\/github\.com\/\.extraheader
2026-05-14T03:20:22.6425010Z [command]/usr/bin/git submodule foreach --recursive sh -c "git config --local --name-only --get-regexp 'http\.https\:\/\/github\.com\/\.extraheader' && git config --local --unset-all 'http.https://github.com/.extraheader' || :"
2026-05-14T03:20:22.6649068Z Removing includeIf entries pointing to credentials config files
2026-05-14T03:20:22.6655234Z [command]/usr/bin/git config --local --name-only --get-regexp ^includeIf\.gitdir:
2026-05-14T03:20:22.6687604Z [command]/usr/bin/git submodule foreach --recursive git config --local --show-origin --name-only --get-regexp remote.origin.url
2026-05-14T03:20:22.6920219Z [command]/usr/bin/git config --file /home/runner/work/_temp/git-credentials-4ef396fb-9f97-4ece-a240-8752fa9b6e94.config http.https://github.com/.extraheader AUTHORIZATION: basic ***
2026-05-14T03:20:22.6957548Z [command]/usr/bin/git config --local includeIf.gitdir:/home/runner/work/prismTask/prismTask/.git.path /home/runner/work/_temp/git-credentials-4ef396fb-9f97-4ece-a240-8752fa9b6e94.config
2026-05-14T03:20:22.6988850Z [command]/usr/bin/git config --local includeIf.gitdir:/home/runner/work/prismTask/prismTask/.git/worktrees/*.path /home/runner/work/_temp/git-credentials-4ef396fb-9f97-4ece-a240-8752fa9b6e94.config
2026-05-14T03:20:22.7019334Z [command]/usr/bin/git config --local includeIf.gitdir:/github/workspace/.git.path /github/runner_temp/git-credentials-4ef396fb-9f97-4ece-a240-8752fa9b6e94.config
2026-05-14T03:20:22.7050316Z [command]/usr/bin/git config --local includeIf.gitdir:/github/workspace/.git/worktrees/*.path /github/runner_temp/git-credentials-4ef396fb-9f97-4ece-a240-8752fa9b6e94.config
2026-05-14T03:20:22.7078956Z ##[endgroup]
2026-05-14T03:20:22.7079868Z ##[group]Fetching the repository
2026-05-14T03:20:22.7087124Z [command]/usr/bin/git -c protocol.version=2 fetch --no-tags --prune --no-recurse-submodules --depth=1 origin +4759c8a99f66cd0ed58054d7df7348d981151c9c:refs/remotes/pull/1370/merge
2026-05-14T03:20:24.1720801Z From https://github.com/averycorp/prismTask
2026-05-14T03:20:24.1723037Z  * [new ref]         4759c8a99f66cd0ed58054d7df7348d981151c9c -> pull/1370/merge
2026-05-14T03:20:24.1750457Z ##[endgroup]
2026-05-14T03:20:24.1752132Z ##[group]Determining the checkout info
2026-05-14T03:20:24.1753933Z ##[endgroup]
2026-05-14T03:20:24.1757915Z [command]/usr/bin/git sparse-checkout disable
2026-05-14T03:20:24.1797407Z [command]/usr/bin/git config --local --unset-all extensions.worktreeConfig
2026-05-14T03:20:24.1827368Z ##[group]Checking out the ref
2026-05-14T03:20:24.1831361Z [command]/usr/bin/git checkout --progress --force refs/remotes/pull/1370/merge
2026-05-14T03:20:24.4738172Z Note: switching to 'refs/remotes/pull/1370/merge'.
2026-05-14T03:20:24.4739912Z 
2026-05-14T03:20:24.4740290Z You are in 'detached HEAD' state. You can look around, make experimental
2026-05-14T03:20:24.4741088Z changes and commit them, and you can discard any commits you make in this
2026-05-14T03:20:24.4741835Z state without impacting any branches by switching back to a branch.
2026-05-14T03:20:24.4742314Z 
2026-05-14T03:20:24.4742650Z If you want to create a new branch to retain commits you create, you may
2026-05-14T03:20:24.4743370Z do so (now or later) by using -c with the switch command. Example:
2026-05-14T03:20:24.4743866Z 
2026-05-14T03:20:24.4744051Z   git switch -c <new-branch-name>
2026-05-14T03:20:24.4744288Z 
2026-05-14T03:20:24.4744421Z Or undo this operation with:
2026-05-14T03:20:24.4744620Z 
2026-05-14T03:20:24.4744734Z   git switch -
2026-05-14T03:20:24.4744956Z 
2026-05-14T03:20:24.4745210Z Turn off this advice by setting config variable advice.detachedHead to false
2026-05-14T03:20:24.4745521Z 
2026-05-14T03:20:24.4745892Z HEAD is now at 4759c8a Merge c00f4047a96caa3d1893f6627c46b01f99914247 into b0e699cb850bbc853bdee2dee5d2e02ce08a517d
2026-05-14T03:20:24.4762191Z ##[endgroup]
2026-05-14T03:20:24.4802830Z [command]/usr/bin/git log -1 --format=%H
2026-05-14T03:20:24.4826687Z 4759c8a99f66cd0ed58054d7df7348d981151c9c
2026-05-14T03:20:24.5114745Z Prepare all required actions
2026-05-14T03:20:24.5115276Z Getting action download info
2026-05-14T03:20:24.6184977Z Download action repository 'actions/setup-node@v4' (SHA:49933ea5288caeca8642d1e84afbd3f7d6820020)
2026-05-14T03:20:24.7193789Z ##[group]Run ./.github/actions/setup-node-web
2026-05-14T03:20:24.7194160Z ##[endgroup]
2026-05-14T03:20:24.7324574Z ##[group]Run actions/setup-node@v4
2026-05-14T03:20:24.7324936Z with:
2026-05-14T03:20:24.7325241Z   node-version: 22
2026-05-14T03:20:24.7325500Z   cache: npm
2026-05-14T03:20:24.7325781Z   cache-dependency-path: web/package-lock.json
2026-05-14T03:20:24.7326135Z   always-auth: false
2026-05-14T03:20:24.7326401Z   check-latest: false
2026-05-14T03:20:24.7326824Z   token: ***
2026-05-14T03:20:24.7327065Z ##[endgroup]
2026-05-14T03:20:24.9227088Z Found in cache @ /opt/hostedtoolcache/node/22.22.2/x64
2026-05-14T03:20:24.9233804Z ##[group]Environment details
2026-05-14T03:20:25.2033496Z node: v22.22.2
2026-05-14T03:20:25.2034116Z npm: 10.9.7
2026-05-14T03:20:25.2034412Z yarn: 1.22.22
2026-05-14T03:20:25.2035505Z ##[endgroup]
2026-05-14T03:20:25.2056592Z [command]/opt/hostedtoolcache/node/22.22.2/x64/bin/npm config get cache
2026-05-14T03:20:25.3231033Z /home/runner/.npm
2026-05-14T03:20:25.4142714Z npm cache is not found
2026-05-14T03:20:25.4286141Z ##[group]Run npm ci
2026-05-14T03:20:25.4286432Z [36;1mnpm ci[0m
2026-05-14T03:20:25.4319890Z shell: /usr/bin/bash --noprofile --norc -e -o pipefail {0}
2026-05-14T03:20:25.4320266Z ##[endgroup]
2026-05-14T03:20:26.1722002Z npm error code ETARGET
2026-05-14T03:20:26.1722765Z npm error notarget No matching version found for idb@^8.0.4.
2026-05-14T03:20:26.1723351Z npm error notarget In most cases you or one of your dependencies are requesting
2026-05-14T03:20:26.1723878Z npm error notarget a package version that doesn't exist.
2026-05-14T03:20:26.1726340Z npm error A complete log of this run can be found in: /home/runner/.npm/_logs/2026-05-14T03_20_25_488Z-debug-0.log
2026-05-14T03:20:26.2106390Z ##[error]Process completed with exit code 1.
2026-05-14T03:20:26.2202070Z Post job cleanup.
2026-05-14T03:20:26.2289004Z Post job cleanup.
2026-05-14T03:20:26.3139369Z [command]/usr/bin/git version
2026-05-14T03:20:26.3174936Z git version 2.53.0
2026-05-14T03:20:26.3213799Z Temporarily overriding HOME='/home/runner/work/_temp/4d6dd0e8-9fe2-4c62-8cd3-8753c045ea20' before making global git config changes
2026-05-14T03:20:26.3215234Z Adding repository directory to the temporary git global config as a safe directory
2026-05-14T03:20:26.3219550Z [command]/usr/bin/git config --global --add safe.directory /home/runner/work/prismTask/prismTask
2026-05-14T03:20:26.3253845Z Removing SSH command configuration
2026-05-14T03:20:26.3260448Z [command]/usr/bin/git config --local --name-only --get-regexp core\.sshCommand
2026-05-14T03:20:26.3295218Z [command]/usr/bin/git submodule foreach --recursive sh -c "git config --local --name-only --get-regexp 'core\.sshCommand' && git config --local --unset-all 'core.sshCommand' || :"
2026-05-14T03:20:26.3536200Z Removing HTTP extra header
2026-05-14T03:20:26.3541033Z [command]/usr/bin/git config --local --name-only --get-regexp http\.https\:\/\/github\.com\/\.extraheader
2026-05-14T03:20:26.3575009Z [command]/usr/bin/git submodule foreach --recursive sh -c "git config --local --name-only --get-regexp 'http\.https\:\/\/github\.com\/\.extraheader' && git config --local --unset-all 'http.https://github.com/.extraheader' || :"
2026-05-14T03:20:26.3801355Z Removing includeIf entries pointing to credentials config files
2026-05-14T03:20:26.3807989Z [command]/usr/bin/git config --local --name-only --get-regexp ^includeIf\.gitdir:
2026-05-14T03:20:26.3832651Z includeif.gitdir:/home/runner/work/prismTask/prismTask/.git.path
2026-05-14T03:20:26.3833330Z includeif.gitdir:/home/runner/work/prismTask/prismTask/.git/worktrees/*.path
2026-05-14T03:20:26.3833835Z includeif.gitdir:/github/workspace/.git.path
2026-05-14T03:20:26.3834255Z includeif.gitdir:/github/workspace/.git/worktrees/*.path
2026-05-14T03:20:26.3842090Z [command]/usr/bin/git config --local --get-all includeif.gitdir:/home/runner/work/prismTask/prismTask/.git.path
2026-05-14T03:20:26.3864479Z /home/runner/work/_temp/git-credentials-4ef396fb-9f97-4ece-a240-8752fa9b6e94.config
2026-05-14T03:20:26.3874738Z [command]/usr/bin/git config --local --unset includeif.gitdir:/home/runner/work/prismTask/prismTask/.git.path /home/runner/work/_temp/git-credentials-4ef396fb-9f97-4ece-a240-8752fa9b6e94.config
2026-05-14T03:20:26.3908905Z [command]/usr/bin/git config --local --get-all includeif.gitdir:/home/runner/work/prismTask/prismTask/.git/worktrees/*.path
2026-05-14T03:20:26.3932048Z /home/runner/work/_temp/git-credentials-4ef396fb-9f97-4ece-a240-8752fa9b6e94.config
2026-05-14T03:20:26.3942007Z [command]/usr/bin/git config --local --unset includeif.gitdir:/home/runner/work/prismTask/prismTask/.git/worktrees/*.path /home/runner/work/_temp/git-credentials-4ef396fb-9f97-4ece-a240-8752fa9b6e94.config
2026-05-14T03:20:26.3974037Z [command]/usr/bin/git config --local --get-all includeif.gitdir:/github/workspace/.git.path
2026-05-14T03:20:26.3996048Z /github/runner_temp/git-credentials-4ef396fb-9f97-4ece-a240-8752fa9b6e94.config
2026-05-14T03:20:26.4003957Z [command]/usr/bin/git config --local --unset includeif.gitdir:/github/workspace/.git.path /github/runner_temp/git-credentials-4ef396fb-9f97-4ece-a240-8752fa9b6e94.config
2026-05-14T03:20:26.4035334Z [command]/usr/bin/git config --local --get-all includeif.gitdir:/github/workspace/.git/worktrees/*.path
2026-05-14T03:20:26.4056653Z /github/runner_temp/git-credentials-4ef396fb-9f97-4ece-a240-8752fa9b6e94.config
2026-05-14T03:20:26.4067093Z [command]/usr/bin/git config --local --unset includeif.gitdir:/github/workspace/.git/worktrees/*.path /github/runner_temp/git-credentials-4ef396fb-9f97-4ece-a240-8752fa9b6e94.config
2026-05-14T03:20:26.4100768Z [command]/usr/bin/git submodule foreach --recursive git config --local --show-origin --name-only --get-regexp remote.origin.url
2026-05-14T03:20:26.4340512Z Removing credentials config '/home/runner/work/_temp/git-credentials-4ef396fb-9f97-4ece-a240-8752fa9b6e94.config'
2026-05-14T03:20:26.4493963Z Cleaning up orphan processes
2026-05-14T03:20:26.4771335Z ##[warning]Node.js 20 actions are deprecated. The following actions are running on Node.js 20 and may not work as expected: actions/setup-node@v4. Actions will be forced to run with Node.js 24 by default starting June 2nd, 2026. Node.js 20 will be removed from the runner on September 16th, 2026. Please check if updated versions of these actions are available that support Node.js 24. To opt into Node.js 24 now, set the FORCE_JAVASCRIPT_ACTIONS_TO_NODE24=true environment variable on the runner or in your workflow file. Once Node.js 24 becomes the default, you can temporarily opt out by setting ACTIONS_ALLOW_USE_UNSECURE_NODE_VERSION=true. For more information see: https://github.blog/changelog/2025-09-19-deprecation-of-node-20-on-github-actions-runners/


--- Job: web-lint-and-test (id 75922139484) ---
2026-05-14T03:20:46.7030054Z Current runner version: '2.334.0'
2026-05-14T03:20:46.7054918Z ##[group]Runner Image Provisioner
2026-05-14T03:20:46.7055736Z Hosted Compute Agent
2026-05-14T03:20:46.7056839Z Version: 20260213.493
2026-05-14T03:20:46.7057472Z Commit: 5c115507f6dd24b8de37d8bbe0bb4509d0cc0fa3
2026-05-14T03:20:46.7058158Z Build Date: 2026-02-13T00:28:41Z
2026-05-14T03:20:46.7058861Z Worker ID: {0d9863b9-f4b9-4ce6-9f50-16a12adf8c33}
2026-05-14T03:20:46.7059555Z Azure Region: eastus2
2026-05-14T03:20:46.7060069Z ##[endgroup]
2026-05-14T03:20:46.7061766Z ##[group]Operating System
2026-05-14T03:20:46.7062412Z Ubuntu
2026-05-14T03:20:46.7062858Z 24.04.4
2026-05-14T03:20:46.7063391Z LTS
2026-05-14T03:20:46.7063823Z ##[endgroup]
2026-05-14T03:20:46.7064371Z ##[group]Runner Image
2026-05-14T03:20:46.7064938Z Image: ubuntu-24.04
2026-05-14T03:20:46.7065508Z Version: 20260413.86.1
2026-05-14T03:20:46.7066863Z Included Software: https://github.com/actions/runner-images/blob/ubuntu24/20260413.86/images/ubuntu/Ubuntu2404-Readme.md
2026-05-14T03:20:46.7068359Z Image Release: https://github.com/actions/runner-images/releases/tag/ubuntu24%2F20260413.86
2026-05-14T03:20:46.7069247Z ##[endgroup]
2026-05-14T03:20:46.7070432Z ##[group]GITHUB_TOKEN Permissions
2026-05-14T03:20:46.7072573Z Actions: read
2026-05-14T03:20:46.7073197Z Checks: read
2026-05-14T03:20:46.7073668Z Contents: write
2026-05-14T03:20:46.7074172Z Metadata: read
2026-05-14T03:20:46.7074671Z ##[endgroup]
2026-05-14T03:20:46.7077714Z Secret source: Actions
2026-05-14T03:20:46.7078651Z Prepare workflow directory
2026-05-14T03:20:46.7418979Z Prepare all required actions
2026-05-14T03:20:46.7520565Z Complete job name: web-lint-and-test
2026-05-14T03:20:46.8318502Z ##[group]Run if [ 'failure' != 'success' ]; then
2026-05-14T03:20:46.8319347Z [36;1mif [ 'failure' != 'success' ]; then[0m
2026-05-14T03:20:46.8320085Z [36;1m  echo "web-lint finished with failure" >&2[0m
2026-05-14T03:20:46.8320892Z [36;1m  exit 1[0m
2026-05-14T03:20:46.8321387Z [36;1mfi[0m
2026-05-14T03:20:46.8321949Z [36;1mif [ 'failure' != 'success' ]; then[0m
2026-05-14T03:20:46.8322714Z [36;1m  echo "web-unit-tests finished with failure" >&2[0m
2026-05-14T03:20:46.8323351Z [36;1m  exit 1[0m
2026-05-14T03:20:46.8323861Z [36;1mfi[0m
2026-05-14T03:20:46.8324342Z [36;1mif [ 'failure' != 'success' ]; then[0m
2026-05-14T03:20:46.8325056Z [36;1m  echo "web-build finished with failure" >&2[0m
2026-05-14T03:20:46.8325709Z [36;1m  exit 1[0m
2026-05-14T03:20:46.8326764Z [36;1mfi[0m
2026-05-14T03:20:46.8327490Z [36;1mecho "✓ Split web lint, unit-test shards, and build passed."[0m
2026-05-14T03:20:46.8735358Z shell: /usr/bin/bash -e {0}
2026-05-14T03:20:46.8737553Z ##[endgroup]
2026-05-14T03:20:46.9267517Z web-lint finished with failure
2026-05-14T03:20:46.9296763Z ##[error]Process completed with exit code 1.
2026-05-14T03:20:46.9449387Z Cleaning up orphan processes
