=== CI FAILURE ===
Workflow:      Web CI
Workflow file: akarlin3/prismTask/.github/workflows/web-ci.yml@refs/pull/1687/merge
Job(s):        web-relevance, web-lint-and-test
Run ID:        26206881256
Run attempt:   1
Run URL:       https://github.com/akarlin3/prismTask/actions/runs/26206881256
Commit:        2f60bf7896baa6bf921e79d7aac785f8f157f423
Branch:        1687/merge
Event:         pull_request
Actor:         akarlin3
Runner OS:     Linux
Timestamp:     2026-05-21T05:14:33.422Z

Failed steps:
  - web-relevance: #3 Run dorny/paths-filter@v4
  - web-lint-and-test: #2 Verify split web checks

=== FAILED JOB LOG ===

--- Job: web-relevance (id 77108562292) ---
2026-05-21T05:14:14.1526641Z Current runner version: '2.334.0'
2026-05-21T05:14:14.1566829Z ##[group]Runner Image Provisioner
2026-05-21T05:14:14.1567624Z Hosted Compute Agent
2026-05-21T05:14:14.1568234Z Version: 20260213.493
2026-05-21T05:14:14.1568873Z Commit: 5c115507f6dd24b8de37d8bbe0bb4509d0cc0fa3
2026-05-21T05:14:14.1569536Z Build Date: 2026-02-13T00:28:41Z
2026-05-21T05:14:14.1570257Z Worker ID: {6b4be9ca-ac6d-44ae-b272-d8f6f4f679b2}
2026-05-21T05:14:14.1570965Z Azure Region: eastus
2026-05-21T05:14:14.1571464Z ##[endgroup]
2026-05-21T05:14:14.1572975Z ##[group]Operating System
2026-05-21T05:14:14.1574135Z Ubuntu
2026-05-21T05:14:14.1574631Z 24.04.4
2026-05-21T05:14:14.1575139Z LTS
2026-05-21T05:14:14.1575795Z ##[endgroup]
2026-05-21T05:14:14.1576276Z ##[group]Runner Image
2026-05-21T05:14:14.1577027Z Image: ubuntu-24.04
2026-05-21T05:14:14.1577597Z Version: 20260513.135.3
2026-05-21T05:14:14.1578760Z Included Software: https://github.com/actions/runner-images/blob/ubuntu24/20260513.135/images/ubuntu/Ubuntu2404-Readme.md
2026-05-21T05:14:14.1580291Z Image Release: https://github.com/actions/runner-images/releases/tag/ubuntu24%2F20260513.135
2026-05-21T05:14:14.1581204Z ##[endgroup]
2026-05-21T05:14:14.1582480Z ##[group]GITHUB_TOKEN Permissions
2026-05-21T05:14:14.1584915Z Actions: read
2026-05-21T05:14:14.1585748Z Checks: read
2026-05-21T05:14:14.1586731Z Contents: write
2026-05-21T05:14:14.1587539Z Metadata: read
2026-05-21T05:14:14.1588554Z ##[endgroup]
2026-05-21T05:14:14.1591827Z Secret source: Actions
2026-05-21T05:14:14.1593466Z Prepare workflow directory
2026-05-21T05:14:14.2072491Z Prepare all required actions
2026-05-21T05:14:14.2126235Z Getting action download info
2026-05-21T05:14:14.5959437Z Download action repository 'actions/checkout@v6' (SHA:de0fac2e4500dabe0009e67214ff5f5447ce83dd)
2026-05-21T05:14:14.9628383Z Download action repository 'dorny/paths-filter@v4' (SHA:fbd0ab8f3e69293af611ebaee6363fc25e6d187d)
2026-05-21T05:14:15.1942431Z Complete job name: web-relevance
2026-05-21T05:14:15.2638376Z ##[group]Run actions/checkout@v6
2026-05-21T05:14:15.2639292Z with:
2026-05-21T05:14:15.2639751Z   repository: akarlin3/prismTask
2026-05-21T05:14:15.2640462Z   token: ***
2026-05-21T05:14:15.2640886Z   ssh-strict: true
2026-05-21T05:14:15.2641329Z   ssh-user: git
2026-05-21T05:14:15.2641789Z   persist-credentials: true
2026-05-21T05:14:15.2642284Z   clean: true
2026-05-21T05:14:15.2642743Z   sparse-checkout-cone-mode: true
2026-05-21T05:14:15.2643485Z   fetch-depth: 1
2026-05-21T05:14:15.2643936Z   fetch-tags: false
2026-05-21T05:14:15.2644378Z   show-progress: true
2026-05-21T05:14:15.2644829Z   lfs: false
2026-05-21T05:14:15.2645235Z   submodules: false
2026-05-21T05:14:15.2645693Z   set-safe-directory: true
2026-05-21T05:14:15.2646435Z ##[endgroup]
2026-05-21T05:14:15.3760846Z Syncing repository: akarlin3/prismTask
2026-05-21T05:14:15.3764537Z ##[group]Getting Git version info
2026-05-21T05:14:15.3765832Z Working directory is '/home/runner/work/prismTask/prismTask'
2026-05-21T05:14:15.3768304Z [command]/usr/bin/git version
2026-05-21T05:14:15.3832771Z git version 2.54.0
2026-05-21T05:14:15.3859225Z ##[endgroup]
2026-05-21T05:14:15.3875649Z Temporarily overriding HOME='/home/runner/work/_temp/fdcbc50c-f1f2-4f61-9bc9-e805d18e5c5a' before making global git config changes
2026-05-21T05:14:15.3878757Z Adding repository directory to the temporary git global config as a safe directory
2026-05-21T05:14:15.3883774Z [command]/usr/bin/git config --global --add safe.directory /home/runner/work/prismTask/prismTask
2026-05-21T05:14:15.3941038Z Deleting the contents of '/home/runner/work/prismTask/prismTask'
2026-05-21T05:14:15.3944470Z ##[group]Initializing the repository
2026-05-21T05:14:15.3950599Z [command]/usr/bin/git init /home/runner/work/prismTask/prismTask
2026-05-21T05:14:15.4042853Z hint: Using 'master' as the name for the initial branch. This default branch name
2026-05-21T05:14:15.4045296Z hint: will change to "main" in Git 3.0. To configure the initial branch name
2026-05-21T05:14:15.4047754Z hint: to use in all of your new repositories, which will suppress this warning,
2026-05-21T05:14:15.4049773Z hint: call:
2026-05-21T05:14:15.4052042Z hint:
2026-05-21T05:14:15.4055648Z hint: 	git config --global init.defaultBranch <name>
2026-05-21T05:14:15.4057321Z hint:
2026-05-21T05:14:15.4059085Z hint: Names commonly chosen instead of 'master' are 'main', 'trunk' and
2026-05-21T05:14:15.4062242Z hint: 'development'. The just-created branch can be renamed via this command:
2026-05-21T05:14:15.4064864Z hint:
2026-05-21T05:14:15.4065954Z hint: 	git branch -m <name>
2026-05-21T05:14:15.4066991Z hint:
2026-05-21T05:14:15.4068258Z hint: Disable this message with "git config set advice.defaultBranchName false"
2026-05-21T05:14:15.4070429Z Initialized empty Git repository in /home/runner/work/prismTask/prismTask/.git/
2026-05-21T05:14:15.4073970Z [command]/usr/bin/git remote add origin https://github.com/akarlin3/prismTask
2026-05-21T05:14:15.4109200Z ##[endgroup]
2026-05-21T05:14:15.4111077Z ##[group]Disabling automatic garbage collection
2026-05-21T05:14:15.4115006Z [command]/usr/bin/git config --local gc.auto 0
2026-05-21T05:14:15.4150196Z ##[endgroup]
2026-05-21T05:14:15.4151956Z ##[group]Setting up auth
2026-05-21T05:14:15.4156469Z Removing SSH command configuration
2026-05-21T05:14:15.4158101Z [command]/usr/bin/git config --local --name-only --get-regexp core\.sshCommand
2026-05-21T05:14:15.4195042Z [command]/usr/bin/git submodule foreach --recursive sh -c "git config --local --name-only --get-regexp 'core\.sshCommand' && git config --local --unset-all 'core.sshCommand' || :"
2026-05-21T05:14:15.4564916Z Removing HTTP extra header
2026-05-21T05:14:15.4567086Z [command]/usr/bin/git config --local --name-only --get-regexp http\.https\:\/\/github\.com\/\.extraheader
2026-05-21T05:14:15.4597675Z [command]/usr/bin/git submodule foreach --recursive sh -c "git config --local --name-only --get-regexp 'http\.https\:\/\/github\.com\/\.extraheader' && git config --local --unset-all 'http.https://github.com/.extraheader' || :"
2026-05-21T05:14:15.4829360Z Removing includeIf entries pointing to credentials config files
2026-05-21T05:14:15.4833949Z [command]/usr/bin/git config --local --name-only --get-regexp ^includeIf\.gitdir:
2026-05-21T05:14:15.4867952Z [command]/usr/bin/git submodule foreach --recursive git config --local --show-origin --name-only --get-regexp remote.origin.url
2026-05-21T05:14:15.5236899Z [command]/usr/bin/git config --file /home/runner/work/_temp/git-credentials-511fcda9-866f-4ceb-9c41-b783fba9cc88.config http.https://github.com/.extraheader AUTHORIZATION: basic ***
2026-05-21T05:14:15.5242974Z [command]/usr/bin/git config --local includeIf.gitdir:/home/runner/work/prismTask/prismTask/.git.path /home/runner/work/_temp/git-credentials-511fcda9-866f-4ceb-9c41-b783fba9cc88.config
2026-05-21T05:14:15.5252581Z [command]/usr/bin/git config --local includeIf.gitdir:/home/runner/work/prismTask/prismTask/.git/worktrees/*.path /home/runner/work/_temp/git-credentials-511fcda9-866f-4ceb-9c41-b783fba9cc88.config
2026-05-21T05:14:15.5261836Z [command]/usr/bin/git config --local includeIf.gitdir:/github/workspace/.git.path /github/runner_temp/git-credentials-511fcda9-866f-4ceb-9c41-b783fba9cc88.config
2026-05-21T05:14:15.5294054Z [command]/usr/bin/git config --local includeIf.gitdir:/github/workspace/.git/worktrees/*.path /github/runner_temp/git-credentials-511fcda9-866f-4ceb-9c41-b783fba9cc88.config
2026-05-21T05:14:15.5331823Z ##[endgroup]
2026-05-21T05:14:15.5334209Z ##[group]Fetching the repository
2026-05-21T05:14:15.5341833Z [command]/usr/bin/git -c protocol.version=2 fetch --no-tags --prune --no-recurse-submodules --depth=1 origin +2f60bf7896baa6bf921e79d7aac785f8f157f423:refs/remotes/pull/1687/merge
2026-05-21T05:14:17.3976686Z From https://github.com/akarlin3/prismTask
2026-05-21T05:14:17.3978353Z  * [new ref]         2f60bf7896baa6bf921e79d7aac785f8f157f423 -> pull/1687/merge
2026-05-21T05:14:17.4016025Z ##[endgroup]
2026-05-21T05:14:17.4017211Z ##[group]Determining the checkout info
2026-05-21T05:14:17.4018559Z ##[endgroup]
2026-05-21T05:14:17.4024140Z [command]/usr/bin/git sparse-checkout disable
2026-05-21T05:14:17.4070844Z [command]/usr/bin/git config --local --unset-all extensions.worktreeConfig
2026-05-21T05:14:17.4103528Z ##[group]Checking out the ref
2026-05-21T05:14:17.4106915Z [command]/usr/bin/git checkout --progress --force refs/remotes/pull/1687/merge
2026-05-21T05:14:17.7511490Z Note: switching to 'refs/remotes/pull/1687/merge'.
2026-05-21T05:14:17.7512318Z 
2026-05-21T05:14:17.7515196Z You are in 'detached HEAD' state. You can look around, make experimental
2026-05-21T05:14:17.7516090Z changes and commit them, and you can discard any commits you make in this
2026-05-21T05:14:17.7516921Z state without impacting any branches by switching back to a branch.
2026-05-21T05:14:17.7517430Z 
2026-05-21T05:14:17.7517768Z If you want to create a new branch to retain commits you create, you may
2026-05-21T05:14:17.7518543Z do so (now or later) by using -c with the switch command. Example:
2026-05-21T05:14:17.7519031Z 
2026-05-21T05:14:17.7519199Z   git switch -c <new-branch-name>
2026-05-21T05:14:17.7519532Z 
2026-05-21T05:14:17.7519690Z Or undo this operation with:
2026-05-21T05:14:17.7519953Z 
2026-05-21T05:14:17.7520091Z   git switch -
2026-05-21T05:14:17.7520288Z 
2026-05-21T05:14:17.7520644Z Turn off this advice by setting config variable advice.detachedHead to false
2026-05-21T05:14:17.7521193Z 
2026-05-21T05:14:17.7521820Z HEAD is now at 2f60bf7 Merge 1967d3ce7aa9551366ad253f608f66a4daa3b8d1 into 242c3ab4c020e9b6d47218a75a6d17eee8d2a933
2026-05-21T05:14:17.7540232Z ##[endgroup]
2026-05-21T05:14:17.7746660Z [command]/usr/bin/git log -1 --format=%H
2026-05-21T05:14:17.7747634Z 2f60bf7896baa6bf921e79d7aac785f8f157f423
2026-05-21T05:14:17.7936588Z ##[group]Run dorny/paths-filter@v4
2026-05-21T05:14:17.7936880Z with:
2026-05-21T05:14:17.7937275Z   filters: web:
  - 'web/**'
  - '.github/workflows/web-ci.yml'
  - '.github/actions/setup-node-web/**'

2026-05-21T05:14:17.7937854Z   token: ***
2026-05-21T05:14:17.7938048Z   list-files: none
2026-05-21T05:14:17.7938275Z   initial-fetch-depth: 100
2026-05-21T05:14:17.7938516Z   predicate-quantifier: some
2026-05-21T05:14:17.7938762Z ##[endgroup]
2026-05-21T05:14:17.8777893Z ##[group]Fetching list of changed files for PR#1687 from Github API
2026-05-21T05:14:17.8779342Z Invoking listFiles(pull_number: 1687, per_page: 100)
2026-05-21T05:14:18.1344051Z ##[endgroup]
2026-05-21T05:14:18.1500051Z ##[error]Resource not accessible by integration
2026-05-21T05:14:18.1626396Z Post job cleanup.
2026-05-21T05:14:18.2500592Z [command]/usr/bin/git version
2026-05-21T05:14:18.2541278Z git version 2.54.0
2026-05-21T05:14:18.2618764Z Temporarily overriding HOME='/home/runner/work/_temp/27e05b8e-d2ca-4d20-b259-f95b2207233f' before making global git config changes
2026-05-21T05:14:18.2620672Z Adding repository directory to the temporary git global config as a safe directory
2026-05-21T05:14:18.2624683Z [command]/usr/bin/git config --global --add safe.directory /home/runner/work/prismTask/prismTask
2026-05-21T05:14:18.2656893Z Removing SSH command configuration
2026-05-21T05:14:18.2664207Z [command]/usr/bin/git config --local --name-only --get-regexp core\.sshCommand
2026-05-21T05:14:18.2705220Z [command]/usr/bin/git submodule foreach --recursive sh -c "git config --local --name-only --get-regexp 'core\.sshCommand' && git config --local --unset-all 'core.sshCommand' || :"
2026-05-21T05:14:18.3054052Z Removing HTTP extra header
2026-05-21T05:14:18.3059527Z [command]/usr/bin/git config --local --name-only --get-regexp http\.https\:\/\/github\.com\/\.extraheader
2026-05-21T05:14:18.3064707Z [command]/usr/bin/git submodule foreach --recursive sh -c "git config --local --name-only --get-regexp 'http\.https\:\/\/github\.com\/\.extraheader' && git config --local --unset-all 'http.https://github.com/.extraheader' || :"
2026-05-21T05:14:18.3251429Z Removing includeIf entries pointing to credentials config files
2026-05-21T05:14:18.3257760Z [command]/usr/bin/git config --local --name-only --get-regexp ^includeIf\.gitdir:
2026-05-21T05:14:18.3282561Z includeif.gitdir:/home/runner/work/prismTask/prismTask/.git.path
2026-05-21T05:14:18.3284784Z includeif.gitdir:/home/runner/work/prismTask/prismTask/.git/worktrees/*.path
2026-05-21T05:14:18.3285915Z includeif.gitdir:/github/workspace/.git.path
2026-05-21T05:14:18.3286913Z includeif.gitdir:/github/workspace/.git/worktrees/*.path
2026-05-21T05:14:18.3294872Z [command]/usr/bin/git config --local --get-all includeif.gitdir:/home/runner/work/prismTask/prismTask/.git.path
2026-05-21T05:14:18.3316940Z /home/runner/work/_temp/git-credentials-511fcda9-866f-4ceb-9c41-b783fba9cc88.config
2026-05-21T05:14:18.3330076Z [command]/usr/bin/git config --local --unset includeif.gitdir:/home/runner/work/prismTask/prismTask/.git.path /home/runner/work/_temp/git-credentials-511fcda9-866f-4ceb-9c41-b783fba9cc88.config
2026-05-21T05:14:18.3367020Z [command]/usr/bin/git config --local --get-all includeif.gitdir:/home/runner/work/prismTask/prismTask/.git/worktrees/*.path
2026-05-21T05:14:18.3390077Z /home/runner/work/_temp/git-credentials-511fcda9-866f-4ceb-9c41-b783fba9cc88.config
2026-05-21T05:14:18.3400549Z [command]/usr/bin/git config --local --unset includeif.gitdir:/home/runner/work/prismTask/prismTask/.git/worktrees/*.path /home/runner/work/_temp/git-credentials-511fcda9-866f-4ceb-9c41-b783fba9cc88.config
2026-05-21T05:14:18.3432487Z [command]/usr/bin/git config --local --get-all includeif.gitdir:/github/workspace/.git.path
2026-05-21T05:14:18.3457709Z /github/runner_temp/git-credentials-511fcda9-866f-4ceb-9c41-b783fba9cc88.config
2026-05-21T05:14:18.3466129Z [command]/usr/bin/git config --local --unset includeif.gitdir:/github/workspace/.git.path /github/runner_temp/git-credentials-511fcda9-866f-4ceb-9c41-b783fba9cc88.config
2026-05-21T05:14:18.3498391Z [command]/usr/bin/git config --local --get-all includeif.gitdir:/github/workspace/.git/worktrees/*.path
2026-05-21T05:14:18.3521544Z /github/runner_temp/git-credentials-511fcda9-866f-4ceb-9c41-b783fba9cc88.config
2026-05-21T05:14:18.3530644Z [command]/usr/bin/git config --local --unset includeif.gitdir:/github/workspace/.git/worktrees/*.path /github/runner_temp/git-credentials-511fcda9-866f-4ceb-9c41-b783fba9cc88.config
2026-05-21T05:14:18.3564041Z [command]/usr/bin/git submodule foreach --recursive git config --local --show-origin --name-only --get-regexp remote.origin.url
2026-05-21T05:14:18.3804709Z Removing credentials config '/home/runner/work/_temp/git-credentials-511fcda9-866f-4ceb-9c41-b783fba9cc88.config'
2026-05-21T05:14:18.3937338Z Evaluate and set job outputs
2026-05-21T05:14:18.3945358Z Cleaning up orphan processes


--- Job: web-lint-and-test (id 77108576556) ---
2026-05-21T05:14:23.4271849Z Current runner version: '2.334.0'
2026-05-21T05:14:23.4300892Z ##[group]Runner Image Provisioner
2026-05-21T05:14:23.4301800Z Hosted Compute Agent
2026-05-21T05:14:23.4302437Z Version: 20260213.493
2026-05-21T05:14:23.4303265Z Commit: 5c115507f6dd24b8de37d8bbe0bb4509d0cc0fa3
2026-05-21T05:14:23.4304084Z Build Date: 2026-02-13T00:28:41Z
2026-05-21T05:14:23.4304744Z Worker ID: {d844538b-fe6f-48ae-83be-4eae87c1b5e5}
2026-05-21T05:14:23.4305455Z Azure Region: northcentralus
2026-05-21T05:14:23.4306019Z ##[endgroup]
2026-05-21T05:14:23.4307564Z ##[group]Operating System
2026-05-21T05:14:23.4308198Z Ubuntu
2026-05-21T05:14:23.4308641Z 24.04.4
2026-05-21T05:14:23.4309216Z LTS
2026-05-21T05:14:23.4309666Z ##[endgroup]
2026-05-21T05:14:23.4310182Z ##[group]Runner Image
2026-05-21T05:14:23.4310847Z Image: ubuntu-24.04
2026-05-21T05:14:23.4311389Z Version: 20260513.135.3
2026-05-21T05:14:23.4312614Z Included Software: https://github.com/actions/runner-images/blob/ubuntu24/20260513.135/images/ubuntu/Ubuntu2404-Readme.md
2026-05-21T05:14:23.4314320Z Image Release: https://github.com/actions/runner-images/releases/tag/ubuntu24%2F20260513.135
2026-05-21T05:14:23.4315225Z ##[endgroup]
2026-05-21T05:14:23.4316496Z ##[group]GITHUB_TOKEN Permissions
2026-05-21T05:14:23.4318389Z Actions: read
2026-05-21T05:14:23.4319061Z Checks: read
2026-05-21T05:14:23.4319562Z Contents: write
2026-05-21T05:14:23.4320103Z Metadata: read
2026-05-21T05:14:23.4320649Z ##[endgroup]
2026-05-21T05:14:23.4322966Z Secret source: Actions
2026-05-21T05:14:23.4323864Z Prepare workflow directory
2026-05-21T05:14:23.4759414Z Prepare all required actions
2026-05-21T05:14:23.4894540Z Complete job name: web-lint-and-test
2026-05-21T05:14:23.5991676Z ##[group]Run if [ 'skipped' != 'success' ]; then
2026-05-21T05:14:23.5993369Z [36;1mif [ 'skipped' != 'success' ]; then[0m
2026-05-21T05:14:23.5994727Z [36;1m  echo "web-lint finished with skipped" >&2[0m
2026-05-21T05:14:23.5996093Z [36;1m  exit 1[0m
2026-05-21T05:14:23.5996924Z [36;1mfi[0m
2026-05-21T05:14:23.5997962Z [36;1mif [ 'skipped' != 'success' ]; then[0m
2026-05-21T05:14:23.5999163Z [36;1m  echo "web-unit-tests finished with skipped" >&2[0m
2026-05-21T05:14:23.6000351Z [36;1m  exit 1[0m
2026-05-21T05:14:23.6001323Z [36;1mfi[0m
2026-05-21T05:14:23.6002295Z [36;1mif [ 'skipped' != 'success' ]; then[0m
2026-05-21T05:14:23.6003751Z [36;1m  echo "web-build finished with skipped" >&2[0m
2026-05-21T05:14:23.6004958Z [36;1m  exit 1[0m
2026-05-21T05:14:23.6005824Z [36;1mfi[0m
2026-05-21T05:14:23.6006829Z [36;1mecho "✓ Split web lint, unit-test shards, and build passed."[0m
2026-05-21T05:14:23.6547455Z shell: /usr/bin/bash -e {0}
2026-05-21T05:14:23.6549154Z ##[endgroup]
2026-05-21T05:14:23.7054258Z web-lint finished with skipped
2026-05-21T05:14:23.7079378Z ##[error]Process completed with exit code 1.
2026-05-21T05:14:23.7233765Z Cleaning up orphan processes
