=== CI FAILURE ===
Workflow:      Web CI
Workflow file: akarlin3/prismTask/.github/workflows/web-ci.yml@refs/pull/1686/merge
Job(s):        web-relevance, web-lint-and-test
Run ID:        26206674642
Run attempt:   1
Run URL:       https://github.com/akarlin3/prismTask/actions/runs/26206674642
Commit:        1bf2c6d04e1426c7d5c02b310d25ea9b5fdea7a2
Branch:        1686/merge
Event:         pull_request
Actor:         akarlin3
Runner OS:     Linux
Timestamp:     2026-05-21T05:07:50.483Z

Failed steps:
  - web-relevance: #3 Run dorny/paths-filter@v4
  - web-lint-and-test: #2 Verify split web checks

=== FAILED JOB LOG ===

--- Job: web-relevance (id 77107934601) ---
2026-05-21T05:07:33.6549548Z Current runner version: '2.334.0'
2026-05-21T05:07:33.6594475Z ##[group]Runner Image Provisioner
2026-05-21T05:07:33.6595971Z Hosted Compute Agent
2026-05-21T05:07:33.6596972Z Version: 20260213.493
2026-05-21T05:07:33.6597831Z Commit: 5c115507f6dd24b8de37d8bbe0bb4509d0cc0fa3
2026-05-21T05:07:33.6598993Z Build Date: 2026-02-13T00:28:41Z
2026-05-21T05:07:33.6600292Z Worker ID: {ff8f8cdc-1cf1-4d69-ac01-ddee5c81a533}
2026-05-21T05:07:33.6601427Z Azure Region: eastus
2026-05-21T05:07:33.6602889Z ##[endgroup]
2026-05-21T05:07:33.6605564Z ##[group]Operating System
2026-05-21T05:07:33.6606606Z Ubuntu
2026-05-21T05:07:33.6607436Z 24.04.4
2026-05-21T05:07:33.6608546Z LTS
2026-05-21T05:07:33.6609372Z ##[endgroup]
2026-05-21T05:07:33.6610345Z ##[group]Runner Image
2026-05-21T05:07:33.6611470Z Image: ubuntu-24.04
2026-05-21T05:07:33.6612570Z Version: 20260513.135.3
2026-05-21T05:07:33.6614702Z Included Software: https://github.com/actions/runner-images/blob/ubuntu24/20260513.135/images/ubuntu/Ubuntu2404-Readme.md
2026-05-21T05:07:33.6617690Z Image Release: https://github.com/actions/runner-images/releases/tag/ubuntu24%2F20260513.135
2026-05-21T05:07:33.6619248Z ##[endgroup]
2026-05-21T05:07:33.6621343Z ##[group]GITHUB_TOKEN Permissions
2026-05-21T05:07:33.6624568Z Actions: read
2026-05-21T05:07:33.6625540Z Checks: read
2026-05-21T05:07:33.6626334Z Contents: write
2026-05-21T05:07:33.6627167Z Metadata: read
2026-05-21T05:07:33.6628024Z ##[endgroup]
2026-05-21T05:07:33.6631131Z Secret source: Actions
2026-05-21T05:07:33.6632572Z Prepare workflow directory
2026-05-21T05:07:33.7129130Z Prepare all required actions
2026-05-21T05:07:33.7186356Z Getting action download info
2026-05-21T05:07:34.0186019Z Download action repository 'actions/checkout@v6' (SHA:de0fac2e4500dabe0009e67214ff5f5447ce83dd)
2026-05-21T05:07:34.1970311Z Download action repository 'dorny/paths-filter@v4' (SHA:fbd0ab8f3e69293af611ebaee6363fc25e6d187d)
2026-05-21T05:07:34.4501638Z Complete job name: web-relevance
2026-05-21T05:07:34.5255059Z ##[group]Run actions/checkout@v6
2026-05-21T05:07:34.5256063Z with:
2026-05-21T05:07:34.5256534Z   repository: akarlin3/prismTask
2026-05-21T05:07:34.5257277Z   token: ***
2026-05-21T05:07:34.5257720Z   ssh-strict: true
2026-05-21T05:07:34.5258178Z   ssh-user: git
2026-05-21T05:07:34.5258650Z   persist-credentials: true
2026-05-21T05:07:34.5259160Z   clean: true
2026-05-21T05:07:34.5259626Z   sparse-checkout-cone-mode: true
2026-05-21T05:07:34.5260170Z   fetch-depth: 1
2026-05-21T05:07:34.5260627Z   fetch-tags: false
2026-05-21T05:07:34.5261107Z   show-progress: true
2026-05-21T05:07:34.5261571Z   lfs: false
2026-05-21T05:07:34.5261992Z   submodules: false
2026-05-21T05:07:34.5262686Z   set-safe-directory: true
2026-05-21T05:07:34.5263471Z ##[endgroup]
2026-05-21T05:07:34.6564455Z Syncing repository: akarlin3/prismTask
2026-05-21T05:07:34.7349626Z ##[group]Getting Git version info
2026-05-21T05:07:34.7351226Z Working directory is '/home/runner/work/prismTask/prismTask'
2026-05-21T05:07:34.7354248Z [command]/usr/bin/git version
2026-05-21T05:07:34.7355517Z git version 2.54.0
2026-05-21T05:07:34.7359347Z ##[endgroup]
2026-05-21T05:07:34.7381700Z Temporarily overriding HOME='/home/runner/work/_temp/2e414c8f-9cd9-4d2b-82aa-88de98021a6f' before making global git config changes
2026-05-21T05:07:34.7391380Z Adding repository directory to the temporary git global config as a safe directory
2026-05-21T05:07:34.7394329Z [command]/usr/bin/git config --global --add safe.directory /home/runner/work/prismTask/prismTask
2026-05-21T05:07:34.7399384Z Deleting the contents of '/home/runner/work/prismTask/prismTask'
2026-05-21T05:07:34.7401757Z ##[group]Initializing the repository
2026-05-21T05:07:34.7403383Z [command]/usr/bin/git init /home/runner/work/prismTask/prismTask
2026-05-21T05:07:34.7405706Z hint: Using 'master' as the name for the initial branch. This default branch name
2026-05-21T05:07:34.7407927Z hint: will change to "main" in Git 3.0. To configure the initial branch name
2026-05-21T05:07:34.7409591Z hint: to use in all of your new repositories, which will suppress this warning,
2026-05-21T05:07:34.7411448Z hint: call:
2026-05-21T05:07:34.7413142Z hint:
2026-05-21T05:07:34.7413779Z hint: 	git config --global init.defaultBranch <name>
2026-05-21T05:07:34.7414434Z hint:
2026-05-21T05:07:34.7415167Z hint: Names commonly chosen instead of 'master' are 'main', 'trunk' and
2026-05-21T05:07:34.7417016Z hint: 'development'. The just-created branch can be renamed via this command:
2026-05-21T05:07:34.7418288Z hint:
2026-05-21T05:07:34.7418738Z hint: 	git branch -m <name>
2026-05-21T05:07:34.7419253Z hint:
2026-05-21T05:07:34.7419920Z hint: Disable this message with "git config set advice.defaultBranchName false"
2026-05-21T05:07:34.7420985Z Initialized empty Git repository in /home/runner/work/prismTask/prismTask/.git/
2026-05-21T05:07:34.7424137Z [command]/usr/bin/git remote add origin https://github.com/akarlin3/prismTask
2026-05-21T05:07:34.7426433Z ##[endgroup]
2026-05-21T05:07:34.7427238Z ##[group]Disabling automatic garbage collection
2026-05-21T05:07:34.7427954Z [command]/usr/bin/git config --local gc.auto 0
2026-05-21T05:07:34.7430534Z ##[endgroup]
2026-05-21T05:07:34.7514335Z ##[group]Setting up auth
2026-05-21T05:07:34.7515519Z Removing SSH command configuration
2026-05-21T05:07:34.7517288Z [command]/usr/bin/git config --local --name-only --get-regexp core\.sshCommand
2026-05-21T05:07:34.7521765Z [command]/usr/bin/git submodule foreach --recursive sh -c "git config --local --name-only --get-regexp 'core\.sshCommand' && git config --local --unset-all 'core.sshCommand' || :"
2026-05-21T05:07:34.8023040Z Removing HTTP extra header
2026-05-21T05:07:34.8025829Z [command]/usr/bin/git config --local --name-only --get-regexp http\.https\:\/\/github\.com\/\.extraheader
2026-05-21T05:07:34.8034134Z [command]/usr/bin/git submodule foreach --recursive sh -c "git config --local --name-only --get-regexp 'http\.https\:\/\/github\.com\/\.extraheader' && git config --local --unset-all 'http.https://github.com/.extraheader' || :"
2026-05-21T05:07:34.8169487Z Removing includeIf entries pointing to credentials config files
2026-05-21T05:07:34.8176747Z [command]/usr/bin/git config --local --name-only --get-regexp ^includeIf\.gitdir:
2026-05-21T05:07:34.8211677Z [command]/usr/bin/git submodule foreach --recursive git config --local --show-origin --name-only --get-regexp remote.origin.url
2026-05-21T05:07:34.8452806Z [command]/usr/bin/git config --file /home/runner/work/_temp/git-credentials-f0fca879-0091-4e96-ab6a-68b94a9d2eca.config http.https://github.com/.extraheader AUTHORIZATION: basic ***
2026-05-21T05:07:34.8496624Z [command]/usr/bin/git config --local includeIf.gitdir:/home/runner/work/prismTask/prismTask/.git.path /home/runner/work/_temp/git-credentials-f0fca879-0091-4e96-ab6a-68b94a9d2eca.config
2026-05-21T05:07:34.8529593Z [command]/usr/bin/git config --local includeIf.gitdir:/home/runner/work/prismTask/prismTask/.git/worktrees/*.path /home/runner/work/_temp/git-credentials-f0fca879-0091-4e96-ab6a-68b94a9d2eca.config
2026-05-21T05:07:34.8567571Z [command]/usr/bin/git config --local includeIf.gitdir:/github/workspace/.git.path /github/runner_temp/git-credentials-f0fca879-0091-4e96-ab6a-68b94a9d2eca.config
2026-05-21T05:07:34.8599665Z [command]/usr/bin/git config --local includeIf.gitdir:/github/workspace/.git/worktrees/*.path /github/runner_temp/git-credentials-f0fca879-0091-4e96-ab6a-68b94a9d2eca.config
2026-05-21T05:07:34.8761636Z ##[endgroup]
2026-05-21T05:07:34.8763360Z ##[group]Fetching the repository
2026-05-21T05:07:34.8769691Z [command]/usr/bin/git -c protocol.version=2 fetch --no-tags --prune --no-recurse-submodules --depth=1 origin +1bf2c6d04e1426c7d5c02b310d25ea9b5fdea7a2:refs/remotes/pull/1686/merge
2026-05-21T05:07:36.7047910Z From https://github.com/akarlin3/prismTask
2026-05-21T05:07:36.7049667Z  * [new ref]         1bf2c6d04e1426c7d5c02b310d25ea9b5fdea7a2 -> pull/1686/merge
2026-05-21T05:07:36.7088232Z ##[endgroup]
2026-05-21T05:07:36.7089609Z ##[group]Determining the checkout info
2026-05-21T05:07:36.7091042Z ##[endgroup]
2026-05-21T05:07:36.7097599Z [command]/usr/bin/git sparse-checkout disable
2026-05-21T05:07:36.7206047Z [command]/usr/bin/git config --local --unset-all extensions.worktreeConfig
2026-05-21T05:07:36.7239349Z ##[group]Checking out the ref
2026-05-21T05:07:36.7244142Z [command]/usr/bin/git checkout --progress --force refs/remotes/pull/1686/merge
2026-05-21T05:07:37.0697370Z Note: switching to 'refs/remotes/pull/1686/merge'.
2026-05-21T05:07:37.0702912Z 
2026-05-21T05:07:37.0718341Z You are in 'detached HEAD' state. You can look around, make experimental
2026-05-21T05:07:37.0719591Z changes and commit them, and you can discard any commits you make in this
2026-05-21T05:07:37.0720999Z state without impacting any branches by switching back to a branch.
2026-05-21T05:07:37.0724985Z 
2026-05-21T05:07:37.0725572Z If you want to create a new branch to retain commits you create, you may
2026-05-21T05:07:37.0726652Z do so (now or later) by using -c with the switch command. Example:
2026-05-21T05:07:37.0727527Z 
2026-05-21T05:07:37.0727884Z   git switch -c <new-branch-name>
2026-05-21T05:07:37.0728454Z 
2026-05-21T05:07:37.0728789Z Or undo this operation with:
2026-05-21T05:07:37.0729310Z 
2026-05-21T05:07:37.0729631Z   git switch -
2026-05-21T05:07:37.0730360Z 
2026-05-21T05:07:37.0731030Z Turn off this advice by setting config variable advice.detachedHead to false
2026-05-21T05:07:37.0731894Z 
2026-05-21T05:07:37.0733207Z HEAD is now at 1bf2c6d Merge 9d2e8d80362c2b6ff5e0632f509a08ce7adb2510 into 33b270a50c89ccc28a8893c86068524fb877de08
2026-05-21T05:07:37.0767630Z ##[endgroup]
2026-05-21T05:07:37.0818263Z [command]/usr/bin/git log -1 --format=%H
2026-05-21T05:07:37.0873167Z 1bf2c6d04e1426c7d5c02b310d25ea9b5fdea7a2
2026-05-21T05:07:37.1114738Z ##[group]Run dorny/paths-filter@v4
2026-05-21T05:07:37.1115033Z with:
2026-05-21T05:07:37.1115433Z   filters: web:
  - 'web/**'
  - '.github/workflows/web-ci.yml'
  - '.github/actions/setup-node-web/**'

2026-05-21T05:07:37.1116015Z   token: ***
2026-05-21T05:07:37.1116204Z   list-files: none
2026-05-21T05:07:37.1116442Z   initial-fetch-depth: 100
2026-05-21T05:07:37.1116690Z   predicate-quantifier: some
2026-05-21T05:07:37.1116957Z ##[endgroup]
2026-05-21T05:07:37.1990950Z ##[group]Fetching list of changed files for PR#1686 from Github API
2026-05-21T05:07:37.2001013Z Invoking listFiles(pull_number: 1686, per_page: 100)
2026-05-21T05:07:37.4452376Z ##[endgroup]
2026-05-21T05:07:37.4481729Z ##[error]Resource not accessible by integration
2026-05-21T05:07:37.4855272Z Post job cleanup.
2026-05-21T05:07:37.5746909Z [command]/usr/bin/git version
2026-05-21T05:07:37.5802944Z git version 2.54.0
2026-05-21T05:07:37.5880385Z Temporarily overriding HOME='/home/runner/work/_temp/9eff88d8-6b95-4426-a6b3-95fd25e98be0' before making global git config changes
2026-05-21T05:07:37.5882010Z Adding repository directory to the temporary git global config as a safe directory
2026-05-21T05:07:37.5883905Z [command]/usr/bin/git config --global --add safe.directory /home/runner/work/prismTask/prismTask
2026-05-21T05:07:37.5940274Z Removing SSH command configuration
2026-05-21T05:07:37.5941626Z [command]/usr/bin/git config --local --name-only --get-regexp core\.sshCommand
2026-05-21T05:07:37.6089284Z [command]/usr/bin/git submodule foreach --recursive sh -c "git config --local --name-only --get-regexp 'core\.sshCommand' && git config --local --unset-all 'core.sshCommand' || :"
2026-05-21T05:07:37.6285824Z Removing HTTP extra header
2026-05-21T05:07:37.6291477Z [command]/usr/bin/git config --local --name-only --get-regexp http\.https\:\/\/github\.com\/\.extraheader
2026-05-21T05:07:37.6334181Z [command]/usr/bin/git submodule foreach --recursive sh -c "git config --local --name-only --get-regexp 'http\.https\:\/\/github\.com\/\.extraheader' && git config --local --unset-all 'http.https://github.com/.extraheader' || :"
2026-05-21T05:07:37.6569151Z Removing includeIf entries pointing to credentials config files
2026-05-21T05:07:37.6576336Z [command]/usr/bin/git config --local --name-only --get-regexp ^includeIf\.gitdir:
2026-05-21T05:07:37.6606253Z includeif.gitdir:/home/runner/work/prismTask/prismTask/.git.path
2026-05-21T05:07:37.6608428Z includeif.gitdir:/home/runner/work/prismTask/prismTask/.git/worktrees/*.path
2026-05-21T05:07:37.6609502Z includeif.gitdir:/github/workspace/.git.path
2026-05-21T05:07:37.6610407Z includeif.gitdir:/github/workspace/.git/worktrees/*.path
2026-05-21T05:07:37.6618422Z [command]/usr/bin/git config --local --get-all includeif.gitdir:/home/runner/work/prismTask/prismTask/.git.path
2026-05-21T05:07:37.6640512Z /home/runner/work/_temp/git-credentials-f0fca879-0091-4e96-ab6a-68b94a9d2eca.config
2026-05-21T05:07:37.6653409Z [command]/usr/bin/git config --local --unset includeif.gitdir:/home/runner/work/prismTask/prismTask/.git.path /home/runner/work/_temp/git-credentials-f0fca879-0091-4e96-ab6a-68b94a9d2eca.config
2026-05-21T05:07:37.6693716Z [command]/usr/bin/git config --local --get-all includeif.gitdir:/home/runner/work/prismTask/prismTask/.git/worktrees/*.path
2026-05-21T05:07:37.6718085Z /home/runner/work/_temp/git-credentials-f0fca879-0091-4e96-ab6a-68b94a9d2eca.config
2026-05-21T05:07:37.6729308Z [command]/usr/bin/git config --local --unset includeif.gitdir:/home/runner/work/prismTask/prismTask/.git/worktrees/*.path /home/runner/work/_temp/git-credentials-f0fca879-0091-4e96-ab6a-68b94a9d2eca.config
2026-05-21T05:07:37.6880732Z [command]/usr/bin/git config --local --get-all includeif.gitdir:/github/workspace/.git.path
2026-05-21T05:07:37.6904331Z /github/runner_temp/git-credentials-f0fca879-0091-4e96-ab6a-68b94a9d2eca.config
2026-05-21T05:07:37.6913919Z [command]/usr/bin/git config --local --unset includeif.gitdir:/github/workspace/.git.path /github/runner_temp/git-credentials-f0fca879-0091-4e96-ab6a-68b94a9d2eca.config
2026-05-21T05:07:37.6946537Z [command]/usr/bin/git config --local --get-all includeif.gitdir:/github/workspace/.git/worktrees/*.path
2026-05-21T05:07:37.6968635Z /github/runner_temp/git-credentials-f0fca879-0091-4e96-ab6a-68b94a9d2eca.config
2026-05-21T05:07:37.6979723Z [command]/usr/bin/git config --local --unset includeif.gitdir:/github/workspace/.git/worktrees/*.path /github/runner_temp/git-credentials-f0fca879-0091-4e96-ab6a-68b94a9d2eca.config
2026-05-21T05:07:37.7013201Z [command]/usr/bin/git submodule foreach --recursive git config --local --show-origin --name-only --get-regexp remote.origin.url
2026-05-21T05:07:37.7249542Z Removing credentials config '/home/runner/work/_temp/git-credentials-f0fca879-0091-4e96-ab6a-68b94a9d2eca.config'
2026-05-21T05:07:37.7388430Z Evaluate and set job outputs
2026-05-21T05:07:37.7395974Z Cleaning up orphan processes


--- Job: web-lint-and-test (id 77107948419) ---
2026-05-21T05:07:41.7274823Z Current runner version: '2.334.0'
2026-05-21T05:07:41.7351284Z ##[group]Runner Image Provisioner
2026-05-21T05:07:41.7352549Z Hosted Compute Agent
2026-05-21T05:07:41.7353362Z Version: 20260213.493
2026-05-21T05:07:41.7354274Z Commit: 5c115507f6dd24b8de37d8bbe0bb4509d0cc0fa3
2026-05-21T05:07:41.7355324Z Build Date: 2026-02-13T00:28:41Z
2026-05-21T05:07:41.7356440Z Worker ID: {9ee231f6-5a23-4393-b44c-499c42882f58}
2026-05-21T05:07:41.7357473Z Azure Region: eastus2
2026-05-21T05:07:41.7358202Z ##[endgroup]
2026-05-21T05:07:41.7381028Z ##[group]Operating System
2026-05-21T05:07:41.7381920Z Ubuntu
2026-05-21T05:07:41.7382616Z 24.04.4
2026-05-21T05:07:41.7383418Z LTS
2026-05-21T05:07:41.7384192Z ##[endgroup]
2026-05-21T05:07:41.7384909Z ##[group]Runner Image
2026-05-21T05:07:41.7385825Z Image: ubuntu-24.04
2026-05-21T05:07:41.7386656Z Version: 20260518.149.1
2026-05-21T05:07:41.7388611Z Included Software: https://github.com/actions/runner-images/blob/ubuntu24/20260518.149/images/ubuntu/Ubuntu2404-Readme.md
2026-05-21T05:07:41.7391569Z Image Release: https://github.com/actions/runner-images/releases/tag/ubuntu24%2F20260518.149
2026-05-21T05:07:41.7393035Z ##[endgroup]
2026-05-21T05:07:41.7395067Z ##[group]GITHUB_TOKEN Permissions
2026-05-21T05:07:41.7398016Z Actions: read
2026-05-21T05:07:41.7398874Z Checks: read
2026-05-21T05:07:41.7420273Z Contents: write
2026-05-21T05:07:41.7421043Z Metadata: read
2026-05-21T05:07:41.7421956Z ##[endgroup]
2026-05-21T05:07:41.7424883Z Secret source: Actions
2026-05-21T05:07:41.7426292Z Prepare workflow directory
2026-05-21T05:07:41.8312569Z Prepare all required actions
2026-05-21T05:07:41.8593758Z Complete job name: web-lint-and-test
2026-05-21T05:07:42.0307002Z ##[group]Run if [ 'skipped' != 'success' ]; then
2026-05-21T05:07:42.0308481Z [36;1mif [ 'skipped' != 'success' ]; then[0m
2026-05-21T05:07:42.0309930Z [36;1m  echo "web-lint finished with skipped" >&2[0m
2026-05-21T05:07:42.0311138Z [36;1m  exit 1[0m
2026-05-21T05:07:42.0312008Z [36;1mfi[0m
2026-05-21T05:07:42.0312778Z [36;1mif [ 'skipped' != 'success' ]; then[0m
2026-05-21T05:07:42.0313906Z [36;1m  echo "web-unit-tests finished with skipped" >&2[0m
2026-05-21T05:07:42.0315040Z [36;1m  exit 1[0m
2026-05-21T05:07:42.0315705Z [36;1mfi[0m
2026-05-21T05:07:42.0316516Z [36;1mif [ 'skipped' != 'success' ]; then[0m
2026-05-21T05:07:42.0317581Z [36;1m  echo "web-build finished with skipped" >&2[0m
2026-05-21T05:07:42.0318601Z [36;1m  exit 1[0m
2026-05-21T05:07:42.0339559Z [36;1mfi[0m
2026-05-21T05:07:42.0340948Z [36;1mecho "✓ Split web lint, unit-test shards, and build passed."[0m
2026-05-21T05:07:42.1290907Z shell: /usr/bin/bash -e {0}
2026-05-21T05:07:42.1292730Z ##[endgroup]
2026-05-21T05:07:42.2087831Z web-lint finished with skipped
2026-05-21T05:07:42.2113272Z ##[error]Process completed with exit code 1.
2026-05-21T05:07:42.2273867Z Cleaning up orphan processes
