=== CI FAILURE ===
Workflow:      Web CI
Workflow file: akarlin3/prismTask/.github/workflows/web-ci.yml@refs/pull/1754/merge
Job(s):        web-lint, web-build, web-lint-and-test
Run ID:        26269690035
Run attempt:   1
Run URL:       https://github.com/akarlin3/prismTask/actions/runs/26269690035
Commit:        e1a45da66d7b7c344e4f7e8c37717eb1cc620556
Branch:        1754/merge
Event:         pull_request
Actor:         akarlin3
Runner OS:     Linux
Timestamp:     2026-05-22T05:23:55.896Z

Failed steps:
  - web-lint: #5 Run ESLint
  - web-build: #5 Build web app
  - web-lint-and-test: #2 Verify split web checks

=== FAILED JOB LOG ===

--- Job: web-lint (id 77320397182) ---
2026-05-22T05:14:19.9650390Z Current runner version: '2.334.0'
2026-05-22T05:14:19.9684648Z ##[group]Runner Image Provisioner
2026-05-22T05:14:19.9685859Z Hosted Compute Agent
2026-05-22T05:14:19.9686851Z Version: 20260213.493
2026-05-22T05:14:19.9687772Z Commit: 5c115507f6dd24b8de37d8bbe0bb4509d0cc0fa3
2026-05-22T05:14:19.9689426Z Build Date: 2026-02-13T00:28:41Z
2026-05-22T05:14:19.9690604Z Worker ID: {9aee49f8-5d65-41ab-bb51-97203db09238}
2026-05-22T05:14:19.9691843Z Azure Region: westcentralus
2026-05-22T05:14:19.9692789Z ##[endgroup]
2026-05-22T05:14:19.9695828Z ##[group]Operating System
2026-05-22T05:14:19.9696882Z Ubuntu
2026-05-22T05:14:19.9697580Z 24.04.4
2026-05-22T05:14:19.9698786Z LTS
2026-05-22T05:14:19.9699526Z ##[endgroup]
2026-05-22T05:14:19.9700321Z ##[group]Runner Image
2026-05-22T05:14:19.9701131Z Image: ubuntu-24.04
2026-05-22T05:14:19.9702121Z Version: 20260518.149.1
2026-05-22T05:14:19.9704186Z Included Software: https://github.com/actions/runner-images/blob/ubuntu24/20260518.149/images/ubuntu/Ubuntu2404-Readme.md
2026-05-22T05:14:19.9706952Z Image Release: https://github.com/actions/runner-images/releases/tag/ubuntu24%2F20260518.149
2026-05-22T05:14:19.9708909Z ##[endgroup]
2026-05-22T05:14:19.9711180Z ##[group]GITHUB_TOKEN Permissions
2026-05-22T05:14:19.9713926Z Actions: read
2026-05-22T05:14:19.9714819Z Checks: read
2026-05-22T05:14:19.9715775Z Contents: write
2026-05-22T05:14:19.9716677Z Metadata: read
2026-05-22T05:14:19.9717508Z PullRequests: read
2026-05-22T05:14:19.9718935Z ##[endgroup]
2026-05-22T05:14:19.9721930Z Secret source: Actions
2026-05-22T05:14:19.9723036Z Prepare workflow directory
2026-05-22T05:14:20.0514156Z Prepare all required actions
2026-05-22T05:14:20.0622095Z Getting action download info
2026-05-22T05:14:20.5437508Z Download action repository 'actions/checkout@v6' (SHA:de0fac2e4500dabe0009e67214ff5f5447ce83dd)
2026-05-22T05:14:20.7888969Z Complete job name: web-lint
2026-05-22T05:14:20.8587856Z ##[group]Run actions/checkout@v6
2026-05-22T05:14:20.8589164Z with:
2026-05-22T05:14:20.8589641Z   repository: akarlin3/prismTask
2026-05-22T05:14:20.8590320Z   token: ***
2026-05-22T05:14:20.8590699Z   ssh-strict: true
2026-05-22T05:14:20.8591106Z   ssh-user: git
2026-05-22T05:14:20.8591514Z   persist-credentials: true
2026-05-22T05:14:20.8591960Z   clean: true
2026-05-22T05:14:20.8592357Z   sparse-checkout-cone-mode: true
2026-05-22T05:14:20.8592843Z   fetch-depth: 1
2026-05-22T05:14:20.8593230Z   fetch-tags: false
2026-05-22T05:14:20.8593635Z   show-progress: true
2026-05-22T05:14:20.8594053Z   lfs: false
2026-05-22T05:14:20.8594428Z   submodules: false
2026-05-22T05:14:20.8594846Z   set-safe-directory: true
2026-05-22T05:14:20.8595540Z ##[endgroup]
2026-05-22T05:14:20.9753743Z Syncing repository: akarlin3/prismTask
2026-05-22T05:14:20.9757392Z ##[group]Getting Git version info
2026-05-22T05:14:20.9759520Z Working directory is '/home/runner/work/prismTask/prismTask'
2026-05-22T05:14:20.9762975Z [command]/usr/bin/git version
2026-05-22T05:14:20.9837169Z git version 2.54.0
2026-05-22T05:14:20.9896881Z ##[endgroup]
2026-05-22T05:14:21.0982727Z Temporarily overriding HOME='/home/runner/work/_temp/2ca3b156-b769-4025-973a-498ae12de5fe' before making global git config changes
2026-05-22T05:14:21.0984597Z Adding repository directory to the temporary git global config as a safe directory
2026-05-22T05:14:21.0986247Z [command]/usr/bin/git config --global --add safe.directory /home/runner/work/prismTask/prismTask
2026-05-22T05:14:21.0998522Z Deleting the contents of '/home/runner/work/prismTask/prismTask'
2026-05-22T05:14:21.1000485Z ##[group]Initializing the repository
2026-05-22T05:14:21.1001616Z [command]/usr/bin/git init /home/runner/work/prismTask/prismTask
2026-05-22T05:14:21.1003046Z hint: Using 'master' as the name for the initial branch. This default branch name
2026-05-22T05:14:21.1004424Z hint: will change to "main" in Git 3.0. To configure the initial branch name
2026-05-22T05:14:21.1005812Z hint: to use in all of your new repositories, which will suppress this warning,
2026-05-22T05:14:21.1006852Z hint: call:
2026-05-22T05:14:21.1008255Z hint:
2026-05-22T05:14:21.1010777Z hint: 	git config --global init.defaultBranch <name>
2026-05-22T05:14:21.1013211Z hint:
2026-05-22T05:14:21.1019415Z hint: Names commonly chosen instead of 'master' are 'main', 'trunk' and
2026-05-22T05:14:21.1027289Z hint: 'development'. The just-created branch can be renamed via this command:
2026-05-22T05:14:21.1029134Z hint:
2026-05-22T05:14:21.1032061Z hint: 	git branch -m <name>
2026-05-22T05:14:21.1032942Z hint:
2026-05-22T05:14:21.1033967Z hint: Disable this message with "git config set advice.defaultBranchName false"
2026-05-22T05:14:21.1035647Z Initialized empty Git repository in /home/runner/work/prismTask/prismTask/.git/
2026-05-22T05:14:21.1038588Z [command]/usr/bin/git remote add origin https://github.com/akarlin3/prismTask
2026-05-22T05:14:21.1041145Z ##[endgroup]
2026-05-22T05:14:21.1042339Z ##[group]Disabling automatic garbage collection
2026-05-22T05:14:21.1043367Z [command]/usr/bin/git config --local gc.auto 0
2026-05-22T05:14:21.1045766Z ##[endgroup]
2026-05-22T05:14:21.1046821Z ##[group]Setting up auth
2026-05-22T05:14:21.1047612Z Removing SSH command configuration
2026-05-22T05:14:21.1049462Z [command]/usr/bin/git config --local --name-only --get-regexp core\.sshCommand
2026-05-22T05:14:21.1052981Z [command]/usr/bin/git submodule foreach --recursive sh -c "git config --local --name-only --get-regexp 'core\.sshCommand' && git config --local --unset-all 'core.sshCommand' || :"
2026-05-22T05:14:21.1056121Z Removing HTTP extra header
2026-05-22T05:14:21.1057528Z [command]/usr/bin/git config --local --name-only --get-regexp http\.https\:\/\/github\.com\/\.extraheader
2026-05-22T05:14:21.1062348Z [command]/usr/bin/git submodule foreach --recursive sh -c "git config --local --name-only --get-regexp 'http\.https\:\/\/github\.com\/\.extraheader' && git config --local --unset-all 'http.https://github.com/.extraheader' || :"
2026-05-22T05:14:21.1122821Z Removing includeIf entries pointing to credentials config files
2026-05-22T05:14:21.1124743Z [command]/usr/bin/git config --local --name-only --get-regexp ^includeIf\.gitdir:
2026-05-22T05:14:21.1155580Z [command]/usr/bin/git submodule foreach --recursive git config --local --show-origin --name-only --get-regexp remote.origin.url
2026-05-22T05:14:21.1389263Z [command]/usr/bin/git config --file /home/runner/work/_temp/git-credentials-54fdb2ea-8125-4a3a-a872-c98dfaa4b6cb.config http.https://github.com/.extraheader AUTHORIZATION: basic ***
2026-05-22T05:14:21.1452467Z [command]/usr/bin/git config --local includeIf.gitdir:/home/runner/work/prismTask/prismTask/.git.path /home/runner/work/_temp/git-credentials-54fdb2ea-8125-4a3a-a872-c98dfaa4b6cb.config
2026-05-22T05:14:21.1472418Z [command]/usr/bin/git config --local includeIf.gitdir:/home/runner/work/prismTask/prismTask/.git/worktrees/*.path /home/runner/work/_temp/git-credentials-54fdb2ea-8125-4a3a-a872-c98dfaa4b6cb.config
2026-05-22T05:14:21.1509081Z [command]/usr/bin/git config --local includeIf.gitdir:/github/workspace/.git.path /github/runner_temp/git-credentials-54fdb2ea-8125-4a3a-a872-c98dfaa4b6cb.config
2026-05-22T05:14:21.1542603Z [command]/usr/bin/git config --local includeIf.gitdir:/github/workspace/.git/worktrees/*.path /github/runner_temp/git-credentials-54fdb2ea-8125-4a3a-a872-c98dfaa4b6cb.config
2026-05-22T05:14:21.1577587Z ##[endgroup]
2026-05-22T05:14:21.1579325Z ##[group]Fetching the repository
2026-05-22T05:14:21.1587165Z [command]/usr/bin/git -c protocol.version=2 fetch --no-tags --prune --no-recurse-submodules --depth=1 origin +e1a45da66d7b7c344e4f7e8c37717eb1cc620556:refs/remotes/pull/1754/merge
2026-05-22T05:14:23.9575417Z From https://github.com/akarlin3/prismTask
2026-05-22T05:14:23.9582489Z  * [new ref]         e1a45da66d7b7c344e4f7e8c37717eb1cc620556 -> pull/1754/merge
2026-05-22T05:14:23.9618941Z ##[endgroup]
2026-05-22T05:14:23.9621230Z ##[group]Determining the checkout info
2026-05-22T05:14:23.9623497Z ##[endgroup]
2026-05-22T05:14:23.9627402Z [command]/usr/bin/git sparse-checkout disable
2026-05-22T05:14:23.9674971Z [command]/usr/bin/git config --local --unset-all extensions.worktreeConfig
2026-05-22T05:14:23.9708963Z ##[group]Checking out the ref
2026-05-22T05:14:23.9712070Z [command]/usr/bin/git checkout --progress --force refs/remotes/pull/1754/merge
2026-05-22T05:14:24.2939568Z Note: switching to 'refs/remotes/pull/1754/merge'.
2026-05-22T05:14:24.2940225Z 
2026-05-22T05:14:24.2940932Z You are in 'detached HEAD' state. You can look around, make experimental
2026-05-22T05:14:24.2944700Z changes and commit them, and you can discard any commits you make in this
2026-05-22T05:14:24.2945832Z state without impacting any branches by switching back to a branch.
2026-05-22T05:14:24.2946549Z 
2026-05-22T05:14:24.2947046Z If you want to create a new branch to retain commits you create, you may
2026-05-22T05:14:24.2948389Z do so (now or later) by using -c with the switch command. Example:
2026-05-22T05:14:24.2949159Z 
2026-05-22T05:14:24.2949503Z   git switch -c <new-branch-name>
2026-05-22T05:14:24.2949990Z 
2026-05-22T05:14:24.2950315Z Or undo this operation with:
2026-05-22T05:14:24.2950779Z 
2026-05-22T05:14:24.2951134Z   git switch -
2026-05-22T05:14:24.2951658Z 
2026-05-22T05:14:24.2952310Z Turn off this advice by setting config variable advice.detachedHead to false
2026-05-22T05:14:24.2953013Z 
2026-05-22T05:14:24.2953820Z HEAD is now at e1a45da Merge 4c959253ed486d2802ab57f7ab3445b529e626c9 into dc8d9429fc6cdae5fb0b437eb46e46faff5884de
2026-05-22T05:14:24.2966972Z ##[endgroup]
2026-05-22T05:14:24.3013780Z [command]/usr/bin/git log -1 --format=%H
2026-05-22T05:14:24.3039404Z e1a45da66d7b7c344e4f7e8c37717eb1cc620556
2026-05-22T05:14:24.3332120Z Prepare all required actions
2026-05-22T05:14:24.3332628Z Getting action download info
2026-05-22T05:14:24.4992330Z Download action repository 'actions/setup-node@v4' (SHA:49933ea5288caeca8642d1e84afbd3f7d6820020)
2026-05-22T05:14:24.6076351Z ##[group]Run ./.github/actions/setup-node-web
2026-05-22T05:14:24.6076706Z ##[endgroup]
2026-05-22T05:14:24.6206483Z ##[group]Run actions/setup-node@v4
2026-05-22T05:14:24.6206832Z with:
2026-05-22T05:14:24.6207085Z   node-version: 22
2026-05-22T05:14:24.6207312Z   cache: npm
2026-05-22T05:14:24.6207567Z   cache-dependency-path: web/package-lock.json
2026-05-22T05:14:24.6207903Z   always-auth: false
2026-05-22T05:14:24.6208341Z   check-latest: false
2026-05-22T05:14:24.6208718Z   token: ***
2026-05-22T05:14:24.6208930Z ##[endgroup]
2026-05-22T05:14:24.8101485Z Found in cache @ /opt/hostedtoolcache/node/22.22.3/x64
2026-05-22T05:14:24.8109131Z ##[group]Environment details
2026-05-22T05:14:25.3325300Z node: v22.22.3
2026-05-22T05:14:25.3339618Z npm: 10.9.8
2026-05-22T05:14:25.3340620Z yarn: 1.22.22
2026-05-22T05:14:25.3341921Z ##[endgroup]
2026-05-22T05:14:25.3379003Z [command]/opt/hostedtoolcache/node/22.22.3/x64/bin/npm config get cache
2026-05-22T05:14:25.5417699Z /home/runner/.npm
2026-05-22T05:14:25.8301008Z npm cache is not found
2026-05-22T05:14:25.8472747Z ##[group]Run npm ci
2026-05-22T05:14:25.8473028Z [36;1mnpm ci[0m
2026-05-22T05:14:25.8519755Z shell: /usr/bin/bash --noprofile --norc -e -o pipefail {0}
2026-05-22T05:14:25.8520115Z ##[endgroup]
2026-05-22T05:14:41.9366597Z 
2026-05-22T05:14:41.9376212Z added 436 packages, and audited 437 packages in 16s
2026-05-22T05:14:41.9377247Z 
2026-05-22T05:14:41.9377867Z 94 packages are looking for funding
2026-05-22T05:14:41.9379273Z   run `npm fund` for details
2026-05-22T05:14:41.9461546Z 
2026-05-22T05:14:41.9462154Z 4 vulnerabilities (3 moderate, 1 critical)
2026-05-22T05:14:41.9462832Z 
2026-05-22T05:14:41.9463372Z To address all issues, run:
2026-05-22T05:14:41.9464158Z   npm audit fix
2026-05-22T05:14:41.9464674Z 
2026-05-22T05:14:41.9465129Z Run `npm audit` for details.
2026-05-22T05:14:42.0086510Z ##[group]Run npm run lint
2026-05-22T05:14:42.0086794Z [36;1mnpm run lint[0m
2026-05-22T05:14:42.0120735Z shell: /usr/bin/bash -e {0}
2026-05-22T05:14:42.0120980Z ##[endgroup]
2026-05-22T05:14:42.1239339Z 
2026-05-22T05:14:42.1240144Z > web@2.0.0 lint
2026-05-22T05:14:42.1241104Z > eslint .
2026-05-22T05:14:42.1242171Z 
2026-05-22T05:15:13.8828444Z 
2026-05-22T05:15:13.8829763Z /home/runner/work/prismTask/prismTask/web/src/routes/index.tsx
2026-05-22T05:15:13.8875757Z ##[error]  14:7  error  Fast refresh only works when a file only exports components. Move your component(s) to a separate file. If all exports are HOCs, add them to the `extraHOCs` option  react-refresh/only-export-components
2026-05-22T05:15:13.8891274Z ##[error]  15:7  error  Fast refresh only works when a file only exports components. Move your component(s) to a separate file. If all exports are HOCs, add them to the `extraHOCs` option  react-refresh/only-export-components
2026-05-22T05:15:13.8895744Z ##[error]  18:7  error  Fast refresh only works when a file only exports components. Move your component(s) to a separate file. If all exports are HOCs, add them to the `extraHOCs` option  react-refresh/only-export-components
2026-05-22T05:15:13.8900666Z ##[error]  19:7  error  Fast refresh only works when a file only exports components. Move your component(s) to a separate file. If all exports are HOCs, add them to the `extraHOCs` option  react-refresh/only-export-components
2026-05-22T05:15:13.8905005Z ##[error]  20:7  error  Fast refresh only works when a file only exports components. Move your component(s) to a separate file. If all exports are HOCs, add them to the `extraHOCs` option  react-refresh/only-export-components
2026-05-22T05:15:13.8906995Z 
2026-05-22T05:15:13.8907537Z ✖ 5 problems (5 errors, 0 warnings)
2026-05-22T05:15:13.8907835Z 
2026-05-22T05:15:14.0808872Z ##[error]Process completed with exit code 1.
2026-05-22T05:15:14.0876683Z Post job cleanup.
2026-05-22T05:15:14.0960970Z Post job cleanup.
2026-05-22T05:15:14.1855822Z [command]/usr/bin/git version
2026-05-22T05:15:14.1897415Z git version 2.54.0
2026-05-22T05:15:14.1943104Z Temporarily overriding HOME='/home/runner/work/_temp/44bc95be-75c2-4c7a-84e5-296b5c4bf291' before making global git config changes
2026-05-22T05:15:14.1946630Z Adding repository directory to the temporary git global config as a safe directory
2026-05-22T05:15:14.1949691Z [command]/usr/bin/git config --global --add safe.directory /home/runner/work/prismTask/prismTask
2026-05-22T05:15:14.1983888Z Removing SSH command configuration
2026-05-22T05:15:14.1993005Z [command]/usr/bin/git config --local --name-only --get-regexp core\.sshCommand
2026-05-22T05:15:14.2032370Z [command]/usr/bin/git submodule foreach --recursive sh -c "git config --local --name-only --get-regexp 'core\.sshCommand' && git config --local --unset-all 'core.sshCommand' || :"
2026-05-22T05:15:14.2309724Z Removing HTTP extra header
2026-05-22T05:15:14.2316045Z [command]/usr/bin/git config --local --name-only --get-regexp http\.https\:\/\/github\.com\/\.extraheader
2026-05-22T05:15:14.2354346Z [command]/usr/bin/git submodule foreach --recursive sh -c "git config --local --name-only --get-regexp 'http\.https\:\/\/github\.com\/\.extraheader' && git config --local --unset-all 'http.https://github.com/.extraheader' || :"
2026-05-22T05:15:14.2586305Z Removing includeIf entries pointing to credentials config files
2026-05-22T05:15:14.2593635Z [command]/usr/bin/git config --local --name-only --get-regexp ^includeIf\.gitdir:
2026-05-22T05:15:14.2620675Z includeif.gitdir:/home/runner/work/prismTask/prismTask/.git.path
2026-05-22T05:15:14.2621859Z includeif.gitdir:/home/runner/work/prismTask/prismTask/.git/worktrees/*.path
2026-05-22T05:15:14.2623112Z includeif.gitdir:/github/workspace/.git.path
2026-05-22T05:15:14.2624465Z includeif.gitdir:/github/workspace/.git/worktrees/*.path
2026-05-22T05:15:14.2632747Z [command]/usr/bin/git config --local --get-all includeif.gitdir:/home/runner/work/prismTask/prismTask/.git.path
2026-05-22T05:15:14.2655132Z /home/runner/work/_temp/git-credentials-54fdb2ea-8125-4a3a-a872-c98dfaa4b6cb.config
2026-05-22T05:15:14.2669304Z [command]/usr/bin/git config --local --unset includeif.gitdir:/home/runner/work/prismTask/prismTask/.git.path /home/runner/work/_temp/git-credentials-54fdb2ea-8125-4a3a-a872-c98dfaa4b6cb.config
2026-05-22T05:15:14.2709468Z [command]/usr/bin/git config --local --get-all includeif.gitdir:/home/runner/work/prismTask/prismTask/.git/worktrees/*.path
2026-05-22T05:15:14.2732503Z /home/runner/work/_temp/git-credentials-54fdb2ea-8125-4a3a-a872-c98dfaa4b6cb.config
2026-05-22T05:15:14.2746418Z [command]/usr/bin/git config --local --unset includeif.gitdir:/home/runner/work/prismTask/prismTask/.git/worktrees/*.path /home/runner/work/_temp/git-credentials-54fdb2ea-8125-4a3a-a872-c98dfaa4b6cb.config
2026-05-22T05:15:14.2780104Z [command]/usr/bin/git config --local --get-all includeif.gitdir:/github/workspace/.git.path
2026-05-22T05:15:14.2803554Z /github/runner_temp/git-credentials-54fdb2ea-8125-4a3a-a872-c98dfaa4b6cb.config
2026-05-22T05:15:14.2813947Z [command]/usr/bin/git config --local --unset includeif.gitdir:/github/workspace/.git.path /github/runner_temp/git-credentials-54fdb2ea-8125-4a3a-a872-c98dfaa4b6cb.config
2026-05-22T05:15:14.2846993Z [command]/usr/bin/git config --local --get-all includeif.gitdir:/github/workspace/.git/worktrees/*.path
2026-05-22T05:15:14.2869387Z /github/runner_temp/git-credentials-54fdb2ea-8125-4a3a-a872-c98dfaa4b6cb.config
2026-05-22T05:15:14.2882616Z [command]/usr/bin/git config --local --unset includeif.gitdir:/github/workspace/.git/worktrees/*.path /github/runner_temp/git-credentials-54fdb2ea-8125-4a3a-a872-c98dfaa4b6cb.config
2026-05-22T05:15:14.2918224Z [command]/usr/bin/git submodule foreach --recursive git config --local --show-origin --name-only --get-regexp remote.origin.url
2026-05-22T05:15:14.3149582Z Removing credentials config '/home/runner/work/_temp/git-credentials-54fdb2ea-8125-4a3a-a872-c98dfaa4b6cb.config'
2026-05-22T05:15:14.3297024Z Cleaning up orphan processes
2026-05-22T05:15:14.3555008Z ##[warning]Node.js 20 actions are deprecated. The following actions are running on Node.js 20 and may not work as expected: actions/setup-node@v4. Actions will be forced to run with Node.js 24 by default starting June 2nd, 2026. Node.js 20 will be removed from the runner on September 16th, 2026. Please check if updated versions of these actions are available that support Node.js 24. To opt into Node.js 24 now, set the FORCE_JAVASCRIPT_ACTIONS_TO_NODE24=true environment variable on the runner or in your workflow file. Once Node.js 24 becomes the default, you can temporarily opt out by setting ACTIONS_ALLOW_USE_UNSECURE_NODE_VERSION=true. For more information see: https://github.blog/changelog/2025-09-19-deprecation-of-node-20-on-github-actions-runners/


--- Job: web-build (id 77320397196) ---
2026-05-22T05:16:07.3874800Z Current runner version: '2.334.0'
2026-05-22T05:16:07.3908454Z ##[group]Runner Image Provisioner
2026-05-22T05:16:07.3909580Z Hosted Compute Agent
2026-05-22T05:16:07.3910297Z Version: 20260213.493
2026-05-22T05:16:07.3911334Z Commit: 5c115507f6dd24b8de37d8bbe0bb4509d0cc0fa3
2026-05-22T05:16:07.3912326Z Build Date: 2026-02-13T00:28:41Z
2026-05-22T05:16:07.3913528Z Worker ID: {35dac49b-90b7-4c50-bea3-f76ecbb56c88}
2026-05-22T05:16:07.3914726Z Azure Region: westcentralus
2026-05-22T05:16:07.3915603Z ##[endgroup]
2026-05-22T05:16:07.3918176Z ##[group]Operating System
2026-05-22T05:16:07.3919186Z Ubuntu
2026-05-22T05:16:07.3919892Z 24.04.4
2026-05-22T05:16:07.3920614Z LTS
2026-05-22T05:16:07.3921450Z ##[endgroup]
2026-05-22T05:16:07.3922147Z ##[group]Runner Image
2026-05-22T05:16:07.3923280Z Image: ubuntu-24.04
2026-05-22T05:16:07.3924066Z Version: 20260518.149.1
2026-05-22T05:16:07.3925966Z Included Software: https://github.com/actions/runner-images/blob/ubuntu24/20260518.149/images/ubuntu/Ubuntu2404-Readme.md
2026-05-22T05:16:07.3928405Z Image Release: https://github.com/actions/runner-images/releases/tag/ubuntu24%2F20260518.149
2026-05-22T05:16:07.3929882Z ##[endgroup]
2026-05-22T05:16:07.3931910Z ##[group]GITHUB_TOKEN Permissions
2026-05-22T05:16:07.3934781Z Actions: read
2026-05-22T05:16:07.3935519Z Checks: read
2026-05-22T05:16:07.3936420Z Contents: write
2026-05-22T05:16:07.3937166Z Metadata: read
2026-05-22T05:16:07.3937937Z PullRequests: read
2026-05-22T05:16:07.3938618Z ##[endgroup]
2026-05-22T05:16:07.3941587Z Secret source: Actions
2026-05-22T05:16:07.3942527Z Prepare workflow directory
2026-05-22T05:16:07.4561026Z Prepare all required actions
2026-05-22T05:16:07.4614521Z Getting action download info
2026-05-22T05:16:07.9559308Z Download action repository 'actions/checkout@v6' (SHA:de0fac2e4500dabe0009e67214ff5f5447ce83dd)
2026-05-22T05:16:08.1984330Z Complete job name: web-build
2026-05-22T05:16:08.2676647Z ##[group]Run actions/checkout@v6
2026-05-22T05:16:08.2677413Z with:
2026-05-22T05:16:08.2677815Z   repository: akarlin3/prismTask
2026-05-22T05:16:08.2678497Z   token: ***
2026-05-22T05:16:08.2678882Z   ssh-strict: true
2026-05-22T05:16:08.2679276Z   ssh-user: git
2026-05-22T05:16:08.2679665Z   persist-credentials: true
2026-05-22T05:16:08.2680107Z   clean: true
2026-05-22T05:16:08.2680499Z   sparse-checkout-cone-mode: true
2026-05-22T05:16:08.2680969Z   fetch-depth: 1
2026-05-22T05:16:08.2681349Z   fetch-tags: false
2026-05-22T05:16:08.2681744Z   show-progress: true
2026-05-22T05:16:08.2682135Z   lfs: false
2026-05-22T05:16:08.2682512Z   submodules: false
2026-05-22T05:16:08.2683350Z   set-safe-directory: true
2026-05-22T05:16:08.2684148Z ##[endgroup]
2026-05-22T05:16:08.3869093Z Syncing repository: akarlin3/prismTask
2026-05-22T05:16:08.3872246Z ##[group]Getting Git version info
2026-05-22T05:16:08.3874132Z Working directory is '/home/runner/work/prismTask/prismTask'
2026-05-22T05:16:08.3876440Z [command]/usr/bin/git version
2026-05-22T05:16:08.3963595Z git version 2.54.0
2026-05-22T05:16:08.3974213Z ##[endgroup]
2026-05-22T05:16:08.3992313Z Temporarily overriding HOME='/home/runner/work/_temp/c85e143b-0e2f-4516-9616-4afd48ea52c4' before making global git config changes
2026-05-22T05:16:08.3995272Z Adding repository directory to the temporary git global config as a safe directory
2026-05-22T05:16:08.4000953Z [command]/usr/bin/git config --global --add safe.directory /home/runner/work/prismTask/prismTask
2026-05-22T05:16:08.4058875Z Deleting the contents of '/home/runner/work/prismTask/prismTask'
2026-05-22T05:16:08.4064901Z ##[group]Initializing the repository
2026-05-22T05:16:08.4070201Z [command]/usr/bin/git init /home/runner/work/prismTask/prismTask
2026-05-22T05:16:08.4173324Z hint: Using 'master' as the name for the initial branch. This default branch name
2026-05-22T05:16:08.4174961Z hint: will change to "main" in Git 3.0. To configure the initial branch name
2026-05-22T05:16:08.4178331Z hint: to use in all of your new repositories, which will suppress this warning,
2026-05-22T05:16:08.4180044Z hint: call:
2026-05-22T05:16:08.4184130Z hint:
2026-05-22T05:16:08.4185490Z hint: 	git config --global init.defaultBranch <name>
2026-05-22T05:16:08.4187019Z hint:
2026-05-22T05:16:08.4188124Z hint: Names commonly chosen instead of 'master' are 'main', 'trunk' and
2026-05-22T05:16:08.4191765Z hint: 'development'. The just-created branch can be renamed via this command:
2026-05-22T05:16:08.4193372Z hint:
2026-05-22T05:16:08.4195450Z hint: 	git branch -m <name>
2026-05-22T05:16:08.4200233Z hint:
2026-05-22T05:16:08.4201437Z hint: Disable this message with "git config set advice.defaultBranchName false"
2026-05-22T05:16:08.4203287Z Initialized empty Git repository in /home/runner/work/prismTask/prismTask/.git/
2026-05-22T05:16:08.4206091Z [command]/usr/bin/git remote add origin https://github.com/akarlin3/prismTask
2026-05-22T05:16:08.4248481Z ##[endgroup]
2026-05-22T05:16:08.4249618Z ##[group]Disabling automatic garbage collection
2026-05-22T05:16:08.4250643Z [command]/usr/bin/git config --local gc.auto 0
2026-05-22T05:16:08.5125337Z ##[endgroup]
2026-05-22T05:16:08.5126643Z ##[group]Setting up auth
2026-05-22T05:16:08.5128861Z Removing SSH command configuration
2026-05-22T05:16:08.5130414Z [command]/usr/bin/git config --local --name-only --get-regexp core\.sshCommand
2026-05-22T05:16:08.5134712Z [command]/usr/bin/git submodule foreach --recursive sh -c "git config --local --name-only --get-regexp 'core\.sshCommand' && git config --local --unset-all 'core.sshCommand' || :"
2026-05-22T05:16:08.5139579Z Removing HTTP extra header
2026-05-22T05:16:08.5141156Z [command]/usr/bin/git config --local --name-only --get-regexp http\.https\:\/\/github\.com\/\.extraheader
2026-05-22T05:16:08.5147345Z [command]/usr/bin/git submodule foreach --recursive sh -c "git config --local --name-only --get-regexp 'http\.https\:\/\/github\.com\/\.extraheader' && git config --local --unset-all 'http.https://github.com/.extraheader' || :"
2026-05-22T05:16:08.5211863Z Removing includeIf entries pointing to credentials config files
2026-05-22T05:16:08.5218946Z [command]/usr/bin/git config --local --name-only --get-regexp ^includeIf\.gitdir:
2026-05-22T05:16:08.5258294Z [command]/usr/bin/git submodule foreach --recursive git config --local --show-origin --name-only --get-regexp remote.origin.url
2026-05-22T05:16:08.5514708Z [command]/usr/bin/git config --file /home/runner/work/_temp/git-credentials-eb97c608-bad4-427e-b3fa-734d30d18abb.config http.https://github.com/.extraheader AUTHORIZATION: basic ***
2026-05-22T05:16:08.5550492Z [command]/usr/bin/git config --local includeIf.gitdir:/home/runner/work/prismTask/prismTask/.git.path /home/runner/work/_temp/git-credentials-eb97c608-bad4-427e-b3fa-734d30d18abb.config
2026-05-22T05:16:08.5585541Z [command]/usr/bin/git config --local includeIf.gitdir:/home/runner/work/prismTask/prismTask/.git/worktrees/*.path /home/runner/work/_temp/git-credentials-eb97c608-bad4-427e-b3fa-734d30d18abb.config
2026-05-22T05:16:08.5626567Z [command]/usr/bin/git config --local includeIf.gitdir:/github/workspace/.git.path /github/runner_temp/git-credentials-eb97c608-bad4-427e-b3fa-734d30d18abb.config
2026-05-22T05:16:08.5665738Z [command]/usr/bin/git config --local includeIf.gitdir:/github/workspace/.git/worktrees/*.path /github/runner_temp/git-credentials-eb97c608-bad4-427e-b3fa-734d30d18abb.config
2026-05-22T05:16:08.5722921Z ##[endgroup]
2026-05-22T05:16:08.5724417Z ##[group]Fetching the repository
2026-05-22T05:16:08.5731107Z [command]/usr/bin/git -c protocol.version=2 fetch --no-tags --prune --no-recurse-submodules --depth=1 origin +e1a45da66d7b7c344e4f7e8c37717eb1cc620556:refs/remotes/pull/1754/merge
2026-05-22T05:16:11.2325787Z From https://github.com/akarlin3/prismTask
2026-05-22T05:16:11.2327802Z  * [new ref]         e1a45da66d7b7c344e4f7e8c37717eb1cc620556 -> pull/1754/merge
2026-05-22T05:16:11.2365303Z ##[endgroup]
2026-05-22T05:16:11.2366627Z ##[group]Determining the checkout info
2026-05-22T05:16:11.2367944Z ##[endgroup]
2026-05-22T05:16:11.2374073Z [command]/usr/bin/git sparse-checkout disable
2026-05-22T05:16:11.2423364Z [command]/usr/bin/git config --local --unset-all extensions.worktreeConfig
2026-05-22T05:16:11.2456205Z ##[group]Checking out the ref
2026-05-22T05:16:11.2460118Z [command]/usr/bin/git checkout --progress --force refs/remotes/pull/1754/merge
2026-05-22T05:16:11.5845754Z Note: switching to 'refs/remotes/pull/1754/merge'.
2026-05-22T05:16:11.5846827Z 
2026-05-22T05:16:11.5847374Z You are in 'detached HEAD' state. You can look around, make experimental
2026-05-22T05:16:11.5848321Z changes and commit them, and you can discard any commits you make in this
2026-05-22T05:16:11.5849320Z state without impacting any branches by switching back to a branch.
2026-05-22T05:16:11.5849932Z 
2026-05-22T05:16:11.5850412Z If you want to create a new branch to retain commits you create, you may
2026-05-22T05:16:11.5851323Z do so (now or later) by using -c with the switch command. Example:
2026-05-22T05:16:11.5851977Z 
2026-05-22T05:16:11.5852305Z   git switch -c <new-branch-name>
2026-05-22T05:16:11.5852930Z 
2026-05-22T05:16:11.5853301Z Or undo this operation with:
2026-05-22T05:16:11.5853713Z 
2026-05-22T05:16:11.5854035Z   git switch -
2026-05-22T05:16:11.5854641Z 
2026-05-22T05:16:11.5855232Z Turn off this advice by setting config variable advice.detachedHead to false
2026-05-22T05:16:11.5855860Z 
2026-05-22T05:16:11.5856586Z HEAD is now at e1a45da Merge 4c959253ed486d2802ab57f7ab3445b529e626c9 into dc8d9429fc6cdae5fb0b437eb46e46faff5884de
2026-05-22T05:16:11.5879321Z ##[endgroup]
2026-05-22T05:16:11.5927673Z [command]/usr/bin/git log -1 --format=%H
2026-05-22T05:16:11.5955995Z e1a45da66d7b7c344e4f7e8c37717eb1cc620556
2026-05-22T05:16:11.6267263Z Prepare all required actions
2026-05-22T05:16:11.6267783Z Getting action download info
2026-05-22T05:16:11.8041589Z Download action repository 'actions/setup-node@v4' (SHA:49933ea5288caeca8642d1e84afbd3f7d6820020)
2026-05-22T05:16:11.9168182Z ##[group]Run ./.github/actions/setup-node-web
2026-05-22T05:16:11.9168539Z ##[endgroup]
2026-05-22T05:16:11.9301926Z ##[group]Run actions/setup-node@v4
2026-05-22T05:16:11.9302311Z with:
2026-05-22T05:16:11.9302566Z   node-version: 22
2026-05-22T05:16:11.9302977Z   cache: npm
2026-05-22T05:16:11.9303247Z   cache-dependency-path: web/package-lock.json
2026-05-22T05:16:11.9303591Z   always-auth: false
2026-05-22T05:16:11.9303829Z   check-latest: false
2026-05-22T05:16:11.9304222Z   token: ***
2026-05-22T05:16:11.9304453Z ##[endgroup]
2026-05-22T05:16:12.1418492Z Found in cache @ /opt/hostedtoolcache/node/22.22.3/x64
2026-05-22T05:16:12.1426426Z ##[group]Environment details
2026-05-22T05:16:12.6226783Z node: v22.22.3
2026-05-22T05:16:12.6227928Z npm: 10.9.8
2026-05-22T05:16:12.6231145Z yarn: 1.22.22
2026-05-22T05:16:12.6233905Z ##[endgroup]
2026-05-22T05:16:12.6251955Z [command]/opt/hostedtoolcache/node/22.22.3/x64/bin/npm config get cache
2026-05-22T05:16:12.7439111Z /home/runner/.npm
2026-05-22T05:16:13.0223614Z npm cache is not found
2026-05-22T05:16:13.0371493Z ##[group]Run npm ci
2026-05-22T05:16:13.0371821Z [36;1mnpm ci[0m
2026-05-22T05:16:13.0420984Z shell: /usr/bin/bash --noprofile --norc -e -o pipefail {0}
2026-05-22T05:16:13.0421340Z ##[endgroup]
2026-05-22T05:16:27.8357217Z 
2026-05-22T05:16:27.8477055Z added 436 packages, and audited 437 packages in 15s
2026-05-22T05:16:27.8477822Z 
2026-05-22T05:16:27.8478206Z 94 packages are looking for funding
2026-05-22T05:16:27.8478677Z   run `npm fund` for details
2026-05-22T05:16:27.8478934Z 
2026-05-22T05:16:27.8479220Z 4 vulnerabilities (3 moderate, 1 critical)
2026-05-22T05:16:27.8479537Z 
2026-05-22T05:16:27.8479729Z To address all issues, run:
2026-05-22T05:16:27.8480118Z   npm audit fix
2026-05-22T05:16:27.8480346Z 
2026-05-22T05:16:27.8480522Z Run `npm audit` for details.
2026-05-22T05:16:27.9188359Z ##[group]Run npm run build
2026-05-22T05:16:27.9188661Z [36;1mnpm run build[0m
2026-05-22T05:16:27.9225719Z shell: /usr/bin/bash -e {0}
2026-05-22T05:16:27.9225982Z ##[endgroup]
2026-05-22T05:16:28.0302568Z 
2026-05-22T05:16:28.0303545Z > web@2.0.0 build
2026-05-22T05:16:28.0304406Z > tsc -b && vite build
2026-05-22T05:16:28.0305553Z 
2026-05-22T05:16:44.5470324Z ##[error]src/utils/__tests__/burnoutScorer.test.ts(11,40): error TS2352: Conversion of type '{ id: string; mood: number; energy: number; timestamp: string; user_id: string; date: string; notes: string; }[]' to type 'MoodEnergyLog[]' may be a mistake because neither type sufficiently overlaps with the other. If this was intentional, convert the expression to 'unknown' first.
2026-05-22T05:16:44.5487525Z   Object literal may only specify known properties, and 'timestamp' does not exist in type 'MoodEnergyLog'.
2026-05-22T05:16:44.5490042Z ##[error]src/utils/__tests__/notifications.test.ts(14,18): error TS2339: Property 'requestPermission' does not exist on type 'Mock<Procedure>'.
2026-05-22T05:16:44.5493117Z ##[error]src/utils/__tests__/notifications.test.ts(25,22): error TS2339: Property 'requestPermission' does not exist on type 'Mock<Procedure>'.
2026-05-22T05:16:44.5495846Z ##[error]src/utils/__tests__/notifications.test.ts(26,22): error TS2339: Property 'permission' does not exist on type 'Mock<Procedure>'.
2026-05-22T05:16:44.5498573Z ##[error]src/utils/__tests__/notifications.test.ts(60,24): error TS2339: Property 'permission' does not exist on type 'Mock<Procedure>'.
2026-05-22T05:16:44.5501286Z ##[error]src/utils/__tests__/notifications.test.ts(66,24): error TS2339: Property 'permission' does not exist on type 'Mock<Procedure>'.
2026-05-22T05:16:44.5524756Z ##[error]src/utils/__tests__/notifications.test.ts(72,24): error TS2339: Property 'permission' does not exist on type 'Mock<Procedure>'.
2026-05-22T05:16:44.5527675Z ##[error]src/utils/__tests__/notifications.test.ts(74,31): error TS2339: Property 'requestPermission' does not exist on type 'Mock<Procedure>'.
2026-05-22T05:16:44.5530388Z ##[error]src/utils/__tests__/notifications.test.ts(89,24): error TS2339: Property 'permission' does not exist on type 'Mock<Procedure>'.
2026-05-22T05:16:44.5573374Z ##[error]src/utils/__tests__/notifications.test.ts(104,24): error TS2339: Property 'permission' does not exist on type 'Mock<Procedure>'.
2026-05-22T05:16:44.5576599Z ##[error]src/utils/__tests__/notifications.test.ts(109,24): error TS2339: Property 'permission' does not exist on type 'Mock<Procedure>'.
2026-05-22T05:16:44.5579307Z ##[error]src/utils/__tests__/notifications.test.ts(122,24): error TS2339: Property 'permission' does not exist on type 'Mock<Procedure>'.
2026-05-22T05:16:44.5581960Z ##[error]src/utils/__tests__/notifications.test.ts(137,24): error TS2339: Property 'permission' does not exist on type 'Mock<Procedure>'.
2026-05-22T05:16:44.5625478Z ##[error]src/utils/__tests__/notifications.test.ts(149,24): error TS2339: Property 'permission' does not exist on type 'Mock<Procedure>'.
2026-05-22T05:16:44.5628289Z ##[error]src/utils/__tests__/notifications.test.ts(163,24): error TS2339: Property 'permission' does not exist on type 'Mock<Procedure>'.
2026-05-22T05:16:45.5248449Z ##[error]Process completed with exit code 2.
2026-05-22T05:16:45.5318582Z Post job cleanup.
2026-05-22T05:16:45.5401829Z Post job cleanup.
2026-05-22T05:16:45.6328545Z [command]/usr/bin/git version
2026-05-22T05:16:45.6372159Z git version 2.54.0
2026-05-22T05:16:45.6418247Z Temporarily overriding HOME='/home/runner/work/_temp/3db689d7-cfcc-415e-b110-5c1cccf458e3' before making global git config changes
2026-05-22T05:16:45.6419908Z Adding repository directory to the temporary git global config as a safe directory
2026-05-22T05:16:45.6422933Z [command]/usr/bin/git config --global --add safe.directory /home/runner/work/prismTask/prismTask
2026-05-22T05:16:45.6462886Z Removing SSH command configuration
2026-05-22T05:16:45.6471437Z [command]/usr/bin/git config --local --name-only --get-regexp core\.sshCommand
2026-05-22T05:16:45.6522612Z [command]/usr/bin/git submodule foreach --recursive sh -c "git config --local --name-only --get-regexp 'core\.sshCommand' && git config --local --unset-all 'core.sshCommand' || :"
2026-05-22T05:16:45.6781256Z Removing HTTP extra header
2026-05-22T05:16:45.6790384Z [command]/usr/bin/git config --local --name-only --get-regexp http\.https\:\/\/github\.com\/\.extraheader
2026-05-22T05:16:45.6829005Z [command]/usr/bin/git submodule foreach --recursive sh -c "git config --local --name-only --get-regexp 'http\.https\:\/\/github\.com\/\.extraheader' && git config --local --unset-all 'http.https://github.com/.extraheader' || :"
2026-05-22T05:16:45.7088620Z Removing includeIf entries pointing to credentials config files
2026-05-22T05:16:45.7098038Z [command]/usr/bin/git config --local --name-only --get-regexp ^includeIf\.gitdir:
2026-05-22T05:16:45.7134623Z includeif.gitdir:/home/runner/work/prismTask/prismTask/.git.path
2026-05-22T05:16:45.7135800Z includeif.gitdir:/home/runner/work/prismTask/prismTask/.git/worktrees/*.path
2026-05-22T05:16:45.7136822Z includeif.gitdir:/github/workspace/.git.path
2026-05-22T05:16:45.7137732Z includeif.gitdir:/github/workspace/.git/worktrees/*.path
2026-05-22T05:16:45.7145900Z [command]/usr/bin/git config --local --get-all includeif.gitdir:/home/runner/work/prismTask/prismTask/.git.path
2026-05-22T05:16:45.7172900Z /home/runner/work/_temp/git-credentials-eb97c608-bad4-427e-b3fa-734d30d18abb.config
2026-05-22T05:16:45.7187295Z [command]/usr/bin/git config --local --unset includeif.gitdir:/home/runner/work/prismTask/prismTask/.git.path /home/runner/work/_temp/git-credentials-eb97c608-bad4-427e-b3fa-734d30d18abb.config
2026-05-22T05:16:45.7230182Z [command]/usr/bin/git config --local --get-all includeif.gitdir:/home/runner/work/prismTask/prismTask/.git/worktrees/*.path
2026-05-22T05:16:45.7256057Z /home/runner/work/_temp/git-credentials-eb97c608-bad4-427e-b3fa-734d30d18abb.config
2026-05-22T05:16:45.7266721Z [command]/usr/bin/git config --local --unset includeif.gitdir:/home/runner/work/prismTask/prismTask/.git/worktrees/*.path /home/runner/work/_temp/git-credentials-eb97c608-bad4-427e-b3fa-734d30d18abb.config
2026-05-22T05:16:45.7301707Z [command]/usr/bin/git config --local --get-all includeif.gitdir:/github/workspace/.git.path
2026-05-22T05:16:45.7328727Z /github/runner_temp/git-credentials-eb97c608-bad4-427e-b3fa-734d30d18abb.config
2026-05-22T05:16:45.7337786Z [command]/usr/bin/git config --local --unset includeif.gitdir:/github/workspace/.git.path /github/runner_temp/git-credentials-eb97c608-bad4-427e-b3fa-734d30d18abb.config
2026-05-22T05:16:45.7372050Z [command]/usr/bin/git config --local --get-all includeif.gitdir:/github/workspace/.git/worktrees/*.path
2026-05-22T05:16:45.7396923Z /github/runner_temp/git-credentials-eb97c608-bad4-427e-b3fa-734d30d18abb.config
2026-05-22T05:16:45.7407299Z [command]/usr/bin/git config --local --unset includeif.gitdir:/github/workspace/.git/worktrees/*.path /github/runner_temp/git-credentials-eb97c608-bad4-427e-b3fa-734d30d18abb.config
2026-05-22T05:16:45.7444013Z [command]/usr/bin/git submodule foreach --recursive git config --local --show-origin --name-only --get-regexp remote.origin.url
2026-05-22T05:16:45.7693719Z Removing credentials config '/home/runner/work/_temp/git-credentials-eb97c608-bad4-427e-b3fa-734d30d18abb.config'
2026-05-22T05:16:45.7853343Z Cleaning up orphan processes
2026-05-22T05:16:45.8113025Z ##[warning]Node.js 20 actions are deprecated. The following actions are running on Node.js 20 and may not work as expected: actions/setup-node@v4. Actions will be forced to run with Node.js 24 by default starting June 2nd, 2026. Node.js 20 will be removed from the runner on September 16th, 2026. Please check if updated versions of these actions are available that support Node.js 24. To opt into Node.js 24 now, set the FORCE_JAVASCRIPT_ACTIONS_TO_NODE24=true environment variable on the runner or in your workflow file. Once Node.js 24 becomes the default, you can temporarily opt out by setting ACTIONS_ALLOW_USE_UNSECURE_NODE_VERSION=true. For more information see: https://github.blog/changelog/2025-09-19-deprecation-of-node-20-on-github-actions-runners/


--- Job: web-lint-and-test (id 77320842130) ---
2026-05-22T05:19:17.8343311Z Current runner version: '2.334.0'
2026-05-22T05:19:17.8377540Z ##[group]Runner Image Provisioner
2026-05-22T05:19:17.8379301Z Hosted Compute Agent
2026-05-22T05:19:17.8380141Z Version: 20260213.493
2026-05-22T05:19:17.8381061Z Commit: 5c115507f6dd24b8de37d8bbe0bb4509d0cc0fa3
2026-05-22T05:19:17.8382254Z Build Date: 2026-02-13T00:28:41Z
2026-05-22T05:19:17.8383383Z Worker ID: {0bd59972-f03a-4510-97df-4713f815af13}
2026-05-22T05:19:17.8384534Z Azure Region: westus
2026-05-22T05:19:17.8385514Z ##[endgroup]
2026-05-22T05:19:17.8387759Z ##[group]Operating System
2026-05-22T05:19:17.8388942Z Ubuntu
2026-05-22T05:19:17.8389861Z 24.04.4
2026-05-22T05:19:17.8390543Z LTS
2026-05-22T05:19:17.8391271Z ##[endgroup]
2026-05-22T05:19:17.8392076Z ##[group]Runner Image
2026-05-22T05:19:17.8393090Z Image: ubuntu-24.04
2026-05-22T05:19:17.8393932Z Version: 20260518.149.1
2026-05-22T05:19:17.8396059Z Included Software: https://github.com/actions/runner-images/blob/ubuntu24/20260518.149/images/ubuntu/Ubuntu2404-Readme.md
2026-05-22T05:19:17.8399081Z Image Release: https://github.com/actions/runner-images/releases/tag/ubuntu24%2F20260518.149
2026-05-22T05:19:17.8400767Z ##[endgroup]
2026-05-22T05:19:17.8402876Z ##[group]GITHUB_TOKEN Permissions
2026-05-22T05:19:17.8405457Z Actions: read
2026-05-22T05:19:17.8406307Z Checks: read
2026-05-22T05:19:17.8407133Z Contents: write
2026-05-22T05:19:17.8408163Z Metadata: read
2026-05-22T05:19:17.8409211Z PullRequests: read
2026-05-22T05:19:17.8410037Z ##[endgroup]
2026-05-22T05:19:17.8412857Z Secret source: Actions
2026-05-22T05:19:17.8414119Z Prepare workflow directory
2026-05-22T05:19:17.9078845Z Prepare all required actions
2026-05-22T05:19:17.9218553Z Complete job name: web-lint-and-test
2026-05-22T05:19:18.0707494Z ##[group]Run if [ 'failure' != 'success' ]; then
2026-05-22T05:19:18.0709309Z [36;1mif [ 'failure' != 'success' ]; then[0m
2026-05-22T05:19:18.0710713Z [36;1m  echo "web-lint finished with failure" >&2[0m
2026-05-22T05:19:18.0711927Z [36;1m  exit 1[0m
2026-05-22T05:19:18.0712920Z [36;1mfi[0m
2026-05-22T05:19:18.0713933Z [36;1mif [ 'success' != 'success' ]; then[0m
2026-05-22T05:19:18.0715155Z [36;1m  echo "web-unit-tests finished with success" >&2[0m
2026-05-22T05:19:18.0716244Z [36;1m  exit 1[0m
2026-05-22T05:19:18.0717207Z [36;1mfi[0m
2026-05-22T05:19:18.0718241Z [36;1mif [ 'failure' != 'success' ]; then[0m
2026-05-22T05:19:18.0719566Z [36;1m  echo "web-build finished with failure" >&2[0m
2026-05-22T05:19:18.0720809Z [36;1m  exit 1[0m
2026-05-22T05:19:18.0721540Z [36;1mfi[0m
2026-05-22T05:19:18.0722530Z [36;1mecho "✓ Split web lint, unit-test shards, and build passed."[0m
2026-05-22T05:19:18.1452950Z shell: /usr/bin/bash -e {0}
2026-05-22T05:19:18.1454450Z ##[endgroup]
2026-05-22T05:19:18.2173611Z web-lint finished with failure
2026-05-22T05:19:18.2200557Z ##[error]Process completed with exit code 1.
2026-05-22T05:19:18.2379429Z Cleaning up orphan processes
