=== CI FAILURE ===
Workflow:      Web CI
Workflow file: averycorp/prismTask/.github/workflows/web-ci.yml@refs/pull/1372/merge
Job(s):        web-lint, web-build, web-unit-tests (2, 3), web-unit-tests (3, 3), web-unit-tests (1, 3), web-lint-and-test
Run ID:        25839793962
Run attempt:   1
Run URL:       https://github.com/averycorp/prismTask/actions/runs/25839793962
Commit:        fe1d8e5e6905d4ed1f543ad26023ecddd5abc3d8
Branch:        1372/merge
Event:         pull_request
Actor:         akarlin3
Runner OS:     Linux
Timestamp:     2026-05-14T03:25:07.133Z

Failed steps:
  - web-lint: #4 Run ./.github/actions/setup-node-web
  - web-build: #4 Run ./.github/actions/setup-node-web
  - web-unit-tests (2, 3): #4 Run ./.github/actions/setup-node-web
  - web-unit-tests (3, 3): #4 Run ./.github/actions/setup-node-web
  - web-unit-tests (1, 3): #4 Run ./.github/actions/setup-node-web
  - web-lint-and-test: #2 Verify split web checks

=== FAILED JOB LOG ===

--- Job: web-lint (id 75922494567) ---
2026-05-14T03:24:37.1904805Z Current runner version: '2.334.0'
2026-05-14T03:24:37.1934632Z ##[group]Runner Image Provisioner
2026-05-14T03:24:37.1935424Z Hosted Compute Agent
2026-05-14T03:24:37.1936030Z Version: 20260213.493
2026-05-14T03:24:37.1936662Z Commit: 5c115507f6dd24b8de37d8bbe0bb4509d0cc0fa3
2026-05-14T03:24:37.1937327Z Build Date: 2026-02-13T00:28:41Z
2026-05-14T03:24:37.1938485Z Worker ID: {5ac15264-8cac-4a3a-be8d-7e3bc2ba796e}
2026-05-14T03:24:37.1939209Z Azure Region: northcentralus
2026-05-14T03:24:37.1939773Z ##[endgroup]
2026-05-14T03:24:37.1941809Z ##[group]Operating System
2026-05-14T03:24:37.1942412Z Ubuntu
2026-05-14T03:24:37.1942885Z 24.04.4
2026-05-14T03:24:37.1943382Z LTS
2026-05-14T03:24:37.1943857Z ##[endgroup]
2026-05-14T03:24:37.1944310Z ##[group]Runner Image
2026-05-14T03:24:37.1944890Z Image: ubuntu-24.04
2026-05-14T03:24:37.1945441Z Version: 20260413.86.1
2026-05-14T03:24:37.1946609Z Included Software: https://github.com/actions/runner-images/blob/ubuntu24/20260413.86/images/ubuntu/Ubuntu2404-Readme.md
2026-05-14T03:24:37.1948099Z Image Release: https://github.com/actions/runner-images/releases/tag/ubuntu24%2F20260413.86
2026-05-14T03:24:37.1949056Z ##[endgroup]
2026-05-14T03:24:37.1950265Z ##[group]GITHUB_TOKEN Permissions
2026-05-14T03:24:37.1953322Z Actions: read
2026-05-14T03:24:37.1953825Z Checks: read
2026-05-14T03:24:37.1954425Z Contents: write
2026-05-14T03:24:37.1954890Z Metadata: read
2026-05-14T03:24:37.1955374Z ##[endgroup]
2026-05-14T03:24:37.1957593Z Secret source: Actions
2026-05-14T03:24:37.1958551Z Prepare workflow directory
2026-05-14T03:24:37.2394327Z Prepare all required actions
2026-05-14T03:24:37.2435221Z Getting action download info
2026-05-14T03:24:37.5515324Z Download action repository 'actions/checkout@v6' (SHA:de0fac2e4500dabe0009e67214ff5f5447ce83dd)
2026-05-14T03:24:37.7592362Z Complete job name: web-lint
2026-05-14T03:24:37.8329802Z ##[group]Run actions/checkout@v6
2026-05-14T03:24:37.8330680Z with:
2026-05-14T03:24:37.8331326Z   repository: averycorp/prismTask
2026-05-14T03:24:37.8332051Z   token: ***
2026-05-14T03:24:37.8332434Z   ssh-strict: true
2026-05-14T03:24:37.8332821Z   ssh-user: git
2026-05-14T03:24:37.8333221Z   persist-credentials: true
2026-05-14T03:24:37.8333657Z   clean: true
2026-05-14T03:24:37.8334058Z   sparse-checkout-cone-mode: true
2026-05-14T03:24:37.8334541Z   fetch-depth: 1
2026-05-14T03:24:37.8334927Z   fetch-tags: false
2026-05-14T03:24:37.8335322Z   show-progress: true
2026-05-14T03:24:37.8335716Z   lfs: false
2026-05-14T03:24:37.8336081Z   submodules: false
2026-05-14T03:24:37.8336480Z   set-safe-directory: true
2026-05-14T03:24:37.8337175Z ##[endgroup]
2026-05-14T03:24:37.9328669Z Syncing repository: averycorp/prismTask
2026-05-14T03:24:37.9330638Z ##[group]Getting Git version info
2026-05-14T03:24:37.9331636Z Working directory is '/home/runner/work/prismTask/prismTask'
2026-05-14T03:24:37.9332702Z [command]/usr/bin/git version
2026-05-14T03:24:37.9371498Z git version 2.53.0
2026-05-14T03:24:37.9428742Z ##[endgroup]
2026-05-14T03:24:37.9445932Z Temporarily overriding HOME='/home/runner/work/_temp/8cc601b4-2daa-47e6-992a-3803bc48aadd' before making global git config changes
2026-05-14T03:24:37.9448171Z Adding repository directory to the temporary git global config as a safe directory
2026-05-14T03:24:37.9452087Z [command]/usr/bin/git config --global --add safe.directory /home/runner/work/prismTask/prismTask
2026-05-14T03:24:37.9488592Z Deleting the contents of '/home/runner/work/prismTask/prismTask'
2026-05-14T03:24:37.9493875Z ##[group]Initializing the repository
2026-05-14T03:24:37.9498555Z [command]/usr/bin/git init /home/runner/work/prismTask/prismTask
2026-05-14T03:24:37.9581537Z hint: Using 'master' as the name for the initial branch. This default branch name
2026-05-14T03:24:37.9583192Z hint: will change to "main" in Git 3.0. To configure the initial branch name
2026-05-14T03:24:37.9584283Z hint: to use in all of your new repositories, which will suppress this warning,
2026-05-14T03:24:37.9585047Z hint: call:
2026-05-14T03:24:37.9585421Z hint:
2026-05-14T03:24:37.9586216Z hint: 	git config --global init.defaultBranch <name>
2026-05-14T03:24:37.9586797Z hint:
2026-05-14T03:24:37.9587358Z hint: Names commonly chosen instead of 'master' are 'main', 'trunk' and
2026-05-14T03:24:37.9588906Z hint: 'development'. The just-created branch can be renamed via this command:
2026-05-14T03:24:37.9590050Z hint:
2026-05-14T03:24:37.9590649Z hint: 	git branch -m <name>
2026-05-14T03:24:37.9591649Z hint:
2026-05-14T03:24:37.9592424Z hint: Disable this message with "git config set advice.defaultBranchName false"
2026-05-14T03:24:37.9593674Z Initialized empty Git repository in /home/runner/work/prismTask/prismTask/.git/
2026-05-14T03:24:37.9595687Z [command]/usr/bin/git remote add origin https://github.com/averycorp/prismTask
2026-05-14T03:24:37.9627733Z ##[endgroup]
2026-05-14T03:24:37.9628874Z ##[group]Disabling automatic garbage collection
2026-05-14T03:24:37.9631636Z [command]/usr/bin/git config --local gc.auto 0
2026-05-14T03:24:37.9660485Z ##[endgroup]
2026-05-14T03:24:37.9662524Z ##[group]Setting up auth
2026-05-14T03:24:37.9663050Z Removing SSH command configuration
2026-05-14T03:24:37.9668387Z [command]/usr/bin/git config --local --name-only --get-regexp core\.sshCommand
2026-05-14T03:24:37.9701912Z [command]/usr/bin/git submodule foreach --recursive sh -c "git config --local --name-only --get-regexp 'core\.sshCommand' && git config --local --unset-all 'core.sshCommand' || :"
2026-05-14T03:24:37.9982957Z Removing HTTP extra header
2026-05-14T03:24:37.9990103Z [command]/usr/bin/git config --local --name-only --get-regexp http\.https\:\/\/github\.com\/\.extraheader
2026-05-14T03:24:38.0022332Z [command]/usr/bin/git submodule foreach --recursive sh -c "git config --local --name-only --get-regexp 'http\.https\:\/\/github\.com\/\.extraheader' && git config --local --unset-all 'http.https://github.com/.extraheader' || :"
2026-05-14T03:24:38.0238698Z Removing includeIf entries pointing to credentials config files
2026-05-14T03:24:38.0245041Z [command]/usr/bin/git config --local --name-only --get-regexp ^includeIf\.gitdir:
2026-05-14T03:24:38.0278140Z [command]/usr/bin/git submodule foreach --recursive git config --local --show-origin --name-only --get-regexp remote.origin.url
2026-05-14T03:24:38.0500329Z [command]/usr/bin/git config --file /home/runner/work/_temp/git-credentials-e5bb413b-51bb-4b98-9bcf-8b7b7afe465b.config http.https://github.com/.extraheader AUTHORIZATION: basic ***
2026-05-14T03:24:38.0536950Z [command]/usr/bin/git config --local includeIf.gitdir:/home/runner/work/prismTask/prismTask/.git.path /home/runner/work/_temp/git-credentials-e5bb413b-51bb-4b98-9bcf-8b7b7afe465b.config
2026-05-14T03:24:38.0566324Z [command]/usr/bin/git config --local includeIf.gitdir:/home/runner/work/prismTask/prismTask/.git/worktrees/*.path /home/runner/work/_temp/git-credentials-e5bb413b-51bb-4b98-9bcf-8b7b7afe465b.config
2026-05-14T03:24:38.0594843Z [command]/usr/bin/git config --local includeIf.gitdir:/github/workspace/.git.path /github/runner_temp/git-credentials-e5bb413b-51bb-4b98-9bcf-8b7b7afe465b.config
2026-05-14T03:24:38.0632403Z [command]/usr/bin/git config --local includeIf.gitdir:/github/workspace/.git/worktrees/*.path /github/runner_temp/git-credentials-e5bb413b-51bb-4b98-9bcf-8b7b7afe465b.config
2026-05-14T03:24:38.0657530Z ##[endgroup]
2026-05-14T03:24:38.0658226Z ##[group]Fetching the repository
2026-05-14T03:24:38.0666825Z [command]/usr/bin/git -c protocol.version=2 fetch --no-tags --prune --no-recurse-submodules --depth=1 origin +fe1d8e5e6905d4ed1f543ad26023ecddd5abc3d8:refs/remotes/pull/1372/merge
2026-05-14T03:24:39.6569023Z From https://github.com/averycorp/prismTask
2026-05-14T03:24:39.6571759Z  * [new ref]         fe1d8e5e6905d4ed1f543ad26023ecddd5abc3d8 -> pull/1372/merge
2026-05-14T03:24:39.6599599Z ##[endgroup]
2026-05-14T03:24:39.6601809Z ##[group]Determining the checkout info
2026-05-14T03:24:39.6603884Z ##[endgroup]
2026-05-14T03:24:39.6607377Z [command]/usr/bin/git sparse-checkout disable
2026-05-14T03:24:39.6646758Z [command]/usr/bin/git config --local --unset-all extensions.worktreeConfig
2026-05-14T03:24:39.6674670Z ##[group]Checking out the ref
2026-05-14T03:24:39.6677741Z [command]/usr/bin/git checkout --progress --force refs/remotes/pull/1372/merge
2026-05-14T03:24:39.9499288Z Note: switching to 'refs/remotes/pull/1372/merge'.
2026-05-14T03:24:39.9500801Z 
2026-05-14T03:24:39.9501457Z You are in 'detached HEAD' state. You can look around, make experimental
2026-05-14T03:24:39.9502345Z changes and commit them, and you can discard any commits you make in this
2026-05-14T03:24:39.9503221Z state without impacting any branches by switching back to a branch.
2026-05-14T03:24:39.9503747Z 
2026-05-14T03:24:39.9504099Z If you want to create a new branch to retain commits you create, you may
2026-05-14T03:24:39.9504901Z do so (now or later) by using -c with the switch command. Example:
2026-05-14T03:24:39.9505408Z 
2026-05-14T03:24:39.9505613Z   git switch -c <new-branch-name>
2026-05-14T03:24:39.9505926Z 
2026-05-14T03:24:39.9506124Z Or undo this operation with:
2026-05-14T03:24:39.9506436Z 
2026-05-14T03:24:39.9506607Z   git switch -
2026-05-14T03:24:39.9506850Z 
2026-05-14T03:24:39.9507269Z Turn off this advice by setting config variable advice.detachedHead to false
2026-05-14T03:24:39.9507799Z 
2026-05-14T03:24:39.9508431Z HEAD is now at fe1d8e5 Merge 4473594b6debbb1147d2c38601f77eba3919f68a into f6c1cb8fd439338e9441e2c92475284be4265d5d
2026-05-14T03:24:39.9526251Z ##[endgroup]
2026-05-14T03:24:39.9566238Z [command]/usr/bin/git log -1 --format=%H
2026-05-14T03:24:39.9591633Z fe1d8e5e6905d4ed1f543ad26023ecddd5abc3d8
2026-05-14T03:24:39.9884597Z Prepare all required actions
2026-05-14T03:24:39.9885103Z Getting action download info
2026-05-14T03:24:40.1391482Z Download action repository 'actions/setup-node@v4' (SHA:49933ea5288caeca8642d1e84afbd3f7d6820020)
2026-05-14T03:24:40.2356354Z ##[group]Run ./.github/actions/setup-node-web
2026-05-14T03:24:40.2356713Z ##[endgroup]
2026-05-14T03:24:40.2497396Z ##[group]Run actions/setup-node@v4
2026-05-14T03:24:40.2497752Z with:
2026-05-14T03:24:40.2498029Z   node-version: 22
2026-05-14T03:24:40.2498261Z   cache: npm
2026-05-14T03:24:40.2498515Z   cache-dependency-path: web/package-lock.json
2026-05-14T03:24:40.2498846Z   always-auth: false
2026-05-14T03:24:40.2499084Z   check-latest: false
2026-05-14T03:24:40.2499542Z   token: ***
2026-05-14T03:24:40.2499765Z ##[endgroup]
2026-05-14T03:24:40.4396664Z Found in cache @ /opt/hostedtoolcache/node/22.22.2/x64
2026-05-14T03:24:40.4403374Z ##[group]Environment details
2026-05-14T03:24:40.7335413Z node: v22.22.2
2026-05-14T03:24:40.7336168Z npm: 10.9.7
2026-05-14T03:24:40.7336600Z yarn: 1.22.22
2026-05-14T03:24:40.7337584Z ##[endgroup]
2026-05-14T03:24:40.7359474Z [command]/opt/hostedtoolcache/node/22.22.2/x64/bin/npm config get cache
2026-05-14T03:24:40.8459521Z /home/runner/.npm
2026-05-14T03:24:41.0126044Z npm cache is not found
2026-05-14T03:24:41.0277962Z ##[group]Run npm ci
2026-05-14T03:24:41.0278277Z [36;1mnpm ci[0m
2026-05-14T03:24:41.0312393Z shell: /usr/bin/bash --noprofile --norc -e -o pipefail {0}
2026-05-14T03:24:41.0312773Z ##[endgroup]
2026-05-14T03:24:41.8745485Z npm error code ETARGET
2026-05-14T03:24:41.8746737Z npm error notarget No matching version found for idb@^8.0.4.
2026-05-14T03:24:41.8747879Z npm error notarget In most cases you or one of your dependencies are requesting
2026-05-14T03:24:41.8748923Z npm error notarget a package version that doesn't exist.
2026-05-14T03:24:41.8750457Z npm error A complete log of this run can be found in: /home/runner/.npm/_logs/2026-05-14T03_24_41_087Z-debug-0.log
2026-05-14T03:24:41.9126438Z ##[error]Process completed with exit code 1.
2026-05-14T03:24:41.9220578Z Post job cleanup.
2026-05-14T03:24:41.9309400Z Post job cleanup.
2026-05-14T03:24:42.0145227Z [command]/usr/bin/git version
2026-05-14T03:24:42.0182222Z git version 2.53.0
2026-05-14T03:24:42.0222862Z Temporarily overriding HOME='/home/runner/work/_temp/090f9703-2840-49b5-9b8f-dfff3b93fc73' before making global git config changes
2026-05-14T03:24:42.0224427Z Adding repository directory to the temporary git global config as a safe directory
2026-05-14T03:24:42.0228291Z [command]/usr/bin/git config --global --add safe.directory /home/runner/work/prismTask/prismTask
2026-05-14T03:24:42.0260656Z Removing SSH command configuration
2026-05-14T03:24:42.0268490Z [command]/usr/bin/git config --local --name-only --get-regexp core\.sshCommand
2026-05-14T03:24:42.0304485Z [command]/usr/bin/git submodule foreach --recursive sh -c "git config --local --name-only --get-regexp 'core\.sshCommand' && git config --local --unset-all 'core.sshCommand' || :"
2026-05-14T03:24:42.0562450Z Removing HTTP extra header
2026-05-14T03:24:42.0568665Z [command]/usr/bin/git config --local --name-only --get-regexp http\.https\:\/\/github\.com\/\.extraheader
2026-05-14T03:24:42.0602145Z [command]/usr/bin/git submodule foreach --recursive sh -c "git config --local --name-only --get-regexp 'http\.https\:\/\/github\.com\/\.extraheader' && git config --local --unset-all 'http.https://github.com/.extraheader' || :"
2026-05-14T03:24:42.0834989Z Removing includeIf entries pointing to credentials config files
2026-05-14T03:24:42.0845050Z [command]/usr/bin/git config --local --name-only --get-regexp ^includeIf\.gitdir:
2026-05-14T03:24:42.0868767Z includeif.gitdir:/home/runner/work/prismTask/prismTask/.git.path
2026-05-14T03:24:42.0870252Z includeif.gitdir:/home/runner/work/prismTask/prismTask/.git/worktrees/*.path
2026-05-14T03:24:42.0871750Z includeif.gitdir:/github/workspace/.git.path
2026-05-14T03:24:42.0872602Z includeif.gitdir:/github/workspace/.git/worktrees/*.path
2026-05-14T03:24:42.0879301Z [command]/usr/bin/git config --local --get-all includeif.gitdir:/home/runner/work/prismTask/prismTask/.git.path
2026-05-14T03:24:42.0902521Z /home/runner/work/_temp/git-credentials-e5bb413b-51bb-4b98-9bcf-8b7b7afe465b.config
2026-05-14T03:24:42.0915548Z [command]/usr/bin/git config --local --unset includeif.gitdir:/home/runner/work/prismTask/prismTask/.git.path /home/runner/work/_temp/git-credentials-e5bb413b-51bb-4b98-9bcf-8b7b7afe465b.config
2026-05-14T03:24:42.0952071Z [command]/usr/bin/git config --local --get-all includeif.gitdir:/home/runner/work/prismTask/prismTask/.git/worktrees/*.path
2026-05-14T03:24:42.0977411Z /home/runner/work/_temp/git-credentials-e5bb413b-51bb-4b98-9bcf-8b7b7afe465b.config
2026-05-14T03:24:42.0988493Z [command]/usr/bin/git config --local --unset includeif.gitdir:/home/runner/work/prismTask/prismTask/.git/worktrees/*.path /home/runner/work/_temp/git-credentials-e5bb413b-51bb-4b98-9bcf-8b7b7afe465b.config
2026-05-14T03:24:42.1022167Z [command]/usr/bin/git config --local --get-all includeif.gitdir:/github/workspace/.git.path
2026-05-14T03:24:42.1045228Z /github/runner_temp/git-credentials-e5bb413b-51bb-4b98-9bcf-8b7b7afe465b.config
2026-05-14T03:24:42.1060769Z [command]/usr/bin/git config --local --unset includeif.gitdir:/github/workspace/.git.path /github/runner_temp/git-credentials-e5bb413b-51bb-4b98-9bcf-8b7b7afe465b.config
2026-05-14T03:24:42.1088881Z [command]/usr/bin/git config --local --get-all includeif.gitdir:/github/workspace/.git/worktrees/*.path
2026-05-14T03:24:42.1112550Z /github/runner_temp/git-credentials-e5bb413b-51bb-4b98-9bcf-8b7b7afe465b.config
2026-05-14T03:24:42.1124163Z [command]/usr/bin/git config --local --unset includeif.gitdir:/github/workspace/.git/worktrees/*.path /github/runner_temp/git-credentials-e5bb413b-51bb-4b98-9bcf-8b7b7afe465b.config
2026-05-14T03:24:42.1159227Z [command]/usr/bin/git submodule foreach --recursive git config --local --show-origin --name-only --get-regexp remote.origin.url
2026-05-14T03:24:42.1403352Z Removing credentials config '/home/runner/work/_temp/git-credentials-e5bb413b-51bb-4b98-9bcf-8b7b7afe465b.config'
2026-05-14T03:24:42.1554997Z Cleaning up orphan processes
2026-05-14T03:24:42.1829507Z ##[warning]Node.js 20 actions are deprecated. The following actions are running on Node.js 20 and may not work as expected: actions/setup-node@v4. Actions will be forced to run with Node.js 24 by default starting June 2nd, 2026. Node.js 20 will be removed from the runner on September 16th, 2026. Please check if updated versions of these actions are available that support Node.js 24. To opt into Node.js 24 now, set the FORCE_JAVASCRIPT_ACTIONS_TO_NODE24=true environment variable on the runner or in your workflow file. Once Node.js 24 becomes the default, you can temporarily opt out by setting ACTIONS_ALLOW_USE_UNSECURE_NODE_VERSION=true. For more information see: https://github.blog/changelog/2025-09-19-deprecation-of-node-20-on-github-actions-runners/


--- Job: web-build (id 75922494585) ---
2026-05-14T03:24:42.9779465Z Current runner version: '2.334.0'
2026-05-14T03:24:42.9813573Z ##[group]Runner Image Provisioner
2026-05-14T03:24:42.9814911Z Hosted Compute Agent
2026-05-14T03:24:42.9815781Z Version: 20260213.493
2026-05-14T03:24:42.9816949Z Commit: 5c115507f6dd24b8de37d8bbe0bb4509d0cc0fa3
2026-05-14T03:24:42.9818225Z Build Date: 2026-02-13T00:28:41Z
2026-05-14T03:24:42.9819295Z Worker ID: {0f984ff7-2b13-4efc-ad09-b59ea2540c28}
2026-05-14T03:24:42.9820509Z Azure Region: eastus
2026-05-14T03:24:42.9821419Z ##[endgroup]
2026-05-14T03:24:42.9823892Z ##[group]Operating System
2026-05-14T03:24:42.9824962Z Ubuntu
2026-05-14T03:24:42.9825906Z 24.04.4
2026-05-14T03:24:42.9827017Z LTS
2026-05-14T03:24:42.9827807Z ##[endgroup]
2026-05-14T03:24:42.9828709Z ##[group]Runner Image
2026-05-14T03:24:42.9829508Z Image: ubuntu-24.04
2026-05-14T03:24:42.9830312Z Version: 20260413.86.1
2026-05-14T03:24:42.9832336Z Included Software: https://github.com/actions/runner-images/blob/ubuntu24/20260413.86/images/ubuntu/Ubuntu2404-Readme.md
2026-05-14T03:24:42.9834800Z Image Release: https://github.com/actions/runner-images/releases/tag/ubuntu24%2F20260413.86
2026-05-14T03:24:42.9836761Z ##[endgroup]
2026-05-14T03:24:42.9838594Z ##[group]GITHUB_TOKEN Permissions
2026-05-14T03:24:42.9841330Z Actions: read
2026-05-14T03:24:42.9842141Z Checks: read
2026-05-14T03:24:42.9842966Z Contents: write
2026-05-14T03:24:42.9843870Z Metadata: read
2026-05-14T03:24:42.9844642Z ##[endgroup]
2026-05-14T03:24:42.9848109Z Secret source: Actions
2026-05-14T03:24:42.9849250Z Prepare workflow directory
2026-05-14T03:24:43.0406814Z Prepare all required actions
2026-05-14T03:24:43.0459694Z Getting action download info
2026-05-14T03:24:43.3332170Z Download action repository 'actions/checkout@v6' (SHA:de0fac2e4500dabe0009e67214ff5f5447ce83dd)
2026-05-14T03:24:43.5703606Z Complete job name: web-build
2026-05-14T03:24:43.6411527Z ##[group]Run actions/checkout@v6
2026-05-14T03:24:43.6412382Z with:
2026-05-14T03:24:43.6412781Z   repository: averycorp/prismTask
2026-05-14T03:24:43.6413449Z   token: ***
2026-05-14T03:24:43.6413839Z   ssh-strict: true
2026-05-14T03:24:43.6414247Z   ssh-user: git
2026-05-14T03:24:43.6414672Z   persist-credentials: true
2026-05-14T03:24:43.6415120Z   clean: true
2026-05-14T03:24:43.6415519Z   sparse-checkout-cone-mode: true
2026-05-14T03:24:43.6415989Z   fetch-depth: 1
2026-05-14T03:24:43.6416595Z   fetch-tags: false
2026-05-14T03:24:43.6417069Z   show-progress: true
2026-05-14T03:24:43.6417478Z   lfs: false
2026-05-14T03:24:43.6417833Z   submodules: false
2026-05-14T03:24:43.6418237Z   set-safe-directory: true
2026-05-14T03:24:43.6418971Z ##[endgroup]
2026-05-14T03:24:43.7398787Z Syncing repository: averycorp/prismTask
2026-05-14T03:24:43.7400486Z ##[group]Getting Git version info
2026-05-14T03:24:43.7401234Z Working directory is '/home/runner/work/prismTask/prismTask'
2026-05-14T03:24:43.7402392Z [command]/usr/bin/git version
2026-05-14T03:24:43.7433158Z git version 2.53.0
2026-05-14T03:24:43.7456497Z ##[endgroup]
2026-05-14T03:24:43.7470410Z Temporarily overriding HOME='/home/runner/work/_temp/6a83f9ff-93c5-46a0-a6d3-e03603c2d4e1' before making global git config changes
2026-05-14T03:24:43.7472467Z Adding repository directory to the temporary git global config as a safe directory
2026-05-14T03:24:43.7475413Z [command]/usr/bin/git config --global --add safe.directory /home/runner/work/prismTask/prismTask
2026-05-14T03:24:43.7508486Z Deleting the contents of '/home/runner/work/prismTask/prismTask'
2026-05-14T03:24:43.7512227Z ##[group]Initializing the repository
2026-05-14T03:24:43.7517187Z [command]/usr/bin/git init /home/runner/work/prismTask/prismTask
2026-05-14T03:24:43.7600364Z hint: Using 'master' as the name for the initial branch. This default branch name
2026-05-14T03:24:43.7602550Z hint: will change to "main" in Git 3.0. To configure the initial branch name
2026-05-14T03:24:43.7604311Z hint: to use in all of your new repositories, which will suppress this warning,
2026-05-14T03:24:43.7605756Z hint: call:
2026-05-14T03:24:43.7607057Z hint:
2026-05-14T03:24:43.7608450Z hint: 	git config --global init.defaultBranch <name>
2026-05-14T03:24:43.7609724Z hint:
2026-05-14T03:24:43.7610866Z hint: Names commonly chosen instead of 'master' are 'main', 'trunk' and
2026-05-14T03:24:43.7612534Z hint: 'development'. The just-created branch can be renamed via this command:
2026-05-14T03:24:43.7613880Z hint:
2026-05-14T03:24:43.7614565Z hint: 	git branch -m <name>
2026-05-14T03:24:43.7615336Z hint:
2026-05-14T03:24:43.7616565Z hint: Disable this message with "git config set advice.defaultBranchName false"
2026-05-14T03:24:43.7618225Z Initialized empty Git repository in /home/runner/work/prismTask/prismTask/.git/
2026-05-14T03:24:43.7620842Z [command]/usr/bin/git remote add origin https://github.com/averycorp/prismTask
2026-05-14T03:24:43.7645381Z ##[endgroup]
2026-05-14T03:24:43.7647065Z ##[group]Disabling automatic garbage collection
2026-05-14T03:24:43.7650072Z [command]/usr/bin/git config --local gc.auto 0
2026-05-14T03:24:43.7677780Z ##[endgroup]
2026-05-14T03:24:43.7679057Z ##[group]Setting up auth
2026-05-14T03:24:43.7679994Z Removing SSH command configuration
2026-05-14T03:24:43.7685335Z [command]/usr/bin/git config --local --name-only --get-regexp core\.sshCommand
2026-05-14T03:24:43.7715653Z [command]/usr/bin/git submodule foreach --recursive sh -c "git config --local --name-only --get-regexp 'core\.sshCommand' && git config --local --unset-all 'core.sshCommand' || :"
2026-05-14T03:24:43.7982124Z Removing HTTP extra header
2026-05-14T03:24:43.7988140Z [command]/usr/bin/git config --local --name-only --get-regexp http\.https\:\/\/github\.com\/\.extraheader
2026-05-14T03:24:43.8018162Z [command]/usr/bin/git submodule foreach --recursive sh -c "git config --local --name-only --get-regexp 'http\.https\:\/\/github\.com\/\.extraheader' && git config --local --unset-all 'http.https://github.com/.extraheader' || :"
2026-05-14T03:24:43.8225802Z Removing includeIf entries pointing to credentials config files
2026-05-14T03:24:43.8231521Z [command]/usr/bin/git config --local --name-only --get-regexp ^includeIf\.gitdir:
2026-05-14T03:24:43.8262733Z [command]/usr/bin/git submodule foreach --recursive git config --local --show-origin --name-only --get-regexp remote.origin.url
2026-05-14T03:24:43.8478817Z [command]/usr/bin/git config --file /home/runner/work/_temp/git-credentials-5ec6a37f-6384-47da-a0f5-e62d6bd891a2.config http.https://github.com/.extraheader AUTHORIZATION: basic ***
2026-05-14T03:24:43.8513914Z [command]/usr/bin/git config --local includeIf.gitdir:/home/runner/work/prismTask/prismTask/.git.path /home/runner/work/_temp/git-credentials-5ec6a37f-6384-47da-a0f5-e62d6bd891a2.config
2026-05-14T03:24:43.8541382Z [command]/usr/bin/git config --local includeIf.gitdir:/home/runner/work/prismTask/prismTask/.git/worktrees/*.path /home/runner/work/_temp/git-credentials-5ec6a37f-6384-47da-a0f5-e62d6bd891a2.config
2026-05-14T03:24:43.8570970Z [command]/usr/bin/git config --local includeIf.gitdir:/github/workspace/.git.path /github/runner_temp/git-credentials-5ec6a37f-6384-47da-a0f5-e62d6bd891a2.config
2026-05-14T03:24:43.8601115Z [command]/usr/bin/git config --local includeIf.gitdir:/github/workspace/.git/worktrees/*.path /github/runner_temp/git-credentials-5ec6a37f-6384-47da-a0f5-e62d6bd891a2.config
2026-05-14T03:24:43.8633177Z ##[endgroup]
2026-05-14T03:24:43.8634112Z ##[group]Fetching the repository
2026-05-14T03:24:43.8640837Z [command]/usr/bin/git -c protocol.version=2 fetch --no-tags --prune --no-recurse-submodules --depth=1 origin +fe1d8e5e6905d4ed1f543ad26023ecddd5abc3d8:refs/remotes/pull/1372/merge
2026-05-14T03:24:45.2710432Z From https://github.com/averycorp/prismTask
2026-05-14T03:24:45.2713265Z  * [new ref]         fe1d8e5e6905d4ed1f543ad26023ecddd5abc3d8 -> pull/1372/merge
2026-05-14T03:24:45.2740750Z ##[endgroup]
2026-05-14T03:24:45.2742080Z ##[group]Determining the checkout info
2026-05-14T03:24:45.2743343Z ##[endgroup]
2026-05-14T03:24:45.2746735Z [command]/usr/bin/git sparse-checkout disable
2026-05-14T03:24:45.2784479Z [command]/usr/bin/git config --local --unset-all extensions.worktreeConfig
2026-05-14T03:24:45.2812895Z ##[group]Checking out the ref
2026-05-14T03:24:45.2815240Z [command]/usr/bin/git checkout --progress --force refs/remotes/pull/1372/merge
2026-05-14T03:24:45.5617499Z Note: switching to 'refs/remotes/pull/1372/merge'.
2026-05-14T03:24:45.5618686Z 
2026-05-14T03:24:45.5619123Z You are in 'detached HEAD' state. You can look around, make experimental
2026-05-14T03:24:45.5620101Z changes and commit them, and you can discard any commits you make in this
2026-05-14T03:24:45.5621062Z state without impacting any branches by switching back to a branch.
2026-05-14T03:24:45.5621693Z 
2026-05-14T03:24:45.5622092Z If you want to create a new branch to retain commits you create, you may
2026-05-14T03:24:45.5622973Z do so (now or later) by using -c with the switch command. Example:
2026-05-14T03:24:45.5623523Z 
2026-05-14T03:24:45.5623751Z   git switch -c <new-branch-name>
2026-05-14T03:24:45.5624085Z 
2026-05-14T03:24:45.5624300Z Or undo this operation with:
2026-05-14T03:24:45.5624655Z 
2026-05-14T03:24:45.5624852Z   git switch -
2026-05-14T03:24:45.5625110Z 
2026-05-14T03:24:45.5625560Z Turn off this advice by setting config variable advice.detachedHead to false
2026-05-14T03:24:45.5626378Z 
2026-05-14T03:24:45.5627118Z HEAD is now at fe1d8e5 Merge 4473594b6debbb1147d2c38601f77eba3919f68a into f6c1cb8fd439338e9441e2c92475284be4265d5d
2026-05-14T03:24:45.5643386Z ##[endgroup]
2026-05-14T03:24:45.5685304Z [command]/usr/bin/git log -1 --format=%H
2026-05-14T03:24:45.5709395Z fe1d8e5e6905d4ed1f543ad26023ecddd5abc3d8
2026-05-14T03:24:45.6006396Z Prepare all required actions
2026-05-14T03:24:45.6006902Z Getting action download info
2026-05-14T03:24:45.7309327Z Download action repository 'actions/setup-node@v4' (SHA:49933ea5288caeca8642d1e84afbd3f7d6820020)
2026-05-14T03:24:45.8332053Z ##[group]Run ./.github/actions/setup-node-web
2026-05-14T03:24:45.8332405Z ##[endgroup]
2026-05-14T03:24:45.8471371Z ##[group]Run actions/setup-node@v4
2026-05-14T03:24:45.8471698Z with:
2026-05-14T03:24:45.8471968Z   node-version: 22
2026-05-14T03:24:45.8472200Z   cache: npm
2026-05-14T03:24:45.8472470Z   cache-dependency-path: web/package-lock.json
2026-05-14T03:24:45.8472799Z   always-auth: false
2026-05-14T03:24:45.8473030Z   check-latest: false
2026-05-14T03:24:45.8473414Z   token: ***
2026-05-14T03:24:45.8473637Z ##[endgroup]
2026-05-14T03:24:46.0362065Z Found in cache @ /opt/hostedtoolcache/node/22.22.2/x64
2026-05-14T03:24:46.0363030Z ##[group]Environment details
2026-05-14T03:24:46.3248035Z node: v22.22.2
2026-05-14T03:24:46.3248601Z npm: 10.9.7
2026-05-14T03:24:46.3248816Z yarn: 1.22.22
2026-05-14T03:24:46.3249661Z ##[endgroup]
2026-05-14T03:24:46.3272446Z [command]/opt/hostedtoolcache/node/22.22.2/x64/bin/npm config get cache
2026-05-14T03:24:46.5282921Z /home/runner/.npm
2026-05-14T03:24:46.6181605Z npm cache is not found
2026-05-14T03:24:46.6331902Z ##[group]Run npm ci
2026-05-14T03:24:46.6332198Z [36;1mnpm ci[0m
2026-05-14T03:24:46.6365433Z shell: /usr/bin/bash --noprofile --norc -e -o pipefail {0}
2026-05-14T03:24:46.6365825Z ##[endgroup]
2026-05-14T03:24:48.2600884Z npm error code ETARGET
2026-05-14T03:24:48.2601842Z npm error notarget No matching version found for idb@^8.0.4.
2026-05-14T03:24:48.2603001Z npm error notarget In most cases you or one of your dependencies are requesting
2026-05-14T03:24:48.2604006Z npm error notarget a package version that doesn't exist.
2026-05-14T03:24:48.2605981Z npm error A complete log of this run can be found in: /home/runner/.npm/_logs/2026-05-14T03_24_46_691Z-debug-0.log
2026-05-14T03:24:48.2979756Z ##[error]Process completed with exit code 1.
2026-05-14T03:24:48.3064594Z Post job cleanup.
2026-05-14T03:24:48.3147671Z Post job cleanup.
2026-05-14T03:24:48.3948517Z [command]/usr/bin/git version
2026-05-14T03:24:48.4016861Z git version 2.53.0
2026-05-14T03:24:48.4061448Z Temporarily overriding HOME='/home/runner/work/_temp/6d14adab-08cf-4d66-8295-140119126380' before making global git config changes
2026-05-14T03:24:48.4063372Z Adding repository directory to the temporary git global config as a safe directory
2026-05-14T03:24:48.4067064Z [command]/usr/bin/git config --global --add safe.directory /home/runner/work/prismTask/prismTask
2026-05-14T03:24:48.4095792Z Removing SSH command configuration
2026-05-14T03:24:48.4102581Z [command]/usr/bin/git config --local --name-only --get-regexp core\.sshCommand
2026-05-14T03:24:48.4137134Z [command]/usr/bin/git submodule foreach --recursive sh -c "git config --local --name-only --get-regexp 'core\.sshCommand' && git config --local --unset-all 'core.sshCommand' || :"
2026-05-14T03:24:48.4358895Z Removing HTTP extra header
2026-05-14T03:24:48.4363931Z [command]/usr/bin/git config --local --name-only --get-regexp http\.https\:\/\/github\.com\/\.extraheader
2026-05-14T03:24:48.4397450Z [command]/usr/bin/git submodule foreach --recursive sh -c "git config --local --name-only --get-regexp 'http\.https\:\/\/github\.com\/\.extraheader' && git config --local --unset-all 'http.https://github.com/.extraheader' || :"
2026-05-14T03:24:48.4613791Z Removing includeIf entries pointing to credentials config files
2026-05-14T03:24:48.4620843Z [command]/usr/bin/git config --local --name-only --get-regexp ^includeIf\.gitdir:
2026-05-14T03:24:48.4644106Z includeif.gitdir:/home/runner/work/prismTask/prismTask/.git.path
2026-05-14T03:24:48.4645450Z includeif.gitdir:/home/runner/work/prismTask/prismTask/.git/worktrees/*.path
2026-05-14T03:24:48.4647570Z includeif.gitdir:/github/workspace/.git.path
2026-05-14T03:24:48.4648478Z includeif.gitdir:/github/workspace/.git/worktrees/*.path
2026-05-14T03:24:48.4655437Z [command]/usr/bin/git config --local --get-all includeif.gitdir:/home/runner/work/prismTask/prismTask/.git.path
2026-05-14T03:24:48.4675684Z /home/runner/work/_temp/git-credentials-5ec6a37f-6384-47da-a0f5-e62d6bd891a2.config
2026-05-14T03:24:48.4686782Z [command]/usr/bin/git config --local --unset includeif.gitdir:/home/runner/work/prismTask/prismTask/.git.path /home/runner/work/_temp/git-credentials-5ec6a37f-6384-47da-a0f5-e62d6bd891a2.config
2026-05-14T03:24:48.4719762Z [command]/usr/bin/git config --local --get-all includeif.gitdir:/home/runner/work/prismTask/prismTask/.git/worktrees/*.path
2026-05-14T03:24:48.4741587Z /home/runner/work/_temp/git-credentials-5ec6a37f-6384-47da-a0f5-e62d6bd891a2.config
2026-05-14T03:24:48.4751302Z [command]/usr/bin/git config --local --unset includeif.gitdir:/home/runner/work/prismTask/prismTask/.git/worktrees/*.path /home/runner/work/_temp/git-credentials-5ec6a37f-6384-47da-a0f5-e62d6bd891a2.config
2026-05-14T03:24:48.4780757Z [command]/usr/bin/git config --local --get-all includeif.gitdir:/github/workspace/.git.path
2026-05-14T03:24:48.4801588Z /github/runner_temp/git-credentials-5ec6a37f-6384-47da-a0f5-e62d6bd891a2.config
2026-05-14T03:24:48.4810224Z [command]/usr/bin/git config --local --unset includeif.gitdir:/github/workspace/.git.path /github/runner_temp/git-credentials-5ec6a37f-6384-47da-a0f5-e62d6bd891a2.config
2026-05-14T03:24:48.4840874Z [command]/usr/bin/git config --local --get-all includeif.gitdir:/github/workspace/.git/worktrees/*.path
2026-05-14T03:24:48.4861091Z /github/runner_temp/git-credentials-5ec6a37f-6384-47da-a0f5-e62d6bd891a2.config
2026-05-14T03:24:48.4870141Z [command]/usr/bin/git config --local --unset includeif.gitdir:/github/workspace/.git/worktrees/*.path /github/runner_temp/git-credentials-5ec6a37f-6384-47da-a0f5-e62d6bd891a2.config
2026-05-14T03:24:48.4900479Z [command]/usr/bin/git submodule foreach --recursive git config --local --show-origin --name-only --get-regexp remote.origin.url
2026-05-14T03:24:48.5113391Z Removing credentials config '/home/runner/work/_temp/git-credentials-5ec6a37f-6384-47da-a0f5-e62d6bd891a2.config'
2026-05-14T03:24:48.5238261Z Cleaning up orphan processes
2026-05-14T03:24:48.5511486Z ##[warning]Node.js 20 actions are deprecated. The following actions are running on Node.js 20 and may not work as expected: actions/setup-node@v4. Actions will be forced to run with Node.js 24 by default starting June 2nd, 2026. Node.js 20 will be removed from the runner on September 16th, 2026. Please check if updated versions of these actions are available that support Node.js 24. To opt into Node.js 24 now, set the FORCE_JAVASCRIPT_ACTIONS_TO_NODE24=true environment variable on the runner or in your workflow file. Once Node.js 24 becomes the default, you can temporarily opt out by setting ACTIONS_ALLOW_USE_UNSECURE_NODE_VERSION=true. For more information see: https://github.blog/changelog/2025-09-19-deprecation-of-node-20-on-github-actions-runners/


--- Job: web-unit-tests (2, 3) (id 75922494593) ---
2026-05-14T03:24:36.9190544Z Current runner version: '2.334.0'
2026-05-14T03:24:36.9226675Z ##[group]Runner Image Provisioner
2026-05-14T03:24:36.9228043Z Hosted Compute Agent
2026-05-14T03:24:36.9229068Z Version: 20260213.493
2026-05-14T03:24:36.9229985Z Commit: 5c115507f6dd24b8de37d8bbe0bb4509d0cc0fa3
2026-05-14T03:24:36.9231090Z Build Date: 2026-02-13T00:28:41Z
2026-05-14T03:24:36.9232119Z Worker ID: {8210792b-8218-45f3-a930-8271e17dfd83}
2026-05-14T03:24:36.9233209Z Azure Region: eastus
2026-05-14T03:24:36.9234089Z ##[endgroup]
2026-05-14T03:24:36.9236969Z ##[group]Operating System
2026-05-14T03:24:36.9238174Z Ubuntu
2026-05-14T03:24:36.9238835Z 24.04.4
2026-05-14T03:24:36.9239695Z LTS
2026-05-14T03:24:36.9240459Z ##[endgroup]
2026-05-14T03:24:36.9241408Z ##[group]Runner Image
2026-05-14T03:24:36.9242326Z Image: ubuntu-24.04
2026-05-14T03:24:36.9243159Z Version: 20260413.86.1
2026-05-14T03:24:36.9245148Z Included Software: https://github.com/actions/runner-images/blob/ubuntu24/20260413.86/images/ubuntu/Ubuntu2404-Readme.md
2026-05-14T03:24:36.9247935Z Image Release: https://github.com/actions/runner-images/releases/tag/ubuntu24%2F20260413.86
2026-05-14T03:24:36.9249536Z ##[endgroup]
2026-05-14T03:24:36.9251507Z ##[group]GITHUB_TOKEN Permissions
2026-05-14T03:24:36.9254260Z Actions: read
2026-05-14T03:24:36.9255115Z Checks: read
2026-05-14T03:24:36.9255863Z Contents: write
2026-05-14T03:24:36.9256746Z Metadata: read
2026-05-14T03:24:36.9257822Z ##[endgroup]
2026-05-14T03:24:36.9260839Z Secret source: Actions
2026-05-14T03:24:36.9262046Z Prepare workflow directory
2026-05-14T03:24:36.9853803Z Prepare all required actions
2026-05-14T03:24:36.9911551Z Getting action download info
2026-05-14T03:24:37.2252089Z Download action repository 'actions/checkout@v6' (SHA:de0fac2e4500dabe0009e67214ff5f5447ce83dd)
2026-05-14T03:24:37.4523179Z Complete job name: web-unit-tests (2, 3)
2026-05-14T03:24:37.5176363Z ##[group]Run actions/checkout@v6
2026-05-14T03:24:37.5177254Z with:
2026-05-14T03:24:37.5177962Z   repository: averycorp/prismTask
2026-05-14T03:24:37.5178667Z   token: ***
2026-05-14T03:24:37.5179052Z   ssh-strict: true
2026-05-14T03:24:37.5179433Z   ssh-user: git
2026-05-14T03:24:37.5179827Z   persist-credentials: true
2026-05-14T03:24:37.5180261Z   clean: true
2026-05-14T03:24:37.5180655Z   sparse-checkout-cone-mode: true
2026-05-14T03:24:37.5181122Z   fetch-depth: 1
2026-05-14T03:24:37.5181505Z   fetch-tags: false
2026-05-14T03:24:37.5181894Z   show-progress: true
2026-05-14T03:24:37.5182288Z   lfs: false
2026-05-14T03:24:37.5182645Z   submodules: false
2026-05-14T03:24:37.5183046Z   set-safe-directory: true
2026-05-14T03:24:37.5183787Z ##[endgroup]
2026-05-14T03:24:37.6214578Z Syncing repository: averycorp/prismTask
2026-05-14T03:24:37.6216673Z ##[group]Getting Git version info
2026-05-14T03:24:37.6217869Z Working directory is '/home/runner/work/prismTask/prismTask'
2026-05-14T03:24:37.6219004Z [command]/usr/bin/git version
2026-05-14T03:24:37.6250745Z git version 2.53.0
2026-05-14T03:24:37.6275463Z ##[endgroup]
2026-05-14T03:24:37.6293021Z Temporarily overriding HOME='/home/runner/work/_temp/b05b3b31-2618-41e4-8315-f0a64d3fea32' before making global git config changes
2026-05-14T03:24:37.6295358Z Adding repository directory to the temporary git global config as a safe directory
2026-05-14T03:24:37.6300639Z [command]/usr/bin/git config --global --add safe.directory /home/runner/work/prismTask/prismTask
2026-05-14T03:24:37.6337067Z Deleting the contents of '/home/runner/work/prismTask/prismTask'
2026-05-14T03:24:37.6342095Z ##[group]Initializing the repository
2026-05-14T03:24:37.6347244Z [command]/usr/bin/git init /home/runner/work/prismTask/prismTask
2026-05-14T03:24:37.6459161Z hint: Using 'master' as the name for the initial branch. This default branch name
2026-05-14T03:24:37.6460893Z hint: will change to "main" in Git 3.0. To configure the initial branch name
2026-05-14T03:24:37.6462672Z hint: to use in all of your new repositories, which will suppress this warning,
2026-05-14T03:24:37.6464027Z hint: call:
2026-05-14T03:24:37.6464740Z hint:
2026-05-14T03:24:37.6466067Z hint: 	git config --global init.defaultBranch <name>
2026-05-14T03:24:37.6467076Z hint:
2026-05-14T03:24:37.6468325Z hint: Names commonly chosen instead of 'master' are 'main', 'trunk' and
2026-05-14T03:24:37.6469820Z hint: 'development'. The just-created branch can be renamed via this command:
2026-05-14T03:24:37.6470967Z hint:
2026-05-14T03:24:37.6471631Z hint: 	git branch -m <name>
2026-05-14T03:24:37.6472414Z hint:
2026-05-14T03:24:37.6473526Z hint: Disable this message with "git config set advice.defaultBranchName false"
2026-05-14T03:24:37.6475227Z Initialized empty Git repository in /home/runner/work/prismTask/prismTask/.git/
2026-05-14T03:24:37.6478199Z [command]/usr/bin/git remote add origin https://github.com/averycorp/prismTask
2026-05-14T03:24:37.6507869Z ##[endgroup]
2026-05-14T03:24:37.6509093Z ##[group]Disabling automatic garbage collection
2026-05-14T03:24:37.6512748Z [command]/usr/bin/git config --local gc.auto 0
2026-05-14T03:24:37.6541236Z ##[endgroup]
2026-05-14T03:24:37.6541914Z ##[group]Setting up auth
2026-05-14T03:24:37.6542943Z Removing SSH command configuration
2026-05-14T03:24:37.6549178Z [command]/usr/bin/git config --local --name-only --get-regexp core\.sshCommand
2026-05-14T03:24:37.6581437Z [command]/usr/bin/git submodule foreach --recursive sh -c "git config --local --name-only --get-regexp 'core\.sshCommand' && git config --local --unset-all 'core.sshCommand' || :"
2026-05-14T03:24:37.6868125Z Removing HTTP extra header
2026-05-14T03:24:37.6874968Z [command]/usr/bin/git config --local --name-only --get-regexp http\.https\:\/\/github\.com\/\.extraheader
2026-05-14T03:24:37.6908328Z [command]/usr/bin/git submodule foreach --recursive sh -c "git config --local --name-only --get-regexp 'http\.https\:\/\/github\.com\/\.extraheader' && git config --local --unset-all 'http.https://github.com/.extraheader' || :"
2026-05-14T03:24:37.7128492Z Removing includeIf entries pointing to credentials config files
2026-05-14T03:24:37.7134730Z [command]/usr/bin/git config --local --name-only --get-regexp ^includeIf\.gitdir:
2026-05-14T03:24:37.7169145Z [command]/usr/bin/git submodule foreach --recursive git config --local --show-origin --name-only --get-regexp remote.origin.url
2026-05-14T03:24:37.7398835Z [command]/usr/bin/git config --file /home/runner/work/_temp/git-credentials-95aeebf2-e37e-45f6-8e82-856524bf80ba.config http.https://github.com/.extraheader AUTHORIZATION: basic ***
2026-05-14T03:24:37.7438443Z [command]/usr/bin/git config --local includeIf.gitdir:/home/runner/work/prismTask/prismTask/.git.path /home/runner/work/_temp/git-credentials-95aeebf2-e37e-45f6-8e82-856524bf80ba.config
2026-05-14T03:24:37.7469440Z [command]/usr/bin/git config --local includeIf.gitdir:/home/runner/work/prismTask/prismTask/.git/worktrees/*.path /home/runner/work/_temp/git-credentials-95aeebf2-e37e-45f6-8e82-856524bf80ba.config
2026-05-14T03:24:37.7500296Z [command]/usr/bin/git config --local includeIf.gitdir:/github/workspace/.git.path /github/runner_temp/git-credentials-95aeebf2-e37e-45f6-8e82-856524bf80ba.config
2026-05-14T03:24:37.7532805Z [command]/usr/bin/git config --local includeIf.gitdir:/github/workspace/.git/worktrees/*.path /github/runner_temp/git-credentials-95aeebf2-e37e-45f6-8e82-856524bf80ba.config
2026-05-14T03:24:37.7566492Z ##[endgroup]
2026-05-14T03:24:37.7567217Z ##[group]Fetching the repository
2026-05-14T03:24:37.7576171Z [command]/usr/bin/git -c protocol.version=2 fetch --no-tags --prune --no-recurse-submodules --depth=1 origin +fe1d8e5e6905d4ed1f543ad26023ecddd5abc3d8:refs/remotes/pull/1372/merge
2026-05-14T03:24:39.1310761Z From https://github.com/averycorp/prismTask
2026-05-14T03:24:39.1312298Z  * [new ref]         fe1d8e5e6905d4ed1f543ad26023ecddd5abc3d8 -> pull/1372/merge
2026-05-14T03:24:39.1342827Z ##[endgroup]
2026-05-14T03:24:39.1345087Z ##[group]Determining the checkout info
2026-05-14T03:24:39.1347281Z ##[endgroup]
2026-05-14T03:24:39.1351048Z [command]/usr/bin/git sparse-checkout disable
2026-05-14T03:24:39.1391624Z [command]/usr/bin/git config --local --unset-all extensions.worktreeConfig
2026-05-14T03:24:39.1423664Z ##[group]Checking out the ref
2026-05-14T03:24:39.1427706Z [command]/usr/bin/git checkout --progress --force refs/remotes/pull/1372/merge
2026-05-14T03:24:39.4259423Z Note: switching to 'refs/remotes/pull/1372/merge'.
2026-05-14T03:24:39.4260503Z 
2026-05-14T03:24:39.4261661Z You are in 'detached HEAD' state. You can look around, make experimental
2026-05-14T03:24:39.4262420Z changes and commit them, and you can discard any commits you make in this
2026-05-14T03:24:39.4263049Z state without impacting any branches by switching back to a branch.
2026-05-14T03:24:39.4263423Z 
2026-05-14T03:24:39.4263694Z If you want to create a new branch to retain commits you create, you may
2026-05-14T03:24:39.4264269Z do so (now or later) by using -c with the switch command. Example:
2026-05-14T03:24:39.4264678Z 
2026-05-14T03:24:39.4264813Z   git switch -c <new-branch-name>
2026-05-14T03:24:39.4265035Z 
2026-05-14T03:24:39.4265177Z Or undo this operation with:
2026-05-14T03:24:39.4265408Z 
2026-05-14T03:24:39.4265544Z   git switch -
2026-05-14T03:24:39.4265721Z 
2026-05-14T03:24:39.4265998Z Turn off this advice by setting config variable advice.detachedHead to false
2026-05-14T03:24:39.4266380Z 
2026-05-14T03:24:39.4266815Z HEAD is now at fe1d8e5 Merge 4473594b6debbb1147d2c38601f77eba3919f68a into f6c1cb8fd439338e9441e2c92475284be4265d5d
2026-05-14T03:24:39.4283811Z ##[endgroup]
2026-05-14T03:24:39.4324211Z [command]/usr/bin/git log -1 --format=%H
2026-05-14T03:24:39.4349398Z fe1d8e5e6905d4ed1f543ad26023ecddd5abc3d8
2026-05-14T03:24:39.4650089Z Prepare all required actions
2026-05-14T03:24:39.4650637Z Getting action download info
2026-05-14T03:24:39.5858939Z Download action repository 'actions/setup-node@v4' (SHA:49933ea5288caeca8642d1e84afbd3f7d6820020)
2026-05-14T03:24:39.6923423Z ##[group]Run ./.github/actions/setup-node-web
2026-05-14T03:24:39.6923736Z ##[endgroup]
2026-05-14T03:24:39.7057836Z ##[group]Run actions/setup-node@v4
2026-05-14T03:24:39.7058137Z with:
2026-05-14T03:24:39.7058364Z   node-version: 22
2026-05-14T03:24:39.7058553Z   cache: npm
2026-05-14T03:24:39.7058770Z   cache-dependency-path: web/package-lock.json
2026-05-14T03:24:39.7059061Z   always-auth: false
2026-05-14T03:24:39.7059304Z   check-latest: false
2026-05-14T03:24:39.7059664Z   token: ***
2026-05-14T03:24:39.7059844Z ##[endgroup]
2026-05-14T03:24:39.9015559Z Found in cache @ /opt/hostedtoolcache/node/22.22.2/x64
2026-05-14T03:24:39.9023946Z ##[group]Environment details
2026-05-14T03:24:40.2081790Z node: v22.22.2
2026-05-14T03:24:40.2082328Z npm: 10.9.7
2026-05-14T03:24:40.2082632Z yarn: 1.22.22
2026-05-14T03:24:40.2083251Z ##[endgroup]
2026-05-14T03:24:40.2107872Z [command]/opt/hostedtoolcache/node/22.22.2/x64/bin/npm config get cache
2026-05-14T03:24:40.3220171Z /home/runner/.npm
2026-05-14T03:24:40.4273379Z npm cache is not found
2026-05-14T03:24:40.4418791Z ##[group]Run npm ci
2026-05-14T03:24:40.4419202Z [36;1mnpm ci[0m
2026-05-14T03:24:40.4454958Z shell: /usr/bin/bash --noprofile --norc -e -o pipefail {0}
2026-05-14T03:24:40.4455330Z ##[endgroup]
2026-05-14T03:24:41.3303352Z npm error code ETARGET
2026-05-14T03:24:41.3303956Z npm error notarget No matching version found for idb@^8.0.4.
2026-05-14T03:24:41.3304621Z npm error notarget In most cases you or one of your dependencies are requesting
2026-05-14T03:24:41.3305165Z npm error notarget a package version that doesn't exist.
2026-05-14T03:24:41.3307953Z npm error A complete log of this run can be found in: /home/runner/.npm/_logs/2026-05-14T03_24_40_502Z-debug-0.log
2026-05-14T03:24:41.3691251Z ##[error]Process completed with exit code 1.
2026-05-14T03:24:41.3790746Z Post job cleanup.
2026-05-14T03:24:41.3886092Z Post job cleanup.
2026-05-14T03:24:41.4716010Z [command]/usr/bin/git version
2026-05-14T03:24:41.4753024Z git version 2.53.0
2026-05-14T03:24:41.4796631Z Temporarily overriding HOME='/home/runner/work/_temp/335cefae-0974-4f3b-9408-7130f11afbd4' before making global git config changes
2026-05-14T03:24:41.4798745Z Adding repository directory to the temporary git global config as a safe directory
2026-05-14T03:24:41.4803695Z [command]/usr/bin/git config --global --add safe.directory /home/runner/work/prismTask/prismTask
2026-05-14T03:24:41.4836627Z Removing SSH command configuration
2026-05-14T03:24:41.4846149Z [command]/usr/bin/git config --local --name-only --get-regexp core\.sshCommand
2026-05-14T03:24:41.4884875Z [command]/usr/bin/git submodule foreach --recursive sh -c "git config --local --name-only --get-regexp 'core\.sshCommand' && git config --local --unset-all 'core.sshCommand' || :"
2026-05-14T03:24:41.5143355Z Removing HTTP extra header
2026-05-14T03:24:41.5149673Z [command]/usr/bin/git config --local --name-only --get-regexp http\.https\:\/\/github\.com\/\.extraheader
2026-05-14T03:24:41.5184073Z [command]/usr/bin/git submodule foreach --recursive sh -c "git config --local --name-only --get-regexp 'http\.https\:\/\/github\.com\/\.extraheader' && git config --local --unset-all 'http.https://github.com/.extraheader' || :"
2026-05-14T03:24:41.5405041Z Removing includeIf entries pointing to credentials config files
2026-05-14T03:24:41.5412202Z [command]/usr/bin/git config --local --name-only --get-regexp ^includeIf\.gitdir:
2026-05-14T03:24:41.5436941Z includeif.gitdir:/home/runner/work/prismTask/prismTask/.git.path
2026-05-14T03:24:41.5438203Z includeif.gitdir:/home/runner/work/prismTask/prismTask/.git/worktrees/*.path
2026-05-14T03:24:41.5439027Z includeif.gitdir:/github/workspace/.git.path
2026-05-14T03:24:41.5439739Z includeif.gitdir:/github/workspace/.git/worktrees/*.path
2026-05-14T03:24:41.5446637Z [command]/usr/bin/git config --local --get-all includeif.gitdir:/home/runner/work/prismTask/prismTask/.git.path
2026-05-14T03:24:41.5469113Z /home/runner/work/_temp/git-credentials-95aeebf2-e37e-45f6-8e82-856524bf80ba.config
2026-05-14T03:24:41.5480576Z [command]/usr/bin/git config --local --unset includeif.gitdir:/home/runner/work/prismTask/prismTask/.git.path /home/runner/work/_temp/git-credentials-95aeebf2-e37e-45f6-8e82-856524bf80ba.config
2026-05-14T03:24:41.5514540Z [command]/usr/bin/git config --local --get-all includeif.gitdir:/home/runner/work/prismTask/prismTask/.git/worktrees/*.path
2026-05-14T03:24:41.5536585Z /home/runner/work/_temp/git-credentials-95aeebf2-e37e-45f6-8e82-856524bf80ba.config
2026-05-14T03:24:41.5546913Z [command]/usr/bin/git config --local --unset includeif.gitdir:/home/runner/work/prismTask/prismTask/.git/worktrees/*.path /home/runner/work/_temp/git-credentials-95aeebf2-e37e-45f6-8e82-856524bf80ba.config
2026-05-14T03:24:41.5579192Z [command]/usr/bin/git config --local --get-all includeif.gitdir:/github/workspace/.git.path
2026-05-14T03:24:41.5599462Z /github/runner_temp/git-credentials-95aeebf2-e37e-45f6-8e82-856524bf80ba.config
2026-05-14T03:24:41.5607117Z [command]/usr/bin/git config --local --unset includeif.gitdir:/github/workspace/.git.path /github/runner_temp/git-credentials-95aeebf2-e37e-45f6-8e82-856524bf80ba.config
2026-05-14T03:24:41.5636683Z [command]/usr/bin/git config --local --get-all includeif.gitdir:/github/workspace/.git/worktrees/*.path
2026-05-14T03:24:41.5656824Z /github/runner_temp/git-credentials-95aeebf2-e37e-45f6-8e82-856524bf80ba.config
2026-05-14T03:24:41.5665970Z [command]/usr/bin/git config --local --unset includeif.gitdir:/github/workspace/.git/worktrees/*.path /github/runner_temp/git-credentials-95aeebf2-e37e-45f6-8e82-856524bf80ba.config
2026-05-14T03:24:41.5698429Z [command]/usr/bin/git submodule foreach --recursive git config --local --show-origin --name-only --get-regexp remote.origin.url
2026-05-14T03:24:41.5917797Z Removing credentials config '/home/runner/work/_temp/git-credentials-95aeebf2-e37e-45f6-8e82-856524bf80ba.config'
2026-05-14T03:24:41.6053677Z Cleaning up orphan processes
2026-05-14T03:24:41.6337263Z ##[warning]Node.js 20 actions are deprecated. The following actions are running on Node.js 20 and may not work as expected: actions/setup-node@v4. Actions will be forced to run with Node.js 24 by default starting June 2nd, 2026. Node.js 20 will be removed from the runner on September 16th, 2026. Please check if updated versions of these actions are available that support Node.js 24. To opt into Node.js 24 now, set the FORCE_JAVASCRIPT_ACTIONS_TO_NODE24=true environment variable on the runner or in your workflow file. Once Node.js 24 becomes the default, you can temporarily opt out by setting ACTIONS_ALLOW_USE_UNSECURE_NODE_VERSION=true. For more information see: https://github.blog/changelog/2025-09-19-deprecation-of-node-20-on-github-actions-runners/


--- Job: web-unit-tests (3, 3) (id 75922494596) ---
2026-05-14T03:24:36.9703161Z Current runner version: '2.334.0'
2026-05-14T03:24:36.9728800Z ##[group]Runner Image Provisioner
2026-05-14T03:24:36.9729585Z Hosted Compute Agent
2026-05-14T03:24:36.9730129Z Version: 20260213.493
2026-05-14T03:24:36.9730795Z Commit: 5c115507f6dd24b8de37d8bbe0bb4509d0cc0fa3
2026-05-14T03:24:36.9731519Z Build Date: 2026-02-13T00:28:41Z
2026-05-14T03:24:36.9732177Z Worker ID: {8f5b7670-544b-4524-a754-ef71c8ab44bb}
2026-05-14T03:24:36.9732832Z Azure Region: northcentralus
2026-05-14T03:24:36.9733478Z ##[endgroup]
2026-05-14T03:24:36.9734839Z ##[group]Operating System
2026-05-14T03:24:36.9735428Z Ubuntu
2026-05-14T03:24:36.9736033Z 24.04.4
2026-05-14T03:24:36.9736499Z LTS
2026-05-14T03:24:36.9737249Z ##[endgroup]
2026-05-14T03:24:36.9737751Z ##[group]Runner Image
2026-05-14T03:24:36.9738295Z Image: ubuntu-24.04
2026-05-14T03:24:36.9738758Z Version: 20260413.86.1
2026-05-14T03:24:36.9740022Z Included Software: https://github.com/actions/runner-images/blob/ubuntu24/20260413.86/images/ubuntu/Ubuntu2404-Readme.md
2026-05-14T03:24:36.9741478Z Image Release: https://github.com/actions/runner-images/releases/tag/ubuntu24%2F20260413.86
2026-05-14T03:24:36.9742409Z ##[endgroup]
2026-05-14T03:24:36.9743498Z ##[group]GITHUB_TOKEN Permissions
2026-05-14T03:24:36.9745678Z Actions: read
2026-05-14T03:24:36.9746225Z Checks: read
2026-05-14T03:24:36.9746693Z Contents: write
2026-05-14T03:24:36.9747527Z Metadata: read
2026-05-14T03:24:36.9748026Z ##[endgroup]
2026-05-14T03:24:36.9750029Z Secret source: Actions
2026-05-14T03:24:36.9751199Z Prepare workflow directory
2026-05-14T03:24:37.0163750Z Prepare all required actions
2026-05-14T03:24:37.0201516Z Getting action download info
2026-05-14T03:24:37.3362857Z Download action repository 'actions/checkout@v6' (SHA:de0fac2e4500dabe0009e67214ff5f5447ce83dd)
2026-05-14T03:24:37.6146755Z Complete job name: web-unit-tests (3, 3)
2026-05-14T03:24:37.6782745Z ##[group]Run actions/checkout@v6
2026-05-14T03:24:37.6783587Z with:
2026-05-14T03:24:37.6783989Z   repository: averycorp/prismTask
2026-05-14T03:24:37.6784668Z   token: ***
2026-05-14T03:24:37.6785054Z   ssh-strict: true
2026-05-14T03:24:37.6785441Z   ssh-user: git
2026-05-14T03:24:37.6785842Z   persist-credentials: true
2026-05-14T03:24:37.6786271Z   clean: true
2026-05-14T03:24:37.6786667Z   sparse-checkout-cone-mode: true
2026-05-14T03:24:37.6787361Z   fetch-depth: 1
2026-05-14T03:24:37.6787748Z   fetch-tags: false
2026-05-14T03:24:37.6788138Z   show-progress: true
2026-05-14T03:24:37.6788547Z   lfs: false
2026-05-14T03:24:37.6788901Z   submodules: false
2026-05-14T03:24:37.6789320Z   set-safe-directory: true
2026-05-14T03:24:37.6790013Z ##[endgroup]
2026-05-14T03:24:37.7788636Z Syncing repository: averycorp/prismTask
2026-05-14T03:24:37.7790336Z ##[group]Getting Git version info
2026-05-14T03:24:37.7791067Z Working directory is '/home/runner/work/prismTask/prismTask'
2026-05-14T03:24:37.7792065Z [command]/usr/bin/git version
2026-05-14T03:24:37.7821753Z git version 2.53.0
2026-05-14T03:24:37.7845106Z ##[endgroup]
2026-05-14T03:24:37.7860201Z Temporarily overriding HOME='/home/runner/work/_temp/5d1ea9e6-6b4c-4a9c-8f6e-b78e0bec991a' before making global git config changes
2026-05-14T03:24:37.7861636Z Adding repository directory to the temporary git global config as a safe directory
2026-05-14T03:24:37.7865740Z [command]/usr/bin/git config --global --add safe.directory /home/runner/work/prismTask/prismTask
2026-05-14T03:24:37.7898665Z Deleting the contents of '/home/runner/work/prismTask/prismTask'
2026-05-14T03:24:37.7902570Z ##[group]Initializing the repository
2026-05-14T03:24:37.7907999Z [command]/usr/bin/git init /home/runner/work/prismTask/prismTask
2026-05-14T03:24:37.8011977Z hint: Using 'master' as the name for the initial branch. This default branch name
2026-05-14T03:24:37.8013648Z hint: will change to "main" in Git 3.0. To configure the initial branch name
2026-05-14T03:24:37.8015266Z hint: to use in all of your new repositories, which will suppress this warning,
2026-05-14T03:24:37.8016354Z hint: call:
2026-05-14T03:24:37.8017285Z hint:
2026-05-14T03:24:37.8018445Z hint: 	git config --global init.defaultBranch <name>
2026-05-14T03:24:37.8019058Z hint:
2026-05-14T03:24:37.8019621Z hint: Names commonly chosen instead of 'master' are 'main', 'trunk' and
2026-05-14T03:24:37.8020538Z hint: 'development'. The just-created branch can be renamed via this command:
2026-05-14T03:24:37.8021243Z hint:
2026-05-14T03:24:37.8021644Z hint: 	git branch -m <name>
2026-05-14T03:24:37.8022099Z hint:
2026-05-14T03:24:37.8022705Z hint: Disable this message with "git config set advice.defaultBranchName false"
2026-05-14T03:24:37.8024001Z Initialized empty Git repository in /home/runner/work/prismTask/prismTask/.git/
2026-05-14T03:24:37.8025974Z [command]/usr/bin/git remote add origin https://github.com/averycorp/prismTask
2026-05-14T03:24:37.8057864Z ##[endgroup]
2026-05-14T03:24:37.8059134Z ##[group]Disabling automatic garbage collection
2026-05-14T03:24:37.8062385Z [command]/usr/bin/git config --local gc.auto 0
2026-05-14T03:24:37.8091397Z ##[endgroup]
2026-05-14T03:24:37.8092725Z ##[group]Setting up auth
2026-05-14T03:24:37.8093604Z Removing SSH command configuration
2026-05-14T03:24:37.8099601Z [command]/usr/bin/git config --local --name-only --get-regexp core\.sshCommand
2026-05-14T03:24:37.8130308Z [command]/usr/bin/git submodule foreach --recursive sh -c "git config --local --name-only --get-regexp 'core\.sshCommand' && git config --local --unset-all 'core.sshCommand' || :"
2026-05-14T03:24:37.8406497Z Removing HTTP extra header
2026-05-14T03:24:37.8413383Z [command]/usr/bin/git config --local --name-only --get-regexp http\.https\:\/\/github\.com\/\.extraheader
2026-05-14T03:24:37.8444593Z [command]/usr/bin/git submodule foreach --recursive sh -c "git config --local --name-only --get-regexp 'http\.https\:\/\/github\.com\/\.extraheader' && git config --local --unset-all 'http.https://github.com/.extraheader' || :"
2026-05-14T03:24:37.8654851Z Removing includeIf entries pointing to credentials config files
2026-05-14T03:24:37.8661252Z [command]/usr/bin/git config --local --name-only --get-regexp ^includeIf\.gitdir:
2026-05-14T03:24:37.8691252Z [command]/usr/bin/git submodule foreach --recursive git config --local --show-origin --name-only --get-regexp remote.origin.url
2026-05-14T03:24:37.8907571Z [command]/usr/bin/git config --file /home/runner/work/_temp/git-credentials-2e299597-5f10-47da-8910-9a7c82c0b852.config http.https://github.com/.extraheader AUTHORIZATION: basic ***
2026-05-14T03:24:37.8943579Z [command]/usr/bin/git config --local includeIf.gitdir:/home/runner/work/prismTask/prismTask/.git.path /home/runner/work/_temp/git-credentials-2e299597-5f10-47da-8910-9a7c82c0b852.config
2026-05-14T03:24:37.8974589Z [command]/usr/bin/git config --local includeIf.gitdir:/home/runner/work/prismTask/prismTask/.git/worktrees/*.path /home/runner/work/_temp/git-credentials-2e299597-5f10-47da-8910-9a7c82c0b852.config
2026-05-14T03:24:37.9004285Z [command]/usr/bin/git config --local includeIf.gitdir:/github/workspace/.git.path /github/runner_temp/git-credentials-2e299597-5f10-47da-8910-9a7c82c0b852.config
2026-05-14T03:24:37.9035192Z [command]/usr/bin/git config --local includeIf.gitdir:/github/workspace/.git/worktrees/*.path /github/runner_temp/git-credentials-2e299597-5f10-47da-8910-9a7c82c0b852.config
2026-05-14T03:24:37.9064491Z ##[endgroup]
2026-05-14T03:24:37.9065461Z ##[group]Fetching the repository
2026-05-14T03:24:37.9072112Z [command]/usr/bin/git -c protocol.version=2 fetch --no-tags --prune --no-recurse-submodules --depth=1 origin +fe1d8e5e6905d4ed1f543ad26023ecddd5abc3d8:refs/remotes/pull/1372/merge
2026-05-14T03:24:39.5570281Z From https://github.com/averycorp/prismTask
2026-05-14T03:24:39.5571779Z  * [new ref]         fe1d8e5e6905d4ed1f543ad26023ecddd5abc3d8 -> pull/1372/merge
2026-05-14T03:24:39.5598307Z ##[endgroup]
2026-05-14T03:24:39.5600006Z ##[group]Determining the checkout info
2026-05-14T03:24:39.5601953Z ##[endgroup]
2026-05-14T03:24:39.5605216Z [command]/usr/bin/git sparse-checkout disable
2026-05-14T03:24:39.5642566Z [command]/usr/bin/git config --local --unset-all extensions.worktreeConfig
2026-05-14T03:24:39.5672000Z ##[group]Checking out the ref
2026-05-14T03:24:39.5673885Z [command]/usr/bin/git checkout --progress --force refs/remotes/pull/1372/merge
2026-05-14T03:24:39.8489631Z Note: switching to 'refs/remotes/pull/1372/merge'.
2026-05-14T03:24:39.8490970Z 
2026-05-14T03:24:39.8491297Z You are in 'detached HEAD' state. You can look around, make experimental
2026-05-14T03:24:39.8492013Z changes and commit them, and you can discard any commits you make in this
2026-05-14T03:24:39.8492670Z state without impacting any branches by switching back to a branch.
2026-05-14T03:24:39.8493086Z 
2026-05-14T03:24:39.8493384Z If you want to create a new branch to retain commits you create, you may
2026-05-14T03:24:39.8494025Z do so (now or later) by using -c with the switch command. Example:
2026-05-14T03:24:39.8494443Z 
2026-05-14T03:24:39.8494597Z   git switch -c <new-branch-name>
2026-05-14T03:24:39.8494835Z 
2026-05-14T03:24:39.8494993Z Or undo this operation with:
2026-05-14T03:24:39.8495240Z 
2026-05-14T03:24:39.8495382Z   git switch -
2026-05-14T03:24:39.8495574Z 
2026-05-14T03:24:39.8495894Z Turn off this advice by setting config variable advice.detachedHead to false
2026-05-14T03:24:39.8496247Z 
2026-05-14T03:24:39.8496657Z HEAD is now at fe1d8e5 Merge 4473594b6debbb1147d2c38601f77eba3919f68a into f6c1cb8fd439338e9441e2c92475284be4265d5d
2026-05-14T03:24:39.8512403Z ##[endgroup]
2026-05-14T03:24:39.8550531Z [command]/usr/bin/git log -1 --format=%H
2026-05-14T03:24:39.8573881Z fe1d8e5e6905d4ed1f543ad26023ecddd5abc3d8
2026-05-14T03:24:39.8859066Z Prepare all required actions
2026-05-14T03:24:39.8859557Z Getting action download info
2026-05-14T03:24:40.0208898Z Download action repository 'actions/setup-node@v4' (SHA:49933ea5288caeca8642d1e84afbd3f7d6820020)
2026-05-14T03:24:40.1172157Z ##[group]Run ./.github/actions/setup-node-web
2026-05-14T03:24:40.1172512Z ##[endgroup]
2026-05-14T03:24:40.1305108Z ##[group]Run actions/setup-node@v4
2026-05-14T03:24:40.1305457Z with:
2026-05-14T03:24:40.1305700Z   node-version: 22
2026-05-14T03:24:40.1305929Z   cache: npm
2026-05-14T03:24:40.1306190Z   cache-dependency-path: web/package-lock.json
2026-05-14T03:24:40.1306514Z   always-auth: false
2026-05-14T03:24:40.1306741Z   check-latest: false
2026-05-14T03:24:40.1307340Z   token: ***
2026-05-14T03:24:40.1307554Z ##[endgroup]
2026-05-14T03:24:40.3234742Z Found in cache @ /opt/hostedtoolcache/node/22.22.2/x64
2026-05-14T03:24:40.3242361Z ##[group]Environment details
2026-05-14T03:24:43.7052860Z node: v22.22.2
2026-05-14T03:24:43.7053653Z npm: 10.9.7
2026-05-14T03:24:43.7053978Z yarn: 1.22.22
2026-05-14T03:24:43.7055473Z ##[endgroup]
2026-05-14T03:24:43.7074996Z [command]/opt/hostedtoolcache/node/22.22.2/x64/bin/npm config get cache
2026-05-14T03:24:43.9694890Z /home/runner/.npm
2026-05-14T03:24:44.1261763Z npm cache is not found
2026-05-14T03:24:44.1408401Z ##[group]Run npm ci
2026-05-14T03:24:44.1408702Z [36;1mnpm ci[0m
2026-05-14T03:24:44.1442188Z shell: /usr/bin/bash --noprofile --norc -e -o pipefail {0}
2026-05-14T03:24:44.1442559Z ##[endgroup]
2026-05-14T03:24:46.0309396Z npm error code ETARGET
2026-05-14T03:24:46.0310885Z npm error notarget No matching version found for idb@^8.0.4.
2026-05-14T03:24:46.0312140Z npm error notarget In most cases you or one of your dependencies are requesting
2026-05-14T03:24:46.0313347Z npm error notarget a package version that doesn't exist.
2026-05-14T03:24:46.0314958Z npm error A complete log of this run can be found in: /home/runner/.npm/_logs/2026-05-14T03_24_44_203Z-debug-0.log
2026-05-14T03:24:46.0697777Z ##[error]Process completed with exit code 1.
2026-05-14T03:24:46.0784507Z Post job cleanup.
2026-05-14T03:24:46.0869186Z Post job cleanup.
2026-05-14T03:24:46.1713408Z [command]/usr/bin/git version
2026-05-14T03:24:46.1749654Z git version 2.53.0
2026-05-14T03:24:46.1789716Z Temporarily overriding HOME='/home/runner/work/_temp/918a853d-d3f6-4798-ae5d-5c89496d9d83' before making global git config changes
2026-05-14T03:24:46.1791480Z Adding repository directory to the temporary git global config as a safe directory
2026-05-14T03:24:46.1794834Z [command]/usr/bin/git config --global --add safe.directory /home/runner/work/prismTask/prismTask
2026-05-14T03:24:46.1824337Z Removing SSH command configuration
2026-05-14T03:24:46.1832420Z [command]/usr/bin/git config --local --name-only --get-regexp core\.sshCommand
2026-05-14T03:24:46.1891504Z [command]/usr/bin/git submodule foreach --recursive sh -c "git config --local --name-only --get-regexp 'core\.sshCommand' && git config --local --unset-all 'core.sshCommand' || :"
2026-05-14T03:24:46.2111570Z Removing HTTP extra header
2026-05-14T03:24:46.2116178Z [command]/usr/bin/git config --local --name-only --get-regexp http\.https\:\/\/github\.com\/\.extraheader
2026-05-14T03:24:46.2150357Z [command]/usr/bin/git submodule foreach --recursive sh -c "git config --local --name-only --get-regexp 'http\.https\:\/\/github\.com\/\.extraheader' && git config --local --unset-all 'http.https://github.com/.extraheader' || :"
2026-05-14T03:24:46.2367815Z Removing includeIf entries pointing to credentials config files
2026-05-14T03:24:46.2374772Z [command]/usr/bin/git config --local --name-only --get-regexp ^includeIf\.gitdir:
2026-05-14T03:24:46.2397358Z includeif.gitdir:/home/runner/work/prismTask/prismTask/.git.path
2026-05-14T03:24:46.2398574Z includeif.gitdir:/home/runner/work/prismTask/prismTask/.git/worktrees/*.path
2026-05-14T03:24:46.2399537Z includeif.gitdir:/github/workspace/.git.path
2026-05-14T03:24:46.2400367Z includeif.gitdir:/github/workspace/.git/worktrees/*.path
2026-05-14T03:24:46.2407120Z [command]/usr/bin/git config --local --get-all includeif.gitdir:/home/runner/work/prismTask/prismTask/.git.path
2026-05-14T03:24:46.2427741Z /home/runner/work/_temp/git-credentials-2e299597-5f10-47da-8910-9a7c82c0b852.config
2026-05-14T03:24:46.2438959Z [command]/usr/bin/git config --local --unset includeif.gitdir:/home/runner/work/prismTask/prismTask/.git.path /home/runner/work/_temp/git-credentials-2e299597-5f10-47da-8910-9a7c82c0b852.config
2026-05-14T03:24:46.2472057Z [command]/usr/bin/git config --local --get-all includeif.gitdir:/home/runner/work/prismTask/prismTask/.git/worktrees/*.path
2026-05-14T03:24:46.2493287Z /home/runner/work/_temp/git-credentials-2e299597-5f10-47da-8910-9a7c82c0b852.config
2026-05-14T03:24:46.2503325Z [command]/usr/bin/git config --local --unset includeif.gitdir:/home/runner/work/prismTask/prismTask/.git/worktrees/*.path /home/runner/work/_temp/git-credentials-2e299597-5f10-47da-8910-9a7c82c0b852.config
2026-05-14T03:24:46.2534981Z [command]/usr/bin/git config --local --get-all includeif.gitdir:/github/workspace/.git.path
2026-05-14T03:24:46.2556004Z /github/runner_temp/git-credentials-2e299597-5f10-47da-8910-9a7c82c0b852.config
2026-05-14T03:24:46.2564146Z [command]/usr/bin/git config --local --unset includeif.gitdir:/github/workspace/.git.path /github/runner_temp/git-credentials-2e299597-5f10-47da-8910-9a7c82c0b852.config
2026-05-14T03:24:46.2594087Z [command]/usr/bin/git config --local --get-all includeif.gitdir:/github/workspace/.git/worktrees/*.path
2026-05-14T03:24:46.2614041Z /github/runner_temp/git-credentials-2e299597-5f10-47da-8910-9a7c82c0b852.config
2026-05-14T03:24:46.2623663Z [command]/usr/bin/git config --local --unset includeif.gitdir:/github/workspace/.git/worktrees/*.path /github/runner_temp/git-credentials-2e299597-5f10-47da-8910-9a7c82c0b852.config
2026-05-14T03:24:46.2653886Z [command]/usr/bin/git submodule foreach --recursive git config --local --show-origin --name-only --get-regexp remote.origin.url
2026-05-14T03:24:46.2866579Z Removing credentials config '/home/runner/work/_temp/git-credentials-2e299597-5f10-47da-8910-9a7c82c0b852.config'
2026-05-14T03:24:46.2995215Z Cleaning up orphan processes
2026-05-14T03:24:46.3251537Z ##[warning]Node.js 20 actions are deprecated. The following actions are running on Node.js 20 and may not work as expected: actions/setup-node@v4. Actions will be forced to run with Node.js 24 by default starting June 2nd, 2026. Node.js 20 will be removed from the runner on September 16th, 2026. Please check if updated versions of these actions are available that support Node.js 24. To opt into Node.js 24 now, set the FORCE_JAVASCRIPT_ACTIONS_TO_NODE24=true environment variable on the runner or in your workflow file. Once Node.js 24 becomes the default, you can temporarily opt out by setting ACTIONS_ALLOW_USE_UNSECURE_NODE_VERSION=true. For more information see: https://github.blog/changelog/2025-09-19-deprecation-of-node-20-on-github-actions-runners/


--- Job: web-unit-tests (1, 3) (id 75922494602) ---
2026-05-14T03:24:43.3114870Z Current runner version: '2.334.0'
2026-05-14T03:24:43.3140598Z ##[group]Runner Image Provisioner
2026-05-14T03:24:43.3141412Z Hosted Compute Agent
2026-05-14T03:24:43.3141923Z Version: 20260213.493
2026-05-14T03:24:43.3142641Z Commit: 5c115507f6dd24b8de37d8bbe0bb4509d0cc0fa3
2026-05-14T03:24:43.3143299Z Build Date: 2026-02-13T00:28:41Z
2026-05-14T03:24:43.3143943Z Worker ID: {18da0bd7-987e-4860-98ef-da73b8eaceca}
2026-05-14T03:24:43.3144614Z Azure Region: eastus2
2026-05-14T03:24:43.3145560Z ##[endgroup]
2026-05-14T03:24:43.3147824Z ##[group]Operating System
2026-05-14T03:24:43.3149013Z Ubuntu
2026-05-14T03:24:43.3150315Z 24.04.4
2026-05-14T03:24:43.3151152Z LTS
2026-05-14T03:24:43.3152082Z ##[endgroup]
2026-05-14T03:24:43.3153056Z ##[group]Runner Image
2026-05-14T03:24:43.3154052Z Image: ubuntu-24.04
2026-05-14T03:24:43.3154891Z Version: 20260413.86.1
2026-05-14T03:24:43.3157214Z Included Software: https://github.com/actions/runner-images/blob/ubuntu24/20260413.86/images/ubuntu/Ubuntu2404-Readme.md
2026-05-14T03:24:43.3159673Z Image Release: https://github.com/actions/runner-images/releases/tag/ubuntu24%2F20260413.86
2026-05-14T03:24:43.3161530Z ##[endgroup]
2026-05-14T03:24:43.3163235Z ##[group]GITHUB_TOKEN Permissions
2026-05-14T03:24:43.3166066Z Actions: read
2026-05-14T03:24:43.3166861Z Checks: read
2026-05-14T03:24:43.3167584Z Contents: write
2026-05-14T03:24:43.3168516Z Metadata: read
2026-05-14T03:24:43.3169255Z ##[endgroup]
2026-05-14T03:24:43.3172306Z Secret source: Actions
2026-05-14T03:24:43.3173625Z Prepare workflow directory
2026-05-14T03:24:43.3756902Z Prepare all required actions
2026-05-14T03:24:43.3812657Z Getting action download info
2026-05-14T03:24:43.6550628Z Download action repository 'actions/checkout@v6' (SHA:de0fac2e4500dabe0009e67214ff5f5447ce83dd)
2026-05-14T03:24:43.8889511Z Complete job name: web-unit-tests (1, 3)
2026-05-14T03:24:43.9522040Z ##[group]Run actions/checkout@v6
2026-05-14T03:24:43.9522862Z with:
2026-05-14T03:24:43.9523261Z   repository: averycorp/prismTask
2026-05-14T03:24:43.9523932Z   token: ***
2026-05-14T03:24:43.9524315Z   ssh-strict: true
2026-05-14T03:24:43.9524693Z   ssh-user: git
2026-05-14T03:24:43.9525088Z   persist-credentials: true
2026-05-14T03:24:43.9525523Z   clean: true
2026-05-14T03:24:43.9525953Z   sparse-checkout-cone-mode: true
2026-05-14T03:24:43.9526436Z   fetch-depth: 1
2026-05-14T03:24:43.9526817Z   fetch-tags: false
2026-05-14T03:24:43.9527210Z   show-progress: true
2026-05-14T03:24:43.9527607Z   lfs: false
2026-05-14T03:24:43.9527965Z   submodules: false
2026-05-14T03:24:43.9528364Z   set-safe-directory: true
2026-05-14T03:24:43.9529111Z ##[endgroup]
2026-05-14T03:24:44.0460829Z Syncing repository: averycorp/prismTask
2026-05-14T03:24:44.0462586Z ##[group]Getting Git version info
2026-05-14T03:24:44.0463279Z Working directory is '/home/runner/work/prismTask/prismTask'
2026-05-14T03:24:44.0464260Z [command]/usr/bin/git version
2026-05-14T03:24:44.0498417Z git version 2.53.0
2026-05-14T03:24:44.0554743Z ##[endgroup]
2026-05-14T03:24:44.0571546Z Temporarily overriding HOME='/home/runner/work/_temp/a889ed25-bcca-4b5e-8f6f-127b4a17fb93' before making global git config changes
2026-05-14T03:24:44.0573033Z Adding repository directory to the temporary git global config as a safe directory
2026-05-14T03:24:44.0577126Z [command]/usr/bin/git config --global --add safe.directory /home/runner/work/prismTask/prismTask
2026-05-14T03:24:44.0608757Z Deleting the contents of '/home/runner/work/prismTask/prismTask'
2026-05-14T03:24:44.0613012Z ##[group]Initializing the repository
2026-05-14T03:24:44.0617658Z [command]/usr/bin/git init /home/runner/work/prismTask/prismTask
2026-05-14T03:24:44.0718292Z hint: Using 'master' as the name for the initial branch. This default branch name
2026-05-14T03:24:44.0719748Z hint: will change to "main" in Git 3.0. To configure the initial branch name
2026-05-14T03:24:44.0721513Z hint: to use in all of your new repositories, which will suppress this warning,
2026-05-14T03:24:44.0722875Z hint: call:
2026-05-14T03:24:44.0723571Z hint:
2026-05-14T03:24:44.0724856Z hint: 	git config --global init.defaultBranch <name>
2026-05-14T03:24:44.0725951Z hint:
2026-05-14T03:24:44.0726917Z hint: Names commonly chosen instead of 'master' are 'main', 'trunk' and
2026-05-14T03:24:44.0728621Z hint: 'development'. The just-created branch can be renamed via this command:
2026-05-14T03:24:44.0729907Z hint:
2026-05-14T03:24:44.0730927Z hint: 	git branch -m <name>
2026-05-14T03:24:44.0731775Z hint:
2026-05-14T03:24:44.0732926Z hint: Disable this message with "git config set advice.defaultBranchName false"
2026-05-14T03:24:44.0734632Z Initialized empty Git repository in /home/runner/work/prismTask/prismTask/.git/
2026-05-14T03:24:44.0737264Z [command]/usr/bin/git remote add origin https://github.com/averycorp/prismTask
2026-05-14T03:24:44.0764086Z ##[endgroup]
2026-05-14T03:24:44.0765355Z ##[group]Disabling automatic garbage collection
2026-05-14T03:24:44.0768390Z [command]/usr/bin/git config --local gc.auto 0
2026-05-14T03:24:44.0796692Z ##[endgroup]
2026-05-14T03:24:44.0797819Z ##[group]Setting up auth
2026-05-14T03:24:44.0798607Z Removing SSH command configuration
2026-05-14T03:24:44.0803214Z [command]/usr/bin/git config --local --name-only --get-regexp core\.sshCommand
2026-05-14T03:24:44.0834150Z [command]/usr/bin/git submodule foreach --recursive sh -c "git config --local --name-only --get-regexp 'core\.sshCommand' && git config --local --unset-all 'core.sshCommand' || :"
2026-05-14T03:24:44.1110195Z Removing HTTP extra header
2026-05-14T03:24:44.1115228Z [command]/usr/bin/git config --local --name-only --get-regexp http\.https\:\/\/github\.com\/\.extraheader
2026-05-14T03:24:44.1144122Z [command]/usr/bin/git submodule foreach --recursive sh -c "git config --local --name-only --get-regexp 'http\.https\:\/\/github\.com\/\.extraheader' && git config --local --unset-all 'http.https://github.com/.extraheader' || :"
2026-05-14T03:24:44.1354257Z Removing includeIf entries pointing to credentials config files
2026-05-14T03:24:44.1359775Z [command]/usr/bin/git config --local --name-only --get-regexp ^includeIf\.gitdir:
2026-05-14T03:24:44.1391270Z [command]/usr/bin/git submodule foreach --recursive git config --local --show-origin --name-only --get-regexp remote.origin.url
2026-05-14T03:24:44.1608177Z [command]/usr/bin/git config --file /home/runner/work/_temp/git-credentials-e286d121-cca1-42b9-ad4b-5696461a43af.config http.https://github.com/.extraheader AUTHORIZATION: basic ***
2026-05-14T03:24:44.1645876Z [command]/usr/bin/git config --local includeIf.gitdir:/home/runner/work/prismTask/prismTask/.git.path /home/runner/work/_temp/git-credentials-e286d121-cca1-42b9-ad4b-5696461a43af.config
2026-05-14T03:24:44.1676616Z [command]/usr/bin/git config --local includeIf.gitdir:/home/runner/work/prismTask/prismTask/.git/worktrees/*.path /home/runner/work/_temp/git-credentials-e286d121-cca1-42b9-ad4b-5696461a43af.config
2026-05-14T03:24:44.1705784Z [command]/usr/bin/git config --local includeIf.gitdir:/github/workspace/.git.path /github/runner_temp/git-credentials-e286d121-cca1-42b9-ad4b-5696461a43af.config
2026-05-14T03:24:44.1749539Z [command]/usr/bin/git config --local includeIf.gitdir:/github/workspace/.git/worktrees/*.path /github/runner_temp/git-credentials-e286d121-cca1-42b9-ad4b-5696461a43af.config
2026-05-14T03:24:44.1791461Z ##[endgroup]
2026-05-14T03:24:44.1792193Z ##[group]Fetching the repository
2026-05-14T03:24:44.1801759Z [command]/usr/bin/git -c protocol.version=2 fetch --no-tags --prune --no-recurse-submodules --depth=1 origin +fe1d8e5e6905d4ed1f543ad26023ecddd5abc3d8:refs/remotes/pull/1372/merge
2026-05-14T03:24:45.6207818Z From https://github.com/averycorp/prismTask
2026-05-14T03:24:45.6210830Z  * [new ref]         fe1d8e5e6905d4ed1f543ad26023ecddd5abc3d8 -> pull/1372/merge
2026-05-14T03:24:45.6239612Z ##[endgroup]
2026-05-14T03:24:45.6242085Z ##[group]Determining the checkout info
2026-05-14T03:24:45.6244227Z ##[endgroup]
2026-05-14T03:24:45.6247864Z [command]/usr/bin/git sparse-checkout disable
2026-05-14T03:24:45.6288643Z [command]/usr/bin/git config --local --unset-all extensions.worktreeConfig
2026-05-14T03:24:45.6318700Z ##[group]Checking out the ref
2026-05-14T03:24:45.6322919Z [command]/usr/bin/git checkout --progress --force refs/remotes/pull/1372/merge
2026-05-14T03:24:45.9186523Z Note: switching to 'refs/remotes/pull/1372/merge'.
2026-05-14T03:24:45.9188272Z 
2026-05-14T03:24:45.9188783Z You are in 'detached HEAD' state. You can look around, make experimental
2026-05-14T03:24:45.9189689Z changes and commit them, and you can discard any commits you make in this
2026-05-14T03:24:45.9190946Z state without impacting any branches by switching back to a branch.
2026-05-14T03:24:45.9191454Z 
2026-05-14T03:24:45.9191844Z If you want to create a new branch to retain commits you create, you may
2026-05-14T03:24:45.9192679Z do so (now or later) by using -c with the switch command. Example:
2026-05-14T03:24:45.9193143Z 
2026-05-14T03:24:45.9193280Z   git switch -c <new-branch-name>
2026-05-14T03:24:45.9193493Z 
2026-05-14T03:24:45.9193635Z Or undo this operation with:
2026-05-14T03:24:45.9193860Z 
2026-05-14T03:24:45.9193975Z   git switch -
2026-05-14T03:24:45.9194152Z 
2026-05-14T03:24:45.9194518Z Turn off this advice by setting config variable advice.detachedHead to false
2026-05-14T03:24:45.9194875Z 
2026-05-14T03:24:45.9195282Z HEAD is now at fe1d8e5 Merge 4473594b6debbb1147d2c38601f77eba3919f68a into f6c1cb8fd439338e9441e2c92475284be4265d5d
2026-05-14T03:24:45.9209346Z ##[endgroup]
2026-05-14T03:24:45.9249670Z [command]/usr/bin/git log -1 --format=%H
2026-05-14T03:24:45.9274693Z fe1d8e5e6905d4ed1f543ad26023ecddd5abc3d8
2026-05-14T03:24:45.9567406Z Prepare all required actions
2026-05-14T03:24:45.9567958Z Getting action download info
2026-05-14T03:24:46.0844081Z Download action repository 'actions/setup-node@v4' (SHA:49933ea5288caeca8642d1e84afbd3f7d6820020)
2026-05-14T03:24:46.1825925Z ##[group]Run ./.github/actions/setup-node-web
2026-05-14T03:24:46.1826300Z ##[endgroup]
2026-05-14T03:24:46.1968519Z ##[group]Run actions/setup-node@v4
2026-05-14T03:24:46.1968883Z with:
2026-05-14T03:24:46.1969156Z   node-version: 22
2026-05-14T03:24:46.1969389Z   cache: npm
2026-05-14T03:24:46.1969641Z   cache-dependency-path: web/package-lock.json
2026-05-14T03:24:46.1970162Z   always-auth: false
2026-05-14T03:24:46.1970411Z   check-latest: false
2026-05-14T03:24:46.1970832Z   token: ***
2026-05-14T03:24:46.1971059Z ##[endgroup]
2026-05-14T03:24:46.3955703Z Found in cache @ /opt/hostedtoolcache/node/22.22.2/x64
2026-05-14T03:24:46.3964886Z ##[group]Environment details
2026-05-14T03:24:46.7020647Z node: v22.22.2
2026-05-14T03:24:46.7021359Z npm: 10.9.7
2026-05-14T03:24:46.7021677Z yarn: 1.22.22
2026-05-14T03:24:46.7023089Z ##[endgroup]
2026-05-14T03:24:46.7049429Z [command]/opt/hostedtoolcache/node/22.22.2/x64/bin/npm config get cache
2026-05-14T03:24:46.8201315Z /home/runner/.npm
2026-05-14T03:24:46.9278510Z npm cache is not found
2026-05-14T03:24:46.9434907Z ##[group]Run npm ci
2026-05-14T03:24:46.9435220Z [36;1mnpm ci[0m
2026-05-14T03:24:46.9471630Z shell: /usr/bin/bash --noprofile --norc -e -o pipefail {0}
2026-05-14T03:24:46.9472018Z ##[endgroup]
2026-05-14T03:24:47.8722482Z npm error code ETARGET
2026-05-14T03:24:47.8723175Z npm error notarget No matching version found for idb@^8.0.4.
2026-05-14T03:24:47.8724028Z npm error notarget In most cases you or one of your dependencies are requesting
2026-05-14T03:24:47.8724701Z npm error notarget a package version that doesn't exist.
2026-05-14T03:24:47.8726258Z npm error A complete log of this run can be found in: /home/runner/.npm/_logs/2026-05-14T03_24_47_004Z-debug-0.log
2026-05-14T03:24:47.9103377Z ##[error]Process completed with exit code 1.
2026-05-14T03:24:47.9193610Z Post job cleanup.
2026-05-14T03:24:47.9276809Z Post job cleanup.
2026-05-14T03:24:48.0118131Z [command]/usr/bin/git version
2026-05-14T03:24:48.0154316Z git version 2.53.0
2026-05-14T03:24:48.0195573Z Temporarily overriding HOME='/home/runner/work/_temp/bbbaf42a-ab39-444e-b082-1ab9f26891ea' before making global git config changes
2026-05-14T03:24:48.0197219Z Adding repository directory to the temporary git global config as a safe directory
2026-05-14T03:24:48.0202135Z [command]/usr/bin/git config --global --add safe.directory /home/runner/work/prismTask/prismTask
2026-05-14T03:24:48.0232404Z Removing SSH command configuration
2026-05-14T03:24:48.0238766Z [command]/usr/bin/git config --local --name-only --get-regexp core\.sshCommand
2026-05-14T03:24:48.0275368Z [command]/usr/bin/git submodule foreach --recursive sh -c "git config --local --name-only --get-regexp 'core\.sshCommand' && git config --local --unset-all 'core.sshCommand' || :"
2026-05-14T03:24:48.0498871Z Removing HTTP extra header
2026-05-14T03:24:48.0504529Z [command]/usr/bin/git config --local --name-only --get-regexp http\.https\:\/\/github\.com\/\.extraheader
2026-05-14T03:24:48.0536956Z [command]/usr/bin/git submodule foreach --recursive sh -c "git config --local --name-only --get-regexp 'http\.https\:\/\/github\.com\/\.extraheader' && git config --local --unset-all 'http.https://github.com/.extraheader' || :"
2026-05-14T03:24:48.0758048Z Removing includeIf entries pointing to credentials config files
2026-05-14T03:24:48.0764405Z [command]/usr/bin/git config --local --name-only --get-regexp ^includeIf\.gitdir:
2026-05-14T03:24:48.0793543Z includeif.gitdir:/home/runner/work/prismTask/prismTask/.git.path
2026-05-14T03:24:48.0794901Z includeif.gitdir:/home/runner/work/prismTask/prismTask/.git/worktrees/*.path
2026-05-14T03:24:48.0796174Z includeif.gitdir:/github/workspace/.git.path
2026-05-14T03:24:48.0797299Z includeif.gitdir:/github/workspace/.git/worktrees/*.path
2026-05-14T03:24:48.0804021Z [command]/usr/bin/git config --local --get-all includeif.gitdir:/home/runner/work/prismTask/prismTask/.git.path
2026-05-14T03:24:48.0828611Z /home/runner/work/_temp/git-credentials-e286d121-cca1-42b9-ad4b-5696461a43af.config
2026-05-14T03:24:48.0842152Z [command]/usr/bin/git config --local --unset includeif.gitdir:/home/runner/work/prismTask/prismTask/.git.path /home/runner/work/_temp/git-credentials-e286d121-cca1-42b9-ad4b-5696461a43af.config
2026-05-14T03:24:48.0881598Z [command]/usr/bin/git config --local --get-all includeif.gitdir:/home/runner/work/prismTask/prismTask/.git/worktrees/*.path
2026-05-14T03:24:48.0905782Z /home/runner/work/_temp/git-credentials-e286d121-cca1-42b9-ad4b-5696461a43af.config
2026-05-14T03:24:48.0917421Z [command]/usr/bin/git config --local --unset includeif.gitdir:/home/runner/work/prismTask/prismTask/.git/worktrees/*.path /home/runner/work/_temp/git-credentials-e286d121-cca1-42b9-ad4b-5696461a43af.config
2026-05-14T03:24:48.0950821Z [command]/usr/bin/git config --local --get-all includeif.gitdir:/github/workspace/.git.path
2026-05-14T03:24:48.0972747Z /github/runner_temp/git-credentials-e286d121-cca1-42b9-ad4b-5696461a43af.config
2026-05-14T03:24:48.0981356Z [command]/usr/bin/git config --local --unset includeif.gitdir:/github/workspace/.git.path /github/runner_temp/git-credentials-e286d121-cca1-42b9-ad4b-5696461a43af.config
2026-05-14T03:24:48.1013439Z [command]/usr/bin/git config --local --get-all includeif.gitdir:/github/workspace/.git/worktrees/*.path
2026-05-14T03:24:48.1037416Z /github/runner_temp/git-credentials-e286d121-cca1-42b9-ad4b-5696461a43af.config
2026-05-14T03:24:48.1045481Z [command]/usr/bin/git config --local --unset includeif.gitdir:/github/workspace/.git/worktrees/*.path /github/runner_temp/git-credentials-e286d121-cca1-42b9-ad4b-5696461a43af.config
2026-05-14T03:24:48.1079116Z [command]/usr/bin/git submodule foreach --recursive git config --local --show-origin --name-only --get-regexp remote.origin.url
2026-05-14T03:24:48.1315254Z Removing credentials config '/home/runner/work/_temp/git-credentials-e286d121-cca1-42b9-ad4b-5696461a43af.config'
2026-05-14T03:24:48.1444976Z Cleaning up orphan processes
2026-05-14T03:24:48.1712834Z ##[warning]Node.js 20 actions are deprecated. The following actions are running on Node.js 20 and may not work as expected: actions/setup-node@v4. Actions will be forced to run with Node.js 24 by default starting June 2nd, 2026. Node.js 20 will be removed from the runner on September 16th, 2026. Please check if updated versions of these actions are available that support Node.js 24. To opt into Node.js 24 now, set the FORCE_JAVASCRIPT_ACTIONS_TO_NODE24=true environment variable on the runner or in your workflow file. Once Node.js 24 becomes the default, you can temporarily opt out by setting ACTIONS_ALLOW_USE_UNSECURE_NODE_VERSION=true. For more information see: https://github.blog/changelog/2025-09-19-deprecation-of-node-20-on-github-actions-runners/


--- Job: web-lint-and-test (id 75922520655) ---
2026-05-14T03:24:58.9214677Z Current runner version: '2.334.0'
2026-05-14T03:24:58.9239898Z ##[group]Runner Image Provisioner
2026-05-14T03:24:58.9240928Z Hosted Compute Agent
2026-05-14T03:24:58.9241567Z Version: 20260213.493
2026-05-14T03:24:58.9242129Z Commit: 5c115507f6dd24b8de37d8bbe0bb4509d0cc0fa3
2026-05-14T03:24:58.9242814Z Build Date: 2026-02-13T00:28:41Z
2026-05-14T03:24:58.9243459Z Worker ID: {1d9ce49b-814c-4d50-9f02-20a87d3428fb}
2026-05-14T03:24:58.9244190Z Azure Region: eastus
2026-05-14T03:24:58.9244726Z ##[endgroup]
2026-05-14T03:24:58.9246283Z ##[group]Operating System
2026-05-14T03:24:58.9246971Z Ubuntu
2026-05-14T03:24:58.9247403Z 24.04.4
2026-05-14T03:24:58.9247893Z LTS
2026-05-14T03:24:58.9248711Z ##[endgroup]
2026-05-14T03:24:58.9249286Z ##[group]Runner Image
2026-05-14T03:24:58.9249796Z Image: ubuntu-24.04
2026-05-14T03:24:58.9250394Z Version: 20260413.86.1
2026-05-14T03:24:58.9251540Z Included Software: https://github.com/actions/runner-images/blob/ubuntu24/20260413.86/images/ubuntu/Ubuntu2404-Readme.md
2026-05-14T03:24:58.9253049Z Image Release: https://github.com/actions/runner-images/releases/tag/ubuntu24%2F20260413.86
2026-05-14T03:24:58.9254057Z ##[endgroup]
2026-05-14T03:24:58.9255233Z ##[group]GITHUB_TOKEN Permissions
2026-05-14T03:24:58.9257339Z Actions: read
2026-05-14T03:24:58.9257884Z Checks: read
2026-05-14T03:24:58.9258690Z Contents: write
2026-05-14T03:24:58.9259320Z Metadata: read
2026-05-14T03:24:58.9259788Z ##[endgroup]
2026-05-14T03:24:58.9261869Z Secret source: Actions
2026-05-14T03:24:58.9262809Z Prepare workflow directory
2026-05-14T03:24:58.9594528Z Prepare all required actions
2026-05-14T03:24:58.9690110Z Complete job name: web-lint-and-test
2026-05-14T03:24:59.0478680Z ##[group]Run if [ 'failure' != 'success' ]; then
2026-05-14T03:24:59.0479800Z [36;1mif [ 'failure' != 'success' ]; then[0m
2026-05-14T03:24:59.0480508Z [36;1m  echo "web-lint finished with failure" >&2[0m
2026-05-14T03:24:59.0481282Z [36;1m  exit 1[0m
2026-05-14T03:24:59.0481843Z [36;1mfi[0m
2026-05-14T03:24:59.0482314Z [36;1mif [ 'failure' != 'success' ]; then[0m
2026-05-14T03:24:59.0483034Z [36;1m  echo "web-unit-tests finished with failure" >&2[0m
2026-05-14T03:24:59.0483764Z [36;1m  exit 1[0m
2026-05-14T03:24:59.0484216Z [36;1mfi[0m
2026-05-14T03:24:59.0484740Z [36;1mif [ 'failure' != 'success' ]; then[0m
2026-05-14T03:24:59.0485453Z [36;1m  echo "web-build finished with failure" >&2[0m
2026-05-14T03:24:59.0486098Z [36;1m  exit 1[0m
2026-05-14T03:24:59.0486535Z [36;1mfi[0m
2026-05-14T03:24:59.0487204Z [36;1mecho "✓ Split web lint, unit-test shards, and build passed."[0m
2026-05-14T03:24:59.0881084Z shell: /usr/bin/bash -e {0}
2026-05-14T03:24:59.0882745Z ##[endgroup]
2026-05-14T03:24:59.1341015Z web-lint finished with failure
2026-05-14T03:24:59.1369567Z ##[error]Process completed with exit code 1.
2026-05-14T03:24:59.1559995Z Cleaning up orphan processes
