=== CI FAILURE ===
Workflow:      Web CI
Workflow file: averycorp/prismTask/.github/workflows/web-ci.yml@refs/pull/1537/merge
Job(s):        web-lint, web-lint-and-test
Run ID:        25951164390
Run attempt:   1
Run URL:       https://github.com/averycorp/prismTask/actions/runs/25951164390
Commit:        4bd8ec20f589e842781fc753c4f5a4e9eb678978
Branch:        1537/merge
Event:         pull_request
Actor:         akarlin3
Runner OS:     Linux
Timestamp:     2026-05-16T03:06:18.300Z

Failed steps:
  - web-lint: #5 Run ESLint
  - web-lint-and-test: #2 Verify split web checks

=== FAILED JOB LOG ===

--- Job: web-lint (id 76289169478) ---
2026-05-16T03:05:22.6365775Z Current runner version: '2.334.0'
2026-05-16T03:05:22.6401305Z ##[group]Runner Image Provisioner
2026-05-16T03:05:22.6402422Z Hosted Compute Agent
2026-05-16T03:05:22.6403313Z Version: 20260213.493
2026-05-16T03:05:22.6404421Z Commit: 5c115507f6dd24b8de37d8bbe0bb4509d0cc0fa3
2026-05-16T03:05:22.6405525Z Build Date: 2026-02-13T00:28:41Z
2026-05-16T03:05:22.6406466Z Worker ID: {9c0febcb-c1e7-4daa-ae08-e8fb4826946e}
2026-05-16T03:05:22.6407577Z Azure Region: eastus
2026-05-16T03:05:22.6408342Z ##[endgroup]
2026-05-16T03:05:22.6410447Z ##[group]Operating System
2026-05-16T03:05:22.6411464Z Ubuntu
2026-05-16T03:05:22.6412122Z 24.04.4
2026-05-16T03:05:22.6412779Z LTS
2026-05-16T03:05:22.6413565Z ##[endgroup]
2026-05-16T03:05:22.6414589Z ##[group]Runner Image
2026-05-16T03:05:22.6415423Z Image: ubuntu-24.04
2026-05-16T03:05:22.6416302Z Version: 20260513.135.3
2026-05-16T03:05:22.6418150Z Included Software: https://github.com/actions/runner-images/blob/ubuntu24/20260513.135/images/ubuntu/Ubuntu2404-Readme.md
2026-05-16T03:05:22.6420471Z Image Release: https://github.com/actions/runner-images/releases/tag/ubuntu24%2F20260513.135
2026-05-16T03:05:22.6421840Z ##[endgroup]
2026-05-16T03:05:22.6423744Z ##[group]GITHUB_TOKEN Permissions
2026-05-16T03:05:22.6426878Z Actions: read
2026-05-16T03:05:22.6427598Z Checks: read
2026-05-16T03:05:22.6428349Z Contents: write
2026-05-16T03:05:22.6429104Z Metadata: read
2026-05-16T03:05:22.6429817Z ##[endgroup]
2026-05-16T03:05:22.6433683Z Secret source: Actions
2026-05-16T03:05:22.6435227Z Prepare workflow directory
2026-05-16T03:05:22.7000046Z Prepare all required actions
2026-05-16T03:05:22.7055721Z Getting action download info
2026-05-16T03:05:22.9843674Z Download action repository 'actions/checkout@v6' (SHA:de0fac2e4500dabe0009e67214ff5f5447ce83dd)
2026-05-16T03:05:23.1957998Z Complete job name: web-lint
2026-05-16T03:05:23.2729022Z ##[group]Run actions/checkout@v6
2026-05-16T03:05:23.2729903Z with:
2026-05-16T03:05:23.2730347Z   repository: averycorp/prismTask
2026-05-16T03:05:23.2731218Z   token: ***
2026-05-16T03:05:23.2731641Z   ssh-strict: true
2026-05-16T03:05:23.2732060Z   ssh-user: git
2026-05-16T03:05:23.2732490Z   persist-credentials: true
2026-05-16T03:05:23.2732968Z   clean: true
2026-05-16T03:05:23.2733415Z   sparse-checkout-cone-mode: true
2026-05-16T03:05:23.2733930Z   fetch-depth: 1
2026-05-16T03:05:23.2734583Z   fetch-tags: false
2026-05-16T03:05:23.2735023Z   show-progress: true
2026-05-16T03:05:23.2735475Z   lfs: false
2026-05-16T03:05:23.2735872Z   submodules: false
2026-05-16T03:05:23.2736408Z   set-safe-directory: true
2026-05-16T03:05:23.2737116Z ##[endgroup]
2026-05-16T03:05:23.3771805Z Syncing repository: averycorp/prismTask
2026-05-16T03:05:23.3774417Z ##[group]Getting Git version info
2026-05-16T03:05:23.3775294Z Working directory is '/home/runner/work/prismTask/prismTask'
2026-05-16T03:05:23.3776727Z [command]/usr/bin/git version
2026-05-16T03:05:23.3821501Z git version 2.54.0
2026-05-16T03:05:23.3878226Z ##[endgroup]
2026-05-16T03:05:23.3893457Z Temporarily overriding HOME='/home/runner/work/_temp/ed88ef75-8969-4d56-b174-d434783c1c28' before making global git config changes
2026-05-16T03:05:23.3895226Z Adding repository directory to the temporary git global config as a safe directory
2026-05-16T03:05:23.3899781Z [command]/usr/bin/git config --global --add safe.directory /home/runner/work/prismTask/prismTask
2026-05-16T03:05:23.3952661Z Deleting the contents of '/home/runner/work/prismTask/prismTask'
2026-05-16T03:05:23.3957533Z ##[group]Initializing the repository
2026-05-16T03:05:23.3962496Z [command]/usr/bin/git init /home/runner/work/prismTask/prismTask
2026-05-16T03:05:23.4058688Z hint: Using 'master' as the name for the initial branch. This default branch name
2026-05-16T03:05:23.4060100Z hint: will change to "main" in Git 3.0. To configure the initial branch name
2026-05-16T03:05:23.4061131Z hint: to use in all of your new repositories, which will suppress this warning,
2026-05-16T03:05:23.4061918Z hint: call:
2026-05-16T03:05:23.4062378Z hint:
2026-05-16T03:05:23.4063219Z hint: 	git config --global init.defaultBranch <name>
2026-05-16T03:05:23.4063837Z hint:
2026-05-16T03:05:23.4064947Z hint: Names commonly chosen instead of 'master' are 'main', 'trunk' and
2026-05-16T03:05:23.4066412Z hint: 'development'. The just-created branch can be renamed via this command:
2026-05-16T03:05:23.4067151Z hint:
2026-05-16T03:05:23.4067559Z hint: 	git branch -m <name>
2026-05-16T03:05:23.4068017Z hint:
2026-05-16T03:05:23.4068641Z hint: Disable this message with "git config set advice.defaultBranchName false"
2026-05-16T03:05:23.4069982Z Initialized empty Git repository in /home/runner/work/prismTask/prismTask/.git/
2026-05-16T03:05:23.4072905Z [command]/usr/bin/git remote add origin https://github.com/averycorp/prismTask
2026-05-16T03:05:23.4118110Z ##[endgroup]
2026-05-16T03:05:23.4119359Z ##[group]Disabling automatic garbage collection
2026-05-16T03:05:23.4121681Z [command]/usr/bin/git config --local gc.auto 0
2026-05-16T03:05:23.4153515Z ##[endgroup]
2026-05-16T03:05:23.4154588Z ##[group]Setting up auth
2026-05-16T03:05:23.4155340Z Removing SSH command configuration
2026-05-16T03:05:23.4162658Z [command]/usr/bin/git config --local --name-only --get-regexp core\.sshCommand
2026-05-16T03:05:23.4200316Z [command]/usr/bin/git submodule foreach --recursive sh -c "git config --local --name-only --get-regexp 'core\.sshCommand' && git config --local --unset-all 'core.sshCommand' || :"
2026-05-16T03:05:23.4543308Z Removing HTTP extra header
2026-05-16T03:05:23.4549972Z [command]/usr/bin/git config --local --name-only --get-regexp http\.https\:\/\/github\.com\/\.extraheader
2026-05-16T03:05:23.4587079Z [command]/usr/bin/git submodule foreach --recursive sh -c "git config --local --name-only --get-regexp 'http\.https\:\/\/github\.com\/\.extraheader' && git config --local --unset-all 'http.https://github.com/.extraheader' || :"
2026-05-16T03:05:23.4821656Z Removing includeIf entries pointing to credentials config files
2026-05-16T03:05:23.4828183Z [command]/usr/bin/git config --local --name-only --get-regexp ^includeIf\.gitdir:
2026-05-16T03:05:23.4865201Z [command]/usr/bin/git submodule foreach --recursive git config --local --show-origin --name-only --get-regexp remote.origin.url
2026-05-16T03:05:23.5109580Z [command]/usr/bin/git config --file /home/runner/work/_temp/git-credentials-24a8ccc7-32ef-47aa-b8fb-617d253f2361.config http.https://github.com/.extraheader AUTHORIZATION: basic ***
2026-05-16T03:05:23.5150252Z [command]/usr/bin/git config --local includeIf.gitdir:/home/runner/work/prismTask/prismTask/.git.path /home/runner/work/_temp/git-credentials-24a8ccc7-32ef-47aa-b8fb-617d253f2361.config
2026-05-16T03:05:23.5182727Z [command]/usr/bin/git config --local includeIf.gitdir:/home/runner/work/prismTask/prismTask/.git/worktrees/*.path /home/runner/work/_temp/git-credentials-24a8ccc7-32ef-47aa-b8fb-617d253f2361.config
2026-05-16T03:05:23.5217433Z [command]/usr/bin/git config --local includeIf.gitdir:/github/workspace/.git.path /github/runner_temp/git-credentials-24a8ccc7-32ef-47aa-b8fb-617d253f2361.config
2026-05-16T03:05:23.5251137Z [command]/usr/bin/git config --local includeIf.gitdir:/github/workspace/.git/worktrees/*.path /github/runner_temp/git-credentials-24a8ccc7-32ef-47aa-b8fb-617d253f2361.config
2026-05-16T03:05:23.5279361Z ##[endgroup]
2026-05-16T03:05:23.5280099Z ##[group]Fetching the repository
2026-05-16T03:05:23.5289014Z [command]/usr/bin/git -c protocol.version=2 fetch --no-tags --prune --no-recurse-submodules --depth=1 origin +4bd8ec20f589e842781fc753c4f5a4e9eb678978:refs/remotes/pull/1537/merge
2026-05-16T03:05:25.0382901Z From https://github.com/averycorp/prismTask
2026-05-16T03:05:25.0385069Z  * [new ref]         4bd8ec20f589e842781fc753c4f5a4e9eb678978 -> pull/1537/merge
2026-05-16T03:05:25.0420551Z ##[endgroup]
2026-05-16T03:05:25.0421469Z ##[group]Determining the checkout info
2026-05-16T03:05:25.0422333Z ##[endgroup]
2026-05-16T03:05:25.0428092Z [command]/usr/bin/git sparse-checkout disable
2026-05-16T03:05:25.0473873Z [command]/usr/bin/git config --local --unset-all extensions.worktreeConfig
2026-05-16T03:05:25.0504704Z ##[group]Checking out the ref
2026-05-16T03:05:25.0507392Z [command]/usr/bin/git checkout --progress --force refs/remotes/pull/1537/merge
2026-05-16T03:05:25.3688870Z Note: switching to 'refs/remotes/pull/1537/merge'.
2026-05-16T03:05:25.3689443Z 
2026-05-16T03:05:25.3689808Z You are in 'detached HEAD' state. You can look around, make experimental
2026-05-16T03:05:25.3690633Z changes and commit them, and you can discard any commits you make in this
2026-05-16T03:05:25.3691477Z state without impacting any branches by switching back to a branch.
2026-05-16T03:05:25.3692052Z 
2026-05-16T03:05:25.3692419Z If you want to create a new branch to retain commits you create, you may
2026-05-16T03:05:25.3693176Z do so (now or later) by using -c with the switch command. Example:
2026-05-16T03:05:25.3693733Z 
2026-05-16T03:05:25.3693920Z   git switch -c <new-branch-name>
2026-05-16T03:05:25.3694463Z 
2026-05-16T03:05:25.3694655Z Or undo this operation with:
2026-05-16T03:05:25.3694956Z 
2026-05-16T03:05:25.3695105Z   git switch -
2026-05-16T03:05:25.3695345Z 
2026-05-16T03:05:25.3695714Z Turn off this advice by setting config variable advice.detachedHead to false
2026-05-16T03:05:25.3696279Z 
2026-05-16T03:05:25.3696890Z HEAD is now at 4bd8ec2 Merge 66cc6c313b7d9136b8f299d9a7a493b5b09ee959 into 4f6e610c4f907d4ec3ddc469cbee34b27af75909
2026-05-16T03:05:25.3722329Z ##[endgroup]
2026-05-16T03:05:25.3767931Z [command]/usr/bin/git log -1 --format=%H
2026-05-16T03:05:25.3796077Z 4bd8ec20f589e842781fc753c4f5a4e9eb678978
2026-05-16T03:05:25.4103667Z Prepare all required actions
2026-05-16T03:05:25.4104139Z Getting action download info
2026-05-16T03:05:25.5284944Z Download action repository 'actions/setup-node@v4' (SHA:49933ea5288caeca8642d1e84afbd3f7d6820020)
2026-05-16T03:05:25.6300712Z ##[group]Run ./.github/actions/setup-node-web
2026-05-16T03:05:25.6301042Z ##[endgroup]
2026-05-16T03:05:25.6431641Z ##[group]Run actions/setup-node@v4
2026-05-16T03:05:25.6431970Z with:
2026-05-16T03:05:25.6432229Z   node-version: 22
2026-05-16T03:05:25.6432451Z   cache: npm
2026-05-16T03:05:25.6432693Z   cache-dependency-path: web/package-lock.json
2026-05-16T03:05:25.6433011Z   always-auth: false
2026-05-16T03:05:25.6433232Z   check-latest: false
2026-05-16T03:05:25.6433608Z   token: ***
2026-05-16T03:05:25.6433813Z ##[endgroup]
2026-05-16T03:05:25.8341201Z Found in cache @ /opt/hostedtoolcache/node/22.22.2/x64
2026-05-16T03:05:25.8347382Z ##[group]Environment details
2026-05-16T03:05:26.2341421Z node: v22.22.2
2026-05-16T03:05:26.2341934Z npm: 10.9.7
2026-05-16T03:05:26.2342226Z yarn: 1.22.22
2026-05-16T03:05:26.2342982Z ##[endgroup]
2026-05-16T03:05:26.2369624Z [command]/opt/hostedtoolcache/node/22.22.2/x64/bin/npm config get cache
2026-05-16T03:05:26.3543930Z /home/runner/.npm
2026-05-16T03:05:26.4466599Z npm cache is not found
2026-05-16T03:05:26.4612147Z ##[group]Run npm ci
2026-05-16T03:05:26.4612438Z [36;1mnpm ci[0m
2026-05-16T03:05:26.4660955Z shell: /usr/bin/bash --noprofile --norc -e -o pipefail {0}
2026-05-16T03:05:26.4661331Z ##[endgroup]
2026-05-16T03:05:37.2693770Z 
2026-05-16T03:05:37.2701491Z added 435 packages, and audited 436 packages in 11s
2026-05-16T03:05:37.2702007Z 
2026-05-16T03:05:37.2702290Z 94 packages are looking for funding
2026-05-16T03:05:37.2702748Z   run `npm fund` for details
2026-05-16T03:05:37.2774673Z 
2026-05-16T03:05:37.2775395Z 3 vulnerabilities (2 moderate, 1 critical)
2026-05-16T03:05:37.2775781Z 
2026-05-16T03:05:37.2776020Z To address all issues, run:
2026-05-16T03:05:37.2776408Z   npm audit fix
2026-05-16T03:05:37.2776657Z 
2026-05-16T03:05:37.2776849Z Run `npm audit` for details.
2026-05-16T03:05:37.3436825Z ##[group]Run npm run lint
2026-05-16T03:05:37.3437108Z [36;1mnpm run lint[0m
2026-05-16T03:05:37.3472638Z shell: /usr/bin/bash -e {0}
2026-05-16T03:05:37.3472891Z ##[endgroup]
2026-05-16T03:05:37.4480484Z 
2026-05-16T03:05:37.4481038Z > web@1.6.0 lint
2026-05-16T03:05:37.4481330Z > eslint .
2026-05-16T03:05:37.4481465Z 
2026-05-16T03:05:56.7873314Z 
2026-05-16T03:05:56.7875279Z /home/runner/work/prismTask/prismTask/web/src/features/medication/MedicationEditorDialog.tsx
2026-05-16T03:05:56.7880950Z   190:7  error  Error: Calling setState synchronously within an effect can trigger cascading renders
2026-05-16T03:05:56.7881531Z 
2026-05-16T03:05:56.7882873Z Effects are intended to synchronize state between React and external systems such as manually updating the DOM, state management libraries, or other platform APIs. In general, the body of an effect should do one or both of the following:
2026-05-16T03:05:56.7884602Z * Update external systems with the latest state from React.
2026-05-16T03:05:56.7885645Z * Subscribe for updates from some external system, calling setState in a callback function when external state changes.
2026-05-16T03:05:56.7886224Z 
2026-05-16T03:05:56.7887327Z Calling setState synchronously within an effect body causes cascading renders that can hurt performance, and is not recommended. (https://react.dev/learn/you-might-not-need-an-effect).
2026-05-16T03:05:56.7888236Z 
2026-05-16T03:05:56.7888842Z /home/runner/work/prismTask/prismTask/web/src/features/medication/MedicationEditorDialog.tsx:190:7
2026-05-16T03:05:56.7889695Z   188 |   useEffect(() => {
2026-05-16T03:05:56.7890025Z   189 |     if (isOpen) {
2026-05-16T03:05:56.7890499Z > 190 |       setForm(initialState(initial));
2026-05-16T03:05:56.7891093Z       |       ^^^^^^^ Avoid calling setState() directly within an effect
2026-05-16T03:05:56.7891618Z   191 |       setErrors({});
2026-05-16T03:05:56.7891952Z   192 |     }
2026-05-16T03:05:56.7892469Z   193 |   }, [isOpen, initial]);  react-hooks/set-state-in-effect
2026-05-16T03:05:56.7892901Z 
2026-05-16T03:05:56.7893535Z /home/runner/work/prismTask/prismTask/web/src/features/medication/MedicationRefillScreen.tsx
2026-05-16T03:05:56.7894723Z    88:17  error  Error: Cannot call impure function during render
2026-05-16T03:05:56.7895129Z 
2026-05-16T03:05:56.7897136Z `Date.now` is an impure function. Calling an impure function can produce unstable results that update unpredictably when the component happens to re-render. (https://react.dev/reference/rules/components-and-hooks-must-be-pure#components-and-hooks-must-be-idempotent).
2026-05-16T03:05:56.7898907Z 
2026-05-16T03:05:56.7899574Z /home/runner/work/prismTask/prismTask/web/src/features/medication/MedicationRefillScreen.tsx:88:17
2026-05-16T03:05:56.7900306Z   86 |
2026-05-16T03:05:56.7900661Z   87 |   const forecasts = useMemo(() => {
2026-05-16T03:05:56.7901128Z > 88 |     const now = Date.now();
2026-05-16T03:05:56.7901611Z      |                 ^^^^^^^^^^ Cannot call impure function
2026-05-16T03:05:56.7902238Z   89 |     const map = new Map<string, RefillForecast>();
2026-05-16T03:05:56.7902767Z   90 |     for (const refill of refills) {
2026-05-16T03:05:56.7904589Z   91 |       map.set(refill.id, forecastRefill(refill, now));                                                                                                                                                                                                                                                                                                                               react-hooks/purity
2026-05-16T03:05:56.7906546Z   382:7   error  Error: Calling setState synchronously within an effect can trigger cascading renders
2026-05-16T03:05:56.7907175Z 
2026-05-16T03:05:56.7908860Z Effects are intended to synchronize state between React and external systems such as manually updating the DOM, state management libraries, or other platform APIs. In general, the body of an effect should do one or both of the following:
2026-05-16T03:05:56.7911073Z * Update external systems with the latest state from React.
2026-05-16T03:05:56.7912283Z * Subscribe for updates from some external system, calling setState in a callback function when external state changes.
2026-05-16T03:05:56.7913043Z 
2026-05-16T03:05:56.7914608Z Calling setState synchronously within an effect body causes cascading renders that can hurt performance, and is not recommended. (https://react.dev/learn/you-might-not-need-an-effect).
2026-05-16T03:05:56.7915911Z 
2026-05-16T03:05:56.7916563Z /home/runner/work/prismTask/prismTask/web/src/features/medication/MedicationRefillScreen.tsx:382:7
2026-05-16T03:05:56.7917252Z   380 |   useEffect(() => {
2026-05-16T03:05:56.7917589Z   381 |     if (isOpen) {
2026-05-16T03:05:56.7918041Z > 382 |       setForm(initialEditorState(initial));
2026-05-16T03:05:56.7918664Z       |       ^^^^^^^ Avoid calling setState() directly within an effect
2026-05-16T03:05:56.7919131Z   383 |       setErrors({});
2026-05-16T03:05:56.7919367Z   384 |     }
2026-05-16T03:05:56.7919705Z   385 |   }, [isOpen, initial]);  react-hooks/set-state-in-effect
2026-05-16T03:05:56.7919952Z 
2026-05-16T03:05:56.7920292Z /home/runner/work/prismTask/prismTask/web/src/features/selfcare/SelfCareScreen.tsx
2026-05-16T03:05:56.7920872Z   35:31  error  Error: Cannot call impure function during render
2026-05-16T03:05:56.7921122Z 
2026-05-16T03:05:56.7922258Z `Date.now` is an impure function. Calling an impure function can produce unstable results that update unpredictably when the component happens to re-render. (https://react.dev/reference/rules/components-and-hooks-must-be-pure#components-and-hooks-must-be-idempotent).
2026-05-16T03:05:56.7923195Z 
2026-05-16T03:05:56.7923546Z /home/runner/work/prismTask/prismTask/web/src/features/selfcare/SelfCareScreen.tsx:35:31
2026-05-16T03:05:56.7923983Z   33 |
2026-05-16T03:05:56.7924413Z   34 |   const todayMs = useMemo(
2026-05-16T03:05:56.7924822Z > 35 |     () => startOfLogicalDayMs(Date.now(), startOfDayHour),
2026-05-16T03:05:56.7925246Z      |                               ^^^^^^^^^^ Cannot call impure function
2026-05-16T03:05:56.7925569Z   36 |     [startOfDayHour],
2026-05-16T03:05:56.7925822Z   37 |   );
2026-05-16T03:05:56.7926025Z   38 |  react-hooks/purity
2026-05-16T03:05:56.7926185Z 
2026-05-16T03:05:56.7926511Z /home/runner/work/prismTask/prismTask/web/src/features/today/PlanForTodaySheet.tsx
2026-05-16T03:05:56.7927273Z   73:7  error  Error: Calling setState synchronously within an effect can trigger cascading renders
2026-05-16T03:05:56.7927644Z 
2026-05-16T03:05:56.7928698Z Effects are intended to synchronize state between React and external systems such as manually updating the DOM, state management libraries, or other platform APIs. In general, the body of an effect should do one or both of the following:
2026-05-16T03:05:56.7929692Z * Update external systems with the latest state from React.
2026-05-16T03:05:56.7930392Z * Subscribe for updates from some external system, calling setState in a callback function when external state changes.
2026-05-16T03:05:56.7930814Z 
2026-05-16T03:05:56.7931574Z Calling setState synchronously within an effect body causes cascading renders that can hurt performance, and is not recommended. (https://react.dev/learn/you-might-not-need-an-effect).
2026-05-16T03:05:56.7932203Z 
2026-05-16T03:05:56.7932553Z /home/runner/work/prismTask/prismTask/web/src/features/today/PlanForTodaySheet.tsx:73:7
2026-05-16T03:05:56.7933005Z   71 |   useEffect(() => {
2026-05-16T03:05:56.7933241Z   72 |     if (isOpen) {
2026-05-16T03:05:56.7933480Z > 73 |       setSearch('');
2026-05-16T03:05:56.7933814Z      |       ^^^^^^^^^ Avoid calling setState() directly within an effect
2026-05-16T03:05:56.7934282Z   74 |       setSelectedIds(new Set());
2026-05-16T03:05:56.7934572Z   75 |       setMultiSelect(false);
2026-05-16T03:05:56.7934888Z   76 |     }  react-hooks/set-state-in-effect
2026-05-16T03:05:56.7935078Z 
2026-05-16T03:05:56.7935531Z ✖ 5 problems (5 errors, 0 warnings)
2026-05-16T03:05:56.7935712Z 
2026-05-16T03:05:57.0327539Z ##[error]Process completed with exit code 1.
2026-05-16T03:05:57.0400289Z Post job cleanup.
2026-05-16T03:05:57.0482342Z Post job cleanup.
2026-05-16T03:05:57.1358958Z [command]/usr/bin/git version
2026-05-16T03:05:57.1398392Z git version 2.54.0
2026-05-16T03:05:57.1437757Z Temporarily overriding HOME='/home/runner/work/_temp/1469a09d-5edc-4fe6-aeb9-240d3406fbe9' before making global git config changes
2026-05-16T03:05:57.1439477Z Adding repository directory to the temporary git global config as a safe directory
2026-05-16T03:05:57.1443308Z [command]/usr/bin/git config --global --add safe.directory /home/runner/work/prismTask/prismTask
2026-05-16T03:05:57.1480035Z Removing SSH command configuration
2026-05-16T03:05:57.1486992Z [command]/usr/bin/git config --local --name-only --get-regexp core\.sshCommand
2026-05-16T03:05:57.1551998Z [command]/usr/bin/git submodule foreach --recursive sh -c "git config --local --name-only --get-regexp 'core\.sshCommand' && git config --local --unset-all 'core.sshCommand' || :"
2026-05-16T03:05:57.1810641Z Removing HTTP extra header
2026-05-16T03:05:57.1817197Z [command]/usr/bin/git config --local --name-only --get-regexp http\.https\:\/\/github\.com\/\.extraheader
2026-05-16T03:05:57.1855696Z [command]/usr/bin/git submodule foreach --recursive sh -c "git config --local --name-only --get-regexp 'http\.https\:\/\/github\.com\/\.extraheader' && git config --local --unset-all 'http.https://github.com/.extraheader' || :"
2026-05-16T03:05:57.2110991Z Removing includeIf entries pointing to credentials config files
2026-05-16T03:05:57.2112012Z [command]/usr/bin/git config --local --name-only --get-regexp ^includeIf\.gitdir:
2026-05-16T03:05:57.2143122Z includeif.gitdir:/home/runner/work/prismTask/prismTask/.git.path
2026-05-16T03:05:57.2144131Z includeif.gitdir:/home/runner/work/prismTask/prismTask/.git/worktrees/*.path
2026-05-16T03:05:57.2145245Z includeif.gitdir:/github/workspace/.git.path
2026-05-16T03:05:57.2145892Z includeif.gitdir:/github/workspace/.git/worktrees/*.path
2026-05-16T03:05:57.2154548Z [command]/usr/bin/git config --local --get-all includeif.gitdir:/home/runner/work/prismTask/prismTask/.git.path
2026-05-16T03:05:57.2180394Z /home/runner/work/_temp/git-credentials-24a8ccc7-32ef-47aa-b8fb-617d253f2361.config
2026-05-16T03:05:57.2192202Z [command]/usr/bin/git config --local --unset includeif.gitdir:/home/runner/work/prismTask/prismTask/.git.path /home/runner/work/_temp/git-credentials-24a8ccc7-32ef-47aa-b8fb-617d253f2361.config
2026-05-16T03:05:57.2232213Z [command]/usr/bin/git config --local --get-all includeif.gitdir:/home/runner/work/prismTask/prismTask/.git/worktrees/*.path
2026-05-16T03:05:57.2258709Z /home/runner/work/_temp/git-credentials-24a8ccc7-32ef-47aa-b8fb-617d253f2361.config
2026-05-16T03:05:57.2270225Z [command]/usr/bin/git config --local --unset includeif.gitdir:/home/runner/work/prismTask/prismTask/.git/worktrees/*.path /home/runner/work/_temp/git-credentials-24a8ccc7-32ef-47aa-b8fb-617d253f2361.config
2026-05-16T03:05:57.2307681Z [command]/usr/bin/git config --local --get-all includeif.gitdir:/github/workspace/.git.path
2026-05-16T03:05:57.2334971Z /github/runner_temp/git-credentials-24a8ccc7-32ef-47aa-b8fb-617d253f2361.config
2026-05-16T03:05:57.2346257Z [command]/usr/bin/git config --local --unset includeif.gitdir:/github/workspace/.git.path /github/runner_temp/git-credentials-24a8ccc7-32ef-47aa-b8fb-617d253f2361.config
2026-05-16T03:05:57.2387089Z [command]/usr/bin/git config --local --get-all includeif.gitdir:/github/workspace/.git/worktrees/*.path
2026-05-16T03:05:57.2413788Z /github/runner_temp/git-credentials-24a8ccc7-32ef-47aa-b8fb-617d253f2361.config
2026-05-16T03:05:57.2425244Z [command]/usr/bin/git config --local --unset includeif.gitdir:/github/workspace/.git/worktrees/*.path /github/runner_temp/git-credentials-24a8ccc7-32ef-47aa-b8fb-617d253f2361.config
2026-05-16T03:05:57.2463567Z [command]/usr/bin/git submodule foreach --recursive git config --local --show-origin --name-only --get-regexp remote.origin.url
2026-05-16T03:05:57.2710123Z Removing credentials config '/home/runner/work/_temp/git-credentials-24a8ccc7-32ef-47aa-b8fb-617d253f2361.config'
2026-05-16T03:05:57.2859714Z Cleaning up orphan processes
2026-05-16T03:05:57.3128804Z ##[warning]Node.js 20 actions are deprecated. The following actions are running on Node.js 20 and may not work as expected: actions/setup-node@v4. Actions will be forced to run with Node.js 24 by default starting June 2nd, 2026. Node.js 20 will be removed from the runner on September 16th, 2026. Please check if updated versions of these actions are available that support Node.js 24. To opt into Node.js 24 now, set the FORCE_JAVASCRIPT_ACTIONS_TO_NODE24=true environment variable on the runner or in your workflow file. Once Node.js 24 becomes the default, you can temporarily opt out by setting ACTIONS_ALLOW_USE_UNSECURE_NODE_VERSION=true. For more information see: https://github.blog/changelog/2025-09-19-deprecation-of-node-20-on-github-actions-runners/


--- Job: web-lint-and-test (id 76289213861) ---
2026-05-16T03:06:08.7518852Z Current runner version: '2.334.0'
2026-05-16T03:06:08.7542939Z ##[group]Runner Image Provisioner
2026-05-16T03:06:08.7543710Z Hosted Compute Agent
2026-05-16T03:06:08.7544235Z Version: 20260213.493
2026-05-16T03:06:08.7544925Z Commit: 5c115507f6dd24b8de37d8bbe0bb4509d0cc0fa3
2026-05-16T03:06:08.7545588Z Build Date: 2026-02-13T00:28:41Z
2026-05-16T03:06:08.7546228Z Worker ID: {25e66deb-8779-469e-adac-311a5ee054bc}
2026-05-16T03:06:08.7546981Z Azure Region: centralus
2026-05-16T03:06:08.7547535Z ##[endgroup]
2026-05-16T03:06:08.7548946Z ##[group]Operating System
2026-05-16T03:06:08.7550084Z Ubuntu
2026-05-16T03:06:08.7550548Z 24.04.4
2026-05-16T03:06:08.7551014Z LTS
2026-05-16T03:06:08.7551576Z ##[endgroup]
2026-05-16T03:06:08.7552057Z ##[group]Runner Image
2026-05-16T03:06:08.7552626Z Image: ubuntu-24.04
2026-05-16T03:06:08.7553156Z Version: 20260513.135.3
2026-05-16T03:06:08.7554393Z Included Software: https://github.com/actions/runner-images/blob/ubuntu24/20260513.135/images/ubuntu/Ubuntu2404-Readme.md
2026-05-16T03:06:08.7555908Z Image Release: https://github.com/actions/runner-images/releases/tag/ubuntu24%2F20260513.135
2026-05-16T03:06:08.7556860Z ##[endgroup]
2026-05-16T03:06:08.7557941Z ##[group]GITHUB_TOKEN Permissions
2026-05-16T03:06:08.7560079Z Actions: read
2026-05-16T03:06:08.7560625Z Checks: read
2026-05-16T03:06:08.7561114Z Contents: write
2026-05-16T03:06:08.7561732Z Metadata: read
2026-05-16T03:06:08.7562193Z ##[endgroup]
2026-05-16T03:06:08.7564232Z Secret source: Actions
2026-05-16T03:06:08.7565039Z Prepare workflow directory
2026-05-16T03:06:08.7895612Z Prepare all required actions
2026-05-16T03:06:08.7990838Z Complete job name: web-lint-and-test
2026-05-16T03:06:08.8769792Z ##[group]Run if [ 'failure' != 'success' ]; then
2026-05-16T03:06:08.8770815Z [36;1mif [ 'failure' != 'success' ]; then[0m
2026-05-16T03:06:08.8771546Z [36;1m  echo "web-lint finished with failure" >&2[0m
2026-05-16T03:06:08.8772411Z [36;1m  exit 1[0m
2026-05-16T03:06:08.8772898Z [36;1mfi[0m
2026-05-16T03:06:08.8773435Z [36;1mif [ 'success' != 'success' ]; then[0m
2026-05-16T03:06:08.8774114Z [36;1m  echo "web-unit-tests finished with success" >&2[0m
2026-05-16T03:06:08.8774869Z [36;1m  exit 1[0m
2026-05-16T03:06:08.8775341Z [36;1mfi[0m
2026-05-16T03:06:08.8775832Z [36;1mif [ 'success' != 'success' ]; then[0m
2026-05-16T03:06:08.8776595Z [36;1m  echo "web-build finished with success" >&2[0m
2026-05-16T03:06:08.8777214Z [36;1m  exit 1[0m
2026-05-16T03:06:08.8777667Z [36;1mfi[0m
2026-05-16T03:06:08.8778330Z [36;1mecho "✓ Split web lint, unit-test shards, and build passed."[0m
2026-05-16T03:06:08.9358436Z shell: /usr/bin/bash -e {0}
2026-05-16T03:06:08.9360491Z ##[endgroup]
2026-05-16T03:06:08.9644143Z web-lint finished with failure
2026-05-16T03:06:08.9671947Z ##[error]Process completed with exit code 1.
2026-05-16T03:06:08.9867064Z Cleaning up orphan processes
