=== CI FAILURE ===
Workflow:      Web CI
Workflow file: averycorp/prismTask/.github/workflows/web-ci.yml@refs/pull/1347/merge
Job(s):        web-lint, web-unit-tests (3, 3), web-build, web-unit-tests (1, 3), web-unit-tests (2, 3), web-lint-and-test
Run ID:        25838995450
Run attempt:   1
Run URL:       https://github.com/averycorp/prismTask/actions/runs/25838995450
Commit:        65e1c1de8619b94a456ef47a94217e2be4bcc3f3
Branch:        1347/merge
Event:         pull_request
Actor:         akarlin3
Runner OS:     Linux
Timestamp:     2026-05-14T02:59:02.430Z

Failed steps:
  - web-lint: #4 Run ./.github/actions/setup-node-web
  - web-unit-tests (3, 3): #4 Run ./.github/actions/setup-node-web
  - web-build: #4 Run ./.github/actions/setup-node-web
  - web-unit-tests (1, 3): #4 Run ./.github/actions/setup-node-web
  - web-unit-tests (2, 3): #4 Run ./.github/actions/setup-node-web
  - web-lint-and-test: #2 Verify split web checks

=== FAILED JOB LOG ===

--- Job: web-lint (id 75920045360) ---
2026-05-14T02:58:33.1199084Z Current runner version: '2.334.0'
2026-05-14T02:58:33.1222802Z ##[group]Runner Image Provisioner
2026-05-14T02:58:33.1223580Z Hosted Compute Agent
2026-05-14T02:58:33.1224083Z Version: 20260213.493
2026-05-14T02:58:33.1224609Z Commit: 5c115507f6dd24b8de37d8bbe0bb4509d0cc0fa3
2026-05-14T02:58:33.1225240Z Build Date: 2026-02-13T00:28:41Z
2026-05-14T02:58:33.1225804Z Worker ID: {e18c3b95-bc72-4ab0-a4bb-13d472239cf4}
2026-05-14T02:58:33.1226442Z Azure Region: westus3
2026-05-14T02:58:33.1226881Z ##[endgroup]
2026-05-14T02:58:33.1228436Z ##[group]Operating System
2026-05-14T02:58:33.1228938Z Ubuntu
2026-05-14T02:58:33.1229348Z 24.04.4
2026-05-14T02:58:33.1229840Z LTS
2026-05-14T02:58:33.1230216Z ##[endgroup]
2026-05-14T02:58:33.1230639Z ##[group]Runner Image
2026-05-14T02:58:33.1231485Z Image: ubuntu-24.04
2026-05-14T02:58:33.1231966Z Version: 20260413.86.1
2026-05-14T02:58:33.1233061Z Included Software: https://github.com/actions/runner-images/blob/ubuntu24/20260413.86/images/ubuntu/Ubuntu2404-Readme.md
2026-05-14T02:58:33.1234362Z Image Release: https://github.com/actions/runner-images/releases/tag/ubuntu24%2F20260413.86
2026-05-14T02:58:33.1235131Z ##[endgroup]
2026-05-14T02:58:33.1236290Z ##[group]GITHUB_TOKEN Permissions
2026-05-14T02:58:33.1238371Z Actions: read
2026-05-14T02:58:33.1238841Z Checks: read
2026-05-14T02:58:33.1239298Z Contents: write
2026-05-14T02:58:33.1239740Z Metadata: read
2026-05-14T02:58:33.1240154Z ##[endgroup]
2026-05-14T02:58:33.1242559Z Secret source: Actions
2026-05-14T02:58:33.1243409Z Prepare workflow directory
2026-05-14T02:58:33.1618895Z Prepare all required actions
2026-05-14T02:58:33.1657316Z Getting action download info
2026-05-14T02:58:33.5570175Z Download action repository 'actions/checkout@v6' (SHA:de0fac2e4500dabe0009e67214ff5f5447ce83dd)
2026-05-14T02:58:33.7731855Z Complete job name: web-lint
2026-05-14T02:58:33.8373780Z ##[group]Run actions/checkout@v6
2026-05-14T02:58:33.8374620Z with:
2026-05-14T02:58:33.8375068Z   repository: averycorp/prismTask
2026-05-14T02:58:33.8375819Z   token: ***
2026-05-14T02:58:33.8376212Z   ssh-strict: true
2026-05-14T02:58:33.8376665Z   ssh-user: git
2026-05-14T02:58:33.8377060Z   persist-credentials: true
2026-05-14T02:58:33.8377536Z   clean: true
2026-05-14T02:58:33.8377946Z   sparse-checkout-cone-mode: true
2026-05-14T02:58:33.8378437Z   fetch-depth: 1
2026-05-14T02:58:33.8378804Z   fetch-tags: false
2026-05-14T02:58:33.8379278Z   show-progress: true
2026-05-14T02:58:33.8379701Z   lfs: false
2026-05-14T02:58:33.8380243Z   submodules: false
2026-05-14T02:58:33.8380705Z   set-safe-directory: true
2026-05-14T02:58:33.8381562Z ##[endgroup]
2026-05-14T02:58:33.9331427Z Syncing repository: averycorp/prismTask
2026-05-14T02:58:33.9333265Z ##[group]Getting Git version info
2026-05-14T02:58:33.9334119Z Working directory is '/home/runner/work/prismTask/prismTask'
2026-05-14T02:58:33.9336051Z [command]/usr/bin/git version
2026-05-14T02:58:33.9340333Z git version 2.53.0
2026-05-14T02:58:33.9361156Z ##[endgroup]
2026-05-14T02:58:33.9375503Z Temporarily overriding HOME='/home/runner/work/_temp/dcdf5ebe-45cf-4141-ab1e-a5736c230d82' before making global git config changes
2026-05-14T02:58:33.9377956Z Adding repository directory to the temporary git global config as a safe directory
2026-05-14T02:58:33.9382122Z [command]/usr/bin/git config --global --add safe.directory /home/runner/work/prismTask/prismTask
2026-05-14T02:58:33.9411272Z Deleting the contents of '/home/runner/work/prismTask/prismTask'
2026-05-14T02:58:33.9415284Z ##[group]Initializing the repository
2026-05-14T02:58:33.9419844Z [command]/usr/bin/git init /home/runner/work/prismTask/prismTask
2026-05-14T02:58:33.9496750Z hint: Using 'master' as the name for the initial branch. This default branch name
2026-05-14T02:58:33.9497840Z hint: will change to "main" in Git 3.0. To configure the initial branch name
2026-05-14T02:58:33.9498721Z hint: to use in all of your new repositories, which will suppress this warning,
2026-05-14T02:58:33.9499497Z hint: call:
2026-05-14T02:58:33.9500078Z hint:
2026-05-14T02:58:33.9500895Z hint: 	git config --global init.defaultBranch <name>
2026-05-14T02:58:33.9501776Z hint:
2026-05-14T02:58:33.9502298Z hint: Names commonly chosen instead of 'master' are 'main', 'trunk' and
2026-05-14T02:58:33.9503148Z hint: 'development'. The just-created branch can be renamed via this command:
2026-05-14T02:58:33.9503807Z hint:
2026-05-14T02:58:33.9504240Z hint: 	git branch -m <name>
2026-05-14T02:58:33.9504657Z hint:
2026-05-14T02:58:33.9505244Z hint: Disable this message with "git config set advice.defaultBranchName false"
2026-05-14T02:58:33.9506203Z Initialized empty Git repository in /home/runner/work/prismTask/prismTask/.git/
2026-05-14T02:58:33.9508051Z [command]/usr/bin/git remote add origin https://github.com/averycorp/prismTask
2026-05-14T02:58:33.9535364Z ##[endgroup]
2026-05-14T02:58:33.9536725Z ##[group]Disabling automatic garbage collection
2026-05-14T02:58:33.9539558Z [command]/usr/bin/git config --local gc.auto 0
2026-05-14T02:58:33.9563217Z ##[endgroup]
2026-05-14T02:58:33.9564456Z ##[group]Setting up auth
2026-05-14T02:58:33.9565377Z Removing SSH command configuration
2026-05-14T02:58:33.9570469Z [command]/usr/bin/git config --local --name-only --get-regexp core\.sshCommand
2026-05-14T02:58:33.9596160Z [command]/usr/bin/git submodule foreach --recursive sh -c "git config --local --name-only --get-regexp 'core\.sshCommand' && git config --local --unset-all 'core.sshCommand' || :"
2026-05-14T02:58:33.9830537Z Removing HTTP extra header
2026-05-14T02:58:33.9836969Z [command]/usr/bin/git config --local --name-only --get-regexp http\.https\:\/\/github\.com\/\.extraheader
2026-05-14T02:58:33.9862770Z [command]/usr/bin/git submodule foreach --recursive sh -c "git config --local --name-only --get-regexp 'http\.https\:\/\/github\.com\/\.extraheader' && git config --local --unset-all 'http.https://github.com/.extraheader' || :"
2026-05-14T02:58:34.0026679Z Removing includeIf entries pointing to credentials config files
2026-05-14T02:58:34.0031737Z [command]/usr/bin/git config --local --name-only --get-regexp ^includeIf\.gitdir:
2026-05-14T02:58:34.0056385Z [command]/usr/bin/git submodule foreach --recursive git config --local --show-origin --name-only --get-regexp remote.origin.url
2026-05-14T02:58:34.0227853Z [command]/usr/bin/git config --file /home/runner/work/_temp/git-credentials-943f4914-df3b-4a7c-b638-fd0630381d5c.config http.https://github.com/.extraheader AUTHORIZATION: basic ***
2026-05-14T02:58:34.0256759Z [command]/usr/bin/git config --local includeIf.gitdir:/home/runner/work/prismTask/prismTask/.git.path /home/runner/work/_temp/git-credentials-943f4914-df3b-4a7c-b638-fd0630381d5c.config
2026-05-14T02:58:34.0278473Z [command]/usr/bin/git config --local includeIf.gitdir:/home/runner/work/prismTask/prismTask/.git/worktrees/*.path /home/runner/work/_temp/git-credentials-943f4914-df3b-4a7c-b638-fd0630381d5c.config
2026-05-14T02:58:34.0407109Z [command]/usr/bin/git config --local includeIf.gitdir:/github/workspace/.git.path /github/runner_temp/git-credentials-943f4914-df3b-4a7c-b638-fd0630381d5c.config
2026-05-14T02:58:34.0411414Z [command]/usr/bin/git config --local includeIf.gitdir:/github/workspace/.git/worktrees/*.path /github/runner_temp/git-credentials-943f4914-df3b-4a7c-b638-fd0630381d5c.config
2026-05-14T02:58:34.0414600Z ##[endgroup]
2026-05-14T02:58:34.0415488Z ##[group]Fetching the repository
2026-05-14T02:58:34.0417391Z [command]/usr/bin/git -c protocol.version=2 fetch --no-tags --prune --no-recurse-submodules --depth=1 origin +65e1c1de8619b94a456ef47a94217e2be4bcc3f3:refs/remotes/pull/1347/merge
2026-05-14T02:58:36.3798971Z From https://github.com/averycorp/prismTask
2026-05-14T02:58:36.3802131Z  * [new ref]         65e1c1de8619b94a456ef47a94217e2be4bcc3f3 -> pull/1347/merge
2026-05-14T02:58:36.3827762Z ##[endgroup]
2026-05-14T02:58:36.3829848Z ##[group]Determining the checkout info
2026-05-14T02:58:36.3831529Z ##[endgroup]
2026-05-14T02:58:36.3833821Z [command]/usr/bin/git sparse-checkout disable
2026-05-14T02:58:36.3866680Z [command]/usr/bin/git config --local --unset-all extensions.worktreeConfig
2026-05-14T02:58:36.3892859Z ##[group]Checking out the ref
2026-05-14T02:58:36.3895863Z [command]/usr/bin/git checkout --progress --force refs/remotes/pull/1347/merge
2026-05-14T02:58:36.6393061Z Note: switching to 'refs/remotes/pull/1347/merge'.
2026-05-14T02:58:36.6393637Z 
2026-05-14T02:58:36.6393942Z You are in 'detached HEAD' state. You can look around, make experimental
2026-05-14T02:58:36.6394476Z changes and commit them, and you can discard any commits you make in this
2026-05-14T02:58:36.6394990Z state without impacting any branches by switching back to a branch.
2026-05-14T02:58:36.6395283Z 
2026-05-14T02:58:36.6395524Z If you want to create a new branch to retain commits you create, you may
2026-05-14T02:58:36.6395990Z do so (now or later) by using -c with the switch command. Example:
2026-05-14T02:58:36.6396306Z 
2026-05-14T02:58:36.6396442Z   git switch -c <new-branch-name>
2026-05-14T02:58:36.6396625Z 
2026-05-14T02:58:36.6396758Z Or undo this operation with:
2026-05-14T02:58:36.6396974Z 
2026-05-14T02:58:36.6397074Z   git switch -
2026-05-14T02:58:36.6397228Z 
2026-05-14T02:58:36.6397479Z Turn off this advice by setting config variable advice.detachedHead to false
2026-05-14T02:58:36.6397780Z 
2026-05-14T02:58:36.6398147Z HEAD is now at 65e1c1d Merge 81753dd4baf8eadd4347fcd6605e8a0a16e5cf2a into e2b3a83a0a8daeb770b6f14edba16c51054e9ad5
2026-05-14T02:58:36.6408119Z ##[endgroup]
2026-05-14T02:58:36.6438228Z [command]/usr/bin/git log -1 --format=%H
2026-05-14T02:58:36.6458883Z 65e1c1de8619b94a456ef47a94217e2be4bcc3f3
2026-05-14T02:58:36.6721812Z Prepare all required actions
2026-05-14T02:58:36.6722352Z Getting action download info
2026-05-14T02:58:36.8298658Z Download action repository 'actions/setup-node@v4' (SHA:49933ea5288caeca8642d1e84afbd3f7d6820020)
2026-05-14T02:58:36.9095072Z ##[group]Run ./.github/actions/setup-node-web
2026-05-14T02:58:36.9095386Z ##[endgroup]
2026-05-14T02:58:36.9223082Z ##[group]Run actions/setup-node@v4
2026-05-14T02:58:36.9223396Z with:
2026-05-14T02:58:36.9223622Z   node-version: 22
2026-05-14T02:58:36.9223810Z   cache: npm
2026-05-14T02:58:36.9224024Z   cache-dependency-path: web/package-lock.json
2026-05-14T02:58:36.9224293Z   always-auth: false
2026-05-14T02:58:36.9224478Z   check-latest: false
2026-05-14T02:58:36.9224829Z   token: ***
2026-05-14T02:58:36.9225011Z ##[endgroup]
2026-05-14T02:58:37.0958996Z Found in cache @ /opt/hostedtoolcache/node/22.22.2/x64
2026-05-14T02:58:37.0965896Z ##[group]Environment details
2026-05-14T02:58:37.4939881Z node: v22.22.2
2026-05-14T02:58:37.4940501Z npm: 10.9.7
2026-05-14T02:58:37.4940842Z yarn: 1.22.22
2026-05-14T02:58:37.4941909Z ##[endgroup]
2026-05-14T02:58:37.4962243Z [command]/opt/hostedtoolcache/node/22.22.2/x64/bin/npm config get cache
2026-05-14T02:58:37.5963818Z /home/runner/.npm
2026-05-14T02:58:37.8549090Z npm cache is not found
2026-05-14T02:58:37.8671520Z ##[group]Run npm ci
2026-05-14T02:58:37.8671847Z [36;1mnpm ci[0m
2026-05-14T02:58:37.8699817Z shell: /usr/bin/bash --noprofile --norc -e -o pipefail {0}
2026-05-14T02:58:37.8700183Z ##[endgroup]
2026-05-14T02:58:38.9118043Z npm error code ETARGET
2026-05-14T02:58:38.9118770Z npm error notarget No matching version found for idb@^8.0.4.
2026-05-14T02:58:38.9119381Z npm error notarget In most cases you or one of your dependencies are requesting
2026-05-14T02:58:38.9119948Z npm error notarget a package version that doesn't exist.
2026-05-14T02:58:38.9122392Z npm error A complete log of this run can be found in: /home/runner/.npm/_logs/2026-05-14T02_58_37_924Z-debug-0.log
2026-05-14T02:58:38.9328917Z ##[error]Process completed with exit code 1.
2026-05-14T02:58:38.9415088Z Post job cleanup.
2026-05-14T02:58:38.9495969Z Post job cleanup.
2026-05-14T02:58:39.0299683Z [command]/usr/bin/git version
2026-05-14T02:58:39.0332277Z git version 2.53.0
2026-05-14T02:58:39.0366936Z Temporarily overriding HOME='/home/runner/work/_temp/a60ed6e3-3a19-4fa4-9b1a-c4becc1e87b2' before making global git config changes
2026-05-14T02:58:39.0367875Z Adding repository directory to the temporary git global config as a safe directory
2026-05-14T02:58:39.0372016Z [command]/usr/bin/git config --global --add safe.directory /home/runner/work/prismTask/prismTask
2026-05-14T02:58:39.0395750Z Removing SSH command configuration
2026-05-14T02:58:39.0401467Z [command]/usr/bin/git config --local --name-only --get-regexp core\.sshCommand
2026-05-14T02:58:39.0429144Z [command]/usr/bin/git submodule foreach --recursive sh -c "git config --local --name-only --get-regexp 'core\.sshCommand' && git config --local --unset-all 'core.sshCommand' || :"
2026-05-14T02:58:39.0607547Z Removing HTTP extra header
2026-05-14T02:58:39.0613382Z [command]/usr/bin/git config --local --name-only --get-regexp http\.https\:\/\/github\.com\/\.extraheader
2026-05-14T02:58:39.0640725Z [command]/usr/bin/git submodule foreach --recursive sh -c "git config --local --name-only --get-regexp 'http\.https\:\/\/github\.com\/\.extraheader' && git config --local --unset-all 'http.https://github.com/.extraheader' || :"
2026-05-14T02:58:39.0806954Z Removing includeIf entries pointing to credentials config files
2026-05-14T02:58:39.0813431Z [command]/usr/bin/git config --local --name-only --get-regexp ^includeIf\.gitdir:
2026-05-14T02:58:39.0864628Z includeif.gitdir:/home/runner/work/prismTask/prismTask/.git.path
2026-05-14T02:58:39.0865710Z includeif.gitdir:/home/runner/work/prismTask/prismTask/.git/worktrees/*.path
2026-05-14T02:58:39.0866503Z includeif.gitdir:/github/workspace/.git.path
2026-05-14T02:58:39.0867224Z includeif.gitdir:/github/workspace/.git/worktrees/*.path
2026-05-14T02:58:39.0872421Z [command]/usr/bin/git config --local --get-all includeif.gitdir:/home/runner/work/prismTask/prismTask/.git.path
2026-05-14T02:58:39.0890384Z /home/runner/work/_temp/git-credentials-943f4914-df3b-4a7c-b638-fd0630381d5c.config
2026-05-14T02:58:39.0899505Z [command]/usr/bin/git config --local --unset includeif.gitdir:/home/runner/work/prismTask/prismTask/.git.path /home/runner/work/_temp/git-credentials-943f4914-df3b-4a7c-b638-fd0630381d5c.config
2026-05-14T02:58:39.0926872Z [command]/usr/bin/git config --local --get-all includeif.gitdir:/home/runner/work/prismTask/prismTask/.git/worktrees/*.path
2026-05-14T02:58:39.0943875Z /home/runner/work/_temp/git-credentials-943f4914-df3b-4a7c-b638-fd0630381d5c.config
2026-05-14T02:58:39.0950837Z [command]/usr/bin/git config --local --unset includeif.gitdir:/home/runner/work/prismTask/prismTask/.git/worktrees/*.path /home/runner/work/_temp/git-credentials-943f4914-df3b-4a7c-b638-fd0630381d5c.config
2026-05-14T02:58:39.0977350Z [command]/usr/bin/git config --local --get-all includeif.gitdir:/github/workspace/.git.path
2026-05-14T02:58:39.0994138Z /github/runner_temp/git-credentials-943f4914-df3b-4a7c-b638-fd0630381d5c.config
2026-05-14T02:58:39.1000224Z [command]/usr/bin/git config --local --unset includeif.gitdir:/github/workspace/.git.path /github/runner_temp/git-credentials-943f4914-df3b-4a7c-b638-fd0630381d5c.config
2026-05-14T02:58:39.1025391Z [command]/usr/bin/git config --local --get-all includeif.gitdir:/github/workspace/.git/worktrees/*.path
2026-05-14T02:58:39.1041324Z /github/runner_temp/git-credentials-943f4914-df3b-4a7c-b638-fd0630381d5c.config
2026-05-14T02:58:39.1048203Z [command]/usr/bin/git config --local --unset includeif.gitdir:/github/workspace/.git/worktrees/*.path /github/runner_temp/git-credentials-943f4914-df3b-4a7c-b638-fd0630381d5c.config
2026-05-14T02:58:39.1073626Z [command]/usr/bin/git submodule foreach --recursive git config --local --show-origin --name-only --get-regexp remote.origin.url
2026-05-14T02:58:39.1244123Z Removing credentials config '/home/runner/work/_temp/git-credentials-943f4914-df3b-4a7c-b638-fd0630381d5c.config'
2026-05-14T02:58:39.1355531Z Cleaning up orphan processes
2026-05-14T02:58:39.1566556Z ##[warning]Node.js 20 actions are deprecated. The following actions are running on Node.js 20 and may not work as expected: actions/setup-node@v4. Actions will be forced to run with Node.js 24 by default starting June 2nd, 2026. Node.js 20 will be removed from the runner on September 16th, 2026. Please check if updated versions of these actions are available that support Node.js 24. To opt into Node.js 24 now, set the FORCE_JAVASCRIPT_ACTIONS_TO_NODE24=true environment variable on the runner or in your workflow file. Once Node.js 24 becomes the default, you can temporarily opt out by setting ACTIONS_ALLOW_USE_UNSECURE_NODE_VERSION=true. For more information see: https://github.blog/changelog/2025-09-19-deprecation-of-node-20-on-github-actions-runners/


--- Job: web-unit-tests (3, 3) (id 75920045361) ---
2026-05-14T02:58:32.8896628Z Current runner version: '2.334.0'
2026-05-14T02:58:32.8923129Z ##[group]Runner Image Provisioner
2026-05-14T02:58:32.8923960Z Hosted Compute Agent
2026-05-14T02:58:32.8924589Z Version: 20260213.493
2026-05-14T02:58:32.8925156Z Commit: 5c115507f6dd24b8de37d8bbe0bb4509d0cc0fa3
2026-05-14T02:58:32.8925827Z Build Date: 2026-02-13T00:28:41Z
2026-05-14T02:58:32.8926494Z Worker ID: {93039485-9b6b-4174-9293-7dfcb8c9aa26}
2026-05-14T02:58:32.8927184Z Azure Region: eastus
2026-05-14T02:58:32.8927674Z ##[endgroup]
2026-05-14T02:58:32.8929174Z ##[group]Operating System
2026-05-14T02:58:32.8929773Z Ubuntu
2026-05-14T02:58:32.8930201Z 24.04.4
2026-05-14T02:58:32.8930730Z LTS
2026-05-14T02:58:32.8931183Z ##[endgroup]
2026-05-14T02:58:32.8931719Z ##[group]Runner Image
2026-05-14T02:58:32.8932689Z Image: ubuntu-24.04
2026-05-14T02:58:32.8933229Z Version: 20260413.86.1
2026-05-14T02:58:32.8934373Z Included Software: https://github.com/actions/runner-images/blob/ubuntu24/20260413.86/images/ubuntu/Ubuntu2404-Readme.md
2026-05-14T02:58:32.8935909Z Image Release: https://github.com/actions/runner-images/releases/tag/ubuntu24%2F20260413.86
2026-05-14T02:58:32.8936787Z ##[endgroup]
2026-05-14T02:58:32.8938012Z ##[group]GITHUB_TOKEN Permissions
2026-05-14T02:58:32.8940220Z Actions: read
2026-05-14T02:58:32.8940716Z Checks: read
2026-05-14T02:58:32.8941354Z Contents: write
2026-05-14T02:58:32.8942105Z Metadata: read
2026-05-14T02:58:32.8942778Z ##[endgroup]
2026-05-14T02:58:32.8945235Z Secret source: Actions
2026-05-14T02:58:32.8946229Z Prepare workflow directory
2026-05-14T02:58:32.9358808Z Prepare all required actions
2026-05-14T02:58:32.9396949Z Getting action download info
2026-05-14T02:58:33.2311238Z Download action repository 'actions/checkout@v6' (SHA:de0fac2e4500dabe0009e67214ff5f5447ce83dd)
2026-05-14T02:58:33.5184938Z Complete job name: web-unit-tests (3, 3)
2026-05-14T02:58:33.5822325Z ##[group]Run actions/checkout@v6
2026-05-14T02:58:33.5823226Z with:
2026-05-14T02:58:33.5823621Z   repository: averycorp/prismTask
2026-05-14T02:58:33.5824297Z   token: ***
2026-05-14T02:58:33.5824679Z   ssh-strict: true
2026-05-14T02:58:33.5825060Z   ssh-user: git
2026-05-14T02:58:33.5825467Z   persist-credentials: true
2026-05-14T02:58:33.5825902Z   clean: true
2026-05-14T02:58:33.5826299Z   sparse-checkout-cone-mode: true
2026-05-14T02:58:33.5826755Z   fetch-depth: 1
2026-05-14T02:58:33.5827135Z   fetch-tags: false
2026-05-14T02:58:33.5827516Z   show-progress: true
2026-05-14T02:58:33.5827906Z   lfs: false
2026-05-14T02:58:33.5828256Z   submodules: false
2026-05-14T02:58:33.5828648Z   set-safe-directory: true
2026-05-14T02:58:33.5829293Z ##[endgroup]
2026-05-14T02:58:33.6805327Z Syncing repository: averycorp/prismTask
2026-05-14T02:58:33.6807047Z ##[group]Getting Git version info
2026-05-14T02:58:33.6807731Z Working directory is '/home/runner/work/prismTask/prismTask'
2026-05-14T02:58:33.6808726Z [command]/usr/bin/git version
2026-05-14T02:58:33.6845214Z git version 2.53.0
2026-05-14T02:58:33.6870763Z ##[endgroup]
2026-05-14T02:58:33.6887792Z Temporarily overriding HOME='/home/runner/work/_temp/5eda59b7-2558-4623-8c42-848e99693290' before making global git config changes
2026-05-14T02:58:33.6890125Z Adding repository directory to the temporary git global config as a safe directory
2026-05-14T02:58:33.6894355Z [command]/usr/bin/git config --global --add safe.directory /home/runner/work/prismTask/prismTask
2026-05-14T02:58:33.6928715Z Deleting the contents of '/home/runner/work/prismTask/prismTask'
2026-05-14T02:58:33.6932896Z ##[group]Initializing the repository
2026-05-14T02:58:33.6937877Z [command]/usr/bin/git init /home/runner/work/prismTask/prismTask
2026-05-14T02:58:33.7047623Z hint: Using 'master' as the name for the initial branch. This default branch name
2026-05-14T02:58:33.7049244Z hint: will change to "main" in Git 3.0. To configure the initial branch name
2026-05-14T02:58:33.7051004Z hint: to use in all of your new repositories, which will suppress this warning,
2026-05-14T02:58:33.7052691Z hint: call:
2026-05-14T02:58:33.7053393Z hint:
2026-05-14T02:58:33.7054666Z hint: 	git config --global init.defaultBranch <name>
2026-05-14T02:58:33.7055742Z hint:
2026-05-14T02:58:33.7056838Z hint: Names commonly chosen instead of 'master' are 'main', 'trunk' and
2026-05-14T02:58:33.7058507Z hint: 'development'. The just-created branch can be renamed via this command:
2026-05-14T02:58:33.7059749Z hint:
2026-05-14T02:58:33.7060460Z hint: 	git branch -m <name>
2026-05-14T02:58:33.7061326Z hint:
2026-05-14T02:58:33.7062644Z hint: Disable this message with "git config set advice.defaultBranchName false"
2026-05-14T02:58:33.7064370Z Initialized empty Git repository in /home/runner/work/prismTask/prismTask/.git/
2026-05-14T02:58:33.7066896Z [command]/usr/bin/git remote add origin https://github.com/averycorp/prismTask
2026-05-14T02:58:33.7126673Z ##[endgroup]
2026-05-14T02:58:33.7127865Z ##[group]Disabling automatic garbage collection
2026-05-14T02:58:33.7131348Z [command]/usr/bin/git config --local gc.auto 0
2026-05-14T02:58:33.7160622Z ##[endgroup]
2026-05-14T02:58:33.7162144Z ##[group]Setting up auth
2026-05-14T02:58:33.7163065Z Removing SSH command configuration
2026-05-14T02:58:33.7169016Z [command]/usr/bin/git config --local --name-only --get-regexp core\.sshCommand
2026-05-14T02:58:33.7200562Z [command]/usr/bin/git submodule foreach --recursive sh -c "git config --local --name-only --get-regexp 'core\.sshCommand' && git config --local --unset-all 'core.sshCommand' || :"
2026-05-14T02:58:33.7492061Z Removing HTTP extra header
2026-05-14T02:58:33.7499219Z [command]/usr/bin/git config --local --name-only --get-regexp http\.https\:\/\/github\.com\/\.extraheader
2026-05-14T02:58:33.7532553Z [command]/usr/bin/git submodule foreach --recursive sh -c "git config --local --name-only --get-regexp 'http\.https\:\/\/github\.com\/\.extraheader' && git config --local --unset-all 'http.https://github.com/.extraheader' || :"
2026-05-14T02:58:33.7746244Z Removing includeIf entries pointing to credentials config files
2026-05-14T02:58:33.7752218Z [command]/usr/bin/git config --local --name-only --get-regexp ^includeIf\.gitdir:
2026-05-14T02:58:33.7781780Z [command]/usr/bin/git submodule foreach --recursive git config --local --show-origin --name-only --get-regexp remote.origin.url
2026-05-14T02:58:33.8007007Z [command]/usr/bin/git config --file /home/runner/work/_temp/git-credentials-8b911de4-6ca2-4c0b-97b3-87d742f4c430.config http.https://github.com/.extraheader AUTHORIZATION: basic ***
2026-05-14T02:58:33.8042862Z [command]/usr/bin/git config --local includeIf.gitdir:/home/runner/work/prismTask/prismTask/.git.path /home/runner/work/_temp/git-credentials-8b911de4-6ca2-4c0b-97b3-87d742f4c430.config
2026-05-14T02:58:33.8072770Z [command]/usr/bin/git config --local includeIf.gitdir:/home/runner/work/prismTask/prismTask/.git/worktrees/*.path /home/runner/work/_temp/git-credentials-8b911de4-6ca2-4c0b-97b3-87d742f4c430.config
2026-05-14T02:58:33.8100923Z [command]/usr/bin/git config --local includeIf.gitdir:/github/workspace/.git.path /github/runner_temp/git-credentials-8b911de4-6ca2-4c0b-97b3-87d742f4c430.config
2026-05-14T02:58:33.8132211Z [command]/usr/bin/git config --local includeIf.gitdir:/github/workspace/.git/worktrees/*.path /github/runner_temp/git-credentials-8b911de4-6ca2-4c0b-97b3-87d742f4c430.config
2026-05-14T02:58:33.8165012Z ##[endgroup]
2026-05-14T02:58:33.8166252Z ##[group]Fetching the repository
2026-05-14T02:58:33.8175231Z [command]/usr/bin/git -c protocol.version=2 fetch --no-tags --prune --no-recurse-submodules --depth=1 origin +65e1c1de8619b94a456ef47a94217e2be4bcc3f3:refs/remotes/pull/1347/merge
2026-05-14T02:58:35.2169921Z From https://github.com/averycorp/prismTask
2026-05-14T02:58:35.2173871Z  * [new ref]         65e1c1de8619b94a456ef47a94217e2be4bcc3f3 -> pull/1347/merge
2026-05-14T02:58:35.2199317Z ##[endgroup]
2026-05-14T02:58:35.2201078Z ##[group]Determining the checkout info
2026-05-14T02:58:35.2202979Z ##[endgroup]
2026-05-14T02:58:35.2206138Z [command]/usr/bin/git sparse-checkout disable
2026-05-14T02:58:35.2244710Z [command]/usr/bin/git config --local --unset-all extensions.worktreeConfig
2026-05-14T02:58:35.2273106Z ##[group]Checking out the ref
2026-05-14T02:58:35.2276395Z [command]/usr/bin/git checkout --progress --force refs/remotes/pull/1347/merge
2026-05-14T02:58:35.5193846Z Note: switching to 'refs/remotes/pull/1347/merge'.
2026-05-14T02:58:35.5195931Z 
2026-05-14T02:58:35.5196949Z You are in 'detached HEAD' state. You can look around, make experimental
2026-05-14T02:58:35.5197869Z changes and commit them, and you can discard any commits you make in this
2026-05-14T02:58:35.5198728Z state without impacting any branches by switching back to a branch.
2026-05-14T02:58:35.5199226Z 
2026-05-14T02:58:35.5199580Z If you want to create a new branch to retain commits you create, you may
2026-05-14T02:58:35.5200375Z do so (now or later) by using -c with the switch command. Example:
2026-05-14T02:58:35.5200870Z 
2026-05-14T02:58:35.5201064Z   git switch -c <new-branch-name>
2026-05-14T02:58:35.5201374Z 
2026-05-14T02:58:35.5201568Z Or undo this operation with:
2026-05-14T02:58:35.5203631Z 
2026-05-14T02:58:35.5203829Z   git switch -
2026-05-14T02:58:35.5204130Z 
2026-05-14T02:58:35.5204536Z Turn off this advice by setting config variable advice.detachedHead to false
2026-05-14T02:58:35.5205070Z 
2026-05-14T02:58:35.5205694Z HEAD is now at 65e1c1d Merge 81753dd4baf8eadd4347fcd6605e8a0a16e5cf2a into e2b3a83a0a8daeb770b6f14edba16c51054e9ad5
2026-05-14T02:58:35.5226329Z ##[endgroup]
2026-05-14T02:58:35.5272414Z [command]/usr/bin/git log -1 --format=%H
2026-05-14T02:58:35.5298221Z 65e1c1de8619b94a456ef47a94217e2be4bcc3f3
2026-05-14T02:58:35.5590371Z Prepare all required actions
2026-05-14T02:58:35.5590864Z Getting action download info
2026-05-14T02:58:35.6616650Z Download action repository 'actions/setup-node@v4' (SHA:49933ea5288caeca8642d1e84afbd3f7d6820020)
2026-05-14T02:58:35.9902617Z ##[group]Run ./.github/actions/setup-node-web
2026-05-14T02:58:35.9902936Z ##[endgroup]
2026-05-14T02:58:36.0027296Z ##[group]Run actions/setup-node@v4
2026-05-14T02:58:36.0027571Z with:
2026-05-14T02:58:36.0027793Z   node-version: 22
2026-05-14T02:58:36.0027982Z   cache: npm
2026-05-14T02:58:36.0028195Z   cache-dependency-path: web/package-lock.json
2026-05-14T02:58:36.0028482Z   always-auth: false
2026-05-14T02:58:36.0028672Z   check-latest: false
2026-05-14T02:58:36.0029003Z   token: ***
2026-05-14T02:58:36.0029182Z ##[endgroup]
2026-05-14T02:58:36.1917500Z Found in cache @ /opt/hostedtoolcache/node/22.22.2/x64
2026-05-14T02:58:36.1924625Z ##[group]Environment details
2026-05-14T02:58:39.6720022Z node: v22.22.2
2026-05-14T02:58:39.6720707Z npm: 10.9.7
2026-05-14T02:58:39.6721045Z yarn: 1.22.22
2026-05-14T02:58:39.6722825Z ##[endgroup]
2026-05-14T02:58:39.6747143Z [command]/opt/hostedtoolcache/node/22.22.2/x64/bin/npm config get cache
2026-05-14T02:58:39.9596137Z /home/runner/.npm
2026-05-14T02:58:40.0579140Z npm cache is not found
2026-05-14T02:58:40.0728657Z ##[group]Run npm ci
2026-05-14T02:58:40.0728965Z [36;1mnpm ci[0m
2026-05-14T02:58:40.0765670Z shell: /usr/bin/bash --noprofile --norc -e -o pipefail {0}
2026-05-14T02:58:40.0766028Z ##[endgroup]
2026-05-14T02:58:41.9965896Z npm error code ETARGET
2026-05-14T02:58:41.9966742Z npm error notarget No matching version found for idb@^8.0.4.
2026-05-14T02:58:41.9967390Z npm error notarget In most cases you or one of your dependencies are requesting
2026-05-14T02:58:41.9967928Z npm error notarget a package version that doesn't exist.
2026-05-14T02:58:41.9971263Z npm error A complete log of this run can be found in: /home/runner/.npm/_logs/2026-05-14T02_58_40_130Z-debug-0.log
2026-05-14T02:58:42.0354006Z ##[error]Process completed with exit code 1.
2026-05-14T02:58:42.0440219Z Post job cleanup.
2026-05-14T02:58:42.0524783Z Post job cleanup.
2026-05-14T02:58:42.1378808Z [command]/usr/bin/git version
2026-05-14T02:58:42.1416662Z git version 2.53.0
2026-05-14T02:58:42.1458107Z Temporarily overriding HOME='/home/runner/work/_temp/53341b73-c00f-49f7-857c-298d3c8c4e41' before making global git config changes
2026-05-14T02:58:42.1459647Z Adding repository directory to the temporary git global config as a safe directory
2026-05-14T02:58:42.1464139Z [command]/usr/bin/git config --global --add safe.directory /home/runner/work/prismTask/prismTask
2026-05-14T02:58:42.1494624Z Removing SSH command configuration
2026-05-14T02:58:42.1502820Z [command]/usr/bin/git config --local --name-only --get-regexp core\.sshCommand
2026-05-14T02:58:42.1562791Z [command]/usr/bin/git submodule foreach --recursive sh -c "git config --local --name-only --get-regexp 'core\.sshCommand' && git config --local --unset-all 'core.sshCommand' || :"
2026-05-14T02:58:42.1785000Z Removing HTTP extra header
2026-05-14T02:58:42.1790058Z [command]/usr/bin/git config --local --name-only --get-regexp http\.https\:\/\/github\.com\/\.extraheader
2026-05-14T02:58:42.1824476Z [command]/usr/bin/git submodule foreach --recursive sh -c "git config --local --name-only --get-regexp 'http\.https\:\/\/github\.com\/\.extraheader' && git config --local --unset-all 'http.https://github.com/.extraheader' || :"
2026-05-14T02:58:42.2050946Z Removing includeIf entries pointing to credentials config files
2026-05-14T02:58:42.2058141Z [command]/usr/bin/git config --local --name-only --get-regexp ^includeIf\.gitdir:
2026-05-14T02:58:42.2083928Z includeif.gitdir:/home/runner/work/prismTask/prismTask/.git.path
2026-05-14T02:58:42.2085276Z includeif.gitdir:/home/runner/work/prismTask/prismTask/.git/worktrees/*.path
2026-05-14T02:58:42.2086499Z includeif.gitdir:/github/workspace/.git.path
2026-05-14T02:58:42.2087540Z includeif.gitdir:/github/workspace/.git/worktrees/*.path
2026-05-14T02:58:42.2094956Z [command]/usr/bin/git config --local --get-all includeif.gitdir:/home/runner/work/prismTask/prismTask/.git.path
2026-05-14T02:58:42.2118989Z /home/runner/work/_temp/git-credentials-8b911de4-6ca2-4c0b-97b3-87d742f4c430.config
2026-05-14T02:58:42.2134359Z [command]/usr/bin/git config --local --unset includeif.gitdir:/home/runner/work/prismTask/prismTask/.git.path /home/runner/work/_temp/git-credentials-8b911de4-6ca2-4c0b-97b3-87d742f4c430.config
2026-05-14T02:58:42.2173795Z [command]/usr/bin/git config --local --get-all includeif.gitdir:/home/runner/work/prismTask/prismTask/.git/worktrees/*.path
2026-05-14T02:58:42.2197776Z /home/runner/work/_temp/git-credentials-8b911de4-6ca2-4c0b-97b3-87d742f4c430.config
2026-05-14T02:58:42.2211416Z [command]/usr/bin/git config --local --unset includeif.gitdir:/home/runner/work/prismTask/prismTask/.git/worktrees/*.path /home/runner/work/_temp/git-credentials-8b911de4-6ca2-4c0b-97b3-87d742f4c430.config
2026-05-14T02:58:42.2247400Z [command]/usr/bin/git config --local --get-all includeif.gitdir:/github/workspace/.git.path
2026-05-14T02:58:42.2270386Z /github/runner_temp/git-credentials-8b911de4-6ca2-4c0b-97b3-87d742f4c430.config
2026-05-14T02:58:42.2281733Z [command]/usr/bin/git config --local --unset includeif.gitdir:/github/workspace/.git.path /github/runner_temp/git-credentials-8b911de4-6ca2-4c0b-97b3-87d742f4c430.config
2026-05-14T02:58:42.2317237Z [command]/usr/bin/git config --local --get-all includeif.gitdir:/github/workspace/.git/worktrees/*.path
2026-05-14T02:58:42.2339910Z /github/runner_temp/git-credentials-8b911de4-6ca2-4c0b-97b3-87d742f4c430.config
2026-05-14T02:58:42.2353070Z [command]/usr/bin/git config --local --unset includeif.gitdir:/github/workspace/.git/worktrees/*.path /github/runner_temp/git-credentials-8b911de4-6ca2-4c0b-97b3-87d742f4c430.config
2026-05-14T02:58:42.2391082Z [command]/usr/bin/git submodule foreach --recursive git config --local --show-origin --name-only --get-regexp remote.origin.url
2026-05-14T02:58:42.2637577Z Removing credentials config '/home/runner/work/_temp/git-credentials-8b911de4-6ca2-4c0b-97b3-87d742f4c430.config'
2026-05-14T02:58:42.2782643Z Cleaning up orphan processes
2026-05-14T02:58:42.3077092Z ##[warning]Node.js 20 actions are deprecated. The following actions are running on Node.js 20 and may not work as expected: actions/setup-node@v4. Actions will be forced to run with Node.js 24 by default starting June 2nd, 2026. Node.js 20 will be removed from the runner on September 16th, 2026. Please check if updated versions of these actions are available that support Node.js 24. To opt into Node.js 24 now, set the FORCE_JAVASCRIPT_ACTIONS_TO_NODE24=true environment variable on the runner or in your workflow file. Once Node.js 24 becomes the default, you can temporarily opt out by setting ACTIONS_ALLOW_USE_UNSECURE_NODE_VERSION=true. For more information see: https://github.blog/changelog/2025-09-19-deprecation-of-node-20-on-github-actions-runners/


--- Job: web-build (id 75920045364) ---
2026-05-14T02:58:27.4533595Z Current runner version: '2.334.0'
2026-05-14T02:58:27.4560943Z ##[group]Runner Image Provisioner
2026-05-14T02:58:27.4561796Z Hosted Compute Agent
2026-05-14T02:58:27.4562424Z Version: 20260213.493
2026-05-14T02:58:27.4562995Z Commit: 5c115507f6dd24b8de37d8bbe0bb4509d0cc0fa3
2026-05-14T02:58:27.4563737Z Build Date: 2026-02-13T00:28:41Z
2026-05-14T02:58:27.4564384Z Worker ID: {932cb849-3b61-46f9-9626-32af731cd75b}
2026-05-14T02:58:27.4565256Z Azure Region: westcentralus
2026-05-14T02:58:27.4565895Z ##[endgroup]
2026-05-14T02:58:27.4567548Z ##[group]Operating System
2026-05-14T02:58:27.4568191Z Ubuntu
2026-05-14T02:58:27.4568626Z 24.04.4
2026-05-14T02:58:27.4569208Z LTS
2026-05-14T02:58:27.4569643Z ##[endgroup]
2026-05-14T02:58:27.4570138Z ##[group]Runner Image
2026-05-14T02:58:27.4570722Z Image: ubuntu-24.04
2026-05-14T02:58:27.4571286Z Version: 20260413.86.1
2026-05-14T02:58:27.4572495Z Included Software: https://github.com/actions/runner-images/blob/ubuntu24/20260413.86/images/ubuntu/Ubuntu2404-Readme.md
2026-05-14T02:58:27.4573903Z Image Release: https://github.com/actions/runner-images/releases/tag/ubuntu24%2F20260413.86
2026-05-14T02:58:27.4574931Z ##[endgroup]
2026-05-14T02:58:27.4576203Z ##[group]GITHUB_TOKEN Permissions
2026-05-14T02:58:27.4578539Z Actions: read
2026-05-14T02:58:27.4579181Z Checks: read
2026-05-14T02:58:27.4579655Z Contents: write
2026-05-14T02:58:27.4580176Z Metadata: read
2026-05-14T02:58:27.4580673Z ##[endgroup]
2026-05-14T02:58:27.4582885Z Secret source: Actions
2026-05-14T02:58:27.4583908Z Prepare workflow directory
2026-05-14T02:58:27.5003129Z Prepare all required actions
2026-05-14T02:58:27.5040773Z Getting action download info
2026-05-14T02:58:27.8610004Z Download action repository 'actions/checkout@v6' (SHA:de0fac2e4500dabe0009e67214ff5f5447ce83dd)
2026-05-14T02:58:28.0605839Z Complete job name: web-build
2026-05-14T02:58:28.1319812Z ##[group]Run actions/checkout@v6
2026-05-14T02:58:28.1320653Z with:
2026-05-14T02:58:28.1321046Z   repository: averycorp/prismTask
2026-05-14T02:58:28.1321768Z   token: ***
2026-05-14T02:58:28.1322158Z   ssh-strict: true
2026-05-14T02:58:28.1322555Z   ssh-user: git
2026-05-14T02:58:28.1322935Z   persist-credentials: true
2026-05-14T02:58:28.1323369Z   clean: true
2026-05-14T02:58:28.1323747Z   sparse-checkout-cone-mode: true
2026-05-14T02:58:28.1324202Z   fetch-depth: 1
2026-05-14T02:58:28.1324569Z   fetch-tags: false
2026-05-14T02:58:28.1325141Z   show-progress: true
2026-05-14T02:58:28.1325525Z   lfs: false
2026-05-14T02:58:28.1325884Z   submodules: false
2026-05-14T02:58:28.1326268Z   set-safe-directory: true
2026-05-14T02:58:28.1326896Z ##[endgroup]
2026-05-14T02:58:28.2322763Z Syncing repository: averycorp/prismTask
2026-05-14T02:58:28.2324429Z ##[group]Getting Git version info
2026-05-14T02:58:28.2325444Z Working directory is '/home/runner/work/prismTask/prismTask'
2026-05-14T02:58:28.2326542Z [command]/usr/bin/git version
2026-05-14T02:58:28.2359386Z git version 2.53.0
2026-05-14T02:58:28.2413052Z ##[endgroup]
2026-05-14T02:58:28.2427060Z Temporarily overriding HOME='/home/runner/work/_temp/0619427f-6b51-44f2-a791-fac5a9a76bda' before making global git config changes
2026-05-14T02:58:28.2428410Z Adding repository directory to the temporary git global config as a safe directory
2026-05-14T02:58:28.2432436Z [command]/usr/bin/git config --global --add safe.directory /home/runner/work/prismTask/prismTask
2026-05-14T02:58:28.2467057Z Deleting the contents of '/home/runner/work/prismTask/prismTask'
2026-05-14T02:58:28.2471062Z ##[group]Initializing the repository
2026-05-14T02:58:28.2475637Z [command]/usr/bin/git init /home/runner/work/prismTask/prismTask
2026-05-14T02:58:28.2539884Z hint: Using 'master' as the name for the initial branch. This default branch name
2026-05-14T02:58:28.2541715Z hint: will change to "main" in Git 3.0. To configure the initial branch name
2026-05-14T02:58:28.2543288Z hint: to use in all of your new repositories, which will suppress this warning,
2026-05-14T02:58:28.2544620Z hint: call:
2026-05-14T02:58:28.2545773Z hint:
2026-05-14T02:58:28.2546997Z hint: 	git config --global init.defaultBranch <name>
2026-05-14T02:58:28.2547903Z hint:
2026-05-14T02:58:28.2548736Z hint: Names commonly chosen instead of 'master' are 'main', 'trunk' and
2026-05-14T02:58:28.2550107Z hint: 'development'. The just-created branch can be renamed via this command:
2026-05-14T02:58:28.2551212Z hint:
2026-05-14T02:58:28.2551789Z hint: 	git branch -m <name>
2026-05-14T02:58:28.2552476Z hint:
2026-05-14T02:58:28.2553374Z hint: Disable this message with "git config set advice.defaultBranchName false"
2026-05-14T02:58:28.2555088Z Initialized empty Git repository in /home/runner/work/prismTask/prismTask/.git/
2026-05-14T02:58:28.2557418Z [command]/usr/bin/git remote add origin https://github.com/averycorp/prismTask
2026-05-14T02:58:28.2585699Z ##[endgroup]
2026-05-14T02:58:28.2586788Z ##[group]Disabling automatic garbage collection
2026-05-14T02:58:28.2590082Z [command]/usr/bin/git config --local gc.auto 0
2026-05-14T02:58:28.2620925Z ##[endgroup]
2026-05-14T02:58:28.2621975Z ##[group]Setting up auth
2026-05-14T02:58:28.2622740Z Removing SSH command configuration
2026-05-14T02:58:28.2628602Z [command]/usr/bin/git config --local --name-only --get-regexp core\.sshCommand
2026-05-14T02:58:28.2661803Z [command]/usr/bin/git submodule foreach --recursive sh -c "git config --local --name-only --get-regexp 'core\.sshCommand' && git config --local --unset-all 'core.sshCommand' || :"
2026-05-14T02:58:28.2956474Z Removing HTTP extra header
2026-05-14T02:58:28.2961992Z [command]/usr/bin/git config --local --name-only --get-regexp http\.https\:\/\/github\.com\/\.extraheader
2026-05-14T02:58:28.2994439Z [command]/usr/bin/git submodule foreach --recursive sh -c "git config --local --name-only --get-regexp 'http\.https\:\/\/github\.com\/\.extraheader' && git config --local --unset-all 'http.https://github.com/.extraheader' || :"
2026-05-14T02:58:28.3218808Z Removing includeIf entries pointing to credentials config files
2026-05-14T02:58:28.3225881Z [command]/usr/bin/git config --local --name-only --get-regexp ^includeIf\.gitdir:
2026-05-14T02:58:28.3258473Z [command]/usr/bin/git submodule foreach --recursive git config --local --show-origin --name-only --get-regexp remote.origin.url
2026-05-14T02:58:28.3493285Z [command]/usr/bin/git config --file /home/runner/work/_temp/git-credentials-6ae027f0-6db1-4e7a-9794-5923bb576b83.config http.https://github.com/.extraheader AUTHORIZATION: basic ***
2026-05-14T02:58:28.3532093Z [command]/usr/bin/git config --local includeIf.gitdir:/home/runner/work/prismTask/prismTask/.git.path /home/runner/work/_temp/git-credentials-6ae027f0-6db1-4e7a-9794-5923bb576b83.config
2026-05-14T02:58:28.3560625Z [command]/usr/bin/git config --local includeIf.gitdir:/home/runner/work/prismTask/prismTask/.git/worktrees/*.path /home/runner/work/_temp/git-credentials-6ae027f0-6db1-4e7a-9794-5923bb576b83.config
2026-05-14T02:58:28.3591000Z [command]/usr/bin/git config --local includeIf.gitdir:/github/workspace/.git.path /github/runner_temp/git-credentials-6ae027f0-6db1-4e7a-9794-5923bb576b83.config
2026-05-14T02:58:28.3621370Z [command]/usr/bin/git config --local includeIf.gitdir:/github/workspace/.git/worktrees/*.path /github/runner_temp/git-credentials-6ae027f0-6db1-4e7a-9794-5923bb576b83.config
2026-05-14T02:58:28.3650986Z ##[endgroup]
2026-05-14T02:58:28.3651760Z ##[group]Fetching the repository
2026-05-14T02:58:28.3659234Z [command]/usr/bin/git -c protocol.version=2 fetch --no-tags --prune --no-recurse-submodules --depth=1 origin +65e1c1de8619b94a456ef47a94217e2be4bcc3f3:refs/remotes/pull/1347/merge
2026-05-14T02:58:30.5249955Z From https://github.com/averycorp/prismTask
2026-05-14T02:58:30.5251219Z  * [new ref]         65e1c1de8619b94a456ef47a94217e2be4bcc3f3 -> pull/1347/merge
2026-05-14T02:58:30.5282235Z ##[endgroup]
2026-05-14T02:58:30.5283195Z ##[group]Determining the checkout info
2026-05-14T02:58:30.5284137Z ##[endgroup]
2026-05-14T02:58:30.5290537Z [command]/usr/bin/git sparse-checkout disable
2026-05-14T02:58:30.5332549Z [command]/usr/bin/git config --local --unset-all extensions.worktreeConfig
2026-05-14T02:58:30.5361477Z ##[group]Checking out the ref
2026-05-14T02:58:30.5365261Z [command]/usr/bin/git checkout --progress --force refs/remotes/pull/1347/merge
2026-05-14T02:58:30.8295553Z Note: switching to 'refs/remotes/pull/1347/merge'.
2026-05-14T02:58:30.8296322Z 
2026-05-14T02:58:30.8296825Z You are in 'detached HEAD' state. You can look around, make experimental
2026-05-14T02:58:30.8297991Z changes and commit them, and you can discard any commits you make in this
2026-05-14T02:58:30.8299162Z state without impacting any branches by switching back to a branch.
2026-05-14T02:58:30.8299865Z 
2026-05-14T02:58:30.8300351Z If you want to create a new branch to retain commits you create, you may
2026-05-14T02:58:30.8301518Z do so (now or later) by using -c with the switch command. Example:
2026-05-14T02:58:30.8302317Z 
2026-05-14T02:58:30.8302600Z   git switch -c <new-branch-name>
2026-05-14T02:58:30.8303079Z 
2026-05-14T02:58:30.8303368Z Or undo this operation with:
2026-05-14T02:58:30.8303834Z 
2026-05-14T02:58:30.8304073Z   git switch -
2026-05-14T02:58:30.8304429Z 
2026-05-14T02:58:30.8305172Z Turn off this advice by setting config variable advice.detachedHead to false
2026-05-14T02:58:30.8306172Z 
2026-05-14T02:58:30.8307242Z HEAD is now at 65e1c1d Merge 81753dd4baf8eadd4347fcd6605e8a0a16e5cf2a into e2b3a83a0a8daeb770b6f14edba16c51054e9ad5
2026-05-14T02:58:30.8320439Z ##[endgroup]
2026-05-14T02:58:30.8365675Z [command]/usr/bin/git log -1 --format=%H
2026-05-14T02:58:30.8392759Z 65e1c1de8619b94a456ef47a94217e2be4bcc3f3
2026-05-14T02:58:30.8773692Z Prepare all required actions
2026-05-14T02:58:30.8775128Z Getting action download info
2026-05-14T02:58:31.0242824Z Download action repository 'actions/setup-node@v4' (SHA:49933ea5288caeca8642d1e84afbd3f7d6820020)
2026-05-14T02:58:31.1291486Z ##[group]Run ./.github/actions/setup-node-web
2026-05-14T02:58:31.1292097Z ##[endgroup]
2026-05-14T02:58:31.1439283Z ##[group]Run actions/setup-node@v4
2026-05-14T02:58:31.1439892Z with:
2026-05-14T02:58:31.1440410Z   node-version: 22
2026-05-14T02:58:31.1440869Z   cache: npm
2026-05-14T02:58:31.1441374Z   cache-dependency-path: web/package-lock.json
2026-05-14T02:58:31.1441955Z   always-auth: false
2026-05-14T02:58:31.1442427Z   check-latest: false
2026-05-14T02:58:31.1443086Z   token: ***
2026-05-14T02:58:31.1443542Z ##[endgroup]
2026-05-14T02:58:31.3320707Z Found in cache @ /opt/hostedtoolcache/node/22.22.2/x64
2026-05-14T02:58:31.3327634Z ##[group]Environment details
2026-05-14T02:58:31.6477027Z node: v22.22.2
2026-05-14T02:58:31.6478057Z npm: 10.9.7
2026-05-14T02:58:31.6478525Z yarn: 1.22.22
2026-05-14T02:58:31.6479665Z ##[endgroup]
2026-05-14T02:58:31.6499258Z [command]/opt/hostedtoolcache/node/22.22.2/x64/bin/npm config get cache
2026-05-14T02:58:31.7516813Z /home/runner/.npm
2026-05-14T02:58:31.9742516Z npm cache is not found
2026-05-14T02:58:31.9903562Z ##[group]Run npm ci
2026-05-14T02:58:31.9904019Z [36;1mnpm ci[0m
2026-05-14T02:58:31.9941290Z shell: /usr/bin/bash --noprofile --norc -e -o pipefail {0}
2026-05-14T02:58:31.9941800Z ##[endgroup]
2026-05-14T02:58:32.8426588Z npm error code ETARGET
2026-05-14T02:58:32.8427467Z npm error notarget No matching version found for idb@^8.0.4.
2026-05-14T02:58:32.8428238Z npm error notarget In most cases you or one of your dependencies are requesting
2026-05-14T02:58:32.8429102Z npm error notarget a package version that doesn't exist.
2026-05-14T02:58:32.8429888Z npm error A complete log of this run can be found in: /home/runner/.npm/_logs/2026-05-14T02_58_32_054Z-debug-0.log
2026-05-14T02:58:32.8818760Z ##[error]Process completed with exit code 1.
2026-05-14T02:58:32.8915992Z Post job cleanup.
2026-05-14T02:58:32.9003912Z Post job cleanup.
2026-05-14T02:58:32.9839988Z [command]/usr/bin/git version
2026-05-14T02:58:32.9909950Z git version 2.53.0
2026-05-14T02:58:32.9950866Z Temporarily overriding HOME='/home/runner/work/_temp/d416e550-5795-4cbd-86e7-bd2ffab006f1' before making global git config changes
2026-05-14T02:58:32.9952421Z Adding repository directory to the temporary git global config as a safe directory
2026-05-14T02:58:32.9956975Z [command]/usr/bin/git config --global --add safe.directory /home/runner/work/prismTask/prismTask
2026-05-14T02:58:32.9988344Z Removing SSH command configuration
2026-05-14T02:58:32.9994970Z [command]/usr/bin/git config --local --name-only --get-regexp core\.sshCommand
2026-05-14T02:58:33.0030479Z [command]/usr/bin/git submodule foreach --recursive sh -c "git config --local --name-only --get-regexp 'core\.sshCommand' && git config --local --unset-all 'core.sshCommand' || :"
2026-05-14T02:58:33.0274607Z Removing HTTP extra header
2026-05-14T02:58:33.0280276Z [command]/usr/bin/git config --local --name-only --get-regexp http\.https\:\/\/github\.com\/\.extraheader
2026-05-14T02:58:33.0317431Z [command]/usr/bin/git submodule foreach --recursive sh -c "git config --local --name-only --get-regexp 'http\.https\:\/\/github\.com\/\.extraheader' && git config --local --unset-all 'http.https://github.com/.extraheader' || :"
2026-05-14T02:58:33.0552382Z Removing includeIf entries pointing to credentials config files
2026-05-14T02:58:33.0558880Z [command]/usr/bin/git config --local --name-only --get-regexp ^includeIf\.gitdir:
2026-05-14T02:58:33.0582537Z includeif.gitdir:/home/runner/work/prismTask/prismTask/.git.path
2026-05-14T02:58:33.0583608Z includeif.gitdir:/home/runner/work/prismTask/prismTask/.git/worktrees/*.path
2026-05-14T02:58:33.0584434Z includeif.gitdir:/github/workspace/.git.path
2026-05-14T02:58:33.0585379Z includeif.gitdir:/github/workspace/.git/worktrees/*.path
2026-05-14T02:58:33.0591839Z [command]/usr/bin/git config --local --get-all includeif.gitdir:/home/runner/work/prismTask/prismTask/.git.path
2026-05-14T02:58:33.0627490Z /home/runner/work/_temp/git-credentials-6ae027f0-6db1-4e7a-9794-5923bb576b83.config
2026-05-14T02:58:33.0629848Z [command]/usr/bin/git config --local --unset includeif.gitdir:/home/runner/work/prismTask/prismTask/.git.path /home/runner/work/_temp/git-credentials-6ae027f0-6db1-4e7a-9794-5923bb576b83.config
2026-05-14T02:58:33.0669582Z [command]/usr/bin/git config --local --get-all includeif.gitdir:/home/runner/work/prismTask/prismTask/.git/worktrees/*.path
2026-05-14T02:58:33.0695271Z /home/runner/work/_temp/git-credentials-6ae027f0-6db1-4e7a-9794-5923bb576b83.config
2026-05-14T02:58:33.0707216Z [command]/usr/bin/git config --local --unset includeif.gitdir:/home/runner/work/prismTask/prismTask/.git/worktrees/*.path /home/runner/work/_temp/git-credentials-6ae027f0-6db1-4e7a-9794-5923bb576b83.config
2026-05-14T02:58:33.0743890Z [command]/usr/bin/git config --local --get-all includeif.gitdir:/github/workspace/.git.path
2026-05-14T02:58:33.0770427Z /github/runner_temp/git-credentials-6ae027f0-6db1-4e7a-9794-5923bb576b83.config
2026-05-14T02:58:33.0778063Z [command]/usr/bin/git config --local --unset includeif.gitdir:/github/workspace/.git.path /github/runner_temp/git-credentials-6ae027f0-6db1-4e7a-9794-5923bb576b83.config
2026-05-14T02:58:33.0811564Z [command]/usr/bin/git config --local --get-all includeif.gitdir:/github/workspace/.git/worktrees/*.path
2026-05-14T02:58:33.0834143Z /github/runner_temp/git-credentials-6ae027f0-6db1-4e7a-9794-5923bb576b83.config
2026-05-14T02:58:33.0854232Z [command]/usr/bin/git config --local --unset includeif.gitdir:/github/workspace/.git/worktrees/*.path /github/runner_temp/git-credentials-6ae027f0-6db1-4e7a-9794-5923bb576b83.config
2026-05-14T02:58:33.0887372Z [command]/usr/bin/git submodule foreach --recursive git config --local --show-origin --name-only --get-regexp remote.origin.url
2026-05-14T02:58:33.1138502Z Removing credentials config '/home/runner/work/_temp/git-credentials-6ae027f0-6db1-4e7a-9794-5923bb576b83.config'
2026-05-14T02:58:33.1293614Z Cleaning up orphan processes
2026-05-14T02:58:33.1583111Z ##[warning]Node.js 20 actions are deprecated. The following actions are running on Node.js 20 and may not work as expected: actions/setup-node@v4. Actions will be forced to run with Node.js 24 by default starting June 2nd, 2026. Node.js 20 will be removed from the runner on September 16th, 2026. Please check if updated versions of these actions are available that support Node.js 24. To opt into Node.js 24 now, set the FORCE_JAVASCRIPT_ACTIONS_TO_NODE24=true environment variable on the runner or in your workflow file. Once Node.js 24 becomes the default, you can temporarily opt out by setting ACTIONS_ALLOW_USE_UNSECURE_NODE_VERSION=true. For more information see: https://github.blog/changelog/2025-09-19-deprecation-of-node-20-on-github-actions-runners/


--- Job: web-unit-tests (1, 3) (id 75920045369) ---
2026-05-14T02:58:28.4846932Z Current runner version: '2.334.0'
2026-05-14T02:58:28.4872180Z ##[group]Runner Image Provisioner
2026-05-14T02:58:28.4873093Z Hosted Compute Agent
2026-05-14T02:58:28.4873631Z Version: 20260213.493
2026-05-14T02:58:28.4874172Z Commit: 5c115507f6dd24b8de37d8bbe0bb4509d0cc0fa3
2026-05-14T02:58:28.4874957Z Build Date: 2026-02-13T00:28:41Z
2026-05-14T02:58:28.4875572Z Worker ID: {2c7235ea-4cee-4d8f-9fb7-8a5d4c70d480}
2026-05-14T02:58:28.4876254Z Azure Region: westus
2026-05-14T02:58:28.4876778Z ##[endgroup]
2026-05-14T02:58:28.4878517Z ##[group]Operating System
2026-05-14T02:58:28.4879140Z Ubuntu
2026-05-14T02:58:28.4879677Z 24.04.4
2026-05-14T02:58:28.4880156Z LTS
2026-05-14T02:58:28.4880563Z ##[endgroup]
2026-05-14T02:58:28.4881081Z ##[group]Runner Image
2026-05-14T02:58:28.4881665Z Image: ubuntu-24.04
2026-05-14T02:58:28.4882177Z Version: 20260413.86.1
2026-05-14T02:58:28.4883458Z Included Software: https://github.com/actions/runner-images/blob/ubuntu24/20260413.86/images/ubuntu/Ubuntu2404-Readme.md
2026-05-14T02:58:28.4884919Z Image Release: https://github.com/actions/runner-images/releases/tag/ubuntu24%2F20260413.86
2026-05-14T02:58:28.4885862Z ##[endgroup]
2026-05-14T02:58:28.4887015Z ##[group]GITHUB_TOKEN Permissions
2026-05-14T02:58:28.4889074Z Actions: read
2026-05-14T02:58:28.4889704Z Checks: read
2026-05-14T02:58:28.4890205Z Contents: write
2026-05-14T02:58:28.4890688Z Metadata: read
2026-05-14T02:58:28.4891201Z ##[endgroup]
2026-05-14T02:58:28.4893214Z Secret source: Actions
2026-05-14T02:58:28.4893952Z Prepare workflow directory
2026-05-14T02:58:28.5304694Z Prepare all required actions
2026-05-14T02:58:28.5344227Z Getting action download info
2026-05-14T02:58:28.9602650Z Download action repository 'actions/checkout@v6' (SHA:de0fac2e4500dabe0009e67214ff5f5447ce83dd)
2026-05-14T02:58:29.1906288Z Complete job name: web-unit-tests (1, 3)
2026-05-14T02:58:29.2556653Z ##[group]Run actions/checkout@v6
2026-05-14T02:58:29.2557747Z with:
2026-05-14T02:58:29.2558153Z   repository: averycorp/prismTask
2026-05-14T02:58:29.2558820Z   token: ***
2026-05-14T02:58:29.2559193Z   ssh-strict: true
2026-05-14T02:58:29.2559571Z   ssh-user: git
2026-05-14T02:58:29.2559960Z   persist-credentials: true
2026-05-14T02:58:29.2560393Z   clean: true
2026-05-14T02:58:29.2560784Z   sparse-checkout-cone-mode: true
2026-05-14T02:58:29.2561251Z   fetch-depth: 1
2026-05-14T02:58:29.2561625Z   fetch-tags: false
2026-05-14T02:58:29.2562006Z   show-progress: true
2026-05-14T02:58:29.2562409Z   lfs: false
2026-05-14T02:58:29.2562762Z   submodules: false
2026-05-14T02:58:29.2563159Z   set-safe-directory: true
2026-05-14T02:58:29.2563828Z ##[endgroup]
2026-05-14T02:58:29.3553304Z Syncing repository: averycorp/prismTask
2026-05-14T02:58:29.3555257Z ##[group]Getting Git version info
2026-05-14T02:58:29.3556205Z Working directory is '/home/runner/work/prismTask/prismTask'
2026-05-14T02:58:29.3557216Z [command]/usr/bin/git version
2026-05-14T02:58:29.3588958Z git version 2.53.0
2026-05-14T02:58:29.3613112Z ##[endgroup]
2026-05-14T02:58:29.3628107Z Temporarily overriding HOME='/home/runner/work/_temp/78951c9c-542d-4934-9e05-4e6734f94fa7' before making global git config changes
2026-05-14T02:58:29.3631604Z Adding repository directory to the temporary git global config as a safe directory
2026-05-14T02:58:29.3635243Z [command]/usr/bin/git config --global --add safe.directory /home/runner/work/prismTask/prismTask
2026-05-14T02:58:29.3672829Z Deleting the contents of '/home/runner/work/prismTask/prismTask'
2026-05-14T02:58:29.3677559Z ##[group]Initializing the repository
2026-05-14T02:58:29.3682367Z [command]/usr/bin/git init /home/runner/work/prismTask/prismTask
2026-05-14T02:58:29.3764537Z hint: Using 'master' as the name for the initial branch. This default branch name
2026-05-14T02:58:29.3766153Z hint: will change to "main" in Git 3.0. To configure the initial branch name
2026-05-14T02:58:29.3767961Z hint: to use in all of your new repositories, which will suppress this warning,
2026-05-14T02:58:29.3769284Z hint: call:
2026-05-14T02:58:29.3769952Z hint:
2026-05-14T02:58:29.3771229Z hint: 	git config --global init.defaultBranch <name>
2026-05-14T02:58:29.3772285Z hint:
2026-05-14T02:58:29.3773278Z hint: Names commonly chosen instead of 'master' are 'main', 'trunk' and
2026-05-14T02:58:29.3774814Z hint: 'development'. The just-created branch can be renamed via this command:
2026-05-14T02:58:29.3776021Z hint:
2026-05-14T02:58:29.3776695Z hint: 	git branch -m <name>
2026-05-14T02:58:29.3777780Z hint:
2026-05-14T02:58:29.3778942Z hint: Disable this message with "git config set advice.defaultBranchName false"
2026-05-14T02:58:29.3780801Z Initialized empty Git repository in /home/runner/work/prismTask/prismTask/.git/
2026-05-14T02:58:29.3783334Z [command]/usr/bin/git remote add origin https://github.com/averycorp/prismTask
2026-05-14T02:58:29.3844075Z ##[endgroup]
2026-05-14T02:58:29.3845266Z ##[group]Disabling automatic garbage collection
2026-05-14T02:58:29.3849096Z [command]/usr/bin/git config --local gc.auto 0
2026-05-14T02:58:29.3880157Z ##[endgroup]
2026-05-14T02:58:29.3881379Z ##[group]Setting up auth
2026-05-14T02:58:29.3882286Z Removing SSH command configuration
2026-05-14T02:58:29.3888672Z [command]/usr/bin/git config --local --name-only --get-regexp core\.sshCommand
2026-05-14T02:58:29.3921483Z [command]/usr/bin/git submodule foreach --recursive sh -c "git config --local --name-only --get-regexp 'core\.sshCommand' && git config --local --unset-all 'core.sshCommand' || :"
2026-05-14T02:58:29.4208118Z Removing HTTP extra header
2026-05-14T02:58:29.4214364Z [command]/usr/bin/git config --local --name-only --get-regexp http\.https\:\/\/github\.com\/\.extraheader
2026-05-14T02:58:29.4247922Z [command]/usr/bin/git submodule foreach --recursive sh -c "git config --local --name-only --get-regexp 'http\.https\:\/\/github\.com\/\.extraheader' && git config --local --unset-all 'http.https://github.com/.extraheader' || :"
2026-05-14T02:58:29.4469769Z Removing includeIf entries pointing to credentials config files
2026-05-14T02:58:29.4476304Z [command]/usr/bin/git config --local --name-only --get-regexp ^includeIf\.gitdir:
2026-05-14T02:58:29.4511299Z [command]/usr/bin/git submodule foreach --recursive git config --local --show-origin --name-only --get-regexp remote.origin.url
2026-05-14T02:58:29.4764053Z [command]/usr/bin/git config --file /home/runner/work/_temp/git-credentials-59607839-1d11-4ccb-9773-076fddad7fbc.config http.https://github.com/.extraheader AUTHORIZATION: basic ***
2026-05-14T02:58:29.4803288Z [command]/usr/bin/git config --local includeIf.gitdir:/home/runner/work/prismTask/prismTask/.git.path /home/runner/work/_temp/git-credentials-59607839-1d11-4ccb-9773-076fddad7fbc.config
2026-05-14T02:58:29.4836054Z [command]/usr/bin/git config --local includeIf.gitdir:/home/runner/work/prismTask/prismTask/.git/worktrees/*.path /home/runner/work/_temp/git-credentials-59607839-1d11-4ccb-9773-076fddad7fbc.config
2026-05-14T02:58:29.4868506Z [command]/usr/bin/git config --local includeIf.gitdir:/github/workspace/.git.path /github/runner_temp/git-credentials-59607839-1d11-4ccb-9773-076fddad7fbc.config
2026-05-14T02:58:29.4910509Z [command]/usr/bin/git config --local includeIf.gitdir:/github/workspace/.git/worktrees/*.path /github/runner_temp/git-credentials-59607839-1d11-4ccb-9773-076fddad7fbc.config
2026-05-14T02:58:29.4938480Z ##[endgroup]
2026-05-14T02:58:29.4939271Z ##[group]Fetching the repository
2026-05-14T02:58:29.4947832Z [command]/usr/bin/git -c protocol.version=2 fetch --no-tags --prune --no-recurse-submodules --depth=1 origin +65e1c1de8619b94a456ef47a94217e2be4bcc3f3:refs/remotes/pull/1347/merge
2026-05-14T02:58:31.3326658Z From https://github.com/averycorp/prismTask
2026-05-14T02:58:31.3328749Z  * [new ref]         65e1c1de8619b94a456ef47a94217e2be4bcc3f3 -> pull/1347/merge
2026-05-14T02:58:31.3361533Z ##[endgroup]
2026-05-14T02:58:31.3363203Z ##[group]Determining the checkout info
2026-05-14T02:58:31.3364909Z ##[endgroup]
2026-05-14T02:58:31.3369376Z [command]/usr/bin/git sparse-checkout disable
2026-05-14T02:58:31.3412762Z [command]/usr/bin/git config --local --unset-all extensions.worktreeConfig
2026-05-14T02:58:31.3448879Z ##[group]Checking out the ref
2026-05-14T02:58:31.3452070Z [command]/usr/bin/git checkout --progress --force refs/remotes/pull/1347/merge
2026-05-14T02:58:31.6258797Z Note: switching to 'refs/remotes/pull/1347/merge'.
2026-05-14T02:58:31.6259778Z 
2026-05-14T02:58:31.6260466Z You are in 'detached HEAD' state. You can look around, make experimental
2026-05-14T02:58:31.6262535Z changes and commit them, and you can discard any commits you make in this
2026-05-14T02:58:31.6263692Z state without impacting any branches by switching back to a branch.
2026-05-14T02:58:31.6264285Z 
2026-05-14T02:58:31.6264604Z If you want to create a new branch to retain commits you create, you may
2026-05-14T02:58:31.6265272Z do so (now or later) by using -c with the switch command. Example:
2026-05-14T02:58:31.6265699Z 
2026-05-14T02:58:31.6265882Z   git switch -c <new-branch-name>
2026-05-14T02:58:31.6266146Z 
2026-05-14T02:58:31.6266323Z Or undo this operation with:
2026-05-14T02:58:31.6266574Z 
2026-05-14T02:58:31.6266718Z   git switch -
2026-05-14T02:58:31.6266942Z 
2026-05-14T02:58:31.6267557Z Turn off this advice by setting config variable advice.detachedHead to false
2026-05-14T02:58:31.6268075Z 
2026-05-14T02:58:31.6268586Z HEAD is now at 65e1c1d Merge 81753dd4baf8eadd4347fcd6605e8a0a16e5cf2a into e2b3a83a0a8daeb770b6f14edba16c51054e9ad5
2026-05-14T02:58:31.6283074Z ##[endgroup]
2026-05-14T02:58:31.6324627Z [command]/usr/bin/git log -1 --format=%H
2026-05-14T02:58:31.6349793Z 65e1c1de8619b94a456ef47a94217e2be4bcc3f3
2026-05-14T02:58:31.6650966Z Prepare all required actions
2026-05-14T02:58:31.6651897Z Getting action download info
2026-05-14T02:58:31.8424693Z Download action repository 'actions/setup-node@v4' (SHA:49933ea5288caeca8642d1e84afbd3f7d6820020)
2026-05-14T02:58:32.0372853Z ##[group]Run ./.github/actions/setup-node-web
2026-05-14T02:58:32.0373235Z ##[endgroup]
2026-05-14T02:58:32.0512806Z ##[group]Run actions/setup-node@v4
2026-05-14T02:58:32.0513149Z with:
2026-05-14T02:58:32.0513422Z   node-version: 22
2026-05-14T02:58:32.0513657Z   cache: npm
2026-05-14T02:58:32.0513917Z   cache-dependency-path: web/package-lock.json
2026-05-14T02:58:32.0514244Z   always-auth: false
2026-05-14T02:58:32.0514479Z   check-latest: false
2026-05-14T02:58:32.0514883Z   token: ***
2026-05-14T02:58:32.0515105Z ##[endgroup]
2026-05-14T02:58:32.2714309Z Found in cache @ /opt/hostedtoolcache/node/22.22.2/x64
2026-05-14T02:58:32.2721550Z ##[group]Environment details
2026-05-14T02:58:36.1818590Z node: v22.22.2
2026-05-14T02:58:36.1819140Z npm: 10.9.7
2026-05-14T02:58:36.1819449Z yarn: 1.22.22
2026-05-14T02:58:36.1824029Z ##[endgroup]
2026-05-14T02:58:36.1847071Z [command]/opt/hostedtoolcache/node/22.22.2/x64/bin/npm config get cache
2026-05-14T02:58:36.3848870Z /home/runner/.npm
2026-05-14T02:58:36.6682323Z npm cache is not found
2026-05-14T02:58:36.6831347Z ##[group]Run npm ci
2026-05-14T02:58:36.6831659Z [36;1mnpm ci[0m
2026-05-14T02:58:36.6865554Z shell: /usr/bin/bash --noprofile --norc -e -o pipefail {0}
2026-05-14T02:58:36.6865909Z ##[endgroup]
2026-05-14T02:58:38.7908615Z npm error code ETARGET
2026-05-14T02:58:38.7909263Z npm error notarget No matching version found for idb@^8.0.4.
2026-05-14T02:58:38.7909851Z npm error notarget In most cases you or one of your dependencies are requesting
2026-05-14T02:58:38.7910401Z npm error notarget a package version that doesn't exist.
2026-05-14T02:58:38.7914327Z npm error A complete log of this run can be found in: /home/runner/.npm/_logs/2026-05-14T02_58_36_747Z-debug-0.log
2026-05-14T02:58:38.8303137Z ##[error]Process completed with exit code 1.
2026-05-14T02:58:38.8392800Z Post job cleanup.
2026-05-14T02:58:38.8477811Z Post job cleanup.
2026-05-14T02:58:38.9307542Z [command]/usr/bin/git version
2026-05-14T02:58:38.9347164Z git version 2.53.0
2026-05-14T02:58:38.9423702Z Temporarily overriding HOME='/home/runner/work/_temp/6c9b33ee-42fb-48cc-ba92-79ed9674557e' before making global git config changes
2026-05-14T02:58:38.9425349Z Adding repository directory to the temporary git global config as a safe directory
2026-05-14T02:58:38.9430390Z [command]/usr/bin/git config --global --add safe.directory /home/runner/work/prismTask/prismTask
2026-05-14T02:58:38.9462509Z Removing SSH command configuration
2026-05-14T02:58:38.9469627Z [command]/usr/bin/git config --local --name-only --get-regexp core\.sshCommand
2026-05-14T02:58:38.9505144Z [command]/usr/bin/git submodule foreach --recursive sh -c "git config --local --name-only --get-regexp 'core\.sshCommand' && git config --local --unset-all 'core.sshCommand' || :"
2026-05-14T02:58:38.9732098Z Removing HTTP extra header
2026-05-14T02:58:38.9738379Z [command]/usr/bin/git config --local --name-only --get-regexp http\.https\:\/\/github\.com\/\.extraheader
2026-05-14T02:58:38.9773748Z [command]/usr/bin/git submodule foreach --recursive sh -c "git config --local --name-only --get-regexp 'http\.https\:\/\/github\.com\/\.extraheader' && git config --local --unset-all 'http.https://github.com/.extraheader' || :"
2026-05-14T02:58:39.0004444Z Removing includeIf entries pointing to credentials config files
2026-05-14T02:58:39.0012929Z [command]/usr/bin/git config --local --name-only --get-regexp ^includeIf\.gitdir:
2026-05-14T02:58:39.0038354Z includeif.gitdir:/home/runner/work/prismTask/prismTask/.git.path
2026-05-14T02:58:39.0039606Z includeif.gitdir:/home/runner/work/prismTask/prismTask/.git/worktrees/*.path
2026-05-14T02:58:39.0040607Z includeif.gitdir:/github/workspace/.git.path
2026-05-14T02:58:39.0041417Z includeif.gitdir:/github/workspace/.git/worktrees/*.path
2026-05-14T02:58:39.0050038Z [command]/usr/bin/git config --local --get-all includeif.gitdir:/home/runner/work/prismTask/prismTask/.git.path
2026-05-14T02:58:39.0073619Z /home/runner/work/_temp/git-credentials-59607839-1d11-4ccb-9773-076fddad7fbc.config
2026-05-14T02:58:39.0085445Z [command]/usr/bin/git config --local --unset includeif.gitdir:/home/runner/work/prismTask/prismTask/.git.path /home/runner/work/_temp/git-credentials-59607839-1d11-4ccb-9773-076fddad7fbc.config
2026-05-14T02:58:39.0123570Z [command]/usr/bin/git config --local --get-all includeif.gitdir:/home/runner/work/prismTask/prismTask/.git/worktrees/*.path
2026-05-14T02:58:39.0148010Z /home/runner/work/_temp/git-credentials-59607839-1d11-4ccb-9773-076fddad7fbc.config
2026-05-14T02:58:39.0158629Z [command]/usr/bin/git config --local --unset includeif.gitdir:/home/runner/work/prismTask/prismTask/.git/worktrees/*.path /home/runner/work/_temp/git-credentials-59607839-1d11-4ccb-9773-076fddad7fbc.config
2026-05-14T02:58:39.0191639Z [command]/usr/bin/git config --local --get-all includeif.gitdir:/github/workspace/.git.path
2026-05-14T02:58:39.0214589Z /github/runner_temp/git-credentials-59607839-1d11-4ccb-9773-076fddad7fbc.config
2026-05-14T02:58:39.0223463Z [command]/usr/bin/git config --local --unset includeif.gitdir:/github/workspace/.git.path /github/runner_temp/git-credentials-59607839-1d11-4ccb-9773-076fddad7fbc.config
2026-05-14T02:58:39.0255576Z [command]/usr/bin/git config --local --get-all includeif.gitdir:/github/workspace/.git/worktrees/*.path
2026-05-14T02:58:39.0276999Z /github/runner_temp/git-credentials-59607839-1d11-4ccb-9773-076fddad7fbc.config
2026-05-14T02:58:39.0286619Z [command]/usr/bin/git config --local --unset includeif.gitdir:/github/workspace/.git/worktrees/*.path /github/runner_temp/git-credentials-59607839-1d11-4ccb-9773-076fddad7fbc.config
2026-05-14T02:58:39.0321053Z [command]/usr/bin/git submodule foreach --recursive git config --local --show-origin --name-only --get-regexp remote.origin.url
2026-05-14T02:58:39.0552273Z Removing credentials config '/home/runner/work/_temp/git-credentials-59607839-1d11-4ccb-9773-076fddad7fbc.config'
2026-05-14T02:58:39.0697985Z Cleaning up orphan processes
2026-05-14T02:58:39.0971272Z ##[warning]Node.js 20 actions are deprecated. The following actions are running on Node.js 20 and may not work as expected: actions/setup-node@v4. Actions will be forced to run with Node.js 24 by default starting June 2nd, 2026. Node.js 20 will be removed from the runner on September 16th, 2026. Please check if updated versions of these actions are available that support Node.js 24. To opt into Node.js 24 now, set the FORCE_JAVASCRIPT_ACTIONS_TO_NODE24=true environment variable on the runner or in your workflow file. Once Node.js 24 becomes the default, you can temporarily opt out by setting ACTIONS_ALLOW_USE_UNSECURE_NODE_VERSION=true. For more information see: https://github.blog/changelog/2025-09-19-deprecation-of-node-20-on-github-actions-runners/


--- Job: web-unit-tests (2, 3) (id 75920045371) ---
2026-05-14T02:58:32.9818994Z Current runner version: '2.334.0'
2026-05-14T02:58:32.9843197Z ##[group]Runner Image Provisioner
2026-05-14T02:58:32.9843953Z Hosted Compute Agent
2026-05-14T02:58:32.9844627Z Version: 20260213.493
2026-05-14T02:58:32.9845209Z Commit: 5c115507f6dd24b8de37d8bbe0bb4509d0cc0fa3
2026-05-14T02:58:32.9845921Z Build Date: 2026-02-13T00:28:41Z
2026-05-14T02:58:32.9846575Z Worker ID: {0d5ef29d-0a12-4ef5-b688-bb93e1f5bbf4}
2026-05-14T02:58:32.9847643Z Azure Region: eastus2
2026-05-14T02:58:32.9848243Z ##[endgroup]
2026-05-14T02:58:32.9849717Z ##[group]Operating System
2026-05-14T02:58:32.9850354Z Ubuntu
2026-05-14T02:58:32.9850807Z 24.04.4
2026-05-14T02:58:32.9851349Z LTS
2026-05-14T02:58:32.9851799Z ##[endgroup]
2026-05-14T02:58:32.9852311Z ##[group]Runner Image
2026-05-14T02:58:32.9852823Z Image: ubuntu-24.04
2026-05-14T02:58:32.9853413Z Version: 20260413.86.1
2026-05-14T02:58:32.9854647Z Included Software: https://github.com/actions/runner-images/blob/ubuntu24/20260413.86/images/ubuntu/Ubuntu2404-Readme.md
2026-05-14T02:58:32.9856145Z Image Release: https://github.com/actions/runner-images/releases/tag/ubuntu24%2F20260413.86
2026-05-14T02:58:32.9857047Z ##[endgroup]
2026-05-14T02:58:32.9858410Z ##[group]GITHUB_TOKEN Permissions
2026-05-14T02:58:32.9860539Z Actions: read
2026-05-14T02:58:32.9861115Z Checks: read
2026-05-14T02:58:32.9861690Z Contents: write
2026-05-14T02:58:32.9862433Z Metadata: read
2026-05-14T02:58:32.9863084Z ##[endgroup]
2026-05-14T02:58:32.9865763Z Secret source: Actions
2026-05-14T02:58:32.9866646Z Prepare workflow directory
2026-05-14T02:58:33.0269382Z Prepare all required actions
2026-05-14T02:58:33.0306010Z Getting action download info
2026-05-14T02:58:33.3239624Z Download action repository 'actions/checkout@v6' (SHA:de0fac2e4500dabe0009e67214ff5f5447ce83dd)
2026-05-14T02:58:33.5099623Z Complete job name: web-unit-tests (2, 3)
2026-05-14T02:58:33.5726520Z ##[group]Run actions/checkout@v6
2026-05-14T02:58:33.5727504Z with:
2026-05-14T02:58:33.5727920Z   repository: averycorp/prismTask
2026-05-14T02:58:33.5728586Z   token: ***
2026-05-14T02:58:33.5728967Z   ssh-strict: true
2026-05-14T02:58:33.5729354Z   ssh-user: git
2026-05-14T02:58:33.5729755Z   persist-credentials: true
2026-05-14T02:58:33.5730205Z   clean: true
2026-05-14T02:58:33.5730612Z   sparse-checkout-cone-mode: true
2026-05-14T02:58:33.5731084Z   fetch-depth: 1
2026-05-14T02:58:33.5731458Z   fetch-tags: false
2026-05-14T02:58:33.5731858Z   show-progress: true
2026-05-14T02:58:33.5732245Z   lfs: false
2026-05-14T02:58:33.5732701Z   submodules: false
2026-05-14T02:58:33.5733095Z   set-safe-directory: true
2026-05-14T02:58:33.5733741Z ##[endgroup]
2026-05-14T02:58:33.6710334Z Syncing repository: averycorp/prismTask
2026-05-14T02:58:33.6712873Z ##[group]Getting Git version info
2026-05-14T02:58:33.6713928Z Working directory is '/home/runner/work/prismTask/prismTask'
2026-05-14T02:58:33.6715592Z [command]/usr/bin/git version
2026-05-14T02:58:33.6738138Z git version 2.53.0
2026-05-14T02:58:33.6791999Z ##[endgroup]
2026-05-14T02:58:33.6807059Z Temporarily overriding HOME='/home/runner/work/_temp/2fd32b2c-68c6-49d5-a29f-757b5f187cf5' before making global git config changes
2026-05-14T02:58:33.6809471Z Adding repository directory to the temporary git global config as a safe directory
2026-05-14T02:58:33.6813436Z [command]/usr/bin/git config --global --add safe.directory /home/runner/work/prismTask/prismTask
2026-05-14T02:58:33.6847847Z Deleting the contents of '/home/runner/work/prismTask/prismTask'
2026-05-14T02:58:33.6852036Z ##[group]Initializing the repository
2026-05-14T02:58:33.6856972Z [command]/usr/bin/git init /home/runner/work/prismTask/prismTask
2026-05-14T02:58:33.6918401Z hint: Using 'master' as the name for the initial branch. This default branch name
2026-05-14T02:58:33.6920162Z hint: will change to "main" in Git 3.0. To configure the initial branch name
2026-05-14T02:58:33.6921732Z hint: to use in all of your new repositories, which will suppress this warning,
2026-05-14T02:58:33.6922888Z hint: call:
2026-05-14T02:58:33.6924129Z hint:
2026-05-14T02:58:33.6925278Z hint: 	git config --global init.defaultBranch <name>
2026-05-14T02:58:33.6926197Z hint:
2026-05-14T02:58:33.6927032Z hint: Names commonly chosen instead of 'master' are 'main', 'trunk' and
2026-05-14T02:58:33.6928694Z hint: 'development'. The just-created branch can be renamed via this command:
2026-05-14T02:58:33.6929815Z hint:
2026-05-14T02:58:33.6930431Z hint: 	git branch -m <name>
2026-05-14T02:58:33.6931123Z hint:
2026-05-14T02:58:33.6932034Z hint: Disable this message with "git config set advice.defaultBranchName false"
2026-05-14T02:58:33.6933525Z Initialized empty Git repository in /home/runner/work/prismTask/prismTask/.git/
2026-05-14T02:58:33.6935897Z [command]/usr/bin/git remote add origin https://github.com/averycorp/prismTask
2026-05-14T02:58:33.6963561Z ##[endgroup]
2026-05-14T02:58:33.6964647Z ##[group]Disabling automatic garbage collection
2026-05-14T02:58:33.6968417Z [command]/usr/bin/git config --local gc.auto 0
2026-05-14T02:58:33.6997888Z ##[endgroup]
2026-05-14T02:58:33.6998825Z ##[group]Setting up auth
2026-05-14T02:58:33.6999347Z Removing SSH command configuration
2026-05-14T02:58:33.7003538Z [command]/usr/bin/git config --local --name-only --get-regexp core\.sshCommand
2026-05-14T02:58:33.7035586Z [command]/usr/bin/git submodule foreach --recursive sh -c "git config --local --name-only --get-regexp 'core\.sshCommand' && git config --local --unset-all 'core.sshCommand' || :"
2026-05-14T02:58:33.7321236Z Removing HTTP extra header
2026-05-14T02:58:33.7326905Z [command]/usr/bin/git config --local --name-only --get-regexp http\.https\:\/\/github\.com\/\.extraheader
2026-05-14T02:58:33.7358755Z [command]/usr/bin/git submodule foreach --recursive sh -c "git config --local --name-only --get-regexp 'http\.https\:\/\/github\.com\/\.extraheader' && git config --local --unset-all 'http.https://github.com/.extraheader' || :"
2026-05-14T02:58:33.7582329Z Removing includeIf entries pointing to credentials config files
2026-05-14T02:58:33.7588440Z [command]/usr/bin/git config --local --name-only --get-regexp ^includeIf\.gitdir:
2026-05-14T02:58:33.7620838Z [command]/usr/bin/git submodule foreach --recursive git config --local --show-origin --name-only --get-regexp remote.origin.url
2026-05-14T02:58:33.7851758Z [command]/usr/bin/git config --file /home/runner/work/_temp/git-credentials-b7c20aba-74d4-4181-b297-f5ae533c9d4f.config http.https://github.com/.extraheader AUTHORIZATION: basic ***
2026-05-14T02:58:33.7890419Z [command]/usr/bin/git config --local includeIf.gitdir:/home/runner/work/prismTask/prismTask/.git.path /home/runner/work/_temp/git-credentials-b7c20aba-74d4-4181-b297-f5ae533c9d4f.config
2026-05-14T02:58:33.7921872Z [command]/usr/bin/git config --local includeIf.gitdir:/home/runner/work/prismTask/prismTask/.git/worktrees/*.path /home/runner/work/_temp/git-credentials-b7c20aba-74d4-4181-b297-f5ae533c9d4f.config
2026-05-14T02:58:33.7953401Z [command]/usr/bin/git config --local includeIf.gitdir:/github/workspace/.git.path /github/runner_temp/git-credentials-b7c20aba-74d4-4181-b297-f5ae533c9d4f.config
2026-05-14T02:58:33.7985122Z [command]/usr/bin/git config --local includeIf.gitdir:/github/workspace/.git/worktrees/*.path /github/runner_temp/git-credentials-b7c20aba-74d4-4181-b297-f5ae533c9d4f.config
2026-05-14T02:58:33.8019792Z ##[endgroup]
2026-05-14T02:58:33.8020490Z ##[group]Fetching the repository
2026-05-14T02:58:33.8028712Z [command]/usr/bin/git -c protocol.version=2 fetch --no-tags --prune --no-recurse-submodules --depth=1 origin +65e1c1de8619b94a456ef47a94217e2be4bcc3f3:refs/remotes/pull/1347/merge
2026-05-14T02:58:35.2130644Z From https://github.com/averycorp/prismTask
2026-05-14T02:58:35.2132146Z  * [new ref]         65e1c1de8619b94a456ef47a94217e2be4bcc3f3 -> pull/1347/merge
2026-05-14T02:58:35.2160853Z ##[endgroup]
2026-05-14T02:58:35.2162475Z ##[group]Determining the checkout info
2026-05-14T02:58:35.2164251Z ##[endgroup]
2026-05-14T02:58:35.2168385Z [command]/usr/bin/git sparse-checkout disable
2026-05-14T02:58:35.2208936Z [command]/usr/bin/git config --local --unset-all extensions.worktreeConfig
2026-05-14T02:58:35.2238890Z ##[group]Checking out the ref
2026-05-14T02:58:35.2241438Z [command]/usr/bin/git checkout --progress --force refs/remotes/pull/1347/merge
2026-05-14T02:58:35.5167460Z Note: switching to 'refs/remotes/pull/1347/merge'.
2026-05-14T02:58:35.5167957Z 
2026-05-14T02:58:35.5168326Z You are in 'detached HEAD' state. You can look around, make experimental
2026-05-14T02:58:35.5168874Z changes and commit them, and you can discard any commits you make in this
2026-05-14T02:58:35.5169389Z state without impacting any branches by switching back to a branch.
2026-05-14T02:58:35.5169702Z 
2026-05-14T02:58:35.5169920Z If you want to create a new branch to retain commits you create, you may
2026-05-14T02:58:35.5170405Z do so (now or later) by using -c with the switch command. Example:
2026-05-14T02:58:35.5170718Z 
2026-05-14T02:58:35.5170844Z   git switch -c <new-branch-name>
2026-05-14T02:58:35.5171026Z 
2026-05-14T02:58:35.5171155Z Or undo this operation with:
2026-05-14T02:58:35.5171353Z 
2026-05-14T02:58:35.5171487Z   git switch -
2026-05-14T02:58:35.5171705Z 
2026-05-14T02:58:35.5171931Z Turn off this advice by setting config variable advice.detachedHead to false
2026-05-14T02:58:35.5172250Z 
2026-05-14T02:58:35.5172608Z HEAD is now at 65e1c1d Merge 81753dd4baf8eadd4347fcd6605e8a0a16e5cf2a into e2b3a83a0a8daeb770b6f14edba16c51054e9ad5
2026-05-14T02:58:35.5191378Z ##[endgroup]
2026-05-14T02:58:35.5232014Z [command]/usr/bin/git log -1 --format=%H
2026-05-14T02:58:35.5256642Z 65e1c1de8619b94a456ef47a94217e2be4bcc3f3
2026-05-14T02:58:35.5544697Z Prepare all required actions
2026-05-14T02:58:35.5545182Z Getting action download info
2026-05-14T02:58:35.7059690Z Download action repository 'actions/setup-node@v4' (SHA:49933ea5288caeca8642d1e84afbd3f7d6820020)
2026-05-14T02:58:35.8033967Z ##[group]Run ./.github/actions/setup-node-web
2026-05-14T02:58:35.8034315Z ##[endgroup]
2026-05-14T02:58:35.8162791Z ##[group]Run actions/setup-node@v4
2026-05-14T02:58:35.8163136Z with:
2026-05-14T02:58:35.8163415Z   node-version: 22
2026-05-14T02:58:35.8163659Z   cache: npm
2026-05-14T02:58:35.8163920Z   cache-dependency-path: web/package-lock.json
2026-05-14T02:58:35.8164250Z   always-auth: false
2026-05-14T02:58:35.8164481Z   check-latest: false
2026-05-14T02:58:35.8164873Z   token: ***
2026-05-14T02:58:35.8165101Z ##[endgroup]
2026-05-14T02:58:36.0002007Z Found in cache @ /opt/hostedtoolcache/node/22.22.2/x64
2026-05-14T02:58:36.0008928Z ##[group]Environment details
2026-05-14T02:58:36.2960888Z node: v22.22.2
2026-05-14T02:58:36.2961341Z npm: 10.9.7
2026-05-14T02:58:36.2961528Z yarn: 1.22.22
2026-05-14T02:58:36.2962328Z ##[endgroup]
2026-05-14T02:58:36.2983738Z [command]/opt/hostedtoolcache/node/22.22.2/x64/bin/npm config get cache
2026-05-14T02:58:36.4544020Z /home/runner/.npm
2026-05-14T02:58:36.5540248Z npm cache is not found
2026-05-14T02:58:36.5686475Z ##[group]Run npm ci
2026-05-14T02:58:36.5686783Z [36;1mnpm ci[0m
2026-05-14T02:58:36.5720772Z shell: /usr/bin/bash --noprofile --norc -e -o pipefail {0}
2026-05-14T02:58:36.5721144Z ##[endgroup]
2026-05-14T02:58:38.5103475Z npm error code ETARGET
2026-05-14T02:58:38.5104416Z npm error notarget No matching version found for idb@^8.0.4.
2026-05-14T02:58:38.5105369Z npm error notarget In most cases you or one of your dependencies are requesting
2026-05-14T02:58:38.5106221Z npm error notarget a package version that doesn't exist.
2026-05-14T02:58:38.5107566Z npm error A complete log of this run can be found in: /home/runner/.npm/_logs/2026-05-14T02_58_36_627Z-debug-0.log
2026-05-14T02:58:38.5486804Z ##[error]Process completed with exit code 1.
2026-05-14T02:58:38.5574021Z Post job cleanup.
2026-05-14T02:58:38.5655257Z Post job cleanup.
2026-05-14T02:58:38.6546464Z [command]/usr/bin/git version
2026-05-14T02:58:38.6582107Z git version 2.53.0
2026-05-14T02:58:38.6621589Z Temporarily overriding HOME='/home/runner/work/_temp/de7d8dfe-3b79-422d-8799-b092713efae9' before making global git config changes
2026-05-14T02:58:38.6622997Z Adding repository directory to the temporary git global config as a safe directory
2026-05-14T02:58:38.6627650Z [command]/usr/bin/git config --global --add safe.directory /home/runner/work/prismTask/prismTask
2026-05-14T02:58:38.6657894Z Removing SSH command configuration
2026-05-14T02:58:38.6664110Z [command]/usr/bin/git config --local --name-only --get-regexp core\.sshCommand
2026-05-14T02:58:38.6699186Z [command]/usr/bin/git submodule foreach --recursive sh -c "git config --local --name-only --get-regexp 'core\.sshCommand' && git config --local --unset-all 'core.sshCommand' || :"
2026-05-14T02:58:38.6933739Z Removing HTTP extra header
2026-05-14T02:58:38.6939275Z [command]/usr/bin/git config --local --name-only --get-regexp http\.https\:\/\/github\.com\/\.extraheader
2026-05-14T02:58:38.6972124Z [command]/usr/bin/git submodule foreach --recursive sh -c "git config --local --name-only --get-regexp 'http\.https\:\/\/github\.com\/\.extraheader' && git config --local --unset-all 'http.https://github.com/.extraheader' || :"
2026-05-14T02:58:38.7203724Z Removing includeIf entries pointing to credentials config files
2026-05-14T02:58:38.7210616Z [command]/usr/bin/git config --local --name-only --get-regexp ^includeIf\.gitdir:
2026-05-14T02:58:38.7265967Z includeif.gitdir:/home/runner/work/prismTask/prismTask/.git.path
2026-05-14T02:58:38.7266838Z includeif.gitdir:/home/runner/work/prismTask/prismTask/.git/worktrees/*.path
2026-05-14T02:58:38.7267566Z includeif.gitdir:/github/workspace/.git.path
2026-05-14T02:58:38.7268017Z includeif.gitdir:/github/workspace/.git/worktrees/*.path
2026-05-14T02:58:38.7274812Z [command]/usr/bin/git config --local --get-all includeif.gitdir:/home/runner/work/prismTask/prismTask/.git.path
2026-05-14T02:58:38.7297502Z /home/runner/work/_temp/git-credentials-b7c20aba-74d4-4181-b297-f5ae533c9d4f.config
2026-05-14T02:58:38.7308263Z [command]/usr/bin/git config --local --unset includeif.gitdir:/home/runner/work/prismTask/prismTask/.git.path /home/runner/work/_temp/git-credentials-b7c20aba-74d4-4181-b297-f5ae533c9d4f.config
2026-05-14T02:58:38.7343359Z [command]/usr/bin/git config --local --get-all includeif.gitdir:/home/runner/work/prismTask/prismTask/.git/worktrees/*.path
2026-05-14T02:58:38.7366172Z /home/runner/work/_temp/git-credentials-b7c20aba-74d4-4181-b297-f5ae533c9d4f.config
2026-05-14T02:58:38.7376111Z [command]/usr/bin/git config --local --unset includeif.gitdir:/home/runner/work/prismTask/prismTask/.git/worktrees/*.path /home/runner/work/_temp/git-credentials-b7c20aba-74d4-4181-b297-f5ae533c9d4f.config
2026-05-14T02:58:38.7408052Z [command]/usr/bin/git config --local --get-all includeif.gitdir:/github/workspace/.git.path
2026-05-14T02:58:38.7430493Z /github/runner_temp/git-credentials-b7c20aba-74d4-4181-b297-f5ae533c9d4f.config
2026-05-14T02:58:38.7438446Z [command]/usr/bin/git config --local --unset includeif.gitdir:/github/workspace/.git.path /github/runner_temp/git-credentials-b7c20aba-74d4-4181-b297-f5ae533c9d4f.config
2026-05-14T02:58:38.7469735Z [command]/usr/bin/git config --local --get-all includeif.gitdir:/github/workspace/.git/worktrees/*.path
2026-05-14T02:58:38.7492284Z /github/runner_temp/git-credentials-b7c20aba-74d4-4181-b297-f5ae533c9d4f.config
2026-05-14T02:58:38.7500922Z [command]/usr/bin/git config --local --unset includeif.gitdir:/github/workspace/.git/worktrees/*.path /github/runner_temp/git-credentials-b7c20aba-74d4-4181-b297-f5ae533c9d4f.config
2026-05-14T02:58:38.7532847Z [command]/usr/bin/git submodule foreach --recursive git config --local --show-origin --name-only --get-regexp remote.origin.url
2026-05-14T02:58:38.7760163Z Removing credentials config '/home/runner/work/_temp/git-credentials-b7c20aba-74d4-4181-b297-f5ae533c9d4f.config'
2026-05-14T02:58:38.7891208Z Cleaning up orphan processes
2026-05-14T02:58:38.8152498Z ##[warning]Node.js 20 actions are deprecated. The following actions are running on Node.js 20 and may not work as expected: actions/setup-node@v4. Actions will be forced to run with Node.js 24 by default starting June 2nd, 2026. Node.js 20 will be removed from the runner on September 16th, 2026. Please check if updated versions of these actions are available that support Node.js 24. To opt into Node.js 24 now, set the FORCE_JAVASCRIPT_ACTIONS_TO_NODE24=true environment variable on the runner or in your workflow file. Once Node.js 24 becomes the default, you can temporarily opt out by setting ACTIONS_ALLOW_USE_UNSECURE_NODE_VERSION=true. For more information see: https://github.blog/changelog/2025-09-19-deprecation-of-node-20-on-github-actions-runners/


--- Job: web-lint-and-test (id 75920074643) ---
2026-05-14T02:58:52.8754778Z Current runner version: '2.334.0'
2026-05-14T02:58:52.8785243Z ##[group]Runner Image Provisioner
2026-05-14T02:58:52.8786044Z Hosted Compute Agent
2026-05-14T02:58:52.8786661Z Version: 20260213.493
2026-05-14T02:58:52.8787284Z Commit: 5c115507f6dd24b8de37d8bbe0bb4509d0cc0fa3
2026-05-14T02:58:52.8787979Z Build Date: 2026-02-13T00:28:41Z
2026-05-14T02:58:52.8788658Z Worker ID: {1412e481-b397-4cee-bcac-0477ded9d12e}
2026-05-14T02:58:52.8789655Z Azure Region: eastus
2026-05-14T02:58:52.8790856Z ##[endgroup]
2026-05-14T02:58:52.8793100Z ##[group]Operating System
2026-05-14T02:58:52.8794102Z Ubuntu
2026-05-14T02:58:52.8794881Z 24.04.4
2026-05-14T02:58:52.8795675Z LTS
2026-05-14T02:58:52.8796669Z ##[endgroup]
2026-05-14T02:58:52.8797564Z ##[group]Runner Image
2026-05-14T02:58:52.8798460Z Image: ubuntu-24.04
2026-05-14T02:58:52.8799559Z Version: 20260413.86.1
2026-05-14T02:58:52.8801916Z Included Software: https://github.com/actions/runner-images/blob/ubuntu24/20260413.86/images/ubuntu/Ubuntu2404-Readme.md
2026-05-14T02:58:52.8804450Z Image Release: https://github.com/actions/runner-images/releases/tag/ubuntu24%2F20260413.86
2026-05-14T02:58:52.8805939Z ##[endgroup]
2026-05-14T02:58:52.8807903Z ##[group]GITHUB_TOKEN Permissions
2026-05-14T02:58:52.8810939Z Actions: read
2026-05-14T02:58:52.8811758Z Checks: read
2026-05-14T02:58:52.8812602Z Contents: write
2026-05-14T02:58:52.8813478Z Metadata: read
2026-05-14T02:58:52.8814241Z ##[endgroup]
2026-05-14T02:58:52.8817290Z Secret source: Actions
2026-05-14T02:58:52.8818710Z Prepare workflow directory
2026-05-14T02:58:52.9310888Z Prepare all required actions
2026-05-14T02:58:52.9453657Z Complete job name: web-lint-and-test
2026-05-14T02:58:53.0614656Z ##[group]Run if [ 'failure' != 'success' ]; then
2026-05-14T02:58:53.0616001Z [36;1mif [ 'failure' != 'success' ]; then[0m
2026-05-14T02:58:53.0617107Z [36;1m  echo "web-lint finished with failure" >&2[0m
2026-05-14T02:58:53.0618554Z [36;1m  exit 1[0m
2026-05-14T02:58:53.0619373Z [36;1mfi[0m
2026-05-14T02:58:53.0620127Z [36;1mif [ 'failure' != 'success' ]; then[0m
2026-05-14T02:58:53.0621830Z [36;1m  echo "web-unit-tests finished with failure" >&2[0m
2026-05-14T02:58:53.0622928Z [36;1m  exit 1[0m
2026-05-14T02:58:53.0623672Z [36;1mfi[0m
2026-05-14T02:58:53.0624619Z [36;1mif [ 'failure' != 'success' ]; then[0m
2026-05-14T02:58:53.0625822Z [36;1m  echo "web-build finished with failure" >&2[0m
2026-05-14T02:58:53.0626859Z [36;1m  exit 1[0m
2026-05-14T02:58:53.0627736Z [36;1mfi[0m
2026-05-14T02:58:53.0628832Z [36;1mecho "✓ Split web lint, unit-test shards, and build passed."[0m
2026-05-14T02:58:53.1166587Z shell: /usr/bin/bash -e {0}
2026-05-14T02:58:53.1167628Z ##[endgroup]
2026-05-14T02:58:53.1434285Z web-lint finished with failure
2026-05-14T02:58:53.1452704Z ##[error]Process completed with exit code 1.
2026-05-14T02:58:53.1573539Z Cleaning up orphan processes
