=== CI FAILURE ===
Workflow:      Web CI
Workflow file: averycorp/prismTask/.github/workflows/web-ci.yml@refs/pull/1521/merge
Job(s):        web-lint, web-build, web-lint-and-test
Run ID:        25945393545
Run attempt:   1
Run URL:       https://github.com/averycorp/prismTask/actions/runs/25945393545
Commit:        e33ab78bbf9441772e50f784c2a4b8c142ce3103
Branch:        1521/merge
Event:         pull_request
Actor:         akarlin3
Runner OS:     Linux
Timestamp:     2026-05-15T23:00:18.910Z

Failed steps:
  - web-lint: #5 Run ESLint
  - web-build: #5 Build web app
  - web-lint-and-test: #2 Verify split web checks

=== FAILED JOB LOG ===

--- Job: web-lint (id 76272323373) ---
2026-05-15T22:59:23.0535052Z Current runner version: '2.334.0'
2026-05-15T22:59:23.0560060Z ##[group]Runner Image Provisioner
2026-05-15T22:59:23.0561050Z Hosted Compute Agent
2026-05-15T22:59:23.0561645Z Version: 20260213.493
2026-05-15T22:59:23.0562269Z Commit: 5c115507f6dd24b8de37d8bbe0bb4509d0cc0fa3
2026-05-15T22:59:23.0563093Z Build Date: 2026-02-13T00:28:41Z
2026-05-15T22:59:23.0563771Z Worker ID: {45ff87be-197a-4cb0-87b5-e1e67341eb59}
2026-05-15T22:59:23.0564447Z Azure Region: eastus2
2026-05-15T22:59:23.0565073Z ##[endgroup]
2026-05-15T22:59:23.0566417Z ##[group]Operating System
2026-05-15T22:59:23.0567073Z Ubuntu
2026-05-15T22:59:23.0567539Z 24.04.4
2026-05-15T22:59:23.0568019Z LTS
2026-05-15T22:59:23.0568435Z ##[endgroup]
2026-05-15T22:59:23.0569046Z ##[group]Runner Image
2026-05-15T22:59:23.0569599Z Image: ubuntu-24.04
2026-05-15T22:59:23.0570063Z Version: 20260513.135.3
2026-05-15T22:59:23.0571550Z Included Software: https://github.com/actions/runner-images/blob/ubuntu24/20260513.135/images/ubuntu/Ubuntu2404-Readme.md
2026-05-15T22:59:23.0573088Z Image Release: https://github.com/actions/runner-images/releases/tag/ubuntu24%2F20260513.135
2026-05-15T22:59:23.0573983Z ##[endgroup]
2026-05-15T22:59:23.0575136Z ##[group]GITHUB_TOKEN Permissions
2026-05-15T22:59:23.0577064Z Actions: read
2026-05-15T22:59:23.0577621Z Checks: read
2026-05-15T22:59:23.0578090Z Contents: write
2026-05-15T22:59:23.0578733Z Metadata: read
2026-05-15T22:59:23.0579209Z ##[endgroup]
2026-05-15T22:59:23.0581571Z Secret source: Actions
2026-05-15T22:59:23.0582380Z Prepare workflow directory
2026-05-15T22:59:23.1136705Z Prepare all required actions
2026-05-15T22:59:23.1190057Z Getting action download info
2026-05-15T22:59:23.3675667Z Download action repository 'actions/checkout@v6' (SHA:de0fac2e4500dabe0009e67214ff5f5447ce83dd)
2026-05-15T22:59:23.5941363Z Complete job name: web-lint
2026-05-15T22:59:23.6635140Z ##[group]Run actions/checkout@v6
2026-05-15T22:59:23.6635899Z with:
2026-05-15T22:59:23.6636293Z   repository: averycorp/prismTask
2026-05-15T22:59:23.6637002Z   token: ***
2026-05-15T22:59:23.6637401Z   ssh-strict: true
2026-05-15T22:59:23.6637784Z   ssh-user: git
2026-05-15T22:59:23.6638182Z   persist-credentials: true
2026-05-15T22:59:23.6638616Z   clean: true
2026-05-15T22:59:23.6639005Z   sparse-checkout-cone-mode: true
2026-05-15T22:59:23.6639461Z   fetch-depth: 1
2026-05-15T22:59:23.6639838Z   fetch-tags: false
2026-05-15T22:59:23.6640214Z   show-progress: true
2026-05-15T22:59:23.6640602Z   lfs: false
2026-05-15T22:59:23.6641328Z   submodules: false
2026-05-15T22:59:23.6641752Z   set-safe-directory: true
2026-05-15T22:59:23.6642415Z ##[endgroup]
2026-05-15T22:59:23.7633303Z Syncing repository: averycorp/prismTask
2026-05-15T22:59:23.7635392Z ##[group]Getting Git version info
2026-05-15T22:59:23.7636100Z Working directory is '/home/runner/work/prismTask/prismTask'
2026-05-15T22:59:23.7637250Z [command]/usr/bin/git version
2026-05-15T22:59:23.7697194Z git version 2.54.0
2026-05-15T22:59:23.7722223Z ##[endgroup]
2026-05-15T22:59:23.7738612Z Temporarily overriding HOME='/home/runner/work/_temp/2dc27d32-2886-408d-a745-bea56fb7afab' before making global git config changes
2026-05-15T22:59:23.7741013Z Adding repository directory to the temporary git global config as a safe directory
2026-05-15T22:59:23.7745371Z [command]/usr/bin/git config --global --add safe.directory /home/runner/work/prismTask/prismTask
2026-05-15T22:59:23.7801974Z Deleting the contents of '/home/runner/work/prismTask/prismTask'
2026-05-15T22:59:23.7806427Z ##[group]Initializing the repository
2026-05-15T22:59:23.7811456Z [command]/usr/bin/git init /home/runner/work/prismTask/prismTask
2026-05-15T22:59:23.7896393Z hint: Using 'master' as the name for the initial branch. This default branch name
2026-05-15T22:59:23.7898015Z hint: will change to "main" in Git 3.0. To configure the initial branch name
2026-05-15T22:59:23.7899419Z hint: to use in all of your new repositories, which will suppress this warning,
2026-05-15T22:59:23.7900480Z hint: call:
2026-05-15T22:59:23.7901117Z hint:
2026-05-15T22:59:23.7902247Z hint: 	git config --global init.defaultBranch <name>
2026-05-15T22:59:23.7903016Z hint:
2026-05-15T22:59:23.7903833Z hint: Names commonly chosen instead of 'master' are 'main', 'trunk' and
2026-05-15T22:59:23.7904929Z hint: 'development'. The just-created branch can be renamed via this command:
2026-05-15T22:59:23.7905847Z hint:
2026-05-15T22:59:23.7906225Z hint: 	git branch -m <name>
2026-05-15T22:59:23.7906659Z hint:
2026-05-15T22:59:23.7907217Z hint: Disable this message with "git config set advice.defaultBranchName false"
2026-05-15T22:59:23.7908184Z Initialized empty Git repository in /home/runner/work/prismTask/prismTask/.git/
2026-05-15T22:59:23.7910486Z [command]/usr/bin/git remote add origin https://github.com/averycorp/prismTask
2026-05-15T22:59:23.7987707Z ##[endgroup]
2026-05-15T22:59:23.7988481Z ##[group]Disabling automatic garbage collection
2026-05-15T22:59:23.7991393Z [command]/usr/bin/git config --local gc.auto 0
2026-05-15T22:59:23.8023208Z ##[endgroup]
2026-05-15T22:59:23.8023962Z ##[group]Setting up auth
2026-05-15T22:59:23.8024702Z Removing SSH command configuration
2026-05-15T22:59:23.8030698Z [command]/usr/bin/git config --local --name-only --get-regexp core\.sshCommand
2026-05-15T22:59:23.8065034Z [command]/usr/bin/git submodule foreach --recursive sh -c "git config --local --name-only --get-regexp 'core\.sshCommand' && git config --local --unset-all 'core.sshCommand' || :"
2026-05-15T22:59:23.8404044Z Removing HTTP extra header
2026-05-15T22:59:23.8410224Z [command]/usr/bin/git config --local --name-only --get-regexp http\.https\:\/\/github\.com\/\.extraheader
2026-05-15T22:59:23.8443957Z [command]/usr/bin/git submodule foreach --recursive sh -c "git config --local --name-only --get-regexp 'http\.https\:\/\/github\.com\/\.extraheader' && git config --local --unset-all 'http.https://github.com/.extraheader' || :"
2026-05-15T22:59:23.8674433Z Removing includeIf entries pointing to credentials config files
2026-05-15T22:59:23.8681409Z [command]/usr/bin/git config --local --name-only --get-regexp ^includeIf\.gitdir:
2026-05-15T22:59:23.8715320Z [command]/usr/bin/git submodule foreach --recursive git config --local --show-origin --name-only --get-regexp remote.origin.url
2026-05-15T22:59:23.8952571Z [command]/usr/bin/git config --file /home/runner/work/_temp/git-credentials-9ec9c0dc-ddaa-49b7-8349-301d2dcf3b09.config http.https://github.com/.extraheader AUTHORIZATION: basic ***
2026-05-15T22:59:23.8992084Z [command]/usr/bin/git config --local includeIf.gitdir:/home/runner/work/prismTask/prismTask/.git.path /home/runner/work/_temp/git-credentials-9ec9c0dc-ddaa-49b7-8349-301d2dcf3b09.config
2026-05-15T22:59:23.9024502Z [command]/usr/bin/git config --local includeIf.gitdir:/home/runner/work/prismTask/prismTask/.git/worktrees/*.path /home/runner/work/_temp/git-credentials-9ec9c0dc-ddaa-49b7-8349-301d2dcf3b09.config
2026-05-15T22:59:23.9059172Z [command]/usr/bin/git config --local includeIf.gitdir:/github/workspace/.git.path /github/runner_temp/git-credentials-9ec9c0dc-ddaa-49b7-8349-301d2dcf3b09.config
2026-05-15T22:59:23.9093699Z [command]/usr/bin/git config --local includeIf.gitdir:/github/workspace/.git/worktrees/*.path /github/runner_temp/git-credentials-9ec9c0dc-ddaa-49b7-8349-301d2dcf3b09.config
2026-05-15T22:59:23.9122311Z ##[endgroup]
2026-05-15T22:59:23.9123148Z ##[group]Fetching the repository
2026-05-15T22:59:23.9129752Z [command]/usr/bin/git -c protocol.version=2 fetch --no-tags --prune --no-recurse-submodules --depth=1 origin +e33ab78bbf9441772e50f784c2a4b8c142ce3103:refs/remotes/pull/1521/merge
2026-05-15T22:59:25.2562164Z From https://github.com/averycorp/prismTask
2026-05-15T22:59:25.2563722Z  * [new ref]         e33ab78bbf9441772e50f784c2a4b8c142ce3103 -> pull/1521/merge
2026-05-15T22:59:25.2602223Z ##[endgroup]
2026-05-15T22:59:25.2603578Z ##[group]Determining the checkout info
2026-05-15T22:59:25.2604951Z ##[endgroup]
2026-05-15T22:59:25.2610275Z [command]/usr/bin/git sparse-checkout disable
2026-05-15T22:59:25.2662164Z [command]/usr/bin/git config --local --unset-all extensions.worktreeConfig
2026-05-15T22:59:25.2696611Z ##[group]Checking out the ref
2026-05-15T22:59:25.2700567Z [command]/usr/bin/git checkout --progress --force refs/remotes/pull/1521/merge
2026-05-15T22:59:25.6274523Z Note: switching to 'refs/remotes/pull/1521/merge'.
2026-05-15T22:59:25.6276252Z 
2026-05-15T22:59:25.6276567Z You are in 'detached HEAD' state. You can look around, make experimental
2026-05-15T22:59:25.6277316Z changes and commit them, and you can discard any commits you make in this
2026-05-15T22:59:25.6278047Z state without impacting any branches by switching back to a branch.
2026-05-15T22:59:25.6278524Z 
2026-05-15T22:59:25.6278844Z If you want to create a new branch to retain commits you create, you may
2026-05-15T22:59:25.6279524Z do so (now or later) by using -c with the switch command. Example:
2026-05-15T22:59:25.6279979Z 
2026-05-15T22:59:25.6280161Z   git switch -c <new-branch-name>
2026-05-15T22:59:25.6280435Z 
2026-05-15T22:59:25.6280608Z Or undo this operation with:
2026-05-15T22:59:25.6281195Z 
2026-05-15T22:59:25.6281332Z   git switch -
2026-05-15T22:59:25.6281535Z 
2026-05-15T22:59:25.6281902Z Turn off this advice by setting config variable advice.detachedHead to false
2026-05-15T22:59:25.6282364Z 
2026-05-15T22:59:25.6282938Z HEAD is now at e33ab78 Merge bcf2a6e1c3e2cd7201171bfcff12156013382055 into a0b90e40dffdcc0dbb264a284d08c76812ad0baa
2026-05-15T22:59:25.6302825Z ##[endgroup]
2026-05-15T22:59:25.6355438Z [command]/usr/bin/git log -1 --format=%H
2026-05-15T22:59:25.6385558Z e33ab78bbf9441772e50f784c2a4b8c142ce3103
2026-05-15T22:59:25.6739479Z Prepare all required actions
2026-05-15T22:59:25.6740042Z Getting action download info
2026-05-15T22:59:25.7813688Z Download action repository 'actions/setup-node@v4' (SHA:49933ea5288caeca8642d1e84afbd3f7d6820020)
2026-05-15T22:59:25.8861717Z ##[group]Run ./.github/actions/setup-node-web
2026-05-15T22:59:25.8862108Z ##[endgroup]
2026-05-15T22:59:25.9006842Z ##[group]Run actions/setup-node@v4
2026-05-15T22:59:25.9007216Z with:
2026-05-15T22:59:25.9007522Z   node-version: 22
2026-05-15T22:59:25.9007779Z   cache: npm
2026-05-15T22:59:25.9008058Z   cache-dependency-path: web/package-lock.json
2026-05-15T22:59:25.9008399Z   always-auth: false
2026-05-15T22:59:25.9008648Z   check-latest: false
2026-05-15T22:59:25.9009069Z   token: ***
2026-05-15T22:59:25.9009316Z ##[endgroup]
2026-05-15T22:59:26.1089763Z Found in cache @ /opt/hostedtoolcache/node/22.22.2/x64
2026-05-15T22:59:26.1096438Z ##[group]Environment details
2026-05-15T22:59:29.2848167Z node: v22.22.2
2026-05-15T22:59:29.2848637Z npm: 10.9.7
2026-05-15T22:59:29.2848847Z yarn: 1.22.22
2026-05-15T22:59:29.2862270Z ##[endgroup]
2026-05-15T22:59:29.2875533Z [command]/opt/hostedtoolcache/node/22.22.2/x64/bin/npm config get cache
2026-05-15T22:59:29.5616618Z /home/runner/.npm
2026-05-15T22:59:29.6682927Z npm cache is not found
2026-05-15T22:59:29.6845418Z ##[group]Run npm ci
2026-05-15T22:59:29.6845749Z [36;1mnpm ci[0m
2026-05-15T22:59:29.6933082Z shell: /usr/bin/bash --noprofile --norc -e -o pipefail {0}
2026-05-15T22:59:29.6933467Z ##[endgroup]
2026-05-15T22:59:41.5004088Z 
2026-05-15T22:59:41.5012557Z added 435 packages, and audited 436 packages in 12s
2026-05-15T22:59:41.5013646Z 
2026-05-15T22:59:41.5014134Z 94 packages are looking for funding
2026-05-15T22:59:41.5015085Z   run `npm fund` for details
2026-05-15T22:59:41.5081927Z 
2026-05-15T22:59:41.5082372Z 3 vulnerabilities (2 moderate, 1 critical)
2026-05-15T22:59:41.5082734Z 
2026-05-15T22:59:41.5082940Z To address all issues, run:
2026-05-15T22:59:41.5083339Z   npm audit fix
2026-05-15T22:59:41.5083557Z 
2026-05-15T22:59:41.5083739Z Run `npm audit` for details.
2026-05-15T22:59:41.5746600Z ##[group]Run npm run lint
2026-05-15T22:59:41.5746997Z [36;1mnpm run lint[0m
2026-05-15T22:59:41.5787375Z shell: /usr/bin/bash -e {0}
2026-05-15T22:59:41.5787755Z ##[endgroup]
2026-05-15T22:59:41.6821119Z 
2026-05-15T22:59:41.6821609Z > web@1.6.0 lint
2026-05-15T22:59:41.6822042Z > eslint .
2026-05-15T22:59:41.6822224Z 
2026-05-15T23:00:02.4137320Z 
2026-05-15T23:00:02.4139201Z /home/runner/work/prismTask/prismTask/web/src/features/medication/MedicationEditorDialog.tsx
2026-05-15T23:00:02.4140209Z   190:7  error  Error: Calling setState synchronously within an effect can trigger cascading renders
2026-05-15T23:00:02.4140615Z 
2026-05-15T23:00:02.4141866Z Effects are intended to synchronize state between React and external systems such as manually updating the DOM, state management libraries, or other platform APIs. In general, the body of an effect should do one or both of the following:
2026-05-15T23:00:02.4142943Z * Update external systems with the latest state from React.
2026-05-15T23:00:02.4143714Z * Subscribe for updates from some external system, calling setState in a callback function when external state changes.
2026-05-15T23:00:02.4144128Z 
2026-05-15T23:00:02.4144929Z Calling setState synchronously within an effect body causes cascading renders that can hurt performance, and is not recommended. (https://react.dev/learn/you-might-not-need-an-effect).
2026-05-15T23:00:02.4145642Z 
2026-05-15T23:00:02.4146092Z /home/runner/work/prismTask/prismTask/web/src/features/medication/MedicationEditorDialog.tsx:190:7
2026-05-15T23:00:02.4146577Z   188 |   useEffect(() => {
2026-05-15T23:00:02.4146813Z   189 |     if (isOpen) {
2026-05-15T23:00:02.4147107Z > 190 |       setForm(initialState(initial));
2026-05-15T23:00:02.4147468Z       |       ^^^^^^^ Avoid calling setState() directly within an effect
2026-05-15T23:00:02.4147835Z   191 |       setErrors({});
2026-05-15T23:00:02.4148050Z   192 |     }
2026-05-15T23:00:02.4148345Z   193 |   }, [isOpen, initial]);  react-hooks/set-state-in-effect
2026-05-15T23:00:02.4148568Z 
2026-05-15T23:00:02.4148941Z /home/runner/work/prismTask/prismTask/web/src/features/medication/MedicationRefillScreen.tsx
2026-05-15T23:00:02.4149545Z    88:17  error  Error: Cannot call impure function during render
2026-05-15T23:00:02.4149775Z 
2026-05-15T23:00:02.4151086Z `Date.now` is an impure function. Calling an impure function can produce unstable results that update unpredictably when the component happens to re-render. (https://react.dev/reference/rules/components-and-hooks-must-be-pure#components-and-hooks-must-be-idempotent).
2026-05-15T23:00:02.4152029Z 
2026-05-15T23:00:02.4152433Z /home/runner/work/prismTask/prismTask/web/src/features/medication/MedicationRefillScreen.tsx:88:17
2026-05-15T23:00:02.4152883Z   86 |
2026-05-15T23:00:02.4153102Z   87 |   const forecasts = useMemo(() => {
2026-05-15T23:00:02.4153416Z > 88 |     const now = Date.now();
2026-05-15T23:00:02.4153718Z      |                 ^^^^^^^^^^ Cannot call impure function
2026-05-15T23:00:02.4154099Z   89 |     const map = new Map<string, RefillForecast>();
2026-05-15T23:00:02.4154426Z   90 |     for (const refill of refills) {
2026-05-15T23:00:02.4155379Z   91 |       map.set(refill.id, forecastRefill(refill, now));                                                                                                                                                                                                                                                                                                                               react-hooks/purity
2026-05-15T23:00:02.4156447Z   382:7   error  Error: Calling setState synchronously within an effect can trigger cascading renders
2026-05-15T23:00:02.4156801Z 
2026-05-15T23:00:02.4157717Z Effects are intended to synchronize state between React and external systems such as manually updating the DOM, state management libraries, or other platform APIs. In general, the body of an effect should do one or both of the following:
2026-05-15T23:00:02.4158980Z * Update external systems with the latest state from React.
2026-05-15T23:00:02.4159686Z * Subscribe for updates from some external system, calling setState in a callback function when external state changes.
2026-05-15T23:00:02.4160098Z 
2026-05-15T23:00:02.4161110Z Calling setState synchronously within an effect body causes cascading renders that can hurt performance, and is not recommended. (https://react.dev/learn/you-might-not-need-an-effect).
2026-05-15T23:00:02.4161911Z 
2026-05-15T23:00:02.4162332Z /home/runner/work/prismTask/prismTask/web/src/features/medication/MedicationRefillScreen.tsx:382:7
2026-05-15T23:00:02.4162818Z   380 |   useEffect(() => {
2026-05-15T23:00:02.4163041Z   381 |     if (isOpen) {
2026-05-15T23:00:02.4163345Z > 382 |       setForm(initialEditorState(initial));
2026-05-15T23:00:02.4163723Z       |       ^^^^^^^ Avoid calling setState() directly within an effect
2026-05-15T23:00:02.4164033Z   383 |       setErrors({});
2026-05-15T23:00:02.4164245Z   384 |     }
2026-05-15T23:00:02.4164535Z   385 |   }, [isOpen, initial]);  react-hooks/set-state-in-effect
2026-05-15T23:00:02.4164755Z 
2026-05-15T23:00:02.4165062Z /home/runner/work/prismTask/prismTask/web/src/features/selfcare/SelfCareScreen.tsx
2026-05-15T23:00:02.4165616Z   35:31  error  Error: Cannot call impure function during render
2026-05-15T23:00:02.4165840Z 
2026-05-15T23:00:02.4166951Z `Date.now` is an impure function. Calling an impure function can produce unstable results that update unpredictably when the component happens to re-render. (https://react.dev/reference/rules/components-and-hooks-must-be-pure#components-and-hooks-must-be-idempotent).
2026-05-15T23:00:02.4167846Z 
2026-05-15T23:00:02.4168188Z /home/runner/work/prismTask/prismTask/web/src/features/selfcare/SelfCareScreen.tsx:35:31
2026-05-15T23:00:02.4168597Z   33 |
2026-05-15T23:00:02.4168801Z   34 |   const todayMs = useMemo(
2026-05-15T23:00:02.4169141Z > 35 |     () => startOfLogicalDayMs(Date.now(), startOfDayHour),
2026-05-15T23:00:02.4169525Z      |                               ^^^^^^^^^^ Cannot call impure function
2026-05-15T23:00:02.4169828Z   36 |     [startOfDayHour],
2026-05-15T23:00:02.4170039Z   37 |   );
2026-05-15T23:00:02.4170232Z   38 |  react-hooks/purity
2026-05-15T23:00:02.4170368Z 
2026-05-15T23:00:02.4170675Z /home/runner/work/prismTask/prismTask/web/src/features/today/PlanForTodaySheet.tsx
2026-05-15T23:00:02.4171527Z   73:7  error  Error: Calling setState synchronously within an effect can trigger cascading renders
2026-05-15T23:00:02.4171880Z 
2026-05-15T23:00:02.4172798Z Effects are intended to synchronize state between React and external systems such as manually updating the DOM, state management libraries, or other platform APIs. In general, the body of an effect should do one or both of the following:
2026-05-15T23:00:02.4173758Z * Update external systems with the latest state from React.
2026-05-15T23:00:02.4174423Z * Subscribe for updates from some external system, calling setState in a callback function when external state changes.
2026-05-15T23:00:02.4174845Z 
2026-05-15T23:00:02.4175572Z Calling setState synchronously within an effect body causes cascading renders that can hurt performance, and is not recommended. (https://react.dev/learn/you-might-not-need-an-effect).
2026-05-15T23:00:02.4176183Z 
2026-05-15T23:00:02.4176530Z /home/runner/work/prismTask/prismTask/web/src/features/today/PlanForTodaySheet.tsx:73:7
2026-05-15T23:00:02.4176944Z   71 |   useEffect(() => {
2026-05-15T23:00:02.4177197Z   72 |     if (isOpen) {
2026-05-15T23:00:02.4177430Z > 73 |       setSearch('');
2026-05-15T23:00:02.4177740Z      |       ^^^^^^^^^ Avoid calling setState() directly within an effect
2026-05-15T23:00:02.4178085Z   74 |       setSelectedIds(new Set());
2026-05-15T23:00:02.4178361Z   75 |       setMultiSelect(false);
2026-05-15T23:00:02.4178643Z   76 |     }  react-hooks/set-state-in-effect
2026-05-15T23:00:02.4178829Z 
2026-05-15T23:00:02.4179242Z ✖ 5 problems (5 errors, 0 warnings)
2026-05-15T23:00:02.4179402Z 
2026-05-15T23:00:02.6889859Z ##[error]Process completed with exit code 1.
2026-05-15T23:00:02.6964225Z Post job cleanup.
2026-05-15T23:00:02.7046838Z Post job cleanup.
2026-05-15T23:00:02.7940301Z [command]/usr/bin/git version
2026-05-15T23:00:02.7980456Z git version 2.54.0
2026-05-15T23:00:02.8022199Z Temporarily overriding HOME='/home/runner/work/_temp/e7da77f8-bd91-4b7d-9647-c52dd9a68be0' before making global git config changes
2026-05-15T23:00:02.8023958Z Adding repository directory to the temporary git global config as a safe directory
2026-05-15T23:00:02.8029201Z [command]/usr/bin/git config --global --add safe.directory /home/runner/work/prismTask/prismTask
2026-05-15T23:00:02.8066715Z Removing SSH command configuration
2026-05-15T23:00:02.8073896Z [command]/usr/bin/git config --local --name-only --get-regexp core\.sshCommand
2026-05-15T23:00:02.8135600Z [command]/usr/bin/git submodule foreach --recursive sh -c "git config --local --name-only --get-regexp 'core\.sshCommand' && git config --local --unset-all 'core.sshCommand' || :"
2026-05-15T23:00:02.8392106Z Removing HTTP extra header
2026-05-15T23:00:02.8397941Z [command]/usr/bin/git config --local --name-only --get-regexp http\.https\:\/\/github\.com\/\.extraheader
2026-05-15T23:00:02.8436881Z [command]/usr/bin/git submodule foreach --recursive sh -c "git config --local --name-only --get-regexp 'http\.https\:\/\/github\.com\/\.extraheader' && git config --local --unset-all 'http.https://github.com/.extraheader' || :"
2026-05-15T23:00:02.8682677Z Removing includeIf entries pointing to credentials config files
2026-05-15T23:00:02.8690442Z [command]/usr/bin/git config --local --name-only --get-regexp ^includeIf\.gitdir:
2026-05-15T23:00:02.8720954Z includeif.gitdir:/home/runner/work/prismTask/prismTask/.git.path
2026-05-15T23:00:02.8721901Z includeif.gitdir:/home/runner/work/prismTask/prismTask/.git/worktrees/*.path
2026-05-15T23:00:02.8722567Z includeif.gitdir:/github/workspace/.git.path
2026-05-15T23:00:02.8722961Z includeif.gitdir:/github/workspace/.git/worktrees/*.path
2026-05-15T23:00:02.8731398Z [command]/usr/bin/git config --local --get-all includeif.gitdir:/home/runner/work/prismTask/prismTask/.git.path
2026-05-15T23:00:02.8756524Z /home/runner/work/_temp/git-credentials-9ec9c0dc-ddaa-49b7-8349-301d2dcf3b09.config
2026-05-15T23:00:02.8768529Z [command]/usr/bin/git config --local --unset includeif.gitdir:/home/runner/work/prismTask/prismTask/.git.path /home/runner/work/_temp/git-credentials-9ec9c0dc-ddaa-49b7-8349-301d2dcf3b09.config
2026-05-15T23:00:02.8806117Z [command]/usr/bin/git config --local --get-all includeif.gitdir:/home/runner/work/prismTask/prismTask/.git/worktrees/*.path
2026-05-15T23:00:02.8830032Z /home/runner/work/_temp/git-credentials-9ec9c0dc-ddaa-49b7-8349-301d2dcf3b09.config
2026-05-15T23:00:02.8839881Z [command]/usr/bin/git config --local --unset includeif.gitdir:/home/runner/work/prismTask/prismTask/.git/worktrees/*.path /home/runner/work/_temp/git-credentials-9ec9c0dc-ddaa-49b7-8349-301d2dcf3b09.config
2026-05-15T23:00:02.8876282Z [command]/usr/bin/git config --local --get-all includeif.gitdir:/github/workspace/.git.path
2026-05-15T23:00:02.8903312Z /github/runner_temp/git-credentials-9ec9c0dc-ddaa-49b7-8349-301d2dcf3b09.config
2026-05-15T23:00:02.8912869Z [command]/usr/bin/git config --local --unset includeif.gitdir:/github/workspace/.git.path /github/runner_temp/git-credentials-9ec9c0dc-ddaa-49b7-8349-301d2dcf3b09.config
2026-05-15T23:00:02.8952589Z [command]/usr/bin/git config --local --get-all includeif.gitdir:/github/workspace/.git/worktrees/*.path
2026-05-15T23:00:02.8980065Z /github/runner_temp/git-credentials-9ec9c0dc-ddaa-49b7-8349-301d2dcf3b09.config
2026-05-15T23:00:02.8991531Z [command]/usr/bin/git config --local --unset includeif.gitdir:/github/workspace/.git/worktrees/*.path /github/runner_temp/git-credentials-9ec9c0dc-ddaa-49b7-8349-301d2dcf3b09.config
2026-05-15T23:00:02.9034647Z [command]/usr/bin/git submodule foreach --recursive git config --local --show-origin --name-only --get-regexp remote.origin.url
2026-05-15T23:00:02.9298639Z Removing credentials config '/home/runner/work/_temp/git-credentials-9ec9c0dc-ddaa-49b7-8349-301d2dcf3b09.config'
2026-05-15T23:00:02.9465007Z Cleaning up orphan processes
2026-05-15T23:00:02.9781387Z ##[warning]Node.js 20 actions are deprecated. The following actions are running on Node.js 20 and may not work as expected: actions/setup-node@v4. Actions will be forced to run with Node.js 24 by default starting June 2nd, 2026. Node.js 20 will be removed from the runner on September 16th, 2026. Please check if updated versions of these actions are available that support Node.js 24. To opt into Node.js 24 now, set the FORCE_JAVASCRIPT_ACTIONS_TO_NODE24=true environment variable on the runner or in your workflow file. Once Node.js 24 becomes the default, you can temporarily opt out by setting ACTIONS_ALLOW_USE_UNSECURE_NODE_VERSION=true. For more information see: https://github.blog/changelog/2025-09-19-deprecation-of-node-20-on-github-actions-runners/


--- Job: web-build (id 76272323456) ---
2026-05-15T22:59:23.7432422Z Current runner version: '2.334.0'
2026-05-15T22:59:23.7456121Z ##[group]Runner Image Provisioner
2026-05-15T22:59:23.7456866Z Hosted Compute Agent
2026-05-15T22:59:23.7457373Z Version: 20260213.493
2026-05-15T22:59:23.7457887Z Commit: 5c115507f6dd24b8de37d8bbe0bb4509d0cc0fa3
2026-05-15T22:59:23.7458554Z Build Date: 2026-02-13T00:28:41Z
2026-05-15T22:59:23.7459171Z Worker ID: {6361e073-fa6a-4e0d-8db4-c9ef2c6b01d0}
2026-05-15T22:59:23.7459790Z Azure Region: westcentralus
2026-05-15T22:59:23.7460317Z ##[endgroup]
2026-05-15T22:59:23.7461823Z ##[group]Operating System
2026-05-15T22:59:23.7462428Z Ubuntu
2026-05-15T22:59:23.7462808Z 24.04.4
2026-05-15T22:59:23.7463285Z LTS
2026-05-15T22:59:23.7463687Z ##[endgroup]
2026-05-15T22:59:23.7464261Z ##[group]Runner Image
2026-05-15T22:59:23.7464791Z Image: ubuntu-24.04
2026-05-15T22:59:23.7465216Z Version: 20260513.135.3
2026-05-15T22:59:23.7466301Z Included Software: https://github.com/actions/runner-images/blob/ubuntu24/20260513.135/images/ubuntu/Ubuntu2404-Readme.md
2026-05-15T22:59:23.7467615Z Image Release: https://github.com/actions/runner-images/releases/tag/ubuntu24%2F20260513.135
2026-05-15T22:59:23.7468402Z ##[endgroup]
2026-05-15T22:59:23.7469443Z ##[group]GITHUB_TOKEN Permissions
2026-05-15T22:59:23.7471204Z Actions: read
2026-05-15T22:59:23.7471778Z Checks: read
2026-05-15T22:59:23.7472241Z Contents: write
2026-05-15T22:59:23.7472717Z Metadata: read
2026-05-15T22:59:23.7473142Z ##[endgroup]
2026-05-15T22:59:23.7475241Z Secret source: Actions
2026-05-15T22:59:23.7475827Z Prepare workflow directory
2026-05-15T22:59:23.7851344Z Prepare all required actions
2026-05-15T22:59:23.7888098Z Getting action download info
2026-05-15T22:59:24.1381901Z Download action repository 'actions/checkout@v6' (SHA:de0fac2e4500dabe0009e67214ff5f5447ce83dd)
2026-05-15T22:59:24.2992928Z Complete job name: web-build
2026-05-15T22:59:24.3621446Z ##[group]Run actions/checkout@v6
2026-05-15T22:59:24.3622308Z with:
2026-05-15T22:59:24.3622727Z   repository: averycorp/prismTask
2026-05-15T22:59:24.3623449Z   token: ***
2026-05-15T22:59:24.3623987Z   ssh-strict: true
2026-05-15T22:59:24.3624471Z   ssh-user: git
2026-05-15T22:59:24.3624925Z   persist-credentials: true
2026-05-15T22:59:24.3625379Z   clean: true
2026-05-15T22:59:24.3625842Z   sparse-checkout-cone-mode: true
2026-05-15T22:59:24.3626319Z   fetch-depth: 1
2026-05-15T22:59:24.3626787Z   fetch-tags: false
2026-05-15T22:59:24.3627209Z   show-progress: true
2026-05-15T22:59:24.3627646Z   lfs: false
2026-05-15T22:59:24.3628006Z   submodules: false
2026-05-15T22:59:24.3628482Z   set-safe-directory: true
2026-05-15T22:59:24.3629177Z ##[endgroup]
2026-05-15T22:59:24.4580948Z Syncing repository: averycorp/prismTask
2026-05-15T22:59:24.4582770Z ##[group]Getting Git version info
2026-05-15T22:59:24.4583435Z Working directory is '/home/runner/work/prismTask/prismTask'
2026-05-15T22:59:24.4584985Z [command]/usr/bin/git version
2026-05-15T22:59:24.4627981Z git version 2.54.0
2026-05-15T22:59:24.4647302Z ##[endgroup]
2026-05-15T22:59:24.4659886Z Temporarily overriding HOME='/home/runner/work/_temp/3ed15b76-ee9b-45e4-894a-1dbc2163927d' before making global git config changes
2026-05-15T22:59:24.4661712Z Adding repository directory to the temporary git global config as a safe directory
2026-05-15T22:59:24.4664724Z [command]/usr/bin/git config --global --add safe.directory /home/runner/work/prismTask/prismTask
2026-05-15T22:59:24.4703552Z Deleting the contents of '/home/runner/work/prismTask/prismTask'
2026-05-15T22:59:24.4707370Z ##[group]Initializing the repository
2026-05-15T22:59:24.4711198Z [command]/usr/bin/git init /home/runner/work/prismTask/prismTask
2026-05-15T22:59:24.4791981Z hint: Using 'master' as the name for the initial branch. This default branch name
2026-05-15T22:59:24.4793590Z hint: will change to "main" in Git 3.0. To configure the initial branch name
2026-05-15T22:59:24.4794738Z hint: to use in all of your new repositories, which will suppress this warning,
2026-05-15T22:59:24.4795409Z hint: call:
2026-05-15T22:59:24.4796245Z hint:
2026-05-15T22:59:24.4797383Z hint: 	git config --global init.defaultBranch <name>
2026-05-15T22:59:24.4798225Z hint:
2026-05-15T22:59:24.4798980Z hint: Names commonly chosen instead of 'master' are 'main', 'trunk' and
2026-05-15T22:59:24.4800311Z hint: 'development'. The just-created branch can be renamed via this command:
2026-05-15T22:59:24.4801014Z hint:
2026-05-15T22:59:24.4801464Z hint: 	git branch -m <name>
2026-05-15T22:59:24.4801933Z hint:
2026-05-15T22:59:24.4802534Z hint: Disable this message with "git config set advice.defaultBranchName false"
2026-05-15T22:59:24.4803710Z Initialized empty Git repository in /home/runner/work/prismTask/prismTask/.git/
2026-05-15T22:59:24.4805980Z [command]/usr/bin/git remote add origin https://github.com/averycorp/prismTask
2026-05-15T22:59:24.4838873Z ##[endgroup]
2026-05-15T22:59:24.4839642Z ##[group]Disabling automatic garbage collection
2026-05-15T22:59:24.4841680Z [command]/usr/bin/git config --local gc.auto 0
2026-05-15T22:59:24.4864171Z ##[endgroup]
2026-05-15T22:59:24.4865328Z ##[group]Setting up auth
2026-05-15T22:59:24.4866041Z Removing SSH command configuration
2026-05-15T22:59:24.4869353Z [command]/usr/bin/git config --local --name-only --get-regexp core\.sshCommand
2026-05-15T22:59:24.4896447Z [command]/usr/bin/git submodule foreach --recursive sh -c "git config --local --name-only --get-regexp 'core\.sshCommand' && git config --local --unset-all 'core.sshCommand' || :"
2026-05-15T22:59:24.5189974Z Removing HTTP extra header
2026-05-15T22:59:24.5196172Z [command]/usr/bin/git config --local --name-only --get-regexp http\.https\:\/\/github\.com\/\.extraheader
2026-05-15T22:59:24.5220768Z [command]/usr/bin/git submodule foreach --recursive sh -c "git config --local --name-only --get-regexp 'http\.https\:\/\/github\.com\/\.extraheader' && git config --local --unset-all 'http.https://github.com/.extraheader' || :"
2026-05-15T22:59:24.5382645Z Removing includeIf entries pointing to credentials config files
2026-05-15T22:59:24.5388366Z [command]/usr/bin/git config --local --name-only --get-regexp ^includeIf\.gitdir:
2026-05-15T22:59:24.5414184Z [command]/usr/bin/git submodule foreach --recursive git config --local --show-origin --name-only --get-regexp remote.origin.url
2026-05-15T22:59:24.5581283Z [command]/usr/bin/git config --file /home/runner/work/_temp/git-credentials-8ddfce64-725a-4115-86c7-b18d149cd57c.config http.https://github.com/.extraheader AUTHORIZATION: basic ***
2026-05-15T22:59:24.5611017Z [command]/usr/bin/git config --local includeIf.gitdir:/home/runner/work/prismTask/prismTask/.git.path /home/runner/work/_temp/git-credentials-8ddfce64-725a-4115-86c7-b18d149cd57c.config
2026-05-15T22:59:24.5635144Z [command]/usr/bin/git config --local includeIf.gitdir:/home/runner/work/prismTask/prismTask/.git/worktrees/*.path /home/runner/work/_temp/git-credentials-8ddfce64-725a-4115-86c7-b18d149cd57c.config
2026-05-15T22:59:24.5785546Z [command]/usr/bin/git config --local includeIf.gitdir:/github/workspace/.git.path /github/runner_temp/git-credentials-8ddfce64-725a-4115-86c7-b18d149cd57c.config
2026-05-15T22:59:24.5790143Z [command]/usr/bin/git config --local includeIf.gitdir:/github/workspace/.git/worktrees/*.path /github/runner_temp/git-credentials-8ddfce64-725a-4115-86c7-b18d149cd57c.config
2026-05-15T22:59:24.5793673Z ##[endgroup]
2026-05-15T22:59:24.5794915Z ##[group]Fetching the repository
2026-05-15T22:59:24.5796626Z [command]/usr/bin/git -c protocol.version=2 fetch --no-tags --prune --no-recurse-submodules --depth=1 origin +e33ab78bbf9441772e50f784c2a4b8c142ce3103:refs/remotes/pull/1521/merge
2026-05-15T22:59:26.7375487Z From https://github.com/averycorp/prismTask
2026-05-15T22:59:26.7405354Z  * [new ref]         e33ab78bbf9441772e50f784c2a4b8c142ce3103 -> pull/1521/merge
2026-05-15T22:59:26.7408698Z ##[endgroup]
2026-05-15T22:59:26.7409875Z ##[group]Determining the checkout info
2026-05-15T22:59:26.7411218Z ##[endgroup]
2026-05-15T22:59:26.7417568Z [command]/usr/bin/git sparse-checkout disable
2026-05-15T22:59:26.7457089Z [command]/usr/bin/git config --local --unset-all extensions.worktreeConfig
2026-05-15T22:59:26.7483727Z ##[group]Checking out the ref
2026-05-15T22:59:26.7488391Z [command]/usr/bin/git checkout --progress --force refs/remotes/pull/1521/merge
2026-05-15T22:59:27.0111616Z Note: switching to 'refs/remotes/pull/1521/merge'.
2026-05-15T22:59:27.0112117Z 
2026-05-15T22:59:27.0112431Z You are in 'detached HEAD' state. You can look around, make experimental
2026-05-15T22:59:27.0112992Z changes and commit them, and you can discard any commits you make in this
2026-05-15T22:59:27.0113603Z state without impacting any branches by switching back to a branch.
2026-05-15T22:59:27.0114310Z 
2026-05-15T22:59:27.0114675Z If you want to create a new branch to retain commits you create, you may
2026-05-15T22:59:27.0115224Z do so (now or later) by using -c with the switch command. Example:
2026-05-15T22:59:27.0115593Z 
2026-05-15T22:59:27.0115760Z   git switch -c <new-branch-name>
2026-05-15T22:59:27.0115984Z 
2026-05-15T22:59:27.0116129Z Or undo this operation with:
2026-05-15T22:59:27.0116353Z 
2026-05-15T22:59:27.0116470Z   git switch -
2026-05-15T22:59:27.0116658Z 
2026-05-15T22:59:27.0116939Z Turn off this advice by setting config variable advice.detachedHead to false
2026-05-15T22:59:27.0117338Z 
2026-05-15T22:59:27.0117751Z HEAD is now at e33ab78 Merge bcf2a6e1c3e2cd7201171bfcff12156013382055 into a0b90e40dffdcc0dbb264a284d08c76812ad0baa
2026-05-15T22:59:27.0124528Z ##[endgroup]
2026-05-15T22:59:27.0165082Z [command]/usr/bin/git log -1 --format=%H
2026-05-15T22:59:27.0187240Z e33ab78bbf9441772e50f784c2a4b8c142ce3103
2026-05-15T22:59:27.0466876Z Prepare all required actions
2026-05-15T22:59:27.0467429Z Getting action download info
2026-05-15T22:59:27.2090029Z Download action repository 'actions/setup-node@v4' (SHA:49933ea5288caeca8642d1e84afbd3f7d6820020)
2026-05-15T22:59:27.2993128Z ##[group]Run ./.github/actions/setup-node-web
2026-05-15T22:59:27.2993498Z ##[endgroup]
2026-05-15T22:59:27.3123697Z ##[group]Run actions/setup-node@v4
2026-05-15T22:59:27.3124353Z with:
2026-05-15T22:59:27.3124645Z   node-version: 22
2026-05-15T22:59:27.3124884Z   cache: npm
2026-05-15T22:59:27.3125149Z   cache-dependency-path: web/package-lock.json
2026-05-15T22:59:27.3125481Z   always-auth: false
2026-05-15T22:59:27.3125708Z   check-latest: false
2026-05-15T22:59:27.3126120Z   token: ***
2026-05-15T22:59:27.3126349Z ##[endgroup]
2026-05-15T22:59:27.4813242Z Found in cache @ /opt/hostedtoolcache/node/22.22.2/x64
2026-05-15T22:59:27.4821523Z ##[group]Environment details
2026-05-15T22:59:27.8678421Z node: v22.22.2
2026-05-15T22:59:27.8679096Z npm: 10.9.7
2026-05-15T22:59:27.8679463Z yarn: 1.22.22
2026-05-15T22:59:27.8680574Z ##[endgroup]
2026-05-15T22:59:27.8702659Z [command]/opt/hostedtoolcache/node/22.22.2/x64/bin/npm config get cache
2026-05-15T22:59:27.9684909Z /home/runner/.npm
2026-05-15T22:59:28.1956211Z npm cache is not found
2026-05-15T22:59:28.2096338Z ##[group]Run npm ci
2026-05-15T22:59:28.2096652Z [36;1mnpm ci[0m
2026-05-15T22:59:28.2137942Z shell: /usr/bin/bash --noprofile --norc -e -o pipefail {0}
2026-05-15T22:59:28.2138333Z ##[endgroup]
2026-05-15T22:59:38.1267728Z 
2026-05-15T22:59:38.1276347Z added 435 packages, and audited 436 packages in 10s
2026-05-15T22:59:38.1276744Z 
2026-05-15T22:59:38.1276974Z 94 packages are looking for funding
2026-05-15T22:59:38.1277395Z   run `npm fund` for details
2026-05-15T22:59:38.1339285Z 
2026-05-15T22:59:38.1340054Z 3 vulnerabilities (2 moderate, 1 critical)
2026-05-15T22:59:38.1340483Z 
2026-05-15T22:59:38.1340736Z To address all issues, run:
2026-05-15T22:59:38.1341105Z   npm audit fix
2026-05-15T22:59:38.1341394Z 
2026-05-15T22:59:38.1341594Z Run `npm audit` for details.
2026-05-15T22:59:38.1710073Z ##[group]Run npm run build
2026-05-15T22:59:38.1710388Z [36;1mnpm run build[0m
2026-05-15T22:59:38.1733119Z shell: /usr/bin/bash -e {0}
2026-05-15T22:59:38.1733377Z ##[endgroup]
2026-05-15T22:59:38.2669670Z 
2026-05-15T22:59:38.2670286Z > web@1.6.0 build
2026-05-15T22:59:38.2670628Z > tsc -b && vite build
2026-05-15T22:59:38.2670815Z 
2026-05-15T22:59:50.0297105Z ##[error]src/features/checkin/__tests__/MorningCheckInCard.error185.test.tsx(40,7): error TS2304: Cannot find name 'expect'.
2026-05-15T22:59:50.6488118Z ##[error]Process completed with exit code 2.
2026-05-15T22:59:50.6557269Z Post job cleanup.
2026-05-15T22:59:50.6637087Z Post job cleanup.
2026-05-15T22:59:50.7484088Z [command]/usr/bin/git version
2026-05-15T22:59:50.7516693Z git version 2.54.0
2026-05-15T22:59:50.7553310Z Temporarily overriding HOME='/home/runner/work/_temp/dd60d7f8-63d2-4c3b-8189-63181e5fa0a2' before making global git config changes
2026-05-15T22:59:50.7554932Z Adding repository directory to the temporary git global config as a safe directory
2026-05-15T22:59:50.7559567Z [command]/usr/bin/git config --global --add safe.directory /home/runner/work/prismTask/prismTask
2026-05-15T22:59:50.7585731Z Removing SSH command configuration
2026-05-15T22:59:50.7591860Z [command]/usr/bin/git config --local --name-only --get-regexp core\.sshCommand
2026-05-15T22:59:50.7619221Z [command]/usr/bin/git submodule foreach --recursive sh -c "git config --local --name-only --get-regexp 'core\.sshCommand' && git config --local --unset-all 'core.sshCommand' || :"
2026-05-15T22:59:50.7791537Z Removing HTTP extra header
2026-05-15T22:59:50.7795919Z [command]/usr/bin/git config --local --name-only --get-regexp http\.https\:\/\/github\.com\/\.extraheader
2026-05-15T22:59:50.7820418Z [command]/usr/bin/git submodule foreach --recursive sh -c "git config --local --name-only --get-regexp 'http\.https\:\/\/github\.com\/\.extraheader' && git config --local --unset-all 'http.https://github.com/.extraheader' || :"
2026-05-15T22:59:50.7981610Z Removing includeIf entries pointing to credentials config files
2026-05-15T22:59:50.7986837Z [command]/usr/bin/git config --local --name-only --get-regexp ^includeIf\.gitdir:
2026-05-15T22:59:50.8006887Z includeif.gitdir:/home/runner/work/prismTask/prismTask/.git.path
2026-05-15T22:59:50.8007887Z includeif.gitdir:/home/runner/work/prismTask/prismTask/.git/worktrees/*.path
2026-05-15T22:59:50.8008684Z includeif.gitdir:/github/workspace/.git.path
2026-05-15T22:59:50.8009359Z includeif.gitdir:/github/workspace/.git/worktrees/*.path
2026-05-15T22:59:50.8015013Z [command]/usr/bin/git config --local --get-all includeif.gitdir:/home/runner/work/prismTask/prismTask/.git.path
2026-05-15T22:59:50.8031756Z /home/runner/work/_temp/git-credentials-8ddfce64-725a-4115-86c7-b18d149cd57c.config
2026-05-15T22:59:50.8040985Z [command]/usr/bin/git config --local --unset includeif.gitdir:/home/runner/work/prismTask/prismTask/.git.path /home/runner/work/_temp/git-credentials-8ddfce64-725a-4115-86c7-b18d149cd57c.config
2026-05-15T22:59:50.8067803Z [command]/usr/bin/git config --local --get-all includeif.gitdir:/home/runner/work/prismTask/prismTask/.git/worktrees/*.path
2026-05-15T22:59:50.8084659Z /home/runner/work/_temp/git-credentials-8ddfce64-725a-4115-86c7-b18d149cd57c.config
2026-05-15T22:59:50.8092736Z [command]/usr/bin/git config --local --unset includeif.gitdir:/home/runner/work/prismTask/prismTask/.git/worktrees/*.path /home/runner/work/_temp/git-credentials-8ddfce64-725a-4115-86c7-b18d149cd57c.config
2026-05-15T22:59:50.8115496Z [command]/usr/bin/git config --local --get-all includeif.gitdir:/github/workspace/.git.path
2026-05-15T22:59:50.8134150Z /github/runner_temp/git-credentials-8ddfce64-725a-4115-86c7-b18d149cd57c.config
2026-05-15T22:59:50.8140551Z [command]/usr/bin/git config --local --unset includeif.gitdir:/github/workspace/.git.path /github/runner_temp/git-credentials-8ddfce64-725a-4115-86c7-b18d149cd57c.config
2026-05-15T22:59:50.8163692Z [command]/usr/bin/git config --local --get-all includeif.gitdir:/github/workspace/.git/worktrees/*.path
2026-05-15T22:59:50.8179391Z /github/runner_temp/git-credentials-8ddfce64-725a-4115-86c7-b18d149cd57c.config
2026-05-15T22:59:50.8186343Z [command]/usr/bin/git config --local --unset includeif.gitdir:/github/workspace/.git/worktrees/*.path /github/runner_temp/git-credentials-8ddfce64-725a-4115-86c7-b18d149cd57c.config
2026-05-15T22:59:50.8213154Z [command]/usr/bin/git submodule foreach --recursive git config --local --show-origin --name-only --get-regexp remote.origin.url
2026-05-15T22:59:50.8374460Z Removing credentials config '/home/runner/work/_temp/git-credentials-8ddfce64-725a-4115-86c7-b18d149cd57c.config'
2026-05-15T22:59:50.8505084Z Cleaning up orphan processes
2026-05-15T22:59:50.8754913Z ##[warning]Node.js 20 actions are deprecated. The following actions are running on Node.js 20 and may not work as expected: actions/setup-node@v4. Actions will be forced to run with Node.js 24 by default starting June 2nd, 2026. Node.js 20 will be removed from the runner on September 16th, 2026. Please check if updated versions of these actions are available that support Node.js 24. To opt into Node.js 24 now, set the FORCE_JAVASCRIPT_ACTIONS_TO_NODE24=true environment variable on the runner or in your workflow file. Once Node.js 24 becomes the default, you can temporarily opt out by setting ACTIONS_ALLOW_USE_UNSECURE_NODE_VERSION=true. For more information see: https://github.blog/changelog/2025-09-19-deprecation-of-node-20-on-github-actions-runners/


--- Job: web-lint-and-test (id 76272392559) ---
2026-05-15T23:00:08.7038801Z Current runner version: '2.334.0'
2026-05-15T23:00:08.7065429Z ##[group]Runner Image Provisioner
2026-05-15T23:00:08.7066373Z Hosted Compute Agent
2026-05-15T23:00:08.7067253Z Version: 20260213.493
2026-05-15T23:00:08.7067823Z Commit: 5c115507f6dd24b8de37d8bbe0bb4509d0cc0fa3
2026-05-15T23:00:08.7068571Z Build Date: 2026-02-13T00:28:41Z
2026-05-15T23:00:08.7069216Z Worker ID: {97a6af91-6ebd-4ce5-9c6e-883f185fa0a7}
2026-05-15T23:00:08.7069913Z Azure Region: eastus2
2026-05-15T23:00:08.7070453Z ##[endgroup]
2026-05-15T23:00:08.7072513Z ##[group]Operating System
2026-05-15T23:00:08.7073353Z Ubuntu
2026-05-15T23:00:08.7073940Z 24.04.4
2026-05-15T23:00:08.7074743Z LTS
2026-05-15T23:00:08.7075380Z ##[endgroup]
2026-05-15T23:00:08.7076153Z ##[group]Runner Image
2026-05-15T23:00:08.7077341Z Image: ubuntu-24.04
2026-05-15T23:00:08.7078146Z Version: 20260513.135.3
2026-05-15T23:00:08.7080041Z Included Software: https://github.com/actions/runner-images/blob/ubuntu24/20260513.135/images/ubuntu/Ubuntu2404-Readme.md
2026-05-15T23:00:08.7082504Z Image Release: https://github.com/actions/runner-images/releases/tag/ubuntu24%2F20260513.135
2026-05-15T23:00:08.7083858Z ##[endgroup]
2026-05-15T23:00:08.7085682Z ##[group]GITHUB_TOKEN Permissions
2026-05-15T23:00:08.7088780Z Actions: read
2026-05-15T23:00:08.7089583Z Checks: read
2026-05-15T23:00:08.7090272Z Contents: write
2026-05-15T23:00:08.7091063Z Metadata: read
2026-05-15T23:00:08.7091760Z ##[endgroup]
2026-05-15T23:00:08.7094664Z Secret source: Actions
2026-05-15T23:00:08.7095896Z Prepare workflow directory
2026-05-15T23:00:08.7567455Z Prepare all required actions
2026-05-15T23:00:08.7702283Z Complete job name: web-lint-and-test
2026-05-15T23:00:08.8780636Z ##[group]Run if [ 'failure' != 'success' ]; then
2026-05-15T23:00:08.8782040Z [36;1mif [ 'failure' != 'success' ]; then[0m
2026-05-15T23:00:08.8783127Z [36;1m  echo "web-lint finished with failure" >&2[0m
2026-05-15T23:00:08.8784470Z [36;1m  exit 1[0m
2026-05-15T23:00:08.8785153Z [36;1mfi[0m
2026-05-15T23:00:08.8785946Z [36;1mif [ 'success' != 'success' ]; then[0m
2026-05-15T23:00:08.8787330Z [36;1m  echo "web-unit-tests finished with success" >&2[0m
2026-05-15T23:00:08.8788454Z [36;1m  exit 1[0m
2026-05-15T23:00:08.8789128Z [36;1mfi[0m
2026-05-15T23:00:08.8789949Z [36;1mif [ 'failure' != 'success' ]; then[0m
2026-05-15T23:00:08.8791072Z [36;1m  echo "web-build finished with failure" >&2[0m
2026-05-15T23:00:08.8792011Z [36;1m  exit 1[0m
2026-05-15T23:00:08.8792808Z [36;1mfi[0m
2026-05-15T23:00:08.8793705Z [36;1mecho "✓ Split web lint, unit-test shards, and build passed."[0m
2026-05-15T23:00:08.9191974Z shell: /usr/bin/bash -e {0}
2026-05-15T23:00:08.9193746Z ##[endgroup]
2026-05-15T23:00:08.9611897Z web-lint finished with failure
2026-05-15T23:00:08.9629410Z ##[error]Process completed with exit code 1.
2026-05-15T23:00:08.9755903Z Cleaning up orphan processes
