=== CI FAILURE ===
Workflow:      Web CI
Workflow file: averycorp/prismTask/.github/workflows/web-ci.yml@refs/pull/1263/merge
Job(s):        web-lint, web-lint-and-test
Run ID:        25651792949
Run attempt:   1
Run URL:       https://github.com/averycorp/prismTask/actions/runs/25651792949
Commit:        063cd07480bd2856911b5da13b4753bbca052172
Branch:        1263/merge
Event:         pull_request
Actor:         dependabot[bot]
Runner OS:     Linux
Timestamp:     2026-05-11T05:23:06.352Z

Failed steps:
  - web-lint: #5 Run ESLint
  - web-lint-and-test: #2 Verify split web checks

=== FAILED JOB LOG ===

--- Job: web-lint (id 75291427509) ---
2026-05-11T05:22:12.9780895Z Current runner version: '2.334.0'
2026-05-11T05:22:12.9813445Z ##[group]Runner Image Provisioner
2026-05-11T05:22:12.9814574Z Hosted Compute Agent
2026-05-11T05:22:12.9815504Z Version: 20260213.493
2026-05-11T05:22:12.9816518Z Commit: 5c115507f6dd24b8de37d8bbe0bb4509d0cc0fa3
2026-05-11T05:22:12.9817851Z Build Date: 2026-02-13T00:28:41Z
2026-05-11T05:22:12.9819028Z Worker ID: {8eb462e4-be44-4dd2-8b44-558b535d05b9}
2026-05-11T05:22:12.9820089Z Azure Region: eastus
2026-05-11T05:22:12.9820933Z ##[endgroup]
2026-05-11T05:22:12.9823442Z ##[group]Operating System
2026-05-11T05:22:12.9824441Z Ubuntu
2026-05-11T05:22:12.9825103Z 24.04.4
2026-05-11T05:22:12.9825914Z LTS
2026-05-11T05:22:12.9826604Z ##[endgroup]
2026-05-11T05:22:12.9827313Z ##[group]Runner Image
2026-05-11T05:22:12.9828625Z Image: ubuntu-24.04
2026-05-11T05:22:12.9829490Z Version: 20260413.86.1
2026-05-11T05:22:12.9831552Z Included Software: https://github.com/actions/runner-images/blob/ubuntu24/20260413.86/images/ubuntu/Ubuntu2404-Readme.md
2026-05-11T05:22:12.9833994Z Image Release: https://github.com/actions/runner-images/releases/tag/ubuntu24%2F20260413.86
2026-05-11T05:22:12.9835589Z ##[endgroup]
2026-05-11T05:22:12.9837407Z ##[group]GITHUB_TOKEN Permissions
2026-05-11T05:22:12.9840439Z Actions: read
2026-05-11T05:22:12.9841398Z Checks: read
2026-05-11T05:22:12.9842143Z Contents: write
2026-05-11T05:22:12.9842930Z Metadata: read
2026-05-11T05:22:12.9843789Z ##[endgroup]
2026-05-11T05:22:12.9846632Z Secret source: Dependabot
2026-05-11T05:22:12.9848558Z Prepare workflow directory
2026-05-11T05:22:13.0414871Z Prepare all required actions
2026-05-11T05:22:13.0469944Z Getting action download info
2026-05-11T05:22:13.3346310Z Download action repository 'actions/checkout@v6' (SHA:de0fac2e4500dabe0009e67214ff5f5447ce83dd)
2026-05-11T05:22:13.5676456Z Complete job name: web-lint
2026-05-11T05:22:13.6489586Z ##[group]Run actions/checkout@v6
2026-05-11T05:22:13.6490493Z with:
2026-05-11T05:22:13.6490933Z   repository: averycorp/prismTask
2026-05-11T05:22:13.6491678Z   token: ***
2026-05-11T05:22:13.6492100Z   ssh-strict: true
2026-05-11T05:22:13.6492513Z   ssh-user: git
2026-05-11T05:22:13.6492949Z   persist-credentials: true
2026-05-11T05:22:13.6493474Z   clean: true
2026-05-11T05:22:13.6493947Z   sparse-checkout-cone-mode: true
2026-05-11T05:22:13.6494566Z   fetch-depth: 1
2026-05-11T05:22:13.6495039Z   fetch-tags: false
2026-05-11T05:22:13.6495531Z   show-progress: true
2026-05-11T05:22:13.6496025Z   lfs: false
2026-05-11T05:22:13.6496473Z   submodules: false
2026-05-11T05:22:13.6496955Z   set-safe-directory: true
2026-05-11T05:22:13.6497926Z ##[endgroup]
2026-05-11T05:22:13.7458950Z Syncing repository: averycorp/prismTask
2026-05-11T05:22:13.7461239Z ##[group]Getting Git version info
2026-05-11T05:22:13.7462025Z Working directory is '/home/runner/work/prismTask/prismTask'
2026-05-11T05:22:13.7463457Z [command]/usr/bin/git version
2026-05-11T05:22:13.7501252Z git version 2.53.0
2026-05-11T05:22:13.7525950Z ##[endgroup]
2026-05-11T05:22:13.7540216Z Temporarily overriding HOME='/home/runner/work/_temp/d7f83a7f-efc2-4ae7-9c1d-ce4131edb82b' before making global git config changes
2026-05-11T05:22:13.7541718Z Adding repository directory to the temporary git global config as a safe directory
2026-05-11T05:22:13.7547288Z [command]/usr/bin/git config --global --add safe.directory /home/runner/work/prismTask/prismTask
2026-05-11T05:22:13.7582433Z Deleting the contents of '/home/runner/work/prismTask/prismTask'
2026-05-11T05:22:13.7587322Z ##[group]Initializing the repository
2026-05-11T05:22:13.7592720Z [command]/usr/bin/git init /home/runner/work/prismTask/prismTask
2026-05-11T05:22:13.7690609Z hint: Using 'master' as the name for the initial branch. This default branch name
2026-05-11T05:22:13.7692524Z hint: will change to "main" in Git 3.0. To configure the initial branch name
2026-05-11T05:22:13.7693635Z hint: to use in all of your new repositories, which will suppress this warning,
2026-05-11T05:22:13.7694460Z hint: call:
2026-05-11T05:22:13.7694925Z hint:
2026-05-11T05:22:13.7695824Z hint: 	git config --global init.defaultBranch <name>
2026-05-11T05:22:13.7696483Z hint:
2026-05-11T05:22:13.7697097Z hint: Names commonly chosen instead of 'master' are 'main', 'trunk' and
2026-05-11T05:22:13.7699061Z hint: 'development'. The just-created branch can be renamed via this command:
2026-05-11T05:22:13.7700358Z hint:
2026-05-11T05:22:13.7701042Z hint: 	git branch -m <name>
2026-05-11T05:22:13.7701894Z hint:
2026-05-11T05:22:13.7703088Z hint: Disable this message with "git config set advice.defaultBranchName false"
2026-05-11T05:22:13.7704893Z Initialized empty Git repository in /home/runner/work/prismTask/prismTask/.git/
2026-05-11T05:22:13.7707360Z [command]/usr/bin/git remote add origin https://github.com/averycorp/prismTask
2026-05-11T05:22:13.7739491Z ##[endgroup]
2026-05-11T05:22:13.7740873Z ##[group]Disabling automatic garbage collection
2026-05-11T05:22:13.7742397Z [command]/usr/bin/git config --local gc.auto 0
2026-05-11T05:22:13.7772723Z ##[endgroup]
2026-05-11T05:22:13.7774051Z ##[group]Setting up auth
2026-05-11T05:22:13.7774930Z Removing SSH command configuration
2026-05-11T05:22:13.7779952Z [command]/usr/bin/git config --local --name-only --get-regexp core\.sshCommand
2026-05-11T05:22:13.7813797Z [command]/usr/bin/git submodule foreach --recursive sh -c "git config --local --name-only --get-regexp 'core\.sshCommand' && git config --local --unset-all 'core.sshCommand' || :"
2026-05-11T05:22:13.8098265Z Removing HTTP extra header
2026-05-11T05:22:13.8104207Z [command]/usr/bin/git config --local --name-only --get-regexp http\.https\:\/\/github\.com\/\.extraheader
2026-05-11T05:22:13.8135919Z [command]/usr/bin/git submodule foreach --recursive sh -c "git config --local --name-only --get-regexp 'http\.https\:\/\/github\.com\/\.extraheader' && git config --local --unset-all 'http.https://github.com/.extraheader' || :"
2026-05-11T05:22:13.8351406Z Removing includeIf entries pointing to credentials config files
2026-05-11T05:22:13.8357418Z [command]/usr/bin/git config --local --name-only --get-regexp ^includeIf\.gitdir:
2026-05-11T05:22:13.8388797Z [command]/usr/bin/git submodule foreach --recursive git config --local --show-origin --name-only --get-regexp remote.origin.url
2026-05-11T05:22:13.8608081Z [command]/usr/bin/git config --file /home/runner/work/_temp/git-credentials-8269cf42-c864-46e3-8bc9-a3c20bc55bde.config http.https://github.com/.extraheader AUTHORIZATION: basic ***
2026-05-11T05:22:13.8644324Z [command]/usr/bin/git config --local includeIf.gitdir:/home/runner/work/prismTask/prismTask/.git.path /home/runner/work/_temp/git-credentials-8269cf42-c864-46e3-8bc9-a3c20bc55bde.config
2026-05-11T05:22:13.8673842Z [command]/usr/bin/git config --local includeIf.gitdir:/home/runner/work/prismTask/prismTask/.git/worktrees/*.path /home/runner/work/_temp/git-credentials-8269cf42-c864-46e3-8bc9-a3c20bc55bde.config
2026-05-11T05:22:13.8703982Z [command]/usr/bin/git config --local includeIf.gitdir:/github/workspace/.git.path /github/runner_temp/git-credentials-8269cf42-c864-46e3-8bc9-a3c20bc55bde.config
2026-05-11T05:22:13.8734469Z [command]/usr/bin/git config --local includeIf.gitdir:/github/workspace/.git/worktrees/*.path /github/runner_temp/git-credentials-8269cf42-c864-46e3-8bc9-a3c20bc55bde.config
2026-05-11T05:22:13.8771638Z ##[endgroup]
2026-05-11T05:22:13.8773206Z ##[group]Fetching the repository
2026-05-11T05:22:13.8781857Z [command]/usr/bin/git -c protocol.version=2 fetch --no-tags --prune --no-recurse-submodules --depth=1 origin +063cd07480bd2856911b5da13b4753bbca052172:refs/remotes/pull/1263/merge
2026-05-11T05:22:15.1809138Z From https://github.com/averycorp/prismTask
2026-05-11T05:22:15.1811657Z  * [new ref]         063cd07480bd2856911b5da13b4753bbca052172 -> pull/1263/merge
2026-05-11T05:22:15.1841723Z ##[endgroup]
2026-05-11T05:22:15.1843527Z ##[group]Determining the checkout info
2026-05-11T05:22:15.1845542Z ##[endgroup]
2026-05-11T05:22:15.1847840Z [command]/usr/bin/git sparse-checkout disable
2026-05-11T05:22:15.1886465Z [command]/usr/bin/git config --local --unset-all extensions.worktreeConfig
2026-05-11T05:22:15.1916050Z ##[group]Checking out the ref
2026-05-11T05:22:15.1919353Z [command]/usr/bin/git checkout --progress --force refs/remotes/pull/1263/merge
2026-05-11T05:22:15.4664168Z Note: switching to 'refs/remotes/pull/1263/merge'.
2026-05-11T05:22:15.4665087Z 
2026-05-11T05:22:15.4665663Z You are in 'detached HEAD' state. You can look around, make experimental
2026-05-11T05:22:15.4666755Z changes and commit them, and you can discard any commits you make in this
2026-05-11T05:22:15.4668310Z state without impacting any branches by switching back to a branch.
2026-05-11T05:22:15.4669156Z 
2026-05-11T05:22:15.4669944Z If you want to create a new branch to retain commits you create, you may
2026-05-11T05:22:15.4670912Z do so (now or later) by using -c with the switch command. Example:
2026-05-11T05:22:15.4671498Z 
2026-05-11T05:22:15.4671738Z   git switch -c <new-branch-name>
2026-05-11T05:22:15.4672157Z 
2026-05-11T05:22:15.4672369Z Or undo this operation with:
2026-05-11T05:22:15.4672711Z 
2026-05-11T05:22:15.4672896Z   git switch -
2026-05-11T05:22:15.4673175Z 
2026-05-11T05:22:15.4673586Z Turn off this advice by setting config variable advice.detachedHead to false
2026-05-11T05:22:15.4674236Z 
2026-05-11T05:22:15.4674903Z HEAD is now at 063cd07 Merge 0ecbe183e01c76ce62a7a8e57fffc88df9500058 into c61ea20e7f0e15ff02632b806479dc498bb43c5e
2026-05-11T05:22:15.4691405Z ##[endgroup]
2026-05-11T05:22:15.4735792Z [command]/usr/bin/git log -1 --format=%H
2026-05-11T05:22:15.4761451Z 063cd07480bd2856911b5da13b4753bbca052172
2026-05-11T05:22:15.5055760Z Prepare all required actions
2026-05-11T05:22:15.5056234Z Getting action download info
2026-05-11T05:22:15.6239434Z Download action repository 'actions/setup-node@v4' (SHA:49933ea5288caeca8642d1e84afbd3f7d6820020)
2026-05-11T05:22:15.7205414Z ##[group]Run ./.github/actions/setup-node-web
2026-05-11T05:22:15.7205731Z ##[endgroup]
2026-05-11T05:22:15.7390223Z ##[group]Run actions/setup-node@v4
2026-05-11T05:22:15.7390525Z with:
2026-05-11T05:22:15.7390768Z   node-version: 22
2026-05-11T05:22:15.7390979Z   cache: npm
2026-05-11T05:22:15.7391217Z   cache-dependency-path: web/package-lock.json
2026-05-11T05:22:15.7391516Z   always-auth: false
2026-05-11T05:22:15.7391718Z   check-latest: false
2026-05-11T05:22:15.7392062Z   token: ***
2026-05-11T05:22:15.7392253Z ##[endgroup]
2026-05-11T05:22:15.9257930Z Found in cache @ /opt/hostedtoolcache/node/22.22.2/x64
2026-05-11T05:22:15.9265811Z ##[group]Environment details
2026-05-11T05:22:19.4704350Z node: v22.22.2
2026-05-11T05:22:19.4704977Z npm: 10.9.7
2026-05-11T05:22:19.4705287Z yarn: 1.22.22
2026-05-11T05:22:19.4706647Z ##[endgroup]
2026-05-11T05:22:19.4730583Z [command]/opt/hostedtoolcache/node/22.22.2/x64/bin/npm config get cache
2026-05-11T05:22:19.6946632Z /home/runner/.npm
2026-05-11T05:22:19.7969256Z Cache hit for: node-cache-Linux-x64-npm-66d4da9f38c365f02697648cecba7adfb9a21d1933b3d2c650e1ebe01a2c851d
2026-05-11T05:22:20.3003465Z Received 94701130 of 94701130 (100.0%), 192.2 MBs/sec
2026-05-11T05:22:20.3004888Z Cache Size: ~90 MB (94701130 B)
2026-05-11T05:22:20.3068205Z [command]/usr/bin/tar -xf /home/runner/work/_temp/9352bcfa-6376-4cdd-ba8d-aa6556580768/cache.tzst -P -C /home/runner/work/prismTask/prismTask --use-compress-program unzstd
2026-05-11T05:22:20.5009137Z Cache restored successfully
2026-05-11T05:22:20.5059262Z Cache restored from key: node-cache-Linux-x64-npm-66d4da9f38c365f02697648cecba7adfb9a21d1933b3d2c650e1ebe01a2c851d
2026-05-11T05:22:20.5218193Z ##[group]Run npm ci
2026-05-11T05:22:20.5218480Z [36;1mnpm ci[0m
2026-05-11T05:22:20.5254670Z shell: /usr/bin/bash --noprofile --norc -e -o pipefail {0}
2026-05-11T05:22:20.5255025Z ##[endgroup]
2026-05-11T05:22:31.6282955Z 
2026-05-11T05:22:31.6292222Z added 435 packages, and audited 436 packages in 11s
2026-05-11T05:22:31.6292709Z 
2026-05-11T05:22:31.6293028Z 94 packages are looking for funding
2026-05-11T05:22:31.6293512Z   run `npm fund` for details
2026-05-11T05:22:31.6327335Z 
2026-05-11T05:22:31.6327787Z 2 vulnerabilities (1 moderate, 1 critical)
2026-05-11T05:22:31.6328656Z 
2026-05-11T05:22:31.6328863Z To address all issues, run:
2026-05-11T05:22:31.6329123Z   npm audit fix
2026-05-11T05:22:31.6329252Z 
2026-05-11T05:22:31.6329380Z Run `npm audit` for details.
2026-05-11T05:22:31.7222760Z ##[group]Run npm run lint
2026-05-11T05:22:31.7223039Z [36;1mnpm run lint[0m
2026-05-11T05:22:31.7244253Z shell: /usr/bin/bash -e {0}
2026-05-11T05:22:31.7244505Z ##[endgroup]
2026-05-11T05:22:31.8217696Z 
2026-05-11T05:22:31.8218734Z > web@1.6.0 lint
2026-05-11T05:22:31.8219176Z > eslint .
2026-05-11T05:22:31.8219372Z 
2026-05-11T05:22:46.2257083Z 
2026-05-11T05:22:46.2279481Z /home/runner/work/prismTask/prismTask/web/src/lib/idb/batchHistoryStore.ts
2026-05-11T05:22:46.2304291Z ##[error]  98:7  error  The value assigned to 'raw' is not used in subsequent statements  no-useless-assignment
2026-05-11T05:22:46.2312275Z 
2026-05-11T05:22:46.2312653Z /home/runner/work/prismTask/prismTask/web/src/lib/idb/database.ts
2026-05-11T05:22:46.2313442Z   38:7  warning  Unused eslint-disable directive (no problems were reported from 'no-console')
2026-05-11T05:22:46.2313817Z 
2026-05-11T05:22:46.2314103Z /home/runner/work/prismTask/prismTask/web/src/stores/batchStore.ts
2026-05-11T05:22:46.2315353Z ##[error]  518:11  error  The value assigned to 'uid' is not used in subsequent statements  no-useless-assignment
2026-05-11T05:22:46.2316265Z 
2026-05-11T05:22:46.2316671Z ✖ 3 problems (2 errors, 1 warning)
2026-05-11T05:22:46.2317104Z   0 errors and 1 warning potentially fixable with the `--fix` option.
2026-05-11T05:22:46.2317376Z 
2026-05-11T05:22:46.4218725Z ##[error]Process completed with exit code 1.
2026-05-11T05:22:46.4281876Z Post job cleanup.
2026-05-11T05:22:46.4360301Z Post job cleanup.
2026-05-11T05:22:46.5161780Z [command]/usr/bin/git version
2026-05-11T05:22:46.5199013Z git version 2.53.0
2026-05-11T05:22:46.5239334Z Temporarily overriding HOME='/home/runner/work/_temp/26d0531c-7938-4912-ada8-ca7a935ab27c' before making global git config changes
2026-05-11T05:22:46.5240897Z Adding repository directory to the temporary git global config as a safe directory
2026-05-11T05:22:46.5246266Z [command]/usr/bin/git config --global --add safe.directory /home/runner/work/prismTask/prismTask
2026-05-11T05:22:46.5275660Z Removing SSH command configuration
2026-05-11T05:22:46.5282532Z [command]/usr/bin/git config --local --name-only --get-regexp core\.sshCommand
2026-05-11T05:22:46.5318994Z [command]/usr/bin/git submodule foreach --recursive sh -c "git config --local --name-only --get-regexp 'core\.sshCommand' && git config --local --unset-all 'core.sshCommand' || :"
2026-05-11T05:22:46.5540514Z Removing HTTP extra header
2026-05-11T05:22:46.5545468Z [command]/usr/bin/git config --local --name-only --get-regexp http\.https\:\/\/github\.com\/\.extraheader
2026-05-11T05:22:46.5577420Z [command]/usr/bin/git submodule foreach --recursive sh -c "git config --local --name-only --get-regexp 'http\.https\:\/\/github\.com\/\.extraheader' && git config --local --unset-all 'http.https://github.com/.extraheader' || :"
2026-05-11T05:22:46.5794521Z Removing includeIf entries pointing to credentials config files
2026-05-11T05:22:46.5800703Z [command]/usr/bin/git config --local --name-only --get-regexp ^includeIf\.gitdir:
2026-05-11T05:22:46.5853611Z includeif.gitdir:/home/runner/work/prismTask/prismTask/.git.path
2026-05-11T05:22:46.5854659Z includeif.gitdir:/home/runner/work/prismTask/prismTask/.git/worktrees/*.path
2026-05-11T05:22:46.5855612Z includeif.gitdir:/github/workspace/.git.path
2026-05-11T05:22:46.5856435Z includeif.gitdir:/github/workspace/.git/worktrees/*.path
2026-05-11T05:22:46.5865128Z [command]/usr/bin/git config --local --get-all includeif.gitdir:/home/runner/work/prismTask/prismTask/.git.path
2026-05-11T05:22:46.5886512Z /home/runner/work/_temp/git-credentials-8269cf42-c864-46e3-8bc9-a3c20bc55bde.config
2026-05-11T05:22:46.5897266Z [command]/usr/bin/git config --local --unset includeif.gitdir:/home/runner/work/prismTask/prismTask/.git.path /home/runner/work/_temp/git-credentials-8269cf42-c864-46e3-8bc9-a3c20bc55bde.config
2026-05-11T05:22:46.5931860Z [command]/usr/bin/git config --local --get-all includeif.gitdir:/home/runner/work/prismTask/prismTask/.git/worktrees/*.path
2026-05-11T05:22:46.5953510Z /home/runner/work/_temp/git-credentials-8269cf42-c864-46e3-8bc9-a3c20bc55bde.config
2026-05-11T05:22:46.5963522Z [command]/usr/bin/git config --local --unset includeif.gitdir:/home/runner/work/prismTask/prismTask/.git/worktrees/*.path /home/runner/work/_temp/git-credentials-8269cf42-c864-46e3-8bc9-a3c20bc55bde.config
2026-05-11T05:22:46.5997017Z [command]/usr/bin/git config --local --get-all includeif.gitdir:/github/workspace/.git.path
2026-05-11T05:22:46.6019279Z /github/runner_temp/git-credentials-8269cf42-c864-46e3-8bc9-a3c20bc55bde.config
2026-05-11T05:22:46.6028577Z [command]/usr/bin/git config --local --unset includeif.gitdir:/github/workspace/.git.path /github/runner_temp/git-credentials-8269cf42-c864-46e3-8bc9-a3c20bc55bde.config
2026-05-11T05:22:46.6058879Z [command]/usr/bin/git config --local --get-all includeif.gitdir:/github/workspace/.git/worktrees/*.path
2026-05-11T05:22:46.6079247Z /github/runner_temp/git-credentials-8269cf42-c864-46e3-8bc9-a3c20bc55bde.config
2026-05-11T05:22:46.6089641Z [command]/usr/bin/git config --local --unset includeif.gitdir:/github/workspace/.git/worktrees/*.path /github/runner_temp/git-credentials-8269cf42-c864-46e3-8bc9-a3c20bc55bde.config
2026-05-11T05:22:46.6122237Z [command]/usr/bin/git submodule foreach --recursive git config --local --show-origin --name-only --get-regexp remote.origin.url
2026-05-11T05:22:46.6343264Z Removing credentials config '/home/runner/work/_temp/git-credentials-8269cf42-c864-46e3-8bc9-a3c20bc55bde.config'
2026-05-11T05:22:46.6485034Z Cleaning up orphan processes
2026-05-11T05:22:46.6746667Z ##[warning]Node.js 20 actions are deprecated. The following actions are running on Node.js 20 and may not work as expected: actions/setup-node@v4. Actions will be forced to run with Node.js 24 by default starting June 2nd, 2026. Node.js 20 will be removed from the runner on September 16th, 2026. Please check if updated versions of these actions are available that support Node.js 24. To opt into Node.js 24 now, set the FORCE_JAVASCRIPT_ACTIONS_TO_NODE24=true environment variable on the runner or in your workflow file. Once Node.js 24 becomes the default, you can temporarily opt out by setting ACTIONS_ALLOW_USE_UNSECURE_NODE_VERSION=true. For more information see: https://github.blog/changelog/2025-09-19-deprecation-of-node-20-on-github-actions-runners/


--- Job: web-lint-and-test (id 75291744923) ---
2026-05-11T05:22:58.8906003Z Current runner version: '2.334.0'
2026-05-11T05:22:58.8929929Z ##[group]Runner Image Provisioner
2026-05-11T05:22:58.8930648Z Hosted Compute Agent
2026-05-11T05:22:58.8931289Z Version: 20260213.493
2026-05-11T05:22:58.8931847Z Commit: 5c115507f6dd24b8de37d8bbe0bb4509d0cc0fa3
2026-05-11T05:22:58.8932561Z Build Date: 2026-02-13T00:28:41Z
2026-05-11T05:22:58.8933270Z Worker ID: {a95da327-e795-4a1c-a213-faad4ef5714b}
2026-05-11T05:22:58.8933896Z Azure Region: eastus
2026-05-11T05:22:58.8934641Z ##[endgroup]
2026-05-11T05:22:58.8936157Z ##[group]Operating System
2026-05-11T05:22:58.8936790Z Ubuntu
2026-05-11T05:22:58.8937216Z 24.04.4
2026-05-11T05:22:58.8937741Z LTS
2026-05-11T05:22:58.8938156Z ##[endgroup]
2026-05-11T05:22:58.8938642Z ##[group]Runner Image
2026-05-11T05:22:58.8939218Z Image: ubuntu-24.04
2026-05-11T05:22:58.8939679Z Version: 20260413.86.1
2026-05-11T05:22:58.8940909Z Included Software: https://github.com/actions/runner-images/blob/ubuntu24/20260413.86/images/ubuntu/Ubuntu2404-Readme.md
2026-05-11T05:22:58.8942383Z Image Release: https://github.com/actions/runner-images/releases/tag/ubuntu24%2F20260413.86
2026-05-11T05:22:58.8943289Z ##[endgroup]
2026-05-11T05:22:58.8944842Z ##[group]GITHUB_TOKEN Permissions
2026-05-11T05:22:58.8947056Z Actions: read
2026-05-11T05:22:58.8947651Z Checks: read
2026-05-11T05:22:58.8948120Z Contents: write
2026-05-11T05:22:58.8948607Z Metadata: read
2026-05-11T05:22:58.8949036Z ##[endgroup]
2026-05-11T05:22:58.8951329Z Secret source: Dependabot
2026-05-11T05:22:58.8952406Z Prepare workflow directory
2026-05-11T05:22:58.9277545Z Prepare all required actions
2026-05-11T05:22:58.9371055Z Complete job name: web-lint-and-test
2026-05-11T05:22:59.0182541Z ##[group]Run if [ 'failure' != 'success' ]; then
2026-05-11T05:22:59.0183458Z [36;1mif [ 'failure' != 'success' ]; then[0m
2026-05-11T05:22:59.0184513Z [36;1m  echo "web-lint finished with failure" >&2[0m
2026-05-11T05:22:59.0185346Z [36;1m  exit 1[0m
2026-05-11T05:22:59.0185919Z [36;1mfi[0m
2026-05-11T05:22:59.0186404Z [36;1mif [ 'success' != 'success' ]; then[0m
2026-05-11T05:22:59.0187095Z [36;1m  echo "web-unit-tests finished with success" >&2[0m
2026-05-11T05:22:59.0187832Z [36;1m  exit 1[0m
2026-05-11T05:22:59.0188287Z [36;1mfi[0m
2026-05-11T05:22:59.0188826Z [36;1mif [ 'success' != 'success' ]; then[0m
2026-05-11T05:22:59.0189508Z [36;1m  echo "web-build finished with success" >&2[0m
2026-05-11T05:22:59.0190165Z [36;1m  exit 1[0m
2026-05-11T05:22:59.0190578Z [36;1mfi[0m
2026-05-11T05:22:59.0191257Z [36;1mecho "✓ Split web lint, unit-test shards, and build passed."[0m
2026-05-11T05:22:59.0532868Z shell: /usr/bin/bash -e {0}
2026-05-11T05:22:59.0534726Z ##[endgroup]
2026-05-11T05:22:59.0910981Z web-lint finished with failure
2026-05-11T05:22:59.0939739Z ##[error]Process completed with exit code 1.
2026-05-11T05:22:59.1182193Z Cleaning up orphan processes
