=== CI FAILURE ===
Workflow:      Web CI
Workflow file: akarlin3/prismTask/.github/workflows/web-ci.yml@refs/pull/1694/merge
Job(s):        web-lint, web-build, web-lint-and-test
Run ID:        26269069965
Run attempt:   1
Run URL:       https://github.com/akarlin3/prismTask/actions/runs/26269069965
Commit:        dae00c150643a25eb89461b265b40e0cd6555e1e
Branch:        1694/merge
Event:         pull_request
Actor:         akarlin3
Runner OS:     Linux
Timestamp:     2026-05-22T04:52:31.198Z

Failed steps:
  - web-lint: #5 Run ESLint
  - web-build: #5 Build web app
  - web-lint-and-test: #2 Verify split web checks

=== FAILED JOB LOG ===

--- Job: web-lint (id 77318493197) ---
2026-05-22T04:50:38.0487612Z Current runner version: '2.334.0'
2026-05-22T04:50:38.0521758Z ##[group]Runner Image Provisioner
2026-05-22T04:50:38.0522977Z Hosted Compute Agent
2026-05-22T04:50:38.0523823Z Version: 20260213.493
2026-05-22T04:50:38.0524746Z Commit: 5c115507f6dd24b8de37d8bbe0bb4509d0cc0fa3
2026-05-22T04:50:38.0526024Z Build Date: 2026-02-13T00:28:41Z
2026-05-22T04:50:38.0527079Z Worker ID: {e3bc7930-0f2c-45e8-a953-d19c539e9235}
2026-05-22T04:50:38.0528094Z Azure Region: westcentralus
2026-05-22T04:50:38.0528956Z ##[endgroup]
2026-05-22T04:50:38.0531447Z ##[group]Operating System
2026-05-22T04:50:38.0532521Z Ubuntu
2026-05-22T04:50:38.0533275Z 24.04.4
2026-05-22T04:50:38.0533876Z LTS
2026-05-22T04:50:38.0534688Z ##[endgroup]
2026-05-22T04:50:38.0535392Z ##[group]Runner Image
2026-05-22T04:50:38.0536646Z Image: ubuntu-24.04
2026-05-22T04:50:38.0537536Z Version: 20260513.135.3
2026-05-22T04:50:38.0539447Z Included Software: https://github.com/actions/runner-images/blob/ubuntu24/20260513.135/images/ubuntu/Ubuntu2404-Readme.md
2026-05-22T04:50:38.0541840Z Image Release: https://github.com/actions/runner-images/releases/tag/ubuntu24%2F20260513.135
2026-05-22T04:50:38.0543267Z ##[endgroup]
2026-05-22T04:50:38.0545249Z ##[group]GITHUB_TOKEN Permissions
2026-05-22T04:50:38.0548168Z Actions: read
2026-05-22T04:50:38.0548974Z Checks: read
2026-05-22T04:50:38.0549832Z Contents: write
2026-05-22T04:50:38.0550526Z Metadata: read
2026-05-22T04:50:38.0551275Z PullRequests: read
2026-05-22T04:50:38.0552037Z ##[endgroup]
2026-05-22T04:50:38.0554970Z Secret source: Actions
2026-05-22T04:50:38.0556373Z Prepare workflow directory
2026-05-22T04:50:38.1308532Z Prepare all required actions
2026-05-22T04:50:38.1361792Z Getting action download info
2026-05-22T04:50:38.6013707Z Download action repository 'actions/checkout@v6' (SHA:de0fac2e4500dabe0009e67214ff5f5447ce83dd)
2026-05-22T04:50:38.8304290Z Complete job name: web-lint
2026-05-22T04:50:38.8965462Z ##[group]Run actions/checkout@v6
2026-05-22T04:50:38.8966694Z with:
2026-05-22T04:50:38.8967084Z   repository: akarlin3/prismTask
2026-05-22T04:50:38.8967751Z   token: ***
2026-05-22T04:50:38.8968140Z   ssh-strict: true
2026-05-22T04:50:38.8968521Z   ssh-user: git
2026-05-22T04:50:38.8968911Z   persist-credentials: true
2026-05-22T04:50:38.8969340Z   clean: true
2026-05-22T04:50:38.8969726Z   sparse-checkout-cone-mode: true
2026-05-22T04:50:38.8970183Z   fetch-depth: 1
2026-05-22T04:50:38.8970571Z   fetch-tags: false
2026-05-22T04:50:38.8970959Z   show-progress: true
2026-05-22T04:50:38.8971353Z   lfs: false
2026-05-22T04:50:38.8971712Z   submodules: false
2026-05-22T04:50:38.8972101Z   set-safe-directory: true
2026-05-22T04:50:38.8972739Z ##[endgroup]
2026-05-22T04:50:39.0053752Z Syncing repository: akarlin3/prismTask
2026-05-22T04:50:39.0056114Z ##[group]Getting Git version info
2026-05-22T04:50:39.0056869Z Working directory is '/home/runner/work/prismTask/prismTask'
2026-05-22T04:50:39.0190112Z [command]/usr/bin/git version
2026-05-22T04:50:39.0190944Z git version 2.54.0
2026-05-22T04:50:39.0201253Z ##[endgroup]
2026-05-22T04:50:39.0212039Z Temporarily overriding HOME='/home/runner/work/_temp/d80b63b8-8a38-45b4-bc46-c35f48c72f68' before making global git config changes
2026-05-22T04:50:39.0214296Z Adding repository directory to the temporary git global config as a safe directory
2026-05-22T04:50:39.0216878Z [command]/usr/bin/git config --global --add safe.directory /home/runner/work/prismTask/prismTask
2026-05-22T04:50:39.0238399Z Deleting the contents of '/home/runner/work/prismTask/prismTask'
2026-05-22T04:50:39.0243961Z ##[group]Initializing the repository
2026-05-22T04:50:39.0249907Z [command]/usr/bin/git init /home/runner/work/prismTask/prismTask
2026-05-22T04:50:39.0326002Z hint: Using 'master' as the name for the initial branch. This default branch name
2026-05-22T04:50:39.0328145Z hint: will change to "main" in Git 3.0. To configure the initial branch name
2026-05-22T04:50:39.0330243Z hint: to use in all of your new repositories, which will suppress this warning,
2026-05-22T04:50:39.0331768Z hint: call:
2026-05-22T04:50:39.0333553Z hint:
2026-05-22T04:50:39.0334682Z hint: 	git config --global init.defaultBranch <name>
2026-05-22T04:50:39.0338291Z hint:
2026-05-22T04:50:39.0339778Z hint: Names commonly chosen instead of 'master' are 'main', 'trunk' and
2026-05-22T04:50:39.0341859Z hint: 'development'. The just-created branch can be renamed via this command:
2026-05-22T04:50:39.0343355Z hint:
2026-05-22T04:50:39.0344667Z hint: 	git branch -m <name>
2026-05-22T04:50:39.0346635Z hint:
2026-05-22T04:50:39.0348399Z hint: Disable this message with "git config set advice.defaultBranchName false"
2026-05-22T04:50:39.0350267Z Initialized empty Git repository in /home/runner/work/prismTask/prismTask/.git/
2026-05-22T04:50:39.0354438Z [command]/usr/bin/git remote add origin https://github.com/akarlin3/prismTask
2026-05-22T04:50:39.0391734Z ##[endgroup]
2026-05-22T04:50:39.0393209Z ##[group]Disabling automatic garbage collection
2026-05-22T04:50:39.0397568Z [command]/usr/bin/git config --local gc.auto 0
2026-05-22T04:50:39.0432631Z ##[endgroup]
2026-05-22T04:50:39.0434236Z ##[group]Setting up auth
2026-05-22T04:50:39.0435976Z Removing SSH command configuration
2026-05-22T04:50:39.0440744Z [command]/usr/bin/git config --local --name-only --get-regexp core\.sshCommand
2026-05-22T04:50:39.0477988Z [command]/usr/bin/git submodule foreach --recursive sh -c "git config --local --name-only --get-regexp 'core\.sshCommand' && git config --local --unset-all 'core.sshCommand' || :"
2026-05-22T04:50:39.1628535Z Removing HTTP extra header
2026-05-22T04:50:39.1630370Z [command]/usr/bin/git config --local --name-only --get-regexp http\.https\:\/\/github\.com\/\.extraheader
2026-05-22T04:50:39.1636273Z [command]/usr/bin/git submodule foreach --recursive sh -c "git config --local --name-only --get-regexp 'http\.https\:\/\/github\.com\/\.extraheader' && git config --local --unset-all 'http.https://github.com/.extraheader' || :"
2026-05-22T04:50:39.1642687Z Removing includeIf entries pointing to credentials config files
2026-05-22T04:50:39.1645036Z [command]/usr/bin/git config --local --name-only --get-regexp ^includeIf\.gitdir:
2026-05-22T04:50:39.1649738Z [command]/usr/bin/git submodule foreach --recursive git config --local --show-origin --name-only --get-regexp remote.origin.url
2026-05-22T04:50:39.1656432Z [command]/usr/bin/git config --file /home/runner/work/_temp/git-credentials-f3a1a50e-0a9e-4951-96b4-ea3c0aacd2d4.config http.https://github.com/.extraheader AUTHORIZATION: basic ***
2026-05-22T04:50:39.1662902Z [command]/usr/bin/git config --local includeIf.gitdir:/home/runner/work/prismTask/prismTask/.git.path /home/runner/work/_temp/git-credentials-f3a1a50e-0a9e-4951-96b4-ea3c0aacd2d4.config
2026-05-22T04:50:39.1693268Z [command]/usr/bin/git config --local includeIf.gitdir:/home/runner/work/prismTask/prismTask/.git/worktrees/*.path /home/runner/work/_temp/git-credentials-f3a1a50e-0a9e-4951-96b4-ea3c0aacd2d4.config
2026-05-22T04:50:39.1735134Z [command]/usr/bin/git config --local includeIf.gitdir:/github/workspace/.git.path /github/runner_temp/git-credentials-f3a1a50e-0a9e-4951-96b4-ea3c0aacd2d4.config
2026-05-22T04:50:39.1768505Z [command]/usr/bin/git config --local includeIf.gitdir:/github/workspace/.git/worktrees/*.path /github/runner_temp/git-credentials-f3a1a50e-0a9e-4951-96b4-ea3c0aacd2d4.config
2026-05-22T04:50:39.1802962Z ##[endgroup]
2026-05-22T04:50:39.1804566Z ##[group]Fetching the repository
2026-05-22T04:50:39.1810896Z [command]/usr/bin/git -c protocol.version=2 fetch --no-tags --prune --no-recurse-submodules --depth=1 origin +dae00c150643a25eb89461b265b40e0cd6555e1e:refs/remotes/pull/1694/merge
2026-05-22T04:50:41.9266663Z From https://github.com/akarlin3/prismTask
2026-05-22T04:50:41.9269379Z  * [new ref]         dae00c150643a25eb89461b265b40e0cd6555e1e -> pull/1694/merge
2026-05-22T04:50:41.9309921Z ##[endgroup]
2026-05-22T04:50:41.9311616Z ##[group]Determining the checkout info
2026-05-22T04:50:41.9313533Z ##[endgroup]
2026-05-22T04:50:41.9314795Z [command]/usr/bin/git sparse-checkout disable
2026-05-22T04:50:41.9359681Z [command]/usr/bin/git config --local --unset-all extensions.worktreeConfig
2026-05-22T04:50:41.9397083Z ##[group]Checking out the ref
2026-05-22T04:50:41.9400023Z [command]/usr/bin/git checkout --progress --force refs/remotes/pull/1694/merge
2026-05-22T04:50:42.2856214Z Note: switching to 'refs/remotes/pull/1694/merge'.
2026-05-22T04:50:42.2857311Z 
2026-05-22T04:50:42.2857884Z You are in 'detached HEAD' state. You can look around, make experimental
2026-05-22T04:50:42.2858901Z changes and commit them, and you can discard any commits you make in this
2026-05-22T04:50:42.2859904Z state without impacting any branches by switching back to a branch.
2026-05-22T04:50:42.2860558Z 
2026-05-22T04:50:42.2861075Z If you want to create a new branch to retain commits you create, you may
2026-05-22T04:50:42.2862045Z do so (now or later) by using -c with the switch command. Example:
2026-05-22T04:50:42.2862720Z 
2026-05-22T04:50:42.2863078Z   git switch -c <new-branch-name>
2026-05-22T04:50:42.2863534Z 
2026-05-22T04:50:42.2863916Z Or undo this operation with:
2026-05-22T04:50:42.2864364Z 
2026-05-22T04:50:42.2864710Z   git switch -
2026-05-22T04:50:42.2865305Z 
2026-05-22T04:50:42.2866095Z Turn off this advice by setting config variable advice.detachedHead to false
2026-05-22T04:50:42.2866769Z 
2026-05-22T04:50:42.2867528Z HEAD is now at dae00c1 Merge 36b740a28cfafa50a2a8ede963bb46e57ca0d1d4 into f1e2942ca1e8f72a05e9f363597488d1618673d1
2026-05-22T04:50:42.2885263Z ##[endgroup]
2026-05-22T04:50:42.2931218Z [command]/usr/bin/git log -1 --format=%H
2026-05-22T04:50:42.2958145Z dae00c150643a25eb89461b265b40e0cd6555e1e
2026-05-22T04:50:42.3265795Z Prepare all required actions
2026-05-22T04:50:42.3266320Z Getting action download info
2026-05-22T04:50:42.4789551Z Download action repository 'actions/setup-node@v4' (SHA:49933ea5288caeca8642d1e84afbd3f7d6820020)
2026-05-22T04:50:42.5876929Z ##[group]Run ./.github/actions/setup-node-web
2026-05-22T04:50:42.5877291Z ##[endgroup]
2026-05-22T04:50:42.6011223Z ##[group]Run actions/setup-node@v4
2026-05-22T04:50:42.6011613Z with:
2026-05-22T04:50:42.6011861Z   node-version: 22
2026-05-22T04:50:42.6012105Z   cache: npm
2026-05-22T04:50:42.6012372Z   cache-dependency-path: web/package-lock.json
2026-05-22T04:50:42.6012711Z   always-auth: false
2026-05-22T04:50:42.6012947Z   check-latest: false
2026-05-22T04:50:42.6013360Z   token: ***
2026-05-22T04:50:42.6013587Z ##[endgroup]
2026-05-22T04:50:42.7947992Z Found in cache @ /opt/hostedtoolcache/node/22.22.2/x64
2026-05-22T04:50:42.7954241Z ##[group]Environment details
2026-05-22T04:50:43.1867322Z node: v22.22.2
2026-05-22T04:50:43.1868548Z npm: 10.9.7
2026-05-22T04:50:43.1869166Z yarn: 1.22.22
2026-05-22T04:50:43.1870275Z ##[endgroup]
2026-05-22T04:50:43.1893043Z [command]/opt/hostedtoolcache/node/22.22.2/x64/bin/npm config get cache
2026-05-22T04:50:43.3059328Z /home/runner/.npm
2026-05-22T04:50:43.5426560Z npm cache is not found
2026-05-22T04:50:43.5552363Z ##[group]Run npm ci
2026-05-22T04:50:43.5552664Z [36;1mnpm ci[0m
2026-05-22T04:50:43.5598556Z shell: /usr/bin/bash --noprofile --norc -e -o pipefail {0}
2026-05-22T04:50:43.5598904Z ##[endgroup]
2026-05-22T04:50:57.4466270Z 
2026-05-22T04:50:57.4474316Z added 436 packages, and audited 437 packages in 14s
2026-05-22T04:50:57.4474885Z 
2026-05-22T04:50:57.4486619Z 94 packages are looking for funding
2026-05-22T04:50:57.4487444Z   run `npm fund` for details
2026-05-22T04:50:57.4565857Z 
2026-05-22T04:50:57.4566521Z 4 vulnerabilities (3 moderate, 1 critical)
2026-05-22T04:50:57.4567129Z 
2026-05-22T04:50:57.4567626Z To address all issues, run:
2026-05-22T04:50:57.4568250Z   npm audit fix
2026-05-22T04:50:57.4568717Z 
2026-05-22T04:50:57.4569112Z Run `npm audit` for details.
2026-05-22T04:50:57.5219818Z ##[group]Run npm run lint
2026-05-22T04:50:57.5220095Z [36;1mnpm run lint[0m
2026-05-22T04:50:57.5258708Z shell: /usr/bin/bash -e {0}
2026-05-22T04:50:57.5258963Z ##[endgroup]
2026-05-22T04:50:57.6282274Z 
2026-05-22T04:50:57.6283124Z > web@2.0.0 lint
2026-05-22T04:50:57.6283900Z > eslint .
2026-05-22T04:50:57.6284885Z 
2026-05-22T04:51:28.4076197Z 
2026-05-22T04:51:28.4084025Z /home/runner/work/prismTask/prismTask/web/src/routes/index.tsx
2026-05-22T04:51:28.4119376Z ##[error]  14:7  error  Fast refresh only works when a file only exports components. Move your component(s) to a separate file. If all exports are HOCs, add them to the `extraHOCs` option  react-refresh/only-export-components
2026-05-22T04:51:28.4132973Z ##[error]  15:7  error  Fast refresh only works when a file only exports components. Move your component(s) to a separate file. If all exports are HOCs, add them to the `extraHOCs` option  react-refresh/only-export-components
2026-05-22T04:51:28.4137772Z ##[error]  18:7  error  Fast refresh only works when a file only exports components. Move your component(s) to a separate file. If all exports are HOCs, add them to the `extraHOCs` option  react-refresh/only-export-components
2026-05-22T04:51:28.4141956Z ##[error]  19:7  error  Fast refresh only works when a file only exports components. Move your component(s) to a separate file. If all exports are HOCs, add them to the `extraHOCs` option  react-refresh/only-export-components
2026-05-22T04:51:28.4146201Z ##[error]  20:7  error  Fast refresh only works when a file only exports components. Move your component(s) to a separate file. If all exports are HOCs, add them to the `extraHOCs` option  react-refresh/only-export-components
2026-05-22T04:51:28.4148202Z 
2026-05-22T04:51:28.4148873Z ✖ 5 problems (5 errors, 0 warnings)
2026-05-22T04:51:28.4149280Z 
2026-05-22T04:51:28.6030895Z ##[error]Process completed with exit code 1.
2026-05-22T04:51:28.6101303Z Post job cleanup.
2026-05-22T04:51:28.6182269Z Post job cleanup.
2026-05-22T04:51:28.7074531Z [command]/usr/bin/git version
2026-05-22T04:51:28.7116748Z git version 2.54.0
2026-05-22T04:51:28.7159039Z Temporarily overriding HOME='/home/runner/work/_temp/ebfdd5f5-2a34-467f-8607-4ed6269f8cd4' before making global git config changes
2026-05-22T04:51:28.7162458Z Adding repository directory to the temporary git global config as a safe directory
2026-05-22T04:51:28.7165907Z [command]/usr/bin/git config --global --add safe.directory /home/runner/work/prismTask/prismTask
2026-05-22T04:51:28.7202702Z Removing SSH command configuration
2026-05-22T04:51:28.7211215Z [command]/usr/bin/git config --local --name-only --get-regexp core\.sshCommand
2026-05-22T04:51:28.7252816Z [command]/usr/bin/git submodule foreach --recursive sh -c "git config --local --name-only --get-regexp 'core\.sshCommand' && git config --local --unset-all 'core.sshCommand' || :"
2026-05-22T04:51:28.7502308Z Removing HTTP extra header
2026-05-22T04:51:28.7509025Z [command]/usr/bin/git config --local --name-only --get-regexp http\.https\:\/\/github\.com\/\.extraheader
2026-05-22T04:51:28.7549822Z [command]/usr/bin/git submodule foreach --recursive sh -c "git config --local --name-only --get-regexp 'http\.https\:\/\/github\.com\/\.extraheader' && git config --local --unset-all 'http.https://github.com/.extraheader' || :"
2026-05-22T04:51:28.7794754Z Removing includeIf entries pointing to credentials config files
2026-05-22T04:51:28.7803219Z [command]/usr/bin/git config --local --name-only --get-regexp ^includeIf\.gitdir:
2026-05-22T04:51:28.7861078Z includeif.gitdir:/home/runner/work/prismTask/prismTask/.git.path
2026-05-22T04:51:28.7864850Z includeif.gitdir:/home/runner/work/prismTask/prismTask/.git/worktrees/*.path
2026-05-22T04:51:28.7865813Z includeif.gitdir:/github/workspace/.git.path
2026-05-22T04:51:28.7866440Z includeif.gitdir:/github/workspace/.git/worktrees/*.path
2026-05-22T04:51:28.7876728Z [command]/usr/bin/git config --local --get-all includeif.gitdir:/home/runner/work/prismTask/prismTask/.git.path
2026-05-22T04:51:28.7901311Z /home/runner/work/_temp/git-credentials-f3a1a50e-0a9e-4951-96b4-ea3c0aacd2d4.config
2026-05-22T04:51:28.7914646Z [command]/usr/bin/git config --local --unset includeif.gitdir:/home/runner/work/prismTask/prismTask/.git.path /home/runner/work/_temp/git-credentials-f3a1a50e-0a9e-4951-96b4-ea3c0aacd2d4.config
2026-05-22T04:51:28.7956454Z [command]/usr/bin/git config --local --get-all includeif.gitdir:/home/runner/work/prismTask/prismTask/.git/worktrees/*.path
2026-05-22T04:51:28.7982872Z /home/runner/work/_temp/git-credentials-f3a1a50e-0a9e-4951-96b4-ea3c0aacd2d4.config
2026-05-22T04:51:28.7995058Z [command]/usr/bin/git config --local --unset includeif.gitdir:/home/runner/work/prismTask/prismTask/.git/worktrees/*.path /home/runner/work/_temp/git-credentials-f3a1a50e-0a9e-4951-96b4-ea3c0aacd2d4.config
2026-05-22T04:51:28.8043041Z [command]/usr/bin/git config --local --get-all includeif.gitdir:/github/workspace/.git.path
2026-05-22T04:51:28.8060267Z /github/runner_temp/git-credentials-f3a1a50e-0a9e-4951-96b4-ea3c0aacd2d4.config
2026-05-22T04:51:28.8073389Z [command]/usr/bin/git config --local --unset includeif.gitdir:/github/workspace/.git.path /github/runner_temp/git-credentials-f3a1a50e-0a9e-4951-96b4-ea3c0aacd2d4.config
2026-05-22T04:51:28.8107863Z [command]/usr/bin/git config --local --get-all includeif.gitdir:/github/workspace/.git/worktrees/*.path
2026-05-22T04:51:28.8132164Z /github/runner_temp/git-credentials-f3a1a50e-0a9e-4951-96b4-ea3c0aacd2d4.config
2026-05-22T04:51:28.8142652Z [command]/usr/bin/git config --local --unset includeif.gitdir:/github/workspace/.git/worktrees/*.path /github/runner_temp/git-credentials-f3a1a50e-0a9e-4951-96b4-ea3c0aacd2d4.config
2026-05-22T04:51:28.8179872Z [command]/usr/bin/git submodule foreach --recursive git config --local --show-origin --name-only --get-regexp remote.origin.url
2026-05-22T04:51:28.8421148Z Removing credentials config '/home/runner/work/_temp/git-credentials-f3a1a50e-0a9e-4951-96b4-ea3c0aacd2d4.config'
2026-05-22T04:51:28.8574027Z Cleaning up orphan processes
2026-05-22T04:51:28.8838614Z ##[warning]Node.js 20 actions are deprecated. The following actions are running on Node.js 20 and may not work as expected: actions/setup-node@v4. Actions will be forced to run with Node.js 24 by default starting June 2nd, 2026. Node.js 20 will be removed from the runner on September 16th, 2026. Please check if updated versions of these actions are available that support Node.js 24. To opt into Node.js 24 now, set the FORCE_JAVASCRIPT_ACTIONS_TO_NODE24=true environment variable on the runner or in your workflow file. Once Node.js 24 becomes the default, you can temporarily opt out by setting ACTIONS_ALLOW_USE_UNSECURE_NODE_VERSION=true. For more information see: https://github.blog/changelog/2025-09-19-deprecation-of-node-20-on-github-actions-runners/


--- Job: web-build (id 77318493198) ---
2026-05-22T04:50:38.4580901Z Current runner version: '2.334.0'
2026-05-22T04:50:38.4615986Z ##[group]Runner Image Provisioner
2026-05-22T04:50:38.4617355Z Hosted Compute Agent
2026-05-22T04:50:38.4618209Z Version: 20260213.493
2026-05-22T04:50:38.4619210Z Commit: 5c115507f6dd24b8de37d8bbe0bb4509d0cc0fa3
2026-05-22T04:50:38.4620200Z Build Date: 2026-02-13T00:28:41Z
2026-05-22T04:50:38.4621579Z Worker ID: {5d4a392d-9d9b-4c31-81c6-adc877eda464}
2026-05-22T04:50:38.4622664Z Azure Region: eastus2
2026-05-22T04:50:38.4623418Z ##[endgroup]
2026-05-22T04:50:38.4625942Z ##[group]Operating System
2026-05-22T04:50:38.4626866Z Ubuntu
2026-05-22T04:50:38.4627571Z 24.04.4
2026-05-22T04:50:38.4628363Z LTS
2026-05-22T04:50:38.4629063Z ##[endgroup]
2026-05-22T04:50:38.4629795Z ##[group]Runner Image
2026-05-22T04:50:38.4630750Z Image: ubuntu-24.04
2026-05-22T04:50:38.4631841Z Version: 20260518.149.1
2026-05-22T04:50:38.4633737Z Included Software: https://github.com/actions/runner-images/blob/ubuntu24/20260518.149/images/ubuntu/Ubuntu2404-Readme.md
2026-05-22T04:50:38.4636075Z Image Release: https://github.com/actions/runner-images/releases/tag/ubuntu24%2F20260518.149
2026-05-22T04:50:38.4637626Z ##[endgroup]
2026-05-22T04:50:38.4639675Z ##[group]GITHUB_TOKEN Permissions
2026-05-22T04:50:38.4642869Z Actions: read
2026-05-22T04:50:38.4643771Z Checks: read
2026-05-22T04:50:38.4644559Z Contents: write
2026-05-22T04:50:38.4645279Z Metadata: read
2026-05-22T04:50:38.4646140Z PullRequests: read
2026-05-22T04:50:38.4646899Z ##[endgroup]
2026-05-22T04:50:38.4650184Z Secret source: Actions
2026-05-22T04:50:38.4651984Z Prepare workflow directory
2026-05-22T04:50:38.5209686Z Prepare all required actions
2026-05-22T04:50:38.5262116Z Getting action download info
2026-05-22T04:50:38.7858479Z Download action repository 'actions/checkout@v6' (SHA:de0fac2e4500dabe0009e67214ff5f5447ce83dd)
2026-05-22T04:50:39.0438817Z Complete job name: web-build
2026-05-22T04:50:39.1151905Z ##[group]Run actions/checkout@v6
2026-05-22T04:50:39.1153158Z with:
2026-05-22T04:50:39.1153587Z   repository: akarlin3/prismTask
2026-05-22T04:50:39.1154293Z   token: ***
2026-05-22T04:50:39.1154693Z   ssh-strict: true
2026-05-22T04:50:39.1155101Z   ssh-user: git
2026-05-22T04:50:39.1155502Z   persist-credentials: true
2026-05-22T04:50:39.1155946Z   clean: true
2026-05-22T04:50:39.1156358Z   sparse-checkout-cone-mode: true
2026-05-22T04:50:39.1156842Z   fetch-depth: 1
2026-05-22T04:50:39.1157229Z   fetch-tags: false
2026-05-22T04:50:39.1157643Z   show-progress: true
2026-05-22T04:50:39.1158048Z   lfs: false
2026-05-22T04:50:39.1158425Z   submodules: false
2026-05-22T04:50:39.1158834Z   set-safe-directory: true
2026-05-22T04:50:39.1159535Z ##[endgroup]
2026-05-22T04:50:39.2284659Z Syncing repository: akarlin3/prismTask
2026-05-22T04:50:39.2287552Z ##[group]Getting Git version info
2026-05-22T04:50:39.2289808Z Working directory is '/home/runner/work/prismTask/prismTask'
2026-05-22T04:50:39.2292644Z [command]/usr/bin/git version
2026-05-22T04:50:39.2339054Z git version 2.54.0
2026-05-22T04:50:39.2364480Z ##[endgroup]
2026-05-22T04:50:39.2384071Z Temporarily overriding HOME='/home/runner/work/_temp/d0dfe8ff-794e-4e07-be14-bf022e743513' before making global git config changes
2026-05-22T04:50:39.2388779Z Adding repository directory to the temporary git global config as a safe directory
2026-05-22T04:50:39.2390883Z [command]/usr/bin/git config --global --add safe.directory /home/runner/work/prismTask/prismTask
2026-05-22T04:50:39.2444061Z Deleting the contents of '/home/runner/work/prismTask/prismTask'
2026-05-22T04:50:39.2449191Z ##[group]Initializing the repository
2026-05-22T04:50:39.2455113Z [command]/usr/bin/git init /home/runner/work/prismTask/prismTask
2026-05-22T04:50:39.2545089Z hint: Using 'master' as the name for the initial branch. This default branch name
2026-05-22T04:50:39.2546829Z hint: will change to "main" in Git 3.0. To configure the initial branch name
2026-05-22T04:50:39.2548837Z hint: to use in all of your new repositories, which will suppress this warning,
2026-05-22T04:50:39.2550913Z hint: call:
2026-05-22T04:50:39.2552801Z hint:
2026-05-22T04:50:39.2554891Z hint: 	git config --global init.defaultBranch <name>
2026-05-22T04:50:39.2556419Z hint:
2026-05-22T04:50:39.2557946Z hint: Names commonly chosen instead of 'master' are 'main', 'trunk' and
2026-05-22T04:50:39.2559845Z hint: 'development'. The just-created branch can be renamed via this command:
2026-05-22T04:50:39.2562060Z hint:
2026-05-22T04:50:39.2563339Z hint: 	git branch -m <name>
2026-05-22T04:50:39.2564868Z hint:
2026-05-22T04:50:39.2566269Z hint: Disable this message with "git config set advice.defaultBranchName false"
2026-05-22T04:50:39.2568602Z Initialized empty Git repository in /home/runner/work/prismTask/prismTask/.git/
2026-05-22T04:50:39.2574421Z [command]/usr/bin/git remote add origin https://github.com/akarlin3/prismTask
2026-05-22T04:50:39.2648084Z ##[endgroup]
2026-05-22T04:50:39.2649358Z ##[group]Disabling automatic garbage collection
2026-05-22T04:50:39.2652001Z [command]/usr/bin/git config --local gc.auto 0
2026-05-22T04:50:39.2689637Z ##[endgroup]
2026-05-22T04:50:39.2691693Z ##[group]Setting up auth
2026-05-22T04:50:39.2693486Z Removing SSH command configuration
2026-05-22T04:50:39.2698057Z [command]/usr/bin/git config --local --name-only --get-regexp core\.sshCommand
2026-05-22T04:50:39.2736664Z [command]/usr/bin/git submodule foreach --recursive sh -c "git config --local --name-only --get-regexp 'core\.sshCommand' && git config --local --unset-all 'core.sshCommand' || :"
2026-05-22T04:50:39.3097606Z Removing HTTP extra header
2026-05-22T04:50:39.3105010Z [command]/usr/bin/git config --local --name-only --get-regexp http\.https\:\/\/github\.com\/\.extraheader
2026-05-22T04:50:39.3144236Z [command]/usr/bin/git submodule foreach --recursive sh -c "git config --local --name-only --get-regexp 'http\.https\:\/\/github\.com\/\.extraheader' && git config --local --unset-all 'http.https://github.com/.extraheader' || :"
2026-05-22T04:50:39.3392728Z Removing includeIf entries pointing to credentials config files
2026-05-22T04:50:39.3398343Z [command]/usr/bin/git config --local --name-only --get-regexp ^includeIf\.gitdir:
2026-05-22T04:50:39.3440758Z [command]/usr/bin/git submodule foreach --recursive git config --local --show-origin --name-only --get-regexp remote.origin.url
2026-05-22T04:50:39.3688067Z [command]/usr/bin/git config --file /home/runner/work/_temp/git-credentials-b6985bf9-221b-4a75-a954-3026ca75e17a.config http.https://github.com/.extraheader AUTHORIZATION: basic ***
2026-05-22T04:50:39.3732322Z [command]/usr/bin/git config --local includeIf.gitdir:/home/runner/work/prismTask/prismTask/.git.path /home/runner/work/_temp/git-credentials-b6985bf9-221b-4a75-a954-3026ca75e17a.config
2026-05-22T04:50:39.3772654Z [command]/usr/bin/git config --local includeIf.gitdir:/home/runner/work/prismTask/prismTask/.git/worktrees/*.path /home/runner/work/_temp/git-credentials-b6985bf9-221b-4a75-a954-3026ca75e17a.config
2026-05-22T04:50:39.3953150Z [command]/usr/bin/git config --local includeIf.gitdir:/github/workspace/.git.path /github/runner_temp/git-credentials-b6985bf9-221b-4a75-a954-3026ca75e17a.config
2026-05-22T04:50:39.3958024Z [command]/usr/bin/git config --local includeIf.gitdir:/github/workspace/.git/worktrees/*.path /github/runner_temp/git-credentials-b6985bf9-221b-4a75-a954-3026ca75e17a.config
2026-05-22T04:50:39.3962244Z ##[endgroup]
2026-05-22T04:50:39.3963471Z ##[group]Fetching the repository
2026-05-22T04:50:39.3965860Z [command]/usr/bin/git -c protocol.version=2 fetch --no-tags --prune --no-recurse-submodules --depth=1 origin +dae00c150643a25eb89461b265b40e0cd6555e1e:refs/remotes/pull/1694/merge
2026-05-22T04:50:41.2803963Z From https://github.com/akarlin3/prismTask
2026-05-22T04:50:41.2805641Z  * [new ref]         dae00c150643a25eb89461b265b40e0cd6555e1e -> pull/1694/merge
2026-05-22T04:50:41.2846895Z ##[endgroup]
2026-05-22T04:50:41.2847968Z ##[group]Determining the checkout info
2026-05-22T04:50:41.2849298Z ##[endgroup]
2026-05-22T04:50:41.2855522Z [command]/usr/bin/git sparse-checkout disable
2026-05-22T04:50:41.2911004Z [command]/usr/bin/git config --local --unset-all extensions.worktreeConfig
2026-05-22T04:50:41.2944016Z ##[group]Checking out the ref
2026-05-22T04:50:41.2948429Z [command]/usr/bin/git checkout --progress --force refs/remotes/pull/1694/merge
2026-05-22T04:50:41.6316418Z Note: switching to 'refs/remotes/pull/1694/merge'.
2026-05-22T04:50:41.6327877Z 
2026-05-22T04:50:41.6342734Z You are in 'detached HEAD' state. You can look around, make experimental
2026-05-22T04:50:41.6343932Z changes and commit them, and you can discard any commits you make in this
2026-05-22T04:50:41.6344952Z state without impacting any branches by switching back to a branch.
2026-05-22T04:50:41.6345555Z 
2026-05-22T04:50:41.6345999Z If you want to create a new branch to retain commits you create, you may
2026-05-22T04:50:41.6346945Z do so (now or later) by using -c with the switch command. Example:
2026-05-22T04:50:41.6347690Z 
2026-05-22T04:50:41.6348010Z   git switch -c <new-branch-name>
2026-05-22T04:50:41.6348432Z 
2026-05-22T04:50:41.6348741Z Or undo this operation with:
2026-05-22T04:50:41.6349173Z 
2026-05-22T04:50:41.6349418Z   git switch -
2026-05-22T04:50:41.6349797Z 
2026-05-22T04:50:41.6350356Z Turn off this advice by setting config variable advice.detachedHead to false
2026-05-22T04:50:41.6351013Z 
2026-05-22T04:50:41.6351906Z HEAD is now at dae00c1 Merge 36b740a28cfafa50a2a8ede963bb46e57ca0d1d4 into f1e2942ca1e8f72a05e9f363597488d1618673d1
2026-05-22T04:50:41.6364310Z ##[endgroup]
2026-05-22T04:50:41.6438019Z [command]/usr/bin/git log -1 --format=%H
2026-05-22T04:50:41.6458034Z dae00c150643a25eb89461b265b40e0cd6555e1e
2026-05-22T04:50:41.6753886Z Prepare all required actions
2026-05-22T04:50:41.6754339Z Getting action download info
2026-05-22T04:50:41.8031122Z Download action repository 'actions/setup-node@v4' (SHA:49933ea5288caeca8642d1e84afbd3f7d6820020)
2026-05-22T04:50:41.9136228Z ##[group]Run ./.github/actions/setup-node-web
2026-05-22T04:50:41.9136562Z ##[endgroup]
2026-05-22T04:50:41.9266341Z ##[group]Run actions/setup-node@v4
2026-05-22T04:50:41.9266693Z with:
2026-05-22T04:50:41.9266887Z   node-version: 22
2026-05-22T04:50:41.9267106Z   cache: npm
2026-05-22T04:50:41.9267346Z   cache-dependency-path: web/package-lock.json
2026-05-22T04:50:41.9267654Z   always-auth: false
2026-05-22T04:50:41.9267876Z   check-latest: false
2026-05-22T04:50:41.9268226Z   token: ***
2026-05-22T04:50:41.9268432Z ##[endgroup]
2026-05-22T04:50:42.1974061Z Found in cache @ /opt/hostedtoolcache/node/22.22.3/x64
2026-05-22T04:50:42.1992188Z ##[group]Environment details
2026-05-22T04:50:42.6472235Z node: v22.22.3
2026-05-22T04:50:42.6478365Z npm: 10.9.8
2026-05-22T04:50:42.6479022Z yarn: 1.22.22
2026-05-22T04:50:42.6479979Z ##[endgroup]
2026-05-22T04:50:42.6487014Z [command]/opt/hostedtoolcache/node/22.22.3/x64/bin/npm config get cache
2026-05-22T04:50:42.7632580Z /home/runner/.npm
2026-05-22T04:50:42.8750668Z npm cache is not found
2026-05-22T04:50:42.8974500Z ##[group]Run npm ci
2026-05-22T04:50:42.8974910Z [36;1mnpm ci[0m
2026-05-22T04:50:42.9041078Z shell: /usr/bin/bash --noprofile --norc -e -o pipefail {0}
2026-05-22T04:50:42.9041808Z ##[endgroup]
2026-05-22T04:50:57.8048159Z 
2026-05-22T04:50:57.8056917Z added 436 packages, and audited 437 packages in 15s
2026-05-22T04:50:57.8057894Z 
2026-05-22T04:50:57.8058310Z 94 packages are looking for funding
2026-05-22T04:50:57.8058898Z   run `npm fund` for details
2026-05-22T04:50:57.8129724Z 
2026-05-22T04:50:57.8130303Z 4 vulnerabilities (3 moderate, 1 critical)
2026-05-22T04:50:57.8130826Z 
2026-05-22T04:50:57.8131148Z To address all issues, run:
2026-05-22T04:50:57.8131902Z   npm audit fix
2026-05-22T04:50:57.8132279Z 
2026-05-22T04:50:57.8132576Z Run `npm audit` for details.
2026-05-22T04:50:57.8793764Z ##[group]Run npm run build
2026-05-22T04:50:57.8794081Z [36;1mnpm run build[0m
2026-05-22T04:50:57.8831673Z shell: /usr/bin/bash -e {0}
2026-05-22T04:50:57.8831948Z ##[endgroup]
2026-05-22T04:50:57.9871182Z 
2026-05-22T04:50:57.9872315Z > web@2.0.0 build
2026-05-22T04:50:57.9873334Z > tsc -b && vite build
2026-05-22T04:50:57.9874352Z 
2026-05-22T04:51:14.4461116Z ##[error]src/utils/__tests__/burnoutScorer.test.ts(11,40): error TS2352: Conversion of type '{ id: string; mood: number; energy: number; timestamp: string; user_id: string; date: string; notes: string; }[]' to type 'MoodEnergyLog[]' may be a mistake because neither type sufficiently overlaps with the other. If this was intentional, convert the expression to 'unknown' first.
2026-05-22T04:51:14.4474810Z   Object literal may only specify known properties, and 'timestamp' does not exist in type 'MoodEnergyLog'.
2026-05-22T04:51:14.4477288Z ##[error]src/utils/__tests__/notifications.test.ts(14,18): error TS2339: Property 'requestPermission' does not exist on type 'Mock<Procedure>'.
2026-05-22T04:51:14.4486630Z ##[error]src/utils/__tests__/notifications.test.ts(25,22): error TS2339: Property 'requestPermission' does not exist on type 'Mock<Procedure>'.
2026-05-22T04:51:14.4506238Z ##[error]src/utils/__tests__/notifications.test.ts(26,22): error TS2339: Property 'permission' does not exist on type 'Mock<Procedure>'.
2026-05-22T04:51:14.4517918Z ##[error]src/utils/__tests__/notifications.test.ts(60,24): error TS2339: Property 'permission' does not exist on type 'Mock<Procedure>'.
2026-05-22T04:51:14.4520931Z ##[error]src/utils/__tests__/notifications.test.ts(66,24): error TS2339: Property 'permission' does not exist on type 'Mock<Procedure>'.
2026-05-22T04:51:14.4524093Z ##[error]src/utils/__tests__/notifications.test.ts(72,24): error TS2339: Property 'permission' does not exist on type 'Mock<Procedure>'.
2026-05-22T04:51:14.4527022Z ##[error]src/utils/__tests__/notifications.test.ts(74,31): error TS2339: Property 'requestPermission' does not exist on type 'Mock<Procedure>'.
2026-05-22T04:51:14.4529639Z ##[error]src/utils/__tests__/notifications.test.ts(89,24): error TS2339: Property 'permission' does not exist on type 'Mock<Procedure>'.
2026-05-22T04:51:14.4572623Z ##[error]src/utils/__tests__/notifications.test.ts(104,24): error TS2339: Property 'permission' does not exist on type 'Mock<Procedure>'.
2026-05-22T04:51:14.4575655Z ##[error]src/utils/__tests__/notifications.test.ts(109,24): error TS2339: Property 'permission' does not exist on type 'Mock<Procedure>'.
2026-05-22T04:51:14.4578404Z ##[error]src/utils/__tests__/notifications.test.ts(122,24): error TS2339: Property 'permission' does not exist on type 'Mock<Procedure>'.
2026-05-22T04:51:14.4580935Z ##[error]src/utils/__tests__/notifications.test.ts(137,24): error TS2339: Property 'permission' does not exist on type 'Mock<Procedure>'.
2026-05-22T04:51:14.4606508Z ##[error]src/utils/__tests__/notifications.test.ts(149,24): error TS2339: Property 'permission' does not exist on type 'Mock<Procedure>'.
2026-05-22T04:51:14.4609394Z ##[error]src/utils/__tests__/notifications.test.ts(163,24): error TS2339: Property 'permission' does not exist on type 'Mock<Procedure>'.
2026-05-22T04:51:15.4613398Z ##[error]Process completed with exit code 2.
2026-05-22T04:51:15.4683202Z Post job cleanup.
2026-05-22T04:51:15.4768807Z Post job cleanup.
2026-05-22T04:51:15.5693622Z [command]/usr/bin/git version
2026-05-22T04:51:15.5737521Z git version 2.54.0
2026-05-22T04:51:15.5780998Z Temporarily overriding HOME='/home/runner/work/_temp/b377373a-272a-4e46-8f41-656fd1944786' before making global git config changes
2026-05-22T04:51:15.5782968Z Adding repository directory to the temporary git global config as a safe directory
2026-05-22T04:51:15.5787580Z [command]/usr/bin/git config --global --add safe.directory /home/runner/work/prismTask/prismTask
2026-05-22T04:51:15.5827270Z Removing SSH command configuration
2026-05-22T04:51:15.5834946Z [command]/usr/bin/git config --local --name-only --get-regexp core\.sshCommand
2026-05-22T04:51:15.5878762Z [command]/usr/bin/git submodule foreach --recursive sh -c "git config --local --name-only --get-regexp 'core\.sshCommand' && git config --local --unset-all 'core.sshCommand' || :"
2026-05-22T04:51:15.6169924Z Removing HTTP extra header
2026-05-22T04:51:15.6177312Z [command]/usr/bin/git config --local --name-only --get-regexp http\.https\:\/\/github\.com\/\.extraheader
2026-05-22T04:51:15.6219655Z [command]/usr/bin/git submodule foreach --recursive sh -c "git config --local --name-only --get-regexp 'http\.https\:\/\/github\.com\/\.extraheader' && git config --local --unset-all 'http.https://github.com/.extraheader' || :"
2026-05-22T04:51:15.6467129Z Removing includeIf entries pointing to credentials config files
2026-05-22T04:51:15.6474569Z [command]/usr/bin/git config --local --name-only --get-regexp ^includeIf\.gitdir:
2026-05-22T04:51:15.6504322Z includeif.gitdir:/home/runner/work/prismTask/prismTask/.git.path
2026-05-22T04:51:15.6506371Z includeif.gitdir:/home/runner/work/prismTask/prismTask/.git/worktrees/*.path
2026-05-22T04:51:15.6507495Z includeif.gitdir:/github/workspace/.git.path
2026-05-22T04:51:15.6508524Z includeif.gitdir:/github/workspace/.git/worktrees/*.path
2026-05-22T04:51:15.6515537Z [command]/usr/bin/git config --local --get-all includeif.gitdir:/home/runner/work/prismTask/prismTask/.git.path
2026-05-22T04:51:15.6541690Z /home/runner/work/_temp/git-credentials-b6985bf9-221b-4a75-a954-3026ca75e17a.config
2026-05-22T04:51:15.6554801Z [command]/usr/bin/git config --local --unset includeif.gitdir:/home/runner/work/prismTask/prismTask/.git.path /home/runner/work/_temp/git-credentials-b6985bf9-221b-4a75-a954-3026ca75e17a.config
2026-05-22T04:51:15.6598259Z [command]/usr/bin/git config --local --get-all includeif.gitdir:/home/runner/work/prismTask/prismTask/.git/worktrees/*.path
2026-05-22T04:51:15.6632421Z /home/runner/work/_temp/git-credentials-b6985bf9-221b-4a75-a954-3026ca75e17a.config
2026-05-22T04:51:15.6648538Z [command]/usr/bin/git config --local --unset includeif.gitdir:/home/runner/work/prismTask/prismTask/.git/worktrees/*.path /home/runner/work/_temp/git-credentials-b6985bf9-221b-4a75-a954-3026ca75e17a.config
2026-05-22T04:51:15.6705585Z [command]/usr/bin/git config --local --get-all includeif.gitdir:/github/workspace/.git.path
2026-05-22T04:51:15.6747011Z /github/runner_temp/git-credentials-b6985bf9-221b-4a75-a954-3026ca75e17a.config
2026-05-22T04:51:15.6770926Z [command]/usr/bin/git config --local --unset includeif.gitdir:/github/workspace/.git.path /github/runner_temp/git-credentials-b6985bf9-221b-4a75-a954-3026ca75e17a.config
2026-05-22T04:51:15.6817390Z [command]/usr/bin/git config --local --get-all includeif.gitdir:/github/workspace/.git/worktrees/*.path
2026-05-22T04:51:15.6845561Z /github/runner_temp/git-credentials-b6985bf9-221b-4a75-a954-3026ca75e17a.config
2026-05-22T04:51:15.6865307Z [command]/usr/bin/git config --local --unset includeif.gitdir:/github/workspace/.git/worktrees/*.path /github/runner_temp/git-credentials-b6985bf9-221b-4a75-a954-3026ca75e17a.config
2026-05-22T04:51:15.6932984Z [command]/usr/bin/git submodule foreach --recursive git config --local --show-origin --name-only --get-regexp remote.origin.url
2026-05-22T04:51:15.7281960Z Removing credentials config '/home/runner/work/_temp/git-credentials-b6985bf9-221b-4a75-a954-3026ca75e17a.config'
2026-05-22T04:51:15.7441755Z Cleaning up orphan processes
2026-05-22T04:51:15.7705610Z ##[warning]Node.js 20 actions are deprecated. The following actions are running on Node.js 20 and may not work as expected: actions/setup-node@v4. Actions will be forced to run with Node.js 24 by default starting June 2nd, 2026. Node.js 20 will be removed from the runner on September 16th, 2026. Please check if updated versions of these actions are available that support Node.js 24. To opt into Node.js 24 now, set the FORCE_JAVASCRIPT_ACTIONS_TO_NODE24=true environment variable on the runner or in your workflow file. Once Node.js 24 becomes the default, you can temporarily opt out by setting ACTIONS_ALLOW_USE_UNSECURE_NODE_VERSION=true. For more information see: https://github.blog/changelog/2025-09-19-deprecation-of-node-20-on-github-actions-runners/


--- Job: web-lint-and-test (id 77318644042) ---
2026-05-22T04:52:19.4240613Z Current runner version: '2.334.0'
2026-05-22T04:52:19.4277676Z ##[group]Runner Image Provisioner
2026-05-22T04:52:19.4279139Z Hosted Compute Agent
2026-05-22T04:52:19.4280041Z Version: 20260213.493
2026-05-22T04:52:19.4280952Z Commit: 5c115507f6dd24b8de37d8bbe0bb4509d0cc0fa3
2026-05-22T04:52:19.4282201Z Build Date: 2026-02-13T00:28:41Z
2026-05-22T04:52:19.4283280Z Worker ID: {880223f5-5499-4f50-8df7-73c92fc3929f}
2026-05-22T04:52:19.4284786Z Azure Region: westus
2026-05-22T04:52:19.4285714Z ##[endgroup]
2026-05-22T04:52:19.4287960Z ##[group]Operating System
2026-05-22T04:52:19.4288884Z Ubuntu
2026-05-22T04:52:19.4289726Z 24.04.4
2026-05-22T04:52:19.4290589Z LTS
2026-05-22T04:52:19.4291378Z ##[endgroup]
2026-05-22T04:52:19.4292277Z ##[group]Runner Image
2026-05-22T04:52:19.4293169Z Image: ubuntu-24.04
2026-05-22T04:52:19.4294664Z Version: 20260518.149.1
2026-05-22T04:52:19.4296813Z Included Software: https://github.com/actions/runner-images/blob/ubuntu24/20260518.149/images/ubuntu/Ubuntu2404-Readme.md
2026-05-22T04:52:19.4299381Z Image Release: https://github.com/actions/runner-images/releases/tag/ubuntu24%2F20260518.149
2026-05-22T04:52:19.4301100Z ##[endgroup]
2026-05-22T04:52:19.4303298Z ##[group]GITHUB_TOKEN Permissions
2026-05-22T04:52:19.4306195Z Actions: read
2026-05-22T04:52:19.4307243Z Checks: read
2026-05-22T04:52:19.4308159Z Contents: write
2026-05-22T04:52:19.4309013Z Metadata: read
2026-05-22T04:52:19.4310000Z PullRequests: read
2026-05-22T04:52:19.4310909Z ##[endgroup]
2026-05-22T04:52:19.4314281Z Secret source: Actions
2026-05-22T04:52:19.4315652Z Prepare workflow directory
2026-05-22T04:52:19.5006690Z Prepare all required actions
2026-05-22T04:52:19.5150968Z Complete job name: web-lint-and-test
2026-05-22T04:52:19.7114928Z ##[group]Run if [ 'failure' != 'success' ]; then
2026-05-22T04:52:19.7116361Z [36;1mif [ 'failure' != 'success' ]; then[0m
2026-05-22T04:52:19.7117724Z [36;1m  echo "web-lint finished with failure" >&2[0m
2026-05-22T04:52:19.7119017Z [36;1m  exit 1[0m
2026-05-22T04:52:19.7119872Z [36;1mfi[0m
2026-05-22T04:52:19.7120937Z [36;1mif [ 'success' != 'success' ]; then[0m
2026-05-22T04:52:19.7122248Z [36;1m  echo "web-unit-tests finished with success" >&2[0m
2026-05-22T04:52:19.7123430Z [36;1m  exit 1[0m
2026-05-22T04:52:19.7144922Z [36;1mfi[0m
2026-05-22T04:52:19.7145868Z [36;1mif [ 'failure' != 'success' ]; then[0m
2026-05-22T04:52:19.7147286Z [36;1m  echo "web-build finished with failure" >&2[0m
2026-05-22T04:52:19.7148548Z [36;1m  exit 1[0m
2026-05-22T04:52:19.7149385Z [36;1mfi[0m
2026-05-22T04:52:19.7150658Z [36;1mecho "✓ Split web lint, unit-test shards, and build passed."[0m
2026-05-22T04:52:19.8162074Z shell: /usr/bin/bash -e {0}
2026-05-22T04:52:19.8184225Z ##[endgroup]
2026-05-22T04:52:19.8682457Z web-lint finished with failure
2026-05-22T04:52:19.8708894Z ##[error]Process completed with exit code 1.
2026-05-22T04:52:19.8968578Z Cleaning up orphan processes
