=== CI FAILURE ===
Workflow:      Web CI
Workflow file: averycorp/prismTask/.github/workflows/web-ci.yml@refs/pull/1363/merge
Job(s):        web-unit-tests (3, 3), web-unit-tests (2, 3), web-build, web-lint, web-unit-tests (1, 3), web-lint-and-test
Run ID:        25839387986
Run attempt:   1
Run URL:       https://github.com/averycorp/prismTask/actions/runs/25839387986
Commit:        c72397237709ccd0021a5964b081bef2fa627b69
Branch:        1363/merge
Event:         pull_request
Actor:         akarlin3
Runner OS:     Linux
Timestamp:     2026-05-14T03:11:42.861Z

Failed steps:
  - web-unit-tests (3, 3): #4 Run ./.github/actions/setup-node-web
  - web-unit-tests (2, 3): #4 Run ./.github/actions/setup-node-web
  - web-build: #4 Run ./.github/actions/setup-node-web
  - web-lint: #4 Run ./.github/actions/setup-node-web
  - web-unit-tests (1, 3): #4 Run ./.github/actions/setup-node-web
  - web-lint-and-test: #2 Verify split web checks

=== FAILED JOB LOG ===

--- Job: web-unit-tests (3, 3) (id 75921244094) ---
2026-05-14T03:11:11.3079138Z Current runner version: '2.334.0'
2026-05-14T03:11:11.3102283Z ##[group]Runner Image Provisioner
2026-05-14T03:11:11.3103068Z Hosted Compute Agent
2026-05-14T03:11:11.3103528Z Version: 20260213.493
2026-05-14T03:11:11.3104066Z Commit: 5c115507f6dd24b8de37d8bbe0bb4509d0cc0fa3
2026-05-14T03:11:11.3104645Z Build Date: 2026-02-13T00:28:41Z
2026-05-14T03:11:11.3105287Z Worker ID: {8b76ab53-4b6f-4484-b54d-d92115de9d8d}
2026-05-14T03:11:11.3105909Z Azure Region: northcentralus
2026-05-14T03:11:11.3106403Z ##[endgroup]
2026-05-14T03:11:11.3107706Z ##[group]Operating System
2026-05-14T03:11:11.3108204Z Ubuntu
2026-05-14T03:11:11.3108732Z 24.04.4
2026-05-14T03:11:11.3109171Z LTS
2026-05-14T03:11:11.3109572Z ##[endgroup]
2026-05-14T03:11:11.3110009Z ##[group]Runner Image
2026-05-14T03:11:11.3110517Z Image: ubuntu-24.04
2026-05-14T03:11:11.3110981Z Version: 20260413.86.1
2026-05-14T03:11:11.3112014Z Included Software: https://github.com/actions/runner-images/blob/ubuntu24/20260413.86/images/ubuntu/Ubuntu2404-Readme.md
2026-05-14T03:11:11.3113251Z Image Release: https://github.com/actions/runner-images/releases/tag/ubuntu24%2F20260413.86
2026-05-14T03:11:11.3114035Z ##[endgroup]
2026-05-14T03:11:11.3115076Z ##[group]GITHUB_TOKEN Permissions
2026-05-14T03:11:11.3117037Z Actions: read
2026-05-14T03:11:11.3117502Z Checks: read
2026-05-14T03:11:11.3118003Z Contents: write
2026-05-14T03:11:11.3118455Z Metadata: read
2026-05-14T03:11:11.3119024Z ##[endgroup]
2026-05-14T03:11:11.3121004Z Secret source: Actions
2026-05-14T03:11:11.3121667Z Prepare workflow directory
2026-05-14T03:11:11.3488322Z Prepare all required actions
2026-05-14T03:11:11.3524420Z Getting action download info
2026-05-14T03:11:11.6664884Z Download action repository 'actions/checkout@v6' (SHA:de0fac2e4500dabe0009e67214ff5f5447ce83dd)
2026-05-14T03:11:11.9382956Z Complete job name: web-unit-tests (3, 3)
2026-05-14T03:11:11.9932306Z ##[group]Run actions/checkout@v6
2026-05-14T03:11:11.9933186Z with:
2026-05-14T03:11:11.9933637Z   repository: averycorp/prismTask
2026-05-14T03:11:11.9934329Z   token: ***
2026-05-14T03:11:11.9934762Z   ssh-strict: true
2026-05-14T03:11:11.9935219Z   ssh-user: git
2026-05-14T03:11:11.9935615Z   persist-credentials: true
2026-05-14T03:11:11.9936112Z   clean: true
2026-05-14T03:11:11.9936511Z   sparse-checkout-cone-mode: true
2026-05-14T03:11:11.9937010Z   fetch-depth: 1
2026-05-14T03:11:11.9937460Z   fetch-tags: false
2026-05-14T03:11:11.9937850Z   show-progress: true
2026-05-14T03:11:11.9938299Z   lfs: false
2026-05-14T03:11:11.9938808Z   submodules: false
2026-05-14T03:11:11.9939483Z   set-safe-directory: true
2026-05-14T03:11:11.9940177Z ##[endgroup]
2026-05-14T03:11:12.0876519Z Syncing repository: averycorp/prismTask
2026-05-14T03:11:12.0878324Z ##[group]Getting Git version info
2026-05-14T03:11:12.0879197Z Working directory is '/home/runner/work/prismTask/prismTask'
2026-05-14T03:11:12.0880381Z [command]/usr/bin/git version
2026-05-14T03:11:12.0901317Z git version 2.53.0
2026-05-14T03:11:12.0921818Z ##[endgroup]
2026-05-14T03:11:12.0934613Z Temporarily overriding HOME='/home/runner/work/_temp/71d560a2-e52c-45b4-a2f4-6373eee39b16' before making global git config changes
2026-05-14T03:11:12.0936287Z Adding repository directory to the temporary git global config as a safe directory
2026-05-14T03:11:12.0939555Z [command]/usr/bin/git config --global --add safe.directory /home/runner/work/prismTask/prismTask
2026-05-14T03:11:12.0966039Z Deleting the contents of '/home/runner/work/prismTask/prismTask'
2026-05-14T03:11:12.0969518Z ##[group]Initializing the repository
2026-05-14T03:11:12.0973677Z [command]/usr/bin/git init /home/runner/work/prismTask/prismTask
2026-05-14T03:11:12.1041203Z hint: Using 'master' as the name for the initial branch. This default branch name
2026-05-14T03:11:12.1042144Z hint: will change to "main" in Git 3.0. To configure the initial branch name
2026-05-14T03:11:12.1043225Z hint: to use in all of your new repositories, which will suppress this warning,
2026-05-14T03:11:12.1044486Z hint: call:
2026-05-14T03:11:12.1045184Z hint:
2026-05-14T03:11:12.1046109Z hint: 	git config --global init.defaultBranch <name>
2026-05-14T03:11:12.1046756Z hint:
2026-05-14T03:11:12.1047347Z hint: Names commonly chosen instead of 'master' are 'main', 'trunk' and
2026-05-14T03:11:12.1048296Z hint: 'development'. The just-created branch can be renamed via this command:
2026-05-14T03:11:12.1049412Z hint:
2026-05-14T03:11:12.1050141Z hint: 	git branch -m <name>
2026-05-14T03:11:12.1050955Z hint:
2026-05-14T03:11:12.1051911Z hint: Disable this message with "git config set advice.defaultBranchName false"
2026-05-14T03:11:12.1053071Z Initialized empty Git repository in /home/runner/work/prismTask/prismTask/.git/
2026-05-14T03:11:12.1054893Z [command]/usr/bin/git remote add origin https://github.com/averycorp/prismTask
2026-05-14T03:11:12.1075452Z ##[endgroup]
2026-05-14T03:11:12.1076175Z ##[group]Disabling automatic garbage collection
2026-05-14T03:11:12.1078888Z [command]/usr/bin/git config --local gc.auto 0
2026-05-14T03:11:12.1101151Z ##[endgroup]
2026-05-14T03:11:12.1102272Z ##[group]Setting up auth
2026-05-14T03:11:12.1103129Z Removing SSH command configuration
2026-05-14T03:11:12.1106773Z [command]/usr/bin/git config --local --name-only --get-regexp core\.sshCommand
2026-05-14T03:11:12.1130103Z [command]/usr/bin/git submodule foreach --recursive sh -c "git config --local --name-only --get-regexp 'core\.sshCommand' && git config --local --unset-all 'core.sshCommand' || :"
2026-05-14T03:11:12.1358282Z Removing HTTP extra header
2026-05-14T03:11:12.1363550Z [command]/usr/bin/git config --local --name-only --get-regexp http\.https\:\/\/github\.com\/\.extraheader
2026-05-14T03:11:12.1480509Z [command]/usr/bin/git submodule foreach --recursive sh -c "git config --local --name-only --get-regexp 'http\.https\:\/\/github\.com\/\.extraheader' && git config --local --unset-all 'http.https://github.com/.extraheader' || :"
2026-05-14T03:11:12.1564493Z Removing includeIf entries pointing to credentials config files
2026-05-14T03:11:12.1570654Z [command]/usr/bin/git config --local --name-only --get-regexp ^includeIf\.gitdir:
2026-05-14T03:11:12.1597146Z [command]/usr/bin/git submodule foreach --recursive git config --local --show-origin --name-only --get-regexp remote.origin.url
2026-05-14T03:11:12.1762796Z [command]/usr/bin/git config --file /home/runner/work/_temp/git-credentials-4dca30fa-05ee-45b6-9a2e-c6c505601d00.config http.https://github.com/.extraheader AUTHORIZATION: basic ***
2026-05-14T03:11:12.1792366Z [command]/usr/bin/git config --local includeIf.gitdir:/home/runner/work/prismTask/prismTask/.git.path /home/runner/work/_temp/git-credentials-4dca30fa-05ee-45b6-9a2e-c6c505601d00.config
2026-05-14T03:11:12.1815685Z [command]/usr/bin/git config --local includeIf.gitdir:/home/runner/work/prismTask/prismTask/.git/worktrees/*.path /home/runner/work/_temp/git-credentials-4dca30fa-05ee-45b6-9a2e-c6c505601d00.config
2026-05-14T03:11:12.1838464Z [command]/usr/bin/git config --local includeIf.gitdir:/github/workspace/.git.path /github/runner_temp/git-credentials-4dca30fa-05ee-45b6-9a2e-c6c505601d00.config
2026-05-14T03:11:12.1863073Z [command]/usr/bin/git config --local includeIf.gitdir:/github/workspace/.git/worktrees/*.path /github/runner_temp/git-credentials-4dca30fa-05ee-45b6-9a2e-c6c505601d00.config
2026-05-14T03:11:12.1889183Z ##[endgroup]
2026-05-14T03:11:12.1890252Z ##[group]Fetching the repository
2026-05-14T03:11:12.1898229Z [command]/usr/bin/git -c protocol.version=2 fetch --no-tags --prune --no-recurse-submodules --depth=1 origin +c72397237709ccd0021a5964b081bef2fa627b69:refs/remotes/pull/1363/merge
2026-05-14T03:11:13.8929619Z From https://github.com/averycorp/prismTask
2026-05-14T03:11:13.8931590Z  * [new ref]         c72397237709ccd0021a5964b081bef2fa627b69 -> pull/1363/merge
2026-05-14T03:11:13.8958410Z ##[endgroup]
2026-05-14T03:11:13.8960181Z ##[group]Determining the checkout info
2026-05-14T03:11:13.8961986Z ##[endgroup]
2026-05-14T03:11:13.8964418Z [command]/usr/bin/git sparse-checkout disable
2026-05-14T03:11:13.8998369Z [command]/usr/bin/git config --local --unset-all extensions.worktreeConfig
2026-05-14T03:11:13.9022989Z ##[group]Checking out the ref
2026-05-14T03:11:13.9027151Z [command]/usr/bin/git checkout --progress --force refs/remotes/pull/1363/merge
2026-05-14T03:11:14.1565446Z Note: switching to 'refs/remotes/pull/1363/merge'.
2026-05-14T03:11:14.1567116Z 
2026-05-14T03:11:14.1567951Z You are in 'detached HEAD' state. You can look around, make experimental
2026-05-14T03:11:14.1570322Z changes and commit them, and you can discard any commits you make in this
2026-05-14T03:11:14.1572432Z state without impacting any branches by switching back to a branch.
2026-05-14T03:11:14.1573720Z 
2026-05-14T03:11:14.1574521Z If you want to create a new branch to retain commits you create, you may
2026-05-14T03:11:14.1576995Z do so (now or later) by using -c with the switch command. Example:
2026-05-14T03:11:14.1578214Z 
2026-05-14T03:11:14.1578750Z   git switch -c <new-branch-name>
2026-05-14T03:11:14.1579532Z 
2026-05-14T03:11:14.1579963Z Or undo this operation with:
2026-05-14T03:11:14.1580676Z 
2026-05-14T03:11:14.1581183Z   git switch -
2026-05-14T03:11:14.1581987Z 
2026-05-14T03:11:14.1583093Z Turn off this advice by setting config variable advice.detachedHead to false
2026-05-14T03:11:14.1584524Z 
2026-05-14T03:11:14.1586377Z HEAD is now at c723972 Merge f2aaf142b91a9bc63a1fdaedd2eb35b0a447bbfa into 9178b5568703c6bd12f4bc3db4cdba47c656d9c2
2026-05-14T03:11:14.1590745Z ##[endgroup]
2026-05-14T03:11:14.1611110Z [command]/usr/bin/git log -1 --format=%H
2026-05-14T03:11:14.1631096Z c72397237709ccd0021a5964b081bef2fa627b69
2026-05-14T03:11:14.1968768Z Prepare all required actions
2026-05-14T03:11:14.1970044Z Getting action download info
2026-05-14T03:11:14.3300527Z Download action repository 'actions/setup-node@v4' (SHA:49933ea5288caeca8642d1e84afbd3f7d6820020)
2026-05-14T03:11:14.4466644Z ##[group]Run ./.github/actions/setup-node-web
2026-05-14T03:11:14.4466998Z ##[endgroup]
2026-05-14T03:11:14.4596916Z ##[group]Run actions/setup-node@v4
2026-05-14T03:11:14.4597295Z with:
2026-05-14T03:11:14.4597530Z   node-version: 22
2026-05-14T03:11:14.4597762Z   cache: npm
2026-05-14T03:11:14.4598023Z   cache-dependency-path: web/package-lock.json
2026-05-14T03:11:14.4598343Z   always-auth: false
2026-05-14T03:11:14.4598789Z   check-latest: false
2026-05-14T03:11:14.4599320Z   token: ***
2026-05-14T03:11:14.4599570Z ##[endgroup]
2026-05-14T03:11:14.6742702Z Found in cache @ /opt/hostedtoolcache/node/22.22.2/x64
2026-05-14T03:11:14.6752298Z ##[group]Environment details
2026-05-14T03:11:21.7222347Z node: v22.22.2
2026-05-14T03:11:21.7223085Z npm: 10.9.7
2026-05-14T03:11:21.7223404Z yarn: 1.22.22
2026-05-14T03:11:21.7224963Z ##[endgroup]
2026-05-14T03:11:21.7243142Z [command]/opt/hostedtoolcache/node/22.22.2/x64/bin/npm config get cache
2026-05-14T03:11:21.9179294Z /home/runner/.npm
2026-05-14T03:11:22.0458290Z npm cache is not found
2026-05-14T03:11:22.0590417Z ##[group]Run npm ci
2026-05-14T03:11:22.0590765Z [36;1mnpm ci[0m
2026-05-14T03:11:22.0615749Z shell: /usr/bin/bash --noprofile --norc -e -o pipefail {0}
2026-05-14T03:11:22.0616106Z ##[endgroup]
2026-05-14T03:11:24.1692794Z npm error code ETARGET
2026-05-14T03:11:24.1693816Z npm error notarget No matching version found for idb@^8.0.4.
2026-05-14T03:11:24.1694732Z npm error notarget In most cases you or one of your dependencies are requesting
2026-05-14T03:11:24.1695588Z npm error notarget a package version that doesn't exist.
2026-05-14T03:11:24.1696923Z npm error A complete log of this run can be found in: /home/runner/.npm/_logs/2026-05-14T03_11_22_112Z-debug-0.log
2026-05-14T03:11:24.1896947Z ##[error]Process completed with exit code 1.
2026-05-14T03:11:24.1977058Z Post job cleanup.
2026-05-14T03:11:24.2055389Z Post job cleanup.
2026-05-14T03:11:24.2833614Z [command]/usr/bin/git version
2026-05-14T03:11:24.2865701Z git version 2.53.0
2026-05-14T03:11:24.2901974Z Temporarily overriding HOME='/home/runner/work/_temp/f4e7ea4e-b4a6-4077-81f1-0b5cd18cb3ac' before making global git config changes
2026-05-14T03:11:24.2903512Z Adding repository directory to the temporary git global config as a safe directory
2026-05-14T03:11:24.2907975Z [command]/usr/bin/git config --global --add safe.directory /home/runner/work/prismTask/prismTask
2026-05-14T03:11:24.2931791Z Removing SSH command configuration
2026-05-14T03:11:24.2937191Z [command]/usr/bin/git config --local --name-only --get-regexp core\.sshCommand
2026-05-14T03:11:24.2964988Z [command]/usr/bin/git submodule foreach --recursive sh -c "git config --local --name-only --get-regexp 'core\.sshCommand' && git config --local --unset-all 'core.sshCommand' || :"
2026-05-14T03:11:24.3138207Z Removing HTTP extra header
2026-05-14T03:11:24.3143325Z [command]/usr/bin/git config --local --name-only --get-regexp http\.https\:\/\/github\.com\/\.extraheader
2026-05-14T03:11:24.3169938Z [command]/usr/bin/git submodule foreach --recursive sh -c "git config --local --name-only --get-regexp 'http\.https\:\/\/github\.com\/\.extraheader' && git config --local --unset-all 'http.https://github.com/.extraheader' || :"
2026-05-14T03:11:24.3331106Z Removing includeIf entries pointing to credentials config files
2026-05-14T03:11:24.3337363Z [command]/usr/bin/git config --local --name-only --get-regexp ^includeIf\.gitdir:
2026-05-14T03:11:24.3356561Z includeif.gitdir:/home/runner/work/prismTask/prismTask/.git.path
2026-05-14T03:11:24.3357236Z includeif.gitdir:/home/runner/work/prismTask/prismTask/.git/worktrees/*.path
2026-05-14T03:11:24.3357698Z includeif.gitdir:/github/workspace/.git.path
2026-05-14T03:11:24.3358287Z includeif.gitdir:/github/workspace/.git/worktrees/*.path
2026-05-14T03:11:24.3364393Z [command]/usr/bin/git config --local --get-all includeif.gitdir:/home/runner/work/prismTask/prismTask/.git.path
2026-05-14T03:11:24.3381841Z /home/runner/work/_temp/git-credentials-4dca30fa-05ee-45b6-9a2e-c6c505601d00.config
2026-05-14T03:11:24.3390636Z [command]/usr/bin/git config --local --unset includeif.gitdir:/home/runner/work/prismTask/prismTask/.git.path /home/runner/work/_temp/git-credentials-4dca30fa-05ee-45b6-9a2e-c6c505601d00.config
2026-05-14T03:11:24.3418317Z [command]/usr/bin/git config --local --get-all includeif.gitdir:/home/runner/work/prismTask/prismTask/.git/worktrees/*.path
2026-05-14T03:11:24.3435990Z /home/runner/work/_temp/git-credentials-4dca30fa-05ee-45b6-9a2e-c6c505601d00.config
2026-05-14T03:11:24.3443052Z [command]/usr/bin/git config --local --unset includeif.gitdir:/home/runner/work/prismTask/prismTask/.git/worktrees/*.path /home/runner/work/_temp/git-credentials-4dca30fa-05ee-45b6-9a2e-c6c505601d00.config
2026-05-14T03:11:24.3466465Z [command]/usr/bin/git config --local --get-all includeif.gitdir:/github/workspace/.git.path
2026-05-14T03:11:24.3483019Z /github/runner_temp/git-credentials-4dca30fa-05ee-45b6-9a2e-c6c505601d00.config
2026-05-14T03:11:24.3488898Z [command]/usr/bin/git config --local --unset includeif.gitdir:/github/workspace/.git.path /github/runner_temp/git-credentials-4dca30fa-05ee-45b6-9a2e-c6c505601d00.config
2026-05-14T03:11:24.3511481Z [command]/usr/bin/git config --local --get-all includeif.gitdir:/github/workspace/.git/worktrees/*.path
2026-05-14T03:11:24.3526979Z /github/runner_temp/git-credentials-4dca30fa-05ee-45b6-9a2e-c6c505601d00.config
2026-05-14T03:11:24.3533717Z [command]/usr/bin/git config --local --unset includeif.gitdir:/github/workspace/.git/worktrees/*.path /github/runner_temp/git-credentials-4dca30fa-05ee-45b6-9a2e-c6c505601d00.config
2026-05-14T03:11:24.3557525Z [command]/usr/bin/git submodule foreach --recursive git config --local --show-origin --name-only --get-regexp remote.origin.url
2026-05-14T03:11:24.3727897Z Removing credentials config '/home/runner/work/_temp/git-credentials-4dca30fa-05ee-45b6-9a2e-c6c505601d00.config'
2026-05-14T03:11:24.3867495Z Cleaning up orphan processes
2026-05-14T03:11:24.4080565Z ##[warning]Node.js 20 actions are deprecated. The following actions are running on Node.js 20 and may not work as expected: actions/setup-node@v4. Actions will be forced to run with Node.js 24 by default starting June 2nd, 2026. Node.js 20 will be removed from the runner on September 16th, 2026. Please check if updated versions of these actions are available that support Node.js 24. To opt into Node.js 24 now, set the FORCE_JAVASCRIPT_ACTIONS_TO_NODE24=true environment variable on the runner or in your workflow file. Once Node.js 24 becomes the default, you can temporarily opt out by setting ACTIONS_ALLOW_USE_UNSECURE_NODE_VERSION=true. For more information see: https://github.blog/changelog/2025-09-19-deprecation-of-node-20-on-github-actions-runners/


--- Job: web-unit-tests (2, 3) (id 75921244095) ---
2026-05-14T03:11:16.9740983Z Current runner version: '2.334.0'
2026-05-14T03:11:16.9765546Z ##[group]Runner Image Provisioner
2026-05-14T03:11:16.9766416Z Hosted Compute Agent
2026-05-14T03:11:16.9766956Z Version: 20260213.493
2026-05-14T03:11:16.9767576Z Commit: 5c115507f6dd24b8de37d8bbe0bb4509d0cc0fa3
2026-05-14T03:11:16.9768219Z Build Date: 2026-02-13T00:28:41Z
2026-05-14T03:11:16.9768991Z Worker ID: {2788ba50-3677-45c4-b5da-77ce2066bfc1}
2026-05-14T03:11:16.9769628Z Azure Region: eastus2
2026-05-14T03:11:16.9770169Z ##[endgroup]
2026-05-14T03:11:16.9771831Z ##[group]Operating System
2026-05-14T03:11:16.9772456Z Ubuntu
2026-05-14T03:11:16.9772923Z 24.04.4
2026-05-14T03:11:16.9773499Z LTS
2026-05-14T03:11:16.9773977Z ##[endgroup]
2026-05-14T03:11:16.9774439Z ##[group]Runner Image
2026-05-14T03:11:16.9775050Z Image: ubuntu-24.04
2026-05-14T03:11:16.9775529Z Version: 20260413.86.1
2026-05-14T03:11:16.9776796Z Included Software: https://github.com/actions/runner-images/blob/ubuntu24/20260413.86/images/ubuntu/Ubuntu2404-Readme.md
2026-05-14T03:11:16.9778213Z Image Release: https://github.com/actions/runner-images/releases/tag/ubuntu24%2F20260413.86
2026-05-14T03:11:16.9779125Z ##[endgroup]
2026-05-14T03:11:16.9780296Z ##[group]GITHUB_TOKEN Permissions
2026-05-14T03:11:16.9782687Z Actions: read
2026-05-14T03:11:16.9783343Z Checks: read
2026-05-14T03:11:16.9783835Z Contents: write
2026-05-14T03:11:16.9784355Z Metadata: read
2026-05-14T03:11:16.9784892Z ##[endgroup]
2026-05-14T03:11:16.9786880Z Secret source: Actions
2026-05-14T03:11:16.9787640Z Prepare workflow directory
2026-05-14T03:11:17.0188573Z Prepare all required actions
2026-05-14T03:11:17.0225796Z Getting action download info
2026-05-14T03:11:17.3271501Z Download action repository 'actions/checkout@v6' (SHA:de0fac2e4500dabe0009e67214ff5f5447ce83dd)
2026-05-14T03:11:17.5181130Z Complete job name: web-unit-tests (2, 3)
2026-05-14T03:11:17.5809512Z ##[group]Run actions/checkout@v6
2026-05-14T03:11:17.5810278Z with:
2026-05-14T03:11:17.5810679Z   repository: averycorp/prismTask
2026-05-14T03:11:17.5811584Z   token: ***
2026-05-14T03:11:17.5811977Z   ssh-strict: true
2026-05-14T03:11:17.5812365Z   ssh-user: git
2026-05-14T03:11:17.5812758Z   persist-credentials: true
2026-05-14T03:11:17.5813200Z   clean: true
2026-05-14T03:11:17.5813604Z   sparse-checkout-cone-mode: true
2026-05-14T03:11:17.5814073Z   fetch-depth: 1
2026-05-14T03:11:17.5814462Z   fetch-tags: false
2026-05-14T03:11:17.5814851Z   show-progress: true
2026-05-14T03:11:17.5815249Z   lfs: false
2026-05-14T03:11:17.5815604Z   submodules: false
2026-05-14T03:11:17.5816006Z   set-safe-directory: true
2026-05-14T03:11:17.5816630Z ##[endgroup]
2026-05-14T03:11:17.6826741Z Syncing repository: averycorp/prismTask
2026-05-14T03:11:17.6829704Z ##[group]Getting Git version info
2026-05-14T03:11:17.6830772Z Working directory is '/home/runner/work/prismTask/prismTask'
2026-05-14T03:11:17.6832645Z [command]/usr/bin/git version
2026-05-14T03:11:17.6857768Z git version 2.53.0
2026-05-14T03:11:17.6879716Z ##[endgroup]
2026-05-14T03:11:17.6895704Z Temporarily overriding HOME='/home/runner/work/_temp/0abff939-59b0-4ecc-9fd8-08d1672f514e' before making global git config changes
2026-05-14T03:11:17.6897890Z Adding repository directory to the temporary git global config as a safe directory
2026-05-14T03:11:17.6902048Z [command]/usr/bin/git config --global --add safe.directory /home/runner/work/prismTask/prismTask
2026-05-14T03:11:17.6937880Z Deleting the contents of '/home/runner/work/prismTask/prismTask'
2026-05-14T03:11:17.6942326Z ##[group]Initializing the repository
2026-05-14T03:11:17.6947419Z [command]/usr/bin/git init /home/runner/work/prismTask/prismTask
2026-05-14T03:11:17.7012188Z hint: Using 'master' as the name for the initial branch. This default branch name
2026-05-14T03:11:17.7013762Z hint: will change to "main" in Git 3.0. To configure the initial branch name
2026-05-14T03:11:17.7015276Z hint: to use in all of your new repositories, which will suppress this warning,
2026-05-14T03:11:17.7016429Z hint: call:
2026-05-14T03:11:17.7017008Z hint:
2026-05-14T03:11:17.7018144Z hint: 	git config --global init.defaultBranch <name>
2026-05-14T03:11:17.7019081Z hint:
2026-05-14T03:11:17.7019954Z hint: Names commonly chosen instead of 'master' are 'main', 'trunk' and
2026-05-14T03:11:17.7021584Z hint: 'development'. The just-created branch can be renamed via this command:
2026-05-14T03:11:17.7022707Z hint:
2026-05-14T03:11:17.7023307Z hint: 	git branch -m <name>
2026-05-14T03:11:17.7024032Z hint:
2026-05-14T03:11:17.7024979Z hint: Disable this message with "git config set advice.defaultBranchName false"
2026-05-14T03:11:17.7026533Z Initialized empty Git repository in /home/runner/work/prismTask/prismTask/.git/
2026-05-14T03:11:17.7029014Z [command]/usr/bin/git remote add origin https://github.com/averycorp/prismTask
2026-05-14T03:11:17.7056940Z ##[endgroup]
2026-05-14T03:11:17.7058124Z ##[group]Disabling automatic garbage collection
2026-05-14T03:11:17.7061552Z [command]/usr/bin/git config --local gc.auto 0
2026-05-14T03:11:17.7090954Z ##[endgroup]
2026-05-14T03:11:17.7092298Z ##[group]Setting up auth
2026-05-14T03:11:17.7093100Z Removing SSH command configuration
2026-05-14T03:11:17.7098679Z [command]/usr/bin/git config --local --name-only --get-regexp core\.sshCommand
2026-05-14T03:11:17.7130609Z [command]/usr/bin/git submodule foreach --recursive sh -c "git config --local --name-only --get-regexp 'core\.sshCommand' && git config --local --unset-all 'core.sshCommand' || :"
2026-05-14T03:11:17.7431798Z Removing HTTP extra header
2026-05-14T03:11:17.7438322Z [command]/usr/bin/git config --local --name-only --get-regexp http\.https\:\/\/github\.com\/\.extraheader
2026-05-14T03:11:17.7473333Z [command]/usr/bin/git submodule foreach --recursive sh -c "git config --local --name-only --get-regexp 'http\.https\:\/\/github\.com\/\.extraheader' && git config --local --unset-all 'http.https://github.com/.extraheader' || :"
2026-05-14T03:11:17.7699484Z Removing includeIf entries pointing to credentials config files
2026-05-14T03:11:17.7705432Z [command]/usr/bin/git config --local --name-only --get-regexp ^includeIf\.gitdir:
2026-05-14T03:11:17.7737510Z [command]/usr/bin/git submodule foreach --recursive git config --local --show-origin --name-only --get-regexp remote.origin.url
2026-05-14T03:11:17.7980253Z [command]/usr/bin/git config --file /home/runner/work/_temp/git-credentials-5a11c0b7-0db8-469b-9e47-52545102ea8d.config http.https://github.com/.extraheader AUTHORIZATION: basic ***
2026-05-14T03:11:17.8018161Z [command]/usr/bin/git config --local includeIf.gitdir:/home/runner/work/prismTask/prismTask/.git.path /home/runner/work/_temp/git-credentials-5a11c0b7-0db8-469b-9e47-52545102ea8d.config
2026-05-14T03:11:17.8049856Z [command]/usr/bin/git config --local includeIf.gitdir:/home/runner/work/prismTask/prismTask/.git/worktrees/*.path /home/runner/work/_temp/git-credentials-5a11c0b7-0db8-469b-9e47-52545102ea8d.config
2026-05-14T03:11:17.8081134Z [command]/usr/bin/git config --local includeIf.gitdir:/github/workspace/.git.path /github/runner_temp/git-credentials-5a11c0b7-0db8-469b-9e47-52545102ea8d.config
2026-05-14T03:11:17.8114137Z [command]/usr/bin/git config --local includeIf.gitdir:/github/workspace/.git/worktrees/*.path /github/runner_temp/git-credentials-5a11c0b7-0db8-469b-9e47-52545102ea8d.config
2026-05-14T03:11:17.8148012Z ##[endgroup]
2026-05-14T03:11:17.8148993Z ##[group]Fetching the repository
2026-05-14T03:11:17.8158109Z [command]/usr/bin/git -c protocol.version=2 fetch --no-tags --prune --no-recurse-submodules --depth=1 origin +c72397237709ccd0021a5964b081bef2fa627b69:refs/remotes/pull/1363/merge
2026-05-14T03:11:19.4989393Z From https://github.com/averycorp/prismTask
2026-05-14T03:11:19.4994472Z  * [new ref]         c72397237709ccd0021a5964b081bef2fa627b69 -> pull/1363/merge
2026-05-14T03:11:19.5025070Z ##[endgroup]
2026-05-14T03:11:19.5026961Z ##[group]Determining the checkout info
2026-05-14T03:11:19.5029326Z ##[endgroup]
2026-05-14T03:11:19.5030673Z [command]/usr/bin/git sparse-checkout disable
2026-05-14T03:11:19.5536300Z [command]/usr/bin/git config --local --unset-all extensions.worktreeConfig
2026-05-14T03:11:19.5575513Z ##[group]Checking out the ref
2026-05-14T03:11:19.5580787Z [command]/usr/bin/git checkout --progress --force refs/remotes/pull/1363/merge
2026-05-14T03:11:19.8587121Z Note: switching to 'refs/remotes/pull/1363/merge'.
2026-05-14T03:11:19.8588617Z 
2026-05-14T03:11:19.8588974Z You are in 'detached HEAD' state. You can look around, make experimental
2026-05-14T03:11:19.8589805Z changes and commit them, and you can discard any commits you make in this
2026-05-14T03:11:19.8590617Z state without impacting any branches by switching back to a branch.
2026-05-14T03:11:19.8591105Z 
2026-05-14T03:11:19.8591662Z If you want to create a new branch to retain commits you create, you may
2026-05-14T03:11:19.8592425Z do so (now or later) by using -c with the switch command. Example:
2026-05-14T03:11:19.8592927Z 
2026-05-14T03:11:19.8593114Z   git switch -c <new-branch-name>
2026-05-14T03:11:19.8593404Z 
2026-05-14T03:11:19.8593599Z Or undo this operation with:
2026-05-14T03:11:19.8593906Z 
2026-05-14T03:11:19.8594072Z   git switch -
2026-05-14T03:11:19.8594303Z 
2026-05-14T03:11:19.8594695Z Turn off this advice by setting config variable advice.detachedHead to false
2026-05-14T03:11:19.8595185Z 
2026-05-14T03:11:19.8595770Z HEAD is now at c723972 Merge f2aaf142b91a9bc63a1fdaedd2eb35b0a447bbfa into 9178b5568703c6bd12f4bc3db4cdba47c656d9c2
2026-05-14T03:11:19.8612718Z ##[endgroup]
2026-05-14T03:11:19.8653681Z [command]/usr/bin/git log -1 --format=%H
2026-05-14T03:11:19.8678741Z c72397237709ccd0021a5964b081bef2fa627b69
2026-05-14T03:11:19.8965093Z Prepare all required actions
2026-05-14T03:11:19.8965561Z Getting action download info
2026-05-14T03:11:20.0342674Z Download action repository 'actions/setup-node@v4' (SHA:49933ea5288caeca8642d1e84afbd3f7d6820020)
2026-05-14T03:11:20.1338719Z ##[group]Run ./.github/actions/setup-node-web
2026-05-14T03:11:20.1339070Z ##[endgroup]
2026-05-14T03:11:20.1470159Z ##[group]Run actions/setup-node@v4
2026-05-14T03:11:20.1470507Z with:
2026-05-14T03:11:20.1470798Z   node-version: 22
2026-05-14T03:11:20.1471037Z   cache: npm
2026-05-14T03:11:20.1471537Z   cache-dependency-path: web/package-lock.json
2026-05-14T03:11:20.1471870Z   always-auth: false
2026-05-14T03:11:20.1472105Z   check-latest: false
2026-05-14T03:11:20.1544461Z   token: ***
2026-05-14T03:11:20.1544749Z ##[endgroup]
2026-05-14T03:11:20.3327562Z Found in cache @ /opt/hostedtoolcache/node/22.22.2/x64
2026-05-14T03:11:20.3333926Z ##[group]Environment details
2026-05-14T03:11:23.2982094Z node: v22.22.2
2026-05-14T03:11:23.2982738Z npm: 10.9.7
2026-05-14T03:11:23.2982966Z yarn: 1.22.22
2026-05-14T03:11:23.2984470Z ##[endgroup]
2026-05-14T03:11:23.3006109Z [command]/opt/hostedtoolcache/node/22.22.2/x64/bin/npm config get cache
2026-05-14T03:11:23.4700577Z /home/runner/.npm
2026-05-14T03:11:23.5695422Z npm cache is not found
2026-05-14T03:11:23.5849534Z ##[group]Run npm ci
2026-05-14T03:11:23.5849864Z [36;1mnpm ci[0m
2026-05-14T03:11:23.5884964Z shell: /usr/bin/bash --noprofile --norc -e -o pipefail {0}
2026-05-14T03:11:23.5885345Z ##[endgroup]
2026-05-14T03:11:24.9844120Z npm error code ETARGET
2026-05-14T03:11:24.9844689Z npm error notarget No matching version found for idb@^8.0.4.
2026-05-14T03:11:24.9845279Z npm error notarget In most cases you or one of your dependencies are requesting
2026-05-14T03:11:24.9845818Z npm error notarget a package version that doesn't exist.
2026-05-14T03:11:24.9847301Z npm error A complete log of this run can be found in: /home/runner/.npm/_logs/2026-05-14T03_11_23_653Z-debug-0.log
2026-05-14T03:11:25.0227660Z ##[error]Process completed with exit code 1.
2026-05-14T03:11:25.0313844Z Post job cleanup.
2026-05-14T03:11:25.0394570Z Post job cleanup.
2026-05-14T03:11:25.1267641Z [command]/usr/bin/git version
2026-05-14T03:11:25.1304267Z git version 2.53.0
2026-05-14T03:11:25.1344126Z Temporarily overriding HOME='/home/runner/work/_temp/de59fbc6-5f68-4743-80b0-46fffa1b9886' before making global git config changes
2026-05-14T03:11:25.1345552Z Adding repository directory to the temporary git global config as a safe directory
2026-05-14T03:11:25.1350127Z [command]/usr/bin/git config --global --add safe.directory /home/runner/work/prismTask/prismTask
2026-05-14T03:11:25.1382882Z Removing SSH command configuration
2026-05-14T03:11:25.1388709Z [command]/usr/bin/git config --local --name-only --get-regexp core\.sshCommand
2026-05-14T03:11:25.1423548Z [command]/usr/bin/git submodule foreach --recursive sh -c "git config --local --name-only --get-regexp 'core\.sshCommand' && git config --local --unset-all 'core.sshCommand' || :"
2026-05-14T03:11:25.1693733Z Removing HTTP extra header
2026-05-14T03:11:25.1699198Z [command]/usr/bin/git config --local --name-only --get-regexp http\.https\:\/\/github\.com\/\.extraheader
2026-05-14T03:11:25.1733693Z [command]/usr/bin/git submodule foreach --recursive sh -c "git config --local --name-only --get-regexp 'http\.https\:\/\/github\.com\/\.extraheader' && git config --local --unset-all 'http.https://github.com/.extraheader' || :"
2026-05-14T03:11:25.1966273Z Removing includeIf entries pointing to credentials config files
2026-05-14T03:11:25.1972639Z [command]/usr/bin/git config --local --name-only --get-regexp ^includeIf\.gitdir:
2026-05-14T03:11:25.1996406Z includeif.gitdir:/home/runner/work/prismTask/prismTask/.git.path
2026-05-14T03:11:25.1997401Z includeif.gitdir:/home/runner/work/prismTask/prismTask/.git/worktrees/*.path
2026-05-14T03:11:25.1998047Z includeif.gitdir:/github/workspace/.git.path
2026-05-14T03:11:25.1998448Z includeif.gitdir:/github/workspace/.git/worktrees/*.path
2026-05-14T03:11:25.2004950Z [command]/usr/bin/git config --local --get-all includeif.gitdir:/home/runner/work/prismTask/prismTask/.git.path
2026-05-14T03:11:25.2027188Z /home/runner/work/_temp/git-credentials-5a11c0b7-0db8-469b-9e47-52545102ea8d.config
2026-05-14T03:11:25.2038172Z [command]/usr/bin/git config --local --unset includeif.gitdir:/home/runner/work/prismTask/prismTask/.git.path /home/runner/work/_temp/git-credentials-5a11c0b7-0db8-469b-9e47-52545102ea8d.config
2026-05-14T03:11:25.2073778Z [command]/usr/bin/git config --local --get-all includeif.gitdir:/home/runner/work/prismTask/prismTask/.git/worktrees/*.path
2026-05-14T03:11:25.2095940Z /home/runner/work/_temp/git-credentials-5a11c0b7-0db8-469b-9e47-52545102ea8d.config
2026-05-14T03:11:25.2105855Z [command]/usr/bin/git config --local --unset includeif.gitdir:/home/runner/work/prismTask/prismTask/.git/worktrees/*.path /home/runner/work/_temp/git-credentials-5a11c0b7-0db8-469b-9e47-52545102ea8d.config
2026-05-14T03:11:25.2137711Z [command]/usr/bin/git config --local --get-all includeif.gitdir:/github/workspace/.git.path
2026-05-14T03:11:25.2160135Z /github/runner_temp/git-credentials-5a11c0b7-0db8-469b-9e47-52545102ea8d.config
2026-05-14T03:11:25.2168153Z [command]/usr/bin/git config --local --unset includeif.gitdir:/github/workspace/.git.path /github/runner_temp/git-credentials-5a11c0b7-0db8-469b-9e47-52545102ea8d.config
2026-05-14T03:11:25.2201039Z [command]/usr/bin/git config --local --get-all includeif.gitdir:/github/workspace/.git/worktrees/*.path
2026-05-14T03:11:25.2223029Z /github/runner_temp/git-credentials-5a11c0b7-0db8-469b-9e47-52545102ea8d.config
2026-05-14T03:11:25.2231632Z [command]/usr/bin/git config --local --unset includeif.gitdir:/github/workspace/.git/worktrees/*.path /github/runner_temp/git-credentials-5a11c0b7-0db8-469b-9e47-52545102ea8d.config
2026-05-14T03:11:25.2264334Z [command]/usr/bin/git submodule foreach --recursive git config --local --show-origin --name-only --get-regexp remote.origin.url
2026-05-14T03:11:25.2494111Z Removing credentials config '/home/runner/work/_temp/git-credentials-5a11c0b7-0db8-469b-9e47-52545102ea8d.config'
2026-05-14T03:11:25.2627031Z Cleaning up orphan processes
2026-05-14T03:11:25.2895324Z ##[warning]Node.js 20 actions are deprecated. The following actions are running on Node.js 20 and may not work as expected: actions/setup-node@v4. Actions will be forced to run with Node.js 24 by default starting June 2nd, 2026. Node.js 20 will be removed from the runner on September 16th, 2026. Please check if updated versions of these actions are available that support Node.js 24. To opt into Node.js 24 now, set the FORCE_JAVASCRIPT_ACTIONS_TO_NODE24=true environment variable on the runner or in your workflow file. Once Node.js 24 becomes the default, you can temporarily opt out by setting ACTIONS_ALLOW_USE_UNSECURE_NODE_VERSION=true. For more information see: https://github.blog/changelog/2025-09-19-deprecation-of-node-20-on-github-actions-runners/


--- Job: web-build (id 75921244098) ---
2026-05-14T03:11:17.5804591Z Current runner version: '2.334.0'
2026-05-14T03:11:17.5837398Z ##[group]Runner Image Provisioner
2026-05-14T03:11:17.5838548Z Hosted Compute Agent
2026-05-14T03:11:17.5839397Z Version: 20260213.493
2026-05-14T03:11:17.5840268Z Commit: 5c115507f6dd24b8de37d8bbe0bb4509d0cc0fa3
2026-05-14T03:11:17.5841506Z Build Date: 2026-02-13T00:28:41Z
2026-05-14T03:11:17.5842501Z Worker ID: {2aeeb0b0-d8fb-447f-abde-23b1586a48e1}
2026-05-14T03:11:17.5843534Z Azure Region: centralus
2026-05-14T03:11:17.5844715Z ##[endgroup]
2026-05-14T03:11:17.5846846Z ##[group]Operating System
2026-05-14T03:11:17.5847766Z Ubuntu
2026-05-14T03:11:17.5848524Z 24.04.4
2026-05-14T03:11:17.5849206Z LTS
2026-05-14T03:11:17.5849841Z ##[endgroup]
2026-05-14T03:11:17.5850733Z ##[group]Runner Image
2026-05-14T03:11:17.5851508Z Image: ubuntu-24.04
2026-05-14T03:11:17.5852328Z Version: 20260413.86.1
2026-05-14T03:11:17.5854414Z Included Software: https://github.com/actions/runner-images/blob/ubuntu24/20260413.86/images/ubuntu/Ubuntu2404-Readme.md
2026-05-14T03:11:17.5856984Z Image Release: https://github.com/actions/runner-images/releases/tag/ubuntu24%2F20260413.86
2026-05-14T03:11:17.5858403Z ##[endgroup]
2026-05-14T03:11:17.5860238Z ##[group]GITHUB_TOKEN Permissions
2026-05-14T03:11:17.5863157Z Actions: read
2026-05-14T03:11:17.5863938Z Checks: read
2026-05-14T03:11:17.5864822Z Contents: write
2026-05-14T03:11:17.5865660Z Metadata: read
2026-05-14T03:11:17.5866342Z ##[endgroup]
2026-05-14T03:11:17.5869051Z Secret source: Actions
2026-05-14T03:11:17.5870547Z Prepare workflow directory
2026-05-14T03:11:17.6306801Z Prepare all required actions
2026-05-14T03:11:17.6360339Z Getting action download info
2026-05-14T03:11:17.9471137Z Download action repository 'actions/checkout@v6' (SHA:de0fac2e4500dabe0009e67214ff5f5447ce83dd)
2026-05-14T03:11:18.1585093Z Complete job name: web-build
2026-05-14T03:11:18.2288736Z ##[group]Run actions/checkout@v6
2026-05-14T03:11:18.2289508Z with:
2026-05-14T03:11:18.2289910Z   repository: averycorp/prismTask
2026-05-14T03:11:18.2290629Z   token: ***
2026-05-14T03:11:18.2291011Z   ssh-strict: true
2026-05-14T03:11:18.2291396Z   ssh-user: git
2026-05-14T03:11:18.2291796Z   persist-credentials: true
2026-05-14T03:11:18.2292239Z   clean: true
2026-05-14T03:11:18.2292635Z   sparse-checkout-cone-mode: true
2026-05-14T03:11:18.2293110Z   fetch-depth: 1
2026-05-14T03:11:18.2293481Z   fetch-tags: false
2026-05-14T03:11:18.2293876Z   show-progress: true
2026-05-14T03:11:18.2294463Z   lfs: false
2026-05-14T03:11:18.2294830Z   submodules: false
2026-05-14T03:11:18.2295222Z   set-safe-directory: true
2026-05-14T03:11:18.2295847Z ##[endgroup]
2026-05-14T03:11:18.3281257Z Syncing repository: averycorp/prismTask
2026-05-14T03:11:18.3282945Z ##[group]Getting Git version info
2026-05-14T03:11:18.3283611Z Working directory is '/home/runner/work/prismTask/prismTask'
2026-05-14T03:11:18.3284998Z [command]/usr/bin/git version
2026-05-14T03:11:18.3310448Z git version 2.53.0
2026-05-14T03:11:18.3365010Z ##[endgroup]
2026-05-14T03:11:18.3380056Z Temporarily overriding HOME='/home/runner/work/_temp/484d56c9-1bb3-4570-9cd8-7367dbe19488' before making global git config changes
2026-05-14T03:11:18.3381895Z Adding repository directory to the temporary git global config as a safe directory
2026-05-14T03:11:18.3385526Z [command]/usr/bin/git config --global --add safe.directory /home/runner/work/prismTask/prismTask
2026-05-14T03:11:18.3424400Z Deleting the contents of '/home/runner/work/prismTask/prismTask'
2026-05-14T03:11:18.3428053Z ##[group]Initializing the repository
2026-05-14T03:11:18.3432615Z [command]/usr/bin/git init /home/runner/work/prismTask/prismTask
2026-05-14T03:11:18.3505058Z hint: Using 'master' as the name for the initial branch. This default branch name
2026-05-14T03:11:18.3506520Z hint: will change to "main" in Git 3.0. To configure the initial branch name
2026-05-14T03:11:18.3507738Z hint: to use in all of your new repositories, which will suppress this warning,
2026-05-14T03:11:18.3508565Z hint: call:
2026-05-14T03:11:18.3509124Z hint:
2026-05-14T03:11:18.3509919Z hint: 	git config --global init.defaultBranch <name>
2026-05-14T03:11:18.3510485Z hint:
2026-05-14T03:11:18.3511277Z hint: Names commonly chosen instead of 'master' are 'main', 'trunk' and
2026-05-14T03:11:18.3512467Z hint: 'development'. The just-created branch can be renamed via this command:
2026-05-14T03:11:18.3513146Z hint:
2026-05-14T03:11:18.3513512Z hint: 	git branch -m <name>
2026-05-14T03:11:18.3513942Z hint:
2026-05-14T03:11:18.3514784Z hint: Disable this message with "git config set advice.defaultBranchName false"
2026-05-14T03:11:18.3516288Z Initialized empty Git repository in /home/runner/work/prismTask/prismTask/.git/
2026-05-14T03:11:18.3518581Z [command]/usr/bin/git remote add origin https://github.com/averycorp/prismTask
2026-05-14T03:11:18.3548625Z ##[endgroup]
2026-05-14T03:11:18.3549655Z ##[group]Disabling automatic garbage collection
2026-05-14T03:11:18.3552347Z [command]/usr/bin/git config --local gc.auto 0
2026-05-14T03:11:18.3581333Z ##[endgroup]
2026-05-14T03:11:18.3582301Z ##[group]Setting up auth
2026-05-14T03:11:18.3583019Z Removing SSH command configuration
2026-05-14T03:11:18.3588247Z [command]/usr/bin/git config --local --name-only --get-regexp core\.sshCommand
2026-05-14T03:11:18.3619605Z [command]/usr/bin/git submodule foreach --recursive sh -c "git config --local --name-only --get-regexp 'core\.sshCommand' && git config --local --unset-all 'core.sshCommand' || :"
2026-05-14T03:11:18.3912371Z Removing HTTP extra header
2026-05-14T03:11:18.3918918Z [command]/usr/bin/git config --local --name-only --get-regexp http\.https\:\/\/github\.com\/\.extraheader
2026-05-14T03:11:18.3954717Z [command]/usr/bin/git submodule foreach --recursive sh -c "git config --local --name-only --get-regexp 'http\.https\:\/\/github\.com\/\.extraheader' && git config --local --unset-all 'http.https://github.com/.extraheader' || :"
2026-05-14T03:11:18.4183273Z Removing includeIf entries pointing to credentials config files
2026-05-14T03:11:18.4190011Z [command]/usr/bin/git config --local --name-only --get-regexp ^includeIf\.gitdir:
2026-05-14T03:11:18.4224594Z [command]/usr/bin/git submodule foreach --recursive git config --local --show-origin --name-only --get-regexp remote.origin.url
2026-05-14T03:11:18.4458465Z [command]/usr/bin/git config --file /home/runner/work/_temp/git-credentials-5986f67e-dc39-49a4-bb1a-a42140486516.config http.https://github.com/.extraheader AUTHORIZATION: basic ***
2026-05-14T03:11:18.4498317Z [command]/usr/bin/git config --local includeIf.gitdir:/home/runner/work/prismTask/prismTask/.git.path /home/runner/work/_temp/git-credentials-5986f67e-dc39-49a4-bb1a-a42140486516.config
2026-05-14T03:11:18.4530454Z [command]/usr/bin/git config --local includeIf.gitdir:/home/runner/work/prismTask/prismTask/.git/worktrees/*.path /home/runner/work/_temp/git-credentials-5986f67e-dc39-49a4-bb1a-a42140486516.config
2026-05-14T03:11:18.4563493Z [command]/usr/bin/git config --local includeIf.gitdir:/github/workspace/.git.path /github/runner_temp/git-credentials-5986f67e-dc39-49a4-bb1a-a42140486516.config
2026-05-14T03:11:18.4597885Z [command]/usr/bin/git config --local includeIf.gitdir:/github/workspace/.git/worktrees/*.path /github/runner_temp/git-credentials-5986f67e-dc39-49a4-bb1a-a42140486516.config
2026-05-14T03:11:18.4633715Z ##[endgroup]
2026-05-14T03:11:18.4634987Z ##[group]Fetching the repository
2026-05-14T03:11:18.4643293Z [command]/usr/bin/git -c protocol.version=2 fetch --no-tags --prune --no-recurse-submodules --depth=1 origin +c72397237709ccd0021a5964b081bef2fa627b69:refs/remotes/pull/1363/merge
2026-05-14T03:11:20.3968123Z From https://github.com/averycorp/prismTask
2026-05-14T03:11:20.3969799Z  * [new ref]         c72397237709ccd0021a5964b081bef2fa627b69 -> pull/1363/merge
2026-05-14T03:11:20.3999768Z ##[endgroup]
2026-05-14T03:11:20.4001109Z ##[group]Determining the checkout info
2026-05-14T03:11:20.4002596Z ##[endgroup]
2026-05-14T03:11:20.4007648Z [command]/usr/bin/git sparse-checkout disable
2026-05-14T03:11:20.4049054Z [command]/usr/bin/git config --local --unset-all extensions.worktreeConfig
2026-05-14T03:11:20.4080644Z ##[group]Checking out the ref
2026-05-14T03:11:20.4083977Z [command]/usr/bin/git checkout --progress --force refs/remotes/pull/1363/merge
2026-05-14T03:11:20.7010553Z Note: switching to 'refs/remotes/pull/1363/merge'.
2026-05-14T03:11:20.7011727Z 
2026-05-14T03:11:20.7012519Z You are in 'detached HEAD' state. You can look around, make experimental
2026-05-14T03:11:20.7014718Z changes and commit them, and you can discard any commits you make in this
2026-05-14T03:11:20.7016669Z state without impacting any branches by switching back to a branch.
2026-05-14T03:11:20.7017745Z 
2026-05-14T03:11:20.7018487Z If you want to create a new branch to retain commits you create, you may
2026-05-14T03:11:20.7019753Z do so (now or later) by using -c with the switch command. Example:
2026-05-14T03:11:20.7020570Z 
2026-05-14T03:11:20.7020900Z   git switch -c <new-branch-name>
2026-05-14T03:11:20.7021433Z 
2026-05-14T03:11:20.7021788Z Or undo this operation with:
2026-05-14T03:11:20.7022289Z 
2026-05-14T03:11:20.7022574Z   git switch -
2026-05-14T03:11:20.7022976Z 
2026-05-14T03:11:20.7023600Z Turn off this advice by setting config variable advice.detachedHead to false
2026-05-14T03:11:20.7024701Z 
2026-05-14T03:11:20.7025818Z HEAD is now at c723972 Merge f2aaf142b91a9bc63a1fdaedd2eb35b0a447bbfa into 9178b5568703c6bd12f4bc3db4cdba47c656d9c2
2026-05-14T03:11:20.7034700Z ##[endgroup]
2026-05-14T03:11:20.7076380Z [command]/usr/bin/git log -1 --format=%H
2026-05-14T03:11:20.7103269Z c72397237709ccd0021a5964b081bef2fa627b69
2026-05-14T03:11:20.7479117Z Prepare all required actions
2026-05-14T03:11:20.7480442Z Getting action download info
2026-05-14T03:11:20.9026142Z Download action repository 'actions/setup-node@v4' (SHA:49933ea5288caeca8642d1e84afbd3f7d6820020)
2026-05-14T03:11:21.0133969Z ##[group]Run ./.github/actions/setup-node-web
2026-05-14T03:11:21.0135300Z ##[endgroup]
2026-05-14T03:11:21.0329619Z ##[group]Run actions/setup-node@v4
2026-05-14T03:11:21.0330708Z with:
2026-05-14T03:11:21.0405931Z   node-version: 22
2026-05-14T03:11:21.0406926Z   cache: npm
2026-05-14T03:11:21.0407841Z   cache-dependency-path: web/package-lock.json
2026-05-14T03:11:21.0408965Z   always-auth: false
2026-05-14T03:11:21.0409785Z   check-latest: false
2026-05-14T03:11:21.0411008Z   token: ***
2026-05-14T03:11:21.0411749Z ##[endgroup]
2026-05-14T03:11:21.2307731Z Found in cache @ /opt/hostedtoolcache/node/22.22.2/x64
2026-05-14T03:11:21.2314327Z ##[group]Environment details
2026-05-14T03:11:21.5314636Z node: v22.22.2
2026-05-14T03:11:21.5315556Z npm: 10.9.7
2026-05-14T03:11:21.5316002Z yarn: 1.22.22
2026-05-14T03:11:21.5317139Z ##[endgroup]
2026-05-14T03:11:21.5338918Z [command]/opt/hostedtoolcache/node/22.22.2/x64/bin/npm config get cache
2026-05-14T03:11:21.6837025Z /home/runner/.npm
2026-05-14T03:11:21.8564950Z npm cache is not found
2026-05-14T03:11:21.8725624Z ##[group]Run npm ci
2026-05-14T03:11:21.8726026Z [36;1mnpm ci[0m
2026-05-14T03:11:21.8760024Z shell: /usr/bin/bash --noprofile --norc -e -o pipefail {0}
2026-05-14T03:11:21.8760457Z ##[endgroup]
2026-05-14T03:11:23.6629339Z npm error code ETARGET
2026-05-14T03:11:23.6630116Z npm error notarget No matching version found for idb@^8.0.4.
2026-05-14T03:11:23.6630700Z npm error notarget In most cases you or one of your dependencies are requesting
2026-05-14T03:11:23.6631489Z npm error notarget a package version that doesn't exist.
2026-05-14T03:11:23.6632641Z npm error A complete log of this run can be found in: /home/runner/.npm/_logs/2026-05-14T03_11_21_935Z-debug-0.log
2026-05-14T03:11:23.7015319Z ##[error]Process completed with exit code 1.
2026-05-14T03:11:23.7111926Z Post job cleanup.
2026-05-14T03:11:23.7199390Z Post job cleanup.
2026-05-14T03:11:23.8018392Z [command]/usr/bin/git version
2026-05-14T03:11:23.8055371Z git version 2.53.0
2026-05-14T03:11:23.8094659Z Temporarily overriding HOME='/home/runner/work/_temp/f5419caf-d46e-40df-9ed4-69072b0421ac' before making global git config changes
2026-05-14T03:11:23.8096196Z Adding repository directory to the temporary git global config as a safe directory
2026-05-14T03:11:23.8100768Z [command]/usr/bin/git config --global --add safe.directory /home/runner/work/prismTask/prismTask
2026-05-14T03:11:23.8132848Z Removing SSH command configuration
2026-05-14T03:11:23.8138968Z [command]/usr/bin/git config --local --name-only --get-regexp core\.sshCommand
2026-05-14T03:11:23.8172784Z [command]/usr/bin/git submodule foreach --recursive sh -c "git config --local --name-only --get-regexp 'core\.sshCommand' && git config --local --unset-all 'core.sshCommand' || :"
2026-05-14T03:11:23.8413606Z Removing HTTP extra header
2026-05-14T03:11:23.8420464Z [command]/usr/bin/git config --local --name-only --get-regexp http\.https\:\/\/github\.com\/\.extraheader
2026-05-14T03:11:23.8456459Z [command]/usr/bin/git submodule foreach --recursive sh -c "git config --local --name-only --get-regexp 'http\.https\:\/\/github\.com\/\.extraheader' && git config --local --unset-all 'http.https://github.com/.extraheader' || :"
2026-05-14T03:11:23.8701319Z Removing includeIf entries pointing to credentials config files
2026-05-14T03:11:23.8702393Z [command]/usr/bin/git config --local --name-only --get-regexp ^includeIf\.gitdir:
2026-05-14T03:11:23.8727551Z includeif.gitdir:/home/runner/work/prismTask/prismTask/.git.path
2026-05-14T03:11:23.8728458Z includeif.gitdir:/home/runner/work/prismTask/prismTask/.git/worktrees/*.path
2026-05-14T03:11:23.8728973Z includeif.gitdir:/github/workspace/.git.path
2026-05-14T03:11:23.8729403Z includeif.gitdir:/github/workspace/.git/worktrees/*.path
2026-05-14T03:11:23.8737151Z [command]/usr/bin/git config --local --get-all includeif.gitdir:/home/runner/work/prismTask/prismTask/.git.path
2026-05-14T03:11:23.8791483Z /home/runner/work/_temp/git-credentials-5986f67e-dc39-49a4-bb1a-a42140486516.config
2026-05-14T03:11:23.8802213Z [command]/usr/bin/git config --local --unset includeif.gitdir:/home/runner/work/prismTask/prismTask/.git.path /home/runner/work/_temp/git-credentials-5986f67e-dc39-49a4-bb1a-a42140486516.config
2026-05-14T03:11:23.8836584Z [command]/usr/bin/git config --local --get-all includeif.gitdir:/home/runner/work/prismTask/prismTask/.git/worktrees/*.path
2026-05-14T03:11:23.8859157Z /home/runner/work/_temp/git-credentials-5986f67e-dc39-49a4-bb1a-a42140486516.config
2026-05-14T03:11:23.8870307Z [command]/usr/bin/git config --local --unset includeif.gitdir:/home/runner/work/prismTask/prismTask/.git/worktrees/*.path /home/runner/work/_temp/git-credentials-5986f67e-dc39-49a4-bb1a-a42140486516.config
2026-05-14T03:11:23.8904206Z [command]/usr/bin/git config --local --get-all includeif.gitdir:/github/workspace/.git.path
2026-05-14T03:11:23.8926031Z /github/runner_temp/git-credentials-5986f67e-dc39-49a4-bb1a-a42140486516.config
2026-05-14T03:11:23.8933348Z [command]/usr/bin/git config --local --unset includeif.gitdir:/github/workspace/.git.path /github/runner_temp/git-credentials-5986f67e-dc39-49a4-bb1a-a42140486516.config
2026-05-14T03:11:23.8964524Z [command]/usr/bin/git config --local --get-all includeif.gitdir:/github/workspace/.git/worktrees/*.path
2026-05-14T03:11:23.8985555Z /github/runner_temp/git-credentials-5986f67e-dc39-49a4-bb1a-a42140486516.config
2026-05-14T03:11:23.8994778Z [command]/usr/bin/git config --local --unset includeif.gitdir:/github/workspace/.git/worktrees/*.path /github/runner_temp/git-credentials-5986f67e-dc39-49a4-bb1a-a42140486516.config
2026-05-14T03:11:23.9027953Z [command]/usr/bin/git submodule foreach --recursive git config --local --show-origin --name-only --get-regexp remote.origin.url
2026-05-14T03:11:23.9261926Z Removing credentials config '/home/runner/work/_temp/git-credentials-5986f67e-dc39-49a4-bb1a-a42140486516.config'
2026-05-14T03:11:23.9407273Z Cleaning up orphan processes
2026-05-14T03:11:23.9692307Z ##[warning]Node.js 20 actions are deprecated. The following actions are running on Node.js 20 and may not work as expected: actions/setup-node@v4. Actions will be forced to run with Node.js 24 by default starting June 2nd, 2026. Node.js 20 will be removed from the runner on September 16th, 2026. Please check if updated versions of these actions are available that support Node.js 24. To opt into Node.js 24 now, set the FORCE_JAVASCRIPT_ACTIONS_TO_NODE24=true environment variable on the runner or in your workflow file. Once Node.js 24 becomes the default, you can temporarily opt out by setting ACTIONS_ALLOW_USE_UNSECURE_NODE_VERSION=true. For more information see: https://github.blog/changelog/2025-09-19-deprecation-of-node-20-on-github-actions-runners/


--- Job: web-lint (id 75921244100) ---
2026-05-14T03:11:11.0523968Z Current runner version: '2.334.0'
2026-05-14T03:11:11.0548535Z ##[group]Runner Image Provisioner
2026-05-14T03:11:11.0549246Z Hosted Compute Agent
2026-05-14T03:11:11.0549831Z Version: 20260213.493
2026-05-14T03:11:11.0550345Z Commit: 5c115507f6dd24b8de37d8bbe0bb4509d0cc0fa3
2026-05-14T03:11:11.0550982Z Build Date: 2026-02-13T00:28:41Z
2026-05-14T03:11:11.0551594Z Worker ID: {5a5c08c9-b346-4f4d-b8c9-b4cb26e7a044}
2026-05-14T03:11:11.0552207Z Azure Region: northcentralus
2026-05-14T03:11:11.0552706Z ##[endgroup]
2026-05-14T03:11:11.0553960Z ##[group]Operating System
2026-05-14T03:11:11.0554461Z Ubuntu
2026-05-14T03:11:11.0554883Z 24.04.4
2026-05-14T03:11:11.0555346Z LTS
2026-05-14T03:11:11.0555730Z ##[endgroup]
2026-05-14T03:11:11.0556493Z ##[group]Runner Image
2026-05-14T03:11:11.0556981Z Image: ubuntu-24.04
2026-05-14T03:11:11.0557448Z Version: 20260413.86.1
2026-05-14T03:11:11.0558502Z Included Software: https://github.com/actions/runner-images/blob/ubuntu24/20260413.86/images/ubuntu/Ubuntu2404-Readme.md
2026-05-14T03:11:11.0559787Z Image Release: https://github.com/actions/runner-images/releases/tag/ubuntu24%2F20260413.86
2026-05-14T03:11:11.0560593Z ##[endgroup]
2026-05-14T03:11:11.0561627Z ##[group]GITHUB_TOKEN Permissions
2026-05-14T03:11:11.0563477Z Actions: read
2026-05-14T03:11:11.0563895Z Checks: read
2026-05-14T03:11:11.0564411Z Contents: write
2026-05-14T03:11:11.0564829Z Metadata: read
2026-05-14T03:11:11.0565288Z ##[endgroup]
2026-05-14T03:11:11.0568130Z Secret source: Actions
2026-05-14T03:11:11.0568738Z Prepare workflow directory
2026-05-14T03:11:11.0940207Z Prepare all required actions
2026-05-14T03:11:11.0978021Z Getting action download info
2026-05-14T03:11:11.4097549Z Download action repository 'actions/checkout@v6' (SHA:de0fac2e4500dabe0009e67214ff5f5447ce83dd)
2026-05-14T03:11:11.5799449Z Complete job name: web-lint
2026-05-14T03:11:11.6411255Z ##[group]Run actions/checkout@v6
2026-05-14T03:11:11.6412147Z with:
2026-05-14T03:11:11.6412561Z   repository: averycorp/prismTask
2026-05-14T03:11:11.6413286Z   token: ***
2026-05-14T03:11:11.6413740Z   ssh-strict: true
2026-05-14T03:11:11.6414158Z   ssh-user: git
2026-05-14T03:11:11.6414588Z   persist-credentials: true
2026-05-14T03:11:11.6415040Z   clean: true
2026-05-14T03:11:11.6415490Z   sparse-checkout-cone-mode: true
2026-05-14T03:11:11.6415964Z   fetch-depth: 1
2026-05-14T03:11:11.6416642Z   fetch-tags: false
2026-05-14T03:11:11.6417128Z   show-progress: true
2026-05-14T03:11:11.6417535Z   lfs: false
2026-05-14T03:11:11.6417956Z   submodules: false
2026-05-14T03:11:11.6418588Z   set-safe-directory: true
2026-05-14T03:11:11.6419335Z ##[endgroup]
2026-05-14T03:11:11.7364357Z Syncing repository: averycorp/prismTask
2026-05-14T03:11:11.7366305Z ##[group]Getting Git version info
2026-05-14T03:11:11.7367166Z Working directory is '/home/runner/work/prismTask/prismTask'
2026-05-14T03:11:11.7368402Z [command]/usr/bin/git version
2026-05-14T03:11:11.7390237Z git version 2.53.0
2026-05-14T03:11:11.7410507Z ##[endgroup]
2026-05-14T03:11:11.7423225Z Temporarily overriding HOME='/home/runner/work/_temp/d2276130-106c-43d5-8969-af2ad5adbf69' before making global git config changes
2026-05-14T03:11:11.7424892Z Adding repository directory to the temporary git global config as a safe directory
2026-05-14T03:11:11.7428221Z [command]/usr/bin/git config --global --add safe.directory /home/runner/work/prismTask/prismTask
2026-05-14T03:11:11.7457036Z Deleting the contents of '/home/runner/work/prismTask/prismTask'
2026-05-14T03:11:11.7460604Z ##[group]Initializing the repository
2026-05-14T03:11:11.7464578Z [command]/usr/bin/git init /home/runner/work/prismTask/prismTask
2026-05-14T03:11:11.7560922Z hint: Using 'master' as the name for the initial branch. This default branch name
2026-05-14T03:11:11.7563178Z hint: will change to "main" in Git 3.0. To configure the initial branch name
2026-05-14T03:11:11.7565050Z hint: to use in all of your new repositories, which will suppress this warning,
2026-05-14T03:11:11.7566650Z hint: call:
2026-05-14T03:11:11.7568003Z hint:
2026-05-14T03:11:11.7569336Z hint: 	git config --global init.defaultBranch <name>
2026-05-14T03:11:11.7570554Z hint:
2026-05-14T03:11:11.7571752Z hint: Names commonly chosen instead of 'master' are 'main', 'trunk' and
2026-05-14T03:11:11.7573259Z hint: 'development'. The just-created branch can be renamed via this command:
2026-05-14T03:11:11.7574445Z hint:
2026-05-14T03:11:11.7575307Z hint: 	git branch -m <name>
2026-05-14T03:11:11.7576257Z hint:
2026-05-14T03:11:11.7577237Z hint: Disable this message with "git config set advice.defaultBranchName false"
2026-05-14T03:11:11.7578969Z Initialized empty Git repository in /home/runner/work/prismTask/prismTask/.git/
2026-05-14T03:11:11.7581403Z [command]/usr/bin/git remote add origin https://github.com/averycorp/prismTask
2026-05-14T03:11:11.7601900Z ##[endgroup]
2026-05-14T03:11:11.7602744Z ##[group]Disabling automatic garbage collection
2026-05-14T03:11:11.7605286Z [command]/usr/bin/git config --local gc.auto 0
2026-05-14T03:11:11.7628709Z ##[endgroup]
2026-05-14T03:11:11.7629728Z ##[group]Setting up auth
2026-05-14T03:11:11.7630381Z Removing SSH command configuration
2026-05-14T03:11:11.7635237Z [command]/usr/bin/git config --local --name-only --get-regexp core\.sshCommand
2026-05-14T03:11:11.7660157Z [command]/usr/bin/git submodule foreach --recursive sh -c "git config --local --name-only --get-regexp 'core\.sshCommand' && git config --local --unset-all 'core.sshCommand' || :"
2026-05-14T03:11:11.7908227Z Removing HTTP extra header
2026-05-14T03:11:11.7914444Z [command]/usr/bin/git config --local --name-only --get-regexp http\.https\:\/\/github\.com\/\.extraheader
2026-05-14T03:11:11.7939970Z [command]/usr/bin/git submodule foreach --recursive sh -c "git config --local --name-only --get-regexp 'http\.https\:\/\/github\.com\/\.extraheader' && git config --local --unset-all 'http.https://github.com/.extraheader' || :"
2026-05-14T03:11:11.8231466Z Removing includeIf entries pointing to credentials config files
2026-05-14T03:11:11.8232997Z [command]/usr/bin/git config --local --name-only --get-regexp ^includeIf\.gitdir:
2026-05-14T03:11:11.8234994Z [command]/usr/bin/git submodule foreach --recursive git config --local --show-origin --name-only --get-regexp remote.origin.url
2026-05-14T03:11:11.8334829Z [command]/usr/bin/git config --file /home/runner/work/_temp/git-credentials-313ef3e9-4597-4b6c-99d7-30c02cd243ee.config http.https://github.com/.extraheader AUTHORIZATION: basic ***
2026-05-14T03:11:11.8366897Z [command]/usr/bin/git config --local includeIf.gitdir:/home/runner/work/prismTask/prismTask/.git.path /home/runner/work/_temp/git-credentials-313ef3e9-4597-4b6c-99d7-30c02cd243ee.config
2026-05-14T03:11:11.8394496Z [command]/usr/bin/git config --local includeIf.gitdir:/home/runner/work/prismTask/prismTask/.git/worktrees/*.path /home/runner/work/_temp/git-credentials-313ef3e9-4597-4b6c-99d7-30c02cd243ee.config
2026-05-14T03:11:11.8420132Z [command]/usr/bin/git config --local includeIf.gitdir:/github/workspace/.git.path /github/runner_temp/git-credentials-313ef3e9-4597-4b6c-99d7-30c02cd243ee.config
2026-05-14T03:11:11.8447804Z [command]/usr/bin/git config --local includeIf.gitdir:/github/workspace/.git/worktrees/*.path /github/runner_temp/git-credentials-313ef3e9-4597-4b6c-99d7-30c02cd243ee.config
2026-05-14T03:11:11.8477528Z ##[endgroup]
2026-05-14T03:11:11.8478189Z ##[group]Fetching the repository
2026-05-14T03:11:11.8486784Z [command]/usr/bin/git -c protocol.version=2 fetch --no-tags --prune --no-recurse-submodules --depth=1 origin +c72397237709ccd0021a5964b081bef2fa627b69:refs/remotes/pull/1363/merge
2026-05-14T03:11:13.5647794Z From https://github.com/averycorp/prismTask
2026-05-14T03:11:13.5649745Z  * [new ref]         c72397237709ccd0021a5964b081bef2fa627b69 -> pull/1363/merge
2026-05-14T03:11:13.5671495Z ##[endgroup]
2026-05-14T03:11:13.5673572Z ##[group]Determining the checkout info
2026-05-14T03:11:13.5675126Z ##[endgroup]
2026-05-14T03:11:13.5677323Z [command]/usr/bin/git sparse-checkout disable
2026-05-14T03:11:13.5709002Z [command]/usr/bin/git config --local --unset-all extensions.worktreeConfig
2026-05-14T03:11:13.5734869Z ##[group]Checking out the ref
2026-05-14T03:11:13.5738041Z [command]/usr/bin/git checkout --progress --force refs/remotes/pull/1363/merge
2026-05-14T03:11:13.8178572Z Note: switching to 'refs/remotes/pull/1363/merge'.
2026-05-14T03:11:13.8179847Z 
2026-05-14T03:11:13.8180223Z You are in 'detached HEAD' state. You can look around, make experimental
2026-05-14T03:11:13.8181021Z changes and commit them, and you can discard any commits you make in this
2026-05-14T03:11:13.8181805Z state without impacting any branches by switching back to a branch.
2026-05-14T03:11:13.8182252Z 
2026-05-14T03:11:13.8182556Z If you want to create a new branch to retain commits you create, you may
2026-05-14T03:11:13.8183333Z do so (now or later) by using -c with the switch command. Example:
2026-05-14T03:11:13.8183696Z 
2026-05-14T03:11:13.8183826Z   git switch -c <new-branch-name>
2026-05-14T03:11:13.8184013Z 
2026-05-14T03:11:13.8184160Z Or undo this operation with:
2026-05-14T03:11:13.8184351Z 
2026-05-14T03:11:13.8184478Z   git switch -
2026-05-14T03:11:13.8184640Z 
2026-05-14T03:11:13.8184902Z Turn off this advice by setting config variable advice.detachedHead to false
2026-05-14T03:11:13.8185190Z 
2026-05-14T03:11:13.8185573Z HEAD is now at c723972 Merge f2aaf142b91a9bc63a1fdaedd2eb35b0a447bbfa into 9178b5568703c6bd12f4bc3db4cdba47c656d9c2
2026-05-14T03:11:13.8193761Z ##[endgroup]
2026-05-14T03:11:13.8225149Z [command]/usr/bin/git log -1 --format=%H
2026-05-14T03:11:13.8243777Z c72397237709ccd0021a5964b081bef2fa627b69
2026-05-14T03:11:13.8502956Z Prepare all required actions
2026-05-14T03:11:13.8503451Z Getting action download info
2026-05-14T03:11:14.0030359Z Download action repository 'actions/setup-node@v4' (SHA:49933ea5288caeca8642d1e84afbd3f7d6820020)
2026-05-14T03:11:14.0847916Z ##[group]Run ./.github/actions/setup-node-web
2026-05-14T03:11:14.0848263Z ##[endgroup]
2026-05-14T03:11:14.0983055Z ##[group]Run actions/setup-node@v4
2026-05-14T03:11:14.0983413Z with:
2026-05-14T03:11:14.0983682Z   node-version: 22
2026-05-14T03:11:14.0983910Z   cache: npm
2026-05-14T03:11:14.0984156Z   cache-dependency-path: web/package-lock.json
2026-05-14T03:11:14.0984465Z   always-auth: false
2026-05-14T03:11:14.0984690Z   check-latest: false
2026-05-14T03:11:14.0985098Z   token: ***
2026-05-14T03:11:14.0985313Z ##[endgroup]
2026-05-14T03:11:14.2701144Z Found in cache @ /opt/hostedtoolcache/node/22.22.2/x64
2026-05-14T03:11:14.2707986Z ##[group]Environment details
2026-05-14T03:11:14.6939561Z node: v22.22.2
2026-05-14T03:11:14.6940172Z npm: 10.9.7
2026-05-14T03:11:14.6940458Z yarn: 1.22.22
2026-05-14T03:11:14.6941381Z ##[endgroup]
2026-05-14T03:11:14.6962650Z [command]/opt/hostedtoolcache/node/22.22.2/x64/bin/npm config get cache
2026-05-14T03:11:14.8049140Z /home/runner/.npm
2026-05-14T03:11:14.9379567Z npm cache is not found
2026-05-14T03:11:14.9504002Z ##[group]Run npm ci
2026-05-14T03:11:14.9504319Z [36;1mnpm ci[0m
2026-05-14T03:11:14.9532831Z shell: /usr/bin/bash --noprofile --norc -e -o pipefail {0}
2026-05-14T03:11:14.9533204Z ##[endgroup]
2026-05-14T03:11:15.7540479Z npm error code ETARGET
2026-05-14T03:11:15.7541504Z npm error notarget No matching version found for idb@^8.0.4.
2026-05-14T03:11:15.7542438Z npm error notarget In most cases you or one of your dependencies are requesting
2026-05-14T03:11:15.7543291Z npm error notarget a package version that doesn't exist.
2026-05-14T03:11:15.7544358Z npm error A complete log of this run can be found in: /home/runner/.npm/_logs/2026-05-14T03_11_15_004Z-debug-0.log
2026-05-14T03:11:15.7748904Z ##[error]Process completed with exit code 1.
2026-05-14T03:11:15.7830154Z Post job cleanup.
2026-05-14T03:11:15.7912520Z Post job cleanup.
2026-05-14T03:11:15.8733053Z [command]/usr/bin/git version
2026-05-14T03:11:15.8765737Z git version 2.53.0
2026-05-14T03:11:15.8801226Z Temporarily overriding HOME='/home/runner/work/_temp/a940b2b3-ee8a-44e6-8ee4-27faa3bdc6ee' before making global git config changes
2026-05-14T03:11:15.8806285Z Adding repository directory to the temporary git global config as a safe directory
2026-05-14T03:11:15.8807607Z [command]/usr/bin/git config --global --add safe.directory /home/runner/work/prismTask/prismTask
2026-05-14T03:11:15.8832781Z Removing SSH command configuration
2026-05-14T03:11:15.8839213Z [command]/usr/bin/git config --local --name-only --get-regexp core\.sshCommand
2026-05-14T03:11:15.8868764Z [command]/usr/bin/git submodule foreach --recursive sh -c "git config --local --name-only --get-regexp 'core\.sshCommand' && git config --local --unset-all 'core.sshCommand' || :"
2026-05-14T03:11:15.9074088Z Removing HTTP extra header
2026-05-14T03:11:15.9079943Z [command]/usr/bin/git config --local --name-only --get-regexp http\.https\:\/\/github\.com\/\.extraheader
2026-05-14T03:11:15.9111506Z [command]/usr/bin/git submodule foreach --recursive sh -c "git config --local --name-only --get-regexp 'http\.https\:\/\/github\.com\/\.extraheader' && git config --local --unset-all 'http.https://github.com/.extraheader' || :"
2026-05-14T03:11:15.9279067Z Removing includeIf entries pointing to credentials config files
2026-05-14T03:11:15.9285761Z [command]/usr/bin/git config --local --name-only --get-regexp ^includeIf\.gitdir:
2026-05-14T03:11:15.9303928Z includeif.gitdir:/home/runner/work/prismTask/prismTask/.git.path
2026-05-14T03:11:15.9304580Z includeif.gitdir:/home/runner/work/prismTask/prismTask/.git/worktrees/*.path
2026-05-14T03:11:15.9305026Z includeif.gitdir:/github/workspace/.git.path
2026-05-14T03:11:15.9305636Z includeif.gitdir:/github/workspace/.git/worktrees/*.path
2026-05-14T03:11:15.9311789Z [command]/usr/bin/git config --local --get-all includeif.gitdir:/home/runner/work/prismTask/prismTask/.git.path
2026-05-14T03:11:15.9329692Z /home/runner/work/_temp/git-credentials-313ef3e9-4597-4b6c-99d7-30c02cd243ee.config
2026-05-14T03:11:15.9338728Z [command]/usr/bin/git config --local --unset includeif.gitdir:/home/runner/work/prismTask/prismTask/.git.path /home/runner/work/_temp/git-credentials-313ef3e9-4597-4b6c-99d7-30c02cd243ee.config
2026-05-14T03:11:15.9366338Z [command]/usr/bin/git config --local --get-all includeif.gitdir:/home/runner/work/prismTask/prismTask/.git/worktrees/*.path
2026-05-14T03:11:15.9383047Z /home/runner/work/_temp/git-credentials-313ef3e9-4597-4b6c-99d7-30c02cd243ee.config
2026-05-14T03:11:15.9390835Z [command]/usr/bin/git config --local --unset includeif.gitdir:/home/runner/work/prismTask/prismTask/.git/worktrees/*.path /home/runner/work/_temp/git-credentials-313ef3e9-4597-4b6c-99d7-30c02cd243ee.config
2026-05-14T03:11:15.9415197Z [command]/usr/bin/git config --local --get-all includeif.gitdir:/github/workspace/.git.path
2026-05-14T03:11:15.9432247Z /github/runner_temp/git-credentials-313ef3e9-4597-4b6c-99d7-30c02cd243ee.config
2026-05-14T03:11:15.9438153Z [command]/usr/bin/git config --local --unset includeif.gitdir:/github/workspace/.git.path /github/runner_temp/git-credentials-313ef3e9-4597-4b6c-99d7-30c02cd243ee.config
2026-05-14T03:11:15.9460913Z [command]/usr/bin/git config --local --get-all includeif.gitdir:/github/workspace/.git/worktrees/*.path
2026-05-14T03:11:15.9476925Z /github/runner_temp/git-credentials-313ef3e9-4597-4b6c-99d7-30c02cd243ee.config
2026-05-14T03:11:15.9483590Z [command]/usr/bin/git config --local --unset includeif.gitdir:/github/workspace/.git/worktrees/*.path /github/runner_temp/git-credentials-313ef3e9-4597-4b6c-99d7-30c02cd243ee.config
2026-05-14T03:11:15.9508408Z [command]/usr/bin/git submodule foreach --recursive git config --local --show-origin --name-only --get-regexp remote.origin.url
2026-05-14T03:11:15.9675782Z Removing credentials config '/home/runner/work/_temp/git-credentials-313ef3e9-4597-4b6c-99d7-30c02cd243ee.config'
2026-05-14T03:11:15.9787610Z Cleaning up orphan processes
2026-05-14T03:11:16.0011537Z ##[warning]Node.js 20 actions are deprecated. The following actions are running on Node.js 20 and may not work as expected: actions/setup-node@v4. Actions will be forced to run with Node.js 24 by default starting June 2nd, 2026. Node.js 20 will be removed from the runner on September 16th, 2026. Please check if updated versions of these actions are available that support Node.js 24. To opt into Node.js 24 now, set the FORCE_JAVASCRIPT_ACTIONS_TO_NODE24=true environment variable on the runner or in your workflow file. Once Node.js 24 becomes the default, you can temporarily opt out by setting ACTIONS_ALLOW_USE_UNSECURE_NODE_VERSION=true. For more information see: https://github.blog/changelog/2025-09-19-deprecation-of-node-20-on-github-actions-runners/


--- Job: web-unit-tests (1, 3) (id 75921244113) ---
2026-05-14T03:11:10.8368080Z Current runner version: '2.334.0'
2026-05-14T03:11:10.8400722Z ##[group]Runner Image Provisioner
2026-05-14T03:11:10.8401986Z Hosted Compute Agent
2026-05-14T03:11:10.8402952Z Version: 20260213.493
2026-05-14T03:11:10.8403821Z Commit: 5c115507f6dd24b8de37d8bbe0bb4509d0cc0fa3
2026-05-14T03:11:10.8405267Z Build Date: 2026-02-13T00:28:41Z
2026-05-14T03:11:10.8406313Z Worker ID: {54a508a6-eaef-4d1c-83ad-a2e55f7ec8c5}
2026-05-14T03:11:10.8407525Z Azure Region: eastus
2026-05-14T03:11:10.8408388Z ##[endgroup]
2026-05-14T03:11:10.8411072Z ##[group]Operating System
2026-05-14T03:11:10.8412066Z Ubuntu
2026-05-14T03:11:10.8412803Z 24.04.4
2026-05-14T03:11:10.8413538Z LTS
2026-05-14T03:11:10.8414228Z ##[endgroup]
2026-05-14T03:11:10.8415390Z ##[group]Runner Image
2026-05-14T03:11:10.8416225Z Image: ubuntu-24.04
2026-05-14T03:11:10.8417140Z Version: 20260413.86.1
2026-05-14T03:11:10.8419070Z Included Software: https://github.com/actions/runner-images/blob/ubuntu24/20260413.86/images/ubuntu/Ubuntu2404-Readme.md
2026-05-14T03:11:10.8421737Z Image Release: https://github.com/actions/runner-images/releases/tag/ubuntu24%2F20260413.86
2026-05-14T03:11:10.8423233Z ##[endgroup]
2026-05-14T03:11:10.8425392Z ##[group]GITHUB_TOKEN Permissions
2026-05-14T03:11:10.8427916Z Actions: read
2026-05-14T03:11:10.8428676Z Checks: read
2026-05-14T03:11:10.8429589Z Contents: write
2026-05-14T03:11:10.8430444Z Metadata: read
2026-05-14T03:11:10.8431189Z ##[endgroup]
2026-05-14T03:11:10.8434168Z Secret source: Actions
2026-05-14T03:11:10.8435506Z Prepare workflow directory
2026-05-14T03:11:10.8996291Z Prepare all required actions
2026-05-14T03:11:10.9050187Z Getting action download info
2026-05-14T03:11:11.1573335Z Download action repository 'actions/checkout@v6' (SHA:de0fac2e4500dabe0009e67214ff5f5447ce83dd)
2026-05-14T03:11:11.4257693Z Complete job name: web-unit-tests (1, 3)
2026-05-14T03:11:11.4893951Z ##[group]Run actions/checkout@v6
2026-05-14T03:11:11.4895028Z with:
2026-05-14T03:11:11.4895460Z   repository: averycorp/prismTask
2026-05-14T03:11:11.4896121Z   token: ***
2026-05-14T03:11:11.4896524Z   ssh-strict: true
2026-05-14T03:11:11.4896909Z   ssh-user: git
2026-05-14T03:11:11.4897303Z   persist-credentials: true
2026-05-14T03:11:11.4897744Z   clean: true
2026-05-14T03:11:11.4898130Z   sparse-checkout-cone-mode: true
2026-05-14T03:11:11.4898796Z   fetch-depth: 1
2026-05-14T03:11:11.4899188Z   fetch-tags: false
2026-05-14T03:11:11.4899590Z   show-progress: true
2026-05-14T03:11:11.4899980Z   lfs: false
2026-05-14T03:11:11.4900344Z   submodules: false
2026-05-14T03:11:11.4900744Z   set-safe-directory: true
2026-05-14T03:11:11.4901472Z ##[endgroup]
2026-05-14T03:11:11.5855055Z Syncing repository: averycorp/prismTask
2026-05-14T03:11:11.5856959Z ##[group]Getting Git version info
2026-05-14T03:11:11.5857691Z Working directory is '/home/runner/work/prismTask/prismTask'
2026-05-14T03:11:11.5858770Z [command]/usr/bin/git version
2026-05-14T03:11:11.5890325Z git version 2.53.0
2026-05-14T03:11:11.5945760Z ##[endgroup]
2026-05-14T03:11:11.5959470Z Temporarily overriding HOME='/home/runner/work/_temp/becbffa2-c703-4412-b58c-36bae3018974' before making global git config changes
2026-05-14T03:11:11.5961697Z Adding repository directory to the temporary git global config as a safe directory
2026-05-14T03:11:11.5964930Z [command]/usr/bin/git config --global --add safe.directory /home/runner/work/prismTask/prismTask
2026-05-14T03:11:11.5998467Z Deleting the contents of '/home/runner/work/prismTask/prismTask'
2026-05-14T03:11:11.6002424Z ##[group]Initializing the repository
2026-05-14T03:11:11.6006834Z [command]/usr/bin/git init /home/runner/work/prismTask/prismTask
2026-05-14T03:11:11.6093005Z hint: Using 'master' as the name for the initial branch. This default branch name
2026-05-14T03:11:11.6094536Z hint: will change to "main" in Git 3.0. To configure the initial branch name
2026-05-14T03:11:11.6096274Z hint: to use in all of your new repositories, which will suppress this warning,
2026-05-14T03:11:11.6097592Z hint: call:
2026-05-14T03:11:11.6098262Z hint:
2026-05-14T03:11:11.6099487Z hint: 	git config --global init.defaultBranch <name>
2026-05-14T03:11:11.6100536Z hint:
2026-05-14T03:11:11.6101510Z hint: Names commonly chosen instead of 'master' are 'main', 'trunk' and
2026-05-14T03:11:11.6103025Z hint: 'development'. The just-created branch can be renamed via this command:
2026-05-14T03:11:11.6104209Z hint:
2026-05-14T03:11:11.6105153Z hint: 	git branch -m <name>
2026-05-14T03:11:11.6105980Z hint:
2026-05-14T03:11:11.6107096Z hint: Disable this message with "git config set advice.defaultBranchName false"
2026-05-14T03:11:11.6108824Z Initialized empty Git repository in /home/runner/work/prismTask/prismTask/.git/
2026-05-14T03:11:11.6111363Z [command]/usr/bin/git remote add origin https://github.com/averycorp/prismTask
2026-05-14T03:11:11.6142516Z ##[endgroup]
2026-05-14T03:11:11.6143727Z ##[group]Disabling automatic garbage collection
2026-05-14T03:11:11.6147399Z [command]/usr/bin/git config --local gc.auto 0
2026-05-14T03:11:11.6176315Z ##[endgroup]
2026-05-14T03:11:11.6177593Z ##[group]Setting up auth
2026-05-14T03:11:11.6178477Z Removing SSH command configuration
2026-05-14T03:11:11.6184042Z [command]/usr/bin/git config --local --name-only --get-regexp core\.sshCommand
2026-05-14T03:11:11.6214072Z [command]/usr/bin/git submodule foreach --recursive sh -c "git config --local --name-only --get-regexp 'core\.sshCommand' && git config --local --unset-all 'core.sshCommand' || :"
2026-05-14T03:11:11.6497531Z Removing HTTP extra header
2026-05-14T03:11:11.6502487Z [command]/usr/bin/git config --local --name-only --get-regexp http\.https\:\/\/github\.com\/\.extraheader
2026-05-14T03:11:11.6532069Z [command]/usr/bin/git submodule foreach --recursive sh -c "git config --local --name-only --get-regexp 'http\.https\:\/\/github\.com\/\.extraheader' && git config --local --unset-all 'http.https://github.com/.extraheader' || :"
2026-05-14T03:11:11.6739215Z Removing includeIf entries pointing to credentials config files
2026-05-14T03:11:11.6744466Z [command]/usr/bin/git config --local --name-only --get-regexp ^includeIf\.gitdir:
2026-05-14T03:11:11.6773948Z [command]/usr/bin/git submodule foreach --recursive git config --local --show-origin --name-only --get-regexp remote.origin.url
2026-05-14T03:11:11.6987364Z [command]/usr/bin/git config --file /home/runner/work/_temp/git-credentials-7987c98b-8d44-4808-b4e4-4d40ef62ecda.config http.https://github.com/.extraheader AUTHORIZATION: basic ***
2026-05-14T03:11:11.7021414Z [command]/usr/bin/git config --local includeIf.gitdir:/home/runner/work/prismTask/prismTask/.git.path /home/runner/work/_temp/git-credentials-7987c98b-8d44-4808-b4e4-4d40ef62ecda.config
2026-05-14T03:11:11.7049316Z [command]/usr/bin/git config --local includeIf.gitdir:/home/runner/work/prismTask/prismTask/.git/worktrees/*.path /home/runner/work/_temp/git-credentials-7987c98b-8d44-4808-b4e4-4d40ef62ecda.config
2026-05-14T03:11:11.7077213Z [command]/usr/bin/git config --local includeIf.gitdir:/github/workspace/.git.path /github/runner_temp/git-credentials-7987c98b-8d44-4808-b4e4-4d40ef62ecda.config
2026-05-14T03:11:11.7112710Z [command]/usr/bin/git config --local includeIf.gitdir:/github/workspace/.git/worktrees/*.path /github/runner_temp/git-credentials-7987c98b-8d44-4808-b4e4-4d40ef62ecda.config
2026-05-14T03:11:11.7137761Z ##[endgroup]
2026-05-14T03:11:11.7138464Z ##[group]Fetching the repository
2026-05-14T03:11:11.7145771Z [command]/usr/bin/git -c protocol.version=2 fetch --no-tags --prune --no-recurse-submodules --depth=1 origin +c72397237709ccd0021a5964b081bef2fa627b69:refs/remotes/pull/1363/merge
2026-05-14T03:11:13.0478920Z From https://github.com/averycorp/prismTask
2026-05-14T03:11:13.0481308Z  * [new ref]         c72397237709ccd0021a5964b081bef2fa627b69 -> pull/1363/merge
2026-05-14T03:11:13.0508688Z ##[endgroup]
2026-05-14T03:11:13.0510504Z ##[group]Determining the checkout info
2026-05-14T03:11:13.0512366Z ##[endgroup]
2026-05-14T03:11:13.0514353Z [command]/usr/bin/git sparse-checkout disable
2026-05-14T03:11:13.0551174Z [command]/usr/bin/git config --local --unset-all extensions.worktreeConfig
2026-05-14T03:11:13.0580234Z ##[group]Checking out the ref
2026-05-14T03:11:13.0583009Z [command]/usr/bin/git checkout --progress --force refs/remotes/pull/1363/merge
2026-05-14T03:11:13.3401735Z Note: switching to 'refs/remotes/pull/1363/merge'.
2026-05-14T03:11:13.3402256Z 
2026-05-14T03:11:13.3402648Z You are in 'detached HEAD' state. You can look around, make experimental
2026-05-14T03:11:13.3403533Z changes and commit them, and you can discard any commits you make in this
2026-05-14T03:11:13.3404408Z state without impacting any branches by switching back to a branch.
2026-05-14T03:11:13.3405184Z 
2026-05-14T03:11:13.3405551Z If you want to create a new branch to retain commits you create, you may
2026-05-14T03:11:13.3406374Z do so (now or later) by using -c with the switch command. Example:
2026-05-14T03:11:13.3406873Z 
2026-05-14T03:11:13.3407073Z   git switch -c <new-branch-name>
2026-05-14T03:11:13.3407399Z 
2026-05-14T03:11:13.3407605Z Or undo this operation with:
2026-05-14T03:11:13.3407905Z 
2026-05-14T03:11:13.3408083Z   git switch -
2026-05-14T03:11:13.3408401Z 
2026-05-14T03:11:13.3408800Z Turn off this advice by setting config variable advice.detachedHead to false
2026-05-14T03:11:13.3409330Z 
2026-05-14T03:11:13.3409962Z HEAD is now at c723972 Merge f2aaf142b91a9bc63a1fdaedd2eb35b0a447bbfa into 9178b5568703c6bd12f4bc3db4cdba47c656d9c2
2026-05-14T03:11:13.3428109Z ##[endgroup]
2026-05-14T03:11:13.3466191Z [command]/usr/bin/git log -1 --format=%H
2026-05-14T03:11:13.3489474Z c72397237709ccd0021a5964b081bef2fa627b69
2026-05-14T03:11:13.3769273Z Prepare all required actions
2026-05-14T03:11:13.3769758Z Getting action download info
2026-05-14T03:11:13.4969407Z Download action repository 'actions/setup-node@v4' (SHA:49933ea5288caeca8642d1e84afbd3f7d6820020)
2026-05-14T03:11:13.5907023Z ##[group]Run ./.github/actions/setup-node-web
2026-05-14T03:11:13.5907374Z ##[endgroup]
2026-05-14T03:11:13.6041695Z ##[group]Run actions/setup-node@v4
2026-05-14T03:11:13.6042033Z with:
2026-05-14T03:11:13.6042298Z   node-version: 22
2026-05-14T03:11:13.6042525Z   cache: npm
2026-05-14T03:11:13.6042787Z   cache-dependency-path: web/package-lock.json
2026-05-14T03:11:13.6043110Z   always-auth: false
2026-05-14T03:11:13.6043338Z   check-latest: false
2026-05-14T03:11:13.6043722Z   token: ***
2026-05-14T03:11:13.6043939Z ##[endgroup]
2026-05-14T03:11:13.7903463Z Found in cache @ /opt/hostedtoolcache/node/22.22.2/x64
2026-05-14T03:11:13.7910814Z ##[group]Environment details
2026-05-14T03:11:17.1958242Z node: v22.22.2
2026-05-14T03:11:17.1958788Z npm: 10.9.7
2026-05-14T03:11:17.1959078Z yarn: 1.22.22
2026-05-14T03:11:17.1960896Z ##[endgroup]
2026-05-14T03:11:17.1988505Z [command]/opt/hostedtoolcache/node/22.22.2/x64/bin/npm config get cache
2026-05-14T03:11:17.3657062Z /home/runner/.npm
2026-05-14T03:11:17.4688053Z npm cache is not found
2026-05-14T03:11:17.4831864Z ##[group]Run npm ci
2026-05-14T03:11:17.4832150Z [36;1mnpm ci[0m
2026-05-14T03:11:17.4866810Z shell: /usr/bin/bash --noprofile --norc -e -o pipefail {0}
2026-05-14T03:11:17.4867191Z ##[endgroup]
2026-05-14T03:11:19.2206274Z npm error code ETARGET
2026-05-14T03:11:19.2207847Z npm error notarget No matching version found for idb@^8.0.4.
2026-05-14T03:11:19.2209261Z npm error notarget In most cases you or one of your dependencies are requesting
2026-05-14T03:11:19.2210668Z npm error notarget a package version that doesn't exist.
2026-05-14T03:11:19.2212344Z npm error A complete log of this run can be found in: /home/runner/.npm/_logs/2026-05-14T03_11_17_543Z-debug-0.log
2026-05-14T03:11:19.2590027Z ##[error]Process completed with exit code 1.
2026-05-14T03:11:19.2676189Z Post job cleanup.
2026-05-14T03:11:19.2760299Z Post job cleanup.
2026-05-14T03:11:19.3575414Z [command]/usr/bin/git version
2026-05-14T03:11:19.3611202Z git version 2.53.0
2026-05-14T03:11:19.3650593Z Temporarily overriding HOME='/home/runner/work/_temp/494ac8ba-af27-4766-b7d8-c8533c96435d' before making global git config changes
2026-05-14T03:11:19.3652071Z Adding repository directory to the temporary git global config as a safe directory
2026-05-14T03:11:19.3656192Z [command]/usr/bin/git config --global --add safe.directory /home/runner/work/prismTask/prismTask
2026-05-14T03:11:19.3684198Z Removing SSH command configuration
2026-05-14T03:11:19.3690147Z [command]/usr/bin/git config --local --name-only --get-regexp core\.sshCommand
2026-05-14T03:11:19.3722927Z [command]/usr/bin/git submodule foreach --recursive sh -c "git config --local --name-only --get-regexp 'core\.sshCommand' && git config --local --unset-all 'core.sshCommand' || :"
2026-05-14T03:11:19.3940656Z Removing HTTP extra header
2026-05-14T03:11:19.3945953Z [command]/usr/bin/git config --local --name-only --get-regexp http\.https\:\/\/github\.com\/\.extraheader
2026-05-14T03:11:19.3978945Z [command]/usr/bin/git submodule foreach --recursive sh -c "git config --local --name-only --get-regexp 'http\.https\:\/\/github\.com\/\.extraheader' && git config --local --unset-all 'http.https://github.com/.extraheader' || :"
2026-05-14T03:11:19.4192246Z Removing includeIf entries pointing to credentials config files
2026-05-14T03:11:19.4198793Z [command]/usr/bin/git config --local --name-only --get-regexp ^includeIf\.gitdir:
2026-05-14T03:11:19.4223220Z includeif.gitdir:/home/runner/work/prismTask/prismTask/.git.path
2026-05-14T03:11:19.4224484Z includeif.gitdir:/home/runner/work/prismTask/prismTask/.git/worktrees/*.path
2026-05-14T03:11:19.4225832Z includeif.gitdir:/github/workspace/.git.path
2026-05-14T03:11:19.4226862Z includeif.gitdir:/github/workspace/.git/worktrees/*.path
2026-05-14T03:11:19.4234418Z [command]/usr/bin/git config --local --get-all includeif.gitdir:/home/runner/work/prismTask/prismTask/.git.path
2026-05-14T03:11:19.4256865Z /home/runner/work/_temp/git-credentials-7987c98b-8d44-4808-b4e4-4d40ef62ecda.config
2026-05-14T03:11:19.4270435Z [command]/usr/bin/git config --local --unset includeif.gitdir:/home/runner/work/prismTask/prismTask/.git.path /home/runner/work/_temp/git-credentials-7987c98b-8d44-4808-b4e4-4d40ef62ecda.config
2026-05-14T03:11:19.4308075Z [command]/usr/bin/git config --local --get-all includeif.gitdir:/home/runner/work/prismTask/prismTask/.git/worktrees/*.path
2026-05-14T03:11:19.4331908Z /home/runner/work/_temp/git-credentials-7987c98b-8d44-4808-b4e4-4d40ef62ecda.config
2026-05-14T03:11:19.4348482Z [command]/usr/bin/git config --local --unset includeif.gitdir:/home/runner/work/prismTask/prismTask/.git/worktrees/*.path /home/runner/work/_temp/git-credentials-7987c98b-8d44-4808-b4e4-4d40ef62ecda.config
2026-05-14T03:11:19.4377021Z [command]/usr/bin/git config --local --get-all includeif.gitdir:/github/workspace/.git.path
2026-05-14T03:11:19.4398041Z /github/runner_temp/git-credentials-7987c98b-8d44-4808-b4e4-4d40ef62ecda.config
2026-05-14T03:11:19.4407191Z [command]/usr/bin/git config --local --unset includeif.gitdir:/github/workspace/.git.path /github/runner_temp/git-credentials-7987c98b-8d44-4808-b4e4-4d40ef62ecda.config
2026-05-14T03:11:19.4436877Z [command]/usr/bin/git config --local --get-all includeif.gitdir:/github/workspace/.git/worktrees/*.path
2026-05-14T03:11:19.4457937Z /github/runner_temp/git-credentials-7987c98b-8d44-4808-b4e4-4d40ef62ecda.config
2026-05-14T03:11:19.4467960Z [command]/usr/bin/git config --local --unset includeif.gitdir:/github/workspace/.git/worktrees/*.path /github/runner_temp/git-credentials-7987c98b-8d44-4808-b4e4-4d40ef62ecda.config
2026-05-14T03:11:19.4499178Z [command]/usr/bin/git submodule foreach --recursive git config --local --show-origin --name-only --get-regexp remote.origin.url
2026-05-14T03:11:19.4709470Z Removing credentials config '/home/runner/work/_temp/git-credentials-7987c98b-8d44-4808-b4e4-4d40ef62ecda.config'
2026-05-14T03:11:19.4837115Z Cleaning up orphan processes
2026-05-14T03:11:19.5111708Z ##[warning]Node.js 20 actions are deprecated. The following actions are running on Node.js 20 and may not work as expected: actions/setup-node@v4. Actions will be forced to run with Node.js 24 by default starting June 2nd, 2026. Node.js 20 will be removed from the runner on September 16th, 2026. Please check if updated versions of these actions are available that support Node.js 24. To opt into Node.js 24 now, set the FORCE_JAVASCRIPT_ACTIONS_TO_NODE24=true environment variable on the runner or in your workflow file. Once Node.js 24 becomes the default, you can temporarily opt out by setting ACTIONS_ALLOW_USE_UNSECURE_NODE_VERSION=true. For more information see: https://github.blog/changelog/2025-09-19-deprecation-of-node-20-on-github-actions-runners/


--- Job: web-lint-and-test (id 75921273151) ---
2026-05-14T03:11:29.4540769Z Current runner version: '2.334.0'
2026-05-14T03:11:29.4565084Z ##[group]Runner Image Provisioner
2026-05-14T03:11:29.4565958Z Hosted Compute Agent
2026-05-14T03:11:29.4566506Z Version: 20260213.493
2026-05-14T03:11:29.4567115Z Commit: 5c115507f6dd24b8de37d8bbe0bb4509d0cc0fa3
2026-05-14T03:11:29.4567818Z Build Date: 2026-02-13T00:28:41Z
2026-05-14T03:11:29.4568500Z Worker ID: {3c20350f-3360-472e-8518-0c4a635d7b06}
2026-05-14T03:11:29.4569186Z Azure Region: eastus
2026-05-14T03:11:29.4569719Z ##[endgroup]
2026-05-14T03:11:29.4571052Z ##[group]Operating System
2026-05-14T03:11:29.4571607Z Ubuntu
2026-05-14T03:11:29.4572232Z 24.04.4
2026-05-14T03:11:29.4572952Z LTS
2026-05-14T03:11:29.4573560Z ##[endgroup]
2026-05-14T03:11:29.4574005Z ##[group]Runner Image
2026-05-14T03:11:29.4574683Z Image: ubuntu-24.04
2026-05-14T03:11:29.4575209Z Version: 20260413.86.1
2026-05-14T03:11:29.4576426Z Included Software: https://github.com/actions/runner-images/blob/ubuntu24/20260413.86/images/ubuntu/Ubuntu2404-Readme.md
2026-05-14T03:11:29.4577897Z Image Release: https://github.com/actions/runner-images/releases/tag/ubuntu24%2F20260413.86
2026-05-14T03:11:29.4578842Z ##[endgroup]
2026-05-14T03:11:29.4580048Z ##[group]GITHUB_TOKEN Permissions
2026-05-14T03:11:29.4582179Z Actions: read
2026-05-14T03:11:29.4583078Z Checks: read
2026-05-14T03:11:29.4583603Z Contents: write
2026-05-14T03:11:29.4584084Z Metadata: read
2026-05-14T03:11:29.4584687Z ##[endgroup]
2026-05-14T03:11:29.4586697Z Secret source: Actions
2026-05-14T03:11:29.4587614Z Prepare workflow directory
2026-05-14T03:11:29.4911384Z Prepare all required actions
2026-05-14T03:11:29.5002579Z Complete job name: web-lint-and-test
2026-05-14T03:11:29.5744211Z ##[group]Run if [ 'failure' != 'success' ]; then
2026-05-14T03:11:29.5745063Z [36;1mif [ 'failure' != 'success' ]; then[0m
2026-05-14T03:11:29.5745873Z [36;1m  echo "web-lint finished with failure" >&2[0m
2026-05-14T03:11:29.5746688Z [36;1m  exit 1[0m
2026-05-14T03:11:29.5747194Z [36;1mfi[0m
2026-05-14T03:11:29.5747700Z [36;1mif [ 'failure' != 'success' ]; then[0m
2026-05-14T03:11:29.5748474Z [36;1m  echo "web-unit-tests finished with failure" >&2[0m
2026-05-14T03:11:29.5749157Z [36;1m  exit 1[0m
2026-05-14T03:11:29.5749631Z [36;1mfi[0m
2026-05-14T03:11:29.5750198Z [36;1mif [ 'failure' != 'success' ]; then[0m
2026-05-14T03:11:29.5750871Z [36;1m  echo "web-build finished with failure" >&2[0m
2026-05-14T03:11:29.5751558Z [36;1m  exit 1[0m
2026-05-14T03:11:29.5752018Z [36;1mfi[0m
2026-05-14T03:11:29.5752847Z [36;1mecho "✓ Split web lint, unit-test shards, and build passed."[0m
2026-05-14T03:11:29.5934718Z shell: /usr/bin/bash -e {0}
2026-05-14T03:11:29.5935919Z ##[endgroup]
2026-05-14T03:11:29.6136328Z web-lint finished with failure
2026-05-14T03:11:29.6157133Z ##[error]Process completed with exit code 1.
2026-05-14T03:11:29.6366480Z Cleaning up orphan processes
