=== CI FAILURE ===
Workflow:      Web CI
Workflow file: averycorp/prismTask/.github/workflows/web-ci.yml@refs/pull/1475/merge
Job(s):        web-lint
Run ID:        25906471595
Run attempt:   1
Run URL:       https://github.com/averycorp/prismTask/actions/runs/25906471595
Commit:        c28055441d9e0ebe4fc6c33a505c47227445a814
Branch:        1475/merge
Event:         pull_request
Actor:         akarlin3
Runner OS:     Linux
Timestamp:     2026-05-15T07:40:43.835Z

Failed steps:
  - web-lint: #5 Run ESLint

=== FAILED JOB LOG ===

--- Job: web-lint (id 76141314030) ---
2026-05-15T07:39:49.2685161Z Current runner version: '2.334.0'
2026-05-15T07:39:49.2712734Z ##[group]Runner Image Provisioner
2026-05-15T07:39:49.2713575Z Hosted Compute Agent
2026-05-15T07:39:49.2714185Z Version: 20260213.493
2026-05-15T07:39:49.2714808Z Commit: 5c115507f6dd24b8de37d8bbe0bb4509d0cc0fa3
2026-05-15T07:39:49.2715480Z Build Date: 2026-02-13T00:28:41Z
2026-05-15T07:39:49.2716240Z Worker ID: {35396d77-d1f0-473a-b88a-7e1d0a9a23bb}
2026-05-15T07:39:49.2716920Z Azure Region: eastus
2026-05-15T07:39:49.2717486Z ##[endgroup]
2026-05-15T07:39:49.2718851Z ##[group]Operating System
2026-05-15T07:39:49.2719475Z Ubuntu
2026-05-15T07:39:49.2719971Z 24.04.4
2026-05-15T07:39:49.2720432Z LTS
2026-05-15T07:39:49.2720969Z ##[endgroup]
2026-05-15T07:39:49.2721436Z ##[group]Runner Image
2026-05-15T07:39:49.2722025Z Image: ubuntu-24.04
2026-05-15T07:39:49.2722836Z Version: 20260513.135.3
2026-05-15T07:39:49.2724057Z Included Software: https://github.com/actions/runner-images/blob/ubuntu24/20260513.135/images/ubuntu/Ubuntu2404-Readme.md
2026-05-15T07:39:49.2725607Z Image Release: https://github.com/actions/runner-images/releases/tag/ubuntu24%2F20260513.135
2026-05-15T07:39:49.2726542Z ##[endgroup]
2026-05-15T07:39:49.2727700Z ##[group]GITHUB_TOKEN Permissions
2026-05-15T07:39:49.2729902Z Actions: read
2026-05-15T07:39:49.2730445Z Checks: read
2026-05-15T07:39:49.2731055Z Contents: write
2026-05-15T07:39:49.2731585Z Metadata: read
2026-05-15T07:39:49.2732086Z ##[endgroup]
2026-05-15T07:39:49.2734404Z Secret source: Actions
2026-05-15T07:39:49.2735127Z Prepare workflow directory
2026-05-15T07:39:49.3130880Z Prepare all required actions
2026-05-15T07:39:49.3168507Z Getting action download info
2026-05-15T07:39:49.5893858Z Download action repository 'actions/checkout@v6' (SHA:de0fac2e4500dabe0009e67214ff5f5447ce83dd)
2026-05-15T07:39:49.8637716Z Complete job name: web-lint
2026-05-15T07:39:49.9336384Z ##[group]Run actions/checkout@v6
2026-05-15T07:39:49.9337128Z with:
2026-05-15T07:39:49.9337529Z   repository: averycorp/prismTask
2026-05-15T07:39:49.9338215Z   token: ***
2026-05-15T07:39:49.9338592Z   ssh-strict: true
2026-05-15T07:39:49.9338972Z   ssh-user: git
2026-05-15T07:39:49.9339373Z   persist-credentials: true
2026-05-15T07:39:49.9339797Z   clean: true
2026-05-15T07:39:49.9340189Z   sparse-checkout-cone-mode: true
2026-05-15T07:39:49.9340648Z   fetch-depth: 1
2026-05-15T07:39:49.9341016Z   fetch-tags: false
2026-05-15T07:39:49.9341407Z   show-progress: true
2026-05-15T07:39:49.9341782Z   lfs: false
2026-05-15T07:39:49.9342145Z   submodules: false
2026-05-15T07:39:49.9342712Z   set-safe-directory: true
2026-05-15T07:39:49.9343357Z ##[endgroup]
2026-05-15T07:39:50.0329600Z Syncing repository: averycorp/prismTask
2026-05-15T07:39:50.0331263Z ##[group]Getting Git version info
2026-05-15T07:39:50.0331934Z Working directory is '/home/runner/work/prismTask/prismTask'
2026-05-15T07:39:50.0333319Z [command]/usr/bin/git version
2026-05-15T07:39:50.0372948Z git version 2.54.0
2026-05-15T07:39:50.0426331Z ##[endgroup]
2026-05-15T07:39:50.0441850Z Temporarily overriding HOME='/home/runner/work/_temp/6825b21c-9297-49d6-9fba-205ba797ae7c' before making global git config changes
2026-05-15T07:39:50.0444232Z Adding repository directory to the temporary git global config as a safe directory
2026-05-15T07:39:50.0448133Z [command]/usr/bin/git config --global --add safe.directory /home/runner/work/prismTask/prismTask
2026-05-15T07:39:50.0492050Z Deleting the contents of '/home/runner/work/prismTask/prismTask'
2026-05-15T07:39:50.0496007Z ##[group]Initializing the repository
2026-05-15T07:39:50.0500456Z [command]/usr/bin/git init /home/runner/work/prismTask/prismTask
2026-05-15T07:39:50.0570237Z hint: Using 'master' as the name for the initial branch. This default branch name
2026-05-15T07:39:50.0571855Z hint: will change to "main" in Git 3.0. To configure the initial branch name
2026-05-15T07:39:50.0573380Z hint: to use in all of your new repositories, which will suppress this warning,
2026-05-15T07:39:50.0574427Z hint: call:
2026-05-15T07:39:50.0574956Z hint:
2026-05-15T07:39:50.0575968Z hint: 	git config --global init.defaultBranch <name>
2026-05-15T07:39:50.0576812Z hint:
2026-05-15T07:39:50.0577538Z hint: Names commonly chosen instead of 'master' are 'main', 'trunk' and
2026-05-15T07:39:50.0578408Z hint: 'development'. The just-created branch can be renamed via this command:
2026-05-15T07:39:50.0579189Z hint:
2026-05-15T07:39:50.0579746Z hint: 	git branch -m <name>
2026-05-15T07:39:50.0580343Z hint:
2026-05-15T07:39:50.0580921Z hint: Disable this message with "git config set advice.defaultBranchName false"
2026-05-15T07:39:50.0581865Z Initialized empty Git repository in /home/runner/work/prismTask/prismTask/.git/
2026-05-15T07:39:50.0584657Z [command]/usr/bin/git remote add origin https://github.com/averycorp/prismTask
2026-05-15T07:39:50.0624040Z ##[endgroup]
2026-05-15T07:39:50.0625085Z ##[group]Disabling automatic garbage collection
2026-05-15T07:39:50.0627486Z [command]/usr/bin/git config --local gc.auto 0
2026-05-15T07:39:50.0657173Z ##[endgroup]
2026-05-15T07:39:50.0658147Z ##[group]Setting up auth
2026-05-15T07:39:50.0658851Z Removing SSH command configuration
2026-05-15T07:39:50.0663672Z [command]/usr/bin/git config --local --name-only --get-regexp core\.sshCommand
2026-05-15T07:39:50.0697209Z [command]/usr/bin/git submodule foreach --recursive sh -c "git config --local --name-only --get-regexp 'core\.sshCommand' && git config --local --unset-all 'core.sshCommand' || :"
2026-05-15T07:39:50.0999980Z Removing HTTP extra header
2026-05-15T07:39:50.1005821Z [command]/usr/bin/git config --local --name-only --get-regexp http\.https\:\/\/github\.com\/\.extraheader
2026-05-15T07:39:50.1038068Z [command]/usr/bin/git submodule foreach --recursive sh -c "git config --local --name-only --get-regexp 'http\.https\:\/\/github\.com\/\.extraheader' && git config --local --unset-all 'http.https://github.com/.extraheader' || :"
2026-05-15T07:39:50.1260267Z Removing includeIf entries pointing to credentials config files
2026-05-15T07:39:50.1266274Z [command]/usr/bin/git config --local --name-only --get-regexp ^includeIf\.gitdir:
2026-05-15T07:39:50.1299758Z [command]/usr/bin/git submodule foreach --recursive git config --local --show-origin --name-only --get-regexp remote.origin.url
2026-05-15T07:39:50.1534396Z [command]/usr/bin/git config --file /home/runner/work/_temp/git-credentials-ca33814c-7e9b-4e50-a454-4b07835e1fbc.config http.https://github.com/.extraheader AUTHORIZATION: basic ***
2026-05-15T07:39:50.1573752Z [command]/usr/bin/git config --local includeIf.gitdir:/home/runner/work/prismTask/prismTask/.git.path /home/runner/work/_temp/git-credentials-ca33814c-7e9b-4e50-a454-4b07835e1fbc.config
2026-05-15T07:39:50.1603874Z [command]/usr/bin/git config --local includeIf.gitdir:/home/runner/work/prismTask/prismTask/.git/worktrees/*.path /home/runner/work/_temp/git-credentials-ca33814c-7e9b-4e50-a454-4b07835e1fbc.config
2026-05-15T07:39:50.1635915Z [command]/usr/bin/git config --local includeIf.gitdir:/github/workspace/.git.path /github/runner_temp/git-credentials-ca33814c-7e9b-4e50-a454-4b07835e1fbc.config
2026-05-15T07:39:50.1674110Z [command]/usr/bin/git config --local includeIf.gitdir:/github/workspace/.git/worktrees/*.path /github/runner_temp/git-credentials-ca33814c-7e9b-4e50-a454-4b07835e1fbc.config
2026-05-15T07:39:50.1700895Z ##[endgroup]
2026-05-15T07:39:50.1701577Z ##[group]Fetching the repository
2026-05-15T07:39:50.1709924Z [command]/usr/bin/git -c protocol.version=2 fetch --no-tags --prune --no-recurse-submodules --depth=1 origin +c28055441d9e0ebe4fc6c33a505c47227445a814:refs/remotes/pull/1475/merge
2026-05-15T07:39:51.7784410Z From https://github.com/averycorp/prismTask
2026-05-15T07:39:51.7786390Z  * [new ref]         c28055441d9e0ebe4fc6c33a505c47227445a814 -> pull/1475/merge
2026-05-15T07:39:51.7817961Z ##[endgroup]
2026-05-15T07:39:51.7819584Z ##[group]Determining the checkout info
2026-05-15T07:39:51.7821320Z ##[endgroup]
2026-05-15T07:39:51.7825582Z [command]/usr/bin/git sparse-checkout disable
2026-05-15T07:39:51.7871543Z [command]/usr/bin/git config --local --unset-all extensions.worktreeConfig
2026-05-15T07:39:51.7900714Z ##[group]Checking out the ref
2026-05-15T07:39:51.7904697Z [command]/usr/bin/git checkout --progress --force refs/remotes/pull/1475/merge
2026-05-15T07:39:52.0927700Z Note: switching to 'refs/remotes/pull/1475/merge'.
2026-05-15T07:39:52.0929000Z 
2026-05-15T07:39:52.0929281Z You are in 'detached HEAD' state. You can look around, make experimental
2026-05-15T07:39:52.0929823Z changes and commit them, and you can discard any commits you make in this
2026-05-15T07:39:52.0930343Z state without impacting any branches by switching back to a branch.
2026-05-15T07:39:52.0930641Z 
2026-05-15T07:39:52.0930866Z If you want to create a new branch to retain commits you create, you may
2026-05-15T07:39:52.0931347Z do so (now or later) by using -c with the switch command. Example:
2026-05-15T07:39:52.0931672Z 
2026-05-15T07:39:52.0931804Z   git switch -c <new-branch-name>
2026-05-15T07:39:52.0931993Z 
2026-05-15T07:39:52.0932129Z Or undo this operation with:
2026-05-15T07:39:52.0932589Z 
2026-05-15T07:39:52.0932749Z   git switch -
2026-05-15T07:39:52.0932915Z 
2026-05-15T07:39:52.0933187Z Turn off this advice by setting config variable advice.detachedHead to false
2026-05-15T07:39:52.0933507Z 
2026-05-15T07:39:52.0933853Z HEAD is now at c280554 Merge b0284b5b30f528c8057838295650f6c82356ffe2 into 44a1711d5563cb62e9c5369158083323e5a63a80
2026-05-15T07:39:52.0951711Z ##[endgroup]
2026-05-15T07:39:52.0996470Z [command]/usr/bin/git log -1 --format=%H
2026-05-15T07:39:52.1021729Z c28055441d9e0ebe4fc6c33a505c47227445a814
2026-05-15T07:39:52.1322179Z Prepare all required actions
2026-05-15T07:39:52.1322884Z Getting action download info
2026-05-15T07:39:52.3007851Z Download action repository 'actions/setup-node@v4' (SHA:49933ea5288caeca8642d1e84afbd3f7d6820020)
2026-05-15T07:39:52.4016516Z ##[group]Run ./.github/actions/setup-node-web
2026-05-15T07:39:52.4016856Z ##[endgroup]
2026-05-15T07:39:52.4151703Z ##[group]Run actions/setup-node@v4
2026-05-15T07:39:52.4152065Z with:
2026-05-15T07:39:52.4152609Z   node-version: 22
2026-05-15T07:39:52.4152882Z   cache: npm
2026-05-15T07:39:52.4153141Z   cache-dependency-path: web/package-lock.json
2026-05-15T07:39:52.4153462Z   always-auth: false
2026-05-15T07:39:52.4153692Z   check-latest: false
2026-05-15T07:39:52.4154194Z   token: ***
2026-05-15T07:39:52.4154495Z ##[endgroup]
2026-05-15T07:39:52.6035744Z Found in cache @ /opt/hostedtoolcache/node/22.22.2/x64
2026-05-15T07:39:52.6040425Z ##[group]Environment details
2026-05-15T07:39:52.9414186Z node: v22.22.2
2026-05-15T07:39:52.9414645Z npm: 10.9.7
2026-05-15T07:39:52.9414833Z yarn: 1.22.22
2026-05-15T07:39:52.9415652Z ##[endgroup]
2026-05-15T07:39:52.9434731Z [command]/opt/hostedtoolcache/node/22.22.2/x64/bin/npm config get cache
2026-05-15T07:39:53.0550838Z /home/runner/.npm
2026-05-15T07:39:53.1432749Z npm cache is not found
2026-05-15T07:39:53.1586087Z ##[group]Run npm ci
2026-05-15T07:39:53.1586428Z [36;1mnpm ci[0m
2026-05-15T07:39:53.1633941Z shell: /usr/bin/bash --noprofile --norc -e -o pipefail {0}
2026-05-15T07:39:53.1634318Z ##[endgroup]
2026-05-15T07:40:03.7362612Z 
2026-05-15T07:40:03.7369894Z added 435 packages, and audited 436 packages in 11s
2026-05-15T07:40:03.7370355Z 
2026-05-15T07:40:03.7370564Z 94 packages are looking for funding
2026-05-15T07:40:03.7370892Z   run `npm fund` for details
2026-05-15T07:40:03.7441116Z 
2026-05-15T07:40:03.7441658Z 3 vulnerabilities (2 moderate, 1 critical)
2026-05-15T07:40:03.7442040Z 
2026-05-15T07:40:03.7442249Z To address all issues, run:
2026-05-15T07:40:03.7442800Z   npm audit fix
2026-05-15T07:40:03.7442974Z 
2026-05-15T07:40:03.7443095Z Run `npm audit` for details.
2026-05-15T07:40:03.8110230Z ##[group]Run npm run lint
2026-05-15T07:40:03.8110500Z [36;1mnpm run lint[0m
2026-05-15T07:40:03.8147146Z shell: /usr/bin/bash -e {0}
2026-05-15T07:40:03.8147401Z ##[endgroup]
2026-05-15T07:40:03.9137661Z 
2026-05-15T07:40:03.9138043Z > web@1.6.0 lint
2026-05-15T07:40:03.9138445Z > eslint .
2026-05-15T07:40:03.9138561Z 
2026-05-15T07:40:21.5467568Z 
2026-05-15T07:40:21.5469382Z /home/runner/work/prismTask/prismTask/web/src/features/medication/MedicationEditorDialog.tsx
2026-05-15T07:40:21.5470364Z   190:7  error  Error: Calling setState synchronously within an effect can trigger cascading renders
2026-05-15T07:40:21.5470737Z 
2026-05-15T07:40:21.5471702Z Effects are intended to synchronize state between React and external systems such as manually updating the DOM, state management libraries, or other platform APIs. In general, the body of an effect should do one or both of the following:
2026-05-15T07:40:21.5472882Z * Update external systems with the latest state from React.
2026-05-15T07:40:21.5473635Z * Subscribe for updates from some external system, calling setState in a callback function when external state changes.
2026-05-15T07:40:21.5474053Z 
2026-05-15T07:40:21.5474829Z Calling setState synchronously within an effect body causes cascading renders that can hurt performance, and is not recommended. (https://react.dev/learn/you-might-not-need-an-effect).
2026-05-15T07:40:21.5475466Z 
2026-05-15T07:40:21.5475886Z /home/runner/work/prismTask/prismTask/web/src/features/medication/MedicationEditorDialog.tsx:190:7
2026-05-15T07:40:21.5476376Z   188 |   useEffect(() => {
2026-05-15T07:40:21.5476620Z   189 |     if (isOpen) {
2026-05-15T07:40:21.5476916Z > 190 |       setForm(initialState(initial));
2026-05-15T07:40:21.5477293Z       |       ^^^^^^^ Avoid calling setState() directly within an effect
2026-05-15T07:40:21.5477640Z   191 |       setErrors({});
2026-05-15T07:40:21.5477918Z   192 |     }
2026-05-15T07:40:21.5478213Z   193 |   }, [isOpen, initial]);  react-hooks/set-state-in-effect
2026-05-15T07:40:21.5478446Z 
2026-05-15T07:40:21.5478824Z /home/runner/work/prismTask/prismTask/web/src/features/medication/MedicationRefillScreen.tsx
2026-05-15T07:40:21.5479428Z    88:17  error  Error: Cannot call impure function during render
2026-05-15T07:40:21.5479661Z 
2026-05-15T07:40:21.5480762Z `Date.now` is an impure function. Calling an impure function can produce unstable results that update unpredictably when the component happens to re-render. (https://react.dev/reference/rules/components-and-hooks-must-be-pure#components-and-hooks-must-be-idempotent).
2026-05-15T07:40:21.5481689Z 
2026-05-15T07:40:21.5482084Z /home/runner/work/prismTask/prismTask/web/src/features/medication/MedicationRefillScreen.tsx:88:17
2026-05-15T07:40:21.5482647Z   86 |
2026-05-15T07:40:21.5482856Z   87 |   const forecasts = useMemo(() => {
2026-05-15T07:40:21.5483169Z > 88 |     const now = Date.now();
2026-05-15T07:40:21.5483465Z      |                 ^^^^^^^^^^ Cannot call impure function
2026-05-15T07:40:21.5483852Z   89 |     const map = new Map<string, RefillForecast>();
2026-05-15T07:40:21.5484177Z   90 |     for (const refill of refills) {
2026-05-15T07:40:21.5485108Z   91 |       map.set(refill.id, forecastRefill(refill, now));                                                                                                                                                                                                                                                                                                                               react-hooks/purity
2026-05-15T07:40:21.5486170Z   382:7   error  Error: Calling setState synchronously within an effect can trigger cascading renders
2026-05-15T07:40:21.5486528Z 
2026-05-15T07:40:21.5487434Z Effects are intended to synchronize state between React and external systems such as manually updating the DOM, state management libraries, or other platform APIs. In general, the body of an effect should do one or both of the following:
2026-05-15T07:40:21.5488694Z * Update external systems with the latest state from React.
2026-05-15T07:40:21.5489358Z * Subscribe for updates from some external system, calling setState in a callback function when external state changes.
2026-05-15T07:40:21.5489775Z 
2026-05-15T07:40:21.5490541Z Calling setState synchronously within an effect body causes cascading renders that can hurt performance, and is not recommended. (https://react.dev/learn/you-might-not-need-an-effect).
2026-05-15T07:40:21.5491283Z 
2026-05-15T07:40:21.5491677Z /home/runner/work/prismTask/prismTask/web/src/features/medication/MedicationRefillScreen.tsx:382:7
2026-05-15T07:40:21.5492146Z   380 |   useEffect(() => {
2026-05-15T07:40:21.5492470Z   381 |     if (isOpen) {
2026-05-15T07:40:21.5492769Z > 382 |       setForm(initialEditorState(initial));
2026-05-15T07:40:21.5493147Z       |       ^^^^^^^ Avoid calling setState() directly within an effect
2026-05-15T07:40:21.5493453Z   383 |       setErrors({});
2026-05-15T07:40:21.5493668Z   384 |     }
2026-05-15T07:40:21.5493947Z   385 |   }, [isOpen, initial]);  react-hooks/set-state-in-effect
2026-05-15T07:40:21.5494171Z 
2026-05-15T07:40:21.5494476Z /home/runner/work/prismTask/prismTask/web/src/features/selfcare/SelfCareScreen.tsx
2026-05-15T07:40:21.5495035Z   35:31  error  Error: Cannot call impure function during render
2026-05-15T07:40:21.5495268Z 
2026-05-15T07:40:21.5496380Z `Date.now` is an impure function. Calling an impure function can produce unstable results that update unpredictably when the component happens to re-render. (https://react.dev/reference/rules/components-and-hooks-must-be-pure#components-and-hooks-must-be-idempotent).
2026-05-15T07:40:21.5497293Z 
2026-05-15T07:40:21.5497628Z /home/runner/work/prismTask/prismTask/web/src/features/selfcare/SelfCareScreen.tsx:35:31
2026-05-15T07:40:21.5498044Z   33 |
2026-05-15T07:40:21.5498247Z   34 |   const todayMs = useMemo(
2026-05-15T07:40:21.5498590Z > 35 |     () => startOfLogicalDayMs(Date.now(), startOfDayHour),
2026-05-15T07:40:21.5498974Z      |                               ^^^^^^^^^^ Cannot call impure function
2026-05-15T07:40:21.5499274Z   36 |     [startOfDayHour],
2026-05-15T07:40:21.5499492Z   37 |   );
2026-05-15T07:40:21.5499679Z   38 |  react-hooks/purity
2026-05-15T07:40:21.5499813Z 
2026-05-15T07:40:21.5500122Z /home/runner/work/prismTask/prismTask/web/src/features/today/PlanForTodaySheet.tsx
2026-05-15T07:40:21.5500842Z   73:7  error  Error: Calling setState synchronously within an effect can trigger cascading renders
2026-05-15T07:40:21.5501186Z 
2026-05-15T07:40:21.5502095Z Effects are intended to synchronize state between React and external systems such as manually updating the DOM, state management libraries, or other platform APIs. In general, the body of an effect should do one or both of the following:
2026-05-15T07:40:21.5503175Z * Update external systems with the latest state from React.
2026-05-15T07:40:21.5503839Z * Subscribe for updates from some external system, calling setState in a callback function when external state changes.
2026-05-15T07:40:21.5504254Z 
2026-05-15T07:40:21.5504972Z Calling setState synchronously within an effect body causes cascading renders that can hurt performance, and is not recommended. (https://react.dev/learn/you-might-not-need-an-effect).
2026-05-15T07:40:21.5505579Z 
2026-05-15T07:40:21.5505922Z /home/runner/work/prismTask/prismTask/web/src/features/today/PlanForTodaySheet.tsx:73:7
2026-05-15T07:40:21.5506331Z   71 |   useEffect(() => {
2026-05-15T07:40:21.5506549Z   72 |     if (isOpen) {
2026-05-15T07:40:21.5506775Z > 73 |       setSearch('');
2026-05-15T07:40:21.5507081Z      |       ^^^^^^^^^ Avoid calling setState() directly within an effect
2026-05-15T07:40:21.5507425Z   74 |       setSelectedIds(new Set());
2026-05-15T07:40:21.5507688Z   75 |       setMultiSelect(false);
2026-05-15T07:40:21.5507970Z   76 |     }  react-hooks/set-state-in-effect
2026-05-15T07:40:21.5508149Z 
2026-05-15T07:40:21.5508541Z ✖ 5 problems (5 errors, 0 warnings)
2026-05-15T07:40:21.5508701Z 
2026-05-15T07:40:21.7522314Z ##[error]Process completed with exit code 1.
2026-05-15T07:40:21.7593411Z Post job cleanup.
2026-05-15T07:40:21.7675744Z Post job cleanup.
2026-05-15T07:40:21.8554989Z [command]/usr/bin/git version
2026-05-15T07:40:21.8592264Z git version 2.54.0
2026-05-15T07:40:21.8629895Z Temporarily overriding HOME='/home/runner/work/_temp/6e9051a6-2d95-4bf6-940f-b831c1f928aa' before making global git config changes
2026-05-15T07:40:21.8631447Z Adding repository directory to the temporary git global config as a safe directory
2026-05-15T07:40:21.8635505Z [command]/usr/bin/git config --global --add safe.directory /home/runner/work/prismTask/prismTask
2026-05-15T07:40:21.8666705Z Removing SSH command configuration
2026-05-15T07:40:21.8673278Z [command]/usr/bin/git config --local --name-only --get-regexp core\.sshCommand
2026-05-15T07:40:21.8708830Z [command]/usr/bin/git submodule foreach --recursive sh -c "git config --local --name-only --get-regexp 'core\.sshCommand' && git config --local --unset-all 'core.sshCommand' || :"
2026-05-15T07:40:21.8980881Z Removing HTTP extra header
2026-05-15T07:40:21.8986544Z [command]/usr/bin/git config --local --name-only --get-regexp http\.https\:\/\/github\.com\/\.extraheader
2026-05-15T07:40:21.9023922Z [command]/usr/bin/git submodule foreach --recursive sh -c "git config --local --name-only --get-regexp 'http\.https\:\/\/github\.com\/\.extraheader' && git config --local --unset-all 'http.https://github.com/.extraheader' || :"
2026-05-15T07:40:21.9257834Z Removing includeIf entries pointing to credentials config files
2026-05-15T07:40:21.9265049Z [command]/usr/bin/git config --local --name-only --get-regexp ^includeIf\.gitdir:
2026-05-15T07:40:21.9291678Z includeif.gitdir:/home/runner/work/prismTask/prismTask/.git.path
2026-05-15T07:40:21.9293008Z includeif.gitdir:/home/runner/work/prismTask/prismTask/.git/worktrees/*.path
2026-05-15T07:40:21.9299227Z includeif.gitdir:/github/workspace/.git.path
2026-05-15T07:40:21.9299985Z includeif.gitdir:/github/workspace/.git/worktrees/*.path
2026-05-15T07:40:21.9303564Z [command]/usr/bin/git config --local --get-all includeif.gitdir:/home/runner/work/prismTask/prismTask/.git.path
2026-05-15T07:40:21.9329517Z /home/runner/work/_temp/git-credentials-ca33814c-7e9b-4e50-a454-4b07835e1fbc.config
2026-05-15T07:40:21.9341434Z [command]/usr/bin/git config --local --unset includeif.gitdir:/home/runner/work/prismTask/prismTask/.git.path /home/runner/work/_temp/git-credentials-ca33814c-7e9b-4e50-a454-4b07835e1fbc.config
2026-05-15T07:40:21.9380005Z [command]/usr/bin/git config --local --get-all includeif.gitdir:/home/runner/work/prismTask/prismTask/.git/worktrees/*.path
2026-05-15T07:40:21.9403811Z /home/runner/work/_temp/git-credentials-ca33814c-7e9b-4e50-a454-4b07835e1fbc.config
2026-05-15T07:40:21.9414194Z [command]/usr/bin/git config --local --unset includeif.gitdir:/home/runner/work/prismTask/prismTask/.git/worktrees/*.path /home/runner/work/_temp/git-credentials-ca33814c-7e9b-4e50-a454-4b07835e1fbc.config
2026-05-15T07:40:21.9446904Z [command]/usr/bin/git config --local --get-all includeif.gitdir:/github/workspace/.git.path
2026-05-15T07:40:21.9469366Z /github/runner_temp/git-credentials-ca33814c-7e9b-4e50-a454-4b07835e1fbc.config
2026-05-15T07:40:21.9477996Z [command]/usr/bin/git config --local --unset includeif.gitdir:/github/workspace/.git.path /github/runner_temp/git-credentials-ca33814c-7e9b-4e50-a454-4b07835e1fbc.config
2026-05-15T07:40:21.9510616Z [command]/usr/bin/git config --local --get-all includeif.gitdir:/github/workspace/.git/worktrees/*.path
2026-05-15T07:40:21.9532904Z /github/runner_temp/git-credentials-ca33814c-7e9b-4e50-a454-4b07835e1fbc.config
2026-05-15T07:40:21.9542710Z [command]/usr/bin/git config --local --unset includeif.gitdir:/github/workspace/.git/worktrees/*.path /github/runner_temp/git-credentials-ca33814c-7e9b-4e50-a454-4b07835e1fbc.config
2026-05-15T07:40:21.9578245Z [command]/usr/bin/git submodule foreach --recursive git config --local --show-origin --name-only --get-regexp remote.origin.url
2026-05-15T07:40:21.9818225Z Removing credentials config '/home/runner/work/_temp/git-credentials-ca33814c-7e9b-4e50-a454-4b07835e1fbc.config'
2026-05-15T07:40:21.9966740Z Cleaning up orphan processes
2026-05-15T07:40:22.0285771Z ##[warning]Node.js 20 actions are deprecated. The following actions are running on Node.js 20 and may not work as expected: actions/setup-node@v4. Actions will be forced to run with Node.js 24 by default starting June 2nd, 2026. Node.js 20 will be removed from the runner on September 16th, 2026. Please check if updated versions of these actions are available that support Node.js 24. To opt into Node.js 24 now, set the FORCE_JAVASCRIPT_ACTIONS_TO_NODE24=true environment variable on the runner or in your workflow file. Once Node.js 24 becomes the default, you can temporarily opt out by setting ACTIONS_ALLOW_USE_UNSECURE_NODE_VERSION=true. For more information see: https://github.blog/changelog/2025-09-19-deprecation-of-node-20-on-github-actions-runners/
