=== CI FAILURE ===
Workflow:      Web CI
Workflow file: averycorp/prismTask/.github/workflows/web-ci.yml@refs/pull/1575/merge
Job(s):        e2e
Run ID:        25955303824
Run attempt:   1
Run URL:       https://github.com/averycorp/prismTask/actions/runs/25955303824
Commit:        d1c64dc536e9362616b2a33508b2567b11d604e6
Branch:        1575/merge
Event:         pull_request
Actor:         akarlin3
Runner OS:     Linux
Timestamp:     2026-05-16T06:47:48.173Z

Failed steps:
  - e2e: #9 Run Playwright tests

=== FAILED JOB LOG ===

--- Job: e2e (id 76300824516) ---
2026-05-16T06:45:24.2158151Z Current runner version: '2.334.0'
2026-05-16T06:45:24.2183266Z ##[group]Runner Image Provisioner
2026-05-16T06:45:24.2184079Z Hosted Compute Agent
2026-05-16T06:45:24.2184949Z Version: 20260213.493
2026-05-16T06:45:24.2185650Z Commit: 5c115507f6dd24b8de37d8bbe0bb4509d0cc0fa3
2026-05-16T06:45:24.2186396Z Build Date: 2026-02-13T00:28:41Z
2026-05-16T06:45:24.2187134Z Worker ID: {c95d3531-1ec7-48ed-b3da-f58abf959644}
2026-05-16T06:45:24.2187872Z Azure Region: northcentralus
2026-05-16T06:45:24.2188529Z ##[endgroup]
2026-05-16T06:45:24.2190019Z ##[group]Operating System
2026-05-16T06:45:24.2190704Z Ubuntu
2026-05-16T06:45:24.2191224Z 24.04.4
2026-05-16T06:45:24.2191753Z LTS
2026-05-16T06:45:24.2192189Z ##[endgroup]
2026-05-16T06:45:24.2192810Z ##[group]Runner Image
2026-05-16T06:45:24.2193401Z Image: ubuntu-24.04
2026-05-16T06:45:24.2193890Z Version: 20260513.135.3
2026-05-16T06:45:24.2195441Z Included Software: https://github.com/actions/runner-images/blob/ubuntu24/20260513.135/images/ubuntu/Ubuntu2404-Readme.md
2026-05-16T06:45:24.2196971Z Image Release: https://github.com/actions/runner-images/releases/tag/ubuntu24%2F20260513.135
2026-05-16T06:45:24.2197888Z ##[endgroup]
2026-05-16T06:45:24.2199081Z ##[group]GITHUB_TOKEN Permissions
2026-05-16T06:45:24.2201346Z Actions: read
2026-05-16T06:45:24.2201971Z Checks: read
2026-05-16T06:45:24.2202457Z Contents: write
2026-05-16T06:45:24.2203072Z Metadata: read
2026-05-16T06:45:24.2203582Z ##[endgroup]
2026-05-16T06:45:24.2206142Z Secret source: Actions
2026-05-16T06:45:24.2206969Z Prepare workflow directory
2026-05-16T06:45:24.2622976Z Prepare all required actions
2026-05-16T06:45:24.2662101Z Getting action download info
2026-05-16T06:45:24.6733106Z Download action repository 'actions/checkout@v6' (SHA:de0fac2e4500dabe0009e67214ff5f5447ce83dd)
2026-05-16T06:45:24.7892155Z Download action repository 'dorny/paths-filter@v4' (SHA:fbd0ab8f3e69293af611ebaee6363fc25e6d187d)
2026-05-16T06:45:25.0795841Z Download action repository 'actions/cache@v5' (SHA:27d5ce7f107fe9357f9df03efb73ab90386fccae)
2026-05-16T06:45:25.1924143Z Download action repository 'actions/upload-artifact@v7' (SHA:043fb46d1a93c77aae656e7c1c64a875d1fc6a0a)
2026-05-16T06:45:25.3765812Z Complete job name: e2e
2026-05-16T06:45:25.4563020Z ##[group]Run actions/checkout@v6
2026-05-16T06:45:25.4563921Z with:
2026-05-16T06:45:25.4564568Z   repository: averycorp/prismTask
2026-05-16T06:45:25.4565292Z   token: ***
2026-05-16T06:45:25.4565704Z   ssh-strict: true
2026-05-16T06:45:25.4566128Z   ssh-user: git
2026-05-16T06:45:25.4566560Z   persist-credentials: true
2026-05-16T06:45:25.4567051Z   clean: true
2026-05-16T06:45:25.4567468Z   sparse-checkout-cone-mode: true
2026-05-16T06:45:25.4567995Z   fetch-depth: 1
2026-05-16T06:45:25.4568401Z   fetch-tags: false
2026-05-16T06:45:25.4568829Z   show-progress: true
2026-05-16T06:45:25.4569245Z   lfs: false
2026-05-16T06:45:25.4569626Z   submodules: false
2026-05-16T06:45:25.4570044Z   set-safe-directory: true
2026-05-16T06:45:25.4570843Z ##[endgroup]
2026-05-16T06:45:25.5568344Z Syncing repository: averycorp/prismTask
2026-05-16T06:45:25.5570298Z ##[group]Getting Git version info
2026-05-16T06:45:25.5571046Z Working directory is '/home/runner/work/prismTask/prismTask'
2026-05-16T06:45:25.5572192Z [command]/usr/bin/git version
2026-05-16T06:45:25.5623791Z git version 2.54.0
2026-05-16T06:45:25.5648233Z ##[endgroup]
2026-05-16T06:45:25.5662981Z Temporarily overriding HOME='/home/runner/work/_temp/98ec2114-64cf-4f2d-9741-a7c15a867075' before making global git config changes
2026-05-16T06:45:25.5665797Z Adding repository directory to the temporary git global config as a safe directory
2026-05-16T06:45:25.5669095Z [command]/usr/bin/git config --global --add safe.directory /home/runner/work/prismTask/prismTask
2026-05-16T06:45:25.5720762Z Deleting the contents of '/home/runner/work/prismTask/prismTask'
2026-05-16T06:45:25.5725877Z ##[group]Initializing the repository
2026-05-16T06:45:25.5731090Z [command]/usr/bin/git init /home/runner/work/prismTask/prismTask
2026-05-16T06:45:25.5836226Z hint: Using 'master' as the name for the initial branch. This default branch name
2026-05-16T06:45:25.5838040Z hint: will change to "main" in Git 3.0. To configure the initial branch name
2026-05-16T06:45:25.5839146Z hint: to use in all of your new repositories, which will suppress this warning,
2026-05-16T06:45:25.5840607Z hint: call:
2026-05-16T06:45:25.5841345Z hint:
2026-05-16T06:45:25.5842274Z hint: 	git config --global init.defaultBranch <name>
2026-05-16T06:45:25.5843446Z hint:
2026-05-16T06:45:25.5844547Z hint: Names commonly chosen instead of 'master' are 'main', 'trunk' and
2026-05-16T06:45:25.5845929Z hint: 'development'. The just-created branch can be renamed via this command:
2026-05-16T06:45:25.5847125Z hint:
2026-05-16T06:45:25.5847611Z hint: 	git branch -m <name>
2026-05-16T06:45:25.5848170Z hint:
2026-05-16T06:45:25.5848931Z hint: Disable this message with "git config set advice.defaultBranchName false"
2026-05-16T06:45:25.5850457Z Initialized empty Git repository in /home/runner/work/prismTask/prismTask/.git/
2026-05-16T06:45:25.5852883Z [command]/usr/bin/git remote add origin https://github.com/averycorp/prismTask
2026-05-16T06:45:25.5894978Z ##[endgroup]
2026-05-16T06:45:25.5895797Z ##[group]Disabling automatic garbage collection
2026-05-16T06:45:25.5898991Z [command]/usr/bin/git config --local gc.auto 0
2026-05-16T06:45:25.5927919Z ##[endgroup]
2026-05-16T06:45:25.5929073Z ##[group]Setting up auth
2026-05-16T06:45:25.5929938Z Removing SSH command configuration
2026-05-16T06:45:25.5935012Z [command]/usr/bin/git config --local --name-only --get-regexp core\.sshCommand
2026-05-16T06:45:25.5967671Z [command]/usr/bin/git submodule foreach --recursive sh -c "git config --local --name-only --get-regexp 'core\.sshCommand' && git config --local --unset-all 'core.sshCommand' || :"
2026-05-16T06:45:25.6326444Z Removing HTTP extra header
2026-05-16T06:45:25.6331949Z [command]/usr/bin/git config --local --name-only --get-regexp http\.https\:\/\/github\.com\/\.extraheader
2026-05-16T06:45:25.6362477Z [command]/usr/bin/git submodule foreach --recursive sh -c "git config --local --name-only --get-regexp 'http\.https\:\/\/github\.com\/\.extraheader' && git config --local --unset-all 'http.https://github.com/.extraheader' || :"
2026-05-16T06:45:25.6576754Z Removing includeIf entries pointing to credentials config files
2026-05-16T06:45:25.6582308Z [command]/usr/bin/git config --local --name-only --get-regexp ^includeIf\.gitdir:
2026-05-16T06:45:25.6614550Z [command]/usr/bin/git submodule foreach --recursive git config --local --show-origin --name-only --get-regexp remote.origin.url
2026-05-16T06:45:25.6838430Z [command]/usr/bin/git config --file /home/runner/work/_temp/git-credentials-0ce080bb-4b5c-4b3c-bb0c-35a0fe315a4d.config http.https://github.com/.extraheader AUTHORIZATION: basic ***
2026-05-16T06:45:25.6875994Z [command]/usr/bin/git config --local includeIf.gitdir:/home/runner/work/prismTask/prismTask/.git.path /home/runner/work/_temp/git-credentials-0ce080bb-4b5c-4b3c-bb0c-35a0fe315a4d.config
2026-05-16T06:45:25.6906486Z [command]/usr/bin/git config --local includeIf.gitdir:/home/runner/work/prismTask/prismTask/.git/worktrees/*.path /home/runner/work/_temp/git-credentials-0ce080bb-4b5c-4b3c-bb0c-35a0fe315a4d.config
2026-05-16T06:45:25.6940022Z [command]/usr/bin/git config --local includeIf.gitdir:/github/workspace/.git.path /github/runner_temp/git-credentials-0ce080bb-4b5c-4b3c-bb0c-35a0fe315a4d.config
2026-05-16T06:45:25.6972479Z [command]/usr/bin/git config --local includeIf.gitdir:/github/workspace/.git/worktrees/*.path /github/runner_temp/git-credentials-0ce080bb-4b5c-4b3c-bb0c-35a0fe315a4d.config
2026-05-16T06:45:25.7002445Z ##[endgroup]
2026-05-16T06:45:25.7003826Z ##[group]Fetching the repository
2026-05-16T06:45:25.7012382Z [command]/usr/bin/git -c protocol.version=2 fetch --no-tags --prune --no-recurse-submodules --depth=1 origin +d1c64dc536e9362616b2a33508b2567b11d604e6:refs/remotes/pull/1575/merge
2026-05-16T06:45:26.8966740Z From https://github.com/averycorp/prismTask
2026-05-16T06:45:26.8970175Z  * [new ref]         d1c64dc536e9362616b2a33508b2567b11d604e6 -> pull/1575/merge
2026-05-16T06:45:26.9008135Z ##[endgroup]
2026-05-16T06:45:26.9010086Z ##[group]Determining the checkout info
2026-05-16T06:45:26.9012289Z ##[endgroup]
2026-05-16T06:45:26.9016283Z [command]/usr/bin/git sparse-checkout disable
2026-05-16T06:45:26.9066080Z [command]/usr/bin/git config --local --unset-all extensions.worktreeConfig
2026-05-16T06:45:26.9096568Z ##[group]Checking out the ref
2026-05-16T06:45:26.9100258Z [command]/usr/bin/git checkout --progress --force refs/remotes/pull/1575/merge
2026-05-16T06:45:27.2158938Z Note: switching to 'refs/remotes/pull/1575/merge'.
2026-05-16T06:45:27.2160755Z 
2026-05-16T06:45:27.2162555Z You are in 'detached HEAD' state. You can look around, make experimental
2026-05-16T06:45:27.2166090Z changes and commit them, and you can discard any commits you make in this
2026-05-16T06:45:27.2169203Z state without impacting any branches by switching back to a branch.
2026-05-16T06:45:27.2171085Z 
2026-05-16T06:45:27.2172373Z If you want to create a new branch to retain commits you create, you may
2026-05-16T06:45:27.2175603Z do so (now or later) by using -c with the switch command. Example:
2026-05-16T06:45:27.2177310Z 
2026-05-16T06:45:27.2177946Z   git switch -c <new-branch-name>
2026-05-16T06:45:27.2179111Z 
2026-05-16T06:45:27.2179717Z Or undo this operation with:
2026-05-16T06:45:27.2180838Z 
2026-05-16T06:45:27.2181487Z   git switch -
2026-05-16T06:45:27.2182383Z 
2026-05-16T06:45:27.2183915Z Turn off this advice by setting config variable advice.detachedHead to false
2026-05-16T06:45:27.2186472Z 
2026-05-16T06:45:27.2188942Z HEAD is now at d1c64dc Merge bb04d9352c9ef25f64585f2851d6b84175da78ba into d8539b894089ac220404586bfc85bfb8f737f5a1
2026-05-16T06:45:27.2196614Z ##[endgroup]
2026-05-16T06:45:27.2234607Z [command]/usr/bin/git log -1 --format=%H
2026-05-16T06:45:27.2261125Z d1c64dc536e9362616b2a33508b2567b11d604e6
2026-05-16T06:45:27.2647123Z ##[group]Run dorny/paths-filter@v4
2026-05-16T06:45:27.2648306Z with:
2026-05-16T06:45:27.2649928Z   filters: web:
  - 'web/**'
  - '.github/workflows/web-ci.yml'
  - '.github/actions/setup-node-web/**'

2026-05-16T06:45:27.2652217Z   token: ***
2026-05-16T06:45:27.2653049Z   list-files: none
2026-05-16T06:45:27.2653946Z   initial-fetch-depth: 100
2026-05-16T06:45:27.2655343Z   predicate-quantifier: some
2026-05-16T06:45:27.2656355Z ##[endgroup]
2026-05-16T06:45:27.3499763Z ##[group]Fetching list of changed files for PR#1575 from Github API
2026-05-16T06:45:27.3508504Z Invoking listFiles(pull_number: 1575, per_page: 100)
2026-05-16T06:45:27.7277706Z Received 10 items
2026-05-16T06:45:27.7278992Z [modified] web/src/components/BuiltInUpdateBanner.tsx
2026-05-16T06:45:27.7282007Z [modified] web/src/features/medication/MedicationRefillScreen.tsx
2026-05-16T06:45:27.7283191Z [modified] web/src/features/pomodoro/PomodoroScreen.tsx
2026-05-16T06:45:27.7284528Z [modified] web/src/features/selfcare/SelfCareScreen.tsx
2026-05-16T06:45:27.7286213Z [modified] web/src/features/settings/BrainModeScreen.tsx
2026-05-16T06:45:27.7287211Z [modified] web/src/features/tasks/tabs/OrganizeTab.tsx
2026-05-16T06:45:27.7288209Z [modified] web/src/features/today/DailyEssentialsCards.tsx
2026-05-16T06:45:27.7289221Z [modified] web/src/features/today/PlanForTodaySheet.tsx
2026-05-16T06:45:27.7290311Z [modified] web/src/features/weeklyreview/WeeklyReviewDetailScreen.tsx
2026-05-16T06:45:27.7291367Z [modified] web/src/theme/PrismThemeProvider.tsx
2026-05-16T06:45:27.7292734Z ##[endgroup]
2026-05-16T06:45:27.7293394Z Detected 10 changed files
2026-05-16T06:45:27.7294037Z Results:
2026-05-16T06:45:27.7295204Z ##[group]Filter web = true
2026-05-16T06:45:27.7295938Z Matching files:
2026-05-16T06:45:27.7297485Z web/src/components/BuiltInUpdateBanner.tsx [modified]
2026-05-16T06:45:27.7298593Z web/src/features/medication/MedicationRefillScreen.tsx [modified]
2026-05-16T06:45:27.7299654Z web/src/features/pomodoro/PomodoroScreen.tsx [modified]
2026-05-16T06:45:27.7300603Z web/src/features/selfcare/SelfCareScreen.tsx [modified]
2026-05-16T06:45:27.7302022Z web/src/features/settings/BrainModeScreen.tsx [modified]
2026-05-16T06:45:27.7302992Z web/src/features/tasks/tabs/OrganizeTab.tsx [modified]
2026-05-16T06:45:27.7304004Z web/src/features/today/DailyEssentialsCards.tsx [modified]
2026-05-16T06:45:27.7305429Z web/src/features/today/PlanForTodaySheet.tsx [modified]
2026-05-16T06:45:27.7306568Z web/src/features/weeklyreview/WeeklyReviewDetailScreen.tsx [modified]
2026-05-16T06:45:27.7307647Z web/src/theme/PrismThemeProvider.tsx [modified]
2026-05-16T06:45:27.7308995Z ##[endgroup]
2026-05-16T06:45:27.7309715Z Changes output set to ["web"]
2026-05-16T06:45:27.7649338Z Prepare all required actions
2026-05-16T06:45:27.7649861Z Getting action download info
2026-05-16T06:45:27.8896908Z Download action repository 'actions/setup-node@v4' (SHA:49933ea5288caeca8642d1e84afbd3f7d6820020)
2026-05-16T06:45:27.9900463Z ##[group]Run ./.github/actions/setup-node-web
2026-05-16T06:45:27.9900820Z ##[endgroup]
2026-05-16T06:45:28.0033688Z ##[group]Run actions/setup-node@v4
2026-05-16T06:45:28.0034011Z with:
2026-05-16T06:45:28.0034453Z   node-version: 22
2026-05-16T06:45:28.0034695Z   cache: npm
2026-05-16T06:45:28.0034967Z   cache-dependency-path: web/package-lock.json
2026-05-16T06:45:28.0035299Z   always-auth: false
2026-05-16T06:45:28.0035544Z   check-latest: false
2026-05-16T06:45:28.0035961Z   token: ***
2026-05-16T06:45:28.0036179Z ##[endgroup]
2026-05-16T06:45:28.2011328Z Found in cache @ /opt/hostedtoolcache/node/22.22.2/x64
2026-05-16T06:45:28.2015420Z ##[group]Environment details
2026-05-16T06:45:28.5929519Z node: v22.22.2
2026-05-16T06:45:28.5929977Z npm: 10.9.7
2026-05-16T06:45:28.5930185Z yarn: 1.22.22
2026-05-16T06:45:28.5930784Z ##[endgroup]
2026-05-16T06:45:28.5953177Z [command]/opt/hostedtoolcache/node/22.22.2/x64/bin/npm config get cache
2026-05-16T06:45:28.7068128Z /home/runner/.npm
2026-05-16T06:45:28.8410704Z Cache hit for: node-cache-Linux-x64-npm-66d4da9f38c365f02697648cecba7adfb9a21d1933b3d2c650e1ebe01a2c851d
2026-05-16T06:45:29.8375574Z Received 94692536 of 94692536 (100.0%), 102.0 MBs/sec
2026-05-16T06:45:29.8376656Z Cache Size: ~90 MB (94692536 B)
2026-05-16T06:45:29.8410262Z [command]/usr/bin/tar -xf /home/runner/work/_temp/03ac9611-2599-46a7-a916-3651bbf6cb5e/cache.tzst -P -C /home/runner/work/prismTask/prismTask --use-compress-program unzstd
2026-05-16T06:45:30.0475652Z Cache restored successfully
2026-05-16T06:45:30.0524033Z Cache restored from key: node-cache-Linux-x64-npm-66d4da9f38c365f02697648cecba7adfb9a21d1933b3d2c650e1ebe01a2c851d
2026-05-16T06:45:30.0688244Z ##[group]Run npm ci
2026-05-16T06:45:30.0688522Z [36;1mnpm ci[0m
2026-05-16T06:45:30.0733300Z shell: /usr/bin/bash --noprofile --norc -e -o pipefail {0}
2026-05-16T06:45:30.0733667Z ##[endgroup]
2026-05-16T06:45:40.3687410Z 
2026-05-16T06:45:40.3695717Z added 435 packages, and audited 436 packages in 10s
2026-05-16T06:45:40.3696102Z 
2026-05-16T06:45:40.3696388Z 94 packages are looking for funding
2026-05-16T06:45:40.3696767Z   run `npm fund` for details
2026-05-16T06:45:40.3760235Z 
2026-05-16T06:45:40.3760896Z 3 vulnerabilities (2 moderate, 1 critical)
2026-05-16T06:45:40.3761311Z 
2026-05-16T06:45:40.3761551Z To address all issues, run:
2026-05-16T06:45:40.3762015Z   npm audit fix
2026-05-16T06:45:40.3762245Z 
2026-05-16T06:45:40.3762461Z Run `npm audit` for details.
2026-05-16T06:45:40.5281141Z ##[group]Run actions/cache@v5
2026-05-16T06:45:40.5281449Z with:
2026-05-16T06:45:40.5281671Z   path: ~/.cache/ms-playwright
2026-05-16T06:45:40.5282227Z   key: playwright-chromium-66d4da9f38c365f02697648cecba7adfb9a21d1933b3d2c650e1ebe01a2c851d
2026-05-16T06:45:40.5282841Z   enableCrossOsArchive: false
2026-05-16T06:45:40.5283138Z   fail-on-cache-miss: false
2026-05-16T06:45:40.5283406Z   lookup-only: false
2026-05-16T06:45:40.5283647Z   save-always: false
2026-05-16T06:45:40.5283886Z ##[endgroup]
2026-05-16T06:45:40.7456817Z Cache not found for input keys: playwright-chromium-66d4da9f38c365f02697648cecba7adfb9a21d1933b3d2c650e1ebe01a2c851d
2026-05-16T06:45:40.7581519Z ##[group]Run npx playwright install --with-deps chromium
2026-05-16T06:45:40.7581990Z [36;1mnpx playwright install --with-deps chromium[0m
2026-05-16T06:45:40.7617256Z shell: /usr/bin/bash -e {0}
2026-05-16T06:45:40.7617542Z ##[endgroup]
2026-05-16T06:45:41.3039392Z Installing dependencies...
2026-05-16T06:45:41.3123249Z Switching to root user to install dependencies...
2026-05-16T06:45:41.4310107Z Get:1 file:/etc/apt/apt-mirrors.txt Mirrorlist [144 B]
2026-05-16T06:45:41.4675219Z Hit:6 https://packages.microsoft.com/repos/azure-cli noble InRelease
2026-05-16T06:45:41.4676660Z Hit:2 http://azure.archive.ubuntu.com/ubuntu noble InRelease
2026-05-16T06:45:41.4684464Z Get:7 https://packages.microsoft.com/ubuntu/24.04/prod noble InRelease [3600 B]
2026-05-16T06:45:41.4701053Z Get:3 http://azure.archive.ubuntu.com/ubuntu noble-updates InRelease [126 kB]
2026-05-16T06:45:41.4781266Z Get:4 http://azure.archive.ubuntu.com/ubuntu noble-backports InRelease [126 kB]
2026-05-16T06:45:41.4798457Z Get:5 http://azure.archive.ubuntu.com/ubuntu noble-security InRelease [126 kB]
2026-05-16T06:45:41.5109953Z Get:8 https://dl.google.com/linux/chrome-stable/deb stable InRelease [1825 B]
2026-05-16T06:45:41.6299887Z Get:9 https://packages.microsoft.com/ubuntu/24.04/prod noble/main arm64 Packages [120 kB]
2026-05-16T06:45:41.6406009Z Get:10 https://packages.microsoft.com/ubuntu/24.04/prod noble/main amd64 Packages [147 kB]
2026-05-16T06:45:41.6768302Z Get:11 http://azure.archive.ubuntu.com/ubuntu noble-updates/main amd64 Packages [2003 kB]
2026-05-16T06:45:41.6906583Z Get:12 http://azure.archive.ubuntu.com/ubuntu noble-updates/main Translation-en [354 kB]
2026-05-16T06:45:41.6916275Z Get:13 http://azure.archive.ubuntu.com/ubuntu noble-updates/main amd64 Components [177 kB]
2026-05-16T06:45:41.6945707Z Get:14 http://azure.archive.ubuntu.com/ubuntu noble-updates/universe amd64 Packages [1689 kB]
2026-05-16T06:45:41.7059221Z Get:15 http://azure.archive.ubuntu.com/ubuntu noble-updates/universe amd64 Components [386 kB]
2026-05-16T06:45:41.7068871Z Get:16 http://azure.archive.ubuntu.com/ubuntu noble-updates/restricted amd64 Packages [3187 kB]
2026-05-16T06:45:41.7248034Z Get:17 http://azure.archive.ubuntu.com/ubuntu noble-updates/restricted Translation-en [738 kB]
2026-05-16T06:45:41.7290201Z Get:18 http://azure.archive.ubuntu.com/ubuntu noble-updates/multiverse amd64 Components [940 B]
2026-05-16T06:45:41.7370760Z Get:19 http://azure.archive.ubuntu.com/ubuntu noble-backports/main amd64 Components [5780 B]
2026-05-16T06:45:41.7384526Z Get:20 http://azure.archive.ubuntu.com/ubuntu noble-backports/universe amd64 Components [10.5 kB]
2026-05-16T06:45:41.8308665Z Get:21 http://azure.archive.ubuntu.com/ubuntu noble-security/main amd64 Packages [1668 kB]
2026-05-16T06:45:41.8390771Z Get:22 http://azure.archive.ubuntu.com/ubuntu noble-security/main amd64 Components [21.9 kB]
2026-05-16T06:45:41.8403369Z Get:23 http://azure.archive.ubuntu.com/ubuntu noble-security/universe amd64 Packages [1187 kB]
2026-05-16T06:45:41.8462808Z Get:24 http://azure.archive.ubuntu.com/ubuntu noble-security/universe amd64 Components [74.3 kB]
2026-05-16T06:45:41.8550775Z Get:25 https://dl.google.com/linux/chrome-stable/deb stable/main amd64 Packages [1209 B]
2026-05-16T06:45:46.4651287Z Fetched 12.2 MB in 1s (8434 kB/s)
2026-05-16T06:45:47.3809847Z Reading package lists...
2026-05-16T06:45:47.4174416Z Reading package lists...
2026-05-16T06:45:47.6384882Z Building dependency tree...
2026-05-16T06:45:47.6394721Z Reading state information...
2026-05-16T06:45:47.8090539Z libasound2t64 is already the newest version (1.2.11-1ubuntu0.2).
2026-05-16T06:45:47.8091639Z libasound2t64 set to manually installed.
2026-05-16T06:45:47.8098104Z libatk-bridge2.0-0t64 is already the newest version (2.52.0-1build1).
2026-05-16T06:45:47.8099345Z libatk-bridge2.0-0t64 set to manually installed.
2026-05-16T06:45:47.8100487Z libatk1.0-0t64 is already the newest version (2.52.0-1build1).
2026-05-16T06:45:47.8101466Z libatk1.0-0t64 set to manually installed.
2026-05-16T06:45:47.8167645Z libatspi2.0-0t64 is already the newest version (2.52.0-1build1).
2026-05-16T06:45:47.8168964Z libatspi2.0-0t64 set to manually installed.
2026-05-16T06:45:47.8170094Z libcairo2 is already the newest version (1.18.0-3build1).
2026-05-16T06:45:47.8171138Z libcairo2 set to manually installed.
2026-05-16T06:45:47.8172266Z libcups2t64 is already the newest version (2.4.7-1.2ubuntu7.9).
2026-05-16T06:45:47.8173357Z libcups2t64 set to manually installed.
2026-05-16T06:45:47.8174718Z libdbus-1-3 is already the newest version (1.14.10-4ubuntu4.1).
2026-05-16T06:45:47.8175812Z libdbus-1-3 set to manually installed.
2026-05-16T06:45:47.8176979Z libdrm2 is already the newest version (2.4.125-1ubuntu0.1~24.04.1).
2026-05-16T06:45:47.8178080Z libdrm2 set to manually installed.
2026-05-16T06:45:47.8179196Z libgbm1 is already the newest version (25.2.8-0ubuntu0.24.04.1).
2026-05-16T06:45:47.8180301Z libgbm1 set to manually installed.
2026-05-16T06:45:47.8181437Z libglib2.0-0t64 is already the newest version (2.80.0-6ubuntu3.8).
2026-05-16T06:45:47.8182169Z libglib2.0-0t64 set to manually installed.
2026-05-16T06:45:47.8182804Z libnspr4 is already the newest version (2:4.35-1.1build1).
2026-05-16T06:45:47.8183434Z libnspr4 set to manually installed.
2026-05-16T06:45:47.8184115Z libnss3 is already the newest version (2:3.98-1ubuntu0.1).
2026-05-16T06:45:47.8184963Z libnss3 set to manually installed.
2026-05-16T06:45:47.8185673Z libpango-1.0-0 is already the newest version (1.52.1+ds-1build1).
2026-05-16T06:45:47.8186398Z libpango-1.0-0 set to manually installed.
2026-05-16T06:45:47.8187199Z libx11-6 is already the newest version (2:1.8.7-1build1).
2026-05-16T06:45:47.8187847Z libx11-6 set to manually installed.
2026-05-16T06:45:47.8188487Z libxcb1 is already the newest version (1.15-1ubuntu2).
2026-05-16T06:45:47.8194083Z libxcb1 set to manually installed.
2026-05-16T06:45:47.8195150Z libxcomposite1 is already the newest version (1:0.4.5-1build3).
2026-05-16T06:45:47.8195912Z libxcomposite1 set to manually installed.
2026-05-16T06:45:47.8196654Z libxdamage1 is already the newest version (1:1.1.6-1build1).
2026-05-16T06:45:47.8197284Z libxdamage1 set to manually installed.
2026-05-16T06:45:47.8197961Z libxext6 is already the newest version (2:1.3.4-1build2).
2026-05-16T06:45:47.8198594Z libxext6 set to manually installed.
2026-05-16T06:45:47.8199277Z libxfixes3 is already the newest version (1:6.0.0-2build1).
2026-05-16T06:45:47.8199933Z libxfixes3 set to manually installed.
2026-05-16T06:45:47.8200632Z libxkbcommon0 is already the newest version (1.6.0-1build1).
2026-05-16T06:45:47.8201315Z libxkbcommon0 set to manually installed.
2026-05-16T06:45:47.8201941Z libxrandr2 is already the newest version (2:1.5.2-2build1).
2026-05-16T06:45:47.8202597Z libxrandr2 set to manually installed.
2026-05-16T06:45:47.8203271Z xvfb is already the newest version (2:21.1.12-1ubuntu1.5).
2026-05-16T06:45:47.8206560Z fonts-noto-color-emoji is already the newest version (2.047-0ubuntu0.24.04.1).
2026-05-16T06:45:47.8207611Z libfontconfig1 is already the newest version (2.15.0-1.1ubuntu2).
2026-05-16T06:45:47.8208348Z libfontconfig1 set to manually installed.
2026-05-16T06:45:47.8209118Z libfreetype6 is already the newest version (2.13.2+dfsg-1ubuntu0.1).
2026-05-16T06:45:47.8209809Z libfreetype6 set to manually installed.
2026-05-16T06:45:47.8210483Z fonts-liberation is already the newest version (1:2.1.5-3).
2026-05-16T06:45:47.8211186Z fonts-liberation set to manually installed.
2026-05-16T06:45:47.8211861Z The following additional packages will be installed:
2026-05-16T06:45:47.8212453Z   xfonts-encodings xfonts-utils
2026-05-16T06:45:47.8212900Z Recommended packages:
2026-05-16T06:45:47.8213353Z   fonts-ipafont-mincho fonts-tlwg-loma
2026-05-16T06:45:47.8662249Z The following NEW packages will be installed:
2026-05-16T06:45:47.8663091Z   fonts-freefont-ttf fonts-ipafont-gothic fonts-tlwg-loma-otf fonts-unifont
2026-05-16T06:45:47.8672107Z   fonts-wqy-zenhei xfonts-cyrillic xfonts-encodings xfonts-scalable
2026-05-16T06:45:47.8673349Z   xfonts-utils
2026-05-16T06:45:47.8874741Z 0 upgraded, 9 newly installed, 0 to remove and 7 not upgraded.
2026-05-16T06:45:47.8875391Z Need to get 21.1 MB of archives.
2026-05-16T06:45:47.8875910Z After this operation, 79.5 MB of additional disk space will be used.
2026-05-16T06:45:47.8876502Z Get:1 file:/etc/apt/apt-mirrors.txt Mirrorlist [144 B]
2026-05-16T06:45:47.9254130Z Get:2 http://azure.archive.ubuntu.com/ubuntu noble/universe amd64 fonts-ipafont-gothic all 00303-21ubuntu1 [3513 kB]
2026-05-16T06:45:48.0047893Z Get:3 http://azure.archive.ubuntu.com/ubuntu noble/main amd64 fonts-freefont-ttf all 20211204+svn4273-2 [5641 kB]
2026-05-16T06:45:48.0965014Z Get:4 http://azure.archive.ubuntu.com/ubuntu noble/universe amd64 fonts-tlwg-loma-otf all 1:0.7.3-1 [107 kB]
2026-05-16T06:45:48.1201498Z Get:5 http://azure.archive.ubuntu.com/ubuntu noble/universe amd64 fonts-unifont all 1:15.1.01-1build1 [2993 kB]
2026-05-16T06:45:48.1933375Z Get:6 http://azure.archive.ubuntu.com/ubuntu noble/universe amd64 fonts-wqy-zenhei all 0.9.45-8 [7472 kB]
2026-05-16T06:45:48.4219214Z Get:7 http://azure.archive.ubuntu.com/ubuntu noble/main amd64 xfonts-encodings all 1:1.0.5-0ubuntu2 [578 kB]
2026-05-16T06:45:48.4608113Z Get:8 http://azure.archive.ubuntu.com/ubuntu noble/main amd64 xfonts-utils amd64 1:7.7+6build3 [94.4 kB]
2026-05-16T06:45:48.4853587Z Get:9 http://azure.archive.ubuntu.com/ubuntu noble/universe amd64 xfonts-cyrillic all 1:1.0.5+nmu1 [384 kB]
2026-05-16T06:45:48.5194771Z Get:10 http://azure.archive.ubuntu.com/ubuntu noble/main amd64 xfonts-scalable all 1:1.0.3-1.3 [304 kB]
2026-05-16T06:45:48.7934120Z Fetched 21.1 MB in 1s (32.1 MB/s)
2026-05-16T06:45:48.8168332Z Selecting previously unselected package fonts-ipafont-gothic.
2026-05-16T06:45:48.8436910Z (Reading database ... 
2026-05-16T06:45:48.8437431Z (Reading database ... 5%
2026-05-16T06:45:48.8437892Z (Reading database ... 10%
2026-05-16T06:45:48.8438202Z (Reading database ... 15%
2026-05-16T06:45:48.8438492Z (Reading database ... 20%
2026-05-16T06:45:48.8438803Z (Reading database ... 25%
2026-05-16T06:45:48.8439117Z (Reading database ... 30%
2026-05-16T06:45:48.8439397Z (Reading database ... 35%
2026-05-16T06:45:48.8439789Z (Reading database ... 40%
2026-05-16T06:45:48.8440217Z (Reading database ... 45%
2026-05-16T06:45:48.8440661Z (Reading database ... 50%
2026-05-16T06:45:48.8485913Z (Reading database ... 55%
2026-05-16T06:45:49.0600289Z (Reading database ... 60%
2026-05-16T06:45:49.2478568Z (Reading database ... 65%
2026-05-16T06:45:49.4539276Z (Reading database ... 70%
2026-05-16T06:45:49.5943972Z (Reading database ... 75%
2026-05-16T06:45:49.8020725Z (Reading database ... 80%
2026-05-16T06:45:50.0065287Z (Reading database ... 85%
2026-05-16T06:45:50.0710041Z (Reading database ... 90%
2026-05-16T06:45:50.2115886Z (Reading database ... 95%
2026-05-16T06:45:50.2116754Z (Reading database ... 100%
2026-05-16T06:45:50.2118145Z (Reading database ... 202288 files and directories currently installed.)
2026-05-16T06:45:50.2162239Z Preparing to unpack .../0-fonts-ipafont-gothic_00303-21ubuntu1_all.deb ...
2026-05-16T06:45:50.2257193Z Unpacking fonts-ipafont-gothic (00303-21ubuntu1) ...
2026-05-16T06:45:50.4505430Z Selecting previously unselected package fonts-freefont-ttf.
2026-05-16T06:45:50.4642064Z Preparing to unpack .../1-fonts-freefont-ttf_20211204+svn4273-2_all.deb ...
2026-05-16T06:45:50.4651595Z Unpacking fonts-freefont-ttf (20211204+svn4273-2) ...
2026-05-16T06:45:50.5510187Z Selecting previously unselected package fonts-tlwg-loma-otf.
2026-05-16T06:45:50.5641628Z Preparing to unpack .../2-fonts-tlwg-loma-otf_1%3a0.7.3-1_all.deb ...
2026-05-16T06:45:50.5649256Z Unpacking fonts-tlwg-loma-otf (1:0.7.3-1) ...
2026-05-16T06:45:50.5865792Z Selecting previously unselected package fonts-unifont.
2026-05-16T06:45:50.5995552Z Preparing to unpack .../3-fonts-unifont_1%3a15.1.01-1build1_all.deb ...
2026-05-16T06:45:50.6003917Z Unpacking fonts-unifont (1:15.1.01-1build1) ...
2026-05-16T06:45:50.7056818Z Selecting previously unselected package fonts-wqy-zenhei.
2026-05-16T06:45:50.7185933Z Preparing to unpack .../4-fonts-wqy-zenhei_0.9.45-8_all.deb ...
2026-05-16T06:45:50.7288100Z Unpacking fonts-wqy-zenhei (0.9.45-8) ...
2026-05-16T06:45:51.2021004Z Selecting previously unselected package xfonts-encodings.
2026-05-16T06:45:51.2149329Z Preparing to unpack .../5-xfonts-encodings_1%3a1.0.5-0ubuntu2_all.deb ...
2026-05-16T06:45:51.2156779Z Unpacking xfonts-encodings (1:1.0.5-0ubuntu2) ...
2026-05-16T06:45:51.2470160Z Selecting previously unselected package xfonts-utils.
2026-05-16T06:45:51.2603030Z Preparing to unpack .../6-xfonts-utils_1%3a7.7+6build3_amd64.deb ...
2026-05-16T06:45:51.2611155Z Unpacking xfonts-utils (1:7.7+6build3) ...
2026-05-16T06:45:51.2969824Z Selecting previously unselected package xfonts-cyrillic.
2026-05-16T06:45:51.3101382Z Preparing to unpack .../7-xfonts-cyrillic_1%3a1.0.5+nmu1_all.deb ...
2026-05-16T06:45:51.3112031Z Unpacking xfonts-cyrillic (1:1.0.5+nmu1) ...
2026-05-16T06:45:51.3483469Z Selecting previously unselected package xfonts-scalable.
2026-05-16T06:45:51.3616572Z Preparing to unpack .../8-xfonts-scalable_1%3a1.0.3-1.3_all.deb ...
2026-05-16T06:45:51.3626451Z Unpacking xfonts-scalable (1:1.0.3-1.3) ...
2026-05-16T06:45:51.4085578Z Setting up fonts-wqy-zenhei (0.9.45-8) ...
2026-05-16T06:45:51.4219225Z Setting up fonts-freefont-ttf (20211204+svn4273-2) ...
2026-05-16T06:45:51.4246886Z Setting up fonts-tlwg-loma-otf (1:0.7.3-1) ...
2026-05-16T06:45:51.4271989Z Setting up xfonts-encodings (1:1.0.5-0ubuntu2) ...
2026-05-16T06:45:51.4303446Z Setting up fonts-ipafont-gothic (00303-21ubuntu1) ...
2026-05-16T06:45:51.4384471Z update-alternatives: using /usr/share/fonts/opentype/ipafont-gothic/ipag.ttf to provide /usr/share/fonts/truetype/fonts-japanese-gothic.ttf (fonts-japanese-gothic.ttf) in auto mode
2026-05-16T06:45:51.4405549Z Setting up fonts-unifont (1:15.1.01-1build1) ...
2026-05-16T06:45:51.4428756Z Setting up xfonts-utils (1:7.7+6build3) ...
2026-05-16T06:45:51.4478676Z Setting up xfonts-cyrillic (1:1.0.5+nmu1) ...
2026-05-16T06:45:51.4831539Z Setting up xfonts-scalable (1:1.0.3-1.3) ...
2026-05-16T06:45:51.5108077Z Processing triggers for man-db (2.12.0-4build2) ...
2026-05-16T06:45:51.5132268Z Not building database; man-db/auto-update is not 'true'.
2026-05-16T06:45:51.5149370Z Processing triggers for fontconfig (2.15.0-1.1ubuntu2) ...
2026-05-16T06:45:52.2364544Z 
2026-05-16T06:45:52.2365497Z Running kernel seems to be up-to-date.
2026-05-16T06:45:52.2365913Z 
2026-05-16T06:45:52.2366171Z No services need to be restarted.
2026-05-16T06:45:52.2366499Z 
2026-05-16T06:45:52.2366747Z No containers need to be restarted.
2026-05-16T06:45:52.2367065Z 
2026-05-16T06:45:52.2367372Z No user sessions are running outdated binaries.
2026-05-16T06:45:52.2367743Z 
2026-05-16T06:45:52.2368258Z No VM guests are running outdated hypervisor (qemu) binaries on this host.
2026-05-16T06:45:53.1847237Z Downloading Chrome for Testing 147.0.7727.15 (playwright chromium v1217) from https://cdn.playwright.dev/builds/cft/147.0.7727.15/linux64/chrome-linux64.zip
2026-05-16T06:45:54.0114989Z |                                                                                |   0% of 170.4 MiB
2026-05-16T06:45:54.1663303Z |■■■■■■■■                                                                        |  10% of 170.4 MiB
2026-05-16T06:45:54.2538039Z |■■■■■■■■■■■■■■■■                                                                |  20% of 170.4 MiB
2026-05-16T06:45:54.3336715Z |■■■■■■■■■■■■■■■■■■■■■■■■                                                        |  30% of 170.4 MiB
2026-05-16T06:45:54.4079508Z |■■■■■■■■■■■■■■■■■■■■■■■■■■■■■■■■                                                |  40% of 170.4 MiB
2026-05-16T06:45:54.4771532Z |■■■■■■■■■■■■■■■■■■■■■■■■■■■■■■■■■■■■■■■■                                        |  50% of 170.4 MiB
2026-05-16T06:45:54.5420498Z |■■■■■■■■■■■■■■■■■■■■■■■■■■■■■■■■■■■■■■■■■■■■■■■■                                |  60% of 170.4 MiB
2026-05-16T06:45:54.6150875Z |■■■■■■■■■■■■■■■■■■■■■■■■■■■■■■■■■■■■■■■■■■■■■■■■■■■■■■■■                        |  70% of 170.4 MiB
2026-05-16T06:45:54.6891734Z |■■■■■■■■■■■■■■■■■■■■■■■■■■■■■■■■■■■■■■■■■■■■■■■■■■■■■■■■■■■■■■■■                |  80% of 170.4 MiB
2026-05-16T06:45:54.7579192Z |■■■■■■■■■■■■■■■■■■■■■■■■■■■■■■■■■■■■■■■■■■■■■■■■■■■■■■■■■■■■■■■■■■■■■■■■        |  90% of 170.4 MiB
2026-05-16T06:45:54.8276194Z |■■■■■■■■■■■■■■■■■■■■■■■■■■■■■■■■■■■■■■■■■■■■■■■■■■■■■■■■■■■■■■■■■■■■■■■■■■■■■■■■| 100% of 170.4 MiB
2026-05-16T06:45:57.4884762Z Chrome for Testing 147.0.7727.15 (playwright chromium v1217) downloaded to /home/runner/.cache/ms-playwright/chromium-1217
2026-05-16T06:45:57.4888018Z Downloading FFmpeg (playwright ffmpeg v1011) from https://cdn.playwright.dev/dbazure/download/playwright/builds/ffmpeg/1011/ffmpeg-linux.zip
2026-05-16T06:45:58.2345976Z |                                                                                |   0% of 2.3 MiB
2026-05-16T06:45:58.2403093Z |■■■■■■■■                                                                        |  10% of 2.3 MiB
2026-05-16T06:45:58.2436401Z |■■■■■■■■■■■■■■■■                                                                |  20% of 2.3 MiB
2026-05-16T06:45:58.2469114Z |■■■■■■■■■■■■■■■■■■■■■■■■                                                        |  30% of 2.3 MiB
2026-05-16T06:45:58.2484060Z |■■■■■■■■■■■■■■■■■■■■■■■■■■■■■■■■                                                |  40% of 2.3 MiB
2026-05-16T06:45:58.2511911Z |■■■■■■■■■■■■■■■■■■■■■■■■■■■■■■■■■■■■■■■■                                        |  50% of 2.3 MiB
2026-05-16T06:45:58.2530561Z |■■■■■■■■■■■■■■■■■■■■■■■■■■■■■■■■■■■■■■■■■■■■■■■■                                |  60% of 2.3 MiB
2026-05-16T06:45:58.2555640Z |■■■■■■■■■■■■■■■■■■■■■■■■■■■■■■■■■■■■■■■■■■■■■■■■■■■■■■■■                        |  70% of 2.3 MiB
2026-05-16T06:45:58.2574720Z |■■■■■■■■■■■■■■■■■■■■■■■■■■■■■■■■■■■■■■■■■■■■■■■■■■■■■■■■■■■■■■■■                |  80% of 2.3 MiB
2026-05-16T06:45:58.2591612Z |■■■■■■■■■■■■■■■■■■■■■■■■■■■■■■■■■■■■■■■■■■■■■■■■■■■■■■■■■■■■■■■■■■■■■■■■        |  90% of 2.3 MiB
2026-05-16T06:45:58.2603543Z |■■■■■■■■■■■■■■■■■■■■■■■■■■■■■■■■■■■■■■■■■■■■■■■■■■■■■■■■■■■■■■■■■■■■■■■■■■■■■■■■| 100% of 2.3 MiB
2026-05-16T06:45:58.3205332Z FFmpeg (playwright ffmpeg v1011) downloaded to /home/runner/.cache/ms-playwright/ffmpeg-1011
2026-05-16T06:45:58.3208647Z Downloading Chrome Headless Shell 147.0.7727.15 (playwright chromium-headless-shell v1217) from https://cdn.playwright.dev/builds/cft/147.0.7727.15/linux64/chrome-headless-shell-linux64.zip
2026-05-16T06:45:59.0945637Z |                                                                                |   0% of 112 MiB
2026-05-16T06:45:59.2226777Z |■■■■■■■■                                                                        |  10% of 112 MiB
2026-05-16T06:45:59.2878345Z |■■■■■■■■■■■■■■■■                                                                |  20% of 112 MiB
2026-05-16T06:45:59.3607517Z |■■■■■■■■■■■■■■■■■■■■■■■■                                                        |  30% of 112 MiB
2026-05-16T06:45:59.4297766Z |■■■■■■■■■■■■■■■■■■■■■■■■■■■■■■■■                                                |  40% of 112 MiB
2026-05-16T06:45:59.4959581Z |■■■■■■■■■■■■■■■■■■■■■■■■■■■■■■■■■■■■■■■■                                        |  50% of 112 MiB
2026-05-16T06:45:59.5440635Z |■■■■■■■■■■■■■■■■■■■■■■■■■■■■■■■■■■■■■■■■■■■■■■■■                                |  60% of 112 MiB
2026-05-16T06:45:59.5929985Z |■■■■■■■■■■■■■■■■■■■■■■■■■■■■■■■■■■■■■■■■■■■■■■■■■■■■■■■■                        |  70% of 112 MiB
2026-05-16T06:45:59.6444655Z |■■■■■■■■■■■■■■■■■■■■■■■■■■■■■■■■■■■■■■■■■■■■■■■■■■■■■■■■■■■■■■■■                |  80% of 112 MiB
2026-05-16T06:45:59.6940735Z |■■■■■■■■■■■■■■■■■■■■■■■■■■■■■■■■■■■■■■■■■■■■■■■■■■■■■■■■■■■■■■■■■■■■■■■■        |  90% of 112 MiB
2026-05-16T06:45:59.7475361Z |■■■■■■■■■■■■■■■■■■■■■■■■■■■■■■■■■■■■■■■■■■■■■■■■■■■■■■■■■■■■■■■■■■■■■■■■■■■■■■■■| 100% of 112 MiB
2026-05-16T06:46:01.7600272Z Chrome Headless Shell 147.0.7727.15 (playwright chromium-headless-shell v1217) downloaded to /home/runner/.cache/ms-playwright/chromium_headless_shell-1217
2026-05-16T06:46:01.7830690Z ##[group]Run npx playwright test
2026-05-16T06:46:01.7831056Z [36;1mnpx playwright test[0m
2026-05-16T06:46:01.7865271Z shell: /usr/bin/bash -e {0}
2026-05-16T06:46:01.7865557Z ##[endgroup]
2026-05-16T06:46:05.2266582Z 
2026-05-16T06:46:05.2267422Z Running 104 tests using 1 worker
2026-05-16T06:47:10.8959440Z ·········································××F····································
2026-05-16T06:47:37.0166086Z ···············××F··········
2026-05-16T06:47:37.0175475Z 
2026-05-16T06:47:37.0190746Z   1) [chromium] › e2e/prism-theme.spec.ts:68:3 › PrismTheme variant picker › flipping themes via localStorage updates --color-accent across navigations 
2026-05-16T06:47:37.0192220Z 
2026-05-16T06:47:37.0193524Z     Error: [2mexpect([22m[31mreceived[39m[2m).[22mtoBe[2m([22m[32mexpected[39m[2m) // Object.is equality[22m
2026-05-16T06:47:37.0195111Z 
2026-05-16T06:47:37.0195632Z     Expected: [32m"#[7mFF2D87[27m"[39m
2026-05-16T06:47:37.0199275Z     Received: [31m"#[7m00F5FF[27m"[39m
2026-05-16T06:47:37.0199646Z 
2026-05-16T06:47:37.0199873Z        95 |         .toUpperCase(),
2026-05-16T06:47:37.0200283Z        96 |     );
2026-05-16T06:47:37.0200704Z     >  97 |     expect(accent2).toBe('#FF2D87');
2026-05-16T06:47:37.0201205Z           |                     ^
2026-05-16T06:47:37.0201939Z        98 |     await expect(page.locator('html')).toHaveAttribute('data-theme', 'SYNTHWAVE');
2026-05-16T06:47:37.0202617Z        99 |   });
2026-05-16T06:47:37.0202964Z       100 | });
2026-05-16T06:47:37.0203570Z         at /home/runner/work/prismTask/prismTask/web/e2e/prism-theme.spec.ts:97:21
2026-05-16T06:47:37.0204094Z 
2026-05-16T06:47:37.0205334Z     attachment #1: screenshot (image/png) ──────────────────────────────────────────────────────────
2026-05-16T06:47:37.0206756Z     test-results/prism-theme-PrismTheme-var-61757-r-accent-across-navigations-chromium/test-failed-1.png
2026-05-16T06:47:37.0208186Z     ────────────────────────────────────────────────────────────────────────────────────────────────
2026-05-16T06:47:37.0209196Z 
2026-05-16T06:47:37.0209989Z     Error Context: test-results/prism-theme-PrismTheme-var-61757-r-accent-across-navigations-chromium/error-context.md
2026-05-16T06:47:37.0210511Z 
2026-05-16T06:47:37.0210911Z     Retry #1 ───────────────────────────────────────────────────────────────────────────────────────
2026-05-16T06:47:37.0211203Z 
2026-05-16T06:47:37.0211683Z     Error: [2mexpect([22m[31mreceived[39m[2m).[22mtoBe[2m([22m[32mexpected[39m[2m) // Object.is equality[22m
2026-05-16T06:47:37.0212221Z 
2026-05-16T06:47:37.0212536Z     Expected: [32m"#[7mFF2D87[27m"[39m
2026-05-16T06:47:37.0213131Z     Received: [31m"#[7m00F5FF[27m"[39m
2026-05-16T06:47:37.0213432Z 
2026-05-16T06:47:37.0213615Z        95 |         .toUpperCase(),
2026-05-16T06:47:37.0214026Z        96 |     );
2026-05-16T06:47:37.0214723Z     >  97 |     expect(accent2).toBe('#FF2D87');
2026-05-16T06:47:37.0215267Z           |                     ^
2026-05-16T06:47:37.0216042Z        98 |     await expect(page.locator('html')).toHaveAttribute('data-theme', 'SYNTHWAVE');
2026-05-16T06:47:37.0216637Z        99 |   });
2026-05-16T06:47:37.0216827Z       100 | });
2026-05-16T06:47:37.0217207Z         at /home/runner/work/prismTask/prismTask/web/e2e/prism-theme.spec.ts:97:21
2026-05-16T06:47:37.0217520Z 
2026-05-16T06:47:37.0218105Z     attachment #1: screenshot (image/png) ──────────────────────────────────────────────────────────
2026-05-16T06:47:37.0219257Z     test-results/prism-theme-PrismTheme-var-61757-r-accent-across-navigations-chromium-retry1/test-failed-1.png
2026-05-16T06:47:37.0220094Z     ────────────────────────────────────────────────────────────────────────────────────────────────
2026-05-16T06:47:37.0220423Z 
2026-05-16T06:47:37.0221079Z     Error Context: test-results/prism-theme-PrismTheme-var-61757-r-accent-across-navigations-chromium-retry1/error-context.md
2026-05-16T06:47:37.0221614Z 
2026-05-16T06:47:37.0222311Z     attachment #3: trace (application/zip) ─────────────────────────────────────────────────────────
2026-05-16T06:47:37.0223070Z     test-results/prism-theme-PrismTheme-var-61757-r-accent-across-navigations-chromium-retry1/trace.zip
2026-05-16T06:47:37.0223591Z     Usage:
2026-05-16T06:47:37.0223697Z 
2026-05-16T06:47:37.0224712Z         npx playwright show-trace test-results/prism-theme-PrismTheme-var-61757-r-accent-across-navigations-chromium-retry1/trace.zip
2026-05-16T06:47:37.0225298Z 
2026-05-16T06:47:37.0225671Z     ────────────────────────────────────────────────────────────────────────────────────────────────
2026-05-16T06:47:37.0225963Z 
2026-05-16T06:47:37.0226313Z     Retry #2 ───────────────────────────────────────────────────────────────────────────────────────
2026-05-16T06:47:37.0226602Z 
2026-05-16T06:47:37.0227059Z     Error: [2mexpect([22m[31mreceived[39m[2m).[22mtoBe[2m([22m[32mexpected[39m[2m) // Object.is equality[22m
2026-05-16T06:47:37.0227461Z 
2026-05-16T06:47:37.0227638Z     Expected: [32m"#[7mFF2D87[27m"[39m
2026-05-16T06:47:37.0227981Z     Received: [31m"#[7m00F5FF[27m"[39m
2026-05-16T06:47:37.0228679Z 
2026-05-16T06:47:37.0228894Z        95 |         .toUpperCase(),
2026-05-16T06:47:37.0229340Z        96 |     );
2026-05-16T06:47:37.0229794Z     >  97 |     expect(accent2).toBe('#FF2D87');
2026-05-16T06:47:37.0230341Z           |                     ^
2026-05-16T06:47:37.0230881Z        98 |     await expect(page.locator('html')).toHaveAttribute('data-theme', 'SYNTHWAVE');
2026-05-16T06:47:37.0231296Z        99 |   });
2026-05-16T06:47:37.0231480Z       100 | });
2026-05-16T06:47:37.0231857Z         at /home/runner/work/prismTask/prismTask/web/e2e/prism-theme.spec.ts:97:21
2026-05-16T06:47:37.0232197Z 
2026-05-16T06:47:37.0232645Z     attachment #1: screenshot (image/png) ──────────────────────────────────────────────────────────
2026-05-16T06:47:37.0233434Z     test-results/prism-theme-PrismTheme-var-61757-r-accent-across-navigations-chromium-retry2/test-failed-1.png
2026-05-16T06:47:37.0234641Z     ────────────────────────────────────────────────────────────────────────────────────────────────
2026-05-16T06:47:37.0234969Z 
2026-05-16T06:47:37.0235486Z     Error Context: test-results/prism-theme-PrismTheme-var-61757-r-accent-across-navigations-chromium-retry2/error-context.md
2026-05-16T06:47:37.0236066Z 
2026-05-16T06:47:37.0236777Z   2) [Mobile Chrome] › e2e/prism-theme.spec.ts:68:3 › PrismTheme variant picker › flipping themes via localStorage updates --color-accent across navigations 
2026-05-16T06:47:37.0237399Z 
2026-05-16T06:47:37.0237891Z     Error: [2mexpect([22m[31mreceived[39m[2m).[22mtoBe[2m([22m[32mexpected[39m[2m) // Object.is equality[22m
2026-05-16T06:47:37.0238308Z 
2026-05-16T06:47:37.0238492Z     Expected: [32m"#[7mFF2D87[27m"[39m
2026-05-16T06:47:37.0238852Z     Received: [31m"#[7m00F5FF[27m"[39m
2026-05-16T06:47:37.0239051Z 
2026-05-16T06:47:37.0239167Z        95 |         .toUpperCase(),
2026-05-16T06:47:37.0239428Z        96 |     );
2026-05-16T06:47:37.0240200Z     >  97 |     expect(accent2).toBe('#FF2D87');
2026-05-16T06:47:37.0240605Z           |                     ^
2026-05-16T06:47:37.0241095Z        98 |     await expect(page.locator('html')).toHaveAttribute('data-theme', 'SYNTHWAVE');
2026-05-16T06:47:37.0241537Z        99 |   });
2026-05-16T06:47:37.0241738Z       100 | });
2026-05-16T06:47:37.0242220Z         at /home/runner/work/prismTask/prismTask/web/e2e/prism-theme.spec.ts:97:21
2026-05-16T06:47:37.0242597Z 
2026-05-16T06:47:37.0243041Z     attachment #1: screenshot (image/png) ──────────────────────────────────────────────────────────
2026-05-16T06:47:37.0243855Z     test-results/prism-theme-PrismTheme-var-61757-r-accent-across-navigations-Mobile-Chrome/test-failed-1.png
2026-05-16T06:47:37.0245114Z     ────────────────────────────────────────────────────────────────────────────────────────────────
2026-05-16T06:47:37.0245421Z 
2026-05-16T06:47:37.0245976Z     Error Context: test-results/prism-theme-PrismTheme-var-61757-r-accent-across-navigations-Mobile-Chrome/error-context.md
2026-05-16T06:47:37.0246706Z 
2026-05-16T06:47:37.0247091Z     Retry #1 ───────────────────────────────────────────────────────────────────────────────────────
2026-05-16T06:47:37.0247380Z 
2026-05-16T06:47:37.0247878Z     Error: [2mexpect([22m[31mreceived[39m[2m).[22mtoBe[2m([22m[32mexpected[39m[2m) // Object.is equality[22m
2026-05-16T06:47:37.0248291Z 
2026-05-16T06:47:37.0248460Z     Expected: [32m"#[7mFF2D87[27m"[39m
2026-05-16T06:47:37.0248811Z     Received: [31m"#[7m00F5FF[27m"[39m
2026-05-16T06:47:37.0249008Z 
2026-05-16T06:47:37.0249117Z        95 |         .toUpperCase(),
2026-05-16T06:47:37.0249376Z        96 |     );
2026-05-16T06:47:37.0249640Z     >  97 |     expect(accent2).toBe('#FF2D87');
2026-05-16T06:47:37.0249943Z           |                     ^
2026-05-16T06:47:37.0250402Z        98 |     await expect(page.locator('html')).toHaveAttribute('data-theme', 'SYNTHWAVE');
2026-05-16T06:47:37.0250822Z        99 |   });
2026-05-16T06:47:37.0251024Z       100 | });
2026-05-16T06:47:37.0251413Z         at /home/runner/work/prismTask/prismTask/web/e2e/prism-theme.spec.ts:97:21
2026-05-16T06:47:37.0251750Z 
2026-05-16T06:47:37.0252181Z     attachment #1: screenshot (image/png) ──────────────────────────────────────────────────────────
2026-05-16T06:47:37.0253015Z     test-results/prism-theme-PrismTheme-var-61757-r-accent-across-navigations-Mobile-Chrome-retry1/test-failed-1.png
2026-05-16T06:47:37.0253920Z     ────────────────────────────────────────────────────────────────────────────────────────────────
2026-05-16T06:47:37.0254200Z 
2026-05-16T06:47:37.0255009Z     Error Context: test-results/prism-theme-PrismTheme-var-61757-r-accent-across-navigations-Mobile-Chrome-retry1/error-context.md
2026-05-16T06:47:37.0255594Z 
2026-05-16T06:47:37.0256022Z     attachment #3: trace (application/zip) ─────────────────────────────────────────────────────────
2026-05-16T06:47:37.0257027Z     test-results/prism-theme-PrismTheme-var-61757-r-accent-across-navigations-Mobile-Chrome-retry1/trace.zip
2026-05-16T06:47:37.0257622Z     Usage:
2026-05-16T06:47:37.0257726Z 
2026-05-16T06:47:37.0258301Z         npx playwright show-trace test-results/prism-theme-PrismTheme-var-61757-r-accent-across-navigations-Mobile-Chrome-retry1/trace.zip
2026-05-16T06:47:37.0258892Z 
2026-05-16T06:47:37.0259256Z     ────────────────────────────────────────────────────────────────────────────────────────────────
2026-05-16T06:47:37.0259569Z 
2026-05-16T06:47:37.0259930Z     Retry #2 ───────────────────────────────────────────────────────────────────────────────────────
2026-05-16T06:47:37.0260233Z 
2026-05-16T06:47:37.0260712Z     Error: [2mexpect([22m[31mreceived[39m[2m).[22mtoBe[2m([22m[32mexpected[39m[2m) // Object.is equality[22m
2026-05-16T06:47:37.0261129Z 
2026-05-16T06:47:37.0261312Z     Expected: [32m"#[7mFF2D87[27m"[39m
2026-05-16T06:47:37.0261655Z     Received: [31m"#[7m00F5FF[27m"[39m
2026-05-16T06:47:37.0261877Z 
2026-05-16T06:47:37.0262008Z        95 |         .toUpperCase(),
2026-05-16T06:47:37.0262248Z        96 |     );
2026-05-16T06:47:37.0262680Z     >  97 |     expect(accent2).toBe('#FF2D87');
2026-05-16T06:47:37.0262989Z           |                     ^
2026-05-16T06:47:37.0263491Z        98 |     await expect(page.locator('html')).toHaveAttribute('data-theme', 'SYNTHWAVE');
2026-05-16T06:47:37.0263908Z        99 |   });
2026-05-16T06:47:37.0264099Z       100 | });
2026-05-16T06:47:37.0264793Z         at /home/runner/work/prismTask/prismTask/web/e2e/prism-theme.spec.ts:97:21
2026-05-16T06:47:37.0265138Z 
2026-05-16T06:47:37.0265585Z     attachment #1: screenshot (image/png) ──────────────────────────────────────────────────────────
2026-05-16T06:47:37.0266489Z     test-results/prism-theme-PrismTheme-var-61757-r-accent-across-navigations-Mobile-Chrome-retry2/test-failed-1.png
2026-05-16T06:47:37.0267397Z     ────────────────────────────────────────────────────────────────────────────────────────────────
2026-05-16T06:47:37.0267679Z 
2026-05-16T06:47:37.0268267Z     Error Context: test-results/prism-theme-PrismTheme-var-61757-r-accent-across-navigations-Mobile-Chrome-retry2/error-context.md
2026-05-16T06:47:37.0268878Z 
2026-05-16T06:47:37.0268954Z   2 failed
2026-05-16T06:47:37.0269753Z     [chromium] › e2e/prism-theme.spec.ts:68:3 › PrismTheme variant picker › flipping themes via localStorage updates --color-accent across navigations 
2026-05-16T06:47:37.0270999Z     [Mobile Chrome] › e2e/prism-theme.spec.ts:68:3 › PrismTheme variant picker › flipping themes via localStorage updates --color-accent across navigations 
2026-05-16T06:47:37.0271647Z   102 passed (1.6m)
2026-05-16T06:47:37.0297504Z ##[error]  1) [chromium] › e2e/prism-theme.spec.ts:68:3 › PrismTheme variant picker › flipping themes via localStorage updates --color-accent across navigations 
    Error: expect(received).toBe(expected) // Object.is equality

    Expected: "#FF2D87"
    Received: "#00F5FF"

       95 |         .toUpperCase(),
       96 |     );
    >  97 |     expect(accent2).toBe('#FF2D87');
          |                     ^
       98 |     await expect(page.locator('html')).toHaveAttribute('data-theme', 'SYNTHWAVE');
       99 |   });
      100 | });
        at /home/runner/work/prismTask/prismTask/web/e2e/prism-theme.spec.ts:97:21
2026-05-16T06:47:37.0316769Z ##[error]  1) [chromium] › e2e/prism-theme.spec.ts:68:3 › PrismTheme variant picker › flipping themes via localStorage updates --color-accent across navigations 

    Retry #1 ───────────────────────────────────────────────────────────────────────────────────────
    Error: expect(received).toBe(expected) // Object.is equality

    Expected: "#FF2D87"
    Received: "#00F5FF"

       95 |         .toUpperCase(),
       96 |     );
    >  97 |     expect(accent2).toBe('#FF2D87');
          |                     ^
       98 |     await expect(page.locator('html')).toHaveAttribute('data-theme', 'SYNTHWAVE');
       99 |   });
      100 | });
        at /home/runner/work/prismTask/prismTask/web/e2e/prism-theme.spec.ts:97:21
2026-05-16T06:47:37.0329113Z ##[error]  1) [chromium] › e2e/prism-theme.spec.ts:68:3 › PrismTheme variant picker › flipping themes via localStorage updates --color-accent across navigations 

    Retry #2 ───────────────────────────────────────────────────────────────────────────────────────
    Error: expect(received).toBe(expected) // Object.is equality

    Expected: "#FF2D87"
    Received: "#00F5FF"

       95 |         .toUpperCase(),
       96 |     );
    >  97 |     expect(accent2).toBe('#FF2D87');
          |                     ^
       98 |     await expect(page.locator('html')).toHaveAttribute('data-theme', 'SYNTHWAVE');
       99 |   });
      100 | });
        at /home/runner/work/prismTask/prismTask/web/e2e/prism-theme.spec.ts:97:21
2026-05-16T06:47:37.0340820Z ##[error]  2) [Mobile Chrome] › e2e/prism-theme.spec.ts:68:3 › PrismTheme variant picker › flipping themes via localStorage updates --color-accent across navigations 
    Error: expect(received).toBe(expected) // Object.is equality

    Expected: "#FF2D87"
    Received: "#00F5FF"

       95 |         .toUpperCase(),
       96 |     );
    >  97 |     expect(accent2).toBe('#FF2D87');
          |                     ^
       98 |     await expect(page.locator('html')).toHaveAttribute('data-theme', 'SYNTHWAVE');
       99 |   });
      100 | });
        at /home/runner/work/prismTask/prismTask/web/e2e/prism-theme.spec.ts:97:21
2026-05-16T06:47:37.0353241Z ##[error]  2) [Mobile Chrome] › e2e/prism-theme.spec.ts:68:3 › PrismTheme variant picker › flipping themes via localStorage updates --color-accent across navigations 

    Retry #1 ───────────────────────────────────────────────────────────────────────────────────────
    Error: expect(received).toBe(expected) // Object.is equality

    Expected: "#FF2D87"
    Received: "#00F5FF"

       95 |         .toUpperCase(),
       96 |     );
    >  97 |     expect(accent2).toBe('#FF2D87');
          |                     ^
       98 |     await expect(page.locator('html')).toHaveAttribute('data-theme', 'SYNTHWAVE');
       99 |   });
      100 | });
        at /home/runner/work/prismTask/prismTask/web/e2e/prism-theme.spec.ts:97:21
2026-05-16T06:47:37.0365724Z ##[error]  2) [Mobile Chrome] › e2e/prism-theme.spec.ts:68:3 › PrismTheme variant picker › flipping themes via localStorage updates --color-accent across navigations 

    Retry #2 ───────────────────────────────────────────────────────────────────────────────────────
    Error: expect(received).toBe(expected) // Object.is equality

    Expected: "#FF2D87"
    Received: "#00F5FF"

       95 |         .toUpperCase(),
       96 |     );
    >  97 |     expect(accent2).toBe('#FF2D87');
          |                     ^
       98 |     await expect(page.locator('html')).toHaveAttribute('data-theme', 'SYNTHWAVE');
       99 |   });
      100 | });
        at /home/runner/work/prismTask/prismTask/web/e2e/prism-theme.spec.ts:97:21
2026-05-16T06:47:37.0376213Z ##[notice]  2 failed
    [chromium] › e2e/prism-theme.spec.ts:68:3 › PrismTheme variant picker › flipping themes via localStorage updates --color-accent across navigations 
    [Mobile Chrome] › e2e/prism-theme.spec.ts:68:3 › PrismTheme variant picker › flipping themes via localStorage updates --color-accent across navigations 
  102 passed (1.6m)
2026-05-16T06:47:37.0486521Z ##[error]Process completed with exit code 1.
2026-05-16T06:47:37.0557326Z ##[group]Run actions/upload-artifact@v7
2026-05-16T06:47:37.0557618Z with:
2026-05-16T06:47:37.0557819Z   name: playwright-report
2026-05-16T06:47:37.0558059Z   path: web/playwright-report/
2026-05-16T06:47:37.0558299Z   retention-days: 7
2026-05-16T06:47:37.0558504Z   if-no-files-found: warn
2026-05-16T06:47:37.0558723Z   compression-level: 6
2026-05-16T06:47:37.0558938Z   overwrite: false
2026-05-16T06:47:37.0559146Z   include-hidden-files: false
2026-05-16T06:47:37.0559369Z   archive: true
2026-05-16T06:47:37.0559789Z ##[endgroup]
2026-05-16T06:47:37.2047936Z With the provided path, there will be 1 file uploaded
2026-05-16T06:47:37.2052796Z Artifact name is valid!
2026-05-16T06:47:37.2053417Z Root directory input is valid!
2026-05-16T06:47:37.3412517Z Uploading artifact: playwright-report.zip
2026-05-16T06:47:37.3480753Z Beginning upload of artifact content to blob storage
2026-05-16T06:47:37.5576037Z Uploaded bytes 194946
2026-05-16T06:47:37.5885899Z Finished uploading artifact content to blob storage!
2026-05-16T06:47:37.5887473Z SHA256 digest of uploaded artifact is ea65f0da00e4e6c1c5b5e51d4c59d16a37302b70d97cd0f7222c1038f8bc1877
2026-05-16T06:47:37.5888495Z Finalizing artifact upload
2026-05-16T06:47:37.7819227Z Artifact playwright-report successfully finalized. Artifact ID 7031309103
2026-05-16T06:47:37.7820496Z Artifact playwright-report has been successfully uploaded! Final size is 194946 bytes. Artifact ID is 7031309103
2026-05-16T06:47:37.7824742Z Artifact download URL: https://github.com/averycorp/prismTask/actions/runs/25955303824/artifacts/7031309103
2026-05-16T06:47:37.7979868Z Post job cleanup.
2026-05-16T06:47:37.8040889Z Post job cleanup.
2026-05-16T06:47:37.8897160Z [command]/usr/bin/git version
2026-05-16T06:47:37.8935571Z git version 2.54.0
2026-05-16T06:47:37.8977661Z Temporarily overriding HOME='/home/runner/work/_temp/db717e78-ed7d-46a5-8cdc-b48873150783' before making global git config changes
2026-05-16T06:47:37.8979687Z Adding repository directory to the temporary git global config as a safe directory
2026-05-16T06:47:37.8983327Z [command]/usr/bin/git config --global --add safe.directory /home/runner/work/prismTask/prismTask
2026-05-16T06:47:37.9017802Z Removing SSH command configuration
2026-05-16T06:47:37.9025012Z [command]/usr/bin/git config --local --name-only --get-regexp core\.sshCommand
2026-05-16T06:47:37.9061815Z [command]/usr/bin/git submodule foreach --recursive sh -c "git config --local --name-only --get-regexp 'core\.sshCommand' && git config --local --unset-all 'core.sshCommand' || :"
2026-05-16T06:47:37.9326047Z Removing HTTP extra header
2026-05-16T06:47:37.9331806Z [command]/usr/bin/git config --local --name-only --get-regexp http\.https\:\/\/github\.com\/\.extraheader
2026-05-16T06:47:37.9368145Z [command]/usr/bin/git submodule foreach --recursive sh -c "git config --local --name-only --get-regexp 'http\.https\:\/\/github\.com\/\.extraheader' && git config --local --unset-all 'http.https://github.com/.extraheader' || :"
2026-05-16T06:47:37.9593642Z Removing includeIf entries pointing to credentials config files
2026-05-16T06:47:37.9601549Z [command]/usr/bin/git config --local --name-only --get-regexp ^includeIf\.gitdir:
2026-05-16T06:47:37.9629847Z includeif.gitdir:/home/runner/work/prismTask/prismTask/.git.path
2026-05-16T06:47:37.9630666Z includeif.gitdir:/home/runner/work/prismTask/prismTask/.git/worktrees/*.path
2026-05-16T06:47:37.9631280Z includeif.gitdir:/github/workspace/.git.path
2026-05-16T06:47:37.9631801Z includeif.gitdir:/github/workspace/.git/worktrees/*.path
2026-05-16T06:47:37.9640959Z [command]/usr/bin/git config --local --get-all includeif.gitdir:/home/runner/work/prismTask/prismTask/.git.path
2026-05-16T06:47:37.9664457Z /home/runner/work/_temp/git-credentials-0ce080bb-4b5c-4b3c-bb0c-35a0fe315a4d.config
2026-05-16T06:47:37.9675945Z [command]/usr/bin/git config --local --unset includeif.gitdir:/home/runner/work/prismTask/prismTask/.git.path /home/runner/work/_temp/git-credentials-0ce080bb-4b5c-4b3c-bb0c-35a0fe315a4d.config
2026-05-16T06:47:37.9709638Z [command]/usr/bin/git config --local --get-all includeif.gitdir:/home/runner/work/prismTask/prismTask/.git/worktrees/*.path
2026-05-16T06:47:37.9731458Z /home/runner/work/_temp/git-credentials-0ce080bb-4b5c-4b3c-bb0c-35a0fe315a4d.config
2026-05-16T06:47:37.9741790Z [command]/usr/bin/git config --local --unset includeif.gitdir:/home/runner/work/prismTask/prismTask/.git/worktrees/*.path /home/runner/work/_temp/git-credentials-0ce080bb-4b5c-4b3c-bb0c-35a0fe315a4d.config
2026-05-16T06:47:37.9773208Z [command]/usr/bin/git config --local --get-all includeif.gitdir:/github/workspace/.git.path
2026-05-16T06:47:37.9794964Z /github/runner_temp/git-credentials-0ce080bb-4b5c-4b3c-bb0c-35a0fe315a4d.config
2026-05-16T06:47:37.9803058Z [command]/usr/bin/git config --local --unset includeif.gitdir:/github/workspace/.git.path /github/runner_temp/git-credentials-0ce080bb-4b5c-4b3c-bb0c-35a0fe315a4d.config
2026-05-16T06:47:37.9835429Z [command]/usr/bin/git config --local --get-all includeif.gitdir:/github/workspace/.git/worktrees/*.path
2026-05-16T06:47:37.9856817Z /github/runner_temp/git-credentials-0ce080bb-4b5c-4b3c-bb0c-35a0fe315a4d.config
2026-05-16T06:47:37.9866217Z [command]/usr/bin/git config --local --unset includeif.gitdir:/github/workspace/.git/worktrees/*.path /github/runner_temp/git-credentials-0ce080bb-4b5c-4b3c-bb0c-35a0fe315a4d.config
2026-05-16T06:47:37.9898567Z [command]/usr/bin/git submodule foreach --recursive git config --local --show-origin --name-only --get-regexp remote.origin.url
2026-05-16T06:47:38.0142102Z Removing credentials config '/home/runner/work/_temp/git-credentials-0ce080bb-4b5c-4b3c-bb0c-35a0fe315a4d.config'
2026-05-16T06:47:38.0290361Z Cleaning up orphan processes
2026-05-16T06:47:38.0617170Z ##[warning]Node.js 20 actions are deprecated. The following actions are running on Node.js 20 and may not work as expected: actions/setup-node@v4. Actions will be forced to run with Node.js 24 by default starting June 2nd, 2026. Node.js 20 will be removed from the runner on September 16th, 2026. Please check if updated versions of these actions are available that support Node.js 24. To opt into Node.js 24 now, set the FORCE_JAVASCRIPT_ACTIONS_TO_NODE24=true environment variable on the runner or in your workflow file. Once Node.js 24 becomes the default, you can temporarily opt out by setting ACTIONS_ALLOW_USE_UNSECURE_NODE_VERSION=true. For more information see: https://github.blog/changelog/2025-09-19-deprecation-of-node-20-on-github-actions-runners/
