=== CI FAILURE ===
Workflow:      Web CI
Workflow file: akarlin3/prismTask/.github/workflows/web-ci.yml@refs/pull/1688/merge
Job(s):        web-relevance, web-lint-and-test
Run ID:        26251676030
Run attempt:   1
Run URL:       https://github.com/akarlin3/prismTask/actions/runs/26251676030
Commit:        3def60c02c577572e541969afd37b0b446de01d2
Branch:        1688/merge
Event:         pull_request
Actor:         akarlin3
Runner OS:     Linux
Timestamp:     2026-05-21T20:37:31.625Z

Failed steps:
  - web-relevance: #3 Run dorny/paths-filter@v4
  - web-lint-and-test: #2 Verify split web checks

=== FAILED JOB LOG ===

--- Job: web-relevance (id 77264096863) ---
2026-05-21T20:37:05.3978270Z Current runner version: '2.334.0'
2026-05-21T20:37:05.4014819Z ##[group]Runner Image Provisioner
2026-05-21T20:37:05.4016002Z Hosted Compute Agent
2026-05-21T20:37:05.4017172Z Version: 20260213.493
2026-05-21T20:37:05.4018201Z Commit: 5c115507f6dd24b8de37d8bbe0bb4509d0cc0fa3
2026-05-21T20:37:05.4020071Z Build Date: 2026-02-13T00:28:41Z
2026-05-21T20:37:05.4021868Z Worker ID: {cab3114b-8500-45e7-ab95-fa8edba0e7cb}
2026-05-21T20:37:05.4023039Z Azure Region: northcentralus
2026-05-21T20:37:05.4024051Z ##[endgroup]
2026-05-21T20:37:05.4026262Z ##[group]Operating System
2026-05-21T20:37:05.4027318Z Ubuntu
2026-05-21T20:37:05.4028123Z 24.04.4
2026-05-21T20:37:05.4029280Z LTS
2026-05-21T20:37:05.4030064Z ##[endgroup]
2026-05-21T20:37:05.4030948Z ##[group]Runner Image
2026-05-21T20:37:05.4032132Z Image: ubuntu-24.04
2026-05-21T20:37:05.4033022Z Version: 20260513.135.3
2026-05-21T20:37:05.4035097Z Included Software: https://github.com/actions/runner-images/blob/ubuntu24/20260513.135/images/ubuntu/Ubuntu2404-Readme.md
2026-05-21T20:37:05.4038027Z Image Release: https://github.com/actions/runner-images/releases/tag/ubuntu24%2F20260513.135
2026-05-21T20:37:05.4040064Z ##[endgroup]
2026-05-21T20:37:05.4042320Z ##[group]GITHUB_TOKEN Permissions
2026-05-21T20:37:05.4045733Z Actions: read
2026-05-21T20:37:05.4046788Z Checks: read
2026-05-21T20:37:05.4047633Z Contents: write
2026-05-21T20:37:05.4048596Z Metadata: read
2026-05-21T20:37:05.4049842Z ##[endgroup]
2026-05-21T20:37:05.4052728Z Secret source: Actions
2026-05-21T20:37:05.4054018Z Prepare workflow directory
2026-05-21T20:37:05.6132130Z Prepare all required actions
2026-05-21T20:37:05.6187264Z Getting action download info
2026-05-21T20:37:06.0239543Z Download action repository 'actions/checkout@v6' (SHA:de0fac2e4500dabe0009e67214ff5f5447ce83dd)
2026-05-21T20:37:06.8447930Z Download action repository 'dorny/paths-filter@v4' (SHA:fbd0ab8f3e69293af611ebaee6363fc25e6d187d)
2026-05-21T20:37:07.2835880Z Complete job name: web-relevance
2026-05-21T20:37:07.3610655Z ##[group]Run actions/checkout@v6
2026-05-21T20:37:07.3611860Z with:
2026-05-21T20:37:07.3612563Z   repository: akarlin3/prismTask
2026-05-21T20:37:07.3613563Z   token: ***
2026-05-21T20:37:07.3614234Z   ssh-strict: true
2026-05-21T20:37:07.3614931Z   ssh-user: git
2026-05-21T20:37:07.3615635Z   persist-credentials: true
2026-05-21T20:37:07.3616381Z   clean: true
2026-05-21T20:37:07.3617070Z   sparse-checkout-cone-mode: true
2026-05-21T20:37:07.3617846Z   fetch-depth: 1
2026-05-21T20:37:07.3618530Z   fetch-tags: false
2026-05-21T20:37:07.3619712Z   show-progress: true
2026-05-21T20:37:07.3620421Z   lfs: false
2026-05-21T20:37:07.3621080Z   submodules: false
2026-05-21T20:37:07.3621773Z   set-safe-directory: true
2026-05-21T20:37:07.3622849Z ##[endgroup]
2026-05-21T20:37:07.5217568Z Syncing repository: akarlin3/prismTask
2026-05-21T20:37:07.5221425Z ##[group]Getting Git version info
2026-05-21T20:37:07.5223206Z Working directory is '/home/runner/work/prismTask/prismTask'
2026-05-21T20:37:07.5225697Z [command]/usr/bin/git version
2026-05-21T20:37:07.5323857Z git version 2.54.0
2026-05-21T20:37:07.5352439Z ##[endgroup]
2026-05-21T20:37:07.5370161Z Temporarily overriding HOME='/home/runner/work/_temp/d57d3708-e770-405f-946d-42a9f2760945' before making global git config changes
2026-05-21T20:37:07.5373561Z Adding repository directory to the temporary git global config as a safe directory
2026-05-21T20:37:07.5377469Z [command]/usr/bin/git config --global --add safe.directory /home/runner/work/prismTask/prismTask
2026-05-21T20:37:07.5430958Z Deleting the contents of '/home/runner/work/prismTask/prismTask'
2026-05-21T20:37:07.5436366Z ##[group]Initializing the repository
2026-05-21T20:37:07.5442441Z [command]/usr/bin/git init /home/runner/work/prismTask/prismTask
2026-05-21T20:37:07.5551959Z hint: Using 'master' as the name for the initial branch. This default branch name
2026-05-21T20:37:07.5554992Z hint: will change to "main" in Git 3.0. To configure the initial branch name
2026-05-21T20:37:07.5557109Z hint: to use in all of your new repositories, which will suppress this warning,
2026-05-21T20:37:07.5560026Z hint: call:
2026-05-21T20:37:07.5561546Z hint:
2026-05-21T20:37:07.5563181Z hint: 	git config --global init.defaultBranch <name>
2026-05-21T20:37:07.5565176Z hint:
2026-05-21T20:37:07.5567041Z hint: Names commonly chosen instead of 'master' are 'main', 'trunk' and
2026-05-21T20:37:07.5571394Z hint: 'development'. The just-created branch can be renamed via this command:
2026-05-21T20:37:07.5573439Z hint:
2026-05-21T20:37:07.5593333Z hint: 	git branch -m <name>
2026-05-21T20:37:07.5594960Z hint:
2026-05-21T20:37:07.5596665Z hint: Disable this message with "git config set advice.defaultBranchName false"
2026-05-21T20:37:07.5599787Z Initialized empty Git repository in /home/runner/work/prismTask/prismTask/.git/
2026-05-21T20:37:07.5604698Z [command]/usr/bin/git remote add origin https://github.com/akarlin3/prismTask
2026-05-21T20:37:07.5633041Z ##[endgroup]
2026-05-21T20:37:07.5635383Z ##[group]Disabling automatic garbage collection
2026-05-21T20:37:07.5637280Z [command]/usr/bin/git config --local gc.auto 0
2026-05-21T20:37:07.5667729Z ##[endgroup]
2026-05-21T20:37:07.5670457Z ##[group]Setting up auth
2026-05-21T20:37:07.5672179Z Removing SSH command configuration
2026-05-21T20:37:07.5677153Z [command]/usr/bin/git config --local --name-only --get-regexp core\.sshCommand
2026-05-21T20:37:07.5715332Z [command]/usr/bin/git submodule foreach --recursive sh -c "git config --local --name-only --get-regexp 'core\.sshCommand' && git config --local --unset-all 'core.sshCommand' || :"
2026-05-21T20:37:07.6094158Z Removing HTTP extra header
2026-05-21T20:37:07.6102266Z [command]/usr/bin/git config --local --name-only --get-regexp http\.https\:\/\/github\.com\/\.extraheader
2026-05-21T20:37:07.6138038Z [command]/usr/bin/git submodule foreach --recursive sh -c "git config --local --name-only --get-regexp 'http\.https\:\/\/github\.com\/\.extraheader' && git config --local --unset-all 'http.https://github.com/.extraheader' || :"
2026-05-21T20:37:07.6570489Z Removing includeIf entries pointing to credentials config files
2026-05-21T20:37:07.6573668Z [command]/usr/bin/git config --local --name-only --get-regexp ^includeIf\.gitdir:
2026-05-21T20:37:07.6579691Z [command]/usr/bin/git submodule foreach --recursive git config --local --show-origin --name-only --get-regexp remote.origin.url
2026-05-21T20:37:07.6737988Z [command]/usr/bin/git config --file /home/runner/work/_temp/git-credentials-92928faa-d72a-42c7-acc5-9e6ebad71b55.config http.https://github.com/.extraheader AUTHORIZATION: basic ***
2026-05-21T20:37:07.6779985Z [command]/usr/bin/git config --local includeIf.gitdir:/home/runner/work/prismTask/prismTask/.git.path /home/runner/work/_temp/git-credentials-92928faa-d72a-42c7-acc5-9e6ebad71b55.config
2026-05-21T20:37:07.6814953Z [command]/usr/bin/git config --local includeIf.gitdir:/home/runner/work/prismTask/prismTask/.git/worktrees/*.path /home/runner/work/_temp/git-credentials-92928faa-d72a-42c7-acc5-9e6ebad71b55.config
2026-05-21T20:37:07.6851165Z [command]/usr/bin/git config --local includeIf.gitdir:/github/workspace/.git.path /github/runner_temp/git-credentials-92928faa-d72a-42c7-acc5-9e6ebad71b55.config
2026-05-21T20:37:07.6886313Z [command]/usr/bin/git config --local includeIf.gitdir:/github/workspace/.git/worktrees/*.path /github/runner_temp/git-credentials-92928faa-d72a-42c7-acc5-9e6ebad71b55.config
2026-05-21T20:37:07.6923836Z ##[endgroup]
2026-05-21T20:37:07.6926198Z ##[group]Fetching the repository
2026-05-21T20:37:07.6932667Z [command]/usr/bin/git -c protocol.version=2 fetch --no-tags --prune --no-recurse-submodules --depth=1 origin +3def60c02c577572e541969afd37b0b446de01d2:refs/remotes/pull/1688/merge
2026-05-21T20:37:10.0539469Z From https://github.com/akarlin3/prismTask
2026-05-21T20:37:10.0544133Z  * [new ref]         3def60c02c577572e541969afd37b0b446de01d2 -> pull/1688/merge
2026-05-21T20:37:10.0583557Z ##[endgroup]
2026-05-21T20:37:10.0585209Z ##[group]Determining the checkout info
2026-05-21T20:37:10.0586921Z ##[endgroup]
2026-05-21T20:37:10.0592286Z [command]/usr/bin/git sparse-checkout disable
2026-05-21T20:37:10.0642559Z [command]/usr/bin/git config --local --unset-all extensions.worktreeConfig
2026-05-21T20:37:10.0677872Z ##[group]Checking out the ref
2026-05-21T20:37:10.0681789Z [command]/usr/bin/git checkout --progress --force refs/remotes/pull/1688/merge
2026-05-21T20:37:10.3965558Z Note: switching to 'refs/remotes/pull/1688/merge'.
2026-05-21T20:37:10.3966629Z 
2026-05-21T20:37:10.3967248Z You are in 'detached HEAD' state. You can look around, make experimental
2026-05-21T20:37:10.3968254Z changes and commit them, and you can discard any commits you make in this
2026-05-21T20:37:10.3969536Z state without impacting any branches by switching back to a branch.
2026-05-21T20:37:10.3970206Z 
2026-05-21T20:37:10.3970750Z If you want to create a new branch to retain commits you create, you may
2026-05-21T20:37:10.3971681Z do so (now or later) by using -c with the switch command. Example:
2026-05-21T20:37:10.3972331Z 
2026-05-21T20:37:10.3972690Z   git switch -c <new-branch-name>
2026-05-21T20:37:10.3973161Z 
2026-05-21T20:37:10.3973501Z Or undo this operation with:
2026-05-21T20:37:10.3973934Z 
2026-05-21T20:37:10.3974245Z   git switch -
2026-05-21T20:37:10.3974906Z 
2026-05-21T20:37:10.3975538Z Turn off this advice by setting config variable advice.detachedHead to false
2026-05-21T20:37:10.3976250Z 
2026-05-21T20:37:10.3976999Z HEAD is now at 3def60c Merge 21e6936535700e115ecb35771b370646318509a5 into 6fa5849dc37a595de0ad17a9cc47c8fabaff2480
2026-05-21T20:37:10.4007663Z ##[endgroup]
2026-05-21T20:37:10.4070032Z [command]/usr/bin/git log -1 --format=%H
2026-05-21T20:37:10.4115778Z 3def60c02c577572e541969afd37b0b446de01d2
2026-05-21T20:37:10.4361981Z ##[group]Run dorny/paths-filter@v4
2026-05-21T20:37:10.4362281Z with:
2026-05-21T20:37:10.4362690Z   filters: web:
  - 'web/**'
  - '.github/workflows/web-ci.yml'
  - '.github/actions/setup-node-web/**'

2026-05-21T20:37:10.4363291Z   token: ***
2026-05-21T20:37:10.4363472Z   list-files: none
2026-05-21T20:37:10.4363693Z   initial-fetch-depth: 100
2026-05-21T20:37:10.4363917Z   predicate-quantifier: some
2026-05-21T20:37:10.4364164Z ##[endgroup]
2026-05-21T20:37:10.5223363Z ##[group]Fetching list of changed files for PR#1688 from Github API
2026-05-21T20:37:10.5234371Z Invoking listFiles(pull_number: 1688, per_page: 100)
2026-05-21T20:37:10.8430794Z ##[endgroup]
2026-05-21T20:37:10.8471027Z ##[error]Resource not accessible by integration
2026-05-21T20:37:10.8856369Z Post job cleanup.
2026-05-21T20:37:10.9841696Z [command]/usr/bin/git version
2026-05-21T20:37:10.9886429Z git version 2.54.0
2026-05-21T20:37:10.9933981Z Temporarily overriding HOME='/home/runner/work/_temp/23ec5319-1732-468c-a140-090fa7eb08d0' before making global git config changes
2026-05-21T20:37:10.9935848Z Adding repository directory to the temporary git global config as a safe directory
2026-05-21T20:37:10.9941335Z [command]/usr/bin/git config --global --add safe.directory /home/runner/work/prismTask/prismTask
2026-05-21T20:37:11.0002836Z Removing SSH command configuration
2026-05-21T20:37:11.0003979Z [command]/usr/bin/git config --local --name-only --get-regexp core\.sshCommand
2026-05-21T20:37:11.0067713Z [command]/usr/bin/git submodule foreach --recursive sh -c "git config --local --name-only --get-regexp 'core\.sshCommand' && git config --local --unset-all 'core.sshCommand' || :"
2026-05-21T20:37:11.0424095Z Removing HTTP extra header
2026-05-21T20:37:11.0431100Z [command]/usr/bin/git config --local --name-only --get-regexp http\.https\:\/\/github\.com\/\.extraheader
2026-05-21T20:37:11.0486536Z [command]/usr/bin/git submodule foreach --recursive sh -c "git config --local --name-only --get-regexp 'http\.https\:\/\/github\.com\/\.extraheader' && git config --local --unset-all 'http.https://github.com/.extraheader' || :"
2026-05-21T20:37:11.0850191Z Removing includeIf entries pointing to credentials config files
2026-05-21T20:37:11.0879639Z [command]/usr/bin/git config --local --name-only --get-regexp ^includeIf\.gitdir:
2026-05-21T20:37:11.0902984Z includeif.gitdir:/home/runner/work/prismTask/prismTask/.git.path
2026-05-21T20:37:11.0914989Z includeif.gitdir:/home/runner/work/prismTask/prismTask/.git/worktrees/*.path
2026-05-21T20:37:11.0919399Z includeif.gitdir:/github/workspace/.git.path
2026-05-21T20:37:11.0920031Z includeif.gitdir:/github/workspace/.git/worktrees/*.path
2026-05-21T20:37:11.0940415Z [command]/usr/bin/git config --local --get-all includeif.gitdir:/home/runner/work/prismTask/prismTask/.git.path
2026-05-21T20:37:11.0942075Z /home/runner/work/_temp/git-credentials-92928faa-d72a-42c7-acc5-9e6ebad71b55.config
2026-05-21T20:37:11.0972402Z [command]/usr/bin/git config --local --unset includeif.gitdir:/home/runner/work/prismTask/prismTask/.git.path /home/runner/work/_temp/git-credentials-92928faa-d72a-42c7-acc5-9e6ebad71b55.config
2026-05-21T20:37:11.1035066Z [command]/usr/bin/git config --local --get-all includeif.gitdir:/home/runner/work/prismTask/prismTask/.git/worktrees/*.path
2026-05-21T20:37:11.1059046Z /home/runner/work/_temp/git-credentials-92928faa-d72a-42c7-acc5-9e6ebad71b55.config
2026-05-21T20:37:11.1081960Z [command]/usr/bin/git config --local --unset includeif.gitdir:/home/runner/work/prismTask/prismTask/.git/worktrees/*.path /home/runner/work/_temp/git-credentials-92928faa-d72a-42c7-acc5-9e6ebad71b55.config
2026-05-21T20:37:11.1129703Z [command]/usr/bin/git config --local --get-all includeif.gitdir:/github/workspace/.git.path
2026-05-21T20:37:11.1169641Z /github/runner_temp/git-credentials-92928faa-d72a-42c7-acc5-9e6ebad71b55.config
2026-05-21T20:37:11.1190200Z [command]/usr/bin/git config --local --unset includeif.gitdir:/github/workspace/.git.path /github/runner_temp/git-credentials-92928faa-d72a-42c7-acc5-9e6ebad71b55.config
2026-05-21T20:37:11.1231954Z [command]/usr/bin/git config --local --get-all includeif.gitdir:/github/workspace/.git/worktrees/*.path
2026-05-21T20:37:11.1246893Z /github/runner_temp/git-credentials-92928faa-d72a-42c7-acc5-9e6ebad71b55.config
2026-05-21T20:37:11.1291831Z [command]/usr/bin/git config --local --unset includeif.gitdir:/github/workspace/.git/worktrees/*.path /github/runner_temp/git-credentials-92928faa-d72a-42c7-acc5-9e6ebad71b55.config
2026-05-21T20:37:11.1351677Z [command]/usr/bin/git submodule foreach --recursive git config --local --show-origin --name-only --get-regexp remote.origin.url
2026-05-21T20:37:11.1626857Z Removing credentials config '/home/runner/work/_temp/git-credentials-92928faa-d72a-42c7-acc5-9e6ebad71b55.config'
2026-05-21T20:37:11.1770837Z Evaluate and set job outputs
2026-05-21T20:37:11.1779292Z Cleaning up orphan processes


--- Job: web-lint-and-test (id 77264130460) ---
2026-05-21T20:37:17.0839863Z Current runner version: '2.334.0'
2026-05-21T20:37:17.0864945Z ##[group]Runner Image Provisioner
2026-05-21T20:37:17.0865742Z Hosted Compute Agent
2026-05-21T20:37:17.0866352Z Version: 20260213.493
2026-05-21T20:37:17.0866937Z Commit: 5c115507f6dd24b8de37d8bbe0bb4509d0cc0fa3
2026-05-21T20:37:17.0867667Z Build Date: 2026-02-13T00:28:41Z
2026-05-21T20:37:17.0868280Z Worker ID: {fad4ae1e-e89c-4441-ba0b-3b5cf2fbbead}
2026-05-21T20:37:17.0869099Z Azure Region: westcentralus
2026-05-21T20:37:17.0869684Z ##[endgroup]
2026-05-21T20:37:17.0871065Z ##[group]Operating System
2026-05-21T20:37:17.0871774Z Ubuntu
2026-05-21T20:37:17.0872217Z 24.04.4
2026-05-21T20:37:17.0872660Z LTS
2026-05-21T20:37:17.0873154Z ##[endgroup]
2026-05-21T20:37:17.0873696Z ##[group]Runner Image
2026-05-21T20:37:17.0874221Z Image: ubuntu-24.04
2026-05-21T20:37:17.0875001Z Version: 20260518.149.1
2026-05-21T20:37:17.0876188Z Included Software: https://github.com/actions/runner-images/blob/ubuntu24/20260518.149/images/ubuntu/Ubuntu2404-Readme.md
2026-05-21T20:37:17.0877802Z Image Release: https://github.com/actions/runner-images/releases/tag/ubuntu24%2F20260518.149
2026-05-21T20:37:17.0878683Z ##[endgroup]
2026-05-21T20:37:17.0879907Z ##[group]GITHUB_TOKEN Permissions
2026-05-21T20:37:17.0881806Z Actions: read
2026-05-21T20:37:17.0882372Z Checks: read
2026-05-21T20:37:17.0882904Z Contents: write
2026-05-21T20:37:17.0883471Z Metadata: read
2026-05-21T20:37:17.0883938Z ##[endgroup]
2026-05-21T20:37:17.0886246Z Secret source: Actions
2026-05-21T20:37:17.0886970Z Prepare workflow directory
2026-05-21T20:37:17.1273403Z Prepare all required actions
2026-05-21T20:37:17.1366087Z Complete job name: web-lint-and-test
2026-05-21T20:37:17.2287266Z ##[group]Run if [ 'skipped' != 'success' ]; then
2026-05-21T20:37:17.2288593Z [36;1mif [ 'skipped' != 'success' ]; then[0m
2026-05-21T20:37:17.2289892Z [36;1m  echo "web-lint finished with skipped" >&2[0m
2026-05-21T20:37:17.2291237Z [36;1m  exit 1[0m
2026-05-21T20:37:17.2292069Z [36;1mfi[0m
2026-05-21T20:37:17.2293086Z [36;1mif [ 'skipped' != 'success' ]; then[0m
2026-05-21T20:37:17.2294336Z [36;1m  echo "web-unit-tests finished with skipped" >&2[0m
2026-05-21T20:37:17.2295917Z [36;1m  exit 1[0m
2026-05-21T20:37:17.2296935Z [36;1mfi[0m
2026-05-21T20:37:17.2297752Z [36;1mif [ 'skipped' != 'success' ]; then[0m
2026-05-21T20:37:17.2298917Z [36;1m  echo "web-build finished with skipped" >&2[0m
2026-05-21T20:37:17.2300192Z [36;1m  exit 1[0m
2026-05-21T20:37:17.2300956Z [36;1mfi[0m
2026-05-21T20:37:17.2301987Z [36;1mecho "✓ Split web lint, unit-test shards, and build passed."[0m
2026-05-21T20:37:17.2821309Z shell: /usr/bin/bash -e {0}
2026-05-21T20:37:17.2822992Z ##[endgroup]
2026-05-21T20:37:17.3214185Z web-lint finished with skipped
2026-05-21T20:37:17.3239791Z ##[error]Process completed with exit code 1.
2026-05-21T20:37:17.3412294Z Cleaning up orphan processes
