=== CI FAILURE ===
Workflow:      Android CI
Workflow file: averycorp/prismTask/.github/workflows/android-ci.yml@refs/pull/1342/merge
Job(s):        autofix
Run ID:        25838546794
Run attempt:   1
Run URL:       https://github.com/averycorp/prismTask/actions/runs/25838546794
Commit:        16bf75855cbcad856191cba366935da8cead539a
Branch:        1342/merge
Event:         pull_request
Actor:         akarlin3
Runner OS:     Linux
Timestamp:     2026-05-14T02:44:09.056Z

Failed steps:
  - autofix: #2 Run actions/checkout@v6

=== FAILED JOB LOG ===

--- Job: autofix (id 75918727453) ---
2026-05-14T02:43:35.4523394Z Current runner version: '2.334.0'
2026-05-14T02:43:35.4557816Z ##[group]Runner Image Provisioner
2026-05-14T02:43:35.4559391Z Hosted Compute Agent
2026-05-14T02:43:35.4560316Z Version: 20260213.493
2026-05-14T02:43:35.4561459Z Commit: 5c115507f6dd24b8de37d8bbe0bb4509d0cc0fa3
2026-05-14T02:43:35.4562586Z Build Date: 2026-02-13T00:28:41Z
2026-05-14T02:43:35.4563665Z Worker ID: {d7eb84a2-d2bd-4d17-a9de-4781dfed3bc4}
2026-05-14T02:43:35.4564982Z Azure Region: eastus
2026-05-14T02:43:35.4565865Z ##[endgroup]
2026-05-14T02:43:35.4568130Z ##[group]Operating System
2026-05-14T02:43:35.4569533Z Ubuntu
2026-05-14T02:43:35.4570281Z 24.04.4
2026-05-14T02:43:35.4571128Z LTS
2026-05-14T02:43:35.4571919Z ##[endgroup]
2026-05-14T02:43:35.4572751Z ##[group]Runner Image
2026-05-14T02:43:35.4573742Z Image: ubuntu-24.04
2026-05-14T02:43:35.4574559Z Version: 20260413.86.1
2026-05-14T02:43:35.4576611Z Included Software: https://github.com/actions/runner-images/blob/ubuntu24/20260413.86/images/ubuntu/Ubuntu2404-Readme.md
2026-05-14T02:43:35.4579685Z Image Release: https://github.com/actions/runner-images/releases/tag/ubuntu24%2F20260413.86
2026-05-14T02:43:35.4581300Z ##[endgroup]
2026-05-14T02:43:35.4583532Z ##[group]GITHUB_TOKEN Permissions
2026-05-14T02:43:35.4586415Z Actions: read
2026-05-14T02:43:35.4587283Z Checks: read
2026-05-14T02:43:35.4588467Z Contents: write
2026-05-14T02:43:35.4589496Z Metadata: read
2026-05-14T02:43:35.4590372Z PullRequests: read
2026-05-14T02:43:35.4591262Z ##[endgroup]
2026-05-14T02:43:35.4594185Z Secret source: Actions
2026-05-14T02:43:35.4595361Z Prepare workflow directory
2026-05-14T02:43:35.5079422Z Prepare all required actions
2026-05-14T02:43:35.5134544Z Getting action download info
2026-05-14T02:43:35.7626525Z Download action repository 'actions/checkout@v6' (SHA:de0fac2e4500dabe0009e67214ff5f5447ce83dd)
2026-05-14T02:43:35.9060015Z Download action repository 'dorny/paths-filter@v4' (SHA:fbd0ab8f3e69293af611ebaee6363fc25e6d187d)
2026-05-14T02:43:36.0282366Z Download action repository 'actions/cache@v5' (SHA:27d5ce7f107fe9357f9df03efb73ab90386fccae)
2026-05-14T02:43:36.3107415Z Complete job name: autofix
2026-05-14T02:43:36.3852243Z ##[group]Run actions/checkout@v6
2026-05-14T02:43:36.3853057Z with:
2026-05-14T02:43:36.3853972Z   token: ***
2026-05-14T02:43:36.3854438Z   ref: docs/parity-audit-2026-05-13-phase-3-summary
2026-05-14T02:43:36.3855000Z   fetch-depth: 0
2026-05-14T02:43:36.3855433Z   repository: averycorp/prismTask
2026-05-14T02:43:36.3855919Z   ssh-strict: true
2026-05-14T02:43:36.3856307Z   ssh-user: git
2026-05-14T02:43:36.3856713Z   persist-credentials: true
2026-05-14T02:43:36.3857169Z   clean: true
2026-05-14T02:43:36.3857576Z   sparse-checkout-cone-mode: true
2026-05-14T02:43:36.3858055Z   fetch-tags: false
2026-05-14T02:43:36.3858758Z   show-progress: true
2026-05-14T02:43:36.3859181Z   lfs: false
2026-05-14T02:43:36.3859557Z   submodules: false
2026-05-14T02:43:36.3859996Z   set-safe-directory: true
2026-05-14T02:43:36.3860724Z ##[endgroup]
2026-05-14T02:43:36.5166274Z Syncing repository: averycorp/prismTask
2026-05-14T02:43:36.5169534Z ##[group]Getting Git version info
2026-05-14T02:43:36.5170783Z Working directory is '/home/runner/work/prismTask/prismTask'
2026-05-14T02:43:36.5172096Z [command]/usr/bin/git version
2026-05-14T02:43:36.5194519Z git version 2.53.0
2026-05-14T02:43:36.5247062Z ##[endgroup]
2026-05-14T02:43:36.5260926Z Temporarily overriding HOME='/home/runner/work/_temp/a4b7073c-9f97-4ae1-9adc-a27f9b0713e6' before making global git config changes
2026-05-14T02:43:36.5265534Z Adding repository directory to the temporary git global config as a safe directory
2026-05-14T02:43:36.5266674Z [command]/usr/bin/git config --global --add safe.directory /home/runner/work/prismTask/prismTask
2026-05-14T02:43:36.5299463Z Deleting the contents of '/home/runner/work/prismTask/prismTask'
2026-05-14T02:43:36.5303829Z ##[group]Initializing the repository
2026-05-14T02:43:36.5308982Z [command]/usr/bin/git init /home/runner/work/prismTask/prismTask
2026-05-14T02:43:36.5394360Z hint: Using 'master' as the name for the initial branch. This default branch name
2026-05-14T02:43:36.5396204Z hint: will change to "main" in Git 3.0. To configure the initial branch name
2026-05-14T02:43:36.5397762Z hint: to use in all of your new repositories, which will suppress this warning,
2026-05-14T02:43:36.5399227Z hint: call:
2026-05-14T02:43:36.5399797Z hint:
2026-05-14T02:43:36.5400341Z hint: 	git config --global init.defaultBranch <name>
2026-05-14T02:43:36.5401135Z hint:
2026-05-14T02:43:36.5401976Z hint: Names commonly chosen instead of 'master' are 'main', 'trunk' and
2026-05-14T02:43:36.5402873Z hint: 'development'. The just-created branch can be renamed via this command:
2026-05-14T02:43:36.5403599Z hint:
2026-05-14T02:43:36.5403965Z hint: 	git branch -m <name>
2026-05-14T02:43:36.5404404Z hint:
2026-05-14T02:43:36.5405003Z hint: Disable this message with "git config set advice.defaultBranchName false"
2026-05-14T02:43:36.5406019Z Initialized empty Git repository in /home/runner/work/prismTask/prismTask/.git/
2026-05-14T02:43:36.5408371Z [command]/usr/bin/git remote add origin https://github.com/averycorp/prismTask
2026-05-14T02:43:36.5442197Z ##[endgroup]
2026-05-14T02:43:36.5443264Z ##[group]Disabling automatic garbage collection
2026-05-14T02:43:36.5446566Z [command]/usr/bin/git config --local gc.auto 0
2026-05-14T02:43:36.5474799Z ##[endgroup]
2026-05-14T02:43:36.5476295Z ##[group]Setting up auth
2026-05-14T02:43:36.5477192Z Removing SSH command configuration
2026-05-14T02:43:36.5482583Z [command]/usr/bin/git config --local --name-only --get-regexp core\.sshCommand
2026-05-14T02:43:36.5512617Z [command]/usr/bin/git submodule foreach --recursive sh -c "git config --local --name-only --get-regexp 'core\.sshCommand' && git config --local --unset-all 'core.sshCommand' || :"
2026-05-14T02:43:36.5778765Z Removing HTTP extra header
2026-05-14T02:43:36.5784278Z [command]/usr/bin/git config --local --name-only --get-regexp http\.https\:\/\/github\.com\/\.extraheader
2026-05-14T02:43:36.5816468Z [command]/usr/bin/git submodule foreach --recursive sh -c "git config --local --name-only --get-regexp 'http\.https\:\/\/github\.com\/\.extraheader' && git config --local --unset-all 'http.https://github.com/.extraheader' || :"
2026-05-14T02:43:36.6023167Z Removing includeIf entries pointing to credentials config files
2026-05-14T02:43:36.6029201Z [command]/usr/bin/git config --local --name-only --get-regexp ^includeIf\.gitdir:
2026-05-14T02:43:36.6062326Z [command]/usr/bin/git submodule foreach --recursive git config --local --show-origin --name-only --get-regexp remote.origin.url
2026-05-14T02:43:36.6277993Z [command]/usr/bin/git config --file /home/runner/work/_temp/git-credentials-3feaf8fb-951f-4861-9d19-b04b3f6a57d6.config http.https://github.com/.extraheader AUTHORIZATION: basic ***
2026-05-14T02:43:36.6312251Z [command]/usr/bin/git config --local includeIf.gitdir:/home/runner/work/prismTask/prismTask/.git.path /home/runner/work/_temp/git-credentials-3feaf8fb-951f-4861-9d19-b04b3f6a57d6.config
2026-05-14T02:43:36.6342234Z [command]/usr/bin/git config --local includeIf.gitdir:/home/runner/work/prismTask/prismTask/.git/worktrees/*.path /home/runner/work/_temp/git-credentials-3feaf8fb-951f-4861-9d19-b04b3f6a57d6.config
2026-05-14T02:43:36.6371496Z [command]/usr/bin/git config --local includeIf.gitdir:/github/workspace/.git.path /github/runner_temp/git-credentials-3feaf8fb-951f-4861-9d19-b04b3f6a57d6.config
2026-05-14T02:43:36.6402611Z [command]/usr/bin/git config --local includeIf.gitdir:/github/workspace/.git/worktrees/*.path /github/runner_temp/git-credentials-3feaf8fb-951f-4861-9d19-b04b3f6a57d6.config
2026-05-14T02:43:36.6433984Z ##[endgroup]
2026-05-14T02:43:36.6434704Z ##[group]Fetching the repository
2026-05-14T02:43:36.6443642Z [command]/usr/bin/git -c protocol.version=2 fetch --no-tags --prune --no-recurse-submodules origin +refs/heads/*:refs/remotes/origin/* +refs/tags/*:refs/tags/*
2026-05-14T02:43:55.6272157Z From https://github.com/averycorp/prismTask
2026-05-14T02:43:55.6274103Z  * [new branch]        ci-logs         -> origin/ci-logs
2026-05-14T02:43:55.6276251Z  * [new branch]        main            -> origin/main
2026-05-14T02:43:55.6277965Z  * [new branch]        v0.1.0-legacy   -> origin/v0.1.0-legacy
2026-05-14T02:43:55.6279916Z  * [new branch]        v0.2.0-legacy   -> origin/v0.2.0-legacy
2026-05-14T02:43:55.6281587Z  * [new branch]        v0.3.0-legacy   -> origin/v0.3.0-legacy
2026-05-14T02:43:55.6283218Z  * [new branch]        v0.4.0-legacy   -> origin/v0.4.0-legacy
2026-05-14T02:43:55.6284857Z  * [new branch]        v0.5.0-legacy   -> origin/v0.5.0-legacy
2026-05-14T02:43:55.6286489Z  * [new branch]        v0.6.0-legacy   -> origin/v0.6.0-legacy
2026-05-14T02:43:55.6288449Z  * [new branch]        v0.7.0-legacy   -> origin/v0.7.0-legacy
2026-05-14T02:43:55.6290677Z  * [new branch]        worktree-course-name-only -> origin/worktree-course-name-only
2026-05-14T02:43:55.6293911Z  * [new branch]        worktree-leisure-categories-removable -> origin/worktree-leisure-categories-removable
2026-05-14T02:43:55.6297280Z  * [new branch]        worktree-recheck-recurring -> origin/worktree-recheck-recurring
2026-05-14T02:43:55.6301908Z  * [new branch]        worktree-remove-leisure-minimum-from-daily-essentials -> origin/worktree-remove-leisure-minimum-from-daily-essentials
2026-05-14T02:43:55.6305750Z  * [new tag]           v0.1.0          -> v0.1.0
2026-05-14T02:43:55.6307413Z  * [new tag]           v0.2.0          -> v0.2.0
2026-05-14T02:43:55.6309833Z  * [new tag]           v0.3.0          -> v0.3.0
2026-05-14T02:43:55.6311504Z  * [new tag]           v0.4.0          -> v0.4.0
2026-05-14T02:43:55.6313180Z  * [new tag]           v0.5.0          -> v0.5.0
2026-05-14T02:43:55.6314823Z  * [new tag]           v0.7.0          -> v0.7.0
2026-05-14T02:43:55.6316487Z  * [new tag]           v0.7.12         -> v0.7.12
2026-05-14T02:43:55.6318338Z  * [new tag]           v0.7.13         -> v0.7.13
2026-05-14T02:43:55.6320163Z  * [new tag]           v0.7.14         -> v0.7.14
2026-05-14T02:43:55.6321840Z  * [new tag]           v0.7.15         -> v0.7.15
2026-05-14T02:43:55.6323542Z  * [new tag]           v0.7.16         -> v0.7.16
2026-05-14T02:43:55.6325621Z  * [new tag]           v0.7.17         -> v0.7.17
2026-05-14T02:43:55.6327719Z  * [new tag]           v0.7.17-build.2 -> v0.7.17-build.2
2026-05-14T02:43:55.6330126Z  * [new tag]           v0.7.17-build.3 -> v0.7.17-build.3
2026-05-14T02:43:55.6332339Z  * [new tag]           v0.7.17-build.4 -> v0.7.17-build.4
2026-05-14T02:43:55.6334889Z  * [new tag]           v0.7.17-build.5 -> v0.7.17-build.5
2026-05-14T02:43:55.6337578Z  * [new tag]           v0.7.17-build.6 -> v0.7.17-build.6
2026-05-14T02:43:55.6340410Z  * [new tag]           v0.7.17-build.7 -> v0.7.17-build.7
2026-05-14T02:43:55.6343104Z  * [new tag]           v0.7.17-build.8 -> v0.7.17-build.8
2026-05-14T02:43:55.6345528Z  * [new tag]           v0.7.17-build.9 -> v0.7.17-build.9
2026-05-14T02:43:55.6347628Z  * [new tag]           v0.7.18         -> v0.7.18
2026-05-14T02:43:55.6350290Z  * [new tag]           v0.7.18-build.2 -> v0.7.18-build.2
2026-05-14T02:43:55.6352734Z  * [new tag]           v0.7.18-build.3 -> v0.7.18-build.3
2026-05-14T02:43:55.6355032Z  * [new tag]           v0.7.18-build.4 -> v0.7.18-build.4
2026-05-14T02:43:55.6357389Z  * [new tag]           v0.7.19         -> v0.7.19
2026-05-14T02:43:55.6360030Z  * [new tag]           v0.7.19-build.2 -> v0.7.19-build.2
2026-05-14T02:43:55.6362514Z  * [new tag]           v0.7.20         -> v0.7.20
2026-05-14T02:43:55.6364462Z  * [new tag]           v0.7.20-build.2 -> v0.7.20-build.2
2026-05-14T02:43:55.6365992Z  * [new tag]           v0.7.20-build.3 -> v0.7.20-build.3
2026-05-14T02:43:55.6367501Z  * [new tag]           v0.7.20-build.4 -> v0.7.20-build.4
2026-05-14T02:43:55.6369257Z  * [new tag]           v0.8.0          -> v0.8.0
2026-05-14T02:43:55.6370685Z  * [new tag]           v0.8.0-build.2  -> v0.8.0-build.2
2026-05-14T02:43:55.6372094Z  * [new tag]           v0.8.1          -> v0.8.1
2026-05-14T02:43:55.6373438Z  * [new tag]           v0.8.10         -> v0.8.10
2026-05-14T02:43:55.6375009Z  * [new tag]           v0.8.11         -> v0.8.11
2026-05-14T02:43:55.6376366Z  * [new tag]           v0.8.12         -> v0.8.12
2026-05-14T02:43:55.6377696Z  * [new tag]           v0.8.13         -> v0.8.13
2026-05-14T02:43:55.6379174Z  * [new tag]           v0.8.14         -> v0.8.14
2026-05-14T02:43:55.6380512Z  * [new tag]           v0.8.15         -> v0.8.15
2026-05-14T02:43:55.6381821Z  * [new tag]           v0.8.2          -> v0.8.2
2026-05-14T02:43:55.6383108Z  * [new tag]           v0.8.3          -> v0.8.3
2026-05-14T02:43:55.6384398Z  * [new tag]           v0.8.4          -> v0.8.4
2026-05-14T02:43:55.6385673Z  * [new tag]           v0.8.5          -> v0.8.5
2026-05-14T02:43:55.6386928Z  * [new tag]           v0.8.6          -> v0.8.6
2026-05-14T02:43:55.6388427Z  * [new tag]           v0.8.7          -> v0.8.7
2026-05-14T02:43:55.6389827Z  * [new tag]           v0.8.8          -> v0.8.8
2026-05-14T02:43:55.6391084Z  * [new tag]           v0.8.9          -> v0.8.9
2026-05-14T02:43:55.6392371Z  * [new tag]           v0.9.1          -> v0.9.1
2026-05-14T02:43:55.6393706Z  * [new tag]           v0.9.2          -> v0.9.2
2026-05-14T02:43:55.6394972Z  * [new tag]           v1.0.1          -> v1.0.1
2026-05-14T02:43:55.6396247Z  * [new tag]           v1.0.10         -> v1.0.10
2026-05-14T02:43:55.6397550Z  * [new tag]           v1.0.11         -> v1.0.11
2026-05-14T02:43:55.6398981Z  * [new tag]           v1.0.12         -> v1.0.12
2026-05-14T02:43:55.6400259Z  * [new tag]           v1.0.13         -> v1.0.13
2026-05-14T02:43:55.6401536Z  * [new tag]           v1.0.2          -> v1.0.2
2026-05-14T02:43:55.6402791Z  * [new tag]           v1.0.3          -> v1.0.3
2026-05-14T02:43:55.6404044Z  * [new tag]           v1.0.4          -> v1.0.4
2026-05-14T02:43:55.6405303Z  * [new tag]           v1.0.5          -> v1.0.5
2026-05-14T02:43:55.6406560Z  * [new tag]           v1.0.6          -> v1.0.6
2026-05-14T02:43:55.6407835Z  * [new tag]           v1.0.7          -> v1.0.7
2026-05-14T02:43:55.6409361Z  * [new tag]           v1.0.8          -> v1.0.8
2026-05-14T02:43:55.6410807Z  * [new tag]           v1.0.9          -> v1.0.9
2026-05-14T02:43:55.6412115Z  * [new tag]           v1.1.1          -> v1.1.1
2026-05-14T02:43:55.6413445Z  * [new tag]           v1.1.1-build.2  -> v1.1.1-build.2
2026-05-14T02:43:55.6414825Z  * [new tag]           v1.1.1-build.3  -> v1.1.1-build.3
2026-05-14T02:43:55.6416215Z  * [new tag]           v1.1.1-build.4  -> v1.1.1-build.4
2026-05-14T02:43:55.6417544Z  * [new tag]           v1.1.10         -> v1.1.10
2026-05-14T02:43:55.6418981Z  * [new tag]           v1.1.11         -> v1.1.11
2026-05-14T02:43:55.6420282Z  * [new tag]           v1.1.12         -> v1.1.12
2026-05-14T02:43:55.6421565Z  * [new tag]           v1.1.2          -> v1.1.2
2026-05-14T02:43:55.6422845Z  * [new tag]           v1.1.3          -> v1.1.3
2026-05-14T02:43:55.6424115Z  * [new tag]           v1.1.4          -> v1.1.4
2026-05-14T02:43:55.6425387Z  * [new tag]           v1.1.5          -> v1.1.5
2026-05-14T02:43:55.6426684Z  * [new tag]           v1.1.6          -> v1.1.6
2026-05-14T02:43:55.6427977Z  * [new tag]           v1.1.7          -> v1.1.7
2026-05-14T02:43:55.6429583Z  * [new tag]           v1.1.8          -> v1.1.8
2026-05-14T02:43:55.6430882Z  * [new tag]           v1.1.9          -> v1.1.9
2026-05-14T02:43:55.6432158Z  * [new tag]           v1.3.0          -> v1.3.0
2026-05-14T02:43:55.6433422Z  * [new tag]           v1.3.1          -> v1.3.1
2026-05-14T02:43:55.6434712Z  * [new tag]           v1.3.10         -> v1.3.10
2026-05-14T02:43:55.6436000Z  * [new tag]           v1.3.11         -> v1.3.11
2026-05-14T02:43:55.6437332Z  * [new tag]           v1.3.11-build.2 -> v1.3.11-build.2
2026-05-14T02:43:55.6438830Z  * [new tag]           v1.3.12         -> v1.3.12
2026-05-14T02:43:55.6440137Z  * [new tag]           v1.3.13         -> v1.3.13
2026-05-14T02:43:55.6441493Z  * [new tag]           v1.3.13-build.2 -> v1.3.13-build.2
2026-05-14T02:43:55.6442819Z  * [new tag]           v1.3.14         -> v1.3.14
2026-05-14T02:43:55.6444244Z  * [new tag]           v1.3.15         -> v1.3.15
2026-05-14T02:43:55.6445522Z  * [new tag]           v1.3.16         -> v1.3.16
2026-05-14T02:43:55.6446753Z  * [new tag]           v1.3.17         -> v1.3.17
2026-05-14T02:43:55.6447994Z  * [new tag]           v1.3.18         -> v1.3.18
2026-05-14T02:43:55.6449520Z  * [new tag]           v1.3.19         -> v1.3.19
2026-05-14T02:43:55.6450769Z  * [new tag]           v1.3.2          -> v1.3.2
2026-05-14T02:43:55.6451997Z  * [new tag]           v1.3.20         -> v1.3.20
2026-05-14T02:43:55.6453233Z  * [new tag]           v1.3.21         -> v1.3.21
2026-05-14T02:43:55.6454470Z  * [new tag]           v1.3.22         -> v1.3.22
2026-05-14T02:43:55.6455692Z  * [new tag]           v1.3.23         -> v1.3.23
2026-05-14T02:43:55.6456924Z  * [new tag]           v1.3.24         -> v1.3.24
2026-05-14T02:43:55.6458342Z  * [new tag]           v1.3.25         -> v1.3.25
2026-05-14T02:43:55.6459578Z  * [new tag]           v1.3.26         -> v1.3.26
2026-05-14T02:43:55.6460810Z  * [new tag]           v1.3.27         -> v1.3.27
2026-05-14T02:43:55.6462033Z  * [new tag]           v1.3.28         -> v1.3.28
2026-05-14T02:43:55.6463240Z  * [new tag]           v1.3.29         -> v1.3.29
2026-05-14T02:43:55.6464461Z  * [new tag]           v1.3.3          -> v1.3.3
2026-05-14T02:43:55.6465661Z  * [new tag]           v1.3.30         -> v1.3.30
2026-05-14T02:43:55.6466878Z  * [new tag]           v1.3.31         -> v1.3.31
2026-05-14T02:43:55.6468089Z  * [new tag]           v1.3.32         -> v1.3.32
2026-05-14T02:43:55.6469647Z  * [new tag]           v1.3.33         -> v1.3.33
2026-05-14T02:43:55.6470888Z  * [new tag]           v1.3.34         -> v1.3.34
2026-05-14T02:43:55.6472103Z  * [new tag]           v1.3.35         -> v1.3.35
2026-05-14T02:43:55.6473321Z  * [new tag]           v1.3.36         -> v1.3.36
2026-05-14T02:43:55.6474544Z  * [new tag]           v1.3.37         -> v1.3.37
2026-05-14T02:43:55.6475746Z  * [new tag]           v1.3.38         -> v1.3.38
2026-05-14T02:43:55.6476955Z  * [new tag]           v1.3.39         -> v1.3.39
2026-05-14T02:43:55.6478477Z  * [new tag]           v1.3.4          -> v1.3.4
2026-05-14T02:43:55.6479721Z  * [new tag]           v1.3.40         -> v1.3.40
2026-05-14T02:43:55.6546642Z  * [new tag]           v1.3.41         -> v1.3.41
2026-05-14T02:43:55.6548965Z  * [new tag]           v1.3.42         -> v1.3.42
2026-05-14T02:43:55.6550790Z  * [new tag]           v1.3.43         -> v1.3.43
2026-05-14T02:43:55.6552696Z  * [new tag]           v1.3.44         -> v1.3.44
2026-05-14T02:43:55.6554656Z  * [new tag]           v1.3.45         -> v1.3.45
2026-05-14T02:43:55.6556648Z  * [new tag]           v1.3.46         -> v1.3.46
2026-05-14T02:43:55.6558891Z  * [new tag]           v1.3.47         -> v1.3.47
2026-05-14T02:43:55.6560887Z  * [new tag]           v1.3.48         -> v1.3.48
2026-05-14T02:43:55.6562873Z  * [new tag]           v1.3.49         -> v1.3.49
2026-05-14T02:43:55.6564595Z  * [new tag]           v1.3.5          -> v1.3.5
2026-05-14T02:43:55.6565944Z  * [new tag]           v1.3.5-build.2  -> v1.3.5-build.2
2026-05-14T02:43:55.6567227Z  * [new tag]           v1.3.50         -> v1.3.50
2026-05-14T02:43:55.6568870Z  * [new tag]           v1.3.51         -> v1.3.51
2026-05-14T02:43:55.6570183Z  * [new tag]           v1.3.52         -> v1.3.52
2026-05-14T02:43:55.6571476Z  * [new tag]           v1.3.53         -> v1.3.53
2026-05-14T02:43:55.6572689Z  * [new tag]           v1.3.54         -> v1.3.54
2026-05-14T02:43:55.6573905Z  * [new tag]           v1.3.55         -> v1.3.55
2026-05-14T02:43:55.6575119Z  * [new tag]           v1.3.56         -> v1.3.56
2026-05-14T02:43:55.6576301Z  * [new tag]           v1.3.57         -> v1.3.57
2026-05-14T02:43:55.6577506Z  * [new tag]           v1.3.58         -> v1.3.58
2026-05-14T02:43:55.6579046Z  * [new tag]           v1.3.59         -> v1.3.59
2026-05-14T02:43:55.6580265Z  * [new tag]           v1.3.6          -> v1.3.6
2026-05-14T02:43:55.6581441Z  * [new tag]           v1.3.60         -> v1.3.60
2026-05-14T02:43:55.6582851Z  * [new tag]           v1.3.61         -> v1.3.61
2026-05-14T02:43:55.6584043Z  * [new tag]           v1.3.62         -> v1.3.62
2026-05-14T02:43:55.6585215Z  * [new tag]           v1.3.7          -> v1.3.7
2026-05-14T02:43:55.6586389Z  * [new tag]           v1.3.8          -> v1.3.8
2026-05-14T02:43:55.6587570Z  * [new tag]           v1.3.9          -> v1.3.9
2026-05-14T02:43:55.6589341Z  * [new tag]           v1.4.40         -> v1.4.40
2026-05-14T02:43:55.6591274Z  * [new tag]           v1.5.0          -> v1.5.0
2026-05-14T02:43:55.6592985Z  * [new tag]           v1.5.2          -> v1.5.2
2026-05-14T02:43:55.6594173Z  * [new tag]           v1.5.3          -> v1.5.3
2026-05-14T02:43:55.6595359Z  * [new tag]           v1.6.0          -> v1.6.0
2026-05-14T02:43:55.6596704Z  * [new tag]           v1.7.0          -> v1.7.0
2026-05-14T02:43:55.6598592Z  * [new tag]           v1.7.37         -> v1.7.37
2026-05-14T02:43:55.6599918Z  * [new tag]           v1.7.38         -> v1.7.38
2026-05-14T02:43:55.6601429Z  * [new tag]           v1.7.39         -> v1.7.39
2026-05-14T02:43:55.6602763Z  * [new tag]           v1.7.40         -> v1.7.40
2026-05-14T02:43:55.6603976Z  * [new tag]           v1.7.41         -> v1.7.41
2026-05-14T02:43:55.6605177Z  * [new tag]           v1.7.42         -> v1.7.42
2026-05-14T02:43:55.6606625Z  * [new tag]           v1.7.43         -> v1.7.43
2026-05-14T02:43:55.6608408Z  * [new tag]           v1.7.44         -> v1.7.44
2026-05-14T02:43:55.6609744Z  * [new tag]           v1.7.45         -> v1.7.45
2026-05-14T02:43:55.6610965Z  * [new tag]           v1.7.46         -> v1.7.46
2026-05-14T02:43:55.6612173Z  * [new tag]           v1.7.47         -> v1.7.47
2026-05-14T02:43:55.6613588Z  * [new tag]           v1.7.48         -> v1.7.48
2026-05-14T02:43:55.6614798Z  * [new tag]           v1.7.49         -> v1.7.49
2026-05-14T02:43:55.6615993Z  * [new tag]           v1.7.50         -> v1.7.50
2026-05-14T02:43:55.6617199Z  * [new tag]           v1.7.51         -> v1.7.51
2026-05-14T02:43:55.6618655Z  * [new tag]           v1.7.52         -> v1.7.52
2026-05-14T02:43:55.6620076Z  * [new tag]           v1.7.53         -> v1.7.53
2026-05-14T02:43:55.6621308Z  * [new tag]           v1.7.54         -> v1.7.54
2026-05-14T02:43:55.6622514Z  * [new tag]           v1.7.55         -> v1.7.55
2026-05-14T02:43:55.6623713Z  * [new tag]           v1.7.56         -> v1.7.56
2026-05-14T02:43:55.6624911Z  * [new tag]           v1.7.57         -> v1.7.57
2026-05-14T02:43:55.6626099Z  * [new tag]           v1.7.58         -> v1.7.58
2026-05-14T02:43:55.6627294Z  * [new tag]           v1.7.59         -> v1.7.59
2026-05-14T02:43:55.6628689Z  * [new tag]           v1.7.60         -> v1.7.60
2026-05-14T02:43:55.6629899Z  * [new tag]           v1.7.61         -> v1.7.61
2026-05-14T02:43:55.6631114Z  * [new tag]           v1.7.62         -> v1.7.62
2026-05-14T02:43:55.6632297Z  * [new tag]           v1.7.63         -> v1.7.63
2026-05-14T02:43:55.6633478Z  * [new tag]           v1.7.64         -> v1.7.64
2026-05-14T02:43:55.6634684Z  * [new tag]           v1.7.65         -> v1.7.65
2026-05-14T02:43:55.6635875Z  * [new tag]           v1.7.66         -> v1.7.66
2026-05-14T02:43:55.6637100Z  * [new tag]           v1.7.67         -> v1.7.67
2026-05-14T02:43:55.6638520Z  * [new tag]           v1.7.68         -> v1.7.68
2026-05-14T02:43:55.6639760Z  * [new tag]           v1.7.69         -> v1.7.69
2026-05-14T02:43:55.6640980Z  * [new tag]           v1.7.70         -> v1.7.70
2026-05-14T02:43:55.6642183Z  * [new tag]           v1.7.71         -> v1.7.71
2026-05-14T02:43:55.6643412Z  * [new tag]           v1.7.72         -> v1.7.72
2026-05-14T02:43:55.6644642Z  * [new tag]           v1.7.73         -> v1.7.73
2026-05-14T02:43:55.6645878Z  * [new tag]           v1.7.74         -> v1.7.74
2026-05-14T02:43:55.6647088Z  * [new tag]           v1.7.75         -> v1.7.75
2026-05-14T02:43:55.6648532Z  * [new tag]           v1.7.76         -> v1.7.76
2026-05-14T02:43:55.6649780Z  * [new tag]           v1.7.77         -> v1.7.77
2026-05-14T02:43:55.6651280Z  * [new tag]           v1.7.78         -> v1.7.78
2026-05-14T02:43:55.6652758Z  * [new tag]           v1.7.79         -> v1.7.79
2026-05-14T02:43:55.6653987Z  * [new tag]           v1.7.80         -> v1.7.80
2026-05-14T02:43:55.6655197Z  * [new tag]           v1.7.81         -> v1.7.81
2026-05-14T02:43:55.6656401Z  * [new tag]           v1.7.82         -> v1.7.82
2026-05-14T02:43:55.6657610Z  * [new tag]           v1.7.83         -> v1.7.83
2026-05-14T02:43:55.6659162Z  * [new tag]           v1.7.84         -> v1.7.84
2026-05-14T02:43:55.6660376Z  * [new tag]           v1.7.85         -> v1.7.85
2026-05-14T02:43:55.6662047Z  * [new tag]           v1.7.86         -> v1.7.86
2026-05-14T02:43:55.6663261Z  * [new tag]           v1.7.87         -> v1.7.87
2026-05-14T02:43:55.6664561Z  * [new tag]           v1.7.90         -> v1.7.90
2026-05-14T02:43:55.6666273Z  * [new tag]           v1.7.92         -> v1.7.92
2026-05-14T02:43:55.6667864Z  * [new tag]           v1.7.93         -> v1.7.93
2026-05-14T02:43:55.6669747Z  * [new tag]           v1.7.94         -> v1.7.94
2026-05-14T02:43:55.6670981Z  * [new tag]           v1.7.95         -> v1.7.95
2026-05-14T02:43:55.6672176Z  * [new tag]           v1.7.96         -> v1.7.96
2026-05-14T02:43:55.6673450Z  * [new tag]           v1.7.97         -> v1.7.97
2026-05-14T02:43:55.6675593Z  * [new tag]           v1.8.0          -> v1.8.0
2026-05-14T02:43:55.6677450Z  * [new tag]           v1.8.1          -> v1.8.1
2026-05-14T02:43:55.6679066Z  * [new tag]           v1.8.10         -> v1.8.10
2026-05-14T02:43:55.6680283Z  * [new tag]           v1.8.11         -> v1.8.11
2026-05-14T02:43:55.6682095Z  * [new tag]           v1.8.12         -> v1.8.12
2026-05-14T02:43:55.6683590Z  * [new tag]           v1.8.14         -> v1.8.14
2026-05-14T02:43:55.6684835Z  * [new tag]           v1.8.15         -> v1.8.15
2026-05-14T02:43:55.6686120Z  * [new tag]           v1.8.16         -> v1.8.16
2026-05-14T02:43:55.6687384Z  * [new tag]           v1.8.17         -> v1.8.17
2026-05-14T02:43:55.6689138Z  * [new tag]           v1.8.18         -> v1.8.18
2026-05-14T02:43:55.6690386Z  * [new tag]           v1.8.19         -> v1.8.19
2026-05-14T02:43:55.6691593Z  * [new tag]           v1.8.2          -> v1.8.2
2026-05-14T02:43:55.6692800Z  * [new tag]           v1.8.20         -> v1.8.20
2026-05-14T02:43:55.6694009Z  * [new tag]           v1.8.21         -> v1.8.21
2026-05-14T02:43:55.6695207Z  * [new tag]           v1.8.22         -> v1.8.22
2026-05-14T02:43:55.6696410Z  * [new tag]           v1.8.23         -> v1.8.23
2026-05-14T02:43:55.6697616Z  * [new tag]           v1.8.24         -> v1.8.24
2026-05-14T02:43:55.6699149Z  * [new tag]           v1.8.25         -> v1.8.25
2026-05-14T02:43:55.6700492Z  * [new tag]           v1.8.26         -> v1.8.26
2026-05-14T02:43:55.6701701Z  * [new tag]           v1.8.27         -> v1.8.27
2026-05-14T02:43:55.6702893Z  * [new tag]           v1.8.28         -> v1.8.28
2026-05-14T02:43:55.6704081Z  * [new tag]           v1.8.29         -> v1.8.29
2026-05-14T02:43:55.6705294Z  * [new tag]           v1.8.3          -> v1.8.3
2026-05-14T02:43:55.6706491Z  * [new tag]           v1.8.30         -> v1.8.30
2026-05-14T02:43:55.6707683Z  * [new tag]           v1.8.31         -> v1.8.31
2026-05-14T02:43:55.6709135Z  * [new tag]           v1.8.32         -> v1.8.32
2026-05-14T02:43:55.6710337Z  * [new tag]           v1.8.33         -> v1.8.33
2026-05-14T02:43:55.6711536Z  * [new tag]           v1.8.34         -> v1.8.34
2026-05-14T02:43:55.6713406Z  * [new tag]           v1.8.35         -> v1.8.35
2026-05-14T02:43:55.6715467Z  * [new tag]           v1.8.36         -> v1.8.36
2026-05-14T02:43:55.6717542Z  * [new tag]           v1.8.37         -> v1.8.37
2026-05-14T02:43:55.6719874Z  * [new tag]           v1.8.38         -> v1.8.38
2026-05-14T02:43:55.6721977Z  * [new tag]           v1.8.39         -> v1.8.39
2026-05-14T02:43:55.6723989Z  * [new tag]           v1.8.4          -> v1.8.4
2026-05-14T02:43:55.6726059Z  * [new tag]           v1.8.40         -> v1.8.40
2026-05-14T02:43:55.6728505Z  * [new tag]           v1.8.41         -> v1.8.41
2026-05-14T02:43:55.6730521Z  * [new tag]           v1.8.42         -> v1.8.42
2026-05-14T02:43:55.6732435Z  * [new tag]           v1.8.43         -> v1.8.43
2026-05-14T02:43:55.6734358Z  * [new tag]           v1.8.44         -> v1.8.44
2026-05-14T02:43:55.6736263Z  * [new tag]           v1.8.45         -> v1.8.45
2026-05-14T02:43:55.6738119Z  * [new tag]           v1.8.46         -> v1.8.46
2026-05-14T02:43:55.6740323Z  * [new tag]           v1.8.47         -> v1.8.47
2026-05-14T02:43:55.6742447Z  * [new tag]           v1.8.48         -> v1.8.48
2026-05-14T02:43:55.6744495Z  * [new tag]           v1.8.49         -> v1.8.49
2026-05-14T02:43:55.6746492Z  * [new tag]           v1.8.5          -> v1.8.5
2026-05-14T02:43:55.6748774Z  * [new tag]           v1.8.50         -> v1.8.50
2026-05-14T02:43:55.6750868Z  * [new tag]           v1.8.51         -> v1.8.51
2026-05-14T02:43:55.6753018Z  * [new tag]           v1.8.52         -> v1.8.52
2026-05-14T02:43:55.6755147Z  * [new tag]           v1.8.53         -> v1.8.53
2026-05-14T02:43:55.6757228Z  * [new tag]           v1.8.54         -> v1.8.54
2026-05-14T02:43:55.6759500Z  * [new tag]           v1.8.6          -> v1.8.6
2026-05-14T02:43:55.6761528Z  * [new tag]           v1.8.7          -> v1.8.7
2026-05-14T02:43:55.6763574Z  * [new tag]           v1.8.8          -> v1.8.8
2026-05-14T02:43:55.6765633Z  * [new tag]           v1.8.9          -> v1.8.9
2026-05-14T02:43:55.6767698Z  * [new tag]           v1.9.1          -> v1.9.1
2026-05-14T02:43:55.6769878Z  * [new tag]           v1.9.10         -> v1.9.10
2026-05-14T02:43:55.6771888Z  * [new tag]           v1.9.11         -> v1.9.11
2026-05-14T02:43:55.6774148Z  * [new tag]           v1.9.12         -> v1.9.12
2026-05-14T02:43:55.6775943Z  * [new tag]           v1.9.13         -> v1.9.13
2026-05-14T02:43:55.6777699Z  * [new tag]           v1.9.14         -> v1.9.14
2026-05-14T02:43:55.6779720Z  * [new tag]           v1.9.15         -> v1.9.15
2026-05-14T02:43:55.6781781Z  * [new tag]           v1.9.16         -> v1.9.16
2026-05-14T02:43:55.6783561Z  * [new tag]           v1.9.18         -> v1.9.18
2026-05-14T02:43:55.6785324Z  * [new tag]           v1.9.19         -> v1.9.19
2026-05-14T02:43:55.6787152Z  * [new tag]           v1.9.2          -> v1.9.2
2026-05-14T02:43:55.6789157Z  * [new tag]           v1.9.20         -> v1.9.20
2026-05-14T02:43:55.6790966Z  * [new tag]           v1.9.21         -> v1.9.21
2026-05-14T02:43:55.6792679Z  * [new tag]           v1.9.22         -> v1.9.22
2026-05-14T02:43:55.6794384Z  * [new tag]           v1.9.23         -> v1.9.23
2026-05-14T02:43:55.6796189Z  * [new tag]           v1.9.24         -> v1.9.24
2026-05-14T02:43:55.6797974Z  * [new tag]           v1.9.3          -> v1.9.3
2026-05-14T02:43:55.6800052Z  * [new tag]           v1.9.4          -> v1.9.4
2026-05-14T02:43:55.6801834Z  * [new tag]           v1.9.5          -> v1.9.5
2026-05-14T02:43:55.6803625Z  * [new tag]           v1.9.6          -> v1.9.6
2026-05-14T02:43:55.6805426Z  * [new tag]           v1.9.7          -> v1.9.7
2026-05-14T02:43:55.6807187Z  * [new tag]           v1.9.8          -> v1.9.8
2026-05-14T02:43:55.6809219Z  * [new tag]           v1.9.9          -> v1.9.9
2026-05-14T02:43:55.6813745Z ##[endgroup]
2026-05-14T02:43:55.6815827Z ##[group]Determining the checkout info
2026-05-14T02:43:55.6818862Z [command]/usr/bin/git branch --list --remote origin/docs/parity-audit-2026-05-13-phase-3-summary
2026-05-14T02:43:55.6824190Z [command]/usr/bin/git tag --list docs/parity-audit-2026-05-13-phase-3-summary
2026-05-14T02:43:55.6866348Z ##[error]A branch or tag with the name 'docs/parity-audit-2026-05-13-phase-3-summary' could not be found
2026-05-14T02:43:55.7278706Z Post job cleanup.
2026-05-14T02:43:55.8126835Z [command]/usr/bin/git version
2026-05-14T02:43:55.8169289Z git version 2.53.0
2026-05-14T02:43:55.8211993Z Temporarily overriding HOME='/home/runner/work/_temp/1155bae7-3777-48ab-a66b-43168562d1e4' before making global git config changes
2026-05-14T02:43:55.8215354Z Adding repository directory to the temporary git global config as a safe directory
2026-05-14T02:43:55.8218482Z [command]/usr/bin/git config --global --add safe.directory /home/runner/work/prismTask/prismTask
2026-05-14T02:43:55.8251448Z Removing SSH command configuration
2026-05-14T02:43:55.8258619Z [command]/usr/bin/git config --local --name-only --get-regexp core\.sshCommand
2026-05-14T02:43:55.8296767Z [command]/usr/bin/git submodule foreach --recursive sh -c "git config --local --name-only --get-regexp 'core\.sshCommand' && git config --local --unset-all 'core.sshCommand' || :"
2026-05-14T02:43:55.8516970Z Removing HTTP extra header
2026-05-14T02:43:55.8523192Z [command]/usr/bin/git config --local --name-only --get-regexp http\.https\:\/\/github\.com\/\.extraheader
2026-05-14T02:43:55.8560760Z [command]/usr/bin/git submodule foreach --recursive sh -c "git config --local --name-only --get-regexp 'http\.https\:\/\/github\.com\/\.extraheader' && git config --local --unset-all 'http.https://github.com/.extraheader' || :"
2026-05-14T02:43:55.8774819Z Removing includeIf entries pointing to credentials config files
2026-05-14T02:43:55.8781242Z [command]/usr/bin/git config --local --name-only --get-regexp ^includeIf\.gitdir:
2026-05-14T02:43:55.8835971Z includeif.gitdir:/home/runner/work/prismTask/prismTask/.git.path
2026-05-14T02:43:55.8839660Z includeif.gitdir:/home/runner/work/prismTask/prismTask/.git/worktrees/*.path
2026-05-14T02:43:55.8842459Z includeif.gitdir:/github/workspace/.git.path
2026-05-14T02:43:55.8844726Z includeif.gitdir:/github/workspace/.git/worktrees/*.path
2026-05-14T02:43:55.8850847Z [command]/usr/bin/git config --local --get-all includeif.gitdir:/home/runner/work/prismTask/prismTask/.git.path
2026-05-14T02:43:55.8869605Z /home/runner/work/_temp/git-credentials-3feaf8fb-951f-4861-9d19-b04b3f6a57d6.config
2026-05-14T02:43:55.8882525Z [command]/usr/bin/git config --local --unset includeif.gitdir:/home/runner/work/prismTask/prismTask/.git.path /home/runner/work/_temp/git-credentials-3feaf8fb-951f-4861-9d19-b04b3f6a57d6.config
2026-05-14T02:43:55.8917899Z [command]/usr/bin/git config --local --get-all includeif.gitdir:/home/runner/work/prismTask/prismTask/.git/worktrees/*.path
2026-05-14T02:43:55.8938570Z /home/runner/work/_temp/git-credentials-3feaf8fb-951f-4861-9d19-b04b3f6a57d6.config
2026-05-14T02:43:55.8952265Z [command]/usr/bin/git config --local --unset includeif.gitdir:/home/runner/work/prismTask/prismTask/.git/worktrees/*.path /home/runner/work/_temp/git-credentials-3feaf8fb-951f-4861-9d19-b04b3f6a57d6.config
2026-05-14T02:43:55.8980204Z [command]/usr/bin/git config --local --get-all includeif.gitdir:/github/workspace/.git.path
2026-05-14T02:43:55.9001378Z /github/runner_temp/git-credentials-3feaf8fb-951f-4861-9d19-b04b3f6a57d6.config
2026-05-14T02:43:55.9011481Z [command]/usr/bin/git config --local --unset includeif.gitdir:/github/workspace/.git.path /github/runner_temp/git-credentials-3feaf8fb-951f-4861-9d19-b04b3f6a57d6.config
2026-05-14T02:43:55.9041137Z [command]/usr/bin/git config --local --get-all includeif.gitdir:/github/workspace/.git/worktrees/*.path
2026-05-14T02:43:55.9061050Z /github/runner_temp/git-credentials-3feaf8fb-951f-4861-9d19-b04b3f6a57d6.config
2026-05-14T02:43:55.9071106Z [command]/usr/bin/git config --local --unset includeif.gitdir:/github/workspace/.git/worktrees/*.path /github/runner_temp/git-credentials-3feaf8fb-951f-4861-9d19-b04b3f6a57d6.config
2026-05-14T02:43:55.9107623Z [command]/usr/bin/git submodule foreach --recursive git config --local --show-origin --name-only --get-regexp remote.origin.url
2026-05-14T02:43:55.9326182Z Removing credentials config '/home/runner/work/_temp/git-credentials-3feaf8fb-951f-4861-9d19-b04b3f6a57d6.config'
2026-05-14T02:43:55.9496832Z Cleaning up orphan processes
