=== CI FAILURE ===
Workflow:      Android CI
Workflow file: averycorp/prismTask/.github/workflows/android-ci.yml@refs/pull/1402/merge
Job(s):        autofix
Run ID:        25844123429
Run attempt:   1
Run URL:       https://github.com/averycorp/prismTask/actions/runs/25844123429
Commit:        e3d6387628b91a1dc51da424edd9d13a4098c7ca
Branch:        1402/merge
Event:         pull_request
Actor:         akarlin3
Runner OS:     Linux
Timestamp:     2026-05-14T05:46:31.647Z

Failed steps:
  - autofix: #2 Run actions/checkout@v6

=== FAILED JOB LOG ===

--- Job: autofix (id 75935420057) ---
2026-05-14T05:46:01.8394104Z Current runner version: '2.334.0'
2026-05-14T05:46:01.8427486Z ##[group]Runner Image Provisioner
2026-05-14T05:46:01.8428668Z Hosted Compute Agent
2026-05-14T05:46:01.8429602Z Version: 20260213.493
2026-05-14T05:46:01.8430502Z Commit: 5c115507f6dd24b8de37d8bbe0bb4509d0cc0fa3
2026-05-14T05:46:01.8431886Z Build Date: 2026-02-13T00:28:41Z
2026-05-14T05:46:01.8433052Z Worker ID: {51ce4a43-32fe-42e0-a7c8-73d0fe588a14}
2026-05-14T05:46:01.8434084Z Azure Region: eastus2
2026-05-14T05:46:01.8434896Z ##[endgroup]
2026-05-14T05:46:01.8436643Z ##[group]Operating System
2026-05-14T05:46:01.8437683Z Ubuntu
2026-05-14T05:46:01.8438391Z 24.04.4
2026-05-14T05:46:01.8439051Z LTS
2026-05-14T05:46:01.8439996Z ##[endgroup]
2026-05-14T05:46:01.8440727Z ##[group]Runner Image
2026-05-14T05:46:01.8441807Z Image: ubuntu-24.04
2026-05-14T05:46:01.8442771Z Version: 20260413.86.1
2026-05-14T05:46:01.8444622Z Included Software: https://github.com/actions/runner-images/blob/ubuntu24/20260413.86/images/ubuntu/Ubuntu2404-Readme.md
2026-05-14T05:46:01.8447069Z Image Release: https://github.com/actions/runner-images/releases/tag/ubuntu24%2F20260413.86
2026-05-14T05:46:01.8448551Z ##[endgroup]
2026-05-14T05:46:01.8450655Z ##[group]GITHUB_TOKEN Permissions
2026-05-14T05:46:01.8453728Z Actions: read
2026-05-14T05:46:01.8454567Z Checks: read
2026-05-14T05:46:01.8455471Z Contents: write
2026-05-14T05:46:01.8456257Z Metadata: read
2026-05-14T05:46:01.8457015Z PullRequests: read
2026-05-14T05:46:01.8457851Z ##[endgroup]
2026-05-14T05:46:01.8461307Z Secret source: Actions
2026-05-14T05:46:01.8462694Z Prepare workflow directory
2026-05-14T05:46:01.8916597Z Prepare all required actions
2026-05-14T05:46:01.8969662Z Getting action download info
2026-05-14T05:46:02.2801333Z Download action repository 'actions/checkout@v6' (SHA:de0fac2e4500dabe0009e67214ff5f5447ce83dd)
2026-05-14T05:46:02.4040468Z Download action repository 'dorny/paths-filter@v4' (SHA:fbd0ab8f3e69293af611ebaee6363fc25e6d187d)
2026-05-14T05:46:02.6077529Z Download action repository 'actions/cache@v5' (SHA:27d5ce7f107fe9357f9df03efb73ab90386fccae)
2026-05-14T05:46:02.9741865Z Complete job name: autofix
2026-05-14T05:46:03.0502234Z ##[group]Run actions/checkout@v6
2026-05-14T05:46:03.0503117Z with:
2026-05-14T05:46:03.0504169Z   token: ***
2026-05-14T05:46:03.0504637Z   ref: worktree-audit+copy-tone-phase34
2026-05-14T05:46:03.0505208Z   fetch-depth: 0
2026-05-14T05:46:03.0505652Z   repository: averycorp/prismTask
2026-05-14T05:46:03.0506175Z   ssh-strict: true
2026-05-14T05:46:03.0506600Z   ssh-user: git
2026-05-14T05:46:03.0507049Z   persist-credentials: true
2026-05-14T05:46:03.0507544Z   clean: true
2026-05-14T05:46:03.0507987Z   sparse-checkout-cone-mode: true
2026-05-14T05:46:03.0508585Z   fetch-tags: false
2026-05-14T05:46:03.0509028Z   show-progress: true
2026-05-14T05:46:03.0509464Z   lfs: false
2026-05-14T05:46:03.0509866Z   submodules: false
2026-05-14T05:46:03.0510297Z   set-safe-directory: true
2026-05-14T05:46:03.0511102Z ##[endgroup]
2026-05-14T05:46:03.1494669Z Syncing repository: averycorp/prismTask
2026-05-14T05:46:03.1496561Z ##[group]Getting Git version info
2026-05-14T05:46:03.1497375Z Working directory is '/home/runner/work/prismTask/prismTask'
2026-05-14T05:46:03.1498455Z [command]/usr/bin/git version
2026-05-14T05:46:03.1526700Z git version 2.53.0
2026-05-14T05:46:03.1582161Z ##[endgroup]
2026-05-14T05:46:03.1598364Z Temporarily overriding HOME='/home/runner/work/_temp/7cc433f5-6664-4325-a7e5-0b3211c7fc23' before making global git config changes
2026-05-14T05:46:03.1600768Z Adding repository directory to the temporary git global config as a safe directory
2026-05-14T05:46:03.1604621Z [command]/usr/bin/git config --global --add safe.directory /home/runner/work/prismTask/prismTask
2026-05-14T05:46:03.1641524Z Deleting the contents of '/home/runner/work/prismTask/prismTask'
2026-05-14T05:46:03.1645576Z ##[group]Initializing the repository
2026-05-14T05:46:03.1650558Z [command]/usr/bin/git init /home/runner/work/prismTask/prismTask
2026-05-14T05:46:03.1722437Z hint: Using 'master' as the name for the initial branch. This default branch name
2026-05-14T05:46:03.1724907Z hint: will change to "main" in Git 3.0. To configure the initial branch name
2026-05-14T05:46:03.1726625Z hint: to use in all of your new repositories, which will suppress this warning,
2026-05-14T05:46:03.1727959Z hint: call:
2026-05-14T05:46:03.1728864Z hint:
2026-05-14T05:46:03.1729719Z hint: 	git config --global init.defaultBranch <name>
2026-05-14T05:46:03.1730475Z hint:
2026-05-14T05:46:03.1731216Z hint: Names commonly chosen instead of 'master' are 'main', 'trunk' and
2026-05-14T05:46:03.1732378Z hint: 'development'. The just-created branch can be renamed via this command:
2026-05-14T05:46:03.1733413Z hint:
2026-05-14T05:46:03.1733900Z hint: 	git branch -m <name>
2026-05-14T05:46:03.1734367Z hint:
2026-05-14T05:46:03.1734982Z hint: Disable this message with "git config set advice.defaultBranchName false"
2026-05-14T05:46:03.1736006Z Initialized empty Git repository in /home/runner/work/prismTask/prismTask/.git/
2026-05-14T05:46:03.1737756Z [command]/usr/bin/git remote add origin https://github.com/averycorp/prismTask
2026-05-14T05:46:03.1767211Z ##[endgroup]
2026-05-14T05:46:03.1771718Z ##[group]Disabling automatic garbage collection
2026-05-14T05:46:03.1772587Z [command]/usr/bin/git config --local gc.auto 0
2026-05-14T05:46:03.1800543Z ##[endgroup]
2026-05-14T05:46:03.1801409Z ##[group]Setting up auth
2026-05-14T05:46:03.1802189Z Removing SSH command configuration
2026-05-14T05:46:03.1808313Z [command]/usr/bin/git config --local --name-only --get-regexp core\.sshCommand
2026-05-14T05:46:03.1840776Z [command]/usr/bin/git submodule foreach --recursive sh -c "git config --local --name-only --get-regexp 'core\.sshCommand' && git config --local --unset-all 'core.sshCommand' || :"
2026-05-14T05:46:03.2132433Z Removing HTTP extra header
2026-05-14T05:46:03.2138354Z [command]/usr/bin/git config --local --name-only --get-regexp http\.https\:\/\/github\.com\/\.extraheader
2026-05-14T05:46:03.2173526Z [command]/usr/bin/git submodule foreach --recursive sh -c "git config --local --name-only --get-regexp 'http\.https\:\/\/github\.com\/\.extraheader' && git config --local --unset-all 'http.https://github.com/.extraheader' || :"
2026-05-14T05:46:03.2408889Z Removing includeIf entries pointing to credentials config files
2026-05-14T05:46:03.2410690Z [command]/usr/bin/git config --local --name-only --get-regexp ^includeIf\.gitdir:
2026-05-14T05:46:03.2444947Z [command]/usr/bin/git submodule foreach --recursive git config --local --show-origin --name-only --get-regexp remote.origin.url
2026-05-14T05:46:03.2683822Z [command]/usr/bin/git config --file /home/runner/work/_temp/git-credentials-6594634b-929b-4bd4-aeaf-1249eef2d0c9.config http.https://github.com/.extraheader AUTHORIZATION: basic ***
2026-05-14T05:46:03.2723231Z [command]/usr/bin/git config --local includeIf.gitdir:/home/runner/work/prismTask/prismTask/.git.path /home/runner/work/_temp/git-credentials-6594634b-929b-4bd4-aeaf-1249eef2d0c9.config
2026-05-14T05:46:03.2755152Z [command]/usr/bin/git config --local includeIf.gitdir:/home/runner/work/prismTask/prismTask/.git/worktrees/*.path /home/runner/work/_temp/git-credentials-6594634b-929b-4bd4-aeaf-1249eef2d0c9.config
2026-05-14T05:46:03.2786927Z [command]/usr/bin/git config --local includeIf.gitdir:/github/workspace/.git.path /github/runner_temp/git-credentials-6594634b-929b-4bd4-aeaf-1249eef2d0c9.config
2026-05-14T05:46:03.2819416Z [command]/usr/bin/git config --local includeIf.gitdir:/github/workspace/.git/worktrees/*.path /github/runner_temp/git-credentials-6594634b-929b-4bd4-aeaf-1249eef2d0c9.config
2026-05-14T05:46:03.2854121Z ##[endgroup]
2026-05-14T05:46:03.2855310Z ##[group]Fetching the repository
2026-05-14T05:46:03.2865173Z [command]/usr/bin/git -c protocol.version=2 fetch --no-tags --prune --no-recurse-submodules origin +refs/heads/*:refs/remotes/origin/* +refs/tags/*:refs/tags/*
2026-05-14T05:46:22.9553206Z From https://github.com/averycorp/prismTask
2026-05-14T05:46:22.9554374Z  * [new branch]        ci-logs         -> origin/ci-logs
2026-05-14T05:46:22.9555715Z  * [new branch]        main            -> origin/main
2026-05-14T05:46:22.9556409Z  * [new branch]        v0.1.0-legacy   -> origin/v0.1.0-legacy
2026-05-14T05:46:22.9557089Z  * [new branch]        v0.2.0-legacy   -> origin/v0.2.0-legacy
2026-05-14T05:46:22.9557759Z  * [new branch]        v0.3.0-legacy   -> origin/v0.3.0-legacy
2026-05-14T05:46:22.9558458Z  * [new branch]        v0.4.0-legacy   -> origin/v0.4.0-legacy
2026-05-14T05:46:22.9559100Z  * [new branch]        v0.5.0-legacy   -> origin/v0.5.0-legacy
2026-05-14T05:46:22.9559758Z  * [new branch]        v0.6.0-legacy   -> origin/v0.6.0-legacy
2026-05-14T05:46:22.9560442Z  * [new branch]        v0.7.0-legacy   -> origin/v0.7.0-legacy
2026-05-14T05:46:22.9561434Z  * [new branch]        worktree-course-name-only -> origin/worktree-course-name-only
2026-05-14T05:46:22.9562611Z  * [new branch]        worktree-leisure-categories-removable -> origin/worktree-leisure-categories-removable
2026-05-14T05:46:22.9563741Z  * [new branch]        worktree-recheck-recurring -> origin/worktree-recheck-recurring
2026-05-14T05:46:22.9565208Z  * [new branch]        worktree-remove-leisure-minimum-from-daily-essentials -> origin/worktree-remove-leisure-minimum-from-daily-essentials
2026-05-14T05:46:22.9566467Z  * [new tag]           v0.1.0          -> v0.1.0
2026-05-14T05:46:22.9567076Z  * [new tag]           v0.2.0          -> v0.2.0
2026-05-14T05:46:22.9567622Z  * [new tag]           v0.3.0          -> v0.3.0
2026-05-14T05:46:22.9568180Z  * [new tag]           v0.4.0          -> v0.4.0
2026-05-14T05:46:22.9568742Z  * [new tag]           v0.5.0          -> v0.5.0
2026-05-14T05:46:22.9569535Z  * [new tag]           v0.7.0          -> v0.7.0
2026-05-14T05:46:22.9570080Z  * [new tag]           v0.7.12         -> v0.7.12
2026-05-14T05:46:22.9570610Z  * [new tag]           v0.7.13         -> v0.7.13
2026-05-14T05:46:22.9571338Z  * [new tag]           v0.7.14         -> v0.7.14
2026-05-14T05:46:22.9571858Z  * [new tag]           v0.7.15         -> v0.7.15
2026-05-14T05:46:22.9572193Z  * [new tag]           v0.7.16         -> v0.7.16
2026-05-14T05:46:22.9572757Z  * [new tag]           v0.7.17         -> v0.7.17
2026-05-14T05:46:22.9573109Z  * [new tag]           v0.7.17-build.2 -> v0.7.17-build.2
2026-05-14T05:46:22.9573696Z  * [new tag]           v0.7.17-build.3 -> v0.7.17-build.3
2026-05-14T05:46:22.9574316Z  * [new tag]           v0.7.17-build.4 -> v0.7.17-build.4
2026-05-14T05:46:22.9575027Z  * [new tag]           v0.7.17-build.5 -> v0.7.17-build.5
2026-05-14T05:46:22.9575677Z  * [new tag]           v0.7.17-build.6 -> v0.7.17-build.6
2026-05-14T05:46:22.9576266Z  * [new tag]           v0.7.17-build.7 -> v0.7.17-build.7
2026-05-14T05:46:22.9576837Z  * [new tag]           v0.7.17-build.8 -> v0.7.17-build.8
2026-05-14T05:46:22.9577416Z  * [new tag]           v0.7.17-build.9 -> v0.7.17-build.9
2026-05-14T05:46:22.9577973Z  * [new tag]           v0.7.18         -> v0.7.18
2026-05-14T05:46:22.9578538Z  * [new tag]           v0.7.18-build.2 -> v0.7.18-build.2
2026-05-14T05:46:22.9579179Z  * [new tag]           v0.7.18-build.3 -> v0.7.18-build.3
2026-05-14T05:46:22.9579779Z  * [new tag]           v0.7.18-build.4 -> v0.7.18-build.4
2026-05-14T05:46:22.9580350Z  * [new tag]           v0.7.19         -> v0.7.19
2026-05-14T05:46:22.9581217Z  * [new tag]           v0.7.19-build.2 -> v0.7.19-build.2
2026-05-14T05:46:22.9581811Z  * [new tag]           v0.7.20         -> v0.7.20
2026-05-14T05:46:22.9582373Z  * [new tag]           v0.7.20-build.2 -> v0.7.20-build.2
2026-05-14T05:46:22.9582925Z  * [new tag]           v0.7.20-build.3 -> v0.7.20-build.3
2026-05-14T05:46:22.9583443Z  * [new tag]           v0.7.20-build.4 -> v0.7.20-build.4
2026-05-14T05:46:22.9583916Z  * [new tag]           v0.8.0          -> v0.8.0
2026-05-14T05:46:22.9584400Z  * [new tag]           v0.8.0-build.2  -> v0.8.0-build.2
2026-05-14T05:46:22.9584875Z  * [new tag]           v0.8.1          -> v0.8.1
2026-05-14T05:46:22.9585329Z  * [new tag]           v0.8.10         -> v0.8.10
2026-05-14T05:46:22.9586082Z  * [new tag]           v0.8.11         -> v0.8.11
2026-05-14T05:46:22.9586580Z  * [new tag]           v0.8.12         -> v0.8.12
2026-05-14T05:46:22.9587056Z  * [new tag]           v0.8.13         -> v0.8.13
2026-05-14T05:46:22.9587540Z  * [new tag]           v0.8.14         -> v0.8.14
2026-05-14T05:46:22.9588034Z  * [new tag]           v0.8.15         -> v0.8.15
2026-05-14T05:46:22.9588536Z  * [new tag]           v0.8.2          -> v0.8.2
2026-05-14T05:46:22.9589053Z  * [new tag]           v0.8.3          -> v0.8.3
2026-05-14T05:46:22.9589614Z  * [new tag]           v0.8.4          -> v0.8.4
2026-05-14T05:46:22.9590117Z  * [new tag]           v0.8.5          -> v0.8.5
2026-05-14T05:46:22.9590618Z  * [new tag]           v0.8.6          -> v0.8.6
2026-05-14T05:46:22.9591326Z  * [new tag]           v0.8.7          -> v0.8.7
2026-05-14T05:46:22.9591823Z  * [new tag]           v0.8.8          -> v0.8.8
2026-05-14T05:46:22.9592255Z  * [new tag]           v0.8.9          -> v0.8.9
2026-05-14T05:46:22.9592709Z  * [new tag]           v0.9.1          -> v0.9.1
2026-05-14T05:46:22.9593230Z  * [new tag]           v0.9.2          -> v0.9.2
2026-05-14T05:46:22.9593707Z  * [new tag]           v1.0.1          -> v1.0.1
2026-05-14T05:46:22.9594230Z  * [new tag]           v1.0.10         -> v1.0.10
2026-05-14T05:46:22.9594769Z  * [new tag]           v1.0.11         -> v1.0.11
2026-05-14T05:46:22.9595354Z  * [new tag]           v1.0.12         -> v1.0.12
2026-05-14T05:46:22.9595854Z  * [new tag]           v1.0.13         -> v1.0.13
2026-05-14T05:46:22.9596335Z  * [new tag]           v1.0.2          -> v1.0.2
2026-05-14T05:46:22.9596836Z  * [new tag]           v1.0.3          -> v1.0.3
2026-05-14T05:46:22.9597332Z  * [new tag]           v1.0.4          -> v1.0.4
2026-05-14T05:46:22.9597829Z  * [new tag]           v1.0.5          -> v1.0.5
2026-05-14T05:46:22.9598325Z  * [new tag]           v1.0.6          -> v1.0.6
2026-05-14T05:46:22.9598806Z  * [new tag]           v1.0.7          -> v1.0.7
2026-05-14T05:46:22.9599307Z  * [new tag]           v1.0.8          -> v1.0.8
2026-05-14T05:46:22.9600024Z  * [new tag]           v1.0.9          -> v1.0.9
2026-05-14T05:46:22.9600517Z  * [new tag]           v1.1.1          -> v1.1.1
2026-05-14T05:46:22.9601352Z  * [new tag]           v1.1.1-build.2  -> v1.1.1-build.2
2026-05-14T05:46:22.9601961Z  * [new tag]           v1.1.1-build.3  -> v1.1.1-build.3
2026-05-14T05:46:22.9602550Z  * [new tag]           v1.1.1-build.4  -> v1.1.1-build.4
2026-05-14T05:46:22.9603124Z  * [new tag]           v1.1.10         -> v1.1.10
2026-05-14T05:46:22.9603680Z  * [new tag]           v1.1.11         -> v1.1.11
2026-05-14T05:46:22.9604238Z  * [new tag]           v1.1.12         -> v1.1.12
2026-05-14T05:46:22.9604773Z  * [new tag]           v1.1.2          -> v1.1.2
2026-05-14T05:46:22.9605312Z  * [new tag]           v1.1.3          -> v1.1.3
2026-05-14T05:46:22.9605832Z  * [new tag]           v1.1.4          -> v1.1.4
2026-05-14T05:46:22.9606362Z  * [new tag]           v1.1.5          -> v1.1.5
2026-05-14T05:46:22.9606981Z  * [new tag]           v1.1.6          -> v1.1.6
2026-05-14T05:46:22.9607536Z  * [new tag]           v1.1.7          -> v1.1.7
2026-05-14T05:46:22.9608071Z  * [new tag]           v1.1.8          -> v1.1.8
2026-05-14T05:46:22.9608589Z  * [new tag]           v1.1.9          -> v1.1.9
2026-05-14T05:46:22.9609166Z  * [new tag]           v1.3.0          -> v1.3.0
2026-05-14T05:46:22.9609702Z  * [new tag]           v1.3.1          -> v1.3.1
2026-05-14T05:46:22.9610235Z  * [new tag]           v1.3.10         -> v1.3.10
2026-05-14T05:46:22.9610782Z  * [new tag]           v1.3.11         -> v1.3.11
2026-05-14T05:46:22.9611507Z  * [new tag]           v1.3.11-build.2 -> v1.3.11-build.2
2026-05-14T05:46:22.9612070Z  * [new tag]           v1.3.12         -> v1.3.12
2026-05-14T05:46:22.9612614Z  * [new tag]           v1.3.13         -> v1.3.13
2026-05-14T05:46:22.9613085Z  * [new tag]           v1.3.13-build.2 -> v1.3.13-build.2
2026-05-14T05:46:22.9613630Z  * [new tag]           v1.3.14         -> v1.3.14
2026-05-14T05:46:22.9614354Z  * [new tag]           v1.3.15         -> v1.3.15
2026-05-14T05:46:22.9614882Z  * [new tag]           v1.3.16         -> v1.3.16
2026-05-14T05:46:22.9615420Z  * [new tag]           v1.3.17         -> v1.3.17
2026-05-14T05:46:22.9615959Z  * [new tag]           v1.3.18         -> v1.3.18
2026-05-14T05:46:22.9616514Z  * [new tag]           v1.3.19         -> v1.3.19
2026-05-14T05:46:22.9617038Z  * [new tag]           v1.3.2          -> v1.3.2
2026-05-14T05:46:22.9617544Z  * [new tag]           v1.3.20         -> v1.3.20
2026-05-14T05:46:22.9618079Z  * [new tag]           v1.3.21         -> v1.3.21
2026-05-14T05:46:22.9618629Z  * [new tag]           v1.3.22         -> v1.3.22
2026-05-14T05:46:22.9619234Z  * [new tag]           v1.3.23         -> v1.3.23
2026-05-14T05:46:22.9619785Z  * [new tag]           v1.3.24         -> v1.3.24
2026-05-14T05:46:22.9620317Z  * [new tag]           v1.3.25         -> v1.3.25
2026-05-14T05:46:22.9620856Z  * [new tag]           v1.3.26         -> v1.3.26
2026-05-14T05:46:22.9621637Z  * [new tag]           v1.3.27         -> v1.3.27
2026-05-14T05:46:22.9622214Z  * [new tag]           v1.3.28         -> v1.3.28
2026-05-14T05:46:22.9622774Z  * [new tag]           v1.3.29         -> v1.3.29
2026-05-14T05:46:22.9623335Z  * [new tag]           v1.3.3          -> v1.3.3
2026-05-14T05:46:22.9623908Z  * [new tag]           v1.3.30         -> v1.3.30
2026-05-14T05:46:22.9624479Z  * [new tag]           v1.3.31         -> v1.3.31
2026-05-14T05:46:22.9625027Z  * [new tag]           v1.3.32         -> v1.3.32
2026-05-14T05:46:22.9625610Z  * [new tag]           v1.3.33         -> v1.3.33
2026-05-14T05:46:22.9626186Z  * [new tag]           v1.3.34         -> v1.3.34
2026-05-14T05:46:22.9626744Z  * [new tag]           v1.3.35         -> v1.3.35
2026-05-14T05:46:22.9627295Z  * [new tag]           v1.3.36         -> v1.3.36
2026-05-14T05:46:22.9627839Z  * [new tag]           v1.3.37         -> v1.3.37
2026-05-14T05:46:22.9628378Z  * [new tag]           v1.3.38         -> v1.3.38
2026-05-14T05:46:22.9704111Z  * [new tag]           v1.3.39         -> v1.3.39
2026-05-14T05:46:22.9705180Z  * [new tag]           v1.3.4          -> v1.3.4
2026-05-14T05:46:22.9705843Z  * [new tag]           v1.3.40         -> v1.3.40
2026-05-14T05:46:22.9706350Z  * [new tag]           v1.3.41         -> v1.3.41
2026-05-14T05:46:22.9706951Z  * [new tag]           v1.3.42         -> v1.3.42
2026-05-14T05:46:22.9707594Z  * [new tag]           v1.3.43         -> v1.3.43
2026-05-14T05:46:22.9708190Z  * [new tag]           v1.3.44         -> v1.3.44
2026-05-14T05:46:22.9708661Z  * [new tag]           v1.3.45         -> v1.3.45
2026-05-14T05:46:22.9709152Z  * [new tag]           v1.3.46         -> v1.3.46
2026-05-14T05:46:22.9709659Z  * [new tag]           v1.3.47         -> v1.3.47
2026-05-14T05:46:22.9710167Z  * [new tag]           v1.3.48         -> v1.3.48
2026-05-14T05:46:22.9710644Z  * [new tag]           v1.3.49         -> v1.3.49
2026-05-14T05:46:22.9711351Z  * [new tag]           v1.3.5          -> v1.3.5
2026-05-14T05:46:22.9711899Z  * [new tag]           v1.3.5-build.2  -> v1.3.5-build.2
2026-05-14T05:46:22.9712491Z  * [new tag]           v1.3.50         -> v1.3.50
2026-05-14T05:46:22.9713013Z  * [new tag]           v1.3.51         -> v1.3.51
2026-05-14T05:46:22.9713523Z  * [new tag]           v1.3.52         -> v1.3.52
2026-05-14T05:46:22.9714017Z  * [new tag]           v1.3.53         -> v1.3.53
2026-05-14T05:46:22.9714562Z  * [new tag]           v1.3.54         -> v1.3.54
2026-05-14T05:46:22.9715127Z  * [new tag]           v1.3.55         -> v1.3.55
2026-05-14T05:46:22.9715649Z  * [new tag]           v1.3.56         -> v1.3.56
2026-05-14T05:46:22.9716211Z  * [new tag]           v1.3.57         -> v1.3.57
2026-05-14T05:46:22.9716776Z  * [new tag]           v1.3.58         -> v1.3.58
2026-05-14T05:46:22.9717322Z  * [new tag]           v1.3.59         -> v1.3.59
2026-05-14T05:46:22.9717903Z  * [new tag]           v1.3.6          -> v1.3.6
2026-05-14T05:46:22.9718486Z  * [new tag]           v1.3.60         -> v1.3.60
2026-05-14T05:46:22.9719330Z  * [new tag]           v1.3.61         -> v1.3.61
2026-05-14T05:46:22.9719886Z  * [new tag]           v1.3.62         -> v1.3.62
2026-05-14T05:46:22.9720445Z  * [new tag]           v1.3.7          -> v1.3.7
2026-05-14T05:46:22.9721218Z  * [new tag]           v1.3.8          -> v1.3.8
2026-05-14T05:46:22.9721772Z  * [new tag]           v1.3.9          -> v1.3.9
2026-05-14T05:46:22.9722355Z  * [new tag]           v1.4.40         -> v1.4.40
2026-05-14T05:46:22.9722923Z  * [new tag]           v1.5.0          -> v1.5.0
2026-05-14T05:46:22.9723473Z  * [new tag]           v1.5.2          -> v1.5.2
2026-05-14T05:46:22.9724045Z  * [new tag]           v1.5.3          -> v1.5.3
2026-05-14T05:46:22.9724597Z  * [new tag]           v1.6.0          -> v1.6.0
2026-05-14T05:46:22.9725144Z  * [new tag]           v1.7.0          -> v1.7.0
2026-05-14T05:46:22.9725743Z  * [new tag]           v1.7.37         -> v1.7.37
2026-05-14T05:46:22.9726314Z  * [new tag]           v1.7.38         -> v1.7.38
2026-05-14T05:46:22.9726870Z  * [new tag]           v1.7.39         -> v1.7.39
2026-05-14T05:46:22.9727439Z  * [new tag]           v1.7.40         -> v1.7.40
2026-05-14T05:46:22.9727818Z  * [new tag]           v1.7.41         -> v1.7.41
2026-05-14T05:46:22.9728177Z  * [new tag]           v1.7.42         -> v1.7.42
2026-05-14T05:46:22.9728528Z  * [new tag]           v1.7.43         -> v1.7.43
2026-05-14T05:46:22.9728886Z  * [new tag]           v1.7.44         -> v1.7.44
2026-05-14T05:46:22.9729244Z  * [new tag]           v1.7.45         -> v1.7.45
2026-05-14T05:46:22.9729590Z  * [new tag]           v1.7.46         -> v1.7.46
2026-05-14T05:46:22.9729996Z  * [new tag]           v1.7.47         -> v1.7.47
2026-05-14T05:46:22.9730352Z  * [new tag]           v1.7.48         -> v1.7.48
2026-05-14T05:46:22.9730700Z  * [new tag]           v1.7.49         -> v1.7.49
2026-05-14T05:46:22.9731263Z  * [new tag]           v1.7.50         -> v1.7.50
2026-05-14T05:46:22.9731637Z  * [new tag]           v1.7.51         -> v1.7.51
2026-05-14T05:46:22.9731999Z  * [new tag]           v1.7.52         -> v1.7.52
2026-05-14T05:46:22.9732602Z  * [new tag]           v1.7.53         -> v1.7.53
2026-05-14T05:46:22.9732966Z  * [new tag]           v1.7.54         -> v1.7.54
2026-05-14T05:46:22.9733313Z  * [new tag]           v1.7.55         -> v1.7.55
2026-05-14T05:46:22.9733664Z  * [new tag]           v1.7.56         -> v1.7.56
2026-05-14T05:46:22.9734019Z  * [new tag]           v1.7.57         -> v1.7.57
2026-05-14T05:46:22.9734377Z  * [new tag]           v1.7.58         -> v1.7.58
2026-05-14T05:46:22.9734727Z  * [new tag]           v1.7.59         -> v1.7.59
2026-05-14T05:46:22.9735085Z  * [new tag]           v1.7.60         -> v1.7.60
2026-05-14T05:46:22.9735439Z  * [new tag]           v1.7.61         -> v1.7.61
2026-05-14T05:46:22.9735790Z  * [new tag]           v1.7.62         -> v1.7.62
2026-05-14T05:46:22.9736144Z  * [new tag]           v1.7.63         -> v1.7.63
2026-05-14T05:46:22.9736510Z  * [new tag]           v1.7.64         -> v1.7.64
2026-05-14T05:46:22.9736867Z  * [new tag]           v1.7.65         -> v1.7.65
2026-05-14T05:46:22.9737231Z  * [new tag]           v1.7.66         -> v1.7.66
2026-05-14T05:46:22.9737628Z  * [new tag]           v1.7.67         -> v1.7.67
2026-05-14T05:46:22.9737983Z  * [new tag]           v1.7.68         -> v1.7.68
2026-05-14T05:46:22.9738342Z  * [new tag]           v1.7.69         -> v1.7.69
2026-05-14T05:46:22.9738695Z  * [new tag]           v1.7.70         -> v1.7.70
2026-05-14T05:46:22.9739074Z  * [new tag]           v1.7.71         -> v1.7.71
2026-05-14T05:46:22.9739433Z  * [new tag]           v1.7.72         -> v1.7.72
2026-05-14T05:46:22.9739797Z  * [new tag]           v1.7.73         -> v1.7.73
2026-05-14T05:46:22.9740182Z  * [new tag]           v1.7.74         -> v1.7.74
2026-05-14T05:46:22.9740555Z  * [new tag]           v1.7.75         -> v1.7.75
2026-05-14T05:46:22.9741076Z  * [new tag]           v1.7.76         -> v1.7.76
2026-05-14T05:46:22.9741459Z  * [new tag]           v1.7.77         -> v1.7.77
2026-05-14T05:46:22.9741983Z  * [new tag]           v1.7.78         -> v1.7.78
2026-05-14T05:46:22.9742357Z  * [new tag]           v1.7.79         -> v1.7.79
2026-05-14T05:46:22.9742710Z  * [new tag]           v1.7.80         -> v1.7.80
2026-05-14T05:46:22.9743073Z  * [new tag]           v1.7.81         -> v1.7.81
2026-05-14T05:46:22.9743442Z  * [new tag]           v1.7.82         -> v1.7.82
2026-05-14T05:46:22.9743793Z  * [new tag]           v1.7.83         -> v1.7.83
2026-05-14T05:46:22.9744149Z  * [new tag]           v1.7.84         -> v1.7.84
2026-05-14T05:46:22.9744621Z  * [new tag]           v1.7.85         -> v1.7.85
2026-05-14T05:46:22.9744984Z  * [new tag]           v1.7.86         -> v1.7.86
2026-05-14T05:46:22.9745341Z  * [new tag]           v1.7.87         -> v1.7.87
2026-05-14T05:46:22.9745707Z  * [new tag]           v1.7.90         -> v1.7.90
2026-05-14T05:46:22.9746070Z  * [new tag]           v1.7.92         -> v1.7.92
2026-05-14T05:46:22.9746419Z  * [new tag]           v1.7.93         -> v1.7.93
2026-05-14T05:46:22.9746790Z  * [new tag]           v1.7.94         -> v1.7.94
2026-05-14T05:46:22.9747150Z  * [new tag]           v1.7.95         -> v1.7.95
2026-05-14T05:46:22.9747498Z  * [new tag]           v1.7.96         -> v1.7.96
2026-05-14T05:46:22.9747857Z  * [new tag]           v1.7.97         -> v1.7.97
2026-05-14T05:46:22.9748220Z  * [new tag]           v1.8.0          -> v1.8.0
2026-05-14T05:46:22.9748589Z  * [new tag]           v1.8.1          -> v1.8.1
2026-05-14T05:46:22.9748944Z  * [new tag]           v1.8.10         -> v1.8.10
2026-05-14T05:46:22.9749302Z  * [new tag]           v1.8.11         -> v1.8.11
2026-05-14T05:46:22.9749664Z  * [new tag]           v1.8.12         -> v1.8.12
2026-05-14T05:46:22.9750011Z  * [new tag]           v1.8.14         -> v1.8.14
2026-05-14T05:46:22.9750368Z  * [new tag]           v1.8.15         -> v1.8.15
2026-05-14T05:46:22.9750728Z  * [new tag]           v1.8.16         -> v1.8.16
2026-05-14T05:46:22.9751240Z  * [new tag]           v1.8.17         -> v1.8.17
2026-05-14T05:46:22.9751606Z  * [new tag]           v1.8.18         -> v1.8.18
2026-05-14T05:46:22.9752101Z  * [new tag]           v1.8.19         -> v1.8.19
2026-05-14T05:46:22.9752461Z  * [new tag]           v1.8.2          -> v1.8.2
2026-05-14T05:46:22.9752820Z  * [new tag]           v1.8.20         -> v1.8.20
2026-05-14T05:46:22.9753171Z  * [new tag]           v1.8.21         -> v1.8.21
2026-05-14T05:46:22.9753523Z  * [new tag]           v1.8.22         -> v1.8.22
2026-05-14T05:46:22.9753876Z  * [new tag]           v1.8.23         -> v1.8.23
2026-05-14T05:46:22.9754240Z  * [new tag]           v1.8.24         -> v1.8.24
2026-05-14T05:46:22.9754587Z  * [new tag]           v1.8.25         -> v1.8.25
2026-05-14T05:46:22.9754944Z  * [new tag]           v1.8.26         -> v1.8.26
2026-05-14T05:46:22.9755301Z  * [new tag]           v1.8.27         -> v1.8.27
2026-05-14T05:46:22.9755657Z  * [new tag]           v1.8.28         -> v1.8.28
2026-05-14T05:46:22.9756002Z  * [new tag]           v1.8.29         -> v1.8.29
2026-05-14T05:46:22.9756364Z  * [new tag]           v1.8.3          -> v1.8.3
2026-05-14T05:46:22.9756728Z  * [new tag]           v1.8.30         -> v1.8.30
2026-05-14T05:46:22.9757079Z  * [new tag]           v1.8.31         -> v1.8.31
2026-05-14T05:46:22.9757433Z  * [new tag]           v1.8.32         -> v1.8.32
2026-05-14T05:46:22.9757794Z  * [new tag]           v1.8.33         -> v1.8.33
2026-05-14T05:46:22.9758141Z  * [new tag]           v1.8.34         -> v1.8.34
2026-05-14T05:46:22.9758496Z  * [new tag]           v1.8.35         -> v1.8.35
2026-05-14T05:46:22.9758878Z  * [new tag]           v1.8.36         -> v1.8.36
2026-05-14T05:46:22.9759225Z  * [new tag]           v1.8.37         -> v1.8.37
2026-05-14T05:46:22.9759579Z  * [new tag]           v1.8.38         -> v1.8.38
2026-05-14T05:46:22.9759939Z  * [new tag]           v1.8.39         -> v1.8.39
2026-05-14T05:46:22.9760284Z  * [new tag]           v1.8.4          -> v1.8.4
2026-05-14T05:46:22.9760648Z  * [new tag]           v1.8.40         -> v1.8.40
2026-05-14T05:46:22.9761365Z  * [new tag]           v1.8.41         -> v1.8.41
2026-05-14T05:46:22.9761739Z  * [new tag]           v1.8.42         -> v1.8.42
2026-05-14T05:46:22.9762105Z  * [new tag]           v1.8.43         -> v1.8.43
2026-05-14T05:46:22.9762468Z  * [new tag]           v1.8.44         -> v1.8.44
2026-05-14T05:46:22.9762835Z  * [new tag]           v1.8.45         -> v1.8.45
2026-05-14T05:46:22.9763186Z  * [new tag]           v1.8.46         -> v1.8.46
2026-05-14T05:46:22.9763540Z  * [new tag]           v1.8.47         -> v1.8.47
2026-05-14T05:46:22.9763899Z  * [new tag]           v1.8.48         -> v1.8.48
2026-05-14T05:46:22.9764254Z  * [new tag]           v1.8.49         -> v1.8.49
2026-05-14T05:46:22.9764607Z  * [new tag]           v1.8.5          -> v1.8.5
2026-05-14T05:46:22.9764968Z  * [new tag]           v1.8.50         -> v1.8.50
2026-05-14T05:46:22.9765313Z  * [new tag]           v1.8.51         -> v1.8.51
2026-05-14T05:46:22.9765673Z  * [new tag]           v1.8.52         -> v1.8.52
2026-05-14T05:46:22.9766036Z  * [new tag]           v1.8.53         -> v1.8.53
2026-05-14T05:46:22.9766383Z  * [new tag]           v1.8.54         -> v1.8.54
2026-05-14T05:46:22.9766742Z  * [new tag]           v1.8.6          -> v1.8.6
2026-05-14T05:46:22.9767104Z  * [new tag]           v1.8.7          -> v1.8.7
2026-05-14T05:46:22.9767461Z  * [new tag]           v1.8.8          -> v1.8.8
2026-05-14T05:46:22.9767811Z  * [new tag]           v1.8.9          -> v1.8.9
2026-05-14T05:46:22.9768162Z  * [new tag]           v1.9.1          -> v1.9.1
2026-05-14T05:46:22.9768521Z  * [new tag]           v1.9.10         -> v1.9.10
2026-05-14T05:46:22.9768864Z  * [new tag]           v1.9.11         -> v1.9.11
2026-05-14T05:46:22.9769217Z  * [new tag]           v1.9.12         -> v1.9.12
2026-05-14T05:46:22.9769571Z  * [new tag]           v1.9.13         -> v1.9.13
2026-05-14T05:46:22.9769919Z  * [new tag]           v1.9.14         -> v1.9.14
2026-05-14T05:46:22.9770272Z  * [new tag]           v1.9.15         -> v1.9.15
2026-05-14T05:46:22.9770637Z  * [new tag]           v1.9.16         -> v1.9.16
2026-05-14T05:46:22.9771333Z  * [new tag]           v1.9.18         -> v1.9.18
2026-05-14T05:46:22.9771700Z  * [new tag]           v1.9.19         -> v1.9.19
2026-05-14T05:46:22.9772061Z  * [new tag]           v1.9.2          -> v1.9.2
2026-05-14T05:46:22.9772407Z  * [new tag]           v1.9.20         -> v1.9.20
2026-05-14T05:46:22.9772761Z  * [new tag]           v1.9.21         -> v1.9.21
2026-05-14T05:46:22.9773116Z  * [new tag]           v1.9.22         -> v1.9.22
2026-05-14T05:46:22.9773475Z  * [new tag]           v1.9.23         -> v1.9.23
2026-05-14T05:46:22.9773819Z  * [new tag]           v1.9.24         -> v1.9.24
2026-05-14T05:46:22.9774179Z  * [new tag]           v1.9.26         -> v1.9.26
2026-05-14T05:46:22.9774536Z  * [new tag]           v1.9.3          -> v1.9.3
2026-05-14T05:46:22.9774885Z  * [new tag]           v1.9.4          -> v1.9.4
2026-05-14T05:46:22.9775245Z  * [new tag]           v1.9.5          -> v1.9.5
2026-05-14T05:46:22.9775614Z  * [new tag]           v1.9.6          -> v1.9.6
2026-05-14T05:46:22.9775976Z  * [new tag]           v1.9.7          -> v1.9.7
2026-05-14T05:46:22.9776351Z  * [new tag]           v1.9.8          -> v1.9.8
2026-05-14T05:46:22.9776720Z  * [new tag]           v1.9.9          -> v1.9.9
2026-05-14T05:46:22.9885559Z ##[endgroup]
2026-05-14T05:46:22.9886272Z ##[group]Determining the checkout info
2026-05-14T05:46:22.9892358Z [command]/usr/bin/git branch --list --remote origin/worktree-audit+copy-tone-phase34
2026-05-14T05:46:22.9954245Z [command]/usr/bin/git tag --list worktree-audit+copy-tone-phase34
2026-05-14T05:46:23.0053087Z ##[error]A branch or tag with the name 'worktree-audit+copy-tone-phase34' could not be found
2026-05-14T05:46:23.0345621Z Post job cleanup.
2026-05-14T05:46:23.1197848Z [command]/usr/bin/git version
2026-05-14T05:46:23.1236628Z git version 2.53.0
2026-05-14T05:46:23.1274976Z Temporarily overriding HOME='/home/runner/work/_temp/e0493ffa-d90e-4b47-9841-6718a79d0553' before making global git config changes
2026-05-14T05:46:23.1276210Z Adding repository directory to the temporary git global config as a safe directory
2026-05-14T05:46:23.1280678Z [command]/usr/bin/git config --global --add safe.directory /home/runner/work/prismTask/prismTask
2026-05-14T05:46:23.1314843Z Removing SSH command configuration
2026-05-14T05:46:23.1321993Z [command]/usr/bin/git config --local --name-only --get-regexp core\.sshCommand
2026-05-14T05:46:23.1358786Z [command]/usr/bin/git submodule foreach --recursive sh -c "git config --local --name-only --get-regexp 'core\.sshCommand' && git config --local --unset-all 'core.sshCommand' || :"
2026-05-14T05:46:23.1595205Z Removing HTTP extra header
2026-05-14T05:46:23.1600389Z [command]/usr/bin/git config --local --name-only --get-regexp http\.https\:\/\/github\.com\/\.extraheader
2026-05-14T05:46:23.1635600Z [command]/usr/bin/git submodule foreach --recursive sh -c "git config --local --name-only --get-regexp 'http\.https\:\/\/github\.com\/\.extraheader' && git config --local --unset-all 'http.https://github.com/.extraheader' || :"
2026-05-14T05:46:23.1865512Z Removing includeIf entries pointing to credentials config files
2026-05-14T05:46:23.1871836Z [command]/usr/bin/git config --local --name-only --get-regexp ^includeIf\.gitdir:
2026-05-14T05:46:23.1897589Z includeif.gitdir:/home/runner/work/prismTask/prismTask/.git.path
2026-05-14T05:46:23.1898567Z includeif.gitdir:/home/runner/work/prismTask/prismTask/.git/worktrees/*.path
2026-05-14T05:46:23.1899390Z includeif.gitdir:/github/workspace/.git.path
2026-05-14T05:46:23.1900023Z includeif.gitdir:/github/workspace/.git/worktrees/*.path
2026-05-14T05:46:23.1907955Z [command]/usr/bin/git config --local --get-all includeif.gitdir:/home/runner/work/prismTask/prismTask/.git.path
2026-05-14T05:46:23.1932102Z /home/runner/work/_temp/git-credentials-6594634b-929b-4bd4-aeaf-1249eef2d0c9.config
2026-05-14T05:46:23.1943181Z [command]/usr/bin/git config --local --unset includeif.gitdir:/home/runner/work/prismTask/prismTask/.git.path /home/runner/work/_temp/git-credentials-6594634b-929b-4bd4-aeaf-1249eef2d0c9.config
2026-05-14T05:46:23.1980533Z [command]/usr/bin/git config --local --get-all includeif.gitdir:/home/runner/work/prismTask/prismTask/.git/worktrees/*.path
2026-05-14T05:46:23.2003283Z /home/runner/work/_temp/git-credentials-6594634b-929b-4bd4-aeaf-1249eef2d0c9.config
2026-05-14T05:46:23.2012539Z [command]/usr/bin/git config --local --unset includeif.gitdir:/home/runner/work/prismTask/prismTask/.git/worktrees/*.path /home/runner/work/_temp/git-credentials-6594634b-929b-4bd4-aeaf-1249eef2d0c9.config
2026-05-14T05:46:23.2044146Z [command]/usr/bin/git config --local --get-all includeif.gitdir:/github/workspace/.git.path
2026-05-14T05:46:23.2066271Z /github/runner_temp/git-credentials-6594634b-929b-4bd4-aeaf-1249eef2d0c9.config
2026-05-14T05:46:23.2073511Z [command]/usr/bin/git config --local --unset includeif.gitdir:/github/workspace/.git.path /github/runner_temp/git-credentials-6594634b-929b-4bd4-aeaf-1249eef2d0c9.config
2026-05-14T05:46:23.2105738Z [command]/usr/bin/git config --local --get-all includeif.gitdir:/github/workspace/.git/worktrees/*.path
2026-05-14T05:46:23.2127012Z /github/runner_temp/git-credentials-6594634b-929b-4bd4-aeaf-1249eef2d0c9.config
2026-05-14T05:46:23.2135483Z [command]/usr/bin/git config --local --unset includeif.gitdir:/github/workspace/.git/worktrees/*.path /github/runner_temp/git-credentials-6594634b-929b-4bd4-aeaf-1249eef2d0c9.config
2026-05-14T05:46:23.2167815Z [command]/usr/bin/git submodule foreach --recursive git config --local --show-origin --name-only --get-regexp remote.origin.url
2026-05-14T05:46:23.2399900Z Removing credentials config '/home/runner/work/_temp/git-credentials-6594634b-929b-4bd4-aeaf-1249eef2d0c9.config'
2026-05-14T05:46:23.2551973Z Cleaning up orphan processes
