=== CI FAILURE ===
Workflow:      Android CI
Workflow file: averycorp/prismTask/.github/workflows/android-ci.yml@refs/pull/1345/merge
Job(s):        autofix
Run ID:        25838948956
Run attempt:   1
Run URL:       https://github.com/averycorp/prismTask/actions/runs/25838948956
Commit:        a611e511706059c7f1068be9d2a1c7b63963efdf
Branch:        1345/merge
Event:         pull_request
Actor:         akarlin3
Runner OS:     Linux
Timestamp:     2026-05-14T02:57:15.804Z

Failed steps:
  - autofix: #2 Run actions/checkout@v6

=== FAILED JOB LOG ===

--- Job: autofix (id 75919893295) ---
2026-05-14T02:56:48.3879566Z Current runner version: '2.334.0'
2026-05-14T02:56:48.3903588Z ##[group]Runner Image Provisioner
2026-05-14T02:56:48.3904430Z Hosted Compute Agent
2026-05-14T02:56:48.3905062Z Version: 20260213.493
2026-05-14T02:56:48.3905684Z Commit: 5c115507f6dd24b8de37d8bbe0bb4509d0cc0fa3
2026-05-14T02:56:48.3906386Z Build Date: 2026-02-13T00:28:41Z
2026-05-14T02:56:48.3907645Z Worker ID: {a02f844e-0719-47de-a397-55487a84a7c3}
2026-05-14T02:56:48.3908465Z Azure Region: eastus2
2026-05-14T02:56:48.3909069Z ##[endgroup]
2026-05-14T02:56:48.3910617Z ##[group]Operating System
2026-05-14T02:56:48.3911193Z Ubuntu
2026-05-14T02:56:48.3911666Z 24.04.4
2026-05-14T02:56:48.3912206Z LTS
2026-05-14T02:56:48.3912638Z ##[endgroup]
2026-05-14T02:56:48.3913180Z ##[group]Runner Image
2026-05-14T02:56:48.3913770Z Image: ubuntu-24.04
2026-05-14T02:56:48.3914264Z Version: 20260413.86.1
2026-05-14T02:56:48.3915499Z Included Software: https://github.com/actions/runner-images/blob/ubuntu24/20260413.86/images/ubuntu/Ubuntu2404-Readme.md
2026-05-14T02:56:48.3917336Z Image Release: https://github.com/actions/runner-images/releases/tag/ubuntu24%2F20260413.86
2026-05-14T02:56:48.3918336Z ##[endgroup]
2026-05-14T02:56:48.3919630Z ##[group]GITHUB_TOKEN Permissions
2026-05-14T02:56:48.3921733Z Actions: read
2026-05-14T02:56:48.3922370Z Checks: read
2026-05-14T02:56:48.3922890Z Contents: write
2026-05-14T02:56:48.3923415Z Metadata: read
2026-05-14T02:56:48.3923986Z PullRequests: read
2026-05-14T02:56:48.3924545Z ##[endgroup]
2026-05-14T02:56:48.3927078Z Secret source: Actions
2026-05-14T02:56:48.3928162Z Prepare workflow directory
2026-05-14T02:56:48.4262304Z Prepare all required actions
2026-05-14T02:56:48.4300202Z Getting action download info
2026-05-14T02:56:48.7963988Z Download action repository 'actions/checkout@v6' (SHA:de0fac2e4500dabe0009e67214ff5f5447ce83dd)
2026-05-14T02:56:48.9231912Z Download action repository 'dorny/paths-filter@v4' (SHA:fbd0ab8f3e69293af611ebaee6363fc25e6d187d)
2026-05-14T02:56:49.0731094Z Download action repository 'actions/cache@v5' (SHA:27d5ce7f107fe9357f9df03efb73ab90386fccae)
2026-05-14T02:56:49.4514089Z Complete job name: autofix
2026-05-14T02:56:49.5276361Z ##[group]Run actions/checkout@v6
2026-05-14T02:56:49.5277541Z with:
2026-05-14T02:56:49.5278486Z   token: ***
2026-05-14T02:56:49.5278906Z   ref: feat/web-leisure-rest-client
2026-05-14T02:56:49.5279408Z   fetch-depth: 0
2026-05-14T02:56:49.5279825Z   repository: averycorp/prismTask
2026-05-14T02:56:49.5280310Z   ssh-strict: true
2026-05-14T02:56:49.5280709Z   ssh-user: git
2026-05-14T02:56:49.5281122Z   persist-credentials: true
2026-05-14T02:56:49.5281561Z   clean: true
2026-05-14T02:56:49.5281960Z   sparse-checkout-cone-mode: true
2026-05-14T02:56:49.5282453Z   fetch-tags: false
2026-05-14T02:56:49.5282854Z   show-progress: true
2026-05-14T02:56:49.5283284Z   lfs: false
2026-05-14T02:56:49.5283666Z   submodules: false
2026-05-14T02:56:49.5284081Z   set-safe-directory: true
2026-05-14T02:56:49.5284766Z ##[endgroup]
2026-05-14T02:56:49.6285435Z Syncing repository: averycorp/prismTask
2026-05-14T02:56:49.6287595Z ##[group]Getting Git version info
2026-05-14T02:56:49.6288412Z Working directory is '/home/runner/work/prismTask/prismTask'
2026-05-14T02:56:49.6289410Z [command]/usr/bin/git version
2026-05-14T02:56:49.6318748Z git version 2.53.0
2026-05-14T02:56:49.6341704Z ##[endgroup]
2026-05-14T02:56:49.6358235Z Temporarily overriding HOME='/home/runner/work/_temp/88d17ca1-d9f4-4952-ad9c-bc9871a4f181' before making global git config changes
2026-05-14T02:56:49.6360494Z Adding repository directory to the temporary git global config as a safe directory
2026-05-14T02:56:49.6363724Z [command]/usr/bin/git config --global --add safe.directory /home/runner/work/prismTask/prismTask
2026-05-14T02:56:49.6396492Z Deleting the contents of '/home/runner/work/prismTask/prismTask'
2026-05-14T02:56:49.6400964Z ##[group]Initializing the repository
2026-05-14T02:56:49.6405578Z [command]/usr/bin/git init /home/runner/work/prismTask/prismTask
2026-05-14T02:56:49.6479601Z hint: Using 'master' as the name for the initial branch. This default branch name
2026-05-14T02:56:49.6481513Z hint: will change to "main" in Git 3.0. To configure the initial branch name
2026-05-14T02:56:49.6482990Z hint: to use in all of your new repositories, which will suppress this warning,
2026-05-14T02:56:49.6483840Z hint: call:
2026-05-14T02:56:49.6484234Z hint:
2026-05-14T02:56:49.6484746Z hint: 	git config --global init.defaultBranch <name>
2026-05-14T02:56:49.6485350Z hint:
2026-05-14T02:56:49.6485914Z hint: Names commonly chosen instead of 'master' are 'main', 'trunk' and
2026-05-14T02:56:49.6487339Z hint: 'development'. The just-created branch can be renamed via this command:
2026-05-14T02:56:49.6488326Z hint:
2026-05-14T02:56:49.6488736Z hint: 	git branch -m <name>
2026-05-14T02:56:49.6489202Z hint:
2026-05-14T02:56:49.6489822Z hint: Disable this message with "git config set advice.defaultBranchName false"
2026-05-14T02:56:49.6491048Z Initialized empty Git repository in /home/runner/work/prismTask/prismTask/.git/
2026-05-14T02:56:49.6493498Z [command]/usr/bin/git remote add origin https://github.com/averycorp/prismTask
2026-05-14T02:56:49.6523004Z ##[endgroup]
2026-05-14T02:56:49.6524308Z ##[group]Disabling automatic garbage collection
2026-05-14T02:56:49.6527274Z [command]/usr/bin/git config --local gc.auto 0
2026-05-14T02:56:49.6555741Z ##[endgroup]
2026-05-14T02:56:49.6557030Z ##[group]Setting up auth
2026-05-14T02:56:49.6557857Z Removing SSH command configuration
2026-05-14T02:56:49.6562574Z [command]/usr/bin/git config --local --name-only --get-regexp core\.sshCommand
2026-05-14T02:56:49.6593784Z [command]/usr/bin/git submodule foreach --recursive sh -c "git config --local --name-only --get-regexp 'core\.sshCommand' && git config --local --unset-all 'core.sshCommand' || :"
2026-05-14T02:56:49.6865273Z Removing HTTP extra header
2026-05-14T02:56:49.6870339Z [command]/usr/bin/git config --local --name-only --get-regexp http\.https\:\/\/github\.com\/\.extraheader
2026-05-14T02:56:49.6900157Z [command]/usr/bin/git submodule foreach --recursive sh -c "git config --local --name-only --get-regexp 'http\.https\:\/\/github\.com\/\.extraheader' && git config --local --unset-all 'http.https://github.com/.extraheader' || :"
2026-05-14T02:56:49.7111024Z Removing includeIf entries pointing to credentials config files
2026-05-14T02:56:49.7117108Z [command]/usr/bin/git config --local --name-only --get-regexp ^includeIf\.gitdir:
2026-05-14T02:56:49.7148327Z [command]/usr/bin/git submodule foreach --recursive git config --local --show-origin --name-only --get-regexp remote.origin.url
2026-05-14T02:56:49.7365394Z [command]/usr/bin/git config --file /home/runner/work/_temp/git-credentials-737b7017-3fcb-483c-8171-631b375d3688.config http.https://github.com/.extraheader AUTHORIZATION: basic ***
2026-05-14T02:56:49.7401836Z [command]/usr/bin/git config --local includeIf.gitdir:/home/runner/work/prismTask/prismTask/.git.path /home/runner/work/_temp/git-credentials-737b7017-3fcb-483c-8171-631b375d3688.config
2026-05-14T02:56:49.7432648Z [command]/usr/bin/git config --local includeIf.gitdir:/home/runner/work/prismTask/prismTask/.git/worktrees/*.path /home/runner/work/_temp/git-credentials-737b7017-3fcb-483c-8171-631b375d3688.config
2026-05-14T02:56:49.7462415Z [command]/usr/bin/git config --local includeIf.gitdir:/github/workspace/.git.path /github/runner_temp/git-credentials-737b7017-3fcb-483c-8171-631b375d3688.config
2026-05-14T02:56:49.7492516Z [command]/usr/bin/git config --local includeIf.gitdir:/github/workspace/.git/worktrees/*.path /github/runner_temp/git-credentials-737b7017-3fcb-483c-8171-631b375d3688.config
2026-05-14T02:56:49.7521430Z ##[endgroup]
2026-05-14T02:56:49.7522496Z ##[group]Fetching the repository
2026-05-14T02:56:49.7529195Z [command]/usr/bin/git -c protocol.version=2 fetch --no-tags --prune --no-recurse-submodules origin +refs/heads/*:refs/remotes/origin/* +refs/tags/*:refs/tags/*
2026-05-14T02:57:08.5188983Z From https://github.com/averycorp/prismTask
2026-05-14T02:57:08.5189862Z  * [new branch]        ci-logs         -> origin/ci-logs
2026-05-14T02:57:08.5191255Z  * [new branch]        main            -> origin/main
2026-05-14T02:57:08.5192232Z  * [new branch]        v0.1.0-legacy   -> origin/v0.1.0-legacy
2026-05-14T02:57:08.5193015Z  * [new branch]        v0.2.0-legacy   -> origin/v0.2.0-legacy
2026-05-14T02:57:08.5193778Z  * [new branch]        v0.3.0-legacy   -> origin/v0.3.0-legacy
2026-05-14T02:57:08.5194560Z  * [new branch]        v0.4.0-legacy   -> origin/v0.4.0-legacy
2026-05-14T02:57:08.5195330Z  * [new branch]        v0.5.0-legacy   -> origin/v0.5.0-legacy
2026-05-14T02:57:08.5196070Z  * [new branch]        v0.6.0-legacy   -> origin/v0.6.0-legacy
2026-05-14T02:57:08.5197207Z  * [new branch]        v0.7.0-legacy   -> origin/v0.7.0-legacy
2026-05-14T02:57:08.5198091Z  * [new branch]        worktree-course-name-only -> origin/worktree-course-name-only
2026-05-14T02:57:08.5199349Z  * [new branch]        worktree-leisure-categories-removable -> origin/worktree-leisure-categories-removable
2026-05-14T02:57:08.5200581Z  * [new branch]        worktree-recheck-recurring -> origin/worktree-recheck-recurring
2026-05-14T02:57:08.5202136Z  * [new branch]        worktree-remove-leisure-minimum-from-daily-essentials -> origin/worktree-remove-leisure-minimum-from-daily-essentials
2026-05-14T02:57:08.5203434Z  * [new tag]           v0.1.0          -> v0.1.0
2026-05-14T02:57:08.5204022Z  * [new tag]           v0.2.0          -> v0.2.0
2026-05-14T02:57:08.5204576Z  * [new tag]           v0.3.0          -> v0.3.0
2026-05-14T02:57:08.5205146Z  * [new tag]           v0.4.0          -> v0.4.0
2026-05-14T02:57:08.5205706Z  * [new tag]           v0.5.0          -> v0.5.0
2026-05-14T02:57:08.5206262Z  * [new tag]           v0.7.0          -> v0.7.0
2026-05-14T02:57:08.5207095Z  * [new tag]           v0.7.12         -> v0.7.12
2026-05-14T02:57:08.5207558Z  * [new tag]           v0.7.13         -> v0.7.13
2026-05-14T02:57:08.5207934Z  * [new tag]           v0.7.14         -> v0.7.14
2026-05-14T02:57:08.5209691Z  * [new tag]           v0.7.15         -> v0.7.15
2026-05-14T02:57:08.5210321Z  * [new tag]           v0.7.16         -> v0.7.16
2026-05-14T02:57:08.5211205Z  * [new tag]           v0.7.17         -> v0.7.17
2026-05-14T02:57:08.5211862Z  * [new tag]           v0.7.17-build.2 -> v0.7.17-build.2
2026-05-14T02:57:08.5212487Z  * [new tag]           v0.7.17-build.3 -> v0.7.17-build.3
2026-05-14T02:57:08.5213112Z  * [new tag]           v0.7.17-build.4 -> v0.7.17-build.4
2026-05-14T02:57:08.5213800Z  * [new tag]           v0.7.17-build.5 -> v0.7.17-build.5
2026-05-14T02:57:08.5214519Z  * [new tag]           v0.7.17-build.6 -> v0.7.17-build.6
2026-05-14T02:57:08.5215035Z  * [new tag]           v0.7.17-build.7 -> v0.7.17-build.7
2026-05-14T02:57:08.5215712Z  * [new tag]           v0.7.17-build.8 -> v0.7.17-build.8
2026-05-14T02:57:08.5216400Z  * [new tag]           v0.7.17-build.9 -> v0.7.17-build.9
2026-05-14T02:57:08.5217310Z  * [new tag]           v0.7.18         -> v0.7.18
2026-05-14T02:57:08.5218010Z  * [new tag]           v0.7.18-build.2 -> v0.7.18-build.2
2026-05-14T02:57:08.5218714Z  * [new tag]           v0.7.18-build.3 -> v0.7.18-build.3
2026-05-14T02:57:08.5219364Z  * [new tag]           v0.7.18-build.4 -> v0.7.18-build.4
2026-05-14T02:57:08.5219955Z  * [new tag]           v0.7.19         -> v0.7.19
2026-05-14T02:57:08.5220547Z  * [new tag]           v0.7.19-build.2 -> v0.7.19-build.2
2026-05-14T02:57:08.5221138Z  * [new tag]           v0.7.20         -> v0.7.20
2026-05-14T02:57:08.5221733Z  * [new tag]           v0.7.20-build.2 -> v0.7.20-build.2
2026-05-14T02:57:08.5222361Z  * [new tag]           v0.7.20-build.3 -> v0.7.20-build.3
2026-05-14T02:57:08.5222985Z  * [new tag]           v0.7.20-build.4 -> v0.7.20-build.4
2026-05-14T02:57:08.5223582Z  * [new tag]           v0.8.0          -> v0.8.0
2026-05-14T02:57:08.5224176Z  * [new tag]           v0.8.0-build.2  -> v0.8.0-build.2
2026-05-14T02:57:08.5224766Z  * [new tag]           v0.8.1          -> v0.8.1
2026-05-14T02:57:08.5225329Z  * [new tag]           v0.8.10         -> v0.8.10
2026-05-14T02:57:08.5226114Z  * [new tag]           v0.8.11         -> v0.8.11
2026-05-14T02:57:08.5226690Z  * [new tag]           v0.8.12         -> v0.8.12
2026-05-14T02:57:08.5227481Z  * [new tag]           v0.8.13         -> v0.8.13
2026-05-14T02:57:08.5228047Z  * [new tag]           v0.8.14         -> v0.8.14
2026-05-14T02:57:08.5228603Z  * [new tag]           v0.8.15         -> v0.8.15
2026-05-14T02:57:08.5229168Z  * [new tag]           v0.8.2          -> v0.8.2
2026-05-14T02:57:08.5229715Z  * [new tag]           v0.8.3          -> v0.8.3
2026-05-14T02:57:08.5230271Z  * [new tag]           v0.8.4          -> v0.8.4
2026-05-14T02:57:08.5230826Z  * [new tag]           v0.8.5          -> v0.8.5
2026-05-14T02:57:08.5231376Z  * [new tag]           v0.8.6          -> v0.8.6
2026-05-14T02:57:08.5231930Z  * [new tag]           v0.8.7          -> v0.8.7
2026-05-14T02:57:08.5232483Z  * [new tag]           v0.8.8          -> v0.8.8
2026-05-14T02:57:08.5233037Z  * [new tag]           v0.8.9          -> v0.8.9
2026-05-14T02:57:08.5233594Z  * [new tag]           v0.9.1          -> v0.9.1
2026-05-14T02:57:08.5234165Z  * [new tag]           v0.9.2          -> v0.9.2
2026-05-14T02:57:08.5234719Z  * [new tag]           v1.0.1          -> v1.0.1
2026-05-14T02:57:08.5235273Z  * [new tag]           v1.0.10         -> v1.0.10
2026-05-14T02:57:08.5235853Z  * [new tag]           v1.0.11         -> v1.0.11
2026-05-14T02:57:08.5236465Z  * [new tag]           v1.0.12         -> v1.0.12
2026-05-14T02:57:08.5237320Z  * [new tag]           v1.0.13         -> v1.0.13
2026-05-14T02:57:08.5237956Z  * [new tag]           v1.0.2          -> v1.0.2
2026-05-14T02:57:08.5238537Z  * [new tag]           v1.0.3          -> v1.0.3
2026-05-14T02:57:08.5239092Z  * [new tag]           v1.0.4          -> v1.0.4
2026-05-14T02:57:08.5239647Z  * [new tag]           v1.0.5          -> v1.0.5
2026-05-14T02:57:08.5240202Z  * [new tag]           v1.0.6          -> v1.0.6
2026-05-14T02:57:08.5240755Z  * [new tag]           v1.0.7          -> v1.0.7
2026-05-14T02:57:08.5241302Z  * [new tag]           v1.0.8          -> v1.0.8
2026-05-14T02:57:08.5242050Z  * [new tag]           v1.0.9          -> v1.0.9
2026-05-14T02:57:08.5242623Z  * [new tag]           v1.1.1          -> v1.1.1
2026-05-14T02:57:08.5243224Z  * [new tag]           v1.1.1-build.2  -> v1.1.1-build.2
2026-05-14T02:57:08.5243868Z  * [new tag]           v1.1.1-build.3  -> v1.1.1-build.3
2026-05-14T02:57:08.5244506Z  * [new tag]           v1.1.1-build.4  -> v1.1.1-build.4
2026-05-14T02:57:08.5245121Z  * [new tag]           v1.1.10         -> v1.1.10
2026-05-14T02:57:08.5245768Z  * [new tag]           v1.1.11         -> v1.1.11
2026-05-14T02:57:08.5246347Z  * [new tag]           v1.1.12         -> v1.1.12
2026-05-14T02:57:08.5247511Z  * [new tag]           v1.1.2          -> v1.1.2
2026-05-14T02:57:08.5248108Z  * [new tag]           v1.1.3          -> v1.1.3
2026-05-14T02:57:08.5248695Z  * [new tag]           v1.1.4          -> v1.1.4
2026-05-14T02:57:08.5249277Z  * [new tag]           v1.1.5          -> v1.1.5
2026-05-14T02:57:08.5249870Z  * [new tag]           v1.1.6          -> v1.1.6
2026-05-14T02:57:08.5250443Z  * [new tag]           v1.1.7          -> v1.1.7
2026-05-14T02:57:08.5250980Z  * [new tag]           v1.1.8          -> v1.1.8
2026-05-14T02:57:08.5251322Z  * [new tag]           v1.1.9          -> v1.1.9
2026-05-14T02:57:08.5251648Z  * [new tag]           v1.3.0          -> v1.3.0
2026-05-14T02:57:08.5251981Z  * [new tag]           v1.3.1          -> v1.3.1
2026-05-14T02:57:08.5252331Z  * [new tag]           v1.3.10         -> v1.3.10
2026-05-14T02:57:08.5252666Z  * [new tag]           v1.3.11         -> v1.3.11
2026-05-14T02:57:08.5253027Z  * [new tag]           v1.3.11-build.2 -> v1.3.11-build.2
2026-05-14T02:57:08.5253384Z  * [new tag]           v1.3.12         -> v1.3.12
2026-05-14T02:57:08.5253724Z  * [new tag]           v1.3.13         -> v1.3.13
2026-05-14T02:57:08.5254077Z  * [new tag]           v1.3.13-build.2 -> v1.3.13-build.2
2026-05-14T02:57:08.5254435Z  * [new tag]           v1.3.14         -> v1.3.14
2026-05-14T02:57:08.5254927Z  * [new tag]           v1.3.15         -> v1.3.15
2026-05-14T02:57:08.5255261Z  * [new tag]           v1.3.16         -> v1.3.16
2026-05-14T02:57:08.5255596Z  * [new tag]           v1.3.17         -> v1.3.17
2026-05-14T02:57:08.5255934Z  * [new tag]           v1.3.18         -> v1.3.18
2026-05-14T02:57:08.5256264Z  * [new tag]           v1.3.19         -> v1.3.19
2026-05-14T02:57:08.5256603Z  * [new tag]           v1.3.2          -> v1.3.2
2026-05-14T02:57:08.5257410Z  * [new tag]           v1.3.20         -> v1.3.20
2026-05-14T02:57:08.5258051Z  * [new tag]           v1.3.21         -> v1.3.21
2026-05-14T02:57:08.5258687Z  * [new tag]           v1.3.22         -> v1.3.22
2026-05-14T02:57:08.5260396Z  * [new tag]           v1.3.23         -> v1.3.23
2026-05-14T02:57:08.5261127Z  * [new tag]           v1.3.24         -> v1.3.24
2026-05-14T02:57:08.5261813Z  * [new tag]           v1.3.25         -> v1.3.25
2026-05-14T02:57:08.5262478Z  * [new tag]           v1.3.26         -> v1.3.26
2026-05-14T02:57:08.5263088Z  * [new tag]           v1.3.27         -> v1.3.27
2026-05-14T02:57:08.5263666Z  * [new tag]           v1.3.28         -> v1.3.28
2026-05-14T02:57:08.5264242Z  * [new tag]           v1.3.29         -> v1.3.29
2026-05-14T02:57:08.5264818Z  * [new tag]           v1.3.3          -> v1.3.3
2026-05-14T02:57:08.5265390Z  * [new tag]           v1.3.30         -> v1.3.30
2026-05-14T02:57:08.5265960Z  * [new tag]           v1.3.31         -> v1.3.31
2026-05-14T02:57:08.5266533Z  * [new tag]           v1.3.32         -> v1.3.32
2026-05-14T02:57:08.5267378Z  * [new tag]           v1.3.33         -> v1.3.33
2026-05-14T02:57:08.5267985Z  * [new tag]           v1.3.34         -> v1.3.34
2026-05-14T02:57:08.5268567Z  * [new tag]           v1.3.35         -> v1.3.35
2026-05-14T02:57:08.5269141Z  * [new tag]           v1.3.36         -> v1.3.36
2026-05-14T02:57:08.5269716Z  * [new tag]           v1.3.37         -> v1.3.37
2026-05-14T02:57:08.5270295Z  * [new tag]           v1.3.38         -> v1.3.38
2026-05-14T02:57:08.5270880Z  * [new tag]           v1.3.39         -> v1.3.39
2026-05-14T02:57:08.5337154Z  * [new tag]           v1.3.4          -> v1.3.4
2026-05-14T02:57:08.5338074Z  * [new tag]           v1.3.40         -> v1.3.40
2026-05-14T02:57:08.5338742Z  * [new tag]           v1.3.41         -> v1.3.41
2026-05-14T02:57:08.5339424Z  * [new tag]           v1.3.42         -> v1.3.42
2026-05-14T02:57:08.5340071Z  * [new tag]           v1.3.43         -> v1.3.43
2026-05-14T02:57:08.5340656Z  * [new tag]           v1.3.44         -> v1.3.44
2026-05-14T02:57:08.5341236Z  * [new tag]           v1.3.45         -> v1.3.45
2026-05-14T02:57:08.5341817Z  * [new tag]           v1.3.46         -> v1.3.46
2026-05-14T02:57:08.5342430Z  * [new tag]           v1.3.47         -> v1.3.47
2026-05-14T02:57:08.5343038Z  * [new tag]           v1.3.48         -> v1.3.48
2026-05-14T02:57:08.5343642Z  * [new tag]           v1.3.49         -> v1.3.49
2026-05-14T02:57:08.5344187Z  * [new tag]           v1.3.5          -> v1.3.5
2026-05-14T02:57:08.5344596Z  * [new tag]           v1.3.5-build.2  -> v1.3.5-build.2
2026-05-14T02:57:08.5344961Z  * [new tag]           v1.3.50         -> v1.3.50
2026-05-14T02:57:08.5345316Z  * [new tag]           v1.3.51         -> v1.3.51
2026-05-14T02:57:08.5345660Z  * [new tag]           v1.3.52         -> v1.3.52
2026-05-14T02:57:08.5345994Z  * [new tag]           v1.3.53         -> v1.3.53
2026-05-14T02:57:08.5346320Z  * [new tag]           v1.3.54         -> v1.3.54
2026-05-14T02:57:08.5346653Z  * [new tag]           v1.3.55         -> v1.3.55
2026-05-14T02:57:08.5347369Z  * [new tag]           v1.3.56         -> v1.3.56
2026-05-14T02:57:08.5347711Z  * [new tag]           v1.3.57         -> v1.3.57
2026-05-14T02:57:08.5348045Z  * [new tag]           v1.3.58         -> v1.3.58
2026-05-14T02:57:08.5348375Z  * [new tag]           v1.3.59         -> v1.3.59
2026-05-14T02:57:08.5348712Z  * [new tag]           v1.3.6          -> v1.3.6
2026-05-14T02:57:08.5349047Z  * [new tag]           v1.3.60         -> v1.3.60
2026-05-14T02:57:08.5349577Z  * [new tag]           v1.3.61         -> v1.3.61
2026-05-14T02:57:08.5349928Z  * [new tag]           v1.3.62         -> v1.3.62
2026-05-14T02:57:08.5350272Z  * [new tag]           v1.3.7          -> v1.3.7
2026-05-14T02:57:08.5350613Z  * [new tag]           v1.3.8          -> v1.3.8
2026-05-14T02:57:08.5350939Z  * [new tag]           v1.3.9          -> v1.3.9
2026-05-14T02:57:08.5351283Z  * [new tag]           v1.4.40         -> v1.4.40
2026-05-14T02:57:08.5351618Z  * [new tag]           v1.5.0          -> v1.5.0
2026-05-14T02:57:08.5351944Z  * [new tag]           v1.5.2          -> v1.5.2
2026-05-14T02:57:08.5352265Z  * [new tag]           v1.5.3          -> v1.5.3
2026-05-14T02:57:08.5352596Z  * [new tag]           v1.6.0          -> v1.6.0
2026-05-14T02:57:08.5352926Z  * [new tag]           v1.7.0          -> v1.7.0
2026-05-14T02:57:08.5353251Z  * [new tag]           v1.7.37         -> v1.7.37
2026-05-14T02:57:08.5353588Z  * [new tag]           v1.7.38         -> v1.7.38
2026-05-14T02:57:08.5353923Z  * [new tag]           v1.7.39         -> v1.7.39
2026-05-14T02:57:08.5354248Z  * [new tag]           v1.7.40         -> v1.7.40
2026-05-14T02:57:08.5354578Z  * [new tag]           v1.7.41         -> v1.7.41
2026-05-14T02:57:08.5354935Z  * [new tag]           v1.7.42         -> v1.7.42
2026-05-14T02:57:08.5355339Z  * [new tag]           v1.7.43         -> v1.7.43
2026-05-14T02:57:08.5355682Z  * [new tag]           v1.7.44         -> v1.7.44
2026-05-14T02:57:08.5356035Z  * [new tag]           v1.7.45         -> v1.7.45
2026-05-14T02:57:08.5356357Z  * [new tag]           v1.7.46         -> v1.7.46
2026-05-14T02:57:08.5356684Z  * [new tag]           v1.7.47         -> v1.7.47
2026-05-14T02:57:08.5357179Z  * [new tag]           v1.7.48         -> v1.7.48
2026-05-14T02:57:08.5357521Z  * [new tag]           v1.7.49         -> v1.7.49
2026-05-14T02:57:08.5357851Z  * [new tag]           v1.7.50         -> v1.7.50
2026-05-14T02:57:08.5358177Z  * [new tag]           v1.7.51         -> v1.7.51
2026-05-14T02:57:08.5358520Z  * [new tag]           v1.7.52         -> v1.7.52
2026-05-14T02:57:08.5359031Z  * [new tag]           v1.7.53         -> v1.7.53
2026-05-14T02:57:08.5359368Z  * [new tag]           v1.7.54         -> v1.7.54
2026-05-14T02:57:08.5359697Z  * [new tag]           v1.7.55         -> v1.7.55
2026-05-14T02:57:08.5360024Z  * [new tag]           v1.7.56         -> v1.7.56
2026-05-14T02:57:08.5360348Z  * [new tag]           v1.7.57         -> v1.7.57
2026-05-14T02:57:08.5360665Z  * [new tag]           v1.7.58         -> v1.7.58
2026-05-14T02:57:08.5360992Z  * [new tag]           v1.7.59         -> v1.7.59
2026-05-14T02:57:08.5361316Z  * [new tag]           v1.7.60         -> v1.7.60
2026-05-14T02:57:08.5361638Z  * [new tag]           v1.7.61         -> v1.7.61
2026-05-14T02:57:08.5361967Z  * [new tag]           v1.7.62         -> v1.7.62
2026-05-14T02:57:08.5362295Z  * [new tag]           v1.7.63         -> v1.7.63
2026-05-14T02:57:08.5362617Z  * [new tag]           v1.7.64         -> v1.7.64
2026-05-14T02:57:08.5362947Z  * [new tag]           v1.7.65         -> v1.7.65
2026-05-14T02:57:08.5363281Z  * [new tag]           v1.7.66         -> v1.7.66
2026-05-14T02:57:08.5363622Z  * [new tag]           v1.7.67         -> v1.7.67
2026-05-14T02:57:08.5363953Z  * [new tag]           v1.7.68         -> v1.7.68
2026-05-14T02:57:08.5364274Z  * [new tag]           v1.7.69         -> v1.7.69
2026-05-14T02:57:08.5364597Z  * [new tag]           v1.7.70         -> v1.7.70
2026-05-14T02:57:08.5364924Z  * [new tag]           v1.7.71         -> v1.7.71
2026-05-14T02:57:08.5365242Z  * [new tag]           v1.7.72         -> v1.7.72
2026-05-14T02:57:08.5365573Z  * [new tag]           v1.7.73         -> v1.7.73
2026-05-14T02:57:08.5365905Z  * [new tag]           v1.7.74         -> v1.7.74
2026-05-14T02:57:08.5366229Z  * [new tag]           v1.7.75         -> v1.7.75
2026-05-14T02:57:08.5366560Z  * [new tag]           v1.7.76         -> v1.7.76
2026-05-14T02:57:08.5367065Z  * [new tag]           v1.7.77         -> v1.7.77
2026-05-14T02:57:08.5367549Z  * [new tag]           v1.7.78         -> v1.7.78
2026-05-14T02:57:08.5367884Z  * [new tag]           v1.7.79         -> v1.7.79
2026-05-14T02:57:08.5368216Z  * [new tag]           v1.7.80         -> v1.7.80
2026-05-14T02:57:08.5368541Z  * [new tag]           v1.7.81         -> v1.7.81
2026-05-14T02:57:08.5368858Z  * [new tag]           v1.7.82         -> v1.7.82
2026-05-14T02:57:08.5369184Z  * [new tag]           v1.7.83         -> v1.7.83
2026-05-14T02:57:08.5369519Z  * [new tag]           v1.7.84         -> v1.7.84
2026-05-14T02:57:08.5369838Z  * [new tag]           v1.7.85         -> v1.7.85
2026-05-14T02:57:08.5370167Z  * [new tag]           v1.7.86         -> v1.7.86
2026-05-14T02:57:08.5370499Z  * [new tag]           v1.7.87         -> v1.7.87
2026-05-14T02:57:08.5370820Z  * [new tag]           v1.7.90         -> v1.7.90
2026-05-14T02:57:08.5371146Z  * [new tag]           v1.7.92         -> v1.7.92
2026-05-14T02:57:08.5371471Z  * [new tag]           v1.7.93         -> v1.7.93
2026-05-14T02:57:08.5371804Z  * [new tag]           v1.7.94         -> v1.7.94
2026-05-14T02:57:08.5372137Z  * [new tag]           v1.7.95         -> v1.7.95
2026-05-14T02:57:08.5372465Z  * [new tag]           v1.7.96         -> v1.7.96
2026-05-14T02:57:08.5372792Z  * [new tag]           v1.7.97         -> v1.7.97
2026-05-14T02:57:08.5373114Z  * [new tag]           v1.8.0          -> v1.8.0
2026-05-14T02:57:08.5373448Z  * [new tag]           v1.8.1          -> v1.8.1
2026-05-14T02:57:08.5373777Z  * [new tag]           v1.8.10         -> v1.8.10
2026-05-14T02:57:08.5374099Z  * [new tag]           v1.8.11         -> v1.8.11
2026-05-14T02:57:08.5374431Z  * [new tag]           v1.8.12         -> v1.8.12
2026-05-14T02:57:08.5374758Z  * [new tag]           v1.8.14         -> v1.8.14
2026-05-14T02:57:08.5375080Z  * [new tag]           v1.8.15         -> v1.8.15
2026-05-14T02:57:08.5375410Z  * [new tag]           v1.8.16         -> v1.8.16
2026-05-14T02:57:08.5375738Z  * [new tag]           v1.8.17         -> v1.8.17
2026-05-14T02:57:08.5376061Z  * [new tag]           v1.8.18         -> v1.8.18
2026-05-14T02:57:08.5376502Z  * [new tag]           v1.8.19         -> v1.8.19
2026-05-14T02:57:08.5377224Z  * [new tag]           v1.8.2          -> v1.8.2
2026-05-14T02:57:08.5377642Z  * [new tag]           v1.8.20         -> v1.8.20
2026-05-14T02:57:08.5377984Z  * [new tag]           v1.8.21         -> v1.8.21
2026-05-14T02:57:08.5378318Z  * [new tag]           v1.8.22         -> v1.8.22
2026-05-14T02:57:08.5378646Z  * [new tag]           v1.8.23         -> v1.8.23
2026-05-14T02:57:08.5378973Z  * [new tag]           v1.8.24         -> v1.8.24
2026-05-14T02:57:08.5379302Z  * [new tag]           v1.8.25         -> v1.8.25
2026-05-14T02:57:08.5379622Z  * [new tag]           v1.8.26         -> v1.8.26
2026-05-14T02:57:08.5379942Z  * [new tag]           v1.8.27         -> v1.8.27
2026-05-14T02:57:08.5380272Z  * [new tag]           v1.8.28         -> v1.8.28
2026-05-14T02:57:08.5380586Z  * [new tag]           v1.8.29         -> v1.8.29
2026-05-14T02:57:08.5380927Z  * [new tag]           v1.8.3          -> v1.8.3
2026-05-14T02:57:08.5381261Z  * [new tag]           v1.8.30         -> v1.8.30
2026-05-14T02:57:08.5381583Z  * [new tag]           v1.8.31         -> v1.8.31
2026-05-14T02:57:08.5381912Z  * [new tag]           v1.8.32         -> v1.8.32
2026-05-14T02:57:08.5382235Z  * [new tag]           v1.8.33         -> v1.8.33
2026-05-14T02:57:08.5382558Z  * [new tag]           v1.8.34         -> v1.8.34
2026-05-14T02:57:08.5382875Z  * [new tag]           v1.8.35         -> v1.8.35
2026-05-14T02:57:08.5383196Z  * [new tag]           v1.8.36         -> v1.8.36
2026-05-14T02:57:08.5383518Z  * [new tag]           v1.8.37         -> v1.8.37
2026-05-14T02:57:08.5383835Z  * [new tag]           v1.8.38         -> v1.8.38
2026-05-14T02:57:08.5384158Z  * [new tag]           v1.8.39         -> v1.8.39
2026-05-14T02:57:08.5384486Z  * [new tag]           v1.8.4          -> v1.8.4
2026-05-14T02:57:08.5384804Z  * [new tag]           v1.8.40         -> v1.8.40
2026-05-14T02:57:08.5385290Z  * [new tag]           v1.8.41         -> v1.8.41
2026-05-14T02:57:08.5385619Z  * [new tag]           v1.8.42         -> v1.8.42
2026-05-14T02:57:08.5385936Z  * [new tag]           v1.8.43         -> v1.8.43
2026-05-14T02:57:08.5386257Z  * [new tag]           v1.8.44         -> v1.8.44
2026-05-14T02:57:08.5386579Z  * [new tag]           v1.8.45         -> v1.8.45
2026-05-14T02:57:08.5387214Z  * [new tag]           v1.8.46         -> v1.8.46
2026-05-14T02:57:08.5387552Z  * [new tag]           v1.8.47         -> v1.8.47
2026-05-14T02:57:08.5387886Z  * [new tag]           v1.8.48         -> v1.8.48
2026-05-14T02:57:08.5388213Z  * [new tag]           v1.8.49         -> v1.8.49
2026-05-14T02:57:08.5388532Z  * [new tag]           v1.8.5          -> v1.8.5
2026-05-14T02:57:08.5388861Z  * [new tag]           v1.8.50         -> v1.8.50
2026-05-14T02:57:08.5389186Z  * [new tag]           v1.8.51         -> v1.8.51
2026-05-14T02:57:08.5389504Z  * [new tag]           v1.8.52         -> v1.8.52
2026-05-14T02:57:08.5389836Z  * [new tag]           v1.8.53         -> v1.8.53
2026-05-14T02:57:08.5390169Z  * [new tag]           v1.8.54         -> v1.8.54
2026-05-14T02:57:08.5390490Z  * [new tag]           v1.8.6          -> v1.8.6
2026-05-14T02:57:08.5390819Z  * [new tag]           v1.8.7          -> v1.8.7
2026-05-14T02:57:08.5391146Z  * [new tag]           v1.8.8          -> v1.8.8
2026-05-14T02:57:08.5391463Z  * [new tag]           v1.8.9          -> v1.8.9
2026-05-14T02:57:08.5391786Z  * [new tag]           v1.9.1          -> v1.9.1
2026-05-14T02:57:08.5392104Z  * [new tag]           v1.9.10         -> v1.9.10
2026-05-14T02:57:08.5392422Z  * [new tag]           v1.9.11         -> v1.9.11
2026-05-14T02:57:08.5392748Z  * [new tag]           v1.9.12         -> v1.9.12
2026-05-14T02:57:08.5393075Z  * [new tag]           v1.9.13         -> v1.9.13
2026-05-14T02:57:08.5393403Z  * [new tag]           v1.9.14         -> v1.9.14
2026-05-14T02:57:08.5393721Z  * [new tag]           v1.9.15         -> v1.9.15
2026-05-14T02:57:08.5394056Z  * [new tag]           v1.9.16         -> v1.9.16
2026-05-14T02:57:08.5394530Z  * [new tag]           v1.9.18         -> v1.9.18
2026-05-14T02:57:08.5394865Z  * [new tag]           v1.9.19         -> v1.9.19
2026-05-14T02:57:08.5395189Z  * [new tag]           v1.9.2          -> v1.9.2
2026-05-14T02:57:08.5395517Z  * [new tag]           v1.9.20         -> v1.9.20
2026-05-14T02:57:08.5395840Z  * [new tag]           v1.9.21         -> v1.9.21
2026-05-14T02:57:08.5396167Z  * [new tag]           v1.9.22         -> v1.9.22
2026-05-14T02:57:08.5396490Z  * [new tag]           v1.9.23         -> v1.9.23
2026-05-14T02:57:08.5397013Z  * [new tag]           v1.9.24         -> v1.9.24
2026-05-14T02:57:08.5397353Z  * [new tag]           v1.9.3          -> v1.9.3
2026-05-14T02:57:08.5397682Z  * [new tag]           v1.9.4          -> v1.9.4
2026-05-14T02:57:08.5398002Z  * [new tag]           v1.9.5          -> v1.9.5
2026-05-14T02:57:08.5398328Z  * [new tag]           v1.9.6          -> v1.9.6
2026-05-14T02:57:08.5398670Z  * [new tag]           v1.9.7          -> v1.9.7
2026-05-14T02:57:08.5398999Z  * [new tag]           v1.9.8          -> v1.9.8
2026-05-14T02:57:08.5399323Z  * [new tag]           v1.9.9          -> v1.9.9
2026-05-14T02:57:08.5538065Z ##[endgroup]
2026-05-14T02:57:08.5538563Z ##[group]Determining the checkout info
2026-05-14T02:57:08.5544243Z [command]/usr/bin/git branch --list --remote origin/feat/web-leisure-rest-client
2026-05-14T02:57:08.5601528Z [command]/usr/bin/git tag --list feat/web-leisure-rest-client
2026-05-14T02:57:08.5696202Z ##[error]A branch or tag with the name 'feat/web-leisure-rest-client' could not be found
2026-05-14T02:57:08.5994049Z Post job cleanup.
2026-05-14T02:57:08.6789849Z [command]/usr/bin/git version
2026-05-14T02:57:08.6825495Z git version 2.53.0
2026-05-14T02:57:08.6866461Z Temporarily overriding HOME='/home/runner/work/_temp/49e2728a-8c0a-4c3a-9e27-2bf0659b74e5' before making global git config changes
2026-05-14T02:57:08.6868880Z Adding repository directory to the temporary git global config as a safe directory
2026-05-14T02:57:08.6873055Z [command]/usr/bin/git config --global --add safe.directory /home/runner/work/prismTask/prismTask
2026-05-14T02:57:08.6903364Z Removing SSH command configuration
2026-05-14T02:57:08.6910769Z [command]/usr/bin/git config --local --name-only --get-regexp core\.sshCommand
2026-05-14T02:57:08.6969908Z [command]/usr/bin/git submodule foreach --recursive sh -c "git config --local --name-only --get-regexp 'core\.sshCommand' && git config --local --unset-all 'core.sshCommand' || :"
2026-05-14T02:57:08.7186025Z Removing HTTP extra header
2026-05-14T02:57:08.7190512Z [command]/usr/bin/git config --local --name-only --get-regexp http\.https\:\/\/github\.com\/\.extraheader
2026-05-14T02:57:08.7228256Z [command]/usr/bin/git submodule foreach --recursive sh -c "git config --local --name-only --get-regexp 'http\.https\:\/\/github\.com\/\.extraheader' && git config --local --unset-all 'http.https://github.com/.extraheader' || :"
2026-05-14T02:57:08.7461392Z Removing includeIf entries pointing to credentials config files
2026-05-14T02:57:08.7467672Z [command]/usr/bin/git config --local --name-only --get-regexp ^includeIf\.gitdir:
2026-05-14T02:57:08.7490456Z includeif.gitdir:/home/runner/work/prismTask/prismTask/.git.path
2026-05-14T02:57:08.7491729Z includeif.gitdir:/home/runner/work/prismTask/prismTask/.git/worktrees/*.path
2026-05-14T02:57:08.7492826Z includeif.gitdir:/github/workspace/.git.path
2026-05-14T02:57:08.7493717Z includeif.gitdir:/github/workspace/.git/worktrees/*.path
2026-05-14T02:57:08.7499704Z [command]/usr/bin/git config --local --get-all includeif.gitdir:/home/runner/work/prismTask/prismTask/.git.path
2026-05-14T02:57:08.7523361Z /home/runner/work/_temp/git-credentials-737b7017-3fcb-483c-8171-631b375d3688.config
2026-05-14T02:57:08.7534526Z [command]/usr/bin/git config --local --unset includeif.gitdir:/home/runner/work/prismTask/prismTask/.git.path /home/runner/work/_temp/git-credentials-737b7017-3fcb-483c-8171-631b375d3688.config
2026-05-14T02:57:08.7568418Z [command]/usr/bin/git config --local --get-all includeif.gitdir:/home/runner/work/prismTask/prismTask/.git/worktrees/*.path
2026-05-14T02:57:08.7592347Z /home/runner/work/_temp/git-credentials-737b7017-3fcb-483c-8171-631b375d3688.config
2026-05-14T02:57:08.7601068Z [command]/usr/bin/git config --local --unset includeif.gitdir:/home/runner/work/prismTask/prismTask/.git/worktrees/*.path /home/runner/work/_temp/git-credentials-737b7017-3fcb-483c-8171-631b375d3688.config
2026-05-14T02:57:08.7633181Z [command]/usr/bin/git config --local --get-all includeif.gitdir:/github/workspace/.git.path
2026-05-14T02:57:08.7654740Z /github/runner_temp/git-credentials-737b7017-3fcb-483c-8171-631b375d3688.config
2026-05-14T02:57:08.7662749Z [command]/usr/bin/git config --local --unset includeif.gitdir:/github/workspace/.git.path /github/runner_temp/git-credentials-737b7017-3fcb-483c-8171-631b375d3688.config
2026-05-14T02:57:08.7694377Z [command]/usr/bin/git config --local --get-all includeif.gitdir:/github/workspace/.git/worktrees/*.path
2026-05-14T02:57:08.7717395Z /github/runner_temp/git-credentials-737b7017-3fcb-483c-8171-631b375d3688.config
2026-05-14T02:57:08.7724842Z [command]/usr/bin/git config --local --unset includeif.gitdir:/github/workspace/.git/worktrees/*.path /github/runner_temp/git-credentials-737b7017-3fcb-483c-8171-631b375d3688.config
2026-05-14T02:57:08.7758136Z [command]/usr/bin/git submodule foreach --recursive git config --local --show-origin --name-only --get-regexp remote.origin.url
2026-05-14T02:57:08.7995450Z Removing credentials config '/home/runner/work/_temp/git-credentials-737b7017-3fcb-483c-8171-631b375d3688.config'
2026-05-14T02:57:08.8127491Z Cleaning up orphan processes
