=== CI FAILURE ===
Workflow:      Android CI
Workflow file: averycorp/prismTask/.github/workflows/android-ci.yml@refs/heads/main
Job(s):        lint-and-test
Run ID:        25531045090
Run attempt:   1
Run URL:       https://github.com/averycorp/prismTask/actions/runs/25531045090
Commit:        f613a6e368837a7907851befe4847885bd5635c7
Branch:        main
Event:         push
Actor:         akarlin3
Runner OS:     Linux
Timestamp:     2026-05-08T01:18:55.543Z

Failed steps:
  - lint-and-test: #10 Android lint — push to main (full lint incl. lintRelease) | #11 Compile androidTest sources (type-check only)

=== FAILED JOB LOG ===

--- Job: lint-and-test (id 74937239696) ---
2026-05-08T01:15:10.4584118Z Current runner version: '2.334.0'
2026-05-08T01:15:10.4609162Z ##[group]Runner Image Provisioner
2026-05-08T01:15:10.4609930Z Hosted Compute Agent
2026-05-08T01:15:10.4610638Z Version: 20260213.493
2026-05-08T01:15:10.4611227Z Commit: 5c115507f6dd24b8de37d8bbe0bb4509d0cc0fa3
2026-05-08T01:15:10.4611891Z Build Date: 2026-02-13T00:28:41Z
2026-05-08T01:15:10.4612945Z Worker ID: {124af3f5-9b74-455b-b6db-394231ffc072}
2026-05-08T01:15:10.4613641Z Azure Region: northcentralus
2026-05-08T01:15:10.4614221Z ##[endgroup]
2026-05-08T01:15:10.4615979Z ##[group]Operating System
2026-05-08T01:15:10.4616621Z Ubuntu
2026-05-08T01:15:10.4617087Z 24.04.4
2026-05-08T01:15:10.4617539Z LTS
2026-05-08T01:15:10.4618067Z ##[endgroup]
2026-05-08T01:15:10.4618519Z ##[group]Runner Image
2026-05-08T01:15:10.4619123Z Image: ubuntu-24.04
2026-05-08T01:15:10.4619605Z Version: 20260413.86.1
2026-05-08T01:15:10.4620730Z Included Software: https://github.com/actions/runner-images/blob/ubuntu24/20260413.86/images/ubuntu/Ubuntu2404-Readme.md
2026-05-08T01:15:10.4622174Z Image Release: https://github.com/actions/runner-images/releases/tag/ubuntu24%2F20260413.86
2026-05-08T01:15:10.4623297Z ##[endgroup]
2026-05-08T01:15:10.4624578Z ##[group]GITHUB_TOKEN Permissions
2026-05-08T01:15:10.4626615Z Actions: read
2026-05-08T01:15:10.4627145Z Checks: read
2026-05-08T01:15:10.4627730Z Contents: write
2026-05-08T01:15:10.4628192Z Metadata: read
2026-05-08T01:15:10.4628709Z PullRequests: read
2026-05-08T01:15:10.4629235Z ##[endgroup]
2026-05-08T01:15:10.4631217Z Secret source: Actions
2026-05-08T01:15:10.4632153Z Prepare workflow directory
2026-05-08T01:15:10.4978628Z Prepare all required actions
2026-05-08T01:15:10.5016045Z Getting action download info
2026-05-08T01:15:10.9362001Z Download action repository 'actions/checkout@v6' (SHA:de0fac2e4500dabe0009e67214ff5f5447ce83dd)
2026-05-08T01:15:11.0445293Z Download action repository 'dorny/paths-filter@v4' (SHA:fbd0ab8f3e69293af611ebaee6363fc25e6d187d)
2026-05-08T01:15:11.3023060Z Download action repository 'actions/cache@v5' (SHA:27d5ce7f107fe9357f9df03efb73ab90386fccae)
2026-05-08T01:15:11.7144254Z Download action repository 'actions/github-script@v9' (SHA:3a2844b7e9c422d3c10d287c895573f7108da1b3)
2026-05-08T01:15:11.9760269Z Download action repository 'actions/upload-artifact@v7' (SHA:043fb46d1a93c77aae656e7c1c64a875d1fc6a0a)
2026-05-08T01:15:12.5100667Z Complete job name: lint-and-test
2026-05-08T01:15:12.6122957Z ##[group]Run actions/checkout@v6
2026-05-08T01:15:12.6124536Z with:
2026-05-08T01:15:12.6125372Z   ref: refs/heads/main
2026-05-08T01:15:12.6126277Z   repository: averycorp/prismTask
2026-05-08T01:15:12.6127655Z   token: ***
2026-05-08T01:15:12.6128492Z   ssh-strict: true
2026-05-08T01:15:12.6129288Z   ssh-user: git
2026-05-08T01:15:12.6130180Z   persist-credentials: true
2026-05-08T01:15:12.6131105Z   clean: true
2026-05-08T01:15:12.6131979Z   sparse-checkout-cone-mode: true
2026-05-08T01:15:12.6133220Z   fetch-depth: 1
2026-05-08T01:15:12.6134175Z   fetch-tags: false
2026-05-08T01:15:12.6135001Z   show-progress: true
2026-05-08T01:15:12.6135884Z   lfs: false
2026-05-08T01:15:12.6136739Z   submodules: false
2026-05-08T01:15:12.6137581Z   set-safe-directory: true
2026-05-08T01:15:12.6138857Z ##[endgroup]
2026-05-08T01:15:12.7236784Z Syncing repository: averycorp/prismTask
2026-05-08T01:15:12.7240549Z ##[group]Getting Git version info
2026-05-08T01:15:12.7243115Z Working directory is '/home/runner/work/prismTask/prismTask'
2026-05-08T01:15:12.7246450Z [command]/usr/bin/git version
2026-05-08T01:15:12.7248100Z git version 2.53.0
2026-05-08T01:15:12.7253633Z ##[endgroup]
2026-05-08T01:15:12.7263035Z Temporarily overriding HOME='/home/runner/work/_temp/34746db8-3ee5-41ed-aecc-1a3c74e1f08a' before making global git config changes
2026-05-08T01:15:12.7267940Z Adding repository directory to the temporary git global config as a safe directory
2026-05-08T01:15:12.7270264Z [command]/usr/bin/git config --global --add safe.directory /home/runner/work/prismTask/prismTask
2026-05-08T01:15:12.7274432Z Deleting the contents of '/home/runner/work/prismTask/prismTask'
2026-05-08T01:15:12.7278147Z ##[group]Initializing the repository
2026-05-08T01:15:12.7279481Z [command]/usr/bin/git init /home/runner/work/prismTask/prismTask
2026-05-08T01:15:12.7348682Z hint: Using 'master' as the name for the initial branch. This default branch name
2026-05-08T01:15:12.7351395Z hint: will change to "main" in Git 3.0. To configure the initial branch name
2026-05-08T01:15:12.7354776Z hint: to use in all of your new repositories, which will suppress this warning,
2026-05-08T01:15:12.7357269Z hint: call:
2026-05-08T01:15:12.7358429Z hint:
2026-05-08T01:15:12.7359992Z hint: 	git config --global init.defaultBranch <name>
2026-05-08T01:15:12.7361986Z hint:
2026-05-08T01:15:12.7364094Z hint: Names commonly chosen instead of 'master' are 'main', 'trunk' and
2026-05-08T01:15:12.7367159Z hint: 'development'. The just-created branch can be renamed via this command:
2026-05-08T01:15:12.7369109Z hint:
2026-05-08T01:15:12.7369896Z hint: 	git branch -m <name>
2026-05-08T01:15:12.7370813Z hint:
2026-05-08T01:15:12.7372031Z hint: Disable this message with "git config set advice.defaultBranchName false"
2026-05-08T01:15:12.7375317Z Initialized empty Git repository in /home/runner/work/prismTask/prismTask/.git/
2026-05-08T01:15:12.7378833Z [command]/usr/bin/git remote add origin https://github.com/averycorp/prismTask
2026-05-08T01:15:12.7394564Z ##[endgroup]
2026-05-08T01:15:12.7397014Z ##[group]Disabling automatic garbage collection
2026-05-08T01:15:12.7399177Z [command]/usr/bin/git config --local gc.auto 0
2026-05-08T01:15:12.7428368Z ##[endgroup]
2026-05-08T01:15:12.7430686Z ##[group]Setting up auth
2026-05-08T01:15:12.7432260Z Removing SSH command configuration
2026-05-08T01:15:12.7435831Z [command]/usr/bin/git config --local --name-only --get-regexp core\.sshCommand
2026-05-08T01:15:12.7468170Z [command]/usr/bin/git submodule foreach --recursive sh -c "git config --local --name-only --get-regexp 'core\.sshCommand' && git config --local --unset-all 'core.sshCommand' || :"
2026-05-08T01:15:12.7781088Z Removing HTTP extra header
2026-05-08T01:15:12.7787574Z [command]/usr/bin/git config --local --name-only --get-regexp http\.https\:\/\/github\.com\/\.extraheader
2026-05-08T01:15:12.7819464Z [command]/usr/bin/git submodule foreach --recursive sh -c "git config --local --name-only --get-regexp 'http\.https\:\/\/github\.com\/\.extraheader' && git config --local --unset-all 'http.https://github.com/.extraheader' || :"
2026-05-08T01:15:12.8029237Z Removing includeIf entries pointing to credentials config files
2026-05-08T01:15:12.8034086Z [command]/usr/bin/git config --local --name-only --get-regexp ^includeIf\.gitdir:
2026-05-08T01:15:12.8064214Z [command]/usr/bin/git submodule foreach --recursive git config --local --show-origin --name-only --get-regexp remote.origin.url
2026-05-08T01:15:12.8280677Z [command]/usr/bin/git config --file /home/runner/work/_temp/git-credentials-935896b9-355e-41c5-9850-b2156a80d9a8.config http.https://github.com/.extraheader AUTHORIZATION: basic ***
2026-05-08T01:15:12.8316830Z [command]/usr/bin/git config --local includeIf.gitdir:/home/runner/work/prismTask/prismTask/.git.path /home/runner/work/_temp/git-credentials-935896b9-355e-41c5-9850-b2156a80d9a8.config
2026-05-08T01:15:12.8346890Z [command]/usr/bin/git config --local includeIf.gitdir:/home/runner/work/prismTask/prismTask/.git/worktrees/*.path /home/runner/work/_temp/git-credentials-935896b9-355e-41c5-9850-b2156a80d9a8.config
2026-05-08T01:15:12.8376725Z [command]/usr/bin/git config --local includeIf.gitdir:/github/workspace/.git.path /github/runner_temp/git-credentials-935896b9-355e-41c5-9850-b2156a80d9a8.config
2026-05-08T01:15:12.8406014Z [command]/usr/bin/git config --local includeIf.gitdir:/github/workspace/.git/worktrees/*.path /github/runner_temp/git-credentials-935896b9-355e-41c5-9850-b2156a80d9a8.config
2026-05-08T01:15:12.8431992Z ##[endgroup]
2026-05-08T01:15:12.8433828Z ##[group]Fetching the repository
2026-05-08T01:15:12.8441370Z [command]/usr/bin/git -c protocol.version=2 fetch --no-tags --prune --no-recurse-submodules --depth=1 origin +refs/heads/main:refs/remotes/origin/main
2026-05-08T01:15:14.4342823Z From https://github.com/averycorp/prismTask
2026-05-08T01:15:14.4343873Z  * [new branch]      main       -> origin/main
2026-05-08T01:15:14.4374418Z ##[endgroup]
2026-05-08T01:15:14.4375071Z ##[group]Determining the checkout info
2026-05-08T01:15:14.4376183Z ##[endgroup]
2026-05-08T01:15:14.4383319Z [command]/usr/bin/git sparse-checkout disable
2026-05-08T01:15:14.4425448Z [command]/usr/bin/git config --local --unset-all extensions.worktreeConfig
2026-05-08T01:15:14.4456965Z ##[group]Checking out the ref
2026-05-08T01:15:14.4461840Z [command]/usr/bin/git checkout --progress --force -B main refs/remotes/origin/main
2026-05-08T01:15:14.7084741Z Switched to a new branch 'main'
2026-05-08T01:15:14.7089038Z branch 'main' set up to track 'origin/main'.
2026-05-08T01:15:14.7109184Z ##[endgroup]
2026-05-08T01:15:14.7150246Z [command]/usr/bin/git log -1 --format=%H
2026-05-08T01:15:14.7175880Z f613a6e368837a7907851befe4847885bd5635c7
2026-05-08T01:15:14.7384790Z ##[group]Run dorny/paths-filter@v4
2026-05-08T01:15:14.7385097Z with:
2026-05-08T01:15:14.7385766Z   filters: android:
  - 'app/**'
  - 'gradlew'
  - 'gradlew.bat'
  - 'gradle/**'
  - 'build.gradle.kts'
  - 'settings.gradle.kts'
  - '.github/workflows/android-ci.yml'
  - '.github/actions/setup-android/**'

2026-05-08T01:15:14.7386618Z   token: ***
2026-05-08T01:15:14.7386793Z   list-files: none
2026-05-08T01:15:14.7386986Z   initial-fetch-depth: 100
2026-05-08T01:15:14.7387206Z   predicate-quantifier: some
2026-05-08T01:15:14.7387422Z ##[endgroup]
2026-05-08T01:15:14.8146730Z ##[group]Get current git ref
2026-05-08T01:15:14.8190835Z [command]/usr/bin/git branch --show-current
2026-05-08T01:15:14.8230765Z main
2026-05-08T01:15:14.8250580Z ##[endgroup]
2026-05-08T01:15:14.8251457Z Changes will be detected between 5cd9fb0a64ef772f8577a34634ac61d95f961bd0 and main
2026-05-08T01:15:14.8253533Z ##[group]Ensuring 5cd9fb0a64ef772f8577a34634ac61d95f961bd0 is fetched from origin
2026-05-08T01:15:14.8266455Z [command]/usr/bin/git cat-file -e 5cd9fb0a64ef772f8577a34634ac61d95f961bd0^{commit}
2026-05-08T01:15:14.8292995Z fatal: Not a valid object name 5cd9fb0a64ef772f8577a34634ac61d95f961bd0^{commit}
2026-05-08T01:15:14.8307117Z [command]/usr/bin/git fetch --depth=1 --no-tags origin 5cd9fb0a64ef772f8577a34634ac61d95f961bd0
2026-05-08T01:15:15.0668369Z From https://github.com/averycorp/prismTask
2026-05-08T01:15:15.0669334Z  * branch            5cd9fb0a64ef772f8577a34634ac61d95f961bd0 -> FETCH_HEAD
2026-05-08T01:15:15.0710423Z [command]/usr/bin/git cat-file -e 5cd9fb0a64ef772f8577a34634ac61d95f961bd0^{commit}
2026-05-08T01:15:15.0773251Z ##[endgroup]
2026-05-08T01:15:15.0773897Z ##[group]Ensuring main is fetched from origin
2026-05-08T01:15:15.0786735Z [command]/usr/bin/git show-ref main
2026-05-08T01:15:15.0809769Z f613a6e368837a7907851befe4847885bd5635c7 refs/heads/main
2026-05-08T01:15:15.0810580Z f613a6e368837a7907851befe4847885bd5635c7 refs/remotes/origin/main
2026-05-08T01:15:15.0818335Z ##[endgroup]
2026-05-08T01:15:15.0819062Z ##[group]Change detection 5cd9fb0a64ef772f8577a34634ac61d95f961bd0..main
2026-05-08T01:15:15.0831559Z [command]/usr/bin/git diff --no-renames --name-status -z 5cd9fb0a64ef772f8577a34634ac61d95f961bd0..refs/remotes/origin/main
2026-05-08T01:15:15.0864697Z M app/src/test/java/com/averycorp/prismtask/ui/screens/timer/TimerViewModelTest.kt 
2026-05-08T01:15:15.0865422Z ##[endgroup]
2026-05-08T01:15:15.0865619Z Detected 1 changed files
2026-05-08T01:15:15.0869545Z Results:
2026-05-08T01:15:15.0870108Z ##[group]Filter android = true
2026-05-08T01:15:15.0870472Z Matching files:
2026-05-08T01:15:15.0871108Z app/src/test/java/com/averycorp/prismtask/ui/screens/timer/TimerViewModelTest.kt [modified]
2026-05-08T01:15:15.0877689Z ##[endgroup]
2026-05-08T01:15:15.0878011Z Changes output set to ["android"]
2026-05-08T01:15:15.1084408Z Prepare all required actions
2026-05-08T01:15:15.1084856Z Getting action download info
2026-05-08T01:15:15.2648176Z Download action repository 'actions/setup-java@v4' (SHA:c1e323688fd81a25caa38c78aa6df2d33d3e20d9)
2026-05-08T01:15:15.6867363Z Download action repository 'gradle/actions@v4' (SHA:ed408507eac070d1f99cc633dbcf757c94c7933a)
2026-05-08T01:15:16.5693581Z ##[group]Run ./.github/actions/setup-android
2026-05-08T01:15:16.5693863Z ##[endgroup]
2026-05-08T01:15:16.5834145Z ##[group]Run actions/setup-java@v4
2026-05-08T01:15:16.5834421Z with:
2026-05-08T01:15:16.5834601Z   java-version: 21
2026-05-08T01:15:16.5834795Z   distribution: temurin
2026-05-08T01:15:16.5834993Z   java-package: jdk
2026-05-08T01:15:16.5835186Z   check-latest: false
2026-05-08T01:15:16.5835380Z   server-id: github
2026-05-08T01:15:16.5835565Z   server-username: GITHUB_ACTOR
2026-05-08T01:15:16.5835804Z   server-password: GITHUB_TOKEN
2026-05-08T01:15:16.5836030Z   overwrite-settings: true
2026-05-08T01:15:16.5836280Z   job-status: success
2026-05-08T01:15:16.5836610Z   token: ***
2026-05-08T01:15:16.5836793Z ##[endgroup]
2026-05-08T01:15:16.7814751Z ##[group]Installed distributions
2026-05-08T01:15:16.7872081Z Resolved Java 21.0.10+7 from tool-cache
2026-05-08T01:15:16.7873272Z Setting Java 21.0.10+7 as the default
2026-05-08T01:15:16.7886092Z Creating toolchains.xml for JDK version 21 from temurin
2026-05-08T01:15:16.7963206Z Writing to /home/runner/.m2/toolchains.xml
2026-05-08T01:15:16.7963822Z 
2026-05-08T01:15:16.7964008Z Java configuration:
2026-05-08T01:15:16.7964905Z   Distribution: temurin
2026-05-08T01:15:16.7965293Z   Version: 21.0.10+7
2026-05-08T01:15:16.7966349Z   Path: /opt/hostedtoolcache/Java_Temurin-Hotspot_jdk/21.0.10-7/x64
2026-05-08T01:15:16.7966827Z 
2026-05-08T01:15:16.7967389Z ##[endgroup]
2026-05-08T01:15:16.7983518Z Creating settings.xml with server-id: github
2026-05-08T01:15:16.7991100Z Writing to /home/runner/.m2/settings.xml
2026-05-08T01:15:16.8164527Z ##[group]Run gradle/actions/setup-gradle@v4
2026-05-08T01:15:16.8164782Z with:
2026-05-08T01:15:16.8164945Z   cache-disabled: false
2026-05-08T01:15:16.8165145Z   cache-read-only: false
2026-05-08T01:15:16.8165357Z   cache-write-only: false
2026-05-08T01:15:16.8165567Z   cache-overwrite-existing: false
2026-05-08T01:15:16.8165794Z   cache-cleanup: on-success
2026-05-08T01:15:16.8166048Z   gradle-home-cache-includes: caches
notifications

2026-05-08T01:15:16.8166329Z   add-job-summary: always
2026-05-08T01:15:16.8166553Z   add-job-summary-as-pr-comment: never
2026-05-08T01:15:16.8166807Z   dependency-graph: disabled
2026-05-08T01:15:16.8167075Z   dependency-graph-report-dir: dependency-graph-reports
2026-05-08T01:15:16.8167402Z   dependency-graph-continue-on-failure: true
2026-05-08T01:15:16.8167664Z   build-scan-publish: false
2026-05-08T01:15:16.8167876Z   validate-wrappers: true
2026-05-08T01:15:16.8168084Z   allow-snapshot-wrappers: false
2026-05-08T01:15:16.8168329Z   gradle-home-cache-strict-match: false
2026-05-08T01:15:16.8168588Z   workflow-job-context: null
2026-05-08T01:15:16.8168927Z   github-token: ***
2026-05-08T01:15:16.8169108Z env:
2026-05-08T01:15:16.8169368Z   JAVA_HOME: /opt/hostedtoolcache/Java_Temurin-Hotspot_jdk/21.0.10-7/x64
2026-05-08T01:15:16.8169812Z   JAVA_HOME_21_X64: /opt/hostedtoolcache/Java_Temurin-Hotspot_jdk/21.0.10-7/x64
2026-05-08T01:15:16.8170146Z ##[endgroup]
2026-05-08T01:15:17.9632464Z Merged default JDK locations into /home/runner/.m2/toolchains.xml
2026-05-08T01:15:17.9635017Z Preparing cache for cleanup.
2026-05-08T01:15:17.9639097Z ##[group]Restore Gradle state from cache
2026-05-08T01:15:18.1106523Z Cache hit for restore-key: gradle-home-v1|Linux-X64|lint-and-test[5df42585ae8f8da228c604b8b4e8707c]-5cd9fb0a64ef772f8577a34634ac61d95f961bd0
2026-05-08T01:15:19.2184437Z Received 130023424 of 302093560 (43.0%), 123.9 MBs/sec
2026-05-08T01:15:20.2252906Z Received 276927736 of 302093560 (91.7%), 131.5 MBs/sec
2026-05-08T01:15:20.3526101Z Received 302093560 of 302093560 (100.0%), 134.9 MBs/sec
2026-05-08T01:15:20.3530074Z Cache Size: ~288 MB (302093560 B)
2026-05-08T01:15:20.3575421Z [command]/usr/bin/tar -xf /home/runner/work/_temp/cc939039-4c55-45f4-b6ea-7b9ce2a0de31/cache.tzst -P -C /home/runner/work/prismTask/prismTask --use-compress-program unzstd
2026-05-08T01:15:21.0173304Z Cache restored successfully
2026-05-08T01:15:21.0304282Z Restored cache entry with key gradle-home-v1|Linux-X64|lint-and-test[5df42585ae8f8da228c604b8b4e8707c]-f613a6e368837a7907851befe4847885bd5635c7 to /home/runner/.gradle/caches,/home/runner/.gradle/notifications,/home/runner/.gradle/.setup-gradle in 3065ms
2026-05-08T01:15:21.1425975Z Cache hit for: gradle-kotlin-dsl-v1-3e398cf6fe686cf586809bb51edbf0ac
2026-05-08T01:15:21.1483630Z Cache hit for: gradle-instrumented-jars-v1-6d85bc4cd7de44dd2ba9bf6c8806d8ba
2026-05-08T01:15:21.1489752Z Cache hit for: gradle-generated-gradle-jars-v1-cb4b032a7d08b9bf1e84e9eacaebcc29
2026-05-08T01:15:21.1506270Z Cache hit for: gradle-dependencies-v1-50d4b7556e9e21e5cf1ac6f750245c42
2026-05-08T01:15:21.1566836Z Cache hit for: gradle-wrapper-zips-v1-8c0de4c6bda6041d6e054bf825a89c98
2026-05-08T01:15:21.1571656Z Cache hit for: gradle-groovy-dsl-v1-fcd038c212cb9ec2fe92803322da1721
2026-05-08T01:15:21.1608887Z Cache hit for: gradle-transforms-v1-cd350a420202d18d73c0edcd41bcd467
2026-05-08T01:15:21.4890596Z Received 64108 of 64108 (100.0%), 0.3 MBs/sec
2026-05-08T01:15:21.4891444Z Cache Size: ~0 MB (64108 B)
2026-05-08T01:15:21.4939543Z [command]/usr/bin/tar -xf /home/runner/work/_temp/537f9e88-b650-433a-848d-d6ff228c55eb/cache.tzst -P -C /home/runner/work/prismTask/prismTask --use-compress-program unzstd
2026-05-08T01:15:21.5044875Z Cache restored successfully
2026-05-08T01:15:21.5052080Z Received 114920 of 114920 (100.0%), 0.6 MBs/sec
2026-05-08T01:15:21.5052870Z Cache Size: ~0 MB (114920 B)
2026-05-08T01:15:21.5059997Z Restored cache entry with key gradle-instrumented-jars-v1-6d85bc4cd7de44dd2ba9bf6c8806d8ba to /home/runner/.gradle/caches/jars-*/*/ in 472ms
2026-05-08T01:15:21.5101962Z [command]/usr/bin/tar -xf /home/runner/work/_temp/9fd88a50-c1f5-4d5f-a320-b0e44d917a93/cache.tzst -P -C /home/runner/work/prismTask/prismTask --use-compress-program unzstd
2026-05-08T01:15:21.5423922Z Cache restored successfully
2026-05-08T01:15:21.5429035Z Restored cache entry with key gradle-groovy-dsl-v1-fcd038c212cb9ec2fe92803322da1721 to /home/runner/.gradle/caches/*/groovy-dsl/*/ in 509ms
2026-05-08T01:15:21.5543739Z Received 543541 of 543541 (100.0%), 2.0 MBs/sec
2026-05-08T01:15:21.5563340Z Cache Size: ~1 MB (543541 B)
2026-05-08T01:15:21.5657593Z [command]/usr/bin/tar -xf /home/runner/work/_temp/9ac64ce2-8a8d-467b-a009-a0591c8893dd/cache.tzst -P -C /home/runner/work/prismTask/prismTask --use-compress-program unzstd
2026-05-08T01:15:21.8568812Z Cache restored successfully
2026-05-08T01:15:21.8583641Z Restored cache entry with key gradle-kotlin-dsl-v1-3e398cf6fe686cf586809bb51edbf0ac to /home/runner/.gradle/caches/*/kotlin-dsl/accessors/*/,/home/runner/.gradle/caches/*/kotlin-dsl/scripts/*/ in 825ms
2026-05-08T01:15:22.2548351Z Received 37799100 of 41993404 (90.0%), 36.0 MBs/sec
2026-05-08T01:15:22.2754230Z Received 58720256 of 136352669 (43.1%), 55.7 MBs/sec
2026-05-08T01:15:22.2928100Z Received 75497472 of 843819480 (8.9%), 71.9 MBs/sec
2026-05-08T01:15:22.3200120Z Received 41993404 of 41993404 (100.0%), 37.6 MBs/sec
2026-05-08T01:15:22.3200800Z Cache Size: ~40 MB (41993404 B)
2026-05-08T01:15:22.3247562Z Received 71303168 of 490433746 (14.5%), 66.9 MBs/sec
2026-05-08T01:15:22.3489916Z [command]/usr/bin/tar -xf /home/runner/work/_temp/17ef1aa0-aaf9-416c-b36d-572b5c652e49/cache.tzst -P -C /home/runner/work/prismTask/prismTask --use-compress-program unzstd
2026-05-08T01:15:22.6740577Z Cache restored successfully
2026-05-08T01:15:22.6798461Z Restored cache entry with key gradle-generated-gradle-jars-v1-cb4b032a7d08b9bf1e84e9eacaebcc29 to /home/runner/.gradle/caches/9.3.1/generated-gradle-jars/gradle-api-9.3.1.jar in 1648ms
2026-05-08T01:15:23.1395913Z Received 136352669 of 136352669 (100.0%), 69.6 MBs/sec
2026-05-08T01:15:23.1421157Z Cache Size: ~130 MB (136352669 B)
2026-05-08T01:15:23.1578307Z [command]/usr/bin/tar -xf /home/runner/work/_temp/1e0afe5b-9e3c-4f59-8986-df2953c62b83/cache.tzst -P -C /home/runner/work/prismTask/prismTask --use-compress-program unzstd
2026-05-08T01:15:23.3061139Z Received 184549376 of 843819480 (21.9%), 87.3 MBs/sec
2026-05-08T01:15:23.3455350Z Received 188743680 of 490433746 (38.5%), 88.4 MBs/sec
2026-05-08T01:15:23.4689730Z Cache restored successfully
2026-05-08T01:15:23.4873775Z Restored cache entry with key gradle-wrapper-zips-v1-8c0de4c6bda6041d6e054bf825a89c98 to /home/runner/.gradle/wrapper/dists/gradle-9.3.1-bin/23ovyewtku6u96viwx3xl3oks in 2455ms
2026-05-08T01:15:24.3065499Z Received 394264576 of 843819480 (46.7%), 124.7 MBs/sec
2026-05-08T01:15:24.3595951Z Received 402653184 of 490433746 (82.1%), 125.9 MBs/sec
2026-05-08T01:15:24.7940835Z Received 490433746 of 490433746 (100.0%), 134.2 MBs/sec
2026-05-08T01:15:24.7944083Z Cache Size: ~468 MB (490433746 B)
2026-05-08T01:15:24.8363858Z [command]/usr/bin/tar -xf /home/runner/work/_temp/3da80498-9a6e-47a6-af5e-9ddf2720829b/cache.tzst -P -C /home/runner/work/prismTask/prismTask --use-compress-program unzstd
2026-05-08T01:15:25.3234149Z Received 557842432 of 843819480 (66.1%), 131.9 MBs/sec
2026-05-08T01:15:26.3323757Z Received 771751936 of 843819480 (91.5%), 146.0 MBs/sec
2026-05-08T01:15:26.7980352Z Received 843819480 of 843819480 (100.0%), 146.2 MBs/sec
2026-05-08T01:15:26.8013459Z Cache Size: ~805 MB (843819480 B)
2026-05-08T01:15:26.8137697Z [command]/usr/bin/tar -xf /home/runner/work/_temp/9276a22e-62ac-4c42-896f-8870b7593b34/cache.tzst -P -C /home/runner/work/prismTask/prismTask --use-compress-program unzstd
2026-05-08T01:15:29.5371098Z Cache restored successfully
2026-05-08T01:15:30.0522300Z Restored cache entry with key gradle-dependencies-v1-50d4b7556e9e21e5cf1ac6f750245c42 to /home/runner/.gradle/caches/modules-*/files-*/*/*/*/* in 9019ms
2026-05-08T01:15:31.9475802Z Cache restored successfully
2026-05-08T01:15:31.9684294Z Restored cache entry with key gradle-transforms-v1-cd350a420202d18d73c0edcd41bcd467 to /home/runner/.gradle/caches/transforms-4/*/,/home/runner/.gradle/caches/*/transforms/*/ in 10934ms
2026-05-08T01:15:32.0071945Z ##[endgroup]
2026-05-08T01:15:32.0548456Z ##[group]All Gradle Wrapper jars are valid
2026-05-08T01:15:32.0549731Z ✓ Found known Gradle Wrapper JAR files:
2026-05-08T01:15:32.0550617Z   b3a875ddc1f044746e1b1a55f645584505f4a10438c1afea9f15e92a7c42ec13 gradle/wrapper/gradle-wrapper.jar
2026-05-08T01:15:32.0551364Z ##[endgroup]
2026-05-08T01:15:32.1716281Z ##[group]Run chmod +x gradlew
2026-05-08T01:15:32.1716658Z [36;1mchmod +x gradlew[0m
2026-05-08T01:15:32.1741827Z shell: /usr/bin/bash --noprofile --norc -e -o pipefail {0}
2026-05-08T01:15:32.1742212Z env:
2026-05-08T01:15:32.1742880Z   JAVA_HOME: /opt/hostedtoolcache/Java_Temurin-Hotspot_jdk/21.0.10-7/x64
2026-05-08T01:15:32.1743467Z   JAVA_HOME_21_X64: /opt/hostedtoolcache/Java_Temurin-Hotspot_jdk/21.0.10-7/x64
2026-05-08T01:15:32.1743930Z   GRADLE_ACTION_ID: gradle/actions/setup-gradle
2026-05-08T01:15:32.1744257Z   GRADLE_USER_HOME: /home/runner/.gradle
2026-05-08T01:15:32.1744571Z   GRADLE_BUILD_ACTION_SETUP_COMPLETED: true
2026-05-08T01:15:32.1744897Z   GRADLE_BUILD_ACTION_CACHE_RESTORED: true
2026-05-08T01:15:32.1745356Z   DEVELOCITY_INJECTION_INIT_SCRIPT_NAME: gradle-actions.inject-develocity.init.gradle
2026-05-08T01:15:32.1745857Z   DEVELOCITY_INJECTION_CUSTOM_VALUE: gradle-actions
2026-05-08T01:15:32.1746191Z   GITHUB_DEPENDENCY_GRAPH_ENABLED: false
2026-05-08T01:15:32.1746481Z ##[endgroup]
2026-05-08T01:15:32.5322425Z ##[group]Run actions/cache@v5
2026-05-08T01:15:32.5323176Z with:
2026-05-08T01:15:32.5323394Z   path: app/build
2026-05-08T01:15:32.5323828Z   key: app-build-Linux-00842be157e684b0a57b9e23d99b9eb8ec4a1a5fb7e0e82c96656886523001fc
2026-05-08T01:15:32.5324329Z   restore-keys: app-build-Linux-

2026-05-08T01:15:32.5324627Z   enableCrossOsArchive: false
2026-05-08T01:15:32.5324899Z   fail-on-cache-miss: false
2026-05-08T01:15:32.5325152Z   lookup-only: false
2026-05-08T01:15:32.5340032Z   save-always: false
2026-05-08T01:15:32.5340336Z env:
2026-05-08T01:15:32.5340681Z   JAVA_HOME: /opt/hostedtoolcache/Java_Temurin-Hotspot_jdk/21.0.10-7/x64
2026-05-08T01:15:32.5341466Z   JAVA_HOME_21_X64: /opt/hostedtoolcache/Java_Temurin-Hotspot_jdk/21.0.10-7/x64
2026-05-08T01:15:32.5341910Z   GRADLE_ACTION_ID: gradle/actions/setup-gradle
2026-05-08T01:15:32.5342242Z   GRADLE_USER_HOME: /home/runner/.gradle
2026-05-08T01:15:32.5343434Z   GRADLE_BUILD_ACTION_SETUP_COMPLETED: true
2026-05-08T01:15:32.5343826Z   GRADLE_BUILD_ACTION_CACHE_RESTORED: true
2026-05-08T01:15:32.5344293Z   DEVELOCITY_INJECTION_INIT_SCRIPT_NAME: gradle-actions.inject-develocity.init.gradle
2026-05-08T01:15:32.5344802Z   DEVELOCITY_INJECTION_CUSTOM_VALUE: gradle-actions
2026-05-08T01:15:32.5345145Z   GITHUB_DEPENDENCY_GRAPH_ENABLED: false
2026-05-08T01:15:32.5345427Z ##[endgroup]
2026-05-08T01:15:32.7706741Z Cache hit for: app-build-Linux-00842be157e684b0a57b9e23d99b9eb8ec4a1a5fb7e0e82c96656886523001fc
2026-05-08T01:15:33.8965177Z Received 109051904 of 178771566 (61.0%), 103.9 MBs/sec
2026-05-08T01:15:34.3107311Z Received 178771566 of 178771566 (100.0%), 120.5 MBs/sec
2026-05-08T01:15:34.3109806Z Cache Size: ~170 MB (178771566 B)
2026-05-08T01:15:34.3222407Z [command]/usr/bin/tar -xf /home/runner/work/_temp/d3941e54-70ac-41ca-8cdd-56725e103d94/cache.tzst -P -C /home/runner/work/prismTask/prismTask --use-compress-program unzstd
2026-05-08T01:15:36.5345833Z Cache restored successfully
2026-05-08T01:15:36.5507068Z Cache restored from key: app-build-Linux-00842be157e684b0a57b9e23d99b9eb8ec4a1a5fb7e0e82c96656886523001fc
2026-05-08T01:15:36.5628414Z ##[group]Run ./gradlew ktlintCheck --continue
2026-05-08T01:15:36.5628844Z [36;1m./gradlew ktlintCheck --continue[0m
2026-05-08T01:15:36.5652203Z shell: /usr/bin/bash -e {0}
2026-05-08T01:15:36.5652733Z env:
2026-05-08T01:15:36.5653104Z   JAVA_HOME: /opt/hostedtoolcache/Java_Temurin-Hotspot_jdk/21.0.10-7/x64
2026-05-08T01:15:36.5653646Z   JAVA_HOME_21_X64: /opt/hostedtoolcache/Java_Temurin-Hotspot_jdk/21.0.10-7/x64
2026-05-08T01:15:36.5654098Z   GRADLE_ACTION_ID: gradle/actions/setup-gradle
2026-05-08T01:15:36.5654448Z   GRADLE_USER_HOME: /home/runner/.gradle
2026-05-08T01:15:36.5654768Z   GRADLE_BUILD_ACTION_SETUP_COMPLETED: true
2026-05-08T01:15:36.5655078Z   GRADLE_BUILD_ACTION_CACHE_RESTORED: true
2026-05-08T01:15:36.5655547Z   DEVELOCITY_INJECTION_INIT_SCRIPT_NAME: gradle-actions.inject-develocity.init.gradle
2026-05-08T01:15:36.5656059Z   DEVELOCITY_INJECTION_CUSTOM_VALUE: gradle-actions
2026-05-08T01:15:36.5656406Z   GITHUB_DEPENDENCY_GRAPH_ENABLED: false
2026-05-08T01:15:36.5656750Z ##[endgroup]
2026-05-08T01:15:38.9751874Z Starting a Gradle Daemon (subsequent builds will be faster)
2026-05-08T01:15:43.2742019Z Configuration on demand is an incubating feature.
2026-05-08T01:15:49.9753280Z 
2026-05-08T01:15:49.9778182Z > Configure project :app
2026-05-08T01:15:49.9781994Z WARNING: The option setting 'android.builtInKotlin=false' is deprecated.
2026-05-08T01:15:49.9783254Z The current default is 'true'.
2026-05-08T01:15:49.9784094Z It will be removed in version 10.0 of the Android Gradle plugin.
2026-05-08T01:15:49.9785211Z WARNING: The option setting 'android.newDsl=false' is deprecated.
2026-05-08T01:15:49.9786119Z The current default is 'true'.
2026-05-08T01:15:49.9786950Z It will be removed in version 10.0 of the Android Gradle plugin.
2026-05-08T01:15:49.9788315Z WARNING: The option setting 'android.dependency.excludeLibraryComponentsFromConstraints=true' is deprecated.
2026-05-08T01:15:49.9790419Z The current default is 'false'.
2026-05-08T01:15:49.9791356Z It will be removed in version 10.0 of the Android Gradle plugin.
2026-05-08T01:15:49.9792358Z Following can be set instead to achieve a similar behaviour.
2026-05-08T01:15:49.9793528Z     android.dependency.useConstraints=false
2026-05-08T01:15:51.4738780Z w: ⚠️ Deprecated 'org.jetbrains.kotlin.android' plugin usage
2026-05-08T01:15:51.4744246Z The 'org.jetbrains.kotlin.android' plugin in project ':app' is no longer required for Kotlin support since AGP 9.0.
2026-05-08T01:15:51.4745760Z Solution: Remove both `android.builtInKotlin=true` and `android.newDsl=false` from `gradle.properties`, then migrate to built-in Kotlin.
2026-05-08T01:15:51.4747443Z See https://kotl.in/gradle/agp-built-in-kotlin for more details.
2026-05-08T01:15:51.4747903Z 
2026-05-08T01:15:52.0733022Z 
2026-05-08T01:15:52.0734697Z > Task :app:loadKtlintReporters FROM-CACHE
2026-05-08T01:15:52.0735881Z > Task :app:runKtlintCheckOverAndroidTestDebugSourceSet NO-SOURCE
2026-05-08T01:15:52.0737406Z > Task :app:ktlintAndroidTestDebugSourceSetCheck SKIPPED
2026-05-08T01:15:52.0738556Z > Task :app:runKtlintCheckOverAndroidTestReleaseSourceSet NO-SOURCE
2026-05-08T01:15:52.0739670Z > Task :app:ktlintAndroidTestReleaseSourceSetCheck SKIPPED
2026-05-08T01:15:52.0740732Z > Task :app:runKtlintCheckOverAndroidTestSourceSet FROM-CACHE
2026-05-08T01:15:52.0741754Z > Task :app:ktlintAndroidTestSourceSetCheck FROM-CACHE
2026-05-08T01:15:52.1738063Z > Task :app:runKtlintCheckOverDebugSourceSet FROM-CACHE
2026-05-08T01:15:52.1741767Z > Task :app:ktlintDebugSourceSetCheck FROM-CACHE
2026-05-08T01:15:52.1747875Z > Task :app:runKtlintCheckOverKotlinScripts FROM-CACHE
2026-05-08T01:15:52.1750432Z > Task :app:ktlintKotlinScriptCheck FROM-CACHE
2026-05-08T01:15:52.3734319Z > Task :app:runKtlintCheckOverMainSourceSet FROM-CACHE
2026-05-08T01:15:52.3735327Z > Task :app:ktlintMainSourceSetCheck FROM-CACHE
2026-05-08T01:15:52.3736115Z > Task :app:runKtlintCheckOverReleaseSourceSet FROM-CACHE
2026-05-08T01:15:52.3737855Z > Task :app:ktlintReleaseSourceSetCheck FROM-CACHE
2026-05-08T01:15:52.3739048Z > Task :app:runKtlintCheckOverTestDebugSourceSet NO-SOURCE
2026-05-08T01:15:52.3739915Z > Task :app:ktlintTestDebugSourceSetCheck SKIPPED
2026-05-08T01:15:52.3746709Z > Task :app:runKtlintCheckOverTestFixturesDebugSourceSet NO-SOURCE
2026-05-08T01:15:52.3758946Z > Task :app:ktlintTestFixturesDebugSourceSetCheck SKIPPED
2026-05-08T01:15:52.3759850Z > Task :app:runKtlintCheckOverTestFixturesReleaseSourceSet NO-SOURCE
2026-05-08T01:15:52.3760698Z > Task :app:ktlintTestFixturesReleaseSourceSetCheck SKIPPED
2026-05-08T01:15:52.3761512Z > Task :app:runKtlintCheckOverTestFixturesSourceSet NO-SOURCE
2026-05-08T01:15:52.3762239Z > Task :app:ktlintTestFixturesSourceSetCheck SKIPPED
2026-05-08T01:15:52.3763356Z > Task :app:runKtlintCheckOverTestReleaseSourceSet NO-SOURCE
2026-05-08T01:15:52.3763930Z > Task :app:ktlintTestReleaseSourceSetCheck SKIPPED
2026-05-08T01:16:02.0757955Z > Task :app:runKtlintCheckOverTestSourceSet
2026-05-08T01:16:02.0783276Z > Task :app:ktlintTestSourceSetCheck FROM-CACHE
2026-05-08T01:16:02.0813235Z > Task :app:ktlintCheck UP-TO-DATE
2026-05-08T01:16:02.0821956Z gradle/actions: Writing build results to /home/runner/work/_temp/.gradle-actions/build-results/__run_2-1778202945296.json
2026-05-08T01:16:02.0823239Z 
2026-05-08T01:16:02.0824151Z [Incubating] Problems report is available at: file:///home/runner/work/prismTask/prismTask/build/reports/problems/problems-report.html
2026-05-08T01:16:02.0825329Z 
2026-05-08T01:16:02.0826060Z Deprecated Gradle features were used in this build, making it incompatible with Gradle 10.
2026-05-08T01:16:02.0826956Z 
2026-05-08T01:16:02.0827848Z You can use '--warning-mode all' to show the individual deprecation warnings and determine if they come from your own scripts or plugins.
2026-05-08T01:16:02.0828988Z 
2026-05-08T01:16:02.0830196Z For more on this, please refer to https://docs.gradle.org/9.3.1/userguide/command_line_interface.html#sec:command_line_warnings in the Gradle documentation.
2026-05-08T01:16:02.0831494Z 
2026-05-08T01:16:02.1572224Z BUILD SUCCESSFUL in 25s
2026-05-08T01:16:02.1579389Z 13 actionable tasks: 1 executed, 12 from cache
2026-05-08T01:16:02.4807470Z ##[group]Run ./gradlew detekt --continue
2026-05-08T01:16:02.4807864Z [36;1m./gradlew detekt --continue[0m
2026-05-08T01:16:02.4829335Z shell: /usr/bin/bash -e {0}
2026-05-08T01:16:02.4829614Z env:
2026-05-08T01:16:02.4829953Z   JAVA_HOME: /opt/hostedtoolcache/Java_Temurin-Hotspot_jdk/21.0.10-7/x64
2026-05-08T01:16:02.4830475Z   JAVA_HOME_21_X64: /opt/hostedtoolcache/Java_Temurin-Hotspot_jdk/21.0.10-7/x64
2026-05-08T01:16:02.4831107Z   GRADLE_ACTION_ID: gradle/actions/setup-gradle
2026-05-08T01:16:02.4831440Z   GRADLE_USER_HOME: /home/runner/.gradle
2026-05-08T01:16:02.4831750Z   GRADLE_BUILD_ACTION_SETUP_COMPLETED: true
2026-05-08T01:16:02.4832067Z   GRADLE_BUILD_ACTION_CACHE_RESTORED: true
2026-05-08T01:16:02.4832875Z   DEVELOCITY_INJECTION_INIT_SCRIPT_NAME: gradle-actions.inject-develocity.init.gradle
2026-05-08T01:16:02.4833390Z   DEVELOCITY_INJECTION_CUSTOM_VALUE: gradle-actions
2026-05-08T01:16:02.4833737Z   GITHUB_DEPENDENCY_GRAPH_ENABLED: false
2026-05-08T01:16:02.4834050Z ##[endgroup]
2026-05-08T01:16:03.2552450Z Configuration on demand is an incubating feature.
2026-05-08T01:16:03.6522772Z 
2026-05-08T01:16:03.6573586Z > Configure project :app
2026-05-08T01:16:03.6609996Z WARNING: The option setting 'android.builtInKotlin=false' is deprecated.
2026-05-08T01:16:03.6613216Z The current default is 'true'.
2026-05-08T01:16:03.6615820Z It will be removed in version 10.0 of the Android Gradle plugin.
2026-05-08T01:16:03.6619964Z WARNING: The option setting 'android.newDsl=false' is deprecated.
2026-05-08T01:16:03.6621005Z The current default is 'true'.
2026-05-08T01:16:03.6621912Z It will be removed in version 10.0 of the Android Gradle plugin.
2026-05-08T01:16:03.6623600Z WARNING: The option setting 'android.dependency.excludeLibraryComponentsFromConstraints=true' is deprecated.
2026-05-08T01:16:03.6624929Z The current default is 'false'.
2026-05-08T01:16:03.6625874Z It will be removed in version 10.0 of the Android Gradle plugin.
2026-05-08T01:16:03.6626949Z Following can be set instead to achieve a similar behaviour.
2026-05-08T01:16:03.6627926Z     android.dependency.useConstraints=false
2026-05-08T01:16:03.6629214Z w: ⚠️ Deprecated 'org.jetbrains.kotlin.android' plugin usage
2026-05-08T01:16:03.6630570Z The 'org.jetbrains.kotlin.android' plugin in project ':app' is no longer required for Kotlin support since AGP 9.0.
2026-05-08T01:16:03.6632400Z Solution: Remove both `android.builtInKotlin=true` and `android.newDsl=false` from `gradle.properties`, then migrate to built-in Kotlin.
2026-05-08T01:16:03.6634270Z See https://kotl.in/gradle/agp-built-in-kotlin for more details.
2026-05-08T01:16:03.6635155Z 
2026-05-08T01:16:04.7513453Z 
2026-05-08T01:16:04.7523640Z > Task :detekt-rules:checkKotlinGradlePluginConfigurationErrors SKIPPED
2026-05-08T01:16:04.7528303Z > Task :detekt-rules:compileKotlin FROM-CACHE
2026-05-08T01:16:04.7529006Z > Task :detekt-rules:compileJava NO-SOURCE
2026-05-08T01:16:04.8502880Z > Task :detekt-rules:processResources
2026-05-08T01:16:04.8554114Z > Task :detekt-rules:classes
2026-05-08T01:16:04.8573488Z > Task :detekt-rules:jar
2026-05-08T01:16:34.8503109Z > Task :app:detekt
2026-05-08T01:16:55.0984551Z gradle/actions: Writing build results to /home/runner/work/_temp/.gradle-actions/build-results/__run_3-1778202963179.json
2026-05-08T01:16:55.0985496Z 
2026-05-08T01:16:55.0993920Z [Incubating] Problems report is available at: file:///home/runner/work/prismTask/prismTask/build/reports/problems/problems-report.html
2026-05-08T01:16:55.0994555Z 
2026-05-08T01:16:55.0994843Z Deprecated Gradle features were used in this build, making it incompatible with Gradle 10.
2026-05-08T01:16:55.0995216Z 
2026-05-08T01:16:55.0995635Z You can use '--warning-mode all' to show the individual deprecation warnings and determine if they come from your own scripts or plugins.
2026-05-08T01:16:55.0996147Z 
2026-05-08T01:16:55.0996933Z For more on this, please refer to https://docs.gradle.org/9.3.1/userguide/command_line_interface.html#sec:command_line_warnings in the Gradle documentation.
2026-05-08T01:16:55.0997540Z 
2026-05-08T01:16:55.0997644Z BUILD SUCCESSFUL in 52s
2026-05-08T01:16:55.0997923Z 4 actionable tasks: 3 executed, 1 from cache
2026-05-08T01:16:55.1189770Z ##[group]Run ./gradlew lint --continue
2026-05-08T01:16:55.1190162Z [36;1m./gradlew lint --continue[0m
2026-05-08T01:16:55.1211521Z shell: /usr/bin/bash -e {0}
2026-05-08T01:16:55.1211799Z env:
2026-05-08T01:16:55.1212143Z   JAVA_HOME: /opt/hostedtoolcache/Java_Temurin-Hotspot_jdk/21.0.10-7/x64
2026-05-08T01:16:55.1213537Z   JAVA_HOME_21_X64: /opt/hostedtoolcache/Java_Temurin-Hotspot_jdk/21.0.10-7/x64
2026-05-08T01:16:55.1213994Z   GRADLE_ACTION_ID: gradle/actions/setup-gradle
2026-05-08T01:16:55.1214326Z   GRADLE_USER_HOME: /home/runner/.gradle
2026-05-08T01:16:55.1214644Z   GRADLE_BUILD_ACTION_SETUP_COMPLETED: true
2026-05-08T01:16:55.1214956Z   GRADLE_BUILD_ACTION_CACHE_RESTORED: true
2026-05-08T01:16:55.1215412Z   DEVELOCITY_INJECTION_INIT_SCRIPT_NAME: gradle-actions.inject-develocity.init.gradle
2026-05-08T01:16:55.1215906Z   DEVELOCITY_INJECTION_CUSTOM_VALUE: gradle-actions
2026-05-08T01:16:55.1216247Z   GITHUB_DEPENDENCY_GRAPH_ENABLED: false
2026-05-08T01:16:55.1216560Z ##[endgroup]
2026-05-08T01:16:55.9096992Z Configuration on demand is an incubating feature.
2026-05-08T01:16:56.2086355Z 
2026-05-08T01:16:56.2090440Z > Configure project :app
2026-05-08T01:16:56.2118737Z WARNING: The option setting 'android.builtInKotlin=false' is deprecated.
2026-05-08T01:16:56.2157158Z The current default is 'true'.
2026-05-08T01:16:56.2170296Z It will be removed in version 10.0 of the Android Gradle plugin.
2026-05-08T01:16:56.2171334Z WARNING: The option setting 'android.newDsl=false' is deprecated.
2026-05-08T01:16:56.2172233Z The current default is 'true'.
2026-05-08T01:16:56.2173319Z It will be removed in version 10.0 of the Android Gradle plugin.
2026-05-08T01:16:56.2174682Z WARNING: The option setting 'android.dependency.excludeLibraryComponentsFromConstraints=true' is deprecated.
2026-05-08T01:16:56.2175934Z The current default is 'false'.
2026-05-08T01:16:56.2176817Z It will be removed in version 10.0 of the Android Gradle plugin.
2026-05-08T01:16:56.2177884Z Following can be set instead to achieve a similar behaviour.
2026-05-08T01:16:56.2178809Z     android.dependency.useConstraints=false
2026-05-08T01:16:56.2180049Z w: ⚠️ Deprecated 'org.jetbrains.kotlin.android' plugin usage
2026-05-08T01:16:56.2181377Z The 'org.jetbrains.kotlin.android' plugin in project ':app' is no longer required for Kotlin support since AGP 9.0.
2026-05-08T01:16:56.2183515Z Solution: Remove both `android.builtInKotlin=true` and `android.newDsl=false` from `gradle.properties`, then migrate to built-in Kotlin.
2026-05-08T01:16:56.2185316Z See https://kotl.in/gradle/agp-built-in-kotlin for more details.
2026-05-08T01:16:56.2188985Z 
2026-05-08T01:16:57.2105486Z 
2026-05-08T01:16:57.2123176Z > Task :app:checkKotlinGradlePluginConfigurationErrors SKIPPED
2026-05-08T01:16:57.2124340Z > Task :app:preBuild UP-TO-DATE
2026-05-08T01:16:57.2125288Z > Task :app:preDebugBuild UP-TO-DATE
2026-05-08T01:16:57.2126275Z > Task :app:generateDebugBuildConfig FROM-CACHE
2026-05-08T01:16:57.2127276Z > Task :app:generateDebugResValues FROM-CACHE
2026-05-08T01:16:57.2128246Z > Task :app:generateDebugResources FROM-CACHE
2026-05-08T01:16:57.2129261Z > Task :app:injectCrashlyticsMappingFileIdDebug
2026-05-08T01:16:57.2130328Z > Task :app:processDebugGoogleServices FROM-CACHE
2026-05-08T01:16:57.3093475Z > Task :app:packageDebugResources FROM-CACHE
2026-05-08T01:16:57.9082984Z > Task :app:processDebugNavigationResources FROM-CACHE
2026-05-08T01:16:58.2081801Z > Task :app:parseDebugLocalResources FROM-CACHE
2026-05-08T01:16:58.3113969Z > Task :app:generateDebugRFile FROM-CACHE
2026-05-08T01:16:58.8083895Z > Task :app:kspDebugKotlin FROM-CACHE
2026-05-08T01:16:59.8081968Z > Task :app:javaPreCompileDebug FROM-CACHE
2026-05-08T01:17:00.0111922Z > Task :app:mapDebugSourceSetPaths
2026-05-08T01:17:00.0140609Z > Task :app:compileDebugNavigationResources FROM-CACHE
2026-05-08T01:17:00.0163400Z > Task :app:checkDebugAarMetadata
2026-05-08T01:17:00.2116380Z > Task :app:mergeDebugResources FROM-CACHE
2026-05-08T01:17:00.3104473Z > Task :app:createDebugCompatibleScreenManifests
2026-05-08T01:17:00.3113381Z > Task :app:extractDeepLinksDebug FROM-CACHE
2026-05-08T01:17:00.4106675Z > Task :app:processDebugMainManifest FROM-CACHE
2026-05-08T01:17:00.4123777Z > Task :app:processDebugManifest FROM-CACHE
2026-05-08T01:17:00.4163392Z > Task :app:processDebugManifestForPackage FROM-CACHE
2026-05-08T01:17:00.8081786Z > Task :app:processDebugResources FROM-CACHE
2026-05-08T01:17:00.8091499Z > Task :app:preDebugAndroidTestBuild SKIPPED
2026-05-08T01:17:00.8103748Z > Task :app:generateDebugAndroidTestResValues FROM-CACHE
2026-05-08T01:17:00.8113678Z > Task :app:extractProguardFiles
2026-05-08T01:17:00.8114410Z > Task :app:preDebugUnitTestBuild UP-TO-DATE
2026-05-08T01:17:28.8097140Z > Task :app:compileDebugKotlin
2026-05-08T01:17:58.5097997Z e: file:///home/runner/work/prismTask/prismTask/app/src/main/java/com/averycorp/prismtask/ui/screens/today/dailyessentials/cards/RoutineCard.kt:12:43 Cannot access 'val RowColumnParentData?.weight: Float': it is internal in file.
2026-05-08T01:17:58.5099686Z 
2026-05-08T01:17:58.5140141Z 
2026-05-08T01:17:58.5140401Z > Task :app:compileDebugKotlin FAILED
2026-05-08T01:17:58.5143909Z FAILURE: Build failed with an exception.
2026-05-08T01:17:58.5144958Z gradle/actions: Writing build results to /home/runner/work/_temp/.gradle-actions/build-results/__run_5-1778203015823.json
2026-05-08T01:17:58.5146020Z 
2026-05-08T01:17:58.5146138Z 
2026-05-08T01:17:58.5165739Z * What went wrong:
2026-05-08T01:17:58.5166848Z [Incubating] Problems report is available at: file:///home/runner/work/prismTask/prismTask/build/reports/problems/problems-report.html
2026-05-08T01:17:58.5168582Z Execution failed for task ':app:compileDebugKotlin'.
2026-05-08T01:17:58.5169045Z 
2026-05-08T01:17:58.5169731Z Deprecated Gradle features were used in this build, making it incompatible with Gradle 10.
2026-05-08T01:17:58.5171379Z > A failure occurred while executing org.jetbrains.kotlin.compilerRunner.btapi.BuildToolsApiCompilationWork
2026-05-08T01:17:58.5172489Z 
2026-05-08T01:17:58.5173230Z    > Compilation error. See log for more details
2026-05-08T01:17:58.5174649Z You can use '--warning-mode all' to show the individual deprecation warnings and determine if they come from your own scripts or plugins.
2026-05-08T01:17:58.5175980Z 
2026-05-08T01:17:58.5176180Z 
2026-05-08T01:17:58.5176494Z * Try:
2026-05-08T01:17:58.5177839Z For more on this, please refer to https://docs.gradle.org/9.3.1/userguide/command_line_interface.html#sec:command_line_warnings in the Gradle documentation.
2026-05-08T01:17:58.5179502Z > Run with --stacktrace option to get the stack trace.
2026-05-08T01:17:58.5180482Z 24 actionable tasks: 6 executed, 18 from cache
2026-05-08T01:17:58.5181385Z > Run with --info or --debug option to get more log output.
2026-05-08T01:17:58.5182881Z > Run with --scan to get full insights from a Build Scan (powered by Develocity).
2026-05-08T01:17:58.5183988Z > Get more help at https://help.gradle.org.
2026-05-08T01:17:58.5184623Z 
2026-05-08T01:17:58.5185052Z BUILD FAILED in 1m 3s
2026-05-08T01:17:58.6397468Z ##[error]Process completed with exit code 1.
2026-05-08T01:17:58.6444714Z ##[group]Run ./gradlew compileDebugAndroidTestKotlin --continue
2026-05-08T01:17:58.6445238Z [36;1m./gradlew compileDebugAndroidTestKotlin --continue[0m
2026-05-08T01:17:58.6466468Z shell: /usr/bin/bash -e {0}
2026-05-08T01:17:58.6466739Z env:
2026-05-08T01:17:58.6467067Z   JAVA_HOME: /opt/hostedtoolcache/Java_Temurin-Hotspot_jdk/21.0.10-7/x64
2026-05-08T01:17:58.6467574Z   JAVA_HOME_21_X64: /opt/hostedtoolcache/Java_Temurin-Hotspot_jdk/21.0.10-7/x64
2026-05-08T01:17:58.6468004Z   GRADLE_ACTION_ID: gradle/actions/setup-gradle
2026-05-08T01:17:58.6468323Z   GRADLE_USER_HOME: /home/runner/.gradle
2026-05-08T01:17:58.6468630Z   GRADLE_BUILD_ACTION_SETUP_COMPLETED: true
2026-05-08T01:17:58.6468937Z   GRADLE_BUILD_ACTION_CACHE_RESTORED: true
2026-05-08T01:17:58.6469390Z   DEVELOCITY_INJECTION_INIT_SCRIPT_NAME: gradle-actions.inject-develocity.init.gradle
2026-05-08T01:17:58.6469877Z   DEVELOCITY_INJECTION_CUSTOM_VALUE: gradle-actions
2026-05-08T01:17:58.6470236Z   GITHUB_DEPENDENCY_GRAPH_ENABLED: false
2026-05-08T01:17:58.6470525Z ##[endgroup]
2026-05-08T01:17:59.4213569Z Configuration on demand is an incubating feature.
2026-05-08T01:17:59.6223181Z 
2026-05-08T01:17:59.6229896Z > Configure project :app
2026-05-08T01:17:59.6295828Z WARNING: The option setting 'android.builtInKotlin=false' is deprecated.
2026-05-08T01:17:59.6343276Z The current default is 'true'.
2026-05-08T01:17:59.6391557Z It will be removed in version 10.0 of the Android Gradle plugin.
2026-05-08T01:17:59.6401359Z WARNING: The option setting 'android.newDsl=false' is deprecated.
2026-05-08T01:17:59.6416315Z The current default is 'true'.
2026-05-08T01:17:59.6432270Z It will be removed in version 10.0 of the Android Gradle plugin.
2026-05-08T01:17:59.6478726Z WARNING: The option setting 'android.dependency.excludeLibraryComponentsFromConstraints=true' is deprecated.
2026-05-08T01:17:59.6489242Z The current default is 'false'.
2026-05-08T01:17:59.6543369Z It will be removed in version 10.0 of the Android Gradle plugin.
2026-05-08T01:17:59.6577697Z Following can be set instead to achieve a similar behaviour.
2026-05-08T01:17:59.6598046Z     android.dependency.useConstraints=false
2026-05-08T01:17:59.6613583Z w: ⚠️ Deprecated 'org.jetbrains.kotlin.android' plugin usage
2026-05-08T01:17:59.6643447Z The 'org.jetbrains.kotlin.android' plugin in project ':app' is no longer required for Kotlin support since AGP 9.0.
2026-05-08T01:17:59.6663648Z Solution: Remove both `android.builtInKotlin=true` and `android.newDsl=false` from `gradle.properties`, then migrate to built-in Kotlin.
2026-05-08T01:17:59.6686890Z See https://kotl.in/gradle/agp-built-in-kotlin for more details.
2026-05-08T01:17:59.6711218Z 
2026-05-08T01:17:59.8193409Z 
2026-05-08T01:17:59.8203647Z > Task :app:checkKotlinGradlePluginConfigurationErrors SKIPPED
2026-05-08T01:17:59.8233257Z > Task :app:preBuild UP-TO-DATE
2026-05-08T01:17:59.8248976Z > Task :app:preDebugBuild UP-TO-DATE
2026-05-08T01:17:59.8249889Z > Task :app:generateDebugBuildConfig UP-TO-DATE
2026-05-08T01:17:59.8251186Z > Task :app:generateDebugResValues UP-TO-DATE
2026-05-08T01:17:59.8252096Z > Task :app:generateDebugResources UP-TO-DATE
2026-05-08T01:17:59.8253258Z > Task :app:injectCrashlyticsMappingFileIdDebug UP-TO-DATE
2026-05-08T01:17:59.8254417Z > Task :app:processDebugGoogleServices UP-TO-DATE
2026-05-08T01:17:59.8259426Z > Task :app:packageDebugResources UP-TO-DATE
2026-05-08T01:17:59.9199005Z > Task :app:processDebugNavigationResources UP-TO-DATE
2026-05-08T01:17:59.9204448Z > Task :app:parseDebugLocalResources UP-TO-DATE
2026-05-08T01:17:59.9205375Z > Task :app:generateDebugRFile UP-TO-DATE
2026-05-08T01:18:00.0193260Z > Task :app:kspDebugKotlin UP-TO-DATE
2026-05-08T01:18:00.2200121Z > Task :app:javaPreCompileDebug UP-TO-DATE
2026-05-08T01:18:00.2243422Z > Task :app:checkDebugAarMetadata UP-TO-DATE
2026-05-08T01:18:00.2283024Z > Task :app:mapDebugSourceSetPaths UP-TO-DATE
2026-05-08T01:18:00.2302886Z > Task :app:compileDebugNavigationResources UP-TO-DATE
2026-05-08T01:18:00.2307766Z > Task :app:mergeDebugResources UP-TO-DATE
2026-05-08T01:18:00.2308722Z > Task :app:createDebugCompatibleScreenManifests UP-TO-DATE
2026-05-08T01:18:00.2309598Z > Task :app:extractDeepLinksDebug UP-TO-DATE
2026-05-08T01:18:00.2310399Z > Task :app:processDebugMainManifest UP-TO-DATE
2026-05-08T01:18:00.2311172Z > Task :app:processDebugManifest UP-TO-DATE
2026-05-08T01:18:00.2311974Z > Task :app:processDebugManifestForPackage UP-TO-DATE
2026-05-08T01:18:00.3240480Z > Task :app:processDebugResources UP-TO-DATE
2026-05-08T01:18:00.3305549Z > Task :app:preDebugAndroidTestBuild SKIPPED
2026-05-08T01:18:00.7223568Z > Task :app:processDebugAndroidTestManifest
2026-05-08T01:18:00.7224957Z > Task :app:generateDebugAndroidTestBuildConfig FROM-CACHE
2026-05-08T01:18:00.7253467Z > Task :app:generateDebugAndroidTestResValues UP-TO-DATE
2026-05-08T01:18:00.7254623Z > Task :app:generateDebugAndroidTestResources FROM-CACHE
2026-05-08T01:18:00.7283431Z > Task :app:packageDebugAndroidTestResources FROM-CACHE
2026-05-08T01:18:00.7313448Z > Task :app:processDebugAndroidTestNavigationResources FROM-CACHE
2026-05-08T01:18:00.7343326Z > Task :app:parseDebugAndroidTestLocalResources FROM-CACHE
2026-05-08T01:18:00.7344802Z > Task :app:generateDebugAndroidTestRFile FROM-CACHE
2026-05-08T01:18:27.9230294Z e: file:///home/runner/work/prismTask/prismTask/app/src/main/java/com/averycorp/prismtask/ui/screens/today/dailyessentials/cards/RoutineCard.kt:12:43 Cannot access 'val RowColumnParentData?.weight: Float': it is internal in file.
2026-05-08T01:18:27.9231830Z 
2026-05-08T01:18:27.9322865Z 
2026-05-08T01:18:27.9323231Z > Task :app:compileDebugKotlin FAILED
2026-05-08T01:18:27.9337783Z FAILURE: Build failed with an exception.
2026-05-08T01:18:27.9338687Z gradle/actions: Writing build results to /home/runner/work/_temp/.gradle-actions/build-results/__run_6-1778203079335.json
2026-05-08T01:18:27.9352828Z 
2026-05-08T01:18:27.9376068Z 
2026-05-08T01:18:27.9382937Z * What went wrong:
2026-05-08T01:18:27.9413075Z Execution failed for task ':app:compileDebugKotlin'.
2026-05-08T01:18:27.9414170Z [Incubating] Problems report is available at: file:///home/runner/work/prismTask/prismTask/build/reports/problems/problems-report.html
2026-05-08T01:18:27.9415783Z > A failure occurred while executing org.jetbrains.kotlin.compilerRunner.btapi.BuildToolsApiCompilationWork
2026-05-08T01:18:27.9432871Z 
2026-05-08T01:18:27.9442997Z    > Compilation error. See log for more details
2026-05-08T01:18:27.9455291Z Deprecated Gradle features were used in this build, making it incompatible with Gradle 10.
2026-05-08T01:18:27.9498166Z 
2026-05-08T01:18:27.9498177Z 
2026-05-08T01:18:27.9503225Z * Try:
2026-05-08T01:18:27.9533332Z > Run with --stacktrace option to get the stack trace.
2026-05-08T01:18:27.9534417Z You can use '--warning-mode all' to show the individual deprecation warnings and determine if they come from your own scripts or plugins.
2026-05-08T01:18:27.9535269Z 
2026-05-08T01:18:27.9535682Z > Run with --info or --debug option to get more log output.
2026-05-08T01:18:27.9563259Z > Run with --scan to get full insights from a Build Scan (powered by Develocity).
2026-05-08T01:18:27.9570012Z For more on this, please refer to https://docs.gradle.org/9.3.1/userguide/command_line_interface.html#sec:command_line_warnings in the Gradle documentation.
2026-05-08T01:18:27.9573986Z 30 actionable tasks: 2 executed, 6 from cache, 22 up-to-date
2026-05-08T01:18:27.9583716Z > Get more help at https://help.gradle.org.
2026-05-08T01:18:27.9584915Z 
2026-05-08T01:18:27.9593337Z BUILD FAILED in 29s
2026-05-08T01:18:28.1504831Z ##[error]Process completed with exit code 1.
2026-05-08T01:18:28.1534892Z ##[group]Run set -euo pipefail
2026-05-08T01:18:28.1535263Z [36;1mset -euo pipefail[0m
2026-05-08T01:18:28.1535576Z [36;1mVERSION="13-robolectric-9030017-i6"[0m
2026-05-08T01:18:28.1536077Z [36;1mDEP_DIR="$HOME/.m2/repository/org/robolectric/android-all-instrumented/${VERSION}"[0m
2026-05-08T01:18:28.1536779Z [36;1mBASE_URL="https://repo1.maven.org/maven2/org/robolectric/android-all-instrumented/${VERSION}"[0m
2026-05-08T01:18:28.1537343Z [36;1mARTIFACT="android-all-instrumented-${VERSION}"[0m
2026-05-08T01:18:28.1537695Z [36;1mmkdir -p "$DEP_DIR"[0m
2026-05-08T01:18:28.1538026Z [36;1mfor ext in jar pom jar.sha512 pom.sha512; do[0m
2026-05-08T01:18:28.1538348Z [36;1m  file="${ARTIFACT}.${ext}"[0m
2026-05-08T01:18:28.1538652Z [36;1m  if [ -s "$DEP_DIR/$file" ]; then[0m
2026-05-08T01:18:28.1538953Z [36;1m    echo "cached: $file"[0m
2026-05-08T01:18:28.1539221Z [36;1m    continue[0m
2026-05-08T01:18:28.1539451Z [36;1m  fi[0m
2026-05-08T01:18:28.1539797Z [36;1m  curl -fsSL --retry 5 --retry-delay 5 --retry-all-errors \[0m
2026-05-08T01:18:28.1540236Z [36;1m    -o "$DEP_DIR/$file" "$BASE_URL/$file"[0m
2026-05-08T01:18:28.1540629Z [36;1m  echo "fetched: $file ($(stat -c%s "$DEP_DIR/$file") bytes)"[0m
2026-05-08T01:18:28.1540984Z [36;1mdone[0m
2026-05-08T01:18:28.1562454Z shell: /usr/bin/bash --noprofile --norc -e -o pipefail {0}
2026-05-08T01:18:28.1563150Z env:
2026-05-08T01:18:28.1563500Z   JAVA_HOME: /opt/hostedtoolcache/Java_Temurin-Hotspot_jdk/21.0.10-7/x64
2026-05-08T01:18:28.1564028Z   JAVA_HOME_21_X64: /opt/hostedtoolcache/Java_Temurin-Hotspot_jdk/21.0.10-7/x64
2026-05-08T01:18:28.1564675Z   GRADLE_ACTION_ID: gradle/actions/setup-gradle
2026-05-08T01:18:28.1565002Z   GRADLE_USER_HOME: /home/runner/.gradle
2026-05-08T01:18:28.1565308Z   GRADLE_BUILD_ACTION_SETUP_COMPLETED: true
2026-05-08T01:18:28.1565625Z   GRADLE_BUILD_ACTION_CACHE_RESTORED: true
2026-05-08T01:18:28.1566083Z   DEVELOCITY_INJECTION_INIT_SCRIPT_NAME: gradle-actions.inject-develocity.init.gradle
2026-05-08T01:18:28.1566588Z   DEVELOCITY_INJECTION_CUSTOM_VALUE: gradle-actions
2026-05-08T01:18:28.1566932Z   GITHUB_DEPENDENCY_GRAPH_ENABLED: false
2026-05-08T01:18:28.1567215Z ##[endgroup]
2026-05-08T01:18:28.8429659Z fetched: android-all-instrumented-13-robolectric-9030017-i6.jar (162851943 bytes)
2026-05-08T01:18:28.9068730Z fetched: android-all-instrumented-13-robolectric-9030017-i6.pom (1390 bytes)
2026-05-08T01:18:28.9616404Z fetched: android-all-instrumented-13-robolectric-9030017-i6.jar.sha512 (128 bytes)
2026-05-08T01:18:29.0171051Z fetched: android-all-instrumented-13-robolectric-9030017-i6.pom.sha512 (128 bytes)
2026-05-08T01:18:29.0205660Z ##[group]Run set -euo pipefail
2026-05-08T01:18:29.0206029Z [36;1mset -euo pipefail[0m
2026-05-08T01:18:29.0206309Z [36;1mshopt -s globstar nullglob[0m
2026-05-08T01:18:29.0206636Z [36;1mxmls=(app/build/test-results/**/*.xml)[0m
2026-05-08T01:18:29.0206957Z [36;1mif [ ${#xmls[@]} -eq 0 ]; then[0m
2026-05-08T01:18:29.0207448Z [36;1m  echo "::error::No JUnit XML results found under app/build/test-results/. Did the test task run?"[0m
2026-05-08T01:18:29.0207929Z [36;1m  exit 1[0m
2026-05-08T01:18:29.0208151Z [36;1mfi[0m
2026-05-08T01:18:29.0208357Z [36;1mfailed=0[0m
2026-05-08T01:18:29.0208584Z [36;1mfor f in "${xmls[@]}"; do[0m
2026-05-08T01:18:29.0209015Z [36;1m  fails=$(grep -oE 'failures="[0-9]+"' "$f" | head -n1 | grep -oE '[0-9]+' || echo 0)[0m
2026-05-08T01:18:29.0209560Z [36;1m  errs=$(grep -oE 'errors="[0-9]+"' "$f" | head -n1 | grep -oE '[0-9]+' || echo 0)[0m
2026-05-08T01:18:29.0210074Z [36;1m  if [ "${fails:-0}" -gt 0 ] || [ "${errs:-0}" -gt 0 ]; then[0m
2026-05-08T01:18:29.0210539Z [36;1m    echo "::error file=${f}::${fails} failure(s), ${errs} error(s) in ${f}"[0m
2026-05-08T01:18:29.0210957Z [36;1m    failed=$((failed + fails + errs))[0m
2026-05-08T01:18:29.0211258Z [36;1m  fi[0m
2026-05-08T01:18:29.0211467Z [36;1mdone[0m
2026-05-08T01:18:29.0211721Z [36;1mif [ "$failed" -gt 0 ]; then[0m
2026-05-08T01:18:29.0212252Z [36;1m  echo "::error::${failed} unit-test failure(s)/error(s) detected. See annotations and the test-results artifact."[0m
2026-05-08T01:18:29.0213082Z [36;1m  exit 1[0m
2026-05-08T01:18:29.0213328Z [36;1mfi[0m
2026-05-08T01:18:29.0213606Z [36;1mecho "All ${#xmls[@]} JUnit XML reports clean."[0m
2026-05-08T01:18:29.0235637Z shell: /usr/bin/bash --noprofile --norc -e -o pipefail {0}
2026-05-08T01:18:29.0235987Z env:
2026-05-08T01:18:29.0236315Z   JAVA_HOME: /opt/hostedtoolcache/Java_Temurin-Hotspot_jdk/21.0.10-7/x64
2026-05-08T01:18:29.0236835Z   JAVA_HOME_21_X64: /opt/hostedtoolcache/Java_Temurin-Hotspot_jdk/21.0.10-7/x64
2026-05-08T01:18:29.0237277Z   GRADLE_ACTION_ID: gradle/actions/setup-gradle
2026-05-08T01:18:29.0237595Z   GRADLE_USER_HOME: /home/runner/.gradle
2026-05-08T01:18:29.0237898Z   GRADLE_BUILD_ACTION_SETUP_COMPLETED: true
2026-05-08T01:18:29.0238208Z   GRADLE_BUILD_ACTION_CACHE_RESTORED: true
2026-05-08T01:18:29.0238650Z   DEVELOCITY_INJECTION_INIT_SCRIPT_NAME: gradle-actions.inject-develocity.init.gradle
2026-05-08T01:18:29.0239139Z   DEVELOCITY_INJECTION_CUSTOM_VALUE: gradle-actions
2026-05-08T01:18:29.0239473Z   GITHUB_DEPENDENCY_GRAPH_ENABLED: false
2026-05-08T01:18:29.0239756Z ##[endgroup]
2026-05-08T01:18:30.0736113Z All 221 JUnit XML reports clean.
2026-05-08T01:18:30.0809807Z ##[group]Run actions/upload-artifact@v7
2026-05-08T01:18:30.0810141Z with:
2026-05-08T01:18:30.0810356Z   name: lint-report
2026-05-08T01:18:30.0810631Z   path: app/build/reports/lint-results-debug.html
2026-05-08T01:18:30.0810955Z   retention-days: 7
2026-05-08T01:18:30.0811189Z   if-no-files-found: warn
2026-05-08T01:18:30.0811631Z   compression-level: 6
2026-05-08T01:18:30.0811867Z   overwrite: false
2026-05-08T01:18:30.0812101Z   include-hidden-files: false
2026-05-08T01:18:30.0812359Z   archive: true
2026-05-08T01:18:30.0812896Z env:
2026-05-08T01:18:30.0813233Z   JAVA_HOME: /opt/hostedtoolcache/Java_Temurin-Hotspot_jdk/21.0.10-7/x64
2026-05-08T01:18:30.0813738Z   JAVA_HOME_21_X64: /opt/hostedtoolcache/Java_Temurin-Hotspot_jdk/21.0.10-7/x64
2026-05-08T01:18:30.0814179Z   GRADLE_ACTION_ID: gradle/actions/setup-gradle
2026-05-08T01:18:30.0814506Z   GRADLE_USER_HOME: /home/runner/.gradle
2026-05-08T01:18:30.0814817Z   GRADLE_BUILD_ACTION_SETUP_COMPLETED: true
2026-05-08T01:18:30.0815166Z   GRADLE_BUILD_ACTION_CACHE_RESTORED: true
2026-05-08T01:18:30.0815615Z   DEVELOCITY_INJECTION_INIT_SCRIPT_NAME: gradle-actions.inject-develocity.init.gradle
2026-05-08T01:18:30.0816100Z   DEVELOCITY_INJECTION_CUSTOM_VALUE: gradle-actions
2026-05-08T01:18:30.0816434Z   GITHUB_DEPENDENCY_GRAPH_ENABLED: false
2026-05-08T01:18:30.0816721Z ##[endgroup]
2026-05-08T01:18:30.2174383Z With the provided path, there will be 1 file uploaded
2026-05-08T01:18:30.2179343Z Artifact name is valid!
2026-05-08T01:18:30.2179971Z Root directory input is valid!
2026-05-08T01:18:30.3531684Z Uploading artifact: lint-report.zip
2026-05-08T01:18:30.3603351Z Beginning upload of artifact content to blob storage
2026-05-08T01:18:30.5667334Z Uploaded bytes 63235
2026-05-08T01:18:30.6013015Z Finished uploading artifact content to blob storage!
2026-05-08T01:18:30.6014374Z SHA256 digest of uploaded artifact is 25ac2093ab4f04db4770c068d4e08457e27dce1cdfa773abbd598919dd40591c
2026-05-08T01:18:30.6015484Z Finalizing artifact upload
2026-05-08T01:18:30.7637770Z Artifact lint-report successfully finalized. Artifact ID 6869892577
2026-05-08T01:18:30.7639244Z Artifact lint-report has been successfully uploaded! Final size is 63235 bytes. Artifact ID is 6869892577
2026-05-08T01:18:30.7642386Z Artifact download URL: https://github.com/averycorp/prismTask/actions/runs/25531045090/artifacts/6869892577
2026-05-08T01:18:30.7761449Z ##[group]Run actions/upload-artifact@v7
2026-05-08T01:18:30.7761775Z with:
2026-05-08T01:18:30.7761993Z   name: detekt-report
2026-05-08T01:18:30.7762249Z   path: app/build/reports/detekt/
2026-05-08T01:18:30.7762825Z   retention-days: 7
2026-05-08T01:18:30.7763262Z   if-no-files-found: warn
2026-05-08T01:18:30.7763660Z   compression-level: 6
2026-05-08T01:18:30.7763912Z   overwrite: false
2026-05-08T01:18:30.7764151Z   include-hidden-files: false
2026-05-08T01:18:30.7764415Z   archive: true
2026-05-08T01:18:30.7764629Z env:
2026-05-08T01:18:30.7764953Z   JAVA_HOME: /opt/hostedtoolcache/Java_Temurin-Hotspot_jdk/21.0.10-7/x64
2026-05-08T01:18:30.7765468Z   JAVA_HOME_21_X64: /opt/hostedtoolcache/Java_Temurin-Hotspot_jdk/21.0.10-7/x64
2026-05-08T01:18:30.7765908Z   GRADLE_ACTION_ID: gradle/actions/setup-gradle
2026-05-08T01:18:30.7766239Z   GRADLE_USER_HOME: /home/runner/.gradle
2026-05-08T01:18:30.7766552Z   GRADLE_BUILD_ACTION_SETUP_COMPLETED: true
2026-05-08T01:18:30.7766906Z   GRADLE_BUILD_ACTION_CACHE_RESTORED: true
2026-05-08T01:18:30.7767368Z   DEVELOCITY_INJECTION_INIT_SCRIPT_NAME: gradle-actions.inject-develocity.init.gradle
2026-05-08T01:18:30.7767866Z   DEVELOCITY_INJECTION_CUSTOM_VALUE: gradle-actions
2026-05-08T01:18:30.7768200Z   GITHUB_DEPENDENCY_GRAPH_ENABLED: false
2026-05-08T01:18:30.7768491Z ##[endgroup]
2026-05-08T01:18:30.9165091Z With the provided path, there will be 2 files uploaded
2026-05-08T01:18:30.9169958Z Artifact name is valid!
2026-05-08T01:18:30.9170485Z Root directory input is valid!
2026-05-08T01:18:31.0486308Z Uploading artifact: detekt-report.zip
2026-05-08T01:18:31.0559752Z Beginning upload of artifact content to blob storage
2026-05-08T01:18:31.2081176Z Uploaded bytes 4201
2026-05-08T01:18:31.2434771Z Finished uploading artifact content to blob storage!
2026-05-08T01:18:31.2435845Z SHA256 digest of uploaded artifact is 3adef8dec93fcd7464a4e62c0c99001137907090d66071f21f61e5b123259adc
2026-05-08T01:18:31.2437197Z Finalizing artifact upload
2026-05-08T01:18:31.4042850Z Artifact detekt-report successfully finalized. Artifact ID 6869892682
2026-05-08T01:18:31.4044088Z Artifact detekt-report has been successfully uploaded! Final size is 4201 bytes. Artifact ID is 6869892682
2026-05-08T01:18:31.4047107Z Artifact download URL: https://github.com/averycorp/prismTask/actions/runs/25531045090/artifacts/6869892682
2026-05-08T01:18:31.4163036Z ##[group]Run actions/upload-artifact@v7
2026-05-08T01:18:31.4163390Z with:
2026-05-08T01:18:31.4163611Z   name: test-results
2026-05-08T01:18:31.4163871Z   path: app/build/test-results/
2026-05-08T01:18:31.4164156Z   retention-days: 7
2026-05-08T01:18:31.4164402Z   if-no-files-found: warn
2026-05-08T01:18:31.4164669Z   compression-level: 6
2026-05-08T01:18:31.4164918Z   overwrite: false
2026-05-08T01:18:31.4165172Z   include-hidden-files: false
2026-05-08T01:18:31.4165439Z   archive: true
2026-05-08T01:18:31.4165656Z env:
2026-05-08T01:18:31.4165987Z   JAVA_HOME: /opt/hostedtoolcache/Java_Temurin-Hotspot_jdk/21.0.10-7/x64
2026-05-08T01:18:31.4166522Z   JAVA_HOME_21_X64: /opt/hostedtoolcache/Java_Temurin-Hotspot_jdk/21.0.10-7/x64
2026-05-08T01:18:31.4166977Z   GRADLE_ACTION_ID: gradle/actions/setup-gradle
2026-05-08T01:18:31.4167316Z   GRADLE_USER_HOME: /home/runner/.gradle
2026-05-08T01:18:31.4167634Z   GRADLE_BUILD_ACTION_SETUP_COMPLETED: true
2026-05-08T01:18:31.4168024Z   GRADLE_BUILD_ACTION_CACHE_RESTORED: true
2026-05-08T01:18:31.4168496Z   DEVELOCITY_INJECTION_INIT_SCRIPT_NAME: gradle-actions.inject-develocity.init.gradle
2026-05-08T01:18:31.4169003Z   DEVELOCITY_INJECTION_CUSTOM_VALUE: gradle-actions
2026-05-08T01:18:31.4169345Z   GITHUB_DEPENDENCY_GRAPH_ENABLED: false
2026-05-08T01:18:31.4169639Z ##[endgroup]
2026-05-08T01:18:31.5912880Z With the provided path, there will be 223 files uploaded
2026-05-08T01:18:31.5916550Z Artifact name is valid!
2026-05-08T01:18:31.5917300Z Root directory input is valid!
2026-05-08T01:18:31.7204266Z Uploading artifact: test-results.zip
2026-05-08T01:18:31.7244124Z Beginning upload of artifact content to blob storage
2026-05-08T01:18:32.0985542Z Uploaded bytes 229639
2026-05-08T01:18:32.1296451Z Finished uploading artifact content to blob storage!
2026-05-08T01:18:32.1297641Z SHA256 digest of uploaded artifact is 5a40b46223562ac922d67a2897613e4d2a73f9269fa97f011ea6a973435f48a5
2026-05-08T01:18:32.1298468Z Finalizing artifact upload
2026-05-08T01:18:32.3257087Z Artifact test-results successfully finalized. Artifact ID 6869892868
2026-05-08T01:18:32.3258266Z Artifact test-results has been successfully uploaded! Final size is 229639 bytes. Artifact ID is 6869892868
2026-05-08T01:18:32.3261777Z Artifact download URL: https://github.com/averycorp/prismTask/actions/runs/25531045090/artifacts/6869892868
2026-05-08T01:18:32.3435624Z Post job cleanup.
2026-05-08T01:18:32.3530418Z Post job cleanup.
2026-05-08T01:18:32.6646812Z In post-action step
2026-05-08T01:18:32.6659540Z ##[group]Stopping Gradle daemons
2026-05-08T01:18:32.6660928Z Stopping Gradle daemons for /home/runner/.gradle/wrapper/dists/gradle-9.3.1-bin/23ovyewtku6u96viwx3xl3oks/gradle-9.3.1
2026-05-08T01:18:32.6679188Z [command]/home/runner/.gradle/wrapper/dists/gradle-9.3.1-bin/23ovyewtku6u96viwx3xl3oks/gradle-9.3.1/bin/gradle --stop
2026-05-08T01:18:33.2994543Z Stopping Daemon(s)
2026-05-08T01:18:33.2995298Z 1 Daemon stopped
2026-05-08T01:18:33.3189166Z ##[endgroup]
2026-05-08T01:18:33.3190625Z Not performing cache-cleanup due to build failure
2026-05-08T01:18:33.3191539Z ##[group]Caching Gradle state
2026-05-08T01:18:38.3151918Z [command]/usr/bin/tar --posix -cf cache.tzst --exclude cache.tzst -P -C /home/runner/work/prismTask/prismTask --files-from manifest.txt --use-compress-program zstdmt
2026-05-08T01:18:40.2540638Z Sent 167884545 of 302102273 (55.6%), 160.3 MBs/sec
2026-05-08T01:18:41.0622586Z Sent 302102273 of 302102273 (100.0%), 159.4 MBs/sec
2026-05-08T01:18:41.2068320Z Saved cache entry with key gradle-home-v1|Linux-X64|lint-and-test[5df42585ae8f8da228c604b8b4e8707c]-f613a6e368837a7907851befe4847885bd5635c7 from /home/runner/.gradle/caches,/home/runner/.gradle/notifications,/home/runner/.gradle/.setup-gradle in 2909ms
2026-05-08T01:18:41.2070007Z ##[endgroup]
2026-05-08T01:18:41.2075495Z Generating Job Summary
2026-05-08T01:18:41.2088971Z Completed post-action step
2026-05-08T01:18:41.2299231Z Post job cleanup.
2026-05-08T01:18:41.4081849Z Post job cleanup.
2026-05-08T01:18:41.4901818Z [command]/usr/bin/git version
2026-05-08T01:18:41.4941243Z git version 2.53.0
2026-05-08T01:18:41.4985001Z Temporarily overriding HOME='/home/runner/work/_temp/4906ce13-8b38-4db9-9532-08bea75bc4d2' before making global git config changes
2026-05-08T01:18:41.4991556Z Adding repository directory to the temporary git global config as a safe directory
2026-05-08T01:18:41.4993006Z [command]/usr/bin/git config --global --add safe.directory /home/runner/work/prismTask/prismTask
2026-05-08T01:18:41.5021305Z Removing SSH command configuration
2026-05-08T01:18:41.5027646Z [command]/usr/bin/git config --local --name-only --get-regexp core\.sshCommand
2026-05-08T01:18:41.5061791Z [command]/usr/bin/git submodule foreach --recursive sh -c "git config --local --name-only --get-regexp 'core\.sshCommand' && git config --local --unset-all 'core.sshCommand' || :"
2026-05-08T01:18:41.5315713Z Removing HTTP extra header
2026-05-08T01:18:41.5319989Z [command]/usr/bin/git config --local --name-only --get-regexp http\.https\:\/\/github\.com\/\.extraheader
2026-05-08T01:18:41.5352215Z [command]/usr/bin/git submodule foreach --recursive sh -c "git config --local --name-only --get-regexp 'http\.https\:\/\/github\.com\/\.extraheader' && git config --local --unset-all 'http.https://github.com/.extraheader' || :"
2026-05-08T01:18:41.5568342Z Removing includeIf entries pointing to credentials config files
2026-05-08T01:18:41.5574107Z [command]/usr/bin/git config --local --name-only --get-regexp ^includeIf\.gitdir:
2026-05-08T01:18:41.5596533Z includeif.gitdir:/home/runner/work/prismTask/prismTask/.git.path
2026-05-08T01:18:41.5597329Z includeif.gitdir:/home/runner/work/prismTask/prismTask/.git/worktrees/*.path
2026-05-08T01:18:41.5597853Z includeif.gitdir:/github/workspace/.git.path
2026-05-08T01:18:41.5598273Z includeif.gitdir:/github/workspace/.git/worktrees/*.path
2026-05-08T01:18:41.5605801Z [command]/usr/bin/git config --local --get-all includeif.gitdir:/home/runner/work/prismTask/prismTask/.git.path
2026-05-08T01:18:41.5626537Z /home/runner/work/_temp/git-credentials-935896b9-355e-41c5-9850-b2156a80d9a8.config
2026-05-08T01:18:41.5637499Z [command]/usr/bin/git config --local --unset includeif.gitdir:/home/runner/work/prismTask/prismTask/.git.path /home/runner/work/_temp/git-credentials-935896b9-355e-41c5-9850-b2156a80d9a8.config
2026-05-08T01:18:41.5670180Z [command]/usr/bin/git config --local --get-all includeif.gitdir:/home/runner/work/prismTask/prismTask/.git/worktrees/*.path
2026-05-08T01:18:41.5691304Z /home/runner/work/_temp/git-credentials-935896b9-355e-41c5-9850-b2156a80d9a8.config
2026-05-08T01:18:41.5700819Z [command]/usr/bin/git config --local --unset includeif.gitdir:/home/runner/work/prismTask/prismTask/.git/worktrees/*.path /home/runner/work/_temp/git-credentials-935896b9-355e-41c5-9850-b2156a80d9a8.config
2026-05-08T01:18:41.5729719Z [command]/usr/bin/git config --local --get-all includeif.gitdir:/github/workspace/.git.path
2026-05-08T01:18:41.5750498Z /github/runner_temp/git-credentials-935896b9-355e-41c5-9850-b2156a80d9a8.config
2026-05-08T01:18:41.5758824Z [command]/usr/bin/git config --local --unset includeif.gitdir:/github/workspace/.git.path /github/runner_temp/git-credentials-935896b9-355e-41c5-9850-b2156a80d9a8.config
2026-05-08T01:18:41.5789173Z [command]/usr/bin/git config --local --get-all includeif.gitdir:/github/workspace/.git/worktrees/*.path
2026-05-08T01:18:41.5808862Z /github/runner_temp/git-credentials-935896b9-355e-41c5-9850-b2156a80d9a8.config
2026-05-08T01:18:41.5818662Z [command]/usr/bin/git config --local --unset includeif.gitdir:/github/workspace/.git/worktrees/*.path /github/runner_temp/git-credentials-935896b9-355e-41c5-9850-b2156a80d9a8.config
2026-05-08T01:18:41.5849618Z [command]/usr/bin/git submodule foreach --recursive git config --local --show-origin --name-only --get-regexp remote.origin.url
2026-05-08T01:18:41.6062800Z Removing credentials config '/home/runner/work/_temp/git-credentials-935896b9-355e-41c5-9850-b2156a80d9a8.config'
2026-05-08T01:18:41.6206903Z Cleaning up orphan processes
2026-05-08T01:18:41.6511964Z ##[warning]Node.js 20 actions are deprecated. The following actions are running on Node.js 20 and may not work as expected: actions/setup-java@v4, gradle/actions/setup-gradle@v4. Actions will be forced to run with Node.js 24 by default starting June 2nd, 2026. Node.js 20 will be removed from the runner on September 16th, 2026. Please check if updated versions of these actions are available that support Node.js 24. To opt into Node.js 24 now, set the FORCE_JAVASCRIPT_ACTIONS_TO_NODE24=true environment variable on the runner or in your workflow file. Once Node.js 24 becomes the default, you can temporarily opt out by setting ACTIONS_ALLOW_USE_UNSECURE_NODE_VERSION=true. For more information see: https://github.blog/changelog/2025-09-19-deprecation-of-node-20-on-github-actions-runners/
