=== CI FAILURE ===
Workflow:      Android CI
Workflow file: averycorp/prismTask/.github/workflows/android-ci.yml@refs/pull/1373/merge
Job(s):        autofix
Run ID:        25839768053
Run attempt:   1
Run URL:       https://github.com/averycorp/prismTask/actions/runs/25839768053
Commit:        671b07ed1ec84c6c9a421b1d556d3aa1de771926
Branch:        1373/merge
Event:         pull_request
Actor:         akarlin3
Runner OS:     Linux
Timestamp:     2026-05-14T03:24:19.186Z

Failed steps:
  - autofix: #2 Run actions/checkout@v6

=== FAILED JOB LOG ===

--- Job: autofix (id 75922404470) ---
2026-05-14T03:23:37.6826910Z Current runner version: '2.334.0'
2026-05-14T03:23:37.6853636Z ##[group]Runner Image Provisioner
2026-05-14T03:23:37.6854484Z Hosted Compute Agent
2026-05-14T03:23:37.6855020Z Version: 20260213.493
2026-05-14T03:23:37.6855666Z Commit: 5c115507f6dd24b8de37d8bbe0bb4509d0cc0fa3
2026-05-14T03:23:37.6856388Z Build Date: 2026-02-13T00:28:41Z
2026-05-14T03:23:37.6857016Z Worker ID: {9aedac5e-7afa-4e02-b739-f25086f6945c}
2026-05-14T03:23:37.6858008Z Azure Region: westus
2026-05-14T03:23:37.6858591Z ##[endgroup]
2026-05-14T03:23:37.6860036Z ##[group]Operating System
2026-05-14T03:23:37.6860693Z Ubuntu
2026-05-14T03:23:37.6861153Z 24.04.4
2026-05-14T03:23:37.6861616Z LTS
2026-05-14T03:23:37.6862155Z ##[endgroup]
2026-05-14T03:23:37.6862643Z ##[group]Runner Image
2026-05-14T03:23:37.6863203Z Image: ubuntu-24.04
2026-05-14T03:23:37.6863739Z Version: 20260413.86.1
2026-05-14T03:23:37.6865001Z Included Software: https://github.com/actions/runner-images/blob/ubuntu24/20260413.86/images/ubuntu/Ubuntu2404-Readme.md
2026-05-14T03:23:37.6866477Z Image Release: https://github.com/actions/runner-images/releases/tag/ubuntu24%2F20260413.86
2026-05-14T03:23:37.6867376Z ##[endgroup]
2026-05-14T03:23:37.6868803Z ##[group]GITHUB_TOKEN Permissions
2026-05-14T03:23:37.6870723Z Actions: read
2026-05-14T03:23:37.6871311Z Checks: read
2026-05-14T03:23:37.6871759Z Contents: write
2026-05-14T03:23:37.6872360Z Metadata: read
2026-05-14T03:23:37.6872827Z PullRequests: read
2026-05-14T03:23:37.6873339Z ##[endgroup]
2026-05-14T03:23:37.6875450Z Secret source: Actions
2026-05-14T03:23:37.6876181Z Prepare workflow directory
2026-05-14T03:23:37.7208812Z Prepare all required actions
2026-05-14T03:23:37.7247483Z Getting action download info
2026-05-14T03:23:38.1998220Z Download action repository 'actions/checkout@v6' (SHA:de0fac2e4500dabe0009e67214ff5f5447ce83dd)
2026-05-14T03:23:38.3206404Z Download action repository 'dorny/paths-filter@v4' (SHA:fbd0ab8f3e69293af611ebaee6363fc25e6d187d)
2026-05-14T03:23:38.7007414Z Download action repository 'actions/cache@v5' (SHA:27d5ce7f107fe9357f9df03efb73ab90386fccae)
2026-05-14T03:23:39.4706727Z Complete job name: autofix
2026-05-14T03:23:39.5538214Z ##[group]Run actions/checkout@v6
2026-05-14T03:23:39.5539199Z with:
2026-05-14T03:23:39.5540229Z   token: ***
2026-05-14T03:23:39.5540681Z   ref: docs/parity-batch-6-phase-3-4
2026-05-14T03:23:39.5541252Z   fetch-depth: 0
2026-05-14T03:23:39.5541704Z   repository: averycorp/prismTask
2026-05-14T03:23:39.5542211Z   ssh-strict: true
2026-05-14T03:23:39.5542623Z   ssh-user: git
2026-05-14T03:23:39.5543052Z   persist-credentials: true
2026-05-14T03:23:39.5543528Z   clean: true
2026-05-14T03:23:39.5543959Z   sparse-checkout-cone-mode: true
2026-05-14T03:23:39.5544455Z   fetch-tags: false
2026-05-14T03:23:39.5544892Z   show-progress: true
2026-05-14T03:23:39.5545332Z   lfs: false
2026-05-14T03:23:39.5545748Z   submodules: false
2026-05-14T03:23:39.5546189Z   set-safe-directory: true
2026-05-14T03:23:39.5546952Z ##[endgroup]
2026-05-14T03:23:39.6560655Z Syncing repository: averycorp/prismTask
2026-05-14T03:23:39.6562728Z ##[group]Getting Git version info
2026-05-14T03:23:39.6563710Z Working directory is '/home/runner/work/prismTask/prismTask'
2026-05-14T03:23:39.6565004Z [command]/usr/bin/git version
2026-05-14T03:23:39.6600285Z git version 2.53.0
2026-05-14T03:23:39.6636131Z ##[endgroup]
2026-05-14T03:23:39.6657493Z Temporarily overriding HOME='/home/runner/work/_temp/7f87d340-3b1a-4565-a8c4-7cb372a91c4a' before making global git config changes
2026-05-14T03:23:39.6659943Z Adding repository directory to the temporary git global config as a safe directory
2026-05-14T03:23:39.6665547Z [command]/usr/bin/git config --global --add safe.directory /home/runner/work/prismTask/prismTask
2026-05-14T03:23:39.6703284Z Deleting the contents of '/home/runner/work/prismTask/prismTask'
2026-05-14T03:23:39.6708024Z ##[group]Initializing the repository
2026-05-14T03:23:39.6713057Z [command]/usr/bin/git init /home/runner/work/prismTask/prismTask
2026-05-14T03:23:39.6840928Z hint: Using 'master' as the name for the initial branch. This default branch name
2026-05-14T03:23:39.6843264Z hint: will change to "main" in Git 3.0. To configure the initial branch name
2026-05-14T03:23:39.6844714Z hint: to use in all of your new repositories, which will suppress this warning,
2026-05-14T03:23:39.6845947Z hint: call:
2026-05-14T03:23:39.6847050Z hint:
2026-05-14T03:23:39.6848335Z hint: 	git config --global init.defaultBranch <name>
2026-05-14T03:23:39.6849382Z hint:
2026-05-14T03:23:39.6850069Z hint: Names commonly chosen instead of 'master' are 'main', 'trunk' and
2026-05-14T03:23:39.6851125Z hint: 'development'. The just-created branch can be renamed via this command:
2026-05-14T03:23:39.6852130Z hint:
2026-05-14T03:23:39.6852923Z hint: 	git branch -m <name>
2026-05-14T03:23:39.6853630Z hint:
2026-05-14T03:23:39.6854301Z hint: Disable this message with "git config set advice.defaultBranchName false"
2026-05-14T03:23:39.6855353Z Initialized empty Git repository in /home/runner/work/prismTask/prismTask/.git/
2026-05-14T03:23:39.6857465Z [command]/usr/bin/git remote add origin https://github.com/averycorp/prismTask
2026-05-14T03:23:39.6888677Z ##[endgroup]
2026-05-14T03:23:39.6889502Z ##[group]Disabling automatic garbage collection
2026-05-14T03:23:39.6892456Z [command]/usr/bin/git config --local gc.auto 0
2026-05-14T03:23:39.6921614Z ##[endgroup]
2026-05-14T03:23:39.6923292Z ##[group]Setting up auth
2026-05-14T03:23:39.6923883Z Removing SSH command configuration
2026-05-14T03:23:39.6929670Z [command]/usr/bin/git config --local --name-only --get-regexp core\.sshCommand
2026-05-14T03:23:39.6962622Z [command]/usr/bin/git submodule foreach --recursive sh -c "git config --local --name-only --get-regexp 'core\.sshCommand' && git config --local --unset-all 'core.sshCommand' || :"
2026-05-14T03:23:39.7265634Z Removing HTTP extra header
2026-05-14T03:23:39.7272556Z [command]/usr/bin/git config --local --name-only --get-regexp http\.https\:\/\/github\.com\/\.extraheader
2026-05-14T03:23:39.7306316Z [command]/usr/bin/git submodule foreach --recursive sh -c "git config --local --name-only --get-regexp 'http\.https\:\/\/github\.com\/\.extraheader' && git config --local --unset-all 'http.https://github.com/.extraheader' || :"
2026-05-14T03:23:39.7530459Z Removing includeIf entries pointing to credentials config files
2026-05-14T03:23:39.7539246Z [command]/usr/bin/git config --local --name-only --get-regexp ^includeIf\.gitdir:
2026-05-14T03:23:39.7578630Z [command]/usr/bin/git submodule foreach --recursive git config --local --show-origin --name-only --get-regexp remote.origin.url
2026-05-14T03:23:39.7838813Z [command]/usr/bin/git config --file /home/runner/work/_temp/git-credentials-f787c141-e023-4799-ba38-67f5683354ff.config http.https://github.com/.extraheader AUTHORIZATION: basic ***
2026-05-14T03:23:39.7883367Z [command]/usr/bin/git config --local includeIf.gitdir:/home/runner/work/prismTask/prismTask/.git.path /home/runner/work/_temp/git-credentials-f787c141-e023-4799-ba38-67f5683354ff.config
2026-05-14T03:23:39.7916600Z [command]/usr/bin/git config --local includeIf.gitdir:/home/runner/work/prismTask/prismTask/.git/worktrees/*.path /home/runner/work/_temp/git-credentials-f787c141-e023-4799-ba38-67f5683354ff.config
2026-05-14T03:23:39.7949288Z [command]/usr/bin/git config --local includeIf.gitdir:/github/workspace/.git.path /github/runner_temp/git-credentials-f787c141-e023-4799-ba38-67f5683354ff.config
2026-05-14T03:23:39.7985174Z [command]/usr/bin/git config --local includeIf.gitdir:/github/workspace/.git/worktrees/*.path /github/runner_temp/git-credentials-f787c141-e023-4799-ba38-67f5683354ff.config
2026-05-14T03:23:39.8019246Z ##[endgroup]
2026-05-14T03:23:39.8020636Z ##[group]Fetching the repository
2026-05-14T03:23:39.8030770Z [command]/usr/bin/git -c protocol.version=2 fetch --no-tags --prune --no-recurse-submodules origin +refs/heads/*:refs/remotes/origin/* +refs/tags/*:refs/tags/*
2026-05-14T03:24:02.1584612Z From https://github.com/averycorp/prismTask
2026-05-14T03:24:02.1587149Z  * [new branch]        ci-logs         -> origin/ci-logs
2026-05-14T03:24:02.1589654Z  * [new branch]        feat/web-wellness-nd-preferences -> origin/feat/web-wellness-nd-preferences
2026-05-14T03:24:02.1592020Z  * [new branch]        feat/web-wellness-weekly-review-firestore -> origin/feat/web-wellness-weekly-review-firestore
2026-05-14T03:24:02.1593711Z  * [new branch]        main            -> origin/main
2026-05-14T03:24:02.1594751Z  * [new branch]        v0.1.0-legacy   -> origin/v0.1.0-legacy
2026-05-14T03:24:02.1595503Z  * [new branch]        v0.2.0-legacy   -> origin/v0.2.0-legacy
2026-05-14T03:24:02.1596232Z  * [new branch]        v0.3.0-legacy   -> origin/v0.3.0-legacy
2026-05-14T03:24:02.1596962Z  * [new branch]        v0.4.0-legacy   -> origin/v0.4.0-legacy
2026-05-14T03:24:02.1597948Z  * [new branch]        v0.5.0-legacy   -> origin/v0.5.0-legacy
2026-05-14T03:24:02.1598696Z  * [new branch]        v0.6.0-legacy   -> origin/v0.6.0-legacy
2026-05-14T03:24:02.1599460Z  * [new branch]        v0.7.0-legacy   -> origin/v0.7.0-legacy
2026-05-14T03:24:02.1600386Z  * [new branch]        worktree-course-name-only -> origin/worktree-course-name-only
2026-05-14T03:24:02.1601651Z  * [new branch]        worktree-leisure-categories-removable -> origin/worktree-leisure-categories-removable
2026-05-14T03:24:02.1602965Z  * [new branch]        worktree-recheck-recurring -> origin/worktree-recheck-recurring
2026-05-14T03:24:02.1604526Z  * [new branch]        worktree-remove-leisure-minimum-from-daily-essentials -> origin/worktree-remove-leisure-minimum-from-daily-essentials
2026-05-14T03:24:02.1605827Z  * [new tag]           v0.1.0          -> v0.1.0
2026-05-14T03:24:02.1606439Z  * [new tag]           v0.2.0          -> v0.2.0
2026-05-14T03:24:02.1607130Z  * [new tag]           v0.3.0          -> v0.3.0
2026-05-14T03:24:02.1607987Z  * [new tag]           v0.4.0          -> v0.4.0
2026-05-14T03:24:02.1608620Z  * [new tag]           v0.5.0          -> v0.5.0
2026-05-14T03:24:02.1609236Z  * [new tag]           v0.7.0          -> v0.7.0
2026-05-14T03:24:02.1609911Z  * [new tag]           v0.7.12         -> v0.7.12
2026-05-14T03:24:02.1610876Z  * [new tag]           v0.7.13         -> v0.7.13
2026-05-14T03:24:02.1611667Z  * [new tag]           v0.7.14         -> v0.7.14
2026-05-14T03:24:02.1612306Z  * [new tag]           v0.7.15         -> v0.7.15
2026-05-14T03:24:02.1612898Z  * [new tag]           v0.7.16         -> v0.7.16
2026-05-14T03:24:02.1613583Z  * [new tag]           v0.7.17         -> v0.7.17
2026-05-14T03:24:02.1614228Z  * [new tag]           v0.7.17-build.2 -> v0.7.17-build.2
2026-05-14T03:24:02.1614989Z  * [new tag]           v0.7.17-build.3 -> v0.7.17-build.3
2026-05-14T03:24:02.1615688Z  * [new tag]           v0.7.17-build.4 -> v0.7.17-build.4
2026-05-14T03:24:02.1616392Z  * [new tag]           v0.7.17-build.5 -> v0.7.17-build.5
2026-05-14T03:24:02.1617044Z  * [new tag]           v0.7.17-build.6 -> v0.7.17-build.6
2026-05-14T03:24:02.1617930Z  * [new tag]           v0.7.17-build.7 -> v0.7.17-build.7
2026-05-14T03:24:02.1618588Z  * [new tag]           v0.7.17-build.8 -> v0.7.17-build.8
2026-05-14T03:24:02.1619306Z  * [new tag]           v0.7.17-build.9 -> v0.7.17-build.9
2026-05-14T03:24:02.1619941Z  * [new tag]           v0.7.18         -> v0.7.18
2026-05-14T03:24:02.1620564Z  * [new tag]           v0.7.18-build.2 -> v0.7.18-build.2
2026-05-14T03:24:02.1621225Z  * [new tag]           v0.7.18-build.3 -> v0.7.18-build.3
2026-05-14T03:24:02.1621879Z  * [new tag]           v0.7.18-build.4 -> v0.7.18-build.4
2026-05-14T03:24:02.1622491Z  * [new tag]           v0.7.19         -> v0.7.19
2026-05-14T03:24:02.1623108Z  * [new tag]           v0.7.19-build.2 -> v0.7.19-build.2
2026-05-14T03:24:02.1623729Z  * [new tag]           v0.7.20         -> v0.7.20
2026-05-14T03:24:02.1624349Z  * [new tag]           v0.7.20-build.2 -> v0.7.20-build.2
2026-05-14T03:24:02.1624986Z  * [new tag]           v0.7.20-build.3 -> v0.7.20-build.3
2026-05-14T03:24:02.1625625Z  * [new tag]           v0.7.20-build.4 -> v0.7.20-build.4
2026-05-14T03:24:02.1626235Z  * [new tag]           v0.8.0          -> v0.8.0
2026-05-14T03:24:02.1627133Z  * [new tag]           v0.8.0-build.2  -> v0.8.0-build.2
2026-05-14T03:24:02.1628009Z  * [new tag]           v0.8.1          -> v0.8.1
2026-05-14T03:24:02.1628617Z  * [new tag]           v0.8.10         -> v0.8.10
2026-05-14T03:24:02.1629210Z  * [new tag]           v0.8.11         -> v0.8.11
2026-05-14T03:24:02.1629807Z  * [new tag]           v0.8.12         -> v0.8.12
2026-05-14T03:24:02.1630403Z  * [new tag]           v0.8.13         -> v0.8.13
2026-05-14T03:24:02.1630986Z  * [new tag]           v0.8.14         -> v0.8.14
2026-05-14T03:24:02.1631572Z  * [new tag]           v0.8.15         -> v0.8.15
2026-05-14T03:24:02.1632159Z  * [new tag]           v0.8.2          -> v0.8.2
2026-05-14T03:24:02.1632749Z  * [new tag]           v0.8.3          -> v0.8.3
2026-05-14T03:24:02.1633328Z  * [new tag]           v0.8.4          -> v0.8.4
2026-05-14T03:24:02.1633909Z  * [new tag]           v0.8.5          -> v0.8.5
2026-05-14T03:24:02.1634474Z  * [new tag]           v0.8.6          -> v0.8.6
2026-05-14T03:24:02.1635135Z  * [new tag]           v0.8.7          -> v0.8.7
2026-05-14T03:24:02.1635770Z  * [new tag]           v0.8.8          -> v0.8.8
2026-05-14T03:24:02.1636681Z  * [new tag]           v0.8.9          -> v0.8.9
2026-05-14T03:24:02.1637297Z  * [new tag]           v0.9.1          -> v0.9.1
2026-05-14T03:24:02.1638134Z  * [new tag]           v0.9.2          -> v0.9.2
2026-05-14T03:24:02.1638754Z  * [new tag]           v1.0.1          -> v1.0.1
2026-05-14T03:24:02.1639405Z  * [new tag]           v1.0.10         -> v1.0.10
2026-05-14T03:24:02.1640008Z  * [new tag]           v1.0.11         -> v1.0.11
2026-05-14T03:24:02.1640603Z  * [new tag]           v1.0.12         -> v1.0.12
2026-05-14T03:24:02.1641203Z  * [new tag]           v1.0.13         -> v1.0.13
2026-05-14T03:24:02.1641801Z  * [new tag]           v1.0.2          -> v1.0.2
2026-05-14T03:24:02.1642401Z  * [new tag]           v1.0.3          -> v1.0.3
2026-05-14T03:24:02.1642994Z  * [new tag]           v1.0.4          -> v1.0.4
2026-05-14T03:24:02.1643595Z  * [new tag]           v1.0.5          -> v1.0.5
2026-05-14T03:24:02.1644401Z  * [new tag]           v1.0.6          -> v1.0.6
2026-05-14T03:24:02.1645043Z  * [new tag]           v1.0.7          -> v1.0.7
2026-05-14T03:24:02.1645650Z  * [new tag]           v1.0.8          -> v1.0.8
2026-05-14T03:24:02.1646271Z  * [new tag]           v1.0.9          -> v1.0.9
2026-05-14T03:24:02.1646885Z  * [new tag]           v1.1.1          -> v1.1.1
2026-05-14T03:24:02.1647525Z  * [new tag]           v1.1.1-build.2  -> v1.1.1-build.2
2026-05-14T03:24:02.1648463Z  * [new tag]           v1.1.1-build.3  -> v1.1.1-build.3
2026-05-14T03:24:02.1649178Z  * [new tag]           v1.1.1-build.4  -> v1.1.1-build.4
2026-05-14T03:24:02.1649845Z  * [new tag]           v1.1.10         -> v1.1.10
2026-05-14T03:24:02.1650497Z  * [new tag]           v1.1.11         -> v1.1.11
2026-05-14T03:24:02.1651412Z  * [new tag]           v1.1.12         -> v1.1.12
2026-05-14T03:24:02.1652018Z  * [new tag]           v1.1.2          -> v1.1.2
2026-05-14T03:24:02.1652702Z  * [new tag]           v1.1.3          -> v1.1.3
2026-05-14T03:24:02.1653347Z  * [new tag]           v1.1.4          -> v1.1.4
2026-05-14T03:24:02.1653981Z  * [new tag]           v1.1.5          -> v1.1.5
2026-05-14T03:24:02.1654583Z  * [new tag]           v1.1.6          -> v1.1.6
2026-05-14T03:24:02.1655191Z  * [new tag]           v1.1.7          -> v1.1.7
2026-05-14T03:24:02.1655801Z  * [new tag]           v1.1.8          -> v1.1.8
2026-05-14T03:24:02.1656400Z  * [new tag]           v1.1.9          -> v1.1.9
2026-05-14T03:24:02.1657017Z  * [new tag]           v1.3.0          -> v1.3.0
2026-05-14T03:24:02.1657972Z  * [new tag]           v1.3.1          -> v1.3.1
2026-05-14T03:24:02.1658548Z  * [new tag]           v1.3.10         -> v1.3.10
2026-05-14T03:24:02.1659174Z  * [new tag]           v1.3.11         -> v1.3.11
2026-05-14T03:24:02.1659845Z  * [new tag]           v1.3.11-build.2 -> v1.3.11-build.2
2026-05-14T03:24:02.1660495Z  * [new tag]           v1.3.12         -> v1.3.12
2026-05-14T03:24:02.1661381Z  * [new tag]           v1.3.13         -> v1.3.13
2026-05-14T03:24:02.1662043Z  * [new tag]           v1.3.13-build.2 -> v1.3.13-build.2
2026-05-14T03:24:02.1662701Z  * [new tag]           v1.3.14         -> v1.3.14
2026-05-14T03:24:02.1663322Z  * [new tag]           v1.3.15         -> v1.3.15
2026-05-14T03:24:02.1663930Z  * [new tag]           v1.3.16         -> v1.3.16
2026-05-14T03:24:02.1664551Z  * [new tag]           v1.3.17         -> v1.3.17
2026-05-14T03:24:02.1665192Z  * [new tag]           v1.3.18         -> v1.3.18
2026-05-14T03:24:02.1665805Z  * [new tag]           v1.3.19         -> v1.3.19
2026-05-14T03:24:02.1666445Z  * [new tag]           v1.3.2          -> v1.3.2
2026-05-14T03:24:02.1667062Z  * [new tag]           v1.3.20         -> v1.3.20
2026-05-14T03:24:02.1667911Z  * [new tag]           v1.3.21         -> v1.3.21
2026-05-14T03:24:02.1668562Z  * [new tag]           v1.3.22         -> v1.3.22
2026-05-14T03:24:02.1669172Z  * [new tag]           v1.3.23         -> v1.3.23
2026-05-14T03:24:02.1669832Z  * [new tag]           v1.3.24         -> v1.3.24
2026-05-14T03:24:02.1670438Z  * [new tag]           v1.3.25         -> v1.3.25
2026-05-14T03:24:02.1671075Z  * [new tag]           v1.3.26         -> v1.3.26
2026-05-14T03:24:02.1671747Z  * [new tag]           v1.3.27         -> v1.3.27
2026-05-14T03:24:02.1672400Z  * [new tag]           v1.3.28         -> v1.3.28
2026-05-14T03:24:02.1673066Z  * [new tag]           v1.3.29         -> v1.3.29
2026-05-14T03:24:02.1673742Z  * [new tag]           v1.3.3          -> v1.3.3
2026-05-14T03:24:02.1674422Z  * [new tag]           v1.3.30         -> v1.3.30
2026-05-14T03:24:02.1675079Z  * [new tag]           v1.3.31         -> v1.3.31
2026-05-14T03:24:02.1675697Z  * [new tag]           v1.3.32         -> v1.3.32
2026-05-14T03:24:02.1767040Z  * [new tag]           v1.3.33         -> v1.3.33
2026-05-14T03:24:02.1768129Z  * [new tag]           v1.3.34         -> v1.3.34
2026-05-14T03:24:02.1768803Z  * [new tag]           v1.3.35         -> v1.3.35
2026-05-14T03:24:02.1769632Z  * [new tag]           v1.3.36         -> v1.3.36
2026-05-14T03:24:02.1770401Z  * [new tag]           v1.3.37         -> v1.3.37
2026-05-14T03:24:02.1771080Z  * [new tag]           v1.3.38         -> v1.3.38
2026-05-14T03:24:02.1771696Z  * [new tag]           v1.3.39         -> v1.3.39
2026-05-14T03:24:02.1772341Z  * [new tag]           v1.3.4          -> v1.3.4
2026-05-14T03:24:02.1772964Z  * [new tag]           v1.3.40         -> v1.3.40
2026-05-14T03:24:02.1773581Z  * [new tag]           v1.3.41         -> v1.3.41
2026-05-14T03:24:02.1774195Z  * [new tag]           v1.3.42         -> v1.3.42
2026-05-14T03:24:02.1774810Z  * [new tag]           v1.3.43         -> v1.3.43
2026-05-14T03:24:02.1775418Z  * [new tag]           v1.3.44         -> v1.3.44
2026-05-14T03:24:02.1776021Z  * [new tag]           v1.3.45         -> v1.3.45
2026-05-14T03:24:02.1776641Z  * [new tag]           v1.3.46         -> v1.3.46
2026-05-14T03:24:02.1777246Z  * [new tag]           v1.3.47         -> v1.3.47
2026-05-14T03:24:02.1778145Z  * [new tag]           v1.3.48         -> v1.3.48
2026-05-14T03:24:02.1778776Z  * [new tag]           v1.3.49         -> v1.3.49
2026-05-14T03:24:02.1779390Z  * [new tag]           v1.3.5          -> v1.3.5
2026-05-14T03:24:02.1780029Z  * [new tag]           v1.3.5-build.2  -> v1.3.5-build.2
2026-05-14T03:24:02.1780740Z  * [new tag]           v1.3.50         -> v1.3.50
2026-05-14T03:24:02.1781401Z  * [new tag]           v1.3.51         -> v1.3.51
2026-05-14T03:24:02.1782022Z  * [new tag]           v1.3.52         -> v1.3.52
2026-05-14T03:24:02.1782624Z  * [new tag]           v1.3.53         -> v1.3.53
2026-05-14T03:24:02.1783240Z  * [new tag]           v1.3.54         -> v1.3.54
2026-05-14T03:24:02.1783851Z  * [new tag]           v1.3.55         -> v1.3.55
2026-05-14T03:24:02.1784469Z  * [new tag]           v1.3.56         -> v1.3.56
2026-05-14T03:24:02.1785088Z  * [new tag]           v1.3.57         -> v1.3.57
2026-05-14T03:24:02.1785904Z  * [new tag]           v1.3.58         -> v1.3.58
2026-05-14T03:24:02.1786527Z  * [new tag]           v1.3.59         -> v1.3.59
2026-05-14T03:24:02.1787150Z  * [new tag]           v1.3.6          -> v1.3.6
2026-05-14T03:24:02.1787996Z  * [new tag]           v1.3.60         -> v1.3.60
2026-05-14T03:24:02.1788612Z  * [new tag]           v1.3.61         -> v1.3.61
2026-05-14T03:24:02.1789221Z  * [new tag]           v1.3.62         -> v1.3.62
2026-05-14T03:24:02.1789831Z  * [new tag]           v1.3.7          -> v1.3.7
2026-05-14T03:24:02.1790431Z  * [new tag]           v1.3.8          -> v1.3.8
2026-05-14T03:24:02.1791036Z  * [new tag]           v1.3.9          -> v1.3.9
2026-05-14T03:24:02.1791641Z  * [new tag]           v1.4.40         -> v1.4.40
2026-05-14T03:24:02.1792252Z  * [new tag]           v1.5.0          -> v1.5.0
2026-05-14T03:24:02.1792845Z  * [new tag]           v1.5.2          -> v1.5.2
2026-05-14T03:24:02.1793448Z  * [new tag]           v1.5.3          -> v1.5.3
2026-05-14T03:24:02.1794043Z  * [new tag]           v1.6.0          -> v1.6.0
2026-05-14T03:24:02.1794660Z  * [new tag]           v1.7.0          -> v1.7.0
2026-05-14T03:24:02.1795270Z  * [new tag]           v1.7.37         -> v1.7.37
2026-05-14T03:24:02.1795869Z  * [new tag]           v1.7.38         -> v1.7.38
2026-05-14T03:24:02.1796448Z  * [new tag]           v1.7.39         -> v1.7.39
2026-05-14T03:24:02.1797049Z  * [new tag]           v1.7.40         -> v1.7.40
2026-05-14T03:24:02.1797879Z  * [new tag]           v1.7.41         -> v1.7.41
2026-05-14T03:24:02.1798504Z  * [new tag]           v1.7.42         -> v1.7.42
2026-05-14T03:24:02.1799122Z  * [new tag]           v1.7.43         -> v1.7.43
2026-05-14T03:24:02.1799740Z  * [new tag]           v1.7.44         -> v1.7.44
2026-05-14T03:24:02.1800349Z  * [new tag]           v1.7.45         -> v1.7.45
2026-05-14T03:24:02.1800967Z  * [new tag]           v1.7.46         -> v1.7.46
2026-05-14T03:24:02.1801575Z  * [new tag]           v1.7.47         -> v1.7.47
2026-05-14T03:24:02.1802189Z  * [new tag]           v1.7.48         -> v1.7.48
2026-05-14T03:24:02.1802971Z  * [new tag]           v1.7.49         -> v1.7.49
2026-05-14T03:24:02.1803610Z  * [new tag]           v1.7.50         -> v1.7.50
2026-05-14T03:24:02.1804221Z  * [new tag]           v1.7.51         -> v1.7.51
2026-05-14T03:24:02.1804824Z  * [new tag]           v1.7.52         -> v1.7.52
2026-05-14T03:24:02.1805431Z  * [new tag]           v1.7.53         -> v1.7.53
2026-05-14T03:24:02.1806036Z  * [new tag]           v1.7.54         -> v1.7.54
2026-05-14T03:24:02.1806634Z  * [new tag]           v1.7.55         -> v1.7.55
2026-05-14T03:24:02.1807321Z  * [new tag]           v1.7.56         -> v1.7.56
2026-05-14T03:24:02.1808159Z  * [new tag]           v1.7.57         -> v1.7.57
2026-05-14T03:24:02.1808771Z  * [new tag]           v1.7.58         -> v1.7.58
2026-05-14T03:24:02.1809390Z  * [new tag]           v1.7.59         -> v1.7.59
2026-05-14T03:24:02.1809990Z  * [new tag]           v1.7.60         -> v1.7.60
2026-05-14T03:24:02.1810608Z  * [new tag]           v1.7.61         -> v1.7.61
2026-05-14T03:24:02.1811218Z  * [new tag]           v1.7.62         -> v1.7.62
2026-05-14T03:24:02.1811828Z  * [new tag]           v1.7.63         -> v1.7.63
2026-05-14T03:24:02.1812441Z  * [new tag]           v1.7.64         -> v1.7.64
2026-05-14T03:24:02.1813067Z  * [new tag]           v1.7.65         -> v1.7.65
2026-05-14T03:24:02.1813754Z  * [new tag]           v1.7.66         -> v1.7.66
2026-05-14T03:24:02.1814364Z  * [new tag]           v1.7.67         -> v1.7.67
2026-05-14T03:24:02.1814969Z  * [new tag]           v1.7.68         -> v1.7.68
2026-05-14T03:24:02.1815575Z  * [new tag]           v1.7.69         -> v1.7.69
2026-05-14T03:24:02.1816180Z  * [new tag]           v1.7.70         -> v1.7.70
2026-05-14T03:24:02.1816792Z  * [new tag]           v1.7.71         -> v1.7.71
2026-05-14T03:24:02.1817399Z  * [new tag]           v1.7.72         -> v1.7.72
2026-05-14T03:24:02.1818245Z  * [new tag]           v1.7.73         -> v1.7.73
2026-05-14T03:24:02.1819112Z  * [new tag]           v1.7.74         -> v1.7.74
2026-05-14T03:24:02.1819737Z  * [new tag]           v1.7.75         -> v1.7.75
2026-05-14T03:24:02.1820344Z  * [new tag]           v1.7.76         -> v1.7.76
2026-05-14T03:24:02.1820963Z  * [new tag]           v1.7.77         -> v1.7.77
2026-05-14T03:24:02.1821578Z  * [new tag]           v1.7.78         -> v1.7.78
2026-05-14T03:24:02.1822177Z  * [new tag]           v1.7.79         -> v1.7.79
2026-05-14T03:24:02.1822884Z  * [new tag]           v1.7.80         -> v1.7.80
2026-05-14T03:24:02.1823493Z  * [new tag]           v1.7.81         -> v1.7.81
2026-05-14T03:24:02.1824091Z  * [new tag]           v1.7.82         -> v1.7.82
2026-05-14T03:24:02.1824701Z  * [new tag]           v1.7.83         -> v1.7.83
2026-05-14T03:24:02.1825323Z  * [new tag]           v1.7.84         -> v1.7.84
2026-05-14T03:24:02.1825938Z  * [new tag]           v1.7.85         -> v1.7.85
2026-05-14T03:24:02.1826543Z  * [new tag]           v1.7.86         -> v1.7.86
2026-05-14T03:24:02.1827262Z  * [new tag]           v1.7.87         -> v1.7.87
2026-05-14T03:24:02.1828124Z  * [new tag]           v1.7.90         -> v1.7.90
2026-05-14T03:24:02.1828748Z  * [new tag]           v1.7.92         -> v1.7.92
2026-05-14T03:24:02.1829367Z  * [new tag]           v1.7.93         -> v1.7.93
2026-05-14T03:24:02.1829977Z  * [new tag]           v1.7.94         -> v1.7.94
2026-05-14T03:24:02.1830593Z  * [new tag]           v1.7.95         -> v1.7.95
2026-05-14T03:24:02.1831228Z  * [new tag]           v1.7.96         -> v1.7.96
2026-05-14T03:24:02.1831847Z  * [new tag]           v1.7.97         -> v1.7.97
2026-05-14T03:24:02.1832461Z  * [new tag]           v1.8.0          -> v1.8.0
2026-05-14T03:24:02.1833072Z  * [new tag]           v1.8.1          -> v1.8.1
2026-05-14T03:24:02.1833692Z  * [new tag]           v1.8.10         -> v1.8.10
2026-05-14T03:24:02.1834299Z  * [new tag]           v1.8.11         -> v1.8.11
2026-05-14T03:24:02.1834919Z  * [new tag]           v1.8.12         -> v1.8.12
2026-05-14T03:24:02.1835551Z  * [new tag]           v1.8.14         -> v1.8.14
2026-05-14T03:24:02.1836315Z  * [new tag]           v1.8.15         -> v1.8.15
2026-05-14T03:24:02.1836942Z  * [new tag]           v1.8.16         -> v1.8.16
2026-05-14T03:24:02.1837551Z  * [new tag]           v1.8.17         -> v1.8.17
2026-05-14T03:24:02.1838440Z  * [new tag]           v1.8.18         -> v1.8.18
2026-05-14T03:24:02.1839147Z  * [new tag]           v1.8.19         -> v1.8.19
2026-05-14T03:24:02.1839760Z  * [new tag]           v1.8.2          -> v1.8.2
2026-05-14T03:24:02.1840371Z  * [new tag]           v1.8.20         -> v1.8.20
2026-05-14T03:24:02.1840972Z  * [new tag]           v1.8.21         -> v1.8.21
2026-05-14T03:24:02.1841590Z  * [new tag]           v1.8.22         -> v1.8.22
2026-05-14T03:24:02.1842190Z  * [new tag]           v1.8.23         -> v1.8.23
2026-05-14T03:24:02.1842786Z  * [new tag]           v1.8.24         -> v1.8.24
2026-05-14T03:24:02.1843382Z  * [new tag]           v1.8.25         -> v1.8.25
2026-05-14T03:24:02.1844002Z  * [new tag]           v1.8.26         -> v1.8.26
2026-05-14T03:24:02.1844623Z  * [new tag]           v1.8.27         -> v1.8.27
2026-05-14T03:24:02.1845221Z  * [new tag]           v1.8.28         -> v1.8.28
2026-05-14T03:24:02.1845827Z  * [new tag]           v1.8.29         -> v1.8.29
2026-05-14T03:24:02.1846435Z  * [new tag]           v1.8.3          -> v1.8.3
2026-05-14T03:24:02.1847032Z  * [new tag]           v1.8.30         -> v1.8.30
2026-05-14T03:24:02.1847866Z  * [new tag]           v1.8.31         -> v1.8.31
2026-05-14T03:24:02.1848504Z  * [new tag]           v1.8.32         -> v1.8.32
2026-05-14T03:24:02.1849106Z  * [new tag]           v1.8.33         -> v1.8.33
2026-05-14T03:24:02.1849718Z  * [new tag]           v1.8.34         -> v1.8.34
2026-05-14T03:24:02.1850325Z  * [new tag]           v1.8.35         -> v1.8.35
2026-05-14T03:24:02.1850927Z  * [new tag]           v1.8.36         -> v1.8.36
2026-05-14T03:24:02.1851537Z  * [new tag]           v1.8.37         -> v1.8.37
2026-05-14T03:24:02.1852326Z  * [new tag]           v1.8.38         -> v1.8.38
2026-05-14T03:24:02.1852951Z  * [new tag]           v1.8.39         -> v1.8.39
2026-05-14T03:24:02.1853545Z  * [new tag]           v1.8.4          -> v1.8.4
2026-05-14T03:24:02.1854134Z  * [new tag]           v1.8.40         -> v1.8.40
2026-05-14T03:24:02.1854735Z  * [new tag]           v1.8.41         -> v1.8.41
2026-05-14T03:24:02.1855332Z  * [new tag]           v1.8.42         -> v1.8.42
2026-05-14T03:24:02.1855918Z  * [new tag]           v1.8.43         -> v1.8.43
2026-05-14T03:24:02.1856520Z  * [new tag]           v1.8.44         -> v1.8.44
2026-05-14T03:24:02.1857171Z  * [new tag]           v1.8.45         -> v1.8.45
2026-05-14T03:24:02.1858019Z  * [new tag]           v1.8.46         -> v1.8.46
2026-05-14T03:24:02.1858640Z  * [new tag]           v1.8.47         -> v1.8.47
2026-05-14T03:24:02.1859236Z  * [new tag]           v1.8.48         -> v1.8.48
2026-05-14T03:24:02.1859849Z  * [new tag]           v1.8.49         -> v1.8.49
2026-05-14T03:24:02.1860506Z  * [new tag]           v1.8.5          -> v1.8.5
2026-05-14T03:24:02.1861137Z  * [new tag]           v1.8.50         -> v1.8.50
2026-05-14T03:24:02.1861763Z  * [new tag]           v1.8.51         -> v1.8.51
2026-05-14T03:24:02.1862387Z  * [new tag]           v1.8.52         -> v1.8.52
2026-05-14T03:24:02.1863007Z  * [new tag]           v1.8.53         -> v1.8.53
2026-05-14T03:24:02.1863614Z  * [new tag]           v1.8.54         -> v1.8.54
2026-05-14T03:24:02.1864246Z  * [new tag]           v1.8.6          -> v1.8.6
2026-05-14T03:24:02.1864867Z  * [new tag]           v1.8.7          -> v1.8.7
2026-05-14T03:24:02.1865477Z  * [new tag]           v1.8.8          -> v1.8.8
2026-05-14T03:24:02.1866091Z  * [new tag]           v1.8.9          -> v1.8.9
2026-05-14T03:24:02.1866708Z  * [new tag]           v1.9.1          -> v1.9.1
2026-05-14T03:24:02.1867321Z  * [new tag]           v1.9.10         -> v1.9.10
2026-05-14T03:24:02.1868215Z  * [new tag]           v1.9.11         -> v1.9.11
2026-05-14T03:24:02.1868866Z  * [new tag]           v1.9.12         -> v1.9.12
2026-05-14T03:24:02.1869663Z  * [new tag]           v1.9.13         -> v1.9.13
2026-05-14T03:24:02.1870317Z  * [new tag]           v1.9.14         -> v1.9.14
2026-05-14T03:24:02.1870947Z  * [new tag]           v1.9.15         -> v1.9.15
2026-05-14T03:24:02.1871557Z  * [new tag]           v1.9.16         -> v1.9.16
2026-05-14T03:24:02.1872166Z  * [new tag]           v1.9.18         -> v1.9.18
2026-05-14T03:24:02.1872792Z  * [new tag]           v1.9.19         -> v1.9.19
2026-05-14T03:24:02.1873392Z  * [new tag]           v1.9.2          -> v1.9.2
2026-05-14T03:24:02.1873969Z  * [new tag]           v1.9.20         -> v1.9.20
2026-05-14T03:24:02.1874550Z  * [new tag]           v1.9.21         -> v1.9.21
2026-05-14T03:24:02.1875135Z  * [new tag]           v1.9.22         -> v1.9.22
2026-05-14T03:24:02.1875706Z  * [new tag]           v1.9.23         -> v1.9.23
2026-05-14T03:24:02.1876283Z  * [new tag]           v1.9.24         -> v1.9.24
2026-05-14T03:24:02.1876877Z  * [new tag]           v1.9.3          -> v1.9.3
2026-05-14T03:24:02.1877459Z  * [new tag]           v1.9.4          -> v1.9.4
2026-05-14T03:24:02.1878369Z  * [new tag]           v1.9.5          -> v1.9.5
2026-05-14T03:24:02.1878960Z  * [new tag]           v1.9.6          -> v1.9.6
2026-05-14T03:24:02.1879527Z  * [new tag]           v1.9.7          -> v1.9.7
2026-05-14T03:24:02.1880107Z  * [new tag]           v1.9.8          -> v1.9.8
2026-05-14T03:24:02.1880687Z  * [new tag]           v1.9.9          -> v1.9.9
2026-05-14T03:24:02.1984636Z ##[endgroup]
2026-05-14T03:24:02.1985501Z ##[group]Determining the checkout info
2026-05-14T03:24:02.1991284Z [command]/usr/bin/git branch --list --remote origin/docs/parity-batch-6-phase-3-4
2026-05-14T03:24:02.2048673Z [command]/usr/bin/git tag --list docs/parity-batch-6-phase-3-4
2026-05-14T03:24:02.2143553Z ##[error]A branch or tag with the name 'docs/parity-batch-6-phase-3-4' could not be found
2026-05-14T03:24:02.2448633Z Post job cleanup.
2026-05-14T03:24:02.3288781Z [command]/usr/bin/git version
2026-05-14T03:24:02.3325255Z git version 2.53.0
2026-05-14T03:24:02.3366509Z Temporarily overriding HOME='/home/runner/work/_temp/c4cc529f-bf38-4473-8cd4-aa07902bf4ee' before making global git config changes
2026-05-14T03:24:02.3371919Z Adding repository directory to the temporary git global config as a safe directory
2026-05-14T03:24:02.3373200Z [command]/usr/bin/git config --global --add safe.directory /home/runner/work/prismTask/prismTask
2026-05-14T03:24:02.3404125Z Removing SSH command configuration
2026-05-14T03:24:02.3410798Z [command]/usr/bin/git config --local --name-only --get-regexp core\.sshCommand
2026-05-14T03:24:02.3446022Z [command]/usr/bin/git submodule foreach --recursive sh -c "git config --local --name-only --get-regexp 'core\.sshCommand' && git config --local --unset-all 'core.sshCommand' || :"
2026-05-14T03:24:02.3711214Z Removing HTTP extra header
2026-05-14T03:24:02.3716599Z [command]/usr/bin/git config --local --name-only --get-regexp http\.https\:\/\/github\.com\/\.extraheader
2026-05-14T03:24:02.3753626Z [command]/usr/bin/git submodule foreach --recursive sh -c "git config --local --name-only --get-regexp 'http\.https\:\/\/github\.com\/\.extraheader' && git config --local --unset-all 'http.https://github.com/.extraheader' || :"
2026-05-14T03:24:02.3976206Z Removing includeIf entries pointing to credentials config files
2026-05-14T03:24:02.3983663Z [command]/usr/bin/git config --local --name-only --get-regexp ^includeIf\.gitdir:
2026-05-14T03:24:02.4010037Z includeif.gitdir:/home/runner/work/prismTask/prismTask/.git.path
2026-05-14T03:24:02.4011000Z includeif.gitdir:/home/runner/work/prismTask/prismTask/.git/worktrees/*.path
2026-05-14T03:24:02.4012253Z includeif.gitdir:/github/workspace/.git.path
2026-05-14T03:24:02.4012631Z includeif.gitdir:/github/workspace/.git/worktrees/*.path
2026-05-14T03:24:02.4023646Z [command]/usr/bin/git config --local --get-all includeif.gitdir:/home/runner/work/prismTask/prismTask/.git.path
2026-05-14T03:24:02.4045563Z /home/runner/work/_temp/git-credentials-f787c141-e023-4799-ba38-67f5683354ff.config
2026-05-14T03:24:02.4056298Z [command]/usr/bin/git config --local --unset includeif.gitdir:/home/runner/work/prismTask/prismTask/.git.path /home/runner/work/_temp/git-credentials-f787c141-e023-4799-ba38-67f5683354ff.config
2026-05-14T03:24:02.4089345Z [command]/usr/bin/git config --local --get-all includeif.gitdir:/home/runner/work/prismTask/prismTask/.git/worktrees/*.path
2026-05-14T03:24:02.4110754Z /home/runner/work/_temp/git-credentials-f787c141-e023-4799-ba38-67f5683354ff.config
2026-05-14T03:24:02.4120055Z [command]/usr/bin/git config --local --unset includeif.gitdir:/home/runner/work/prismTask/prismTask/.git/worktrees/*.path /home/runner/work/_temp/git-credentials-f787c141-e023-4799-ba38-67f5683354ff.config
2026-05-14T03:24:02.4149821Z [command]/usr/bin/git config --local --get-all includeif.gitdir:/github/workspace/.git.path
2026-05-14T03:24:02.4170292Z /github/runner_temp/git-credentials-f787c141-e023-4799-ba38-67f5683354ff.config
2026-05-14T03:24:02.4179270Z [command]/usr/bin/git config --local --unset includeif.gitdir:/github/workspace/.git.path /github/runner_temp/git-credentials-f787c141-e023-4799-ba38-67f5683354ff.config
2026-05-14T03:24:02.4210769Z [command]/usr/bin/git config --local --get-all includeif.gitdir:/github/workspace/.git/worktrees/*.path
2026-05-14T03:24:02.4230983Z /github/runner_temp/git-credentials-f787c141-e023-4799-ba38-67f5683354ff.config
2026-05-14T03:24:02.4239604Z [command]/usr/bin/git config --local --unset includeif.gitdir:/github/workspace/.git/worktrees/*.path /github/runner_temp/git-credentials-f787c141-e023-4799-ba38-67f5683354ff.config
2026-05-14T03:24:02.4270983Z [command]/usr/bin/git submodule foreach --recursive git config --local --show-origin --name-only --get-regexp remote.origin.url
2026-05-14T03:24:02.4481434Z Removing credentials config '/home/runner/work/_temp/git-credentials-f787c141-e023-4799-ba38-67f5683354ff.config'
2026-05-14T03:24:02.4634621Z Cleaning up orphan processes
