=== CI FAILURE ===
Workflow:      Android CI
Workflow file: averycorp/prismTask/.github/workflows/android-ci.yml@refs/pull/1407/merge
Job(s):        autofix
Run ID:        25844625611
Run attempt:   1
Run URL:       https://github.com/averycorp/prismTask/actions/runs/25844625611
Commit:        55f27aa48e63b982fc81ab6338b28276f2b0624e
Branch:        1407/merge
Event:         pull_request
Actor:         akarlin3
Runner OS:     Linux
Timestamp:     2026-05-14T06:01:54.941Z

Failed steps:
  - autofix: #2 Run actions/checkout@v6

=== FAILED JOB LOG ===

--- Job: autofix (id 75937032732) ---
2026-05-14T06:01:26.5466003Z Current runner version: '2.334.0'
2026-05-14T06:01:26.5500474Z ##[group]Runner Image Provisioner
2026-05-14T06:01:26.5501622Z Hosted Compute Agent
2026-05-14T06:01:26.5502533Z Version: 20260213.493
2026-05-14T06:01:26.5503462Z Commit: 5c115507f6dd24b8de37d8bbe0bb4509d0cc0fa3
2026-05-14T06:01:26.5504559Z Build Date: 2026-02-13T00:28:41Z
2026-05-14T06:01:26.5505480Z Worker ID: {f3ef8511-d20f-454c-9ade-ffb2c8b03a72}
2026-05-14T06:01:26.5506753Z Azure Region: eastus
2026-05-14T06:01:26.5507569Z ##[endgroup]
2026-05-14T06:01:26.5509587Z ##[group]Operating System
2026-05-14T06:01:26.5510609Z Ubuntu
2026-05-14T06:01:26.5511274Z 24.04.4
2026-05-14T06:01:26.5511965Z LTS
2026-05-14T06:01:26.5512853Z ##[endgroup]
2026-05-14T06:01:26.5513569Z ##[group]Runner Image
2026-05-14T06:01:26.5514415Z Image: ubuntu-24.04
2026-05-14T06:01:26.5515350Z Version: 20260413.86.1
2026-05-14T06:01:26.5517176Z Included Software: https://github.com/actions/runner-images/blob/ubuntu24/20260413.86/images/ubuntu/Ubuntu2404-Readme.md
2026-05-14T06:01:26.5519941Z Image Release: https://github.com/actions/runner-images/releases/tag/ubuntu24%2F20260413.86
2026-05-14T06:01:26.5521376Z ##[endgroup]
2026-05-14T06:01:26.5523572Z ##[group]GITHUB_TOKEN Permissions
2026-05-14T06:01:26.5526354Z Actions: read
2026-05-14T06:01:26.5527177Z Checks: read
2026-05-14T06:01:26.5528026Z Contents: write
2026-05-14T06:01:26.5529041Z Metadata: read
2026-05-14T06:01:26.5529703Z PullRequests: read
2026-05-14T06:01:26.5530675Z ##[endgroup]
2026-05-14T06:01:26.5533285Z Secret source: Actions
2026-05-14T06:01:26.5534590Z Prepare workflow directory
2026-05-14T06:01:26.5978904Z Prepare all required actions
2026-05-14T06:01:26.6031098Z Getting action download info
2026-05-14T06:01:26.9025450Z Download action repository 'actions/checkout@v6' (SHA:de0fac2e4500dabe0009e67214ff5f5447ce83dd)
2026-05-14T06:01:27.0339998Z Download action repository 'dorny/paths-filter@v4' (SHA:fbd0ab8f3e69293af611ebaee6363fc25e6d187d)
2026-05-14T06:01:27.1764102Z Download action repository 'actions/cache@v5' (SHA:27d5ce7f107fe9357f9df03efb73ab90386fccae)
2026-05-14T06:01:27.4881199Z Complete job name: autofix
2026-05-14T06:01:27.5635404Z ##[group]Run actions/checkout@v6
2026-05-14T06:01:27.5636251Z with:
2026-05-14T06:01:27.5637274Z   token: ***
2026-05-14T06:01:27.5637721Z   ref: docs/brain-mode-audit-phase34
2026-05-14T06:01:27.5638453Z   fetch-depth: 0
2026-05-14T06:01:27.5638898Z   repository: averycorp/prismTask
2026-05-14T06:01:27.5639397Z   ssh-strict: true
2026-05-14T06:01:27.5639818Z   ssh-user: git
2026-05-14T06:01:27.5640245Z   persist-credentials: true
2026-05-14T06:01:27.5640713Z   clean: true
2026-05-14T06:01:27.5641135Z   sparse-checkout-cone-mode: true
2026-05-14T06:01:27.5641624Z   fetch-tags: false
2026-05-14T06:01:27.5642039Z   show-progress: true
2026-05-14T06:01:27.5642466Z   lfs: false
2026-05-14T06:01:27.5642870Z   submodules: false
2026-05-14T06:01:27.5643300Z   set-safe-directory: true
2026-05-14T06:01:27.5643965Z ##[endgroup]
2026-05-14T06:01:27.6694127Z Syncing repository: averycorp/prismTask
2026-05-14T06:01:27.6696144Z ##[group]Getting Git version info
2026-05-14T06:01:27.6696949Z Working directory is '/home/runner/work/prismTask/prismTask'
2026-05-14T06:01:27.6698439Z [command]/usr/bin/git version
2026-05-14T06:01:27.6704493Z git version 2.53.0
2026-05-14T06:01:27.6726998Z ##[endgroup]
2026-05-14T06:01:27.6743130Z Temporarily overriding HOME='/home/runner/work/_temp/2027e3d6-40bd-4063-8a21-77eac153822f' before making global git config changes
2026-05-14T06:01:27.6745594Z Adding repository directory to the temporary git global config as a safe directory
2026-05-14T06:01:27.6749331Z [command]/usr/bin/git config --global --add safe.directory /home/runner/work/prismTask/prismTask
2026-05-14T06:01:27.6786031Z Deleting the contents of '/home/runner/work/prismTask/prismTask'
2026-05-14T06:01:27.6790693Z ##[group]Initializing the repository
2026-05-14T06:01:27.6794965Z [command]/usr/bin/git init /home/runner/work/prismTask/prismTask
2026-05-14T06:01:27.6863331Z hint: Using 'master' as the name for the initial branch. This default branch name
2026-05-14T06:01:27.6865826Z hint: will change to "main" in Git 3.0. To configure the initial branch name
2026-05-14T06:01:27.6867718Z hint: to use in all of your new repositories, which will suppress this warning,
2026-05-14T06:01:27.6869115Z hint: call:
2026-05-14T06:01:27.6870407Z hint:
2026-05-14T06:01:27.6871378Z hint: 	git config --global init.defaultBranch <name>
2026-05-14T06:01:27.6872440Z hint:
2026-05-14T06:01:27.6873409Z hint: Names commonly chosen instead of 'master' are 'main', 'trunk' and
2026-05-14T06:01:27.6875113Z hint: 'development'. The just-created branch can be renamed via this command:
2026-05-14T06:01:27.6876491Z hint:
2026-05-14T06:01:27.6877229Z hint: 	git branch -m <name>
2026-05-14T06:01:27.6878033Z hint:
2026-05-14T06:01:27.6879323Z hint: Disable this message with "git config set advice.defaultBranchName false"
2026-05-14T06:01:27.6881121Z Initialized empty Git repository in /home/runner/work/prismTask/prismTask/.git/
2026-05-14T06:01:27.6884231Z [command]/usr/bin/git remote add origin https://github.com/averycorp/prismTask
2026-05-14T06:01:27.6914595Z ##[endgroup]
2026-05-14T06:01:27.6915999Z ##[group]Disabling automatic garbage collection
2026-05-14T06:01:27.6919770Z [command]/usr/bin/git config --local gc.auto 0
2026-05-14T06:01:27.6955668Z ##[endgroup]
2026-05-14T06:01:27.6957121Z ##[group]Setting up auth
2026-05-14T06:01:27.6958397Z Removing SSH command configuration
2026-05-14T06:01:27.6964541Z [command]/usr/bin/git config --local --name-only --get-regexp core\.sshCommand
2026-05-14T06:01:27.7002387Z [command]/usr/bin/git submodule foreach --recursive sh -c "git config --local --name-only --get-regexp 'core\.sshCommand' && git config --local --unset-all 'core.sshCommand' || :"
2026-05-14T06:01:27.7285961Z Removing HTTP extra header
2026-05-14T06:01:27.7293013Z [command]/usr/bin/git config --local --name-only --get-regexp http\.https\:\/\/github\.com\/\.extraheader
2026-05-14T06:01:27.7329190Z [command]/usr/bin/git submodule foreach --recursive sh -c "git config --local --name-only --get-regexp 'http\.https\:\/\/github\.com\/\.extraheader' && git config --local --unset-all 'http.https://github.com/.extraheader' || :"
2026-05-14T06:01:27.7553629Z Removing includeIf entries pointing to credentials config files
2026-05-14T06:01:27.7560619Z [command]/usr/bin/git config --local --name-only --get-regexp ^includeIf\.gitdir:
2026-05-14T06:01:27.7594100Z [command]/usr/bin/git submodule foreach --recursive git config --local --show-origin --name-only --get-regexp remote.origin.url
2026-05-14T06:01:27.7831821Z [command]/usr/bin/git config --file /home/runner/work/_temp/git-credentials-4272b534-fdf9-43f8-a65a-ee252c90ccba.config http.https://github.com/.extraheader AUTHORIZATION: basic ***
2026-05-14T06:01:27.7870270Z [command]/usr/bin/git config --local includeIf.gitdir:/home/runner/work/prismTask/prismTask/.git.path /home/runner/work/_temp/git-credentials-4272b534-fdf9-43f8-a65a-ee252c90ccba.config
2026-05-14T06:01:27.7900815Z [command]/usr/bin/git config --local includeIf.gitdir:/home/runner/work/prismTask/prismTask/.git/worktrees/*.path /home/runner/work/_temp/git-credentials-4272b534-fdf9-43f8-a65a-ee252c90ccba.config
2026-05-14T06:01:27.7930081Z [command]/usr/bin/git config --local includeIf.gitdir:/github/workspace/.git.path /github/runner_temp/git-credentials-4272b534-fdf9-43f8-a65a-ee252c90ccba.config
2026-05-14T06:01:27.7963574Z [command]/usr/bin/git config --local includeIf.gitdir:/github/workspace/.git/worktrees/*.path /github/runner_temp/git-credentials-4272b534-fdf9-43f8-a65a-ee252c90ccba.config
2026-05-14T06:01:27.7998775Z ##[endgroup]
2026-05-14T06:01:27.7999943Z ##[group]Fetching the repository
2026-05-14T06:01:27.8007429Z [command]/usr/bin/git -c protocol.version=2 fetch --no-tags --prune --no-recurse-submodules origin +refs/heads/*:refs/remotes/origin/* +refs/tags/*:refs/tags/*
2026-05-14T06:01:47.7357763Z From https://github.com/averycorp/prismTask
2026-05-14T06:01:47.7358777Z  * [new branch]        ci-logs         -> origin/ci-logs
2026-05-14T06:01:47.7360052Z  * [new branch]        main            -> origin/main
2026-05-14T06:01:47.7360921Z  * [new branch]        v0.1.0-legacy   -> origin/v0.1.0-legacy
2026-05-14T06:01:47.7363357Z  * [new branch]        v0.2.0-legacy   -> origin/v0.2.0-legacy
2026-05-14T06:01:47.7364082Z  * [new branch]        v0.3.0-legacy   -> origin/v0.3.0-legacy
2026-05-14T06:01:47.7364682Z  * [new branch]        v0.4.0-legacy   -> origin/v0.4.0-legacy
2026-05-14T06:01:47.7365348Z  * [new branch]        v0.5.0-legacy   -> origin/v0.5.0-legacy
2026-05-14T06:01:47.7365967Z  * [new branch]        v0.6.0-legacy   -> origin/v0.6.0-legacy
2026-05-14T06:01:47.7366616Z  * [new branch]        v0.7.0-legacy   -> origin/v0.7.0-legacy
2026-05-14T06:01:47.7367379Z  * [new branch]        worktree-course-name-only -> origin/worktree-course-name-only
2026-05-14T06:01:47.7368693Z  * [new branch]        worktree-leisure-categories-removable -> origin/worktree-leisure-categories-removable
2026-05-14T06:01:47.7369789Z  * [new branch]        worktree-recheck-recurring -> origin/worktree-recheck-recurring
2026-05-14T06:01:47.7371195Z  * [new branch]        worktree-remove-leisure-minimum-from-daily-essentials -> origin/worktree-remove-leisure-minimum-from-daily-essentials
2026-05-14T06:01:47.7372409Z  * [new tag]           v0.1.0          -> v0.1.0
2026-05-14T06:01:47.7372943Z  * [new tag]           v0.2.0          -> v0.2.0
2026-05-14T06:01:47.7373430Z  * [new tag]           v0.3.0          -> v0.3.0
2026-05-14T06:01:47.7373912Z  * [new tag]           v0.4.0          -> v0.4.0
2026-05-14T06:01:47.7374406Z  * [new tag]           v0.5.0          -> v0.5.0
2026-05-14T06:01:47.7374907Z  * [new tag]           v0.7.0          -> v0.7.0
2026-05-14T06:01:47.7375392Z  * [new tag]           v0.7.12         -> v0.7.12
2026-05-14T06:01:47.7375891Z  * [new tag]           v0.7.13         -> v0.7.13
2026-05-14T06:01:47.7376388Z  * [new tag]           v0.7.14         -> v0.7.14
2026-05-14T06:01:47.7376870Z  * [new tag]           v0.7.15         -> v0.7.15
2026-05-14T06:01:47.7377374Z  * [new tag]           v0.7.16         -> v0.7.16
2026-05-14T06:01:47.7378293Z  * [new tag]           v0.7.17         -> v0.7.17
2026-05-14T06:01:47.7378837Z  * [new tag]           v0.7.17-build.2 -> v0.7.17-build.2
2026-05-14T06:01:47.7379398Z  * [new tag]           v0.7.17-build.3 -> v0.7.17-build.3
2026-05-14T06:01:47.7379954Z  * [new tag]           v0.7.17-build.4 -> v0.7.17-build.4
2026-05-14T06:01:47.7380589Z  * [new tag]           v0.7.17-build.5 -> v0.7.17-build.5
2026-05-14T06:01:47.7381187Z  * [new tag]           v0.7.17-build.6 -> v0.7.17-build.6
2026-05-14T06:01:47.7381722Z  * [new tag]           v0.7.17-build.7 -> v0.7.17-build.7
2026-05-14T06:01:47.7382259Z  * [new tag]           v0.7.17-build.8 -> v0.7.17-build.8
2026-05-14T06:01:47.7382780Z  * [new tag]           v0.7.17-build.9 -> v0.7.17-build.9
2026-05-14T06:01:47.7383290Z  * [new tag]           v0.7.18         -> v0.7.18
2026-05-14T06:01:47.7383810Z  * [new tag]           v0.7.18-build.2 -> v0.7.18-build.2
2026-05-14T06:01:47.7384345Z  * [new tag]           v0.7.18-build.3 -> v0.7.18-build.3
2026-05-14T06:01:47.7384920Z  * [new tag]           v0.7.18-build.4 -> v0.7.18-build.4
2026-05-14T06:01:47.7385475Z  * [new tag]           v0.7.19         -> v0.7.19
2026-05-14T06:01:47.7385990Z  * [new tag]           v0.7.19-build.2 -> v0.7.19-build.2
2026-05-14T06:01:47.7386495Z  * [new tag]           v0.7.20         -> v0.7.20
2026-05-14T06:01:47.7387001Z  * [new tag]           v0.7.20-build.2 -> v0.7.20-build.2
2026-05-14T06:01:47.7387535Z  * [new tag]           v0.7.20-build.3 -> v0.7.20-build.3
2026-05-14T06:01:47.7388050Z  * [new tag]           v0.7.20-build.4 -> v0.7.20-build.4
2026-05-14T06:01:47.7388740Z  * [new tag]           v0.8.0          -> v0.8.0
2026-05-14T06:01:47.7389266Z  * [new tag]           v0.8.0-build.2  -> v0.8.0-build.2
2026-05-14T06:01:47.7389786Z  * [new tag]           v0.8.1          -> v0.8.1
2026-05-14T06:01:47.7390265Z  * [new tag]           v0.8.10         -> v0.8.10
2026-05-14T06:01:47.7390942Z  * [new tag]           v0.8.11         -> v0.8.11
2026-05-14T06:01:47.7391460Z  * [new tag]           v0.8.12         -> v0.8.12
2026-05-14T06:01:47.7391946Z  * [new tag]           v0.8.13         -> v0.8.13
2026-05-14T06:01:47.7392433Z  * [new tag]           v0.8.14         -> v0.8.14
2026-05-14T06:01:47.7392927Z  * [new tag]           v0.8.15         -> v0.8.15
2026-05-14T06:01:47.7393420Z  * [new tag]           v0.8.2          -> v0.8.2
2026-05-14T06:01:47.7393905Z  * [new tag]           v0.8.3          -> v0.8.3
2026-05-14T06:01:47.7394391Z  * [new tag]           v0.8.4          -> v0.8.4
2026-05-14T06:01:47.7394866Z  * [new tag]           v0.8.5          -> v0.8.5
2026-05-14T06:01:47.7395348Z  * [new tag]           v0.8.6          -> v0.8.6
2026-05-14T06:01:47.7395826Z  * [new tag]           v0.8.7          -> v0.8.7
2026-05-14T06:01:47.7396299Z  * [new tag]           v0.8.8          -> v0.8.8
2026-05-14T06:01:47.7396780Z  * [new tag]           v0.8.9          -> v0.8.9
2026-05-14T06:01:47.7397272Z  * [new tag]           v0.9.1          -> v0.9.1
2026-05-14T06:01:47.7397637Z  * [new tag]           v0.9.2          -> v0.9.2
2026-05-14T06:01:47.7397949Z  * [new tag]           v1.0.1          -> v1.0.1
2026-05-14T06:01:47.7398558Z  * [new tag]           v1.0.10         -> v1.0.10
2026-05-14T06:01:47.7399092Z  * [new tag]           v1.0.11         -> v1.0.11
2026-05-14T06:01:47.7399612Z  * [new tag]           v1.0.12         -> v1.0.12
2026-05-14T06:01:47.7400105Z  * [new tag]           v1.0.13         -> v1.0.13
2026-05-14T06:01:47.7400591Z  * [new tag]           v1.0.2          -> v1.0.2
2026-05-14T06:01:47.7401096Z  * [new tag]           v1.0.3          -> v1.0.3
2026-05-14T06:01:47.7401572Z  * [new tag]           v1.0.4          -> v1.0.4
2026-05-14T06:01:47.7402059Z  * [new tag]           v1.0.5          -> v1.0.5
2026-05-14T06:01:47.7402539Z  * [new tag]           v1.0.6          -> v1.0.6
2026-05-14T06:01:47.7403014Z  * [new tag]           v1.0.7          -> v1.0.7
2026-05-14T06:01:47.7403499Z  * [new tag]           v1.0.8          -> v1.0.8
2026-05-14T06:01:47.7404214Z  * [new tag]           v1.0.9          -> v1.0.9
2026-05-14T06:01:47.7404698Z  * [new tag]           v1.1.1          -> v1.1.1
2026-05-14T06:01:47.7405240Z  * [new tag]           v1.1.1-build.2  -> v1.1.1-build.2
2026-05-14T06:01:47.7405808Z  * [new tag]           v1.1.1-build.3  -> v1.1.1-build.3
2026-05-14T06:01:47.7406364Z  * [new tag]           v1.1.1-build.4  -> v1.1.1-build.4
2026-05-14T06:01:47.7406919Z  * [new tag]           v1.1.10         -> v1.1.10
2026-05-14T06:01:47.7407436Z  * [new tag]           v1.1.11         -> v1.1.11
2026-05-14T06:01:47.7407943Z  * [new tag]           v1.1.12         -> v1.1.12
2026-05-14T06:01:47.7408672Z  * [new tag]           v1.1.2          -> v1.1.2
2026-05-14T06:01:47.7409183Z  * [new tag]           v1.1.3          -> v1.1.3
2026-05-14T06:01:47.7409695Z  * [new tag]           v1.1.4          -> v1.1.4
2026-05-14T06:01:47.7410204Z  * [new tag]           v1.1.5          -> v1.1.5
2026-05-14T06:01:47.7410719Z  * [new tag]           v1.1.6          -> v1.1.6
2026-05-14T06:01:47.7411229Z  * [new tag]           v1.1.7          -> v1.1.7
2026-05-14T06:01:47.7411720Z  * [new tag]           v1.1.8          -> v1.1.8
2026-05-14T06:01:47.7412222Z  * [new tag]           v1.1.9          -> v1.1.9
2026-05-14T06:01:47.7412730Z  * [new tag]           v1.3.0          -> v1.3.0
2026-05-14T06:01:47.7413218Z  * [new tag]           v1.3.1          -> v1.3.1
2026-05-14T06:01:47.7413728Z  * [new tag]           v1.3.10         -> v1.3.10
2026-05-14T06:01:47.7414242Z  * [new tag]           v1.3.11         -> v1.3.11
2026-05-14T06:01:47.7414776Z  * [new tag]           v1.3.11-build.2 -> v1.3.11-build.2
2026-05-14T06:01:47.7415314Z  * [new tag]           v1.3.12         -> v1.3.12
2026-05-14T06:01:47.7415822Z  * [new tag]           v1.3.13         -> v1.3.13
2026-05-14T06:01:47.7416358Z  * [new tag]           v1.3.13-build.2 -> v1.3.13-build.2
2026-05-14T06:01:47.7416884Z  * [new tag]           v1.3.14         -> v1.3.14
2026-05-14T06:01:47.7417642Z  * [new tag]           v1.3.15         -> v1.3.15
2026-05-14T06:01:47.7418386Z  * [new tag]           v1.3.16         -> v1.3.16
2026-05-14T06:01:47.7418950Z  * [new tag]           v1.3.17         -> v1.3.17
2026-05-14T06:01:47.7419472Z  * [new tag]           v1.3.18         -> v1.3.18
2026-05-14T06:01:47.7419991Z  * [new tag]           v1.3.19         -> v1.3.19
2026-05-14T06:01:47.7420515Z  * [new tag]           v1.3.2          -> v1.3.2
2026-05-14T06:01:47.7421066Z  * [new tag]           v1.3.20         -> v1.3.20
2026-05-14T06:01:47.7421771Z  * [new tag]           v1.3.21         -> v1.3.21
2026-05-14T06:01:47.7422304Z  * [new tag]           v1.3.22         -> v1.3.22
2026-05-14T06:01:47.7422813Z  * [new tag]           v1.3.23         -> v1.3.23
2026-05-14T06:01:47.7423325Z  * [new tag]           v1.3.24         -> v1.3.24
2026-05-14T06:01:47.7423842Z  * [new tag]           v1.3.25         -> v1.3.25
2026-05-14T06:01:47.7424342Z  * [new tag]           v1.3.26         -> v1.3.26
2026-05-14T06:01:47.7424864Z  * [new tag]           v1.3.27         -> v1.3.27
2026-05-14T06:01:47.7425395Z  * [new tag]           v1.3.28         -> v1.3.28
2026-05-14T06:01:47.7425903Z  * [new tag]           v1.3.29         -> v1.3.29
2026-05-14T06:01:47.7426405Z  * [new tag]           v1.3.3          -> v1.3.3
2026-05-14T06:01:47.7426914Z  * [new tag]           v1.3.30         -> v1.3.30
2026-05-14T06:01:47.7427422Z  * [new tag]           v1.3.31         -> v1.3.31
2026-05-14T06:01:47.7427926Z  * [new tag]           v1.3.32         -> v1.3.32
2026-05-14T06:01:47.7428607Z  * [new tag]           v1.3.33         -> v1.3.33
2026-05-14T06:01:47.7429124Z  * [new tag]           v1.3.34         -> v1.3.34
2026-05-14T06:01:47.7429620Z  * [new tag]           v1.3.35         -> v1.3.35
2026-05-14T06:01:47.7430129Z  * [new tag]           v1.3.36         -> v1.3.36
2026-05-14T06:01:47.7430635Z  * [new tag]           v1.3.37         -> v1.3.37
2026-05-14T06:01:47.7431148Z  * [new tag]           v1.3.38         -> v1.3.38
2026-05-14T06:01:47.7504324Z  * [new tag]           v1.3.39         -> v1.3.39
2026-05-14T06:01:47.7505256Z  * [new tag]           v1.3.4          -> v1.3.4
2026-05-14T06:01:47.7505733Z  * [new tag]           v1.3.40         -> v1.3.40
2026-05-14T06:01:47.7506316Z  * [new tag]           v1.3.41         -> v1.3.41
2026-05-14T06:01:47.7506789Z  * [new tag]           v1.3.42         -> v1.3.42
2026-05-14T06:01:47.7507246Z  * [new tag]           v1.3.43         -> v1.3.43
2026-05-14T06:01:47.7507782Z  * [new tag]           v1.3.44         -> v1.3.44
2026-05-14T06:01:47.7508438Z  * [new tag]           v1.3.45         -> v1.3.45
2026-05-14T06:01:47.7508925Z  * [new tag]           v1.3.46         -> v1.3.46
2026-05-14T06:01:47.7509397Z  * [new tag]           v1.3.47         -> v1.3.47
2026-05-14T06:01:47.7509853Z  * [new tag]           v1.3.48         -> v1.3.48
2026-05-14T06:01:47.7510310Z  * [new tag]           v1.3.49         -> v1.3.49
2026-05-14T06:01:47.7510767Z  * [new tag]           v1.3.5          -> v1.3.5
2026-05-14T06:01:47.7511376Z  * [new tag]           v1.3.5-build.2  -> v1.3.5-build.2
2026-05-14T06:01:47.7511915Z  * [new tag]           v1.3.50         -> v1.3.50
2026-05-14T06:01:47.7512392Z  * [new tag]           v1.3.51         -> v1.3.51
2026-05-14T06:01:47.7512893Z  * [new tag]           v1.3.52         -> v1.3.52
2026-05-14T06:01:47.7513411Z  * [new tag]           v1.3.53         -> v1.3.53
2026-05-14T06:01:47.7513935Z  * [new tag]           v1.3.54         -> v1.3.54
2026-05-14T06:01:47.7514454Z  * [new tag]           v1.3.55         -> v1.3.55
2026-05-14T06:01:47.7514964Z  * [new tag]           v1.3.56         -> v1.3.56
2026-05-14T06:01:47.7515491Z  * [new tag]           v1.3.57         -> v1.3.57
2026-05-14T06:01:47.7516012Z  * [new tag]           v1.3.58         -> v1.3.58
2026-05-14T06:01:47.7516532Z  * [new tag]           v1.3.59         -> v1.3.59
2026-05-14T06:01:47.7517057Z  * [new tag]           v1.3.6          -> v1.3.6
2026-05-14T06:01:47.7517570Z  * [new tag]           v1.3.60         -> v1.3.60
2026-05-14T06:01:47.7518564Z  * [new tag]           v1.3.61         -> v1.3.61
2026-05-14T06:01:47.7519103Z  * [new tag]           v1.3.62         -> v1.3.62
2026-05-14T06:01:47.7519627Z  * [new tag]           v1.3.7          -> v1.3.7
2026-05-14T06:01:47.7520173Z  * [new tag]           v1.3.8          -> v1.3.8
2026-05-14T06:01:47.7520714Z  * [new tag]           v1.3.9          -> v1.3.9
2026-05-14T06:01:47.7521225Z  * [new tag]           v1.4.40         -> v1.4.40
2026-05-14T06:01:47.7521764Z  * [new tag]           v1.5.0          -> v1.5.0
2026-05-14T06:01:47.7522283Z  * [new tag]           v1.5.2          -> v1.5.2
2026-05-14T06:01:47.7522803Z  * [new tag]           v1.5.3          -> v1.5.3
2026-05-14T06:01:47.7523323Z  * [new tag]           v1.6.0          -> v1.6.0
2026-05-14T06:01:47.7523869Z  * [new tag]           v1.7.0          -> v1.7.0
2026-05-14T06:01:47.7524396Z  * [new tag]           v1.7.37         -> v1.7.37
2026-05-14T06:01:47.7524896Z  * [new tag]           v1.7.38         -> v1.7.38
2026-05-14T06:01:47.7525341Z  * [new tag]           v1.7.39         -> v1.7.39
2026-05-14T06:01:47.7525682Z  * [new tag]           v1.7.40         -> v1.7.40
2026-05-14T06:01:47.7526009Z  * [new tag]           v1.7.41         -> v1.7.41
2026-05-14T06:01:47.7526334Z  * [new tag]           v1.7.42         -> v1.7.42
2026-05-14T06:01:47.7526664Z  * [new tag]           v1.7.43         -> v1.7.43
2026-05-14T06:01:47.7526976Z  * [new tag]           v1.7.44         -> v1.7.44
2026-05-14T06:01:47.7527315Z  * [new tag]           v1.7.45         -> v1.7.45
2026-05-14T06:01:47.7527640Z  * [new tag]           v1.7.46         -> v1.7.46
2026-05-14T06:01:47.7527949Z  * [new tag]           v1.7.47         -> v1.7.47
2026-05-14T06:01:47.7528500Z  * [new tag]           v1.7.48         -> v1.7.48
2026-05-14T06:01:47.7528839Z  * [new tag]           v1.7.49         -> v1.7.49
2026-05-14T06:01:47.7529165Z  * [new tag]           v1.7.50         -> v1.7.50
2026-05-14T06:01:47.7529492Z  * [new tag]           v1.7.51         -> v1.7.51
2026-05-14T06:01:47.7529831Z  * [new tag]           v1.7.52         -> v1.7.52
2026-05-14T06:01:47.7530344Z  * [new tag]           v1.7.53         -> v1.7.53
2026-05-14T06:01:47.7530661Z  * [new tag]           v1.7.54         -> v1.7.54
2026-05-14T06:01:47.7530985Z  * [new tag]           v1.7.55         -> v1.7.55
2026-05-14T06:01:47.7531320Z  * [new tag]           v1.7.56         -> v1.7.56
2026-05-14T06:01:47.7531640Z  * [new tag]           v1.7.57         -> v1.7.57
2026-05-14T06:01:47.7531956Z  * [new tag]           v1.7.58         -> v1.7.58
2026-05-14T06:01:47.7532272Z  * [new tag]           v1.7.59         -> v1.7.59
2026-05-14T06:01:47.7532580Z  * [new tag]           v1.7.60         -> v1.7.60
2026-05-14T06:01:47.7532898Z  * [new tag]           v1.7.61         -> v1.7.61
2026-05-14T06:01:47.7533213Z  * [new tag]           v1.7.62         -> v1.7.62
2026-05-14T06:01:47.7533521Z  * [new tag]           v1.7.63         -> v1.7.63
2026-05-14T06:01:47.7533840Z  * [new tag]           v1.7.64         -> v1.7.64
2026-05-14T06:01:47.7534167Z  * [new tag]           v1.7.65         -> v1.7.65
2026-05-14T06:01:47.7534480Z  * [new tag]           v1.7.66         -> v1.7.66
2026-05-14T06:01:47.7534821Z  * [new tag]           v1.7.67         -> v1.7.67
2026-05-14T06:01:47.7535135Z  * [new tag]           v1.7.68         -> v1.7.68
2026-05-14T06:01:47.7535457Z  * [new tag]           v1.7.69         -> v1.7.69
2026-05-14T06:01:47.7535776Z  * [new tag]           v1.7.70         -> v1.7.70
2026-05-14T06:01:47.7536086Z  * [new tag]           v1.7.71         -> v1.7.71
2026-05-14T06:01:47.7536407Z  * [new tag]           v1.7.72         -> v1.7.72
2026-05-14T06:01:47.7536722Z  * [new tag]           v1.7.73         -> v1.7.73
2026-05-14T06:01:47.7537036Z  * [new tag]           v1.7.74         -> v1.7.74
2026-05-14T06:01:47.7537347Z  * [new tag]           v1.7.75         -> v1.7.75
2026-05-14T06:01:47.7537660Z  * [new tag]           v1.7.76         -> v1.7.76
2026-05-14T06:01:47.7537983Z  * [new tag]           v1.7.77         -> v1.7.77
2026-05-14T06:01:47.7538620Z  * [new tag]           v1.7.78         -> v1.7.78
2026-05-14T06:01:47.7538954Z  * [new tag]           v1.7.79         -> v1.7.79
2026-05-14T06:01:47.7539281Z  * [new tag]           v1.7.80         -> v1.7.80
2026-05-14T06:01:47.7539600Z  * [new tag]           v1.7.81         -> v1.7.81
2026-05-14T06:01:47.7539930Z  * [new tag]           v1.7.82         -> v1.7.82
2026-05-14T06:01:47.7540258Z  * [new tag]           v1.7.83         -> v1.7.83
2026-05-14T06:01:47.7540569Z  * [new tag]           v1.7.84         -> v1.7.84
2026-05-14T06:01:47.7540890Z  * [new tag]           v1.7.85         -> v1.7.85
2026-05-14T06:01:47.7541210Z  * [new tag]           v1.7.86         -> v1.7.86
2026-05-14T06:01:47.7541522Z  * [new tag]           v1.7.87         -> v1.7.87
2026-05-14T06:01:47.7541840Z  * [new tag]           v1.7.90         -> v1.7.90
2026-05-14T06:01:47.7542161Z  * [new tag]           v1.7.92         -> v1.7.92
2026-05-14T06:01:47.7542475Z  * [new tag]           v1.7.93         -> v1.7.93
2026-05-14T06:01:47.7542791Z  * [new tag]           v1.7.94         -> v1.7.94
2026-05-14T06:01:47.7543181Z  * [new tag]           v1.7.95         -> v1.7.95
2026-05-14T06:01:47.7543501Z  * [new tag]           v1.7.96         -> v1.7.96
2026-05-14T06:01:47.7543822Z  * [new tag]           v1.7.97         -> v1.7.97
2026-05-14T06:01:47.7544136Z  * [new tag]           v1.8.0          -> v1.8.0
2026-05-14T06:01:47.7544465Z  * [new tag]           v1.8.1          -> v1.8.1
2026-05-14T06:01:47.7544787Z  * [new tag]           v1.8.10         -> v1.8.10
2026-05-14T06:01:47.7545099Z  * [new tag]           v1.8.11         -> v1.8.11
2026-05-14T06:01:47.7545424Z  * [new tag]           v1.8.12         -> v1.8.12
2026-05-14T06:01:47.7545745Z  * [new tag]           v1.8.14         -> v1.8.14
2026-05-14T06:01:47.7546060Z  * [new tag]           v1.8.15         -> v1.8.15
2026-05-14T06:01:47.7546379Z  * [new tag]           v1.8.16         -> v1.8.16
2026-05-14T06:01:47.7546696Z  * [new tag]           v1.8.17         -> v1.8.17
2026-05-14T06:01:47.7547013Z  * [new tag]           v1.8.18         -> v1.8.18
2026-05-14T06:01:47.7547474Z  * [new tag]           v1.8.19         -> v1.8.19
2026-05-14T06:01:47.7547806Z  * [new tag]           v1.8.2          -> v1.8.2
2026-05-14T06:01:47.7548294Z  * [new tag]           v1.8.20         -> v1.8.20
2026-05-14T06:01:47.7548617Z  * [new tag]           v1.8.21         -> v1.8.21
2026-05-14T06:01:47.7548937Z  * [new tag]           v1.8.22         -> v1.8.22
2026-05-14T06:01:47.7549250Z  * [new tag]           v1.8.23         -> v1.8.23
2026-05-14T06:01:47.7549581Z  * [new tag]           v1.8.24         -> v1.8.24
2026-05-14T06:01:47.7549909Z  * [new tag]           v1.8.25         -> v1.8.25
2026-05-14T06:01:47.7550221Z  * [new tag]           v1.8.26         -> v1.8.26
2026-05-14T06:01:47.7550530Z  * [new tag]           v1.8.27         -> v1.8.27
2026-05-14T06:01:47.7550843Z  * [new tag]           v1.8.28         -> v1.8.28
2026-05-14T06:01:47.7551160Z  * [new tag]           v1.8.29         -> v1.8.29
2026-05-14T06:01:47.7551480Z  * [new tag]           v1.8.3          -> v1.8.3
2026-05-14T06:01:47.7551801Z  * [new tag]           v1.8.30         -> v1.8.30
2026-05-14T06:01:47.7552117Z  * [new tag]           v1.8.31         -> v1.8.31
2026-05-14T06:01:47.7552424Z  * [new tag]           v1.8.32         -> v1.8.32
2026-05-14T06:01:47.7552743Z  * [new tag]           v1.8.33         -> v1.8.33
2026-05-14T06:01:47.7553060Z  * [new tag]           v1.8.34         -> v1.8.34
2026-05-14T06:01:47.7553369Z  * [new tag]           v1.8.35         -> v1.8.35
2026-05-14T06:01:47.7553683Z  * [new tag]           v1.8.36         -> v1.8.36
2026-05-14T06:01:47.7553998Z  * [new tag]           v1.8.37         -> v1.8.37
2026-05-14T06:01:47.7554310Z  * [new tag]           v1.8.38         -> v1.8.38
2026-05-14T06:01:47.7554623Z  * [new tag]           v1.8.39         -> v1.8.39
2026-05-14T06:01:47.7554942Z  * [new tag]           v1.8.4          -> v1.8.4
2026-05-14T06:01:47.7555259Z  * [new tag]           v1.8.40         -> v1.8.40
2026-05-14T06:01:47.7555706Z  * [new tag]           v1.8.41         -> v1.8.41
2026-05-14T06:01:47.7556033Z  * [new tag]           v1.8.42         -> v1.8.42
2026-05-14T06:01:47.7556350Z  * [new tag]           v1.8.43         -> v1.8.43
2026-05-14T06:01:47.7556661Z  * [new tag]           v1.8.44         -> v1.8.44
2026-05-14T06:01:47.7556974Z  * [new tag]           v1.8.45         -> v1.8.45
2026-05-14T06:01:47.7557288Z  * [new tag]           v1.8.46         -> v1.8.46
2026-05-14T06:01:47.7557601Z  * [new tag]           v1.8.47         -> v1.8.47
2026-05-14T06:01:47.7557915Z  * [new tag]           v1.8.48         -> v1.8.48
2026-05-14T06:01:47.7558381Z  * [new tag]           v1.8.49         -> v1.8.49
2026-05-14T06:01:47.7558694Z  * [new tag]           v1.8.5          -> v1.8.5
2026-05-14T06:01:47.7559006Z  * [new tag]           v1.8.50         -> v1.8.50
2026-05-14T06:01:47.7559324Z  * [new tag]           v1.8.51         -> v1.8.51
2026-05-14T06:01:47.7559665Z  * [new tag]           v1.8.52         -> v1.8.52
2026-05-14T06:01:47.7559994Z  * [new tag]           v1.8.53         -> v1.8.53
2026-05-14T06:01:47.7560330Z  * [new tag]           v1.8.54         -> v1.8.54
2026-05-14T06:01:47.7560661Z  * [new tag]           v1.8.6          -> v1.8.6
2026-05-14T06:01:47.7560982Z  * [new tag]           v1.8.7          -> v1.8.7
2026-05-14T06:01:47.7561299Z  * [new tag]           v1.8.8          -> v1.8.8
2026-05-14T06:01:47.7561613Z  * [new tag]           v1.8.9          -> v1.8.9
2026-05-14T06:01:47.7561922Z  * [new tag]           v1.9.1          -> v1.9.1
2026-05-14T06:01:47.7562241Z  * [new tag]           v1.9.10         -> v1.9.10
2026-05-14T06:01:47.7562563Z  * [new tag]           v1.9.11         -> v1.9.11
2026-05-14T06:01:47.7562877Z  * [new tag]           v1.9.12         -> v1.9.12
2026-05-14T06:01:47.7563196Z  * [new tag]           v1.9.13         -> v1.9.13
2026-05-14T06:01:47.7563508Z  * [new tag]           v1.9.14         -> v1.9.14
2026-05-14T06:01:47.7563814Z  * [new tag]           v1.9.15         -> v1.9.15
2026-05-14T06:01:47.7564137Z  * [new tag]           v1.9.16         -> v1.9.16
2026-05-14T06:01:47.7564591Z  * [new tag]           v1.9.18         -> v1.9.18
2026-05-14T06:01:47.7564903Z  * [new tag]           v1.9.19         -> v1.9.19
2026-05-14T06:01:47.7565233Z  * [new tag]           v1.9.2          -> v1.9.2
2026-05-14T06:01:47.7565555Z  * [new tag]           v1.9.20         -> v1.9.20
2026-05-14T06:01:47.7565874Z  * [new tag]           v1.9.21         -> v1.9.21
2026-05-14T06:01:47.7566187Z  * [new tag]           v1.9.22         -> v1.9.22
2026-05-14T06:01:47.7566511Z  * [new tag]           v1.9.23         -> v1.9.23
2026-05-14T06:01:47.7566828Z  * [new tag]           v1.9.24         -> v1.9.24
2026-05-14T06:01:47.7567134Z  * [new tag]           v1.9.26         -> v1.9.26
2026-05-14T06:01:47.7567443Z  * [new tag]           v1.9.3          -> v1.9.3
2026-05-14T06:01:47.7567771Z  * [new tag]           v1.9.4          -> v1.9.4
2026-05-14T06:01:47.7568235Z  * [new tag]           v1.9.5          -> v1.9.5
2026-05-14T06:01:47.7568578Z  * [new tag]           v1.9.6          -> v1.9.6
2026-05-14T06:01:47.7568908Z  * [new tag]           v1.9.7          -> v1.9.7
2026-05-14T06:01:47.7569215Z  * [new tag]           v1.9.8          -> v1.9.8
2026-05-14T06:01:47.7569531Z  * [new tag]           v1.9.9          -> v1.9.9
2026-05-14T06:01:47.7695854Z ##[endgroup]
2026-05-14T06:01:47.7696343Z ##[group]Determining the checkout info
2026-05-14T06:01:47.7702043Z [command]/usr/bin/git branch --list --remote origin/docs/brain-mode-audit-phase34
2026-05-14T06:01:47.7762828Z [command]/usr/bin/git tag --list docs/brain-mode-audit-phase34
2026-05-14T06:01:47.7856865Z ##[error]A branch or tag with the name 'docs/brain-mode-audit-phase34' could not be found
2026-05-14T06:01:47.8146155Z Post job cleanup.
2026-05-14T06:01:47.8956652Z [command]/usr/bin/git version
2026-05-14T06:01:47.8993610Z git version 2.53.0
2026-05-14T06:01:47.9032220Z Temporarily overriding HOME='/home/runner/work/_temp/aa46a560-0961-476c-9ca1-bd0079a8c4ef' before making global git config changes
2026-05-14T06:01:47.9033942Z Adding repository directory to the temporary git global config as a safe directory
2026-05-14T06:01:47.9038387Z [command]/usr/bin/git config --global --add safe.directory /home/runner/work/prismTask/prismTask
2026-05-14T06:01:47.9070591Z Removing SSH command configuration
2026-05-14T06:01:47.9076953Z [command]/usr/bin/git config --local --name-only --get-regexp core\.sshCommand
2026-05-14T06:01:47.9111645Z [command]/usr/bin/git submodule foreach --recursive sh -c "git config --local --name-only --get-regexp 'core\.sshCommand' && git config --local --unset-all 'core.sshCommand' || :"
2026-05-14T06:01:47.9344192Z Removing HTTP extra header
2026-05-14T06:01:47.9349347Z [command]/usr/bin/git config --local --name-only --get-regexp http\.https\:\/\/github\.com\/\.extraheader
2026-05-14T06:01:47.9392188Z [command]/usr/bin/git submodule foreach --recursive sh -c "git config --local --name-only --get-regexp 'http\.https\:\/\/github\.com\/\.extraheader' && git config --local --unset-all 'http.https://github.com/.extraheader' || :"
2026-05-14T06:01:47.9631450Z Removing includeIf entries pointing to credentials config files
2026-05-14T06:01:47.9640173Z [command]/usr/bin/git config --local --name-only --get-regexp ^includeIf\.gitdir:
2026-05-14T06:01:47.9665861Z includeif.gitdir:/home/runner/work/prismTask/prismTask/.git.path
2026-05-14T06:01:47.9666836Z includeif.gitdir:/home/runner/work/prismTask/prismTask/.git/worktrees/*.path
2026-05-14T06:01:47.9667538Z includeif.gitdir:/github/workspace/.git.path
2026-05-14T06:01:47.9668046Z includeif.gitdir:/github/workspace/.git/worktrees/*.path
2026-05-14T06:01:47.9676586Z [command]/usr/bin/git config --local --get-all includeif.gitdir:/home/runner/work/prismTask/prismTask/.git.path
2026-05-14T06:01:47.9701412Z /home/runner/work/_temp/git-credentials-4272b534-fdf9-43f8-a65a-ee252c90ccba.config
2026-05-14T06:01:47.9714400Z [command]/usr/bin/git config --local --unset includeif.gitdir:/home/runner/work/prismTask/prismTask/.git.path /home/runner/work/_temp/git-credentials-4272b534-fdf9-43f8-a65a-ee252c90ccba.config
2026-05-14T06:01:47.9755134Z [command]/usr/bin/git config --local --get-all includeif.gitdir:/home/runner/work/prismTask/prismTask/.git/worktrees/*.path
2026-05-14T06:01:47.9779926Z /home/runner/work/_temp/git-credentials-4272b534-fdf9-43f8-a65a-ee252c90ccba.config
2026-05-14T06:01:47.9793922Z [command]/usr/bin/git config --local --unset includeif.gitdir:/home/runner/work/prismTask/prismTask/.git/worktrees/*.path /home/runner/work/_temp/git-credentials-4272b534-fdf9-43f8-a65a-ee252c90ccba.config
2026-05-14T06:01:47.9828579Z [command]/usr/bin/git config --local --get-all includeif.gitdir:/github/workspace/.git.path
2026-05-14T06:01:47.9853263Z /github/runner_temp/git-credentials-4272b534-fdf9-43f8-a65a-ee252c90ccba.config
2026-05-14T06:01:47.9863908Z [command]/usr/bin/git config --local --unset includeif.gitdir:/github/workspace/.git.path /github/runner_temp/git-credentials-4272b534-fdf9-43f8-a65a-ee252c90ccba.config
2026-05-14T06:01:47.9901895Z [command]/usr/bin/git config --local --get-all includeif.gitdir:/github/workspace/.git/worktrees/*.path
2026-05-14T06:01:47.9925607Z /github/runner_temp/git-credentials-4272b534-fdf9-43f8-a65a-ee252c90ccba.config
2026-05-14T06:01:47.9937311Z [command]/usr/bin/git config --local --unset includeif.gitdir:/github/workspace/.git/worktrees/*.path /github/runner_temp/git-credentials-4272b534-fdf9-43f8-a65a-ee252c90ccba.config
2026-05-14T06:01:47.9975216Z [command]/usr/bin/git submodule foreach --recursive git config --local --show-origin --name-only --get-regexp remote.origin.url
2026-05-14T06:01:48.0219172Z Removing credentials config '/home/runner/work/_temp/git-credentials-4272b534-fdf9-43f8-a65a-ee252c90ccba.config'
2026-05-14T06:01:48.0392233Z Cleaning up orphan processes
