=== CI FAILURE ===
Workflow:      Android CI
Workflow file: averycorp/prismTask/.github/workflows/android-ci.yml@refs/pull/1382/merge
Job(s):        autofix
Run ID:        25840586226
Run attempt:   1
Run URL:       https://github.com/averycorp/prismTask/actions/runs/25840586226
Commit:        7bfa813134c76377a275bef62063cec7b6e480ac
Branch:        1382/merge
Event:         pull_request
Actor:         akarlin3
Runner OS:     Linux
Timestamp:     2026-05-14T03:52:07.390Z

Failed steps:
  - autofix: #2 Run actions/checkout@v6

=== FAILED JOB LOG ===

--- Job: autofix (id 75924872937) ---
2026-05-14T03:51:33.4692928Z Current runner version: '2.334.0'
2026-05-14T03:51:33.4725186Z ##[group]Runner Image Provisioner
2026-05-14T03:51:33.4726385Z Hosted Compute Agent
2026-05-14T03:51:33.4727277Z Version: 20260213.493
2026-05-14T03:51:33.4728223Z Commit: 5c115507f6dd24b8de37d8bbe0bb4509d0cc0fa3
2026-05-14T03:51:33.4729315Z Build Date: 2026-02-13T00:28:41Z
2026-05-14T03:51:33.4730466Z Worker ID: {1a574d96-47ac-4697-af0d-05de027f922e}
2026-05-14T03:51:33.4731862Z Azure Region: eastus
2026-05-14T03:51:33.4732661Z ##[endgroup]
2026-05-14T03:51:33.4735163Z ##[group]Operating System
2026-05-14T03:51:33.4736098Z Ubuntu
2026-05-14T03:51:33.4736805Z 24.04.4
2026-05-14T03:51:33.4737649Z LTS
2026-05-14T03:51:33.4738301Z ##[endgroup]
2026-05-14T03:51:33.4739077Z ##[group]Runner Image
2026-05-14T03:51:33.4740094Z Image: ubuntu-24.04
2026-05-14T03:51:33.4741136Z Version: 20260413.86.1
2026-05-14T03:51:33.4743195Z Included Software: https://github.com/actions/runner-images/blob/ubuntu24/20260413.86/images/ubuntu/Ubuntu2404-Readme.md
2026-05-14T03:51:33.4745753Z Image Release: https://github.com/actions/runner-images/releases/tag/ubuntu24%2F20260413.86
2026-05-14T03:51:33.4747367Z ##[endgroup]
2026-05-14T03:51:33.4749419Z ##[group]GITHUB_TOKEN Permissions
2026-05-14T03:51:33.4752466Z Actions: read
2026-05-14T03:51:33.4753283Z Checks: read
2026-05-14T03:51:33.4754080Z Contents: write
2026-05-14T03:51:33.4754909Z Metadata: read
2026-05-14T03:51:33.4755641Z PullRequests: read
2026-05-14T03:51:33.4756427Z ##[endgroup]
2026-05-14T03:51:33.4759316Z Secret source: Actions
2026-05-14T03:51:33.4761130Z Prepare workflow directory
2026-05-14T03:51:33.5220439Z Prepare all required actions
2026-05-14T03:51:33.5275349Z Getting action download info
2026-05-14T03:51:33.8159685Z Download action repository 'actions/checkout@v6' (SHA:de0fac2e4500dabe0009e67214ff5f5447ce83dd)
2026-05-14T03:51:33.9575152Z Download action repository 'dorny/paths-filter@v4' (SHA:fbd0ab8f3e69293af611ebaee6363fc25e6d187d)
2026-05-14T03:51:34.0815815Z Download action repository 'actions/cache@v5' (SHA:27d5ce7f107fe9357f9df03efb73ab90386fccae)
2026-05-14T03:51:34.3571636Z Complete job name: autofix
2026-05-14T03:51:34.4318438Z ##[group]Run actions/checkout@v6
2026-05-14T03:51:34.4319272Z with:
2026-05-14T03:51:34.4320178Z   token: ***
2026-05-14T03:51:34.4320641Z   ref: refactor/medication-slots-collection-rename
2026-05-14T03:51:34.4321471Z   fetch-depth: 0
2026-05-14T03:51:34.4321889Z   repository: averycorp/prismTask
2026-05-14T03:51:34.4322378Z   ssh-strict: true
2026-05-14T03:51:34.4322759Z   ssh-user: git
2026-05-14T03:51:34.4323151Z   persist-credentials: true
2026-05-14T03:51:34.4323588Z   clean: true
2026-05-14T03:51:34.4323983Z   sparse-checkout-cone-mode: true
2026-05-14T03:51:34.4324458Z   fetch-tags: false
2026-05-14T03:51:34.4324856Z   show-progress: true
2026-05-14T03:51:34.4325257Z   lfs: false
2026-05-14T03:51:34.4325629Z   submodules: false
2026-05-14T03:51:34.4326038Z   set-safe-directory: true
2026-05-14T03:51:34.4326749Z ##[endgroup]
2026-05-14T03:51:34.5379295Z Syncing repository: averycorp/prismTask
2026-05-14T03:51:34.5381406Z ##[group]Getting Git version info
2026-05-14T03:51:34.5382228Z Working directory is '/home/runner/work/prismTask/prismTask'
2026-05-14T03:51:34.5383228Z [command]/usr/bin/git version
2026-05-14T03:51:34.5423409Z git version 2.53.0
2026-05-14T03:51:34.5446091Z ##[endgroup]
2026-05-14T03:51:34.5460401Z Temporarily overriding HOME='/home/runner/work/_temp/6d8f6329-c071-47a1-9d75-67b8b2092f4d' before making global git config changes
2026-05-14T03:51:34.5462610Z Adding repository directory to the temporary git global config as a safe directory
2026-05-14T03:51:34.5466014Z [command]/usr/bin/git config --global --add safe.directory /home/runner/work/prismTask/prismTask
2026-05-14T03:51:34.5500126Z Deleting the contents of '/home/runner/work/prismTask/prismTask'
2026-05-14T03:51:34.5504090Z ##[group]Initializing the repository
2026-05-14T03:51:34.5508964Z [command]/usr/bin/git init /home/runner/work/prismTask/prismTask
2026-05-14T03:51:34.5617390Z hint: Using 'master' as the name for the initial branch. This default branch name
2026-05-14T03:51:34.5619273Z hint: will change to "main" in Git 3.0. To configure the initial branch name
2026-05-14T03:51:34.5620673Z hint: to use in all of your new repositories, which will suppress this warning,
2026-05-14T03:51:34.5622164Z hint: call:
2026-05-14T03:51:34.5622686Z hint:
2026-05-14T03:51:34.5623303Z hint: 	git config --global init.defaultBranch <name>
2026-05-14T03:51:34.5624243Z hint:
2026-05-14T03:51:34.5624847Z hint: Names commonly chosen instead of 'master' are 'main', 'trunk' and
2026-05-14T03:51:34.5625724Z hint: 'development'. The just-created branch can be renamed via this command:
2026-05-14T03:51:34.5626411Z hint:
2026-05-14T03:51:34.5626898Z hint: 	git branch -m <name>
2026-05-14T03:51:34.5627413Z hint:
2026-05-14T03:51:34.5628204Z hint: Disable this message with "git config set advice.defaultBranchName false"
2026-05-14T03:51:34.5629650Z Initialized empty Git repository in /home/runner/work/prismTask/prismTask/.git/
2026-05-14T03:51:34.5631666Z [command]/usr/bin/git remote add origin https://github.com/averycorp/prismTask
2026-05-14T03:51:34.5659683Z ##[endgroup]
2026-05-14T03:51:34.5660398Z ##[group]Disabling automatic garbage collection
2026-05-14T03:51:34.5663824Z [command]/usr/bin/git config --local gc.auto 0
2026-05-14T03:51:34.5692618Z ##[endgroup]
2026-05-14T03:51:34.5693287Z ##[group]Setting up auth
2026-05-14T03:51:34.5694144Z Removing SSH command configuration
2026-05-14T03:51:34.5701991Z [command]/usr/bin/git config --local --name-only --get-regexp core\.sshCommand
2026-05-14T03:51:34.5734558Z [command]/usr/bin/git submodule foreach --recursive sh -c "git config --local --name-only --get-regexp 'core\.sshCommand' && git config --local --unset-all 'core.sshCommand' || :"
2026-05-14T03:51:34.6055140Z Removing HTTP extra header
2026-05-14T03:51:34.6061158Z [command]/usr/bin/git config --local --name-only --get-regexp http\.https\:\/\/github\.com\/\.extraheader
2026-05-14T03:51:34.6090785Z [command]/usr/bin/git submodule foreach --recursive sh -c "git config --local --name-only --get-regexp 'http\.https\:\/\/github\.com\/\.extraheader' && git config --local --unset-all 'http.https://github.com/.extraheader' || :"
2026-05-14T03:51:34.6298103Z Removing includeIf entries pointing to credentials config files
2026-05-14T03:51:34.6304407Z [command]/usr/bin/git config --local --name-only --get-regexp ^includeIf\.gitdir:
2026-05-14T03:51:34.6334611Z [command]/usr/bin/git submodule foreach --recursive git config --local --show-origin --name-only --get-regexp remote.origin.url
2026-05-14T03:51:34.6546916Z [command]/usr/bin/git config --file /home/runner/work/_temp/git-credentials-5cc54ad8-899e-402f-8255-3e70351bf96f.config http.https://github.com/.extraheader AUTHORIZATION: basic ***
2026-05-14T03:51:34.6581225Z [command]/usr/bin/git config --local includeIf.gitdir:/home/runner/work/prismTask/prismTask/.git.path /home/runner/work/_temp/git-credentials-5cc54ad8-899e-402f-8255-3e70351bf96f.config
2026-05-14T03:51:34.6610025Z [command]/usr/bin/git config --local includeIf.gitdir:/home/runner/work/prismTask/prismTask/.git/worktrees/*.path /home/runner/work/_temp/git-credentials-5cc54ad8-899e-402f-8255-3e70351bf96f.config
2026-05-14T03:51:34.6638471Z [command]/usr/bin/git config --local includeIf.gitdir:/github/workspace/.git.path /github/runner_temp/git-credentials-5cc54ad8-899e-402f-8255-3e70351bf96f.config
2026-05-14T03:51:34.6667064Z [command]/usr/bin/git config --local includeIf.gitdir:/github/workspace/.git/worktrees/*.path /github/runner_temp/git-credentials-5cc54ad8-899e-402f-8255-3e70351bf96f.config
2026-05-14T03:51:34.6697837Z ##[endgroup]
2026-05-14T03:51:34.6698536Z ##[group]Fetching the repository
2026-05-14T03:51:34.6707173Z [command]/usr/bin/git -c protocol.version=2 fetch --no-tags --prune --no-recurse-submodules origin +refs/heads/*:refs/remotes/origin/* +refs/tags/*:refs/tags/*
2026-05-14T03:51:53.8571436Z From https://github.com/averycorp/prismTask
2026-05-14T03:51:53.8573476Z  * [new branch]        ci-logs         -> origin/ci-logs
2026-05-14T03:51:53.8575838Z  * [new branch]        main            -> origin/main
2026-05-14T03:51:53.8577703Z  * [new branch]        v0.1.0-legacy   -> origin/v0.1.0-legacy
2026-05-14T03:51:53.8579566Z  * [new branch]        v0.2.0-legacy   -> origin/v0.2.0-legacy
2026-05-14T03:51:53.8581682Z  * [new branch]        v0.3.0-legacy   -> origin/v0.3.0-legacy
2026-05-14T03:51:53.8583522Z  * [new branch]        v0.4.0-legacy   -> origin/v0.4.0-legacy
2026-05-14T03:51:53.8585342Z  * [new branch]        v0.5.0-legacy   -> origin/v0.5.0-legacy
2026-05-14T03:51:53.8587163Z  * [new branch]        v0.6.0-legacy   -> origin/v0.6.0-legacy
2026-05-14T03:51:53.8589153Z  * [new branch]        v0.7.0-legacy   -> origin/v0.7.0-legacy
2026-05-14T03:51:53.8595871Z  * [new branch]        worktree-course-name-only -> origin/worktree-course-name-only
2026-05-14T03:51:53.8601939Z  * [new branch]        worktree-leisure-categories-removable -> origin/worktree-leisure-categories-removable
2026-05-14T03:51:53.8607418Z  * [new branch]        worktree-recheck-recurring -> origin/worktree-recheck-recurring
2026-05-14T03:51:53.8612361Z  * [new branch]        worktree-remove-leisure-minimum-from-daily-essentials -> origin/worktree-remove-leisure-minimum-from-daily-essentials
2026-05-14T03:51:53.8616534Z  * [new tag]           v0.1.0          -> v0.1.0
2026-05-14T03:51:53.8618398Z  * [new tag]           v0.2.0          -> v0.2.0
2026-05-14T03:51:53.8620498Z  * [new tag]           v0.3.0          -> v0.3.0
2026-05-14T03:51:53.8622724Z  * [new tag]           v0.4.0          -> v0.4.0
2026-05-14T03:51:53.8624594Z  * [new tag]           v0.5.0          -> v0.5.0
2026-05-14T03:51:53.8626430Z  * [new tag]           v0.7.0          -> v0.7.0
2026-05-14T03:51:53.8628364Z  * [new tag]           v0.7.12         -> v0.7.12
2026-05-14T03:51:53.8630254Z  * [new tag]           v0.7.13         -> v0.7.13
2026-05-14T03:51:53.8632379Z  * [new tag]           v0.7.14         -> v0.7.14
2026-05-14T03:51:53.8634256Z  * [new tag]           v0.7.15         -> v0.7.15
2026-05-14T03:51:53.8636182Z  * [new tag]           v0.7.16         -> v0.7.16
2026-05-14T03:51:53.8638609Z  * [new tag]           v0.7.17         -> v0.7.17
2026-05-14T03:51:53.8641165Z  * [new tag]           v0.7.17-build.2 -> v0.7.17-build.2
2026-05-14T03:51:53.8643791Z  * [new tag]           v0.7.17-build.3 -> v0.7.17-build.3
2026-05-14T03:51:53.8646145Z  * [new tag]           v0.7.17-build.4 -> v0.7.17-build.4
2026-05-14T03:51:53.8648648Z  * [new tag]           v0.7.17-build.5 -> v0.7.17-build.5
2026-05-14T03:51:53.8651498Z  * [new tag]           v0.7.17-build.6 -> v0.7.17-build.6
2026-05-14T03:51:53.8653402Z  * [new tag]           v0.7.17-build.7 -> v0.7.17-build.7
2026-05-14T03:51:53.8654903Z  * [new tag]           v0.7.17-build.8 -> v0.7.17-build.8
2026-05-14T03:51:53.8656385Z  * [new tag]           v0.7.17-build.9 -> v0.7.17-build.9
2026-05-14T03:51:53.8657803Z  * [new tag]           v0.7.18         -> v0.7.18
2026-05-14T03:51:53.8659217Z  * [new tag]           v0.7.18-build.2 -> v0.7.18-build.2
2026-05-14T03:51:53.8660706Z  * [new tag]           v0.7.18-build.3 -> v0.7.18-build.3
2026-05-14T03:51:53.8662549Z  * [new tag]           v0.7.18-build.4 -> v0.7.18-build.4
2026-05-14T03:51:53.8664014Z  * [new tag]           v0.7.19         -> v0.7.19
2026-05-14T03:51:53.8665446Z  * [new tag]           v0.7.19-build.2 -> v0.7.19-build.2
2026-05-14T03:51:53.8666893Z  * [new tag]           v0.7.20         -> v0.7.20
2026-05-14T03:51:53.8668291Z  * [new tag]           v0.7.20-build.2 -> v0.7.20-build.2
2026-05-14T03:51:53.8669771Z  * [new tag]           v0.7.20-build.3 -> v0.7.20-build.3
2026-05-14T03:51:53.8671531Z  * [new tag]           v0.7.20-build.4 -> v0.7.20-build.4
2026-05-14T03:51:53.8673001Z  * [new tag]           v0.8.0          -> v0.8.0
2026-05-14T03:51:53.8674401Z  * [new tag]           v0.8.0-build.2  -> v0.8.0-build.2
2026-05-14T03:51:53.8675808Z  * [new tag]           v0.8.1          -> v0.8.1
2026-05-14T03:51:53.8677158Z  * [new tag]           v0.8.10         -> v0.8.10
2026-05-14T03:51:53.8678829Z  * [new tag]           v0.8.11         -> v0.8.11
2026-05-14T03:51:53.8680193Z  * [new tag]           v0.8.12         -> v0.8.12
2026-05-14T03:51:53.8681697Z  * [new tag]           v0.8.13         -> v0.8.13
2026-05-14T03:51:53.8683005Z  * [new tag]           v0.8.14         -> v0.8.14
2026-05-14T03:51:53.8684301Z  * [new tag]           v0.8.15         -> v0.8.15
2026-05-14T03:51:53.8685578Z  * [new tag]           v0.8.2          -> v0.8.2
2026-05-14T03:51:53.8686851Z  * [new tag]           v0.8.3          -> v0.8.3
2026-05-14T03:51:53.8688129Z  * [new tag]           v0.8.4          -> v0.8.4
2026-05-14T03:51:53.8689385Z  * [new tag]           v0.8.5          -> v0.8.5
2026-05-14T03:51:53.8690634Z  * [new tag]           v0.8.6          -> v0.8.6
2026-05-14T03:51:53.8692307Z  * [new tag]           v0.8.7          -> v0.8.7
2026-05-14T03:51:53.8694089Z  * [new tag]           v0.8.8          -> v0.8.8
2026-05-14T03:51:53.8696129Z  * [new tag]           v0.8.9          -> v0.8.9
2026-05-14T03:51:53.8697954Z  * [new tag]           v0.9.1          -> v0.9.1
2026-05-14T03:51:53.8699494Z  * [new tag]           v0.9.2          -> v0.9.2
2026-05-14T03:51:53.8700778Z  * [new tag]           v1.0.1          -> v1.0.1
2026-05-14T03:51:53.8702331Z  * [new tag]           v1.0.10         -> v1.0.10
2026-05-14T03:51:53.8703669Z  * [new tag]           v1.0.11         -> v1.0.11
2026-05-14T03:51:53.8704921Z  * [new tag]           v1.0.12         -> v1.0.12
2026-05-14T03:51:53.8706204Z  * [new tag]           v1.0.13         -> v1.0.13
2026-05-14T03:51:53.8707469Z  * [new tag]           v1.0.2          -> v1.0.2
2026-05-14T03:51:53.8708723Z  * [new tag]           v1.0.3          -> v1.0.3
2026-05-14T03:51:53.8709980Z  * [new tag]           v1.0.4          -> v1.0.4
2026-05-14T03:51:53.8711465Z  * [new tag]           v1.0.5          -> v1.0.5
2026-05-14T03:51:53.8712874Z  * [new tag]           v1.0.6          -> v1.0.6
2026-05-14T03:51:53.8714149Z  * [new tag]           v1.0.7          -> v1.0.7
2026-05-14T03:51:53.8715424Z  * [new tag]           v1.0.8          -> v1.0.8
2026-05-14T03:51:53.8716871Z  * [new tag]           v1.0.9          -> v1.0.9
2026-05-14T03:51:53.8718154Z  * [new tag]           v1.1.1          -> v1.1.1
2026-05-14T03:51:53.8719493Z  * [new tag]           v1.1.1-build.2  -> v1.1.1-build.2
2026-05-14T03:51:53.8721166Z  * [new tag]           v1.1.1-build.3  -> v1.1.1-build.3
2026-05-14T03:51:53.8722571Z  * [new tag]           v1.1.1-build.4  -> v1.1.1-build.4
2026-05-14T03:51:53.8723939Z  * [new tag]           v1.1.10         -> v1.1.10
2026-05-14T03:51:53.8725198Z  * [new tag]           v1.1.11         -> v1.1.11
2026-05-14T03:51:53.8726493Z  * [new tag]           v1.1.12         -> v1.1.12
2026-05-14T03:51:53.8727765Z  * [new tag]           v1.1.2          -> v1.1.2
2026-05-14T03:51:53.8729039Z  * [new tag]           v1.1.3          -> v1.1.3
2026-05-14T03:51:53.8730321Z  * [new tag]           v1.1.4          -> v1.1.4
2026-05-14T03:51:53.8731806Z  * [new tag]           v1.1.5          -> v1.1.5
2026-05-14T03:51:53.8733094Z  * [new tag]           v1.1.6          -> v1.1.6
2026-05-14T03:51:53.8734370Z  * [new tag]           v1.1.7          -> v1.1.7
2026-05-14T03:51:53.8735644Z  * [new tag]           v1.1.8          -> v1.1.8
2026-05-14T03:51:53.8736945Z  * [new tag]           v1.1.9          -> v1.1.9
2026-05-14T03:51:53.8738203Z  * [new tag]           v1.3.0          -> v1.3.0
2026-05-14T03:51:53.8739462Z  * [new tag]           v1.3.1          -> v1.3.1
2026-05-14T03:51:53.8740729Z  * [new tag]           v1.3.10         -> v1.3.10
2026-05-14T03:51:53.8742296Z  * [new tag]           v1.3.11         -> v1.3.11
2026-05-14T03:51:53.8743655Z  * [new tag]           v1.3.11-build.2 -> v1.3.11-build.2
2026-05-14T03:51:53.8745000Z  * [new tag]           v1.3.12         -> v1.3.12
2026-05-14T03:51:53.8746258Z  * [new tag]           v1.3.13         -> v1.3.13
2026-05-14T03:51:53.8747572Z  * [new tag]           v1.3.13-build.2 -> v1.3.13-build.2
2026-05-14T03:51:53.8748899Z  * [new tag]           v1.3.14         -> v1.3.14
2026-05-14T03:51:53.8750317Z  * [new tag]           v1.3.15         -> v1.3.15
2026-05-14T03:51:53.8751868Z  * [new tag]           v1.3.16         -> v1.3.16
2026-05-14T03:51:53.8753127Z  * [new tag]           v1.3.17         -> v1.3.17
2026-05-14T03:51:53.8754362Z  * [new tag]           v1.3.18         -> v1.3.18
2026-05-14T03:51:53.8755585Z  * [new tag]           v1.3.19         -> v1.3.19
2026-05-14T03:51:53.8756798Z  * [new tag]           v1.3.2          -> v1.3.2
2026-05-14T03:51:53.8758023Z  * [new tag]           v1.3.20         -> v1.3.20
2026-05-14T03:51:53.8759234Z  * [new tag]           v1.3.21         -> v1.3.21
2026-05-14T03:51:53.8760470Z  * [new tag]           v1.3.22         -> v1.3.22
2026-05-14T03:51:53.8761969Z  * [new tag]           v1.3.23         -> v1.3.23
2026-05-14T03:51:53.8763197Z  * [new tag]           v1.3.24         -> v1.3.24
2026-05-14T03:51:53.8764407Z  * [new tag]           v1.3.25         -> v1.3.25
2026-05-14T03:51:53.8765609Z  * [new tag]           v1.3.26         -> v1.3.26
2026-05-14T03:51:53.8766815Z  * [new tag]           v1.3.27         -> v1.3.27
2026-05-14T03:51:53.8768027Z  * [new tag]           v1.3.28         -> v1.3.28
2026-05-14T03:51:53.8769235Z  * [new tag]           v1.3.29         -> v1.3.29
2026-05-14T03:51:53.8770424Z  * [new tag]           v1.3.3          -> v1.3.3
2026-05-14T03:51:53.8771866Z  * [new tag]           v1.3.30         -> v1.3.30
2026-05-14T03:51:53.8773069Z  * [new tag]           v1.3.31         -> v1.3.31
2026-05-14T03:51:53.8774265Z  * [new tag]           v1.3.32         -> v1.3.32
2026-05-14T03:51:53.8775475Z  * [new tag]           v1.3.33         -> v1.3.33
2026-05-14T03:51:53.8776694Z  * [new tag]           v1.3.34         -> v1.3.34
2026-05-14T03:51:53.8777932Z  * [new tag]           v1.3.35         -> v1.3.35
2026-05-14T03:51:53.8779133Z  * [new tag]           v1.3.36         -> v1.3.36
2026-05-14T03:51:53.8780336Z  * [new tag]           v1.3.37         -> v1.3.37
2026-05-14T03:51:53.8847021Z  * [new tag]           v1.3.38         -> v1.3.38
2026-05-14T03:51:53.8849087Z  * [new tag]           v1.3.39         -> v1.3.39
2026-05-14T03:51:53.8851497Z  * [new tag]           v1.3.4          -> v1.3.4
2026-05-14T03:51:53.8853545Z  * [new tag]           v1.3.40         -> v1.3.40
2026-05-14T03:51:53.8855586Z  * [new tag]           v1.3.41         -> v1.3.41
2026-05-14T03:51:53.8857560Z  * [new tag]           v1.3.42         -> v1.3.42
2026-05-14T03:51:53.8859536Z  * [new tag]           v1.3.43         -> v1.3.43
2026-05-14T03:51:53.8861913Z  * [new tag]           v1.3.44         -> v1.3.44
2026-05-14T03:51:53.8863972Z  * [new tag]           v1.3.45         -> v1.3.45
2026-05-14T03:51:53.8865228Z  * [new tag]           v1.3.46         -> v1.3.46
2026-05-14T03:51:53.8866424Z  * [new tag]           v1.3.47         -> v1.3.47
2026-05-14T03:51:53.8867625Z  * [new tag]           v1.3.48         -> v1.3.48
2026-05-14T03:51:53.8868841Z  * [new tag]           v1.3.49         -> v1.3.49
2026-05-14T03:51:53.8870036Z  * [new tag]           v1.3.5          -> v1.3.5
2026-05-14T03:51:53.8871617Z  * [new tag]           v1.3.5-build.2  -> v1.3.5-build.2
2026-05-14T03:51:53.8872914Z  * [new tag]           v1.3.50         -> v1.3.50
2026-05-14T03:51:53.8874110Z  * [new tag]           v1.3.51         -> v1.3.51
2026-05-14T03:51:53.8875290Z  * [new tag]           v1.3.52         -> v1.3.52
2026-05-14T03:51:53.8876486Z  * [new tag]           v1.3.53         -> v1.3.53
2026-05-14T03:51:53.8877674Z  * [new tag]           v1.3.54         -> v1.3.54
2026-05-14T03:51:53.8878864Z  * [new tag]           v1.3.55         -> v1.3.55
2026-05-14T03:51:53.8880067Z  * [new tag]           v1.3.56         -> v1.3.56
2026-05-14T03:51:53.8881503Z  * [new tag]           v1.3.57         -> v1.3.57
2026-05-14T03:51:53.8883408Z  * [new tag]           v1.3.58         -> v1.3.58
2026-05-14T03:51:53.8885322Z  * [new tag]           v1.3.59         -> v1.3.59
2026-05-14T03:51:53.8886736Z  * [new tag]           v1.3.6          -> v1.3.6
2026-05-14T03:51:53.8888328Z  * [new tag]           v1.3.60         -> v1.3.60
2026-05-14T03:51:53.8890430Z  * [new tag]           v1.3.61         -> v1.3.61
2026-05-14T03:51:53.8892084Z  * [new tag]           v1.3.62         -> v1.3.62
2026-05-14T03:51:53.8893590Z  * [new tag]           v1.3.7          -> v1.3.7
2026-05-14T03:51:53.8894777Z  * [new tag]           v1.3.8          -> v1.3.8
2026-05-14T03:51:53.8895943Z  * [new tag]           v1.3.9          -> v1.3.9
2026-05-14T03:51:53.8897102Z  * [new tag]           v1.4.40         -> v1.4.40
2026-05-14T03:51:53.8898557Z  * [new tag]           v1.5.0          -> v1.5.0
2026-05-14T03:51:53.8900384Z  * [new tag]           v1.5.2          -> v1.5.2
2026-05-14T03:51:53.8901881Z  * [new tag]           v1.5.3          -> v1.5.3
2026-05-14T03:51:53.8903066Z  * [new tag]           v1.6.0          -> v1.6.0
2026-05-14T03:51:53.8904287Z  * [new tag]           v1.7.0          -> v1.7.0
2026-05-14T03:51:53.8905613Z  * [new tag]           v1.7.37         -> v1.7.37
2026-05-14T03:51:53.8906845Z  * [new tag]           v1.7.38         -> v1.7.38
2026-05-14T03:51:53.8908038Z  * [new tag]           v1.7.39         -> v1.7.39
2026-05-14T03:51:53.8909209Z  * [new tag]           v1.7.40         -> v1.7.40
2026-05-14T03:51:53.8910386Z  * [new tag]           v1.7.41         -> v1.7.41
2026-05-14T03:51:53.8911872Z  * [new tag]           v1.7.42         -> v1.7.42
2026-05-14T03:51:53.8913069Z  * [new tag]           v1.7.43         -> v1.7.43
2026-05-14T03:51:53.8914258Z  * [new tag]           v1.7.44         -> v1.7.44
2026-05-14T03:51:53.8915447Z  * [new tag]           v1.7.45         -> v1.7.45
2026-05-14T03:51:53.8916624Z  * [new tag]           v1.7.46         -> v1.7.46
2026-05-14T03:51:53.8917804Z  * [new tag]           v1.7.47         -> v1.7.47
2026-05-14T03:51:53.8918991Z  * [new tag]           v1.7.48         -> v1.7.48
2026-05-14T03:51:53.8920180Z  * [new tag]           v1.7.49         -> v1.7.49
2026-05-14T03:51:53.8921605Z  * [new tag]           v1.7.50         -> v1.7.50
2026-05-14T03:51:53.8922805Z  * [new tag]           v1.7.51         -> v1.7.51
2026-05-14T03:51:53.8924004Z  * [new tag]           v1.7.52         -> v1.7.52
2026-05-14T03:51:53.8925362Z  * [new tag]           v1.7.53         -> v1.7.53
2026-05-14T03:51:53.8926578Z  * [new tag]           v1.7.54         -> v1.7.54
2026-05-14T03:51:53.8927763Z  * [new tag]           v1.7.55         -> v1.7.55
2026-05-14T03:51:53.8928946Z  * [new tag]           v1.7.56         -> v1.7.56
2026-05-14T03:51:53.8930126Z  * [new tag]           v1.7.57         -> v1.7.57
2026-05-14T03:51:53.8931674Z  * [new tag]           v1.7.58         -> v1.7.58
2026-05-14T03:51:53.8932854Z  * [new tag]           v1.7.59         -> v1.7.59
2026-05-14T03:51:53.8934035Z  * [new tag]           v1.7.60         -> v1.7.60
2026-05-14T03:51:53.8935218Z  * [new tag]           v1.7.61         -> v1.7.61
2026-05-14T03:51:53.8936400Z  * [new tag]           v1.7.62         -> v1.7.62
2026-05-14T03:51:53.8937750Z  * [new tag]           v1.7.63         -> v1.7.63
2026-05-14T03:51:53.8938943Z  * [new tag]           v1.7.64         -> v1.7.64
2026-05-14T03:51:53.8940127Z  * [new tag]           v1.7.65         -> v1.7.65
2026-05-14T03:51:53.8941685Z  * [new tag]           v1.7.66         -> v1.7.66
2026-05-14T03:51:53.8942925Z  * [new tag]           v1.7.67         -> v1.7.67
2026-05-14T03:51:53.8944113Z  * [new tag]           v1.7.68         -> v1.7.68
2026-05-14T03:51:53.8945318Z  * [new tag]           v1.7.69         -> v1.7.69
2026-05-14T03:51:53.8946537Z  * [new tag]           v1.7.70         -> v1.7.70
2026-05-14T03:51:53.8947745Z  * [new tag]           v1.7.71         -> v1.7.71
2026-05-14T03:51:53.8948943Z  * [new tag]           v1.7.72         -> v1.7.72
2026-05-14T03:51:53.8950158Z  * [new tag]           v1.7.73         -> v1.7.73
2026-05-14T03:51:53.8951614Z  * [new tag]           v1.7.74         -> v1.7.74
2026-05-14T03:51:53.8953170Z  * [new tag]           v1.7.75         -> v1.7.75
2026-05-14T03:51:53.8954421Z  * [new tag]           v1.7.76         -> v1.7.76
2026-05-14T03:51:53.8955602Z  * [new tag]           v1.7.77         -> v1.7.77
2026-05-14T03:51:53.8957507Z  * [new tag]           v1.7.78         -> v1.7.78
2026-05-14T03:51:53.8958868Z  * [new tag]           v1.7.79         -> v1.7.79
2026-05-14T03:51:53.8960084Z  * [new tag]           v1.7.80         -> v1.7.80
2026-05-14T03:51:53.8961822Z  * [new tag]           v1.7.81         -> v1.7.81
2026-05-14T03:51:53.8963036Z  * [new tag]           v1.7.82         -> v1.7.82
2026-05-14T03:51:53.8965116Z  * [new tag]           v1.7.83         -> v1.7.83
2026-05-14T03:51:53.8966721Z  * [new tag]           v1.7.84         -> v1.7.84
2026-05-14T03:51:53.8967931Z  * [new tag]           v1.7.85         -> v1.7.85
2026-05-14T03:51:53.8969128Z  * [new tag]           v1.7.86         -> v1.7.86
2026-05-14T03:51:53.8970381Z  * [new tag]           v1.7.87         -> v1.7.87
2026-05-14T03:51:53.8972600Z  * [new tag]           v1.7.90         -> v1.7.90
2026-05-14T03:51:53.8973847Z  * [new tag]           v1.7.92         -> v1.7.92
2026-05-14T03:51:53.8975054Z  * [new tag]           v1.7.93         -> v1.7.93
2026-05-14T03:51:53.8976323Z  * [new tag]           v1.7.94         -> v1.7.94
2026-05-14T03:51:53.8977496Z  * [new tag]           v1.7.95         -> v1.7.95
2026-05-14T03:51:53.8978665Z  * [new tag]           v1.7.96         -> v1.7.96
2026-05-14T03:51:53.8979845Z  * [new tag]           v1.7.97         -> v1.7.97
2026-05-14T03:51:53.8981324Z  * [new tag]           v1.8.0          -> v1.8.0
2026-05-14T03:51:53.8982547Z  * [new tag]           v1.8.1          -> v1.8.1
2026-05-14T03:51:53.8983788Z  * [new tag]           v1.8.10         -> v1.8.10
2026-05-14T03:51:53.8984981Z  * [new tag]           v1.8.11         -> v1.8.11
2026-05-14T03:51:53.8986171Z  * [new tag]           v1.8.12         -> v1.8.12
2026-05-14T03:51:53.8987357Z  * [new tag]           v1.8.14         -> v1.8.14
2026-05-14T03:51:53.8988552Z  * [new tag]           v1.8.15         -> v1.8.15
2026-05-14T03:51:53.8989775Z  * [new tag]           v1.8.16         -> v1.8.16
2026-05-14T03:51:53.8991248Z  * [new tag]           v1.8.17         -> v1.8.17
2026-05-14T03:51:53.8992676Z  * [new tag]           v1.8.18         -> v1.8.18
2026-05-14T03:51:53.8993906Z  * [new tag]           v1.8.19         -> v1.8.19
2026-05-14T03:51:53.8995095Z  * [new tag]           v1.8.2          -> v1.8.2
2026-05-14T03:51:53.8996298Z  * [new tag]           v1.8.20         -> v1.8.20
2026-05-14T03:51:53.8997492Z  * [new tag]           v1.8.21         -> v1.8.21
2026-05-14T03:51:53.8998698Z  * [new tag]           v1.8.22         -> v1.8.22
2026-05-14T03:51:53.8999887Z  * [new tag]           v1.8.23         -> v1.8.23
2026-05-14T03:51:53.9001334Z  * [new tag]           v1.8.24         -> v1.8.24
2026-05-14T03:51:53.9002955Z  * [new tag]           v1.8.25         -> v1.8.25
2026-05-14T03:51:53.9005140Z  * [new tag]           v1.8.26         -> v1.8.26
2026-05-14T03:51:53.9007209Z  * [new tag]           v1.8.27         -> v1.8.27
2026-05-14T03:51:53.9009234Z  * [new tag]           v1.8.28         -> v1.8.28
2026-05-14T03:51:53.9011579Z  * [new tag]           v1.8.29         -> v1.8.29
2026-05-14T03:51:53.9013650Z  * [new tag]           v1.8.3          -> v1.8.3
2026-05-14T03:51:53.9015758Z  * [new tag]           v1.8.30         -> v1.8.30
2026-05-14T03:51:53.9017888Z  * [new tag]           v1.8.31         -> v1.8.31
2026-05-14T03:51:53.9019904Z  * [new tag]           v1.8.32         -> v1.8.32
2026-05-14T03:51:53.9022059Z  * [new tag]           v1.8.33         -> v1.8.33
2026-05-14T03:51:53.9024027Z  * [new tag]           v1.8.34         -> v1.8.34
2026-05-14T03:51:53.9025907Z  * [new tag]           v1.8.35         -> v1.8.35
2026-05-14T03:51:53.9027860Z  * [new tag]           v1.8.36         -> v1.8.36
2026-05-14T03:51:53.9029803Z  * [new tag]           v1.8.37         -> v1.8.37
2026-05-14T03:51:53.9032156Z  * [new tag]           v1.8.38         -> v1.8.38
2026-05-14T03:51:53.9034252Z  * [new tag]           v1.8.39         -> v1.8.39
2026-05-14T03:51:53.9036364Z  * [new tag]           v1.8.4          -> v1.8.4
2026-05-14T03:51:53.9038506Z  * [new tag]           v1.8.40         -> v1.8.40
2026-05-14T03:51:53.9041317Z  * [new tag]           v1.8.41         -> v1.8.41
2026-05-14T03:51:53.9043419Z  * [new tag]           v1.8.42         -> v1.8.42
2026-05-14T03:51:53.9045538Z  * [new tag]           v1.8.43         -> v1.8.43
2026-05-14T03:51:53.9047619Z  * [new tag]           v1.8.44         -> v1.8.44
2026-05-14T03:51:53.9049696Z  * [new tag]           v1.8.45         -> v1.8.45
2026-05-14T03:51:53.9052012Z  * [new tag]           v1.8.46         -> v1.8.46
2026-05-14T03:51:53.9054164Z  * [new tag]           v1.8.47         -> v1.8.47
2026-05-14T03:51:53.9056194Z  * [new tag]           v1.8.48         -> v1.8.48
2026-05-14T03:51:53.9058245Z  * [new tag]           v1.8.49         -> v1.8.49
2026-05-14T03:51:53.9059870Z  * [new tag]           v1.8.5          -> v1.8.5
2026-05-14T03:51:53.9062209Z  * [new tag]           v1.8.50         -> v1.8.50
2026-05-14T03:51:53.9064013Z  * [new tag]           v1.8.51         -> v1.8.51
2026-05-14T03:51:53.9065792Z  * [new tag]           v1.8.52         -> v1.8.52
2026-05-14T03:51:53.9067580Z  * [new tag]           v1.8.53         -> v1.8.53
2026-05-14T03:51:53.9069341Z  * [new tag]           v1.8.54         -> v1.8.54
2026-05-14T03:51:53.9071333Z  * [new tag]           v1.8.6          -> v1.8.6
2026-05-14T03:51:53.9073112Z  * [new tag]           v1.8.7          -> v1.8.7
2026-05-14T03:51:53.9074934Z  * [new tag]           v1.8.8          -> v1.8.8
2026-05-14T03:51:53.9076704Z  * [new tag]           v1.8.9          -> v1.8.9
2026-05-14T03:51:53.9078489Z  * [new tag]           v1.9.1          -> v1.9.1
2026-05-14T03:51:53.9080192Z  * [new tag]           v1.9.10         -> v1.9.10
2026-05-14T03:51:53.9082145Z  * [new tag]           v1.9.11         -> v1.9.11
2026-05-14T03:51:53.9084203Z  * [new tag]           v1.9.12         -> v1.9.12
2026-05-14T03:51:53.9086072Z  * [new tag]           v1.9.13         -> v1.9.13
2026-05-14T03:51:53.9087919Z  * [new tag]           v1.9.14         -> v1.9.14
2026-05-14T03:51:53.9089712Z  * [new tag]           v1.9.15         -> v1.9.15
2026-05-14T03:51:53.9092123Z  * [new tag]           v1.9.16         -> v1.9.16
2026-05-14T03:51:53.9094018Z  * [new tag]           v1.9.18         -> v1.9.18
2026-05-14T03:51:53.9095882Z  * [new tag]           v1.9.19         -> v1.9.19
2026-05-14T03:51:53.9097758Z  * [new tag]           v1.9.2          -> v1.9.2
2026-05-14T03:51:53.9099693Z  * [new tag]           v1.9.20         -> v1.9.20
2026-05-14T03:51:53.9101829Z  * [new tag]           v1.9.21         -> v1.9.21
2026-05-14T03:51:53.9103772Z  * [new tag]           v1.9.22         -> v1.9.22
2026-05-14T03:51:53.9105639Z  * [new tag]           v1.9.23         -> v1.9.23
2026-05-14T03:51:53.9107535Z  * [new tag]           v1.9.24         -> v1.9.24
2026-05-14T03:51:53.9109534Z  * [new tag]           v1.9.3          -> v1.9.3
2026-05-14T03:51:53.9111609Z  * [new tag]           v1.9.4          -> v1.9.4
2026-05-14T03:51:53.9112867Z  * [new tag]           v1.9.5          -> v1.9.5
2026-05-14T03:51:53.9114034Z  * [new tag]           v1.9.6          -> v1.9.6
2026-05-14T03:51:53.9115219Z  * [new tag]           v1.9.7          -> v1.9.7
2026-05-14T03:51:53.9116388Z  * [new tag]           v1.9.8          -> v1.9.8
2026-05-14T03:51:53.9117564Z  * [new tag]           v1.9.9          -> v1.9.9
2026-05-14T03:51:53.9120425Z ##[endgroup]
2026-05-14T03:51:53.9122469Z ##[group]Determining the checkout info
2026-05-14T03:51:53.9124371Z [command]/usr/bin/git branch --list --remote origin/refactor/medication-slots-collection-rename
2026-05-14T03:51:53.9127757Z [command]/usr/bin/git tag --list refactor/medication-slots-collection-rename
2026-05-14T03:51:53.9161917Z ##[error]A branch or tag with the name 'refactor/medication-slots-collection-rename' could not be found
2026-05-14T03:51:53.9571843Z Post job cleanup.
2026-05-14T03:51:54.0453363Z [command]/usr/bin/git version
2026-05-14T03:51:54.0521874Z git version 2.53.0
2026-05-14T03:51:54.0569742Z Temporarily overriding HOME='/home/runner/work/_temp/fee68395-5480-4d4d-a290-18296679fa1b' before making global git config changes
2026-05-14T03:51:54.0575168Z Adding repository directory to the temporary git global config as a safe directory
2026-05-14T03:51:54.0579019Z [command]/usr/bin/git config --global --add safe.directory /home/runner/work/prismTask/prismTask
2026-05-14T03:51:54.0610018Z Removing SSH command configuration
2026-05-14T03:51:54.0617829Z [command]/usr/bin/git config --local --name-only --get-regexp core\.sshCommand
2026-05-14T03:51:54.0653361Z [command]/usr/bin/git submodule foreach --recursive sh -c "git config --local --name-only --get-regexp 'core\.sshCommand' && git config --local --unset-all 'core.sshCommand' || :"
2026-05-14T03:51:54.0865450Z Removing HTTP extra header
2026-05-14T03:51:54.0872295Z [command]/usr/bin/git config --local --name-only --get-regexp http\.https\:\/\/github\.com\/\.extraheader
2026-05-14T03:51:54.0907861Z [command]/usr/bin/git submodule foreach --recursive sh -c "git config --local --name-only --get-regexp 'http\.https\:\/\/github\.com\/\.extraheader' && git config --local --unset-all 'http.https://github.com/.extraheader' || :"
2026-05-14T03:51:54.1117427Z Removing includeIf entries pointing to credentials config files
2026-05-14T03:51:54.1123471Z [command]/usr/bin/git config --local --name-only --get-regexp ^includeIf\.gitdir:
2026-05-14T03:51:54.1145196Z includeif.gitdir:/home/runner/work/prismTask/prismTask/.git.path
2026-05-14T03:51:54.1148669Z includeif.gitdir:/home/runner/work/prismTask/prismTask/.git/worktrees/*.path
2026-05-14T03:51:54.1151822Z includeif.gitdir:/github/workspace/.git.path
2026-05-14T03:51:54.1154117Z includeif.gitdir:/github/workspace/.git/worktrees/*.path
2026-05-14T03:51:54.1159409Z [command]/usr/bin/git config --local --get-all includeif.gitdir:/home/runner/work/prismTask/prismTask/.git.path
2026-05-14T03:51:54.1179113Z /home/runner/work/_temp/git-credentials-5cc54ad8-899e-402f-8255-3e70351bf96f.config
2026-05-14T03:51:54.1190789Z [command]/usr/bin/git config --local --unset includeif.gitdir:/home/runner/work/prismTask/prismTask/.git.path /home/runner/work/_temp/git-credentials-5cc54ad8-899e-402f-8255-3e70351bf96f.config
2026-05-14T03:51:54.1222811Z [command]/usr/bin/git config --local --get-all includeif.gitdir:/home/runner/work/prismTask/prismTask/.git/worktrees/*.path
2026-05-14T03:51:54.1244638Z /home/runner/work/_temp/git-credentials-5cc54ad8-899e-402f-8255-3e70351bf96f.config
2026-05-14T03:51:54.1258302Z [command]/usr/bin/git config --local --unset includeif.gitdir:/home/runner/work/prismTask/prismTask/.git/worktrees/*.path /home/runner/work/_temp/git-credentials-5cc54ad8-899e-402f-8255-3e70351bf96f.config
2026-05-14T03:51:54.1287486Z [command]/usr/bin/git config --local --get-all includeif.gitdir:/github/workspace/.git.path
2026-05-14T03:51:54.1308306Z /github/runner_temp/git-credentials-5cc54ad8-899e-402f-8255-3e70351bf96f.config
2026-05-14T03:51:54.1316881Z [command]/usr/bin/git config --local --unset includeif.gitdir:/github/workspace/.git.path /github/runner_temp/git-credentials-5cc54ad8-899e-402f-8255-3e70351bf96f.config
2026-05-14T03:51:54.1347006Z [command]/usr/bin/git config --local --get-all includeif.gitdir:/github/workspace/.git/worktrees/*.path
2026-05-14T03:51:54.1367091Z /github/runner_temp/git-credentials-5cc54ad8-899e-402f-8255-3e70351bf96f.config
2026-05-14T03:51:54.1377178Z [command]/usr/bin/git config --local --unset includeif.gitdir:/github/workspace/.git/worktrees/*.path /github/runner_temp/git-credentials-5cc54ad8-899e-402f-8255-3e70351bf96f.config
2026-05-14T03:51:54.1407903Z [command]/usr/bin/git submodule foreach --recursive git config --local --show-origin --name-only --get-regexp remote.origin.url
2026-05-14T03:51:54.1639054Z Removing credentials config '/home/runner/work/_temp/git-credentials-5cc54ad8-899e-402f-8255-3e70351bf96f.config'
2026-05-14T03:51:54.1797471Z Cleaning up orphan processes
