=== CI FAILURE ===
Workflow:      Android CI
Workflow file: averycorp/prismTask/.github/workflows/android-ci.yml@refs/pull/1448/merge
Job(s):        autofix
Run ID:        25900937459
Run attempt:   1
Run URL:       https://github.com/averycorp/prismTask/actions/runs/25900937459
Commit:        bffa040dbb8d18a8b78d81179a1921610ca051aa
Branch:        1448/merge
Event:         pull_request
Actor:         akarlin3
Runner OS:     Linux
Timestamp:     2026-05-15T04:52:29.656Z

Failed steps:
  - autofix: #2 Run actions/checkout@v6

=== FAILED JOB LOG ===

--- Job: autofix (id 76123948865) ---
2026-05-15T04:51:46.8701300Z Current runner version: '2.334.0'
2026-05-15T04:51:46.8721536Z ##[group]Runner Image Provisioner
2026-05-15T04:51:46.8722220Z Hosted Compute Agent
2026-05-15T04:51:46.8722659Z Version: 20260213.493
2026-05-15T04:51:46.8723193Z Commit: 5c115507f6dd24b8de37d8bbe0bb4509d0cc0fa3
2026-05-15T04:51:46.8723754Z Build Date: 2026-02-13T00:28:41Z
2026-05-15T04:51:46.8724270Z Worker ID: {c0faee1b-c5a5-4fdd-9dcc-da5a98912fb0}
2026-05-15T04:51:46.8724838Z Azure Region: westus
2026-05-15T04:51:46.8725301Z ##[endgroup]
2026-05-15T04:51:46.8726257Z ##[group]Operating System
2026-05-15T04:51:46.8726771Z Ubuntu
2026-05-15T04:51:46.8727154Z 24.04.4
2026-05-15T04:51:46.8727491Z LTS
2026-05-15T04:51:46.8728012Z ##[endgroup]
2026-05-15T04:51:46.8728408Z ##[group]Runner Image
2026-05-15T04:51:46.8728858Z Image: ubuntu-24.04
2026-05-15T04:51:46.8729460Z Version: 20260413.86.1
2026-05-15T04:51:46.8730371Z Included Software: https://github.com/actions/runner-images/blob/ubuntu24/20260413.86/images/ubuntu/Ubuntu2404-Readme.md
2026-05-15T04:51:46.8731560Z Image Release: https://github.com/actions/runner-images/releases/tag/ubuntu24%2F20260413.86
2026-05-15T04:51:46.8732225Z ##[endgroup]
2026-05-15T04:51:46.8733218Z ##[group]GITHUB_TOKEN Permissions
2026-05-15T04:51:46.8734666Z Actions: read
2026-05-15T04:51:46.8735093Z Checks: read
2026-05-15T04:51:46.8735510Z Contents: write
2026-05-15T04:51:46.8735961Z Metadata: read
2026-05-15T04:51:46.8736370Z PullRequests: read
2026-05-15T04:51:46.8736774Z ##[endgroup]
2026-05-15T04:51:46.8738393Z Secret source: Actions
2026-05-15T04:51:46.8738908Z Prepare workflow directory
2026-05-15T04:51:46.8991577Z Prepare all required actions
2026-05-15T04:51:46.9021808Z Getting action download info
2026-05-15T04:51:47.3910689Z Download action repository 'actions/checkout@v6' (SHA:de0fac2e4500dabe0009e67214ff5f5447ce83dd)
2026-05-15T04:51:47.5322299Z Download action repository 'dorny/paths-filter@v4' (SHA:fbd0ab8f3e69293af611ebaee6363fc25e6d187d)
2026-05-15T04:51:47.8436583Z Download action repository 'actions/cache@v5' (SHA:27d5ce7f107fe9357f9df03efb73ab90386fccae)
2026-05-15T04:51:48.5322815Z Complete job name: autofix
2026-05-15T04:51:48.6039388Z ##[group]Run actions/checkout@v6
2026-05-15T04:51:48.6040577Z with:
2026-05-15T04:51:48.6042078Z   token: ***
2026-05-15T04:51:48.6042714Z   ref: feat/chat-all-data-context
2026-05-15T04:51:48.6043482Z   fetch-depth: 0
2026-05-15T04:51:48.6044142Z   repository: averycorp/prismTask
2026-05-15T04:51:48.6044912Z   ssh-strict: true
2026-05-15T04:51:48.6045538Z   ssh-user: git
2026-05-15T04:51:48.6046171Z   persist-credentials: true
2026-05-15T04:51:48.6046873Z   clean: true
2026-05-15T04:51:48.6047519Z   sparse-checkout-cone-mode: true
2026-05-15T04:51:48.6048282Z   fetch-tags: false
2026-05-15T04:51:48.6048925Z   show-progress: true
2026-05-15T04:51:48.6049754Z   lfs: false
2026-05-15T04:51:48.6050352Z   submodules: false
2026-05-15T04:51:48.6051012Z   set-safe-directory: true
2026-05-15T04:51:48.6051936Z ##[endgroup]
2026-05-15T04:51:48.6882876Z Syncing repository: averycorp/prismTask
2026-05-15T04:51:48.6884947Z ##[group]Getting Git version info
2026-05-15T04:51:48.6886029Z Working directory is '/home/runner/work/prismTask/prismTask'
2026-05-15T04:51:48.6887520Z [command]/usr/bin/git version
2026-05-15T04:51:48.7257486Z git version 2.53.0
2026-05-15T04:51:48.7274742Z ##[endgroup]
2026-05-15T04:51:48.7286215Z Temporarily overriding HOME='/home/runner/work/_temp/d624f7e0-aabf-4ba5-a617-0555cbc936b7' before making global git config changes
2026-05-15T04:51:48.7288379Z Adding repository directory to the temporary git global config as a safe directory
2026-05-15T04:51:48.7290635Z [command]/usr/bin/git config --global --add safe.directory /home/runner/work/prismTask/prismTask
2026-05-15T04:51:48.7320222Z Deleting the contents of '/home/runner/work/prismTask/prismTask'
2026-05-15T04:51:48.7324157Z ##[group]Initializing the repository
2026-05-15T04:51:48.7327729Z [command]/usr/bin/git init /home/runner/work/prismTask/prismTask
2026-05-15T04:51:48.7467861Z hint: Using 'master' as the name for the initial branch. This default branch name
2026-05-15T04:51:48.7470490Z hint: will change to "main" in Git 3.0. To configure the initial branch name
2026-05-15T04:51:48.7472713Z hint: to use in all of your new repositories, which will suppress this warning,
2026-05-15T04:51:48.7473837Z hint: call:
2026-05-15T04:51:48.7474419Z hint:
2026-05-15T04:51:48.7475470Z hint: 	git config --global init.defaultBranch <name>
2026-05-15T04:51:48.7476720Z hint:
2026-05-15T04:51:48.7477575Z hint: Names commonly chosen instead of 'master' are 'main', 'trunk' and
2026-05-15T04:51:48.7478969Z hint: 'development'. The just-created branch can be renamed via this command:
2026-05-15T04:51:48.7480349Z hint:
2026-05-15T04:51:48.7481010Z hint: 	git branch -m <name>
2026-05-15T04:51:48.7481699Z hint:
2026-05-15T04:51:48.7482640Z hint: Disable this message with "git config set advice.defaultBranchName false"
2026-05-15T04:51:48.7484183Z Initialized empty Git repository in /home/runner/work/prismTask/prismTask/.git/
2026-05-15T04:51:48.7486641Z [command]/usr/bin/git remote add origin https://github.com/averycorp/prismTask
2026-05-15T04:51:48.7502903Z ##[endgroup]
2026-05-15T04:51:48.7504012Z ##[group]Disabling automatic garbage collection
2026-05-15T04:51:48.7505289Z [command]/usr/bin/git config --local gc.auto 0
2026-05-15T04:51:48.7528458Z ##[endgroup]
2026-05-15T04:51:48.7529777Z ##[group]Setting up auth
2026-05-15T04:51:48.7530567Z Removing SSH command configuration
2026-05-15T04:51:48.7533138Z [command]/usr/bin/git config --local --name-only --get-regexp core\.sshCommand
2026-05-15T04:51:48.7557723Z [command]/usr/bin/git submodule foreach --recursive sh -c "git config --local --name-only --get-regexp 'core\.sshCommand' && git config --local --unset-all 'core.sshCommand' || :"
2026-05-15T04:51:48.7790464Z Removing HTTP extra header
2026-05-15T04:51:48.7795299Z [command]/usr/bin/git config --local --name-only --get-regexp http\.https\:\/\/github\.com\/\.extraheader
2026-05-15T04:51:48.7822293Z [command]/usr/bin/git submodule foreach --recursive sh -c "git config --local --name-only --get-regexp 'http\.https\:\/\/github\.com\/\.extraheader' && git config --local --unset-all 'http.https://github.com/.extraheader' || :"
2026-05-15T04:51:48.7995378Z Removing includeIf entries pointing to credentials config files
2026-05-15T04:51:48.7999888Z [command]/usr/bin/git config --local --name-only --get-regexp ^includeIf\.gitdir:
2026-05-15T04:51:48.8024768Z [command]/usr/bin/git submodule foreach --recursive git config --local --show-origin --name-only --get-regexp remote.origin.url
2026-05-15T04:51:48.8203988Z [command]/usr/bin/git config --file /home/runner/work/_temp/git-credentials-824f640d-21b6-4169-97a9-865c221029c6.config http.https://github.com/.extraheader AUTHORIZATION: basic ***
2026-05-15T04:51:48.8233590Z [command]/usr/bin/git config --local includeIf.gitdir:/home/runner/work/prismTask/prismTask/.git.path /home/runner/work/_temp/git-credentials-824f640d-21b6-4169-97a9-865c221029c6.config
2026-05-15T04:51:48.8258065Z [command]/usr/bin/git config --local includeIf.gitdir:/home/runner/work/prismTask/prismTask/.git/worktrees/*.path /home/runner/work/_temp/git-credentials-824f640d-21b6-4169-97a9-865c221029c6.config
2026-05-15T04:51:48.8282147Z [command]/usr/bin/git config --local includeIf.gitdir:/github/workspace/.git.path /github/runner_temp/git-credentials-824f640d-21b6-4169-97a9-865c221029c6.config
2026-05-15T04:51:48.8306679Z [command]/usr/bin/git config --local includeIf.gitdir:/github/workspace/.git/worktrees/*.path /github/runner_temp/git-credentials-824f640d-21b6-4169-97a9-865c221029c6.config
2026-05-15T04:51:48.8333259Z ##[endgroup]
2026-05-15T04:51:48.8334329Z ##[group]Fetching the repository
2026-05-15T04:51:48.8339586Z [command]/usr/bin/git -c protocol.version=2 fetch --no-tags --prune --no-recurse-submodules origin +refs/heads/*:refs/remotes/origin/* +refs/tags/*:refs/tags/*
2026-05-15T04:52:19.1899847Z From https://github.com/averycorp/prismTask
2026-05-15T04:52:19.1900436Z  * [new branch]        ci-logs         -> origin/ci-logs
2026-05-15T04:52:19.1901684Z  * [new branch]        docs/parity-batch-5-medication-audit-phase-3-4 -> origin/docs/parity-batch-5-medication-audit-phase-3-4
2026-05-15T04:52:19.1902651Z  * [new branch]        main            -> origin/main
2026-05-15T04:52:19.1903082Z  * [new branch]        v0.1.0-legacy   -> origin/v0.1.0-legacy
2026-05-15T04:52:19.1903533Z  * [new branch]        v0.2.0-legacy   -> origin/v0.2.0-legacy
2026-05-15T04:52:19.1903984Z  * [new branch]        v0.3.0-legacy   -> origin/v0.3.0-legacy
2026-05-15T04:52:19.1904400Z  * [new branch]        v0.4.0-legacy   -> origin/v0.4.0-legacy
2026-05-15T04:52:19.1904830Z  * [new branch]        v0.5.0-legacy   -> origin/v0.5.0-legacy
2026-05-15T04:52:19.1905274Z  * [new branch]        v0.6.0-legacy   -> origin/v0.6.0-legacy
2026-05-15T04:52:19.1905692Z  * [new branch]        v0.7.0-legacy   -> origin/v0.7.0-legacy
2026-05-15T04:52:19.1906354Z  * [new branch]        worktree-balance-cog-habits-leisure -> origin/worktree-balance-cog-habits-leisure
2026-05-15T04:52:19.1907404Z  * [new branch]        worktree-feat+analog-clock-three-hand-medication -> origin/worktree-feat+analog-clock-three-hand-medication
2026-05-15T04:52:19.1908525Z  * [new branch]        worktree-fix+restore-purchase-button-wiring -> origin/worktree-fix+restore-purchase-button-wiring
2026-05-15T04:52:19.1909854Z  * [new branch]        worktree-fix-ci-onboarding-forgiveness-streaks-ref -> origin/worktree-fix-ci-onboarding-forgiveness-streaks-ref
2026-05-15T04:52:19.1910936Z  * [new branch]        worktree-fix-onboarding-welcome-overlap -> origin/worktree-fix-onboarding-welcome-overlap
2026-05-15T04:52:19.1911771Z  * [new branch]        worktree-medication-tier-edit -> origin/worktree-medication-tier-edit
2026-05-15T04:52:19.1912324Z  * [new tag]           v0.1.0          -> v0.1.0
2026-05-15T04:52:19.1912692Z  * [new tag]           v0.2.0          -> v0.2.0
2026-05-15T04:52:19.1913044Z  * [new tag]           v0.3.0          -> v0.3.0
2026-05-15T04:52:19.1913392Z  * [new tag]           v0.4.0          -> v0.4.0
2026-05-15T04:52:19.1913743Z  * [new tag]           v0.5.0          -> v0.5.0
2026-05-15T04:52:19.1914321Z  * [new tag]           v0.7.0          -> v0.7.0
2026-05-15T04:52:19.1914710Z  * [new tag]           v0.7.12         -> v0.7.12
2026-05-15T04:52:19.1915069Z  * [new tag]           v0.7.13         -> v0.7.13
2026-05-15T04:52:19.1915432Z  * [new tag]           v0.7.14         -> v0.7.14
2026-05-15T04:52:19.1915795Z  * [new tag]           v0.7.15         -> v0.7.15
2026-05-15T04:52:19.1916185Z  * [new tag]           v0.7.16         -> v0.7.16
2026-05-15T04:52:19.1916537Z  * [new tag]           v0.7.17         -> v0.7.17
2026-05-15T04:52:19.1917020Z  * [new tag]           v0.7.17-build.2 -> v0.7.17-build.2
2026-05-15T04:52:19.1917461Z  * [new tag]           v0.7.17-build.3 -> v0.7.17-build.3
2026-05-15T04:52:19.1917843Z  * [new tag]           v0.7.17-build.4 -> v0.7.17-build.4
2026-05-15T04:52:19.1918174Z  * [new tag]           v0.7.17-build.5 -> v0.7.17-build.5
2026-05-15T04:52:19.1918515Z  * [new tag]           v0.7.17-build.6 -> v0.7.17-build.6
2026-05-15T04:52:19.1918838Z  * [new tag]           v0.7.17-build.7 -> v0.7.17-build.7
2026-05-15T04:52:19.1919346Z  * [new tag]           v0.7.17-build.8 -> v0.7.17-build.8
2026-05-15T04:52:19.1919704Z  * [new tag]           v0.7.17-build.9 -> v0.7.17-build.9
2026-05-15T04:52:19.1920120Z  * [new tag]           v0.7.18         -> v0.7.18
2026-05-15T04:52:19.1920474Z  * [new tag]           v0.7.18-build.2 -> v0.7.18-build.2
2026-05-15T04:52:19.1920869Z  * [new tag]           v0.7.18-build.3 -> v0.7.18-build.3
2026-05-15T04:52:19.1921256Z  * [new tag]           v0.7.18-build.4 -> v0.7.18-build.4
2026-05-15T04:52:19.1921623Z  * [new tag]           v0.7.19         -> v0.7.19
2026-05-15T04:52:19.1921996Z  * [new tag]           v0.7.19-build.2 -> v0.7.19-build.2
2026-05-15T04:52:19.1922367Z  * [new tag]           v0.7.20         -> v0.7.20
2026-05-15T04:52:19.1922721Z  * [new tag]           v0.7.20-build.2 -> v0.7.20-build.2
2026-05-15T04:52:19.1923317Z  * [new tag]           v0.7.20-build.3 -> v0.7.20-build.3
2026-05-15T04:52:19.1923712Z  * [new tag]           v0.7.20-build.4 -> v0.7.20-build.4
2026-05-15T04:52:19.1924078Z  * [new tag]           v0.8.0          -> v0.8.0
2026-05-15T04:52:19.1924464Z  * [new tag]           v0.8.0-build.2  -> v0.8.0-build.2
2026-05-15T04:52:19.1924842Z  * [new tag]           v0.8.1          -> v0.8.1
2026-05-15T04:52:19.1925208Z  * [new tag]           v0.8.10         -> v0.8.10
2026-05-15T04:52:19.1925541Z  * [new tag]           v0.8.11         -> v0.8.11
2026-05-15T04:52:19.1925849Z  * [new tag]           v0.8.12         -> v0.8.12
2026-05-15T04:52:19.1926182Z  * [new tag]           v0.8.13         -> v0.8.13
2026-05-15T04:52:19.1926496Z  * [new tag]           v0.8.14         -> v0.8.14
2026-05-15T04:52:19.1926826Z  * [new tag]           v0.8.15         -> v0.8.15
2026-05-15T04:52:19.1927159Z  * [new tag]           v0.8.2          -> v0.8.2
2026-05-15T04:52:19.1927483Z  * [new tag]           v0.8.3          -> v0.8.3
2026-05-15T04:52:19.1927835Z  * [new tag]           v0.8.4          -> v0.8.4
2026-05-15T04:52:19.1928183Z  * [new tag]           v0.8.5          -> v0.8.5
2026-05-15T04:52:19.1928519Z  * [new tag]           v0.8.6          -> v0.8.6
2026-05-15T04:52:19.1928878Z  * [new tag]           v0.8.7          -> v0.8.7
2026-05-15T04:52:19.1929366Z  * [new tag]           v0.8.8          -> v0.8.8
2026-05-15T04:52:19.1929704Z  * [new tag]           v0.8.9          -> v0.8.9
2026-05-15T04:52:19.1930048Z  * [new tag]           v0.9.1          -> v0.9.1
2026-05-15T04:52:19.1930411Z  * [new tag]           v0.9.2          -> v0.9.2
2026-05-15T04:52:19.1930825Z  * [new tag]           v1.0.1          -> v1.0.1
2026-05-15T04:52:19.1931178Z  * [new tag]           v1.0.10         -> v1.0.10
2026-05-15T04:52:19.1931526Z  * [new tag]           v1.0.11         -> v1.0.11
2026-05-15T04:52:19.1931872Z  * [new tag]           v1.0.12         -> v1.0.12
2026-05-15T04:52:19.1932220Z  * [new tag]           v1.0.13         -> v1.0.13
2026-05-15T04:52:19.1932583Z  * [new tag]           v1.0.2          -> v1.0.2
2026-05-15T04:52:19.1933138Z  * [new tag]           v1.0.3          -> v1.0.3
2026-05-15T04:52:19.1933525Z  * [new tag]           v1.0.4          -> v1.0.4
2026-05-15T04:52:19.1933929Z  * [new tag]           v1.0.5          -> v1.0.5
2026-05-15T04:52:19.1934282Z  * [new tag]           v1.0.6          -> v1.0.6
2026-05-15T04:52:19.1934643Z  * [new tag]           v1.0.7          -> v1.0.7
2026-05-15T04:52:19.1934994Z  * [new tag]           v1.0.8          -> v1.0.8
2026-05-15T04:52:19.1935362Z  * [new tag]           v1.0.9          -> v1.0.9
2026-05-15T04:52:19.1935741Z  * [new tag]           v1.1.1          -> v1.1.1
2026-05-15T04:52:19.1936149Z  * [new tag]           v1.1.1-build.2  -> v1.1.1-build.2
2026-05-15T04:52:19.1936561Z  * [new tag]           v1.1.1-build.3  -> v1.1.1-build.3
2026-05-15T04:52:19.1936909Z  * [new tag]           v1.1.1-build.4  -> v1.1.1-build.4
2026-05-15T04:52:19.1937155Z  * [new tag]           v1.1.10         -> v1.1.10
2026-05-15T04:52:19.1937410Z  * [new tag]           v1.1.11         -> v1.1.11
2026-05-15T04:52:19.1937651Z  * [new tag]           v1.1.12         -> v1.1.12
2026-05-15T04:52:19.1937976Z  * [new tag]           v1.1.2          -> v1.1.2
2026-05-15T04:52:19.1938360Z  * [new tag]           v1.1.3          -> v1.1.3
2026-05-15T04:52:19.1938728Z  * [new tag]           v1.1.4          -> v1.1.4
2026-05-15T04:52:19.1939104Z  * [new tag]           v1.1.5          -> v1.1.5
2026-05-15T04:52:19.1939604Z  * [new tag]           v1.1.6          -> v1.1.6
2026-05-15T04:52:19.1939971Z  * [new tag]           v1.1.7          -> v1.1.7
2026-05-15T04:52:19.1940324Z  * [new tag]           v1.1.8          -> v1.1.8
2026-05-15T04:52:19.1940661Z  * [new tag]           v1.1.9          -> v1.1.9
2026-05-15T04:52:19.1941013Z  * [new tag]           v1.3.0          -> v1.3.0
2026-05-15T04:52:19.1941365Z  * [new tag]           v1.3.1          -> v1.3.1
2026-05-15T04:52:19.1941717Z  * [new tag]           v1.3.10         -> v1.3.10
2026-05-15T04:52:19.1942281Z  * [new tag]           v1.3.11         -> v1.3.11
2026-05-15T04:52:19.1942691Z  * [new tag]           v1.3.11-build.2 -> v1.3.11-build.2
2026-05-15T04:52:19.1943077Z  * [new tag]           v1.3.12         -> v1.3.12
2026-05-15T04:52:19.1943438Z  * [new tag]           v1.3.13         -> v1.3.13
2026-05-15T04:52:19.1943827Z  * [new tag]           v1.3.13-build.2 -> v1.3.13-build.2
2026-05-15T04:52:19.1944212Z  * [new tag]           v1.3.14         -> v1.3.14
2026-05-15T04:52:19.1944568Z  * [new tag]           v1.3.15         -> v1.3.15
2026-05-15T04:52:19.1944930Z  * [new tag]           v1.3.16         -> v1.3.16
2026-05-15T04:52:19.1945325Z  * [new tag]           v1.3.17         -> v1.3.17
2026-05-15T04:52:19.1945678Z  * [new tag]           v1.3.18         -> v1.3.18
2026-05-15T04:52:19.1946032Z  * [new tag]           v1.3.19         -> v1.3.19
2026-05-15T04:52:19.1946395Z  * [new tag]           v1.3.2          -> v1.3.2
2026-05-15T04:52:19.1946748Z  * [new tag]           v1.3.20         -> v1.3.20
2026-05-15T04:52:19.1947117Z  * [new tag]           v1.3.21         -> v1.3.21
2026-05-15T04:52:19.1947474Z  * [new tag]           v1.3.22         -> v1.3.22
2026-05-15T04:52:19.1947814Z  * [new tag]           v1.3.23         -> v1.3.23
2026-05-15T04:52:19.1948180Z  * [new tag]           v1.3.24         -> v1.3.24
2026-05-15T04:52:19.1948533Z  * [new tag]           v1.3.25         -> v1.3.25
2026-05-15T04:52:19.1948952Z  * [new tag]           v1.3.26         -> v1.3.26
2026-05-15T04:52:19.1949465Z  * [new tag]           v1.3.27         -> v1.3.27
2026-05-15T04:52:19.1949830Z  * [new tag]           v1.3.28         -> v1.3.28
2026-05-15T04:52:19.1950192Z  * [new tag]           v1.3.29         -> v1.3.29
2026-05-15T04:52:19.1950554Z  * [new tag]           v1.3.3          -> v1.3.3
2026-05-15T04:52:19.2010848Z  * [new tag]           v1.3.30         -> v1.3.30
2026-05-15T04:52:19.2011273Z  * [new tag]           v1.3.31         -> v1.3.31
2026-05-15T04:52:19.2011672Z  * [new tag]           v1.3.32         -> v1.3.32
2026-05-15T04:52:19.2012010Z  * [new tag]           v1.3.33         -> v1.3.33
2026-05-15T04:52:19.2012515Z  * [new tag]           v1.3.34         -> v1.3.34
2026-05-15T04:52:19.2012848Z  * [new tag]           v1.3.35         -> v1.3.35
2026-05-15T04:52:19.2013159Z  * [new tag]           v1.3.36         -> v1.3.36
2026-05-15T04:52:19.2013487Z  * [new tag]           v1.3.37         -> v1.3.37
2026-05-15T04:52:19.2013911Z  * [new tag]           v1.3.38         -> v1.3.38
2026-05-15T04:52:19.2014345Z  * [new tag]           v1.3.39         -> v1.3.39
2026-05-15T04:52:19.2014751Z  * [new tag]           v1.3.4          -> v1.3.4
2026-05-15T04:52:19.2015058Z  * [new tag]           v1.3.40         -> v1.3.40
2026-05-15T04:52:19.2015357Z  * [new tag]           v1.3.41         -> v1.3.41
2026-05-15T04:52:19.2015672Z  * [new tag]           v1.3.42         -> v1.3.42
2026-05-15T04:52:19.2015986Z  * [new tag]           v1.3.43         -> v1.3.43
2026-05-15T04:52:19.2016319Z  * [new tag]           v1.3.44         -> v1.3.44
2026-05-15T04:52:19.2016666Z  * [new tag]           v1.3.45         -> v1.3.45
2026-05-15T04:52:19.2016966Z  * [new tag]           v1.3.46         -> v1.3.46
2026-05-15T04:52:19.2017276Z  * [new tag]           v1.3.47         -> v1.3.47
2026-05-15T04:52:19.2017585Z  * [new tag]           v1.3.48         -> v1.3.48
2026-05-15T04:52:19.2017876Z  * [new tag]           v1.3.49         -> v1.3.49
2026-05-15T04:52:19.2018242Z  * [new tag]           v1.3.5          -> v1.3.5
2026-05-15T04:52:19.2018611Z  * [new tag]           v1.3.5-build.2  -> v1.3.5-build.2
2026-05-15T04:52:19.2018978Z  * [new tag]           v1.3.50         -> v1.3.50
2026-05-15T04:52:19.2019464Z  * [new tag]           v1.3.51         -> v1.3.51
2026-05-15T04:52:19.2019786Z  * [new tag]           v1.3.52         -> v1.3.52
2026-05-15T04:52:19.2020128Z  * [new tag]           v1.3.53         -> v1.3.53
2026-05-15T04:52:19.2020477Z  * [new tag]           v1.3.54         -> v1.3.54
2026-05-15T04:52:19.2020842Z  * [new tag]           v1.3.55         -> v1.3.55
2026-05-15T04:52:19.2021416Z  * [new tag]           v1.3.56         -> v1.3.56
2026-05-15T04:52:19.2021777Z  * [new tag]           v1.3.57         -> v1.3.57
2026-05-15T04:52:19.2022157Z  * [new tag]           v1.3.58         -> v1.3.58
2026-05-15T04:52:19.2022528Z  * [new tag]           v1.3.59         -> v1.3.59
2026-05-15T04:52:19.2022886Z  * [new tag]           v1.3.6          -> v1.3.6
2026-05-15T04:52:19.2023243Z  * [new tag]           v1.3.60         -> v1.3.60
2026-05-15T04:52:19.2023612Z  * [new tag]           v1.3.61         -> v1.3.61
2026-05-15T04:52:19.2023964Z  * [new tag]           v1.3.62         -> v1.3.62
2026-05-15T04:52:19.2024343Z  * [new tag]           v1.3.7          -> v1.3.7
2026-05-15T04:52:19.2024723Z  * [new tag]           v1.3.8          -> v1.3.8
2026-05-15T04:52:19.2025070Z  * [new tag]           v1.3.9          -> v1.3.9
2026-05-15T04:52:19.2025431Z  * [new tag]           v1.4.40         -> v1.4.40
2026-05-15T04:52:19.2025790Z  * [new tag]           v1.5.0          -> v1.5.0
2026-05-15T04:52:19.2026151Z  * [new tag]           v1.5.2          -> v1.5.2
2026-05-15T04:52:19.2026507Z  * [new tag]           v1.5.3          -> v1.5.3
2026-05-15T04:52:19.2026862Z  * [new tag]           v1.6.0          -> v1.6.0
2026-05-15T04:52:19.2027243Z  * [new tag]           v1.7.0          -> v1.7.0
2026-05-15T04:52:19.2027573Z  * [new tag]           v1.7.37         -> v1.7.37
2026-05-15T04:52:19.2027950Z  * [new tag]           v1.7.38         -> v1.7.38
2026-05-15T04:52:19.2028300Z  * [new tag]           v1.7.39         -> v1.7.39
2026-05-15T04:52:19.2028610Z  * [new tag]           v1.7.40         -> v1.7.40
2026-05-15T04:52:19.2028963Z  * [new tag]           v1.7.41         -> v1.7.41
2026-05-15T04:52:19.2029484Z  * [new tag]           v1.7.42         -> v1.7.42
2026-05-15T04:52:19.2029708Z  * [new tag]           v1.7.43         -> v1.7.43
2026-05-15T04:52:19.2029933Z  * [new tag]           v1.7.44         -> v1.7.44
2026-05-15T04:52:19.2030160Z  * [new tag]           v1.7.45         -> v1.7.45
2026-05-15T04:52:19.2030392Z  * [new tag]           v1.7.46         -> v1.7.46
2026-05-15T04:52:19.2030775Z  * [new tag]           v1.7.47         -> v1.7.47
2026-05-15T04:52:19.2031010Z  * [new tag]           v1.7.48         -> v1.7.48
2026-05-15T04:52:19.2031236Z  * [new tag]           v1.7.49         -> v1.7.49
2026-05-15T04:52:19.2031450Z  * [new tag]           v1.7.50         -> v1.7.50
2026-05-15T04:52:19.2031666Z  * [new tag]           v1.7.51         -> v1.7.51
2026-05-15T04:52:19.2031889Z  * [new tag]           v1.7.52         -> v1.7.52
2026-05-15T04:52:19.2032125Z  * [new tag]           v1.7.53         -> v1.7.53
2026-05-15T04:52:19.2032360Z  * [new tag]           v1.7.54         -> v1.7.54
2026-05-15T04:52:19.2032592Z  * [new tag]           v1.7.55         -> v1.7.55
2026-05-15T04:52:19.2032811Z  * [new tag]           v1.7.56         -> v1.7.56
2026-05-15T04:52:19.2033034Z  * [new tag]           v1.7.57         -> v1.7.57
2026-05-15T04:52:19.2033254Z  * [new tag]           v1.7.58         -> v1.7.58
2026-05-15T04:52:19.2033474Z  * [new tag]           v1.7.59         -> v1.7.59
2026-05-15T04:52:19.2033700Z  * [new tag]           v1.7.60         -> v1.7.60
2026-05-15T04:52:19.2033952Z  * [new tag]           v1.7.61         -> v1.7.61
2026-05-15T04:52:19.2034183Z  * [new tag]           v1.7.62         -> v1.7.62
2026-05-15T04:52:19.2034397Z  * [new tag]           v1.7.63         -> v1.7.63
2026-05-15T04:52:19.2034636Z  * [new tag]           v1.7.64         -> v1.7.64
2026-05-15T04:52:19.2034868Z  * [new tag]           v1.7.65         -> v1.7.65
2026-05-15T04:52:19.2035090Z  * [new tag]           v1.7.66         -> v1.7.66
2026-05-15T04:52:19.2035302Z  * [new tag]           v1.7.67         -> v1.7.67
2026-05-15T04:52:19.2035526Z  * [new tag]           v1.7.68         -> v1.7.68
2026-05-15T04:52:19.2035751Z  * [new tag]           v1.7.69         -> v1.7.69
2026-05-15T04:52:19.2035981Z  * [new tag]           v1.7.70         -> v1.7.70
2026-05-15T04:52:19.2036199Z  * [new tag]           v1.7.71         -> v1.7.71
2026-05-15T04:52:19.2036530Z  * [new tag]           v1.7.72         -> v1.7.72
2026-05-15T04:52:19.2036756Z  * [new tag]           v1.7.73         -> v1.7.73
2026-05-15T04:52:19.2036971Z  * [new tag]           v1.7.74         -> v1.7.74
2026-05-15T04:52:19.2037196Z  * [new tag]           v1.7.75         -> v1.7.75
2026-05-15T04:52:19.2037421Z  * [new tag]           v1.7.76         -> v1.7.76
2026-05-15T04:52:19.2037641Z  * [new tag]           v1.7.77         -> v1.7.77
2026-05-15T04:52:19.2037871Z  * [new tag]           v1.7.78         -> v1.7.78
2026-05-15T04:52:19.2038099Z  * [new tag]           v1.7.79         -> v1.7.79
2026-05-15T04:52:19.2038315Z  * [new tag]           v1.7.80         -> v1.7.80
2026-05-15T04:52:19.2038537Z  * [new tag]           v1.7.81         -> v1.7.81
2026-05-15T04:52:19.2038763Z  * [new tag]           v1.7.82         -> v1.7.82
2026-05-15T04:52:19.2038996Z  * [new tag]           v1.7.83         -> v1.7.83
2026-05-15T04:52:19.2039417Z  * [new tag]           v1.7.84         -> v1.7.84
2026-05-15T04:52:19.2039655Z  * [new tag]           v1.7.85         -> v1.7.85
2026-05-15T04:52:19.2039880Z  * [new tag]           v1.7.86         -> v1.7.86
2026-05-15T04:52:19.2040178Z  * [new tag]           v1.7.87         -> v1.7.87
2026-05-15T04:52:19.2040397Z  * [new tag]           v1.7.90         -> v1.7.90
2026-05-15T04:52:19.2040616Z  * [new tag]           v1.7.92         -> v1.7.92
2026-05-15T04:52:19.2040834Z  * [new tag]           v1.7.93         -> v1.7.93
2026-05-15T04:52:19.2041046Z  * [new tag]           v1.7.94         -> v1.7.94
2026-05-15T04:52:19.2041269Z  * [new tag]           v1.7.95         -> v1.7.95
2026-05-15T04:52:19.2041488Z  * [new tag]           v1.7.96         -> v1.7.96
2026-05-15T04:52:19.2041698Z  * [new tag]           v1.7.97         -> v1.7.97
2026-05-15T04:52:19.2041924Z  * [new tag]           v1.8.0          -> v1.8.0
2026-05-15T04:52:19.2042155Z  * [new tag]           v1.8.1          -> v1.8.1
2026-05-15T04:52:19.2042374Z  * [new tag]           v1.8.10         -> v1.8.10
2026-05-15T04:52:19.2042708Z  * [new tag]           v1.8.11         -> v1.8.11
2026-05-15T04:52:19.2042937Z  * [new tag]           v1.8.12         -> v1.8.12
2026-05-15T04:52:19.2043157Z  * [new tag]           v1.8.14         -> v1.8.14
2026-05-15T04:52:19.2043383Z  * [new tag]           v1.8.15         -> v1.8.15
2026-05-15T04:52:19.2043609Z  * [new tag]           v1.8.16         -> v1.8.16
2026-05-15T04:52:19.2043833Z  * [new tag]           v1.8.17         -> v1.8.17
2026-05-15T04:52:19.2044051Z  * [new tag]           v1.8.18         -> v1.8.18
2026-05-15T04:52:19.2044268Z  * [new tag]           v1.8.19         -> v1.8.19
2026-05-15T04:52:19.2044490Z  * [new tag]           v1.8.2          -> v1.8.2
2026-05-15T04:52:19.2044704Z  * [new tag]           v1.8.20         -> v1.8.20
2026-05-15T04:52:19.2044939Z  * [new tag]           v1.8.21         -> v1.8.21
2026-05-15T04:52:19.2045152Z  * [new tag]           v1.8.22         -> v1.8.22
2026-05-15T04:52:19.2045377Z  * [new tag]           v1.8.23         -> v1.8.23
2026-05-15T04:52:19.2045603Z  * [new tag]           v1.8.24         -> v1.8.24
2026-05-15T04:52:19.2045832Z  * [new tag]           v1.8.25         -> v1.8.25
2026-05-15T04:52:19.2046059Z  * [new tag]           v1.8.26         -> v1.8.26
2026-05-15T04:52:19.2046279Z  * [new tag]           v1.8.27         -> v1.8.27
2026-05-15T04:52:19.2046501Z  * [new tag]           v1.8.28         -> v1.8.28
2026-05-15T04:52:19.2046710Z  * [new tag]           v1.8.29         -> v1.8.29
2026-05-15T04:52:19.2046933Z  * [new tag]           v1.8.3          -> v1.8.3
2026-05-15T04:52:19.2047159Z  * [new tag]           v1.8.30         -> v1.8.30
2026-05-15T04:52:19.2047372Z  * [new tag]           v1.8.31         -> v1.8.31
2026-05-15T04:52:19.2047593Z  * [new tag]           v1.8.32         -> v1.8.32
2026-05-15T04:52:19.2047813Z  * [new tag]           v1.8.33         -> v1.8.33
2026-05-15T04:52:19.2048023Z  * [new tag]           v1.8.34         -> v1.8.34
2026-05-15T04:52:19.2048246Z  * [new tag]           v1.8.35         -> v1.8.35
2026-05-15T04:52:19.2048579Z  * [new tag]           v1.8.36         -> v1.8.36
2026-05-15T04:52:19.2048800Z  * [new tag]           v1.8.37         -> v1.8.37
2026-05-15T04:52:19.2049023Z  * [new tag]           v1.8.38         -> v1.8.38
2026-05-15T04:52:19.2049391Z  * [new tag]           v1.8.39         -> v1.8.39
2026-05-15T04:52:19.2049618Z  * [new tag]           v1.8.4          -> v1.8.4
2026-05-15T04:52:19.2049836Z  * [new tag]           v1.8.40         -> v1.8.40
2026-05-15T04:52:19.2050054Z  * [new tag]           v1.8.41         -> v1.8.41
2026-05-15T04:52:19.2050277Z  * [new tag]           v1.8.42         -> v1.8.42
2026-05-15T04:52:19.2050488Z  * [new tag]           v1.8.43         -> v1.8.43
2026-05-15T04:52:19.2050706Z  * [new tag]           v1.8.44         -> v1.8.44
2026-05-15T04:52:19.2050923Z  * [new tag]           v1.8.45         -> v1.8.45
2026-05-15T04:52:19.2051130Z  * [new tag]           v1.8.46         -> v1.8.46
2026-05-15T04:52:19.2051352Z  * [new tag]           v1.8.47         -> v1.8.47
2026-05-15T04:52:19.2051578Z  * [new tag]           v1.8.48         -> v1.8.48
2026-05-15T04:52:19.2051793Z  * [new tag]           v1.8.49         -> v1.8.49
2026-05-15T04:52:19.2052018Z  * [new tag]           v1.8.5          -> v1.8.5
2026-05-15T04:52:19.2052242Z  * [new tag]           v1.8.50         -> v1.8.50
2026-05-15T04:52:19.2052450Z  * [new tag]           v1.8.51         -> v1.8.51
2026-05-15T04:52:19.2052668Z  * [new tag]           v1.8.52         -> v1.8.52
2026-05-15T04:52:19.2052884Z  * [new tag]           v1.8.53         -> v1.8.53
2026-05-15T04:52:19.2053102Z  * [new tag]           v1.8.54         -> v1.8.54
2026-05-15T04:52:19.2053312Z  * [new tag]           v1.8.6          -> v1.8.6
2026-05-15T04:52:19.2053531Z  * [new tag]           v1.8.7          -> v1.8.7
2026-05-15T04:52:19.2053747Z  * [new tag]           v1.8.8          -> v1.8.8
2026-05-15T04:52:19.2053960Z  * [new tag]           v1.8.9          -> v1.8.9
2026-05-15T04:52:19.2054175Z  * [new tag]           v1.9.1          -> v1.9.1
2026-05-15T04:52:19.2054501Z  * [new tag]           v1.9.10         -> v1.9.10
2026-05-15T04:52:19.2054721Z  * [new tag]           v1.9.11         -> v1.9.11
2026-05-15T04:52:19.2054948Z  * [new tag]           v1.9.12         -> v1.9.12
2026-05-15T04:52:19.2055174Z  * [new tag]           v1.9.13         -> v1.9.13
2026-05-15T04:52:19.2055393Z  * [new tag]           v1.9.14         -> v1.9.14
2026-05-15T04:52:19.2055610Z  * [new tag]           v1.9.15         -> v1.9.15
2026-05-15T04:52:19.2055836Z  * [new tag]           v1.9.16         -> v1.9.16
2026-05-15T04:52:19.2056050Z  * [new tag]           v1.9.18         -> v1.9.18
2026-05-15T04:52:19.2056273Z  * [new tag]           v1.9.19         -> v1.9.19
2026-05-15T04:52:19.2056499Z  * [new tag]           v1.9.2          -> v1.9.2
2026-05-15T04:52:19.2056720Z  * [new tag]           v1.9.20         -> v1.9.20
2026-05-15T04:52:19.2056933Z  * [new tag]           v1.9.21         -> v1.9.21
2026-05-15T04:52:19.2057153Z  * [new tag]           v1.9.22         -> v1.9.22
2026-05-15T04:52:19.2057376Z  * [new tag]           v1.9.23         -> v1.9.23
2026-05-15T04:52:19.2057592Z  * [new tag]           v1.9.24         -> v1.9.24
2026-05-15T04:52:19.2057816Z  * [new tag]           v1.9.26         -> v1.9.26
2026-05-15T04:52:19.2058042Z  * [new tag]           v1.9.27         -> v1.9.27
2026-05-15T04:52:19.2058254Z  * [new tag]           v1.9.28         -> v1.9.28
2026-05-15T04:52:19.2058473Z  * [new tag]           v1.9.29         -> v1.9.29
2026-05-15T04:52:19.2058695Z  * [new tag]           v1.9.3          -> v1.9.3
2026-05-15T04:52:19.2058909Z  * [new tag]           v1.9.4          -> v1.9.4
2026-05-15T04:52:19.2059262Z  * [new tag]           v1.9.5          -> v1.9.5
2026-05-15T04:52:19.2059501Z  * [new tag]           v1.9.6          -> v1.9.6
2026-05-15T04:52:19.2059715Z  * [new tag]           v1.9.7          -> v1.9.7
2026-05-15T04:52:19.2059951Z  * [new tag]           v1.9.8          -> v1.9.8
2026-05-15T04:52:19.2060172Z  * [new tag]           v1.9.9          -> v1.9.9
2026-05-15T04:52:19.2160982Z ##[endgroup]
2026-05-15T04:52:19.2161335Z ##[group]Determining the checkout info
2026-05-15T04:52:19.2165816Z [command]/usr/bin/git branch --list --remote origin/feat/chat-all-data-context
2026-05-15T04:52:19.2216826Z [command]/usr/bin/git tag --list feat/chat-all-data-context
2026-05-15T04:52:19.2288812Z ##[error]A branch or tag with the name 'feat/chat-all-data-context' could not be found
2026-05-15T04:52:19.2517262Z Post job cleanup.
2026-05-15T04:52:19.3167535Z [command]/usr/bin/git version
2026-05-15T04:52:19.3228284Z git version 2.53.0
2026-05-15T04:52:19.3257108Z Temporarily overriding HOME='/home/runner/work/_temp/ce4b3fae-3f56-4f73-bc06-255df7ef3ecc' before making global git config changes
2026-05-15T04:52:19.3258060Z Adding repository directory to the temporary git global config as a safe directory
2026-05-15T04:52:19.3260979Z [command]/usr/bin/git config --global --add safe.directory /home/runner/work/prismTask/prismTask
2026-05-15T04:52:19.4551073Z Removing SSH command configuration
2026-05-15T04:52:19.4557858Z [command]/usr/bin/git config --local --name-only --get-regexp core\.sshCommand
2026-05-15T04:52:19.4590280Z [command]/usr/bin/git submodule foreach --recursive sh -c "git config --local --name-only --get-regexp 'core\.sshCommand' && git config --local --unset-all 'core.sshCommand' || :"
2026-05-15T04:52:19.4774158Z Removing HTTP extra header
2026-05-15T04:52:19.4777499Z [command]/usr/bin/git config --local --name-only --get-regexp http\.https\:\/\/github\.com\/\.extraheader
2026-05-15T04:52:19.4804087Z [command]/usr/bin/git submodule foreach --recursive sh -c "git config --local --name-only --get-regexp 'http\.https\:\/\/github\.com\/\.extraheader' && git config --local --unset-all 'http.https://github.com/.extraheader' || :"
2026-05-15T04:52:19.4979467Z Removing includeIf entries pointing to credentials config files
2026-05-15T04:52:19.4984321Z [command]/usr/bin/git config --local --name-only --get-regexp ^includeIf\.gitdir:
2026-05-15T04:52:19.5002699Z includeif.gitdir:/home/runner/work/prismTask/prismTask/.git.path
2026-05-15T04:52:19.5003097Z includeif.gitdir:/home/runner/work/prismTask/prismTask/.git/worktrees/*.path
2026-05-15T04:52:19.5003555Z includeif.gitdir:/github/workspace/.git.path
2026-05-15T04:52:19.5003965Z includeif.gitdir:/github/workspace/.git/worktrees/*.path
2026-05-15T04:52:19.5011057Z [command]/usr/bin/git config --local --get-all includeif.gitdir:/home/runner/work/prismTask/prismTask/.git.path
2026-05-15T04:52:19.5028255Z /home/runner/work/_temp/git-credentials-824f640d-21b6-4169-97a9-865c221029c6.config
2026-05-15T04:52:19.5036465Z [command]/usr/bin/git config --local --unset includeif.gitdir:/home/runner/work/prismTask/prismTask/.git.path /home/runner/work/_temp/git-credentials-824f640d-21b6-4169-97a9-865c221029c6.config
2026-05-15T04:52:19.5064367Z [command]/usr/bin/git config --local --get-all includeif.gitdir:/home/runner/work/prismTask/prismTask/.git/worktrees/*.path
2026-05-15T04:52:19.5082492Z /home/runner/work/_temp/git-credentials-824f640d-21b6-4169-97a9-865c221029c6.config
2026-05-15T04:52:19.5089673Z [command]/usr/bin/git config --local --unset includeif.gitdir:/home/runner/work/prismTask/prismTask/.git/worktrees/*.path /home/runner/work/_temp/git-credentials-824f640d-21b6-4169-97a9-865c221029c6.config
2026-05-15T04:52:19.5113462Z [command]/usr/bin/git config --local --get-all includeif.gitdir:/github/workspace/.git.path
2026-05-15T04:52:19.5130557Z /github/runner_temp/git-credentials-824f640d-21b6-4169-97a9-865c221029c6.config
2026-05-15T04:52:19.5136378Z [command]/usr/bin/git config --local --unset includeif.gitdir:/github/workspace/.git.path /github/runner_temp/git-credentials-824f640d-21b6-4169-97a9-865c221029c6.config
2026-05-15T04:52:19.5160545Z [command]/usr/bin/git config --local --get-all includeif.gitdir:/github/workspace/.git/worktrees/*.path
2026-05-15T04:52:19.5177017Z /github/runner_temp/git-credentials-824f640d-21b6-4169-97a9-865c221029c6.config
2026-05-15T04:52:19.5183517Z [command]/usr/bin/git config --local --unset includeif.gitdir:/github/workspace/.git/worktrees/*.path /github/runner_temp/git-credentials-824f640d-21b6-4169-97a9-865c221029c6.config
2026-05-15T04:52:19.6526557Z [command]/usr/bin/git submodule foreach --recursive git config --local --show-origin --name-only --get-regexp remote.origin.url
2026-05-15T04:52:19.6723963Z Removing credentials config '/home/runner/work/_temp/git-credentials-824f640d-21b6-4169-97a9-865c221029c6.config'
2026-05-15T04:52:19.6852982Z Cleaning up orphan processes
