=== CI FAILURE ===
Workflow:      Android CI
Workflow file: averycorp/prismTask/.github/workflows/android-ci.yml@refs/pull/1387/merge
Job(s):        autofix
Run ID:        25841225533
Run attempt:   1
Run URL:       https://github.com/averycorp/prismTask/actions/runs/25841225533
Commit:        fbf625fef50ac110ba437fd43079e5b82eb8f320
Branch:        1387/merge
Event:         pull_request
Actor:         akarlin3
Runner OS:     Linux
Timestamp:     2026-05-14T04:13:45.672Z

Failed steps:
  - autofix: #2 Run actions/checkout@v6

=== FAILED JOB LOG ===

--- Job: autofix (id 75926762487) ---
2026-05-14T04:13:09.9943346Z Current runner version: '2.334.0'
2026-05-14T04:13:09.9979898Z ##[group]Runner Image Provisioner
2026-05-14T04:13:09.9980994Z Hosted Compute Agent
2026-05-14T04:13:09.9981913Z Version: 20260213.493
2026-05-14T04:13:09.9982951Z Commit: 5c115507f6dd24b8de37d8bbe0bb4509d0cc0fa3
2026-05-14T04:13:09.9983934Z Build Date: 2026-02-13T00:28:41Z
2026-05-14T04:13:09.9984922Z Worker ID: {ab89b7b1-8b50-4d98-bac9-f74d4be6e750}
2026-05-14T04:13:09.9986064Z Azure Region: northcentralus
2026-05-14T04:13:09.9986904Z ##[endgroup]
2026-05-14T04:13:09.9989367Z ##[group]Operating System
2026-05-14T04:13:09.9990281Z Ubuntu
2026-05-14T04:13:09.9990981Z 24.04.4
2026-05-14T04:13:09.9992000Z LTS
2026-05-14T04:13:09.9992691Z ##[endgroup]
2026-05-14T04:13:09.9993472Z ##[group]Runner Image
2026-05-14T04:13:09.9994484Z Image: ubuntu-24.04
2026-05-14T04:13:09.9995261Z Version: 20260413.86.1
2026-05-14T04:13:09.9997162Z Included Software: https://github.com/actions/runner-images/blob/ubuntu24/20260413.86/images/ubuntu/Ubuntu2404-Readme.md
2026-05-14T04:13:09.9999501Z Image Release: https://github.com/actions/runner-images/releases/tag/ubuntu24%2F20260413.86
2026-05-14T04:13:10.0000950Z ##[endgroup]
2026-05-14T04:13:10.0003430Z ##[group]GITHUB_TOKEN Permissions
2026-05-14T04:13:10.0006189Z Actions: read
2026-05-14T04:13:10.0007014Z Checks: read
2026-05-14T04:13:10.0007778Z Contents: write
2026-05-14T04:13:10.0008476Z Metadata: read
2026-05-14T04:13:10.0009432Z PullRequests: read
2026-05-14T04:13:10.0010375Z ##[endgroup]
2026-05-14T04:13:10.0013265Z Secret source: Actions
2026-05-14T04:13:10.0014383Z Prepare workflow directory
2026-05-14T04:13:10.0395795Z Prepare all required actions
2026-05-14T04:13:10.0448532Z Getting action download info
2026-05-14T04:13:10.4047846Z Download action repository 'actions/checkout@v6' (SHA:de0fac2e4500dabe0009e67214ff5f5447ce83dd)
2026-05-14T04:13:10.5282534Z Download action repository 'dorny/paths-filter@v4' (SHA:fbd0ab8f3e69293af611ebaee6363fc25e6d187d)
2026-05-14T04:13:10.7881029Z Download action repository 'actions/cache@v5' (SHA:27d5ce7f107fe9357f9df03efb73ab90386fccae)
2026-05-14T04:13:11.3223862Z Complete job name: autofix
2026-05-14T04:13:11.3988235Z ##[group]Run actions/checkout@v6
2026-05-14T04:13:11.3989100Z with:
2026-05-14T04:13:11.3990157Z   token: ***
2026-05-14T04:13:11.3990621Z   ref: worktree-fix-web-build-typescript
2026-05-14T04:13:11.3991405Z   fetch-depth: 0
2026-05-14T04:13:11.3991864Z   repository: averycorp/prismTask
2026-05-14T04:13:11.3992382Z   ssh-strict: true
2026-05-14T04:13:11.3992790Z   ssh-user: git
2026-05-14T04:13:11.3993224Z   persist-credentials: true
2026-05-14T04:13:11.3993702Z   clean: true
2026-05-14T04:13:11.3994120Z   sparse-checkout-cone-mode: true
2026-05-14T04:13:11.3994632Z   fetch-tags: false
2026-05-14T04:13:11.3995057Z   show-progress: true
2026-05-14T04:13:11.3995491Z   lfs: false
2026-05-14T04:13:11.3995902Z   submodules: false
2026-05-14T04:13:11.3996333Z   set-safe-directory: true
2026-05-14T04:13:11.3997000Z ##[endgroup]
2026-05-14T04:13:11.4995299Z Syncing repository: averycorp/prismTask
2026-05-14T04:13:11.4997175Z ##[group]Getting Git version info
2026-05-14T04:13:11.4998044Z Working directory is '/home/runner/work/prismTask/prismTask'
2026-05-14T04:13:11.4999057Z [command]/usr/bin/git version
2026-05-14T04:13:11.5019677Z git version 2.53.0
2026-05-14T04:13:11.5072675Z ##[endgroup]
2026-05-14T04:13:11.5087380Z Temporarily overriding HOME='/home/runner/work/_temp/707303f9-6fbc-402c-b88b-b009e1e74e5f' before making global git config changes
2026-05-14T04:13:11.5089370Z Adding repository directory to the temporary git global config as a safe directory
2026-05-14T04:13:11.5093374Z [command]/usr/bin/git config --global --add safe.directory /home/runner/work/prismTask/prismTask
2026-05-14T04:13:11.5131350Z Deleting the contents of '/home/runner/work/prismTask/prismTask'
2026-05-14T04:13:11.5135386Z ##[group]Initializing the repository
2026-05-14T04:13:11.5140067Z [command]/usr/bin/git init /home/runner/work/prismTask/prismTask
2026-05-14T04:13:11.5202365Z hint: Using 'master' as the name for the initial branch. This default branch name
2026-05-14T04:13:11.5204217Z hint: will change to "main" in Git 3.0. To configure the initial branch name
2026-05-14T04:13:11.5205194Z hint: to use in all of your new repositories, which will suppress this warning,
2026-05-14T04:13:11.5205947Z hint: call:
2026-05-14T04:13:11.5206327Z hint:
2026-05-14T04:13:11.5206844Z hint: 	git config --global init.defaultBranch <name>
2026-05-14T04:13:11.5207467Z hint:
2026-05-14T04:13:11.5208051Z hint: Names commonly chosen instead of 'master' are 'main', 'trunk' and
2026-05-14T04:13:11.5209006Z hint: 'development'. The just-created branch can be renamed via this command:
2026-05-14T04:13:11.5209757Z hint:
2026-05-14T04:13:11.5210159Z hint: 	git branch -m <name>
2026-05-14T04:13:11.5210648Z hint:
2026-05-14T04:13:11.5211606Z hint: Disable this message with "git config set advice.defaultBranchName false"
2026-05-14T04:13:11.5212952Z Initialized empty Git repository in /home/runner/work/prismTask/prismTask/.git/
2026-05-14T04:13:11.5215481Z [command]/usr/bin/git remote add origin https://github.com/averycorp/prismTask
2026-05-14T04:13:11.5246959Z ##[endgroup]
2026-05-14T04:13:11.5247710Z ##[group]Disabling automatic garbage collection
2026-05-14T04:13:11.5250006Z [command]/usr/bin/git config --local gc.auto 0
2026-05-14T04:13:11.5279236Z ##[endgroup]
2026-05-14T04:13:11.5280212Z ##[group]Setting up auth
2026-05-14T04:13:11.5280922Z Removing SSH command configuration
2026-05-14T04:13:11.5285806Z [command]/usr/bin/git config --local --name-only --get-regexp core\.sshCommand
2026-05-14T04:13:11.5319261Z [command]/usr/bin/git submodule foreach --recursive sh -c "git config --local --name-only --get-regexp 'core\.sshCommand' && git config --local --unset-all 'core.sshCommand' || :"
2026-05-14T04:13:11.5605121Z Removing HTTP extra header
2026-05-14T04:13:11.5611123Z [command]/usr/bin/git config --local --name-only --get-regexp http\.https\:\/\/github\.com\/\.extraheader
2026-05-14T04:13:11.5643995Z [command]/usr/bin/git submodule foreach --recursive sh -c "git config --local --name-only --get-regexp 'http\.https\:\/\/github\.com\/\.extraheader' && git config --local --unset-all 'http.https://github.com/.extraheader' || :"
2026-05-14T04:13:11.5875791Z Removing includeIf entries pointing to credentials config files
2026-05-14T04:13:11.5882346Z [command]/usr/bin/git config --local --name-only --get-regexp ^includeIf\.gitdir:
2026-05-14T04:13:11.5916004Z [command]/usr/bin/git submodule foreach --recursive git config --local --show-origin --name-only --get-regexp remote.origin.url
2026-05-14T04:13:11.6152567Z [command]/usr/bin/git config --file /home/runner/work/_temp/git-credentials-f0e6df50-9f4b-42c8-9c90-c998ac71e7fa.config http.https://github.com/.extraheader AUTHORIZATION: basic ***
2026-05-14T04:13:11.6189655Z [command]/usr/bin/git config --local includeIf.gitdir:/home/runner/work/prismTask/prismTask/.git.path /home/runner/work/_temp/git-credentials-f0e6df50-9f4b-42c8-9c90-c998ac71e7fa.config
2026-05-14T04:13:11.6219595Z [command]/usr/bin/git config --local includeIf.gitdir:/home/runner/work/prismTask/prismTask/.git/worktrees/*.path /home/runner/work/_temp/git-credentials-f0e6df50-9f4b-42c8-9c90-c998ac71e7fa.config
2026-05-14T04:13:11.6249595Z [command]/usr/bin/git config --local includeIf.gitdir:/github/workspace/.git.path /github/runner_temp/git-credentials-f0e6df50-9f4b-42c8-9c90-c998ac71e7fa.config
2026-05-14T04:13:11.6282145Z [command]/usr/bin/git config --local includeIf.gitdir:/github/workspace/.git/worktrees/*.path /github/runner_temp/git-credentials-f0e6df50-9f4b-42c8-9c90-c998ac71e7fa.config
2026-05-14T04:13:11.6309273Z ##[endgroup]
2026-05-14T04:13:11.6310007Z ##[group]Fetching the repository
2026-05-14T04:13:11.6317480Z [command]/usr/bin/git -c protocol.version=2 fetch --no-tags --prune --no-recurse-submodules origin +refs/heads/*:refs/remotes/origin/* +refs/tags/*:refs/tags/*
2026-05-14T04:13:31.6212596Z From https://github.com/averycorp/prismTask
2026-05-14T04:13:31.6213416Z  * [new branch]        ci-logs         -> origin/ci-logs
2026-05-14T04:13:31.6214579Z  * [new branch]        main            -> origin/main
2026-05-14T04:13:31.6217227Z  * [new branch]        v0.1.0-legacy   -> origin/v0.1.0-legacy
2026-05-14T04:13:31.6218077Z  * [new branch]        v0.2.0-legacy   -> origin/v0.2.0-legacy
2026-05-14T04:13:31.6218949Z  * [new branch]        v0.3.0-legacy   -> origin/v0.3.0-legacy
2026-05-14T04:13:31.6219947Z  * [new branch]        v0.4.0-legacy   -> origin/v0.4.0-legacy
2026-05-14T04:13:31.6220587Z  * [new branch]        v0.5.0-legacy   -> origin/v0.5.0-legacy
2026-05-14T04:13:31.6221365Z  * [new branch]        v0.6.0-legacy   -> origin/v0.6.0-legacy
2026-05-14T04:13:31.6222037Z  * [new branch]        v0.7.0-legacy   -> origin/v0.7.0-legacy
2026-05-14T04:13:31.6222795Z  * [new branch]        worktree-course-name-only -> origin/worktree-course-name-only
2026-05-14T04:13:31.6223939Z  * [new branch]        worktree-leisure-categories-removable -> origin/worktree-leisure-categories-removable
2026-05-14T04:13:31.6225100Z  * [new branch]        worktree-recheck-recurring -> origin/worktree-recheck-recurring
2026-05-14T04:13:31.6226470Z  * [new branch]        worktree-remove-leisure-minimum-from-daily-essentials -> origin/worktree-remove-leisure-minimum-from-daily-essentials
2026-05-14T04:13:31.6227519Z  * [new tag]           v0.1.0          -> v0.1.0
2026-05-14T04:13:31.6228033Z  * [new tag]           v0.2.0          -> v0.2.0
2026-05-14T04:13:31.6228620Z  * [new tag]           v0.3.0          -> v0.3.0
2026-05-14T04:13:31.6229142Z  * [new tag]           v0.4.0          -> v0.4.0
2026-05-14T04:13:31.6229717Z  * [new tag]           v0.5.0          -> v0.5.0
2026-05-14T04:13:31.6230196Z  * [new tag]           v0.7.0          -> v0.7.0
2026-05-14T04:13:31.6230730Z  * [new tag]           v0.7.12         -> v0.7.12
2026-05-14T04:13:31.6231400Z  * [new tag]           v0.7.13         -> v0.7.13
2026-05-14T04:13:31.6231939Z  * [new tag]           v0.7.14         -> v0.7.14
2026-05-14T04:13:31.6232445Z  * [new tag]           v0.7.15         -> v0.7.15
2026-05-14T04:13:31.6233031Z  * [new tag]           v0.7.16         -> v0.7.16
2026-05-14T04:13:31.6233876Z  * [new tag]           v0.7.17         -> v0.7.17
2026-05-14T04:13:31.6234426Z  * [new tag]           v0.7.17-build.2 -> v0.7.17-build.2
2026-05-14T04:13:31.6235000Z  * [new tag]           v0.7.17-build.3 -> v0.7.17-build.3
2026-05-14T04:13:31.6235557Z  * [new tag]           v0.7.17-build.4 -> v0.7.17-build.4
2026-05-14T04:13:31.6236210Z  * [new tag]           v0.7.17-build.5 -> v0.7.17-build.5
2026-05-14T04:13:31.6236827Z  * [new tag]           v0.7.17-build.6 -> v0.7.17-build.6
2026-05-14T04:13:31.6237362Z  * [new tag]           v0.7.17-build.7 -> v0.7.17-build.7
2026-05-14T04:13:31.6237913Z  * [new tag]           v0.7.17-build.8 -> v0.7.17-build.8
2026-05-14T04:13:31.6238466Z  * [new tag]           v0.7.17-build.9 -> v0.7.17-build.9
2026-05-14T04:13:31.6238994Z  * [new tag]           v0.7.18         -> v0.7.18
2026-05-14T04:13:31.6239472Z  * [new tag]           v0.7.18-build.2 -> v0.7.18-build.2
2026-05-14T04:13:31.6240069Z  * [new tag]           v0.7.18-build.3 -> v0.7.18-build.3
2026-05-14T04:13:31.6240674Z  * [new tag]           v0.7.18-build.4 -> v0.7.18-build.4
2026-05-14T04:13:31.6241419Z  * [new tag]           v0.7.19         -> v0.7.19
2026-05-14T04:13:31.6242025Z  * [new tag]           v0.7.19-build.2 -> v0.7.19-build.2
2026-05-14T04:13:31.6242577Z  * [new tag]           v0.7.20         -> v0.7.20
2026-05-14T04:13:31.6243123Z  * [new tag]           v0.7.20-build.2 -> v0.7.20-build.2
2026-05-14T04:13:31.6243691Z  * [new tag]           v0.7.20-build.3 -> v0.7.20-build.3
2026-05-14T04:13:31.6244268Z  * [new tag]           v0.7.20-build.4 -> v0.7.20-build.4
2026-05-14T04:13:31.6244829Z  * [new tag]           v0.8.0          -> v0.8.0
2026-05-14T04:13:31.6245396Z  * [new tag]           v0.8.0-build.2  -> v0.8.0-build.2
2026-05-14T04:13:31.6245956Z  * [new tag]           v0.8.1          -> v0.8.1
2026-05-14T04:13:31.6246568Z  * [new tag]           v0.8.10         -> v0.8.10
2026-05-14T04:13:31.6247483Z  * [new tag]           v0.8.11         -> v0.8.11
2026-05-14T04:13:31.6248016Z  * [new tag]           v0.8.12         -> v0.8.12
2026-05-14T04:13:31.6248547Z  * [new tag]           v0.8.13         -> v0.8.13
2026-05-14T04:13:31.6249072Z  * [new tag]           v0.8.14         -> v0.8.14
2026-05-14T04:13:31.6249618Z  * [new tag]           v0.8.15         -> v0.8.15
2026-05-14T04:13:31.6250128Z  * [new tag]           v0.8.2          -> v0.8.2
2026-05-14T04:13:31.6250629Z  * [new tag]           v0.8.3          -> v0.8.3
2026-05-14T04:13:31.6251148Z  * [new tag]           v0.8.4          -> v0.8.4
2026-05-14T04:13:31.6252716Z  * [new tag]           v0.8.5          -> v0.8.5
2026-05-14T04:13:31.6253246Z  * [new tag]           v0.8.6          -> v0.8.6
2026-05-14T04:13:31.6253759Z  * [new tag]           v0.8.7          -> v0.8.7
2026-05-14T04:13:31.6254258Z  * [new tag]           v0.8.8          -> v0.8.8
2026-05-14T04:13:31.6254762Z  * [new tag]           v0.8.9          -> v0.8.9
2026-05-14T04:13:31.6255278Z  * [new tag]           v0.9.1          -> v0.9.1
2026-05-14T04:13:31.6255807Z  * [new tag]           v0.9.2          -> v0.9.2
2026-05-14T04:13:31.6256311Z  * [new tag]           v1.0.1          -> v1.0.1
2026-05-14T04:13:31.6256829Z  * [new tag]           v1.0.10         -> v1.0.10
2026-05-14T04:13:31.6257366Z  * [new tag]           v1.0.11         -> v1.0.11
2026-05-14T04:13:31.6257933Z  * [new tag]           v1.0.12         -> v1.0.12
2026-05-14T04:13:31.6258452Z  * [new tag]           v1.0.13         -> v1.0.13
2026-05-14T04:13:31.6258957Z  * [new tag]           v1.0.2          -> v1.0.2
2026-05-14T04:13:31.6259466Z  * [new tag]           v1.0.3          -> v1.0.3
2026-05-14T04:13:31.6259976Z  * [new tag]           v1.0.4          -> v1.0.4
2026-05-14T04:13:31.6260471Z  * [new tag]           v1.0.5          -> v1.0.5
2026-05-14T04:13:31.6260978Z  * [new tag]           v1.0.6          -> v1.0.6
2026-05-14T04:13:31.6261659Z  * [new tag]           v1.0.7          -> v1.0.7
2026-05-14T04:13:31.6262158Z  * [new tag]           v1.0.8          -> v1.0.8
2026-05-14T04:13:31.6262877Z  * [new tag]           v1.0.9          -> v1.0.9
2026-05-14T04:13:31.6263379Z  * [new tag]           v1.1.1          -> v1.1.1
2026-05-14T04:13:31.6267334Z  * [new tag]           v1.1.1-build.2  -> v1.1.1-build.2
2026-05-14T04:13:31.6267952Z  * [new tag]           v1.1.1-build.3  -> v1.1.1-build.3
2026-05-14T04:13:31.6268531Z  * [new tag]           v1.1.1-build.4  -> v1.1.1-build.4
2026-05-14T04:13:31.6269108Z  * [new tag]           v1.1.10         -> v1.1.10
2026-05-14T04:13:31.6269635Z  * [new tag]           v1.1.11         -> v1.1.11
2026-05-14T04:13:31.6270165Z  * [new tag]           v1.1.12         -> v1.1.12
2026-05-14T04:13:31.6270693Z  * [new tag]           v1.1.2          -> v1.1.2
2026-05-14T04:13:31.6271393Z  * [new tag]           v1.1.3          -> v1.1.3
2026-05-14T04:13:31.6271916Z  * [new tag]           v1.1.4          -> v1.1.4
2026-05-14T04:13:31.6272431Z  * [new tag]           v1.1.5          -> v1.1.5
2026-05-14T04:13:31.6272965Z  * [new tag]           v1.1.6          -> v1.1.6
2026-05-14T04:13:31.6273513Z  * [new tag]           v1.1.7          -> v1.1.7
2026-05-14T04:13:31.6274031Z  * [new tag]           v1.1.8          -> v1.1.8
2026-05-14T04:13:31.6274536Z  * [new tag]           v1.1.9          -> v1.1.9
2026-05-14T04:13:31.6275048Z  * [new tag]           v1.3.0          -> v1.3.0
2026-05-14T04:13:31.6275592Z  * [new tag]           v1.3.1          -> v1.3.1
2026-05-14T04:13:31.6276111Z  * [new tag]           v1.3.10         -> v1.3.10
2026-05-14T04:13:31.6276633Z  * [new tag]           v1.3.11         -> v1.3.11
2026-05-14T04:13:31.6277191Z  * [new tag]           v1.3.11-build.2 -> v1.3.11-build.2
2026-05-14T04:13:31.6277803Z  * [new tag]           v1.3.12         -> v1.3.12
2026-05-14T04:13:31.6278336Z  * [new tag]           v1.3.13         -> v1.3.13
2026-05-14T04:13:31.6278882Z  * [new tag]           v1.3.13-build.2 -> v1.3.13-build.2
2026-05-14T04:13:31.6279429Z  * [new tag]           v1.3.14         -> v1.3.14
2026-05-14T04:13:31.6280227Z  * [new tag]           v1.3.15         -> v1.3.15
2026-05-14T04:13:31.6280761Z  * [new tag]           v1.3.16         -> v1.3.16
2026-05-14T04:13:31.6281463Z  * [new tag]           v1.3.17         -> v1.3.17
2026-05-14T04:13:31.6281943Z  * [new tag]           v1.3.18         -> v1.3.18
2026-05-14T04:13:31.6282459Z  * [new tag]           v1.3.19         -> v1.3.19
2026-05-14T04:13:31.6282974Z  * [new tag]           v1.3.2          -> v1.3.2
2026-05-14T04:13:31.6283483Z  * [new tag]           v1.3.20         -> v1.3.20
2026-05-14T04:13:31.6284059Z  * [new tag]           v1.3.21         -> v1.3.21
2026-05-14T04:13:31.6284579Z  * [new tag]           v1.3.22         -> v1.3.22
2026-05-14T04:13:31.6285099Z  * [new tag]           v1.3.23         -> v1.3.23
2026-05-14T04:13:31.6285613Z  * [new tag]           v1.3.24         -> v1.3.24
2026-05-14T04:13:31.6286128Z  * [new tag]           v1.3.25         -> v1.3.25
2026-05-14T04:13:31.6286642Z  * [new tag]           v1.3.26         -> v1.3.26
2026-05-14T04:13:31.6287162Z  * [new tag]           v1.3.27         -> v1.3.27
2026-05-14T04:13:31.6287700Z  * [new tag]           v1.3.28         -> v1.3.28
2026-05-14T04:13:31.6288229Z  * [new tag]           v1.3.29         -> v1.3.29
2026-05-14T04:13:31.6288740Z  * [new tag]           v1.3.3          -> v1.3.3
2026-05-14T04:13:31.6289271Z  * [new tag]           v1.3.30         -> v1.3.30
2026-05-14T04:13:31.6289809Z  * [new tag]           v1.3.31         -> v1.3.31
2026-05-14T04:13:31.6290355Z  * [new tag]           v1.3.32         -> v1.3.32
2026-05-14T04:13:31.6290885Z  * [new tag]           v1.3.33         -> v1.3.33
2026-05-14T04:13:31.6291699Z  * [new tag]           v1.3.34         -> v1.3.34
2026-05-14T04:13:31.6292215Z  * [new tag]           v1.3.35         -> v1.3.35
2026-05-14T04:13:31.6365803Z  * [new tag]           v1.3.36         -> v1.3.36
2026-05-14T04:13:31.6366390Z  * [new tag]           v1.3.37         -> v1.3.37
2026-05-14T04:13:31.6366774Z  * [new tag]           v1.3.38         -> v1.3.38
2026-05-14T04:13:31.6367145Z  * [new tag]           v1.3.39         -> v1.3.39
2026-05-14T04:13:31.6367694Z  * [new tag]           v1.3.4          -> v1.3.4
2026-05-14T04:13:31.6368041Z  * [new tag]           v1.3.40         -> v1.3.40
2026-05-14T04:13:31.6368382Z  * [new tag]           v1.3.41         -> v1.3.41
2026-05-14T04:13:31.6368729Z  * [new tag]           v1.3.42         -> v1.3.42
2026-05-14T04:13:31.6369058Z  * [new tag]           v1.3.43         -> v1.3.43
2026-05-14T04:13:31.6369386Z  * [new tag]           v1.3.44         -> v1.3.44
2026-05-14T04:13:31.6369721Z  * [new tag]           v1.3.45         -> v1.3.45
2026-05-14T04:13:31.6370048Z  * [new tag]           v1.3.46         -> v1.3.46
2026-05-14T04:13:31.6370382Z  * [new tag]           v1.3.47         -> v1.3.47
2026-05-14T04:13:31.6370728Z  * [new tag]           v1.3.48         -> v1.3.48
2026-05-14T04:13:31.6371051Z  * [new tag]           v1.3.49         -> v1.3.49
2026-05-14T04:13:31.6371518Z  * [new tag]           v1.3.5          -> v1.3.5
2026-05-14T04:13:31.6371913Z  * [new tag]           v1.3.5-build.2  -> v1.3.5-build.2
2026-05-14T04:13:31.6372297Z  * [new tag]           v1.3.50         -> v1.3.50
2026-05-14T04:13:31.6372627Z  * [new tag]           v1.3.51         -> v1.3.51
2026-05-14T04:13:31.6372962Z  * [new tag]           v1.3.52         -> v1.3.52
2026-05-14T04:13:31.6373301Z  * [new tag]           v1.3.53         -> v1.3.53
2026-05-14T04:13:31.6373625Z  * [new tag]           v1.3.54         -> v1.3.54
2026-05-14T04:13:31.6373953Z  * [new tag]           v1.3.55         -> v1.3.55
2026-05-14T04:13:31.6374286Z  * [new tag]           v1.3.56         -> v1.3.56
2026-05-14T04:13:31.6374608Z  * [new tag]           v1.3.57         -> v1.3.57
2026-05-14T04:13:31.6374946Z  * [new tag]           v1.3.58         -> v1.3.58
2026-05-14T04:13:31.6375278Z  * [new tag]           v1.3.59         -> v1.3.59
2026-05-14T04:13:31.6375606Z  * [new tag]           v1.3.6          -> v1.3.6
2026-05-14T04:13:31.6375947Z  * [new tag]           v1.3.60         -> v1.3.60
2026-05-14T04:13:31.6376454Z  * [new tag]           v1.3.61         -> v1.3.61
2026-05-14T04:13:31.6376786Z  * [new tag]           v1.3.62         -> v1.3.62
2026-05-14T04:13:31.6377126Z  * [new tag]           v1.3.7          -> v1.3.7
2026-05-14T04:13:31.6377499Z  * [new tag]           v1.3.8          -> v1.3.8
2026-05-14T04:13:31.6377838Z  * [new tag]           v1.3.9          -> v1.3.9
2026-05-14T04:13:31.6378164Z  * [new tag]           v1.4.40         -> v1.4.40
2026-05-14T04:13:31.6378503Z  * [new tag]           v1.5.0          -> v1.5.0
2026-05-14T04:13:31.6378843Z  * [new tag]           v1.5.2          -> v1.5.2
2026-05-14T04:13:31.6379171Z  * [new tag]           v1.5.3          -> v1.5.3
2026-05-14T04:13:31.6379514Z  * [new tag]           v1.6.0          -> v1.6.0
2026-05-14T04:13:31.6379852Z  * [new tag]           v1.7.0          -> v1.7.0
2026-05-14T04:13:31.6380179Z  * [new tag]           v1.7.37         -> v1.7.37
2026-05-14T04:13:31.6380515Z  * [new tag]           v1.7.38         -> v1.7.38
2026-05-14T04:13:31.6380859Z  * [new tag]           v1.7.39         -> v1.7.39
2026-05-14T04:13:31.6381183Z  * [new tag]           v1.7.40         -> v1.7.40
2026-05-14T04:13:31.6382015Z  * [new tag]           v1.7.41         -> v1.7.41
2026-05-14T04:13:31.6382535Z  * [new tag]           v1.7.42         -> v1.7.42
2026-05-14T04:13:31.6383091Z  * [new tag]           v1.7.43         -> v1.7.43
2026-05-14T04:13:31.6383644Z  * [new tag]           v1.7.44         -> v1.7.44
2026-05-14T04:13:31.6384237Z  * [new tag]           v1.7.45         -> v1.7.45
2026-05-14T04:13:31.6384810Z  * [new tag]           v1.7.46         -> v1.7.46
2026-05-14T04:13:31.6385339Z  * [new tag]           v1.7.47         -> v1.7.47
2026-05-14T04:13:31.6385851Z  * [new tag]           v1.7.48         -> v1.7.48
2026-05-14T04:13:31.6386370Z  * [new tag]           v1.7.49         -> v1.7.49
2026-05-14T04:13:31.6386879Z  * [new tag]           v1.7.50         -> v1.7.50
2026-05-14T04:13:31.6387236Z  * [new tag]           v1.7.51         -> v1.7.51
2026-05-14T04:13:31.6387581Z  * [new tag]           v1.7.52         -> v1.7.52
2026-05-14T04:13:31.6388059Z  * [new tag]           v1.7.53         -> v1.7.53
2026-05-14T04:13:31.6388391Z  * [new tag]           v1.7.54         -> v1.7.54
2026-05-14T04:13:31.6388752Z  * [new tag]           v1.7.55         -> v1.7.55
2026-05-14T04:13:31.6389077Z  * [new tag]           v1.7.56         -> v1.7.56
2026-05-14T04:13:31.6389410Z  * [new tag]           v1.7.57         -> v1.7.57
2026-05-14T04:13:31.6389754Z  * [new tag]           v1.7.58         -> v1.7.58
2026-05-14T04:13:31.6390071Z  * [new tag]           v1.7.59         -> v1.7.59
2026-05-14T04:13:31.6390395Z  * [new tag]           v1.7.60         -> v1.7.60
2026-05-14T04:13:31.6390720Z  * [new tag]           v1.7.61         -> v1.7.61
2026-05-14T04:13:31.6391051Z  * [new tag]           v1.7.62         -> v1.7.62
2026-05-14T04:13:31.6391595Z  * [new tag]           v1.7.63         -> v1.7.63
2026-05-14T04:13:31.6391919Z  * [new tag]           v1.7.64         -> v1.7.64
2026-05-14T04:13:31.6392252Z  * [new tag]           v1.7.65         -> v1.7.65
2026-05-14T04:13:31.6392577Z  * [new tag]           v1.7.66         -> v1.7.66
2026-05-14T04:13:31.6392918Z  * [new tag]           v1.7.67         -> v1.7.67
2026-05-14T04:13:31.6393250Z  * [new tag]           v1.7.68         -> v1.7.68
2026-05-14T04:13:31.6393577Z  * [new tag]           v1.7.69         -> v1.7.69
2026-05-14T04:13:31.6393913Z  * [new tag]           v1.7.70         -> v1.7.70
2026-05-14T04:13:31.6394230Z  * [new tag]           v1.7.71         -> v1.7.71
2026-05-14T04:13:31.6394554Z  * [new tag]           v1.7.72         -> v1.7.72
2026-05-14T04:13:31.6394884Z  * [new tag]           v1.7.73         -> v1.7.73
2026-05-14T04:13:31.6395201Z  * [new tag]           v1.7.74         -> v1.7.74
2026-05-14T04:13:31.6395530Z  * [new tag]           v1.7.75         -> v1.7.75
2026-05-14T04:13:31.6395863Z  * [new tag]           v1.7.76         -> v1.7.76
2026-05-14T04:13:31.6396180Z  * [new tag]           v1.7.77         -> v1.7.77
2026-05-14T04:13:31.6396697Z  * [new tag]           v1.7.78         -> v1.7.78
2026-05-14T04:13:31.6397034Z  * [new tag]           v1.7.79         -> v1.7.79
2026-05-14T04:13:31.6397350Z  * [new tag]           v1.7.80         -> v1.7.80
2026-05-14T04:13:31.6397674Z  * [new tag]           v1.7.81         -> v1.7.81
2026-05-14T04:13:31.6397999Z  * [new tag]           v1.7.82         -> v1.7.82
2026-05-14T04:13:31.6398325Z  * [new tag]           v1.7.83         -> v1.7.83
2026-05-14T04:13:31.6398644Z  * [new tag]           v1.7.84         -> v1.7.84
2026-05-14T04:13:31.6398982Z  * [new tag]           v1.7.85         -> v1.7.85
2026-05-14T04:13:31.6399341Z  * [new tag]           v1.7.86         -> v1.7.86
2026-05-14T04:13:31.6399678Z  * [new tag]           v1.7.87         -> v1.7.87
2026-05-14T04:13:31.6400023Z  * [new tag]           v1.7.90         -> v1.7.90
2026-05-14T04:13:31.6400354Z  * [new tag]           v1.7.92         -> v1.7.92
2026-05-14T04:13:31.6400680Z  * [new tag]           v1.7.93         -> v1.7.93
2026-05-14T04:13:31.6401017Z  * [new tag]           v1.7.94         -> v1.7.94
2026-05-14T04:13:31.6401474Z  * [new tag]           v1.7.95         -> v1.7.95
2026-05-14T04:13:31.6401796Z  * [new tag]           v1.7.96         -> v1.7.96
2026-05-14T04:13:31.6402120Z  * [new tag]           v1.7.97         -> v1.7.97
2026-05-14T04:13:31.6402454Z  * [new tag]           v1.8.0          -> v1.8.0
2026-05-14T04:13:31.6402783Z  * [new tag]           v1.8.1          -> v1.8.1
2026-05-14T04:13:31.6403111Z  * [new tag]           v1.8.10         -> v1.8.10
2026-05-14T04:13:31.6403436Z  * [new tag]           v1.8.11         -> v1.8.11
2026-05-14T04:13:31.6403763Z  * [new tag]           v1.8.12         -> v1.8.12
2026-05-14T04:13:31.6404080Z  * [new tag]           v1.8.14         -> v1.8.14
2026-05-14T04:13:31.6404402Z  * [new tag]           v1.8.15         -> v1.8.15
2026-05-14T04:13:31.6404728Z  * [new tag]           v1.8.16         -> v1.8.16
2026-05-14T04:13:31.6405046Z  * [new tag]           v1.8.17         -> v1.8.17
2026-05-14T04:13:31.6405379Z  * [new tag]           v1.8.18         -> v1.8.18
2026-05-14T04:13:31.6405845Z  * [new tag]           v1.8.19         -> v1.8.19
2026-05-14T04:13:31.6406169Z  * [new tag]           v1.8.2          -> v1.8.2
2026-05-14T04:13:31.6406500Z  * [new tag]           v1.8.20         -> v1.8.20
2026-05-14T04:13:31.6406817Z  * [new tag]           v1.8.21         -> v1.8.21
2026-05-14T04:13:31.6407155Z  * [new tag]           v1.8.22         -> v1.8.22
2026-05-14T04:13:31.6407484Z  * [new tag]           v1.8.23         -> v1.8.23
2026-05-14T04:13:31.6407801Z  * [new tag]           v1.8.24         -> v1.8.24
2026-05-14T04:13:31.6408129Z  * [new tag]           v1.8.25         -> v1.8.25
2026-05-14T04:13:31.6408452Z  * [new tag]           v1.8.26         -> v1.8.26
2026-05-14T04:13:31.6408777Z  * [new tag]           v1.8.27         -> v1.8.27
2026-05-14T04:13:31.6409096Z  * [new tag]           v1.8.28         -> v1.8.28
2026-05-14T04:13:31.6409420Z  * [new tag]           v1.8.29         -> v1.8.29
2026-05-14T04:13:31.6409762Z  * [new tag]           v1.8.3          -> v1.8.3
2026-05-14T04:13:31.6410086Z  * [new tag]           v1.8.30         -> v1.8.30
2026-05-14T04:13:31.6410409Z  * [new tag]           v1.8.31         -> v1.8.31
2026-05-14T04:13:31.6410730Z  * [new tag]           v1.8.32         -> v1.8.32
2026-05-14T04:13:31.6411050Z  * [new tag]           v1.8.33         -> v1.8.33
2026-05-14T04:13:31.6411468Z  * [new tag]           v1.8.34         -> v1.8.34
2026-05-14T04:13:31.6411793Z  * [new tag]           v1.8.35         -> v1.8.35
2026-05-14T04:13:31.6412108Z  * [new tag]           v1.8.36         -> v1.8.36
2026-05-14T04:13:31.6412429Z  * [new tag]           v1.8.37         -> v1.8.37
2026-05-14T04:13:31.6412752Z  * [new tag]           v1.8.38         -> v1.8.38
2026-05-14T04:13:31.6413063Z  * [new tag]           v1.8.39         -> v1.8.39
2026-05-14T04:13:31.6413386Z  * [new tag]           v1.8.4          -> v1.8.4
2026-05-14T04:13:31.6413711Z  * [new tag]           v1.8.40         -> v1.8.40
2026-05-14T04:13:31.6414168Z  * [new tag]           v1.8.41         -> v1.8.41
2026-05-14T04:13:31.6414507Z  * [new tag]           v1.8.42         -> v1.8.42
2026-05-14T04:13:31.6414833Z  * [new tag]           v1.8.43         -> v1.8.43
2026-05-14T04:13:31.6415160Z  * [new tag]           v1.8.44         -> v1.8.44
2026-05-14T04:13:31.6415473Z  * [new tag]           v1.8.45         -> v1.8.45
2026-05-14T04:13:31.6415791Z  * [new tag]           v1.8.46         -> v1.8.46
2026-05-14T04:13:31.6416110Z  * [new tag]           v1.8.47         -> v1.8.47
2026-05-14T04:13:31.6416419Z  * [new tag]           v1.8.48         -> v1.8.48
2026-05-14T04:13:31.6416744Z  * [new tag]           v1.8.49         -> v1.8.49
2026-05-14T04:13:31.6417071Z  * [new tag]           v1.8.5          -> v1.8.5
2026-05-14T04:13:31.6417387Z  * [new tag]           v1.8.50         -> v1.8.50
2026-05-14T04:13:31.6417703Z  * [new tag]           v1.8.51         -> v1.8.51
2026-05-14T04:13:31.6418026Z  * [new tag]           v1.8.52         -> v1.8.52
2026-05-14T04:13:31.6418355Z  * [new tag]           v1.8.53         -> v1.8.53
2026-05-14T04:13:31.6418671Z  * [new tag]           v1.8.54         -> v1.8.54
2026-05-14T04:13:31.6418996Z  * [new tag]           v1.8.6          -> v1.8.6
2026-05-14T04:13:31.6419319Z  * [new tag]           v1.8.7          -> v1.8.7
2026-05-14T04:13:31.6419643Z  * [new tag]           v1.8.8          -> v1.8.8
2026-05-14T04:13:31.6419965Z  * [new tag]           v1.8.9          -> v1.8.9
2026-05-14T04:13:31.6420290Z  * [new tag]           v1.9.1          -> v1.9.1
2026-05-14T04:13:31.6420602Z  * [new tag]           v1.9.10         -> v1.9.10
2026-05-14T04:13:31.6420923Z  * [new tag]           v1.9.11         -> v1.9.11
2026-05-14T04:13:31.6421426Z  * [new tag]           v1.9.12         -> v1.9.12
2026-05-14T04:13:31.6421747Z  * [new tag]           v1.9.13         -> v1.9.13
2026-05-14T04:13:31.6422065Z  * [new tag]           v1.9.14         -> v1.9.14
2026-05-14T04:13:31.6422399Z  * [new tag]           v1.9.15         -> v1.9.15
2026-05-14T04:13:31.6422729Z  * [new tag]           v1.9.16         -> v1.9.16
2026-05-14T04:13:31.6423185Z  * [new tag]           v1.9.18         -> v1.9.18
2026-05-14T04:13:31.6423513Z  * [new tag]           v1.9.19         -> v1.9.19
2026-05-14T04:13:31.6423831Z  * [new tag]           v1.9.2          -> v1.9.2
2026-05-14T04:13:31.6424167Z  * [new tag]           v1.9.20         -> v1.9.20
2026-05-14T04:13:31.6424486Z  * [new tag]           v1.9.21         -> v1.9.21
2026-05-14T04:13:31.6424814Z  * [new tag]           v1.9.22         -> v1.9.22
2026-05-14T04:13:31.6425127Z  * [new tag]           v1.9.23         -> v1.9.23
2026-05-14T04:13:31.6425461Z  * [new tag]           v1.9.24         -> v1.9.24
2026-05-14T04:13:31.6425785Z  * [new tag]           v1.9.3          -> v1.9.3
2026-05-14T04:13:31.6426100Z  * [new tag]           v1.9.4          -> v1.9.4
2026-05-14T04:13:31.6426426Z  * [new tag]           v1.9.5          -> v1.9.5
2026-05-14T04:13:31.6426753Z  * [new tag]           v1.9.6          -> v1.9.6
2026-05-14T04:13:31.6427070Z  * [new tag]           v1.9.7          -> v1.9.7
2026-05-14T04:13:31.6427394Z  * [new tag]           v1.9.8          -> v1.9.8
2026-05-14T04:13:31.6427718Z  * [new tag]           v1.9.9          -> v1.9.9
2026-05-14T04:13:31.6553030Z ##[endgroup]
2026-05-14T04:13:31.6553560Z ##[group]Determining the checkout info
2026-05-14T04:13:31.6559276Z [command]/usr/bin/git branch --list --remote origin/worktree-fix-web-build-typescript
2026-05-14T04:13:31.6620667Z [command]/usr/bin/git tag --list worktree-fix-web-build-typescript
2026-05-14T04:13:31.6716826Z ##[error]A branch or tag with the name 'worktree-fix-web-build-typescript' could not be found
2026-05-14T04:13:31.7021060Z Post job cleanup.
2026-05-14T04:13:31.7902852Z [command]/usr/bin/git version
2026-05-14T04:13:31.7939104Z git version 2.53.0
2026-05-14T04:13:31.7978776Z Temporarily overriding HOME='/home/runner/work/_temp/2ed9598c-39d0-4ac7-a214-4cf8cb8c9925' before making global git config changes
2026-05-14T04:13:31.7980544Z Adding repository directory to the temporary git global config as a safe directory
2026-05-14T04:13:31.7984810Z [command]/usr/bin/git config --global --add safe.directory /home/runner/work/prismTask/prismTask
2026-05-14T04:13:31.8016396Z Removing SSH command configuration
2026-05-14T04:13:31.8023513Z [command]/usr/bin/git config --local --name-only --get-regexp core\.sshCommand
2026-05-14T04:13:31.8059717Z [command]/usr/bin/git submodule foreach --recursive sh -c "git config --local --name-only --get-regexp 'core\.sshCommand' && git config --local --unset-all 'core.sshCommand' || :"
2026-05-14T04:13:31.8302257Z Removing HTTP extra header
2026-05-14T04:13:31.8308120Z [command]/usr/bin/git config --local --name-only --get-regexp http\.https\:\/\/github\.com\/\.extraheader
2026-05-14T04:13:31.8345183Z [command]/usr/bin/git submodule foreach --recursive sh -c "git config --local --name-only --get-regexp 'http\.https\:\/\/github\.com\/\.extraheader' && git config --local --unset-all 'http.https://github.com/.extraheader' || :"
2026-05-14T04:13:31.8593958Z Removing includeIf entries pointing to credentials config files
2026-05-14T04:13:31.8603143Z [command]/usr/bin/git config --local --name-only --get-regexp ^includeIf\.gitdir:
2026-05-14T04:13:31.8629778Z includeif.gitdir:/home/runner/work/prismTask/prismTask/.git.path
2026-05-14T04:13:31.8630432Z includeif.gitdir:/home/runner/work/prismTask/prismTask/.git/worktrees/*.path
2026-05-14T04:13:31.8631038Z includeif.gitdir:/github/workspace/.git.path
2026-05-14T04:13:31.8631933Z includeif.gitdir:/github/workspace/.git/worktrees/*.path
2026-05-14T04:13:31.8641552Z [command]/usr/bin/git config --local --get-all includeif.gitdir:/home/runner/work/prismTask/prismTask/.git.path
2026-05-14T04:13:31.8666051Z /home/runner/work/_temp/git-credentials-f0e6df50-9f4b-42c8-9c90-c998ac71e7fa.config
2026-05-14T04:13:31.8679235Z [command]/usr/bin/git config --local --unset includeif.gitdir:/home/runner/work/prismTask/prismTask/.git.path /home/runner/work/_temp/git-credentials-f0e6df50-9f4b-42c8-9c90-c998ac71e7fa.config
2026-05-14T04:13:31.8719463Z [command]/usr/bin/git config --local --get-all includeif.gitdir:/home/runner/work/prismTask/prismTask/.git/worktrees/*.path
2026-05-14T04:13:31.8744584Z /home/runner/work/_temp/git-credentials-f0e6df50-9f4b-42c8-9c90-c998ac71e7fa.config
2026-05-14T04:13:31.8755431Z [command]/usr/bin/git config --local --unset includeif.gitdir:/home/runner/work/prismTask/prismTask/.git/worktrees/*.path /home/runner/work/_temp/git-credentials-f0e6df50-9f4b-42c8-9c90-c998ac71e7fa.config
2026-05-14T04:13:31.8791390Z [command]/usr/bin/git config --local --get-all includeif.gitdir:/github/workspace/.git.path
2026-05-14T04:13:31.8816371Z /github/runner_temp/git-credentials-f0e6df50-9f4b-42c8-9c90-c998ac71e7fa.config
2026-05-14T04:13:31.8826024Z [command]/usr/bin/git config --local --unset includeif.gitdir:/github/workspace/.git.path /github/runner_temp/git-credentials-f0e6df50-9f4b-42c8-9c90-c998ac71e7fa.config
2026-05-14T04:13:31.8864260Z [command]/usr/bin/git config --local --get-all includeif.gitdir:/github/workspace/.git/worktrees/*.path
2026-05-14T04:13:31.8887968Z /github/runner_temp/git-credentials-f0e6df50-9f4b-42c8-9c90-c998ac71e7fa.config
2026-05-14T04:13:31.8900376Z [command]/usr/bin/git config --local --unset includeif.gitdir:/github/workspace/.git/worktrees/*.path /github/runner_temp/git-credentials-f0e6df50-9f4b-42c8-9c90-c998ac71e7fa.config
2026-05-14T04:13:31.8938667Z [command]/usr/bin/git submodule foreach --recursive git config --local --show-origin --name-only --get-regexp remote.origin.url
2026-05-14T04:13:31.9189750Z Removing credentials config '/home/runner/work/_temp/git-credentials-f0e6df50-9f4b-42c8-9c90-c998ac71e7fa.config'
2026-05-14T04:13:31.9364614Z Cleaning up orphan processes
