=== CI FAILURE ===
Workflow:      Android CI
Workflow file: averycorp/prismTask/.github/workflows/android-ci.yml@refs/pull/1451/merge
Job(s):        autofix
Run ID:        25901236211
Run attempt:   1
Run URL:       https://github.com/averycorp/prismTask/actions/runs/25901236211
Commit:        9f7edfad8f314057ae2d81933d57cc9f83393d68
Branch:        1451/merge
Event:         pull_request
Actor:         akarlin3
Runner OS:     Linux
Timestamp:     2026-05-15T05:02:21.728Z

Failed steps:
  - autofix: #2 Run actions/checkout@v6

=== FAILED JOB LOG ===

--- Job: autofix (id 76124811044) ---
2026-05-15T05:01:53.4060282Z Current runner version: '2.334.0'
2026-05-15T05:01:53.4093429Z ##[group]Runner Image Provisioner
2026-05-15T05:01:53.4094933Z Hosted Compute Agent
2026-05-15T05:01:53.4095747Z Version: 20260213.493
2026-05-15T05:01:53.4096661Z Commit: 5c115507f6dd24b8de37d8bbe0bb4509d0cc0fa3
2026-05-15T05:01:53.4097832Z Build Date: 2026-02-13T00:28:41Z
2026-05-15T05:01:53.4098813Z Worker ID: {5eb4d0b1-59ba-4472-b77d-9860a9f23fd1}
2026-05-15T05:01:53.4099820Z Azure Region: eastus
2026-05-15T05:01:53.4100741Z ##[endgroup]
2026-05-15T05:01:53.4103060Z ##[group]Operating System
2026-05-15T05:01:53.4104265Z Ubuntu
2026-05-15T05:01:53.4104947Z 24.04.4
2026-05-15T05:01:53.4105691Z LTS
2026-05-15T05:01:53.4106474Z ##[endgroup]
2026-05-15T05:01:53.4107228Z ##[group]Runner Image
2026-05-15T05:01:53.4108055Z Image: ubuntu-24.04
2026-05-15T05:01:53.4108939Z Version: 20260513.135.3
2026-05-15T05:01:53.4110828Z Included Software: https://github.com/actions/runner-images/blob/ubuntu24/20260513.135/images/ubuntu/Ubuntu2404-Readme.md
2026-05-15T05:01:53.4113352Z Image Release: https://github.com/actions/runner-images/releases/tag/ubuntu24%2F20260513.135
2026-05-15T05:01:53.4115031Z ##[endgroup]
2026-05-15T05:01:53.4117186Z ##[group]GITHUB_TOKEN Permissions
2026-05-15T05:01:53.4120048Z Actions: read
2026-05-15T05:01:53.4120989Z Checks: read
2026-05-15T05:01:53.4121704Z Contents: write
2026-05-15T05:01:53.4122530Z Metadata: read
2026-05-15T05:01:53.4123319Z PullRequests: read
2026-05-15T05:01:53.4124363Z ##[endgroup]
2026-05-15T05:01:53.4127219Z Secret source: Actions
2026-05-15T05:01:53.4128834Z Prepare workflow directory
2026-05-15T05:01:53.4588301Z Prepare all required actions
2026-05-15T05:01:53.4641825Z Getting action download info
2026-05-15T05:01:53.7513926Z Download action repository 'actions/checkout@v6' (SHA:de0fac2e4500dabe0009e67214ff5f5447ce83dd)
2026-05-15T05:01:53.9051402Z Download action repository 'dorny/paths-filter@v4' (SHA:fbd0ab8f3e69293af611ebaee6363fc25e6d187d)
2026-05-15T05:01:54.0476279Z Download action repository 'actions/cache@v5' (SHA:27d5ce7f107fe9357f9df03efb73ab90386fccae)
2026-05-15T05:01:54.3356176Z Complete job name: autofix
2026-05-15T05:01:54.4132920Z ##[group]Run actions/checkout@v6
2026-05-15T05:01:54.4133757Z with:
2026-05-15T05:01:54.4134997Z   token: ***
2026-05-15T05:01:54.4135459Z   ref: docs/h-android-wellness-port-audit
2026-05-15T05:01:54.4136032Z   fetch-depth: 0
2026-05-15T05:01:54.4136486Z   repository: averycorp/prismTask
2026-05-15T05:01:54.4136999Z   ssh-strict: true
2026-05-15T05:01:54.4137414Z   ssh-user: git
2026-05-15T05:01:54.4137831Z   persist-credentials: true
2026-05-15T05:01:54.4138301Z   clean: true
2026-05-15T05:01:54.4138727Z   sparse-checkout-cone-mode: true
2026-05-15T05:01:54.4139241Z   fetch-tags: false
2026-05-15T05:01:54.4139677Z   show-progress: true
2026-05-15T05:01:54.4140112Z   lfs: false
2026-05-15T05:01:54.4140558Z   submodules: false
2026-05-15T05:01:54.4141004Z   set-safe-directory: true
2026-05-15T05:01:54.4141721Z ##[endgroup]
2026-05-15T05:01:54.5227686Z Syncing repository: averycorp/prismTask
2026-05-15T05:01:54.5229614Z ##[group]Getting Git version info
2026-05-15T05:01:54.5230402Z Working directory is '/home/runner/work/prismTask/prismTask'
2026-05-15T05:01:54.5231411Z [command]/usr/bin/git version
2026-05-15T05:01:54.5260921Z git version 2.54.0
2026-05-15T05:01:54.5283183Z ##[endgroup]
2026-05-15T05:01:54.5297050Z Temporarily overriding HOME='/home/runner/work/_temp/a13e11c3-1060-45c7-9f3f-c6c0d8e92078' before making global git config changes
2026-05-15T05:01:54.5298519Z Adding repository directory to the temporary git global config as a safe directory
2026-05-15T05:01:54.5302325Z [command]/usr/bin/git config --global --add safe.directory /home/runner/work/prismTask/prismTask
2026-05-15T05:01:54.5342450Z Deleting the contents of '/home/runner/work/prismTask/prismTask'
2026-05-15T05:01:54.5346764Z ##[group]Initializing the repository
2026-05-15T05:01:54.5351044Z [command]/usr/bin/git init /home/runner/work/prismTask/prismTask
2026-05-15T05:01:54.5420305Z hint: Using 'master' as the name for the initial branch. This default branch name
2026-05-15T05:01:54.5421973Z hint: will change to "main" in Git 3.0. To configure the initial branch name
2026-05-15T05:01:54.5423455Z hint: to use in all of your new repositories, which will suppress this warning,
2026-05-15T05:01:54.5424395Z hint: call:
2026-05-15T05:01:54.5424976Z hint:
2026-05-15T05:01:54.5425498Z hint: 	git config --global init.defaultBranch <name>
2026-05-15T05:01:54.5426113Z hint:
2026-05-15T05:01:54.5427022Z hint: Names commonly chosen instead of 'master' are 'main', 'trunk' and
2026-05-15T05:01:54.5428607Z hint: 'development'. The just-created branch can be renamed via this command:
2026-05-15T05:01:54.5429589Z hint:
2026-05-15T05:01:54.5429996Z hint: 	git branch -m <name>
2026-05-15T05:01:54.5430466Z hint:
2026-05-15T05:01:54.5431078Z hint: Disable this message with "git config set advice.defaultBranchName false"
2026-05-15T05:01:54.5432444Z Initialized empty Git repository in /home/runner/work/prismTask/prismTask/.git/
2026-05-15T05:01:54.5434937Z [command]/usr/bin/git remote add origin https://github.com/averycorp/prismTask
2026-05-15T05:01:54.5503649Z ##[endgroup]
2026-05-15T05:01:54.5504670Z ##[group]Disabling automatic garbage collection
2026-05-15T05:01:54.5507170Z [command]/usr/bin/git config --local gc.auto 0
2026-05-15T05:01:54.5536750Z ##[endgroup]
2026-05-15T05:01:54.5537876Z ##[group]Setting up auth
2026-05-15T05:01:54.5538731Z Removing SSH command configuration
2026-05-15T05:01:54.5542954Z [command]/usr/bin/git config --local --name-only --get-regexp core\.sshCommand
2026-05-15T05:01:54.5575726Z [command]/usr/bin/git submodule foreach --recursive sh -c "git config --local --name-only --get-regexp 'core\.sshCommand' && git config --local --unset-all 'core.sshCommand' || :"
2026-05-15T05:01:54.5871910Z Removing HTTP extra header
2026-05-15T05:01:54.5877746Z [command]/usr/bin/git config --local --name-only --get-regexp http\.https\:\/\/github\.com\/\.extraheader
2026-05-15T05:01:54.5910085Z [command]/usr/bin/git submodule foreach --recursive sh -c "git config --local --name-only --get-regexp 'http\.https\:\/\/github\.com\/\.extraheader' && git config --local --unset-all 'http.https://github.com/.extraheader' || :"
2026-05-15T05:01:54.6135204Z Removing includeIf entries pointing to credentials config files
2026-05-15T05:01:54.6141257Z [command]/usr/bin/git config --local --name-only --get-regexp ^includeIf\.gitdir:
2026-05-15T05:01:54.6172669Z [command]/usr/bin/git submodule foreach --recursive git config --local --show-origin --name-only --get-regexp remote.origin.url
2026-05-15T05:01:54.6411062Z [command]/usr/bin/git config --file /home/runner/work/_temp/git-credentials-7843cade-2386-4ff9-acf0-07197e6214a4.config http.https://github.com/.extraheader AUTHORIZATION: basic ***
2026-05-15T05:01:54.6448743Z [command]/usr/bin/git config --local includeIf.gitdir:/home/runner/work/prismTask/prismTask/.git.path /home/runner/work/_temp/git-credentials-7843cade-2386-4ff9-acf0-07197e6214a4.config
2026-05-15T05:01:54.6480373Z [command]/usr/bin/git config --local includeIf.gitdir:/home/runner/work/prismTask/prismTask/.git/worktrees/*.path /home/runner/work/_temp/git-credentials-7843cade-2386-4ff9-acf0-07197e6214a4.config
2026-05-15T05:01:54.6515028Z [command]/usr/bin/git config --local includeIf.gitdir:/github/workspace/.git.path /github/runner_temp/git-credentials-7843cade-2386-4ff9-acf0-07197e6214a4.config
2026-05-15T05:01:54.6548077Z [command]/usr/bin/git config --local includeIf.gitdir:/github/workspace/.git/worktrees/*.path /github/runner_temp/git-credentials-7843cade-2386-4ff9-acf0-07197e6214a4.config
2026-05-15T05:01:54.6581414Z ##[endgroup]
2026-05-15T05:01:54.6582273Z ##[group]Fetching the repository
2026-05-15T05:01:54.6589923Z [command]/usr/bin/git -c protocol.version=2 fetch --no-tags --prune --no-recurse-submodules origin +refs/heads/*:refs/remotes/origin/* +refs/tags/*:refs/tags/*
2026-05-15T05:02:14.9278014Z From https://github.com/averycorp/prismTask
2026-05-15T05:02:14.9282929Z  * [new branch]        ci-logs         -> origin/ci-logs
2026-05-15T05:02:14.9285112Z  * [new branch]        docs/parity-batch-5-medication-audit-phase-3-4 -> origin/docs/parity-batch-5-medication-audit-phase-3-4
2026-05-15T05:02:14.9287014Z  * [new branch]        main            -> origin/main
2026-05-15T05:02:14.9287856Z  * [new branch]        v0.1.0-legacy   -> origin/v0.1.0-legacy
2026-05-15T05:02:14.9288511Z  * [new branch]        v0.2.0-legacy   -> origin/v0.2.0-legacy
2026-05-15T05:02:14.9289171Z  * [new branch]        v0.3.0-legacy   -> origin/v0.3.0-legacy
2026-05-15T05:02:14.9289813Z  * [new branch]        v0.4.0-legacy   -> origin/v0.4.0-legacy
2026-05-15T05:02:14.9290454Z  * [new branch]        v0.5.0-legacy   -> origin/v0.5.0-legacy
2026-05-15T05:02:14.9291140Z  * [new branch]        v0.6.0-legacy   -> origin/v0.6.0-legacy
2026-05-15T05:02:14.9291764Z  * [new branch]        v0.7.0-legacy   -> origin/v0.7.0-legacy
2026-05-15T05:02:14.9292737Z  * [new branch]        worktree-balance-cog-habits-leisure -> origin/worktree-balance-cog-habits-leisure
2026-05-15T05:02:14.9294421Z  * [new branch]        worktree-feat+analog-clock-three-hand-medication -> origin/worktree-feat+analog-clock-three-hand-medication
2026-05-15T05:02:14.9295933Z  * [new branch]        worktree-fix+restore-purchase-button-wiring -> origin/worktree-fix+restore-purchase-button-wiring
2026-05-15T05:02:14.9297553Z  * [new branch]        worktree-fix-ci-onboarding-forgiveness-streaks-ref -> origin/worktree-fix-ci-onboarding-forgiveness-streaks-ref
2026-05-15T05:02:14.9299063Z  * [new branch]        worktree-fix-onboarding-welcome-overlap -> origin/worktree-fix-onboarding-welcome-overlap
2026-05-15T05:02:14.9299898Z  * [new branch]        worktree-medication-tier-edit -> origin/worktree-medication-tier-edit
2026-05-15T05:02:14.9300403Z  * [new tag]           v0.1.0          -> v0.1.0
2026-05-15T05:02:14.9300953Z  * [new tag]           v0.2.0          -> v0.2.0
2026-05-15T05:02:14.9301275Z  * [new tag]           v0.3.0          -> v0.3.0
2026-05-15T05:02:14.9301613Z  * [new tag]           v0.4.0          -> v0.4.0
2026-05-15T05:02:14.9301941Z  * [new tag]           v0.5.0          -> v0.5.0
2026-05-15T05:02:14.9302515Z  * [new tag]           v0.7.0          -> v0.7.0
2026-05-15T05:02:14.9302845Z  * [new tag]           v0.7.12         -> v0.7.12
2026-05-15T05:02:14.9303219Z  * [new tag]           v0.7.13         -> v0.7.13
2026-05-15T05:02:14.9303553Z  * [new tag]           v0.7.14         -> v0.7.14
2026-05-15T05:02:14.9303870Z  * [new tag]           v0.7.15         -> v0.7.15
2026-05-15T05:02:14.9304421Z  * [new tag]           v0.7.16         -> v0.7.16
2026-05-15T05:02:14.9304764Z  * [new tag]           v0.7.17         -> v0.7.17
2026-05-15T05:02:14.9305209Z  * [new tag]           v0.7.17-build.2 -> v0.7.17-build.2
2026-05-15T05:02:14.9305623Z  * [new tag]           v0.7.17-build.3 -> v0.7.17-build.3
2026-05-15T05:02:14.9305973Z  * [new tag]           v0.7.17-build.4 -> v0.7.17-build.4
2026-05-15T05:02:14.9306318Z  * [new tag]           v0.7.17-build.5 -> v0.7.17-build.5
2026-05-15T05:02:14.9306687Z  * [new tag]           v0.7.17-build.6 -> v0.7.17-build.6
2026-05-15T05:02:14.9307041Z  * [new tag]           v0.7.17-build.7 -> v0.7.17-build.7
2026-05-15T05:02:14.9307383Z  * [new tag]           v0.7.17-build.8 -> v0.7.17-build.8
2026-05-15T05:02:14.9307723Z  * [new tag]           v0.7.17-build.9 -> v0.7.17-build.9
2026-05-15T05:02:14.9308057Z  * [new tag]           v0.7.18         -> v0.7.18
2026-05-15T05:02:14.9308395Z  * [new tag]           v0.7.18-build.2 -> v0.7.18-build.2
2026-05-15T05:02:14.9308737Z  * [new tag]           v0.7.18-build.3 -> v0.7.18-build.3
2026-05-15T05:02:14.9309072Z  * [new tag]           v0.7.18-build.4 -> v0.7.18-build.4
2026-05-15T05:02:14.9309405Z  * [new tag]           v0.7.19         -> v0.7.19
2026-05-15T05:02:14.9309738Z  * [new tag]           v0.7.19-build.2 -> v0.7.19-build.2
2026-05-15T05:02:14.9310064Z  * [new tag]           v0.7.20         -> v0.7.20
2026-05-15T05:02:14.9310424Z  * [new tag]           v0.7.20-build.2 -> v0.7.20-build.2
2026-05-15T05:02:14.9310960Z  * [new tag]           v0.7.20-build.3 -> v0.7.20-build.3
2026-05-15T05:02:14.9311310Z  * [new tag]           v0.7.20-build.4 -> v0.7.20-build.4
2026-05-15T05:02:14.9311643Z  * [new tag]           v0.8.0          -> v0.8.0
2026-05-15T05:02:14.9311990Z  * [new tag]           v0.8.0-build.2  -> v0.8.0-build.2
2026-05-15T05:02:14.9312328Z  * [new tag]           v0.8.1          -> v0.8.1
2026-05-15T05:02:14.9312650Z  * [new tag]           v0.8.10         -> v0.8.10
2026-05-15T05:02:14.9312979Z  * [new tag]           v0.8.11         -> v0.8.11
2026-05-15T05:02:14.9313303Z  * [new tag]           v0.8.12         -> v0.8.12
2026-05-15T05:02:14.9313620Z  * [new tag]           v0.8.13         -> v0.8.13
2026-05-15T05:02:14.9313941Z  * [new tag]           v0.8.14         -> v0.8.14
2026-05-15T05:02:14.9314889Z  * [new tag]           v0.8.15         -> v0.8.15
2026-05-15T05:02:14.9315204Z  * [new tag]           v0.8.2          -> v0.8.2
2026-05-15T05:02:14.9315524Z  * [new tag]           v0.8.3          -> v0.8.3
2026-05-15T05:02:14.9315858Z  * [new tag]           v0.8.4          -> v0.8.4
2026-05-15T05:02:14.9316186Z  * [new tag]           v0.8.5          -> v0.8.5
2026-05-15T05:02:14.9316507Z  * [new tag]           v0.8.6          -> v0.8.6
2026-05-15T05:02:14.9316823Z  * [new tag]           v0.8.7          -> v0.8.7
2026-05-15T05:02:14.9317135Z  * [new tag]           v0.8.8          -> v0.8.8
2026-05-15T05:02:14.9317459Z  * [new tag]           v0.8.9          -> v0.8.9
2026-05-15T05:02:14.9317780Z  * [new tag]           v0.9.1          -> v0.9.1
2026-05-15T05:02:14.9318114Z  * [new tag]           v0.9.2          -> v0.9.2
2026-05-15T05:02:14.9318477Z  * [new tag]           v1.0.1          -> v1.0.1
2026-05-15T05:02:14.9318819Z  * [new tag]           v1.0.10         -> v1.0.10
2026-05-15T05:02:14.9319150Z  * [new tag]           v1.0.11         -> v1.0.11
2026-05-15T05:02:14.9319477Z  * [new tag]           v1.0.12         -> v1.0.12
2026-05-15T05:02:14.9319788Z  * [new tag]           v1.0.13         -> v1.0.13
2026-05-15T05:02:14.9320118Z  * [new tag]           v1.0.2          -> v1.0.2
2026-05-15T05:02:14.9320627Z  * [new tag]           v1.0.3          -> v1.0.3
2026-05-15T05:02:14.9320990Z  * [new tag]           v1.0.4          -> v1.0.4
2026-05-15T05:02:14.9321352Z  * [new tag]           v1.0.5          -> v1.0.5
2026-05-15T05:02:14.9321714Z  * [new tag]           v1.0.6          -> v1.0.6
2026-05-15T05:02:14.9322082Z  * [new tag]           v1.0.7          -> v1.0.7
2026-05-15T05:02:14.9322444Z  * [new tag]           v1.0.8          -> v1.0.8
2026-05-15T05:02:14.9322819Z  * [new tag]           v1.0.9          -> v1.0.9
2026-05-15T05:02:14.9323195Z  * [new tag]           v1.1.1          -> v1.1.1
2026-05-15T05:02:14.9323600Z  * [new tag]           v1.1.1-build.2  -> v1.1.1-build.2
2026-05-15T05:02:14.9324015Z  * [new tag]           v1.1.1-build.3  -> v1.1.1-build.3
2026-05-15T05:02:14.9324603Z  * [new tag]           v1.1.1-build.4  -> v1.1.1-build.4
2026-05-15T05:02:14.9324993Z  * [new tag]           v1.1.10         -> v1.1.10
2026-05-15T05:02:14.9325384Z  * [new tag]           v1.1.11         -> v1.1.11
2026-05-15T05:02:14.9325791Z  * [new tag]           v1.1.12         -> v1.1.12
2026-05-15T05:02:14.9326160Z  * [new tag]           v1.1.2          -> v1.1.2
2026-05-15T05:02:14.9326529Z  * [new tag]           v1.1.3          -> v1.1.3
2026-05-15T05:02:14.9326897Z  * [new tag]           v1.1.4          -> v1.1.4
2026-05-15T05:02:14.9327265Z  * [new tag]           v1.1.5          -> v1.1.5
2026-05-15T05:02:14.9327626Z  * [new tag]           v1.1.6          -> v1.1.6
2026-05-15T05:02:14.9327998Z  * [new tag]           v1.1.7          -> v1.1.7
2026-05-15T05:02:14.9328351Z  * [new tag]           v1.1.8          -> v1.1.8
2026-05-15T05:02:14.9328709Z  * [new tag]           v1.1.9          -> v1.1.9
2026-05-15T05:02:14.9329065Z  * [new tag]           v1.3.0          -> v1.3.0
2026-05-15T05:02:14.9329412Z  * [new tag]           v1.3.1          -> v1.3.1
2026-05-15T05:02:14.9329777Z  * [new tag]           v1.3.10         -> v1.3.10
2026-05-15T05:02:14.9330308Z  * [new tag]           v1.3.11         -> v1.3.11
2026-05-15T05:02:14.9330706Z  * [new tag]           v1.3.11-build.2 -> v1.3.11-build.2
2026-05-15T05:02:14.9331098Z  * [new tag]           v1.3.12         -> v1.3.12
2026-05-15T05:02:14.9331467Z  * [new tag]           v1.3.13         -> v1.3.13
2026-05-15T05:02:14.9331865Z  * [new tag]           v1.3.13-build.2 -> v1.3.13-build.2
2026-05-15T05:02:14.9332243Z  * [new tag]           v1.3.14         -> v1.3.14
2026-05-15T05:02:14.9332612Z  * [new tag]           v1.3.15         -> v1.3.15
2026-05-15T05:02:14.9332978Z  * [new tag]           v1.3.16         -> v1.3.16
2026-05-15T05:02:14.9333336Z  * [new tag]           v1.3.17         -> v1.3.17
2026-05-15T05:02:14.9333698Z  * [new tag]           v1.3.18         -> v1.3.18
2026-05-15T05:02:14.9334526Z  * [new tag]           v1.3.19         -> v1.3.19
2026-05-15T05:02:14.9334902Z  * [new tag]           v1.3.2          -> v1.3.2
2026-05-15T05:02:14.9335270Z  * [new tag]           v1.3.20         -> v1.3.20
2026-05-15T05:02:14.9335650Z  * [new tag]           v1.3.21         -> v1.3.21
2026-05-15T05:02:14.9336059Z  * [new tag]           v1.3.22         -> v1.3.22
2026-05-15T05:02:14.9336422Z  * [new tag]           v1.3.23         -> v1.3.23
2026-05-15T05:02:14.9336786Z  * [new tag]           v1.3.24         -> v1.3.24
2026-05-15T05:02:14.9337152Z  * [new tag]           v1.3.25         -> v1.3.25
2026-05-15T05:02:14.9337519Z  * [new tag]           v1.3.26         -> v1.3.26
2026-05-15T05:02:14.9337885Z  * [new tag]           v1.3.27         -> v1.3.27
2026-05-15T05:02:14.9338251Z  * [new tag]           v1.3.28         -> v1.3.28
2026-05-15T05:02:14.9338606Z  * [new tag]           v1.3.29         -> v1.3.29
2026-05-15T05:02:14.9338969Z  * [new tag]           v1.3.3          -> v1.3.3
2026-05-15T05:02:14.9339336Z  * [new tag]           v1.3.30         -> v1.3.30
2026-05-15T05:02:14.9339687Z  * [new tag]           v1.3.31         -> v1.3.31
2026-05-15T05:02:14.9340050Z  * [new tag]           v1.3.32         -> v1.3.32
2026-05-15T05:02:14.9340422Z  * [new tag]           v1.3.33         -> v1.3.33
2026-05-15T05:02:14.9340911Z  * [new tag]           v1.3.34         -> v1.3.34
2026-05-15T05:02:14.9341281Z  * [new tag]           v1.3.35         -> v1.3.35
2026-05-15T05:02:14.9341644Z  * [new tag]           v1.3.36         -> v1.3.36
2026-05-15T05:02:14.9341998Z  * [new tag]           v1.3.37         -> v1.3.37
2026-05-15T05:02:14.9412984Z  * [new tag]           v1.3.38         -> v1.3.38
2026-05-15T05:02:14.9413563Z  * [new tag]           v1.3.39         -> v1.3.39
2026-05-15T05:02:14.9414357Z  * [new tag]           v1.3.4          -> v1.3.4
2026-05-15T05:02:14.9415005Z  * [new tag]           v1.3.40         -> v1.3.40
2026-05-15T05:02:14.9415581Z  * [new tag]           v1.3.41         -> v1.3.41
2026-05-15T05:02:14.9416093Z  * [new tag]           v1.3.42         -> v1.3.42
2026-05-15T05:02:14.9416620Z  * [new tag]           v1.3.43         -> v1.3.43
2026-05-15T05:02:14.9417152Z  * [new tag]           v1.3.44         -> v1.3.44
2026-05-15T05:02:14.9417701Z  * [new tag]           v1.3.45         -> v1.3.45
2026-05-15T05:02:14.9418294Z  * [new tag]           v1.3.46         -> v1.3.46
2026-05-15T05:02:14.9418840Z  * [new tag]           v1.3.47         -> v1.3.47
2026-05-15T05:02:14.9419364Z  * [new tag]           v1.3.48         -> v1.3.48
2026-05-15T05:02:14.9419892Z  * [new tag]           v1.3.49         -> v1.3.49
2026-05-15T05:02:14.9420455Z  * [new tag]           v1.3.5          -> v1.3.5
2026-05-15T05:02:14.9421072Z  * [new tag]           v1.3.5-build.2  -> v1.3.5-build.2
2026-05-15T05:02:14.9421656Z  * [new tag]           v1.3.50         -> v1.3.50
2026-05-15T05:02:14.9422237Z  * [new tag]           v1.3.51         -> v1.3.51
2026-05-15T05:02:14.9422805Z  * [new tag]           v1.3.52         -> v1.3.52
2026-05-15T05:02:14.9423355Z  * [new tag]           v1.3.53         -> v1.3.53
2026-05-15T05:02:14.9423916Z  * [new tag]           v1.3.54         -> v1.3.54
2026-05-15T05:02:14.9424729Z  * [new tag]           v1.3.55         -> v1.3.55
2026-05-15T05:02:14.9425557Z  * [new tag]           v1.3.56         -> v1.3.56
2026-05-15T05:02:14.9426189Z  * [new tag]           v1.3.57         -> v1.3.57
2026-05-15T05:02:14.9426743Z  * [new tag]           v1.3.58         -> v1.3.58
2026-05-15T05:02:14.9427302Z  * [new tag]           v1.3.59         -> v1.3.59
2026-05-15T05:02:14.9427863Z  * [new tag]           v1.3.6          -> v1.3.6
2026-05-15T05:02:14.9428429Z  * [new tag]           v1.3.60         -> v1.3.60
2026-05-15T05:02:14.9428974Z  * [new tag]           v1.3.61         -> v1.3.61
2026-05-15T05:02:14.9429571Z  * [new tag]           v1.3.62         -> v1.3.62
2026-05-15T05:02:14.9430120Z  * [new tag]           v1.3.7          -> v1.3.7
2026-05-15T05:02:14.9430668Z  * [new tag]           v1.3.8          -> v1.3.8
2026-05-15T05:02:14.9431177Z  * [new tag]           v1.3.9          -> v1.3.9
2026-05-15T05:02:14.9431716Z  * [new tag]           v1.4.40         -> v1.4.40
2026-05-15T05:02:14.9432080Z  * [new tag]           v1.5.0          -> v1.5.0
2026-05-15T05:02:14.9432464Z  * [new tag]           v1.5.2          -> v1.5.2
2026-05-15T05:02:14.9432820Z  * [new tag]           v1.5.3          -> v1.5.3
2026-05-15T05:02:14.9433187Z  * [new tag]           v1.6.0          -> v1.6.0
2026-05-15T05:02:14.9433537Z  * [new tag]           v1.7.0          -> v1.7.0
2026-05-15T05:02:14.9433896Z  * [new tag]           v1.7.37         -> v1.7.37
2026-05-15T05:02:14.9434517Z  * [new tag]           v1.7.38         -> v1.7.38
2026-05-15T05:02:14.9434876Z  * [new tag]           v1.7.39         -> v1.7.39
2026-05-15T05:02:14.9435237Z  * [new tag]           v1.7.40         -> v1.7.40
2026-05-15T05:02:14.9435602Z  * [new tag]           v1.7.41         -> v1.7.41
2026-05-15T05:02:14.9435961Z  * [new tag]           v1.7.42         -> v1.7.42
2026-05-15T05:02:14.9436316Z  * [new tag]           v1.7.43         -> v1.7.43
2026-05-15T05:02:14.9436663Z  * [new tag]           v1.7.44         -> v1.7.44
2026-05-15T05:02:14.9437017Z  * [new tag]           v1.7.45         -> v1.7.45
2026-05-15T05:02:14.9437575Z  * [new tag]           v1.7.46         -> v1.7.46
2026-05-15T05:02:14.9437937Z  * [new tag]           v1.7.47         -> v1.7.47
2026-05-15T05:02:14.9438300Z  * [new tag]           v1.7.48         -> v1.7.48
2026-05-15T05:02:14.9438649Z  * [new tag]           v1.7.49         -> v1.7.49
2026-05-15T05:02:14.9439005Z  * [new tag]           v1.7.50         -> v1.7.50
2026-05-15T05:02:14.9439357Z  * [new tag]           v1.7.51         -> v1.7.51
2026-05-15T05:02:14.9439706Z  * [new tag]           v1.7.52         -> v1.7.52
2026-05-15T05:02:14.9440059Z  * [new tag]           v1.7.53         -> v1.7.53
2026-05-15T05:02:14.9440411Z  * [new tag]           v1.7.54         -> v1.7.54
2026-05-15T05:02:14.9440760Z  * [new tag]           v1.7.55         -> v1.7.55
2026-05-15T05:02:14.9441114Z  * [new tag]           v1.7.56         -> v1.7.56
2026-05-15T05:02:14.9441466Z  * [new tag]           v1.7.57         -> v1.7.57
2026-05-15T05:02:14.9441818Z  * [new tag]           v1.7.58         -> v1.7.58
2026-05-15T05:02:14.9442200Z  * [new tag]           v1.7.59         -> v1.7.59
2026-05-15T05:02:14.9442561Z  * [new tag]           v1.7.60         -> v1.7.60
2026-05-15T05:02:14.9442918Z  * [new tag]           v1.7.61         -> v1.7.61
2026-05-15T05:02:14.9443263Z  * [new tag]           v1.7.62         -> v1.7.62
2026-05-15T05:02:14.9443620Z  * [new tag]           v1.7.63         -> v1.7.63
2026-05-15T05:02:14.9444001Z  * [new tag]           v1.7.64         -> v1.7.64
2026-05-15T05:02:14.9444554Z  * [new tag]           v1.7.65         -> v1.7.65
2026-05-15T05:02:14.9444924Z  * [new tag]           v1.7.66         -> v1.7.66
2026-05-15T05:02:14.9445287Z  * [new tag]           v1.7.67         -> v1.7.67
2026-05-15T05:02:14.9445644Z  * [new tag]           v1.7.68         -> v1.7.68
2026-05-15T05:02:14.9446007Z  * [new tag]           v1.7.69         -> v1.7.69
2026-05-15T05:02:14.9446361Z  * [new tag]           v1.7.70         -> v1.7.70
2026-05-15T05:02:14.9446735Z  * [new tag]           v1.7.71         -> v1.7.71
2026-05-15T05:02:14.9447302Z  * [new tag]           v1.7.72         -> v1.7.72
2026-05-15T05:02:14.9447651Z  * [new tag]           v1.7.73         -> v1.7.73
2026-05-15T05:02:14.9448015Z  * [new tag]           v1.7.74         -> v1.7.74
2026-05-15T05:02:14.9448371Z  * [new tag]           v1.7.75         -> v1.7.75
2026-05-15T05:02:14.9448717Z  * [new tag]           v1.7.76         -> v1.7.76
2026-05-15T05:02:14.9449068Z  * [new tag]           v1.7.77         -> v1.7.77
2026-05-15T05:02:14.9449427Z  * [new tag]           v1.7.78         -> v1.7.78
2026-05-15T05:02:14.9449779Z  * [new tag]           v1.7.79         -> v1.7.79
2026-05-15T05:02:14.9450136Z  * [new tag]           v1.7.80         -> v1.7.80
2026-05-15T05:02:14.9450492Z  * [new tag]           v1.7.81         -> v1.7.81
2026-05-15T05:02:14.9450853Z  * [new tag]           v1.7.82         -> v1.7.82
2026-05-15T05:02:14.9451202Z  * [new tag]           v1.7.83         -> v1.7.83
2026-05-15T05:02:14.9451555Z  * [new tag]           v1.7.84         -> v1.7.84
2026-05-15T05:02:14.9451925Z  * [new tag]           v1.7.85         -> v1.7.85
2026-05-15T05:02:14.9452276Z  * [new tag]           v1.7.86         -> v1.7.86
2026-05-15T05:02:14.9452632Z  * [new tag]           v1.7.87         -> v1.7.87
2026-05-15T05:02:14.9452987Z  * [new tag]           v1.7.90         -> v1.7.90
2026-05-15T05:02:14.9453334Z  * [new tag]           v1.7.92         -> v1.7.92
2026-05-15T05:02:14.9453693Z  * [new tag]           v1.7.93         -> v1.7.93
2026-05-15T05:02:14.9454053Z  * [new tag]           v1.7.94         -> v1.7.94
2026-05-15T05:02:14.9454579Z  * [new tag]           v1.7.95         -> v1.7.95
2026-05-15T05:02:14.9454938Z  * [new tag]           v1.7.96         -> v1.7.96
2026-05-15T05:02:14.9455297Z  * [new tag]           v1.7.97         -> v1.7.97
2026-05-15T05:02:14.9455654Z  * [new tag]           v1.8.0          -> v1.8.0
2026-05-15T05:02:14.9456016Z  * [new tag]           v1.8.1          -> v1.8.1
2026-05-15T05:02:14.9456373Z  * [new tag]           v1.8.10         -> v1.8.10
2026-05-15T05:02:14.9456881Z  * [new tag]           v1.8.11         -> v1.8.11
2026-05-15T05:02:14.9457235Z  * [new tag]           v1.8.12         -> v1.8.12
2026-05-15T05:02:14.9457592Z  * [new tag]           v1.8.14         -> v1.8.14
2026-05-15T05:02:14.9457948Z  * [new tag]           v1.8.15         -> v1.8.15
2026-05-15T05:02:14.9458294Z  * [new tag]           v1.8.16         -> v1.8.16
2026-05-15T05:02:14.9458652Z  * [new tag]           v1.8.17         -> v1.8.17
2026-05-15T05:02:14.9459005Z  * [new tag]           v1.8.18         -> v1.8.18
2026-05-15T05:02:14.9459353Z  * [new tag]           v1.8.19         -> v1.8.19
2026-05-15T05:02:14.9459709Z  * [new tag]           v1.8.2          -> v1.8.2
2026-05-15T05:02:14.9460069Z  * [new tag]           v1.8.20         -> v1.8.20
2026-05-15T05:02:14.9460416Z  * [new tag]           v1.8.21         -> v1.8.21
2026-05-15T05:02:14.9460777Z  * [new tag]           v1.8.22         -> v1.8.22
2026-05-15T05:02:14.9461129Z  * [new tag]           v1.8.23         -> v1.8.23
2026-05-15T05:02:14.9461492Z  * [new tag]           v1.8.24         -> v1.8.24
2026-05-15T05:02:14.9461855Z  * [new tag]           v1.8.25         -> v1.8.25
2026-05-15T05:02:14.9462214Z  * [new tag]           v1.8.26         -> v1.8.26
2026-05-15T05:02:14.9462577Z  * [new tag]           v1.8.27         -> v1.8.27
2026-05-15T05:02:14.9462928Z  * [new tag]           v1.8.28         -> v1.8.28
2026-05-15T05:02:14.9463289Z  * [new tag]           v1.8.29         -> v1.8.29
2026-05-15T05:02:14.9463648Z  * [new tag]           v1.8.3          -> v1.8.3
2026-05-15T05:02:14.9463998Z  * [new tag]           v1.8.30         -> v1.8.30
2026-05-15T05:02:14.9464522Z  * [new tag]           v1.8.31         -> v1.8.31
2026-05-15T05:02:14.9464877Z  * [new tag]           v1.8.32         -> v1.8.32
2026-05-15T05:02:14.9465239Z  * [new tag]           v1.8.33         -> v1.8.33
2026-05-15T05:02:14.9465604Z  * [new tag]           v1.8.34         -> v1.8.34
2026-05-15T05:02:14.9466097Z  * [new tag]           v1.8.35         -> v1.8.35
2026-05-15T05:02:14.9466459Z  * [new tag]           v1.8.36         -> v1.8.36
2026-05-15T05:02:14.9466814Z  * [new tag]           v1.8.37         -> v1.8.37
2026-05-15T05:02:14.9467172Z  * [new tag]           v1.8.38         -> v1.8.38
2026-05-15T05:02:14.9467519Z  * [new tag]           v1.8.39         -> v1.8.39
2026-05-15T05:02:14.9467877Z  * [new tag]           v1.8.4          -> v1.8.4
2026-05-15T05:02:14.9468242Z  * [new tag]           v1.8.40         -> v1.8.40
2026-05-15T05:02:14.9468593Z  * [new tag]           v1.8.41         -> v1.8.41
2026-05-15T05:02:14.9468948Z  * [new tag]           v1.8.42         -> v1.8.42
2026-05-15T05:02:14.9469306Z  * [new tag]           v1.8.43         -> v1.8.43
2026-05-15T05:02:14.9469661Z  * [new tag]           v1.8.44         -> v1.8.44
2026-05-15T05:02:14.9470017Z  * [new tag]           v1.8.45         -> v1.8.45
2026-05-15T05:02:14.9470376Z  * [new tag]           v1.8.46         -> v1.8.46
2026-05-15T05:02:14.9470733Z  * [new tag]           v1.8.47         -> v1.8.47
2026-05-15T05:02:14.9471089Z  * [new tag]           v1.8.48         -> v1.8.48
2026-05-15T05:02:14.9471443Z  * [new tag]           v1.8.49         -> v1.8.49
2026-05-15T05:02:14.9471794Z  * [new tag]           v1.8.5          -> v1.8.5
2026-05-15T05:02:14.9472141Z  * [new tag]           v1.8.50         -> v1.8.50
2026-05-15T05:02:14.9472492Z  * [new tag]           v1.8.51         -> v1.8.51
2026-05-15T05:02:14.9472845Z  * [new tag]           v1.8.52         -> v1.8.52
2026-05-15T05:02:14.9473195Z  * [new tag]           v1.8.53         -> v1.8.53
2026-05-15T05:02:14.9473548Z  * [new tag]           v1.8.54         -> v1.8.54
2026-05-15T05:02:14.9473901Z  * [new tag]           v1.8.6          -> v1.8.6
2026-05-15T05:02:14.9474460Z  * [new tag]           v1.8.7          -> v1.8.7
2026-05-15T05:02:14.9474825Z  * [new tag]           v1.8.8          -> v1.8.8
2026-05-15T05:02:14.9475185Z  * [new tag]           v1.8.9          -> v1.8.9
2026-05-15T05:02:14.9475545Z  * [new tag]           v1.9.1          -> v1.9.1
2026-05-15T05:02:14.9476033Z  * [new tag]           v1.9.10         -> v1.9.10
2026-05-15T05:02:14.9476398Z  * [new tag]           v1.9.11         -> v1.9.11
2026-05-15T05:02:14.9476743Z  * [new tag]           v1.9.12         -> v1.9.12
2026-05-15T05:02:14.9477094Z  * [new tag]           v1.9.13         -> v1.9.13
2026-05-15T05:02:14.9477447Z  * [new tag]           v1.9.14         -> v1.9.14
2026-05-15T05:02:14.9477797Z  * [new tag]           v1.9.15         -> v1.9.15
2026-05-15T05:02:14.9478148Z  * [new tag]           v1.9.16         -> v1.9.16
2026-05-15T05:02:14.9478503Z  * [new tag]           v1.9.18         -> v1.9.18
2026-05-15T05:02:14.9478848Z  * [new tag]           v1.9.19         -> v1.9.19
2026-05-15T05:02:14.9479193Z  * [new tag]           v1.9.2          -> v1.9.2
2026-05-15T05:02:14.9479547Z  * [new tag]           v1.9.20         -> v1.9.20
2026-05-15T05:02:14.9479899Z  * [new tag]           v1.9.21         -> v1.9.21
2026-05-15T05:02:14.9480254Z  * [new tag]           v1.9.22         -> v1.9.22
2026-05-15T05:02:14.9480611Z  * [new tag]           v1.9.23         -> v1.9.23
2026-05-15T05:02:14.9480965Z  * [new tag]           v1.9.24         -> v1.9.24
2026-05-15T05:02:14.9481318Z  * [new tag]           v1.9.26         -> v1.9.26
2026-05-15T05:02:14.9481673Z  * [new tag]           v1.9.27         -> v1.9.27
2026-05-15T05:02:14.9482030Z  * [new tag]           v1.9.28         -> v1.9.28
2026-05-15T05:02:14.9482374Z  * [new tag]           v1.9.29         -> v1.9.29
2026-05-15T05:02:14.9482729Z  * [new tag]           v1.9.3          -> v1.9.3
2026-05-15T05:02:14.9483079Z  * [new tag]           v1.9.4          -> v1.9.4
2026-05-15T05:02:14.9483426Z  * [new tag]           v1.9.5          -> v1.9.5
2026-05-15T05:02:14.9483774Z  * [new tag]           v1.9.6          -> v1.9.6
2026-05-15T05:02:14.9484304Z  * [new tag]           v1.9.7          -> v1.9.7
2026-05-15T05:02:14.9484670Z  * [new tag]           v1.9.8          -> v1.9.8
2026-05-15T05:02:14.9485016Z  * [new tag]           v1.9.9          -> v1.9.9
2026-05-15T05:02:14.9623358Z ##[endgroup]
2026-05-15T05:02:14.9624029Z ##[group]Determining the checkout info
2026-05-15T05:02:14.9631754Z [command]/usr/bin/git branch --list --remote origin/docs/h-android-wellness-port-audit
2026-05-15T05:02:14.9669614Z [command]/usr/bin/git tag --list docs/h-android-wellness-port-audit
2026-05-15T05:02:14.9747100Z ##[error]A branch or tag with the name 'docs/h-android-wellness-port-audit' could not be found
2026-05-15T05:02:15.0038839Z Post job cleanup.
2026-05-15T05:02:15.0857805Z [command]/usr/bin/git version
2026-05-15T05:02:15.0894372Z git version 2.54.0
2026-05-15T05:02:15.0932534Z Temporarily overriding HOME='/home/runner/work/_temp/439a0be7-221e-4fa8-b39f-b6980b4a8741' before making global git config changes
2026-05-15T05:02:15.0933925Z Adding repository directory to the temporary git global config as a safe directory
2026-05-15T05:02:15.0938585Z [command]/usr/bin/git config --global --add safe.directory /home/runner/work/prismTask/prismTask
2026-05-15T05:02:15.0969865Z Removing SSH command configuration
2026-05-15T05:02:15.0976425Z [command]/usr/bin/git config --local --name-only --get-regexp core\.sshCommand
2026-05-15T05:02:15.1010351Z [command]/usr/bin/git submodule foreach --recursive sh -c "git config --local --name-only --get-regexp 'core\.sshCommand' && git config --local --unset-all 'core.sshCommand' || :"
2026-05-15T05:02:15.1243435Z Removing HTTP extra header
2026-05-15T05:02:15.1248890Z [command]/usr/bin/git config --local --name-only --get-regexp http\.https\:\/\/github\.com\/\.extraheader
2026-05-15T05:02:15.1283163Z [command]/usr/bin/git submodule foreach --recursive sh -c "git config --local --name-only --get-regexp 'http\.https\:\/\/github\.com\/\.extraheader' && git config --local --unset-all 'http.https://github.com/.extraheader' || :"
2026-05-15T05:02:15.1534365Z Removing includeIf entries pointing to credentials config files
2026-05-15T05:02:15.1541494Z [command]/usr/bin/git config --local --name-only --get-regexp ^includeIf\.gitdir:
2026-05-15T05:02:15.1569738Z includeif.gitdir:/home/runner/work/prismTask/prismTask/.git.path
2026-05-15T05:02:15.1570833Z includeif.gitdir:/home/runner/work/prismTask/prismTask/.git/worktrees/*.path
2026-05-15T05:02:15.1571801Z includeif.gitdir:/github/workspace/.git.path
2026-05-15T05:02:15.1572703Z includeif.gitdir:/github/workspace/.git/worktrees/*.path
2026-05-15T05:02:15.1581055Z [command]/usr/bin/git config --local --get-all includeif.gitdir:/home/runner/work/prismTask/prismTask/.git.path
2026-05-15T05:02:15.1603905Z /home/runner/work/_temp/git-credentials-7843cade-2386-4ff9-acf0-07197e6214a4.config
2026-05-15T05:02:15.1617289Z [command]/usr/bin/git config --local --unset includeif.gitdir:/home/runner/work/prismTask/prismTask/.git.path /home/runner/work/_temp/git-credentials-7843cade-2386-4ff9-acf0-07197e6214a4.config
2026-05-15T05:02:15.1654480Z [command]/usr/bin/git config --local --get-all includeif.gitdir:/home/runner/work/prismTask/prismTask/.git/worktrees/*.path
2026-05-15T05:02:15.1677809Z /home/runner/work/_temp/git-credentials-7843cade-2386-4ff9-acf0-07197e6214a4.config
2026-05-15T05:02:15.1688820Z [command]/usr/bin/git config --local --unset includeif.gitdir:/home/runner/work/prismTask/prismTask/.git/worktrees/*.path /home/runner/work/_temp/git-credentials-7843cade-2386-4ff9-acf0-07197e6214a4.config
2026-05-15T05:02:15.1723179Z [command]/usr/bin/git config --local --get-all includeif.gitdir:/github/workspace/.git.path
2026-05-15T05:02:15.1747457Z /github/runner_temp/git-credentials-7843cade-2386-4ff9-acf0-07197e6214a4.config
2026-05-15T05:02:15.1755183Z [command]/usr/bin/git config --local --unset includeif.gitdir:/github/workspace/.git.path /github/runner_temp/git-credentials-7843cade-2386-4ff9-acf0-07197e6214a4.config
2026-05-15T05:02:15.1788035Z [command]/usr/bin/git config --local --get-all includeif.gitdir:/github/workspace/.git/worktrees/*.path
2026-05-15T05:02:15.1812008Z /github/runner_temp/git-credentials-7843cade-2386-4ff9-acf0-07197e6214a4.config
2026-05-15T05:02:15.1819091Z [command]/usr/bin/git config --local --unset includeif.gitdir:/github/workspace/.git/worktrees/*.path /github/runner_temp/git-credentials-7843cade-2386-4ff9-acf0-07197e6214a4.config
2026-05-15T05:02:15.1853103Z [command]/usr/bin/git submodule foreach --recursive git config --local --show-origin --name-only --get-regexp remote.origin.url
2026-05-15T05:02:15.2101169Z Removing credentials config '/home/runner/work/_temp/git-credentials-7843cade-2386-4ff9-acf0-07197e6214a4.config'
2026-05-15T05:02:15.2246022Z Cleaning up orphan processes
