=== CI FAILURE ===
Workflow:      Android CI
Workflow file: averycorp/prismTask/.github/workflows/android-ci.yml@refs/heads/main
Job(s):        lint-and-test
Run ID:        25530834323
Run attempt:   1
Run URL:       https://github.com/averycorp/prismTask/actions/runs/25530834323
Commit:        5cd9fb0a64ef772f8577a34634ac61d95f961bd0
Branch:        main
Event:         push
Actor:         akarlin3
Runner OS:     Linux
Timestamp:     2026-05-08T01:13:13.757Z

Failed steps:
  - lint-and-test: #10 Android lint — push to main (full lint incl. lintRelease) | #11 Compile androidTest sources (type-check only)

=== FAILED JOB LOG ===

--- Job: lint-and-test (id 74936594292) ---
2026-05-08T01:08:27.3327623Z Current runner version: '2.334.0'
2026-05-08T01:08:27.3353642Z ##[group]Runner Image Provisioner
2026-05-08T01:08:27.3354458Z Hosted Compute Agent
2026-05-08T01:08:27.3355462Z Version: 20260213.493
2026-05-08T01:08:27.3356033Z Commit: 5c115507f6dd24b8de37d8bbe0bb4509d0cc0fa3
2026-05-08T01:08:27.3357114Z Build Date: 2026-02-13T00:28:41Z
2026-05-08T01:08:27.3357860Z Worker ID: {2002f741-2817-41c2-a40a-08b4056226f2}
2026-05-08T01:08:27.3358598Z Azure Region: westus3
2026-05-08T01:08:27.3359101Z ##[endgroup]
2026-05-08T01:08:27.3360638Z ##[group]Operating System
2026-05-08T01:08:27.3361225Z Ubuntu
2026-05-08T01:08:27.3361696Z 24.04.4
2026-05-08T01:08:27.3362179Z LTS
2026-05-08T01:08:27.3362638Z ##[endgroup]
2026-05-08T01:08:27.3363132Z ##[group]Runner Image
2026-05-08T01:08:27.3363614Z Image: ubuntu-24.04
2026-05-08T01:08:27.3364177Z Version: 20260413.86.1
2026-05-08T01:08:27.3365318Z Included Software: https://github.com/actions/runner-images/blob/ubuntu24/20260413.86/images/ubuntu/Ubuntu2404-Readme.md
2026-05-08T01:08:27.3367056Z Image Release: https://github.com/actions/runner-images/releases/tag/ubuntu24%2F20260413.86
2026-05-08T01:08:27.3367944Z ##[endgroup]
2026-05-08T01:08:27.3369204Z ##[group]GITHUB_TOKEN Permissions
2026-05-08T01:08:27.3371077Z Actions: read
2026-05-08T01:08:27.3371584Z Checks: read
2026-05-08T01:08:27.3372194Z Contents: write
2026-05-08T01:08:27.3372697Z Metadata: read
2026-05-08T01:08:27.3373159Z PullRequests: read
2026-05-08T01:08:27.3373715Z ##[endgroup]
2026-05-08T01:08:27.3376089Z Secret source: Actions
2026-05-08T01:08:27.3377048Z Prepare workflow directory
2026-05-08T01:08:27.3735976Z Prepare all required actions
2026-05-08T01:08:27.3774969Z Getting action download info
2026-05-08T01:08:27.8750336Z Download action repository 'actions/checkout@v6' (SHA:de0fac2e4500dabe0009e67214ff5f5447ce83dd)
2026-05-08T01:08:28.0001561Z Download action repository 'dorny/paths-filter@v4' (SHA:fbd0ab8f3e69293af611ebaee6363fc25e6d187d)
2026-05-08T01:08:28.5757672Z Download action repository 'actions/cache@v5' (SHA:27d5ce7f107fe9357f9df03efb73ab90386fccae)
2026-05-08T01:08:29.4511836Z Download action repository 'actions/github-script@v9' (SHA:3a2844b7e9c422d3c10d287c895573f7108da1b3)
2026-05-08T01:08:30.1171903Z Download action repository 'actions/upload-artifact@v7' (SHA:043fb46d1a93c77aae656e7c1c64a875d1fc6a0a)
2026-05-08T01:08:31.2152466Z Complete job name: lint-and-test
2026-05-08T01:08:31.2904544Z ##[group]Run actions/checkout@v6
2026-05-08T01:08:31.2905394Z with:
2026-05-08T01:08:31.2905696Z   ref: refs/heads/main
2026-05-08T01:08:31.2906044Z   repository: averycorp/prismTask
2026-05-08T01:08:31.2906918Z   token: ***
2026-05-08T01:08:31.2907189Z   ssh-strict: true
2026-05-08T01:08:31.2907524Z   ssh-user: git
2026-05-08T01:08:31.2907789Z   persist-credentials: true
2026-05-08T01:08:31.2908105Z   clean: true
2026-05-08T01:08:31.2908624Z   sparse-checkout-cone-mode: true
2026-05-08T01:08:31.2908966Z   fetch-depth: 1
2026-05-08T01:08:31.2909244Z   fetch-tags: false
2026-05-08T01:08:31.2909483Z   show-progress: true
2026-05-08T01:08:31.2909873Z   lfs: false
2026-05-08T01:08:31.2910100Z   submodules: false
2026-05-08T01:08:31.2910367Z   set-safe-directory: true
2026-05-08T01:08:31.2911030Z ##[endgroup]
2026-05-08T01:08:31.3931036Z Syncing repository: averycorp/prismTask
2026-05-08T01:08:31.3933282Z ##[group]Getting Git version info
2026-05-08T01:08:31.3934210Z Working directory is '/home/runner/work/prismTask/prismTask'
2026-05-08T01:08:31.3935596Z [command]/usr/bin/git version
2026-05-08T01:08:31.4011337Z git version 2.53.0
2026-05-08T01:08:31.4014848Z ##[endgroup]
2026-05-08T01:08:31.4021538Z Temporarily overriding HOME='/home/runner/work/_temp/8937a432-c1fc-4382-8b5d-ce04e9b035a6' before making global git config changes
2026-05-08T01:08:31.4022951Z Adding repository directory to the temporary git global config as a safe directory
2026-05-08T01:08:31.4024037Z [command]/usr/bin/git config --global --add safe.directory /home/runner/work/prismTask/prismTask
2026-05-08T01:08:31.4057652Z Deleting the contents of '/home/runner/work/prismTask/prismTask'
2026-05-08T01:08:31.4059211Z ##[group]Initializing the repository
2026-05-08T01:08:31.4059892Z [command]/usr/bin/git init /home/runner/work/prismTask/prismTask
2026-05-08T01:08:31.4164845Z hint: Using 'master' as the name for the initial branch. This default branch name
2026-05-08T01:08:31.4166141Z hint: will change to "main" in Git 3.0. To configure the initial branch name
2026-05-08T01:08:31.4167625Z hint: to use in all of your new repositories, which will suppress this warning,
2026-05-08T01:08:31.4168295Z hint: call:
2026-05-08T01:08:31.4168861Z hint:
2026-05-08T01:08:31.4169643Z hint: 	git config --global init.defaultBranch <name>
2026-05-08T01:08:31.4170628Z hint:
2026-05-08T01:08:31.4171228Z hint: Names commonly chosen instead of 'master' are 'main', 'trunk' and
2026-05-08T01:08:31.4171915Z hint: 'development'. The just-created branch can be renamed via this command:
2026-05-08T01:08:31.4172472Z hint:
2026-05-08T01:08:31.4172842Z hint: 	git branch -m <name>
2026-05-08T01:08:31.4173263Z hint:
2026-05-08T01:08:31.4173753Z hint: Disable this message with "git config set advice.defaultBranchName false"
2026-05-08T01:08:31.4174653Z Initialized empty Git repository in /home/runner/work/prismTask/prismTask/.git/
2026-05-08T01:08:31.4178892Z [command]/usr/bin/git remote add origin https://github.com/averycorp/prismTask
2026-05-08T01:08:31.4213251Z ##[endgroup]
2026-05-08T01:08:31.4213815Z ##[group]Disabling automatic garbage collection
2026-05-08T01:08:31.4220049Z [command]/usr/bin/git config --local gc.auto 0
2026-05-08T01:08:31.4252589Z ##[endgroup]
2026-05-08T01:08:31.4253153Z ##[group]Setting up auth
2026-05-08T01:08:31.4254746Z Removing SSH command configuration
2026-05-08T01:08:31.4264131Z [command]/usr/bin/git config --local --name-only --get-regexp core\.sshCommand
2026-05-08T01:08:31.4300725Z [command]/usr/bin/git submodule foreach --recursive sh -c "git config --local --name-only --get-regexp 'core\.sshCommand' && git config --local --unset-all 'core.sshCommand' || :"
2026-05-08T01:08:31.4619012Z Removing HTTP extra header
2026-05-08T01:08:31.4619943Z [command]/usr/bin/git config --local --name-only --get-regexp http\.https\:\/\/github\.com\/\.extraheader
2026-05-08T01:08:31.4659730Z [command]/usr/bin/git submodule foreach --recursive sh -c "git config --local --name-only --get-regexp 'http\.https\:\/\/github\.com\/\.extraheader' && git config --local --unset-all 'http.https://github.com/.extraheader' || :"
2026-05-08T01:08:31.4873988Z Removing includeIf entries pointing to credentials config files
2026-05-08T01:08:31.4880620Z [command]/usr/bin/git config --local --name-only --get-regexp ^includeIf\.gitdir:
2026-05-08T01:08:31.4911186Z [command]/usr/bin/git submodule foreach --recursive git config --local --show-origin --name-only --get-regexp remote.origin.url
2026-05-08T01:08:31.5129852Z [command]/usr/bin/git config --file /home/runner/work/_temp/git-credentials-69071e5b-3fc5-4746-bb8a-c96bf10e0b76.config http.https://github.com/.extraheader AUTHORIZATION: basic ***
2026-05-08T01:08:31.5165873Z [command]/usr/bin/git config --local includeIf.gitdir:/home/runner/work/prismTask/prismTask/.git.path /home/runner/work/_temp/git-credentials-69071e5b-3fc5-4746-bb8a-c96bf10e0b76.config
2026-05-08T01:08:31.5193468Z [command]/usr/bin/git config --local includeIf.gitdir:/home/runner/work/prismTask/prismTask/.git/worktrees/*.path /home/runner/work/_temp/git-credentials-69071e5b-3fc5-4746-bb8a-c96bf10e0b76.config
2026-05-08T01:08:31.5223835Z [command]/usr/bin/git config --local includeIf.gitdir:/github/workspace/.git.path /github/runner_temp/git-credentials-69071e5b-3fc5-4746-bb8a-c96bf10e0b76.config
2026-05-08T01:08:31.5254755Z [command]/usr/bin/git config --local includeIf.gitdir:/github/workspace/.git/worktrees/*.path /github/runner_temp/git-credentials-69071e5b-3fc5-4746-bb8a-c96bf10e0b76.config
2026-05-08T01:08:31.5280155Z ##[endgroup]
2026-05-08T01:08:31.5280797Z ##[group]Fetching the repository
2026-05-08T01:08:31.5289638Z [command]/usr/bin/git -c protocol.version=2 fetch --no-tags --prune --no-recurse-submodules --depth=1 origin +refs/heads/main:refs/remotes/origin/main
2026-05-08T01:08:34.0822076Z From https://github.com/averycorp/prismTask
2026-05-08T01:08:34.0848220Z  * [new branch]      main       -> origin/main
2026-05-08T01:08:34.0852204Z ##[endgroup]
2026-05-08T01:08:34.0852908Z ##[group]Determining the checkout info
2026-05-08T01:08:34.0853823Z ##[endgroup]
2026-05-08T01:08:34.0859224Z [command]/usr/bin/git sparse-checkout disable
2026-05-08T01:08:34.0899686Z [command]/usr/bin/git config --local --unset-all extensions.worktreeConfig
2026-05-08T01:08:34.0933363Z ##[group]Checking out the ref
2026-05-08T01:08:34.0934208Z [command]/usr/bin/git checkout --progress --force -B main refs/remotes/origin/main
2026-05-08T01:08:34.3584950Z Switched to a new branch 'main'
2026-05-08T01:08:34.3587630Z branch 'main' set up to track 'origin/main'.
2026-05-08T01:08:34.3609629Z ##[endgroup]
2026-05-08T01:08:34.3651839Z [command]/usr/bin/git log -1 --format=%H
2026-05-08T01:08:34.3675133Z 5cd9fb0a64ef772f8577a34634ac61d95f961bd0
2026-05-08T01:08:34.3879890Z ##[group]Run dorny/paths-filter@v4
2026-05-08T01:08:34.3880209Z with:
2026-05-08T01:08:34.3880912Z   filters: android:
  - 'app/**'
  - 'gradlew'
  - 'gradlew.bat'
  - 'gradle/**'
  - 'build.gradle.kts'
  - 'settings.gradle.kts'
  - '.github/workflows/android-ci.yml'
  - '.github/actions/setup-android/**'

2026-05-08T01:08:34.3881801Z   token: ***
2026-05-08T01:08:34.3881983Z   list-files: none
2026-05-08T01:08:34.3882191Z   initial-fetch-depth: 100
2026-05-08T01:08:34.3882428Z   predicate-quantifier: some
2026-05-08T01:08:34.3882649Z ##[endgroup]
2026-05-08T01:08:34.4665130Z ##[group]Get current git ref
2026-05-08T01:08:34.4709357Z [command]/usr/bin/git branch --show-current
2026-05-08T01:08:34.4749765Z main
2026-05-08T01:08:34.4769638Z ##[endgroup]
2026-05-08T01:08:34.4770815Z Changes will be detected between 5c204dc3f94842f5961d224b89821d59b86398de and main
2026-05-08T01:08:34.4772771Z ##[group]Ensuring 5c204dc3f94842f5961d224b89821d59b86398de is fetched from origin
2026-05-08T01:08:34.4789826Z [command]/usr/bin/git cat-file -e 5c204dc3f94842f5961d224b89821d59b86398de^{commit}
2026-05-08T01:08:34.4816605Z fatal: Not a valid object name 5c204dc3f94842f5961d224b89821d59b86398de^{commit}
2026-05-08T01:08:34.4834800Z [command]/usr/bin/git fetch --depth=1 --no-tags origin 5c204dc3f94842f5961d224b89821d59b86398de
2026-05-08T01:08:34.8774780Z From https://github.com/averycorp/prismTask
2026-05-08T01:08:34.8775519Z  * branch            5c204dc3f94842f5961d224b89821d59b86398de -> FETCH_HEAD
2026-05-08T01:08:34.8813211Z [command]/usr/bin/git cat-file -e 5c204dc3f94842f5961d224b89821d59b86398de^{commit}
2026-05-08T01:08:34.8844164Z ##[endgroup]
2026-05-08T01:08:34.8844784Z ##[group]Ensuring main is fetched from origin
2026-05-08T01:08:34.8857323Z [command]/usr/bin/git show-ref main
2026-05-08T01:08:34.8881305Z 5cd9fb0a64ef772f8577a34634ac61d95f961bd0 refs/heads/main
2026-05-08T01:08:34.8882031Z 5cd9fb0a64ef772f8577a34634ac61d95f961bd0 refs/remotes/origin/main
2026-05-08T01:08:34.8890834Z ##[endgroup]
2026-05-08T01:08:34.8891689Z ##[group]Change detection 5c204dc3f94842f5961d224b89821d59b86398de..main
2026-05-08T01:08:34.8902388Z [command]/usr/bin/git diff --no-renames --name-status -z 5c204dc3f94842f5961d224b89821d59b86398de..refs/remotes/origin/main
2026-05-08T01:08:34.8937856Z M app/src/main/java/com/averycorp/prismtask/ui/screens/today/dailyessentials/cards/RoutineCard.kt 
2026-05-08T01:08:34.8939028Z ##[endgroup]
2026-05-08T01:08:34.8939358Z Detected 1 changed files
2026-05-08T01:08:34.8943095Z Results:
2026-05-08T01:08:34.8943695Z ##[group]Filter android = true
2026-05-08T01:08:34.8943938Z Matching files:
2026-05-08T01:08:34.8944398Z app/src/main/java/com/averycorp/prismtask/ui/screens/today/dailyessentials/cards/RoutineCard.kt [modified]
2026-05-08T01:08:34.8952324Z ##[endgroup]
2026-05-08T01:08:34.8952726Z Changes output set to ["android"]
2026-05-08T01:08:34.9164109Z Prepare all required actions
2026-05-08T01:08:34.9164585Z Getting action download info
2026-05-08T01:08:35.1059751Z Download action repository 'actions/setup-java@v4' (SHA:c1e323688fd81a25caa38c78aa6df2d33d3e20d9)
2026-05-08T01:08:36.1237187Z Download action repository 'gradle/actions@v4' (SHA:ed408507eac070d1f99cc633dbcf757c94c7933a)
2026-05-08T01:08:37.7611385Z ##[group]Run ./.github/actions/setup-android
2026-05-08T01:08:37.7611669Z ##[endgroup]
2026-05-08T01:08:37.7756238Z ##[group]Run actions/setup-java@v4
2026-05-08T01:08:37.7756510Z with:
2026-05-08T01:08:37.7757049Z   java-version: 21
2026-05-08T01:08:37.7757247Z   distribution: temurin
2026-05-08T01:08:37.7757457Z   java-package: jdk
2026-05-08T01:08:37.7757651Z   check-latest: false
2026-05-08T01:08:37.7757849Z   server-id: github
2026-05-08T01:08:37.7758036Z   server-username: GITHUB_ACTOR
2026-05-08T01:08:37.7758273Z   server-password: GITHUB_TOKEN
2026-05-08T01:08:37.7758503Z   overwrite-settings: true
2026-05-08T01:08:37.7758763Z   job-status: success
2026-05-08T01:08:37.7759101Z   token: ***
2026-05-08T01:08:37.7759287Z ##[endgroup]
2026-05-08T01:08:37.9809924Z ##[group]Installed distributions
2026-05-08T01:08:37.9880556Z Resolved Java 21.0.10+7 from tool-cache
2026-05-08T01:08:37.9881262Z Setting Java 21.0.10+7 as the default
2026-05-08T01:08:37.9894634Z Creating toolchains.xml for JDK version 21 from temurin
2026-05-08T01:08:37.9974063Z Writing to /home/runner/.m2/toolchains.xml
2026-05-08T01:08:37.9974596Z 
2026-05-08T01:08:37.9975030Z Java configuration:
2026-05-08T01:08:37.9975850Z   Distribution: temurin
2026-05-08T01:08:37.9976781Z   Version: 21.0.10+7
2026-05-08T01:08:37.9979114Z   Path: /opt/hostedtoolcache/Java_Temurin-Hotspot_jdk/21.0.10-7/x64
2026-05-08T01:08:37.9979995Z 
2026-05-08T01:08:37.9980834Z ##[endgroup]
2026-05-08T01:08:37.9997510Z Creating settings.xml with server-id: github
2026-05-08T01:08:38.0002762Z Writing to /home/runner/.m2/settings.xml
2026-05-08T01:08:38.0193659Z ##[group]Run gradle/actions/setup-gradle@v4
2026-05-08T01:08:38.0193932Z with:
2026-05-08T01:08:38.0194102Z   cache-disabled: false
2026-05-08T01:08:38.0194321Z   cache-read-only: false
2026-05-08T01:08:38.0194529Z   cache-write-only: false
2026-05-08T01:08:38.0194745Z   cache-overwrite-existing: false
2026-05-08T01:08:38.0194987Z   cache-cleanup: on-success
2026-05-08T01:08:38.0195243Z   gradle-home-cache-includes: caches
notifications

2026-05-08T01:08:38.0195543Z   add-job-summary: always
2026-05-08T01:08:38.0195774Z   add-job-summary-as-pr-comment: never
2026-05-08T01:08:38.0196042Z   dependency-graph: disabled
2026-05-08T01:08:38.0196331Z   dependency-graph-report-dir: dependency-graph-reports
2026-05-08T01:08:38.0197009Z   dependency-graph-continue-on-failure: true
2026-05-08T01:08:38.0197303Z   build-scan-publish: false
2026-05-08T01:08:38.0197524Z   validate-wrappers: true
2026-05-08T01:08:38.0197746Z   allow-snapshot-wrappers: false
2026-05-08T01:08:38.0197999Z   gradle-home-cache-strict-match: false
2026-05-08T01:08:38.0198270Z   workflow-job-context: null
2026-05-08T01:08:38.0198625Z   github-token: ***
2026-05-08T01:08:38.0198820Z env:
2026-05-08T01:08:38.0199111Z   JAVA_HOME: /opt/hostedtoolcache/Java_Temurin-Hotspot_jdk/21.0.10-7/x64
2026-05-08T01:08:38.0199578Z   JAVA_HOME_21_X64: /opt/hostedtoolcache/Java_Temurin-Hotspot_jdk/21.0.10-7/x64
2026-05-08T01:08:38.0199936Z ##[endgroup]
2026-05-08T01:08:38.4652040Z Merged default JDK locations into /home/runner/.m2/toolchains.xml
2026-05-08T01:08:38.4653957Z Preparing cache for cleanup.
2026-05-08T01:08:38.4658627Z ##[group]Restore Gradle state from cache
2026-05-08T01:08:38.7051336Z Cache hit for restore-key: gradle-home-v1|Linux-X64|lint-and-test[5df42585ae8f8da228c604b8b4e8707c]-5c204dc3f94842f5961d224b89821d59b86398de
2026-05-08T01:08:39.9524381Z Received 8388608 of 301893533 (2.8%), 8.0 MBs/sec
2026-05-08T01:08:40.9531063Z Received 134217728 of 301893533 (44.5%), 64.0 MBs/sec
2026-05-08T01:08:41.9547446Z Received 281018368 of 301893533 (93.1%), 89.3 MBs/sec
2026-05-08T01:08:42.0140572Z Received 301893533 of 301893533 (100.0%), 94.1 MBs/sec
2026-05-08T01:08:42.0144703Z Cache Size: ~288 MB (301893533 B)
2026-05-08T01:08:42.0190539Z [command]/usr/bin/tar -xf /home/runner/work/_temp/a4bf5528-1ef5-4da4-9d95-53c8e4af6348/cache.tzst -P -C /home/runner/work/prismTask/prismTask --use-compress-program unzstd
2026-05-08T01:08:42.6943070Z Cache restored successfully
2026-05-08T01:08:42.7081570Z Restored cache entry with key gradle-home-v1|Linux-X64|lint-and-test[5df42585ae8f8da228c604b8b4e8707c]-5cd9fb0a64ef772f8577a34634ac61d95f961bd0 to /home/runner/.gradle/caches,/home/runner/.gradle/notifications,/home/runner/.gradle/.setup-gradle in 4241ms
2026-05-08T01:08:42.9189491Z Cache hit for: gradle-instrumented-jars-v1-6d85bc4cd7de44dd2ba9bf6c8806d8ba
2026-05-08T01:08:42.9247283Z Cache hit for: gradle-kotlin-dsl-v1-3e398cf6fe686cf586809bb51edbf0ac
2026-05-08T01:08:42.9333455Z Cache hit for: gradle-wrapper-zips-v1-8c0de4c6bda6041d6e054bf825a89c98
2026-05-08T01:08:42.9418024Z Cache hit for: gradle-dependencies-v1-50d4b7556e9e21e5cf1ac6f750245c42
2026-05-08T01:08:42.9540879Z Cache hit for: gradle-generated-gradle-jars-v1-cb4b032a7d08b9bf1e84e9eacaebcc29
2026-05-08T01:08:42.9704176Z Cache hit for: gradle-groovy-dsl-v1-fcd038c212cb9ec2fe92803322da1721
2026-05-08T01:08:42.9734953Z Cache hit for: gradle-transforms-v1-cd350a420202d18d73c0edcd41bcd467
2026-05-08T01:08:43.5995185Z Received 64108 of 64108 (100.0%), 0.2 MBs/sec
2026-05-08T01:08:43.5996301Z Cache Size: ~0 MB (64108 B)
2026-05-08T01:08:43.6067359Z Received 114920 of 114920 (100.0%), 0.3 MBs/sec
2026-05-08T01:08:43.6089951Z Cache Size: ~0 MB (114920 B)
2026-05-08T01:08:43.6150269Z [command]/usr/bin/tar -xf /home/runner/work/_temp/eb8428b8-3adb-47f1-a3f2-adc16673947b/cache.tzst -P -C /home/runner/work/prismTask/prismTask --use-compress-program unzstd
2026-05-08T01:08:43.6218859Z Received 543541 of 543541 (100.0%), 1.2 MBs/sec
2026-05-08T01:08:43.6219629Z Cache Size: ~1 MB (543541 B)
2026-05-08T01:08:43.6236509Z [command]/usr/bin/tar -xf /home/runner/work/_temp/74d73f3b-29a8-4979-8534-73ac42fa0d99/cache.tzst -P -C /home/runner/work/prismTask/prismTask --use-compress-program unzstd
2026-05-08T01:08:43.6320709Z Cache restored successfully
2026-05-08T01:08:43.6340842Z Restored cache entry with key gradle-instrumented-jars-v1-6d85bc4cd7de44dd2ba9bf6c8806d8ba to /home/runner/.gradle/caches/jars-*/*/ in 922ms
2026-05-08T01:08:43.6370221Z [command]/usr/bin/tar -xf /home/runner/work/_temp/65aba3f2-9b45-4d3a-97da-184b674cc3c1/cache.tzst -P -C /home/runner/work/prismTask/prismTask --use-compress-program unzstd
2026-05-08T01:08:43.6715134Z Cache restored successfully
2026-05-08T01:08:43.6719311Z Restored cache entry with key gradle-groovy-dsl-v1-fcd038c212cb9ec2fe92803322da1721 to /home/runner/.gradle/caches/*/groovy-dsl/*/ in 960ms
2026-05-08T01:08:43.8953624Z Cache restored successfully
2026-05-08T01:08:43.8957098Z Restored cache entry with key gradle-kotlin-dsl-v1-3e398cf6fe686cf586809bb51edbf0ac to /home/runner/.gradle/caches/*/kotlin-dsl/accessors/*/,/home/runner/.gradle/caches/*/kotlin-dsl/scripts/*/ in 1184ms
2026-05-08T01:08:44.1638400Z Received 8388608 of 136352669 (6.2%), 8.0 MBs/sec
2026-05-08T01:08:44.1823104Z Received 8388608 of 41993404 (20.0%), 8.0 MBs/sec
2026-05-08T01:08:44.2044018Z Received 12582912 of 490433746 (2.6%), 12.0 MBs/sec
2026-05-08T01:08:44.2221567Z Received 20971520 of 843819480 (2.5%), 19.9 MBs/sec
2026-05-08T01:08:44.5342360Z Received 41993404 of 41993404 (100.0%), 29.5 MBs/sec
2026-05-08T01:08:44.5346390Z Cache Size: ~40 MB (41993404 B)
2026-05-08T01:08:44.6336141Z [command]/usr/bin/tar -xf /home/runner/work/_temp/76753ca3-a842-4987-a023-541fa855e9e2/cache.tzst -P -C /home/runner/work/prismTask/prismTask --use-compress-program unzstd
2026-05-08T01:08:45.0691531Z Cache restored successfully
2026-05-08T01:08:45.0778628Z Restored cache entry with key gradle-generated-gradle-jars-v1-cb4b032a7d08b9bf1e84e9eacaebcc29 to /home/runner/.gradle/caches/9.3.1/generated-gradle-jars/gradle-api-9.3.1.jar in 2366ms
2026-05-08T01:08:45.1599643Z Received 117440512 of 136352669 (86.1%), 55.9 MBs/sec
2026-05-08T01:08:45.2066508Z Received 121634816 of 490433746 (24.8%), 57.9 MBs/sec
2026-05-08T01:08:45.2251941Z Received 134217728 of 843819480 (15.9%), 63.8 MBs/sec
2026-05-08T01:08:45.5000403Z Received 136352669 of 136352669 (100.0%), 55.5 MBs/sec
2026-05-08T01:08:45.5003476Z Cache Size: ~130 MB (136352669 B)
2026-05-08T01:08:45.5462943Z [command]/usr/bin/tar -xf /home/runner/work/_temp/e67d9ae9-9abc-41c1-b342-e56d2c5524ed/cache.tzst -P -C /home/runner/work/prismTask/prismTask --use-compress-program unzstd
2026-05-08T01:08:45.8592072Z Cache restored successfully
2026-05-08T01:08:45.8725758Z Restored cache entry with key gradle-wrapper-zips-v1-8c0de4c6bda6041d6e054bf825a89c98 to /home/runner/.gradle/wrapper/dists/gradle-9.3.1-bin/23ovyewtku6u96viwx3xl3oks in 3160ms
2026-05-08T01:08:46.2145915Z Received 251658240 of 490433746 (51.3%), 79.7 MBs/sec
2026-05-08T01:08:46.2597784Z Received 268435456 of 843819480 (31.8%), 84.3 MBs/sec
2026-05-08T01:08:47.2142592Z Received 402653184 of 490433746 (82.1%), 95.7 MBs/sec
2026-05-08T01:08:47.2562075Z Received 436207616 of 843819480 (51.7%), 103.0 MBs/sec
2026-05-08T01:08:47.6451340Z Received 490433746 of 490433746 (100.0%), 105.3 MBs/sec
2026-05-08T01:08:47.6455002Z Cache Size: ~468 MB (490433746 B)
2026-05-08T01:08:47.7090062Z [command]/usr/bin/tar -xf /home/runner/work/_temp/793fbd63-5ce5-4dcc-b85e-5da07c787e8b/cache.tzst -P -C /home/runner/work/prismTask/prismTask --use-compress-program unzstd
2026-05-08T01:08:48.2565170Z Received 603979776 of 843819480 (71.6%), 114.3 MBs/sec
2026-05-08T01:08:49.2567836Z Received 792723456 of 843819480 (93.9%), 125.2 MBs/sec
2026-05-08T01:08:50.0667953Z Received 843819480 of 843819480 (100.0%), 117.5 MBs/sec
2026-05-08T01:08:50.0676834Z Cache Size: ~805 MB (843819480 B)
2026-05-08T01:08:50.0738201Z [command]/usr/bin/tar -xf /home/runner/work/_temp/c5796c3e-e09c-489a-bee4-18f33e20941d/cache.tzst -P -C /home/runner/work/prismTask/prismTask --use-compress-program unzstd
2026-05-08T01:08:53.0892558Z Cache restored successfully
2026-05-08T01:08:53.1349901Z Restored cache entry with key gradle-dependencies-v1-50d4b7556e9e21e5cf1ac6f750245c42 to /home/runner/.gradle/caches/modules-*/files-*/*/*/*/* in 10424ms
2026-05-08T01:08:55.5827675Z Cache restored successfully
2026-05-08T01:08:55.6038458Z Restored cache entry with key gradle-transforms-v1-cd350a420202d18d73c0edcd41bcd467 to /home/runner/.gradle/caches/transforms-4/*/,/home/runner/.gradle/caches/*/transforms/*/ in 12892ms
2026-05-08T01:08:55.6327380Z ##[endgroup]
2026-05-08T01:08:55.6803598Z ##[group]All Gradle Wrapper jars are valid
2026-05-08T01:08:55.6805086Z ✓ Found known Gradle Wrapper JAR files:
2026-05-08T01:08:55.6805981Z   b3a875ddc1f044746e1b1a55f645584505f4a10438c1afea9f15e92a7c42ec13 gradle/wrapper/gradle-wrapper.jar
2026-05-08T01:08:55.6807339Z ##[endgroup]
2026-05-08T01:08:55.8306118Z ##[group]Run chmod +x gradlew
2026-05-08T01:08:55.8306857Z [36;1mchmod +x gradlew[0m
2026-05-08T01:08:55.8333680Z shell: /usr/bin/bash --noprofile --norc -e -o pipefail {0}
2026-05-08T01:08:55.8334127Z env:
2026-05-08T01:08:55.8334506Z   JAVA_HOME: /opt/hostedtoolcache/Java_Temurin-Hotspot_jdk/21.0.10-7/x64
2026-05-08T01:08:55.8335145Z   JAVA_HOME_21_X64: /opt/hostedtoolcache/Java_Temurin-Hotspot_jdk/21.0.10-7/x64
2026-05-08T01:08:55.8335681Z   GRADLE_ACTION_ID: gradle/actions/setup-gradle
2026-05-08T01:08:55.8336063Z   GRADLE_USER_HOME: /home/runner/.gradle
2026-05-08T01:08:55.8336418Z   GRADLE_BUILD_ACTION_SETUP_COMPLETED: true
2026-05-08T01:08:55.8337212Z   GRADLE_BUILD_ACTION_CACHE_RESTORED: true
2026-05-08T01:08:55.8337767Z   DEVELOCITY_INJECTION_INIT_SCRIPT_NAME: gradle-actions.inject-develocity.init.gradle
2026-05-08T01:08:55.8338349Z   DEVELOCITY_INJECTION_CUSTOM_VALUE: gradle-actions
2026-05-08T01:08:55.8338750Z   GITHUB_DEPENDENCY_GRAPH_ENABLED: false
2026-05-08T01:08:55.8339086Z ##[endgroup]
2026-05-08T01:08:56.2932981Z ##[group]Run actions/cache@v5
2026-05-08T01:08:56.2949936Z with:
2026-05-08T01:08:56.2950211Z   path: app/build
2026-05-08T01:08:56.2950711Z   key: app-build-Linux-00842be157e684b0a57b9e23d99b9eb8ec4a1a5fb7e0e82c96656886523001fc
2026-05-08T01:08:56.2951581Z   restore-keys: app-build-Linux-

2026-05-08T01:08:56.2951921Z   enableCrossOsArchive: false
2026-05-08T01:08:56.2952229Z   fail-on-cache-miss: false
2026-05-08T01:08:56.2952517Z   lookup-only: false
2026-05-08T01:08:56.2952783Z   save-always: false
2026-05-08T01:08:56.2953029Z env:
2026-05-08T01:08:56.2953393Z   JAVA_HOME: /opt/hostedtoolcache/Java_Temurin-Hotspot_jdk/21.0.10-7/x64
2026-05-08T01:08:56.2953988Z   JAVA_HOME_21_X64: /opt/hostedtoolcache/Java_Temurin-Hotspot_jdk/21.0.10-7/x64
2026-05-08T01:08:56.2954485Z   GRADLE_ACTION_ID: gradle/actions/setup-gradle
2026-05-08T01:08:56.2954859Z   GRADLE_USER_HOME: /home/runner/.gradle
2026-05-08T01:08:56.2955215Z   GRADLE_BUILD_ACTION_SETUP_COMPLETED: true
2026-05-08T01:08:56.2955623Z   GRADLE_BUILD_ACTION_CACHE_RESTORED: true
2026-05-08T01:08:56.2956148Z   DEVELOCITY_INJECTION_INIT_SCRIPT_NAME: gradle-actions.inject-develocity.init.gradle
2026-05-08T01:08:56.2957109Z   DEVELOCITY_INJECTION_CUSTOM_VALUE: gradle-actions
2026-05-08T01:08:56.2957518Z   GITHUB_DEPENDENCY_GRAPH_ENABLED: false
2026-05-08T01:08:56.2957846Z ##[endgroup]
2026-05-08T01:08:56.6549537Z Cache hit for: app-build-Linux-00842be157e684b0a57b9e23d99b9eb8ec4a1a5fb7e0e82c96656886523001fc
2026-05-08T01:08:57.8859082Z Received 25165824 of 178771566 (14.1%), 24.0 MBs/sec
2026-05-08T01:08:58.8872228Z Received 159383552 of 178771566 (89.2%), 76.0 MBs/sec
2026-05-08T01:08:59.0285725Z Received 178771566 of 178771566 (100.0%), 79.6 MBs/sec
2026-05-08T01:08:59.0288598Z Cache Size: ~170 MB (178771566 B)
2026-05-08T01:08:59.0335530Z [command]/usr/bin/tar -xf /home/runner/work/_temp/4ff61b19-bcea-4dc2-ab7b-f4b1de1d6bac/cache.tzst -P -C /home/runner/work/prismTask/prismTask --use-compress-program unzstd
2026-05-08T01:09:01.3842581Z Cache restored successfully
2026-05-08T01:09:01.4006381Z Cache restored from key: app-build-Linux-00842be157e684b0a57b9e23d99b9eb8ec4a1a5fb7e0e82c96656886523001fc
2026-05-08T01:09:01.4143837Z ##[group]Run ./gradlew ktlintCheck --continue
2026-05-08T01:09:01.4144303Z [36;1m./gradlew ktlintCheck --continue[0m
2026-05-08T01:09:01.4167347Z shell: /usr/bin/bash -e {0}
2026-05-08T01:09:01.4167644Z env:
2026-05-08T01:09:01.4168052Z   JAVA_HOME: /opt/hostedtoolcache/Java_Temurin-Hotspot_jdk/21.0.10-7/x64
2026-05-08T01:09:01.4168639Z   JAVA_HOME_21_X64: /opt/hostedtoolcache/Java_Temurin-Hotspot_jdk/21.0.10-7/x64
2026-05-08T01:09:01.4169141Z   GRADLE_ACTION_ID: gradle/actions/setup-gradle
2026-05-08T01:09:01.4169516Z   GRADLE_USER_HOME: /home/runner/.gradle
2026-05-08T01:09:01.4169865Z   GRADLE_BUILD_ACTION_SETUP_COMPLETED: true
2026-05-08T01:09:01.4170214Z   GRADLE_BUILD_ACTION_CACHE_RESTORED: true
2026-05-08T01:09:01.4170727Z   DEVELOCITY_INJECTION_INIT_SCRIPT_NAME: gradle-actions.inject-develocity.init.gradle
2026-05-08T01:09:01.4171282Z   DEVELOCITY_INJECTION_CUSTOM_VALUE: gradle-actions
2026-05-08T01:09:01.4171660Z   GITHUB_DEPENDENCY_GRAPH_ENABLED: false
2026-05-08T01:09:01.4172022Z ##[endgroup]
2026-05-08T01:09:03.2689124Z Starting a Gradle Daemon (subsequent builds will be faster)
2026-05-08T01:09:05.6718168Z Configuration on demand is an incubating feature.
2026-05-08T01:09:12.1685205Z 
2026-05-08T01:09:12.1727857Z > Configure project :app
2026-05-08T01:09:12.1739132Z WARNING: The option setting 'android.builtInKotlin=false' is deprecated.
2026-05-08T01:09:12.1745721Z The current default is 'true'.
2026-05-08T01:09:12.1746980Z It will be removed in version 10.0 of the Android Gradle plugin.
2026-05-08T01:09:12.1748164Z WARNING: The option setting 'android.newDsl=false' is deprecated.
2026-05-08T01:09:12.1749867Z The current default is 'true'.
2026-05-08T01:09:12.1750862Z It will be removed in version 10.0 of the Android Gradle plugin.
2026-05-08T01:09:12.1752420Z WARNING: The option setting 'android.dependency.excludeLibraryComponentsFromConstraints=true' is deprecated.
2026-05-08T01:09:12.1753815Z The current default is 'false'.
2026-05-08T01:09:12.1754805Z It will be removed in version 10.0 of the Android Gradle plugin.
2026-05-08T01:09:12.1755925Z Following can be set instead to achieve a similar behaviour.
2026-05-08T01:09:12.1757739Z     android.dependency.useConstraints=false
2026-05-08T01:09:13.9698307Z w: ⚠️ Deprecated 'org.jetbrains.kotlin.android' plugin usage
2026-05-08T01:09:13.9701243Z The 'org.jetbrains.kotlin.android' plugin in project ':app' is no longer required for Kotlin support since AGP 9.0.
2026-05-08T01:09:13.9703156Z Solution: Remove both `android.builtInKotlin=true` and `android.newDsl=false` from `gradle.properties`, then migrate to built-in Kotlin.
2026-05-08T01:09:13.9704719Z See https://kotl.in/gradle/agp-built-in-kotlin for more details.
2026-05-08T01:09:13.9714088Z 
2026-05-08T01:09:14.5688271Z 
2026-05-08T01:09:14.5699576Z > Task :app:loadKtlintReporters FROM-CACHE
2026-05-08T01:09:14.5707825Z > Task :app:runKtlintCheckOverAndroidTestDebugSourceSet NO-SOURCE
2026-05-08T01:09:14.5709149Z > Task :app:ktlintAndroidTestDebugSourceSetCheck SKIPPED
2026-05-08T01:09:14.5710392Z > Task :app:runKtlintCheckOverAndroidTestReleaseSourceSet NO-SOURCE
2026-05-08T01:09:14.5711641Z > Task :app:ktlintAndroidTestReleaseSourceSetCheck SKIPPED
2026-05-08T01:09:14.5712794Z > Task :app:runKtlintCheckOverAndroidTestSourceSet FROM-CACHE
2026-05-08T01:09:14.5713912Z > Task :app:ktlintAndroidTestSourceSetCheck FROM-CACHE
2026-05-08T01:09:14.6696735Z > Task :app:runKtlintCheckOverDebugSourceSet FROM-CACHE
2026-05-08T01:09:14.6697865Z > Task :app:ktlintDebugSourceSetCheck FROM-CACHE
2026-05-08T01:09:14.6698905Z > Task :app:runKtlintCheckOverKotlinScripts FROM-CACHE
2026-05-08T01:09:14.6700047Z > Task :app:ktlintKotlinScriptCheck FROM-CACHE
2026-05-08T01:09:15.0740280Z > Task :app:runKtlintCheckOverReleaseSourceSet FROM-CACHE
2026-05-08T01:09:15.0755746Z > Task :app:ktlintReleaseSourceSetCheck FROM-CACHE
2026-05-08T01:09:15.0822922Z > Task :app:runKtlintCheckOverTestDebugSourceSet NO-SOURCE
2026-05-08T01:09:15.0857371Z > Task :app:ktlintTestDebugSourceSetCheck SKIPPED
2026-05-08T01:09:15.0862371Z > Task :app:runKtlintCheckOverTestFixturesDebugSourceSet NO-SOURCE
2026-05-08T01:09:15.0889756Z > Task :app:ktlintTestFixturesDebugSourceSetCheck SKIPPED
2026-05-08T01:09:15.0905236Z > Task :app:runKtlintCheckOverTestFixturesReleaseSourceSet NO-SOURCE
2026-05-08T01:09:15.0937294Z > Task :app:ktlintTestFixturesReleaseSourceSetCheck SKIPPED
2026-05-08T01:09:15.0938444Z > Task :app:runKtlintCheckOverTestFixturesSourceSet NO-SOURCE
2026-05-08T01:09:15.0958208Z > Task :app:ktlintTestFixturesSourceSetCheck SKIPPED
2026-05-08T01:09:15.0959255Z > Task :app:runKtlintCheckOverTestReleaseSourceSet NO-SOURCE
2026-05-08T01:09:15.0960236Z > Task :app:ktlintTestReleaseSourceSetCheck SKIPPED
2026-05-08T01:09:15.1700044Z > Task :app:runKtlintCheckOverTestSourceSet FROM-CACHE
2026-05-08T01:09:15.1701309Z > Task :app:ktlintTestSourceSetCheck FROM-CACHE
2026-05-08T01:09:40.3681925Z > Task :app:runKtlintCheckOverMainSourceSet
2026-05-08T01:09:40.3696933Z > Task :app:ktlintMainSourceSetCheck FROM-CACHE
2026-05-08T01:09:40.3697851Z > Task :app:ktlintCheck UP-TO-DATE
2026-05-08T01:09:40.3699050Z gradle/actions: Writing build results to /home/runner/work/_temp/.gradle-actions/build-results/__run_2-1778202547358.json
2026-05-08T01:09:40.3699771Z 
2026-05-08T01:09:40.3700257Z [Incubating] Problems report is available at: file:///home/runner/work/prismTask/prismTask/build/reports/problems/problems-report.html
2026-05-08T01:09:40.3700806Z 
2026-05-08T01:09:40.3701091Z Deprecated Gradle features were used in this build, making it incompatible with Gradle 10.
2026-05-08T01:09:40.3701464Z 
2026-05-08T01:09:40.3701900Z You can use '--warning-mode all' to show the individual deprecation warnings and determine if they come from your own scripts or plugins.
2026-05-08T01:09:40.3702423Z 
2026-05-08T01:09:40.3702939Z For more on this, please refer to https://docs.gradle.org/9.3.1/userguide/command_line_interface.html#sec:command_line_warnings in the Gradle documentation.
2026-05-08T01:09:40.3703535Z 
2026-05-08T01:09:40.3703695Z BUILD SUCCESSFUL in 38s
2026-05-08T01:09:40.3703985Z 13 actionable tasks: 1 executed, 12 from cache
2026-05-08T01:09:40.7774152Z ##[group]Run ./gradlew detekt --continue
2026-05-08T01:09:40.7774564Z [36;1m./gradlew detekt --continue[0m
2026-05-08T01:09:40.7796070Z shell: /usr/bin/bash -e {0}
2026-05-08T01:09:40.7796354Z env:
2026-05-08T01:09:40.7796989Z   JAVA_HOME: /opt/hostedtoolcache/Java_Temurin-Hotspot_jdk/21.0.10-7/x64
2026-05-08T01:09:40.7797576Z   JAVA_HOME_21_X64: /opt/hostedtoolcache/Java_Temurin-Hotspot_jdk/21.0.10-7/x64
2026-05-08T01:09:40.7798070Z   GRADLE_ACTION_ID: gradle/actions/setup-gradle
2026-05-08T01:09:40.7798427Z   GRADLE_USER_HOME: /home/runner/.gradle
2026-05-08T01:09:40.7798769Z   GRADLE_BUILD_ACTION_SETUP_COMPLETED: true
2026-05-08T01:09:40.7799107Z   GRADLE_BUILD_ACTION_CACHE_RESTORED: true
2026-05-08T01:09:40.7799615Z   DEVELOCITY_INJECTION_INIT_SCRIPT_NAME: gradle-actions.inject-develocity.init.gradle
2026-05-08T01:09:40.7800173Z   DEVELOCITY_INJECTION_CUSTOM_VALUE: gradle-actions
2026-05-08T01:09:40.7800544Z   GITHUB_DEPENDENCY_GRAPH_ENABLED: false
2026-05-08T01:09:40.7800897Z ##[endgroup]
2026-05-08T01:09:41.5653517Z Configuration on demand is an incubating feature.
2026-05-08T01:09:41.9620336Z 
2026-05-08T01:09:41.9644979Z > Configure project :app
2026-05-08T01:09:41.9670436Z WARNING: The option setting 'android.builtInKotlin=false' is deprecated.
2026-05-08T01:09:41.9711334Z The current default is 'true'.
2026-05-08T01:09:41.9712195Z It will be removed in version 10.0 of the Android Gradle plugin.
2026-05-08T01:09:41.9713162Z WARNING: The option setting 'android.newDsl=false' is deprecated.
2026-05-08T01:09:41.9713974Z The current default is 'true'.
2026-05-08T01:09:41.9714732Z It will be removed in version 10.0 of the Android Gradle plugin.
2026-05-08T01:09:41.9716013Z WARNING: The option setting 'android.dependency.excludeLibraryComponentsFromConstraints=true' is deprecated.
2026-05-08T01:09:41.9718720Z The current default is 'false'.
2026-05-08T01:09:41.9749179Z It will be removed in version 10.0 of the Android Gradle plugin.
2026-05-08T01:09:41.9750310Z Following can be set instead to achieve a similar behaviour.
2026-05-08T01:09:41.9751192Z     android.dependency.useConstraints=false
2026-05-08T01:09:41.9752419Z w: ⚠️ Deprecated 'org.jetbrains.kotlin.android' plugin usage
2026-05-08T01:09:41.9753739Z The 'org.jetbrains.kotlin.android' plugin in project ':app' is no longer required for Kotlin support since AGP 9.0.
2026-05-08T01:09:41.9755565Z Solution: Remove both `android.builtInKotlin=true` and `android.newDsl=false` from `gradle.properties`, then migrate to built-in Kotlin.
2026-05-08T01:09:41.9757349Z See https://kotl.in/gradle/agp-built-in-kotlin for more details.
2026-05-08T01:09:41.9758054Z 
2026-05-08T01:09:43.1641780Z 
2026-05-08T01:09:43.1658737Z > Task :detekt-rules:checkKotlinGradlePluginConfigurationErrors SKIPPED
2026-05-08T01:09:43.2628055Z > Task :detekt-rules:compileKotlin FROM-CACHE
2026-05-08T01:09:43.2647768Z > Task :detekt-rules:compileJava NO-SOURCE
2026-05-08T01:09:43.2697476Z > Task :detekt-rules:processResources
2026-05-08T01:09:43.2698159Z > Task :detekt-rules:classes
2026-05-08T01:09:43.3622605Z > Task :detekt-rules:jar
2026-05-08T01:10:13.2637780Z > Task :app:detekt
2026-05-08T01:10:33.4621554Z gradle/actions: Writing build results to /home/runner/work/_temp/.gradle-actions/build-results/__run_3-1778202581484.json
2026-05-08T01:10:33.4622481Z 
2026-05-08T01:10:33.4639985Z [Incubating] Problems report is available at: file:///home/runner/work/prismTask/prismTask/build/reports/problems/problems-report.html
2026-05-08T01:10:33.4641041Z 
2026-05-08T01:10:33.4641574Z Deprecated Gradle features were used in this build, making it incompatible with Gradle 10.
2026-05-08T01:10:33.4647193Z 
2026-05-08T01:10:33.4648200Z You can use '--warning-mode all' to show the individual deprecation warnings and determine if they come from your own scripts or plugins.
2026-05-08T01:10:33.4649653Z 
2026-05-08T01:10:33.4651254Z For more on this, please refer to https://docs.gradle.org/9.3.1/userguide/command_line_interface.html#sec:command_line_warnings in the Gradle documentation.
2026-05-08T01:10:33.4652796Z 
2026-05-08T01:10:33.4653001Z BUILD SUCCESSFUL in 52s
2026-05-08T01:10:33.4653518Z 4 actionable tasks: 3 executed, 1 from cache
2026-05-08T01:10:33.4914496Z ##[group]Run ./gradlew lint --continue
2026-05-08T01:10:33.4914883Z [36;1m./gradlew lint --continue[0m
2026-05-08T01:10:33.4937471Z shell: /usr/bin/bash -e {0}
2026-05-08T01:10:33.4937750Z env:
2026-05-08T01:10:33.4938091Z   JAVA_HOME: /opt/hostedtoolcache/Java_Temurin-Hotspot_jdk/21.0.10-7/x64
2026-05-08T01:10:33.4938628Z   JAVA_HOME_21_X64: /opt/hostedtoolcache/Java_Temurin-Hotspot_jdk/21.0.10-7/x64
2026-05-08T01:10:33.4939110Z   GRADLE_ACTION_ID: gradle/actions/setup-gradle
2026-05-08T01:10:33.4939457Z   GRADLE_USER_HOME: /home/runner/.gradle
2026-05-08T01:10:33.4939782Z   GRADLE_BUILD_ACTION_SETUP_COMPLETED: true
2026-05-08T01:10:33.4940097Z   GRADLE_BUILD_ACTION_CACHE_RESTORED: true
2026-05-08T01:10:33.4940567Z   DEVELOCITY_INJECTION_INIT_SCRIPT_NAME: gradle-actions.inject-develocity.init.gradle
2026-05-08T01:10:33.4941089Z   DEVELOCITY_INJECTION_CUSTOM_VALUE: gradle-actions
2026-05-08T01:10:33.4941433Z   GITHUB_DEPENDENCY_GRAPH_ENABLED: false
2026-05-08T01:10:33.4941771Z ##[endgroup]
2026-05-08T01:10:34.2897757Z Configuration on demand is an incubating feature.
2026-05-08T01:10:34.6847532Z 
2026-05-08T01:10:34.6864294Z > Configure project :app
2026-05-08T01:10:34.6865341Z WARNING: The option setting 'android.builtInKotlin=false' is deprecated.
2026-05-08T01:10:34.6866299Z The current default is 'true'.
2026-05-08T01:10:34.6867401Z It will be removed in version 10.0 of the Android Gradle plugin.
2026-05-08T01:10:34.6868591Z WARNING: The option setting 'android.newDsl=false' is deprecated.
2026-05-08T01:10:34.6869630Z The current default is 'true'.
2026-05-08T01:10:34.6930994Z It will be removed in version 10.0 of the Android Gradle plugin.
2026-05-08T01:10:34.6933069Z WARNING: The option setting 'android.dependency.excludeLibraryComponentsFromConstraints=true' is deprecated.
2026-05-08T01:10:34.6947813Z The current default is 'false'.
2026-05-08T01:10:34.6948968Z It will be removed in version 10.0 of the Android Gradle plugin.
2026-05-08T01:10:34.6962772Z Following can be set instead to achieve a similar behaviour.
2026-05-08T01:10:34.6963794Z     android.dependency.useConstraints=false
2026-05-08T01:10:34.6964997Z w: ⚠️ Deprecated 'org.jetbrains.kotlin.android' plugin usage
2026-05-08T01:10:34.6966522Z The 'org.jetbrains.kotlin.android' plugin in project ':app' is no longer required for Kotlin support since AGP 9.0.
2026-05-08T01:10:34.6969939Z Solution: Remove both `android.builtInKotlin=true` and `android.newDsl=false` from `gradle.properties`, then migrate to built-in Kotlin.
2026-05-08T01:10:34.6971694Z See https://kotl.in/gradle/agp-built-in-kotlin for more details.
2026-05-08T01:10:34.6972794Z 
2026-05-08T01:10:35.5862591Z 
2026-05-08T01:10:35.5878059Z > Task :app:checkKotlinGradlePluginConfigurationErrors SKIPPED
2026-05-08T01:10:35.5879492Z > Task :app:preBuild UP-TO-DATE
2026-05-08T01:10:35.5881075Z > Task :app:preDebugBuild UP-TO-DATE
2026-05-08T01:10:35.5882841Z > Task :app:generateDebugBuildConfig FROM-CACHE
2026-05-08T01:10:35.5901767Z > Task :app:generateDebugResValues FROM-CACHE
2026-05-08T01:10:35.5903137Z > Task :app:generateDebugResources FROM-CACHE
2026-05-08T01:10:35.5904647Z > Task :app:injectCrashlyticsMappingFileIdDebug
2026-05-08T01:10:35.6848819Z > Task :app:processDebugGoogleServices FROM-CACHE
2026-05-08T01:10:35.6851832Z > Task :app:packageDebugResources FROM-CACHE
2026-05-08T01:10:36.3849639Z > Task :app:processDebugNavigationResources FROM-CACHE
2026-05-08T01:10:36.6858267Z > Task :app:parseDebugLocalResources FROM-CACHE
2026-05-08T01:10:36.6859385Z > Task :app:generateDebugRFile FROM-CACHE
2026-05-08T01:10:37.6849183Z > Task :app:javaPreCompileDebug FROM-CACHE
2026-05-08T01:10:37.7858073Z > Task :app:mapDebugSourceSetPaths
2026-05-08T01:10:37.7872029Z > Task :app:compileDebugNavigationResources FROM-CACHE
2026-05-08T01:10:37.8855854Z > Task :app:checkDebugAarMetadata
2026-05-08T01:10:38.1888118Z > Task :app:mergeDebugResources FROM-CACHE
2026-05-08T01:10:38.1918733Z > Task :app:createDebugCompatibleScreenManifests
2026-05-08T01:10:38.1932630Z > Task :app:extractDeepLinksDebug FROM-CACHE
2026-05-08T01:10:38.3855685Z > Task :app:processDebugMainManifest FROM-CACHE
2026-05-08T01:10:38.3947559Z > Task :app:processDebugManifest FROM-CACHE
2026-05-08T01:10:38.4007225Z > Task :app:processDebugManifestForPackage FROM-CACHE
2026-05-08T01:10:38.6857955Z > Task :app:processDebugResources FROM-CACHE
2026-05-08T01:10:38.6863860Z > Task :app:preDebugAndroidTestBuild SKIPPED
2026-05-08T01:10:38.6864844Z > Task :app:generateDebugAndroidTestResValues FROM-CACHE
2026-05-08T01:10:38.7847727Z > Task :app:extractProguardFiles
2026-05-08T01:10:38.7851457Z > Task :app:preDebugUnitTestBuild UP-TO-DATE
2026-05-08T01:11:06.6848955Z > Task :app:kspDebugKotlin
2026-05-08T01:11:46.1847626Z > Task :app:compileDebugKotlin
2026-05-08T01:12:16.5869168Z e: file:///home/runner/work/prismTask/prismTask/app/src/main/java/com/averycorp/prismtask/ui/screens/today/dailyessentials/cards/RoutineCard.kt:12:43 Cannot access 'val RowColumnParentData?.weight: Float': it is internal in file.
2026-05-08T01:12:16.5871051Z 
2026-05-08T01:12:16.5883399Z 
2026-05-08T01:12:16.5883679Z > Task :app:compileDebugKotlin FAILED
2026-05-08T01:12:16.5884405Z FAILURE: Build failed with an exception.
2026-05-08T01:12:16.5884809Z 
2026-05-08T01:12:16.5884981Z * What went wrong:
2026-05-08T01:12:16.5885518Z Execution failed for task ':app:compileDebugKotlin'.
2026-05-08T01:12:16.5887011Z > A failure occurred while executing org.jetbrains.kotlin.compilerRunner.btapi.BuildToolsApiCompilationWork
2026-05-08T01:12:16.5888196Z    > Compilation error. See log for more details
2026-05-08T01:12:16.5888640Z 
2026-05-08T01:12:16.5888802Z * Try:
2026-05-08T01:12:16.5889314Z > Run with --stacktrace option to get the stack trace.
2026-05-08T01:12:16.5890321Z > Run with --info or --debug option to get more log output.
2026-05-08T01:12:16.5897212Z > Run with --scan to get full insights from a Build Scan (powered by Develocity).
2026-05-08T01:12:16.5898059Z > Get more help at https://help.gradle.org.
2026-05-08T01:12:16.5898459Z 
2026-05-08T01:12:16.5898635Z BUILD FAILED in 1m 43s
2026-05-08T01:12:16.5899524Z gradle/actions: Writing build results to /home/runner/work/_temp/.gradle-actions/build-results/__run_5-1778202634208.json
2026-05-08T01:12:16.5907902Z 
2026-05-08T01:12:16.5908841Z [Incubating] Problems report is available at: file:///home/runner/work/prismTask/prismTask/build/reports/problems/problems-report.html
2026-05-08T01:12:16.5909881Z 
2026-05-08T01:12:16.5927752Z Deprecated Gradle features were used in this build, making it incompatible with Gradle 10.
2026-05-08T01:12:16.5936954Z 
2026-05-08T01:12:16.5953875Z You can use '--warning-mode all' to show the individual deprecation warnings and determine if they come from your own scripts or plugins.
2026-05-08T01:12:16.5954787Z 
2026-05-08T01:12:16.5955694Z For more on this, please refer to https://docs.gradle.org/9.3.1/userguide/command_line_interface.html#sec:command_line_warnings in the Gradle documentation.
2026-05-08T01:12:16.5957385Z 24 actionable tasks: 7 executed, 17 from cache
2026-05-08T01:12:16.7550770Z ##[error]Process completed with exit code 1.
2026-05-08T01:12:16.7601670Z ##[group]Run ./gradlew compileDebugAndroidTestKotlin --continue
2026-05-08T01:12:16.7602232Z [36;1m./gradlew compileDebugAndroidTestKotlin --continue[0m
2026-05-08T01:12:16.7624031Z shell: /usr/bin/bash -e {0}
2026-05-08T01:12:16.7624312Z env:
2026-05-08T01:12:16.7624660Z   JAVA_HOME: /opt/hostedtoolcache/Java_Temurin-Hotspot_jdk/21.0.10-7/x64
2026-05-08T01:12:16.7625236Z   JAVA_HOME_21_X64: /opt/hostedtoolcache/Java_Temurin-Hotspot_jdk/21.0.10-7/x64
2026-05-08T01:12:16.7625724Z   GRADLE_ACTION_ID: gradle/actions/setup-gradle
2026-05-08T01:12:16.7626071Z   GRADLE_USER_HOME: /home/runner/.gradle
2026-05-08T01:12:16.7626398Z   GRADLE_BUILD_ACTION_SETUP_COMPLETED: true
2026-05-08T01:12:16.7627003Z   GRADLE_BUILD_ACTION_CACHE_RESTORED: true
2026-05-08T01:12:16.7627757Z   DEVELOCITY_INJECTION_INIT_SCRIPT_NAME: gradle-actions.inject-develocity.init.gradle
2026-05-08T01:12:16.7628310Z   DEVELOCITY_INJECTION_CUSTOM_VALUE: gradle-actions
2026-05-08T01:12:16.7628730Z   GITHUB_DEPENDENCY_GRAPH_ENABLED: false
2026-05-08T01:12:16.7629048Z ##[endgroup]
2026-05-08T01:12:17.5408215Z Configuration on demand is an incubating feature.
2026-05-08T01:12:18.0355603Z 
2026-05-08T01:12:18.0367367Z > Configure project :app
2026-05-08T01:12:18.0434610Z WARNING: The option setting 'android.builtInKotlin=false' is deprecated.
2026-05-08T01:12:18.0467444Z The current default is 'true'.
2026-05-08T01:12:18.0477580Z It will be removed in version 10.0 of the Android Gradle plugin.
2026-05-08T01:12:18.0500172Z WARNING: The option setting 'android.newDsl=false' is deprecated.
2026-05-08T01:12:18.0517407Z The current default is 'true'.
2026-05-08T01:12:18.0537515Z It will be removed in version 10.0 of the Android Gradle plugin.
2026-05-08T01:12:18.0541068Z WARNING: The option setting 'android.dependency.excludeLibraryComponentsFromConstraints=true' is deprecated.
2026-05-08T01:12:18.0542195Z The current default is 'false'.
2026-05-08T01:12:18.0542842Z It will be removed in version 10.0 of the Android Gradle plugin.
2026-05-08T01:12:18.0543681Z Following can be set instead to achieve a similar behaviour.
2026-05-08T01:12:18.0544392Z     android.dependency.useConstraints=false
2026-05-08T01:12:18.0545523Z w: ⚠️ Deprecated 'org.jetbrains.kotlin.android' plugin usage
2026-05-08T01:12:18.0546935Z The 'org.jetbrains.kotlin.android' plugin in project ':app' is no longer required for Kotlin support since AGP 9.0.
2026-05-08T01:12:18.0558284Z Solution: Remove both `android.builtInKotlin=true` and `android.newDsl=false` from `gradle.properties`, then migrate to built-in Kotlin.
2026-05-08T01:12:18.0559530Z See https://kotl.in/gradle/agp-built-in-kotlin for more details.
2026-05-08T01:12:18.0560031Z 
2026-05-08T01:12:18.2371957Z 
2026-05-08T01:12:18.2377921Z > Task :app:checkKotlinGradlePluginConfigurationErrors SKIPPED
2026-05-08T01:12:18.2386824Z > Task :app:preBuild UP-TO-DATE
2026-05-08T01:12:18.2403231Z > Task :app:preDebugBuild UP-TO-DATE
2026-05-08T01:12:18.2405727Z > Task :app:generateDebugBuildConfig UP-TO-DATE
2026-05-08T01:12:18.2428697Z > Task :app:generateDebugResValues UP-TO-DATE
2026-05-08T01:12:18.2457262Z > Task :app:generateDebugResources UP-TO-DATE
2026-05-08T01:12:18.2467509Z > Task :app:injectCrashlyticsMappingFileIdDebug UP-TO-DATE
2026-05-08T01:12:18.2475428Z > Task :app:processDebugGoogleServices UP-TO-DATE
2026-05-08T01:12:18.2507369Z > Task :app:packageDebugResources UP-TO-DATE
2026-05-08T01:12:18.5368000Z > Task :app:processDebugNavigationResources UP-TO-DATE
2026-05-08T01:12:18.5387810Z > Task :app:parseDebugLocalResources UP-TO-DATE
2026-05-08T01:12:18.5397762Z > Task :app:generateDebugRFile UP-TO-DATE
2026-05-08T01:12:18.6376429Z > Task :app:kspDebugKotlin UP-TO-DATE
2026-05-08T01:12:18.9380120Z > Task :app:javaPreCompileDebug UP-TO-DATE
2026-05-08T01:12:18.9407456Z > Task :app:checkDebugAarMetadata UP-TO-DATE
2026-05-08T01:12:18.9408190Z > Task :app:mapDebugSourceSetPaths UP-TO-DATE
2026-05-08T01:12:18.9408934Z > Task :app:compileDebugNavigationResources UP-TO-DATE
2026-05-08T01:12:18.9410020Z > Task :app:mergeDebugResources UP-TO-DATE
2026-05-08T01:12:18.9410791Z > Task :app:createDebugCompatibleScreenManifests UP-TO-DATE
2026-05-08T01:12:18.9411509Z > Task :app:extractDeepLinksDebug UP-TO-DATE
2026-05-08T01:12:18.9412172Z > Task :app:processDebugMainManifest UP-TO-DATE
2026-05-08T01:12:18.9412823Z > Task :app:processDebugManifest UP-TO-DATE
2026-05-08T01:12:18.9413468Z > Task :app:processDebugManifestForPackage UP-TO-DATE
2026-05-08T01:12:19.0427991Z > Task :app:processDebugResources UP-TO-DATE
2026-05-08T01:12:19.0429269Z > Task :app:preDebugAndroidTestBuild SKIPPED
2026-05-08T01:12:19.3369671Z > Task :app:processDebugAndroidTestManifest
2026-05-08T01:12:19.3448350Z > Task :app:generateDebugAndroidTestBuildConfig FROM-CACHE
2026-05-08T01:12:19.3517720Z > Task :app:generateDebugAndroidTestResValues UP-TO-DATE
2026-05-08T01:12:19.4388140Z > Task :app:generateDebugAndroidTestResources FROM-CACHE
2026-05-08T01:12:19.4407464Z > Task :app:packageDebugAndroidTestResources FROM-CACHE
2026-05-08T01:12:19.4408398Z > Task :app:processDebugAndroidTestNavigationResources FROM-CACHE
2026-05-08T01:12:19.4409335Z > Task :app:parseDebugAndroidTestLocalResources FROM-CACHE
2026-05-08T01:12:19.4410107Z > Task :app:generateDebugAndroidTestRFile FROM-CACHE
2026-05-08T01:12:48.2361014Z 
2026-05-08T01:12:48.2394612Z e: file:///home/runner/work/prismTask/prismTask/app/src/main/java/com/averycorp/prismtask/ui/screens/today/dailyessentials/cards/RoutineCard.kt:12:43 Cannot access 'val RowColumnParentData?.weight: Float': it is internal in file.
2026-05-08T01:12:48.2396517Z > Task :app:compileDebugKotlin FAILED
2026-05-08T01:12:48.2397904Z gradle/actions: Writing build results to /home/runner/work/_temp/.gradle-actions/build-results/__run_6-1778202737489.json
2026-05-08T01:12:48.2398829Z 
2026-05-08T01:12:48.2399686Z [Incubating] Problems report is available at: file:///home/runner/work/prismTask/prismTask/build/reports/problems/problems-report.html
2026-05-08T01:12:48.2400655Z 
2026-05-08T01:12:48.2401378Z Deprecated Gradle features were used in this build, making it incompatible with Gradle 10.
2026-05-08T01:12:48.2402078Z 
2026-05-08T01:12:48.2402863Z You can use '--warning-mode all' to show the individual deprecation warnings and determine if they come from your own scripts or plugins.
2026-05-08T01:12:48.2403940Z 
2026-05-08T01:12:48.2407487Z For more on this, please refer to https://docs.gradle.org/9.3.1/userguide/command_line_interface.html#sec:command_line_warnings in the Gradle documentation.
2026-05-08T01:12:48.2409000Z 30 actionable tasks: 2 executed, 6 from cache, 22 up-to-date
2026-05-08T01:12:48.2427003Z 
2026-05-08T01:12:48.2427896Z FAILURE: Build failed with an exception.
2026-05-08T01:12:48.2429128Z 
2026-05-08T01:12:48.2429567Z * What went wrong:
2026-05-08T01:12:48.2430676Z Execution failed for task ':app:compileDebugKotlin'.
2026-05-08T01:12:48.2431973Z > A failure occurred while executing org.jetbrains.kotlin.compilerRunner.btapi.BuildToolsApiCompilationWork
2026-05-08T01:12:48.2433160Z    > Compilation error. See log for more details
2026-05-08T01:12:48.2433588Z 
2026-05-08T01:12:48.2433752Z * Try:
2026-05-08T01:12:48.2434239Z > Run with --stacktrace option to get the stack trace.
2026-05-08T01:12:48.2434999Z > Run with --info or --debug option to get more log output.
2026-05-08T01:12:48.2435905Z > Run with --scan to get full insights from a Build Scan (powered by Develocity).
2026-05-08T01:12:48.2437049Z > Get more help at https://help.gradle.org.
2026-05-08T01:12:48.2437492Z 
2026-05-08T01:12:48.2437683Z BUILD FAILED in 31s
2026-05-08T01:12:48.3447083Z ##[error]Process completed with exit code 1.
2026-05-08T01:12:48.3481575Z ##[group]Run set -euo pipefail
2026-05-08T01:12:48.3481959Z [36;1mset -euo pipefail[0m
2026-05-08T01:12:48.3482267Z [36;1mVERSION="13-robolectric-9030017-i6"[0m
2026-05-08T01:12:48.3482801Z [36;1mDEP_DIR="$HOME/.m2/repository/org/robolectric/android-all-instrumented/${VERSION}"[0m
2026-05-08T01:12:48.3483552Z [36;1mBASE_URL="https://repo1.maven.org/maven2/org/robolectric/android-all-instrumented/${VERSION}"[0m
2026-05-08T01:12:48.3484177Z [36;1mARTIFACT="android-all-instrumented-${VERSION}"[0m
2026-05-08T01:12:48.3484549Z [36;1mmkdir -p "$DEP_DIR"[0m
2026-05-08T01:12:48.3484881Z [36;1mfor ext in jar pom jar.sha512 pom.sha512; do[0m
2026-05-08T01:12:48.3485225Z [36;1m  file="${ARTIFACT}.${ext}"[0m
2026-05-08T01:12:48.3485544Z [36;1m  if [ -s "$DEP_DIR/$file" ]; then[0m
2026-05-08T01:12:48.3485857Z [36;1m    echo "cached: $file"[0m
2026-05-08T01:12:48.3486135Z [36;1m    continue[0m
2026-05-08T01:12:48.3486372Z [36;1m  fi[0m
2026-05-08T01:12:48.3486985Z [36;1m  curl -fsSL --retry 5 --retry-delay 5 --retry-all-errors \[0m
2026-05-08T01:12:48.3487423Z [36;1m    -o "$DEP_DIR/$file" "$BASE_URL/$file"[0m
2026-05-08T01:12:48.3487839Z [36;1m  echo "fetched: $file ($(stat -c%s "$DEP_DIR/$file") bytes)"[0m
2026-05-08T01:12:48.3488420Z [36;1mdone[0m
2026-05-08T01:12:48.3510405Z shell: /usr/bin/bash --noprofile --norc -e -o pipefail {0}
2026-05-08T01:12:48.3510779Z env:
2026-05-08T01:12:48.3511119Z   JAVA_HOME: /opt/hostedtoolcache/Java_Temurin-Hotspot_jdk/21.0.10-7/x64
2026-05-08T01:12:48.3511650Z   JAVA_HOME_21_X64: /opt/hostedtoolcache/Java_Temurin-Hotspot_jdk/21.0.10-7/x64
2026-05-08T01:12:48.3512113Z   GRADLE_ACTION_ID: gradle/actions/setup-gradle
2026-05-08T01:12:48.3512442Z   GRADLE_USER_HOME: /home/runner/.gradle
2026-05-08T01:12:48.3512770Z   GRADLE_BUILD_ACTION_SETUP_COMPLETED: true
2026-05-08T01:12:48.3513103Z   GRADLE_BUILD_ACTION_CACHE_RESTORED: true
2026-05-08T01:12:48.3513582Z   DEVELOCITY_INJECTION_INIT_SCRIPT_NAME: gradle-actions.inject-develocity.init.gradle
2026-05-08T01:12:48.3514089Z   DEVELOCITY_INJECTION_CUSTOM_VALUE: gradle-actions
2026-05-08T01:12:48.3514434Z   GITHUB_DEPENDENCY_GRAPH_ENABLED: false
2026-05-08T01:12:48.3514726Z ##[endgroup]
2026-05-08T01:12:49.5006861Z fetched: android-all-instrumented-13-robolectric-9030017-i6.jar (162851943 bytes)
2026-05-08T01:12:49.5902044Z fetched: android-all-instrumented-13-robolectric-9030017-i6.pom (1390 bytes)
2026-05-08T01:12:49.6764131Z fetched: android-all-instrumented-13-robolectric-9030017-i6.jar.sha512 (128 bytes)
2026-05-08T01:12:49.7687235Z fetched: android-all-instrumented-13-robolectric-9030017-i6.pom.sha512 (128 bytes)
2026-05-08T01:12:49.7724233Z ##[group]Run set -euo pipefail
2026-05-08T01:12:49.7724597Z [36;1mset -euo pipefail[0m
2026-05-08T01:12:49.7724877Z [36;1mshopt -s globstar nullglob[0m
2026-05-08T01:12:49.7725213Z [36;1mxmls=(app/build/test-results/**/*.xml)[0m
2026-05-08T01:12:49.7725540Z [36;1mif [ ${#xmls[@]} -eq 0 ]; then[0m
2026-05-08T01:12:49.7726038Z [36;1m  echo "::error::No JUnit XML results found under app/build/test-results/. Did the test task run?"[0m
2026-05-08T01:12:49.7726907Z [36;1m  exit 1[0m
2026-05-08T01:12:49.7727189Z [36;1mfi[0m
2026-05-08T01:12:49.7727420Z [36;1mfailed=0[0m
2026-05-08T01:12:49.7727654Z [36;1mfor f in "${xmls[@]}"; do[0m
2026-05-08T01:12:49.7728106Z [36;1m  fails=$(grep -oE 'failures="[0-9]+"' "$f" | head -n1 | grep -oE '[0-9]+' || echo 0)[0m
2026-05-08T01:12:49.7728676Z [36;1m  errs=$(grep -oE 'errors="[0-9]+"' "$f" | head -n1 | grep -oE '[0-9]+' || echo 0)[0m
2026-05-08T01:12:49.7729194Z [36;1m  if [ "${fails:-0}" -gt 0 ] || [ "${errs:-0}" -gt 0 ]; then[0m
2026-05-08T01:12:49.7729653Z [36;1m    echo "::error file=${f}::${fails} failure(s), ${errs} error(s) in ${f}"[0m
2026-05-08T01:12:49.7730105Z [36;1m    failed=$((failed + fails + errs))[0m
2026-05-08T01:12:49.7730408Z [36;1m  fi[0m
2026-05-08T01:12:49.7730620Z [36;1mdone[0m
2026-05-08T01:12:49.7730842Z [36;1mif [ "$failed" -gt 0 ]; then[0m
2026-05-08T01:12:49.7731400Z [36;1m  echo "::error::${failed} unit-test failure(s)/error(s) detected. See annotations and the test-results artifact."[0m
2026-05-08T01:12:49.7731936Z [36;1m  exit 1[0m
2026-05-08T01:12:49.7732159Z [36;1mfi[0m
2026-05-08T01:12:49.7732431Z [36;1mecho "All ${#xmls[@]} JUnit XML reports clean."[0m
2026-05-08T01:12:49.7754329Z shell: /usr/bin/bash --noprofile --norc -e -o pipefail {0}
2026-05-08T01:12:49.7754701Z env:
2026-05-08T01:12:49.7755035Z   JAVA_HOME: /opt/hostedtoolcache/Java_Temurin-Hotspot_jdk/21.0.10-7/x64
2026-05-08T01:12:49.7755578Z   JAVA_HOME_21_X64: /opt/hostedtoolcache/Java_Temurin-Hotspot_jdk/21.0.10-7/x64
2026-05-08T01:12:49.7756050Z   GRADLE_ACTION_ID: gradle/actions/setup-gradle
2026-05-08T01:12:49.7756398Z   GRADLE_USER_HOME: /home/runner/.gradle
2026-05-08T01:12:49.7757043Z   GRADLE_BUILD_ACTION_SETUP_COMPLETED: true
2026-05-08T01:12:49.7757382Z   GRADLE_BUILD_ACTION_CACHE_RESTORED: true
2026-05-08T01:12:49.7757847Z   DEVELOCITY_INJECTION_INIT_SCRIPT_NAME: gradle-actions.inject-develocity.init.gradle
2026-05-08T01:12:49.7758355Z   DEVELOCITY_INJECTION_CUSTOM_VALUE: gradle-actions
2026-05-08T01:12:49.7758697Z   GITHUB_DEPENDENCY_GRAPH_ENABLED: false
2026-05-08T01:12:49.7759190Z ##[endgroup]
2026-05-08T01:12:50.8348168Z All 221 JUnit XML reports clean.
2026-05-08T01:12:50.8425383Z ##[group]Run actions/upload-artifact@v7
2026-05-08T01:12:50.8425720Z with:
2026-05-08T01:12:50.8425944Z   name: lint-report
2026-05-08T01:12:50.8426241Z   path: app/build/reports/lint-results-debug.html
2026-05-08T01:12:50.8426881Z   retention-days: 7
2026-05-08T01:12:50.8427132Z   if-no-files-found: warn
2026-05-08T01:12:50.8427397Z   compression-level: 6
2026-05-08T01:12:50.8427641Z   overwrite: false
2026-05-08T01:12:50.8427883Z   include-hidden-files: false
2026-05-08T01:12:50.8428152Z   archive: true
2026-05-08T01:12:50.8428364Z env:
2026-05-08T01:12:50.8428695Z   JAVA_HOME: /opt/hostedtoolcache/Java_Temurin-Hotspot_jdk/21.0.10-7/x64
2026-05-08T01:12:50.8429220Z   JAVA_HOME_21_X64: /opt/hostedtoolcache/Java_Temurin-Hotspot_jdk/21.0.10-7/x64
2026-05-08T01:12:50.8429670Z   GRADLE_ACTION_ID: gradle/actions/setup-gradle
2026-05-08T01:12:50.8430007Z   GRADLE_USER_HOME: /home/runner/.gradle
2026-05-08T01:12:50.8430345Z   GRADLE_BUILD_ACTION_SETUP_COMPLETED: true
2026-05-08T01:12:50.8430696Z   GRADLE_BUILD_ACTION_CACHE_RESTORED: true
2026-05-08T01:12:50.8431172Z   DEVELOCITY_INJECTION_INIT_SCRIPT_NAME: gradle-actions.inject-develocity.init.gradle
2026-05-08T01:12:50.8431674Z   DEVELOCITY_INJECTION_CUSTOM_VALUE: gradle-actions
2026-05-08T01:12:50.8432020Z   GITHUB_DEPENDENCY_GRAPH_ENABLED: false
2026-05-08T01:12:50.8432319Z ##[endgroup]
2026-05-08T01:12:50.9858255Z With the provided path, there will be 1 file uploaded
2026-05-08T01:12:50.9863350Z Artifact name is valid!
2026-05-08T01:12:50.9864004Z Root directory input is valid!
2026-05-08T01:12:51.2242858Z Uploading artifact: lint-report.zip
2026-05-08T01:12:51.2286427Z Beginning upload of artifact content to blob storage
2026-05-08T01:12:51.6427109Z Uploaded bytes 63235
2026-05-08T01:12:51.7099922Z Finished uploading artifact content to blob storage!
2026-05-08T01:12:51.7101510Z SHA256 digest of uploaded artifact is 25ac2093ab4f04db4770c068d4e08457e27dce1cdfa773abbd598919dd40591c
2026-05-08T01:12:51.7103005Z Finalizing artifact upload
2026-05-08T01:12:52.0008776Z Artifact lint-report successfully finalized. Artifact ID 6869826179
2026-05-08T01:12:52.0010137Z Artifact lint-report has been successfully uploaded! Final size is 63235 bytes. Artifact ID is 6869826179
2026-05-08T01:12:52.0013489Z Artifact download URL: https://github.com/averycorp/prismTask/actions/runs/25530834323/artifacts/6869826179
2026-05-08T01:12:52.0142884Z ##[group]Run actions/upload-artifact@v7
2026-05-08T01:12:52.0143219Z with:
2026-05-08T01:12:52.0143440Z   name: detekt-report
2026-05-08T01:12:52.0143708Z   path: app/build/reports/detekt/
2026-05-08T01:12:52.0144003Z   retention-days: 7
2026-05-08T01:12:52.0144252Z   if-no-files-found: warn
2026-05-08T01:12:52.0144520Z   compression-level: 6
2026-05-08T01:12:52.0144772Z   overwrite: false
2026-05-08T01:12:52.0145039Z   include-hidden-files: false
2026-05-08T01:12:52.0145314Z   archive: true
2026-05-08T01:12:52.0145537Z env:
2026-05-08T01:12:52.0145892Z   JAVA_HOME: /opt/hostedtoolcache/Java_Temurin-Hotspot_jdk/21.0.10-7/x64
2026-05-08T01:12:52.0146431Z   JAVA_HOME_21_X64: /opt/hostedtoolcache/Java_Temurin-Hotspot_jdk/21.0.10-7/x64
2026-05-08T01:12:52.0147249Z   GRADLE_ACTION_ID: gradle/actions/setup-gradle
2026-05-08T01:12:52.0147603Z   GRADLE_USER_HOME: /home/runner/.gradle
2026-05-08T01:12:52.0147933Z   GRADLE_BUILD_ACTION_SETUP_COMPLETED: true
2026-05-08T01:12:52.0148300Z   GRADLE_BUILD_ACTION_CACHE_RESTORED: true
2026-05-08T01:12:52.0148777Z   DEVELOCITY_INJECTION_INIT_SCRIPT_NAME: gradle-actions.inject-develocity.init.gradle
2026-05-08T01:12:52.0149321Z   DEVELOCITY_INJECTION_CUSTOM_VALUE: gradle-actions
2026-05-08T01:12:52.0149668Z   GITHUB_DEPENDENCY_GRAPH_ENABLED: false
2026-05-08T01:12:52.0149967Z ##[endgroup]
2026-05-08T01:12:52.1572505Z With the provided path, there will be 2 files uploaded
2026-05-08T01:12:52.1578733Z Artifact name is valid!
2026-05-08T01:12:52.1579281Z Root directory input is valid!
2026-05-08T01:12:52.4469081Z Uploading artifact: detekt-report.zip
2026-05-08T01:12:52.4511745Z Beginning upload of artifact content to blob storage
2026-05-08T01:12:52.7297458Z Uploaded bytes 4199
2026-05-08T01:12:52.7962967Z Finished uploading artifact content to blob storage!
2026-05-08T01:12:52.7964664Z SHA256 digest of uploaded artifact is 9511b8c98f491176d9012a0d973e18f34cc8eeff97e2f65ee9af9914d3deb3b6
2026-05-08T01:12:52.7965766Z Finalizing artifact upload
2026-05-08T01:12:53.0981662Z Artifact detekt-report successfully finalized. Artifact ID 6869826378
2026-05-08T01:12:53.0983428Z Artifact detekt-report has been successfully uploaded! Final size is 4199 bytes. Artifact ID is 6869826378
2026-05-08T01:12:53.0987150Z Artifact download URL: https://github.com/averycorp/prismTask/actions/runs/25530834323/artifacts/6869826378
2026-05-08T01:12:53.1149329Z ##[group]Run actions/upload-artifact@v7
2026-05-08T01:12:53.1149940Z with:
2026-05-08T01:12:53.1150338Z   name: test-results
2026-05-08T01:12:53.1150822Z   path: app/build/test-results/
2026-05-08T01:12:53.1151375Z   retention-days: 7
2026-05-08T01:12:53.1151853Z   if-no-files-found: warn
2026-05-08T01:12:53.1152383Z   compression-level: 6
2026-05-08T01:12:53.1152857Z   overwrite: false
2026-05-08T01:12:53.1153317Z   include-hidden-files: false
2026-05-08T01:12:53.1153826Z   archive: true
2026-05-08T01:12:53.1154234Z env:
2026-05-08T01:12:53.1154854Z   JAVA_HOME: /opt/hostedtoolcache/Java_Temurin-Hotspot_jdk/21.0.10-7/x64
2026-05-08T01:12:53.1155892Z   JAVA_HOME_21_X64: /opt/hostedtoolcache/Java_Temurin-Hotspot_jdk/21.0.10-7/x64
2026-05-08T01:12:53.1156893Z   GRADLE_ACTION_ID: gradle/actions/setup-gradle
2026-05-08T01:12:53.1157291Z   GRADLE_USER_HOME: /home/runner/.gradle
2026-05-08T01:12:53.1157638Z   GRADLE_BUILD_ACTION_SETUP_COMPLETED: true
2026-05-08T01:12:53.1158011Z   GRADLE_BUILD_ACTION_CACHE_RESTORED: true
2026-05-08T01:12:53.1158497Z   DEVELOCITY_INJECTION_INIT_SCRIPT_NAME: gradle-actions.inject-develocity.init.gradle
2026-05-08T01:12:53.1159037Z   DEVELOCITY_INJECTION_CUSTOM_VALUE: gradle-actions
2026-05-08T01:12:53.1159416Z   GITHUB_DEPENDENCY_GRAPH_ENABLED: false
2026-05-08T01:12:53.1159731Z ##[endgroup]
2026-05-08T01:12:53.3002720Z With the provided path, there will be 223 files uploaded
2026-05-08T01:12:53.3008151Z Artifact name is valid!
2026-05-08T01:12:53.3008688Z Root directory input is valid!
2026-05-08T01:12:53.5706715Z Uploading artifact: test-results.zip
2026-05-08T01:12:53.5746941Z Beginning upload of artifact content to blob storage
2026-05-08T01:12:54.2967073Z Uploaded bytes 229639
2026-05-08T01:12:54.3691808Z Finished uploading artifact content to blob storage!
2026-05-08T01:12:54.3693485Z SHA256 digest of uploaded artifact is 0d56f00052ed9e3f815e8c834197ae8d1433b25c5a80f1332a2b2342c1b4cd91
2026-05-08T01:12:54.3695013Z Finalizing artifact upload
2026-05-08T01:12:54.6534454Z Artifact test-results successfully finalized. Artifact ID 6869826681
2026-05-08T01:12:54.6536202Z Artifact test-results has been successfully uploaded! Final size is 229639 bytes. Artifact ID is 6869826681
2026-05-08T01:12:54.6539886Z Artifact download URL: https://github.com/averycorp/prismTask/actions/runs/25530834323/artifacts/6869826681
2026-05-08T01:12:54.6689576Z Post job cleanup.
2026-05-08T01:12:54.6784699Z Post job cleanup.
2026-05-08T01:12:54.9909380Z In post-action step
2026-05-08T01:12:54.9923511Z ##[group]Stopping Gradle daemons
2026-05-08T01:12:54.9924926Z Stopping Gradle daemons for /home/runner/.gradle/wrapper/dists/gradle-9.3.1-bin/23ovyewtku6u96viwx3xl3oks/gradle-9.3.1
2026-05-08T01:12:54.9945031Z [command]/home/runner/.gradle/wrapper/dists/gradle-9.3.1-bin/23ovyewtku6u96viwx3xl3oks/gradle-9.3.1/bin/gradle --stop
2026-05-08T01:12:55.6405078Z Stopping Daemon(s)
2026-05-08T01:12:55.6405706Z 1 Daemon stopped
2026-05-08T01:12:55.6495333Z ##[endgroup]
2026-05-08T01:12:55.6497718Z Not performing cache-cleanup due to build failure
2026-05-08T01:12:55.6498953Z ##[group]Caching Gradle state
2026-05-08T01:13:00.7332208Z [command]/usr/bin/tar --posix -cf cache.tzst --exclude cache.tzst -P -C /home/runner/work/prismTask/prismTask --files-from manifest.txt --use-compress-program zstdmt
2026-05-08T01:13:02.7734583Z Sent 0 of 302093560 (0.0%), 0.0 MBs/sec
2026-05-08T01:13:03.6816376Z Sent 302093560 of 302093560 (100.0%), 150.9 MBs/sec
2026-05-08T01:13:03.9699156Z Saved cache entry with key gradle-home-v1|Linux-X64|lint-and-test[5df42585ae8f8da228c604b8b4e8707c]-5cd9fb0a64ef772f8577a34634ac61d95f961bd0 from /home/runner/.gradle/caches,/home/runner/.gradle/notifications,/home/runner/.gradle/.setup-gradle in 3252ms
2026-05-08T01:13:03.9703275Z ##[endgroup]
2026-05-08T01:13:03.9709523Z Generating Job Summary
2026-05-08T01:13:03.9724121Z Completed post-action step
2026-05-08T01:13:03.9927875Z Post job cleanup.
2026-05-08T01:13:04.1729730Z Post job cleanup.
2026-05-08T01:13:04.2608525Z [command]/usr/bin/git version
2026-05-08T01:13:04.2646268Z git version 2.53.0
2026-05-08T01:13:04.2687238Z Temporarily overriding HOME='/home/runner/work/_temp/b68f097b-ff61-4193-ba21-d21ee91e852f' before making global git config changes
2026-05-08T01:13:04.2689487Z Adding repository directory to the temporary git global config as a safe directory
2026-05-08T01:13:04.2692883Z [command]/usr/bin/git config --global --add safe.directory /home/runner/work/prismTask/prismTask
2026-05-08T01:13:04.2722877Z Removing SSH command configuration
2026-05-08T01:13:04.2729989Z [command]/usr/bin/git config --local --name-only --get-regexp core\.sshCommand
2026-05-08T01:13:04.2764580Z [command]/usr/bin/git submodule foreach --recursive sh -c "git config --local --name-only --get-regexp 'core\.sshCommand' && git config --local --unset-all 'core.sshCommand' || :"
2026-05-08T01:13:04.3009123Z Removing HTTP extra header
2026-05-08T01:13:04.3014163Z [command]/usr/bin/git config --local --name-only --get-regexp http\.https\:\/\/github\.com\/\.extraheader
2026-05-08T01:13:04.3049373Z [command]/usr/bin/git submodule foreach --recursive sh -c "git config --local --name-only --get-regexp 'http\.https\:\/\/github\.com\/\.extraheader' && git config --local --unset-all 'http.https://github.com/.extraheader' || :"
2026-05-08T01:13:04.3272668Z Removing includeIf entries pointing to credentials config files
2026-05-08T01:13:04.3280180Z [command]/usr/bin/git config --local --name-only --get-regexp ^includeIf\.gitdir:
2026-05-08T01:13:04.3304509Z includeif.gitdir:/home/runner/work/prismTask/prismTask/.git.path
2026-05-08T01:13:04.3305619Z includeif.gitdir:/home/runner/work/prismTask/prismTask/.git/worktrees/*.path
2026-05-08T01:13:04.3306964Z includeif.gitdir:/github/workspace/.git.path
2026-05-08T01:13:04.3307806Z includeif.gitdir:/github/workspace/.git/worktrees/*.path
2026-05-08T01:13:04.3315305Z [command]/usr/bin/git config --local --get-all includeif.gitdir:/home/runner/work/prismTask/prismTask/.git.path
2026-05-08T01:13:04.3337701Z /home/runner/work/_temp/git-credentials-69071e5b-3fc5-4746-bb8a-c96bf10e0b76.config
2026-05-08T01:13:04.3347812Z [command]/usr/bin/git config --local --unset includeif.gitdir:/home/runner/work/prismTask/prismTask/.git.path /home/runner/work/_temp/git-credentials-69071e5b-3fc5-4746-bb8a-c96bf10e0b76.config
2026-05-08T01:13:04.3381132Z [command]/usr/bin/git config --local --get-all includeif.gitdir:/home/runner/work/prismTask/prismTask/.git/worktrees/*.path
2026-05-08T01:13:04.3402734Z /home/runner/work/_temp/git-credentials-69071e5b-3fc5-4746-bb8a-c96bf10e0b76.config
2026-05-08T01:13:04.3411664Z [command]/usr/bin/git config --local --unset includeif.gitdir:/home/runner/work/prismTask/prismTask/.git/worktrees/*.path /home/runner/work/_temp/git-credentials-69071e5b-3fc5-4746-bb8a-c96bf10e0b76.config
2026-05-08T01:13:04.3442665Z [command]/usr/bin/git config --local --get-all includeif.gitdir:/github/workspace/.git.path
2026-05-08T01:13:04.3464049Z /github/runner_temp/git-credentials-69071e5b-3fc5-4746-bb8a-c96bf10e0b76.config
2026-05-08T01:13:04.3473748Z [command]/usr/bin/git config --local --unset includeif.gitdir:/github/workspace/.git.path /github/runner_temp/git-credentials-69071e5b-3fc5-4746-bb8a-c96bf10e0b76.config
2026-05-08T01:13:04.3504859Z [command]/usr/bin/git config --local --get-all includeif.gitdir:/github/workspace/.git/worktrees/*.path
2026-05-08T01:13:04.3525470Z /github/runner_temp/git-credentials-69071e5b-3fc5-4746-bb8a-c96bf10e0b76.config
2026-05-08T01:13:04.3534245Z [command]/usr/bin/git config --local --unset includeif.gitdir:/github/workspace/.git/worktrees/*.path /github/runner_temp/git-credentials-69071e5b-3fc5-4746-bb8a-c96bf10e0b76.config
2026-05-08T01:13:04.3564590Z [command]/usr/bin/git submodule foreach --recursive git config --local --show-origin --name-only --get-regexp remote.origin.url
2026-05-08T01:13:04.3784871Z Removing credentials config '/home/runner/work/_temp/git-credentials-69071e5b-3fc5-4746-bb8a-c96bf10e0b76.config'
2026-05-08T01:13:04.3927937Z Cleaning up orphan processes
2026-05-08T01:13:04.4241477Z ##[warning]Node.js 20 actions are deprecated. The following actions are running on Node.js 20 and may not work as expected: actions/setup-java@v4, gradle/actions/setup-gradle@v4. Actions will be forced to run with Node.js 24 by default starting June 2nd, 2026. Node.js 20 will be removed from the runner on September 16th, 2026. Please check if updated versions of these actions are available that support Node.js 24. To opt into Node.js 24 now, set the FORCE_JAVASCRIPT_ACTIONS_TO_NODE24=true environment variable on the runner or in your workflow file. Once Node.js 24 becomes the default, you can temporarily opt out by setting ACTIONS_ALLOW_USE_UNSECURE_NODE_VERSION=true. For more information see: https://github.blog/changelog/2025-09-19-deprecation-of-node-20-on-github-actions-runners/
