=== CI FAILURE ===
Workflow:      Android CI
Workflow file: averycorp/prismTask/.github/workflows/android-ci.yml@refs/pull/1467/merge
Job(s):        autofix
Run ID:        25905238473
Run attempt:   1
Run URL:       https://github.com/averycorp/prismTask/actions/runs/25905238473
Commit:        156266e8aaa39ef0b85be60969268c47b6cfbb89
Branch:        1467/merge
Event:         pull_request
Actor:         akarlin3
Runner OS:     Linux
Timestamp:     2026-05-15T07:07:37.088Z

Failed steps:
  - autofix: #2 Run actions/checkout@v6

=== FAILED JOB LOG ===

--- Job: autofix (id 76137335912) ---
2026-05-15T07:06:54.1431832Z Current runner version: '2.334.0'
2026-05-15T07:06:54.1455422Z ##[group]Runner Image Provisioner
2026-05-15T07:06:54.1456310Z Hosted Compute Agent
2026-05-15T07:06:54.1456842Z Version: 20260213.493
2026-05-15T07:06:54.1457441Z Commit: 5c115507f6dd24b8de37d8bbe0bb4509d0cc0fa3
2026-05-15T07:06:54.1458132Z Build Date: 2026-02-13T00:28:41Z
2026-05-15T07:06:54.1459013Z Worker ID: {61759bce-c859-4b8f-8b19-8c84c2440c09}
2026-05-15T07:06:54.1459691Z Azure Region: westus3
2026-05-15T07:06:54.1460594Z ##[endgroup]
2026-05-15T07:06:54.1462550Z ##[group]Operating System
2026-05-15T07:06:54.1463104Z Ubuntu
2026-05-15T07:06:54.1463640Z 24.04.4
2026-05-15T07:06:54.1464149Z LTS
2026-05-15T07:06:54.1464566Z ##[endgroup]
2026-05-15T07:06:54.1465086Z ##[group]Runner Image
2026-05-15T07:06:54.1465657Z Image: ubuntu-24.04
2026-05-15T07:06:54.1466125Z Version: 20260413.86.1
2026-05-15T07:06:54.1467380Z Included Software: https://github.com/actions/runner-images/blob/ubuntu24/20260413.86/images/ubuntu/Ubuntu2404-Readme.md
2026-05-15T07:06:54.1468772Z Image Release: https://github.com/actions/runner-images/releases/tag/ubuntu24%2F20260413.86
2026-05-15T07:06:54.1469725Z ##[endgroup]
2026-05-15T07:06:54.1471238Z ##[group]GITHUB_TOKEN Permissions
2026-05-15T07:06:54.1473110Z Actions: read
2026-05-15T07:06:54.1473668Z Checks: read
2026-05-15T07:06:54.1474167Z Contents: write
2026-05-15T07:06:54.1474607Z Metadata: read
2026-05-15T07:06:54.1475225Z PullRequests: read
2026-05-15T07:06:54.1475738Z ##[endgroup]
2026-05-15T07:06:54.1477649Z Secret source: Actions
2026-05-15T07:06:54.1478468Z Prepare workflow directory
2026-05-15T07:06:54.1869327Z Prepare all required actions
2026-05-15T07:06:54.1907138Z Getting action download info
2026-05-15T07:06:54.6798637Z Download action repository 'actions/checkout@v6' (SHA:de0fac2e4500dabe0009e67214ff5f5447ce83dd)
2026-05-15T07:06:54.7991284Z Download action repository 'dorny/paths-filter@v4' (SHA:fbd0ab8f3e69293af611ebaee6363fc25e6d187d)
2026-05-15T07:06:55.4285504Z Download action repository 'actions/cache@v5' (SHA:27d5ce7f107fe9357f9df03efb73ab90386fccae)
2026-05-15T07:06:56.5111022Z Complete job name: autofix
2026-05-15T07:06:56.5898836Z ##[group]Run actions/checkout@v6
2026-05-15T07:06:56.5899503Z with:
2026-05-15T07:06:56.5900503Z   token: ***
2026-05-15T07:06:56.5900791Z   ref: docs/pages-add-index-html
2026-05-15T07:06:56.5901091Z   fetch-depth: 0
2026-05-15T07:06:56.5901350Z   repository: averycorp/prismTask
2026-05-15T07:06:56.5901635Z   ssh-strict: true
2026-05-15T07:06:56.5901877Z   ssh-user: git
2026-05-15T07:06:56.5902134Z   persist-credentials: true
2026-05-15T07:06:56.5902409Z   clean: true
2026-05-15T07:06:56.5902674Z   sparse-checkout-cone-mode: true
2026-05-15T07:06:56.5902982Z   fetch-tags: false
2026-05-15T07:06:56.5903235Z   show-progress: true
2026-05-15T07:06:56.5903481Z   lfs: false
2026-05-15T07:06:56.5903714Z   submodules: false
2026-05-15T07:06:56.5903978Z   set-safe-directory: true
2026-05-15T07:06:56.5904533Z ##[endgroup]
2026-05-15T07:06:56.6961759Z Syncing repository: averycorp/prismTask
2026-05-15T07:06:56.6963554Z ##[group]Getting Git version info
2026-05-15T07:06:56.6964139Z Working directory is '/home/runner/work/prismTask/prismTask'
2026-05-15T07:06:56.6964794Z [command]/usr/bin/git version
2026-05-15T07:06:56.7014924Z git version 2.53.0
2026-05-15T07:06:56.7040577Z ##[endgroup]
2026-05-15T07:06:56.7057023Z Temporarily overriding HOME='/home/runner/work/_temp/56247d8e-db42-473d-888d-3206db86f15f' before making global git config changes
2026-05-15T07:06:56.7058600Z Adding repository directory to the temporary git global config as a safe directory
2026-05-15T07:06:56.7064121Z [command]/usr/bin/git config --global --add safe.directory /home/runner/work/prismTask/prismTask
2026-05-15T07:06:56.7098401Z Deleting the contents of '/home/runner/work/prismTask/prismTask'
2026-05-15T07:06:56.7102728Z ##[group]Initializing the repository
2026-05-15T07:06:56.7107686Z [command]/usr/bin/git init /home/runner/work/prismTask/prismTask
2026-05-15T07:06:56.7210672Z hint: Using 'master' as the name for the initial branch. This default branch name
2026-05-15T07:06:56.7212095Z hint: will change to "main" in Git 3.0. To configure the initial branch name
2026-05-15T07:06:56.7213037Z hint: to use in all of your new repositories, which will suppress this warning,
2026-05-15T07:06:56.7213797Z hint: call:
2026-05-15T07:06:56.7214211Z hint:
2026-05-15T07:06:56.7214654Z hint: 	git config --global init.defaultBranch <name>
2026-05-15T07:06:56.7215030Z hint:
2026-05-15T07:06:56.7215453Z hint: Names commonly chosen instead of 'master' are 'main', 'trunk' and
2026-05-15T07:06:56.7216461Z hint: 'development'. The just-created branch can be renamed via this command:
2026-05-15T07:06:56.7217010Z hint:
2026-05-15T07:06:56.7217259Z hint: 	git branch -m <name>
2026-05-15T07:06:56.7217532Z hint:
2026-05-15T07:06:56.7217890Z hint: Disable this message with "git config set advice.defaultBranchName false"
2026-05-15T07:06:56.7218498Z Initialized empty Git repository in /home/runner/work/prismTask/prismTask/.git/
2026-05-15T07:06:56.7225075Z [command]/usr/bin/git remote add origin https://github.com/averycorp/prismTask
2026-05-15T07:06:56.7255768Z ##[endgroup]
2026-05-15T07:06:56.7256411Z ##[group]Disabling automatic garbage collection
2026-05-15T07:06:56.7260940Z [command]/usr/bin/git config --local gc.auto 0
2026-05-15T07:06:56.7289356Z ##[endgroup]
2026-05-15T07:06:56.7290429Z ##[group]Setting up auth
2026-05-15T07:06:56.7291135Z Removing SSH command configuration
2026-05-15T07:06:56.7297313Z [command]/usr/bin/git config --local --name-only --get-regexp core\.sshCommand
2026-05-15T07:06:56.7327732Z [command]/usr/bin/git submodule foreach --recursive sh -c "git config --local --name-only --get-regexp 'core\.sshCommand' && git config --local --unset-all 'core.sshCommand' || :"
2026-05-15T07:06:56.7616512Z Removing HTTP extra header
2026-05-15T07:06:56.7622372Z [command]/usr/bin/git config --local --name-only --get-regexp http\.https\:\/\/github\.com\/\.extraheader
2026-05-15T07:06:56.7654547Z [command]/usr/bin/git submodule foreach --recursive sh -c "git config --local --name-only --get-regexp 'http\.https\:\/\/github\.com\/\.extraheader' && git config --local --unset-all 'http.https://github.com/.extraheader' || :"
2026-05-15T07:06:56.7866421Z Removing includeIf entries pointing to credentials config files
2026-05-15T07:06:56.7872036Z [command]/usr/bin/git config --local --name-only --get-regexp ^includeIf\.gitdir:
2026-05-15T07:06:56.7903422Z [command]/usr/bin/git submodule foreach --recursive git config --local --show-origin --name-only --get-regexp remote.origin.url
2026-05-15T07:06:56.8123331Z [command]/usr/bin/git config --file /home/runner/work/_temp/git-credentials-b7ba1c6f-8af7-49f1-b295-aaac591b26bf.config http.https://github.com/.extraheader AUTHORIZATION: basic ***
2026-05-15T07:06:56.8160411Z [command]/usr/bin/git config --local includeIf.gitdir:/home/runner/work/prismTask/prismTask/.git.path /home/runner/work/_temp/git-credentials-b7ba1c6f-8af7-49f1-b295-aaac591b26bf.config
2026-05-15T07:06:56.8188678Z [command]/usr/bin/git config --local includeIf.gitdir:/home/runner/work/prismTask/prismTask/.git/worktrees/*.path /home/runner/work/_temp/git-credentials-b7ba1c6f-8af7-49f1-b295-aaac591b26bf.config
2026-05-15T07:06:56.8219378Z [command]/usr/bin/git config --local includeIf.gitdir:/github/workspace/.git.path /github/runner_temp/git-credentials-b7ba1c6f-8af7-49f1-b295-aaac591b26bf.config
2026-05-15T07:06:56.8251358Z [command]/usr/bin/git config --local includeIf.gitdir:/github/workspace/.git/worktrees/*.path /github/runner_temp/git-credentials-b7ba1c6f-8af7-49f1-b295-aaac591b26bf.config
2026-05-15T07:06:56.8274987Z ##[endgroup]
2026-05-15T07:06:56.8275466Z ##[group]Fetching the repository
2026-05-15T07:06:56.8285927Z [command]/usr/bin/git -c protocol.version=2 fetch --no-tags --prune --no-recurse-submodules origin +refs/heads/*:refs/remotes/origin/* +refs/tags/*:refs/tags/*
2026-05-15T07:07:18.1947015Z From https://github.com/averycorp/prismTask
2026-05-15T07:07:18.1947743Z  * [new branch]        ci-logs         -> origin/ci-logs
2026-05-15T07:07:18.1948774Z  * [new branch]        main            -> origin/main
2026-05-15T07:07:18.1949520Z  * [new branch]        v0.1.0-legacy   -> origin/v0.1.0-legacy
2026-05-15T07:07:18.1950347Z  * [new branch]        v0.2.0-legacy   -> origin/v0.2.0-legacy
2026-05-15T07:07:18.1950992Z  * [new branch]        v0.3.0-legacy   -> origin/v0.3.0-legacy
2026-05-15T07:07:18.1951612Z  * [new branch]        v0.4.0-legacy   -> origin/v0.4.0-legacy
2026-05-15T07:07:18.1951990Z  * [new branch]        v0.5.0-legacy   -> origin/v0.5.0-legacy
2026-05-15T07:07:18.1952345Z  * [new branch]        v0.6.0-legacy   -> origin/v0.6.0-legacy
2026-05-15T07:07:18.1952731Z  * [new branch]        v0.7.0-legacy   -> origin/v0.7.0-legacy
2026-05-15T07:07:18.1953052Z  * [new tag]           v0.1.0          -> v0.1.0
2026-05-15T07:07:18.1953351Z  * [new tag]           v0.2.0          -> v0.2.0
2026-05-15T07:07:18.1953640Z  * [new tag]           v0.3.0          -> v0.3.0
2026-05-15T07:07:18.1953915Z  * [new tag]           v0.4.0          -> v0.4.0
2026-05-15T07:07:18.1954279Z  * [new tag]           v0.5.0          -> v0.5.0
2026-05-15T07:07:18.1954754Z  * [new tag]           v0.7.0          -> v0.7.0
2026-05-15T07:07:18.1955319Z  * [new tag]           v0.7.12         -> v0.7.12
2026-05-15T07:07:18.1955947Z  * [new tag]           v0.7.13         -> v0.7.13
2026-05-15T07:07:18.1956727Z  * [new tag]           v0.7.14         -> v0.7.14
2026-05-15T07:07:18.1961050Z  * [new tag]           v0.7.15         -> v0.7.15
2026-05-15T07:07:18.1961986Z  * [new tag]           v0.7.16         -> v0.7.16
2026-05-15T07:07:18.1962516Z  * [new tag]           v0.7.17         -> v0.7.17
2026-05-15T07:07:18.1963052Z  * [new tag]           v0.7.17-build.2 -> v0.7.17-build.2
2026-05-15T07:07:18.1963599Z  * [new tag]           v0.7.17-build.3 -> v0.7.17-build.3
2026-05-15T07:07:18.1964142Z  * [new tag]           v0.7.17-build.4 -> v0.7.17-build.4
2026-05-15T07:07:18.1964753Z  * [new tag]           v0.7.17-build.5 -> v0.7.17-build.5
2026-05-15T07:07:18.1965326Z  * [new tag]           v0.7.17-build.6 -> v0.7.17-build.6
2026-05-15T07:07:18.1966188Z  * [new tag]           v0.7.17-build.7 -> v0.7.17-build.7
2026-05-15T07:07:18.1966865Z  * [new tag]           v0.7.17-build.8 -> v0.7.17-build.8
2026-05-15T07:07:18.1967523Z  * [new tag]           v0.7.17-build.9 -> v0.7.17-build.9
2026-05-15T07:07:18.1968158Z  * [new tag]           v0.7.18         -> v0.7.18
2026-05-15T07:07:18.1968677Z  * [new tag]           v0.7.18-build.2 -> v0.7.18-build.2
2026-05-15T07:07:18.1969260Z  * [new tag]           v0.7.18-build.3 -> v0.7.18-build.3
2026-05-15T07:07:18.1969813Z  * [new tag]           v0.7.18-build.4 -> v0.7.18-build.4
2026-05-15T07:07:18.1970581Z  * [new tag]           v0.7.19         -> v0.7.19
2026-05-15T07:07:18.1971121Z  * [new tag]           v0.7.19-build.2 -> v0.7.19-build.2
2026-05-15T07:07:18.1971634Z  * [new tag]           v0.7.20         -> v0.7.20
2026-05-15T07:07:18.1972156Z  * [new tag]           v0.7.20-build.2 -> v0.7.20-build.2
2026-05-15T07:07:18.1972680Z  * [new tag]           v0.7.20-build.3 -> v0.7.20-build.3
2026-05-15T07:07:18.1973240Z  * [new tag]           v0.7.20-build.4 -> v0.7.20-build.4
2026-05-15T07:07:18.1973755Z  * [new tag]           v0.8.0          -> v0.8.0
2026-05-15T07:07:18.1974301Z  * [new tag]           v0.8.0-build.2  -> v0.8.0-build.2
2026-05-15T07:07:18.1974816Z  * [new tag]           v0.8.1          -> v0.8.1
2026-05-15T07:07:18.1975299Z  * [new tag]           v0.8.10         -> v0.8.10
2026-05-15T07:07:18.1975799Z  * [new tag]           v0.8.11         -> v0.8.11
2026-05-15T07:07:18.1976302Z  * [new tag]           v0.8.12         -> v0.8.12
2026-05-15T07:07:18.1976784Z  * [new tag]           v0.8.13         -> v0.8.13
2026-05-15T07:07:18.1977259Z  * [new tag]           v0.8.14         -> v0.8.14
2026-05-15T07:07:18.1977766Z  * [new tag]           v0.8.15         -> v0.8.15
2026-05-15T07:07:18.1978262Z  * [new tag]           v0.8.2          -> v0.8.2
2026-05-15T07:07:18.1978729Z  * [new tag]           v0.8.3          -> v0.8.3
2026-05-15T07:07:18.1979425Z  * [new tag]           v0.8.4          -> v0.8.4
2026-05-15T07:07:18.1980132Z  * [new tag]           v0.8.5          -> v0.8.5
2026-05-15T07:07:18.1980633Z  * [new tag]           v0.8.6          -> v0.8.6
2026-05-15T07:07:18.1981189Z  * [new tag]           v0.8.7          -> v0.8.7
2026-05-15T07:07:18.1981674Z  * [new tag]           v0.8.8          -> v0.8.8
2026-05-15T07:07:18.1982226Z  * [new tag]           v0.8.9          -> v0.8.9
2026-05-15T07:07:18.1982704Z  * [new tag]           v0.9.1          -> v0.9.1
2026-05-15T07:07:18.1983188Z  * [new tag]           v0.9.2          -> v0.9.2
2026-05-15T07:07:18.1983712Z  * [new tag]           v1.0.1          -> v1.0.1
2026-05-15T07:07:18.1984192Z  * [new tag]           v1.0.10         -> v1.0.10
2026-05-15T07:07:18.1984679Z  * [new tag]           v1.0.11         -> v1.0.11
2026-05-15T07:07:18.1985158Z  * [new tag]           v1.0.12         -> v1.0.12
2026-05-15T07:07:18.1985671Z  * [new tag]           v1.0.13         -> v1.0.13
2026-05-15T07:07:18.1986163Z  * [new tag]           v1.0.2          -> v1.0.2
2026-05-15T07:07:18.1988673Z  * [new tag]           v1.0.3          -> v1.0.3
2026-05-15T07:07:18.1989393Z  * [new tag]           v1.0.4          -> v1.0.4
2026-05-15T07:07:18.1991039Z  * [new tag]           v1.0.5          -> v1.0.5
2026-05-15T07:07:18.1991668Z  * [new tag]           v1.0.6          -> v1.0.6
2026-05-15T07:07:18.1992281Z  * [new tag]           v1.0.7          -> v1.0.7
2026-05-15T07:07:18.1992842Z  * [new tag]           v1.0.8          -> v1.0.8
2026-05-15T07:07:18.1993435Z  * [new tag]           v1.0.9          -> v1.0.9
2026-05-15T07:07:18.1993975Z  * [new tag]           v1.1.1          -> v1.1.1
2026-05-15T07:07:18.1994479Z  * [new tag]           v1.1.1-build.2  -> v1.1.1-build.2
2026-05-15T07:07:18.1995015Z  * [new tag]           v1.1.1-build.3  -> v1.1.1-build.3
2026-05-15T07:07:18.1995617Z  * [new tag]           v1.1.1-build.4  -> v1.1.1-build.4
2026-05-15T07:07:18.1996211Z  * [new tag]           v1.1.10         -> v1.1.10
2026-05-15T07:07:18.1996798Z  * [new tag]           v1.1.11         -> v1.1.11
2026-05-15T07:07:18.1997522Z  * [new tag]           v1.1.12         -> v1.1.12
2026-05-15T07:07:18.1998024Z  * [new tag]           v1.1.2          -> v1.1.2
2026-05-15T07:07:18.1998511Z  * [new tag]           v1.1.3          -> v1.1.3
2026-05-15T07:07:18.1998903Z  * [new tag]           v1.1.4          -> v1.1.4
2026-05-15T07:07:18.1999503Z  * [new tag]           v1.1.5          -> v1.1.5
2026-05-15T07:07:18.2000368Z  * [new tag]           v1.1.6          -> v1.1.6
2026-05-15T07:07:18.2000979Z  * [new tag]           v1.1.7          -> v1.1.7
2026-05-15T07:07:18.2001573Z  * [new tag]           v1.1.8          -> v1.1.8
2026-05-15T07:07:18.2002148Z  * [new tag]           v1.1.9          -> v1.1.9
2026-05-15T07:07:18.2002712Z  * [new tag]           v1.3.0          -> v1.3.0
2026-05-15T07:07:18.2003271Z  * [new tag]           v1.3.1          -> v1.3.1
2026-05-15T07:07:18.2003857Z  * [new tag]           v1.3.10         -> v1.3.10
2026-05-15T07:07:18.2004465Z  * [new tag]           v1.3.11         -> v1.3.11
2026-05-15T07:07:18.2005096Z  * [new tag]           v1.3.11-build.2 -> v1.3.11-build.2
2026-05-15T07:07:18.2005702Z  * [new tag]           v1.3.12         -> v1.3.12
2026-05-15T07:07:18.2006274Z  * [new tag]           v1.3.13         -> v1.3.13
2026-05-15T07:07:18.2006885Z  * [new tag]           v1.3.13-build.2 -> v1.3.13-build.2
2026-05-15T07:07:18.2007501Z  * [new tag]           v1.3.14         -> v1.3.14
2026-05-15T07:07:18.2008084Z  * [new tag]           v1.3.15         -> v1.3.15
2026-05-15T07:07:18.2008670Z  * [new tag]           v1.3.16         -> v1.3.16
2026-05-15T07:07:18.2009245Z  * [new tag]           v1.3.17         -> v1.3.17
2026-05-15T07:07:18.2009869Z  * [new tag]           v1.3.18         -> v1.3.18
2026-05-15T07:07:18.2031004Z  * [new tag]           v1.3.19         -> v1.3.19
2026-05-15T07:07:18.2031580Z  * [new tag]           v1.3.2          -> v1.3.2
2026-05-15T07:07:18.2032130Z  * [new tag]           v1.3.20         -> v1.3.20
2026-05-15T07:07:18.2032952Z  * [new tag]           v1.3.21         -> v1.3.21
2026-05-15T07:07:18.2033514Z  * [new tag]           v1.3.22         -> v1.3.22
2026-05-15T07:07:18.2034080Z  * [new tag]           v1.3.23         -> v1.3.23
2026-05-15T07:07:18.2034632Z  * [new tag]           v1.3.24         -> v1.3.24
2026-05-15T07:07:18.2035171Z  * [new tag]           v1.3.25         -> v1.3.25
2026-05-15T07:07:18.2035726Z  * [new tag]           v1.3.26         -> v1.3.26
2026-05-15T07:07:18.2036292Z  * [new tag]           v1.3.27         -> v1.3.27
2026-05-15T07:07:18.2036946Z  * [new tag]           v1.3.28         -> v1.3.28
2026-05-15T07:07:18.2037534Z  * [new tag]           v1.3.29         -> v1.3.29
2026-05-15T07:07:18.2038104Z  * [new tag]           v1.3.3          -> v1.3.3
2026-05-15T07:07:18.2038671Z  * [new tag]           v1.3.30         -> v1.3.30
2026-05-15T07:07:18.2039250Z  * [new tag]           v1.3.31         -> v1.3.31
2026-05-15T07:07:18.2039823Z  * [new tag]           v1.3.32         -> v1.3.32
2026-05-15T07:07:18.2040756Z  * [new tag]           v1.3.33         -> v1.3.33
2026-05-15T07:07:18.2041354Z  * [new tag]           v1.3.34         -> v1.3.34
2026-05-15T07:07:18.2041932Z  * [new tag]           v1.3.35         -> v1.3.35
2026-05-15T07:07:18.2042467Z  * [new tag]           v1.3.36         -> v1.3.36
2026-05-15T07:07:18.2043021Z  * [new tag]           v1.3.37         -> v1.3.37
2026-05-15T07:07:18.2043561Z  * [new tag]           v1.3.38         -> v1.3.38
2026-05-15T07:07:18.2044127Z  * [new tag]           v1.3.39         -> v1.3.39
2026-05-15T07:07:18.2044731Z  * [new tag]           v1.3.4          -> v1.3.4
2026-05-15T07:07:18.2045275Z  * [new tag]           v1.3.40         -> v1.3.40
2026-05-15T07:07:18.2045823Z  * [new tag]           v1.3.41         -> v1.3.41
2026-05-15T07:07:18.2046354Z  * [new tag]           v1.3.42         -> v1.3.42
2026-05-15T07:07:18.2046889Z  * [new tag]           v1.3.43         -> v1.3.43
2026-05-15T07:07:18.2116411Z  * [new tag]           v1.3.44         -> v1.3.44
2026-05-15T07:07:18.2117124Z  * [new tag]           v1.3.45         -> v1.3.45
2026-05-15T07:07:18.2117921Z  * [new tag]           v1.3.46         -> v1.3.46
2026-05-15T07:07:18.2118460Z  * [new tag]           v1.3.47         -> v1.3.47
2026-05-15T07:07:18.2118930Z  * [new tag]           v1.3.48         -> v1.3.48
2026-05-15T07:07:18.2119553Z  * [new tag]           v1.3.49         -> v1.3.49
2026-05-15T07:07:18.2120395Z  * [new tag]           v1.3.5          -> v1.3.5
2026-05-15T07:07:18.2120925Z  * [new tag]           v1.3.5-build.2  -> v1.3.5-build.2
2026-05-15T07:07:18.2121476Z  * [new tag]           v1.3.50         -> v1.3.50
2026-05-15T07:07:18.2122014Z  * [new tag]           v1.3.51         -> v1.3.51
2026-05-15T07:07:18.2122593Z  * [new tag]           v1.3.52         -> v1.3.52
2026-05-15T07:07:18.2123118Z  * [new tag]           v1.3.53         -> v1.3.53
2026-05-15T07:07:18.2123653Z  * [new tag]           v1.3.54         -> v1.3.54
2026-05-15T07:07:18.2124176Z  * [new tag]           v1.3.55         -> v1.3.55
2026-05-15T07:07:18.2124705Z  * [new tag]           v1.3.56         -> v1.3.56
2026-05-15T07:07:18.2125326Z  * [new tag]           v1.3.57         -> v1.3.57
2026-05-15T07:07:18.2125835Z  * [new tag]           v1.3.58         -> v1.3.58
2026-05-15T07:07:18.2126340Z  * [new tag]           v1.3.59         -> v1.3.59
2026-05-15T07:07:18.2126840Z  * [new tag]           v1.3.6          -> v1.3.6
2026-05-15T07:07:18.2127360Z  * [new tag]           v1.3.60         -> v1.3.60
2026-05-15T07:07:18.2127862Z  * [new tag]           v1.3.61         -> v1.3.61
2026-05-15T07:07:18.2128363Z  * [new tag]           v1.3.62         -> v1.3.62
2026-05-15T07:07:18.2128847Z  * [new tag]           v1.3.7          -> v1.3.7
2026-05-15T07:07:18.2129337Z  * [new tag]           v1.3.8          -> v1.3.8
2026-05-15T07:07:18.2129827Z  * [new tag]           v1.3.9          -> v1.3.9
2026-05-15T07:07:18.2130613Z  * [new tag]           v1.4.40         -> v1.4.40
2026-05-15T07:07:18.2131144Z  * [new tag]           v1.5.0          -> v1.5.0
2026-05-15T07:07:18.2131890Z  * [new tag]           v1.5.2          -> v1.5.2
2026-05-15T07:07:18.2132403Z  * [new tag]           v1.5.3          -> v1.5.3
2026-05-15T07:07:18.2132974Z  * [new tag]           v1.6.0          -> v1.6.0
2026-05-15T07:07:18.2133444Z  * [new tag]           v1.7.0          -> v1.7.0
2026-05-15T07:07:18.2133966Z  * [new tag]           v1.7.37         -> v1.7.37
2026-05-15T07:07:18.2134446Z  * [new tag]           v1.7.38         -> v1.7.38
2026-05-15T07:07:18.2134932Z  * [new tag]           v1.7.39         -> v1.7.39
2026-05-15T07:07:18.2135240Z  * [new tag]           v1.7.40         -> v1.7.40
2026-05-15T07:07:18.2135525Z  * [new tag]           v1.7.41         -> v1.7.41
2026-05-15T07:07:18.2135798Z  * [new tag]           v1.7.42         -> v1.7.42
2026-05-15T07:07:18.2136062Z  * [new tag]           v1.7.43         -> v1.7.43
2026-05-15T07:07:18.2136331Z  * [new tag]           v1.7.44         -> v1.7.44
2026-05-15T07:07:18.2136607Z  * [new tag]           v1.7.45         -> v1.7.45
2026-05-15T07:07:18.2136891Z  * [new tag]           v1.7.46         -> v1.7.46
2026-05-15T07:07:18.2137167Z  * [new tag]           v1.7.47         -> v1.7.47
2026-05-15T07:07:18.2137438Z  * [new tag]           v1.7.48         -> v1.7.48
2026-05-15T07:07:18.2137703Z  * [new tag]           v1.7.49         -> v1.7.49
2026-05-15T07:07:18.2137988Z  * [new tag]           v1.7.50         -> v1.7.50
2026-05-15T07:07:18.2138278Z  * [new tag]           v1.7.51         -> v1.7.51
2026-05-15T07:07:18.2138563Z  * [new tag]           v1.7.52         -> v1.7.52
2026-05-15T07:07:18.2138834Z  * [new tag]           v1.7.53         -> v1.7.53
2026-05-15T07:07:18.2139114Z  * [new tag]           v1.7.54         -> v1.7.54
2026-05-15T07:07:18.2139388Z  * [new tag]           v1.7.55         -> v1.7.55
2026-05-15T07:07:18.2139659Z  * [new tag]           v1.7.56         -> v1.7.56
2026-05-15T07:07:18.2140223Z  * [new tag]           v1.7.57         -> v1.7.57
2026-05-15T07:07:18.2140554Z  * [new tag]           v1.7.58         -> v1.7.58
2026-05-15T07:07:18.2140841Z  * [new tag]           v1.7.59         -> v1.7.59
2026-05-15T07:07:18.2141296Z  * [new tag]           v1.7.60         -> v1.7.60
2026-05-15T07:07:18.2141598Z  * [new tag]           v1.7.61         -> v1.7.61
2026-05-15T07:07:18.2141880Z  * [new tag]           v1.7.62         -> v1.7.62
2026-05-15T07:07:18.2142160Z  * [new tag]           v1.7.63         -> v1.7.63
2026-05-15T07:07:18.2142440Z  * [new tag]           v1.7.64         -> v1.7.64
2026-05-15T07:07:18.2142712Z  * [new tag]           v1.7.65         -> v1.7.65
2026-05-15T07:07:18.2142990Z  * [new tag]           v1.7.66         -> v1.7.66
2026-05-15T07:07:18.2143266Z  * [new tag]           v1.7.67         -> v1.7.67
2026-05-15T07:07:18.2143538Z  * [new tag]           v1.7.68         -> v1.7.68
2026-05-15T07:07:18.2143806Z  * [new tag]           v1.7.69         -> v1.7.69
2026-05-15T07:07:18.2144077Z  * [new tag]           v1.7.70         -> v1.7.70
2026-05-15T07:07:18.2144367Z  * [new tag]           v1.7.71         -> v1.7.71
2026-05-15T07:07:18.2144648Z  * [new tag]           v1.7.72         -> v1.7.72
2026-05-15T07:07:18.2144928Z  * [new tag]           v1.7.73         -> v1.7.73
2026-05-15T07:07:18.2145197Z  * [new tag]           v1.7.74         -> v1.7.74
2026-05-15T07:07:18.2145468Z  * [new tag]           v1.7.75         -> v1.7.75
2026-05-15T07:07:18.2145742Z  * [new tag]           v1.7.76         -> v1.7.76
2026-05-15T07:07:18.2146011Z  * [new tag]           v1.7.77         -> v1.7.77
2026-05-15T07:07:18.2146287Z  * [new tag]           v1.7.78         -> v1.7.78
2026-05-15T07:07:18.2146564Z  * [new tag]           v1.7.79         -> v1.7.79
2026-05-15T07:07:18.2146832Z  * [new tag]           v1.7.80         -> v1.7.80
2026-05-15T07:07:18.2147114Z  * [new tag]           v1.7.81         -> v1.7.81
2026-05-15T07:07:18.2147387Z  * [new tag]           v1.7.82         -> v1.7.82
2026-05-15T07:07:18.2147655Z  * [new tag]           v1.7.83         -> v1.7.83
2026-05-15T07:07:18.2147929Z  * [new tag]           v1.7.84         -> v1.7.84
2026-05-15T07:07:18.2148368Z  * [new tag]           v1.7.85         -> v1.7.85
2026-05-15T07:07:18.2148642Z  * [new tag]           v1.7.86         -> v1.7.86
2026-05-15T07:07:18.2148917Z  * [new tag]           v1.7.87         -> v1.7.87
2026-05-15T07:07:18.2149187Z  * [new tag]           v1.7.90         -> v1.7.90
2026-05-15T07:07:18.2149462Z  * [new tag]           v1.7.92         -> v1.7.92
2026-05-15T07:07:18.2149731Z  * [new tag]           v1.7.93         -> v1.7.93
2026-05-15T07:07:18.2150271Z  * [new tag]           v1.7.94         -> v1.7.94
2026-05-15T07:07:18.2150553Z  * [new tag]           v1.7.95         -> v1.7.95
2026-05-15T07:07:18.2150821Z  * [new tag]           v1.7.96         -> v1.7.96
2026-05-15T07:07:18.2151094Z  * [new tag]           v1.7.97         -> v1.7.97
2026-05-15T07:07:18.2151368Z  * [new tag]           v1.8.0          -> v1.8.0
2026-05-15T07:07:18.2151636Z  * [new tag]           v1.8.1          -> v1.8.1
2026-05-15T07:07:18.2151919Z  * [new tag]           v1.8.10         -> v1.8.10
2026-05-15T07:07:18.2152203Z  * [new tag]           v1.8.11         -> v1.8.11
2026-05-15T07:07:18.2152477Z  * [new tag]           v1.8.12         -> v1.8.12
2026-05-15T07:07:18.2152750Z  * [new tag]           v1.8.14         -> v1.8.14
2026-05-15T07:07:18.2153022Z  * [new tag]           v1.8.15         -> v1.8.15
2026-05-15T07:07:18.2153288Z  * [new tag]           v1.8.16         -> v1.8.16
2026-05-15T07:07:18.2153564Z  * [new tag]           v1.8.17         -> v1.8.17
2026-05-15T07:07:18.2153883Z  * [new tag]           v1.8.18         -> v1.8.18
2026-05-15T07:07:18.2154160Z  * [new tag]           v1.8.19         -> v1.8.19
2026-05-15T07:07:18.2154427Z  * [new tag]           v1.8.2          -> v1.8.2
2026-05-15T07:07:18.2154703Z  * [new tag]           v1.8.20         -> v1.8.20
2026-05-15T07:07:18.2154976Z  * [new tag]           v1.8.21         -> v1.8.21
2026-05-15T07:07:18.2155243Z  * [new tag]           v1.8.22         -> v1.8.22
2026-05-15T07:07:18.2155508Z  * [new tag]           v1.8.23         -> v1.8.23
2026-05-15T07:07:18.2155908Z  * [new tag]           v1.8.24         -> v1.8.24
2026-05-15T07:07:18.2156194Z  * [new tag]           v1.8.25         -> v1.8.25
2026-05-15T07:07:18.2156461Z  * [new tag]           v1.8.26         -> v1.8.26
2026-05-15T07:07:18.2156733Z  * [new tag]           v1.8.27         -> v1.8.27
2026-05-15T07:07:18.2157004Z  * [new tag]           v1.8.28         -> v1.8.28
2026-05-15T07:07:18.2157268Z  * [new tag]           v1.8.29         -> v1.8.29
2026-05-15T07:07:18.2157539Z  * [new tag]           v1.8.3          -> v1.8.3
2026-05-15T07:07:18.2157813Z  * [new tag]           v1.8.30         -> v1.8.30
2026-05-15T07:07:18.2158077Z  * [new tag]           v1.8.31         -> v1.8.31
2026-05-15T07:07:18.2158348Z  * [new tag]           v1.8.32         -> v1.8.32
2026-05-15T07:07:18.2158619Z  * [new tag]           v1.8.33         -> v1.8.33
2026-05-15T07:07:18.2158886Z  * [new tag]           v1.8.34         -> v1.8.34
2026-05-15T07:07:18.2159155Z  * [new tag]           v1.8.35         -> v1.8.35
2026-05-15T07:07:18.2159434Z  * [new tag]           v1.8.36         -> v1.8.36
2026-05-15T07:07:18.2159704Z  * [new tag]           v1.8.37         -> v1.8.37
2026-05-15T07:07:18.2160202Z  * [new tag]           v1.8.38         -> v1.8.38
2026-05-15T07:07:18.2160489Z  * [new tag]           v1.8.39         -> v1.8.39
2026-05-15T07:07:18.2160765Z  * [new tag]           v1.8.4          -> v1.8.4
2026-05-15T07:07:18.2161033Z  * [new tag]           v1.8.40         -> v1.8.40
2026-05-15T07:07:18.2161306Z  * [new tag]           v1.8.41         -> v1.8.41
2026-05-15T07:07:18.2161579Z  * [new tag]           v1.8.42         -> v1.8.42
2026-05-15T07:07:18.2161843Z  * [new tag]           v1.8.43         -> v1.8.43
2026-05-15T07:07:18.2162111Z  * [new tag]           v1.8.44         -> v1.8.44
2026-05-15T07:07:18.2162380Z  * [new tag]           v1.8.45         -> v1.8.45
2026-05-15T07:07:18.2162643Z  * [new tag]           v1.8.46         -> v1.8.46
2026-05-15T07:07:18.2162912Z  * [new tag]           v1.8.47         -> v1.8.47
2026-05-15T07:07:18.2163313Z  * [new tag]           v1.8.48         -> v1.8.48
2026-05-15T07:07:18.2163577Z  * [new tag]           v1.8.49         -> v1.8.49
2026-05-15T07:07:18.2163846Z  * [new tag]           v1.8.5          -> v1.8.5
2026-05-15T07:07:18.2164117Z  * [new tag]           v1.8.50         -> v1.8.50
2026-05-15T07:07:18.2164390Z  * [new tag]           v1.8.51         -> v1.8.51
2026-05-15T07:07:18.2164653Z  * [new tag]           v1.8.52         -> v1.8.52
2026-05-15T07:07:18.2164923Z  * [new tag]           v1.8.53         -> v1.8.53
2026-05-15T07:07:18.2165191Z  * [new tag]           v1.8.54         -> v1.8.54
2026-05-15T07:07:18.2165455Z  * [new tag]           v1.8.6          -> v1.8.6
2026-05-15T07:07:18.2165723Z  * [new tag]           v1.8.7          -> v1.8.7
2026-05-15T07:07:18.2165998Z  * [new tag]           v1.8.8          -> v1.8.8
2026-05-15T07:07:18.2166267Z  * [new tag]           v1.8.9          -> v1.8.9
2026-05-15T07:07:18.2166539Z  * [new tag]           v1.9.1          -> v1.9.1
2026-05-15T07:07:18.2166825Z  * [new tag]           v1.9.10         -> v1.9.10
2026-05-15T07:07:18.2167094Z  * [new tag]           v1.9.11         -> v1.9.11
2026-05-15T07:07:18.2167365Z  * [new tag]           v1.9.12         -> v1.9.12
2026-05-15T07:07:18.2167631Z  * [new tag]           v1.9.13         -> v1.9.13
2026-05-15T07:07:18.2167894Z  * [new tag]           v1.9.14         -> v1.9.14
2026-05-15T07:07:18.2168159Z  * [new tag]           v1.9.15         -> v1.9.15
2026-05-15T07:07:18.2168425Z  * [new tag]           v1.9.16         -> v1.9.16
2026-05-15T07:07:18.2168697Z  * [new tag]           v1.9.18         -> v1.9.18
2026-05-15T07:07:18.2168964Z  * [new tag]           v1.9.19         -> v1.9.19
2026-05-15T07:07:18.2169236Z  * [new tag]           v1.9.2          -> v1.9.2
2026-05-15T07:07:18.2169508Z  * [new tag]           v1.9.20         -> v1.9.20
2026-05-15T07:07:18.2169775Z  * [new tag]           v1.9.21         -> v1.9.21
2026-05-15T07:07:18.2170296Z  * [new tag]           v1.9.22         -> v1.9.22
2026-05-15T07:07:18.2170702Z  * [new tag]           v1.9.23         -> v1.9.23
2026-05-15T07:07:18.2170977Z  * [new tag]           v1.9.24         -> v1.9.24
2026-05-15T07:07:18.2171250Z  * [new tag]           v1.9.26         -> v1.9.26
2026-05-15T07:07:18.2171524Z  * [new tag]           v1.9.27         -> v1.9.27
2026-05-15T07:07:18.2171795Z  * [new tag]           v1.9.28         -> v1.9.28
2026-05-15T07:07:18.2172068Z  * [new tag]           v1.9.29         -> v1.9.29
2026-05-15T07:07:18.2172338Z  * [new tag]           v1.9.3          -> v1.9.3
2026-05-15T07:07:18.2172612Z  * [new tag]           v1.9.30         -> v1.9.30
2026-05-15T07:07:18.2172884Z  * [new tag]           v1.9.31         -> v1.9.31
2026-05-15T07:07:18.2173154Z  * [new tag]           v1.9.4          -> v1.9.4
2026-05-15T07:07:18.2173424Z  * [new tag]           v1.9.5          -> v1.9.5
2026-05-15T07:07:18.2173691Z  * [new tag]           v1.9.6          -> v1.9.6
2026-05-15T07:07:18.2173960Z  * [new tag]           v1.9.7          -> v1.9.7
2026-05-15T07:07:18.2174236Z  * [new tag]           v1.9.8          -> v1.9.8
2026-05-15T07:07:18.2174499Z  * [new tag]           v1.9.9          -> v1.9.9
2026-05-15T07:07:18.2308647Z ##[endgroup]
2026-05-15T07:07:18.2309328Z ##[group]Determining the checkout info
2026-05-15T07:07:18.2315544Z [command]/usr/bin/git branch --list --remote origin/docs/pages-add-index-html
2026-05-15T07:07:18.2373054Z [command]/usr/bin/git tag --list docs/pages-add-index-html
2026-05-15T07:07:18.2467148Z ##[error]A branch or tag with the name 'docs/pages-add-index-html' could not be found
2026-05-15T07:07:18.2772250Z Post job cleanup.
2026-05-15T07:07:18.3659332Z [command]/usr/bin/git version
2026-05-15T07:07:18.3727821Z git version 2.53.0
2026-05-15T07:07:18.3767857Z Temporarily overriding HOME='/home/runner/work/_temp/ee23f18c-1a1b-4ba7-9921-43b6316901fd' before making global git config changes
2026-05-15T07:07:18.3769296Z Adding repository directory to the temporary git global config as a safe directory
2026-05-15T07:07:18.3773670Z [command]/usr/bin/git config --global --add safe.directory /home/runner/work/prismTask/prismTask
2026-05-15T07:07:18.3805191Z Removing SSH command configuration
2026-05-15T07:07:18.3811908Z [command]/usr/bin/git config --local --name-only --get-regexp core\.sshCommand
2026-05-15T07:07:18.3847391Z [command]/usr/bin/git submodule foreach --recursive sh -c "git config --local --name-only --get-regexp 'core\.sshCommand' && git config --local --unset-all 'core.sshCommand' || :"
2026-05-15T07:07:18.4065991Z Removing HTTP extra header
2026-05-15T07:07:18.4070989Z [command]/usr/bin/git config --local --name-only --get-regexp http\.https\:\/\/github\.com\/\.extraheader
2026-05-15T07:07:18.4104654Z [command]/usr/bin/git submodule foreach --recursive sh -c "git config --local --name-only --get-regexp 'http\.https\:\/\/github\.com\/\.extraheader' && git config --local --unset-all 'http.https://github.com/.extraheader' || :"
2026-05-15T07:07:18.4330894Z Removing includeIf entries pointing to credentials config files
2026-05-15T07:07:18.4337584Z [command]/usr/bin/git config --local --name-only --get-regexp ^includeIf\.gitdir:
2026-05-15T07:07:18.4360190Z includeif.gitdir:/home/runner/work/prismTask/prismTask/.git.path
2026-05-15T07:07:18.4361112Z includeif.gitdir:/home/runner/work/prismTask/prismTask/.git/worktrees/*.path
2026-05-15T07:07:18.4361924Z includeif.gitdir:/github/workspace/.git.path
2026-05-15T07:07:18.4362596Z includeif.gitdir:/github/workspace/.git/worktrees/*.path
2026-05-15T07:07:18.4372176Z [command]/usr/bin/git config --local --get-all includeif.gitdir:/home/runner/work/prismTask/prismTask/.git.path
2026-05-15T07:07:18.4393365Z /home/runner/work/_temp/git-credentials-b7ba1c6f-8af7-49f1-b295-aaac591b26bf.config
2026-05-15T07:07:18.4404066Z [command]/usr/bin/git config --local --unset includeif.gitdir:/home/runner/work/prismTask/prismTask/.git.path /home/runner/work/_temp/git-credentials-b7ba1c6f-8af7-49f1-b295-aaac591b26bf.config
2026-05-15T07:07:18.4437776Z [command]/usr/bin/git config --local --get-all includeif.gitdir:/home/runner/work/prismTask/prismTask/.git/worktrees/*.path
2026-05-15T07:07:18.4458550Z /home/runner/work/_temp/git-credentials-b7ba1c6f-8af7-49f1-b295-aaac591b26bf.config
2026-05-15T07:07:18.4469390Z [command]/usr/bin/git config --local --unset includeif.gitdir:/home/runner/work/prismTask/prismTask/.git/worktrees/*.path /home/runner/work/_temp/git-credentials-b7ba1c6f-8af7-49f1-b295-aaac591b26bf.config
2026-05-15T07:07:18.4499384Z [command]/usr/bin/git config --local --get-all includeif.gitdir:/github/workspace/.git.path
2026-05-15T07:07:18.4520548Z /github/runner_temp/git-credentials-b7ba1c6f-8af7-49f1-b295-aaac591b26bf.config
2026-05-15T07:07:18.4528084Z [command]/usr/bin/git config --local --unset includeif.gitdir:/github/workspace/.git.path /github/runner_temp/git-credentials-b7ba1c6f-8af7-49f1-b295-aaac591b26bf.config
2026-05-15T07:07:18.4557520Z [command]/usr/bin/git config --local --get-all includeif.gitdir:/github/workspace/.git/worktrees/*.path
2026-05-15T07:07:18.4577418Z /github/runner_temp/git-credentials-b7ba1c6f-8af7-49f1-b295-aaac591b26bf.config
2026-05-15T07:07:18.4585903Z [command]/usr/bin/git config --local --unset includeif.gitdir:/github/workspace/.git/worktrees/*.path /github/runner_temp/git-credentials-b7ba1c6f-8af7-49f1-b295-aaac591b26bf.config
2026-05-15T07:07:18.4616961Z [command]/usr/bin/git submodule foreach --recursive git config --local --show-origin --name-only --get-regexp remote.origin.url
2026-05-15T07:07:18.4828466Z Removing credentials config '/home/runner/work/_temp/git-credentials-b7ba1c6f-8af7-49f1-b295-aaac591b26bf.config'
2026-05-15T07:07:18.4969842Z Cleaning up orphan processes
