=== CI FAILURE ===
Workflow:      Android CI
Workflow file: akarlin3/prismTask/.github/workflows/android-ci.yml@refs/pull/1682/merge
Job(s):        autofix
Run ID:        26204417400
Run attempt:   1
Run URL:       https://github.com/akarlin3/prismTask/actions/runs/26204417400
Commit:        e4f08aa148c85a3870a0d29806d7c37a7105a21a
Branch:        1682/merge
Event:         pull_request
Actor:         akarlin3
Runner OS:     Linux
Timestamp:     2026-05-21T03:54:41.275Z

Failed steps:
  - autofix: #2 Run actions/checkout@v6

=== FAILED JOB LOG ===

--- Job: autofix (id 77101111473) ---
2026-05-21T03:53:53.0488770Z Current runner version: '2.334.0'
2026-05-21T03:53:53.0516383Z ##[group]Runner Image Provisioner
2026-05-21T03:53:53.0517198Z Hosted Compute Agent
2026-05-21T03:53:53.0517840Z Version: 20260213.493
2026-05-21T03:53:53.0518465Z Commit: 5c115507f6dd24b8de37d8bbe0bb4509d0cc0fa3
2026-05-21T03:53:53.0519264Z Build Date: 2026-02-13T00:28:41Z
2026-05-21T03:53:53.0519949Z Worker ID: {163c9149-63ab-43e4-94bb-d955b11f34b7}
2026-05-21T03:53:53.0520659Z Azure Region: westcentralus
2026-05-21T03:53:53.0521291Z ##[endgroup]
2026-05-21T03:53:53.0522687Z ##[group]Operating System
2026-05-21T03:53:53.0523301Z Ubuntu
2026-05-21T03:53:53.0523820Z 24.04.4
2026-05-21T03:53:53.0524265Z LTS
2026-05-21T03:53:53.0524785Z ##[endgroup]
2026-05-21T03:53:53.0525509Z ##[group]Runner Image
2026-05-21T03:53:53.0526106Z Image: ubuntu-24.04
2026-05-21T03:53:53.0526690Z Version: 20260513.135.3
2026-05-21T03:53:53.0527943Z Included Software: https://github.com/actions/runner-images/blob/ubuntu24/20260513.135/images/ubuntu/Ubuntu2404-Readme.md
2026-05-21T03:53:53.0529583Z Image Release: https://github.com/actions/runner-images/releases/tag/ubuntu24%2F20260513.135
2026-05-21T03:53:53.0530692Z ##[endgroup]
2026-05-21T03:53:53.0532007Z ##[group]GITHUB_TOKEN Permissions
2026-05-21T03:53:53.0534052Z Actions: read
2026-05-21T03:53:53.0534636Z Checks: read
2026-05-21T03:53:53.0535437Z Contents: write
2026-05-21T03:53:53.0535960Z Metadata: read
2026-05-21T03:53:53.0536547Z PullRequests: read
2026-05-21T03:53:53.0537035Z ##[endgroup]
2026-05-21T03:53:53.0539318Z Secret source: Actions
2026-05-21T03:53:53.0540034Z Prepare workflow directory
2026-05-21T03:53:53.0928307Z Prepare all required actions
2026-05-21T03:53:53.0966035Z Getting action download info
2026-05-21T03:53:53.4951191Z Download action repository 'actions/checkout@v6' (SHA:de0fac2e4500dabe0009e67214ff5f5447ce83dd)
2026-05-21T03:53:53.6232127Z Download action repository 'dorny/paths-filter@v4' (SHA:fbd0ab8f3e69293af611ebaee6363fc25e6d187d)
2026-05-21T03:53:54.1762908Z Download action repository 'actions/cache@v5' (SHA:27d5ce7f107fe9357f9df03efb73ab90386fccae)
2026-05-21T03:53:54.4017380Z Complete job name: autofix
2026-05-21T03:53:54.4756267Z ##[group]Run actions/checkout@v6
2026-05-21T03:53:54.4757162Z with:
2026-05-21T03:53:54.4758193Z   token: ***
2026-05-21T03:53:54.4758654Z   ref: worktree-web-meds-taken-times
2026-05-21T03:53:54.4759217Z   fetch-depth: 0
2026-05-21T03:53:54.4759676Z   repository: akarlin3/prismTask
2026-05-21T03:53:54.4760193Z   ssh-strict: true
2026-05-21T03:53:54.4760622Z   ssh-user: git
2026-05-21T03:53:54.4761078Z   persist-credentials: true
2026-05-21T03:53:54.4761562Z   clean: true
2026-05-21T03:53:54.4762019Z   sparse-checkout-cone-mode: true
2026-05-21T03:53:54.4762544Z   fetch-tags: false
2026-05-21T03:53:54.4762999Z   show-progress: true
2026-05-21T03:53:54.4763442Z   lfs: false
2026-05-21T03:53:54.4763844Z   submodules: false
2026-05-21T03:53:54.4764298Z   set-safe-directory: true
2026-05-21T03:53:54.4764967Z ##[endgroup]
2026-05-21T03:53:54.5877002Z Syncing repository: akarlin3/prismTask
2026-05-21T03:53:54.5879032Z ##[group]Getting Git version info
2026-05-21T03:53:54.5879951Z Working directory is '/home/runner/work/prismTask/prismTask'
2026-05-21T03:53:54.5882189Z [command]/usr/bin/git version
2026-05-21T03:53:54.5942716Z git version 2.54.0
2026-05-21T03:53:54.5971682Z ##[endgroup]
2026-05-21T03:53:54.5994364Z Temporarily overriding HOME='/home/runner/work/_temp/fed63215-438e-4954-99aa-b78d892ed701' before making global git config changes
2026-05-21T03:53:54.5997266Z Adding repository directory to the temporary git global config as a safe directory
2026-05-21T03:53:54.5999446Z [command]/usr/bin/git config --global --add safe.directory /home/runner/work/prismTask/prismTask
2026-05-21T03:53:54.6046543Z Deleting the contents of '/home/runner/work/prismTask/prismTask'
2026-05-21T03:53:54.6051684Z ##[group]Initializing the repository
2026-05-21T03:53:54.6057365Z [command]/usr/bin/git init /home/runner/work/prismTask/prismTask
2026-05-21T03:53:54.6151747Z hint: Using 'master' as the name for the initial branch. This default branch name
2026-05-21T03:53:54.6154197Z hint: will change to "main" in Git 3.0. To configure the initial branch name
2026-05-21T03:53:54.6155973Z hint: to use in all of your new repositories, which will suppress this warning,
2026-05-21T03:53:54.6157444Z hint: call:
2026-05-21T03:53:54.6158318Z hint:
2026-05-21T03:53:54.6159340Z hint: 	git config --global init.defaultBranch <name>
2026-05-21T03:53:54.6160594Z hint:
2026-05-21T03:53:54.6161699Z hint: Names commonly chosen instead of 'master' are 'main', 'trunk' and
2026-05-21T03:53:54.6163589Z hint: 'development'. The just-created branch can be renamed via this command:
2026-05-21T03:53:54.6165420Z hint:
2026-05-21T03:53:54.6166399Z hint: 	git branch -m <name>
2026-05-21T03:53:54.6167434Z hint:
2026-05-21T03:53:54.6168751Z hint: Disable this message with "git config set advice.defaultBranchName false"
2026-05-21T03:53:54.6170948Z Initialized empty Git repository in /home/runner/work/prismTask/prismTask/.git/
2026-05-21T03:53:54.6177463Z [command]/usr/bin/git remote add origin https://github.com/akarlin3/prismTask
2026-05-21T03:53:54.6221647Z ##[endgroup]
2026-05-21T03:53:54.6223065Z ##[group]Disabling automatic garbage collection
2026-05-21T03:53:54.6226725Z [command]/usr/bin/git config --local gc.auto 0
2026-05-21T03:53:54.6261585Z ##[endgroup]
2026-05-21T03:53:54.6263145Z ##[group]Setting up auth
2026-05-21T03:53:54.6264404Z Removing SSH command configuration
2026-05-21T03:53:54.6270120Z [command]/usr/bin/git config --local --name-only --get-regexp core\.sshCommand
2026-05-21T03:53:54.6307564Z [command]/usr/bin/git submodule foreach --recursive sh -c "git config --local --name-only --get-regexp 'core\.sshCommand' && git config --local --unset-all 'core.sshCommand' || :"
2026-05-21T03:53:54.6663365Z Removing HTTP extra header
2026-05-21T03:53:54.6670591Z [command]/usr/bin/git config --local --name-only --get-regexp http\.https\:\/\/github\.com\/\.extraheader
2026-05-21T03:53:54.6708417Z [command]/usr/bin/git submodule foreach --recursive sh -c "git config --local --name-only --get-regexp 'http\.https\:\/\/github\.com\/\.extraheader' && git config --local --unset-all 'http.https://github.com/.extraheader' || :"
2026-05-21T03:53:54.6955431Z Removing includeIf entries pointing to credentials config files
2026-05-21T03:53:54.6960132Z [command]/usr/bin/git config --local --name-only --get-regexp ^includeIf\.gitdir:
2026-05-21T03:53:54.6998145Z [command]/usr/bin/git submodule foreach --recursive git config --local --show-origin --name-only --get-regexp remote.origin.url
2026-05-21T03:53:54.7246554Z [command]/usr/bin/git config --file /home/runner/work/_temp/git-credentials-6d75755d-5ad6-4ea9-8670-b3e0b72e533b.config http.https://github.com/.extraheader AUTHORIZATION: basic ***
2026-05-21T03:53:54.7287107Z [command]/usr/bin/git config --local includeIf.gitdir:/home/runner/work/prismTask/prismTask/.git.path /home/runner/work/_temp/git-credentials-6d75755d-5ad6-4ea9-8670-b3e0b72e533b.config
2026-05-21T03:53:54.7320852Z [command]/usr/bin/git config --local includeIf.gitdir:/home/runner/work/prismTask/prismTask/.git/worktrees/*.path /home/runner/work/_temp/git-credentials-6d75755d-5ad6-4ea9-8670-b3e0b72e533b.config
2026-05-21T03:53:54.7356587Z [command]/usr/bin/git config --local includeIf.gitdir:/github/workspace/.git.path /github/runner_temp/git-credentials-6d75755d-5ad6-4ea9-8670-b3e0b72e533b.config
2026-05-21T03:53:54.7391527Z [command]/usr/bin/git config --local includeIf.gitdir:/github/workspace/.git/worktrees/*.path /github/runner_temp/git-credentials-6d75755d-5ad6-4ea9-8670-b3e0b72e533b.config
2026-05-21T03:53:54.7429332Z ##[endgroup]
2026-05-21T03:53:54.7430871Z ##[group]Fetching the repository
2026-05-21T03:53:54.7440358Z [command]/usr/bin/git -c protocol.version=2 fetch --no-tags --prune --no-recurse-submodules origin +refs/heads/*:refs/remotes/origin/* +refs/tags/*:refs/tags/*
2026-05-21T03:53:55.0312928Z remote: Write access to repository not granted.
2026-05-21T03:53:55.0333149Z ##[error]fatal: unable to access 'https://github.com/akarlin3/prismTask/': The requested URL returned error: 403
2026-05-21T03:53:55.0342043Z The process '/usr/bin/git' failed with exit code 128
2026-05-21T03:53:55.0342948Z Waiting 20 seconds before trying again
2026-05-21T03:54:15.0302010Z [command]/usr/bin/git -c protocol.version=2 fetch --no-tags --prune --no-recurse-submodules origin +refs/heads/*:refs/remotes/origin/* +refs/tags/*:refs/tags/*
2026-05-21T03:54:15.2657446Z remote: Write access to repository not granted.
2026-05-21T03:54:15.2664695Z ##[error]fatal: unable to access 'https://github.com/akarlin3/prismTask/': The requested URL returned error: 403
2026-05-21T03:54:15.2676869Z The process '/usr/bin/git' failed with exit code 128
2026-05-21T03:54:15.2677595Z Waiting 16 seconds before trying again
2026-05-21T03:54:31.2716412Z [command]/usr/bin/git -c protocol.version=2 fetch --no-tags --prune --no-recurse-submodules origin +refs/heads/*:refs/remotes/origin/* +refs/tags/*:refs/tags/*
2026-05-21T03:54:31.5062848Z remote: Write access to repository not granted.
2026-05-21T03:54:31.5065574Z ##[error]fatal: unable to access 'https://github.com/akarlin3/prismTask/': The requested URL returned error: 403
2026-05-21T03:54:31.5120258Z ##[error]The process '/usr/bin/git' failed with exit code 128
2026-05-21T03:54:31.5520846Z Post job cleanup.
2026-05-21T03:54:31.6421785Z [command]/usr/bin/git version
2026-05-21T03:54:31.6464356Z git version 2.54.0
2026-05-21T03:54:31.6507611Z Temporarily overriding HOME='/home/runner/work/_temp/2c63177f-7636-48c3-96d8-cffda65e724b' before making global git config changes
2026-05-21T03:54:31.6511143Z Adding repository directory to the temporary git global config as a safe directory
2026-05-21T03:54:31.6514089Z [command]/usr/bin/git config --global --add safe.directory /home/runner/work/prismTask/prismTask
2026-05-21T03:54:31.6552353Z Removing SSH command configuration
2026-05-21T03:54:31.6560639Z [command]/usr/bin/git config --local --name-only --get-regexp core\.sshCommand
2026-05-21T03:54:31.6603431Z [command]/usr/bin/git submodule foreach --recursive sh -c "git config --local --name-only --get-regexp 'core\.sshCommand' && git config --local --unset-all 'core.sshCommand' || :"
2026-05-21T03:54:31.6851468Z Removing HTTP extra header
2026-05-21T03:54:31.6857746Z [command]/usr/bin/git config --local --name-only --get-regexp http\.https\:\/\/github\.com\/\.extraheader
2026-05-21T03:54:31.6900508Z [command]/usr/bin/git submodule foreach --recursive sh -c "git config --local --name-only --get-regexp 'http\.https\:\/\/github\.com\/\.extraheader' && git config --local --unset-all 'http.https://github.com/.extraheader' || :"
2026-05-21T03:54:31.7164786Z Removing includeIf entries pointing to credentials config files
2026-05-21T03:54:31.7173937Z [command]/usr/bin/git config --local --name-only --get-regexp ^includeIf\.gitdir:
2026-05-21T03:54:31.7229697Z includeif.gitdir:/home/runner/work/prismTask/prismTask/.git.path
2026-05-21T03:54:31.7232831Z includeif.gitdir:/home/runner/work/prismTask/prismTask/.git/worktrees/*.path
2026-05-21T03:54:31.7235897Z includeif.gitdir:/github/workspace/.git.path
2026-05-21T03:54:31.7244547Z includeif.gitdir:/github/workspace/.git/worktrees/*.path
2026-05-21T03:54:31.7247273Z [command]/usr/bin/git config --local --get-all includeif.gitdir:/home/runner/work/prismTask/prismTask/.git.path
2026-05-21T03:54:31.7281772Z /home/runner/work/_temp/git-credentials-6d75755d-5ad6-4ea9-8670-b3e0b72e533b.config
2026-05-21T03:54:31.7309856Z [command]/usr/bin/git config --local --unset includeif.gitdir:/home/runner/work/prismTask/prismTask/.git.path /home/runner/work/_temp/git-credentials-6d75755d-5ad6-4ea9-8670-b3e0b72e533b.config
2026-05-21T03:54:31.7376676Z [command]/usr/bin/git config --local --get-all includeif.gitdir:/home/runner/work/prismTask/prismTask/.git/worktrees/*.path
2026-05-21T03:54:31.7396294Z /home/runner/work/_temp/git-credentials-6d75755d-5ad6-4ea9-8670-b3e0b72e533b.config
2026-05-21T03:54:31.7406738Z [command]/usr/bin/git config --local --unset includeif.gitdir:/home/runner/work/prismTask/prismTask/.git/worktrees/*.path /home/runner/work/_temp/git-credentials-6d75755d-5ad6-4ea9-8670-b3e0b72e533b.config
2026-05-21T03:54:31.7458725Z [command]/usr/bin/git config --local --get-all includeif.gitdir:/github/workspace/.git.path
2026-05-21T03:54:31.7506125Z /github/runner_temp/git-credentials-6d75755d-5ad6-4ea9-8670-b3e0b72e533b.config
2026-05-21T03:54:31.7519528Z [command]/usr/bin/git config --local --unset includeif.gitdir:/github/workspace/.git.path /github/runner_temp/git-credentials-6d75755d-5ad6-4ea9-8670-b3e0b72e533b.config
2026-05-21T03:54:31.7568388Z [command]/usr/bin/git config --local --get-all includeif.gitdir:/github/workspace/.git/worktrees/*.path
2026-05-21T03:54:31.7600780Z /github/runner_temp/git-credentials-6d75755d-5ad6-4ea9-8670-b3e0b72e533b.config
2026-05-21T03:54:31.7626473Z [command]/usr/bin/git config --local --unset includeif.gitdir:/github/workspace/.git/worktrees/*.path /github/runner_temp/git-credentials-6d75755d-5ad6-4ea9-8670-b3e0b72e533b.config
2026-05-21T03:54:31.7665617Z [command]/usr/bin/git submodule foreach --recursive git config --local --show-origin --name-only --get-regexp remote.origin.url
2026-05-21T03:54:31.7975352Z Removing credentials config '/home/runner/work/_temp/git-credentials-6d75755d-5ad6-4ea9-8670-b3e0b72e533b.config'
2026-05-21T03:54:31.8120393Z Cleaning up orphan processes
