=== CI FAILURE ===
Workflow:      Android CI
Workflow file: averycorp/prismTask/.github/workflows/android-ci.yml@refs/pull/1412/merge
Job(s):        autofix
Run ID:        25844945373
Run attempt:   1
Run URL:       https://github.com/averycorp/prismTask/actions/runs/25844945373
Commit:        b52308c71e249be2f11af19d691ad4a58f7f68b4
Branch:        1412/merge
Event:         pull_request
Actor:         akarlin3
Runner OS:     Linux
Timestamp:     2026-05-14T06:11:18.765Z

Failed steps:
  - autofix: #2 Run actions/checkout@v6

=== FAILED JOB LOG ===

--- Job: autofix (id 75938018459) ---
2026-05-14T06:10:39.6329902Z Current runner version: '2.334.0'
2026-05-14T06:10:39.6355527Z ##[group]Runner Image Provisioner
2026-05-14T06:10:39.6356429Z Hosted Compute Agent
2026-05-14T06:10:39.6357043Z Version: 20260213.493
2026-05-14T06:10:39.6357773Z Commit: 5c115507f6dd24b8de37d8bbe0bb4509d0cc0fa3
2026-05-14T06:10:39.6358525Z Build Date: 2026-02-13T00:28:41Z
2026-05-14T06:10:39.6359246Z Worker ID: {f3b117ef-14af-453a-ae09-67e908c5d0ee}
2026-05-14T06:10:39.6360072Z Azure Region: westus
2026-05-14T06:10:39.6360665Z ##[endgroup]
2026-05-14T06:10:39.6362528Z ##[group]Operating System
2026-05-14T06:10:39.6363308Z Ubuntu
2026-05-14T06:10:39.6363847Z 24.04.4
2026-05-14T06:10:39.6364331Z LTS
2026-05-14T06:10:39.6364970Z ##[endgroup]
2026-05-14T06:10:39.6365502Z ##[group]Runner Image
2026-05-14T06:10:39.6366112Z Image: ubuntu-24.04
2026-05-14T06:10:39.6366729Z Version: 20260413.86.1
2026-05-14T06:10:39.6367940Z Included Software: https://github.com/actions/runner-images/blob/ubuntu24/20260413.86/images/ubuntu/Ubuntu2404-Readme.md
2026-05-14T06:10:39.6369540Z Image Release: https://github.com/actions/runner-images/releases/tag/ubuntu24%2F20260413.86
2026-05-14T06:10:39.6370498Z ##[endgroup]
2026-05-14T06:10:39.6372217Z ##[group]GITHUB_TOKEN Permissions
2026-05-14T06:10:39.6374266Z Actions: read
2026-05-14T06:10:39.6374935Z Checks: read
2026-05-14T06:10:39.6375538Z Contents: write
2026-05-14T06:10:39.6376133Z Metadata: read
2026-05-14T06:10:39.6376702Z PullRequests: read
2026-05-14T06:10:39.6377276Z ##[endgroup]
2026-05-14T06:10:39.6379441Z Secret source: Actions
2026-05-14T06:10:39.6380194Z Prepare workflow directory
2026-05-14T06:10:39.6726485Z Prepare all required actions
2026-05-14T06:10:39.6765864Z Getting action download info
2026-05-14T06:10:40.1960778Z Download action repository 'actions/checkout@v6' (SHA:de0fac2e4500dabe0009e67214ff5f5447ce83dd)
2026-05-14T06:10:40.3213112Z Download action repository 'dorny/paths-filter@v4' (SHA:fbd0ab8f3e69293af611ebaee6363fc25e6d187d)
2026-05-14T06:10:40.6577794Z Download action repository 'actions/cache@v5' (SHA:27d5ce7f107fe9357f9df03efb73ab90386fccae)
2026-05-14T06:10:41.2992670Z Complete job name: autofix
2026-05-14T06:10:41.3932287Z ##[group]Run actions/checkout@v6
2026-05-14T06:10:41.3933654Z with:
2026-05-14T06:10:41.3935489Z   token: ***
2026-05-14T06:10:41.3936334Z   ref: worktree-audit+copy-tone-phase3-update
2026-05-14T06:10:41.3937413Z   fetch-depth: 0
2026-05-14T06:10:41.3938194Z   repository: averycorp/prismTask
2026-05-14T06:10:41.3939111Z   ssh-strict: true
2026-05-14T06:10:41.3939853Z   ssh-user: git
2026-05-14T06:10:41.3940609Z   persist-credentials: true
2026-05-14T06:10:41.3941735Z   clean: true
2026-05-14T06:10:41.3942527Z   sparse-checkout-cone-mode: true
2026-05-14T06:10:41.3943454Z   fetch-tags: false
2026-05-14T06:10:41.3944221Z   show-progress: true
2026-05-14T06:10:41.3944985Z   lfs: false
2026-05-14T06:10:41.3945687Z   submodules: false
2026-05-14T06:10:41.3946603Z   set-safe-directory: true
2026-05-14T06:10:41.3947873Z ##[endgroup]
2026-05-14T06:10:41.4952996Z Syncing repository: averycorp/prismTask
2026-05-14T06:10:41.4955982Z ##[group]Getting Git version info
2026-05-14T06:10:41.4957368Z Working directory is '/home/runner/work/prismTask/prismTask'
2026-05-14T06:10:41.4959844Z [command]/usr/bin/git version
2026-05-14T06:10:41.4986555Z git version 2.53.0
2026-05-14T06:10:41.5044715Z ##[endgroup]
2026-05-14T06:10:41.5060004Z Temporarily overriding HOME='/home/runner/work/_temp/4ebc0cdc-c0b2-4eb2-9c3e-3cb88bd0a980' before making global git config changes
2026-05-14T06:10:41.5063633Z Adding repository directory to the temporary git global config as a safe directory
2026-05-14T06:10:41.5066542Z [command]/usr/bin/git config --global --add safe.directory /home/runner/work/prismTask/prismTask
2026-05-14T06:10:41.5100654Z Deleting the contents of '/home/runner/work/prismTask/prismTask'
2026-05-14T06:10:41.5105196Z ##[group]Initializing the repository
2026-05-14T06:10:41.5109795Z [command]/usr/bin/git init /home/runner/work/prismTask/prismTask
2026-05-14T06:10:41.5213573Z hint: Using 'master' as the name for the initial branch. This default branch name
2026-05-14T06:10:41.5216047Z hint: will change to "main" in Git 3.0. To configure the initial branch name
2026-05-14T06:10:41.5219004Z hint: to use in all of your new repositories, which will suppress this warning,
2026-05-14T06:10:41.5220565Z hint: call:
2026-05-14T06:10:41.5221648Z hint:
2026-05-14T06:10:41.5222875Z hint: 	git config --global init.defaultBranch <name>
2026-05-14T06:10:41.5224356Z hint:
2026-05-14T06:10:41.5225519Z hint: Names commonly chosen instead of 'master' are 'main', 'trunk' and
2026-05-14T06:10:41.5227396Z hint: 'development'. The just-created branch can be renamed via this command:
2026-05-14T06:10:41.5228932Z hint:
2026-05-14T06:10:41.5229898Z hint: 	git branch -m <name>
2026-05-14T06:10:41.5230805Z hint:
2026-05-14T06:10:41.5232402Z hint: Disable this message with "git config set advice.defaultBranchName false"
2026-05-14T06:10:41.5234521Z Initialized empty Git repository in /home/runner/work/prismTask/prismTask/.git/
2026-05-14T06:10:41.5237966Z [command]/usr/bin/git remote add origin https://github.com/averycorp/prismTask
2026-05-14T06:10:41.5259029Z ##[endgroup]
2026-05-14T06:10:41.5260678Z ##[group]Disabling automatic garbage collection
2026-05-14T06:10:41.5263093Z [command]/usr/bin/git config --local gc.auto 0
2026-05-14T06:10:41.5294585Z ##[endgroup]
2026-05-14T06:10:41.5296917Z ##[group]Setting up auth
2026-05-14T06:10:41.5298538Z Removing SSH command configuration
2026-05-14T06:10:41.5302308Z [command]/usr/bin/git config --local --name-only --get-regexp core\.sshCommand
2026-05-14T06:10:41.5335730Z [command]/usr/bin/git submodule foreach --recursive sh -c "git config --local --name-only --get-regexp 'core\.sshCommand' && git config --local --unset-all 'core.sshCommand' || :"
2026-05-14T06:10:41.5615598Z Removing HTTP extra header
2026-05-14T06:10:41.5623621Z [command]/usr/bin/git config --local --name-only --get-regexp http\.https\:\/\/github\.com\/\.extraheader
2026-05-14T06:10:41.5659414Z [command]/usr/bin/git submodule foreach --recursive sh -c "git config --local --name-only --get-regexp 'http\.https\:\/\/github\.com\/\.extraheader' && git config --local --unset-all 'http.https://github.com/.extraheader' || :"
2026-05-14T06:10:41.5880175Z Removing includeIf entries pointing to credentials config files
2026-05-14T06:10:41.5882682Z [command]/usr/bin/git config --local --name-only --get-regexp ^includeIf\.gitdir:
2026-05-14T06:10:41.5912625Z [command]/usr/bin/git submodule foreach --recursive git config --local --show-origin --name-only --get-regexp remote.origin.url
2026-05-14T06:10:41.6149108Z [command]/usr/bin/git config --file /home/runner/work/_temp/git-credentials-478edf26-2bbb-416f-bd4f-3317ff245f58.config http.https://github.com/.extraheader AUTHORIZATION: basic ***
2026-05-14T06:10:41.6187025Z [command]/usr/bin/git config --local includeIf.gitdir:/home/runner/work/prismTask/prismTask/.git.path /home/runner/work/_temp/git-credentials-478edf26-2bbb-416f-bd4f-3317ff245f58.config
2026-05-14T06:10:41.6218587Z [command]/usr/bin/git config --local includeIf.gitdir:/home/runner/work/prismTask/prismTask/.git/worktrees/*.path /home/runner/work/_temp/git-credentials-478edf26-2bbb-416f-bd4f-3317ff245f58.config
2026-05-14T06:10:41.6250091Z [command]/usr/bin/git config --local includeIf.gitdir:/github/workspace/.git.path /github/runner_temp/git-credentials-478edf26-2bbb-416f-bd4f-3317ff245f58.config
2026-05-14T06:10:41.6283928Z [command]/usr/bin/git config --local includeIf.gitdir:/github/workspace/.git/worktrees/*.path /github/runner_temp/git-credentials-478edf26-2bbb-416f-bd4f-3317ff245f58.config
2026-05-14T06:10:41.6311523Z ##[endgroup]
2026-05-14T06:10:41.6312892Z ##[group]Fetching the repository
2026-05-14T06:10:41.6320581Z [command]/usr/bin/git -c protocol.version=2 fetch --no-tags --prune --no-recurse-submodules origin +refs/heads/*:refs/remotes/origin/* +refs/tags/*:refs/tags/*
2026-05-14T06:11:03.0108531Z From https://github.com/averycorp/prismTask
2026-05-14T06:11:03.0114020Z  * [new branch]        ci-logs         -> origin/ci-logs
2026-05-14T06:11:03.0115454Z  * [new branch]        main            -> origin/main
2026-05-14T06:11:03.0116182Z  * [new branch]        v0.1.0-legacy   -> origin/v0.1.0-legacy
2026-05-14T06:11:03.0116864Z  * [new branch]        v0.2.0-legacy   -> origin/v0.2.0-legacy
2026-05-14T06:11:03.0117520Z  * [new branch]        v0.3.0-legacy   -> origin/v0.3.0-legacy
2026-05-14T06:11:03.0118197Z  * [new branch]        v0.4.0-legacy   -> origin/v0.4.0-legacy
2026-05-14T06:11:03.0118855Z  * [new branch]        v0.5.0-legacy   -> origin/v0.5.0-legacy
2026-05-14T06:11:03.0119520Z  * [new branch]        v0.6.0-legacy   -> origin/v0.6.0-legacy
2026-05-14T06:11:03.0120223Z  * [new branch]        v0.7.0-legacy   -> origin/v0.7.0-legacy
2026-05-14T06:11:03.0121314Z  * [new branch]        worktree-chore+automation-template-hygiene -> origin/worktree-chore+automation-template-hygiene
2026-05-14T06:11:03.0122902Z  * [new branch]        worktree-course-name-only -> origin/worktree-course-name-only
2026-05-14T06:11:03.0124111Z  * [new branch]        worktree-leisure-categories-removable -> origin/worktree-leisure-categories-removable
2026-05-14T06:11:03.0125308Z  * [new branch]        worktree-recheck-recurring -> origin/worktree-recheck-recurring
2026-05-14T06:11:03.0126826Z  * [new branch]        worktree-remove-leisure-minimum-from-daily-essentials -> origin/worktree-remove-leisure-minimum-from-daily-essentials
2026-05-14T06:11:03.0128108Z  * [new tag]           v0.1.0          -> v0.1.0
2026-05-14T06:11:03.0128648Z  * [new tag]           v0.2.0          -> v0.2.0
2026-05-14T06:11:03.0129184Z  * [new tag]           v0.3.0          -> v0.3.0
2026-05-14T06:11:03.0129719Z  * [new tag]           v0.4.0          -> v0.4.0
2026-05-14T06:11:03.0130244Z  * [new tag]           v0.5.0          -> v0.5.0
2026-05-14T06:11:03.0130785Z  * [new tag]           v0.7.0          -> v0.7.0
2026-05-14T06:11:03.0131543Z  * [new tag]           v0.7.12         -> v0.7.12
2026-05-14T06:11:03.0132151Z  * [new tag]           v0.7.13         -> v0.7.13
2026-05-14T06:11:03.0132800Z  * [new tag]           v0.7.14         -> v0.7.14
2026-05-14T06:11:03.0133660Z  * [new tag]           v0.7.15         -> v0.7.15
2026-05-14T06:11:03.0134219Z  * [new tag]           v0.7.16         -> v0.7.16
2026-05-14T06:11:03.0134752Z  * [new tag]           v0.7.17         -> v0.7.17
2026-05-14T06:11:03.0135333Z  * [new tag]           v0.7.17-build.2 -> v0.7.17-build.2
2026-05-14T06:11:03.0135939Z  * [new tag]           v0.7.17-build.3 -> v0.7.17-build.3
2026-05-14T06:11:03.0136639Z  * [new tag]           v0.7.17-build.4 -> v0.7.17-build.4
2026-05-14T06:11:03.0137302Z  * [new tag]           v0.7.17-build.5 -> v0.7.17-build.5
2026-05-14T06:11:03.0137887Z  * [new tag]           v0.7.17-build.6 -> v0.7.17-build.6
2026-05-14T06:11:03.0138461Z  * [new tag]           v0.7.17-build.7 -> v0.7.17-build.7
2026-05-14T06:11:03.0139089Z  * [new tag]           v0.7.17-build.8 -> v0.7.17-build.8
2026-05-14T06:11:03.0139674Z  * [new tag]           v0.7.17-build.9 -> v0.7.17-build.9
2026-05-14T06:11:03.0140308Z  * [new tag]           v0.7.18         -> v0.7.18
2026-05-14T06:11:03.0140894Z  * [new tag]           v0.7.18-build.2 -> v0.7.18-build.2
2026-05-14T06:11:03.0141687Z  * [new tag]           v0.7.18-build.3 -> v0.7.18-build.3
2026-05-14T06:11:03.0142287Z  * [new tag]           v0.7.18-build.4 -> v0.7.18-build.4
2026-05-14T06:11:03.0142840Z  * [new tag]           v0.7.19         -> v0.7.19
2026-05-14T06:11:03.0143406Z  * [new tag]           v0.7.19-build.2 -> v0.7.19-build.2
2026-05-14T06:11:03.0143961Z  * [new tag]           v0.7.20         -> v0.7.20
2026-05-14T06:11:03.0144518Z  * [new tag]           v0.7.20-build.2 -> v0.7.20-build.2
2026-05-14T06:11:03.0145093Z  * [new tag]           v0.7.20-build.3 -> v0.7.20-build.3
2026-05-14T06:11:03.0145671Z  * [new tag]           v0.7.20-build.4 -> v0.7.20-build.4
2026-05-14T06:11:03.0146251Z  * [new tag]           v0.8.0          -> v0.8.0
2026-05-14T06:11:03.0146817Z  * [new tag]           v0.8.0-build.2  -> v0.8.0-build.2
2026-05-14T06:11:03.0147914Z  * [new tag]           v0.8.1          -> v0.8.1
2026-05-14T06:11:03.0148708Z  * [new tag]           v0.8.10         -> v0.8.10
2026-05-14T06:11:03.0149286Z  * [new tag]           v0.8.11         -> v0.8.11
2026-05-14T06:11:03.0149822Z  * [new tag]           v0.8.12         -> v0.8.12
2026-05-14T06:11:03.0150358Z  * [new tag]           v0.8.13         -> v0.8.13
2026-05-14T06:11:03.0150886Z  * [new tag]           v0.8.14         -> v0.8.14
2026-05-14T06:11:03.0152493Z  * [new tag]           v0.8.15         -> v0.8.15
2026-05-14T06:11:03.0153135Z  * [new tag]           v0.8.2          -> v0.8.2
2026-05-14T06:11:03.0153685Z  * [new tag]           v0.8.3          -> v0.8.3
2026-05-14T06:11:03.0154227Z  * [new tag]           v0.8.4          -> v0.8.4
2026-05-14T06:11:03.0154763Z  * [new tag]           v0.8.5          -> v0.8.5
2026-05-14T06:11:03.0155300Z  * [new tag]           v0.8.6          -> v0.8.6
2026-05-14T06:11:03.0155823Z  * [new tag]           v0.8.7          -> v0.8.7
2026-05-14T06:11:03.0156384Z  * [new tag]           v0.8.8          -> v0.8.8
2026-05-14T06:11:03.0156921Z  * [new tag]           v0.8.9          -> v0.8.9
2026-05-14T06:11:03.0157447Z  * [new tag]           v0.9.1          -> v0.9.1
2026-05-14T06:11:03.0158073Z  * [new tag]           v0.9.2          -> v0.9.2
2026-05-14T06:11:03.0158634Z  * [new tag]           v1.0.1          -> v1.0.1
2026-05-14T06:11:03.0159268Z  * [new tag]           v1.0.10         -> v1.0.10
2026-05-14T06:11:03.0159998Z  * [new tag]           v1.0.11         -> v1.0.11
2026-05-14T06:11:03.0160663Z  * [new tag]           v1.0.12         -> v1.0.12
2026-05-14T06:11:03.0161271Z  * [new tag]           v1.0.13         -> v1.0.13
2026-05-14T06:11:03.0162067Z  * [new tag]           v1.0.2          -> v1.0.2
2026-05-14T06:11:03.0162616Z  * [new tag]           v1.0.3          -> v1.0.3
2026-05-14T06:11:03.0163154Z  * [new tag]           v1.0.4          -> v1.0.4
2026-05-14T06:11:03.0163679Z  * [new tag]           v1.0.5          -> v1.0.5
2026-05-14T06:11:03.0164237Z  * [new tag]           v1.0.6          -> v1.0.6
2026-05-14T06:11:03.0164993Z  * [new tag]           v1.0.7          -> v1.0.7
2026-05-14T06:11:03.0165554Z  * [new tag]           v1.0.8          -> v1.0.8
2026-05-14T06:11:03.0166124Z  * [new tag]           v1.0.9          -> v1.0.9
2026-05-14T06:11:03.0166684Z  * [new tag]           v1.1.1          -> v1.1.1
2026-05-14T06:11:03.0167332Z  * [new tag]           v1.1.1-build.2  -> v1.1.1-build.2
2026-05-14T06:11:03.0168082Z  * [new tag]           v1.1.1-build.3  -> v1.1.1-build.3
2026-05-14T06:11:03.0168837Z  * [new tag]           v1.1.1-build.4  -> v1.1.1-build.4
2026-05-14T06:11:03.0169569Z  * [new tag]           v1.1.10         -> v1.1.10
2026-05-14T06:11:03.0170215Z  * [new tag]           v1.1.11         -> v1.1.11
2026-05-14T06:11:03.0170793Z  * [new tag]           v1.1.12         -> v1.1.12
2026-05-14T06:11:03.0171617Z  * [new tag]           v1.1.2          -> v1.1.2
2026-05-14T06:11:03.0172229Z  * [new tag]           v1.1.3          -> v1.1.3
2026-05-14T06:11:03.0172787Z  * [new tag]           v1.1.4          -> v1.1.4
2026-05-14T06:11:03.0173175Z  * [new tag]           v1.1.5          -> v1.1.5
2026-05-14T06:11:03.0173532Z  * [new tag]           v1.1.6          -> v1.1.6
2026-05-14T06:11:03.0173888Z  * [new tag]           v1.1.7          -> v1.1.7
2026-05-14T06:11:03.0174261Z  * [new tag]           v1.1.8          -> v1.1.8
2026-05-14T06:11:03.0174610Z  * [new tag]           v1.1.9          -> v1.1.9
2026-05-14T06:11:03.0174964Z  * [new tag]           v1.3.0          -> v1.3.0
2026-05-14T06:11:03.0175322Z  * [new tag]           v1.3.1          -> v1.3.1
2026-05-14T06:11:03.0175681Z  * [new tag]           v1.3.10         -> v1.3.10
2026-05-14T06:11:03.0176034Z  * [new tag]           v1.3.11         -> v1.3.11
2026-05-14T06:11:03.0176422Z  * [new tag]           v1.3.11-build.2 -> v1.3.11-build.2
2026-05-14T06:11:03.0176815Z  * [new tag]           v1.3.12         -> v1.3.12
2026-05-14T06:11:03.0177173Z  * [new tag]           v1.3.13         -> v1.3.13
2026-05-14T06:11:03.0177795Z  * [new tag]           v1.3.13-build.2 -> v1.3.13-build.2
2026-05-14T06:11:03.0178187Z  * [new tag]           v1.3.14         -> v1.3.14
2026-05-14T06:11:03.0178540Z  * [new tag]           v1.3.15         -> v1.3.15
2026-05-14T06:11:03.0178904Z  * [new tag]           v1.3.16         -> v1.3.16
2026-05-14T06:11:03.0179260Z  * [new tag]           v1.3.17         -> v1.3.17
2026-05-14T06:11:03.0179658Z  * [new tag]           v1.3.18         -> v1.3.18
2026-05-14T06:11:03.0180016Z  * [new tag]           v1.3.19         -> v1.3.19
2026-05-14T06:11:03.0180370Z  * [new tag]           v1.3.2          -> v1.3.2
2026-05-14T06:11:03.0180719Z  * [new tag]           v1.3.20         -> v1.3.20
2026-05-14T06:11:03.0181080Z  * [new tag]           v1.3.21         -> v1.3.21
2026-05-14T06:11:03.0181971Z  * [new tag]           v1.3.22         -> v1.3.22
2026-05-14T06:11:03.0182658Z  * [new tag]           v1.3.23         -> v1.3.23
2026-05-14T06:11:03.0183325Z  * [new tag]           v1.3.24         -> v1.3.24
2026-05-14T06:11:03.0184011Z  * [new tag]           v1.3.25         -> v1.3.25
2026-05-14T06:11:03.0184737Z  * [new tag]           v1.3.26         -> v1.3.26
2026-05-14T06:11:03.0185487Z  * [new tag]           v1.3.27         -> v1.3.27
2026-05-14T06:11:03.0186218Z  * [new tag]           v1.3.28         -> v1.3.28
2026-05-14T06:11:03.0186867Z  * [new tag]           v1.3.29         -> v1.3.29
2026-05-14T06:11:03.0257867Z  * [new tag]           v1.3.3          -> v1.3.3
2026-05-14T06:11:03.0258798Z  * [new tag]           v1.3.30         -> v1.3.30
2026-05-14T06:11:03.0259571Z  * [new tag]           v1.3.31         -> v1.3.31
2026-05-14T06:11:03.0260322Z  * [new tag]           v1.3.32         -> v1.3.32
2026-05-14T06:11:03.0260888Z  * [new tag]           v1.3.33         -> v1.3.33
2026-05-14T06:11:03.0261730Z  * [new tag]           v1.3.34         -> v1.3.34
2026-05-14T06:11:03.0262355Z  * [new tag]           v1.3.35         -> v1.3.35
2026-05-14T06:11:03.0263073Z  * [new tag]           v1.3.36         -> v1.3.36
2026-05-14T06:11:03.0263691Z  * [new tag]           v1.3.37         -> v1.3.37
2026-05-14T06:11:03.0264540Z  * [new tag]           v1.3.38         -> v1.3.38
2026-05-14T06:11:03.0265182Z  * [new tag]           v1.3.39         -> v1.3.39
2026-05-14T06:11:03.0265741Z  * [new tag]           v1.3.4          -> v1.3.4
2026-05-14T06:11:03.0266455Z  * [new tag]           v1.3.40         -> v1.3.40
2026-05-14T06:11:03.0267075Z  * [new tag]           v1.3.41         -> v1.3.41
2026-05-14T06:11:03.0267668Z  * [new tag]           v1.3.42         -> v1.3.42
2026-05-14T06:11:03.0268330Z  * [new tag]           v1.3.43         -> v1.3.43
2026-05-14T06:11:03.0269010Z  * [new tag]           v1.3.44         -> v1.3.44
2026-05-14T06:11:03.0269649Z  * [new tag]           v1.3.45         -> v1.3.45
2026-05-14T06:11:03.0270259Z  * [new tag]           v1.3.46         -> v1.3.46
2026-05-14T06:11:03.0270877Z  * [new tag]           v1.3.47         -> v1.3.47
2026-05-14T06:11:03.0271773Z  * [new tag]           v1.3.48         -> v1.3.48
2026-05-14T06:11:03.0272423Z  * [new tag]           v1.3.49         -> v1.3.49
2026-05-14T06:11:03.0273065Z  * [new tag]           v1.3.5          -> v1.3.5
2026-05-14T06:11:03.0273722Z  * [new tag]           v1.3.5-build.2  -> v1.3.5-build.2
2026-05-14T06:11:03.0274349Z  * [new tag]           v1.3.50         -> v1.3.50
2026-05-14T06:11:03.0274973Z  * [new tag]           v1.3.51         -> v1.3.51
2026-05-14T06:11:03.0275601Z  * [new tag]           v1.3.52         -> v1.3.52
2026-05-14T06:11:03.0276211Z  * [new tag]           v1.3.53         -> v1.3.53
2026-05-14T06:11:03.0276837Z  * [new tag]           v1.3.54         -> v1.3.54
2026-05-14T06:11:03.0277550Z  * [new tag]           v1.3.55         -> v1.3.55
2026-05-14T06:11:03.0278179Z  * [new tag]           v1.3.56         -> v1.3.56
2026-05-14T06:11:03.0278793Z  * [new tag]           v1.3.57         -> v1.3.57
2026-05-14T06:11:03.0279369Z  * [new tag]           v1.3.58         -> v1.3.58
2026-05-14T06:11:03.0279953Z  * [new tag]           v1.3.59         -> v1.3.59
2026-05-14T06:11:03.0280678Z  * [new tag]           v1.3.6          -> v1.3.6
2026-05-14T06:11:03.0281074Z  * [new tag]           v1.3.60         -> v1.3.60
2026-05-14T06:11:03.0281910Z  * [new tag]           v1.3.61         -> v1.3.61
2026-05-14T06:11:03.0282311Z  * [new tag]           v1.3.62         -> v1.3.62
2026-05-14T06:11:03.0282677Z  * [new tag]           v1.3.7          -> v1.3.7
2026-05-14T06:11:03.0283043Z  * [new tag]           v1.3.8          -> v1.3.8
2026-05-14T06:11:03.0283399Z  * [new tag]           v1.3.9          -> v1.3.9
2026-05-14T06:11:03.0283768Z  * [new tag]           v1.4.40         -> v1.4.40
2026-05-14T06:11:03.0284126Z  * [new tag]           v1.5.0          -> v1.5.0
2026-05-14T06:11:03.0284473Z  * [new tag]           v1.5.2          -> v1.5.2
2026-05-14T06:11:03.0284827Z  * [new tag]           v1.5.3          -> v1.5.3
2026-05-14T06:11:03.0285196Z  * [new tag]           v1.6.0          -> v1.6.0
2026-05-14T06:11:03.0285552Z  * [new tag]           v1.7.0          -> v1.7.0
2026-05-14T06:11:03.0285933Z  * [new tag]           v1.7.37         -> v1.7.37
2026-05-14T06:11:03.0286306Z  * [new tag]           v1.7.38         -> v1.7.38
2026-05-14T06:11:03.0286668Z  * [new tag]           v1.7.39         -> v1.7.39
2026-05-14T06:11:03.0287023Z  * [new tag]           v1.7.40         -> v1.7.40
2026-05-14T06:11:03.0287382Z  * [new tag]           v1.7.41         -> v1.7.41
2026-05-14T06:11:03.0287735Z  * [new tag]           v1.7.42         -> v1.7.42
2026-05-14T06:11:03.0288081Z  * [new tag]           v1.7.43         -> v1.7.43
2026-05-14T06:11:03.0288435Z  * [new tag]           v1.7.44         -> v1.7.44
2026-05-14T06:11:03.0288785Z  * [new tag]           v1.7.45         -> v1.7.45
2026-05-14T06:11:03.0289133Z  * [new tag]           v1.7.46         -> v1.7.46
2026-05-14T06:11:03.0289487Z  * [new tag]           v1.7.47         -> v1.7.47
2026-05-14T06:11:03.0289840Z  * [new tag]           v1.7.48         -> v1.7.48
2026-05-14T06:11:03.0290198Z  * [new tag]           v1.7.49         -> v1.7.49
2026-05-14T06:11:03.0290569Z  * [new tag]           v1.7.50         -> v1.7.50
2026-05-14T06:11:03.0291078Z  * [new tag]           v1.7.51         -> v1.7.51
2026-05-14T06:11:03.0291723Z  * [new tag]           v1.7.52         -> v1.7.52
2026-05-14T06:11:03.0292093Z  * [new tag]           v1.7.53         -> v1.7.53
2026-05-14T06:11:03.0292451Z  * [new tag]           v1.7.54         -> v1.7.54
2026-05-14T06:11:03.0292807Z  * [new tag]           v1.7.55         -> v1.7.55
2026-05-14T06:11:03.0293159Z  * [new tag]           v1.7.56         -> v1.7.56
2026-05-14T06:11:03.0293514Z  * [new tag]           v1.7.57         -> v1.7.57
2026-05-14T06:11:03.0293873Z  * [new tag]           v1.7.58         -> v1.7.58
2026-05-14T06:11:03.0294222Z  * [new tag]           v1.7.59         -> v1.7.59
2026-05-14T06:11:03.0294575Z  * [new tag]           v1.7.60         -> v1.7.60
2026-05-14T06:11:03.0294932Z  * [new tag]           v1.7.61         -> v1.7.61
2026-05-14T06:11:03.0295278Z  * [new tag]           v1.7.62         -> v1.7.62
2026-05-14T06:11:03.0295642Z  * [new tag]           v1.7.63         -> v1.7.63
2026-05-14T06:11:03.0296007Z  * [new tag]           v1.7.64         -> v1.7.64
2026-05-14T06:11:03.0296355Z  * [new tag]           v1.7.65         -> v1.7.65
2026-05-14T06:11:03.0296744Z  * [new tag]           v1.7.66         -> v1.7.66
2026-05-14T06:11:03.0297094Z  * [new tag]           v1.7.67         -> v1.7.67
2026-05-14T06:11:03.0297446Z  * [new tag]           v1.7.68         -> v1.7.68
2026-05-14T06:11:03.0297802Z  * [new tag]           v1.7.69         -> v1.7.69
2026-05-14T06:11:03.0298150Z  * [new tag]           v1.7.70         -> v1.7.70
2026-05-14T06:11:03.0298600Z  * [new tag]           v1.7.71         -> v1.7.71
2026-05-14T06:11:03.0298958Z  * [new tag]           v1.7.72         -> v1.7.72
2026-05-14T06:11:03.0299316Z  * [new tag]           v1.7.73         -> v1.7.73
2026-05-14T06:11:03.0299663Z  * [new tag]           v1.7.74         -> v1.7.74
2026-05-14T06:11:03.0300021Z  * [new tag]           v1.7.75         -> v1.7.75
2026-05-14T06:11:03.0300580Z  * [new tag]           v1.7.76         -> v1.7.76
2026-05-14T06:11:03.0300935Z  * [new tag]           v1.7.77         -> v1.7.77
2026-05-14T06:11:03.0301295Z  * [new tag]           v1.7.78         -> v1.7.78
2026-05-14T06:11:03.0301916Z  * [new tag]           v1.7.79         -> v1.7.79
2026-05-14T06:11:03.0302278Z  * [new tag]           v1.7.80         -> v1.7.80
2026-05-14T06:11:03.0302629Z  * [new tag]           v1.7.81         -> v1.7.81
2026-05-14T06:11:03.0302986Z  * [new tag]           v1.7.82         -> v1.7.82
2026-05-14T06:11:03.0303341Z  * [new tag]           v1.7.83         -> v1.7.83
2026-05-14T06:11:03.0303687Z  * [new tag]           v1.7.84         -> v1.7.84
2026-05-14T06:11:03.0304042Z  * [new tag]           v1.7.85         -> v1.7.85
2026-05-14T06:11:03.0304395Z  * [new tag]           v1.7.86         -> v1.7.86
2026-05-14T06:11:03.0304745Z  * [new tag]           v1.7.87         -> v1.7.87
2026-05-14T06:11:03.0305100Z  * [new tag]           v1.7.90         -> v1.7.90
2026-05-14T06:11:03.0305471Z  * [new tag]           v1.7.92         -> v1.7.92
2026-05-14T06:11:03.0305827Z  * [new tag]           v1.7.93         -> v1.7.93
2026-05-14T06:11:03.0306184Z  * [new tag]           v1.7.94         -> v1.7.94
2026-05-14T06:11:03.0306538Z  * [new tag]           v1.7.95         -> v1.7.95
2026-05-14T06:11:03.0306884Z  * [new tag]           v1.7.96         -> v1.7.96
2026-05-14T06:11:03.0307238Z  * [new tag]           v1.7.97         -> v1.7.97
2026-05-14T06:11:03.0307592Z  * [new tag]           v1.8.0          -> v1.8.0
2026-05-14T06:11:03.0307950Z  * [new tag]           v1.8.1          -> v1.8.1
2026-05-14T06:11:03.0308303Z  * [new tag]           v1.8.10         -> v1.8.10
2026-05-14T06:11:03.0308662Z  * [new tag]           v1.8.11         -> v1.8.11
2026-05-14T06:11:03.0309017Z  * [new tag]           v1.8.12         -> v1.8.12
2026-05-14T06:11:03.0309362Z  * [new tag]           v1.8.14         -> v1.8.14
2026-05-14T06:11:03.0309718Z  * [new tag]           v1.8.15         -> v1.8.15
2026-05-14T06:11:03.0310085Z  * [new tag]           v1.8.16         -> v1.8.16
2026-05-14T06:11:03.0310567Z  * [new tag]           v1.8.17         -> v1.8.17
2026-05-14T06:11:03.0310932Z  * [new tag]           v1.8.18         -> v1.8.18
2026-05-14T06:11:03.0311289Z  * [new tag]           v1.8.19         -> v1.8.19
2026-05-14T06:11:03.0312025Z  * [new tag]           v1.8.2          -> v1.8.2
2026-05-14T06:11:03.0312398Z  * [new tag]           v1.8.20         -> v1.8.20
2026-05-14T06:11:03.0312755Z  * [new tag]           v1.8.21         -> v1.8.21
2026-05-14T06:11:03.0313108Z  * [new tag]           v1.8.22         -> v1.8.22
2026-05-14T06:11:03.0313461Z  * [new tag]           v1.8.23         -> v1.8.23
2026-05-14T06:11:03.0313811Z  * [new tag]           v1.8.24         -> v1.8.24
2026-05-14T06:11:03.0314183Z  * [new tag]           v1.8.25         -> v1.8.25
2026-05-14T06:11:03.0314542Z  * [new tag]           v1.8.26         -> v1.8.26
2026-05-14T06:11:03.0314903Z  * [new tag]           v1.8.27         -> v1.8.27
2026-05-14T06:11:03.0315271Z  * [new tag]           v1.8.28         -> v1.8.28
2026-05-14T06:11:03.0315635Z  * [new tag]           v1.8.29         -> v1.8.29
2026-05-14T06:11:03.0315984Z  * [new tag]           v1.8.3          -> v1.8.3
2026-05-14T06:11:03.0316348Z  * [new tag]           v1.8.30         -> v1.8.30
2026-05-14T06:11:03.0316709Z  * [new tag]           v1.8.31         -> v1.8.31
2026-05-14T06:11:03.0317061Z  * [new tag]           v1.8.32         -> v1.8.32
2026-05-14T06:11:03.0317420Z  * [new tag]           v1.8.33         -> v1.8.33
2026-05-14T06:11:03.0317774Z  * [new tag]           v1.8.34         -> v1.8.34
2026-05-14T06:11:03.0318127Z  * [new tag]           v1.8.35         -> v1.8.35
2026-05-14T06:11:03.0318480Z  * [new tag]           v1.8.36         -> v1.8.36
2026-05-14T06:11:03.0318837Z  * [new tag]           v1.8.37         -> v1.8.37
2026-05-14T06:11:03.0319188Z  * [new tag]           v1.8.38         -> v1.8.38
2026-05-14T06:11:03.0319545Z  * [new tag]           v1.8.39         -> v1.8.39
2026-05-14T06:11:03.0320059Z  * [new tag]           v1.8.4          -> v1.8.4
2026-05-14T06:11:03.0320418Z  * [new tag]           v1.8.40         -> v1.8.40
2026-05-14T06:11:03.0320775Z  * [new tag]           v1.8.41         -> v1.8.41
2026-05-14T06:11:03.0321133Z  * [new tag]           v1.8.42         -> v1.8.42
2026-05-14T06:11:03.0321797Z  * [new tag]           v1.8.43         -> v1.8.43
2026-05-14T06:11:03.0322158Z  * [new tag]           v1.8.44         -> v1.8.44
2026-05-14T06:11:03.0322512Z  * [new tag]           v1.8.45         -> v1.8.45
2026-05-14T06:11:03.0322862Z  * [new tag]           v1.8.46         -> v1.8.46
2026-05-14T06:11:03.0323208Z  * [new tag]           v1.8.47         -> v1.8.47
2026-05-14T06:11:03.0323558Z  * [new tag]           v1.8.48         -> v1.8.48
2026-05-14T06:11:03.0323909Z  * [new tag]           v1.8.49         -> v1.8.49
2026-05-14T06:11:03.0324260Z  * [new tag]           v1.8.5          -> v1.8.5
2026-05-14T06:11:03.0324613Z  * [new tag]           v1.8.50         -> v1.8.50
2026-05-14T06:11:03.0324977Z  * [new tag]           v1.8.51         -> v1.8.51
2026-05-14T06:11:03.0325330Z  * [new tag]           v1.8.52         -> v1.8.52
2026-05-14T06:11:03.0325682Z  * [new tag]           v1.8.53         -> v1.8.53
2026-05-14T06:11:03.0326037Z  * [new tag]           v1.8.54         -> v1.8.54
2026-05-14T06:11:03.0326385Z  * [new tag]           v1.8.6          -> v1.8.6
2026-05-14T06:11:03.0326739Z  * [new tag]           v1.8.7          -> v1.8.7
2026-05-14T06:11:03.0327090Z  * [new tag]           v1.8.8          -> v1.8.8
2026-05-14T06:11:03.0327446Z  * [new tag]           v1.8.9          -> v1.8.9
2026-05-14T06:11:03.0327791Z  * [new tag]           v1.9.1          -> v1.9.1
2026-05-14T06:11:03.0328145Z  * [new tag]           v1.9.10         -> v1.9.10
2026-05-14T06:11:03.0328512Z  * [new tag]           v1.9.11         -> v1.9.11
2026-05-14T06:11:03.0328860Z  * [new tag]           v1.9.12         -> v1.9.12
2026-05-14T06:11:03.0329214Z  * [new tag]           v1.9.13         -> v1.9.13
2026-05-14T06:11:03.0329573Z  * [new tag]           v1.9.14         -> v1.9.14
2026-05-14T06:11:03.0330126Z  * [new tag]           v1.9.15         -> v1.9.15
2026-05-14T06:11:03.0330501Z  * [new tag]           v1.9.16         -> v1.9.16
2026-05-14T06:11:03.0330860Z  * [new tag]           v1.9.18         -> v1.9.18
2026-05-14T06:11:03.0331210Z  * [new tag]           v1.9.19         -> v1.9.19
2026-05-14T06:11:03.0331880Z  * [new tag]           v1.9.2          -> v1.9.2
2026-05-14T06:11:03.0332250Z  * [new tag]           v1.9.20         -> v1.9.20
2026-05-14T06:11:03.0332603Z  * [new tag]           v1.9.21         -> v1.9.21
2026-05-14T06:11:03.0332962Z  * [new tag]           v1.9.22         -> v1.9.22
2026-05-14T06:11:03.0333318Z  * [new tag]           v1.9.23         -> v1.9.23
2026-05-14T06:11:03.0333667Z  * [new tag]           v1.9.24         -> v1.9.24
2026-05-14T06:11:03.0334013Z  * [new tag]           v1.9.26         -> v1.9.26
2026-05-14T06:11:03.0334368Z  * [new tag]           v1.9.3          -> v1.9.3
2026-05-14T06:11:03.0334735Z  * [new tag]           v1.9.4          -> v1.9.4
2026-05-14T06:11:03.0335088Z  * [new tag]           v1.9.5          -> v1.9.5
2026-05-14T06:11:03.0335440Z  * [new tag]           v1.9.6          -> v1.9.6
2026-05-14T06:11:03.0335793Z  * [new tag]           v1.9.7          -> v1.9.7
2026-05-14T06:11:03.0336143Z  * [new tag]           v1.9.8          -> v1.9.8
2026-05-14T06:11:03.0336496Z  * [new tag]           v1.9.9          -> v1.9.9
2026-05-14T06:11:03.0451226Z ##[endgroup]
2026-05-14T06:11:03.0453344Z ##[group]Determining the checkout info
2026-05-14T06:11:03.0458139Z [command]/usr/bin/git branch --list --remote origin/worktree-audit+copy-tone-phase3-update
2026-05-14T06:11:03.0515871Z [command]/usr/bin/git tag --list worktree-audit+copy-tone-phase3-update
2026-05-14T06:11:03.0603822Z ##[error]A branch or tag with the name 'worktree-audit+copy-tone-phase3-update' could not be found
2026-05-14T06:11:03.0910119Z Post job cleanup.
2026-05-14T06:11:03.1746352Z [command]/usr/bin/git version
2026-05-14T06:11:03.1783609Z git version 2.53.0
2026-05-14T06:11:03.1825085Z Temporarily overriding HOME='/home/runner/work/_temp/81fb702c-6519-455e-a548-952bd18e8d18' before making global git config changes
2026-05-14T06:11:03.1826680Z Adding repository directory to the temporary git global config as a safe directory
2026-05-14T06:11:03.1830331Z [command]/usr/bin/git config --global --add safe.directory /home/runner/work/prismTask/prismTask
2026-05-14T06:11:03.1862703Z Removing SSH command configuration
2026-05-14T06:11:03.1869327Z [command]/usr/bin/git config --local --name-only --get-regexp core\.sshCommand
2026-05-14T06:11:03.1909153Z [command]/usr/bin/git submodule foreach --recursive sh -c "git config --local --name-only --get-regexp 'core\.sshCommand' && git config --local --unset-all 'core.sshCommand' || :"
2026-05-14T06:11:03.2134155Z Removing HTTP extra header
2026-05-14T06:11:03.2140505Z [command]/usr/bin/git config --local --name-only --get-regexp http\.https\:\/\/github\.com\/\.extraheader
2026-05-14T06:11:03.2174865Z [command]/usr/bin/git submodule foreach --recursive sh -c "git config --local --name-only --get-regexp 'http\.https\:\/\/github\.com\/\.extraheader' && git config --local --unset-all 'http.https://github.com/.extraheader' || :"
2026-05-14T06:11:03.2393920Z Removing includeIf entries pointing to credentials config files
2026-05-14T06:11:03.2401043Z [command]/usr/bin/git config --local --name-only --get-regexp ^includeIf\.gitdir:
2026-05-14T06:11:03.2424194Z includeif.gitdir:/home/runner/work/prismTask/prismTask/.git.path
2026-05-14T06:11:03.2424984Z includeif.gitdir:/home/runner/work/prismTask/prismTask/.git/worktrees/*.path
2026-05-14T06:11:03.2425530Z includeif.gitdir:/github/workspace/.git.path
2026-05-14T06:11:03.2426003Z includeif.gitdir:/github/workspace/.git/worktrees/*.path
2026-05-14T06:11:03.2433968Z [command]/usr/bin/git config --local --get-all includeif.gitdir:/home/runner/work/prismTask/prismTask/.git.path
2026-05-14T06:11:03.2455284Z /home/runner/work/_temp/git-credentials-478edf26-2bbb-416f-bd4f-3317ff245f58.config
2026-05-14T06:11:03.2467013Z [command]/usr/bin/git config --local --unset includeif.gitdir:/home/runner/work/prismTask/prismTask/.git.path /home/runner/work/_temp/git-credentials-478edf26-2bbb-416f-bd4f-3317ff245f58.config
2026-05-14T06:11:03.2504238Z [command]/usr/bin/git config --local --get-all includeif.gitdir:/home/runner/work/prismTask/prismTask/.git/worktrees/*.path
2026-05-14T06:11:03.2527076Z /home/runner/work/_temp/git-credentials-478edf26-2bbb-416f-bd4f-3317ff245f58.config
2026-05-14T06:11:03.2538130Z [command]/usr/bin/git config --local --unset includeif.gitdir:/home/runner/work/prismTask/prismTask/.git/worktrees/*.path /home/runner/work/_temp/git-credentials-478edf26-2bbb-416f-bd4f-3317ff245f58.config
2026-05-14T06:11:03.2570815Z [command]/usr/bin/git config --local --get-all includeif.gitdir:/github/workspace/.git.path
2026-05-14T06:11:03.2593087Z /github/runner_temp/git-credentials-478edf26-2bbb-416f-bd4f-3317ff245f58.config
2026-05-14T06:11:03.2600965Z [command]/usr/bin/git config --local --unset includeif.gitdir:/github/workspace/.git.path /github/runner_temp/git-credentials-478edf26-2bbb-416f-bd4f-3317ff245f58.config
2026-05-14T06:11:03.2632969Z [command]/usr/bin/git config --local --get-all includeif.gitdir:/github/workspace/.git/worktrees/*.path
2026-05-14T06:11:03.2654797Z /github/runner_temp/git-credentials-478edf26-2bbb-416f-bd4f-3317ff245f58.config
2026-05-14T06:11:03.2664694Z [command]/usr/bin/git config --local --unset includeif.gitdir:/github/workspace/.git/worktrees/*.path /github/runner_temp/git-credentials-478edf26-2bbb-416f-bd4f-3317ff245f58.config
2026-05-14T06:11:03.2699000Z [command]/usr/bin/git submodule foreach --recursive git config --local --show-origin --name-only --get-regexp remote.origin.url
2026-05-14T06:11:03.2922681Z Removing credentials config '/home/runner/work/_temp/git-credentials-478edf26-2bbb-416f-bd4f-3317ff245f58.config'
2026-05-14T06:11:03.3076641Z Cleaning up orphan processes
