=== CI FAILURE ===
Workflow:      Android CI
Workflow file: averycorp/prismTask/.github/workflows/android-ci.yml@refs/pull/1371/merge
Job(s):        autofix
Run ID:        25839720384
Run attempt:   1
Run URL:       https://github.com/averycorp/prismTask/actions/runs/25839720384
Commit:        7f6d9f3050f4f663a402095f5358c67cfd278606
Branch:        1371/merge
Event:         pull_request
Actor:         akarlin3
Runner OS:     Linux
Timestamp:     2026-05-14T03:22:32.075Z

Failed steps:
  - autofix: #2 Run actions/checkout@v6

=== FAILED JOB LOG ===

--- Job: autofix (id 75922262528) ---
2026-05-14T03:22:02.4271229Z Current runner version: '2.334.0'
2026-05-14T03:22:02.4298504Z ##[group]Runner Image Provisioner
2026-05-14T03:22:02.4299556Z Hosted Compute Agent
2026-05-14T03:22:02.4300116Z Version: 20260213.493
2026-05-14T03:22:02.4300706Z Commit: 5c115507f6dd24b8de37d8bbe0bb4509d0cc0fa3
2026-05-14T03:22:02.4301485Z Build Date: 2026-02-13T00:28:41Z
2026-05-14T03:22:02.4302111Z Worker ID: {86fba735-3afd-4731-9d3e-2b0aef88d640}
2026-05-14T03:22:02.4302789Z Azure Region: northcentralus
2026-05-14T03:22:02.4303799Z ##[endgroup]
2026-05-14T03:22:02.4305468Z ##[group]Operating System
2026-05-14T03:22:02.4306071Z Ubuntu
2026-05-14T03:22:02.4306600Z 24.04.4
2026-05-14T03:22:02.4307046Z LTS
2026-05-14T03:22:02.4307463Z ##[endgroup]
2026-05-14T03:22:02.4307998Z ##[group]Runner Image
2026-05-14T03:22:02.4308590Z Image: ubuntu-24.04
2026-05-14T03:22:02.4309102Z Version: 20260413.86.1
2026-05-14T03:22:02.4310341Z Included Software: https://github.com/actions/runner-images/blob/ubuntu24/20260413.86/images/ubuntu/Ubuntu2404-Readme.md
2026-05-14T03:22:02.4311773Z Image Release: https://github.com/actions/runner-images/releases/tag/ubuntu24%2F20260413.86
2026-05-14T03:22:02.4312776Z ##[endgroup]
2026-05-14T03:22:02.4314346Z ##[group]GITHUB_TOKEN Permissions
2026-05-14T03:22:02.4316418Z Actions: read
2026-05-14T03:22:02.4316995Z Checks: read
2026-05-14T03:22:02.4317485Z Contents: write
2026-05-14T03:22:02.4318076Z Metadata: read
2026-05-14T03:22:02.4318544Z PullRequests: read
2026-05-14T03:22:02.4319051Z ##[endgroup]
2026-05-14T03:22:02.4321271Z Secret source: Actions
2026-05-14T03:22:02.4322015Z Prepare workflow directory
2026-05-14T03:22:02.4810475Z Prepare all required actions
2026-05-14T03:22:02.4867038Z Getting action download info
2026-05-14T03:22:02.8604494Z Download action repository 'actions/checkout@v6' (SHA:de0fac2e4500dabe0009e67214ff5f5447ce83dd)
2026-05-14T03:22:02.9805819Z Download action repository 'dorny/paths-filter@v4' (SHA:fbd0ab8f3e69293af611ebaee6363fc25e6d187d)
2026-05-14T03:22:03.2189766Z Download action repository 'actions/cache@v5' (SHA:27d5ce7f107fe9357f9df03efb73ab90386fccae)
2026-05-14T03:22:03.7874074Z Complete job name: autofix
2026-05-14T03:22:03.8662782Z ##[group]Run actions/checkout@v6
2026-05-14T03:22:03.8664314Z with:
2026-05-14T03:22:03.8665301Z   token: ***
2026-05-14T03:22:03.8665716Z   ref: feat/web-settings-sync-dashboard
2026-05-14T03:22:03.8666231Z   fetch-depth: 0
2026-05-14T03:22:03.8666639Z   repository: averycorp/prismTask
2026-05-14T03:22:03.8667109Z   ssh-strict: true
2026-05-14T03:22:03.8667487Z   ssh-user: git
2026-05-14T03:22:03.8667893Z   persist-credentials: true
2026-05-14T03:22:03.8668354Z   clean: true
2026-05-14T03:22:03.8668748Z   sparse-checkout-cone-mode: true
2026-05-14T03:22:03.8669286Z   fetch-tags: false
2026-05-14T03:22:03.8669734Z   show-progress: true
2026-05-14T03:22:03.8670175Z   lfs: false
2026-05-14T03:22:03.8670554Z   submodules: false
2026-05-14T03:22:03.8670962Z   set-safe-directory: true
2026-05-14T03:22:03.8671634Z ##[endgroup]
2026-05-14T03:22:03.9657214Z Syncing repository: averycorp/prismTask
2026-05-14T03:22:03.9659402Z ##[group]Getting Git version info
2026-05-14T03:22:03.9660247Z Working directory is '/home/runner/work/prismTask/prismTask'
2026-05-14T03:22:03.9661265Z [command]/usr/bin/git version
2026-05-14T03:22:03.9690362Z git version 2.53.0
2026-05-14T03:22:03.9715344Z ##[endgroup]
2026-05-14T03:22:03.9731091Z Temporarily overriding HOME='/home/runner/work/_temp/49847860-0e9c-44b7-8349-ece390dd291b' before making global git config changes
2026-05-14T03:22:03.9732549Z Adding repository directory to the temporary git global config as a safe directory
2026-05-14T03:22:03.9737405Z [command]/usr/bin/git config --global --add safe.directory /home/runner/work/prismTask/prismTask
2026-05-14T03:22:03.9772476Z Deleting the contents of '/home/runner/work/prismTask/prismTask'
2026-05-14T03:22:03.9776877Z ##[group]Initializing the repository
2026-05-14T03:22:03.9781588Z [command]/usr/bin/git init /home/runner/work/prismTask/prismTask
2026-05-14T03:22:03.9869339Z hint: Using 'master' as the name for the initial branch. This default branch name
2026-05-14T03:22:03.9871622Z hint: will change to "main" in Git 3.0. To configure the initial branch name
2026-05-14T03:22:03.9873583Z hint: to use in all of your new repositories, which will suppress this warning,
2026-05-14T03:22:03.9875036Z hint: call:
2026-05-14T03:22:03.9875716Z hint:
2026-05-14T03:22:03.9876700Z hint: 	git config --global init.defaultBranch <name>
2026-05-14T03:22:03.9877765Z hint:
2026-05-14T03:22:03.9878705Z hint: Names commonly chosen instead of 'master' are 'main', 'trunk' and
2026-05-14T03:22:03.9880212Z hint: 'development'. The just-created branch can be renamed via this command:
2026-05-14T03:22:03.9881505Z hint:
2026-05-14T03:22:03.9882239Z hint: 	git branch -m <name>
2026-05-14T03:22:03.9883396Z hint:
2026-05-14T03:22:03.9884494Z hint: Disable this message with "git config set advice.defaultBranchName false"
2026-05-14T03:22:03.9886224Z Initialized empty Git repository in /home/runner/work/prismTask/prismTask/.git/
2026-05-14T03:22:03.9888908Z [command]/usr/bin/git remote add origin https://github.com/averycorp/prismTask
2026-05-14T03:22:03.9948855Z ##[endgroup]
2026-05-14T03:22:03.9950082Z ##[group]Disabling automatic garbage collection
2026-05-14T03:22:03.9953638Z [command]/usr/bin/git config --local gc.auto 0
2026-05-14T03:22:03.9983620Z ##[endgroup]
2026-05-14T03:22:03.9985017Z ##[group]Setting up auth
2026-05-14T03:22:03.9985949Z Removing SSH command configuration
2026-05-14T03:22:03.9991659Z [command]/usr/bin/git config --local --name-only --get-regexp core\.sshCommand
2026-05-14T03:22:04.0023853Z [command]/usr/bin/git submodule foreach --recursive sh -c "git config --local --name-only --get-regexp 'core\.sshCommand' && git config --local --unset-all 'core.sshCommand' || :"
2026-05-14T03:22:04.0307066Z Removing HTTP extra header
2026-05-14T03:22:04.0313038Z [command]/usr/bin/git config --local --name-only --get-regexp http\.https\:\/\/github\.com\/\.extraheader
2026-05-14T03:22:04.0345958Z [command]/usr/bin/git submodule foreach --recursive sh -c "git config --local --name-only --get-regexp 'http\.https\:\/\/github\.com\/\.extraheader' && git config --local --unset-all 'http.https://github.com/.extraheader' || :"
2026-05-14T03:22:04.0561292Z Removing includeIf entries pointing to credentials config files
2026-05-14T03:22:04.0567389Z [command]/usr/bin/git config --local --name-only --get-regexp ^includeIf\.gitdir:
2026-05-14T03:22:04.0599306Z [command]/usr/bin/git submodule foreach --recursive git config --local --show-origin --name-only --get-regexp remote.origin.url
2026-05-14T03:22:04.0823996Z [command]/usr/bin/git config --file /home/runner/work/_temp/git-credentials-a1975947-5a28-42a0-bc9e-f4f6c1b39744.config http.https://github.com/.extraheader AUTHORIZATION: basic ***
2026-05-14T03:22:04.0863748Z [command]/usr/bin/git config --local includeIf.gitdir:/home/runner/work/prismTask/prismTask/.git.path /home/runner/work/_temp/git-credentials-a1975947-5a28-42a0-bc9e-f4f6c1b39744.config
2026-05-14T03:22:04.0896118Z [command]/usr/bin/git config --local includeIf.gitdir:/home/runner/work/prismTask/prismTask/.git/worktrees/*.path /home/runner/work/_temp/git-credentials-a1975947-5a28-42a0-bc9e-f4f6c1b39744.config
2026-05-14T03:22:04.0926999Z [command]/usr/bin/git config --local includeIf.gitdir:/github/workspace/.git.path /github/runner_temp/git-credentials-a1975947-5a28-42a0-bc9e-f4f6c1b39744.config
2026-05-14T03:22:04.0958619Z [command]/usr/bin/git config --local includeIf.gitdir:/github/workspace/.git/worktrees/*.path /github/runner_temp/git-credentials-a1975947-5a28-42a0-bc9e-f4f6c1b39744.config
2026-05-14T03:22:04.0992172Z ##[endgroup]
2026-05-14T03:22:04.0992884Z ##[group]Fetching the repository
2026-05-14T03:22:04.1001287Z [command]/usr/bin/git -c protocol.version=2 fetch --no-tags --prune --no-recurse-submodules origin +refs/heads/*:refs/remotes/origin/* +refs/tags/*:refs/tags/*
2026-05-14T03:22:22.3722429Z From https://github.com/averycorp/prismTask
2026-05-14T03:22:22.3727249Z  * [new branch]        ci-logs         -> origin/ci-logs
2026-05-14T03:22:22.3731028Z  * [new branch]        feat/web-wellness-mood-correlation -> origin/feat/web-wellness-mood-correlation
2026-05-14T03:22:22.3732684Z  * [new branch]        feat/web-wellness-nd-preferences -> origin/feat/web-wellness-nd-preferences
2026-05-14T03:22:22.3734527Z  * [new branch]        feat/web-wellness-weekly-review-firestore -> origin/feat/web-wellness-weekly-review-firestore
2026-05-14T03:22:22.3735763Z  * [new branch]        main            -> origin/main
2026-05-14T03:22:22.3736549Z  * [new branch]        v0.1.0-legacy   -> origin/v0.1.0-legacy
2026-05-14T03:22:22.3737410Z  * [new branch]        v0.2.0-legacy   -> origin/v0.2.0-legacy
2026-05-14T03:22:22.3738226Z  * [new branch]        v0.3.0-legacy   -> origin/v0.3.0-legacy
2026-05-14T03:22:22.3739072Z  * [new branch]        v0.4.0-legacy   -> origin/v0.4.0-legacy
2026-05-14T03:22:22.3739875Z  * [new branch]        v0.5.0-legacy   -> origin/v0.5.0-legacy
2026-05-14T03:22:22.3740675Z  * [new branch]        v0.6.0-legacy   -> origin/v0.6.0-legacy
2026-05-14T03:22:22.3741556Z  * [new branch]        v0.7.0-legacy   -> origin/v0.7.0-legacy
2026-05-14T03:22:22.3742606Z  * [new branch]        worktree-course-name-only -> origin/worktree-course-name-only
2026-05-14T03:22:22.3744312Z  * [new branch]        worktree-leisure-categories-removable -> origin/worktree-leisure-categories-removable
2026-05-14T03:22:22.3745743Z  * [new branch]        worktree-recheck-recurring -> origin/worktree-recheck-recurring
2026-05-14T03:22:22.3747336Z  * [new branch]        worktree-remove-leisure-minimum-from-daily-essentials -> origin/worktree-remove-leisure-minimum-from-daily-essentials
2026-05-14T03:22:22.3748781Z  * [new tag]           v0.1.0          -> v0.1.0
2026-05-14T03:22:22.3749453Z  * [new tag]           v0.2.0          -> v0.2.0
2026-05-14T03:22:22.3750118Z  * [new tag]           v0.3.0          -> v0.3.0
2026-05-14T03:22:22.3750776Z  * [new tag]           v0.4.0          -> v0.4.0
2026-05-14T03:22:22.3751424Z  * [new tag]           v0.5.0          -> v0.5.0
2026-05-14T03:22:22.3752113Z  * [new tag]           v0.7.0          -> v0.7.0
2026-05-14T03:22:22.3755580Z  * [new tag]           v0.7.12         -> v0.7.12
2026-05-14T03:22:22.3756367Z  * [new tag]           v0.7.13         -> v0.7.13
2026-05-14T03:22:22.3757024Z  * [new tag]           v0.7.14         -> v0.7.14
2026-05-14T03:22:22.3757723Z  * [new tag]           v0.7.15         -> v0.7.15
2026-05-14T03:22:22.3758470Z  * [new tag]           v0.7.16         -> v0.7.16
2026-05-14T03:22:22.3759166Z  * [new tag]           v0.7.17         -> v0.7.17
2026-05-14T03:22:22.3759982Z  * [new tag]           v0.7.17-build.2 -> v0.7.17-build.2
2026-05-14T03:22:22.3760831Z  * [new tag]           v0.7.17-build.3 -> v0.7.17-build.3
2026-05-14T03:22:22.3761711Z  * [new tag]           v0.7.17-build.4 -> v0.7.17-build.4
2026-05-14T03:22:22.3762469Z  * [new tag]           v0.7.17-build.5 -> v0.7.17-build.5
2026-05-14T03:22:22.3765213Z  * [new tag]           v0.7.17-build.6 -> v0.7.17-build.6
2026-05-14T03:22:22.3766035Z  * [new tag]           v0.7.17-build.7 -> v0.7.17-build.7
2026-05-14T03:22:22.3766793Z  * [new tag]           v0.7.17-build.8 -> v0.7.17-build.8
2026-05-14T03:22:22.3784321Z  * [new tag]           v0.7.17-build.9 -> v0.7.17-build.9
2026-05-14T03:22:22.3785046Z  * [new tag]           v0.7.18         -> v0.7.18
2026-05-14T03:22:22.3785698Z  * [new tag]           v0.7.18-build.2 -> v0.7.18-build.2
2026-05-14T03:22:22.3786370Z  * [new tag]           v0.7.18-build.3 -> v0.7.18-build.3
2026-05-14T03:22:22.3787029Z  * [new tag]           v0.7.18-build.4 -> v0.7.18-build.4
2026-05-14T03:22:22.3787651Z  * [new tag]           v0.7.19         -> v0.7.19
2026-05-14T03:22:22.3788287Z  * [new tag]           v0.7.19-build.2 -> v0.7.19-build.2
2026-05-14T03:22:22.3788920Z  * [new tag]           v0.7.20         -> v0.7.20
2026-05-14T03:22:22.3789534Z  * [new tag]           v0.7.20-build.2 -> v0.7.20-build.2
2026-05-14T03:22:22.3790180Z  * [new tag]           v0.7.20-build.3 -> v0.7.20-build.3
2026-05-14T03:22:22.3791115Z  * [new tag]           v0.7.20-build.4 -> v0.7.20-build.4
2026-05-14T03:22:22.3791741Z  * [new tag]           v0.8.0          -> v0.8.0
2026-05-14T03:22:22.3792370Z  * [new tag]           v0.8.0-build.2  -> v0.8.0-build.2
2026-05-14T03:22:22.3793001Z  * [new tag]           v0.8.1          -> v0.8.1
2026-05-14T03:22:22.3794053Z  * [new tag]           v0.8.10         -> v0.8.10
2026-05-14T03:22:22.3794688Z  * [new tag]           v0.8.11         -> v0.8.11
2026-05-14T03:22:22.3795279Z  * [new tag]           v0.8.12         -> v0.8.12
2026-05-14T03:22:22.3795873Z  * [new tag]           v0.8.13         -> v0.8.13
2026-05-14T03:22:22.3796460Z  * [new tag]           v0.8.14         -> v0.8.14
2026-05-14T03:22:22.3797055Z  * [new tag]           v0.8.15         -> v0.8.15
2026-05-14T03:22:22.3797644Z  * [new tag]           v0.8.2          -> v0.8.2
2026-05-14T03:22:22.3798227Z  * [new tag]           v0.8.3          -> v0.8.3
2026-05-14T03:22:22.3798820Z  * [new tag]           v0.8.4          -> v0.8.4
2026-05-14T03:22:22.3799443Z  * [new tag]           v0.8.5          -> v0.8.5
2026-05-14T03:22:22.3800084Z  * [new tag]           v0.8.6          -> v0.8.6
2026-05-14T03:22:22.3800681Z  * [new tag]           v0.8.7          -> v0.8.7
2026-05-14T03:22:22.3801254Z  * [new tag]           v0.8.8          -> v0.8.8
2026-05-14T03:22:22.3801838Z  * [new tag]           v0.8.9          -> v0.8.9
2026-05-14T03:22:22.3802426Z  * [new tag]           v0.9.1          -> v0.9.1
2026-05-14T03:22:22.3803029Z  * [new tag]           v0.9.2          -> v0.9.2
2026-05-14T03:22:22.3803954Z  * [new tag]           v1.0.1          -> v1.0.1
2026-05-14T03:22:22.3804525Z  * [new tag]           v1.0.10         -> v1.0.10
2026-05-14T03:22:22.3805088Z  * [new tag]           v1.0.11         -> v1.0.11
2026-05-14T03:22:22.3805643Z  * [new tag]           v1.0.12         -> v1.0.12
2026-05-14T03:22:22.3806242Z  * [new tag]           v1.0.13         -> v1.0.13
2026-05-14T03:22:22.3806845Z  * [new tag]           v1.0.2          -> v1.0.2
2026-05-14T03:22:22.3807472Z  * [new tag]           v1.0.3          -> v1.0.3
2026-05-14T03:22:22.3808268Z  * [new tag]           v1.0.4          -> v1.0.4
2026-05-14T03:22:22.3808943Z  * [new tag]           v1.0.5          -> v1.0.5
2026-05-14T03:22:22.3809594Z  * [new tag]           v1.0.6          -> v1.0.6
2026-05-14T03:22:22.3810225Z  * [new tag]           v1.0.7          -> v1.0.7
2026-05-14T03:22:22.3810854Z  * [new tag]           v1.0.8          -> v1.0.8
2026-05-14T03:22:22.3811493Z  * [new tag]           v1.0.9          -> v1.0.9
2026-05-14T03:22:22.3812117Z  * [new tag]           v1.1.1          -> v1.1.1
2026-05-14T03:22:22.3812815Z  * [new tag]           v1.1.1-build.2  -> v1.1.1-build.2
2026-05-14T03:22:22.3813827Z  * [new tag]           v1.1.1-build.3  -> v1.1.1-build.3
2026-05-14T03:22:22.3814534Z  * [new tag]           v1.1.1-build.4  -> v1.1.1-build.4
2026-05-14T03:22:22.3815207Z  * [new tag]           v1.1.10         -> v1.1.10
2026-05-14T03:22:22.3815853Z  * [new tag]           v1.1.11         -> v1.1.11
2026-05-14T03:22:22.3816527Z  * [new tag]           v1.1.12         -> v1.1.12
2026-05-14T03:22:22.3817192Z  * [new tag]           v1.1.2          -> v1.1.2
2026-05-14T03:22:22.3817837Z  * [new tag]           v1.1.3          -> v1.1.3
2026-05-14T03:22:22.3818465Z  * [new tag]           v1.1.4          -> v1.1.4
2026-05-14T03:22:22.3819097Z  * [new tag]           v1.1.5          -> v1.1.5
2026-05-14T03:22:22.3819732Z  * [new tag]           v1.1.6          -> v1.1.6
2026-05-14T03:22:22.3820361Z  * [new tag]           v1.1.7          -> v1.1.7
2026-05-14T03:22:22.3820985Z  * [new tag]           v1.1.8          -> v1.1.8
2026-05-14T03:22:22.3821624Z  * [new tag]           v1.1.9          -> v1.1.9
2026-05-14T03:22:22.3822260Z  * [new tag]           v1.3.0          -> v1.3.0
2026-05-14T03:22:22.3822887Z  * [new tag]           v1.3.1          -> v1.3.1
2026-05-14T03:22:22.3823761Z  * [new tag]           v1.3.10         -> v1.3.10
2026-05-14T03:22:22.3824407Z  * [new tag]           v1.3.11         -> v1.3.11
2026-05-14T03:22:22.3825263Z  * [new tag]           v1.3.11-build.2 -> v1.3.11-build.2
2026-05-14T03:22:22.3825957Z  * [new tag]           v1.3.12         -> v1.3.12
2026-05-14T03:22:22.3826595Z  * [new tag]           v1.3.13         -> v1.3.13
2026-05-14T03:22:22.3827255Z  * [new tag]           v1.3.13-build.2 -> v1.3.13-build.2
2026-05-14T03:22:22.3827927Z  * [new tag]           v1.3.14         -> v1.3.14
2026-05-14T03:22:22.3828564Z  * [new tag]           v1.3.15         -> v1.3.15
2026-05-14T03:22:22.3829184Z  * [new tag]           v1.3.16         -> v1.3.16
2026-05-14T03:22:22.3829812Z  * [new tag]           v1.3.17         -> v1.3.17
2026-05-14T03:22:22.3830446Z  * [new tag]           v1.3.18         -> v1.3.18
2026-05-14T03:22:22.3831075Z  * [new tag]           v1.3.19         -> v1.3.19
2026-05-14T03:22:22.3831694Z  * [new tag]           v1.3.2          -> v1.3.2
2026-05-14T03:22:22.3832325Z  * [new tag]           v1.3.20         -> v1.3.20
2026-05-14T03:22:22.3832965Z  * [new tag]           v1.3.21         -> v1.3.21
2026-05-14T03:22:22.3833856Z  * [new tag]           v1.3.22         -> v1.3.22
2026-05-14T03:22:22.3834553Z  * [new tag]           v1.3.23         -> v1.3.23
2026-05-14T03:22:22.3835198Z  * [new tag]           v1.3.24         -> v1.3.24
2026-05-14T03:22:22.3835825Z  * [new tag]           v1.3.25         -> v1.3.25
2026-05-14T03:22:22.3836451Z  * [new tag]           v1.3.26         -> v1.3.26
2026-05-14T03:22:22.3837085Z  * [new tag]           v1.3.27         -> v1.3.27
2026-05-14T03:22:22.3837711Z  * [new tag]           v1.3.28         -> v1.3.28
2026-05-14T03:22:22.3838347Z  * [new tag]           v1.3.29         -> v1.3.29
2026-05-14T03:22:22.3838972Z  * [new tag]           v1.3.3          -> v1.3.3
2026-05-14T03:22:22.3839592Z  * [new tag]           v1.3.30         -> v1.3.30
2026-05-14T03:22:22.3840229Z  * [new tag]           v1.3.31         -> v1.3.31
2026-05-14T03:22:22.3840853Z  * [new tag]           v1.3.32         -> v1.3.32
2026-05-14T03:22:22.3841549Z  * [new tag]           v1.3.33         -> v1.3.33
2026-05-14T03:22:22.3842194Z  * [new tag]           v1.3.34         -> v1.3.34
2026-05-14T03:22:22.3843033Z  * [new tag]           v1.3.35         -> v1.3.35
2026-05-14T03:22:22.3843962Z  * [new tag]           v1.3.36         -> v1.3.36
2026-05-14T03:22:22.3844596Z  * [new tag]           v1.3.37         -> v1.3.37
2026-05-14T03:22:22.3845234Z  * [new tag]           v1.3.38         -> v1.3.38
2026-05-14T03:22:22.3845866Z  * [new tag]           v1.3.39         -> v1.3.39
2026-05-14T03:22:22.3934932Z  * [new tag]           v1.3.4          -> v1.3.4
2026-05-14T03:22:22.3935784Z  * [new tag]           v1.3.40         -> v1.3.40
2026-05-14T03:22:22.3936442Z  * [new tag]           v1.3.41         -> v1.3.41
2026-05-14T03:22:22.3937199Z  * [new tag]           v1.3.42         -> v1.3.42
2026-05-14T03:22:22.3937972Z  * [new tag]           v1.3.43         -> v1.3.43
2026-05-14T03:22:22.3938557Z  * [new tag]           v1.3.44         -> v1.3.44
2026-05-14T03:22:22.3939132Z  * [new tag]           v1.3.45         -> v1.3.45
2026-05-14T03:22:22.3939784Z  * [new tag]           v1.3.46         -> v1.3.46
2026-05-14T03:22:22.3940434Z  * [new tag]           v1.3.47         -> v1.3.47
2026-05-14T03:22:22.3941047Z  * [new tag]           v1.3.48         -> v1.3.48
2026-05-14T03:22:22.3941736Z  * [new tag]           v1.3.49         -> v1.3.49
2026-05-14T03:22:22.3942400Z  * [new tag]           v1.3.5          -> v1.3.5
2026-05-14T03:22:22.3943340Z  * [new tag]           v1.3.5-build.2  -> v1.3.5-build.2
2026-05-14T03:22:22.3944104Z  * [new tag]           v1.3.50         -> v1.3.50
2026-05-14T03:22:22.3944859Z  * [new tag]           v1.3.51         -> v1.3.51
2026-05-14T03:22:22.3945542Z  * [new tag]           v1.3.52         -> v1.3.52
2026-05-14T03:22:22.3946281Z  * [new tag]           v1.3.53         -> v1.3.53
2026-05-14T03:22:22.3947027Z  * [new tag]           v1.3.54         -> v1.3.54
2026-05-14T03:22:22.3947734Z  * [new tag]           v1.3.55         -> v1.3.55
2026-05-14T03:22:22.3948433Z  * [new tag]           v1.3.56         -> v1.3.56
2026-05-14T03:22:22.3949330Z  * [new tag]           v1.3.57         -> v1.3.57
2026-05-14T03:22:22.3949944Z  * [new tag]           v1.3.58         -> v1.3.58
2026-05-14T03:22:22.3950581Z  * [new tag]           v1.3.59         -> v1.3.59
2026-05-14T03:22:22.3951209Z  * [new tag]           v1.3.6          -> v1.3.6
2026-05-14T03:22:22.3951832Z  * [new tag]           v1.3.60         -> v1.3.60
2026-05-14T03:22:22.3952523Z  * [new tag]           v1.3.61         -> v1.3.61
2026-05-14T03:22:22.3953427Z  * [new tag]           v1.3.62         -> v1.3.62
2026-05-14T03:22:22.3954120Z  * [new tag]           v1.3.7          -> v1.3.7
2026-05-14T03:22:22.3954668Z  * [new tag]           v1.3.8          -> v1.3.8
2026-05-14T03:22:22.3955046Z  * [new tag]           v1.3.9          -> v1.3.9
2026-05-14T03:22:22.3955444Z  * [new tag]           v1.4.40         -> v1.4.40
2026-05-14T03:22:22.3955809Z  * [new tag]           v1.5.0          -> v1.5.0
2026-05-14T03:22:22.3956174Z  * [new tag]           v1.5.2          -> v1.5.2
2026-05-14T03:22:22.3956572Z  * [new tag]           v1.5.3          -> v1.5.3
2026-05-14T03:22:22.3956936Z  * [new tag]           v1.6.0          -> v1.6.0
2026-05-14T03:22:22.3957293Z  * [new tag]           v1.7.0          -> v1.7.0
2026-05-14T03:22:22.3957657Z  * [new tag]           v1.7.37         -> v1.7.37
2026-05-14T03:22:22.3958016Z  * [new tag]           v1.7.38         -> v1.7.38
2026-05-14T03:22:22.3958376Z  * [new tag]           v1.7.39         -> v1.7.39
2026-05-14T03:22:22.3958735Z  * [new tag]           v1.7.40         -> v1.7.40
2026-05-14T03:22:22.3959083Z  * [new tag]           v1.7.41         -> v1.7.41
2026-05-14T03:22:22.3959441Z  * [new tag]           v1.7.42         -> v1.7.42
2026-05-14T03:22:22.3959798Z  * [new tag]           v1.7.43         -> v1.7.43
2026-05-14T03:22:22.3960152Z  * [new tag]           v1.7.44         -> v1.7.44
2026-05-14T03:22:22.3960501Z  * [new tag]           v1.7.45         -> v1.7.45
2026-05-14T03:22:22.3960852Z  * [new tag]           v1.7.46         -> v1.7.46
2026-05-14T03:22:22.3961216Z  * [new tag]           v1.7.47         -> v1.7.47
2026-05-14T03:22:22.3961756Z  * [new tag]           v1.7.48         -> v1.7.48
2026-05-14T03:22:22.3962140Z  * [new tag]           v1.7.49         -> v1.7.49
2026-05-14T03:22:22.3962501Z  * [new tag]           v1.7.50         -> v1.7.50
2026-05-14T03:22:22.3962853Z  * [new tag]           v1.7.51         -> v1.7.51
2026-05-14T03:22:22.3963507Z  * [new tag]           v1.7.52         -> v1.7.52
2026-05-14T03:22:22.3963881Z  * [new tag]           v1.7.53         -> v1.7.53
2026-05-14T03:22:22.3964234Z  * [new tag]           v1.7.54         -> v1.7.54
2026-05-14T03:22:22.3964595Z  * [new tag]           v1.7.55         -> v1.7.55
2026-05-14T03:22:22.3964953Z  * [new tag]           v1.7.56         -> v1.7.56
2026-05-14T03:22:22.3965313Z  * [new tag]           v1.7.57         -> v1.7.57
2026-05-14T03:22:22.3965672Z  * [new tag]           v1.7.58         -> v1.7.58
2026-05-14T03:22:22.3966031Z  * [new tag]           v1.7.59         -> v1.7.59
2026-05-14T03:22:22.3966400Z  * [new tag]           v1.7.60         -> v1.7.60
2026-05-14T03:22:22.3966760Z  * [new tag]           v1.7.61         -> v1.7.61
2026-05-14T03:22:22.3967115Z  * [new tag]           v1.7.62         -> v1.7.62
2026-05-14T03:22:22.3967471Z  * [new tag]           v1.7.63         -> v1.7.63
2026-05-14T03:22:22.3967852Z  * [new tag]           v1.7.64         -> v1.7.64
2026-05-14T03:22:22.3968235Z  * [new tag]           v1.7.65         -> v1.7.65
2026-05-14T03:22:22.3968593Z  * [new tag]           v1.7.66         -> v1.7.66
2026-05-14T03:22:22.3968946Z  * [new tag]           v1.7.67         -> v1.7.67
2026-05-14T03:22:22.3969303Z  * [new tag]           v1.7.68         -> v1.7.68
2026-05-14T03:22:22.3969658Z  * [new tag]           v1.7.69         -> v1.7.69
2026-05-14T03:22:22.3970017Z  * [new tag]           v1.7.70         -> v1.7.70
2026-05-14T03:22:22.3970376Z  * [new tag]           v1.7.71         -> v1.7.71
2026-05-14T03:22:22.3970729Z  * [new tag]           v1.7.72         -> v1.7.72
2026-05-14T03:22:22.3971255Z  * [new tag]           v1.7.73         -> v1.7.73
2026-05-14T03:22:22.3971619Z  * [new tag]           v1.7.74         -> v1.7.74
2026-05-14T03:22:22.3971974Z  * [new tag]           v1.7.75         -> v1.7.75
2026-05-14T03:22:22.3972333Z  * [new tag]           v1.7.76         -> v1.7.76
2026-05-14T03:22:22.3972690Z  * [new tag]           v1.7.77         -> v1.7.77
2026-05-14T03:22:22.3973289Z  * [new tag]           v1.7.78         -> v1.7.78
2026-05-14T03:22:22.3973721Z  * [new tag]           v1.7.79         -> v1.7.79
2026-05-14T03:22:22.3974083Z  * [new tag]           v1.7.80         -> v1.7.80
2026-05-14T03:22:22.3974438Z  * [new tag]           v1.7.81         -> v1.7.81
2026-05-14T03:22:22.3974800Z  * [new tag]           v1.7.82         -> v1.7.82
2026-05-14T03:22:22.3975156Z  * [new tag]           v1.7.83         -> v1.7.83
2026-05-14T03:22:22.3975510Z  * [new tag]           v1.7.84         -> v1.7.84
2026-05-14T03:22:22.3975862Z  * [new tag]           v1.7.85         -> v1.7.85
2026-05-14T03:22:22.3976236Z  * [new tag]           v1.7.86         -> v1.7.86
2026-05-14T03:22:22.3976588Z  * [new tag]           v1.7.87         -> v1.7.87
2026-05-14T03:22:22.3976935Z  * [new tag]           v1.7.90         -> v1.7.90
2026-05-14T03:22:22.3977291Z  * [new tag]           v1.7.92         -> v1.7.92
2026-05-14T03:22:22.3977643Z  * [new tag]           v1.7.93         -> v1.7.93
2026-05-14T03:22:22.3977993Z  * [new tag]           v1.7.94         -> v1.7.94
2026-05-14T03:22:22.3978352Z  * [new tag]           v1.7.95         -> v1.7.95
2026-05-14T03:22:22.3978707Z  * [new tag]           v1.7.96         -> v1.7.96
2026-05-14T03:22:22.3979052Z  * [new tag]           v1.7.97         -> v1.7.97
2026-05-14T03:22:22.3979409Z  * [new tag]           v1.8.0          -> v1.8.0
2026-05-14T03:22:22.3979768Z  * [new tag]           v1.8.1          -> v1.8.1
2026-05-14T03:22:22.3980130Z  * [new tag]           v1.8.10         -> v1.8.10
2026-05-14T03:22:22.3980508Z  * [new tag]           v1.8.11         -> v1.8.11
2026-05-14T03:22:22.3981025Z  * [new tag]           v1.8.12         -> v1.8.12
2026-05-14T03:22:22.3981405Z  * [new tag]           v1.8.14         -> v1.8.14
2026-05-14T03:22:22.3981763Z  * [new tag]           v1.8.15         -> v1.8.15
2026-05-14T03:22:22.3982127Z  * [new tag]           v1.8.16         -> v1.8.16
2026-05-14T03:22:22.3982487Z  * [new tag]           v1.8.17         -> v1.8.17
2026-05-14T03:22:22.3982841Z  * [new tag]           v1.8.18         -> v1.8.18
2026-05-14T03:22:22.3983440Z  * [new tag]           v1.8.19         -> v1.8.19
2026-05-14T03:22:22.3983819Z  * [new tag]           v1.8.2          -> v1.8.2
2026-05-14T03:22:22.3984174Z  * [new tag]           v1.8.20         -> v1.8.20
2026-05-14T03:22:22.3984535Z  * [new tag]           v1.8.21         -> v1.8.21
2026-05-14T03:22:22.3984903Z  * [new tag]           v1.8.22         -> v1.8.22
2026-05-14T03:22:22.3985259Z  * [new tag]           v1.8.23         -> v1.8.23
2026-05-14T03:22:22.3985618Z  * [new tag]           v1.8.24         -> v1.8.24
2026-05-14T03:22:22.3985998Z  * [new tag]           v1.8.25         -> v1.8.25
2026-05-14T03:22:22.3986352Z  * [new tag]           v1.8.26         -> v1.8.26
2026-05-14T03:22:22.3986712Z  * [new tag]           v1.8.27         -> v1.8.27
2026-05-14T03:22:22.3987067Z  * [new tag]           v1.8.28         -> v1.8.28
2026-05-14T03:22:22.3987422Z  * [new tag]           v1.8.29         -> v1.8.29
2026-05-14T03:22:22.3987780Z  * [new tag]           v1.8.3          -> v1.8.3
2026-05-14T03:22:22.3988147Z  * [new tag]           v1.8.30         -> v1.8.30
2026-05-14T03:22:22.3988503Z  * [new tag]           v1.8.31         -> v1.8.31
2026-05-14T03:22:22.3988849Z  * [new tag]           v1.8.32         -> v1.8.32
2026-05-14T03:22:22.3989203Z  * [new tag]           v1.8.33         -> v1.8.33
2026-05-14T03:22:22.3989557Z  * [new tag]           v1.8.34         -> v1.8.34
2026-05-14T03:22:22.3989910Z  * [new tag]           v1.8.35         -> v1.8.35
2026-05-14T03:22:22.3990263Z  * [new tag]           v1.8.36         -> v1.8.36
2026-05-14T03:22:22.3990784Z  * [new tag]           v1.8.37         -> v1.8.37
2026-05-14T03:22:22.3991134Z  * [new tag]           v1.8.38         -> v1.8.38
2026-05-14T03:22:22.3991485Z  * [new tag]           v1.8.39         -> v1.8.39
2026-05-14T03:22:22.3991841Z  * [new tag]           v1.8.4          -> v1.8.4
2026-05-14T03:22:22.3992190Z  * [new tag]           v1.8.40         -> v1.8.40
2026-05-14T03:22:22.3992545Z  * [new tag]           v1.8.41         -> v1.8.41
2026-05-14T03:22:22.3992895Z  * [new tag]           v1.8.42         -> v1.8.42
2026-05-14T03:22:22.3993479Z  * [new tag]           v1.8.43         -> v1.8.43
2026-05-14T03:22:22.3993839Z  * [new tag]           v1.8.44         -> v1.8.44
2026-05-14T03:22:22.3994192Z  * [new tag]           v1.8.45         -> v1.8.45
2026-05-14T03:22:22.3994541Z  * [new tag]           v1.8.46         -> v1.8.46
2026-05-14T03:22:22.3994887Z  * [new tag]           v1.8.47         -> v1.8.47
2026-05-14T03:22:22.3995246Z  * [new tag]           v1.8.48         -> v1.8.48
2026-05-14T03:22:22.3995609Z  * [new tag]           v1.8.49         -> v1.8.49
2026-05-14T03:22:22.3996020Z  * [new tag]           v1.8.5          -> v1.8.5
2026-05-14T03:22:22.3996378Z  * [new tag]           v1.8.50         -> v1.8.50
2026-05-14T03:22:22.3996733Z  * [new tag]           v1.8.51         -> v1.8.51
2026-05-14T03:22:22.3997087Z  * [new tag]           v1.8.52         -> v1.8.52
2026-05-14T03:22:22.3997434Z  * [new tag]           v1.8.53         -> v1.8.53
2026-05-14T03:22:22.3997786Z  * [new tag]           v1.8.54         -> v1.8.54
2026-05-14T03:22:22.3998146Z  * [new tag]           v1.8.6          -> v1.8.6
2026-05-14T03:22:22.3998494Z  * [new tag]           v1.8.7          -> v1.8.7
2026-05-14T03:22:22.3998848Z  * [new tag]           v1.8.8          -> v1.8.8
2026-05-14T03:22:22.3999204Z  * [new tag]           v1.8.9          -> v1.8.9
2026-05-14T03:22:22.3999550Z  * [new tag]           v1.9.1          -> v1.9.1
2026-05-14T03:22:22.3999904Z  * [new tag]           v1.9.10         -> v1.9.10
2026-05-14T03:22:22.4000433Z  * [new tag]           v1.9.11         -> v1.9.11
2026-05-14T03:22:22.4000805Z  * [new tag]           v1.9.12         -> v1.9.12
2026-05-14T03:22:22.4001157Z  * [new tag]           v1.9.13         -> v1.9.13
2026-05-14T03:22:22.4001508Z  * [new tag]           v1.9.14         -> v1.9.14
2026-05-14T03:22:22.4001856Z  * [new tag]           v1.9.15         -> v1.9.15
2026-05-14T03:22:22.4002211Z  * [new tag]           v1.9.16         -> v1.9.16
2026-05-14T03:22:22.4002566Z  * [new tag]           v1.9.18         -> v1.9.18
2026-05-14T03:22:22.4002919Z  * [new tag]           v1.9.19         -> v1.9.19
2026-05-14T03:22:22.4003507Z  * [new tag]           v1.9.2          -> v1.9.2
2026-05-14T03:22:22.4003868Z  * [new tag]           v1.9.20         -> v1.9.20
2026-05-14T03:22:22.4004222Z  * [new tag]           v1.9.21         -> v1.9.21
2026-05-14T03:22:22.4004568Z  * [new tag]           v1.9.22         -> v1.9.22
2026-05-14T03:22:22.4004919Z  * [new tag]           v1.9.23         -> v1.9.23
2026-05-14T03:22:22.4005293Z  * [new tag]           v1.9.24         -> v1.9.24
2026-05-14T03:22:22.4005643Z  * [new tag]           v1.9.3          -> v1.9.3
2026-05-14T03:22:22.4005994Z  * [new tag]           v1.9.4          -> v1.9.4
2026-05-14T03:22:22.4006345Z  * [new tag]           v1.9.5          -> v1.9.5
2026-05-14T03:22:22.4006690Z  * [new tag]           v1.9.6          -> v1.9.6
2026-05-14T03:22:22.4007039Z  * [new tag]           v1.9.7          -> v1.9.7
2026-05-14T03:22:22.4007386Z  * [new tag]           v1.9.8          -> v1.9.8
2026-05-14T03:22:22.4007729Z  * [new tag]           v1.9.9          -> v1.9.9
2026-05-14T03:22:22.4087675Z ##[endgroup]
2026-05-14T03:22:22.4088354Z ##[group]Determining the checkout info
2026-05-14T03:22:22.4093698Z [command]/usr/bin/git branch --list --remote origin/feat/web-settings-sync-dashboard
2026-05-14T03:22:22.4152185Z [command]/usr/bin/git tag --list feat/web-settings-sync-dashboard
2026-05-14T03:22:22.4248575Z ##[error]A branch or tag with the name 'feat/web-settings-sync-dashboard' could not be found
2026-05-14T03:22:22.4562561Z Post job cleanup.
2026-05-14T03:22:22.5411140Z [command]/usr/bin/git version
2026-05-14T03:22:22.5449435Z git version 2.53.0
2026-05-14T03:22:22.5495245Z Temporarily overriding HOME='/home/runner/work/_temp/b99a316b-59f7-4f88-b2d3-e5c3c5608f29' before making global git config changes
2026-05-14T03:22:22.5497190Z Adding repository directory to the temporary git global config as a safe directory
2026-05-14T03:22:22.5502131Z [command]/usr/bin/git config --global --add safe.directory /home/runner/work/prismTask/prismTask
2026-05-14T03:22:22.5536688Z Removing SSH command configuration
2026-05-14T03:22:22.5543830Z [command]/usr/bin/git config --local --name-only --get-regexp core\.sshCommand
2026-05-14T03:22:22.5579952Z [command]/usr/bin/git submodule foreach --recursive sh -c "git config --local --name-only --get-regexp 'core\.sshCommand' && git config --local --unset-all 'core.sshCommand' || :"
2026-05-14T03:22:22.5806213Z Removing HTTP extra header
2026-05-14T03:22:22.5811265Z [command]/usr/bin/git config --local --name-only --get-regexp http\.https\:\/\/github\.com\/\.extraheader
2026-05-14T03:22:22.5849177Z [command]/usr/bin/git submodule foreach --recursive sh -c "git config --local --name-only --get-regexp 'http\.https\:\/\/github\.com\/\.extraheader' && git config --local --unset-all 'http.https://github.com/.extraheader' || :"
2026-05-14T03:22:22.6077034Z Removing includeIf entries pointing to credentials config files
2026-05-14T03:22:22.6077883Z [command]/usr/bin/git config --local --name-only --get-regexp ^includeIf\.gitdir:
2026-05-14T03:22:22.6101873Z includeif.gitdir:/home/runner/work/prismTask/prismTask/.git.path
2026-05-14T03:22:22.6102518Z includeif.gitdir:/home/runner/work/prismTask/prismTask/.git/worktrees/*.path
2026-05-14T03:22:22.6103022Z includeif.gitdir:/github/workspace/.git.path
2026-05-14T03:22:22.6103751Z includeif.gitdir:/github/workspace/.git/worktrees/*.path
2026-05-14T03:22:22.6111520Z [command]/usr/bin/git config --local --get-all includeif.gitdir:/home/runner/work/prismTask/prismTask/.git.path
2026-05-14T03:22:22.6167746Z /home/runner/work/_temp/git-credentials-a1975947-5a28-42a0-bc9e-f4f6c1b39744.config
2026-05-14T03:22:22.6179184Z [command]/usr/bin/git config --local --unset includeif.gitdir:/home/runner/work/prismTask/prismTask/.git.path /home/runner/work/_temp/git-credentials-a1975947-5a28-42a0-bc9e-f4f6c1b39744.config
2026-05-14T03:22:22.6217257Z [command]/usr/bin/git config --local --get-all includeif.gitdir:/home/runner/work/prismTask/prismTask/.git/worktrees/*.path
2026-05-14T03:22:22.6240512Z /home/runner/work/_temp/git-credentials-a1975947-5a28-42a0-bc9e-f4f6c1b39744.config
2026-05-14T03:22:22.6250268Z [command]/usr/bin/git config --local --unset includeif.gitdir:/home/runner/work/prismTask/prismTask/.git/worktrees/*.path /home/runner/work/_temp/git-credentials-a1975947-5a28-42a0-bc9e-f4f6c1b39744.config
2026-05-14T03:22:22.6282338Z [command]/usr/bin/git config --local --get-all includeif.gitdir:/github/workspace/.git.path
2026-05-14T03:22:22.6305438Z /github/runner_temp/git-credentials-a1975947-5a28-42a0-bc9e-f4f6c1b39744.config
2026-05-14T03:22:22.6314538Z [command]/usr/bin/git config --local --unset includeif.gitdir:/github/workspace/.git.path /github/runner_temp/git-credentials-a1975947-5a28-42a0-bc9e-f4f6c1b39744.config
2026-05-14T03:22:22.6347133Z [command]/usr/bin/git config --local --get-all includeif.gitdir:/github/workspace/.git/worktrees/*.path
2026-05-14T03:22:22.6368384Z /github/runner_temp/git-credentials-a1975947-5a28-42a0-bc9e-f4f6c1b39744.config
2026-05-14T03:22:22.6378479Z [command]/usr/bin/git config --local --unset includeif.gitdir:/github/workspace/.git/worktrees/*.path /github/runner_temp/git-credentials-a1975947-5a28-42a0-bc9e-f4f6c1b39744.config
2026-05-14T03:22:22.6411296Z [command]/usr/bin/git submodule foreach --recursive git config --local --show-origin --name-only --get-regexp remote.origin.url
2026-05-14T03:22:22.6632258Z Removing credentials config '/home/runner/work/_temp/git-credentials-a1975947-5a28-42a0-bc9e-f4f6c1b39744.config'
2026-05-14T03:22:22.6777932Z Cleaning up orphan processes
