=== CI FAILURE ===
Workflow:      Android CI
Workflow file: averycorp/prismTask/.github/workflows/android-ci.yml@refs/pull/1390/merge
Job(s):        autofix
Run ID:        25841655001
Run attempt:   1
Run URL:       https://github.com/averycorp/prismTask/actions/runs/25841655001
Commit:        dfb1abe952526619a5ae7d9ab93108d3c9adf40e
Branch:        1390/merge
Event:         pull_request
Actor:         akarlin3
Runner OS:     Linux
Timestamp:     2026-05-14T04:27:53.765Z

Failed steps:
  - autofix: #2 Run actions/checkout@v6

=== FAILED JOB LOG ===

--- Job: autofix (id 75928061270) ---
2026-05-14T04:27:24.8756460Z Current runner version: '2.334.0'
2026-05-14T04:27:24.8781902Z ##[group]Runner Image Provisioner
2026-05-14T04:27:24.8782720Z Hosted Compute Agent
2026-05-14T04:27:24.8783244Z Version: 20260213.493
2026-05-14T04:27:24.8783955Z Commit: 5c115507f6dd24b8de37d8bbe0bb4509d0cc0fa3
2026-05-14T04:27:24.8784635Z Build Date: 2026-02-13T00:28:41Z
2026-05-14T04:27:24.8785556Z Worker ID: {005fd2ed-3a25-43da-967e-759378824127}
2026-05-14T04:27:24.8786359Z Azure Region: northcentralus
2026-05-14T04:27:24.8786918Z ##[endgroup]
2026-05-14T04:27:24.8788402Z ##[group]Operating System
2026-05-14T04:27:24.8789507Z Ubuntu
2026-05-14T04:27:24.8789956Z 24.04.4
2026-05-14T04:27:24.8790447Z LTS
2026-05-14T04:27:24.8790953Z ##[endgroup]
2026-05-14T04:27:24.8791463Z ##[group]Runner Image
2026-05-14T04:27:24.8792015Z Image: ubuntu-24.04
2026-05-14T04:27:24.8792563Z Version: 20260413.86.1
2026-05-14T04:27:24.8793797Z Included Software: https://github.com/actions/runner-images/blob/ubuntu24/20260413.86/images/ubuntu/Ubuntu2404-Readme.md
2026-05-14T04:27:24.8795491Z Image Release: https://github.com/actions/runner-images/releases/tag/ubuntu24%2F20260413.86
2026-05-14T04:27:24.8796389Z ##[endgroup]
2026-05-14T04:27:24.8797697Z ##[group]GITHUB_TOKEN Permissions
2026-05-14T04:27:24.8799827Z Actions: read
2026-05-14T04:27:24.8800394Z Checks: read
2026-05-14T04:27:24.8800983Z Contents: write
2026-05-14T04:27:24.8801473Z Metadata: read
2026-05-14T04:27:24.8801989Z PullRequests: read
2026-05-14T04:27:24.8802581Z ##[endgroup]
2026-05-14T04:27:24.8804649Z Secret source: Actions
2026-05-14T04:27:24.8806170Z Prepare workflow directory
2026-05-14T04:27:24.9148836Z Prepare all required actions
2026-05-14T04:27:24.9187672Z Getting action download info
2026-05-14T04:27:25.2946704Z Download action repository 'actions/checkout@v6' (SHA:de0fac2e4500dabe0009e67214ff5f5447ce83dd)
2026-05-14T04:27:25.4344287Z Download action repository 'dorny/paths-filter@v4' (SHA:fbd0ab8f3e69293af611ebaee6363fc25e6d187d)
2026-05-14T04:27:25.7068016Z Download action repository 'actions/cache@v5' (SHA:27d5ce7f107fe9357f9df03efb73ab90386fccae)
2026-05-14T04:27:26.3409506Z Complete job name: autofix
2026-05-14T04:27:26.4218900Z ##[group]Run actions/checkout@v6
2026-05-14T04:27:26.4219868Z with:
2026-05-14T04:27:26.4220911Z   token: ***
2026-05-14T04:27:26.4221433Z   ref: worktree-ci+split-android-integration-tests
2026-05-14T04:27:26.4222052Z   fetch-depth: 0
2026-05-14T04:27:26.4222499Z   repository: averycorp/prismTask
2026-05-14T04:27:26.4223009Z   ssh-strict: true
2026-05-14T04:27:26.4223428Z   ssh-user: git
2026-05-14T04:27:26.4223872Z   persist-credentials: true
2026-05-14T04:27:26.4224346Z   clean: true
2026-05-14T04:27:26.4224987Z   sparse-checkout-cone-mode: true
2026-05-14T04:27:26.4225505Z   fetch-tags: false
2026-05-14T04:27:26.4225935Z   show-progress: true
2026-05-14T04:27:26.4226365Z   lfs: false
2026-05-14T04:27:26.4226777Z   submodules: false
2026-05-14T04:27:26.4227217Z   set-safe-directory: true
2026-05-14T04:27:26.4227975Z ##[endgroup]
2026-05-14T04:27:26.5210464Z Syncing repository: averycorp/prismTask
2026-05-14T04:27:26.5212473Z ##[group]Getting Git version info
2026-05-14T04:27:26.5213297Z Working directory is '/home/runner/work/prismTask/prismTask'
2026-05-14T04:27:26.5214327Z [command]/usr/bin/git version
2026-05-14T04:27:26.5253228Z git version 2.53.0
2026-05-14T04:27:26.5276349Z ##[endgroup]
2026-05-14T04:27:26.5290851Z Temporarily overriding HOME='/home/runner/work/_temp/438ad8ab-0fba-4c14-be02-f7857bb1981a' before making global git config changes
2026-05-14T04:27:26.5292449Z Adding repository directory to the temporary git global config as a safe directory
2026-05-14T04:27:26.5296704Z [command]/usr/bin/git config --global --add safe.directory /home/runner/work/prismTask/prismTask
2026-05-14T04:27:26.5329589Z Deleting the contents of '/home/runner/work/prismTask/prismTask'
2026-05-14T04:27:26.5333730Z ##[group]Initializing the repository
2026-05-14T04:27:26.5338860Z [command]/usr/bin/git init /home/runner/work/prismTask/prismTask
2026-05-14T04:27:26.5422465Z hint: Using 'master' as the name for the initial branch. This default branch name
2026-05-14T04:27:26.5425281Z hint: will change to "main" in Git 3.0. To configure the initial branch name
2026-05-14T04:27:26.5427432Z hint: to use in all of your new repositories, which will suppress this warning,
2026-05-14T04:27:26.5429081Z hint: call:
2026-05-14T04:27:26.5430227Z hint:
2026-05-14T04:27:26.5431420Z hint: 	git config --global init.defaultBranch <name>
2026-05-14T04:27:26.5432857Z hint:
2026-05-14T04:27:26.5434069Z hint: Names commonly chosen instead of 'master' are 'main', 'trunk' and
2026-05-14T04:27:26.5436647Z hint: 'development'. The just-created branch can be renamed via this command:
2026-05-14T04:27:26.5438268Z hint:
2026-05-14T04:27:26.5439063Z hint: 	git branch -m <name>
2026-05-14T04:27:26.5439983Z hint:
2026-05-14T04:27:26.5441131Z hint: Disable this message with "git config set advice.defaultBranchName false"
2026-05-14T04:27:26.5443119Z Initialized empty Git repository in /home/runner/work/prismTask/prismTask/.git/
2026-05-14T04:27:26.5445841Z [command]/usr/bin/git remote add origin https://github.com/averycorp/prismTask
2026-05-14T04:27:26.5502202Z ##[endgroup]
2026-05-14T04:27:26.5503584Z ##[group]Disabling automatic garbage collection
2026-05-14T04:27:26.5507150Z [command]/usr/bin/git config --local gc.auto 0
2026-05-14T04:27:26.5537359Z ##[endgroup]
2026-05-14T04:27:26.5538819Z ##[group]Setting up auth
2026-05-14T04:27:26.5539840Z Removing SSH command configuration
2026-05-14T04:27:26.5545901Z [command]/usr/bin/git config --local --name-only --get-regexp core\.sshCommand
2026-05-14T04:27:26.5576391Z [command]/usr/bin/git submodule foreach --recursive sh -c "git config --local --name-only --get-regexp 'core\.sshCommand' && git config --local --unset-all 'core.sshCommand' || :"
2026-05-14T04:27:26.5961388Z Removing HTTP extra header
2026-05-14T04:27:26.5968054Z [command]/usr/bin/git config --local --name-only --get-regexp http\.https\:\/\/github\.com\/\.extraheader
2026-05-14T04:27:26.6000832Z [command]/usr/bin/git submodule foreach --recursive sh -c "git config --local --name-only --get-regexp 'http\.https\:\/\/github\.com\/\.extraheader' && git config --local --unset-all 'http.https://github.com/.extraheader' || :"
2026-05-14T04:27:26.6213968Z Removing includeIf entries pointing to credentials config files
2026-05-14T04:27:26.6219976Z [command]/usr/bin/git config --local --name-only --get-regexp ^includeIf\.gitdir:
2026-05-14T04:27:26.6251805Z [command]/usr/bin/git submodule foreach --recursive git config --local --show-origin --name-only --get-regexp remote.origin.url
2026-05-14T04:27:26.6476296Z [command]/usr/bin/git config --file /home/runner/work/_temp/git-credentials-73df5f80-fa52-4485-a090-50dee6b34e18.config http.https://github.com/.extraheader AUTHORIZATION: basic ***
2026-05-14T04:27:26.6513336Z [command]/usr/bin/git config --local includeIf.gitdir:/home/runner/work/prismTask/prismTask/.git.path /home/runner/work/_temp/git-credentials-73df5f80-fa52-4485-a090-50dee6b34e18.config
2026-05-14T04:27:26.6542266Z [command]/usr/bin/git config --local includeIf.gitdir:/home/runner/work/prismTask/prismTask/.git/worktrees/*.path /home/runner/work/_temp/git-credentials-73df5f80-fa52-4485-a090-50dee6b34e18.config
2026-05-14T04:27:26.6573029Z [command]/usr/bin/git config --local includeIf.gitdir:/github/workspace/.git.path /github/runner_temp/git-credentials-73df5f80-fa52-4485-a090-50dee6b34e18.config
2026-05-14T04:27:26.6604573Z [command]/usr/bin/git config --local includeIf.gitdir:/github/workspace/.git/worktrees/*.path /github/runner_temp/git-credentials-73df5f80-fa52-4485-a090-50dee6b34e18.config
2026-05-14T04:27:26.6630064Z ##[endgroup]
2026-05-14T04:27:26.6630829Z ##[group]Fetching the repository
2026-05-14T04:27:26.6638914Z [command]/usr/bin/git -c protocol.version=2 fetch --no-tags --prune --no-recurse-submodules origin +refs/heads/*:refs/remotes/origin/* +refs/tags/*:refs/tags/*
2026-05-14T04:27:45.7437667Z From https://github.com/averycorp/prismTask
2026-05-14T04:27:45.7438655Z  * [new branch]        ci-logs         -> origin/ci-logs
2026-05-14T04:27:45.7439926Z  * [new branch]        main            -> origin/main
2026-05-14T04:27:45.7440930Z  * [new branch]        v0.1.0-legacy   -> origin/v0.1.0-legacy
2026-05-14T04:27:45.7441757Z  * [new branch]        v0.2.0-legacy   -> origin/v0.2.0-legacy
2026-05-14T04:27:45.7442580Z  * [new branch]        v0.3.0-legacy   -> origin/v0.3.0-legacy
2026-05-14T04:27:45.7443381Z  * [new branch]        v0.4.0-legacy   -> origin/v0.4.0-legacy
2026-05-14T04:27:45.7444205Z  * [new branch]        v0.5.0-legacy   -> origin/v0.5.0-legacy
2026-05-14T04:27:45.7445293Z  * [new branch]        v0.6.0-legacy   -> origin/v0.6.0-legacy
2026-05-14T04:27:45.7446114Z  * [new branch]        v0.7.0-legacy   -> origin/v0.7.0-legacy
2026-05-14T04:27:45.7447121Z  * [new branch]        worktree-course-name-only -> origin/worktree-course-name-only
2026-05-14T04:27:45.7448517Z  * [new branch]        worktree-leisure-categories-removable -> origin/worktree-leisure-categories-removable
2026-05-14T04:27:45.7449932Z  * [new branch]        worktree-recheck-recurring -> origin/worktree-recheck-recurring
2026-05-14T04:27:45.7451648Z  * [new branch]        worktree-remove-leisure-minimum-from-daily-essentials -> origin/worktree-remove-leisure-minimum-from-daily-essentials
2026-05-14T04:27:45.7453111Z  * [new tag]           v0.1.0          -> v0.1.0
2026-05-14T04:27:45.7453870Z  * [new tag]           v0.2.0          -> v0.2.0
2026-05-14T04:27:45.7454532Z  * [new tag]           v0.3.0          -> v0.3.0
2026-05-14T04:27:45.7455443Z  * [new tag]           v0.4.0          -> v0.4.0
2026-05-14T04:27:45.7456107Z  * [new tag]           v0.5.0          -> v0.5.0
2026-05-14T04:27:45.7456739Z  * [new tag]           v0.7.0          -> v0.7.0
2026-05-14T04:27:45.7457408Z  * [new tag]           v0.7.12         -> v0.7.12
2026-05-14T04:27:45.7458074Z  * [new tag]           v0.7.13         -> v0.7.13
2026-05-14T04:27:45.7458730Z  * [new tag]           v0.7.14         -> v0.7.14
2026-05-14T04:27:45.7459424Z  * [new tag]           v0.7.15         -> v0.7.15
2026-05-14T04:27:45.7460248Z  * [new tag]           v0.7.16         -> v0.7.16
2026-05-14T04:27:45.7461257Z  * [new tag]           v0.7.17         -> v0.7.17
2026-05-14T04:27:45.7462030Z  * [new tag]           v0.7.17-build.2 -> v0.7.17-build.2
2026-05-14T04:27:45.7462831Z  * [new tag]           v0.7.17-build.3 -> v0.7.17-build.3
2026-05-14T04:27:45.7463589Z  * [new tag]           v0.7.17-build.4 -> v0.7.17-build.4
2026-05-14T04:27:45.7464446Z  * [new tag]           v0.7.17-build.5 -> v0.7.17-build.5
2026-05-14T04:27:45.7465568Z  * [new tag]           v0.7.17-build.6 -> v0.7.17-build.6
2026-05-14T04:27:45.7466292Z  * [new tag]           v0.7.17-build.7 -> v0.7.17-build.7
2026-05-14T04:27:45.7467022Z  * [new tag]           v0.7.17-build.8 -> v0.7.17-build.8
2026-05-14T04:27:45.7467733Z  * [new tag]           v0.7.17-build.9 -> v0.7.17-build.9
2026-05-14T04:27:45.7468428Z  * [new tag]           v0.7.18         -> v0.7.18
2026-05-14T04:27:45.7469128Z  * [new tag]           v0.7.18-build.2 -> v0.7.18-build.2
2026-05-14T04:27:45.7469864Z  * [new tag]           v0.7.18-build.3 -> v0.7.18-build.3
2026-05-14T04:27:45.7470620Z  * [new tag]           v0.7.18-build.4 -> v0.7.18-build.4
2026-05-14T04:27:45.7471290Z  * [new tag]           v0.7.19         -> v0.7.19
2026-05-14T04:27:45.7471917Z  * [new tag]           v0.7.19-build.2 -> v0.7.19-build.2
2026-05-14T04:27:45.7472562Z  * [new tag]           v0.7.20         -> v0.7.20
2026-05-14T04:27:45.7473246Z  * [new tag]           v0.7.20-build.2 -> v0.7.20-build.2
2026-05-14T04:27:45.7473959Z  * [new tag]           v0.7.20-build.3 -> v0.7.20-build.3
2026-05-14T04:27:45.7474662Z  * [new tag]           v0.7.20-build.4 -> v0.7.20-build.4
2026-05-14T04:27:45.7475603Z  * [new tag]           v0.8.0          -> v0.8.0
2026-05-14T04:27:45.7476308Z  * [new tag]           v0.8.0-build.2  -> v0.8.0-build.2
2026-05-14T04:27:45.7477001Z  * [new tag]           v0.8.1          -> v0.8.1
2026-05-14T04:27:45.7477660Z  * [new tag]           v0.8.10         -> v0.8.10
2026-05-14T04:27:45.7478609Z  * [new tag]           v0.8.11         -> v0.8.11
2026-05-14T04:27:45.7479314Z  * [new tag]           v0.8.12         -> v0.8.12
2026-05-14T04:27:45.7479987Z  * [new tag]           v0.8.13         -> v0.8.13
2026-05-14T04:27:45.7480642Z  * [new tag]           v0.8.14         -> v0.8.14
2026-05-14T04:27:45.7481287Z  * [new tag]           v0.8.15         -> v0.8.15
2026-05-14T04:27:45.7481962Z  * [new tag]           v0.8.2          -> v0.8.2
2026-05-14T04:27:45.7482615Z  * [new tag]           v0.8.3          -> v0.8.3
2026-05-14T04:27:45.7483262Z  * [new tag]           v0.8.4          -> v0.8.4
2026-05-14T04:27:45.7483865Z  * [new tag]           v0.8.5          -> v0.8.5
2026-05-14T04:27:45.7484481Z  * [new tag]           v0.8.6          -> v0.8.6
2026-05-14T04:27:45.7485396Z  * [new tag]           v0.8.7          -> v0.8.7
2026-05-14T04:27:45.7486020Z  * [new tag]           v0.8.8          -> v0.8.8
2026-05-14T04:27:45.7486639Z  * [new tag]           v0.8.9          -> v0.8.9
2026-05-14T04:27:45.7487347Z  * [new tag]           v0.9.1          -> v0.9.1
2026-05-14T04:27:45.7487980Z  * [new tag]           v0.9.2          -> v0.9.2
2026-05-14T04:27:45.7488618Z  * [new tag]           v1.0.1          -> v1.0.1
2026-05-14T04:27:45.7489252Z  * [new tag]           v1.0.10         -> v1.0.10
2026-05-14T04:27:45.7489966Z  * [new tag]           v1.0.11         -> v1.0.11
2026-05-14T04:27:45.7490671Z  * [new tag]           v1.0.12         -> v1.0.12
2026-05-14T04:27:45.7491316Z  * [new tag]           v1.0.13         -> v1.0.13
2026-05-14T04:27:45.7491955Z  * [new tag]           v1.0.2          -> v1.0.2
2026-05-14T04:27:45.7492580Z  * [new tag]           v1.0.3          -> v1.0.3
2026-05-14T04:27:45.7493203Z  * [new tag]           v1.0.4          -> v1.0.4
2026-05-14T04:27:45.7493817Z  * [new tag]           v1.0.5          -> v1.0.5
2026-05-14T04:27:45.7494427Z  * [new tag]           v1.0.6          -> v1.0.6
2026-05-14T04:27:45.7495344Z  * [new tag]           v1.0.7          -> v1.0.7
2026-05-14T04:27:45.7495986Z  * [new tag]           v1.0.8          -> v1.0.8
2026-05-14T04:27:45.7496831Z  * [new tag]           v1.0.9          -> v1.0.9
2026-05-14T04:27:45.7497456Z  * [new tag]           v1.1.1          -> v1.1.1
2026-05-14T04:27:45.7498104Z  * [new tag]           v1.1.1-build.2  -> v1.1.1-build.2
2026-05-14T04:27:45.7498803Z  * [new tag]           v1.1.1-build.3  -> v1.1.1-build.3
2026-05-14T04:27:45.7499479Z  * [new tag]           v1.1.1-build.4  -> v1.1.1-build.4
2026-05-14T04:27:45.7500173Z  * [new tag]           v1.1.10         -> v1.1.10
2026-05-14T04:27:45.7500846Z  * [new tag]           v1.1.11         -> v1.1.11
2026-05-14T04:27:45.7501449Z  * [new tag]           v1.1.12         -> v1.1.12
2026-05-14T04:27:45.7502103Z  * [new tag]           v1.1.2          -> v1.1.2
2026-05-14T04:27:45.7502783Z  * [new tag]           v1.1.3          -> v1.1.3
2026-05-14T04:27:45.7503466Z  * [new tag]           v1.1.4          -> v1.1.4
2026-05-14T04:27:45.7504171Z  * [new tag]           v1.1.5          -> v1.1.5
2026-05-14T04:27:45.7505626Z  * [new tag]           v1.1.6          -> v1.1.6
2026-05-14T04:27:45.7506084Z  * [new tag]           v1.1.7          -> v1.1.7
2026-05-14T04:27:45.7506473Z  * [new tag]           v1.1.8          -> v1.1.8
2026-05-14T04:27:45.7506844Z  * [new tag]           v1.1.9          -> v1.1.9
2026-05-14T04:27:45.7507217Z  * [new tag]           v1.3.0          -> v1.3.0
2026-05-14T04:27:45.7507574Z  * [new tag]           v1.3.1          -> v1.3.1
2026-05-14T04:27:45.7507939Z  * [new tag]           v1.3.10         -> v1.3.10
2026-05-14T04:27:45.7508301Z  * [new tag]           v1.3.11         -> v1.3.11
2026-05-14T04:27:45.7508684Z  * [new tag]           v1.3.11-build.2 -> v1.3.11-build.2
2026-05-14T04:27:45.7509068Z  * [new tag]           v1.3.12         -> v1.3.12
2026-05-14T04:27:45.7509427Z  * [new tag]           v1.3.13         -> v1.3.13
2026-05-14T04:27:45.7509810Z  * [new tag]           v1.3.13-build.2 -> v1.3.13-build.2
2026-05-14T04:27:45.7510195Z  * [new tag]           v1.3.14         -> v1.3.14
2026-05-14T04:27:45.7510742Z  * [new tag]           v1.3.15         -> v1.3.15
2026-05-14T04:27:45.7511099Z  * [new tag]           v1.3.16         -> v1.3.16
2026-05-14T04:27:45.7511546Z  * [new tag]           v1.3.17         -> v1.3.17
2026-05-14T04:27:45.7511904Z  * [new tag]           v1.3.18         -> v1.3.18
2026-05-14T04:27:45.7512272Z  * [new tag]           v1.3.19         -> v1.3.19
2026-05-14T04:27:45.7512632Z  * [new tag]           v1.3.2          -> v1.3.2
2026-05-14T04:27:45.7512990Z  * [new tag]           v1.3.20         -> v1.3.20
2026-05-14T04:27:45.7513346Z  * [new tag]           v1.3.21         -> v1.3.21
2026-05-14T04:27:45.7513704Z  * [new tag]           v1.3.22         -> v1.3.22
2026-05-14T04:27:45.7514057Z  * [new tag]           v1.3.23         -> v1.3.23
2026-05-14T04:27:45.7514461Z  * [new tag]           v1.3.24         -> v1.3.24
2026-05-14T04:27:45.7515144Z  * [new tag]           v1.3.25         -> v1.3.25
2026-05-14T04:27:45.7515510Z  * [new tag]           v1.3.26         -> v1.3.26
2026-05-14T04:27:45.7515869Z  * [new tag]           v1.3.27         -> v1.3.27
2026-05-14T04:27:45.7516229Z  * [new tag]           v1.3.28         -> v1.3.28
2026-05-14T04:27:45.7516583Z  * [new tag]           v1.3.29         -> v1.3.29
2026-05-14T04:27:45.7516932Z  * [new tag]           v1.3.3          -> v1.3.3
2026-05-14T04:27:45.7517286Z  * [new tag]           v1.3.30         -> v1.3.30
2026-05-14T04:27:45.7517638Z  * [new tag]           v1.3.31         -> v1.3.31
2026-05-14T04:27:45.7517981Z  * [new tag]           v1.3.32         -> v1.3.32
2026-05-14T04:27:45.7518332Z  * [new tag]           v1.3.33         -> v1.3.33
2026-05-14T04:27:45.7518682Z  * [new tag]           v1.3.34         -> v1.3.34
2026-05-14T04:27:45.7519024Z  * [new tag]           v1.3.35         -> v1.3.35
2026-05-14T04:27:45.7519376Z  * [new tag]           v1.3.36         -> v1.3.36
2026-05-14T04:27:45.7519733Z  * [new tag]           v1.3.37         -> v1.3.37
2026-05-14T04:27:45.7520081Z  * [new tag]           v1.3.38         -> v1.3.38
2026-05-14T04:27:45.7583596Z  * [new tag]           v1.3.39         -> v1.3.39
2026-05-14T04:27:45.7584342Z  * [new tag]           v1.3.4          -> v1.3.4
2026-05-14T04:27:45.7584979Z  * [new tag]           v1.3.40         -> v1.3.40
2026-05-14T04:27:45.7585398Z  * [new tag]           v1.3.41         -> v1.3.41
2026-05-14T04:27:45.7585812Z  * [new tag]           v1.3.42         -> v1.3.42
2026-05-14T04:27:45.7586211Z  * [new tag]           v1.3.43         -> v1.3.43
2026-05-14T04:27:45.7586614Z  * [new tag]           v1.3.44         -> v1.3.44
2026-05-14T04:27:45.7586985Z  * [new tag]           v1.3.45         -> v1.3.45
2026-05-14T04:27:45.7587355Z  * [new tag]           v1.3.46         -> v1.3.46
2026-05-14T04:27:45.7587713Z  * [new tag]           v1.3.47         -> v1.3.47
2026-05-14T04:27:45.7588065Z  * [new tag]           v1.3.48         -> v1.3.48
2026-05-14T04:27:45.7588438Z  * [new tag]           v1.3.49         -> v1.3.49
2026-05-14T04:27:45.7588805Z  * [new tag]           v1.3.5          -> v1.3.5
2026-05-14T04:27:45.7589209Z  * [new tag]           v1.3.5-build.2  -> v1.3.5-build.2
2026-05-14T04:27:45.7589609Z  * [new tag]           v1.3.50         -> v1.3.50
2026-05-14T04:27:45.7589972Z  * [new tag]           v1.3.51         -> v1.3.51
2026-05-14T04:27:45.7590341Z  * [new tag]           v1.3.52         -> v1.3.52
2026-05-14T04:27:45.7590700Z  * [new tag]           v1.3.53         -> v1.3.53
2026-05-14T04:27:45.7591060Z  * [new tag]           v1.3.54         -> v1.3.54
2026-05-14T04:27:45.7591414Z  * [new tag]           v1.3.55         -> v1.3.55
2026-05-14T04:27:45.7591772Z  * [new tag]           v1.3.56         -> v1.3.56
2026-05-14T04:27:45.7592127Z  * [new tag]           v1.3.57         -> v1.3.57
2026-05-14T04:27:45.7592483Z  * [new tag]           v1.3.58         -> v1.3.58
2026-05-14T04:27:45.7592830Z  * [new tag]           v1.3.59         -> v1.3.59
2026-05-14T04:27:45.7593188Z  * [new tag]           v1.3.6          -> v1.3.6
2026-05-14T04:27:45.7593546Z  * [new tag]           v1.3.60         -> v1.3.60
2026-05-14T04:27:45.7594040Z  * [new tag]           v1.3.61         -> v1.3.61
2026-05-14T04:27:45.7594408Z  * [new tag]           v1.3.62         -> v1.3.62
2026-05-14T04:27:45.7594912Z  * [new tag]           v1.3.7          -> v1.3.7
2026-05-14T04:27:45.7595497Z  * [new tag]           v1.3.8          -> v1.3.8
2026-05-14T04:27:45.7595881Z  * [new tag]           v1.3.9          -> v1.3.9
2026-05-14T04:27:45.7596246Z  * [new tag]           v1.4.40         -> v1.4.40
2026-05-14T04:27:45.7596603Z  * [new tag]           v1.5.0          -> v1.5.0
2026-05-14T04:27:45.7596956Z  * [new tag]           v1.5.2          -> v1.5.2
2026-05-14T04:27:45.7597308Z  * [new tag]           v1.5.3          -> v1.5.3
2026-05-14T04:27:45.7597653Z  * [new tag]           v1.6.0          -> v1.6.0
2026-05-14T04:27:45.7598008Z  * [new tag]           v1.7.0          -> v1.7.0
2026-05-14T04:27:45.7598365Z  * [new tag]           v1.7.37         -> v1.7.37
2026-05-14T04:27:45.7598725Z  * [new tag]           v1.7.38         -> v1.7.38
2026-05-14T04:27:45.7599100Z  * [new tag]           v1.7.39         -> v1.7.39
2026-05-14T04:27:45.7599466Z  * [new tag]           v1.7.40         -> v1.7.40
2026-05-14T04:27:45.7599826Z  * [new tag]           v1.7.41         -> v1.7.41
2026-05-14T04:27:45.7600176Z  * [new tag]           v1.7.42         -> v1.7.42
2026-05-14T04:27:45.7600530Z  * [new tag]           v1.7.43         -> v1.7.43
2026-05-14T04:27:45.7600910Z  * [new tag]           v1.7.44         -> v1.7.44
2026-05-14T04:27:45.7601278Z  * [new tag]           v1.7.45         -> v1.7.45
2026-05-14T04:27:45.7601630Z  * [new tag]           v1.7.46         -> v1.7.46
2026-05-14T04:27:45.7602004Z  * [new tag]           v1.7.47         -> v1.7.47
2026-05-14T04:27:45.7602348Z  * [new tag]           v1.7.48         -> v1.7.48
2026-05-14T04:27:45.7602705Z  * [new tag]           v1.7.49         -> v1.7.49
2026-05-14T04:27:45.7603059Z  * [new tag]           v1.7.50         -> v1.7.50
2026-05-14T04:27:45.7603407Z  * [new tag]           v1.7.51         -> v1.7.51
2026-05-14T04:27:45.7603769Z  * [new tag]           v1.7.52         -> v1.7.52
2026-05-14T04:27:45.7604266Z  * [new tag]           v1.7.53         -> v1.7.53
2026-05-14T04:27:45.7604635Z  * [new tag]           v1.7.54         -> v1.7.54
2026-05-14T04:27:45.7605143Z  * [new tag]           v1.7.55         -> v1.7.55
2026-05-14T04:27:45.7605495Z  * [new tag]           v1.7.56         -> v1.7.56
2026-05-14T04:27:45.7605851Z  * [new tag]           v1.7.57         -> v1.7.57
2026-05-14T04:27:45.7606201Z  * [new tag]           v1.7.58         -> v1.7.58
2026-05-14T04:27:45.7606551Z  * [new tag]           v1.7.59         -> v1.7.59
2026-05-14T04:27:45.7606902Z  * [new tag]           v1.7.60         -> v1.7.60
2026-05-14T04:27:45.7607249Z  * [new tag]           v1.7.61         -> v1.7.61
2026-05-14T04:27:45.7607601Z  * [new tag]           v1.7.62         -> v1.7.62
2026-05-14T04:27:45.7607949Z  * [new tag]           v1.7.63         -> v1.7.63
2026-05-14T04:27:45.7608296Z  * [new tag]           v1.7.64         -> v1.7.64
2026-05-14T04:27:45.7608659Z  * [new tag]           v1.7.65         -> v1.7.65
2026-05-14T04:27:45.7609017Z  * [new tag]           v1.7.66         -> v1.7.66
2026-05-14T04:27:45.7609387Z  * [new tag]           v1.7.67         -> v1.7.67
2026-05-14T04:27:45.7609738Z  * [new tag]           v1.7.68         -> v1.7.68
2026-05-14T04:27:45.7610086Z  * [new tag]           v1.7.69         -> v1.7.69
2026-05-14T04:27:45.7610438Z  * [new tag]           v1.7.70         -> v1.7.70
2026-05-14T04:27:45.7610792Z  * [new tag]           v1.7.71         -> v1.7.71
2026-05-14T04:27:45.7611139Z  * [new tag]           v1.7.72         -> v1.7.72
2026-05-14T04:27:45.7611489Z  * [new tag]           v1.7.73         -> v1.7.73
2026-05-14T04:27:45.7611841Z  * [new tag]           v1.7.74         -> v1.7.74
2026-05-14T04:27:45.7612192Z  * [new tag]           v1.7.75         -> v1.7.75
2026-05-14T04:27:45.7612536Z  * [new tag]           v1.7.76         -> v1.7.76
2026-05-14T04:27:45.7612888Z  * [new tag]           v1.7.77         -> v1.7.77
2026-05-14T04:27:45.7613384Z  * [new tag]           v1.7.78         -> v1.7.78
2026-05-14T04:27:45.7613734Z  * [new tag]           v1.7.79         -> v1.7.79
2026-05-14T04:27:45.7614087Z  * [new tag]           v1.7.80         -> v1.7.80
2026-05-14T04:27:45.7614438Z  * [new tag]           v1.7.81         -> v1.7.81
2026-05-14T04:27:45.7615082Z  * [new tag]           v1.7.82         -> v1.7.82
2026-05-14T04:27:45.7615463Z  * [new tag]           v1.7.83         -> v1.7.83
2026-05-14T04:27:45.7615817Z  * [new tag]           v1.7.84         -> v1.7.84
2026-05-14T04:27:45.7616164Z  * [new tag]           v1.7.85         -> v1.7.85
2026-05-14T04:27:45.7616515Z  * [new tag]           v1.7.86         -> v1.7.86
2026-05-14T04:27:45.7616866Z  * [new tag]           v1.7.87         -> v1.7.87
2026-05-14T04:27:45.7617211Z  * [new tag]           v1.7.90         -> v1.7.90
2026-05-14T04:27:45.7617570Z  * [new tag]           v1.7.92         -> v1.7.92
2026-05-14T04:27:45.7617925Z  * [new tag]           v1.7.93         -> v1.7.93
2026-05-14T04:27:45.7618293Z  * [new tag]           v1.7.94         -> v1.7.94
2026-05-14T04:27:45.7618641Z  * [new tag]           v1.7.95         -> v1.7.95
2026-05-14T04:27:45.7618991Z  * [new tag]           v1.7.96         -> v1.7.96
2026-05-14T04:27:45.7619345Z  * [new tag]           v1.7.97         -> v1.7.97
2026-05-14T04:27:45.7619696Z  * [new tag]           v1.8.0          -> v1.8.0
2026-05-14T04:27:45.7620060Z  * [new tag]           v1.8.1          -> v1.8.1
2026-05-14T04:27:45.7620423Z  * [new tag]           v1.8.10         -> v1.8.10
2026-05-14T04:27:45.7620774Z  * [new tag]           v1.8.11         -> v1.8.11
2026-05-14T04:27:45.7621127Z  * [new tag]           v1.8.12         -> v1.8.12
2026-05-14T04:27:45.7621482Z  * [new tag]           v1.8.14         -> v1.8.14
2026-05-14T04:27:45.7621826Z  * [new tag]           v1.8.15         -> v1.8.15
2026-05-14T04:27:45.7622184Z  * [new tag]           v1.8.16         -> v1.8.16
2026-05-14T04:27:45.7622538Z  * [new tag]           v1.8.17         -> v1.8.17
2026-05-14T04:27:45.7623023Z  * [new tag]           v1.8.18         -> v1.8.18
2026-05-14T04:27:45.7623387Z  * [new tag]           v1.8.19         -> v1.8.19
2026-05-14T04:27:45.7623742Z  * [new tag]           v1.8.2          -> v1.8.2
2026-05-14T04:27:45.7624087Z  * [new tag]           v1.8.20         -> v1.8.20
2026-05-14T04:27:45.7624442Z  * [new tag]           v1.8.21         -> v1.8.21
2026-05-14T04:27:45.7624942Z  * [new tag]           v1.8.22         -> v1.8.22
2026-05-14T04:27:45.7625318Z  * [new tag]           v1.8.23         -> v1.8.23
2026-05-14T04:27:45.7625676Z  * [new tag]           v1.8.24         -> v1.8.24
2026-05-14T04:27:45.7626028Z  * [new tag]           v1.8.25         -> v1.8.25
2026-05-14T04:27:45.7626382Z  * [new tag]           v1.8.26         -> v1.8.26
2026-05-14T04:27:45.7626735Z  * [new tag]           v1.8.27         -> v1.8.27
2026-05-14T04:27:45.7627124Z  * [new tag]           v1.8.28         -> v1.8.28
2026-05-14T04:27:45.7627471Z  * [new tag]           v1.8.29         -> v1.8.29
2026-05-14T04:27:45.7627835Z  * [new tag]           v1.8.3          -> v1.8.3
2026-05-14T04:27:45.7628188Z  * [new tag]           v1.8.30         -> v1.8.30
2026-05-14T04:27:45.7628532Z  * [new tag]           v1.8.31         -> v1.8.31
2026-05-14T04:27:45.7628882Z  * [new tag]           v1.8.32         -> v1.8.32
2026-05-14T04:27:45.7629229Z  * [new tag]           v1.8.33         -> v1.8.33
2026-05-14T04:27:45.7629574Z  * [new tag]           v1.8.34         -> v1.8.34
2026-05-14T04:27:45.7629929Z  * [new tag]           v1.8.35         -> v1.8.35
2026-05-14T04:27:45.7630276Z  * [new tag]           v1.8.36         -> v1.8.36
2026-05-14T04:27:45.7630619Z  * [new tag]           v1.8.37         -> v1.8.37
2026-05-14T04:27:45.7630968Z  * [new tag]           v1.8.38         -> v1.8.38
2026-05-14T04:27:45.7631317Z  * [new tag]           v1.8.39         -> v1.8.39
2026-05-14T04:27:45.7631663Z  * [new tag]           v1.8.4          -> v1.8.4
2026-05-14T04:27:45.7632013Z  * [new tag]           v1.8.40         -> v1.8.40
2026-05-14T04:27:45.7632544Z  * [new tag]           v1.8.41         -> v1.8.41
2026-05-14T04:27:45.7632896Z  * [new tag]           v1.8.42         -> v1.8.42
2026-05-14T04:27:45.7633244Z  * [new tag]           v1.8.43         -> v1.8.43
2026-05-14T04:27:45.7633594Z  * [new tag]           v1.8.44         -> v1.8.44
2026-05-14T04:27:45.7633941Z  * [new tag]           v1.8.45         -> v1.8.45
2026-05-14T04:27:45.7634284Z  * [new tag]           v1.8.46         -> v1.8.46
2026-05-14T04:27:45.7634641Z  * [new tag]           v1.8.47         -> v1.8.47
2026-05-14T04:27:45.7635379Z  * [new tag]           v1.8.48         -> v1.8.48
2026-05-14T04:27:45.7635743Z  * [new tag]           v1.8.49         -> v1.8.49
2026-05-14T04:27:45.7636100Z  * [new tag]           v1.8.5          -> v1.8.5
2026-05-14T04:27:45.7636481Z  * [new tag]           v1.8.50         -> v1.8.50
2026-05-14T04:27:45.7636827Z  * [new tag]           v1.8.51         -> v1.8.51
2026-05-14T04:27:45.7637176Z  * [new tag]           v1.8.52         -> v1.8.52
2026-05-14T04:27:45.7637544Z  * [new tag]           v1.8.53         -> v1.8.53
2026-05-14T04:27:45.7637885Z  * [new tag]           v1.8.54         -> v1.8.54
2026-05-14T04:27:45.7638237Z  * [new tag]           v1.8.6          -> v1.8.6
2026-05-14T04:27:45.7638593Z  * [new tag]           v1.8.7          -> v1.8.7
2026-05-14T04:27:45.7638943Z  * [new tag]           v1.8.8          -> v1.8.8
2026-05-14T04:27:45.7639286Z  * [new tag]           v1.8.9          -> v1.8.9
2026-05-14T04:27:45.7639632Z  * [new tag]           v1.9.1          -> v1.9.1
2026-05-14T04:27:45.7639979Z  * [new tag]           v1.9.10         -> v1.9.10
2026-05-14T04:27:45.7640320Z  * [new tag]           v1.9.11         -> v1.9.11
2026-05-14T04:27:45.7640674Z  * [new tag]           v1.9.12         -> v1.9.12
2026-05-14T04:27:45.7641019Z  * [new tag]           v1.9.13         -> v1.9.13
2026-05-14T04:27:45.7641360Z  * [new tag]           v1.9.14         -> v1.9.14
2026-05-14T04:27:45.7641714Z  * [new tag]           v1.9.15         -> v1.9.15
2026-05-14T04:27:45.7642223Z  * [new tag]           v1.9.16         -> v1.9.16
2026-05-14T04:27:45.7642585Z  * [new tag]           v1.9.18         -> v1.9.18
2026-05-14T04:27:45.7642939Z  * [new tag]           v1.9.19         -> v1.9.19
2026-05-14T04:27:45.7643292Z  * [new tag]           v1.9.2          -> v1.9.2
2026-05-14T04:27:45.7643639Z  * [new tag]           v1.9.20         -> v1.9.20
2026-05-14T04:27:45.7643983Z  * [new tag]           v1.9.21         -> v1.9.21
2026-05-14T04:27:45.7644332Z  * [new tag]           v1.9.22         -> v1.9.22
2026-05-14T04:27:45.7644826Z  * [new tag]           v1.9.23         -> v1.9.23
2026-05-14T04:27:45.7645186Z  * [new tag]           v1.9.24         -> v1.9.24
2026-05-14T04:27:45.7645541Z  * [new tag]           v1.9.3          -> v1.9.3
2026-05-14T04:27:45.7645891Z  * [new tag]           v1.9.4          -> v1.9.4
2026-05-14T04:27:45.7646236Z  * [new tag]           v1.9.5          -> v1.9.5
2026-05-14T04:27:45.7646582Z  * [new tag]           v1.9.6          -> v1.9.6
2026-05-14T04:27:45.7646946Z  * [new tag]           v1.9.7          -> v1.9.7
2026-05-14T04:27:45.7647294Z  * [new tag]           v1.9.8          -> v1.9.8
2026-05-14T04:27:45.7647644Z  * [new tag]           v1.9.9          -> v1.9.9
2026-05-14T04:27:45.7750770Z ##[endgroup]
2026-05-14T04:27:45.7751602Z ##[group]Determining the checkout info
2026-05-14T04:27:45.7757923Z [command]/usr/bin/git branch --list --remote origin/worktree-ci+split-android-integration-tests
2026-05-14T04:27:45.7814484Z [command]/usr/bin/git tag --list worktree-ci+split-android-integration-tests
2026-05-14T04:27:45.7907537Z ##[error]A branch or tag with the name 'worktree-ci+split-android-integration-tests' could not be found
2026-05-14T04:27:45.8208074Z Post job cleanup.
2026-05-14T04:27:45.9001477Z [command]/usr/bin/git version
2026-05-14T04:27:45.9038160Z git version 2.53.0
2026-05-14T04:27:45.9111214Z Temporarily overriding HOME='/home/runner/work/_temp/f5c9d123-6c74-4f94-81b3-a6872e449af8' before making global git config changes
2026-05-14T04:27:45.9113073Z Adding repository directory to the temporary git global config as a safe directory
2026-05-14T04:27:45.9117363Z [command]/usr/bin/git config --global --add safe.directory /home/runner/work/prismTask/prismTask
2026-05-14T04:27:45.9146395Z Removing SSH command configuration
2026-05-14T04:27:45.9152845Z [command]/usr/bin/git config --local --name-only --get-regexp core\.sshCommand
2026-05-14T04:27:45.9186184Z [command]/usr/bin/git submodule foreach --recursive sh -c "git config --local --name-only --get-regexp 'core\.sshCommand' && git config --local --unset-all 'core.sshCommand' || :"
2026-05-14T04:27:45.9401980Z Removing HTTP extra header
2026-05-14T04:27:45.9406744Z [command]/usr/bin/git config --local --name-only --get-regexp http\.https\:\/\/github\.com\/\.extraheader
2026-05-14T04:27:45.9439351Z [command]/usr/bin/git submodule foreach --recursive sh -c "git config --local --name-only --get-regexp 'http\.https\:\/\/github\.com\/\.extraheader' && git config --local --unset-all 'http.https://github.com/.extraheader' || :"
2026-05-14T04:27:45.9674255Z Removing includeIf entries pointing to credentials config files
2026-05-14T04:27:45.9683342Z [command]/usr/bin/git config --local --name-only --get-regexp ^includeIf\.gitdir:
2026-05-14T04:27:45.9707358Z includeif.gitdir:/home/runner/work/prismTask/prismTask/.git.path
2026-05-14T04:27:45.9708592Z includeif.gitdir:/home/runner/work/prismTask/prismTask/.git/worktrees/*.path
2026-05-14T04:27:45.9709778Z includeif.gitdir:/github/workspace/.git.path
2026-05-14T04:27:45.9710676Z includeif.gitdir:/github/workspace/.git/worktrees/*.path
2026-05-14T04:27:45.9718102Z [command]/usr/bin/git config --local --get-all includeif.gitdir:/home/runner/work/prismTask/prismTask/.git.path
2026-05-14T04:27:45.9741586Z /home/runner/work/_temp/git-credentials-73df5f80-fa52-4485-a090-50dee6b34e18.config
2026-05-14T04:27:45.9752527Z [command]/usr/bin/git config --local --unset includeif.gitdir:/home/runner/work/prismTask/prismTask/.git.path /home/runner/work/_temp/git-credentials-73df5f80-fa52-4485-a090-50dee6b34e18.config
2026-05-14T04:27:45.9789807Z [command]/usr/bin/git config --local --get-all includeif.gitdir:/home/runner/work/prismTask/prismTask/.git/worktrees/*.path
2026-05-14T04:27:45.9813441Z /home/runner/work/_temp/git-credentials-73df5f80-fa52-4485-a090-50dee6b34e18.config
2026-05-14T04:27:45.9822716Z [command]/usr/bin/git config --local --unset includeif.gitdir:/home/runner/work/prismTask/prismTask/.git/worktrees/*.path /home/runner/work/_temp/git-credentials-73df5f80-fa52-4485-a090-50dee6b34e18.config
2026-05-14T04:27:45.9853725Z [command]/usr/bin/git config --local --get-all includeif.gitdir:/github/workspace/.git.path
2026-05-14T04:27:45.9876828Z /github/runner_temp/git-credentials-73df5f80-fa52-4485-a090-50dee6b34e18.config
2026-05-14T04:27:45.9886114Z [command]/usr/bin/git config --local --unset includeif.gitdir:/github/workspace/.git.path /github/runner_temp/git-credentials-73df5f80-fa52-4485-a090-50dee6b34e18.config
2026-05-14T04:27:45.9919604Z [command]/usr/bin/git config --local --get-all includeif.gitdir:/github/workspace/.git/worktrees/*.path
2026-05-14T04:27:45.9941878Z /github/runner_temp/git-credentials-73df5f80-fa52-4485-a090-50dee6b34e18.config
2026-05-14T04:27:45.9949568Z [command]/usr/bin/git config --local --unset includeif.gitdir:/github/workspace/.git/worktrees/*.path /github/runner_temp/git-credentials-73df5f80-fa52-4485-a090-50dee6b34e18.config
2026-05-14T04:27:45.9982170Z [command]/usr/bin/git submodule foreach --recursive git config --local --show-origin --name-only --get-regexp remote.origin.url
2026-05-14T04:27:46.0214669Z Removing credentials config '/home/runner/work/_temp/git-credentials-73df5f80-fa52-4485-a090-50dee6b34e18.config'
2026-05-14T04:27:46.0350703Z Cleaning up orphan processes
