=== CI FAILURE ===
Workflow:      Android CI
Workflow file: averycorp/prismTask/.github/workflows/android-ci.yml@refs/pull/1502/merge
Job(s):        autofix
Run ID:        25941795031
Run attempt:   1
Run URL:       https://github.com/averycorp/prismTask/actions/runs/25941795031
Commit:        9db750fa9d769cc14e05a04f67df73410bfcca83
Branch:        1502/merge
Event:         pull_request
Actor:         akarlin3
Runner OS:     Linux
Timestamp:     2026-05-15T21:16:59.153Z

Failed steps:
  - autofix: #2 Run actions/checkout@v6

=== FAILED JOB LOG ===

--- Job: autofix (id 76260931445) ---
2026-05-15T21:16:27.1904710Z Current runner version: '2.334.0'
2026-05-15T21:16:27.1938216Z ##[group]Runner Image Provisioner
2026-05-15T21:16:27.1939139Z Hosted Compute Agent
2026-05-15T21:16:27.1939757Z Version: 20260213.493
2026-05-15T21:16:27.1940390Z Commit: 5c115507f6dd24b8de37d8bbe0bb4509d0cc0fa3
2026-05-15T21:16:27.1941103Z Build Date: 2026-02-13T00:28:41Z
2026-05-15T21:16:27.1941794Z Worker ID: {c0d96828-0469-449e-a0b3-2cc942365f22}
2026-05-15T21:16:27.1942774Z Azure Region: eastus2
2026-05-15T21:16:27.1943430Z ##[endgroup]
2026-05-15T21:16:27.1944954Z ##[group]Operating System
2026-05-15T21:16:27.1945508Z Ubuntu
2026-05-15T21:16:27.1946057Z 24.04.4
2026-05-15T21:16:27.1946562Z LTS
2026-05-15T21:16:27.1947035Z ##[endgroup]
2026-05-15T21:16:27.1947582Z ##[group]Runner Image
2026-05-15T21:16:27.1948134Z Image: ubuntu-24.04
2026-05-15T21:16:27.1948677Z Version: 20260513.135.3
2026-05-15T21:16:27.1949897Z Included Software: https://github.com/actions/runner-images/blob/ubuntu24/20260513.135/images/ubuntu/Ubuntu2404-Readme.md
2026-05-15T21:16:27.1951370Z Image Release: https://github.com/actions/runner-images/releases/tag/ubuntu24%2F20260513.135
2026-05-15T21:16:27.1952695Z ##[endgroup]
2026-05-15T21:16:27.1953909Z ##[group]GITHUB_TOKEN Permissions
2026-05-15T21:16:27.1956274Z Actions: read
2026-05-15T21:16:27.1956852Z Checks: read
2026-05-15T21:16:27.1957410Z Contents: write
2026-05-15T21:16:27.1957921Z Metadata: read
2026-05-15T21:16:27.1958466Z PullRequests: read
2026-05-15T21:16:27.1958997Z ##[endgroup]
2026-05-15T21:16:27.1961362Z Secret source: Actions
2026-05-15T21:16:27.1962426Z Prepare workflow directory
2026-05-15T21:16:27.2291535Z Prepare all required actions
2026-05-15T21:16:27.2328568Z Getting action download info
2026-05-15T21:16:27.6017042Z Download action repository 'actions/checkout@v6' (SHA:de0fac2e4500dabe0009e67214ff5f5447ce83dd)
2026-05-15T21:16:27.7121424Z Download action repository 'dorny/paths-filter@v4' (SHA:fbd0ab8f3e69293af611ebaee6363fc25e6d187d)
2026-05-15T21:16:27.8703569Z Download action repository 'actions/cache@v5' (SHA:27d5ce7f107fe9357f9df03efb73ab90386fccae)
2026-05-15T21:16:28.0877610Z Complete job name: autofix
2026-05-15T21:16:28.1642462Z ##[group]Run actions/checkout@v6
2026-05-15T21:16:28.1643345Z with:
2026-05-15T21:16:28.1644383Z   token: ***
2026-05-15T21:16:28.1644834Z   ref: feat/web-nlp-mode-load-hashtags
2026-05-15T21:16:28.1645481Z   fetch-depth: 0
2026-05-15T21:16:28.1646190Z   repository: averycorp/prismTask
2026-05-15T21:16:28.1647024Z   ssh-strict: true
2026-05-15T21:16:28.1647648Z   ssh-user: git
2026-05-15T21:16:28.1648088Z   persist-credentials: true
2026-05-15T21:16:28.1648553Z   clean: true
2026-05-15T21:16:28.1648979Z   sparse-checkout-cone-mode: true
2026-05-15T21:16:28.1649529Z   fetch-tags: false
2026-05-15T21:16:28.1649954Z   show-progress: true
2026-05-15T21:16:28.1650474Z   lfs: false
2026-05-15T21:16:28.1651018Z   submodules: false
2026-05-15T21:16:28.1651472Z   set-safe-directory: true
2026-05-15T21:16:28.1652566Z ##[endgroup]
2026-05-15T21:16:28.2780958Z Syncing repository: averycorp/prismTask
2026-05-15T21:16:28.2783287Z ##[group]Getting Git version info
2026-05-15T21:16:28.2784139Z Working directory is '/home/runner/work/prismTask/prismTask'
2026-05-15T21:16:28.2785170Z [command]/usr/bin/git version
2026-05-15T21:16:28.2839411Z git version 2.54.0
2026-05-15T21:16:28.2862934Z ##[endgroup]
2026-05-15T21:16:28.2877544Z Temporarily overriding HOME='/home/runner/work/_temp/28caa6cd-e20e-4e77-8c36-630f6fc7e899' before making global git config changes
2026-05-15T21:16:28.2879038Z Adding repository directory to the temporary git global config as a safe directory
2026-05-15T21:16:28.2882404Z [command]/usr/bin/git config --global --add safe.directory /home/runner/work/prismTask/prismTask
2026-05-15T21:16:28.2931653Z Deleting the contents of '/home/runner/work/prismTask/prismTask'
2026-05-15T21:16:28.2935951Z ##[group]Initializing the repository
2026-05-15T21:16:28.2940404Z [command]/usr/bin/git init /home/runner/work/prismTask/prismTask
2026-05-15T21:16:28.3035755Z hint: Using 'master' as the name for the initial branch. This default branch name
2026-05-15T21:16:28.3037279Z hint: will change to "main" in Git 3.0. To configure the initial branch name
2026-05-15T21:16:28.3038226Z hint: to use in all of your new repositories, which will suppress this warning,
2026-05-15T21:16:28.3038964Z hint: call:
2026-05-15T21:16:28.3039359Z hint:
2026-05-15T21:16:28.3039854Z hint: 	git config --global init.defaultBranch <name>
2026-05-15T21:16:28.3040494Z hint:
2026-05-15T21:16:28.3041061Z hint: Names commonly chosen instead of 'master' are 'main', 'trunk' and
2026-05-15T21:16:28.3042387Z hint: 'development'. The just-created branch can be renamed via this command:
2026-05-15T21:16:28.3043306Z hint:
2026-05-15T21:16:28.3043701Z hint: 	git branch -m <name>
2026-05-15T21:16:28.3044431Z hint:
2026-05-15T21:16:28.3045656Z hint: Disable this message with "git config set advice.defaultBranchName false"
2026-05-15T21:16:28.3047350Z Initialized empty Git repository in /home/runner/work/prismTask/prismTask/.git/
2026-05-15T21:16:28.3057363Z [command]/usr/bin/git remote add origin https://github.com/averycorp/prismTask
2026-05-15T21:16:28.3102598Z ##[endgroup]
2026-05-15T21:16:28.3103863Z ##[group]Disabling automatic garbage collection
2026-05-15T21:16:28.3106857Z [command]/usr/bin/git config --local gc.auto 0
2026-05-15T21:16:28.3136535Z ##[endgroup]
2026-05-15T21:16:28.3137760Z ##[group]Setting up auth
2026-05-15T21:16:28.3138720Z Removing SSH command configuration
2026-05-15T21:16:28.3144269Z [command]/usr/bin/git config --local --name-only --get-regexp core\.sshCommand
2026-05-15T21:16:28.3179666Z [command]/usr/bin/git submodule foreach --recursive sh -c "git config --local --name-only --get-regexp 'core\.sshCommand' && git config --local --unset-all 'core.sshCommand' || :"
2026-05-15T21:16:28.3526676Z Removing HTTP extra header
2026-05-15T21:16:28.3533574Z [command]/usr/bin/git config --local --name-only --get-regexp http\.https\:\/\/github\.com\/\.extraheader
2026-05-15T21:16:28.3566544Z [command]/usr/bin/git submodule foreach --recursive sh -c "git config --local --name-only --get-regexp 'http\.https\:\/\/github\.com\/\.extraheader' && git config --local --unset-all 'http.https://github.com/.extraheader' || :"
2026-05-15T21:16:28.3789431Z Removing includeIf entries pointing to credentials config files
2026-05-15T21:16:28.3795372Z [command]/usr/bin/git config --local --name-only --get-regexp ^includeIf\.gitdir:
2026-05-15T21:16:28.3826517Z [command]/usr/bin/git submodule foreach --recursive git config --local --show-origin --name-only --get-regexp remote.origin.url
2026-05-15T21:16:28.4058781Z [command]/usr/bin/git config --file /home/runner/work/_temp/git-credentials-bd972d41-2538-457e-88d1-8555b0140345.config http.https://github.com/.extraheader AUTHORIZATION: basic ***
2026-05-15T21:16:28.4097102Z [command]/usr/bin/git config --local includeIf.gitdir:/home/runner/work/prismTask/prismTask/.git.path /home/runner/work/_temp/git-credentials-bd972d41-2538-457e-88d1-8555b0140345.config
2026-05-15T21:16:28.4131197Z [command]/usr/bin/git config --local includeIf.gitdir:/home/runner/work/prismTask/prismTask/.git/worktrees/*.path /home/runner/work/_temp/git-credentials-bd972d41-2538-457e-88d1-8555b0140345.config
2026-05-15T21:16:28.4168288Z [command]/usr/bin/git config --local includeIf.gitdir:/github/workspace/.git.path /github/runner_temp/git-credentials-bd972d41-2538-457e-88d1-8555b0140345.config
2026-05-15T21:16:28.4204244Z [command]/usr/bin/git config --local includeIf.gitdir:/github/workspace/.git/worktrees/*.path /github/runner_temp/git-credentials-bd972d41-2538-457e-88d1-8555b0140345.config
2026-05-15T21:16:28.4240056Z ##[endgroup]
2026-05-15T21:16:28.4240807Z ##[group]Fetching the repository
2026-05-15T21:16:28.4249575Z [command]/usr/bin/git -c protocol.version=2 fetch --no-tags --prune --no-recurse-submodules origin +refs/heads/*:refs/remotes/origin/* +refs/tags/*:refs/tags/*
2026-05-15T21:16:48.6505118Z From https://github.com/averycorp/prismTask
2026-05-15T21:16:48.6506013Z  * [new branch]        ci-logs         -> origin/ci-logs
2026-05-15T21:16:48.6507340Z  * [new branch]        feat/concept-repositioning-copy -> origin/feat/concept-repositioning-copy
2026-05-15T21:16:48.6508325Z  * [new branch]        main            -> origin/main
2026-05-15T21:16:48.6508938Z  * [new branch]        v0.1.0-legacy   -> origin/v0.1.0-legacy
2026-05-15T21:16:48.6509583Z  * [new branch]        v0.2.0-legacy   -> origin/v0.2.0-legacy
2026-05-15T21:16:48.6510242Z  * [new branch]        v0.3.0-legacy   -> origin/v0.3.0-legacy
2026-05-15T21:16:48.6510982Z  * [new branch]        v0.4.0-legacy   -> origin/v0.4.0-legacy
2026-05-15T21:16:48.6511671Z  * [new branch]        v0.5.0-legacy   -> origin/v0.5.0-legacy
2026-05-15T21:16:48.6512504Z  * [new branch]        v0.6.0-legacy   -> origin/v0.6.0-legacy
2026-05-15T21:16:48.6513111Z  * [new branch]        v0.7.0-legacy   -> origin/v0.7.0-legacy
2026-05-15T21:16:48.6513853Z  * [new tag]           v0.1.0          -> v0.1.0
2026-05-15T21:16:48.6514349Z  * [new tag]           v0.2.0          -> v0.2.0
2026-05-15T21:16:48.6514706Z  * [new tag]           v0.3.0          -> v0.3.0
2026-05-15T21:16:48.6515122Z  * [new tag]           v0.4.0          -> v0.4.0
2026-05-15T21:16:48.6515478Z  * [new tag]           v0.5.0          -> v0.5.0
2026-05-15T21:16:48.6515801Z  * [new tag]           v0.7.0          -> v0.7.0
2026-05-15T21:16:48.6516130Z  * [new tag]           v0.7.12         -> v0.7.12
2026-05-15T21:16:48.6516452Z  * [new tag]           v0.7.13         -> v0.7.13
2026-05-15T21:16:48.6516770Z  * [new tag]           v0.7.14         -> v0.7.14
2026-05-15T21:16:48.6517102Z  * [new tag]           v0.7.15         -> v0.7.15
2026-05-15T21:16:48.6517405Z  * [new tag]           v0.7.16         -> v0.7.16
2026-05-15T21:16:48.6517737Z  * [new tag]           v0.7.17         -> v0.7.17
2026-05-15T21:16:48.6518158Z  * [new tag]           v0.7.17-build.2 -> v0.7.17-build.2
2026-05-15T21:16:48.6518709Z  * [new tag]           v0.7.17-build.3 -> v0.7.17-build.3
2026-05-15T21:16:48.6519050Z  * [new tag]           v0.7.17-build.4 -> v0.7.17-build.4
2026-05-15T21:16:48.6519404Z  * [new tag]           v0.7.17-build.5 -> v0.7.17-build.5
2026-05-15T21:16:48.6519974Z  * [new tag]           v0.7.17-build.6 -> v0.7.17-build.6
2026-05-15T21:16:48.6520324Z  * [new tag]           v0.7.17-build.7 -> v0.7.17-build.7
2026-05-15T21:16:48.6520748Z  * [new tag]           v0.7.17-build.8 -> v0.7.17-build.8
2026-05-15T21:16:48.6521158Z  * [new tag]           v0.7.17-build.9 -> v0.7.17-build.9
2026-05-15T21:16:48.6521489Z  * [new tag]           v0.7.18         -> v0.7.18
2026-05-15T21:16:48.6521823Z  * [new tag]           v0.7.18-build.2 -> v0.7.18-build.2
2026-05-15T21:16:48.6522423Z  * [new tag]           v0.7.18-build.3 -> v0.7.18-build.3
2026-05-15T21:16:48.6522765Z  * [new tag]           v0.7.18-build.4 -> v0.7.18-build.4
2026-05-15T21:16:48.6523084Z  * [new tag]           v0.7.19         -> v0.7.19
2026-05-15T21:16:48.6523416Z  * [new tag]           v0.7.19-build.2 -> v0.7.19-build.2
2026-05-15T21:16:48.6523748Z  * [new tag]           v0.7.20         -> v0.7.20
2026-05-15T21:16:48.6524082Z  * [new tag]           v0.7.20-build.2 -> v0.7.20-build.2
2026-05-15T21:16:48.6524657Z  * [new tag]           v0.7.20-build.3 -> v0.7.20-build.3
2026-05-15T21:16:48.6524997Z  * [new tag]           v0.7.20-build.4 -> v0.7.20-build.4
2026-05-15T21:16:48.6525326Z  * [new tag]           v0.8.0          -> v0.8.0
2026-05-15T21:16:48.6525674Z  * [new tag]           v0.8.0-build.2  -> v0.8.0-build.2
2026-05-15T21:16:48.6526013Z  * [new tag]           v0.8.1          -> v0.8.1
2026-05-15T21:16:48.6526326Z  * [new tag]           v0.8.10         -> v0.8.10
2026-05-15T21:16:48.6526644Z  * [new tag]           v0.8.11         -> v0.8.11
2026-05-15T21:16:48.6526956Z  * [new tag]           v0.8.12         -> v0.8.12
2026-05-15T21:16:48.6527273Z  * [new tag]           v0.8.13         -> v0.8.13
2026-05-15T21:16:48.6527581Z  * [new tag]           v0.8.14         -> v0.8.14
2026-05-15T21:16:48.6527893Z  * [new tag]           v0.8.15         -> v0.8.15
2026-05-15T21:16:48.6528206Z  * [new tag]           v0.8.2          -> v0.8.2
2026-05-15T21:16:48.6528725Z  * [new tag]           v0.8.3          -> v0.8.3
2026-05-15T21:16:48.6529054Z  * [new tag]           v0.8.4          -> v0.8.4
2026-05-15T21:16:48.6529370Z  * [new tag]           v0.8.5          -> v0.8.5
2026-05-15T21:16:48.6529674Z  * [new tag]           v0.8.6          -> v0.8.6
2026-05-15T21:16:48.6529990Z  * [new tag]           v0.8.7          -> v0.8.7
2026-05-15T21:16:48.6530301Z  * [new tag]           v0.8.8          -> v0.8.8
2026-05-15T21:16:48.6530602Z  * [new tag]           v0.8.9          -> v0.8.9
2026-05-15T21:16:48.6530911Z  * [new tag]           v0.9.1          -> v0.9.1
2026-05-15T21:16:48.6531216Z  * [new tag]           v0.9.2          -> v0.9.2
2026-05-15T21:16:48.6531523Z  * [new tag]           v1.0.1          -> v1.0.1
2026-05-15T21:16:48.6531845Z  * [new tag]           v1.0.10         -> v1.0.10
2026-05-15T21:16:48.6532363Z  * [new tag]           v1.0.11         -> v1.0.11
2026-05-15T21:16:48.6532684Z  * [new tag]           v1.0.12         -> v1.0.12
2026-05-15T21:16:48.6533023Z  * [new tag]           v1.0.13         -> v1.0.13
2026-05-15T21:16:48.6533372Z  * [new tag]           v1.0.2          -> v1.0.2
2026-05-15T21:16:48.6533736Z  * [new tag]           v1.0.3          -> v1.0.3
2026-05-15T21:16:48.6534056Z  * [new tag]           v1.0.4          -> v1.0.4
2026-05-15T21:16:48.6534367Z  * [new tag]           v1.0.5          -> v1.0.5
2026-05-15T21:16:48.6534677Z  * [new tag]           v1.0.6          -> v1.0.6
2026-05-15T21:16:48.6534986Z  * [new tag]           v1.0.7          -> v1.0.7
2026-05-15T21:16:48.6535290Z  * [new tag]           v1.0.8          -> v1.0.8
2026-05-15T21:16:48.6535593Z  * [new tag]           v1.0.9          -> v1.0.9
2026-05-15T21:16:48.6535900Z  * [new tag]           v1.1.1          -> v1.1.1
2026-05-15T21:16:48.6536223Z  * [new tag]           v1.1.1-build.2  -> v1.1.1-build.2
2026-05-15T21:16:48.6536582Z  * [new tag]           v1.1.1-build.3  -> v1.1.1-build.3
2026-05-15T21:16:48.6536928Z  * [new tag]           v1.1.1-build.4  -> v1.1.1-build.4
2026-05-15T21:16:48.6537394Z  * [new tag]           v1.1.10         -> v1.1.10
2026-05-15T21:16:48.6537721Z  * [new tag]           v1.1.11         -> v1.1.11
2026-05-15T21:16:48.6538045Z  * [new tag]           v1.1.12         -> v1.1.12
2026-05-15T21:16:48.6538363Z  * [new tag]           v1.1.2          -> v1.1.2
2026-05-15T21:16:48.6538691Z  * [new tag]           v1.1.3          -> v1.1.3
2026-05-15T21:16:48.6539020Z  * [new tag]           v1.1.4          -> v1.1.4
2026-05-15T21:16:48.6539347Z  * [new tag]           v1.1.5          -> v1.1.5
2026-05-15T21:16:48.6539664Z  * [new tag]           v1.1.6          -> v1.1.6
2026-05-15T21:16:48.6539994Z  * [new tag]           v1.1.7          -> v1.1.7
2026-05-15T21:16:48.6540320Z  * [new tag]           v1.1.8          -> v1.1.8
2026-05-15T21:16:48.6540634Z  * [new tag]           v1.1.9          -> v1.1.9
2026-05-15T21:16:48.6540972Z  * [new tag]           v1.3.0          -> v1.3.0
2026-05-15T21:16:48.6541309Z  * [new tag]           v1.3.1          -> v1.3.1
2026-05-15T21:16:48.6541638Z  * [new tag]           v1.3.10         -> v1.3.10
2026-05-15T21:16:48.6542152Z  * [new tag]           v1.3.11         -> v1.3.11
2026-05-15T21:16:48.6542509Z  * [new tag]           v1.3.11-build.2 -> v1.3.11-build.2
2026-05-15T21:16:48.6542857Z  * [new tag]           v1.3.12         -> v1.3.12
2026-05-15T21:16:48.6543194Z  * [new tag]           v1.3.13         -> v1.3.13
2026-05-15T21:16:48.6543540Z  * [new tag]           v1.3.13-build.2 -> v1.3.13-build.2
2026-05-15T21:16:48.6543879Z  * [new tag]           v1.3.14         -> v1.3.14
2026-05-15T21:16:48.6544208Z  * [new tag]           v1.3.15         -> v1.3.15
2026-05-15T21:16:48.6544536Z  * [new tag]           v1.3.16         -> v1.3.16
2026-05-15T21:16:48.6544867Z  * [new tag]           v1.3.17         -> v1.3.17
2026-05-15T21:16:48.6545186Z  * [new tag]           v1.3.18         -> v1.3.18
2026-05-15T21:16:48.6545511Z  * [new tag]           v1.3.19         -> v1.3.19
2026-05-15T21:16:48.6545977Z  * [new tag]           v1.3.2          -> v1.3.2
2026-05-15T21:16:48.6546308Z  * [new tag]           v1.3.20         -> v1.3.20
2026-05-15T21:16:48.6546630Z  * [new tag]           v1.3.21         -> v1.3.21
2026-05-15T21:16:48.6546953Z  * [new tag]           v1.3.22         -> v1.3.22
2026-05-15T21:16:48.6547279Z  * [new tag]           v1.3.23         -> v1.3.23
2026-05-15T21:16:48.6547652Z  * [new tag]           v1.3.24         -> v1.3.24
2026-05-15T21:16:48.6547985Z  * [new tag]           v1.3.25         -> v1.3.25
2026-05-15T21:16:48.6548316Z  * [new tag]           v1.3.26         -> v1.3.26
2026-05-15T21:16:48.6548646Z  * [new tag]           v1.3.27         -> v1.3.27
2026-05-15T21:16:48.6548975Z  * [new tag]           v1.3.28         -> v1.3.28
2026-05-15T21:16:48.6549295Z  * [new tag]           v1.3.29         -> v1.3.29
2026-05-15T21:16:48.6549622Z  * [new tag]           v1.3.3          -> v1.3.3
2026-05-15T21:16:48.6549951Z  * [new tag]           v1.3.30         -> v1.3.30
2026-05-15T21:16:48.6550293Z  * [new tag]           v1.3.31         -> v1.3.31
2026-05-15T21:16:48.6550619Z  * [new tag]           v1.3.32         -> v1.3.32
2026-05-15T21:16:48.6550940Z  * [new tag]           v1.3.33         -> v1.3.33
2026-05-15T21:16:48.6551265Z  * [new tag]           v1.3.34         -> v1.3.34
2026-05-15T21:16:48.6551581Z  * [new tag]           v1.3.35         -> v1.3.35
2026-05-15T21:16:48.6552079Z  * [new tag]           v1.3.36         -> v1.3.36
2026-05-15T21:16:48.6552434Z  * [new tag]           v1.3.37         -> v1.3.37
2026-05-15T21:16:48.6552758Z  * [new tag]           v1.3.38         -> v1.3.38
2026-05-15T21:16:48.6553104Z  * [new tag]           v1.3.39         -> v1.3.39
2026-05-15T21:16:48.6553437Z  * [new tag]           v1.3.4          -> v1.3.4
2026-05-15T21:16:48.6625457Z  * [new tag]           v1.3.40         -> v1.3.40
2026-05-15T21:16:48.6626142Z  * [new tag]           v1.3.41         -> v1.3.41
2026-05-15T21:16:48.6626658Z  * [new tag]           v1.3.42         -> v1.3.42
2026-05-15T21:16:48.6627179Z  * [new tag]           v1.3.43         -> v1.3.43
2026-05-15T21:16:48.6627973Z  * [new tag]           v1.3.44         -> v1.3.44
2026-05-15T21:16:48.6628600Z  * [new tag]           v1.3.45         -> v1.3.45
2026-05-15T21:16:48.6629249Z  * [new tag]           v1.3.46         -> v1.3.46
2026-05-15T21:16:48.6629721Z  * [new tag]           v1.3.47         -> v1.3.47
2026-05-15T21:16:48.6630181Z  * [new tag]           v1.3.48         -> v1.3.48
2026-05-15T21:16:48.6630659Z  * [new tag]           v1.3.49         -> v1.3.49
2026-05-15T21:16:48.6631141Z  * [new tag]           v1.3.5          -> v1.3.5
2026-05-15T21:16:48.6631688Z  * [new tag]           v1.3.5-build.2  -> v1.3.5-build.2
2026-05-15T21:16:48.6632400Z  * [new tag]           v1.3.50         -> v1.3.50
2026-05-15T21:16:48.6632861Z  * [new tag]           v1.3.51         -> v1.3.51
2026-05-15T21:16:48.6633323Z  * [new tag]           v1.3.52         -> v1.3.52
2026-05-15T21:16:48.6633875Z  * [new tag]           v1.3.53         -> v1.3.53
2026-05-15T21:16:48.6634401Z  * [new tag]           v1.3.54         -> v1.3.54
2026-05-15T21:16:48.6634905Z  * [new tag]           v1.3.55         -> v1.3.55
2026-05-15T21:16:48.6635412Z  * [new tag]           v1.3.56         -> v1.3.56
2026-05-15T21:16:48.6635956Z  * [new tag]           v1.3.57         -> v1.3.57
2026-05-15T21:16:48.6636479Z  * [new tag]           v1.3.58         -> v1.3.58
2026-05-15T21:16:48.6637003Z  * [new tag]           v1.3.59         -> v1.3.59
2026-05-15T21:16:48.6637534Z  * [new tag]           v1.3.6          -> v1.3.6
2026-05-15T21:16:48.6638066Z  * [new tag]           v1.3.60         -> v1.3.60
2026-05-15T21:16:48.6638601Z  * [new tag]           v1.3.61         -> v1.3.61
2026-05-15T21:16:48.6639134Z  * [new tag]           v1.3.62         -> v1.3.62
2026-05-15T21:16:48.6639643Z  * [new tag]           v1.3.7          -> v1.3.7
2026-05-15T21:16:48.6640176Z  * [new tag]           v1.3.8          -> v1.3.8
2026-05-15T21:16:48.6640706Z  * [new tag]           v1.3.9          -> v1.3.9
2026-05-15T21:16:48.6641502Z  * [new tag]           v1.4.40         -> v1.4.40
2026-05-15T21:16:48.6642235Z  * [new tag]           v1.5.0          -> v1.5.0
2026-05-15T21:16:48.6642786Z  * [new tag]           v1.5.2          -> v1.5.2
2026-05-15T21:16:48.6643309Z  * [new tag]           v1.5.3          -> v1.5.3
2026-05-15T21:16:48.6643835Z  * [new tag]           v1.6.0          -> v1.6.0
2026-05-15T21:16:48.6644355Z  * [new tag]           v1.7.0          -> v1.7.0
2026-05-15T21:16:48.6644916Z  * [new tag]           v1.7.37         -> v1.7.37
2026-05-15T21:16:48.6645469Z  * [new tag]           v1.7.38         -> v1.7.38
2026-05-15T21:16:48.6646016Z  * [new tag]           v1.7.39         -> v1.7.39
2026-05-15T21:16:48.6646514Z  * [new tag]           v1.7.40         -> v1.7.40
2026-05-15T21:16:48.6646835Z  * [new tag]           v1.7.41         -> v1.7.41
2026-05-15T21:16:48.6647168Z  * [new tag]           v1.7.42         -> v1.7.42
2026-05-15T21:16:48.6647490Z  * [new tag]           v1.7.43         -> v1.7.43
2026-05-15T21:16:48.6647832Z  * [new tag]           v1.7.44         -> v1.7.44
2026-05-15T21:16:48.6648157Z  * [new tag]           v1.7.45         -> v1.7.45
2026-05-15T21:16:48.6648487Z  * [new tag]           v1.7.46         -> v1.7.46
2026-05-15T21:16:48.6648806Z  * [new tag]           v1.7.47         -> v1.7.47
2026-05-15T21:16:48.6649130Z  * [new tag]           v1.7.48         -> v1.7.48
2026-05-15T21:16:48.6649448Z  * [new tag]           v1.7.49         -> v1.7.49
2026-05-15T21:16:48.6649772Z  * [new tag]           v1.7.50         -> v1.7.50
2026-05-15T21:16:48.6650086Z  * [new tag]           v1.7.51         -> v1.7.51
2026-05-15T21:16:48.6650402Z  * [new tag]           v1.7.52         -> v1.7.52
2026-05-15T21:16:48.6650715Z  * [new tag]           v1.7.53         -> v1.7.53
2026-05-15T21:16:48.6651032Z  * [new tag]           v1.7.54         -> v1.7.54
2026-05-15T21:16:48.6651356Z  * [new tag]           v1.7.55         -> v1.7.55
2026-05-15T21:16:48.6651683Z  * [new tag]           v1.7.56         -> v1.7.56
2026-05-15T21:16:48.6652240Z  * [new tag]           v1.7.57         -> v1.7.57
2026-05-15T21:16:48.6652766Z  * [new tag]           v1.7.58         -> v1.7.58
2026-05-15T21:16:48.6653088Z  * [new tag]           v1.7.59         -> v1.7.59
2026-05-15T21:16:48.6653395Z  * [new tag]           v1.7.60         -> v1.7.60
2026-05-15T21:16:48.6653714Z  * [new tag]           v1.7.61         -> v1.7.61
2026-05-15T21:16:48.6654038Z  * [new tag]           v1.7.62         -> v1.7.62
2026-05-15T21:16:48.6654360Z  * [new tag]           v1.7.63         -> v1.7.63
2026-05-15T21:16:48.6654670Z  * [new tag]           v1.7.64         -> v1.7.64
2026-05-15T21:16:48.6655007Z  * [new tag]           v1.7.65         -> v1.7.65
2026-05-15T21:16:48.6655329Z  * [new tag]           v1.7.66         -> v1.7.66
2026-05-15T21:16:48.6655642Z  * [new tag]           v1.7.67         -> v1.7.67
2026-05-15T21:16:48.6655965Z  * [new tag]           v1.7.68         -> v1.7.68
2026-05-15T21:16:48.6656286Z  * [new tag]           v1.7.69         -> v1.7.69
2026-05-15T21:16:48.6656640Z  * [new tag]           v1.7.70         -> v1.7.70
2026-05-15T21:16:48.6656973Z  * [new tag]           v1.7.71         -> v1.7.71
2026-05-15T21:16:48.6657293Z  * [new tag]           v1.7.72         -> v1.7.72
2026-05-15T21:16:48.6657615Z  * [new tag]           v1.7.73         -> v1.7.73
2026-05-15T21:16:48.6657935Z  * [new tag]           v1.7.74         -> v1.7.74
2026-05-15T21:16:48.6658250Z  * [new tag]           v1.7.75         -> v1.7.75
2026-05-15T21:16:48.6658579Z  * [new tag]           v1.7.76         -> v1.7.76
2026-05-15T21:16:48.6658900Z  * [new tag]           v1.7.77         -> v1.7.77
2026-05-15T21:16:48.6659213Z  * [new tag]           v1.7.78         -> v1.7.78
2026-05-15T21:16:48.6659535Z  * [new tag]           v1.7.79         -> v1.7.79
2026-05-15T21:16:48.6659857Z  * [new tag]           v1.7.80         -> v1.7.80
2026-05-15T21:16:48.6660176Z  * [new tag]           v1.7.81         -> v1.7.81
2026-05-15T21:16:48.6660498Z  * [new tag]           v1.7.82         -> v1.7.82
2026-05-15T21:16:48.6660977Z  * [new tag]           v1.7.83         -> v1.7.83
2026-05-15T21:16:48.6661298Z  * [new tag]           v1.7.84         -> v1.7.84
2026-05-15T21:16:48.6661617Z  * [new tag]           v1.7.85         -> v1.7.85
2026-05-15T21:16:48.6662118Z  * [new tag]           v1.7.86         -> v1.7.86
2026-05-15T21:16:48.6662437Z  * [new tag]           v1.7.87         -> v1.7.87
2026-05-15T21:16:48.6662755Z  * [new tag]           v1.7.90         -> v1.7.90
2026-05-15T21:16:48.6663077Z  * [new tag]           v1.7.92         -> v1.7.92
2026-05-15T21:16:48.6663391Z  * [new tag]           v1.7.93         -> v1.7.93
2026-05-15T21:16:48.6663701Z  * [new tag]           v1.7.94         -> v1.7.94
2026-05-15T21:16:48.6664013Z  * [new tag]           v1.7.95         -> v1.7.95
2026-05-15T21:16:48.6664326Z  * [new tag]           v1.7.96         -> v1.7.96
2026-05-15T21:16:48.6664640Z  * [new tag]           v1.7.97         -> v1.7.97
2026-05-15T21:16:48.6664959Z  * [new tag]           v1.8.0          -> v1.8.0
2026-05-15T21:16:48.6665319Z  * [new tag]           v1.8.1          -> v1.8.1
2026-05-15T21:16:48.6665650Z  * [new tag]           v1.8.10         -> v1.8.10
2026-05-15T21:16:48.6665969Z  * [new tag]           v1.8.11         -> v1.8.11
2026-05-15T21:16:48.6666288Z  * [new tag]           v1.8.12         -> v1.8.12
2026-05-15T21:16:48.6666602Z  * [new tag]           v1.8.14         -> v1.8.14
2026-05-15T21:16:48.6666926Z  * [new tag]           v1.8.15         -> v1.8.15
2026-05-15T21:16:48.6667242Z  * [new tag]           v1.8.16         -> v1.8.16
2026-05-15T21:16:48.6667565Z  * [new tag]           v1.8.17         -> v1.8.17
2026-05-15T21:16:48.6667876Z  * [new tag]           v1.8.18         -> v1.8.18
2026-05-15T21:16:48.6668190Z  * [new tag]           v1.8.19         -> v1.8.19
2026-05-15T21:16:48.6668510Z  * [new tag]           v1.8.2          -> v1.8.2
2026-05-15T21:16:48.6668825Z  * [new tag]           v1.8.20         -> v1.8.20
2026-05-15T21:16:48.6669144Z  * [new tag]           v1.8.21         -> v1.8.21
2026-05-15T21:16:48.6669471Z  * [new tag]           v1.8.22         -> v1.8.22
2026-05-15T21:16:48.6669913Z  * [new tag]           v1.8.23         -> v1.8.23
2026-05-15T21:16:48.6670233Z  * [new tag]           v1.8.24         -> v1.8.24
2026-05-15T21:16:48.6670550Z  * [new tag]           v1.8.25         -> v1.8.25
2026-05-15T21:16:48.6670867Z  * [new tag]           v1.8.26         -> v1.8.26
2026-05-15T21:16:48.6671180Z  * [new tag]           v1.8.27         -> v1.8.27
2026-05-15T21:16:48.6671497Z  * [new tag]           v1.8.28         -> v1.8.28
2026-05-15T21:16:48.6671812Z  * [new tag]           v1.8.29         -> v1.8.29
2026-05-15T21:16:48.6672308Z  * [new tag]           v1.8.3          -> v1.8.3
2026-05-15T21:16:48.6672630Z  * [new tag]           v1.8.30         -> v1.8.30
2026-05-15T21:16:48.6672947Z  * [new tag]           v1.8.31         -> v1.8.31
2026-05-15T21:16:48.6673287Z  * [new tag]           v1.8.32         -> v1.8.32
2026-05-15T21:16:48.6673632Z  * [new tag]           v1.8.33         -> v1.8.33
2026-05-15T21:16:48.6673972Z  * [new tag]           v1.8.34         -> v1.8.34
2026-05-15T21:16:48.6674304Z  * [new tag]           v1.8.35         -> v1.8.35
2026-05-15T21:16:48.6674619Z  * [new tag]           v1.8.36         -> v1.8.36
2026-05-15T21:16:48.6674945Z  * [new tag]           v1.8.37         -> v1.8.37
2026-05-15T21:16:48.6675270Z  * [new tag]           v1.8.38         -> v1.8.38
2026-05-15T21:16:48.6675585Z  * [new tag]           v1.8.39         -> v1.8.39
2026-05-15T21:16:48.6675912Z  * [new tag]           v1.8.4          -> v1.8.4
2026-05-15T21:16:48.6676235Z  * [new tag]           v1.8.40         -> v1.8.40
2026-05-15T21:16:48.6676556Z  * [new tag]           v1.8.41         -> v1.8.41
2026-05-15T21:16:48.6676867Z  * [new tag]           v1.8.42         -> v1.8.42
2026-05-15T21:16:48.6677188Z  * [new tag]           v1.8.43         -> v1.8.43
2026-05-15T21:16:48.6677511Z  * [new tag]           v1.8.44         -> v1.8.44
2026-05-15T21:16:48.6677830Z  * [new tag]           v1.8.45         -> v1.8.45
2026-05-15T21:16:48.6678281Z  * [new tag]           v1.8.46         -> v1.8.46
2026-05-15T21:16:48.6678605Z  * [new tag]           v1.8.47         -> v1.8.47
2026-05-15T21:16:48.6678920Z  * [new tag]           v1.8.48         -> v1.8.48
2026-05-15T21:16:48.6679242Z  * [new tag]           v1.8.49         -> v1.8.49
2026-05-15T21:16:48.6679562Z  * [new tag]           v1.8.5          -> v1.8.5
2026-05-15T21:16:48.6679881Z  * [new tag]           v1.8.50         -> v1.8.50
2026-05-15T21:16:48.6680199Z  * [new tag]           v1.8.51         -> v1.8.51
2026-05-15T21:16:48.6680516Z  * [new tag]           v1.8.52         -> v1.8.52
2026-05-15T21:16:48.6680830Z  * [new tag]           v1.8.53         -> v1.8.53
2026-05-15T21:16:48.6681146Z  * [new tag]           v1.8.54         -> v1.8.54
2026-05-15T21:16:48.6681469Z  * [new tag]           v1.8.6          -> v1.8.6
2026-05-15T21:16:48.6681794Z  * [new tag]           v1.8.7          -> v1.8.7
2026-05-15T21:16:48.6682293Z  * [new tag]           v1.8.8          -> v1.8.8
2026-05-15T21:16:48.6682624Z  * [new tag]           v1.8.9          -> v1.8.9
2026-05-15T21:16:48.6682947Z  * [new tag]           v1.9.1          -> v1.9.1
2026-05-15T21:16:48.6683260Z  * [new tag]           v1.9.10         -> v1.9.10
2026-05-15T21:16:48.6683584Z  * [new tag]           v1.9.11         -> v1.9.11
2026-05-15T21:16:48.6683908Z  * [new tag]           v1.9.12         -> v1.9.12
2026-05-15T21:16:48.6684218Z  * [new tag]           v1.9.13         -> v1.9.13
2026-05-15T21:16:48.6684549Z  * [new tag]           v1.9.14         -> v1.9.14
2026-05-15T21:16:48.6684866Z  * [new tag]           v1.9.15         -> v1.9.15
2026-05-15T21:16:48.6685179Z  * [new tag]           v1.9.16         -> v1.9.16
2026-05-15T21:16:48.6685494Z  * [new tag]           v1.9.18         -> v1.9.18
2026-05-15T21:16:48.6685821Z  * [new tag]           v1.9.19         -> v1.9.19
2026-05-15T21:16:48.6686138Z  * [new tag]           v1.9.2          -> v1.9.2
2026-05-15T21:16:48.6686459Z  * [new tag]           v1.9.20         -> v1.9.20
2026-05-15T21:16:48.6686781Z  * [new tag]           v1.9.21         -> v1.9.21
2026-05-15T21:16:48.6687225Z  * [new tag]           v1.9.22         -> v1.9.22
2026-05-15T21:16:48.6687531Z  * [new tag]           v1.9.23         -> v1.9.23
2026-05-15T21:16:48.6687843Z  * [new tag]           v1.9.24         -> v1.9.24
2026-05-15T21:16:48.6688159Z  * [new tag]           v1.9.26         -> v1.9.26
2026-05-15T21:16:48.6688468Z  * [new tag]           v1.9.27         -> v1.9.27
2026-05-15T21:16:48.6688783Z  * [new tag]           v1.9.28         -> v1.9.28
2026-05-15T21:16:48.6689098Z  * [new tag]           v1.9.29         -> v1.9.29
2026-05-15T21:16:48.6689409Z  * [new tag]           v1.9.3          -> v1.9.3
2026-05-15T21:16:48.6689726Z  * [new tag]           v1.9.30         -> v1.9.30
2026-05-15T21:16:48.6690048Z  * [new tag]           v1.9.31         -> v1.9.31
2026-05-15T21:16:48.6690360Z  * [new tag]           v1.9.32         -> v1.9.32
2026-05-15T21:16:48.6690670Z  * [new tag]           v1.9.33         -> v1.9.33
2026-05-15T21:16:48.6690998Z  * [new tag]           v1.9.34         -> v1.9.34
2026-05-15T21:16:48.6691315Z  * [new tag]           v1.9.4          -> v1.9.4
2026-05-15T21:16:48.6691639Z  * [new tag]           v1.9.5          -> v1.9.5
2026-05-15T21:16:48.6692152Z  * [new tag]           v1.9.6          -> v1.9.6
2026-05-15T21:16:48.6692489Z  * [new tag]           v1.9.7          -> v1.9.7
2026-05-15T21:16:48.6692813Z  * [new tag]           v1.9.8          -> v1.9.8
2026-05-15T21:16:48.6693133Z  * [new tag]           v1.9.9          -> v1.9.9
2026-05-15T21:16:48.6866941Z ##[endgroup]
2026-05-15T21:16:48.6867743Z ##[group]Determining the checkout info
2026-05-15T21:16:48.6873031Z [command]/usr/bin/git branch --list --remote origin/feat/web-nlp-mode-load-hashtags
2026-05-15T21:16:48.6912884Z [command]/usr/bin/git tag --list feat/web-nlp-mode-load-hashtags
2026-05-15T21:16:48.6988037Z ##[error]A branch or tag with the name 'feat/web-nlp-mode-load-hashtags' could not be found
2026-05-15T21:16:48.7290275Z Post job cleanup.
2026-05-15T21:16:48.8148270Z [command]/usr/bin/git version
2026-05-15T21:16:48.8185544Z git version 2.54.0
2026-05-15T21:16:48.8224303Z Temporarily overriding HOME='/home/runner/work/_temp/68c0ae7d-8dde-4a66-b31b-3b0f8d194352' before making global git config changes
2026-05-15T21:16:48.8225750Z Adding repository directory to the temporary git global config as a safe directory
2026-05-15T21:16:48.8230182Z [command]/usr/bin/git config --global --add safe.directory /home/runner/work/prismTask/prismTask
2026-05-15T21:16:48.8260889Z Removing SSH command configuration
2026-05-15T21:16:48.8267493Z [command]/usr/bin/git config --local --name-only --get-regexp core\.sshCommand
2026-05-15T21:16:48.8303913Z [command]/usr/bin/git submodule foreach --recursive sh -c "git config --local --name-only --get-regexp 'core\.sshCommand' && git config --local --unset-all 'core.sshCommand' || :"
2026-05-15T21:16:48.8537942Z Removing HTTP extra header
2026-05-15T21:16:48.8543301Z [command]/usr/bin/git config --local --name-only --get-regexp http\.https\:\/\/github\.com\/\.extraheader
2026-05-15T21:16:48.8576735Z [command]/usr/bin/git submodule foreach --recursive sh -c "git config --local --name-only --get-regexp 'http\.https\:\/\/github\.com\/\.extraheader' && git config --local --unset-all 'http.https://github.com/.extraheader' || :"
2026-05-15T21:16:48.8803033Z Removing includeIf entries pointing to credentials config files
2026-05-15T21:16:48.8810649Z [command]/usr/bin/git config --local --name-only --get-regexp ^includeIf\.gitdir:
2026-05-15T21:16:48.8869453Z includeif.gitdir:/home/runner/work/prismTask/prismTask/.git.path
2026-05-15T21:16:48.8870445Z includeif.gitdir:/home/runner/work/prismTask/prismTask/.git/worktrees/*.path
2026-05-15T21:16:48.8871252Z includeif.gitdir:/github/workspace/.git.path
2026-05-15T21:16:48.8872139Z includeif.gitdir:/github/workspace/.git/worktrees/*.path
2026-05-15T21:16:48.8879084Z [command]/usr/bin/git config --local --get-all includeif.gitdir:/home/runner/work/prismTask/prismTask/.git.path
2026-05-15T21:16:48.8901500Z /home/runner/work/_temp/git-credentials-bd972d41-2538-457e-88d1-8555b0140345.config
2026-05-15T21:16:48.8912675Z [command]/usr/bin/git config --local --unset includeif.gitdir:/home/runner/work/prismTask/prismTask/.git.path /home/runner/work/_temp/git-credentials-bd972d41-2538-457e-88d1-8555b0140345.config
2026-05-15T21:16:48.8947460Z [command]/usr/bin/git config --local --get-all includeif.gitdir:/home/runner/work/prismTask/prismTask/.git/worktrees/*.path
2026-05-15T21:16:48.8970491Z /home/runner/work/_temp/git-credentials-bd972d41-2538-457e-88d1-8555b0140345.config
2026-05-15T21:16:48.8980178Z [command]/usr/bin/git config --local --unset includeif.gitdir:/home/runner/work/prismTask/prismTask/.git/worktrees/*.path /home/runner/work/_temp/git-credentials-bd972d41-2538-457e-88d1-8555b0140345.config
2026-05-15T21:16:48.9012353Z [command]/usr/bin/git config --local --get-all includeif.gitdir:/github/workspace/.git.path
2026-05-15T21:16:48.9034800Z /github/runner_temp/git-credentials-bd972d41-2538-457e-88d1-8555b0140345.config
2026-05-15T21:16:48.9042184Z [command]/usr/bin/git config --local --unset includeif.gitdir:/github/workspace/.git.path /github/runner_temp/git-credentials-bd972d41-2538-457e-88d1-8555b0140345.config
2026-05-15T21:16:48.9072924Z [command]/usr/bin/git config --local --get-all includeif.gitdir:/github/workspace/.git/worktrees/*.path
2026-05-15T21:16:48.9094210Z /github/runner_temp/git-credentials-bd972d41-2538-457e-88d1-8555b0140345.config
2026-05-15T21:16:48.9102809Z [command]/usr/bin/git config --local --unset includeif.gitdir:/github/workspace/.git/worktrees/*.path /github/runner_temp/git-credentials-bd972d41-2538-457e-88d1-8555b0140345.config
2026-05-15T21:16:48.9135157Z [command]/usr/bin/git submodule foreach --recursive git config --local --show-origin --name-only --get-regexp remote.origin.url
2026-05-15T21:16:48.9363840Z Removing credentials config '/home/runner/work/_temp/git-credentials-bd972d41-2538-457e-88d1-8555b0140345.config'
2026-05-15T21:16:48.9514695Z Cleaning up orphan processes
