=== CI FAILURE ===
Workflow:      Android CI
Workflow file: averycorp/prismTask/.github/workflows/android-ci.yml@refs/pull/1362/merge
Job(s):        autofix
Run ID:        25839387161
Run attempt:   1
Run URL:       https://github.com/averycorp/prismTask/actions/runs/25839387161
Commit:        72e3fbb6d9de86a048339463dc1872fbb4e20d27
Branch:        1362/merge
Event:         pull_request
Actor:         akarlin3
Runner OS:     Linux
Timestamp:     2026-05-14T03:11:37.103Z

Failed steps:
  - autofix: #2 Run actions/checkout@v6

=== FAILED JOB LOG ===

--- Job: autofix (id 75921227194) ---
2026-05-14T03:11:06.6072092Z Current runner version: '2.334.0'
2026-05-14T03:11:06.6096493Z ##[group]Runner Image Provisioner
2026-05-14T03:11:06.6097304Z Hosted Compute Agent
2026-05-14T03:11:06.6097918Z Version: 20260213.493
2026-05-14T03:11:06.6098632Z Commit: 5c115507f6dd24b8de37d8bbe0bb4509d0cc0fa3
2026-05-14T03:11:06.6099355Z Build Date: 2026-02-13T00:28:41Z
2026-05-14T03:11:06.6100004Z Worker ID: {726340ce-b9ad-4b94-b570-0052be23ed6c}
2026-05-14T03:11:06.6100739Z Azure Region: eastus2
2026-05-14T03:11:06.6101582Z ##[endgroup]
2026-05-14T03:11:06.6103393Z ##[group]Operating System
2026-05-14T03:11:06.6104322Z Ubuntu
2026-05-14T03:11:06.6105182Z 24.04.4
2026-05-14T03:11:06.6105790Z LTS
2026-05-14T03:11:06.6106441Z ##[endgroup]
2026-05-14T03:11:06.6106919Z ##[group]Runner Image
2026-05-14T03:11:06.6107539Z Image: ubuntu-24.04
2026-05-14T03:11:06.6108131Z Version: 20260413.86.1
2026-05-14T03:11:06.6109310Z Included Software: https://github.com/actions/runner-images/blob/ubuntu24/20260413.86/images/ubuntu/Ubuntu2404-Readme.md
2026-05-14T03:11:06.6110829Z Image Release: https://github.com/actions/runner-images/releases/tag/ubuntu24%2F20260413.86
2026-05-14T03:11:06.6111725Z ##[endgroup]
2026-05-14T03:11:06.6113089Z ##[group]GITHUB_TOKEN Permissions
2026-05-14T03:11:06.6115329Z Actions: read
2026-05-14T03:11:06.6115926Z Checks: read
2026-05-14T03:11:06.6116478Z Contents: write
2026-05-14T03:11:06.6117027Z Metadata: read
2026-05-14T03:11:06.6117588Z PullRequests: read
2026-05-14T03:11:06.6118136Z ##[endgroup]
2026-05-14T03:11:06.6120242Z Secret source: Actions
2026-05-14T03:11:06.6120899Z Prepare workflow directory
2026-05-14T03:11:06.6451759Z Prepare all required actions
2026-05-14T03:11:06.6488474Z Getting action download info
2026-05-14T03:11:06.9999900Z Download action repository 'actions/checkout@v6' (SHA:de0fac2e4500dabe0009e67214ff5f5447ce83dd)
2026-05-14T03:11:07.1380922Z Download action repository 'dorny/paths-filter@v4' (SHA:fbd0ab8f3e69293af611ebaee6363fc25e6d187d)
2026-05-14T03:11:07.3132147Z Download action repository 'actions/cache@v5' (SHA:27d5ce7f107fe9357f9df03efb73ab90386fccae)
2026-05-14T03:11:07.6772957Z Complete job name: autofix
2026-05-14T03:11:07.7499626Z ##[group]Run actions/checkout@v6
2026-05-14T03:11:07.7500413Z with:
2026-05-14T03:11:07.7501377Z   token: ***
2026-05-14T03:11:07.7501785Z   ref: docs/parity-batch-3-phase-3-4
2026-05-14T03:11:07.7502298Z   fetch-depth: 0
2026-05-14T03:11:07.7502713Z   repository: averycorp/prismTask
2026-05-14T03:11:07.7503177Z   ssh-strict: true
2026-05-14T03:11:07.7503568Z   ssh-user: git
2026-05-14T03:11:07.7503971Z   persist-credentials: true
2026-05-14T03:11:07.7504404Z   clean: true
2026-05-14T03:11:07.7504809Z   sparse-checkout-cone-mode: true
2026-05-14T03:11:07.7505470Z   fetch-tags: false
2026-05-14T03:11:07.7505875Z   show-progress: true
2026-05-14T03:11:07.7506262Z   lfs: false
2026-05-14T03:11:07.7506624Z   submodules: false
2026-05-14T03:11:07.7507026Z   set-safe-directory: true
2026-05-14T03:11:07.7507644Z ##[endgroup]
2026-05-14T03:11:07.8509264Z Syncing repository: averycorp/prismTask
2026-05-14T03:11:07.8511050Z ##[group]Getting Git version info
2026-05-14T03:11:07.8511804Z Working directory is '/home/runner/work/prismTask/prismTask'
2026-05-14T03:11:07.8512816Z [command]/usr/bin/git version
2026-05-14T03:11:07.8540014Z git version 2.53.0
2026-05-14T03:11:07.8562239Z ##[endgroup]
2026-05-14T03:11:07.8576259Z Temporarily overriding HOME='/home/runner/work/_temp/fcf65bdb-5cba-469d-a246-aa2bbd4eef18' before making global git config changes
2026-05-14T03:11:07.8578326Z Adding repository directory to the temporary git global config as a safe directory
2026-05-14T03:11:07.8581378Z [command]/usr/bin/git config --global --add safe.directory /home/runner/work/prismTask/prismTask
2026-05-14T03:11:07.8614729Z Deleting the contents of '/home/runner/work/prismTask/prismTask'
2026-05-14T03:11:07.8618971Z ##[group]Initializing the repository
2026-05-14T03:11:07.8623515Z [command]/usr/bin/git init /home/runner/work/prismTask/prismTask
2026-05-14T03:11:07.8705509Z hint: Using 'master' as the name for the initial branch. This default branch name
2026-05-14T03:11:07.8707217Z hint: will change to "main" in Git 3.0. To configure the initial branch name
2026-05-14T03:11:07.8708535Z hint: to use in all of your new repositories, which will suppress this warning,
2026-05-14T03:11:07.8709255Z hint: call:
2026-05-14T03:11:07.8709624Z hint:
2026-05-14T03:11:07.8710092Z hint: 	git config --global init.defaultBranch <name>
2026-05-14T03:11:07.8710668Z hint:
2026-05-14T03:11:07.8711203Z hint: Names commonly chosen instead of 'master' are 'main', 'trunk' and
2026-05-14T03:11:07.8712071Z hint: 'development'. The just-created branch can be renamed via this command:
2026-05-14T03:11:07.8712754Z hint:
2026-05-14T03:11:07.8713127Z hint: 	git branch -m <name>
2026-05-14T03:11:07.8713542Z hint:
2026-05-14T03:11:07.8714118Z hint: Disable this message with "git config set advice.defaultBranchName false"
2026-05-14T03:11:07.8715397Z Initialized empty Git repository in /home/runner/work/prismTask/prismTask/.git/
2026-05-14T03:11:07.8717304Z [command]/usr/bin/git remote add origin https://github.com/averycorp/prismTask
2026-05-14T03:11:07.8749471Z ##[endgroup]
2026-05-14T03:11:07.8750184Z ##[group]Disabling automatic garbage collection
2026-05-14T03:11:07.8753295Z [command]/usr/bin/git config --local gc.auto 0
2026-05-14T03:11:07.8782027Z ##[endgroup]
2026-05-14T03:11:07.8783420Z ##[group]Setting up auth
2026-05-14T03:11:07.8783908Z Removing SSH command configuration
2026-05-14T03:11:07.8789279Z [command]/usr/bin/git config --local --name-only --get-regexp core\.sshCommand
2026-05-14T03:11:07.8820447Z [command]/usr/bin/git submodule foreach --recursive sh -c "git config --local --name-only --get-regexp 'core\.sshCommand' && git config --local --unset-all 'core.sshCommand' || :"
2026-05-14T03:11:07.9110723Z Removing HTTP extra header
2026-05-14T03:11:07.9118441Z [command]/usr/bin/git config --local --name-only --get-regexp http\.https\:\/\/github\.com\/\.extraheader
2026-05-14T03:11:07.9150412Z [command]/usr/bin/git submodule foreach --recursive sh -c "git config --local --name-only --get-regexp 'http\.https\:\/\/github\.com\/\.extraheader' && git config --local --unset-all 'http.https://github.com/.extraheader' || :"
2026-05-14T03:11:07.9376065Z Removing includeIf entries pointing to credentials config files
2026-05-14T03:11:07.9382151Z [command]/usr/bin/git config --local --name-only --get-regexp ^includeIf\.gitdir:
2026-05-14T03:11:07.9414087Z [command]/usr/bin/git submodule foreach --recursive git config --local --show-origin --name-only --get-regexp remote.origin.url
2026-05-14T03:11:07.9644887Z [command]/usr/bin/git config --file /home/runner/work/_temp/git-credentials-10259a0f-42e0-4bf3-b886-68d1f0c575d3.config http.https://github.com/.extraheader AUTHORIZATION: basic ***
2026-05-14T03:11:07.9681673Z [command]/usr/bin/git config --local includeIf.gitdir:/home/runner/work/prismTask/prismTask/.git.path /home/runner/work/_temp/git-credentials-10259a0f-42e0-4bf3-b886-68d1f0c575d3.config
2026-05-14T03:11:07.9712589Z [command]/usr/bin/git config --local includeIf.gitdir:/home/runner/work/prismTask/prismTask/.git/worktrees/*.path /home/runner/work/_temp/git-credentials-10259a0f-42e0-4bf3-b886-68d1f0c575d3.config
2026-05-14T03:11:07.9742170Z [command]/usr/bin/git config --local includeIf.gitdir:/github/workspace/.git.path /github/runner_temp/git-credentials-10259a0f-42e0-4bf3-b886-68d1f0c575d3.config
2026-05-14T03:11:07.9772989Z [command]/usr/bin/git config --local includeIf.gitdir:/github/workspace/.git/worktrees/*.path /github/runner_temp/git-credentials-10259a0f-42e0-4bf3-b886-68d1f0c575d3.config
2026-05-14T03:11:07.9800453Z ##[endgroup]
2026-05-14T03:11:07.9801257Z ##[group]Fetching the repository
2026-05-14T03:11:07.9808654Z [command]/usr/bin/git -c protocol.version=2 fetch --no-tags --prune --no-recurse-submodules origin +refs/heads/*:refs/remotes/origin/* +refs/tags/*:refs/tags/*
2026-05-14T03:11:27.9426127Z From https://github.com/averycorp/prismTask
2026-05-14T03:11:27.9427265Z  * [new branch]        ci-logs         -> origin/ci-logs
2026-05-14T03:11:27.9428783Z  * [new branch]        feat/web-wellness-self-care-burnout -> origin/feat/web-wellness-self-care-burnout
2026-05-14T03:11:27.9429706Z  * [new branch]        main            -> origin/main
2026-05-14T03:11:27.9430343Z  * [new branch]        v0.1.0-legacy   -> origin/v0.1.0-legacy
2026-05-14T03:11:27.9431022Z  * [new branch]        v0.2.0-legacy   -> origin/v0.2.0-legacy
2026-05-14T03:11:27.9431666Z  * [new branch]        v0.3.0-legacy   -> origin/v0.3.0-legacy
2026-05-14T03:11:27.9432333Z  * [new branch]        v0.4.0-legacy   -> origin/v0.4.0-legacy
2026-05-14T03:11:27.9432970Z  * [new branch]        v0.5.0-legacy   -> origin/v0.5.0-legacy
2026-05-14T03:11:27.9433630Z  * [new branch]        v0.6.0-legacy   -> origin/v0.6.0-legacy
2026-05-14T03:11:27.9434293Z  * [new branch]        v0.7.0-legacy   -> origin/v0.7.0-legacy
2026-05-14T03:11:27.9437370Z  * [new branch]        worktree-course-name-only -> origin/worktree-course-name-only
2026-05-14T03:11:27.9438602Z  * [new branch]        worktree-leisure-categories-removable -> origin/worktree-leisure-categories-removable
2026-05-14T03:11:27.9439807Z  * [new branch]        worktree-recheck-recurring -> origin/worktree-recheck-recurring
2026-05-14T03:11:27.9441333Z  * [new branch]        worktree-remove-leisure-minimum-from-daily-essentials -> origin/worktree-remove-leisure-minimum-from-daily-essentials
2026-05-14T03:11:27.9442548Z  * [new tag]           v0.1.0          -> v0.1.0
2026-05-14T03:11:27.9443069Z  * [new tag]           v0.2.0          -> v0.2.0
2026-05-14T03:11:27.9443574Z  * [new tag]           v0.3.0          -> v0.3.0
2026-05-14T03:11:27.9444116Z  * [new tag]           v0.4.0          -> v0.4.0
2026-05-14T03:11:27.9444627Z  * [new tag]           v0.5.0          -> v0.5.0
2026-05-14T03:11:27.9445362Z  * [new tag]           v0.7.0          -> v0.7.0
2026-05-14T03:11:27.9445894Z  * [new tag]           v0.7.12         -> v0.7.12
2026-05-14T03:11:27.9446412Z  * [new tag]           v0.7.13         -> v0.7.13
2026-05-14T03:11:27.9446994Z  * [new tag]           v0.7.14         -> v0.7.14
2026-05-14T03:11:27.9447823Z  * [new tag]           v0.7.15         -> v0.7.15
2026-05-14T03:11:27.9448350Z  * [new tag]           v0.7.16         -> v0.7.16
2026-05-14T03:11:27.9448823Z  * [new tag]           v0.7.17         -> v0.7.17
2026-05-14T03:11:27.9449326Z  * [new tag]           v0.7.17-build.2 -> v0.7.17-build.2
2026-05-14T03:11:27.9449853Z  * [new tag]           v0.7.17-build.3 -> v0.7.17-build.3
2026-05-14T03:11:27.9450480Z  * [new tag]           v0.7.17-build.4 -> v0.7.17-build.4
2026-05-14T03:11:27.9451175Z  * [new tag]           v0.7.17-build.5 -> v0.7.17-build.5
2026-05-14T03:11:27.9451739Z  * [new tag]           v0.7.17-build.6 -> v0.7.17-build.6
2026-05-14T03:11:27.9452308Z  * [new tag]           v0.7.17-build.7 -> v0.7.17-build.7
2026-05-14T03:11:27.9452862Z  * [new tag]           v0.7.17-build.8 -> v0.7.17-build.8
2026-05-14T03:11:27.9453471Z  * [new tag]           v0.7.17-build.9 -> v0.7.17-build.9
2026-05-14T03:11:27.9454037Z  * [new tag]           v0.7.18         -> v0.7.18
2026-05-14T03:11:27.9454586Z  * [new tag]           v0.7.18-build.2 -> v0.7.18-build.2
2026-05-14T03:11:27.9455353Z  * [new tag]           v0.7.18-build.3 -> v0.7.18-build.3
2026-05-14T03:11:27.9455925Z  * [new tag]           v0.7.18-build.4 -> v0.7.18-build.4
2026-05-14T03:11:27.9456461Z  * [new tag]           v0.7.19         -> v0.7.19
2026-05-14T03:11:27.9457012Z  * [new tag]           v0.7.19-build.2 -> v0.7.19-build.2
2026-05-14T03:11:27.9457556Z  * [new tag]           v0.7.20         -> v0.7.20
2026-05-14T03:11:27.9459867Z  * [new tag]           v0.7.20-build.2 -> v0.7.20-build.2
2026-05-14T03:11:27.9460608Z  * [new tag]           v0.7.20-build.3 -> v0.7.20-build.3
2026-05-14T03:11:27.9461221Z  * [new tag]           v0.7.20-build.4 -> v0.7.20-build.4
2026-05-14T03:11:27.9461776Z  * [new tag]           v0.8.0          -> v0.8.0
2026-05-14T03:11:27.9462343Z  * [new tag]           v0.8.0-build.2  -> v0.8.0-build.2
2026-05-14T03:11:27.9462905Z  * [new tag]           v0.8.1          -> v0.8.1
2026-05-14T03:11:27.9463719Z  * [new tag]           v0.8.10         -> v0.8.10
2026-05-14T03:11:27.9464253Z  * [new tag]           v0.8.11         -> v0.8.11
2026-05-14T03:11:27.9464790Z  * [new tag]           v0.8.12         -> v0.8.12
2026-05-14T03:11:27.9465488Z  * [new tag]           v0.8.13         -> v0.8.13
2026-05-14T03:11:27.9466013Z  * [new tag]           v0.8.14         -> v0.8.14
2026-05-14T03:11:27.9466536Z  * [new tag]           v0.8.15         -> v0.8.15
2026-05-14T03:11:27.9468877Z  * [new tag]           v0.8.2          -> v0.8.2
2026-05-14T03:11:27.9469500Z  * [new tag]           v0.8.3          -> v0.8.3
2026-05-14T03:11:27.9470042Z  * [new tag]           v0.8.4          -> v0.8.4
2026-05-14T03:11:27.9470576Z  * [new tag]           v0.8.5          -> v0.8.5
2026-05-14T03:11:27.9471097Z  * [new tag]           v0.8.6          -> v0.8.6
2026-05-14T03:11:27.9471612Z  * [new tag]           v0.8.7          -> v0.8.7
2026-05-14T03:11:27.9472116Z  * [new tag]           v0.8.8          -> v0.8.8
2026-05-14T03:11:27.9472695Z  * [new tag]           v0.8.9          -> v0.8.9
2026-05-14T03:11:27.9473199Z  * [new tag]           v0.9.1          -> v0.9.1
2026-05-14T03:11:27.9473710Z  * [new tag]           v0.9.2          -> v0.9.2
2026-05-14T03:11:27.9474223Z  * [new tag]           v1.0.1          -> v1.0.1
2026-05-14T03:11:27.9474856Z  * [new tag]           v1.0.10         -> v1.0.10
2026-05-14T03:11:27.9475696Z  * [new tag]           v1.0.11         -> v1.0.11
2026-05-14T03:11:27.9476235Z  * [new tag]           v1.0.12         -> v1.0.12
2026-05-14T03:11:27.9476763Z  * [new tag]           v1.0.13         -> v1.0.13
2026-05-14T03:11:27.9477276Z  * [new tag]           v1.0.2          -> v1.0.2
2026-05-14T03:11:27.9477799Z  * [new tag]           v1.0.3          -> v1.0.3
2026-05-14T03:11:27.9478320Z  * [new tag]           v1.0.4          -> v1.0.4
2026-05-14T03:11:27.9478824Z  * [new tag]           v1.0.5          -> v1.0.5
2026-05-14T03:11:27.9479348Z  * [new tag]           v1.0.6          -> v1.0.6
2026-05-14T03:11:27.9479884Z  * [new tag]           v1.0.7          -> v1.0.7
2026-05-14T03:11:27.9480630Z  * [new tag]           v1.0.8          -> v1.0.8
2026-05-14T03:11:27.9481217Z  * [new tag]           v1.0.9          -> v1.0.9
2026-05-14T03:11:27.9481794Z  * [new tag]           v1.1.1          -> v1.1.1
2026-05-14T03:11:27.9482395Z  * [new tag]           v1.1.1-build.2  -> v1.1.1-build.2
2026-05-14T03:11:27.9483028Z  * [new tag]           v1.1.1-build.3  -> v1.1.1-build.3
2026-05-14T03:11:27.9483666Z  * [new tag]           v1.1.1-build.4  -> v1.1.1-build.4
2026-05-14T03:11:27.9484261Z  * [new tag]           v1.1.10         -> v1.1.10
2026-05-14T03:11:27.9485370Z  * [new tag]           v1.1.11         -> v1.1.11
2026-05-14T03:11:27.9485934Z  * [new tag]           v1.1.12         -> v1.1.12
2026-05-14T03:11:27.9486310Z  * [new tag]           v1.1.2          -> v1.1.2
2026-05-14T03:11:27.9486674Z  * [new tag]           v1.1.3          -> v1.1.3
2026-05-14T03:11:27.9487040Z  * [new tag]           v1.1.4          -> v1.1.4
2026-05-14T03:11:27.9487444Z  * [new tag]           v1.1.5          -> v1.1.5
2026-05-14T03:11:27.9487864Z  * [new tag]           v1.1.6          -> v1.1.6
2026-05-14T03:11:27.9488414Z  * [new tag]           v1.1.7          -> v1.1.7
2026-05-14T03:11:27.9488976Z  * [new tag]           v1.1.8          -> v1.1.8
2026-05-14T03:11:27.9489538Z  * [new tag]           v1.1.9          -> v1.1.9
2026-05-14T03:11:27.9490118Z  * [new tag]           v1.3.0          -> v1.3.0
2026-05-14T03:11:27.9490697Z  * [new tag]           v1.3.1          -> v1.3.1
2026-05-14T03:11:27.9491265Z  * [new tag]           v1.3.10         -> v1.3.10
2026-05-14T03:11:27.9491861Z  * [new tag]           v1.3.11         -> v1.3.11
2026-05-14T03:11:27.9492541Z  * [new tag]           v1.3.11-build.2 -> v1.3.11-build.2
2026-05-14T03:11:27.9493262Z  * [new tag]           v1.3.12         -> v1.3.12
2026-05-14T03:11:27.9493859Z  * [new tag]           v1.3.13         -> v1.3.13
2026-05-14T03:11:27.9494528Z  * [new tag]           v1.3.13-build.2 -> v1.3.13-build.2
2026-05-14T03:11:27.9495746Z  * [new tag]           v1.3.14         -> v1.3.14
2026-05-14T03:11:27.9496369Z  * [new tag]           v1.3.15         -> v1.3.15
2026-05-14T03:11:27.9496951Z  * [new tag]           v1.3.16         -> v1.3.16
2026-05-14T03:11:27.9497537Z  * [new tag]           v1.3.17         -> v1.3.17
2026-05-14T03:11:27.9498118Z  * [new tag]           v1.3.18         -> v1.3.18
2026-05-14T03:11:27.9498695Z  * [new tag]           v1.3.19         -> v1.3.19
2026-05-14T03:11:27.9499282Z  * [new tag]           v1.3.2          -> v1.3.2
2026-05-14T03:11:27.9499864Z  * [new tag]           v1.3.20         -> v1.3.20
2026-05-14T03:11:27.9500443Z  * [new tag]           v1.3.21         -> v1.3.21
2026-05-14T03:11:27.9501019Z  * [new tag]           v1.3.22         -> v1.3.22
2026-05-14T03:11:27.9501590Z  * [new tag]           v1.3.23         -> v1.3.23
2026-05-14T03:11:27.9502157Z  * [new tag]           v1.3.24         -> v1.3.24
2026-05-14T03:11:27.9502820Z  * [new tag]           v1.3.25         -> v1.3.25
2026-05-14T03:11:27.9503460Z  * [new tag]           v1.3.26         -> v1.3.26
2026-05-14T03:11:27.9504060Z  * [new tag]           v1.3.27         -> v1.3.27
2026-05-14T03:11:27.9504631Z  * [new tag]           v1.3.28         -> v1.3.28
2026-05-14T03:11:27.9505526Z  * [new tag]           v1.3.29         -> v1.3.29
2026-05-14T03:11:27.9506119Z  * [new tag]           v1.3.3          -> v1.3.3
2026-05-14T03:11:27.9506676Z  * [new tag]           v1.3.30         -> v1.3.30
2026-05-14T03:11:27.9507249Z  * [new tag]           v1.3.31         -> v1.3.31
2026-05-14T03:11:27.9507833Z  * [new tag]           v1.3.32         -> v1.3.32
2026-05-14T03:11:27.9508400Z  * [new tag]           v1.3.33         -> v1.3.33
2026-05-14T03:11:27.9508978Z  * [new tag]           v1.3.34         -> v1.3.34
2026-05-14T03:11:27.9509621Z  * [new tag]           v1.3.35         -> v1.3.35
2026-05-14T03:11:27.9509979Z  * [new tag]           v1.3.36         -> v1.3.36
2026-05-14T03:11:27.9510377Z  * [new tag]           v1.3.37         -> v1.3.37
2026-05-14T03:11:27.9510950Z  * [new tag]           v1.3.38         -> v1.3.38
2026-05-14T03:11:27.9511312Z  * [new tag]           v1.3.39         -> v1.3.39
2026-05-14T03:11:27.9511678Z  * [new tag]           v1.3.4          -> v1.3.4
2026-05-14T03:11:27.9584248Z  * [new tag]           v1.3.40         -> v1.3.40
2026-05-14T03:11:27.9584929Z  * [new tag]           v1.3.41         -> v1.3.41
2026-05-14T03:11:27.9585592Z  * [new tag]           v1.3.42         -> v1.3.42
2026-05-14T03:11:27.9586011Z  * [new tag]           v1.3.43         -> v1.3.43
2026-05-14T03:11:27.9586438Z  * [new tag]           v1.3.44         -> v1.3.44
2026-05-14T03:11:27.9586812Z  * [new tag]           v1.3.45         -> v1.3.45
2026-05-14T03:11:27.9587194Z  * [new tag]           v1.3.46         -> v1.3.46
2026-05-14T03:11:27.9587609Z  * [new tag]           v1.3.47         -> v1.3.47
2026-05-14T03:11:27.9587982Z  * [new tag]           v1.3.48         -> v1.3.48
2026-05-14T03:11:27.9588376Z  * [new tag]           v1.3.49         -> v1.3.49
2026-05-14T03:11:27.9588753Z  * [new tag]           v1.3.5          -> v1.3.5
2026-05-14T03:11:27.9589169Z  * [new tag]           v1.3.5-build.2  -> v1.3.5-build.2
2026-05-14T03:11:27.9589574Z  * [new tag]           v1.3.50         -> v1.3.50
2026-05-14T03:11:27.9589950Z  * [new tag]           v1.3.51         -> v1.3.51
2026-05-14T03:11:27.9590311Z  * [new tag]           v1.3.52         -> v1.3.52
2026-05-14T03:11:27.9590685Z  * [new tag]           v1.3.53         -> v1.3.53
2026-05-14T03:11:27.9591053Z  * [new tag]           v1.3.54         -> v1.3.54
2026-05-14T03:11:27.9591414Z  * [new tag]           v1.3.55         -> v1.3.55
2026-05-14T03:11:27.9591804Z  * [new tag]           v1.3.56         -> v1.3.56
2026-05-14T03:11:27.9592170Z  * [new tag]           v1.3.57         -> v1.3.57
2026-05-14T03:11:27.9592534Z  * [new tag]           v1.3.58         -> v1.3.58
2026-05-14T03:11:27.9592888Z  * [new tag]           v1.3.59         -> v1.3.59
2026-05-14T03:11:27.9593466Z  * [new tag]           v1.3.6          -> v1.3.6
2026-05-14T03:11:27.9593854Z  * [new tag]           v1.3.60         -> v1.3.60
2026-05-14T03:11:27.9594217Z  * [new tag]           v1.3.61         -> v1.3.61
2026-05-14T03:11:27.9594587Z  * [new tag]           v1.3.62         -> v1.3.62
2026-05-14T03:11:27.9595129Z  * [new tag]           v1.3.7          -> v1.3.7
2026-05-14T03:11:27.9595581Z  * [new tag]           v1.3.8          -> v1.3.8
2026-05-14T03:11:27.9595966Z  * [new tag]           v1.3.9          -> v1.3.9
2026-05-14T03:11:27.9596349Z  * [new tag]           v1.4.40         -> v1.4.40
2026-05-14T03:11:27.9596719Z  * [new tag]           v1.5.0          -> v1.5.0
2026-05-14T03:11:27.9597090Z  * [new tag]           v1.5.2          -> v1.5.2
2026-05-14T03:11:27.9597456Z  * [new tag]           v1.5.3          -> v1.5.3
2026-05-14T03:11:27.9597812Z  * [new tag]           v1.6.0          -> v1.6.0
2026-05-14T03:11:27.9598179Z  * [new tag]           v1.7.0          -> v1.7.0
2026-05-14T03:11:27.9598562Z  * [new tag]           v1.7.37         -> v1.7.37
2026-05-14T03:11:27.9598943Z  * [new tag]           v1.7.38         -> v1.7.38
2026-05-14T03:11:27.9599306Z  * [new tag]           v1.7.39         -> v1.7.39
2026-05-14T03:11:27.9599667Z  * [new tag]           v1.7.40         -> v1.7.40
2026-05-14T03:11:27.9600033Z  * [new tag]           v1.7.41         -> v1.7.41
2026-05-14T03:11:27.9600392Z  * [new tag]           v1.7.42         -> v1.7.42
2026-05-14T03:11:27.9600759Z  * [new tag]           v1.7.43         -> v1.7.43
2026-05-14T03:11:27.9601126Z  * [new tag]           v1.7.44         -> v1.7.44
2026-05-14T03:11:27.9601478Z  * [new tag]           v1.7.45         -> v1.7.45
2026-05-14T03:11:27.9601837Z  * [new tag]           v1.7.46         -> v1.7.46
2026-05-14T03:11:27.9602196Z  * [new tag]           v1.7.47         -> v1.7.47
2026-05-14T03:11:27.9602555Z  * [new tag]           v1.7.48         -> v1.7.48
2026-05-14T03:11:27.9602916Z  * [new tag]           v1.7.49         -> v1.7.49
2026-05-14T03:11:27.9603286Z  * [new tag]           v1.7.50         -> v1.7.50
2026-05-14T03:11:27.9603789Z  * [new tag]           v1.7.51         -> v1.7.51
2026-05-14T03:11:27.9604161Z  * [new tag]           v1.7.52         -> v1.7.52
2026-05-14T03:11:27.9604528Z  * [new tag]           v1.7.53         -> v1.7.53
2026-05-14T03:11:27.9604920Z  * [new tag]           v1.7.54         -> v1.7.54
2026-05-14T03:11:27.9605483Z  * [new tag]           v1.7.55         -> v1.7.55
2026-05-14T03:11:27.9605850Z  * [new tag]           v1.7.56         -> v1.7.56
2026-05-14T03:11:27.9606217Z  * [new tag]           v1.7.57         -> v1.7.57
2026-05-14T03:11:27.9606575Z  * [new tag]           v1.7.58         -> v1.7.58
2026-05-14T03:11:27.9606932Z  * [new tag]           v1.7.59         -> v1.7.59
2026-05-14T03:11:27.9607299Z  * [new tag]           v1.7.60         -> v1.7.60
2026-05-14T03:11:27.9607652Z  * [new tag]           v1.7.61         -> v1.7.61
2026-05-14T03:11:27.9608017Z  * [new tag]           v1.7.62         -> v1.7.62
2026-05-14T03:11:27.9608391Z  * [new tag]           v1.7.63         -> v1.7.63
2026-05-14T03:11:27.9608755Z  * [new tag]           v1.7.64         -> v1.7.64
2026-05-14T03:11:27.9609121Z  * [new tag]           v1.7.65         -> v1.7.65
2026-05-14T03:11:27.9609504Z  * [new tag]           v1.7.66         -> v1.7.66
2026-05-14T03:11:27.9609871Z  * [new tag]           v1.7.67         -> v1.7.67
2026-05-14T03:11:27.9610236Z  * [new tag]           v1.7.68         -> v1.7.68
2026-05-14T03:11:27.9610594Z  * [new tag]           v1.7.69         -> v1.7.69
2026-05-14T03:11:27.9610957Z  * [new tag]           v1.7.70         -> v1.7.70
2026-05-14T03:11:27.9611325Z  * [new tag]           v1.7.71         -> v1.7.71
2026-05-14T03:11:27.9611679Z  * [new tag]           v1.7.72         -> v1.7.72
2026-05-14T03:11:27.9612043Z  * [new tag]           v1.7.73         -> v1.7.73
2026-05-14T03:11:27.9612413Z  * [new tag]           v1.7.74         -> v1.7.74
2026-05-14T03:11:27.9612776Z  * [new tag]           v1.7.75         -> v1.7.75
2026-05-14T03:11:27.9613286Z  * [new tag]           v1.7.76         -> v1.7.76
2026-05-14T03:11:27.9613658Z  * [new tag]           v1.7.77         -> v1.7.77
2026-05-14T03:11:27.9614018Z  * [new tag]           v1.7.78         -> v1.7.78
2026-05-14T03:11:27.9614375Z  * [new tag]           v1.7.79         -> v1.7.79
2026-05-14T03:11:27.9614740Z  * [new tag]           v1.7.80         -> v1.7.80
2026-05-14T03:11:27.9615336Z  * [new tag]           v1.7.81         -> v1.7.81
2026-05-14T03:11:27.9615721Z  * [new tag]           v1.7.82         -> v1.7.82
2026-05-14T03:11:27.9616085Z  * [new tag]           v1.7.83         -> v1.7.83
2026-05-14T03:11:27.9616451Z  * [new tag]           v1.7.84         -> v1.7.84
2026-05-14T03:11:27.9616807Z  * [new tag]           v1.7.85         -> v1.7.85
2026-05-14T03:11:27.9617172Z  * [new tag]           v1.7.86         -> v1.7.86
2026-05-14T03:11:27.9617613Z  * [new tag]           v1.7.87         -> v1.7.87
2026-05-14T03:11:27.9617979Z  * [new tag]           v1.7.90         -> v1.7.90
2026-05-14T03:11:27.9618347Z  * [new tag]           v1.7.92         -> v1.7.92
2026-05-14T03:11:27.9618717Z  * [new tag]           v1.7.93         -> v1.7.93
2026-05-14T03:11:27.9619080Z  * [new tag]           v1.7.94         -> v1.7.94
2026-05-14T03:11:27.9619434Z  * [new tag]           v1.7.95         -> v1.7.95
2026-05-14T03:11:27.9619792Z  * [new tag]           v1.7.96         -> v1.7.96
2026-05-14T03:11:27.9620159Z  * [new tag]           v1.7.97         -> v1.7.97
2026-05-14T03:11:27.9620527Z  * [new tag]           v1.8.0          -> v1.8.0
2026-05-14T03:11:27.9620890Z  * [new tag]           v1.8.1          -> v1.8.1
2026-05-14T03:11:27.9621256Z  * [new tag]           v1.8.10         -> v1.8.10
2026-05-14T03:11:27.9621619Z  * [new tag]           v1.8.11         -> v1.8.11
2026-05-14T03:11:27.9621977Z  * [new tag]           v1.8.12         -> v1.8.12
2026-05-14T03:11:27.9622337Z  * [new tag]           v1.8.14         -> v1.8.14
2026-05-14T03:11:27.9622697Z  * [new tag]           v1.8.15         -> v1.8.15
2026-05-14T03:11:27.9623063Z  * [new tag]           v1.8.16         -> v1.8.16
2026-05-14T03:11:27.9623570Z  * [new tag]           v1.8.17         -> v1.8.17
2026-05-14T03:11:27.9623936Z  * [new tag]           v1.8.18         -> v1.8.18
2026-05-14T03:11:27.9624290Z  * [new tag]           v1.8.19         -> v1.8.19
2026-05-14T03:11:27.9624651Z  * [new tag]           v1.8.2          -> v1.8.2
2026-05-14T03:11:27.9625185Z  * [new tag]           v1.8.20         -> v1.8.20
2026-05-14T03:11:27.9625554Z  * [new tag]           v1.8.21         -> v1.8.21
2026-05-14T03:11:27.9625911Z  * [new tag]           v1.8.22         -> v1.8.22
2026-05-14T03:11:27.9626277Z  * [new tag]           v1.8.23         -> v1.8.23
2026-05-14T03:11:27.9626635Z  * [new tag]           v1.8.24         -> v1.8.24
2026-05-14T03:11:27.9626988Z  * [new tag]           v1.8.25         -> v1.8.25
2026-05-14T03:11:27.9627346Z  * [new tag]           v1.8.26         -> v1.8.26
2026-05-14T03:11:27.9627706Z  * [new tag]           v1.8.27         -> v1.8.27
2026-05-14T03:11:27.9628069Z  * [new tag]           v1.8.28         -> v1.8.28
2026-05-14T03:11:27.9628448Z  * [new tag]           v1.8.29         -> v1.8.29
2026-05-14T03:11:27.9628808Z  * [new tag]           v1.8.3          -> v1.8.3
2026-05-14T03:11:27.9629165Z  * [new tag]           v1.8.30         -> v1.8.30
2026-05-14T03:11:27.9629525Z  * [new tag]           v1.8.31         -> v1.8.31
2026-05-14T03:11:27.9629887Z  * [new tag]           v1.8.32         -> v1.8.32
2026-05-14T03:11:27.9630257Z  * [new tag]           v1.8.33         -> v1.8.33
2026-05-14T03:11:27.9630627Z  * [new tag]           v1.8.34         -> v1.8.34
2026-05-14T03:11:27.9630997Z  * [new tag]           v1.8.35         -> v1.8.35
2026-05-14T03:11:27.9631364Z  * [new tag]           v1.8.36         -> v1.8.36
2026-05-14T03:11:27.9631719Z  * [new tag]           v1.8.37         -> v1.8.37
2026-05-14T03:11:27.9632082Z  * [new tag]           v1.8.38         -> v1.8.38
2026-05-14T03:11:27.9632443Z  * [new tag]           v1.8.39         -> v1.8.39
2026-05-14T03:11:27.9632939Z  * [new tag]           v1.8.4          -> v1.8.4
2026-05-14T03:11:27.9633315Z  * [new tag]           v1.8.40         -> v1.8.40
2026-05-14T03:11:27.9633680Z  * [new tag]           v1.8.41         -> v1.8.41
2026-05-14T03:11:27.9634036Z  * [new tag]           v1.8.42         -> v1.8.42
2026-05-14T03:11:27.9634400Z  * [new tag]           v1.8.43         -> v1.8.43
2026-05-14T03:11:27.9634762Z  * [new tag]           v1.8.44         -> v1.8.44
2026-05-14T03:11:27.9635280Z  * [new tag]           v1.8.45         -> v1.8.45
2026-05-14T03:11:27.9635647Z  * [new tag]           v1.8.46         -> v1.8.46
2026-05-14T03:11:27.9636015Z  * [new tag]           v1.8.47         -> v1.8.47
2026-05-14T03:11:27.9636381Z  * [new tag]           v1.8.48         -> v1.8.48
2026-05-14T03:11:27.9636769Z  * [new tag]           v1.8.49         -> v1.8.49
2026-05-14T03:11:27.9637135Z  * [new tag]           v1.8.5          -> v1.8.5
2026-05-14T03:11:27.9637501Z  * [new tag]           v1.8.50         -> v1.8.50
2026-05-14T03:11:27.9637870Z  * [new tag]           v1.8.51         -> v1.8.51
2026-05-14T03:11:27.9638233Z  * [new tag]           v1.8.52         -> v1.8.52
2026-05-14T03:11:27.9638592Z  * [new tag]           v1.8.53         -> v1.8.53
2026-05-14T03:11:27.9638944Z  * [new tag]           v1.8.54         -> v1.8.54
2026-05-14T03:11:27.9639306Z  * [new tag]           v1.8.6          -> v1.8.6
2026-05-14T03:11:27.9639673Z  * [new tag]           v1.8.7          -> v1.8.7
2026-05-14T03:11:27.9640025Z  * [new tag]           v1.8.8          -> v1.8.8
2026-05-14T03:11:27.9640387Z  * [new tag]           v1.8.9          -> v1.8.9
2026-05-14T03:11:27.9640749Z  * [new tag]           v1.9.1          -> v1.9.1
2026-05-14T03:11:27.9641104Z  * [new tag]           v1.9.10         -> v1.9.10
2026-05-14T03:11:27.9641464Z  * [new tag]           v1.9.11         -> v1.9.11
2026-05-14T03:11:27.9641830Z  * [new tag]           v1.9.12         -> v1.9.12
2026-05-14T03:11:27.9642190Z  * [new tag]           v1.9.13         -> v1.9.13
2026-05-14T03:11:27.9642563Z  * [new tag]           v1.9.14         -> v1.9.14
2026-05-14T03:11:27.9643067Z  * [new tag]           v1.9.15         -> v1.9.15
2026-05-14T03:11:27.9643434Z  * [new tag]           v1.9.16         -> v1.9.16
2026-05-14T03:11:27.9643793Z  * [new tag]           v1.9.18         -> v1.9.18
2026-05-14T03:11:27.9644158Z  * [new tag]           v1.9.19         -> v1.9.19
2026-05-14T03:11:27.9644520Z  * [new tag]           v1.9.2          -> v1.9.2
2026-05-14T03:11:27.9644878Z  * [new tag]           v1.9.20         -> v1.9.20
2026-05-14T03:11:27.9645381Z  * [new tag]           v1.9.21         -> v1.9.21
2026-05-14T03:11:27.9645746Z  * [new tag]           v1.9.22         -> v1.9.22
2026-05-14T03:11:27.9646101Z  * [new tag]           v1.9.23         -> v1.9.23
2026-05-14T03:11:27.9646464Z  * [new tag]           v1.9.24         -> v1.9.24
2026-05-14T03:11:27.9646825Z  * [new tag]           v1.9.3          -> v1.9.3
2026-05-14T03:11:27.9647203Z  * [new tag]           v1.9.4          -> v1.9.4
2026-05-14T03:11:27.9647565Z  * [new tag]           v1.9.5          -> v1.9.5
2026-05-14T03:11:27.9647939Z  * [new tag]           v1.9.6          -> v1.9.6
2026-05-14T03:11:27.9648299Z  * [new tag]           v1.9.7          -> v1.9.7
2026-05-14T03:11:27.9648661Z  * [new tag]           v1.9.8          -> v1.9.8
2026-05-14T03:11:27.9649027Z  * [new tag]           v1.9.9          -> v1.9.9
2026-05-14T03:11:27.9769536Z ##[endgroup]
2026-05-14T03:11:27.9770289Z ##[group]Determining the checkout info
2026-05-14T03:11:27.9776191Z [command]/usr/bin/git branch --list --remote origin/docs/parity-batch-3-phase-3-4
2026-05-14T03:11:27.9836531Z [command]/usr/bin/git tag --list docs/parity-batch-3-phase-3-4
2026-05-14T03:11:27.9931608Z ##[error]A branch or tag with the name 'docs/parity-batch-3-phase-3-4' could not be found
2026-05-14T03:11:28.0237497Z Post job cleanup.
2026-05-14T03:11:28.1097916Z [command]/usr/bin/git version
2026-05-14T03:11:28.1135190Z git version 2.53.0
2026-05-14T03:11:28.1173466Z Temporarily overriding HOME='/home/runner/work/_temp/fe0982e6-6b20-408a-8bd8-b2ee92f97684' before making global git config changes
2026-05-14T03:11:28.1175395Z Adding repository directory to the temporary git global config as a safe directory
2026-05-14T03:11:28.1179513Z [command]/usr/bin/git config --global --add safe.directory /home/runner/work/prismTask/prismTask
2026-05-14T03:11:28.1210206Z Removing SSH command configuration
2026-05-14T03:11:28.1216706Z [command]/usr/bin/git config --local --name-only --get-regexp core\.sshCommand
2026-05-14T03:11:28.1250579Z [command]/usr/bin/git submodule foreach --recursive sh -c "git config --local --name-only --get-regexp 'core\.sshCommand' && git config --local --unset-all 'core.sshCommand' || :"
2026-05-14T03:11:28.1481464Z Removing HTTP extra header
2026-05-14T03:11:28.1486380Z [command]/usr/bin/git config --local --name-only --get-regexp http\.https\:\/\/github\.com\/\.extraheader
2026-05-14T03:11:28.1526680Z [command]/usr/bin/git submodule foreach --recursive sh -c "git config --local --name-only --get-regexp 'http\.https\:\/\/github\.com\/\.extraheader' && git config --local --unset-all 'http.https://github.com/.extraheader' || :"
2026-05-14T03:11:28.1770346Z Removing includeIf entries pointing to credentials config files
2026-05-14T03:11:28.1779462Z [command]/usr/bin/git config --local --name-only --get-regexp ^includeIf\.gitdir:
2026-05-14T03:11:28.1805530Z includeif.gitdir:/home/runner/work/prismTask/prismTask/.git.path
2026-05-14T03:11:28.1806318Z includeif.gitdir:/home/runner/work/prismTask/prismTask/.git/worktrees/*.path
2026-05-14T03:11:28.1806965Z includeif.gitdir:/github/workspace/.git.path
2026-05-14T03:11:28.1807521Z includeif.gitdir:/github/workspace/.git/worktrees/*.path
2026-05-14T03:11:28.1817731Z [command]/usr/bin/git config --local --get-all includeif.gitdir:/home/runner/work/prismTask/prismTask/.git.path
2026-05-14T03:11:28.1839920Z /home/runner/work/_temp/git-credentials-10259a0f-42e0-4bf3-b886-68d1f0c575d3.config
2026-05-14T03:11:28.1850835Z [command]/usr/bin/git config --local --unset includeif.gitdir:/home/runner/work/prismTask/prismTask/.git.path /home/runner/work/_temp/git-credentials-10259a0f-42e0-4bf3-b886-68d1f0c575d3.config
2026-05-14T03:11:28.1886963Z [command]/usr/bin/git config --local --get-all includeif.gitdir:/home/runner/work/prismTask/prismTask/.git/worktrees/*.path
2026-05-14T03:11:28.1909693Z /home/runner/work/_temp/git-credentials-10259a0f-42e0-4bf3-b886-68d1f0c575d3.config
2026-05-14T03:11:28.1919136Z [command]/usr/bin/git config --local --unset includeif.gitdir:/home/runner/work/prismTask/prismTask/.git/worktrees/*.path /home/runner/work/_temp/git-credentials-10259a0f-42e0-4bf3-b886-68d1f0c575d3.config
2026-05-14T03:11:28.1950377Z [command]/usr/bin/git config --local --get-all includeif.gitdir:/github/workspace/.git.path
2026-05-14T03:11:28.1972066Z /github/runner_temp/git-credentials-10259a0f-42e0-4bf3-b886-68d1f0c575d3.config
2026-05-14T03:11:28.1979625Z [command]/usr/bin/git config --local --unset includeif.gitdir:/github/workspace/.git.path /github/runner_temp/git-credentials-10259a0f-42e0-4bf3-b886-68d1f0c575d3.config
2026-05-14T03:11:28.2013268Z [command]/usr/bin/git config --local --get-all includeif.gitdir:/github/workspace/.git/worktrees/*.path
2026-05-14T03:11:28.2035777Z /github/runner_temp/git-credentials-10259a0f-42e0-4bf3-b886-68d1f0c575d3.config
2026-05-14T03:11:28.2045430Z [command]/usr/bin/git config --local --unset includeif.gitdir:/github/workspace/.git/worktrees/*.path /github/runner_temp/git-credentials-10259a0f-42e0-4bf3-b886-68d1f0c575d3.config
2026-05-14T03:11:28.2079408Z [command]/usr/bin/git submodule foreach --recursive git config --local --show-origin --name-only --get-regexp remote.origin.url
2026-05-14T03:11:28.2302731Z Removing credentials config '/home/runner/work/_temp/git-credentials-10259a0f-42e0-4bf3-b886-68d1f0c575d3.config'
2026-05-14T03:11:28.2445251Z Cleaning up orphan processes
