=== CI FAILURE ===
Workflow:      Android CI
Workflow file: averycorp/prismTask/.github/workflows/android-ci.yml@refs/pull/1396/merge
Job(s):        autofix
Run ID:        25843686196
Run attempt:   1
Run URL:       https://github.com/averycorp/prismTask/actions/runs/25843686196
Commit:        b1a6c9f36a6bfc2dc6593ce13bf80191a7b55f53
Branch:        1396/merge
Event:         pull_request
Actor:         akarlin3
Runner OS:     Linux
Timestamp:     2026-05-14T05:33:05.906Z

Failed steps:
  - autofix: #2 Run actions/checkout@v6

=== FAILED JOB LOG ===

--- Job: autofix (id 75934057617) ---
2026-05-14T05:32:28.6366447Z Current runner version: '2.334.0'
2026-05-14T05:32:28.6391226Z ##[group]Runner Image Provisioner
2026-05-14T05:32:28.6392199Z Hosted Compute Agent
2026-05-14T05:32:28.6392778Z Version: 20260213.493
2026-05-14T05:32:28.6393352Z Commit: 5c115507f6dd24b8de37d8bbe0bb4509d0cc0fa3
2026-05-14T05:32:28.6394530Z Build Date: 2026-02-13T00:28:41Z
2026-05-14T05:32:28.6395207Z Worker ID: {745bd1ee-406d-4f1e-81b0-680984430d9f}
2026-05-14T05:32:28.6395852Z Azure Region: westus
2026-05-14T05:32:28.6396522Z ##[endgroup]
2026-05-14T05:32:28.6397975Z ##[group]Operating System
2026-05-14T05:32:28.6398561Z Ubuntu
2026-05-14T05:32:28.6399134Z 24.04.4
2026-05-14T05:32:28.6399560Z LTS
2026-05-14T05:32:28.6400049Z ##[endgroup]
2026-05-14T05:32:28.6400589Z ##[group]Runner Image
2026-05-14T05:32:28.6401159Z Image: ubuntu-24.04
2026-05-14T05:32:28.6401672Z Version: 20260413.86.1
2026-05-14T05:32:28.6402876Z Included Software: https://github.com/actions/runner-images/blob/ubuntu24/20260413.86/images/ubuntu/Ubuntu2404-Readme.md
2026-05-14T05:32:28.6404818Z Image Release: https://github.com/actions/runner-images/releases/tag/ubuntu24%2F20260413.86
2026-05-14T05:32:28.6405810Z ##[endgroup]
2026-05-14T05:32:28.6407079Z ##[group]GITHUB_TOKEN Permissions
2026-05-14T05:32:28.6408993Z Actions: read
2026-05-14T05:32:28.6409555Z Checks: read
2026-05-14T05:32:28.6410063Z Contents: write
2026-05-14T05:32:28.6410664Z Metadata: read
2026-05-14T05:32:28.6411183Z PullRequests: read
2026-05-14T05:32:28.6411675Z ##[endgroup]
2026-05-14T05:32:28.6414338Z Secret source: Actions
2026-05-14T05:32:28.6415046Z Prepare workflow directory
2026-05-14T05:32:28.6845099Z Prepare all required actions
2026-05-14T05:32:28.6896525Z Getting action download info
2026-05-14T05:32:29.1953889Z Download action repository 'actions/checkout@v6' (SHA:de0fac2e4500dabe0009e67214ff5f5447ce83dd)
2026-05-14T05:32:29.3391988Z Download action repository 'dorny/paths-filter@v4' (SHA:fbd0ab8f3e69293af611ebaee6363fc25e6d187d)
2026-05-14T05:32:29.6593960Z Download action repository 'actions/cache@v5' (SHA:27d5ce7f107fe9357f9df03efb73ab90386fccae)
2026-05-14T05:32:30.2502233Z Complete job name: autofix
2026-05-14T05:32:30.3305591Z ##[group]Run actions/checkout@v6
2026-05-14T05:32:30.3306859Z with:
2026-05-14T05:32:30.3307924Z   token: ***
2026-05-14T05:32:30.3308398Z   ref: worktree-audit-mental-health-first
2026-05-14T05:32:30.3308981Z   fetch-depth: 0
2026-05-14T05:32:30.3309434Z   repository: averycorp/prismTask
2026-05-14T05:32:30.3309940Z   ssh-strict: true
2026-05-14T05:32:30.3310353Z   ssh-user: git
2026-05-14T05:32:30.3310793Z   persist-credentials: true
2026-05-14T05:32:30.3311270Z   clean: true
2026-05-14T05:32:30.3311707Z   sparse-checkout-cone-mode: true
2026-05-14T05:32:30.3312219Z   fetch-tags: false
2026-05-14T05:32:30.3312648Z   show-progress: true
2026-05-14T05:32:30.3313085Z   lfs: false
2026-05-14T05:32:30.3313705Z   submodules: false
2026-05-14T05:32:30.3314168Z   set-safe-directory: true
2026-05-14T05:32:30.3314978Z ##[endgroup]
2026-05-14T05:32:30.4285873Z Syncing repository: averycorp/prismTask
2026-05-14T05:32:30.4287931Z ##[group]Getting Git version info
2026-05-14T05:32:30.4288767Z Working directory is '/home/runner/work/prismTask/prismTask'
2026-05-14T05:32:30.4289817Z [command]/usr/bin/git version
2026-05-14T05:32:30.4329102Z git version 2.53.0
2026-05-14T05:32:30.4352709Z ##[endgroup]
2026-05-14T05:32:30.4367230Z Temporarily overriding HOME='/home/runner/work/_temp/0ca7140c-2ca9-45fe-b0d2-8e9b59335a24' before making global git config changes
2026-05-14T05:32:30.4368798Z Adding repository directory to the temporary git global config as a safe directory
2026-05-14T05:32:30.4372783Z [command]/usr/bin/git config --global --add safe.directory /home/runner/work/prismTask/prismTask
2026-05-14T05:32:30.4405919Z Deleting the contents of '/home/runner/work/prismTask/prismTask'
2026-05-14T05:32:30.4410151Z ##[group]Initializing the repository
2026-05-14T05:32:30.4414848Z [command]/usr/bin/git init /home/runner/work/prismTask/prismTask
2026-05-14T05:32:30.4506763Z hint: Using 'master' as the name for the initial branch. This default branch name
2026-05-14T05:32:30.4509311Z hint: will change to "main" in Git 3.0. To configure the initial branch name
2026-05-14T05:32:30.4510552Z hint: to use in all of your new repositories, which will suppress this warning,
2026-05-14T05:32:30.4511482Z hint: call:
2026-05-14T05:32:30.4512108Z hint:
2026-05-14T05:32:30.4512723Z hint: 	git config --global init.defaultBranch <name>
2026-05-14T05:32:30.4513832Z hint:
2026-05-14T05:32:30.4514974Z hint: Names commonly chosen instead of 'master' are 'main', 'trunk' and
2026-05-14T05:32:30.4515995Z hint: 'development'. The just-created branch can be renamed via this command:
2026-05-14T05:32:30.4516738Z hint:
2026-05-14T05:32:30.4517147Z hint: 	git branch -m <name>
2026-05-14T05:32:30.4517625Z hint:
2026-05-14T05:32:30.4518473Z hint: Disable this message with "git config set advice.defaultBranchName false"
2026-05-14T05:32:30.4520411Z Initialized empty Git repository in /home/runner/work/prismTask/prismTask/.git/
2026-05-14T05:32:30.4522219Z [command]/usr/bin/git remote add origin https://github.com/averycorp/prismTask
2026-05-14T05:32:30.4550860Z ##[endgroup]
2026-05-14T05:32:30.4551656Z ##[group]Disabling automatic garbage collection
2026-05-14T05:32:30.4554965Z [command]/usr/bin/git config --local gc.auto 0
2026-05-14T05:32:30.4588156Z ##[endgroup]
2026-05-14T05:32:30.4589280Z ##[group]Setting up auth
2026-05-14T05:32:30.4589997Z Removing SSH command configuration
2026-05-14T05:32:30.4595278Z [command]/usr/bin/git config --local --name-only --get-regexp core\.sshCommand
2026-05-14T05:32:30.4627140Z [command]/usr/bin/git submodule foreach --recursive sh -c "git config --local --name-only --get-regexp 'core\.sshCommand' && git config --local --unset-all 'core.sshCommand' || :"
2026-05-14T05:32:30.4920914Z Removing HTTP extra header
2026-05-14T05:32:30.4927716Z [command]/usr/bin/git config --local --name-only --get-regexp http\.https\:\/\/github\.com\/\.extraheader
2026-05-14T05:32:30.4960810Z [command]/usr/bin/git submodule foreach --recursive sh -c "git config --local --name-only --get-regexp 'http\.https\:\/\/github\.com\/\.extraheader' && git config --local --unset-all 'http.https://github.com/.extraheader' || :"
2026-05-14T05:32:30.5176701Z Removing includeIf entries pointing to credentials config files
2026-05-14T05:32:30.5183049Z [command]/usr/bin/git config --local --name-only --get-regexp ^includeIf\.gitdir:
2026-05-14T05:32:30.5214918Z [command]/usr/bin/git submodule foreach --recursive git config --local --show-origin --name-only --get-regexp remote.origin.url
2026-05-14T05:32:30.5432573Z [command]/usr/bin/git config --file /home/runner/work/_temp/git-credentials-3fdc8ba2-4221-4376-bd8a-7e40f90b726e.config http.https://github.com/.extraheader AUTHORIZATION: basic ***
2026-05-14T05:32:30.5471269Z [command]/usr/bin/git config --local includeIf.gitdir:/home/runner/work/prismTask/prismTask/.git.path /home/runner/work/_temp/git-credentials-3fdc8ba2-4221-4376-bd8a-7e40f90b726e.config
2026-05-14T05:32:30.5500172Z [command]/usr/bin/git config --local includeIf.gitdir:/home/runner/work/prismTask/prismTask/.git/worktrees/*.path /home/runner/work/_temp/git-credentials-3fdc8ba2-4221-4376-bd8a-7e40f90b726e.config
2026-05-14T05:32:30.5529454Z [command]/usr/bin/git config --local includeIf.gitdir:/github/workspace/.git.path /github/runner_temp/git-credentials-3fdc8ba2-4221-4376-bd8a-7e40f90b726e.config
2026-05-14T05:32:30.5562159Z [command]/usr/bin/git config --local includeIf.gitdir:/github/workspace/.git/worktrees/*.path /github/runner_temp/git-credentials-3fdc8ba2-4221-4376-bd8a-7e40f90b726e.config
2026-05-14T05:32:30.5588964Z ##[endgroup]
2026-05-14T05:32:30.5590719Z ##[group]Fetching the repository
2026-05-14T05:32:30.5600255Z [command]/usr/bin/git -c protocol.version=2 fetch --no-tags --prune --no-recurse-submodules origin +refs/heads/*:refs/remotes/origin/* +refs/tags/*:refs/tags/*
2026-05-14T05:32:51.1739596Z From https://github.com/averycorp/prismTask
2026-05-14T05:32:51.1740427Z  * [new branch]        ci-logs         -> origin/ci-logs
2026-05-14T05:32:51.1741710Z  * [new branch]        main            -> origin/main
2026-05-14T05:32:51.1742652Z  * [new branch]        v0.1.0-legacy   -> origin/v0.1.0-legacy
2026-05-14T05:32:51.1745217Z  * [new branch]        v0.2.0-legacy   -> origin/v0.2.0-legacy
2026-05-14T05:32:51.1745912Z  * [new branch]        v0.3.0-legacy   -> origin/v0.3.0-legacy
2026-05-14T05:32:51.1746628Z  * [new branch]        v0.4.0-legacy   -> origin/v0.4.0-legacy
2026-05-14T05:32:51.1747321Z  * [new branch]        v0.5.0-legacy   -> origin/v0.5.0-legacy
2026-05-14T05:32:51.1748026Z  * [new branch]        v0.6.0-legacy   -> origin/v0.6.0-legacy
2026-05-14T05:32:51.1748773Z  * [new branch]        v0.7.0-legacy   -> origin/v0.7.0-legacy
2026-05-14T05:32:51.1749606Z  * [new branch]        worktree-course-name-only -> origin/worktree-course-name-only
2026-05-14T05:32:51.1750807Z  * [new branch]        worktree-leisure-categories-removable -> origin/worktree-leisure-categories-removable
2026-05-14T05:32:51.1752142Z  * [new branch]        worktree-recheck-recurring -> origin/worktree-recheck-recurring
2026-05-14T05:32:51.1753894Z  * [new branch]        worktree-remove-leisure-minimum-from-daily-essentials -> origin/worktree-remove-leisure-minimum-from-daily-essentials
2026-05-14T05:32:51.1755170Z  * [new tag]           v0.1.0          -> v0.1.0
2026-05-14T05:32:51.1755763Z  * [new tag]           v0.2.0          -> v0.2.0
2026-05-14T05:32:51.1756301Z  * [new tag]           v0.3.0          -> v0.3.0
2026-05-14T05:32:51.1756829Z  * [new tag]           v0.4.0          -> v0.4.0
2026-05-14T05:32:51.1757372Z  * [new tag]           v0.5.0          -> v0.5.0
2026-05-14T05:32:51.1757902Z  * [new tag]           v0.7.0          -> v0.7.0
2026-05-14T05:32:51.1758442Z  * [new tag]           v0.7.12         -> v0.7.12
2026-05-14T05:32:51.1758983Z  * [new tag]           v0.7.13         -> v0.7.13
2026-05-14T05:32:51.1759559Z  * [new tag]           v0.7.14         -> v0.7.14
2026-05-14T05:32:51.1760086Z  * [new tag]           v0.7.15         -> v0.7.15
2026-05-14T05:32:51.1760680Z  * [new tag]           v0.7.16         -> v0.7.16
2026-05-14T05:32:51.1761495Z  * [new tag]           v0.7.17         -> v0.7.17
2026-05-14T05:32:51.1762098Z  * [new tag]           v0.7.17-build.2 -> v0.7.17-build.2
2026-05-14T05:32:51.1762705Z  * [new tag]           v0.7.17-build.3 -> v0.7.17-build.3
2026-05-14T05:32:51.1763313Z  * [new tag]           v0.7.17-build.4 -> v0.7.17-build.4
2026-05-14T05:32:51.1764229Z  * [new tag]           v0.7.17-build.5 -> v0.7.17-build.5
2026-05-14T05:32:51.1764883Z  * [new tag]           v0.7.17-build.6 -> v0.7.17-build.6
2026-05-14T05:32:51.1765470Z  * [new tag]           v0.7.17-build.7 -> v0.7.17-build.7
2026-05-14T05:32:51.1766056Z  * [new tag]           v0.7.17-build.8 -> v0.7.17-build.8
2026-05-14T05:32:51.1766631Z  * [new tag]           v0.7.17-build.9 -> v0.7.17-build.9
2026-05-14T05:32:51.1767195Z  * [new tag]           v0.7.18         -> v0.7.18
2026-05-14T05:32:51.1767758Z  * [new tag]           v0.7.18-build.2 -> v0.7.18-build.2
2026-05-14T05:32:51.1768353Z  * [new tag]           v0.7.18-build.3 -> v0.7.18-build.3
2026-05-14T05:32:51.1769002Z  * [new tag]           v0.7.18-build.4 -> v0.7.18-build.4
2026-05-14T05:32:51.1769570Z  * [new tag]           v0.7.19         -> v0.7.19
2026-05-14T05:32:51.1770134Z  * [new tag]           v0.7.19-build.2 -> v0.7.19-build.2
2026-05-14T05:32:51.1770684Z  * [new tag]           v0.7.20         -> v0.7.20
2026-05-14T05:32:51.1771241Z  * [new tag]           v0.7.20-build.2 -> v0.7.20-build.2
2026-05-14T05:32:51.1771820Z  * [new tag]           v0.7.20-build.3 -> v0.7.20-build.3
2026-05-14T05:32:51.1772389Z  * [new tag]           v0.7.20-build.4 -> v0.7.20-build.4
2026-05-14T05:32:51.1772955Z  * [new tag]           v0.8.0          -> v0.8.0
2026-05-14T05:32:51.1773796Z  * [new tag]           v0.8.0-build.2  -> v0.8.0-build.2
2026-05-14T05:32:51.1774384Z  * [new tag]           v0.8.1          -> v0.8.1
2026-05-14T05:32:51.1774925Z  * [new tag]           v0.8.10         -> v0.8.10
2026-05-14T05:32:51.1775622Z  * [new tag]           v0.8.11         -> v0.8.11
2026-05-14T05:32:51.1775972Z  * [new tag]           v0.8.12         -> v0.8.12
2026-05-14T05:32:51.1776458Z  * [new tag]           v0.8.13         -> v0.8.13
2026-05-14T05:32:51.1777088Z  * [new tag]           v0.8.14         -> v0.8.14
2026-05-14T05:32:51.1777628Z  * [new tag]           v0.8.15         -> v0.8.15
2026-05-14T05:32:51.1778233Z  * [new tag]           v0.8.2          -> v0.8.2
2026-05-14T05:32:51.1778776Z  * [new tag]           v0.8.3          -> v0.8.3
2026-05-14T05:32:51.1779313Z  * [new tag]           v0.8.4          -> v0.8.4
2026-05-14T05:32:51.1779850Z  * [new tag]           v0.8.5          -> v0.8.5
2026-05-14T05:32:51.1780372Z  * [new tag]           v0.8.6          -> v0.8.6
2026-05-14T05:32:51.1780906Z  * [new tag]           v0.8.7          -> v0.8.7
2026-05-14T05:32:51.1781434Z  * [new tag]           v0.8.8          -> v0.8.8
2026-05-14T05:32:51.1781962Z  * [new tag]           v0.8.9          -> v0.8.9
2026-05-14T05:32:51.1782516Z  * [new tag]           v0.9.1          -> v0.9.1
2026-05-14T05:32:51.1783070Z  * [new tag]           v0.9.2          -> v0.9.2
2026-05-14T05:32:51.1783858Z  * [new tag]           v1.0.1          -> v1.0.1
2026-05-14T05:32:51.1784413Z  * [new tag]           v1.0.10         -> v1.0.10
2026-05-14T05:32:51.1784977Z  * [new tag]           v1.0.11         -> v1.0.11
2026-05-14T05:32:51.1785571Z  * [new tag]           v1.0.12         -> v1.0.12
2026-05-14T05:32:51.1786106Z  * [new tag]           v1.0.13         -> v1.0.13
2026-05-14T05:32:51.1786647Z  * [new tag]           v1.0.2          -> v1.0.2
2026-05-14T05:32:51.1787119Z  * [new tag]           v1.0.3          -> v1.0.3
2026-05-14T05:32:51.1787460Z  * [new tag]           v1.0.4          -> v1.0.4
2026-05-14T05:32:51.1787791Z  * [new tag]           v1.0.5          -> v1.0.5
2026-05-14T05:32:51.1788123Z  * [new tag]           v1.0.6          -> v1.0.6
2026-05-14T05:32:51.1788677Z  * [new tag]           v1.0.7          -> v1.0.7
2026-05-14T05:32:51.1789342Z  * [new tag]           v1.0.8          -> v1.0.8
2026-05-14T05:32:51.1790109Z  * [new tag]           v1.0.9          -> v1.0.9
2026-05-14T05:32:51.1790689Z  * [new tag]           v1.1.1          -> v1.1.1
2026-05-14T05:32:51.1791314Z  * [new tag]           v1.1.1-build.2  -> v1.1.1-build.2
2026-05-14T05:32:51.1791934Z  * [new tag]           v1.1.1-build.3  -> v1.1.1-build.3
2026-05-14T05:32:51.1792541Z  * [new tag]           v1.1.1-build.4  -> v1.1.1-build.4
2026-05-14T05:32:51.1793134Z  * [new tag]           v1.1.10         -> v1.1.10
2026-05-14T05:32:51.1793933Z  * [new tag]           v1.1.11         -> v1.1.11
2026-05-14T05:32:51.1794568Z  * [new tag]           v1.1.12         -> v1.1.12
2026-05-14T05:32:51.1795129Z  * [new tag]           v1.1.2          -> v1.1.2
2026-05-14T05:32:51.1795694Z  * [new tag]           v1.1.3          -> v1.1.3
2026-05-14T05:32:51.1796249Z  * [new tag]           v1.1.4          -> v1.1.4
2026-05-14T05:32:51.1796658Z  * [new tag]           v1.1.5          -> v1.1.5
2026-05-14T05:32:51.1797017Z  * [new tag]           v1.1.6          -> v1.1.6
2026-05-14T05:32:51.1797363Z  * [new tag]           v1.1.7          -> v1.1.7
2026-05-14T05:32:51.1797695Z  * [new tag]           v1.1.8          -> v1.1.8
2026-05-14T05:32:51.1798128Z  * [new tag]           v1.1.9          -> v1.1.9
2026-05-14T05:32:51.1798753Z  * [new tag]           v1.3.0          -> v1.3.0
2026-05-14T05:32:51.1799318Z  * [new tag]           v1.3.1          -> v1.3.1
2026-05-14T05:32:51.1799864Z  * [new tag]           v1.3.10         -> v1.3.10
2026-05-14T05:32:51.1800426Z  * [new tag]           v1.3.11         -> v1.3.11
2026-05-14T05:32:51.1801073Z  * [new tag]           v1.3.11-build.2 -> v1.3.11-build.2
2026-05-14T05:32:51.1801632Z  * [new tag]           v1.3.12         -> v1.3.12
2026-05-14T05:32:51.1802197Z  * [new tag]           v1.3.13         -> v1.3.13
2026-05-14T05:32:51.1802813Z  * [new tag]           v1.3.13-build.2 -> v1.3.13-build.2
2026-05-14T05:32:51.1803228Z  * [new tag]           v1.3.14         -> v1.3.14
2026-05-14T05:32:51.1804097Z  * [new tag]           v1.3.15         -> v1.3.15
2026-05-14T05:32:51.1804478Z  * [new tag]           v1.3.16         -> v1.3.16
2026-05-14T05:32:51.1804828Z  * [new tag]           v1.3.17         -> v1.3.17
2026-05-14T05:32:51.1805179Z  * [new tag]           v1.3.18         -> v1.3.18
2026-05-14T05:32:51.1805534Z  * [new tag]           v1.3.19         -> v1.3.19
2026-05-14T05:32:51.1805868Z  * [new tag]           v1.3.2          -> v1.3.2
2026-05-14T05:32:51.1806214Z  * [new tag]           v1.3.20         -> v1.3.20
2026-05-14T05:32:51.1806558Z  * [new tag]           v1.3.21         -> v1.3.21
2026-05-14T05:32:51.1806956Z  * [new tag]           v1.3.22         -> v1.3.22
2026-05-14T05:32:51.1807293Z  * [new tag]           v1.3.23         -> v1.3.23
2026-05-14T05:32:51.1807633Z  * [new tag]           v1.3.24         -> v1.3.24
2026-05-14T05:32:51.1807973Z  * [new tag]           v1.3.25         -> v1.3.25
2026-05-14T05:32:51.1808307Z  * [new tag]           v1.3.26         -> v1.3.26
2026-05-14T05:32:51.1808654Z  * [new tag]           v1.3.27         -> v1.3.27
2026-05-14T05:32:51.1809000Z  * [new tag]           v1.3.28         -> v1.3.28
2026-05-14T05:32:51.1809336Z  * [new tag]           v1.3.29         -> v1.3.29
2026-05-14T05:32:51.1809675Z  * [new tag]           v1.3.3          -> v1.3.3
2026-05-14T05:32:51.1810020Z  * [new tag]           v1.3.30         -> v1.3.30
2026-05-14T05:32:51.1810356Z  * [new tag]           v1.3.31         -> v1.3.31
2026-05-14T05:32:51.1810699Z  * [new tag]           v1.3.32         -> v1.3.32
2026-05-14T05:32:51.1811041Z  * [new tag]           v1.3.33         -> v1.3.33
2026-05-14T05:32:51.1811401Z  * [new tag]           v1.3.34         -> v1.3.34
2026-05-14T05:32:51.1811745Z  * [new tag]           v1.3.35         -> v1.3.35
2026-05-14T05:32:51.1883820Z  * [new tag]           v1.3.36         -> v1.3.36
2026-05-14T05:32:51.1884568Z  * [new tag]           v1.3.37         -> v1.3.37
2026-05-14T05:32:51.1885171Z  * [new tag]           v1.3.38         -> v1.3.38
2026-05-14T05:32:51.1885801Z  * [new tag]           v1.3.39         -> v1.3.39
2026-05-14T05:32:51.1886400Z  * [new tag]           v1.3.4          -> v1.3.4
2026-05-14T05:32:51.1886815Z  * [new tag]           v1.3.40         -> v1.3.40
2026-05-14T05:32:51.1887214Z  * [new tag]           v1.3.41         -> v1.3.41
2026-05-14T05:32:51.1887606Z  * [new tag]           v1.3.42         -> v1.3.42
2026-05-14T05:32:51.1887985Z  * [new tag]           v1.3.43         -> v1.3.43
2026-05-14T05:32:51.1888318Z  * [new tag]           v1.3.44         -> v1.3.44
2026-05-14T05:32:51.1888652Z  * [new tag]           v1.3.45         -> v1.3.45
2026-05-14T05:32:51.1889034Z  * [new tag]           v1.3.46         -> v1.3.46
2026-05-14T05:32:51.1889371Z  * [new tag]           v1.3.47         -> v1.3.47
2026-05-14T05:32:51.1889736Z  * [new tag]           v1.3.48         -> v1.3.48
2026-05-14T05:32:51.1890079Z  * [new tag]           v1.3.49         -> v1.3.49
2026-05-14T05:32:51.1890410Z  * [new tag]           v1.3.5          -> v1.3.5
2026-05-14T05:32:51.1890788Z  * [new tag]           v1.3.5-build.2  -> v1.3.5-build.2
2026-05-14T05:32:51.1891160Z  * [new tag]           v1.3.50         -> v1.3.50
2026-05-14T05:32:51.1891519Z  * [new tag]           v1.3.51         -> v1.3.51
2026-05-14T05:32:51.1891852Z  * [new tag]           v1.3.52         -> v1.3.52
2026-05-14T05:32:51.1892191Z  * [new tag]           v1.3.53         -> v1.3.53
2026-05-14T05:32:51.1892544Z  * [new tag]           v1.3.54         -> v1.3.54
2026-05-14T05:32:51.1892901Z  * [new tag]           v1.3.55         -> v1.3.55
2026-05-14T05:32:51.1893256Z  * [new tag]           v1.3.56         -> v1.3.56
2026-05-14T05:32:51.1893969Z  * [new tag]           v1.3.57         -> v1.3.57
2026-05-14T05:32:51.1894324Z  * [new tag]           v1.3.58         -> v1.3.58
2026-05-14T05:32:51.1894681Z  * [new tag]           v1.3.59         -> v1.3.59
2026-05-14T05:32:51.1895036Z  * [new tag]           v1.3.6          -> v1.3.6
2026-05-14T05:32:51.1895374Z  * [new tag]           v1.3.60         -> v1.3.60
2026-05-14T05:32:51.1895898Z  * [new tag]           v1.3.61         -> v1.3.61
2026-05-14T05:32:51.1896245Z  * [new tag]           v1.3.62         -> v1.3.62
2026-05-14T05:32:51.1896578Z  * [new tag]           v1.3.7          -> v1.3.7
2026-05-14T05:32:51.1896924Z  * [new tag]           v1.3.8          -> v1.3.8
2026-05-14T05:32:51.1897268Z  * [new tag]           v1.3.9          -> v1.3.9
2026-05-14T05:32:51.1897605Z  * [new tag]           v1.4.40         -> v1.4.40
2026-05-14T05:32:51.1897940Z  * [new tag]           v1.5.0          -> v1.5.0
2026-05-14T05:32:51.1898277Z  * [new tag]           v1.5.2          -> v1.5.2
2026-05-14T05:32:51.1898614Z  * [new tag]           v1.5.3          -> v1.5.3
2026-05-14T05:32:51.1898944Z  * [new tag]           v1.6.0          -> v1.6.0
2026-05-14T05:32:51.1899280Z  * [new tag]           v1.7.0          -> v1.7.0
2026-05-14T05:32:51.1899617Z  * [new tag]           v1.7.37         -> v1.7.37
2026-05-14T05:32:51.1899949Z  * [new tag]           v1.7.38         -> v1.7.38
2026-05-14T05:32:51.1900291Z  * [new tag]           v1.7.39         -> v1.7.39
2026-05-14T05:32:51.1900635Z  * [new tag]           v1.7.40         -> v1.7.40
2026-05-14T05:32:51.1900965Z  * [new tag]           v1.7.41         -> v1.7.41
2026-05-14T05:32:51.1901300Z  * [new tag]           v1.7.42         -> v1.7.42
2026-05-14T05:32:51.1901633Z  * [new tag]           v1.7.43         -> v1.7.43
2026-05-14T05:32:51.1901955Z  * [new tag]           v1.7.44         -> v1.7.44
2026-05-14T05:32:51.1902288Z  * [new tag]           v1.7.45         -> v1.7.45
2026-05-14T05:32:51.1902632Z  * [new tag]           v1.7.46         -> v1.7.46
2026-05-14T05:32:51.1902971Z  * [new tag]           v1.7.47         -> v1.7.47
2026-05-14T05:32:51.1903361Z  * [new tag]           v1.7.48         -> v1.7.48
2026-05-14T05:32:51.1904026Z  * [new tag]           v1.7.49         -> v1.7.49
2026-05-14T05:32:51.1904396Z  * [new tag]           v1.7.50         -> v1.7.50
2026-05-14T05:32:51.1904751Z  * [new tag]           v1.7.51         -> v1.7.51
2026-05-14T05:32:51.1905099Z  * [new tag]           v1.7.52         -> v1.7.52
2026-05-14T05:32:51.1905584Z  * [new tag]           v1.7.53         -> v1.7.53
2026-05-14T05:32:51.1905934Z  * [new tag]           v1.7.54         -> v1.7.54
2026-05-14T05:32:51.1906274Z  * [new tag]           v1.7.55         -> v1.7.55
2026-05-14T05:32:51.1906613Z  * [new tag]           v1.7.56         -> v1.7.56
2026-05-14T05:32:51.1906944Z  * [new tag]           v1.7.57         -> v1.7.57
2026-05-14T05:32:51.1907283Z  * [new tag]           v1.7.58         -> v1.7.58
2026-05-14T05:32:51.1907629Z  * [new tag]           v1.7.59         -> v1.7.59
2026-05-14T05:32:51.1907958Z  * [new tag]           v1.7.60         -> v1.7.60
2026-05-14T05:32:51.1908294Z  * [new tag]           v1.7.61         -> v1.7.61
2026-05-14T05:32:51.1908630Z  * [new tag]           v1.7.62         -> v1.7.62
2026-05-14T05:32:51.1908968Z  * [new tag]           v1.7.63         -> v1.7.63
2026-05-14T05:32:51.1909297Z  * [new tag]           v1.7.64         -> v1.7.64
2026-05-14T05:32:51.1909639Z  * [new tag]           v1.7.65         -> v1.7.65
2026-05-14T05:32:51.1909980Z  * [new tag]           v1.7.66         -> v1.7.66
2026-05-14T05:32:51.1910331Z  * [new tag]           v1.7.67         -> v1.7.67
2026-05-14T05:32:51.1910669Z  * [new tag]           v1.7.68         -> v1.7.68
2026-05-14T05:32:51.1911002Z  * [new tag]           v1.7.69         -> v1.7.69
2026-05-14T05:32:51.1911339Z  * [new tag]           v1.7.70         -> v1.7.70
2026-05-14T05:32:51.1911674Z  * [new tag]           v1.7.71         -> v1.7.71
2026-05-14T05:32:51.1912003Z  * [new tag]           v1.7.72         -> v1.7.72
2026-05-14T05:32:51.1912336Z  * [new tag]           v1.7.73         -> v1.7.73
2026-05-14T05:32:51.1912672Z  * [new tag]           v1.7.74         -> v1.7.74
2026-05-14T05:32:51.1913002Z  * [new tag]           v1.7.75         -> v1.7.75
2026-05-14T05:32:51.1913340Z  * [new tag]           v1.7.76         -> v1.7.76
2026-05-14T05:32:51.1913843Z  * [new tag]           v1.7.77         -> v1.7.77
2026-05-14T05:32:51.1914376Z  * [new tag]           v1.7.78         -> v1.7.78
2026-05-14T05:32:51.1914723Z  * [new tag]           v1.7.79         -> v1.7.79
2026-05-14T05:32:51.1915058Z  * [new tag]           v1.7.80         -> v1.7.80
2026-05-14T05:32:51.1915386Z  * [new tag]           v1.7.81         -> v1.7.81
2026-05-14T05:32:51.1915722Z  * [new tag]           v1.7.82         -> v1.7.82
2026-05-14T05:32:51.1916058Z  * [new tag]           v1.7.83         -> v1.7.83
2026-05-14T05:32:51.1916391Z  * [new tag]           v1.7.84         -> v1.7.84
2026-05-14T05:32:51.1916719Z  * [new tag]           v1.7.85         -> v1.7.85
2026-05-14T05:32:51.1917052Z  * [new tag]           v1.7.86         -> v1.7.86
2026-05-14T05:32:51.1917388Z  * [new tag]           v1.7.87         -> v1.7.87
2026-05-14T05:32:51.1917715Z  * [new tag]           v1.7.90         -> v1.7.90
2026-05-14T05:32:51.1918055Z  * [new tag]           v1.7.92         -> v1.7.92
2026-05-14T05:32:51.1918391Z  * [new tag]           v1.7.93         -> v1.7.93
2026-05-14T05:32:51.1918730Z  * [new tag]           v1.7.94         -> v1.7.94
2026-05-14T05:32:51.1919073Z  * [new tag]           v1.7.95         -> v1.7.95
2026-05-14T05:32:51.1919410Z  * [new tag]           v1.7.96         -> v1.7.96
2026-05-14T05:32:51.1919741Z  * [new tag]           v1.7.97         -> v1.7.97
2026-05-14T05:32:51.1920083Z  * [new tag]           v1.8.0          -> v1.8.0
2026-05-14T05:32:51.1920427Z  * [new tag]           v1.8.1          -> v1.8.1
2026-05-14T05:32:51.1920759Z  * [new tag]           v1.8.10         -> v1.8.10
2026-05-14T05:32:51.1921094Z  * [new tag]           v1.8.11         -> v1.8.11
2026-05-14T05:32:51.1921432Z  * [new tag]           v1.8.12         -> v1.8.12
2026-05-14T05:32:51.1921767Z  * [new tag]           v1.8.14         -> v1.8.14
2026-05-14T05:32:51.1922097Z  * [new tag]           v1.8.15         -> v1.8.15
2026-05-14T05:32:51.1922433Z  * [new tag]           v1.8.16         -> v1.8.16
2026-05-14T05:32:51.1922768Z  * [new tag]           v1.8.17         -> v1.8.17
2026-05-14T05:32:51.1923105Z  * [new tag]           v1.8.18         -> v1.8.18
2026-05-14T05:32:51.1923952Z  * [new tag]           v1.8.19         -> v1.8.19
2026-05-14T05:32:51.1924376Z  * [new tag]           v1.8.2          -> v1.8.2
2026-05-14T05:32:51.1924731Z  * [new tag]           v1.8.20         -> v1.8.20
2026-05-14T05:32:51.1925070Z  * [new tag]           v1.8.21         -> v1.8.21
2026-05-14T05:32:51.1925407Z  * [new tag]           v1.8.22         -> v1.8.22
2026-05-14T05:32:51.1925740Z  * [new tag]           v1.8.23         -> v1.8.23
2026-05-14T05:32:51.1926073Z  * [new tag]           v1.8.24         -> v1.8.24
2026-05-14T05:32:51.1926396Z  * [new tag]           v1.8.25         -> v1.8.25
2026-05-14T05:32:51.1926735Z  * [new tag]           v1.8.26         -> v1.8.26
2026-05-14T05:32:51.1927067Z  * [new tag]           v1.8.27         -> v1.8.27
2026-05-14T05:32:51.1927397Z  * [new tag]           v1.8.28         -> v1.8.28
2026-05-14T05:32:51.1927726Z  * [new tag]           v1.8.29         -> v1.8.29
2026-05-14T05:32:51.1928067Z  * [new tag]           v1.8.3          -> v1.8.3
2026-05-14T05:32:51.1928399Z  * [new tag]           v1.8.30         -> v1.8.30
2026-05-14T05:32:51.1928733Z  * [new tag]           v1.8.31         -> v1.8.31
2026-05-14T05:32:51.1929063Z  * [new tag]           v1.8.32         -> v1.8.32
2026-05-14T05:32:51.1929386Z  * [new tag]           v1.8.33         -> v1.8.33
2026-05-14T05:32:51.1929717Z  * [new tag]           v1.8.34         -> v1.8.34
2026-05-14T05:32:51.1930048Z  * [new tag]           v1.8.35         -> v1.8.35
2026-05-14T05:32:51.1930369Z  * [new tag]           v1.8.36         -> v1.8.36
2026-05-14T05:32:51.1930698Z  * [new tag]           v1.8.37         -> v1.8.37
2026-05-14T05:32:51.1931029Z  * [new tag]           v1.8.38         -> v1.8.38
2026-05-14T05:32:51.1931359Z  * [new tag]           v1.8.39         -> v1.8.39
2026-05-14T05:32:51.1931684Z  * [new tag]           v1.8.4          -> v1.8.4
2026-05-14T05:32:51.1932018Z  * [new tag]           v1.8.40         -> v1.8.40
2026-05-14T05:32:51.1932489Z  * [new tag]           v1.8.41         -> v1.8.41
2026-05-14T05:32:51.1932826Z  * [new tag]           v1.8.42         -> v1.8.42
2026-05-14T05:32:51.1933163Z  * [new tag]           v1.8.43         -> v1.8.43
2026-05-14T05:32:51.1933803Z  * [new tag]           v1.8.44         -> v1.8.44
2026-05-14T05:32:51.1934145Z  * [new tag]           v1.8.45         -> v1.8.45
2026-05-14T05:32:51.1934478Z  * [new tag]           v1.8.46         -> v1.8.46
2026-05-14T05:32:51.1934809Z  * [new tag]           v1.8.47         -> v1.8.47
2026-05-14T05:32:51.1935136Z  * [new tag]           v1.8.48         -> v1.8.48
2026-05-14T05:32:51.1935465Z  * [new tag]           v1.8.49         -> v1.8.49
2026-05-14T05:32:51.1935801Z  * [new tag]           v1.8.5          -> v1.8.5
2026-05-14T05:32:51.1936132Z  * [new tag]           v1.8.50         -> v1.8.50
2026-05-14T05:32:51.1936459Z  * [new tag]           v1.8.51         -> v1.8.51
2026-05-14T05:32:51.1936787Z  * [new tag]           v1.8.52         -> v1.8.52
2026-05-14T05:32:51.1937133Z  * [new tag]           v1.8.53         -> v1.8.53
2026-05-14T05:32:51.1937461Z  * [new tag]           v1.8.54         -> v1.8.54
2026-05-14T05:32:51.1937793Z  * [new tag]           v1.8.6          -> v1.8.6
2026-05-14T05:32:51.1938128Z  * [new tag]           v1.8.7          -> v1.8.7
2026-05-14T05:32:51.1938450Z  * [new tag]           v1.8.8          -> v1.8.8
2026-05-14T05:32:51.1938778Z  * [new tag]           v1.8.9          -> v1.8.9
2026-05-14T05:32:51.1939103Z  * [new tag]           v1.9.1          -> v1.9.1
2026-05-14T05:32:51.1939426Z  * [new tag]           v1.9.10         -> v1.9.10
2026-05-14T05:32:51.1939752Z  * [new tag]           v1.9.11         -> v1.9.11
2026-05-14T05:32:51.1940085Z  * [new tag]           v1.9.12         -> v1.9.12
2026-05-14T05:32:51.1940415Z  * [new tag]           v1.9.13         -> v1.9.13
2026-05-14T05:32:51.1940747Z  * [new tag]           v1.9.14         -> v1.9.14
2026-05-14T05:32:51.1941074Z  * [new tag]           v1.9.15         -> v1.9.15
2026-05-14T05:32:51.1941409Z  * [new tag]           v1.9.16         -> v1.9.16
2026-05-14T05:32:51.1941893Z  * [new tag]           v1.9.18         -> v1.9.18
2026-05-14T05:32:51.1942237Z  * [new tag]           v1.9.19         -> v1.9.19
2026-05-14T05:32:51.1942568Z  * [new tag]           v1.9.2          -> v1.9.2
2026-05-14T05:32:51.1942892Z  * [new tag]           v1.9.20         -> v1.9.20
2026-05-14T05:32:51.1943226Z  * [new tag]           v1.9.21         -> v1.9.21
2026-05-14T05:32:51.1943729Z  * [new tag]           v1.9.22         -> v1.9.22
2026-05-14T05:32:51.1944060Z  * [new tag]           v1.9.23         -> v1.9.23
2026-05-14T05:32:51.1944392Z  * [new tag]           v1.9.24         -> v1.9.24
2026-05-14T05:32:51.1944720Z  * [new tag]           v1.9.26         -> v1.9.26
2026-05-14T05:32:51.1945040Z  * [new tag]           v1.9.3          -> v1.9.3
2026-05-14T05:32:51.1945368Z  * [new tag]           v1.9.4          -> v1.9.4
2026-05-14T05:32:51.1945695Z  * [new tag]           v1.9.5          -> v1.9.5
2026-05-14T05:32:51.1946026Z  * [new tag]           v1.9.6          -> v1.9.6
2026-05-14T05:32:51.1946363Z  * [new tag]           v1.9.7          -> v1.9.7
2026-05-14T05:32:51.1946693Z  * [new tag]           v1.9.8          -> v1.9.8
2026-05-14T05:32:51.1947016Z  * [new tag]           v1.9.9          -> v1.9.9
2026-05-14T05:32:51.2084322Z ##[endgroup]
2026-05-14T05:32:51.2085157Z ##[group]Determining the checkout info
2026-05-14T05:32:51.2091321Z [command]/usr/bin/git branch --list --remote origin/worktree-audit-mental-health-first
2026-05-14T05:32:51.2149897Z [command]/usr/bin/git tag --list worktree-audit-mental-health-first
2026-05-14T05:32:51.2245841Z ##[error]A branch or tag with the name 'worktree-audit-mental-health-first' could not be found
2026-05-14T05:32:51.2554821Z Post job cleanup.
2026-05-14T05:32:51.3414510Z [command]/usr/bin/git version
2026-05-14T05:32:51.3451117Z git version 2.53.0
2026-05-14T05:32:51.3491772Z Temporarily overriding HOME='/home/runner/work/_temp/4044f982-2c55-49e6-ba25-7b9164db2eaf' before making global git config changes
2026-05-14T05:32:51.3493066Z Adding repository directory to the temporary git global config as a safe directory
2026-05-14T05:32:51.3497720Z [command]/usr/bin/git config --global --add safe.directory /home/runner/work/prismTask/prismTask
2026-05-14T05:32:51.3529402Z Removing SSH command configuration
2026-05-14T05:32:51.3536303Z [command]/usr/bin/git config --local --name-only --get-regexp core\.sshCommand
2026-05-14T05:32:51.3570778Z [command]/usr/bin/git submodule foreach --recursive sh -c "git config --local --name-only --get-regexp 'core\.sshCommand' && git config --local --unset-all 'core.sshCommand' || :"
2026-05-14T05:32:51.3797219Z Removing HTTP extra header
2026-05-14T05:32:51.3802967Z [command]/usr/bin/git config --local --name-only --get-regexp http\.https\:\/\/github\.com\/\.extraheader
2026-05-14T05:32:51.3840362Z [command]/usr/bin/git submodule foreach --recursive sh -c "git config --local --name-only --get-regexp 'http\.https\:\/\/github\.com\/\.extraheader' && git config --local --unset-all 'http.https://github.com/.extraheader' || :"
2026-05-14T05:32:51.4079372Z Removing includeIf entries pointing to credentials config files
2026-05-14T05:32:51.4086649Z [command]/usr/bin/git config --local --name-only --get-regexp ^includeIf\.gitdir:
2026-05-14T05:32:51.4112318Z includeif.gitdir:/home/runner/work/prismTask/prismTask/.git.path
2026-05-14T05:32:51.4113722Z includeif.gitdir:/home/runner/work/prismTask/prismTask/.git/worktrees/*.path
2026-05-14T05:32:51.4114731Z includeif.gitdir:/github/workspace/.git.path
2026-05-14T05:32:51.4115614Z includeif.gitdir:/github/workspace/.git/worktrees/*.path
2026-05-14T05:32:51.4122681Z [command]/usr/bin/git config --local --get-all includeif.gitdir:/home/runner/work/prismTask/prismTask/.git.path
2026-05-14T05:32:51.4146990Z /home/runner/work/_temp/git-credentials-3fdc8ba2-4221-4376-bd8a-7e40f90b726e.config
2026-05-14T05:32:51.4159549Z [command]/usr/bin/git config --local --unset includeif.gitdir:/home/runner/work/prismTask/prismTask/.git.path /home/runner/work/_temp/git-credentials-3fdc8ba2-4221-4376-bd8a-7e40f90b726e.config
2026-05-14T05:32:51.4194953Z [command]/usr/bin/git config --local --get-all includeif.gitdir:/home/runner/work/prismTask/prismTask/.git/worktrees/*.path
2026-05-14T05:32:51.4217919Z /home/runner/work/_temp/git-credentials-3fdc8ba2-4221-4376-bd8a-7e40f90b726e.config
2026-05-14T05:32:51.4227691Z [command]/usr/bin/git config --local --unset includeif.gitdir:/home/runner/work/prismTask/prismTask/.git/worktrees/*.path /home/runner/work/_temp/git-credentials-3fdc8ba2-4221-4376-bd8a-7e40f90b726e.config
2026-05-14T05:32:51.4260120Z [command]/usr/bin/git config --local --get-all includeif.gitdir:/github/workspace/.git.path
2026-05-14T05:32:51.4282329Z /github/runner_temp/git-credentials-3fdc8ba2-4221-4376-bd8a-7e40f90b726e.config
2026-05-14T05:32:51.4291453Z [command]/usr/bin/git config --local --unset includeif.gitdir:/github/workspace/.git.path /github/runner_temp/git-credentials-3fdc8ba2-4221-4376-bd8a-7e40f90b726e.config
2026-05-14T05:32:51.4325516Z [command]/usr/bin/git config --local --get-all includeif.gitdir:/github/workspace/.git/worktrees/*.path
2026-05-14T05:32:51.4347746Z /github/runner_temp/git-credentials-3fdc8ba2-4221-4376-bd8a-7e40f90b726e.config
2026-05-14T05:32:51.4364403Z [command]/usr/bin/git config --local --unset includeif.gitdir:/github/workspace/.git/worktrees/*.path /github/runner_temp/git-credentials-3fdc8ba2-4221-4376-bd8a-7e40f90b726e.config
2026-05-14T05:32:51.4391307Z [command]/usr/bin/git submodule foreach --recursive git config --local --show-origin --name-only --get-regexp remote.origin.url
2026-05-14T05:32:51.4640205Z Removing credentials config '/home/runner/work/_temp/git-credentials-3fdc8ba2-4221-4376-bd8a-7e40f90b726e.config'
2026-05-14T05:32:51.4788928Z Cleaning up orphan processes
