=== CI FAILURE ===
Workflow:      Android CI
Workflow file: averycorp/prismTask/.github/workflows/android-ci.yml@refs/pull/1521/merge
Job(s):        autofix
Run ID:        25945393564
Run attempt:   1
Run URL:       https://github.com/averycorp/prismTask/actions/runs/25945393564
Commit:        e33ab78bbf9441772e50f784c2a4b8c142ce3103
Branch:        1521/merge
Event:         pull_request
Actor:         akarlin3
Runner OS:     Linux
Timestamp:     2026-05-15T22:59:41.406Z

Failed steps:
  - autofix: #2 Run actions/checkout@v6

=== FAILED JOB LOG ===

--- Job: autofix (id 76272306796) ---
2026-05-15T22:59:12.8508371Z Current runner version: '2.334.0'
2026-05-15T22:59:12.8534584Z ##[group]Runner Image Provisioner
2026-05-15T22:59:12.8535412Z Hosted Compute Agent
2026-05-15T22:59:12.8536180Z Version: 20260213.493
2026-05-15T22:59:12.8536786Z Commit: 5c115507f6dd24b8de37d8bbe0bb4509d0cc0fa3
2026-05-15T22:59:12.8537790Z Build Date: 2026-02-13T00:28:41Z
2026-05-15T22:59:12.8538511Z Worker ID: {490b4b28-f552-4088-908d-12ccb5aebdce}
2026-05-15T22:59:12.8539238Z Azure Region: eastus2
2026-05-15T22:59:12.8539804Z ##[endgroup]
2026-05-15T22:59:12.8541222Z ##[group]Operating System
2026-05-15T22:59:12.8541825Z Ubuntu
2026-05-15T22:59:12.8542274Z 24.04.4
2026-05-15T22:59:12.8542852Z LTS
2026-05-15T22:59:12.8543350Z ##[endgroup]
2026-05-15T22:59:12.8543831Z ##[group]Runner Image
2026-05-15T22:59:12.8544472Z Image: ubuntu-24.04
2026-05-15T22:59:12.8545051Z Version: 20260513.135.3
2026-05-15T22:59:12.8546316Z Included Software: https://github.com/actions/runner-images/blob/ubuntu24/20260513.135/images/ubuntu/Ubuntu2404-Readme.md
2026-05-15T22:59:12.8548086Z Image Release: https://github.com/actions/runner-images/releases/tag/ubuntu24%2F20260513.135
2026-05-15T22:59:12.8549015Z ##[endgroup]
2026-05-15T22:59:12.8550416Z ##[group]GITHUB_TOKEN Permissions
2026-05-15T22:59:12.8552879Z Actions: read
2026-05-15T22:59:12.8553568Z Checks: read
2026-05-15T22:59:12.8554065Z Contents: write
2026-05-15T22:59:12.8554602Z Metadata: read
2026-05-15T22:59:12.8555167Z PullRequests: read
2026-05-15T22:59:12.8555736Z ##[endgroup]
2026-05-15T22:59:12.8558243Z Secret source: Actions
2026-05-15T22:59:12.8559234Z Prepare workflow directory
2026-05-15T22:59:12.8891890Z Prepare all required actions
2026-05-15T22:59:12.8928787Z Getting action download info
2026-05-15T22:59:13.2265486Z Download action repository 'actions/checkout@v6' (SHA:de0fac2e4500dabe0009e67214ff5f5447ce83dd)
2026-05-15T22:59:13.3874187Z Download action repository 'dorny/paths-filter@v4' (SHA:fbd0ab8f3e69293af611ebaee6363fc25e6d187d)
2026-05-15T22:59:13.5383151Z Download action repository 'actions/cache@v5' (SHA:27d5ce7f107fe9357f9df03efb73ab90386fccae)
2026-05-15T22:59:13.7436453Z Complete job name: autofix
2026-05-15T22:59:13.8187775Z ##[group]Run actions/checkout@v6
2026-05-15T22:59:13.8188665Z with:
2026-05-15T22:59:13.8189711Z   token: ***
2026-05-15T22:59:13.8190167Z   ref: fix/web-react-185-zustand-selectors
2026-05-15T22:59:13.8190730Z   fetch-depth: 0
2026-05-15T22:59:13.8191239Z   repository: averycorp/prismTask
2026-05-15T22:59:13.8191748Z   ssh-strict: true
2026-05-15T22:59:13.8192168Z   ssh-user: git
2026-05-15T22:59:13.8192596Z   persist-credentials: true
2026-05-15T22:59:13.8193070Z   clean: true
2026-05-15T22:59:13.8193503Z   sparse-checkout-cone-mode: true
2026-05-15T22:59:13.8194019Z   fetch-tags: false
2026-05-15T22:59:13.8194446Z   show-progress: true
2026-05-15T22:59:13.8194862Z   lfs: false
2026-05-15T22:59:13.8195266Z   submodules: false
2026-05-15T22:59:13.8195692Z   set-safe-directory: true
2026-05-15T22:59:13.8196344Z ##[endgroup]
2026-05-15T22:59:13.9378058Z Syncing repository: averycorp/prismTask
2026-05-15T22:59:13.9381378Z ##[group]Getting Git version info
2026-05-15T22:59:13.9382737Z Working directory is '/home/runner/work/prismTask/prismTask'
2026-05-15T22:59:13.9384974Z [command]/usr/bin/git version
2026-05-15T22:59:13.9403271Z git version 2.54.0
2026-05-15T22:59:13.9456742Z ##[endgroup]
2026-05-15T22:59:13.9471032Z Temporarily overriding HOME='/home/runner/work/_temp/b6817d28-e699-4ae0-bb37-d0ee19c439c9' before making global git config changes
2026-05-15T22:59:13.9472517Z Adding repository directory to the temporary git global config as a safe directory
2026-05-15T22:59:13.9476339Z [command]/usr/bin/git config --global --add safe.directory /home/runner/work/prismTask/prismTask
2026-05-15T22:59:13.9519349Z Deleting the contents of '/home/runner/work/prismTask/prismTask'
2026-05-15T22:59:13.9523446Z ##[group]Initializing the repository
2026-05-15T22:59:13.9528254Z [command]/usr/bin/git init /home/runner/work/prismTask/prismTask
2026-05-15T22:59:13.9599098Z hint: Using 'master' as the name for the initial branch. This default branch name
2026-05-15T22:59:13.9600555Z hint: will change to "main" in Git 3.0. To configure the initial branch name
2026-05-15T22:59:13.9601548Z hint: to use in all of your new repositories, which will suppress this warning,
2026-05-15T22:59:13.9602626Z hint: call:
2026-05-15T22:59:13.9603237Z hint:
2026-05-15T22:59:13.9603914Z hint: 	git config --global init.defaultBranch <name>
2026-05-15T22:59:13.9604845Z hint:
2026-05-15T22:59:13.9605432Z hint: Names commonly chosen instead of 'master' are 'main', 'trunk' and
2026-05-15T22:59:13.9606379Z hint: 'development'. The just-created branch can be renamed via this command:
2026-05-15T22:59:13.9607428Z hint:
2026-05-15T22:59:13.9608071Z hint: 	git branch -m <name>
2026-05-15T22:59:13.9608655Z hint:
2026-05-15T22:59:13.9609268Z hint: Disable this message with "git config set advice.defaultBranchName false"
2026-05-15T22:59:13.9610273Z Initialized empty Git repository in /home/runner/work/prismTask/prismTask/.git/
2026-05-15T22:59:13.9612983Z [command]/usr/bin/git remote add origin https://github.com/averycorp/prismTask
2026-05-15T22:59:13.9652222Z ##[endgroup]
2026-05-15T22:59:13.9652999Z ##[group]Disabling automatic garbage collection
2026-05-15T22:59:13.9655607Z [command]/usr/bin/git config --local gc.auto 0
2026-05-15T22:59:13.9685168Z ##[endgroup]
2026-05-15T22:59:13.9686260Z ##[group]Setting up auth
2026-05-15T22:59:13.9686937Z Removing SSH command configuration
2026-05-15T22:59:13.9691879Z [command]/usr/bin/git config --local --name-only --get-regexp core\.sshCommand
2026-05-15T22:59:13.9725113Z [command]/usr/bin/git submodule foreach --recursive sh -c "git config --local --name-only --get-regexp 'core\.sshCommand' && git config --local --unset-all 'core.sshCommand' || :"
2026-05-15T22:59:14.0029667Z Removing HTTP extra header
2026-05-15T22:59:14.0035923Z [command]/usr/bin/git config --local --name-only --get-regexp http\.https\:\/\/github\.com\/\.extraheader
2026-05-15T22:59:14.0068252Z [command]/usr/bin/git submodule foreach --recursive sh -c "git config --local --name-only --get-regexp 'http\.https\:\/\/github\.com\/\.extraheader' && git config --local --unset-all 'http.https://github.com/.extraheader' || :"
2026-05-15T22:59:14.0292725Z Removing includeIf entries pointing to credentials config files
2026-05-15T22:59:14.0298902Z [command]/usr/bin/git config --local --name-only --get-regexp ^includeIf\.gitdir:
2026-05-15T22:59:14.0332726Z [command]/usr/bin/git submodule foreach --recursive git config --local --show-origin --name-only --get-regexp remote.origin.url
2026-05-15T22:59:14.0569502Z [command]/usr/bin/git config --file /home/runner/work/_temp/git-credentials-792802c2-a6d1-409c-9a2c-b988e521d66d.config http.https://github.com/.extraheader AUTHORIZATION: basic ***
2026-05-15T22:59:14.0607984Z [command]/usr/bin/git config --local includeIf.gitdir:/home/runner/work/prismTask/prismTask/.git.path /home/runner/work/_temp/git-credentials-792802c2-a6d1-409c-9a2c-b988e521d66d.config
2026-05-15T22:59:14.0639042Z [command]/usr/bin/git config --local includeIf.gitdir:/home/runner/work/prismTask/prismTask/.git/worktrees/*.path /home/runner/work/_temp/git-credentials-792802c2-a6d1-409c-9a2c-b988e521d66d.config
2026-05-15T22:59:14.0673330Z [command]/usr/bin/git config --local includeIf.gitdir:/github/workspace/.git.path /github/runner_temp/git-credentials-792802c2-a6d1-409c-9a2c-b988e521d66d.config
2026-05-15T22:59:14.0706788Z [command]/usr/bin/git config --local includeIf.gitdir:/github/workspace/.git/worktrees/*.path /github/runner_temp/git-credentials-792802c2-a6d1-409c-9a2c-b988e521d66d.config
2026-05-15T22:59:14.0733568Z ##[endgroup]
2026-05-15T22:59:14.0734450Z ##[group]Fetching the repository
2026-05-15T22:59:14.0742044Z [command]/usr/bin/git -c protocol.version=2 fetch --no-tags --prune --no-recurse-submodules origin +refs/heads/*:refs/remotes/origin/* +refs/tags/*:refs/tags/*
2026-05-15T22:59:34.2238025Z From https://github.com/averycorp/prismTask
2026-05-15T22:59:34.2238881Z  * [new branch]        ci-logs           -> origin/ci-logs
2026-05-15T22:59:34.2240281Z  * [new branch]        feat/concept-repositioning-copy -> origin/feat/concept-repositioning-copy
2026-05-15T22:59:34.2241507Z  * [new branch]        feat/custom-brain-mode-dispatch-resolver -> origin/feat/custom-brain-mode-dispatch-resolver
2026-05-15T22:59:34.2242452Z  * [new branch]        feat/web-rest-day -> origin/feat/web-rest-day
2026-05-15T22:59:34.2243011Z  * [new branch]        main              -> origin/main
2026-05-15T22:59:34.2243549Z  * [new branch]        v0.1.0-legacy     -> origin/v0.1.0-legacy
2026-05-15T22:59:34.2244275Z  * [new branch]        v0.2.0-legacy     -> origin/v0.2.0-legacy
2026-05-15T22:59:34.2244973Z  * [new branch]        v0.3.0-legacy     -> origin/v0.3.0-legacy
2026-05-15T22:59:34.2245418Z  * [new branch]        v0.4.0-legacy     -> origin/v0.4.0-legacy
2026-05-15T22:59:34.2245964Z  * [new branch]        v0.5.0-legacy     -> origin/v0.5.0-legacy
2026-05-15T22:59:34.2246750Z  * [new branch]        v0.6.0-legacy     -> origin/v0.6.0-legacy
2026-05-15T22:59:34.2247534Z  * [new branch]        v0.7.0-legacy     -> origin/v0.7.0-legacy
2026-05-15T22:59:34.2248135Z  * [new branch]        worktree-f4-concept-philosophy-gap -> origin/worktree-f4-concept-philosophy-gap
2026-05-15T22:59:34.2248754Z  * [new tag]           v0.1.0            -> v0.1.0
2026-05-15T22:59:34.2249233Z  * [new tag]           v0.2.0            -> v0.2.0
2026-05-15T22:59:34.2249645Z  * [new tag]           v0.3.0            -> v0.3.0
2026-05-15T22:59:34.2250058Z  * [new tag]           v0.4.0            -> v0.4.0
2026-05-15T22:59:34.2250539Z  * [new tag]           v0.5.0            -> v0.5.0
2026-05-15T22:59:34.2251033Z  * [new tag]           v0.7.0            -> v0.7.0
2026-05-15T22:59:34.2251555Z  * [new tag]           v0.7.12           -> v0.7.12
2026-05-15T22:59:34.2252055Z  * [new tag]           v0.7.13           -> v0.7.13
2026-05-15T22:59:34.2252574Z  * [new tag]           v0.7.14           -> v0.7.14
2026-05-15T22:59:34.2253074Z  * [new tag]           v0.7.15           -> v0.7.15
2026-05-15T22:59:34.2253788Z  * [new tag]           v0.7.16           -> v0.7.16
2026-05-15T22:59:34.2254510Z  * [new tag]           v0.7.17           -> v0.7.17
2026-05-15T22:59:34.2255050Z  * [new tag]           v0.7.17-build.2   -> v0.7.17-build.2
2026-05-15T22:59:34.2255611Z  * [new tag]           v0.7.17-build.3   -> v0.7.17-build.3
2026-05-15T22:59:34.2256168Z  * [new tag]           v0.7.17-build.4   -> v0.7.17-build.4
2026-05-15T22:59:34.2256798Z  * [new tag]           v0.7.17-build.5   -> v0.7.17-build.5
2026-05-15T22:59:34.2257902Z  * [new tag]           v0.7.17-build.6   -> v0.7.17-build.6
2026-05-15T22:59:34.2258424Z  * [new tag]           v0.7.17-build.7   -> v0.7.17-build.7
2026-05-15T22:59:34.2258920Z  * [new tag]           v0.7.17-build.8   -> v0.7.17-build.8
2026-05-15T22:59:34.2259448Z  * [new tag]           v0.7.17-build.9   -> v0.7.17-build.9
2026-05-15T22:59:34.2259950Z  * [new tag]           v0.7.18           -> v0.7.18
2026-05-15T22:59:34.2260450Z  * [new tag]           v0.7.18-build.2   -> v0.7.18-build.2
2026-05-15T22:59:34.2261086Z  * [new tag]           v0.7.18-build.3   -> v0.7.18-build.3
2026-05-15T22:59:34.2261614Z  * [new tag]           v0.7.18-build.4   -> v0.7.18-build.4
2026-05-15T22:59:34.2262132Z  * [new tag]           v0.7.19           -> v0.7.19
2026-05-15T22:59:34.2262635Z  * [new tag]           v0.7.19-build.2   -> v0.7.19-build.2
2026-05-15T22:59:34.2263145Z  * [new tag]           v0.7.20           -> v0.7.20
2026-05-15T22:59:34.2263652Z  * [new tag]           v0.7.20-build.2   -> v0.7.20-build.2
2026-05-15T22:59:34.2264184Z  * [new tag]           v0.7.20-build.3   -> v0.7.20-build.3
2026-05-15T22:59:34.2264727Z  * [new tag]           v0.7.20-build.4   -> v0.7.20-build.4
2026-05-15T22:59:34.2265245Z  * [new tag]           v0.8.0            -> v0.8.0
2026-05-15T22:59:34.2265758Z  * [new tag]           v0.8.0-build.2    -> v0.8.0-build.2
2026-05-15T22:59:34.2266291Z  * [new tag]           v0.8.1            -> v0.8.1
2026-05-15T22:59:34.2266791Z  * [new tag]           v0.8.10           -> v0.8.10
2026-05-15T22:59:34.2267772Z  * [new tag]           v0.8.11           -> v0.8.11
2026-05-15T22:59:34.2268273Z  * [new tag]           v0.8.12           -> v0.8.12
2026-05-15T22:59:34.2268757Z  * [new tag]           v0.8.13           -> v0.8.13
2026-05-15T22:59:34.2269247Z  * [new tag]           v0.8.14           -> v0.8.14
2026-05-15T22:59:34.2269719Z  * [new tag]           v0.8.15           -> v0.8.15
2026-05-15T22:59:34.2270212Z  * [new tag]           v0.8.2            -> v0.8.2
2026-05-15T22:59:34.2270711Z  * [new tag]           v0.8.3            -> v0.8.3
2026-05-15T22:59:34.2271193Z  * [new tag]           v0.8.4            -> v0.8.4
2026-05-15T22:59:34.2271692Z  * [new tag]           v0.8.5            -> v0.8.5
2026-05-15T22:59:34.2272201Z  * [new tag]           v0.8.6            -> v0.8.6
2026-05-15T22:59:34.2272703Z  * [new tag]           v0.8.7            -> v0.8.7
2026-05-15T22:59:34.2273205Z  * [new tag]           v0.8.8            -> v0.8.8
2026-05-15T22:59:34.2273711Z  * [new tag]           v0.8.9            -> v0.8.9
2026-05-15T22:59:34.2274201Z  * [new tag]           v0.9.1            -> v0.9.1
2026-05-15T22:59:34.2274685Z  * [new tag]           v0.9.2            -> v0.9.2
2026-05-15T22:59:34.2275183Z  * [new tag]           v1.0.1            -> v1.0.1
2026-05-15T22:59:34.2275686Z  * [new tag]           v1.0.10           -> v1.0.10
2026-05-15T22:59:34.2276216Z  * [new tag]           v1.0.11           -> v1.0.11
2026-05-15T22:59:34.2276771Z  * [new tag]           v1.0.12           -> v1.0.12
2026-05-15T22:59:34.2277448Z  * [new tag]           v1.0.13           -> v1.0.13
2026-05-15T22:59:34.2277950Z  * [new tag]           v1.0.2            -> v1.0.2
2026-05-15T22:59:34.2278428Z  * [new tag]           v1.0.3            -> v1.0.3
2026-05-15T22:59:34.2278916Z  * [new tag]           v1.0.4            -> v1.0.4
2026-05-15T22:59:34.2279405Z  * [new tag]           v1.0.5            -> v1.0.5
2026-05-15T22:59:34.2279881Z  * [new tag]           v1.0.6            -> v1.0.6
2026-05-15T22:59:34.2280380Z  * [new tag]           v1.0.7            -> v1.0.7
2026-05-15T22:59:34.2281053Z  * [new tag]           v1.0.8            -> v1.0.8
2026-05-15T22:59:34.2281550Z  * [new tag]           v1.0.9            -> v1.0.9
2026-05-15T22:59:34.2282060Z  * [new tag]           v1.1.1            -> v1.1.1
2026-05-15T22:59:34.2282607Z  * [new tag]           v1.1.1-build.2    -> v1.1.1-build.2
2026-05-15T22:59:34.2283171Z  * [new tag]           v1.1.1-build.3    -> v1.1.1-build.3
2026-05-15T22:59:34.2283732Z  * [new tag]           v1.1.1-build.4    -> v1.1.1-build.4
2026-05-15T22:59:34.2284295Z  * [new tag]           v1.1.10           -> v1.1.10
2026-05-15T22:59:34.2284804Z  * [new tag]           v1.1.11           -> v1.1.11
2026-05-15T22:59:34.2285324Z  * [new tag]           v1.1.12           -> v1.1.12
2026-05-15T22:59:34.2285836Z  * [new tag]           v1.1.2            -> v1.1.2
2026-05-15T22:59:34.2286350Z  * [new tag]           v1.1.3            -> v1.1.3
2026-05-15T22:59:34.2286845Z  * [new tag]           v1.1.4            -> v1.1.4
2026-05-15T22:59:34.2287513Z  * [new tag]           v1.1.5            -> v1.1.5
2026-05-15T22:59:34.2288115Z  * [new tag]           v1.1.6            -> v1.1.6
2026-05-15T22:59:34.2288619Z  * [new tag]           v1.1.7            -> v1.1.7
2026-05-15T22:59:34.2289131Z  * [new tag]           v1.1.8            -> v1.1.8
2026-05-15T22:59:34.2289640Z  * [new tag]           v1.1.9            -> v1.1.9
2026-05-15T22:59:34.2290137Z  * [new tag]           v1.3.0            -> v1.3.0
2026-05-15T22:59:34.2290644Z  * [new tag]           v1.3.1            -> v1.3.1
2026-05-15T22:59:34.2291157Z  * [new tag]           v1.3.10           -> v1.3.10
2026-05-15T22:59:34.2291660Z  * [new tag]           v1.3.11           -> v1.3.11
2026-05-15T22:59:34.2292207Z  * [new tag]           v1.3.11-build.2   -> v1.3.11-build.2
2026-05-15T22:59:34.2292753Z  * [new tag]           v1.3.12           -> v1.3.12
2026-05-15T22:59:34.2293274Z  * [new tag]           v1.3.13           -> v1.3.13
2026-05-15T22:59:34.2293964Z  * [new tag]           v1.3.13-build.2   -> v1.3.13-build.2
2026-05-15T22:59:34.2294515Z  * [new tag]           v1.3.14           -> v1.3.14
2026-05-15T22:59:34.2295029Z  * [new tag]           v1.3.15           -> v1.3.15
2026-05-15T22:59:34.2295527Z  * [new tag]           v1.3.16           -> v1.3.16
2026-05-15T22:59:34.2296036Z  * [new tag]           v1.3.17           -> v1.3.17
2026-05-15T22:59:34.2296546Z  * [new tag]           v1.3.18           -> v1.3.18
2026-05-15T22:59:34.2297041Z  * [new tag]           v1.3.19           -> v1.3.19
2026-05-15T22:59:34.2297693Z  * [new tag]           v1.3.2            -> v1.3.2
2026-05-15T22:59:34.2298207Z  * [new tag]           v1.3.20           -> v1.3.20
2026-05-15T22:59:34.2298762Z  * [new tag]           v1.3.21           -> v1.3.21
2026-05-15T22:59:34.2299269Z  * [new tag]           v1.3.22           -> v1.3.22
2026-05-15T22:59:34.2299785Z  * [new tag]           v1.3.23           -> v1.3.23
2026-05-15T22:59:34.2300280Z  * [new tag]           v1.3.24           -> v1.3.24
2026-05-15T22:59:34.2300804Z  * [new tag]           v1.3.25           -> v1.3.25
2026-05-15T22:59:34.2301326Z  * [new tag]           v1.3.26           -> v1.3.26
2026-05-15T22:59:34.2301837Z  * [new tag]           v1.3.27           -> v1.3.27
2026-05-15T22:59:34.2302337Z  * [new tag]           v1.3.28           -> v1.3.28
2026-05-15T22:59:34.2302842Z  * [new tag]           v1.3.29           -> v1.3.29
2026-05-15T22:59:34.2303350Z  * [new tag]           v1.3.3            -> v1.3.3
2026-05-15T22:59:34.2303851Z  * [new tag]           v1.3.30           -> v1.3.30
2026-05-15T22:59:34.2304356Z  * [new tag]           v1.3.31           -> v1.3.31
2026-05-15T22:59:34.2304867Z  * [new tag]           v1.3.32           -> v1.3.32
2026-05-15T22:59:34.2305377Z  * [new tag]           v1.3.33           -> v1.3.33
2026-05-15T22:59:34.2305890Z  * [new tag]           v1.3.34           -> v1.3.34
2026-05-15T22:59:34.2306402Z  * [new tag]           v1.3.35           -> v1.3.35
2026-05-15T22:59:34.2306928Z  * [new tag]           v1.3.36           -> v1.3.36
2026-05-15T22:59:34.2307877Z  * [new tag]           v1.3.37           -> v1.3.37
2026-05-15T22:59:34.2379581Z  * [new tag]           v1.3.38           -> v1.3.38
2026-05-15T22:59:34.2380134Z  * [new tag]           v1.3.39           -> v1.3.39
2026-05-15T22:59:34.2380758Z  * [new tag]           v1.3.4            -> v1.3.4
2026-05-15T22:59:34.2381371Z  * [new tag]           v1.3.40           -> v1.3.40
2026-05-15T22:59:34.2381955Z  * [new tag]           v1.3.41           -> v1.3.41
2026-05-15T22:59:34.2382442Z  * [new tag]           v1.3.42           -> v1.3.42
2026-05-15T22:59:34.2382926Z  * [new tag]           v1.3.43           -> v1.3.43
2026-05-15T22:59:34.2383420Z  * [new tag]           v1.3.44           -> v1.3.44
2026-05-15T22:59:34.2383898Z  * [new tag]           v1.3.45           -> v1.3.45
2026-05-15T22:59:34.2384359Z  * [new tag]           v1.3.46           -> v1.3.46
2026-05-15T22:59:34.2384816Z  * [new tag]           v1.3.47           -> v1.3.47
2026-05-15T22:59:34.2385298Z  * [new tag]           v1.3.48           -> v1.3.48
2026-05-15T22:59:34.2385852Z  * [new tag]           v1.3.49           -> v1.3.49
2026-05-15T22:59:34.2386361Z  * [new tag]           v1.3.5            -> v1.3.5
2026-05-15T22:59:34.2386891Z  * [new tag]           v1.3.5-build.2    -> v1.3.5-build.2
2026-05-15T22:59:34.2387652Z  * [new tag]           v1.3.50           -> v1.3.50
2026-05-15T22:59:34.2388282Z  * [new tag]           v1.3.51           -> v1.3.51
2026-05-15T22:59:34.2388810Z  * [new tag]           v1.3.52           -> v1.3.52
2026-05-15T22:59:34.2389322Z  * [new tag]           v1.3.53           -> v1.3.53
2026-05-15T22:59:34.2389846Z  * [new tag]           v1.3.54           -> v1.3.54
2026-05-15T22:59:34.2390395Z  * [new tag]           v1.3.55           -> v1.3.55
2026-05-15T22:59:34.2390919Z  * [new tag]           v1.3.56           -> v1.3.56
2026-05-15T22:59:34.2391446Z  * [new tag]           v1.3.57           -> v1.3.57
2026-05-15T22:59:34.2391985Z  * [new tag]           v1.3.58           -> v1.3.58
2026-05-15T22:59:34.2392783Z  * [new tag]           v1.3.59           -> v1.3.59
2026-05-15T22:59:34.2393347Z  * [new tag]           v1.3.6            -> v1.3.6
2026-05-15T22:59:34.2393878Z  * [new tag]           v1.3.60           -> v1.3.60
2026-05-15T22:59:34.2394402Z  * [new tag]           v1.3.61           -> v1.3.61
2026-05-15T22:59:34.2394938Z  * [new tag]           v1.3.62           -> v1.3.62
2026-05-15T22:59:34.2395455Z  * [new tag]           v1.3.7            -> v1.3.7
2026-05-15T22:59:34.2395997Z  * [new tag]           v1.3.8            -> v1.3.8
2026-05-15T22:59:34.2396514Z  * [new tag]           v1.3.9            -> v1.3.9
2026-05-15T22:59:34.2397075Z  * [new tag]           v1.4.40           -> v1.4.40
2026-05-15T22:59:34.2397791Z  * [new tag]           v1.5.0            -> v1.5.0
2026-05-15T22:59:34.2398304Z  * [new tag]           v1.5.2            -> v1.5.2
2026-05-15T22:59:34.2398830Z  * [new tag]           v1.5.3            -> v1.5.3
2026-05-15T22:59:34.2399349Z  * [new tag]           v1.6.0            -> v1.6.0
2026-05-15T22:59:34.2399680Z  * [new tag]           v1.7.0            -> v1.7.0
2026-05-15T22:59:34.2400015Z  * [new tag]           v1.7.37           -> v1.7.37
2026-05-15T22:59:34.2400369Z  * [new tag]           v1.7.38           -> v1.7.38
2026-05-15T22:59:34.2400690Z  * [new tag]           v1.7.39           -> v1.7.39
2026-05-15T22:59:34.2401014Z  * [new tag]           v1.7.40           -> v1.7.40
2026-05-15T22:59:34.2401343Z  * [new tag]           v1.7.41           -> v1.7.41
2026-05-15T22:59:34.2401660Z  * [new tag]           v1.7.42           -> v1.7.42
2026-05-15T22:59:34.2401983Z  * [new tag]           v1.7.43           -> v1.7.43
2026-05-15T22:59:34.2402306Z  * [new tag]           v1.7.44           -> v1.7.44
2026-05-15T22:59:34.2402627Z  * [new tag]           v1.7.45           -> v1.7.45
2026-05-15T22:59:34.2402938Z  * [new tag]           v1.7.46           -> v1.7.46
2026-05-15T22:59:34.2403257Z  * [new tag]           v1.7.47           -> v1.7.47
2026-05-15T22:59:34.2403601Z  * [new tag]           v1.7.48           -> v1.7.48
2026-05-15T22:59:34.2404118Z  * [new tag]           v1.7.49           -> v1.7.49
2026-05-15T22:59:34.2404449Z  * [new tag]           v1.7.50           -> v1.7.50
2026-05-15T22:59:34.2404801Z  * [new tag]           v1.7.51           -> v1.7.51
2026-05-15T22:59:34.2405148Z  * [new tag]           v1.7.52           -> v1.7.52
2026-05-15T22:59:34.2405476Z  * [new tag]           v1.7.53           -> v1.7.53
2026-05-15T22:59:34.2405799Z  * [new tag]           v1.7.54           -> v1.7.54
2026-05-15T22:59:34.2406115Z  * [new tag]           v1.7.55           -> v1.7.55
2026-05-15T22:59:34.2406439Z  * [new tag]           v1.7.56           -> v1.7.56
2026-05-15T22:59:34.2406768Z  * [new tag]           v1.7.57           -> v1.7.57
2026-05-15T22:59:34.2407082Z  * [new tag]           v1.7.58           -> v1.7.58
2026-05-15T22:59:34.2407646Z  * [new tag]           v1.7.59           -> v1.7.59
2026-05-15T22:59:34.2407972Z  * [new tag]           v1.7.60           -> v1.7.60
2026-05-15T22:59:34.2408313Z  * [new tag]           v1.7.61           -> v1.7.61
2026-05-15T22:59:34.2408630Z  * [new tag]           v1.7.62           -> v1.7.62
2026-05-15T22:59:34.2408952Z  * [new tag]           v1.7.63           -> v1.7.63
2026-05-15T22:59:34.2409277Z  * [new tag]           v1.7.64           -> v1.7.64
2026-05-15T22:59:34.2409592Z  * [new tag]           v1.7.65           -> v1.7.65
2026-05-15T22:59:34.2409914Z  * [new tag]           v1.7.66           -> v1.7.66
2026-05-15T22:59:34.2410256Z  * [new tag]           v1.7.67           -> v1.7.67
2026-05-15T22:59:34.2410582Z  * [new tag]           v1.7.68           -> v1.7.68
2026-05-15T22:59:34.2410905Z  * [new tag]           v1.7.69           -> v1.7.69
2026-05-15T22:59:34.2411228Z  * [new tag]           v1.7.70           -> v1.7.70
2026-05-15T22:59:34.2411550Z  * [new tag]           v1.7.71           -> v1.7.71
2026-05-15T22:59:34.2411877Z  * [new tag]           v1.7.72           -> v1.7.72
2026-05-15T22:59:34.2412381Z  * [new tag]           v1.7.73           -> v1.7.73
2026-05-15T22:59:34.2412719Z  * [new tag]           v1.7.74           -> v1.7.74
2026-05-15T22:59:34.2413043Z  * [new tag]           v1.7.75           -> v1.7.75
2026-05-15T22:59:34.2413359Z  * [new tag]           v1.7.76           -> v1.7.76
2026-05-15T22:59:34.2413686Z  * [new tag]           v1.7.77           -> v1.7.77
2026-05-15T22:59:34.2414010Z  * [new tag]           v1.7.78           -> v1.7.78
2026-05-15T22:59:34.2414322Z  * [new tag]           v1.7.79           -> v1.7.79
2026-05-15T22:59:34.2414647Z  * [new tag]           v1.7.80           -> v1.7.80
2026-05-15T22:59:34.2414973Z  * [new tag]           v1.7.81           -> v1.7.81
2026-05-15T22:59:34.2415301Z  * [new tag]           v1.7.82           -> v1.7.82
2026-05-15T22:59:34.2415620Z  * [new tag]           v1.7.83           -> v1.7.83
2026-05-15T22:59:34.2415944Z  * [new tag]           v1.7.84           -> v1.7.84
2026-05-15T22:59:34.2416264Z  * [new tag]           v1.7.85           -> v1.7.85
2026-05-15T22:59:34.2416582Z  * [new tag]           v1.7.86           -> v1.7.86
2026-05-15T22:59:34.2416912Z  * [new tag]           v1.7.87           -> v1.7.87
2026-05-15T22:59:34.2417233Z  * [new tag]           v1.7.90           -> v1.7.90
2026-05-15T22:59:34.2417770Z  * [new tag]           v1.7.92           -> v1.7.92
2026-05-15T22:59:34.2418098Z  * [new tag]           v1.7.93           -> v1.7.93
2026-05-15T22:59:34.2418419Z  * [new tag]           v1.7.94           -> v1.7.94
2026-05-15T22:59:34.2418737Z  * [new tag]           v1.7.95           -> v1.7.95
2026-05-15T22:59:34.2419061Z  * [new tag]           v1.7.96           -> v1.7.96
2026-05-15T22:59:34.2419378Z  * [new tag]           v1.7.97           -> v1.7.97
2026-05-15T22:59:34.2419704Z  * [new tag]           v1.8.0            -> v1.8.0
2026-05-15T22:59:34.2420032Z  * [new tag]           v1.8.1            -> v1.8.1
2026-05-15T22:59:34.2420356Z  * [new tag]           v1.8.10           -> v1.8.10
2026-05-15T22:59:34.2420682Z  * [new tag]           v1.8.11           -> v1.8.11
2026-05-15T22:59:34.2421160Z  * [new tag]           v1.8.12           -> v1.8.12
2026-05-15T22:59:34.2421488Z  * [new tag]           v1.8.14           -> v1.8.14
2026-05-15T22:59:34.2421814Z  * [new tag]           v1.8.15           -> v1.8.15
2026-05-15T22:59:34.2422126Z  * [new tag]           v1.8.16           -> v1.8.16
2026-05-15T22:59:34.2422442Z  * [new tag]           v1.8.17           -> v1.8.17
2026-05-15T22:59:34.2422764Z  * [new tag]           v1.8.18           -> v1.8.18
2026-05-15T22:59:34.2423078Z  * [new tag]           v1.8.19           -> v1.8.19
2026-05-15T22:59:34.2423403Z  * [new tag]           v1.8.2            -> v1.8.2
2026-05-15T22:59:34.2423727Z  * [new tag]           v1.8.20           -> v1.8.20
2026-05-15T22:59:34.2424043Z  * [new tag]           v1.8.21           -> v1.8.21
2026-05-15T22:59:34.2424366Z  * [new tag]           v1.8.22           -> v1.8.22
2026-05-15T22:59:34.2424686Z  * [new tag]           v1.8.23           -> v1.8.23
2026-05-15T22:59:34.2425009Z  * [new tag]           v1.8.24           -> v1.8.24
2026-05-15T22:59:34.2425330Z  * [new tag]           v1.8.25           -> v1.8.25
2026-05-15T22:59:34.2425646Z  * [new tag]           v1.8.26           -> v1.8.26
2026-05-15T22:59:34.2425974Z  * [new tag]           v1.8.27           -> v1.8.27
2026-05-15T22:59:34.2426282Z  * [new tag]           v1.8.28           -> v1.8.28
2026-05-15T22:59:34.2426601Z  * [new tag]           v1.8.29           -> v1.8.29
2026-05-15T22:59:34.2426924Z  * [new tag]           v1.8.3            -> v1.8.3
2026-05-15T22:59:34.2427248Z  * [new tag]           v1.8.30           -> v1.8.30
2026-05-15T22:59:34.2427937Z  * [new tag]           v1.8.31           -> v1.8.31
2026-05-15T22:59:34.2428278Z  * [new tag]           v1.8.32           -> v1.8.32
2026-05-15T22:59:34.2428610Z  * [new tag]           v1.8.33           -> v1.8.33
2026-05-15T22:59:34.2428931Z  * [new tag]           v1.8.34           -> v1.8.34
2026-05-15T22:59:34.2429258Z  * [new tag]           v1.8.35           -> v1.8.35
2026-05-15T22:59:34.2429739Z  * [new tag]           v1.8.36           -> v1.8.36
2026-05-15T22:59:34.2430062Z  * [new tag]           v1.8.37           -> v1.8.37
2026-05-15T22:59:34.2430382Z  * [new tag]           v1.8.38           -> v1.8.38
2026-05-15T22:59:34.2430722Z  * [new tag]           v1.8.39           -> v1.8.39
2026-05-15T22:59:34.2431045Z  * [new tag]           v1.8.4            -> v1.8.4
2026-05-15T22:59:34.2431383Z  * [new tag]           v1.8.40           -> v1.8.40
2026-05-15T22:59:34.2431706Z  * [new tag]           v1.8.41           -> v1.8.41
2026-05-15T22:59:34.2432027Z  * [new tag]           v1.8.42           -> v1.8.42
2026-05-15T22:59:34.2432357Z  * [new tag]           v1.8.43           -> v1.8.43
2026-05-15T22:59:34.2432685Z  * [new tag]           v1.8.44           -> v1.8.44
2026-05-15T22:59:34.2433004Z  * [new tag]           v1.8.45           -> v1.8.45
2026-05-15T22:59:34.2433332Z  * [new tag]           v1.8.46           -> v1.8.46
2026-05-15T22:59:34.2433666Z  * [new tag]           v1.8.47           -> v1.8.47
2026-05-15T22:59:34.2434004Z  * [new tag]           v1.8.48           -> v1.8.48
2026-05-15T22:59:34.2434322Z  * [new tag]           v1.8.49           -> v1.8.49
2026-05-15T22:59:34.2434642Z  * [new tag]           v1.8.5            -> v1.8.5
2026-05-15T22:59:34.2434970Z  * [new tag]           v1.8.50           -> v1.8.50
2026-05-15T22:59:34.2435277Z  * [new tag]           v1.8.51           -> v1.8.51
2026-05-15T22:59:34.2435595Z  * [new tag]           v1.8.52           -> v1.8.52
2026-05-15T22:59:34.2435920Z  * [new tag]           v1.8.53           -> v1.8.53
2026-05-15T22:59:34.2436248Z  * [new tag]           v1.8.54           -> v1.8.54
2026-05-15T22:59:34.2436587Z  * [new tag]           v1.8.6            -> v1.8.6
2026-05-15T22:59:34.2436922Z  * [new tag]           v1.8.7            -> v1.8.7
2026-05-15T22:59:34.2437245Z  * [new tag]           v1.8.8            -> v1.8.8
2026-05-15T22:59:34.2437849Z  * [new tag]           v1.8.9            -> v1.8.9
2026-05-15T22:59:34.2438185Z  * [new tag]           v1.9.1            -> v1.9.1
2026-05-15T22:59:34.2438649Z  * [new tag]           v1.9.10           -> v1.9.10
2026-05-15T22:59:34.2438998Z  * [new tag]           v1.9.11           -> v1.9.11
2026-05-15T22:59:34.2439341Z  * [new tag]           v1.9.12           -> v1.9.12
2026-05-15T22:59:34.2439667Z  * [new tag]           v1.9.13           -> v1.9.13
2026-05-15T22:59:34.2439988Z  * [new tag]           v1.9.14           -> v1.9.14
2026-05-15T22:59:34.2440317Z  * [new tag]           v1.9.15           -> v1.9.15
2026-05-15T22:59:34.2440638Z  * [new tag]           v1.9.16           -> v1.9.16
2026-05-15T22:59:34.2440954Z  * [new tag]           v1.9.18           -> v1.9.18
2026-05-15T22:59:34.2441267Z  * [new tag]           v1.9.19           -> v1.9.19
2026-05-15T22:59:34.2441595Z  * [new tag]           v1.9.2            -> v1.9.2
2026-05-15T22:59:34.2441912Z  * [new tag]           v1.9.20           -> v1.9.20
2026-05-15T22:59:34.2442238Z  * [new tag]           v1.9.21           -> v1.9.21
2026-05-15T22:59:34.2442570Z  * [new tag]           v1.9.22           -> v1.9.22
2026-05-15T22:59:34.2442892Z  * [new tag]           v1.9.23           -> v1.9.23
2026-05-15T22:59:34.2443218Z  * [new tag]           v1.9.24           -> v1.9.24
2026-05-15T22:59:34.2443539Z  * [new tag]           v1.9.26           -> v1.9.26
2026-05-15T22:59:34.2443851Z  * [new tag]           v1.9.27           -> v1.9.27
2026-05-15T22:59:34.2444172Z  * [new tag]           v1.9.28           -> v1.9.28
2026-05-15T22:59:34.2444508Z  * [new tag]           v1.9.29           -> v1.9.29
2026-05-15T22:59:34.2444837Z  * [new tag]           v1.9.3            -> v1.9.3
2026-05-15T22:59:34.2445167Z  * [new tag]           v1.9.30           -> v1.9.30
2026-05-15T22:59:34.2445499Z  * [new tag]           v1.9.31           -> v1.9.31
2026-05-15T22:59:34.2445821Z  * [new tag]           v1.9.32           -> v1.9.32
2026-05-15T22:59:34.2446144Z  * [new tag]           v1.9.33           -> v1.9.33
2026-05-15T22:59:34.2446464Z  * [new tag]           v1.9.34           -> v1.9.34
2026-05-15T22:59:34.2446921Z  * [new tag]           v1.9.35           -> v1.9.35
2026-05-15T22:59:34.2447246Z  * [new tag]           v1.9.4            -> v1.9.4
2026-05-15T22:59:34.2447803Z  * [new tag]           v1.9.5            -> v1.9.5
2026-05-15T22:59:34.2448138Z  * [new tag]           v1.9.6            -> v1.9.6
2026-05-15T22:59:34.2448461Z  * [new tag]           v1.9.7            -> v1.9.7
2026-05-15T22:59:34.2448787Z  * [new tag]           v1.9.8            -> v1.9.8
2026-05-15T22:59:34.2449117Z  * [new tag]           v1.9.9            -> v1.9.9
2026-05-15T22:59:34.2621236Z ##[endgroup]
2026-05-15T22:59:34.2621967Z ##[group]Determining the checkout info
2026-05-15T22:59:34.2629678Z [command]/usr/bin/git branch --list --remote origin/fix/web-react-185-zustand-selectors
2026-05-15T22:59:34.2667748Z [command]/usr/bin/git tag --list fix/web-react-185-zustand-selectors
2026-05-15T22:59:34.2743133Z ##[error]A branch or tag with the name 'fix/web-react-185-zustand-selectors' could not be found
2026-05-15T22:59:34.3111525Z Post job cleanup.
2026-05-15T22:59:34.3967755Z [command]/usr/bin/git version
2026-05-15T22:59:34.4006995Z git version 2.54.0
2026-05-15T22:59:34.4046504Z Temporarily overriding HOME='/home/runner/work/_temp/eb8bab43-e658-4137-906d-e449b4fa0461' before making global git config changes
2026-05-15T22:59:34.4048085Z Adding repository directory to the temporary git global config as a safe directory
2026-05-15T22:59:34.4052767Z [command]/usr/bin/git config --global --add safe.directory /home/runner/work/prismTask/prismTask
2026-05-15T22:59:34.4083940Z Removing SSH command configuration
2026-05-15T22:59:34.4090545Z [command]/usr/bin/git config --local --name-only --get-regexp core\.sshCommand
2026-05-15T22:59:34.4129872Z [command]/usr/bin/git submodule foreach --recursive sh -c "git config --local --name-only --get-regexp 'core\.sshCommand' && git config --local --unset-all 'core.sshCommand' || :"
2026-05-15T22:59:34.4410603Z Removing HTTP extra header
2026-05-15T22:59:34.4416250Z [command]/usr/bin/git config --local --name-only --get-regexp http\.https\:\/\/github\.com\/\.extraheader
2026-05-15T22:59:34.4455680Z [command]/usr/bin/git submodule foreach --recursive sh -c "git config --local --name-only --get-regexp 'http\.https\:\/\/github\.com\/\.extraheader' && git config --local --unset-all 'http.https://github.com/.extraheader' || :"
2026-05-15T22:59:34.4700024Z Removing includeIf entries pointing to credentials config files
2026-05-15T22:59:34.4706419Z [command]/usr/bin/git config --local --name-only --get-regexp ^includeIf\.gitdir:
2026-05-15T22:59:34.4733558Z includeif.gitdir:/home/runner/work/prismTask/prismTask/.git.path
2026-05-15T22:59:34.4734246Z includeif.gitdir:/home/runner/work/prismTask/prismTask/.git/worktrees/*.path
2026-05-15T22:59:34.4734759Z includeif.gitdir:/github/workspace/.git.path
2026-05-15T22:59:34.4735197Z includeif.gitdir:/github/workspace/.git/worktrees/*.path
2026-05-15T22:59:34.4742748Z [command]/usr/bin/git config --local --get-all includeif.gitdir:/home/runner/work/prismTask/prismTask/.git.path
2026-05-15T22:59:34.4765522Z /home/runner/work/_temp/git-credentials-792802c2-a6d1-409c-9a2c-b988e521d66d.config
2026-05-15T22:59:34.4777015Z [command]/usr/bin/git config --local --unset includeif.gitdir:/home/runner/work/prismTask/prismTask/.git.path /home/runner/work/_temp/git-credentials-792802c2-a6d1-409c-9a2c-b988e521d66d.config
2026-05-15T22:59:34.4812786Z [command]/usr/bin/git config --local --get-all includeif.gitdir:/home/runner/work/prismTask/prismTask/.git/worktrees/*.path
2026-05-15T22:59:34.4835267Z /home/runner/work/_temp/git-credentials-792802c2-a6d1-409c-9a2c-b988e521d66d.config
2026-05-15T22:59:34.4846686Z [command]/usr/bin/git config --local --unset includeif.gitdir:/home/runner/work/prismTask/prismTask/.git/worktrees/*.path /home/runner/work/_temp/git-credentials-792802c2-a6d1-409c-9a2c-b988e521d66d.config
2026-05-15T22:59:34.4880793Z [command]/usr/bin/git config --local --get-all includeif.gitdir:/github/workspace/.git.path
2026-05-15T22:59:34.4903486Z /github/runner_temp/git-credentials-792802c2-a6d1-409c-9a2c-b988e521d66d.config
2026-05-15T22:59:34.4912643Z [command]/usr/bin/git config --local --unset includeif.gitdir:/github/workspace/.git.path /github/runner_temp/git-credentials-792802c2-a6d1-409c-9a2c-b988e521d66d.config
2026-05-15T22:59:34.4947827Z [command]/usr/bin/git config --local --get-all includeif.gitdir:/github/workspace/.git/worktrees/*.path
2026-05-15T22:59:34.4970626Z /github/runner_temp/git-credentials-792802c2-a6d1-409c-9a2c-b988e521d66d.config
2026-05-15T22:59:34.4980170Z [command]/usr/bin/git config --local --unset includeif.gitdir:/github/workspace/.git/worktrees/*.path /github/runner_temp/git-credentials-792802c2-a6d1-409c-9a2c-b988e521d66d.config
2026-05-15T22:59:34.5016861Z [command]/usr/bin/git submodule foreach --recursive git config --local --show-origin --name-only --get-regexp remote.origin.url
2026-05-15T22:59:34.5251511Z Removing credentials config '/home/runner/work/_temp/git-credentials-792802c2-a6d1-409c-9a2c-b988e521d66d.config'
2026-05-15T22:59:34.5418833Z Cleaning up orphan processes
