=== CI FAILURE ===
Workflow:      Android CI
Workflow file: averycorp/prismTask/.github/workflows/android-ci.yml@refs/pull/1547/merge
Job(s):        autofix
Run ID:        25953224595
Run attempt:   1
Run URL:       https://github.com/averycorp/prismTask/actions/runs/25953224595
Commit:        c66e84f81b074054bede70c9e2dc015e5c743e17
Branch:        1547/merge
Event:         pull_request
Actor:         akarlin3
Runner OS:     Linux
Timestamp:     2026-05-16T04:54:21.602Z

Failed steps:
  - autofix: #2 Run actions/checkout@v6

=== FAILED JOB LOG ===

--- Job: autofix (id 76294868501) ---
2026-05-16T04:53:51.2726138Z Current runner version: '2.334.0'
2026-05-16T04:53:51.2750373Z ##[group]Runner Image Provisioner
2026-05-16T04:53:51.2751304Z Hosted Compute Agent
2026-05-16T04:53:51.2751853Z Version: 20260213.493
2026-05-16T04:53:51.2752459Z Commit: 5c115507f6dd24b8de37d8bbe0bb4509d0cc0fa3
2026-05-16T04:53:51.2753253Z Build Date: 2026-02-13T00:28:41Z
2026-05-16T04:53:51.2753891Z Worker ID: {43700985-19d8-4265-83fe-babcaf10241d}
2026-05-16T04:53:51.2754624Z Azure Region: northcentralus
2026-05-16T04:53:51.2755293Z ##[endgroup]
2026-05-16T04:53:51.2756723Z ##[group]Operating System
2026-05-16T04:53:51.2757314Z Ubuntu
2026-05-16T04:53:51.2758268Z 24.04.4
2026-05-16T04:53:51.2758851Z LTS
2026-05-16T04:53:51.2759286Z ##[endgroup]
2026-05-16T04:53:51.2759925Z ##[group]Runner Image
2026-05-16T04:53:51.2760510Z Image: ubuntu-24.04
2026-05-16T04:53:51.2761001Z Version: 20260513.135.3
2026-05-16T04:53:51.2762306Z Included Software: https://github.com/actions/runner-images/blob/ubuntu24/20260513.135/images/ubuntu/Ubuntu2404-Readme.md
2026-05-16T04:53:51.2763836Z Image Release: https://github.com/actions/runner-images/releases/tag/ubuntu24%2F20260513.135
2026-05-16T04:53:51.2764857Z ##[endgroup]
2026-05-16T04:53:51.2766125Z ##[group]GITHUB_TOKEN Permissions
2026-05-16T04:53:51.2768470Z Actions: read
2026-05-16T04:53:51.2769035Z Checks: read
2026-05-16T04:53:51.2769542Z Contents: write
2026-05-16T04:53:51.2770168Z Metadata: read
2026-05-16T04:53:51.2770661Z PullRequests: read
2026-05-16T04:53:51.2771188Z ##[endgroup]
2026-05-16T04:53:51.2773252Z Secret source: Actions
2026-05-16T04:53:51.2774028Z Prepare workflow directory
2026-05-16T04:53:51.3114224Z Prepare all required actions
2026-05-16T04:53:51.3152736Z Getting action download info
2026-05-16T04:53:51.6747633Z Download action repository 'actions/checkout@v6' (SHA:de0fac2e4500dabe0009e67214ff5f5447ce83dd)
2026-05-16T04:53:51.7918514Z Download action repository 'dorny/paths-filter@v4' (SHA:fbd0ab8f3e69293af611ebaee6363fc25e6d187d)
2026-05-16T04:53:52.0647217Z Download action repository 'actions/cache@v5' (SHA:27d5ce7f107fe9357f9df03efb73ab90386fccae)
2026-05-16T04:53:52.2753626Z Complete job name: autofix
2026-05-16T04:53:52.3546106Z ##[group]Run actions/checkout@v6
2026-05-16T04:53:52.3547460Z with:
2026-05-16T04:53:52.3549432Z   token: ***
2026-05-16T04:53:52.3550282Z   ref: feat/web-sync-config-family-listeners
2026-05-16T04:53:52.3551333Z   fetch-depth: 0
2026-05-16T04:53:52.3552127Z   repository: averycorp/prismTask
2026-05-16T04:53:52.3553093Z   ssh-strict: true
2026-05-16T04:53:52.3553885Z   ssh-user: git
2026-05-16T04:53:52.3554618Z   persist-credentials: true
2026-05-16T04:53:52.3555500Z   clean: true
2026-05-16T04:53:52.3556338Z   sparse-checkout-cone-mode: true
2026-05-16T04:53:52.3557257Z   fetch-tags: false
2026-05-16T04:53:52.3558299Z   show-progress: true
2026-05-16T04:53:52.3559092Z   lfs: false
2026-05-16T04:53:52.3559828Z   submodules: false
2026-05-16T04:53:52.3560548Z   set-safe-directory: true
2026-05-16T04:53:52.3561984Z ##[endgroup]
2026-05-16T04:53:52.4544216Z Syncing repository: averycorp/prismTask
2026-05-16T04:53:52.4546077Z ##[group]Getting Git version info
2026-05-16T04:53:52.4546915Z Working directory is '/home/runner/work/prismTask/prismTask'
2026-05-16T04:53:52.4548232Z [command]/usr/bin/git version
2026-05-16T04:53:52.4603582Z git version 2.54.0
2026-05-16T04:53:52.4628407Z ##[endgroup]
2026-05-16T04:53:52.4644416Z Temporarily overriding HOME='/home/runner/work/_temp/050de556-c47d-41ac-8a71-4919a0ccebbf' before making global git config changes
2026-05-16T04:53:52.4647135Z Adding repository directory to the temporary git global config as a safe directory
2026-05-16T04:53:52.4650727Z [command]/usr/bin/git config --global --add safe.directory /home/runner/work/prismTask/prismTask
2026-05-16T04:53:52.4697949Z Deleting the contents of '/home/runner/work/prismTask/prismTask'
2026-05-16T04:53:52.4702659Z ##[group]Initializing the repository
2026-05-16T04:53:52.4707466Z [command]/usr/bin/git init /home/runner/work/prismTask/prismTask
2026-05-16T04:53:52.4808801Z hint: Using 'master' as the name for the initial branch. This default branch name
2026-05-16T04:53:52.4810949Z hint: will change to "main" in Git 3.0. To configure the initial branch name
2026-05-16T04:53:52.4811940Z hint: to use in all of your new repositories, which will suppress this warning,
2026-05-16T04:53:52.4813046Z hint: call:
2026-05-16T04:53:52.4813924Z hint:
2026-05-16T04:53:52.4814590Z hint: 	git config --global init.defaultBranch <name>
2026-05-16T04:53:52.4815766Z hint:
2026-05-16T04:53:52.4817062Z hint: Names commonly chosen instead of 'master' are 'main', 'trunk' and
2026-05-16T04:53:52.4819316Z hint: 'development'. The just-created branch can be renamed via this command:
2026-05-16T04:53:52.4820947Z hint:
2026-05-16T04:53:52.4821777Z hint: 	git branch -m <name>
2026-05-16T04:53:52.4822694Z hint:
2026-05-16T04:53:52.4823900Z hint: Disable this message with "git config set advice.defaultBranchName false"
2026-05-16T04:53:52.4826089Z Initialized empty Git repository in /home/runner/work/prismTask/prismTask/.git/
2026-05-16T04:53:52.4829704Z [command]/usr/bin/git remote add origin https://github.com/averycorp/prismTask
2026-05-16T04:53:52.4869644Z ##[endgroup]
2026-05-16T04:53:52.4871097Z ##[group]Disabling automatic garbage collection
2026-05-16T04:53:52.4873606Z [command]/usr/bin/git config --local gc.auto 0
2026-05-16T04:53:52.4903033Z ##[endgroup]
2026-05-16T04:53:52.4904583Z ##[group]Setting up auth
2026-05-16T04:53:52.4905753Z Removing SSH command configuration
2026-05-16T04:53:52.4911359Z [command]/usr/bin/git config --local --name-only --get-regexp core\.sshCommand
2026-05-16T04:53:52.4945221Z [command]/usr/bin/git submodule foreach --recursive sh -c "git config --local --name-only --get-regexp 'core\.sshCommand' && git config --local --unset-all 'core.sshCommand' || :"
2026-05-16T04:53:52.5290671Z Removing HTTP extra header
2026-05-16T04:53:52.5295482Z [command]/usr/bin/git config --local --name-only --get-regexp http\.https\:\/\/github\.com\/\.extraheader
2026-05-16T04:53:52.5327117Z [command]/usr/bin/git submodule foreach --recursive sh -c "git config --local --name-only --get-regexp 'http\.https\:\/\/github\.com\/\.extraheader' && git config --local --unset-all 'http.https://github.com/.extraheader' || :"
2026-05-16T04:53:52.5535192Z Removing includeIf entries pointing to credentials config files
2026-05-16T04:53:52.5542001Z [command]/usr/bin/git config --local --name-only --get-regexp ^includeIf\.gitdir:
2026-05-16T04:53:52.5574150Z [command]/usr/bin/git submodule foreach --recursive git config --local --show-origin --name-only --get-regexp remote.origin.url
2026-05-16T04:53:52.5795525Z [command]/usr/bin/git config --file /home/runner/work/_temp/git-credentials-9cbe6fa8-39b3-4d76-be2b-c639da6048bf.config http.https://github.com/.extraheader AUTHORIZATION: basic ***
2026-05-16T04:53:52.5831947Z [command]/usr/bin/git config --local includeIf.gitdir:/home/runner/work/prismTask/prismTask/.git.path /home/runner/work/_temp/git-credentials-9cbe6fa8-39b3-4d76-be2b-c639da6048bf.config
2026-05-16T04:53:52.5862715Z [command]/usr/bin/git config --local includeIf.gitdir:/home/runner/work/prismTask/prismTask/.git/worktrees/*.path /home/runner/work/_temp/git-credentials-9cbe6fa8-39b3-4d76-be2b-c639da6048bf.config
2026-05-16T04:53:52.5895627Z [command]/usr/bin/git config --local includeIf.gitdir:/github/workspace/.git.path /github/runner_temp/git-credentials-9cbe6fa8-39b3-4d76-be2b-c639da6048bf.config
2026-05-16T04:53:52.5926594Z [command]/usr/bin/git config --local includeIf.gitdir:/github/workspace/.git/worktrees/*.path /github/runner_temp/git-credentials-9cbe6fa8-39b3-4d76-be2b-c639da6048bf.config
2026-05-16T04:53:52.5959995Z ##[endgroup]
2026-05-16T04:53:52.5960815Z ##[group]Fetching the repository
2026-05-16T04:53:52.5968749Z [command]/usr/bin/git -c protocol.version=2 fetch --no-tags --prune --no-recurse-submodules origin +refs/heads/*:refs/remotes/origin/* +refs/tags/*:refs/tags/*
2026-05-16T04:54:14.0395655Z From https://github.com/averycorp/prismTask
2026-05-16T04:54:14.0396578Z  * [new branch]        ci-logs                 -> origin/ci-logs
2026-05-16T04:54:14.0398660Z  * [new branch]        feat/concept-repositioning-copy -> origin/feat/concept-repositioning-copy
2026-05-16T04:54:14.0400107Z  * [new branch]        feat/custom-brain-mode-dispatch-resolver -> origin/feat/custom-brain-mode-dispatch-resolver
2026-05-16T04:54:14.0401795Z  * [new branch]        feat/timer-foreground-service-and-widget-controls -> origin/feat/timer-foreground-service-and-widget-controls
2026-05-16T04:54:14.0403342Z  * [new branch]        feat/web-rest-day       -> origin/feat/web-rest-day
2026-05-16T04:54:14.0404304Z  * [new branch]        feat/widget-calendar-audit -> origin/feat/widget-calendar-audit
2026-05-16T04:54:14.0405611Z  * [new branch]        feat/widget-habit-streak-audit -> origin/feat/widget-habit-streak-audit
2026-05-16T04:54:14.0406412Z  * [new branch]        feat/widget-productivity-audit -> origin/feat/widget-productivity-audit
2026-05-16T04:54:14.0407121Z  * [new branch]        feat/widget-quickadd-audit -> origin/feat/widget-quickadd-audit
2026-05-16T04:54:14.0408301Z  * [new branch]        feat/widget-streak-calendar-tap-deep-link -> origin/feat/widget-streak-calendar-tap-deep-link
2026-05-16T04:54:14.0409075Z  * [new branch]        feat/widget-today-audit -> origin/feat/widget-today-audit
2026-05-16T04:54:14.0409586Z  * [new branch]        main                    -> origin/main
2026-05-16T04:54:14.0410275Z  * [new branch]        v0.1.0-legacy           -> origin/v0.1.0-legacy
2026-05-16T04:54:14.0410837Z  * [new branch]        v0.2.0-legacy           -> origin/v0.2.0-legacy
2026-05-16T04:54:14.0411320Z  * [new branch]        v0.3.0-legacy           -> origin/v0.3.0-legacy
2026-05-16T04:54:14.0411993Z  * [new branch]        v0.4.0-legacy           -> origin/v0.4.0-legacy
2026-05-16T04:54:14.0412450Z  * [new branch]        v0.5.0-legacy           -> origin/v0.5.0-legacy
2026-05-16T04:54:14.0412894Z  * [new branch]        v0.6.0-legacy           -> origin/v0.6.0-legacy
2026-05-16T04:54:14.0413339Z  * [new branch]        v0.7.0-legacy           -> origin/v0.7.0-legacy
2026-05-16T04:54:14.0414199Z  * [new branch]        worktree-agent-a00a2ac6d8621b3fd -> origin/worktree-agent-a00a2ac6d8621b3fd
2026-05-16T04:54:14.0414923Z  * [new branch]        worktree-agent-a152f39e87ed4283e -> origin/worktree-agent-a152f39e87ed4283e
2026-05-16T04:54:14.0415605Z  * [new branch]        worktree-agent-a93ab2d0cfe2496f2 -> origin/worktree-agent-a93ab2d0cfe2496f2
2026-05-16T04:54:14.0416307Z  * [new branch]        worktree-agent-a9d35e50d4e290f2e -> origin/worktree-agent-a9d35e50d4e290f2e
2026-05-16T04:54:14.0417034Z  * [new branch]        worktree-f4-concept-philosophy-gap -> origin/worktree-f4-concept-philosophy-gap
2026-05-16T04:54:14.0417603Z  * [new tag]           v0.1.0                  -> v0.1.0
2026-05-16T04:54:14.0418285Z  * [new tag]           v0.2.0                  -> v0.2.0
2026-05-16T04:54:14.0418672Z  * [new tag]           v0.3.0                  -> v0.3.0
2026-05-16T04:54:14.0419039Z  * [new tag]           v0.4.0                  -> v0.4.0
2026-05-16T04:54:14.0419476Z  * [new tag]           v0.5.0                  -> v0.5.0
2026-05-16T04:54:14.0419889Z  * [new tag]           v0.7.0                  -> v0.7.0
2026-05-16T04:54:14.0420251Z  * [new tag]           v0.7.12                 -> v0.7.12
2026-05-16T04:54:14.0420607Z  * [new tag]           v0.7.13                 -> v0.7.13
2026-05-16T04:54:14.0420968Z  * [new tag]           v0.7.14                 -> v0.7.14
2026-05-16T04:54:14.0421327Z  * [new tag]           v0.7.15                 -> v0.7.15
2026-05-16T04:54:14.0421678Z  * [new tag]           v0.7.16                 -> v0.7.16
2026-05-16T04:54:14.0422029Z  * [new tag]           v0.7.17                 -> v0.7.17
2026-05-16T04:54:14.0422407Z  * [new tag]           v0.7.17-build.2         -> v0.7.17-build.2
2026-05-16T04:54:14.0422808Z  * [new tag]           v0.7.17-build.3         -> v0.7.17-build.3
2026-05-16T04:54:14.0423206Z  * [new tag]           v0.7.17-build.4         -> v0.7.17-build.4
2026-05-16T04:54:14.0423609Z  * [new tag]           v0.7.17-build.5         -> v0.7.17-build.5
2026-05-16T04:54:14.0424202Z  * [new tag]           v0.7.17-build.6         -> v0.7.17-build.6
2026-05-16T04:54:14.0424600Z  * [new tag]           v0.7.17-build.7         -> v0.7.17-build.7
2026-05-16T04:54:14.0425004Z  * [new tag]           v0.7.17-build.8         -> v0.7.17-build.8
2026-05-16T04:54:14.0425397Z  * [new tag]           v0.7.17-build.9         -> v0.7.17-build.9
2026-05-16T04:54:14.0425775Z  * [new tag]           v0.7.18                 -> v0.7.18
2026-05-16T04:54:14.0426162Z  * [new tag]           v0.7.18-build.2         -> v0.7.18-build.2
2026-05-16T04:54:14.0426555Z  * [new tag]           v0.7.18-build.3         -> v0.7.18-build.3
2026-05-16T04:54:14.0426955Z  * [new tag]           v0.7.18-build.4         -> v0.7.18-build.4
2026-05-16T04:54:14.0427339Z  * [new tag]           v0.7.19                 -> v0.7.19
2026-05-16T04:54:14.0427948Z  * [new tag]           v0.7.19-build.2         -> v0.7.19-build.2
2026-05-16T04:54:14.0428383Z  * [new tag]           v0.7.20                 -> v0.7.20
2026-05-16T04:54:14.0428770Z  * [new tag]           v0.7.20-build.2         -> v0.7.20-build.2
2026-05-16T04:54:14.0429166Z  * [new tag]           v0.7.20-build.3         -> v0.7.20-build.3
2026-05-16T04:54:14.0429557Z  * [new tag]           v0.7.20-build.4         -> v0.7.20-build.4
2026-05-16T04:54:14.0429934Z  * [new tag]           v0.8.0                  -> v0.8.0
2026-05-16T04:54:14.0430319Z  * [new tag]           v0.8.0-build.2          -> v0.8.0-build.2
2026-05-16T04:54:14.0430705Z  * [new tag]           v0.8.1                  -> v0.8.1
2026-05-16T04:54:14.0431062Z  * [new tag]           v0.8.10                 -> v0.8.10
2026-05-16T04:54:14.0431438Z  * [new tag]           v0.8.11                 -> v0.8.11
2026-05-16T04:54:14.0431822Z  * [new tag]           v0.8.12                 -> v0.8.12
2026-05-16T04:54:14.0432192Z  * [new tag]           v0.8.13                 -> v0.8.13
2026-05-16T04:54:14.0432562Z  * [new tag]           v0.8.14                 -> v0.8.14
2026-05-16T04:54:14.0432946Z  * [new tag]           v0.8.15                 -> v0.8.15
2026-05-16T04:54:14.0433453Z  * [new tag]           v0.8.2                  -> v0.8.2
2026-05-16T04:54:14.0433863Z  * [new tag]           v0.8.3                  -> v0.8.3
2026-05-16T04:54:14.0434281Z  * [new tag]           v0.8.4                  -> v0.8.4
2026-05-16T04:54:14.0434663Z  * [new tag]           v0.8.5                  -> v0.8.5
2026-05-16T04:54:14.0435037Z  * [new tag]           v0.8.6                  -> v0.8.6
2026-05-16T04:54:14.0435403Z  * [new tag]           v0.8.7                  -> v0.8.7
2026-05-16T04:54:14.0435776Z  * [new tag]           v0.8.8                  -> v0.8.8
2026-05-16T04:54:14.0436151Z  * [new tag]           v0.8.9                  -> v0.8.9
2026-05-16T04:54:14.0436515Z  * [new tag]           v0.9.1                  -> v0.9.1
2026-05-16T04:54:14.0436889Z  * [new tag]           v0.9.2                  -> v0.9.2
2026-05-16T04:54:14.0437264Z  * [new tag]           v1.0.1                  -> v1.0.1
2026-05-16T04:54:14.0437661Z  * [new tag]           v1.0.10                 -> v1.0.10
2026-05-16T04:54:14.0438522Z  * [new tag]           v1.0.11                 -> v1.0.11
2026-05-16T04:54:14.0438919Z  * [new tag]           v1.0.12                 -> v1.0.12
2026-05-16T04:54:14.0439299Z  * [new tag]           v1.0.13                 -> v1.0.13
2026-05-16T04:54:14.0439685Z  * [new tag]           v1.0.2                  -> v1.0.2
2026-05-16T04:54:14.0440069Z  * [new tag]           v1.0.3                  -> v1.0.3
2026-05-16T04:54:14.0440448Z  * [new tag]           v1.0.4                  -> v1.0.4
2026-05-16T04:54:14.0440818Z  * [new tag]           v1.0.5                  -> v1.0.5
2026-05-16T04:54:14.0441191Z  * [new tag]           v1.0.6                  -> v1.0.6
2026-05-16T04:54:14.0441559Z  * [new tag]           v1.0.7                  -> v1.0.7
2026-05-16T04:54:14.0441924Z  * [new tag]           v1.0.8                  -> v1.0.8
2026-05-16T04:54:14.0442298Z  * [new tag]           v1.0.9                  -> v1.0.9
2026-05-16T04:54:14.0442861Z  * [new tag]           v1.1.1                  -> v1.1.1
2026-05-16T04:54:14.0443257Z  * [new tag]           v1.1.1-build.2          -> v1.1.1-build.2
2026-05-16T04:54:14.0443680Z  * [new tag]           v1.1.1-build.3          -> v1.1.1-build.3
2026-05-16T04:54:14.0444102Z  * [new tag]           v1.1.1-build.4          -> v1.1.1-build.4
2026-05-16T04:54:14.0444502Z  * [new tag]           v1.1.10                 -> v1.1.10
2026-05-16T04:54:14.0444883Z  * [new tag]           v1.1.11                 -> v1.1.11
2026-05-16T04:54:14.0445269Z  * [new tag]           v1.1.12                 -> v1.1.12
2026-05-16T04:54:14.0445643Z  * [new tag]           v1.1.2                  -> v1.1.2
2026-05-16T04:54:14.0446016Z  * [new tag]           v1.1.3                  -> v1.1.3
2026-05-16T04:54:14.0446388Z  * [new tag]           v1.1.4                  -> v1.1.4
2026-05-16T04:54:14.0446761Z  * [new tag]           v1.1.5                  -> v1.1.5
2026-05-16T04:54:14.0447135Z  * [new tag]           v1.1.6                  -> v1.1.6
2026-05-16T04:54:14.0447514Z  * [new tag]           v1.1.7                  -> v1.1.7
2026-05-16T04:54:14.0448171Z  * [new tag]           v1.1.8                  -> v1.1.8
2026-05-16T04:54:14.0448550Z  * [new tag]           v1.1.9                  -> v1.1.9
2026-05-16T04:54:14.0448921Z  * [new tag]           v1.3.0                  -> v1.3.0
2026-05-16T04:54:14.0449295Z  * [new tag]           v1.3.1                  -> v1.3.1
2026-05-16T04:54:14.0449674Z  * [new tag]           v1.3.10                 -> v1.3.10
2026-05-16T04:54:14.0450049Z  * [new tag]           v1.3.11                 -> v1.3.11
2026-05-16T04:54:14.0450454Z  * [new tag]           v1.3.11-build.2         -> v1.3.11-build.2
2026-05-16T04:54:14.0450862Z  * [new tag]           v1.3.12                 -> v1.3.12
2026-05-16T04:54:14.0451238Z  * [new tag]           v1.3.13                 -> v1.3.13
2026-05-16T04:54:14.0451691Z  * [new tag]           v1.3.13-build.2         -> v1.3.13-build.2
2026-05-16T04:54:14.0452109Z  * [new tag]           v1.3.14                 -> v1.3.14
2026-05-16T04:54:14.0452623Z  * [new tag]           v1.3.15                 -> v1.3.15
2026-05-16T04:54:14.0453016Z  * [new tag]           v1.3.16                 -> v1.3.16
2026-05-16T04:54:14.0453395Z  * [new tag]           v1.3.17                 -> v1.3.17
2026-05-16T04:54:14.0453770Z  * [new tag]           v1.3.18                 -> v1.3.18
2026-05-16T04:54:14.0454151Z  * [new tag]           v1.3.19                 -> v1.3.19
2026-05-16T04:54:14.0454546Z  * [new tag]           v1.3.2                  -> v1.3.2
2026-05-16T04:54:14.0454928Z  * [new tag]           v1.3.20                 -> v1.3.20
2026-05-16T04:54:14.0455303Z  * [new tag]           v1.3.21                 -> v1.3.21
2026-05-16T04:54:14.0455681Z  * [new tag]           v1.3.22                 -> v1.3.22
2026-05-16T04:54:14.0456061Z  * [new tag]           v1.3.23                 -> v1.3.23
2026-05-16T04:54:14.0456430Z  * [new tag]           v1.3.24                 -> v1.3.24
2026-05-16T04:54:14.0456823Z  * [new tag]           v1.3.25                 -> v1.3.25
2026-05-16T04:54:14.0457203Z  * [new tag]           v1.3.26                 -> v1.3.26
2026-05-16T04:54:14.0457575Z  * [new tag]           v1.3.27                 -> v1.3.27
2026-05-16T04:54:14.0458222Z  * [new tag]           v1.3.28                 -> v1.3.28
2026-05-16T04:54:14.0458603Z  * [new tag]           v1.3.29                 -> v1.3.29
2026-05-16T04:54:14.0458981Z  * [new tag]           v1.3.3                  -> v1.3.3
2026-05-16T04:54:14.0459362Z  * [new tag]           v1.3.30                 -> v1.3.30
2026-05-16T04:54:14.0524476Z  * [new tag]           v1.3.31                 -> v1.3.31
2026-05-16T04:54:14.0525362Z  * [new tag]           v1.3.32                 -> v1.3.32
2026-05-16T04:54:14.0526197Z  * [new tag]           v1.3.33                 -> v1.3.33
2026-05-16T04:54:14.0526878Z  * [new tag]           v1.3.34                 -> v1.3.34
2026-05-16T04:54:14.0528026Z  * [new tag]           v1.3.35                 -> v1.3.35
2026-05-16T04:54:14.0528793Z  * [new tag]           v1.3.36                 -> v1.3.36
2026-05-16T04:54:14.0529486Z  * [new tag]           v1.3.37                 -> v1.3.37
2026-05-16T04:54:14.0530149Z  * [new tag]           v1.3.38                 -> v1.3.38
2026-05-16T04:54:14.0530815Z  * [new tag]           v1.3.39                 -> v1.3.39
2026-05-16T04:54:14.0531557Z  * [new tag]           v1.3.4                  -> v1.3.4
2026-05-16T04:54:14.0532219Z  * [new tag]           v1.3.40                 -> v1.3.40
2026-05-16T04:54:14.0532868Z  * [new tag]           v1.3.41                 -> v1.3.41
2026-05-16T04:54:14.0533579Z  * [new tag]           v1.3.42                 -> v1.3.42
2026-05-16T04:54:14.0534253Z  * [new tag]           v1.3.43                 -> v1.3.43
2026-05-16T04:54:14.0534934Z  * [new tag]           v1.3.44                 -> v1.3.44
2026-05-16T04:54:14.0535606Z  * [new tag]           v1.3.45                 -> v1.3.45
2026-05-16T04:54:14.0536303Z  * [new tag]           v1.3.46                 -> v1.3.46
2026-05-16T04:54:14.0536989Z  * [new tag]           v1.3.47                 -> v1.3.47
2026-05-16T04:54:14.0537656Z  * [new tag]           v1.3.48                 -> v1.3.48
2026-05-16T04:54:14.0538593Z  * [new tag]           v1.3.49                 -> v1.3.49
2026-05-16T04:54:14.0539264Z  * [new tag]           v1.3.5                  -> v1.3.5
2026-05-16T04:54:14.0539965Z  * [new tag]           v1.3.5-build.2          -> v1.3.5-build.2
2026-05-16T04:54:14.0540666Z  * [new tag]           v1.3.50                 -> v1.3.50
2026-05-16T04:54:14.0541346Z  * [new tag]           v1.3.51                 -> v1.3.51
2026-05-16T04:54:14.0542018Z  * [new tag]           v1.3.52                 -> v1.3.52
2026-05-16T04:54:14.0542694Z  * [new tag]           v1.3.53                 -> v1.3.53
2026-05-16T04:54:14.0543335Z  * [new tag]           v1.3.54                 -> v1.3.54
2026-05-16T04:54:14.0544058Z  * [new tag]           v1.3.55                 -> v1.3.55
2026-05-16T04:54:14.0544785Z  * [new tag]           v1.3.56                 -> v1.3.56
2026-05-16T04:54:14.0545645Z  * [new tag]           v1.3.57                 -> v1.3.57
2026-05-16T04:54:14.0546194Z  * [new tag]           v1.3.58                 -> v1.3.58
2026-05-16T04:54:14.0546597Z  * [new tag]           v1.3.59                 -> v1.3.59
2026-05-16T04:54:14.0546990Z  * [new tag]           v1.3.6                  -> v1.3.6
2026-05-16T04:54:14.0547381Z  * [new tag]           v1.3.60                 -> v1.3.60
2026-05-16T04:54:14.0548043Z  * [new tag]           v1.3.61                 -> v1.3.61
2026-05-16T04:54:14.0548503Z  * [new tag]           v1.3.62                 -> v1.3.62
2026-05-16T04:54:14.0548913Z  * [new tag]           v1.3.7                  -> v1.3.7
2026-05-16T04:54:14.0549308Z  * [new tag]           v1.3.8                  -> v1.3.8
2026-05-16T04:54:14.0549688Z  * [new tag]           v1.3.9                  -> v1.3.9
2026-05-16T04:54:14.0550062Z  * [new tag]           v1.4.40                 -> v1.4.40
2026-05-16T04:54:14.0550458Z  * [new tag]           v1.5.0                  -> v1.5.0
2026-05-16T04:54:14.0550835Z  * [new tag]           v1.5.2                  -> v1.5.2
2026-05-16T04:54:14.0551205Z  * [new tag]           v1.5.3                  -> v1.5.3
2026-05-16T04:54:14.0551569Z  * [new tag]           v1.6.0                  -> v1.6.0
2026-05-16T04:54:14.0551930Z  * [new tag]           v1.7.0                  -> v1.7.0
2026-05-16T04:54:14.0552297Z  * [new tag]           v1.7.37                 -> v1.7.37
2026-05-16T04:54:14.0552675Z  * [new tag]           v1.7.38                 -> v1.7.38
2026-05-16T04:54:14.0553052Z  * [new tag]           v1.7.39                 -> v1.7.39
2026-05-16T04:54:14.0553417Z  * [new tag]           v1.7.40                 -> v1.7.40
2026-05-16T04:54:14.0553791Z  * [new tag]           v1.7.41                 -> v1.7.41
2026-05-16T04:54:14.0554159Z  * [new tag]           v1.7.42                 -> v1.7.42
2026-05-16T04:54:14.0554528Z  * [new tag]           v1.7.43                 -> v1.7.43
2026-05-16T04:54:14.0555070Z  * [new tag]           v1.7.44                 -> v1.7.44
2026-05-16T04:54:14.0555447Z  * [new tag]           v1.7.45                 -> v1.7.45
2026-05-16T04:54:14.0555815Z  * [new tag]           v1.7.46                 -> v1.7.46
2026-05-16T04:54:14.0556174Z  * [new tag]           v1.7.47                 -> v1.7.47
2026-05-16T04:54:14.0556545Z  * [new tag]           v1.7.48                 -> v1.7.48
2026-05-16T04:54:14.0556914Z  * [new tag]           v1.7.49                 -> v1.7.49
2026-05-16T04:54:14.0557276Z  * [new tag]           v1.7.50                 -> v1.7.50
2026-05-16T04:54:14.0557643Z  * [new tag]           v1.7.51                 -> v1.7.51
2026-05-16T04:54:14.0558278Z  * [new tag]           v1.7.52                 -> v1.7.52
2026-05-16T04:54:14.0558644Z  * [new tag]           v1.7.53                 -> v1.7.53
2026-05-16T04:54:14.0559013Z  * [new tag]           v1.7.54                 -> v1.7.54
2026-05-16T04:54:14.0559410Z  * [new tag]           v1.7.55                 -> v1.7.55
2026-05-16T04:54:14.0559811Z  * [new tag]           v1.7.56                 -> v1.7.56
2026-05-16T04:54:14.0560188Z  * [new tag]           v1.7.57                 -> v1.7.57
2026-05-16T04:54:14.0560550Z  * [new tag]           v1.7.58                 -> v1.7.58
2026-05-16T04:54:14.0560919Z  * [new tag]           v1.7.59                 -> v1.7.59
2026-05-16T04:54:14.0561285Z  * [new tag]           v1.7.60                 -> v1.7.60
2026-05-16T04:54:14.0561655Z  * [new tag]           v1.7.61                 -> v1.7.61
2026-05-16T04:54:14.0562016Z  * [new tag]           v1.7.62                 -> v1.7.62
2026-05-16T04:54:14.0562383Z  * [new tag]           v1.7.63                 -> v1.7.63
2026-05-16T04:54:14.0562743Z  * [new tag]           v1.7.64                 -> v1.7.64
2026-05-16T04:54:14.0563099Z  * [new tag]           v1.7.65                 -> v1.7.65
2026-05-16T04:54:14.0563464Z  * [new tag]           v1.7.66                 -> v1.7.66
2026-05-16T04:54:14.0563837Z  * [new tag]           v1.7.67                 -> v1.7.67
2026-05-16T04:54:14.0564367Z  * [new tag]           v1.7.68                 -> v1.7.68
2026-05-16T04:54:14.0564754Z  * [new tag]           v1.7.69                 -> v1.7.69
2026-05-16T04:54:14.0565122Z  * [new tag]           v1.7.70                 -> v1.7.70
2026-05-16T04:54:14.0565486Z  * [new tag]           v1.7.71                 -> v1.7.71
2026-05-16T04:54:14.0565847Z  * [new tag]           v1.7.72                 -> v1.7.72
2026-05-16T04:54:14.0566212Z  * [new tag]           v1.7.73                 -> v1.7.73
2026-05-16T04:54:14.0566578Z  * [new tag]           v1.7.74                 -> v1.7.74
2026-05-16T04:54:14.0566937Z  * [new tag]           v1.7.75                 -> v1.7.75
2026-05-16T04:54:14.0567304Z  * [new tag]           v1.7.76                 -> v1.7.76
2026-05-16T04:54:14.0567668Z  * [new tag]           v1.7.77                 -> v1.7.77
2026-05-16T04:54:14.0568331Z  * [new tag]           v1.7.78                 -> v1.7.78
2026-05-16T04:54:14.0568714Z  * [new tag]           v1.7.79                 -> v1.7.79
2026-05-16T04:54:14.0569086Z  * [new tag]           v1.7.80                 -> v1.7.80
2026-05-16T04:54:14.0569448Z  * [new tag]           v1.7.81                 -> v1.7.81
2026-05-16T04:54:14.0569813Z  * [new tag]           v1.7.82                 -> v1.7.82
2026-05-16T04:54:14.0570183Z  * [new tag]           v1.7.83                 -> v1.7.83
2026-05-16T04:54:14.0570552Z  * [new tag]           v1.7.84                 -> v1.7.84
2026-05-16T04:54:14.0570912Z  * [new tag]           v1.7.85                 -> v1.7.85
2026-05-16T04:54:14.0571283Z  * [new tag]           v1.7.86                 -> v1.7.86
2026-05-16T04:54:14.0571649Z  * [new tag]           v1.7.87                 -> v1.7.87
2026-05-16T04:54:14.0572012Z  * [new tag]           v1.7.90                 -> v1.7.90
2026-05-16T04:54:14.0572387Z  * [new tag]           v1.7.92                 -> v1.7.92
2026-05-16T04:54:14.0572769Z  * [new tag]           v1.7.93                 -> v1.7.93
2026-05-16T04:54:14.0573284Z  * [new tag]           v1.7.94                 -> v1.7.94
2026-05-16T04:54:14.0573659Z  * [new tag]           v1.7.95                 -> v1.7.95
2026-05-16T04:54:14.0574048Z  * [new tag]           v1.7.96                 -> v1.7.96
2026-05-16T04:54:14.0574420Z  * [new tag]           v1.7.97                 -> v1.7.97
2026-05-16T04:54:14.0574799Z  * [new tag]           v1.8.0                  -> v1.8.0
2026-05-16T04:54:14.0575177Z  * [new tag]           v1.8.1                  -> v1.8.1
2026-05-16T04:54:14.0575553Z  * [new tag]           v1.8.10                 -> v1.8.10
2026-05-16T04:54:14.0575921Z  * [new tag]           v1.8.11                 -> v1.8.11
2026-05-16T04:54:14.0576294Z  * [new tag]           v1.8.12                 -> v1.8.12
2026-05-16T04:54:14.0576690Z  * [new tag]           v1.8.14                 -> v1.8.14
2026-05-16T04:54:14.0577051Z  * [new tag]           v1.8.15                 -> v1.8.15
2026-05-16T04:54:14.0577427Z  * [new tag]           v1.8.16                 -> v1.8.16
2026-05-16T04:54:14.0578037Z  * [new tag]           v1.8.17                 -> v1.8.17
2026-05-16T04:54:14.0578430Z  * [new tag]           v1.8.18                 -> v1.8.18
2026-05-16T04:54:14.0578795Z  * [new tag]           v1.8.19                 -> v1.8.19
2026-05-16T04:54:14.0579164Z  * [new tag]           v1.8.2                  -> v1.8.2
2026-05-16T04:54:14.0579526Z  * [new tag]           v1.8.20                 -> v1.8.20
2026-05-16T04:54:14.0579900Z  * [new tag]           v1.8.21                 -> v1.8.21
2026-05-16T04:54:14.0580266Z  * [new tag]           v1.8.22                 -> v1.8.22
2026-05-16T04:54:14.0580637Z  * [new tag]           v1.8.23                 -> v1.8.23
2026-05-16T04:54:14.0581009Z  * [new tag]           v1.8.24                 -> v1.8.24
2026-05-16T04:54:14.0581372Z  * [new tag]           v1.8.25                 -> v1.8.25
2026-05-16T04:54:14.0581741Z  * [new tag]           v1.8.26                 -> v1.8.26
2026-05-16T04:54:14.0582114Z  * [new tag]           v1.8.27                 -> v1.8.27
2026-05-16T04:54:14.0582618Z  * [new tag]           v1.8.28                 -> v1.8.28
2026-05-16T04:54:14.0582998Z  * [new tag]           v1.8.29                 -> v1.8.29
2026-05-16T04:54:14.0583368Z  * [new tag]           v1.8.3                  -> v1.8.3
2026-05-16T04:54:14.0583731Z  * [new tag]           v1.8.30                 -> v1.8.30
2026-05-16T04:54:14.0584093Z  * [new tag]           v1.8.31                 -> v1.8.31
2026-05-16T04:54:14.0584463Z  * [new tag]           v1.8.32                 -> v1.8.32
2026-05-16T04:54:14.0584826Z  * [new tag]           v1.8.33                 -> v1.8.33
2026-05-16T04:54:14.0585186Z  * [new tag]           v1.8.34                 -> v1.8.34
2026-05-16T04:54:14.0585550Z  * [new tag]           v1.8.35                 -> v1.8.35
2026-05-16T04:54:14.0585916Z  * [new tag]           v1.8.36                 -> v1.8.36
2026-05-16T04:54:14.0586274Z  * [new tag]           v1.8.37                 -> v1.8.37
2026-05-16T04:54:14.0586642Z  * [new tag]           v1.8.38                 -> v1.8.38
2026-05-16T04:54:14.0587013Z  * [new tag]           v1.8.39                 -> v1.8.39
2026-05-16T04:54:14.0587381Z  * [new tag]           v1.8.4                  -> v1.8.4
2026-05-16T04:54:14.0587995Z  * [new tag]           v1.8.40                 -> v1.8.40
2026-05-16T04:54:14.0588394Z  * [new tag]           v1.8.41                 -> v1.8.41
2026-05-16T04:54:14.0588762Z  * [new tag]           v1.8.42                 -> v1.8.42
2026-05-16T04:54:14.0589122Z  * [new tag]           v1.8.43                 -> v1.8.43
2026-05-16T04:54:14.0589488Z  * [new tag]           v1.8.44                 -> v1.8.44
2026-05-16T04:54:14.0589854Z  * [new tag]           v1.8.45                 -> v1.8.45
2026-05-16T04:54:14.0590214Z  * [new tag]           v1.8.46                 -> v1.8.46
2026-05-16T04:54:14.0590581Z  * [new tag]           v1.8.47                 -> v1.8.47
2026-05-16T04:54:14.0590952Z  * [new tag]           v1.8.48                 -> v1.8.48
2026-05-16T04:54:14.0591477Z  * [new tag]           v1.8.49                 -> v1.8.49
2026-05-16T04:54:14.0591861Z  * [new tag]           v1.8.5                  -> v1.8.5
2026-05-16T04:54:14.0592241Z  * [new tag]           v1.8.50                 -> v1.8.50
2026-05-16T04:54:14.0592609Z  * [new tag]           v1.8.51                 -> v1.8.51
2026-05-16T04:54:14.0592971Z  * [new tag]           v1.8.52                 -> v1.8.52
2026-05-16T04:54:14.0593339Z  * [new tag]           v1.8.53                 -> v1.8.53
2026-05-16T04:54:14.0593699Z  * [new tag]           v1.8.54                 -> v1.8.54
2026-05-16T04:54:14.0594067Z  * [new tag]           v1.8.6                  -> v1.8.6
2026-05-16T04:54:14.0594435Z  * [new tag]           v1.8.7                  -> v1.8.7
2026-05-16T04:54:14.0594794Z  * [new tag]           v1.8.8                  -> v1.8.8
2026-05-16T04:54:14.0595147Z  * [new tag]           v1.8.9                  -> v1.8.9
2026-05-16T04:54:14.0595512Z  * [new tag]           v1.9.1                  -> v1.9.1
2026-05-16T04:54:14.0595897Z  * [new tag]           v1.9.10                 -> v1.9.10
2026-05-16T04:54:14.0596266Z  * [new tag]           v1.9.11                 -> v1.9.11
2026-05-16T04:54:14.0596628Z  * [new tag]           v1.9.12                 -> v1.9.12
2026-05-16T04:54:14.0596993Z  * [new tag]           v1.9.13                 -> v1.9.13
2026-05-16T04:54:14.0597354Z  * [new tag]           v1.9.14                 -> v1.9.14
2026-05-16T04:54:14.0597927Z  * [new tag]           v1.9.15                 -> v1.9.15
2026-05-16T04:54:14.0598320Z  * [new tag]           v1.9.16                 -> v1.9.16
2026-05-16T04:54:14.0598688Z  * [new tag]           v1.9.18                 -> v1.9.18
2026-05-16T04:54:14.0599046Z  * [new tag]           v1.9.19                 -> v1.9.19
2026-05-16T04:54:14.0599413Z  * [new tag]           v1.9.2                  -> v1.9.2
2026-05-16T04:54:14.0599775Z  * [new tag]           v1.9.20                 -> v1.9.20
2026-05-16T04:54:14.0600140Z  * [new tag]           v1.9.21                 -> v1.9.21
2026-05-16T04:54:14.0600637Z  * [new tag]           v1.9.22                 -> v1.9.22
2026-05-16T04:54:14.0601014Z  * [new tag]           v1.9.23                 -> v1.9.23
2026-05-16T04:54:14.0601371Z  * [new tag]           v1.9.24                 -> v1.9.24
2026-05-16T04:54:14.0601735Z  * [new tag]           v1.9.26                 -> v1.9.26
2026-05-16T04:54:14.0602095Z  * [new tag]           v1.9.27                 -> v1.9.27
2026-05-16T04:54:14.0602451Z  * [new tag]           v1.9.28                 -> v1.9.28
2026-05-16T04:54:14.0602808Z  * [new tag]           v1.9.29                 -> v1.9.29
2026-05-16T04:54:14.0603169Z  * [new tag]           v1.9.3                  -> v1.9.3
2026-05-16T04:54:14.0603535Z  * [new tag]           v1.9.30                 -> v1.9.30
2026-05-16T04:54:14.0603889Z  * [new tag]           v1.9.31                 -> v1.9.31
2026-05-16T04:54:14.0604249Z  * [new tag]           v1.9.32                 -> v1.9.32
2026-05-16T04:54:14.0604613Z  * [new tag]           v1.9.33                 -> v1.9.33
2026-05-16T04:54:14.0604975Z  * [new tag]           v1.9.34                 -> v1.9.34
2026-05-16T04:54:14.0605338Z  * [new tag]           v1.9.35                 -> v1.9.35
2026-05-16T04:54:14.0605692Z  * [new tag]           v1.9.36                 -> v1.9.36
2026-05-16T04:54:14.0606048Z  * [new tag]           v1.9.37                 -> v1.9.37
2026-05-16T04:54:14.0606404Z  * [new tag]           v1.9.4                  -> v1.9.4
2026-05-16T04:54:14.0606766Z  * [new tag]           v1.9.5                  -> v1.9.5
2026-05-16T04:54:14.0607130Z  * [new tag]           v1.9.6                  -> v1.9.6
2026-05-16T04:54:14.0607489Z  * [new tag]           v1.9.7                  -> v1.9.7
2026-05-16T04:54:14.0608090Z  * [new tag]           v1.9.8                  -> v1.9.8
2026-05-16T04:54:14.0608452Z  * [new tag]           v1.9.9                  -> v1.9.9
2026-05-16T04:54:14.0755082Z ##[endgroup]
2026-05-16T04:54:14.0755785Z ##[group]Determining the checkout info
2026-05-16T04:54:14.0761998Z [command]/usr/bin/git branch --list --remote origin/feat/web-sync-config-family-listeners
2026-05-16T04:54:14.0799600Z [command]/usr/bin/git tag --list feat/web-sync-config-family-listeners
2026-05-16T04:54:14.0877413Z ##[error]A branch or tag with the name 'feat/web-sync-config-family-listeners' could not be found
2026-05-16T04:54:14.1175268Z Post job cleanup.
2026-05-16T04:54:14.2015194Z [command]/usr/bin/git version
2026-05-16T04:54:14.2052142Z git version 2.54.0
2026-05-16T04:54:14.2092235Z Temporarily overriding HOME='/home/runner/work/_temp/15878e52-9171-4f14-b328-e12d8824bf41' before making global git config changes
2026-05-16T04:54:14.2093183Z Adding repository directory to the temporary git global config as a safe directory
2026-05-16T04:54:14.2097735Z [command]/usr/bin/git config --global --add safe.directory /home/runner/work/prismTask/prismTask
2026-05-16T04:54:14.2126310Z Removing SSH command configuration
2026-05-16T04:54:14.2132557Z [command]/usr/bin/git config --local --name-only --get-regexp core\.sshCommand
2026-05-16T04:54:14.2168600Z [command]/usr/bin/git submodule foreach --recursive sh -c "git config --local --name-only --get-regexp 'core\.sshCommand' && git config --local --unset-all 'core.sshCommand' || :"
2026-05-16T04:54:14.2428773Z Removing HTTP extra header
2026-05-16T04:54:14.2430075Z [command]/usr/bin/git config --local --name-only --get-regexp http\.https\:\/\/github\.com\/\.extraheader
2026-05-16T04:54:14.2459267Z [command]/usr/bin/git submodule foreach --recursive sh -c "git config --local --name-only --get-regexp 'http\.https\:\/\/github\.com\/\.extraheader' && git config --local --unset-all 'http.https://github.com/.extraheader' || :"
2026-05-16T04:54:14.2692128Z Removing includeIf entries pointing to credentials config files
2026-05-16T04:54:14.2698737Z [command]/usr/bin/git config --local --name-only --get-regexp ^includeIf\.gitdir:
2026-05-16T04:54:14.2724979Z includeif.gitdir:/home/runner/work/prismTask/prismTask/.git.path
2026-05-16T04:54:14.2726353Z includeif.gitdir:/home/runner/work/prismTask/prismTask/.git/worktrees/*.path
2026-05-16T04:54:14.2727244Z includeif.gitdir:/github/workspace/.git.path
2026-05-16T04:54:14.2728256Z includeif.gitdir:/github/workspace/.git/worktrees/*.path
2026-05-16T04:54:14.2736351Z [command]/usr/bin/git config --local --get-all includeif.gitdir:/home/runner/work/prismTask/prismTask/.git.path
2026-05-16T04:54:14.2758981Z /home/runner/work/_temp/git-credentials-9cbe6fa8-39b3-4d76-be2b-c639da6048bf.config
2026-05-16T04:54:14.2773279Z [command]/usr/bin/git config --local --unset includeif.gitdir:/home/runner/work/prismTask/prismTask/.git.path /home/runner/work/_temp/git-credentials-9cbe6fa8-39b3-4d76-be2b-c639da6048bf.config
2026-05-16T04:54:14.2812958Z [command]/usr/bin/git config --local --get-all includeif.gitdir:/home/runner/work/prismTask/prismTask/.git/worktrees/*.path
2026-05-16T04:54:14.2835430Z /home/runner/work/_temp/git-credentials-9cbe6fa8-39b3-4d76-be2b-c639da6048bf.config
2026-05-16T04:54:14.2847952Z [command]/usr/bin/git config --local --unset includeif.gitdir:/home/runner/work/prismTask/prismTask/.git/worktrees/*.path /home/runner/work/_temp/git-credentials-9cbe6fa8-39b3-4d76-be2b-c639da6048bf.config
2026-05-16T04:54:14.2879800Z [command]/usr/bin/git config --local --get-all includeif.gitdir:/github/workspace/.git.path
2026-05-16T04:54:14.2902322Z /github/runner_temp/git-credentials-9cbe6fa8-39b3-4d76-be2b-c639da6048bf.config
2026-05-16T04:54:14.2911690Z [command]/usr/bin/git config --local --unset includeif.gitdir:/github/workspace/.git.path /github/runner_temp/git-credentials-9cbe6fa8-39b3-4d76-be2b-c639da6048bf.config
2026-05-16T04:54:14.2946776Z [command]/usr/bin/git config --local --get-all includeif.gitdir:/github/workspace/.git/worktrees/*.path
2026-05-16T04:54:14.2968159Z /github/runner_temp/git-credentials-9cbe6fa8-39b3-4d76-be2b-c639da6048bf.config
2026-05-16T04:54:14.2978122Z [command]/usr/bin/git config --local --unset includeif.gitdir:/github/workspace/.git/worktrees/*.path /github/runner_temp/git-credentials-9cbe6fa8-39b3-4d76-be2b-c639da6048bf.config
2026-05-16T04:54:14.3010838Z [command]/usr/bin/git submodule foreach --recursive git config --local --show-origin --name-only --get-regexp remote.origin.url
2026-05-16T04:54:14.3242520Z Removing credentials config '/home/runner/work/_temp/git-credentials-9cbe6fa8-39b3-4d76-be2b-c639da6048bf.config'
2026-05-16T04:54:14.3384329Z Cleaning up orphan processes
