=== CI FAILURE ===
Workflow:      Android CI
Workflow file: averycorp/prismTask/.github/workflows/android-ci.yml@refs/pull/1473/merge
Job(s):        autofix
Run ID:        25906344845
Run attempt:   1
Run URL:       https://github.com/averycorp/prismTask/actions/runs/25906344845
Commit:        b37bfebe7cbcfb6b94b80903dadc1ffd73713575
Branch:        1473/merge
Event:         pull_request
Actor:         akarlin3
Runner OS:     Linux
Timestamp:     2026-05-15T07:36:55.825Z

Failed steps:
  - autofix: #2 Run actions/checkout@v6

=== FAILED JOB LOG ===

--- Job: autofix (id 76140896987) ---
2026-05-15T07:36:23.7302135Z Current runner version: '2.334.0'
2026-05-15T07:36:23.7326136Z ##[group]Runner Image Provisioner
2026-05-15T07:36:23.7326969Z Hosted Compute Agent
2026-05-15T07:36:23.7327518Z Version: 20260213.493
2026-05-15T07:36:23.7328278Z Commit: 5c115507f6dd24b8de37d8bbe0bb4509d0cc0fa3
2026-05-15T07:36:23.7328991Z Build Date: 2026-02-13T00:28:41Z
2026-05-15T07:36:23.7329736Z Worker ID: {9aad6a32-ac67-4481-a94f-e483482aac7f}
2026-05-15T07:36:23.7330500Z Azure Region: westcentralus
2026-05-15T07:36:23.7331067Z ##[endgroup]
2026-05-15T07:36:23.7332476Z ##[group]Operating System
2026-05-15T07:36:23.7333179Z Ubuntu
2026-05-15T07:36:23.7333894Z 24.04.4
2026-05-15T07:36:23.7334369Z LTS
2026-05-15T07:36:23.7334853Z ##[endgroup]
2026-05-15T07:36:23.7335399Z ##[group]Runner Image
2026-05-15T07:36:23.7335997Z Image: ubuntu-24.04
2026-05-15T07:36:23.7336527Z Version: 20260413.86.1
2026-05-15T07:36:23.7337732Z Included Software: https://github.com/actions/runner-images/blob/ubuntu24/20260413.86/images/ubuntu/Ubuntu2404-Readme.md
2026-05-15T07:36:23.7339193Z Image Release: https://github.com/actions/runner-images/releases/tag/ubuntu24%2F20260413.86
2026-05-15T07:36:23.7340103Z ##[endgroup]
2026-05-15T07:36:23.7341436Z ##[group]GITHUB_TOKEN Permissions
2026-05-15T07:36:23.7343302Z Actions: read
2026-05-15T07:36:23.7344276Z Checks: read
2026-05-15T07:36:23.7344897Z Contents: write
2026-05-15T07:36:23.7345442Z Metadata: read
2026-05-15T07:36:23.7345967Z PullRequests: read
2026-05-15T07:36:23.7346537Z ##[endgroup]
2026-05-15T07:36:23.7348564Z Secret source: Actions
2026-05-15T07:36:23.7349340Z Prepare workflow directory
2026-05-15T07:36:23.7779501Z Prepare all required actions
2026-05-15T07:36:23.7819252Z Getting action download info
2026-05-15T07:36:24.2939513Z Download action repository 'actions/checkout@v6' (SHA:de0fac2e4500dabe0009e67214ff5f5447ce83dd)
2026-05-15T07:36:24.4104309Z Download action repository 'dorny/paths-filter@v4' (SHA:fbd0ab8f3e69293af611ebaee6363fc25e6d187d)
2026-05-15T07:36:24.8259383Z Download action repository 'actions/cache@v5' (SHA:27d5ce7f107fe9357f9df03efb73ab90386fccae)
2026-05-15T07:36:25.7447629Z Complete job name: autofix
2026-05-15T07:36:25.8358887Z ##[group]Run actions/checkout@v6
2026-05-15T07:36:25.8360176Z with:
2026-05-15T07:36:25.8362353Z   token: ***
2026-05-15T07:36:25.8363161Z   ref: feat/web-multitask-paste
2026-05-15T07:36:25.8364344Z   fetch-depth: 0
2026-05-15T07:36:25.8365182Z   repository: averycorp/prismTask
2026-05-15T07:36:25.8366130Z   ssh-strict: true
2026-05-15T07:36:25.8366903Z   ssh-user: git
2026-05-15T07:36:25.8367703Z   persist-credentials: true
2026-05-15T07:36:25.8368586Z   clean: true
2026-05-15T07:36:25.8369389Z   sparse-checkout-cone-mode: true
2026-05-15T07:36:25.8370355Z   fetch-tags: false
2026-05-15T07:36:25.8371158Z   show-progress: true
2026-05-15T07:36:25.8371952Z   lfs: false
2026-05-15T07:36:25.8372685Z   submodules: false
2026-05-15T07:36:25.8373646Z   set-safe-directory: true
2026-05-15T07:36:25.8374865Z ##[endgroup]
2026-05-15T07:36:25.9363060Z Syncing repository: averycorp/prismTask
2026-05-15T07:36:25.9365960Z ##[group]Getting Git version info
2026-05-15T07:36:25.9367370Z Working directory is '/home/runner/work/prismTask/prismTask'
2026-05-15T07:36:25.9369249Z [command]/usr/bin/git version
2026-05-15T07:36:25.9391102Z git version 2.53.0
2026-05-15T07:36:25.9413840Z ##[endgroup]
2026-05-15T07:36:25.9428379Z Temporarily overriding HOME='/home/runner/work/_temp/569f1453-b809-4b07-bc16-7e5fb89c59fc' before making global git config changes
2026-05-15T07:36:25.9432115Z Adding repository directory to the temporary git global config as a safe directory
2026-05-15T07:36:25.9434939Z [command]/usr/bin/git config --global --add safe.directory /home/runner/work/prismTask/prismTask
2026-05-15T07:36:25.9466692Z Deleting the contents of '/home/runner/work/prismTask/prismTask'
2026-05-15T07:36:25.9470940Z ##[group]Initializing the repository
2026-05-15T07:36:25.9475008Z [command]/usr/bin/git init /home/runner/work/prismTask/prismTask
2026-05-15T07:36:25.9591947Z hint: Using 'master' as the name for the initial branch. This default branch name
2026-05-15T07:36:25.9595098Z hint: will change to "main" in Git 3.0. To configure the initial branch name
2026-05-15T07:36:25.9597443Z hint: to use in all of your new repositories, which will suppress this warning,
2026-05-15T07:36:25.9599876Z hint: call:
2026-05-15T07:36:25.9600778Z hint:
2026-05-15T07:36:25.9601946Z hint: 	git config --global init.defaultBranch <name>
2026-05-15T07:36:25.9603855Z hint:
2026-05-15T07:36:25.9605119Z hint: Names commonly chosen instead of 'master' are 'main', 'trunk' and
2026-05-15T07:36:25.9606934Z hint: 'development'. The just-created branch can be renamed via this command:
2026-05-15T07:36:25.9608471Z hint:
2026-05-15T07:36:25.9609328Z hint: 	git branch -m <name>
2026-05-15T07:36:25.9610220Z hint:
2026-05-15T07:36:25.9611407Z hint: Disable this message with "git config set advice.defaultBranchName false"
2026-05-15T07:36:25.9613396Z Initialized empty Git repository in /home/runner/work/prismTask/prismTask/.git/
2026-05-15T07:36:25.9617110Z [command]/usr/bin/git remote add origin https://github.com/averycorp/prismTask
2026-05-15T07:36:25.9636234Z ##[endgroup]
2026-05-15T07:36:25.9637899Z ##[group]Disabling automatic garbage collection
2026-05-15T07:36:25.9640189Z [command]/usr/bin/git config --local gc.auto 0
2026-05-15T07:36:25.9668865Z ##[endgroup]
2026-05-15T07:36:25.9670433Z ##[group]Setting up auth
2026-05-15T07:36:25.9671443Z Removing SSH command configuration
2026-05-15T07:36:25.9675974Z [command]/usr/bin/git config --local --name-only --get-regexp core\.sshCommand
2026-05-15T07:36:25.9707409Z [command]/usr/bin/git submodule foreach --recursive sh -c "git config --local --name-only --get-regexp 'core\.sshCommand' && git config --local --unset-all 'core.sshCommand' || :"
2026-05-15T07:36:26.0044391Z Removing HTTP extra header
2026-05-15T07:36:26.0051230Z [command]/usr/bin/git config --local --name-only --get-regexp http\.https\:\/\/github\.com\/\.extraheader
2026-05-15T07:36:26.0082883Z [command]/usr/bin/git submodule foreach --recursive sh -c "git config --local --name-only --get-regexp 'http\.https\:\/\/github\.com\/\.extraheader' && git config --local --unset-all 'http.https://github.com/.extraheader' || :"
2026-05-15T07:36:26.0291704Z Removing includeIf entries pointing to credentials config files
2026-05-15T07:36:26.0299033Z [command]/usr/bin/git config --local --name-only --get-regexp ^includeIf\.gitdir:
2026-05-15T07:36:26.0331069Z [command]/usr/bin/git submodule foreach --recursive git config --local --show-origin --name-only --get-regexp remote.origin.url
2026-05-15T07:36:26.0547529Z [command]/usr/bin/git config --file /home/runner/work/_temp/git-credentials-6fd37235-7d19-4008-9602-dacab4507831.config http.https://github.com/.extraheader AUTHORIZATION: basic ***
2026-05-15T07:36:26.0583850Z [command]/usr/bin/git config --local includeIf.gitdir:/home/runner/work/prismTask/prismTask/.git.path /home/runner/work/_temp/git-credentials-6fd37235-7d19-4008-9602-dacab4507831.config
2026-05-15T07:36:26.0613171Z [command]/usr/bin/git config --local includeIf.gitdir:/home/runner/work/prismTask/prismTask/.git/worktrees/*.path /home/runner/work/_temp/git-credentials-6fd37235-7d19-4008-9602-dacab4507831.config
2026-05-15T07:36:26.0643380Z [command]/usr/bin/git config --local includeIf.gitdir:/github/workspace/.git.path /github/runner_temp/git-credentials-6fd37235-7d19-4008-9602-dacab4507831.config
2026-05-15T07:36:26.0674872Z [command]/usr/bin/git config --local includeIf.gitdir:/github/workspace/.git/worktrees/*.path /github/runner_temp/git-credentials-6fd37235-7d19-4008-9602-dacab4507831.config
2026-05-15T07:36:26.0700140Z ##[endgroup]
2026-05-15T07:36:26.0701456Z ##[group]Fetching the repository
2026-05-15T07:36:26.0708759Z [command]/usr/bin/git -c protocol.version=2 fetch --no-tags --prune --no-recurse-submodules origin +refs/heads/*:refs/remotes/origin/* +refs/tags/*:refs/tags/*
2026-05-15T07:36:46.5223260Z From https://github.com/averycorp/prismTask
2026-05-15T07:36:46.5224411Z  * [new branch]        ci-logs         -> origin/ci-logs
2026-05-15T07:36:46.5225514Z  * [new branch]        main            -> origin/main
2026-05-15T07:36:46.5229059Z  * [new branch]        v0.1.0-legacy   -> origin/v0.1.0-legacy
2026-05-15T07:36:46.5232180Z  * [new branch]        v0.2.0-legacy   -> origin/v0.2.0-legacy
2026-05-15T07:36:46.5232885Z  * [new branch]        v0.3.0-legacy   -> origin/v0.3.0-legacy
2026-05-15T07:36:46.5233849Z  * [new branch]        v0.4.0-legacy   -> origin/v0.4.0-legacy
2026-05-15T07:36:46.5234575Z  * [new branch]        v0.5.0-legacy   -> origin/v0.5.0-legacy
2026-05-15T07:36:46.5235262Z  * [new branch]        v0.6.0-legacy   -> origin/v0.6.0-legacy
2026-05-15T07:36:46.5235983Z  * [new branch]        v0.7.0-legacy   -> origin/v0.7.0-legacy
2026-05-15T07:36:46.5236591Z  * [new tag]           v0.1.0          -> v0.1.0
2026-05-15T07:36:46.5237146Z  * [new tag]           v0.2.0          -> v0.2.0
2026-05-15T07:36:46.5237690Z  * [new tag]           v0.3.0          -> v0.3.0
2026-05-15T07:36:46.5239074Z  * [new tag]           v0.4.0          -> v0.4.0
2026-05-15T07:36:46.5240994Z  * [new tag]           v0.5.0          -> v0.5.0
2026-05-15T07:36:46.5241771Z  * [new tag]           v0.7.0          -> v0.7.0
2026-05-15T07:36:46.5242326Z  * [new tag]           v0.7.12         -> v0.7.12
2026-05-15T07:36:46.5242859Z  * [new tag]           v0.7.13         -> v0.7.13
2026-05-15T07:36:46.5243369Z  * [new tag]           v0.7.14         -> v0.7.14
2026-05-15T07:36:46.5244104Z  * [new tag]           v0.7.15         -> v0.7.15
2026-05-15T07:36:46.5244563Z  * [new tag]           v0.7.16         -> v0.7.16
2026-05-15T07:36:46.5245048Z  * [new tag]           v0.7.17         -> v0.7.17
2026-05-15T07:36:46.5245547Z  * [new tag]           v0.7.17-build.2 -> v0.7.17-build.2
2026-05-15T07:36:46.5246216Z  * [new tag]           v0.7.17-build.3 -> v0.7.17-build.3
2026-05-15T07:36:46.5246740Z  * [new tag]           v0.7.17-build.4 -> v0.7.17-build.4
2026-05-15T07:36:46.5247377Z  * [new tag]           v0.7.17-build.5 -> v0.7.17-build.5
2026-05-15T07:36:46.5247911Z  * [new tag]           v0.7.17-build.6 -> v0.7.17-build.6
2026-05-15T07:36:46.5248674Z  * [new tag]           v0.7.17-build.7 -> v0.7.17-build.7
2026-05-15T07:36:46.5249175Z  * [new tag]           v0.7.17-build.8 -> v0.7.17-build.8
2026-05-15T07:36:46.5249561Z  * [new tag]           v0.7.17-build.9 -> v0.7.17-build.9
2026-05-15T07:36:46.5249940Z  * [new tag]           v0.7.18         -> v0.7.18
2026-05-15T07:36:46.5250324Z  * [new tag]           v0.7.18-build.2 -> v0.7.18-build.2
2026-05-15T07:36:46.5250632Z  * [new tag]           v0.7.18-build.3 -> v0.7.18-build.3
2026-05-15T07:36:46.5250929Z  * [new tag]           v0.7.18-build.4 -> v0.7.18-build.4
2026-05-15T07:36:46.5251223Z  * [new tag]           v0.7.19         -> v0.7.19
2026-05-15T07:36:46.5251687Z  * [new tag]           v0.7.19-build.2 -> v0.7.19-build.2
2026-05-15T07:36:46.5252239Z  * [new tag]           v0.7.20         -> v0.7.20
2026-05-15T07:36:46.5252887Z  * [new tag]           v0.7.20-build.2 -> v0.7.20-build.2
2026-05-15T07:36:46.5253764Z  * [new tag]           v0.7.20-build.3 -> v0.7.20-build.3
2026-05-15T07:36:46.5254377Z  * [new tag]           v0.7.20-build.4 -> v0.7.20-build.4
2026-05-15T07:36:46.5255035Z  * [new tag]           v0.8.0          -> v0.8.0
2026-05-15T07:36:46.5255611Z  * [new tag]           v0.8.0-build.2  -> v0.8.0-build.2
2026-05-15T07:36:46.5256183Z  * [new tag]           v0.8.1          -> v0.8.1
2026-05-15T07:36:46.5256747Z  * [new tag]           v0.8.10         -> v0.8.10
2026-05-15T07:36:46.5257313Z  * [new tag]           v0.8.11         -> v0.8.11
2026-05-15T07:36:46.5257798Z  * [new tag]           v0.8.12         -> v0.8.12
2026-05-15T07:36:46.5258268Z  * [new tag]           v0.8.13         -> v0.8.13
2026-05-15T07:36:46.5258742Z  * [new tag]           v0.8.14         -> v0.8.14
2026-05-15T07:36:46.5259133Z  * [new tag]           v0.8.15         -> v0.8.15
2026-05-15T07:36:46.5259669Z  * [new tag]           v0.8.2          -> v0.8.2
2026-05-15T07:36:46.5260120Z  * [new tag]           v0.8.3          -> v0.8.3
2026-05-15T07:36:46.5260977Z  * [new tag]           v0.8.4          -> v0.8.4
2026-05-15T07:36:46.5261445Z  * [new tag]           v0.8.5          -> v0.8.5
2026-05-15T07:36:46.5261945Z  * [new tag]           v0.8.6          -> v0.8.6
2026-05-15T07:36:46.5262406Z  * [new tag]           v0.8.7          -> v0.8.7
2026-05-15T07:36:46.5262859Z  * [new tag]           v0.8.8          -> v0.8.8
2026-05-15T07:36:46.5263129Z  * [new tag]           v0.8.9          -> v0.8.9
2026-05-15T07:36:46.5263392Z  * [new tag]           v0.9.1          -> v0.9.1
2026-05-15T07:36:46.5264041Z  * [new tag]           v0.9.2          -> v0.9.2
2026-05-15T07:36:46.5264315Z  * [new tag]           v1.0.1          -> v1.0.1
2026-05-15T07:36:46.5264600Z  * [new tag]           v1.0.10         -> v1.0.10
2026-05-15T07:36:46.5264885Z  * [new tag]           v1.0.11         -> v1.0.11
2026-05-15T07:36:46.5265153Z  * [new tag]           v1.0.12         -> v1.0.12
2026-05-15T07:36:46.5265428Z  * [new tag]           v1.0.13         -> v1.0.13
2026-05-15T07:36:46.5265709Z  * [new tag]           v1.0.2          -> v1.0.2
2026-05-15T07:36:46.5265999Z  * [new tag]           v1.0.3          -> v1.0.3
2026-05-15T07:36:46.5266306Z  * [new tag]           v1.0.4          -> v1.0.4
2026-05-15T07:36:46.5266569Z  * [new tag]           v1.0.5          -> v1.0.5
2026-05-15T07:36:46.5266834Z  * [new tag]           v1.0.6          -> v1.0.6
2026-05-15T07:36:46.5267099Z  * [new tag]           v1.0.7          -> v1.0.7
2026-05-15T07:36:46.5267357Z  * [new tag]           v1.0.8          -> v1.0.8
2026-05-15T07:36:46.5267623Z  * [new tag]           v1.0.9          -> v1.0.9
2026-05-15T07:36:46.5267888Z  * [new tag]           v1.1.1          -> v1.1.1
2026-05-15T07:36:46.5268176Z  * [new tag]           v1.1.1-build.2  -> v1.1.1-build.2
2026-05-15T07:36:46.5268749Z  * [new tag]           v1.1.1-build.3  -> v1.1.1-build.3
2026-05-15T07:36:46.5269300Z  * [new tag]           v1.1.1-build.4  -> v1.1.1-build.4
2026-05-15T07:36:46.5269848Z  * [new tag]           v1.1.10         -> v1.1.10
2026-05-15T07:36:46.5270395Z  * [new tag]           v1.1.11         -> v1.1.11
2026-05-15T07:36:46.5271139Z  * [new tag]           v1.1.12         -> v1.1.12
2026-05-15T07:36:46.5271711Z  * [new tag]           v1.1.2          -> v1.1.2
2026-05-15T07:36:46.5272246Z  * [new tag]           v1.1.3          -> v1.1.3
2026-05-15T07:36:46.5272782Z  * [new tag]           v1.1.4          -> v1.1.4
2026-05-15T07:36:46.5273332Z  * [new tag]           v1.1.5          -> v1.1.5
2026-05-15T07:36:46.5274095Z  * [new tag]           v1.1.6          -> v1.1.6
2026-05-15T07:36:46.5274657Z  * [new tag]           v1.1.7          -> v1.1.7
2026-05-15T07:36:46.5275149Z  * [new tag]           v1.1.8          -> v1.1.8
2026-05-15T07:36:46.5275619Z  * [new tag]           v1.1.9          -> v1.1.9
2026-05-15T07:36:46.5276125Z  * [new tag]           v1.3.0          -> v1.3.0
2026-05-15T07:36:46.5276620Z  * [new tag]           v1.3.1          -> v1.3.1
2026-05-15T07:36:46.5277088Z  * [new tag]           v1.3.10         -> v1.3.10
2026-05-15T07:36:46.5277709Z  * [new tag]           v1.3.11         -> v1.3.11
2026-05-15T07:36:46.5278267Z  * [new tag]           v1.3.11-build.2 -> v1.3.11-build.2
2026-05-15T07:36:46.5278794Z  * [new tag]           v1.3.12         -> v1.3.12
2026-05-15T07:36:46.5279295Z  * [new tag]           v1.3.13         -> v1.3.13
2026-05-15T07:36:46.5279807Z  * [new tag]           v1.3.13-build.2 -> v1.3.13-build.2
2026-05-15T07:36:46.5280362Z  * [new tag]           v1.3.14         -> v1.3.14
2026-05-15T07:36:46.5280872Z  * [new tag]           v1.3.15         -> v1.3.15
2026-05-15T07:36:46.5281406Z  * [new tag]           v1.3.16         -> v1.3.16
2026-05-15T07:36:46.5281932Z  * [new tag]           v1.3.17         -> v1.3.17
2026-05-15T07:36:46.5282473Z  * [new tag]           v1.3.18         -> v1.3.18
2026-05-15T07:36:46.5283003Z  * [new tag]           v1.3.19         -> v1.3.19
2026-05-15T07:36:46.5283740Z  * [new tag]           v1.3.2          -> v1.3.2
2026-05-15T07:36:46.5284298Z  * [new tag]           v1.3.20         -> v1.3.20
2026-05-15T07:36:46.5285101Z  * [new tag]           v1.3.21         -> v1.3.21
2026-05-15T07:36:46.5285642Z  * [new tag]           v1.3.22         -> v1.3.22
2026-05-15T07:36:46.5286156Z  * [new tag]           v1.3.23         -> v1.3.23
2026-05-15T07:36:46.5286687Z  * [new tag]           v1.3.24         -> v1.3.24
2026-05-15T07:36:46.5287222Z  * [new tag]           v1.3.25         -> v1.3.25
2026-05-15T07:36:46.5287756Z  * [new tag]           v1.3.26         -> v1.3.26
2026-05-15T07:36:46.5288282Z  * [new tag]           v1.3.27         -> v1.3.27
2026-05-15T07:36:46.5288830Z  * [new tag]           v1.3.28         -> v1.3.28
2026-05-15T07:36:46.5289333Z  * [new tag]           v1.3.29         -> v1.3.29
2026-05-15T07:36:46.5289826Z  * [new tag]           v1.3.3          -> v1.3.3
2026-05-15T07:36:46.5290324Z  * [new tag]           v1.3.30         -> v1.3.30
2026-05-15T07:36:46.5290815Z  * [new tag]           v1.3.31         -> v1.3.31
2026-05-15T07:36:46.5291344Z  * [new tag]           v1.3.32         -> v1.3.32
2026-05-15T07:36:46.5291851Z  * [new tag]           v1.3.33         -> v1.3.33
2026-05-15T07:36:46.5292347Z  * [new tag]           v1.3.34         -> v1.3.34
2026-05-15T07:36:46.5292841Z  * [new tag]           v1.3.35         -> v1.3.35
2026-05-15T07:36:46.5293334Z  * [new tag]           v1.3.36         -> v1.3.36
2026-05-15T07:36:46.5294103Z  * [new tag]           v1.3.37         -> v1.3.37
2026-05-15T07:36:46.5294591Z  * [new tag]           v1.3.38         -> v1.3.38
2026-05-15T07:36:46.5295076Z  * [new tag]           v1.3.39         -> v1.3.39
2026-05-15T07:36:46.5364887Z  * [new tag]           v1.3.4          -> v1.3.4
2026-05-15T07:36:46.5365807Z  * [new tag]           v1.3.40         -> v1.3.40
2026-05-15T07:36:46.5366358Z  * [new tag]           v1.3.41         -> v1.3.41
2026-05-15T07:36:46.5366851Z  * [new tag]           v1.3.42         -> v1.3.42
2026-05-15T07:36:46.5367414Z  * [new tag]           v1.3.43         -> v1.3.43
2026-05-15T07:36:46.5367964Z  * [new tag]           v1.3.44         -> v1.3.44
2026-05-15T07:36:46.5368390Z  * [new tag]           v1.3.45         -> v1.3.45
2026-05-15T07:36:46.5369144Z  * [new tag]           v1.3.46         -> v1.3.46
2026-05-15T07:36:46.5369828Z  * [new tag]           v1.3.47         -> v1.3.47
2026-05-15T07:36:46.5370549Z  * [new tag]           v1.3.48         -> v1.3.48
2026-05-15T07:36:46.5371240Z  * [new tag]           v1.3.49         -> v1.3.49
2026-05-15T07:36:46.5371930Z  * [new tag]           v1.3.5          -> v1.3.5
2026-05-15T07:36:46.5372612Z  * [new tag]           v1.3.5-build.2  -> v1.3.5-build.2
2026-05-15T07:36:46.5373354Z  * [new tag]           v1.3.50         -> v1.3.50
2026-05-15T07:36:46.5374360Z  * [new tag]           v1.3.51         -> v1.3.51
2026-05-15T07:36:46.5375043Z  * [new tag]           v1.3.52         -> v1.3.52
2026-05-15T07:36:46.5375729Z  * [new tag]           v1.3.53         -> v1.3.53
2026-05-15T07:36:46.5376444Z  * [new tag]           v1.3.54         -> v1.3.54
2026-05-15T07:36:46.5377102Z  * [new tag]           v1.3.55         -> v1.3.55
2026-05-15T07:36:46.5377753Z  * [new tag]           v1.3.56         -> v1.3.56
2026-05-15T07:36:46.5378390Z  * [new tag]           v1.3.57         -> v1.3.57
2026-05-15T07:36:46.5378991Z  * [new tag]           v1.3.58         -> v1.3.58
2026-05-15T07:36:46.5379594Z  * [new tag]           v1.3.59         -> v1.3.59
2026-05-15T07:36:46.5380249Z  * [new tag]           v1.3.6          -> v1.3.6
2026-05-15T07:36:46.5380887Z  * [new tag]           v1.3.60         -> v1.3.60
2026-05-15T07:36:46.5381501Z  * [new tag]           v1.3.61         -> v1.3.61
2026-05-15T07:36:46.5382189Z  * [new tag]           v1.3.62         -> v1.3.62
2026-05-15T07:36:46.5382903Z  * [new tag]           v1.3.7          -> v1.3.7
2026-05-15T07:36:46.5383954Z  * [new tag]           v1.3.8          -> v1.3.8
2026-05-15T07:36:46.5384873Z  * [new tag]           v1.3.9          -> v1.3.9
2026-05-15T07:36:46.5385523Z  * [new tag]           v1.4.40         -> v1.4.40
2026-05-15T07:36:46.5386049Z  * [new tag]           v1.5.0          -> v1.5.0
2026-05-15T07:36:46.5386753Z  * [new tag]           v1.5.2          -> v1.5.2
2026-05-15T07:36:46.5387268Z  * [new tag]           v1.5.3          -> v1.5.3
2026-05-15T07:36:46.5387753Z  * [new tag]           v1.6.0          -> v1.6.0
2026-05-15T07:36:46.5388234Z  * [new tag]           v1.7.0          -> v1.7.0
2026-05-15T07:36:46.5388708Z  * [new tag]           v1.7.37         -> v1.7.37
2026-05-15T07:36:46.5389210Z  * [new tag]           v1.7.38         -> v1.7.38
2026-05-15T07:36:46.5389703Z  * [new tag]           v1.7.39         -> v1.7.39
2026-05-15T07:36:46.5390183Z  * [new tag]           v1.7.40         -> v1.7.40
2026-05-15T07:36:46.5390668Z  * [new tag]           v1.7.41         -> v1.7.41
2026-05-15T07:36:46.5391151Z  * [new tag]           v1.7.42         -> v1.7.42
2026-05-15T07:36:46.5391626Z  * [new tag]           v1.7.43         -> v1.7.43
2026-05-15T07:36:46.5392114Z  * [new tag]           v1.7.44         -> v1.7.44
2026-05-15T07:36:46.5392618Z  * [new tag]           v1.7.45         -> v1.7.45
2026-05-15T07:36:46.5393104Z  * [new tag]           v1.7.46         -> v1.7.46
2026-05-15T07:36:46.5393865Z  * [new tag]           v1.7.47         -> v1.7.47
2026-05-15T07:36:46.5394365Z  * [new tag]           v1.7.48         -> v1.7.48
2026-05-15T07:36:46.5394838Z  * [new tag]           v1.7.49         -> v1.7.49
2026-05-15T07:36:46.5395327Z  * [new tag]           v1.7.50         -> v1.7.50
2026-05-15T07:36:46.5395813Z  * [new tag]           v1.7.51         -> v1.7.51
2026-05-15T07:36:46.5396295Z  * [new tag]           v1.7.52         -> v1.7.52
2026-05-15T07:36:46.5396774Z  * [new tag]           v1.7.53         -> v1.7.53
2026-05-15T07:36:46.5397248Z  * [new tag]           v1.7.54         -> v1.7.54
2026-05-15T07:36:46.5397735Z  * [new tag]           v1.7.55         -> v1.7.55
2026-05-15T07:36:46.5398206Z  * [new tag]           v1.7.56         -> v1.7.56
2026-05-15T07:36:46.5398683Z  * [new tag]           v1.7.57         -> v1.7.57
2026-05-15T07:36:46.5399162Z  * [new tag]           v1.7.58         -> v1.7.58
2026-05-15T07:36:46.5399644Z  * [new tag]           v1.7.59         -> v1.7.59
2026-05-15T07:36:46.5400281Z  * [new tag]           v1.7.60         -> v1.7.60
2026-05-15T07:36:46.5400781Z  * [new tag]           v1.7.61         -> v1.7.61
2026-05-15T07:36:46.5401255Z  * [new tag]           v1.7.62         -> v1.7.62
2026-05-15T07:36:46.5401738Z  * [new tag]           v1.7.63         -> v1.7.63
2026-05-15T07:36:46.5402233Z  * [new tag]           v1.7.64         -> v1.7.64
2026-05-15T07:36:46.5402705Z  * [new tag]           v1.7.65         -> v1.7.65
2026-05-15T07:36:46.5403188Z  * [new tag]           v1.7.66         -> v1.7.66
2026-05-15T07:36:46.5403921Z  * [new tag]           v1.7.67         -> v1.7.67
2026-05-15T07:36:46.5404427Z  * [new tag]           v1.7.68         -> v1.7.68
2026-05-15T07:36:46.5404919Z  * [new tag]           v1.7.69         -> v1.7.69
2026-05-15T07:36:46.5405408Z  * [new tag]           v1.7.70         -> v1.7.70
2026-05-15T07:36:46.5405915Z  * [new tag]           v1.7.71         -> v1.7.71
2026-05-15T07:36:46.5406419Z  * [new tag]           v1.7.72         -> v1.7.72
2026-05-15T07:36:46.5406920Z  * [new tag]           v1.7.73         -> v1.7.73
2026-05-15T07:36:46.5407397Z  * [new tag]           v1.7.74         -> v1.7.74
2026-05-15T07:36:46.5407882Z  * [new tag]           v1.7.75         -> v1.7.75
2026-05-15T07:36:46.5408367Z  * [new tag]           v1.7.76         -> v1.7.76
2026-05-15T07:36:46.5408844Z  * [new tag]           v1.7.77         -> v1.7.77
2026-05-15T07:36:46.5409328Z  * [new tag]           v1.7.78         -> v1.7.78
2026-05-15T07:36:46.5409811Z  * [new tag]           v1.7.79         -> v1.7.79
2026-05-15T07:36:46.5410285Z  * [new tag]           v1.7.80         -> v1.7.80
2026-05-15T07:36:46.5410770Z  * [new tag]           v1.7.81         -> v1.7.81
2026-05-15T07:36:46.5411255Z  * [new tag]           v1.7.82         -> v1.7.82
2026-05-15T07:36:46.5411735Z  * [new tag]           v1.7.83         -> v1.7.83
2026-05-15T07:36:46.5412218Z  * [new tag]           v1.7.84         -> v1.7.84
2026-05-15T07:36:46.5412893Z  * [new tag]           v1.7.85         -> v1.7.85
2026-05-15T07:36:46.5413390Z  * [new tag]           v1.7.86         -> v1.7.86
2026-05-15T07:36:46.5414100Z  * [new tag]           v1.7.87         -> v1.7.87
2026-05-15T07:36:46.5414593Z  * [new tag]           v1.7.90         -> v1.7.90
2026-05-15T07:36:46.5415081Z  * [new tag]           v1.7.92         -> v1.7.92
2026-05-15T07:36:46.5415555Z  * [new tag]           v1.7.93         -> v1.7.93
2026-05-15T07:36:46.5416044Z  * [new tag]           v1.7.94         -> v1.7.94
2026-05-15T07:36:46.5416524Z  * [new tag]           v1.7.95         -> v1.7.95
2026-05-15T07:36:46.5417001Z  * [new tag]           v1.7.96         -> v1.7.96
2026-05-15T07:36:46.5417485Z  * [new tag]           v1.7.97         -> v1.7.97
2026-05-15T07:36:46.5417974Z  * [new tag]           v1.8.0          -> v1.8.0
2026-05-15T07:36:46.5418464Z  * [new tag]           v1.8.1          -> v1.8.1
2026-05-15T07:36:46.5418975Z  * [new tag]           v1.8.10         -> v1.8.10
2026-05-15T07:36:46.5419483Z  * [new tag]           v1.8.11         -> v1.8.11
2026-05-15T07:36:46.5419970Z  * [new tag]           v1.8.12         -> v1.8.12
2026-05-15T07:36:46.5420460Z  * [new tag]           v1.8.14         -> v1.8.14
2026-05-15T07:36:46.5420949Z  * [new tag]           v1.8.15         -> v1.8.15
2026-05-15T07:36:46.5421439Z  * [new tag]           v1.8.16         -> v1.8.16
2026-05-15T07:36:46.5421928Z  * [new tag]           v1.8.17         -> v1.8.17
2026-05-15T07:36:46.5422430Z  * [new tag]           v1.8.18         -> v1.8.18
2026-05-15T07:36:46.5422926Z  * [new tag]           v1.8.19         -> v1.8.19
2026-05-15T07:36:46.5423404Z  * [new tag]           v1.8.2          -> v1.8.2
2026-05-15T07:36:46.5424150Z  * [new tag]           v1.8.20         -> v1.8.20
2026-05-15T07:36:46.5424651Z  * [new tag]           v1.8.21         -> v1.8.21
2026-05-15T07:36:46.5425154Z  * [new tag]           v1.8.22         -> v1.8.22
2026-05-15T07:36:46.5425641Z  * [new tag]           v1.8.23         -> v1.8.23
2026-05-15T07:36:46.5426291Z  * [new tag]           v1.8.24         -> v1.8.24
2026-05-15T07:36:46.5426803Z  * [new tag]           v1.8.25         -> v1.8.25
2026-05-15T07:36:46.5427290Z  * [new tag]           v1.8.26         -> v1.8.26
2026-05-15T07:36:46.5427767Z  * [new tag]           v1.8.27         -> v1.8.27
2026-05-15T07:36:46.5428257Z  * [new tag]           v1.8.28         -> v1.8.28
2026-05-15T07:36:46.5428740Z  * [new tag]           v1.8.29         -> v1.8.29
2026-05-15T07:36:46.5429215Z  * [new tag]           v1.8.3          -> v1.8.3
2026-05-15T07:36:46.5429700Z  * [new tag]           v1.8.30         -> v1.8.30
2026-05-15T07:36:46.5430188Z  * [new tag]           v1.8.31         -> v1.8.31
2026-05-15T07:36:46.5430659Z  * [new tag]           v1.8.32         -> v1.8.32
2026-05-15T07:36:46.5431137Z  * [new tag]           v1.8.33         -> v1.8.33
2026-05-15T07:36:46.5431618Z  * [new tag]           v1.8.34         -> v1.8.34
2026-05-15T07:36:46.5432092Z  * [new tag]           v1.8.35         -> v1.8.35
2026-05-15T07:36:46.5432589Z  * [new tag]           v1.8.36         -> v1.8.36
2026-05-15T07:36:46.5433069Z  * [new tag]           v1.8.37         -> v1.8.37
2026-05-15T07:36:46.5433765Z  * [new tag]           v1.8.38         -> v1.8.38
2026-05-15T07:36:46.5434256Z  * [new tag]           v1.8.39         -> v1.8.39
2026-05-15T07:36:46.5434744Z  * [new tag]           v1.8.4          -> v1.8.4
2026-05-15T07:36:46.5435224Z  * [new tag]           v1.8.40         -> v1.8.40
2026-05-15T07:36:46.5435695Z  * [new tag]           v1.8.41         -> v1.8.41
2026-05-15T07:36:46.5436178Z  * [new tag]           v1.8.42         -> v1.8.42
2026-05-15T07:36:46.5436659Z  * [new tag]           v1.8.43         -> v1.8.43
2026-05-15T07:36:46.5437133Z  * [new tag]           v1.8.44         -> v1.8.44
2026-05-15T07:36:46.5437613Z  * [new tag]           v1.8.45         -> v1.8.45
2026-05-15T07:36:46.5438085Z  * [new tag]           v1.8.46         -> v1.8.46
2026-05-15T07:36:46.5438556Z  * [new tag]           v1.8.47         -> v1.8.47
2026-05-15T07:36:46.5439237Z  * [new tag]           v1.8.48         -> v1.8.48
2026-05-15T07:36:46.5439720Z  * [new tag]           v1.8.49         -> v1.8.49
2026-05-15T07:36:46.5440212Z  * [new tag]           v1.8.5          -> v1.8.5
2026-05-15T07:36:46.5440693Z  * [new tag]           v1.8.50         -> v1.8.50
2026-05-15T07:36:46.5441173Z  * [new tag]           v1.8.51         -> v1.8.51
2026-05-15T07:36:46.5441674Z  * [new tag]           v1.8.52         -> v1.8.52
2026-05-15T07:36:46.5442155Z  * [new tag]           v1.8.53         -> v1.8.53
2026-05-15T07:36:46.5442643Z  * [new tag]           v1.8.54         -> v1.8.54
2026-05-15T07:36:46.5443126Z  * [new tag]           v1.8.6          -> v1.8.6
2026-05-15T07:36:46.5443838Z  * [new tag]           v1.8.7          -> v1.8.7
2026-05-15T07:36:46.5444342Z  * [new tag]           v1.8.8          -> v1.8.8
2026-05-15T07:36:46.5444822Z  * [new tag]           v1.8.9          -> v1.8.9
2026-05-15T07:36:46.5445295Z  * [new tag]           v1.9.1          -> v1.9.1
2026-05-15T07:36:46.5445798Z  * [new tag]           v1.9.10         -> v1.9.10
2026-05-15T07:36:46.5446282Z  * [new tag]           v1.9.11         -> v1.9.11
2026-05-15T07:36:46.5446755Z  * [new tag]           v1.9.12         -> v1.9.12
2026-05-15T07:36:46.5447237Z  * [new tag]           v1.9.13         -> v1.9.13
2026-05-15T07:36:46.5447709Z  * [new tag]           v1.9.14         -> v1.9.14
2026-05-15T07:36:46.5448193Z  * [new tag]           v1.9.15         -> v1.9.15
2026-05-15T07:36:46.5448674Z  * [new tag]           v1.9.16         -> v1.9.16
2026-05-15T07:36:46.5449158Z  * [new tag]           v1.9.18         -> v1.9.18
2026-05-15T07:36:46.5449639Z  * [new tag]           v1.9.19         -> v1.9.19
2026-05-15T07:36:46.5450107Z  * [new tag]           v1.9.2          -> v1.9.2
2026-05-15T07:36:46.5450590Z  * [new tag]           v1.9.20         -> v1.9.20
2026-05-15T07:36:46.5451078Z  * [new tag]           v1.9.21         -> v1.9.21
2026-05-15T07:36:46.5451542Z  * [new tag]           v1.9.22         -> v1.9.22
2026-05-15T07:36:46.5452187Z  * [new tag]           v1.9.23         -> v1.9.23
2026-05-15T07:36:46.5452687Z  * [new tag]           v1.9.24         -> v1.9.24
2026-05-15T07:36:46.5453162Z  * [new tag]           v1.9.26         -> v1.9.26
2026-05-15T07:36:46.5453856Z  * [new tag]           v1.9.27         -> v1.9.27
2026-05-15T07:36:46.5454347Z  * [new tag]           v1.9.28         -> v1.9.28
2026-05-15T07:36:46.5454823Z  * [new tag]           v1.9.29         -> v1.9.29
2026-05-15T07:36:46.5455306Z  * [new tag]           v1.9.3          -> v1.9.3
2026-05-15T07:36:46.5455775Z  * [new tag]           v1.9.30         -> v1.9.30
2026-05-15T07:36:46.5456254Z  * [new tag]           v1.9.31         -> v1.9.31
2026-05-15T07:36:46.5456726Z  * [new tag]           v1.9.32         -> v1.9.32
2026-05-15T07:36:46.5457207Z  * [new tag]           v1.9.4          -> v1.9.4
2026-05-15T07:36:46.5457678Z  * [new tag]           v1.9.5          -> v1.9.5
2026-05-15T07:36:46.5458146Z  * [new tag]           v1.9.6          -> v1.9.6
2026-05-15T07:36:46.5458645Z  * [new tag]           v1.9.7          -> v1.9.7
2026-05-15T07:36:46.5459125Z  * [new tag]           v1.9.8          -> v1.9.8
2026-05-15T07:36:46.5459595Z  * [new tag]           v1.9.9          -> v1.9.9
2026-05-15T07:36:46.5625959Z ##[endgroup]
2026-05-15T07:36:46.5626346Z ##[group]Determining the checkout info
2026-05-15T07:36:46.5631940Z [command]/usr/bin/git branch --list --remote origin/feat/web-multitask-paste
2026-05-15T07:36:46.5692459Z [command]/usr/bin/git tag --list feat/web-multitask-paste
2026-05-15T07:36:46.5783948Z ##[error]A branch or tag with the name 'feat/web-multitask-paste' could not be found
2026-05-15T07:36:46.6068743Z Post job cleanup.
2026-05-15T07:36:46.6891959Z [command]/usr/bin/git version
2026-05-15T07:36:46.6927957Z git version 2.53.0
2026-05-15T07:36:46.7000843Z Temporarily overriding HOME='/home/runner/work/_temp/b2210903-8914-4358-881a-450c14f0f472' before making global git config changes
2026-05-15T07:36:46.7002517Z Adding repository directory to the temporary git global config as a safe directory
2026-05-15T07:36:46.7007263Z [command]/usr/bin/git config --global --add safe.directory /home/runner/work/prismTask/prismTask
2026-05-15T07:36:46.7038838Z Removing SSH command configuration
2026-05-15T07:36:46.7045369Z [command]/usr/bin/git config --local --name-only --get-regexp core\.sshCommand
2026-05-15T07:36:46.7078916Z [command]/usr/bin/git submodule foreach --recursive sh -c "git config --local --name-only --get-regexp 'core\.sshCommand' && git config --local --unset-all 'core.sshCommand' || :"
2026-05-15T07:36:46.7295519Z Removing HTTP extra header
2026-05-15T07:36:46.7300586Z [command]/usr/bin/git config --local --name-only --get-regexp http\.https\:\/\/github\.com\/\.extraheader
2026-05-15T07:36:46.7335592Z [command]/usr/bin/git submodule foreach --recursive sh -c "git config --local --name-only --get-regexp 'http\.https\:\/\/github\.com\/\.extraheader' && git config --local --unset-all 'http.https://github.com/.extraheader' || :"
2026-05-15T07:36:46.7565480Z Removing includeIf entries pointing to credentials config files
2026-05-15T07:36:46.7571327Z [command]/usr/bin/git config --local --name-only --get-regexp ^includeIf\.gitdir:
2026-05-15T07:36:46.7594373Z includeif.gitdir:/home/runner/work/prismTask/prismTask/.git.path
2026-05-15T07:36:46.7595512Z includeif.gitdir:/home/runner/work/prismTask/prismTask/.git/worktrees/*.path
2026-05-15T07:36:46.7596630Z includeif.gitdir:/github/workspace/.git.path
2026-05-15T07:36:46.7597543Z includeif.gitdir:/github/workspace/.git/worktrees/*.path
2026-05-15T07:36:46.7604079Z [command]/usr/bin/git config --local --get-all includeif.gitdir:/home/runner/work/prismTask/prismTask/.git.path
2026-05-15T07:36:46.7626078Z /home/runner/work/_temp/git-credentials-6fd37235-7d19-4008-9602-dacab4507831.config
2026-05-15T07:36:46.7638278Z [command]/usr/bin/git config --local --unset includeif.gitdir:/home/runner/work/prismTask/prismTask/.git.path /home/runner/work/_temp/git-credentials-6fd37235-7d19-4008-9602-dacab4507831.config
2026-05-15T07:36:46.7672397Z [command]/usr/bin/git config --local --get-all includeif.gitdir:/home/runner/work/prismTask/prismTask/.git/worktrees/*.path
2026-05-15T07:36:46.7694887Z /home/runner/work/_temp/git-credentials-6fd37235-7d19-4008-9602-dacab4507831.config
2026-05-15T07:36:46.7710697Z [command]/usr/bin/git config --local --unset includeif.gitdir:/home/runner/work/prismTask/prismTask/.git/worktrees/*.path /home/runner/work/_temp/git-credentials-6fd37235-7d19-4008-9602-dacab4507831.config
2026-05-15T07:36:46.7736835Z [command]/usr/bin/git config --local --get-all includeif.gitdir:/github/workspace/.git.path
2026-05-15T07:36:46.7758697Z /github/runner_temp/git-credentials-6fd37235-7d19-4008-9602-dacab4507831.config
2026-05-15T07:36:46.7766395Z [command]/usr/bin/git config --local --unset includeif.gitdir:/github/workspace/.git.path /github/runner_temp/git-credentials-6fd37235-7d19-4008-9602-dacab4507831.config
2026-05-15T07:36:46.7800504Z [command]/usr/bin/git config --local --get-all includeif.gitdir:/github/workspace/.git/worktrees/*.path
2026-05-15T07:36:46.7822929Z /github/runner_temp/git-credentials-6fd37235-7d19-4008-9602-dacab4507831.config
2026-05-15T07:36:46.7830191Z [command]/usr/bin/git config --local --unset includeif.gitdir:/github/workspace/.git/worktrees/*.path /github/runner_temp/git-credentials-6fd37235-7d19-4008-9602-dacab4507831.config
2026-05-15T07:36:46.7862401Z [command]/usr/bin/git submodule foreach --recursive git config --local --show-origin --name-only --get-regexp remote.origin.url
2026-05-15T07:36:46.8093110Z Removing credentials config '/home/runner/work/_temp/git-credentials-6fd37235-7d19-4008-9602-dacab4507831.config'
2026-05-15T07:36:46.8243127Z Cleaning up orphan processes
