=== CI FAILURE ===
Workflow:      Android CI
Workflow file: averycorp/prismTask/.github/workflows/android-ci.yml@refs/pull/1503/merge
Job(s):        autofix
Run ID:        25941920869
Run attempt:   1
Run URL:       https://github.com/averycorp/prismTask/actions/runs/25941920869
Commit:        590e0bcbe2f1628a824c98f4d3f26a63f8212c4e
Branch:        1503/merge
Event:         pull_request
Actor:         akarlin3
Runner OS:     Linux
Timestamp:     2026-05-15T21:20:16.634Z

Failed steps:
  - autofix: #2 Run actions/checkout@v6

=== FAILED JOB LOG ===

--- Job: autofix (id 76261352034) ---
2026-05-15T21:19:44.9065525Z Current runner version: '2.334.0'
2026-05-15T21:19:44.9089808Z ##[group]Runner Image Provisioner
2026-05-15T21:19:44.9090627Z Hosted Compute Agent
2026-05-15T21:19:44.9091200Z Version: 20260213.493
2026-05-15T21:19:44.9091950Z Commit: 5c115507f6dd24b8de37d8bbe0bb4509d0cc0fa3
2026-05-15T21:19:44.9092633Z Build Date: 2026-02-13T00:28:41Z
2026-05-15T21:19:44.9093666Z Worker ID: {1f39ed06-f05b-43fe-8bff-78553e46552a}
2026-05-15T21:19:44.9094468Z Azure Region: westcentralus
2026-05-15T21:19:44.9095075Z ##[endgroup]
2026-05-15T21:19:44.9096442Z ##[group]Operating System
2026-05-15T21:19:44.9097082Z Ubuntu
2026-05-15T21:19:44.9097577Z 24.04.4
2026-05-15T21:19:44.9098039Z LTS
2026-05-15T21:19:44.9098551Z ##[endgroup]
2026-05-15T21:19:44.9099104Z ##[group]Runner Image
2026-05-15T21:19:44.9099638Z Image: ubuntu-24.04
2026-05-15T21:19:44.9100232Z Version: 20260513.135.3
2026-05-15T21:19:44.9101441Z Included Software: https://github.com/actions/runner-images/blob/ubuntu24/20260513.135/images/ubuntu/Ubuntu2404-Readme.md
2026-05-15T21:19:44.9103268Z Image Release: https://github.com/actions/runner-images/releases/tag/ubuntu24%2F20260513.135
2026-05-15T21:19:44.9104252Z ##[endgroup]
2026-05-15T21:19:44.9105583Z ##[group]GITHUB_TOKEN Permissions
2026-05-15T21:19:44.9107451Z Actions: read
2026-05-15T21:19:44.9107956Z Checks: read
2026-05-15T21:19:44.9108574Z Contents: write
2026-05-15T21:19:44.9109098Z Metadata: read
2026-05-15T21:19:44.9109619Z PullRequests: read
2026-05-15T21:19:44.9110198Z ##[endgroup]
2026-05-15T21:19:44.9112119Z Secret source: Actions
2026-05-15T21:19:44.9113001Z Prepare workflow directory
2026-05-15T21:19:44.9450038Z Prepare all required actions
2026-05-15T21:19:44.9487577Z Getting action download info
2026-05-15T21:19:45.3491290Z Download action repository 'actions/checkout@v6' (SHA:de0fac2e4500dabe0009e67214ff5f5447ce83dd)
2026-05-15T21:19:45.4552319Z Download action repository 'dorny/paths-filter@v4' (SHA:fbd0ab8f3e69293af611ebaee6363fc25e6d187d)
2026-05-15T21:19:45.9575912Z Download action repository 'actions/cache@v5' (SHA:27d5ce7f107fe9357f9df03efb73ab90386fccae)
2026-05-15T21:19:46.1616286Z Complete job name: autofix
2026-05-15T21:19:46.2371621Z ##[group]Run actions/checkout@v6
2026-05-15T21:19:46.2372452Z with:
2026-05-15T21:19:46.2373659Z   token: ***
2026-05-15T21:19:46.2374105Z   ref: feat/web-mode-load-chip-pickers
2026-05-15T21:19:46.2374704Z   fetch-depth: 0
2026-05-15T21:19:46.2375159Z   repository: averycorp/prismTask
2026-05-15T21:19:46.2375659Z   ssh-strict: true
2026-05-15T21:19:46.2376074Z   ssh-user: git
2026-05-15T21:19:46.2376501Z   persist-credentials: true
2026-05-15T21:19:46.2376969Z   clean: true
2026-05-15T21:19:46.2377398Z   sparse-checkout-cone-mode: true
2026-05-15T21:19:46.2377891Z   fetch-tags: false
2026-05-15T21:19:46.2378329Z   show-progress: true
2026-05-15T21:19:46.2378771Z   lfs: false
2026-05-15T21:19:46.2379175Z   submodules: false
2026-05-15T21:19:46.2379609Z   set-safe-directory: true
2026-05-15T21:19:46.2380290Z ##[endgroup]
2026-05-15T21:19:46.3376622Z Syncing repository: averycorp/prismTask
2026-05-15T21:19:46.3378477Z ##[group]Getting Git version info
2026-05-15T21:19:46.3379285Z Working directory is '/home/runner/work/prismTask/prismTask'
2026-05-15T21:19:46.3380358Z [command]/usr/bin/git version
2026-05-15T21:19:46.3429728Z git version 2.54.0
2026-05-15T21:19:46.3451056Z ##[endgroup]
2026-05-15T21:19:46.3465129Z Temporarily overriding HOME='/home/runner/work/_temp/d5848d56-afed-41e7-a9db-c18e5ba0b0f5' before making global git config changes
2026-05-15T21:19:46.3466608Z Adding repository directory to the temporary git global config as a safe directory
2026-05-15T21:19:46.3470129Z [command]/usr/bin/git config --global --add safe.directory /home/runner/work/prismTask/prismTask
2026-05-15T21:19:46.3518444Z Deleting the contents of '/home/runner/work/prismTask/prismTask'
2026-05-15T21:19:46.3521981Z ##[group]Initializing the repository
2026-05-15T21:19:46.3526657Z [command]/usr/bin/git init /home/runner/work/prismTask/prismTask
2026-05-15T21:19:46.3617865Z hint: Using 'master' as the name for the initial branch. This default branch name
2026-05-15T21:19:46.3619489Z hint: will change to "main" in Git 3.0. To configure the initial branch name
2026-05-15T21:19:46.3620471Z hint: to use in all of your new repositories, which will suppress this warning,
2026-05-15T21:19:46.3621750Z hint: call:
2026-05-15T21:19:46.3622625Z hint:
2026-05-15T21:19:46.3623626Z hint: 	git config --global init.defaultBranch <name>
2026-05-15T21:19:46.3624659Z hint:
2026-05-15T21:19:46.3625573Z hint: Names commonly chosen instead of 'master' are 'main', 'trunk' and
2026-05-15T21:19:46.3627037Z hint: 'development'. The just-created branch can be renamed via this command:
2026-05-15T21:19:46.3627789Z hint:
2026-05-15T21:19:46.3628202Z hint: 	git branch -m <name>
2026-05-15T21:19:46.3628664Z hint:
2026-05-15T21:19:46.3629504Z hint: Disable this message with "git config set advice.defaultBranchName false"
2026-05-15T21:19:46.3630923Z Initialized empty Git repository in /home/runner/work/prismTask/prismTask/.git/
2026-05-15T21:19:46.3634798Z [command]/usr/bin/git remote add origin https://github.com/averycorp/prismTask
2026-05-15T21:19:46.3676431Z ##[endgroup]
2026-05-15T21:19:46.3677716Z ##[group]Disabling automatic garbage collection
2026-05-15T21:19:46.3680603Z [command]/usr/bin/git config --local gc.auto 0
2026-05-15T21:19:46.3710640Z ##[endgroup]
2026-05-15T21:19:46.3711859Z ##[group]Setting up auth
2026-05-15T21:19:46.3713015Z Removing SSH command configuration
2026-05-15T21:19:46.3718152Z [command]/usr/bin/git config --local --name-only --get-regexp core\.sshCommand
2026-05-15T21:19:46.3752766Z [command]/usr/bin/git submodule foreach --recursive sh -c "git config --local --name-only --get-regexp 'core\.sshCommand' && git config --local --unset-all 'core.sshCommand' || :"
2026-05-15T21:19:46.4078095Z Removing HTTP extra header
2026-05-15T21:19:46.4084375Z [command]/usr/bin/git config --local --name-only --get-regexp http\.https\:\/\/github\.com\/\.extraheader
2026-05-15T21:19:46.4117788Z [command]/usr/bin/git submodule foreach --recursive sh -c "git config --local --name-only --get-regexp 'http\.https\:\/\/github\.com\/\.extraheader' && git config --local --unset-all 'http.https://github.com/.extraheader' || :"
2026-05-15T21:19:46.4344373Z Removing includeIf entries pointing to credentials config files
2026-05-15T21:19:46.4350781Z [command]/usr/bin/git config --local --name-only --get-regexp ^includeIf\.gitdir:
2026-05-15T21:19:46.4383449Z [command]/usr/bin/git submodule foreach --recursive git config --local --show-origin --name-only --get-regexp remote.origin.url
2026-05-15T21:19:46.4615703Z [command]/usr/bin/git config --file /home/runner/work/_temp/git-credentials-53247f11-07d2-4550-b048-a9b1d31038ad.config http.https://github.com/.extraheader AUTHORIZATION: basic ***
2026-05-15T21:19:46.4652685Z [command]/usr/bin/git config --local includeIf.gitdir:/home/runner/work/prismTask/prismTask/.git.path /home/runner/work/_temp/git-credentials-53247f11-07d2-4550-b048-a9b1d31038ad.config
2026-05-15T21:19:46.4683548Z [command]/usr/bin/git config --local includeIf.gitdir:/home/runner/work/prismTask/prismTask/.git/worktrees/*.path /home/runner/work/_temp/git-credentials-53247f11-07d2-4550-b048-a9b1d31038ad.config
2026-05-15T21:19:46.4716757Z [command]/usr/bin/git config --local includeIf.gitdir:/github/workspace/.git.path /github/runner_temp/git-credentials-53247f11-07d2-4550-b048-a9b1d31038ad.config
2026-05-15T21:19:46.4750150Z [command]/usr/bin/git config --local includeIf.gitdir:/github/workspace/.git/worktrees/*.path /github/runner_temp/git-credentials-53247f11-07d2-4550-b048-a9b1d31038ad.config
2026-05-15T21:19:46.4777450Z ##[endgroup]
2026-05-15T21:19:46.4778601Z ##[group]Fetching the repository
2026-05-15T21:19:46.4786148Z [command]/usr/bin/git -c protocol.version=2 fetch --no-tags --prune --no-recurse-submodules origin +refs/heads/*:refs/remotes/origin/* +refs/tags/*:refs/tags/*
2026-05-15T21:20:07.9092049Z From https://github.com/averycorp/prismTask
2026-05-15T21:20:07.9093113Z  * [new branch]        ci-logs         -> origin/ci-logs
2026-05-15T21:20:07.9094583Z  * [new branch]        feat/concept-repositioning-copy -> origin/feat/concept-repositioning-copy
2026-05-15T21:20:07.9095402Z  * [new branch]        main            -> origin/main
2026-05-15T21:20:07.9095932Z  * [new branch]        v0.1.0-legacy   -> origin/v0.1.0-legacy
2026-05-15T21:20:07.9096503Z  * [new branch]        v0.2.0-legacy   -> origin/v0.2.0-legacy
2026-05-15T21:20:07.9097105Z  * [new branch]        v0.3.0-legacy   -> origin/v0.3.0-legacy
2026-05-15T21:20:07.9097561Z  * [new branch]        v0.4.0-legacy   -> origin/v0.4.0-legacy
2026-05-15T21:20:07.9097947Z  * [new branch]        v0.5.0-legacy   -> origin/v0.5.0-legacy
2026-05-15T21:20:07.9098347Z  * [new branch]        v0.6.0-legacy   -> origin/v0.6.0-legacy
2026-05-15T21:20:07.9098731Z  * [new branch]        v0.7.0-legacy   -> origin/v0.7.0-legacy
2026-05-15T21:20:07.9099159Z  * [new tag]           v0.1.0          -> v0.1.0
2026-05-15T21:20:07.9099545Z  * [new tag]           v0.2.0          -> v0.2.0
2026-05-15T21:20:07.9099983Z  * [new tag]           v0.3.0          -> v0.3.0
2026-05-15T21:20:07.9100397Z  * [new tag]           v0.4.0          -> v0.4.0
2026-05-15T21:20:07.9100741Z  * [new tag]           v0.5.0          -> v0.5.0
2026-05-15T21:20:07.9101073Z  * [new tag]           v0.7.0          -> v0.7.0
2026-05-15T21:20:07.9101397Z  * [new tag]           v0.7.12         -> v0.7.12
2026-05-15T21:20:07.9101737Z  * [new tag]           v0.7.13         -> v0.7.13
2026-05-15T21:20:07.9102060Z  * [new tag]           v0.7.14         -> v0.7.14
2026-05-15T21:20:07.9102389Z  * [new tag]           v0.7.15         -> v0.7.15
2026-05-15T21:20:07.9102701Z  * [new tag]           v0.7.16         -> v0.7.16
2026-05-15T21:20:07.9103370Z  * [new tag]           v0.7.17         -> v0.7.17
2026-05-15T21:20:07.9103727Z  * [new tag]           v0.7.17-build.2 -> v0.7.17-build.2
2026-05-15T21:20:07.9104138Z  * [new tag]           v0.7.17-build.3 -> v0.7.17-build.3
2026-05-15T21:20:07.9104489Z  * [new tag]           v0.7.17-build.4 -> v0.7.17-build.4
2026-05-15T21:20:07.9104858Z  * [new tag]           v0.7.17-build.5 -> v0.7.17-build.5
2026-05-15T21:20:07.9105452Z  * [new tag]           v0.7.17-build.6 -> v0.7.17-build.6
2026-05-15T21:20:07.9105842Z  * [new tag]           v0.7.17-build.7 -> v0.7.17-build.7
2026-05-15T21:20:07.9106292Z  * [new tag]           v0.7.17-build.8 -> v0.7.17-build.8
2026-05-15T21:20:07.9106702Z  * [new tag]           v0.7.17-build.9 -> v0.7.17-build.9
2026-05-15T21:20:07.9107044Z  * [new tag]           v0.7.18         -> v0.7.18
2026-05-15T21:20:07.9107389Z  * [new tag]           v0.7.18-build.2 -> v0.7.18-build.2
2026-05-15T21:20:07.9107736Z  * [new tag]           v0.7.18-build.3 -> v0.7.18-build.3
2026-05-15T21:20:07.9108066Z  * [new tag]           v0.7.18-build.4 -> v0.7.18-build.4
2026-05-15T21:20:07.9108606Z  * [new tag]           v0.7.19         -> v0.7.19
2026-05-15T21:20:07.9108941Z  * [new tag]           v0.7.19-build.2 -> v0.7.19-build.2
2026-05-15T21:20:07.9109264Z  * [new tag]           v0.7.20         -> v0.7.20
2026-05-15T21:20:07.9109602Z  * [new tag]           v0.7.20-build.2 -> v0.7.20-build.2
2026-05-15T21:20:07.9109948Z  * [new tag]           v0.7.20-build.3 -> v0.7.20-build.3
2026-05-15T21:20:07.9110279Z  * [new tag]           v0.7.20-build.4 -> v0.7.20-build.4
2026-05-15T21:20:07.9110611Z  * [new tag]           v0.8.0          -> v0.8.0
2026-05-15T21:20:07.9110967Z  * [new tag]           v0.8.0-build.2  -> v0.8.0-build.2
2026-05-15T21:20:07.9111305Z  * [new tag]           v0.8.1          -> v0.8.1
2026-05-15T21:20:07.9111638Z  * [new tag]           v0.8.10         -> v0.8.10
2026-05-15T21:20:07.9111988Z  * [new tag]           v0.8.11         -> v0.8.11
2026-05-15T21:20:07.9112318Z  * [new tag]           v0.8.12         -> v0.8.12
2026-05-15T21:20:07.9112628Z  * [new tag]           v0.8.13         -> v0.8.13
2026-05-15T21:20:07.9113196Z  * [new tag]           v0.8.14         -> v0.8.14
2026-05-15T21:20:07.9113523Z  * [new tag]           v0.8.15         -> v0.8.15
2026-05-15T21:20:07.9114020Z  * [new tag]           v0.8.2          -> v0.8.2
2026-05-15T21:20:07.9114350Z  * [new tag]           v0.8.3          -> v0.8.3
2026-05-15T21:20:07.9114668Z  * [new tag]           v0.8.4          -> v0.8.4
2026-05-15T21:20:07.9114982Z  * [new tag]           v0.8.5          -> v0.8.5
2026-05-15T21:20:07.9115301Z  * [new tag]           v0.8.6          -> v0.8.6
2026-05-15T21:20:07.9115623Z  * [new tag]           v0.8.7          -> v0.8.7
2026-05-15T21:20:07.9115926Z  * [new tag]           v0.8.8          -> v0.8.8
2026-05-15T21:20:07.9116243Z  * [new tag]           v0.8.9          -> v0.8.9
2026-05-15T21:20:07.9116561Z  * [new tag]           v0.9.1          -> v0.9.1
2026-05-15T21:20:07.9116865Z  * [new tag]           v0.9.2          -> v0.9.2
2026-05-15T21:20:07.9117178Z  * [new tag]           v1.0.1          -> v1.0.1
2026-05-15T21:20:07.9117511Z  * [new tag]           v1.0.10         -> v1.0.10
2026-05-15T21:20:07.9117839Z  * [new tag]           v1.0.11         -> v1.0.11
2026-05-15T21:20:07.9118148Z  * [new tag]           v1.0.12         -> v1.0.12
2026-05-15T21:20:07.9118481Z  * [new tag]           v1.0.13         -> v1.0.13
2026-05-15T21:20:07.9118816Z  * [new tag]           v1.0.2          -> v1.0.2
2026-05-15T21:20:07.9119185Z  * [new tag]           v1.0.3          -> v1.0.3
2026-05-15T21:20:07.9119491Z  * [new tag]           v1.0.4          -> v1.0.4
2026-05-15T21:20:07.9119806Z  * [new tag]           v1.0.5          -> v1.0.5
2026-05-15T21:20:07.9120123Z  * [new tag]           v1.0.6          -> v1.0.6
2026-05-15T21:20:07.9120429Z  * [new tag]           v1.0.7          -> v1.0.7
2026-05-15T21:20:07.9120751Z  * [new tag]           v1.0.8          -> v1.0.8
2026-05-15T21:20:07.9121064Z  * [new tag]           v1.0.9          -> v1.0.9
2026-05-15T21:20:07.9121365Z  * [new tag]           v1.1.1          -> v1.1.1
2026-05-15T21:20:07.9121703Z  * [new tag]           v1.1.1-build.2  -> v1.1.1-build.2
2026-05-15T21:20:07.9122074Z  * [new tag]           v1.1.1-build.3  -> v1.1.1-build.3
2026-05-15T21:20:07.9122425Z  * [new tag]           v1.1.1-build.4  -> v1.1.1-build.4
2026-05-15T21:20:07.9123003Z  * [new tag]           v1.1.10         -> v1.1.10
2026-05-15T21:20:07.9123335Z  * [new tag]           v1.1.11         -> v1.1.11
2026-05-15T21:20:07.9123646Z  * [new tag]           v1.1.12         -> v1.1.12
2026-05-15T21:20:07.9123982Z  * [new tag]           v1.1.2          -> v1.1.2
2026-05-15T21:20:07.9124318Z  * [new tag]           v1.1.3          -> v1.1.3
2026-05-15T21:20:07.9124651Z  * [new tag]           v1.1.4          -> v1.1.4
2026-05-15T21:20:07.9124973Z  * [new tag]           v1.1.5          -> v1.1.5
2026-05-15T21:20:07.9125301Z  * [new tag]           v1.1.6          -> v1.1.6
2026-05-15T21:20:07.9125628Z  * [new tag]           v1.1.7          -> v1.1.7
2026-05-15T21:20:07.9125944Z  * [new tag]           v1.1.8          -> v1.1.8
2026-05-15T21:20:07.9126273Z  * [new tag]           v1.1.9          -> v1.1.9
2026-05-15T21:20:07.9126601Z  * [new tag]           v1.3.0          -> v1.3.0
2026-05-15T21:20:07.9126944Z  * [new tag]           v1.3.1          -> v1.3.1
2026-05-15T21:20:07.9127281Z  * [new tag]           v1.3.10         -> v1.3.10
2026-05-15T21:20:07.9127619Z  * [new tag]           v1.3.11         -> v1.3.11
2026-05-15T21:20:07.9127972Z  * [new tag]           v1.3.11-build.2 -> v1.3.11-build.2
2026-05-15T21:20:07.9128341Z  * [new tag]           v1.3.12         -> v1.3.12
2026-05-15T21:20:07.9128677Z  * [new tag]           v1.3.13         -> v1.3.13
2026-05-15T21:20:07.9129024Z  * [new tag]           v1.3.13-build.2 -> v1.3.13-build.2
2026-05-15T21:20:07.9129379Z  * [new tag]           v1.3.14         -> v1.3.14
2026-05-15T21:20:07.9129711Z  * [new tag]           v1.3.15         -> v1.3.15
2026-05-15T21:20:07.9130038Z  * [new tag]           v1.3.16         -> v1.3.16
2026-05-15T21:20:07.9130364Z  * [new tag]           v1.3.17         -> v1.3.17
2026-05-15T21:20:07.9130700Z  * [new tag]           v1.3.18         -> v1.3.18
2026-05-15T21:20:07.9131035Z  * [new tag]           v1.3.19         -> v1.3.19
2026-05-15T21:20:07.9131530Z  * [new tag]           v1.3.2          -> v1.3.2
2026-05-15T21:20:07.9131868Z  * [new tag]           v1.3.20         -> v1.3.20
2026-05-15T21:20:07.9132201Z  * [new tag]           v1.3.21         -> v1.3.21
2026-05-15T21:20:07.9132523Z  * [new tag]           v1.3.22         -> v1.3.22
2026-05-15T21:20:07.9132964Z  * [new tag]           v1.3.23         -> v1.3.23
2026-05-15T21:20:07.9133299Z  * [new tag]           v1.3.24         -> v1.3.24
2026-05-15T21:20:07.9133623Z  * [new tag]           v1.3.25         -> v1.3.25
2026-05-15T21:20:07.9133953Z  * [new tag]           v1.3.26         -> v1.3.26
2026-05-15T21:20:07.9134327Z  * [new tag]           v1.3.27         -> v1.3.27
2026-05-15T21:20:07.9134653Z  * [new tag]           v1.3.28         -> v1.3.28
2026-05-15T21:20:07.9134984Z  * [new tag]           v1.3.29         -> v1.3.29
2026-05-15T21:20:07.9135316Z  * [new tag]           v1.3.3          -> v1.3.3
2026-05-15T21:20:07.9135644Z  * [new tag]           v1.3.30         -> v1.3.30
2026-05-15T21:20:07.9135976Z  * [new tag]           v1.3.31         -> v1.3.31
2026-05-15T21:20:07.9136304Z  * [new tag]           v1.3.32         -> v1.3.32
2026-05-15T21:20:07.9136638Z  * [new tag]           v1.3.33         -> v1.3.33
2026-05-15T21:20:07.9136964Z  * [new tag]           v1.3.34         -> v1.3.34
2026-05-15T21:20:07.9137322Z  * [new tag]           v1.3.35         -> v1.3.35
2026-05-15T21:20:07.9137651Z  * [new tag]           v1.3.36         -> v1.3.36
2026-05-15T21:20:07.9137973Z  * [new tag]           v1.3.37         -> v1.3.37
2026-05-15T21:20:07.9138309Z  * [new tag]           v1.3.38         -> v1.3.38
2026-05-15T21:20:07.9138641Z  * [new tag]           v1.3.39         -> v1.3.39
2026-05-15T21:20:07.9138965Z  * [new tag]           v1.3.4          -> v1.3.4
2026-05-15T21:20:07.9139297Z  * [new tag]           v1.3.40         -> v1.3.40
2026-05-15T21:20:07.9139635Z  * [new tag]           v1.3.41         -> v1.3.41
2026-05-15T21:20:07.9139983Z  * [new tag]           v1.3.42         -> v1.3.42
2026-05-15T21:20:07.9213881Z  * [new tag]           v1.3.43         -> v1.3.43
2026-05-15T21:20:07.9214861Z  * [new tag]           v1.3.44         -> v1.3.44
2026-05-15T21:20:07.9215508Z  * [new tag]           v1.3.45         -> v1.3.45
2026-05-15T21:20:07.9216014Z  * [new tag]           v1.3.46         -> v1.3.46
2026-05-15T21:20:07.9216496Z  * [new tag]           v1.3.47         -> v1.3.47
2026-05-15T21:20:07.9216980Z  * [new tag]           v1.3.48         -> v1.3.48
2026-05-15T21:20:07.9217482Z  * [new tag]           v1.3.49         -> v1.3.49
2026-05-15T21:20:07.9218086Z  * [new tag]           v1.3.5          -> v1.3.5
2026-05-15T21:20:07.9218582Z  * [new tag]           v1.3.5-build.2  -> v1.3.5-build.2
2026-05-15T21:20:07.9219117Z  * [new tag]           v1.3.50         -> v1.3.50
2026-05-15T21:20:07.9219617Z  * [new tag]           v1.3.51         -> v1.3.51
2026-05-15T21:20:07.9220093Z  * [new tag]           v1.3.52         -> v1.3.52
2026-05-15T21:20:07.9220553Z  * [new tag]           v1.3.53         -> v1.3.53
2026-05-15T21:20:07.9221120Z  * [new tag]           v1.3.54         -> v1.3.54
2026-05-15T21:20:07.9221646Z  * [new tag]           v1.3.55         -> v1.3.55
2026-05-15T21:20:07.9222124Z  * [new tag]           v1.3.56         -> v1.3.56
2026-05-15T21:20:07.9222623Z  * [new tag]           v1.3.57         -> v1.3.57
2026-05-15T21:20:07.9223365Z  * [new tag]           v1.3.58         -> v1.3.58
2026-05-15T21:20:07.9223919Z  * [new tag]           v1.3.59         -> v1.3.59
2026-05-15T21:20:07.9224467Z  * [new tag]           v1.3.6          -> v1.3.6
2026-05-15T21:20:07.9225008Z  * [new tag]           v1.3.60         -> v1.3.60
2026-05-15T21:20:07.9225537Z  * [new tag]           v1.3.61         -> v1.3.61
2026-05-15T21:20:07.9226078Z  * [new tag]           v1.3.62         -> v1.3.62
2026-05-15T21:20:07.9226632Z  * [new tag]           v1.3.7          -> v1.3.7
2026-05-15T21:20:07.9227154Z  * [new tag]           v1.3.8          -> v1.3.8
2026-05-15T21:20:07.9227699Z  * [new tag]           v1.3.9          -> v1.3.9
2026-05-15T21:20:07.9228477Z  * [new tag]           v1.4.40         -> v1.4.40
2026-05-15T21:20:07.9229029Z  * [new tag]           v1.5.0          -> v1.5.0
2026-05-15T21:20:07.9229549Z  * [new tag]           v1.5.2          -> v1.5.2
2026-05-15T21:20:07.9230070Z  * [new tag]           v1.5.3          -> v1.5.3
2026-05-15T21:20:07.9230624Z  * [new tag]           v1.6.0          -> v1.6.0
2026-05-15T21:20:07.9231174Z  * [new tag]           v1.7.0          -> v1.7.0
2026-05-15T21:20:07.9231702Z  * [new tag]           v1.7.37         -> v1.7.37
2026-05-15T21:20:07.9232260Z  * [new tag]           v1.7.38         -> v1.7.38
2026-05-15T21:20:07.9232788Z  * [new tag]           v1.7.39         -> v1.7.39
2026-05-15T21:20:07.9233567Z  * [new tag]           v1.7.40         -> v1.7.40
2026-05-15T21:20:07.9234106Z  * [new tag]           v1.7.41         -> v1.7.41
2026-05-15T21:20:07.9234668Z  * [new tag]           v1.7.42         -> v1.7.42
2026-05-15T21:20:07.9235204Z  * [new tag]           v1.7.43         -> v1.7.43
2026-05-15T21:20:07.9235754Z  * [new tag]           v1.7.44         -> v1.7.44
2026-05-15T21:20:07.9236271Z  * [new tag]           v1.7.45         -> v1.7.45
2026-05-15T21:20:07.9236793Z  * [new tag]           v1.7.46         -> v1.7.46
2026-05-15T21:20:07.9237346Z  * [new tag]           v1.7.47         -> v1.7.47
2026-05-15T21:20:07.9237780Z  * [new tag]           v1.7.48         -> v1.7.48
2026-05-15T21:20:07.9238113Z  * [new tag]           v1.7.49         -> v1.7.49
2026-05-15T21:20:07.9238442Z  * [new tag]           v1.7.50         -> v1.7.50
2026-05-15T21:20:07.9238773Z  * [new tag]           v1.7.51         -> v1.7.51
2026-05-15T21:20:07.9239088Z  * [new tag]           v1.7.52         -> v1.7.52
2026-05-15T21:20:07.9239416Z  * [new tag]           v1.7.53         -> v1.7.53
2026-05-15T21:20:07.9239777Z  * [new tag]           v1.7.54         -> v1.7.54
2026-05-15T21:20:07.9240126Z  * [new tag]           v1.7.55         -> v1.7.55
2026-05-15T21:20:07.9240462Z  * [new tag]           v1.7.56         -> v1.7.56
2026-05-15T21:20:07.9240813Z  * [new tag]           v1.7.57         -> v1.7.57
2026-05-15T21:20:07.9241334Z  * [new tag]           v1.7.58         -> v1.7.58
2026-05-15T21:20:07.9241675Z  * [new tag]           v1.7.59         -> v1.7.59
2026-05-15T21:20:07.9242014Z  * [new tag]           v1.7.60         -> v1.7.60
2026-05-15T21:20:07.9242332Z  * [new tag]           v1.7.61         -> v1.7.61
2026-05-15T21:20:07.9242655Z  * [new tag]           v1.7.62         -> v1.7.62
2026-05-15T21:20:07.9243206Z  * [new tag]           v1.7.63         -> v1.7.63
2026-05-15T21:20:07.9243542Z  * [new tag]           v1.7.64         -> v1.7.64
2026-05-15T21:20:07.9243868Z  * [new tag]           v1.7.65         -> v1.7.65
2026-05-15T21:20:07.9244198Z  * [new tag]           v1.7.66         -> v1.7.66
2026-05-15T21:20:07.9244523Z  * [new tag]           v1.7.67         -> v1.7.67
2026-05-15T21:20:07.9244844Z  * [new tag]           v1.7.68         -> v1.7.68
2026-05-15T21:20:07.9245171Z  * [new tag]           v1.7.69         -> v1.7.69
2026-05-15T21:20:07.9245524Z  * [new tag]           v1.7.70         -> v1.7.70
2026-05-15T21:20:07.9245858Z  * [new tag]           v1.7.71         -> v1.7.71
2026-05-15T21:20:07.9246187Z  * [new tag]           v1.7.72         -> v1.7.72
2026-05-15T21:20:07.9246509Z  * [new tag]           v1.7.73         -> v1.7.73
2026-05-15T21:20:07.9246836Z  * [new tag]           v1.7.74         -> v1.7.74
2026-05-15T21:20:07.9247167Z  * [new tag]           v1.7.75         -> v1.7.75
2026-05-15T21:20:07.9247484Z  * [new tag]           v1.7.76         -> v1.7.76
2026-05-15T21:20:07.9247818Z  * [new tag]           v1.7.77         -> v1.7.77
2026-05-15T21:20:07.9248149Z  * [new tag]           v1.7.78         -> v1.7.78
2026-05-15T21:20:07.9248469Z  * [new tag]           v1.7.79         -> v1.7.79
2026-05-15T21:20:07.9248797Z  * [new tag]           v1.7.80         -> v1.7.80
2026-05-15T21:20:07.9249129Z  * [new tag]           v1.7.81         -> v1.7.81
2026-05-15T21:20:07.9249446Z  * [new tag]           v1.7.82         -> v1.7.82
2026-05-15T21:20:07.9249918Z  * [new tag]           v1.7.83         -> v1.7.83
2026-05-15T21:20:07.9250270Z  * [new tag]           v1.7.84         -> v1.7.84
2026-05-15T21:20:07.9250601Z  * [new tag]           v1.7.85         -> v1.7.85
2026-05-15T21:20:07.9250926Z  * [new tag]           v1.7.86         -> v1.7.86
2026-05-15T21:20:07.9251264Z  * [new tag]           v1.7.87         -> v1.7.87
2026-05-15T21:20:07.9251595Z  * [new tag]           v1.7.90         -> v1.7.90
2026-05-15T21:20:07.9251913Z  * [new tag]           v1.7.92         -> v1.7.92
2026-05-15T21:20:07.9252245Z  * [new tag]           v1.7.93         -> v1.7.93
2026-05-15T21:20:07.9252576Z  * [new tag]           v1.7.94         -> v1.7.94
2026-05-15T21:20:07.9253072Z  * [new tag]           v1.7.95         -> v1.7.95
2026-05-15T21:20:07.9253406Z  * [new tag]           v1.7.96         -> v1.7.96
2026-05-15T21:20:07.9253746Z  * [new tag]           v1.7.97         -> v1.7.97
2026-05-15T21:20:07.9254074Z  * [new tag]           v1.8.0          -> v1.8.0
2026-05-15T21:20:07.9254420Z  * [new tag]           v1.8.1          -> v1.8.1
2026-05-15T21:20:07.9254758Z  * [new tag]           v1.8.10         -> v1.8.10
2026-05-15T21:20:07.9255079Z  * [new tag]           v1.8.11         -> v1.8.11
2026-05-15T21:20:07.9255405Z  * [new tag]           v1.8.12         -> v1.8.12
2026-05-15T21:20:07.9255734Z  * [new tag]           v1.8.14         -> v1.8.14
2026-05-15T21:20:07.9256083Z  * [new tag]           v1.8.15         -> v1.8.15
2026-05-15T21:20:07.9256412Z  * [new tag]           v1.8.16         -> v1.8.16
2026-05-15T21:20:07.9256743Z  * [new tag]           v1.8.17         -> v1.8.17
2026-05-15T21:20:07.9257074Z  * [new tag]           v1.8.18         -> v1.8.18
2026-05-15T21:20:07.9257393Z  * [new tag]           v1.8.19         -> v1.8.19
2026-05-15T21:20:07.9257728Z  * [new tag]           v1.8.2          -> v1.8.2
2026-05-15T21:20:07.9258062Z  * [new tag]           v1.8.20         -> v1.8.20
2026-05-15T21:20:07.9258388Z  * [new tag]           v1.8.21         -> v1.8.21
2026-05-15T21:20:07.9258722Z  * [new tag]           v1.8.22         -> v1.8.22
2026-05-15T21:20:07.9259182Z  * [new tag]           v1.8.23         -> v1.8.23
2026-05-15T21:20:07.9259508Z  * [new tag]           v1.8.24         -> v1.8.24
2026-05-15T21:20:07.9259838Z  * [new tag]           v1.8.25         -> v1.8.25
2026-05-15T21:20:07.9260179Z  * [new tag]           v1.8.26         -> v1.8.26
2026-05-15T21:20:07.9260501Z  * [new tag]           v1.8.27         -> v1.8.27
2026-05-15T21:20:07.9260831Z  * [new tag]           v1.8.28         -> v1.8.28
2026-05-15T21:20:07.9261162Z  * [new tag]           v1.8.29         -> v1.8.29
2026-05-15T21:20:07.9261499Z  * [new tag]           v1.8.3          -> v1.8.3
2026-05-15T21:20:07.9261841Z  * [new tag]           v1.8.30         -> v1.8.30
2026-05-15T21:20:07.9262181Z  * [new tag]           v1.8.31         -> v1.8.31
2026-05-15T21:20:07.9262506Z  * [new tag]           v1.8.32         -> v1.8.32
2026-05-15T21:20:07.9262977Z  * [new tag]           v1.8.33         -> v1.8.33
2026-05-15T21:20:07.9263324Z  * [new tag]           v1.8.34         -> v1.8.34
2026-05-15T21:20:07.9263663Z  * [new tag]           v1.8.35         -> v1.8.35
2026-05-15T21:20:07.9263984Z  * [new tag]           v1.8.36         -> v1.8.36
2026-05-15T21:20:07.9264311Z  * [new tag]           v1.8.37         -> v1.8.37
2026-05-15T21:20:07.9264637Z  * [new tag]           v1.8.38         -> v1.8.38
2026-05-15T21:20:07.9264964Z  * [new tag]           v1.8.39         -> v1.8.39
2026-05-15T21:20:07.9265285Z  * [new tag]           v1.8.4          -> v1.8.4
2026-05-15T21:20:07.9265620Z  * [new tag]           v1.8.40         -> v1.8.40
2026-05-15T21:20:07.9265962Z  * [new tag]           v1.8.41         -> v1.8.41
2026-05-15T21:20:07.9266303Z  * [new tag]           v1.8.42         -> v1.8.42
2026-05-15T21:20:07.9266639Z  * [new tag]           v1.8.43         -> v1.8.43
2026-05-15T21:20:07.9266975Z  * [new tag]           v1.8.44         -> v1.8.44
2026-05-15T21:20:07.9267299Z  * [new tag]           v1.8.45         -> v1.8.45
2026-05-15T21:20:07.9267761Z  * [new tag]           v1.8.46         -> v1.8.46
2026-05-15T21:20:07.9268099Z  * [new tag]           v1.8.47         -> v1.8.47
2026-05-15T21:20:07.9268415Z  * [new tag]           v1.8.48         -> v1.8.48
2026-05-15T21:20:07.9268744Z  * [new tag]           v1.8.49         -> v1.8.49
2026-05-15T21:20:07.9269068Z  * [new tag]           v1.8.5          -> v1.8.5
2026-05-15T21:20:07.9269395Z  * [new tag]           v1.8.50         -> v1.8.50
2026-05-15T21:20:07.9269725Z  * [new tag]           v1.8.51         -> v1.8.51
2026-05-15T21:20:07.9270054Z  * [new tag]           v1.8.52         -> v1.8.52
2026-05-15T21:20:07.9270383Z  * [new tag]           v1.8.53         -> v1.8.53
2026-05-15T21:20:07.9270708Z  * [new tag]           v1.8.54         -> v1.8.54
2026-05-15T21:20:07.9271046Z  * [new tag]           v1.8.6          -> v1.8.6
2026-05-15T21:20:07.9271368Z  * [new tag]           v1.8.7          -> v1.8.7
2026-05-15T21:20:07.9271690Z  * [new tag]           v1.8.8          -> v1.8.8
2026-05-15T21:20:07.9272022Z  * [new tag]           v1.8.9          -> v1.8.9
2026-05-15T21:20:07.9272353Z  * [new tag]           v1.9.1          -> v1.9.1
2026-05-15T21:20:07.9272676Z  * [new tag]           v1.9.10         -> v1.9.10
2026-05-15T21:20:07.9273174Z  * [new tag]           v1.9.11         -> v1.9.11
2026-05-15T21:20:07.9273501Z  * [new tag]           v1.9.12         -> v1.9.12
2026-05-15T21:20:07.9273822Z  * [new tag]           v1.9.13         -> v1.9.13
2026-05-15T21:20:07.9274148Z  * [new tag]           v1.9.14         -> v1.9.14
2026-05-15T21:20:07.9274485Z  * [new tag]           v1.9.15         -> v1.9.15
2026-05-15T21:20:07.9274824Z  * [new tag]           v1.9.16         -> v1.9.16
2026-05-15T21:20:07.9275148Z  * [new tag]           v1.9.18         -> v1.9.18
2026-05-15T21:20:07.9275476Z  * [new tag]           v1.9.19         -> v1.9.19
2026-05-15T21:20:07.9275806Z  * [new tag]           v1.9.2          -> v1.9.2
2026-05-15T21:20:07.9276127Z  * [new tag]           v1.9.20         -> v1.9.20
2026-05-15T21:20:07.9276463Z  * [new tag]           v1.9.21         -> v1.9.21
2026-05-15T21:20:07.9276950Z  * [new tag]           v1.9.22         -> v1.9.22
2026-05-15T21:20:07.9277318Z  * [new tag]           v1.9.23         -> v1.9.23
2026-05-15T21:20:07.9277647Z  * [new tag]           v1.9.24         -> v1.9.24
2026-05-15T21:20:07.9277981Z  * [new tag]           v1.9.26         -> v1.9.26
2026-05-15T21:20:07.9278297Z  * [new tag]           v1.9.27         -> v1.9.27
2026-05-15T21:20:07.9278626Z  * [new tag]           v1.9.28         -> v1.9.28
2026-05-15T21:20:07.9278952Z  * [new tag]           v1.9.29         -> v1.9.29
2026-05-15T21:20:07.9279313Z  * [new tag]           v1.9.3          -> v1.9.3
2026-05-15T21:20:07.9279656Z  * [new tag]           v1.9.30         -> v1.9.30
2026-05-15T21:20:07.9279982Z  * [new tag]           v1.9.31         -> v1.9.31
2026-05-15T21:20:07.9280314Z  * [new tag]           v1.9.32         -> v1.9.32
2026-05-15T21:20:07.9280650Z  * [new tag]           v1.9.33         -> v1.9.33
2026-05-15T21:20:07.9280993Z  * [new tag]           v1.9.34         -> v1.9.34
2026-05-15T21:20:07.9281332Z  * [new tag]           v1.9.4          -> v1.9.4
2026-05-15T21:20:07.9281659Z  * [new tag]           v1.9.5          -> v1.9.5
2026-05-15T21:20:07.9281993Z  * [new tag]           v1.9.6          -> v1.9.6
2026-05-15T21:20:07.9282322Z  * [new tag]           v1.9.7          -> v1.9.7
2026-05-15T21:20:07.9282649Z  * [new tag]           v1.9.8          -> v1.9.8
2026-05-15T21:20:07.9283151Z  * [new tag]           v1.9.9          -> v1.9.9
2026-05-15T21:20:07.9462749Z ##[endgroup]
2026-05-15T21:20:07.9463820Z ##[group]Determining the checkout info
2026-05-15T21:20:07.9469792Z [command]/usr/bin/git branch --list --remote origin/feat/web-mode-load-chip-pickers
2026-05-15T21:20:07.9509041Z [command]/usr/bin/git tag --list feat/web-mode-load-chip-pickers
2026-05-15T21:20:07.9588997Z ##[error]A branch or tag with the name 'feat/web-mode-load-chip-pickers' could not be found
2026-05-15T21:20:07.9885945Z Post job cleanup.
2026-05-15T21:20:08.0771891Z [command]/usr/bin/git version
2026-05-15T21:20:08.0809260Z git version 2.54.0
2026-05-15T21:20:08.0847789Z Temporarily overriding HOME='/home/runner/work/_temp/d5da6210-3297-4a40-a513-4bff7c42bf40' before making global git config changes
2026-05-15T21:20:08.0852518Z Adding repository directory to the temporary git global config as a safe directory
2026-05-15T21:20:08.0853609Z [command]/usr/bin/git config --global --add safe.directory /home/runner/work/prismTask/prismTask
2026-05-15T21:20:08.0884488Z Removing SSH command configuration
2026-05-15T21:20:08.0890769Z [command]/usr/bin/git config --local --name-only --get-regexp core\.sshCommand
2026-05-15T21:20:08.0927214Z [command]/usr/bin/git submodule foreach --recursive sh -c "git config --local --name-only --get-regexp 'core\.sshCommand' && git config --local --unset-all 'core.sshCommand' || :"
2026-05-15T21:20:08.1167175Z Removing HTTP extra header
2026-05-15T21:20:08.1173081Z [command]/usr/bin/git config --local --name-only --get-regexp http\.https\:\/\/github\.com\/\.extraheader
2026-05-15T21:20:08.1211399Z [command]/usr/bin/git submodule foreach --recursive sh -c "git config --local --name-only --get-regexp 'http\.https\:\/\/github\.com\/\.extraheader' && git config --local --unset-all 'http.https://github.com/.extraheader' || :"
2026-05-15T21:20:08.1459273Z Removing includeIf entries pointing to credentials config files
2026-05-15T21:20:08.1465699Z [command]/usr/bin/git config --local --name-only --get-regexp ^includeIf\.gitdir:
2026-05-15T21:20:08.1495787Z includeif.gitdir:/home/runner/work/prismTask/prismTask/.git.path
2026-05-15T21:20:08.1496617Z includeif.gitdir:/home/runner/work/prismTask/prismTask/.git/worktrees/*.path
2026-05-15T21:20:08.1497054Z includeif.gitdir:/github/workspace/.git.path
2026-05-15T21:20:08.1497413Z includeif.gitdir:/github/workspace/.git/worktrees/*.path
2026-05-15T21:20:08.1505286Z [command]/usr/bin/git config --local --get-all includeif.gitdir:/home/runner/work/prismTask/prismTask/.git.path
2026-05-15T21:20:08.1528410Z /home/runner/work/_temp/git-credentials-53247f11-07d2-4550-b048-a9b1d31038ad.config
2026-05-15T21:20:08.1539522Z [command]/usr/bin/git config --local --unset includeif.gitdir:/home/runner/work/prismTask/prismTask/.git.path /home/runner/work/_temp/git-credentials-53247f11-07d2-4550-b048-a9b1d31038ad.config
2026-05-15T21:20:08.1576346Z [command]/usr/bin/git config --local --get-all includeif.gitdir:/home/runner/work/prismTask/prismTask/.git/worktrees/*.path
2026-05-15T21:20:08.1599788Z /home/runner/work/_temp/git-credentials-53247f11-07d2-4550-b048-a9b1d31038ad.config
2026-05-15T21:20:08.1608808Z [command]/usr/bin/git config --local --unset includeif.gitdir:/home/runner/work/prismTask/prismTask/.git/worktrees/*.path /home/runner/work/_temp/git-credentials-53247f11-07d2-4550-b048-a9b1d31038ad.config
2026-05-15T21:20:08.1640288Z [command]/usr/bin/git config --local --get-all includeif.gitdir:/github/workspace/.git.path
2026-05-15T21:20:08.1662687Z /github/runner_temp/git-credentials-53247f11-07d2-4550-b048-a9b1d31038ad.config
2026-05-15T21:20:08.1670376Z [command]/usr/bin/git config --local --unset includeif.gitdir:/github/workspace/.git.path /github/runner_temp/git-credentials-53247f11-07d2-4550-b048-a9b1d31038ad.config
2026-05-15T21:20:08.1701807Z [command]/usr/bin/git config --local --get-all includeif.gitdir:/github/workspace/.git/worktrees/*.path
2026-05-15T21:20:08.1723951Z /github/runner_temp/git-credentials-53247f11-07d2-4550-b048-a9b1d31038ad.config
2026-05-15T21:20:08.1732111Z [command]/usr/bin/git config --local --unset includeif.gitdir:/github/workspace/.git/worktrees/*.path /github/runner_temp/git-credentials-53247f11-07d2-4550-b048-a9b1d31038ad.config
2026-05-15T21:20:08.1768922Z [command]/usr/bin/git submodule foreach --recursive git config --local --show-origin --name-only --get-regexp remote.origin.url
2026-05-15T21:20:08.2000445Z Removing credentials config '/home/runner/work/_temp/git-credentials-53247f11-07d2-4550-b048-a9b1d31038ad.config'
2026-05-15T21:20:08.2155111Z Cleaning up orphan processes
