=== CI FAILURE ===
Workflow:      Android CI
Workflow file: averycorp/prismTask/.github/workflows/android-ci.yml@refs/pull/1360/merge
Job(s):        autofix
Run ID:        25839330107
Run attempt:   1
Run URL:       https://github.com/averycorp/prismTask/actions/runs/25839330107
Commit:        cd6e95ce2d2d361e4229fdd5924662a52c4981c3
Branch:        1360/merge
Event:         pull_request
Actor:         akarlin3
Runner OS:     Linux
Timestamp:     2026-05-14T03:09:42.797Z

Failed steps:
  - autofix: #2 Run actions/checkout@v6

=== FAILED JOB LOG ===

--- Job: autofix (id 75921056981) ---
2026-05-14T03:09:12.5230811Z Current runner version: '2.334.0'
2026-05-14T03:09:12.5268352Z ##[group]Runner Image Provisioner
2026-05-14T03:09:12.5269733Z Hosted Compute Agent
2026-05-14T03:09:12.5270644Z Version: 20260213.493
2026-05-14T03:09:12.5271781Z Commit: 5c115507f6dd24b8de37d8bbe0bb4509d0cc0fa3
2026-05-14T03:09:12.5273016Z Build Date: 2026-02-13T00:28:41Z
2026-05-14T03:09:12.5274161Z Worker ID: {9cfecb57-f269-431c-a09c-2d0177ce2f8c}
2026-05-14T03:09:12.5275818Z Azure Region: eastus
2026-05-14T03:09:12.5276719Z ##[endgroup]
2026-05-14T03:09:12.5279159Z ##[group]Operating System
2026-05-14T03:09:12.5280223Z Ubuntu
2026-05-14T03:09:12.5280921Z 24.04.4
2026-05-14T03:09:12.5281653Z LTS
2026-05-14T03:09:12.5282449Z ##[endgroup]
2026-05-14T03:09:12.5283245Z ##[group]Runner Image
2026-05-14T03:09:12.5284171Z Image: ubuntu-24.04
2026-05-14T03:09:12.5285295Z Version: 20260413.86.1
2026-05-14T03:09:12.5287290Z Included Software: https://github.com/actions/runner-images/blob/ubuntu24/20260413.86/images/ubuntu/Ubuntu2404-Readme.md
2026-05-14T03:09:12.5289931Z Image Release: https://github.com/actions/runner-images/releases/tag/ubuntu24%2F20260413.86
2026-05-14T03:09:12.5291567Z ##[endgroup]
2026-05-14T03:09:12.5294018Z ##[group]GITHUB_TOKEN Permissions
2026-05-14T03:09:12.5297420Z Actions: read
2026-05-14T03:09:12.5298357Z Checks: read
2026-05-14T03:09:12.5299148Z Contents: write
2026-05-14T03:09:12.5299955Z Metadata: read
2026-05-14T03:09:12.5300885Z PullRequests: read
2026-05-14T03:09:12.5301721Z ##[endgroup]
2026-05-14T03:09:12.5304756Z Secret source: Actions
2026-05-14T03:09:12.5306343Z Prepare workflow directory
2026-05-14T03:09:12.5823609Z Prepare all required actions
2026-05-14T03:09:12.5883905Z Getting action download info
2026-05-14T03:09:12.8566708Z Download action repository 'actions/checkout@v6' (SHA:de0fac2e4500dabe0009e67214ff5f5447ce83dd)
2026-05-14T03:09:13.0484661Z Download action repository 'dorny/paths-filter@v4' (SHA:fbd0ab8f3e69293af611ebaee6363fc25e6d187d)
2026-05-14T03:09:13.1702086Z Download action repository 'actions/cache@v5' (SHA:27d5ce7f107fe9357f9df03efb73ab90386fccae)
2026-05-14T03:09:13.4695356Z Complete job name: autofix
2026-05-14T03:09:13.5680552Z ##[group]Run actions/checkout@v6
2026-05-14T03:09:13.5681512Z with:
2026-05-14T03:09:13.5682597Z   token: ***
2026-05-14T03:09:13.5683045Z   ref: feat/web-lww-projects
2026-05-14T03:09:13.5683559Z   fetch-depth: 0
2026-05-14T03:09:13.5684035Z   repository: averycorp/prismTask
2026-05-14T03:09:13.5684577Z   ssh-strict: true
2026-05-14T03:09:13.5685310Z   ssh-user: git
2026-05-14T03:09:13.5685940Z   persist-credentials: true
2026-05-14T03:09:13.5686461Z   clean: true
2026-05-14T03:09:13.5686938Z   sparse-checkout-cone-mode: true
2026-05-14T03:09:13.5687475Z   fetch-tags: false
2026-05-14T03:09:13.5687929Z   show-progress: true
2026-05-14T03:09:13.5688390Z   lfs: false
2026-05-14T03:09:13.5688798Z   submodules: false
2026-05-14T03:09:13.5689245Z   set-safe-directory: true
2026-05-14T03:09:13.5690065Z ##[endgroup]
2026-05-14T03:09:13.6786421Z Syncing repository: averycorp/prismTask
2026-05-14T03:09:13.6789732Z ##[group]Getting Git version info
2026-05-14T03:09:13.6791369Z Working directory is '/home/runner/work/prismTask/prismTask'
2026-05-14T03:09:13.6792802Z [command]/usr/bin/git version
2026-05-14T03:09:13.6810400Z git version 2.53.0
2026-05-14T03:09:13.6835799Z ##[endgroup]
2026-05-14T03:09:13.6851396Z Temporarily overriding HOME='/home/runner/work/_temp/2a44509f-dd6a-45d9-b3c8-2654c9333c5a' before making global git config changes
2026-05-14T03:09:13.6853919Z Adding repository directory to the temporary git global config as a safe directory
2026-05-14T03:09:13.6858424Z [command]/usr/bin/git config --global --add safe.directory /home/runner/work/prismTask/prismTask
2026-05-14T03:09:13.6896712Z Deleting the contents of '/home/runner/work/prismTask/prismTask'
2026-05-14T03:09:13.6900709Z ##[group]Initializing the repository
2026-05-14T03:09:13.6905923Z [command]/usr/bin/git init /home/runner/work/prismTask/prismTask
2026-05-14T03:09:13.6986408Z hint: Using 'master' as the name for the initial branch. This default branch name
2026-05-14T03:09:13.6989088Z hint: will change to "main" in Git 3.0. To configure the initial branch name
2026-05-14T03:09:13.6991045Z hint: to use in all of your new repositories, which will suppress this warning,
2026-05-14T03:09:13.6992549Z hint: call:
2026-05-14T03:09:13.6993951Z hint:
2026-05-14T03:09:13.6995433Z hint: 	git config --global init.defaultBranch <name>
2026-05-14T03:09:13.6996550Z hint:
2026-05-14T03:09:13.6997208Z hint: Names commonly chosen instead of 'master' are 'main', 'trunk' and
2026-05-14T03:09:13.6998661Z hint: 'development'. The just-created branch can be renamed via this command:
2026-05-14T03:09:13.6999470Z hint:
2026-05-14T03:09:13.6999880Z hint: 	git branch -m <name>
2026-05-14T03:09:13.7000380Z hint:
2026-05-14T03:09:13.7001034Z hint: Disable this message with "git config set advice.defaultBranchName false"
2026-05-14T03:09:13.7002178Z Initialized empty Git repository in /home/runner/work/prismTask/prismTask/.git/
2026-05-14T03:09:13.7004230Z [command]/usr/bin/git remote add origin https://github.com/averycorp/prismTask
2026-05-14T03:09:13.7035744Z ##[endgroup]
2026-05-14T03:09:13.7036566Z ##[group]Disabling automatic garbage collection
2026-05-14T03:09:13.7039758Z [command]/usr/bin/git config --local gc.auto 0
2026-05-14T03:09:13.7072447Z ##[endgroup]
2026-05-14T03:09:13.7073215Z ##[group]Setting up auth
2026-05-14T03:09:13.7073809Z Removing SSH command configuration
2026-05-14T03:09:13.7078841Z [command]/usr/bin/git config --local --name-only --get-regexp core\.sshCommand
2026-05-14T03:09:13.7112699Z [command]/usr/bin/git submodule foreach --recursive sh -c "git config --local --name-only --get-regexp 'core\.sshCommand' && git config --local --unset-all 'core.sshCommand' || :"
2026-05-14T03:09:13.7451596Z Removing HTTP extra header
2026-05-14T03:09:13.7458485Z [command]/usr/bin/git config --local --name-only --get-regexp http\.https\:\/\/github\.com\/\.extraheader
2026-05-14T03:09:13.7493948Z [command]/usr/bin/git submodule foreach --recursive sh -c "git config --local --name-only --get-regexp 'http\.https\:\/\/github\.com\/\.extraheader' && git config --local --unset-all 'http.https://github.com/.extraheader' || :"
2026-05-14T03:09:13.7716064Z Removing includeIf entries pointing to credentials config files
2026-05-14T03:09:13.7721575Z [command]/usr/bin/git config --local --name-only --get-regexp ^includeIf\.gitdir:
2026-05-14T03:09:13.7756466Z [command]/usr/bin/git submodule foreach --recursive git config --local --show-origin --name-only --get-regexp remote.origin.url
2026-05-14T03:09:13.7990061Z [command]/usr/bin/git config --file /home/runner/work/_temp/git-credentials-c6f53c5d-4264-415f-b4dd-5db891ae1078.config http.https://github.com/.extraheader AUTHORIZATION: basic ***
2026-05-14T03:09:13.8030218Z [command]/usr/bin/git config --local includeIf.gitdir:/home/runner/work/prismTask/prismTask/.git.path /home/runner/work/_temp/git-credentials-c6f53c5d-4264-415f-b4dd-5db891ae1078.config
2026-05-14T03:09:13.8062992Z [command]/usr/bin/git config --local includeIf.gitdir:/home/runner/work/prismTask/prismTask/.git/worktrees/*.path /home/runner/work/_temp/git-credentials-c6f53c5d-4264-415f-b4dd-5db891ae1078.config
2026-05-14T03:09:13.8095896Z [command]/usr/bin/git config --local includeIf.gitdir:/github/workspace/.git.path /github/runner_temp/git-credentials-c6f53c5d-4264-415f-b4dd-5db891ae1078.config
2026-05-14T03:09:13.8129313Z [command]/usr/bin/git config --local includeIf.gitdir:/github/workspace/.git/worktrees/*.path /github/runner_temp/git-credentials-c6f53c5d-4264-415f-b4dd-5db891ae1078.config
2026-05-14T03:09:13.8164158Z ##[endgroup]
2026-05-14T03:09:13.8165883Z ##[group]Fetching the repository
2026-05-14T03:09:13.8175466Z [command]/usr/bin/git -c protocol.version=2 fetch --no-tags --prune --no-recurse-submodules origin +refs/heads/*:refs/remotes/origin/* +refs/tags/*:refs/tags/*
2026-05-14T03:09:32.6463732Z From https://github.com/averycorp/prismTask
2026-05-14T03:09:32.6467920Z  * [new branch]        ci-logs         -> origin/ci-logs
2026-05-14T03:09:32.6470622Z  * [new branch]        feat/web-leisure-today-row -> origin/feat/web-leisure-today-row
2026-05-14T03:09:32.6472905Z  * [new branch]        feat/web-wellness-self-care-burnout -> origin/feat/web-wellness-self-care-burnout
2026-05-14T03:09:32.6474790Z  * [new branch]        main            -> origin/main
2026-05-14T03:09:32.6476220Z  * [new branch]        v0.1.0-legacy   -> origin/v0.1.0-legacy
2026-05-14T03:09:32.6477510Z  * [new branch]        v0.2.0-legacy   -> origin/v0.2.0-legacy
2026-05-14T03:09:32.6478706Z  * [new branch]        v0.3.0-legacy   -> origin/v0.3.0-legacy
2026-05-14T03:09:32.6479824Z  * [new branch]        v0.4.0-legacy   -> origin/v0.4.0-legacy
2026-05-14T03:09:32.6480647Z  * [new branch]        v0.5.0-legacy   -> origin/v0.5.0-legacy
2026-05-14T03:09:32.6481396Z  * [new branch]        v0.6.0-legacy   -> origin/v0.6.0-legacy
2026-05-14T03:09:32.6482165Z  * [new branch]        v0.7.0-legacy   -> origin/v0.7.0-legacy
2026-05-14T03:09:32.6483118Z  * [new branch]        worktree-course-name-only -> origin/worktree-course-name-only
2026-05-14T03:09:32.6484467Z  * [new branch]        worktree-leisure-categories-removable -> origin/worktree-leisure-categories-removable
2026-05-14T03:09:32.6486106Z  * [new branch]        worktree-recheck-recurring -> origin/worktree-recheck-recurring
2026-05-14T03:09:32.6487797Z  * [new branch]        worktree-remove-leisure-minimum-from-daily-essentials -> origin/worktree-remove-leisure-minimum-from-daily-essentials
2026-05-14T03:09:32.6489271Z  * [new tag]           v0.1.0          -> v0.1.0
2026-05-14T03:09:32.6489918Z  * [new tag]           v0.2.0          -> v0.2.0
2026-05-14T03:09:32.6490530Z  * [new tag]           v0.3.0          -> v0.3.0
2026-05-14T03:09:32.6491104Z  * [new tag]           v0.4.0          -> v0.4.0
2026-05-14T03:09:32.6491678Z  * [new tag]           v0.5.0          -> v0.5.0
2026-05-14T03:09:32.6492258Z  * [new tag]           v0.7.0          -> v0.7.0
2026-05-14T03:09:32.6492843Z  * [new tag]           v0.7.12         -> v0.7.12
2026-05-14T03:09:32.6493452Z  * [new tag]           v0.7.13         -> v0.7.13
2026-05-14T03:09:32.6494308Z  * [new tag]           v0.7.14         -> v0.7.14
2026-05-14T03:09:32.6494933Z  * [new tag]           v0.7.15         -> v0.7.15
2026-05-14T03:09:32.6495854Z  * [new tag]           v0.7.16         -> v0.7.16
2026-05-14T03:09:32.6496537Z  * [new tag]           v0.7.17         -> v0.7.17
2026-05-14T03:09:32.6497195Z  * [new tag]           v0.7.17-build.2 -> v0.7.17-build.2
2026-05-14T03:09:32.6498056Z  * [new tag]           v0.7.17-build.3 -> v0.7.17-build.3
2026-05-14T03:09:32.6498775Z  * [new tag]           v0.7.17-build.4 -> v0.7.17-build.4
2026-05-14T03:09:32.6499416Z  * [new tag]           v0.7.17-build.5 -> v0.7.17-build.5
2026-05-14T03:09:32.6500051Z  * [new tag]           v0.7.17-build.6 -> v0.7.17-build.6
2026-05-14T03:09:32.6500692Z  * [new tag]           v0.7.17-build.7 -> v0.7.17-build.7
2026-05-14T03:09:32.6501396Z  * [new tag]           v0.7.17-build.8 -> v0.7.17-build.8
2026-05-14T03:09:32.6502145Z  * [new tag]           v0.7.17-build.9 -> v0.7.17-build.9
2026-05-14T03:09:32.6502843Z  * [new tag]           v0.7.18         -> v0.7.18
2026-05-14T03:09:32.6503534Z  * [new tag]           v0.7.18-build.2 -> v0.7.18-build.2
2026-05-14T03:09:32.6504204Z  * [new tag]           v0.7.18-build.3 -> v0.7.18-build.3
2026-05-14T03:09:32.6504924Z  * [new tag]           v0.7.18-build.4 -> v0.7.18-build.4
2026-05-14T03:09:32.6505856Z  * [new tag]           v0.7.19         -> v0.7.19
2026-05-14T03:09:32.6506481Z  * [new tag]           v0.7.19-build.2 -> v0.7.19-build.2
2026-05-14T03:09:32.6507114Z  * [new tag]           v0.7.20         -> v0.7.20
2026-05-14T03:09:32.6507716Z  * [new tag]           v0.7.20-build.2 -> v0.7.20-build.2
2026-05-14T03:09:32.6508339Z  * [new tag]           v0.7.20-build.3 -> v0.7.20-build.3
2026-05-14T03:09:32.6508965Z  * [new tag]           v0.7.20-build.4 -> v0.7.20-build.4
2026-05-14T03:09:32.6509578Z  * [new tag]           v0.8.0          -> v0.8.0
2026-05-14T03:09:32.6510533Z  * [new tag]           v0.8.0-build.2  -> v0.8.0-build.2
2026-05-14T03:09:32.6511164Z  * [new tag]           v0.8.1          -> v0.8.1
2026-05-14T03:09:32.6511744Z  * [new tag]           v0.8.10         -> v0.8.10
2026-05-14T03:09:32.6512326Z  * [new tag]           v0.8.11         -> v0.8.11
2026-05-14T03:09:32.6512897Z  * [new tag]           v0.8.12         -> v0.8.12
2026-05-14T03:09:32.6513467Z  * [new tag]           v0.8.13         -> v0.8.13
2026-05-14T03:09:32.6514039Z  * [new tag]           v0.8.14         -> v0.8.14
2026-05-14T03:09:32.6514599Z  * [new tag]           v0.8.15         -> v0.8.15
2026-05-14T03:09:32.6515430Z  * [new tag]           v0.8.2          -> v0.8.2
2026-05-14T03:09:32.6516047Z  * [new tag]           v0.8.3          -> v0.8.3
2026-05-14T03:09:32.6516610Z  * [new tag]           v0.8.4          -> v0.8.4
2026-05-14T03:09:32.6517195Z  * [new tag]           v0.8.5          -> v0.8.5
2026-05-14T03:09:32.6517785Z  * [new tag]           v0.8.6          -> v0.8.6
2026-05-14T03:09:32.6518385Z  * [new tag]           v0.8.7          -> v0.8.7
2026-05-14T03:09:32.6519034Z  * [new tag]           v0.8.8          -> v0.8.8
2026-05-14T03:09:32.6519666Z  * [new tag]           v0.8.9          -> v0.8.9
2026-05-14T03:09:32.6520266Z  * [new tag]           v0.9.1          -> v0.9.1
2026-05-14T03:09:32.6520874Z  * [new tag]           v0.9.2          -> v0.9.2
2026-05-14T03:09:32.6521503Z  * [new tag]           v1.0.1          -> v1.0.1
2026-05-14T03:09:32.6522197Z  * [new tag]           v1.0.10         -> v1.0.10
2026-05-14T03:09:32.6522823Z  * [new tag]           v1.0.11         -> v1.0.11
2026-05-14T03:09:32.6523450Z  * [new tag]           v1.0.12         -> v1.0.12
2026-05-14T03:09:32.6524071Z  * [new tag]           v1.0.13         -> v1.0.13
2026-05-14T03:09:32.6524693Z  * [new tag]           v1.0.2          -> v1.0.2
2026-05-14T03:09:32.6525605Z  * [new tag]           v1.0.3          -> v1.0.3
2026-05-14T03:09:32.6526315Z  * [new tag]           v1.0.4          -> v1.0.4
2026-05-14T03:09:32.6527035Z  * [new tag]           v1.0.5          -> v1.0.5
2026-05-14T03:09:32.6527976Z  * [new tag]           v1.0.6          -> v1.0.6
2026-05-14T03:09:32.6528708Z  * [new tag]           v1.0.7          -> v1.0.7
2026-05-14T03:09:32.6529358Z  * [new tag]           v1.0.8          -> v1.0.8
2026-05-14T03:09:32.6530010Z  * [new tag]           v1.0.9          -> v1.0.9
2026-05-14T03:09:32.6530651Z  * [new tag]           v1.1.1          -> v1.1.1
2026-05-14T03:09:32.6531354Z  * [new tag]           v1.1.1-build.2  -> v1.1.1-build.2
2026-05-14T03:09:32.6532108Z  * [new tag]           v1.1.1-build.3  -> v1.1.1-build.3
2026-05-14T03:09:32.6532811Z  * [new tag]           v1.1.1-build.4  -> v1.1.1-build.4
2026-05-14T03:09:32.6533488Z  * [new tag]           v1.1.10         -> v1.1.10
2026-05-14T03:09:32.6534119Z  * [new tag]           v1.1.11         -> v1.1.11
2026-05-14T03:09:32.6534734Z  * [new tag]           v1.1.12         -> v1.1.12
2026-05-14T03:09:32.6535762Z  * [new tag]           v1.1.2          -> v1.1.2
2026-05-14T03:09:32.6536420Z  * [new tag]           v1.1.3          -> v1.1.3
2026-05-14T03:09:32.6537123Z  * [new tag]           v1.1.4          -> v1.1.4
2026-05-14T03:09:32.6537799Z  * [new tag]           v1.1.5          -> v1.1.5
2026-05-14T03:09:32.6538415Z  * [new tag]           v1.1.6          -> v1.1.6
2026-05-14T03:09:32.6538971Z  * [new tag]           v1.1.7          -> v1.1.7
2026-05-14T03:09:32.6539528Z  * [new tag]           v1.1.8          -> v1.1.8
2026-05-14T03:09:32.6540086Z  * [new tag]           v1.1.9          -> v1.1.9
2026-05-14T03:09:32.6540643Z  * [new tag]           v1.3.0          -> v1.3.0
2026-05-14T03:09:32.6541205Z  * [new tag]           v1.3.1          -> v1.3.1
2026-05-14T03:09:32.6541779Z  * [new tag]           v1.3.10         -> v1.3.10
2026-05-14T03:09:32.6542341Z  * [new tag]           v1.3.11         -> v1.3.11
2026-05-14T03:09:32.6542954Z  * [new tag]           v1.3.11-build.2 -> v1.3.11-build.2
2026-05-14T03:09:32.6543558Z  * [new tag]           v1.3.12         -> v1.3.12
2026-05-14T03:09:32.6544384Z  * [new tag]           v1.3.13         -> v1.3.13
2026-05-14T03:09:32.6544998Z  * [new tag]           v1.3.13-build.2 -> v1.3.13-build.2
2026-05-14T03:09:32.6545875Z  * [new tag]           v1.3.14         -> v1.3.14
2026-05-14T03:09:32.6546456Z  * [new tag]           v1.3.15         -> v1.3.15
2026-05-14T03:09:32.6547072Z  * [new tag]           v1.3.16         -> v1.3.16
2026-05-14T03:09:32.6547655Z  * [new tag]           v1.3.17         -> v1.3.17
2026-05-14T03:09:32.6548282Z  * [new tag]           v1.3.18         -> v1.3.18
2026-05-14T03:09:32.6548846Z  * [new tag]           v1.3.19         -> v1.3.19
2026-05-14T03:09:32.6549411Z  * [new tag]           v1.3.2          -> v1.3.2
2026-05-14T03:09:32.6549980Z  * [new tag]           v1.3.20         -> v1.3.20
2026-05-14T03:09:32.6550618Z  * [new tag]           v1.3.21         -> v1.3.21
2026-05-14T03:09:32.6551189Z  * [new tag]           v1.3.22         -> v1.3.22
2026-05-14T03:09:32.6551762Z  * [new tag]           v1.3.23         -> v1.3.23
2026-05-14T03:09:32.6552348Z  * [new tag]           v1.3.24         -> v1.3.24
2026-05-14T03:09:32.6552914Z  * [new tag]           v1.3.25         -> v1.3.25
2026-05-14T03:09:32.6553476Z  * [new tag]           v1.3.26         -> v1.3.26
2026-05-14T03:09:32.6554042Z  * [new tag]           v1.3.27         -> v1.3.27
2026-05-14T03:09:32.6554600Z  * [new tag]           v1.3.28         -> v1.3.28
2026-05-14T03:09:32.6555525Z  * [new tag]           v1.3.29         -> v1.3.29
2026-05-14T03:09:32.6556117Z  * [new tag]           v1.3.3          -> v1.3.3
2026-05-14T03:09:32.6556690Z  * [new tag]           v1.3.30         -> v1.3.30
2026-05-14T03:09:32.6557255Z  * [new tag]           v1.3.31         -> v1.3.31
2026-05-14T03:09:32.6626423Z  * [new tag]           v1.3.32         -> v1.3.32
2026-05-14T03:09:32.6627183Z  * [new tag]           v1.3.33         -> v1.3.33
2026-05-14T03:09:32.6627882Z  * [new tag]           v1.3.34         -> v1.3.34
2026-05-14T03:09:32.6628535Z  * [new tag]           v1.3.35         -> v1.3.35
2026-05-14T03:09:32.6629235Z  * [new tag]           v1.3.36         -> v1.3.36
2026-05-14T03:09:32.6630045Z  * [new tag]           v1.3.37         -> v1.3.37
2026-05-14T03:09:32.6630639Z  * [new tag]           v1.3.38         -> v1.3.38
2026-05-14T03:09:32.6631212Z  * [new tag]           v1.3.39         -> v1.3.39
2026-05-14T03:09:32.6631772Z  * [new tag]           v1.3.4          -> v1.3.4
2026-05-14T03:09:32.6632342Z  * [new tag]           v1.3.40         -> v1.3.40
2026-05-14T03:09:32.6632983Z  * [new tag]           v1.3.41         -> v1.3.41
2026-05-14T03:09:32.6633622Z  * [new tag]           v1.3.42         -> v1.3.42
2026-05-14T03:09:32.6634204Z  * [new tag]           v1.3.43         -> v1.3.43
2026-05-14T03:09:32.6634810Z  * [new tag]           v1.3.44         -> v1.3.44
2026-05-14T03:09:32.6635713Z  * [new tag]           v1.3.45         -> v1.3.45
2026-05-14T03:09:32.6636354Z  * [new tag]           v1.3.46         -> v1.3.46
2026-05-14T03:09:32.6636971Z  * [new tag]           v1.3.47         -> v1.3.47
2026-05-14T03:09:32.6637605Z  * [new tag]           v1.3.48         -> v1.3.48
2026-05-14T03:09:32.6638239Z  * [new tag]           v1.3.49         -> v1.3.49
2026-05-14T03:09:32.6638853Z  * [new tag]           v1.3.5          -> v1.3.5
2026-05-14T03:09:32.6639480Z  * [new tag]           v1.3.5-build.2  -> v1.3.5-build.2
2026-05-14T03:09:32.6640135Z  * [new tag]           v1.3.50         -> v1.3.50
2026-05-14T03:09:32.6640754Z  * [new tag]           v1.3.51         -> v1.3.51
2026-05-14T03:09:32.6641336Z  * [new tag]           v1.3.52         -> v1.3.52
2026-05-14T03:09:32.6641931Z  * [new tag]           v1.3.53         -> v1.3.53
2026-05-14T03:09:32.6642527Z  * [new tag]           v1.3.54         -> v1.3.54
2026-05-14T03:09:32.6643123Z  * [new tag]           v1.3.55         -> v1.3.55
2026-05-14T03:09:32.6643748Z  * [new tag]           v1.3.56         -> v1.3.56
2026-05-14T03:09:32.6644363Z  * [new tag]           v1.3.57         -> v1.3.57
2026-05-14T03:09:32.6644974Z  * [new tag]           v1.3.58         -> v1.3.58
2026-05-14T03:09:32.6646633Z  * [new tag]           v1.3.59         -> v1.3.59
2026-05-14T03:09:32.6647273Z  * [new tag]           v1.3.6          -> v1.3.6
2026-05-14T03:09:32.6647885Z  * [new tag]           v1.3.60         -> v1.3.60
2026-05-14T03:09:32.6648462Z  * [new tag]           v1.3.61         -> v1.3.61
2026-05-14T03:09:32.6649038Z  * [new tag]           v1.3.62         -> v1.3.62
2026-05-14T03:09:32.6649579Z  * [new tag]           v1.3.7          -> v1.3.7
2026-05-14T03:09:32.6649925Z  * [new tag]           v1.3.8          -> v1.3.8
2026-05-14T03:09:32.6650281Z  * [new tag]           v1.3.9          -> v1.3.9
2026-05-14T03:09:32.6650659Z  * [new tag]           v1.4.40         -> v1.4.40
2026-05-14T03:09:32.6651019Z  * [new tag]           v1.5.0          -> v1.5.0
2026-05-14T03:09:32.6651369Z  * [new tag]           v1.5.2          -> v1.5.2
2026-05-14T03:09:32.6651712Z  * [new tag]           v1.5.3          -> v1.5.3
2026-05-14T03:09:32.6652039Z  * [new tag]           v1.6.0          -> v1.6.0
2026-05-14T03:09:32.6652389Z  * [new tag]           v1.7.0          -> v1.7.0
2026-05-14T03:09:32.6652732Z  * [new tag]           v1.7.37         -> v1.7.37
2026-05-14T03:09:32.6653076Z  * [new tag]           v1.7.38         -> v1.7.38
2026-05-14T03:09:32.6653409Z  * [new tag]           v1.7.39         -> v1.7.39
2026-05-14T03:09:32.6653748Z  * [new tag]           v1.7.40         -> v1.7.40
2026-05-14T03:09:32.6654085Z  * [new tag]           v1.7.41         -> v1.7.41
2026-05-14T03:09:32.6654418Z  * [new tag]           v1.7.42         -> v1.7.42
2026-05-14T03:09:32.6654750Z  * [new tag]           v1.7.43         -> v1.7.43
2026-05-14T03:09:32.6655374Z  * [new tag]           v1.7.44         -> v1.7.44
2026-05-14T03:09:32.6655721Z  * [new tag]           v1.7.45         -> v1.7.45
2026-05-14T03:09:32.6656053Z  * [new tag]           v1.7.46         -> v1.7.46
2026-05-14T03:09:32.6656393Z  * [new tag]           v1.7.47         -> v1.7.47
2026-05-14T03:09:32.6656727Z  * [new tag]           v1.7.48         -> v1.7.48
2026-05-14T03:09:32.6657079Z  * [new tag]           v1.7.49         -> v1.7.49
2026-05-14T03:09:32.6657621Z  * [new tag]           v1.7.50         -> v1.7.50
2026-05-14T03:09:32.6657966Z  * [new tag]           v1.7.51         -> v1.7.51
2026-05-14T03:09:32.6658302Z  * [new tag]           v1.7.52         -> v1.7.52
2026-05-14T03:09:32.6658634Z  * [new tag]           v1.7.53         -> v1.7.53
2026-05-14T03:09:32.6658969Z  * [new tag]           v1.7.54         -> v1.7.54
2026-05-14T03:09:32.6659293Z  * [new tag]           v1.7.55         -> v1.7.55
2026-05-14T03:09:32.6659635Z  * [new tag]           v1.7.56         -> v1.7.56
2026-05-14T03:09:32.6659969Z  * [new tag]           v1.7.57         -> v1.7.57
2026-05-14T03:09:32.6660296Z  * [new tag]           v1.7.58         -> v1.7.58
2026-05-14T03:09:32.6660628Z  * [new tag]           v1.7.59         -> v1.7.59
2026-05-14T03:09:32.6660960Z  * [new tag]           v1.7.60         -> v1.7.60
2026-05-14T03:09:32.6661295Z  * [new tag]           v1.7.61         -> v1.7.61
2026-05-14T03:09:32.6661644Z  * [new tag]           v1.7.62         -> v1.7.62
2026-05-14T03:09:32.6661983Z  * [new tag]           v1.7.63         -> v1.7.63
2026-05-14T03:09:32.6662314Z  * [new tag]           v1.7.64         -> v1.7.64
2026-05-14T03:09:32.6662670Z  * [new tag]           v1.7.65         -> v1.7.65
2026-05-14T03:09:32.6662997Z  * [new tag]           v1.7.66         -> v1.7.66
2026-05-14T03:09:32.6663330Z  * [new tag]           v1.7.67         -> v1.7.67
2026-05-14T03:09:32.6663663Z  * [new tag]           v1.7.68         -> v1.7.68
2026-05-14T03:09:32.6663986Z  * [new tag]           v1.7.69         -> v1.7.69
2026-05-14T03:09:32.6664314Z  * [new tag]           v1.7.70         -> v1.7.70
2026-05-14T03:09:32.6664646Z  * [new tag]           v1.7.71         -> v1.7.71
2026-05-14T03:09:32.6664972Z  * [new tag]           v1.7.72         -> v1.7.72
2026-05-14T03:09:32.6665719Z  * [new tag]           v1.7.73         -> v1.7.73
2026-05-14T03:09:32.6666070Z  * [new tag]           v1.7.74         -> v1.7.74
2026-05-14T03:09:32.6666580Z  * [new tag]           v1.7.75         -> v1.7.75
2026-05-14T03:09:32.6666924Z  * [new tag]           v1.7.76         -> v1.7.76
2026-05-14T03:09:32.6667260Z  * [new tag]           v1.7.77         -> v1.7.77
2026-05-14T03:09:32.6667591Z  * [new tag]           v1.7.78         -> v1.7.78
2026-05-14T03:09:32.6667916Z  * [new tag]           v1.7.79         -> v1.7.79
2026-05-14T03:09:32.6668247Z  * [new tag]           v1.7.80         -> v1.7.80
2026-05-14T03:09:32.6668583Z  * [new tag]           v1.7.81         -> v1.7.81
2026-05-14T03:09:32.6668906Z  * [new tag]           v1.7.82         -> v1.7.82
2026-05-14T03:09:32.6669237Z  * [new tag]           v1.7.83         -> v1.7.83
2026-05-14T03:09:32.6669566Z  * [new tag]           v1.7.84         -> v1.7.84
2026-05-14T03:09:32.6669894Z  * [new tag]           v1.7.85         -> v1.7.85
2026-05-14T03:09:32.6670232Z  * [new tag]           v1.7.86         -> v1.7.86
2026-05-14T03:09:32.6670567Z  * [new tag]           v1.7.87         -> v1.7.87
2026-05-14T03:09:32.6670905Z  * [new tag]           v1.7.90         -> v1.7.90
2026-05-14T03:09:32.6671244Z  * [new tag]           v1.7.92         -> v1.7.92
2026-05-14T03:09:32.6671586Z  * [new tag]           v1.7.93         -> v1.7.93
2026-05-14T03:09:32.6671922Z  * [new tag]           v1.7.94         -> v1.7.94
2026-05-14T03:09:32.6672244Z  * [new tag]           v1.7.95         -> v1.7.95
2026-05-14T03:09:32.6672573Z  * [new tag]           v1.7.96         -> v1.7.96
2026-05-14T03:09:32.6672906Z  * [new tag]           v1.7.97         -> v1.7.97
2026-05-14T03:09:32.6673239Z  * [new tag]           v1.8.0          -> v1.8.0
2026-05-14T03:09:32.6673574Z  * [new tag]           v1.8.1          -> v1.8.1
2026-05-14T03:09:32.6673916Z  * [new tag]           v1.8.10         -> v1.8.10
2026-05-14T03:09:32.6674247Z  * [new tag]           v1.8.11         -> v1.8.11
2026-05-14T03:09:32.6674578Z  * [new tag]           v1.8.12         -> v1.8.12
2026-05-14T03:09:32.6675249Z  * [new tag]           v1.8.14         -> v1.8.14
2026-05-14T03:09:32.6675635Z  * [new tag]           v1.8.15         -> v1.8.15
2026-05-14T03:09:32.6676112Z  * [new tag]           v1.8.16         -> v1.8.16
2026-05-14T03:09:32.6676465Z  * [new tag]           v1.8.17         -> v1.8.17
2026-05-14T03:09:32.6676805Z  * [new tag]           v1.8.18         -> v1.8.18
2026-05-14T03:09:32.6677130Z  * [new tag]           v1.8.19         -> v1.8.19
2026-05-14T03:09:32.6677461Z  * [new tag]           v1.8.2          -> v1.8.2
2026-05-14T03:09:32.6677799Z  * [new tag]           v1.8.20         -> v1.8.20
2026-05-14T03:09:32.6678125Z  * [new tag]           v1.8.21         -> v1.8.21
2026-05-14T03:09:32.6678462Z  * [new tag]           v1.8.22         -> v1.8.22
2026-05-14T03:09:32.6678798Z  * [new tag]           v1.8.23         -> v1.8.23
2026-05-14T03:09:32.6679138Z  * [new tag]           v1.8.24         -> v1.8.24
2026-05-14T03:09:32.6679460Z  * [new tag]           v1.8.25         -> v1.8.25
2026-05-14T03:09:32.6679793Z  * [new tag]           v1.8.26         -> v1.8.26
2026-05-14T03:09:32.6680137Z  * [new tag]           v1.8.27         -> v1.8.27
2026-05-14T03:09:32.6680483Z  * [new tag]           v1.8.28         -> v1.8.28
2026-05-14T03:09:32.6680817Z  * [new tag]           v1.8.29         -> v1.8.29
2026-05-14T03:09:32.6681152Z  * [new tag]           v1.8.3          -> v1.8.3
2026-05-14T03:09:32.6681478Z  * [new tag]           v1.8.30         -> v1.8.30
2026-05-14T03:09:32.6681811Z  * [new tag]           v1.8.31         -> v1.8.31
2026-05-14T03:09:32.6682145Z  * [new tag]           v1.8.32         -> v1.8.32
2026-05-14T03:09:32.6682471Z  * [new tag]           v1.8.33         -> v1.8.33
2026-05-14T03:09:32.6682799Z  * [new tag]           v1.8.34         -> v1.8.34
2026-05-14T03:09:32.6683132Z  * [new tag]           v1.8.35         -> v1.8.35
2026-05-14T03:09:32.6683458Z  * [new tag]           v1.8.36         -> v1.8.36
2026-05-14T03:09:32.6683788Z  * [new tag]           v1.8.37         -> v1.8.37
2026-05-14T03:09:32.6684116Z  * [new tag]           v1.8.38         -> v1.8.38
2026-05-14T03:09:32.6684589Z  * [new tag]           v1.8.39         -> v1.8.39
2026-05-14T03:09:32.6684927Z  * [new tag]           v1.8.4          -> v1.8.4
2026-05-14T03:09:32.6685521Z  * [new tag]           v1.8.40         -> v1.8.40
2026-05-14T03:09:32.6685849Z  * [new tag]           v1.8.41         -> v1.8.41
2026-05-14T03:09:32.6686182Z  * [new tag]           v1.8.42         -> v1.8.42
2026-05-14T03:09:32.6686514Z  * [new tag]           v1.8.43         -> v1.8.43
2026-05-14T03:09:32.6686839Z  * [new tag]           v1.8.44         -> v1.8.44
2026-05-14T03:09:32.6687160Z  * [new tag]           v1.8.45         -> v1.8.45
2026-05-14T03:09:32.6687486Z  * [new tag]           v1.8.46         -> v1.8.46
2026-05-14T03:09:32.6687813Z  * [new tag]           v1.8.47         -> v1.8.47
2026-05-14T03:09:32.6688142Z  * [new tag]           v1.8.48         -> v1.8.48
2026-05-14T03:09:32.6688474Z  * [new tag]           v1.8.49         -> v1.8.49
2026-05-14T03:09:32.6688804Z  * [new tag]           v1.8.5          -> v1.8.5
2026-05-14T03:09:32.6689146Z  * [new tag]           v1.8.50         -> v1.8.50
2026-05-14T03:09:32.6689476Z  * [new tag]           v1.8.51         -> v1.8.51
2026-05-14T03:09:32.6689802Z  * [new tag]           v1.8.52         -> v1.8.52
2026-05-14T03:09:32.6690127Z  * [new tag]           v1.8.53         -> v1.8.53
2026-05-14T03:09:32.6690452Z  * [new tag]           v1.8.54         -> v1.8.54
2026-05-14T03:09:32.6690785Z  * [new tag]           v1.8.6          -> v1.8.6
2026-05-14T03:09:32.6691110Z  * [new tag]           v1.8.7          -> v1.8.7
2026-05-14T03:09:32.6691442Z  * [new tag]           v1.8.8          -> v1.8.8
2026-05-14T03:09:32.6691768Z  * [new tag]           v1.8.9          -> v1.8.9
2026-05-14T03:09:32.6692099Z  * [new tag]           v1.9.1          -> v1.9.1
2026-05-14T03:09:32.6692423Z  * [new tag]           v1.9.10         -> v1.9.10
2026-05-14T03:09:32.6692753Z  * [new tag]           v1.9.11         -> v1.9.11
2026-05-14T03:09:32.6693089Z  * [new tag]           v1.9.12         -> v1.9.12
2026-05-14T03:09:32.6693417Z  * [new tag]           v1.9.13         -> v1.9.13
2026-05-14T03:09:32.6693883Z  * [new tag]           v1.9.14         -> v1.9.14
2026-05-14T03:09:32.6694225Z  * [new tag]           v1.9.15         -> v1.9.15
2026-05-14T03:09:32.6694550Z  * [new tag]           v1.9.16         -> v1.9.16
2026-05-14T03:09:32.6694874Z  * [new tag]           v1.9.18         -> v1.9.18
2026-05-14T03:09:32.6695450Z  * [new tag]           v1.9.19         -> v1.9.19
2026-05-14T03:09:32.6695785Z  * [new tag]           v1.9.2          -> v1.9.2
2026-05-14T03:09:32.6696120Z  * [new tag]           v1.9.20         -> v1.9.20
2026-05-14T03:09:32.6696455Z  * [new tag]           v1.9.21         -> v1.9.21
2026-05-14T03:09:32.6696814Z  * [new tag]           v1.9.22         -> v1.9.22
2026-05-14T03:09:32.6697149Z  * [new tag]           v1.9.23         -> v1.9.23
2026-05-14T03:09:32.6697478Z  * [new tag]           v1.9.24         -> v1.9.24
2026-05-14T03:09:32.6697811Z  * [new tag]           v1.9.3          -> v1.9.3
2026-05-14T03:09:32.6698150Z  * [new tag]           v1.9.4          -> v1.9.4
2026-05-14T03:09:32.6698485Z  * [new tag]           v1.9.5          -> v1.9.5
2026-05-14T03:09:32.6698814Z  * [new tag]           v1.9.6          -> v1.9.6
2026-05-14T03:09:32.6699133Z  * [new tag]           v1.9.7          -> v1.9.7
2026-05-14T03:09:32.6699462Z  * [new tag]           v1.9.8          -> v1.9.8
2026-05-14T03:09:32.6699789Z  * [new tag]           v1.9.9          -> v1.9.9
2026-05-14T03:09:32.6824597Z ##[endgroup]
2026-05-14T03:09:32.6825862Z ##[group]Determining the checkout info
2026-05-14T03:09:32.6831463Z [command]/usr/bin/git branch --list --remote origin/feat/web-lww-projects
2026-05-14T03:09:32.6891456Z [command]/usr/bin/git tag --list feat/web-lww-projects
2026-05-14T03:09:32.6987903Z ##[error]A branch or tag with the name 'feat/web-lww-projects' could not be found
2026-05-14T03:09:32.7294619Z Post job cleanup.
2026-05-14T03:09:32.8172147Z [command]/usr/bin/git version
2026-05-14T03:09:32.8212272Z git version 2.53.0
2026-05-14T03:09:32.8254113Z Temporarily overriding HOME='/home/runner/work/_temp/5e18420a-83a0-486a-86a7-692ffc9b6b20' before making global git config changes
2026-05-14T03:09:32.8255867Z Adding repository directory to the temporary git global config as a safe directory
2026-05-14T03:09:32.8260396Z [command]/usr/bin/git config --global --add safe.directory /home/runner/work/prismTask/prismTask
2026-05-14T03:09:32.8293659Z Removing SSH command configuration
2026-05-14T03:09:32.8300703Z [command]/usr/bin/git config --local --name-only --get-regexp core\.sshCommand
2026-05-14T03:09:32.8336438Z [command]/usr/bin/git submodule foreach --recursive sh -c "git config --local --name-only --get-regexp 'core\.sshCommand' && git config --local --unset-all 'core.sshCommand' || :"
2026-05-14T03:09:32.8558827Z Removing HTTP extra header
2026-05-14T03:09:32.8564215Z [command]/usr/bin/git config --local --name-only --get-regexp http\.https\:\/\/github\.com\/\.extraheader
2026-05-14T03:09:32.8599671Z [command]/usr/bin/git submodule foreach --recursive sh -c "git config --local --name-only --get-regexp 'http\.https\:\/\/github\.com\/\.extraheader' && git config --local --unset-all 'http.https://github.com/.extraheader' || :"
2026-05-14T03:09:32.8818138Z Removing includeIf entries pointing to credentials config files
2026-05-14T03:09:32.8824780Z [command]/usr/bin/git config --local --name-only --get-regexp ^includeIf\.gitdir:
2026-05-14T03:09:32.8851701Z includeif.gitdir:/home/runner/work/prismTask/prismTask/.git.path
2026-05-14T03:09:32.8852614Z includeif.gitdir:/home/runner/work/prismTask/prismTask/.git/worktrees/*.path
2026-05-14T03:09:32.8853248Z includeif.gitdir:/github/workspace/.git.path
2026-05-14T03:09:32.8853757Z includeif.gitdir:/github/workspace/.git/worktrees/*.path
2026-05-14T03:09:32.8862794Z [command]/usr/bin/git config --local --get-all includeif.gitdir:/home/runner/work/prismTask/prismTask/.git.path
2026-05-14T03:09:32.8886565Z /home/runner/work/_temp/git-credentials-c6f53c5d-4264-415f-b4dd-5db891ae1078.config
2026-05-14T03:09:32.8898414Z [command]/usr/bin/git config --local --unset includeif.gitdir:/home/runner/work/prismTask/prismTask/.git.path /home/runner/work/_temp/git-credentials-c6f53c5d-4264-415f-b4dd-5db891ae1078.config
2026-05-14T03:09:32.8936950Z [command]/usr/bin/git config --local --get-all includeif.gitdir:/home/runner/work/prismTask/prismTask/.git/worktrees/*.path
2026-05-14T03:09:32.8960553Z /home/runner/work/_temp/git-credentials-c6f53c5d-4264-415f-b4dd-5db891ae1078.config
2026-05-14T03:09:32.8970357Z [command]/usr/bin/git config --local --unset includeif.gitdir:/home/runner/work/prismTask/prismTask/.git/worktrees/*.path /home/runner/work/_temp/git-credentials-c6f53c5d-4264-415f-b4dd-5db891ae1078.config
2026-05-14T03:09:32.9002198Z [command]/usr/bin/git config --local --get-all includeif.gitdir:/github/workspace/.git.path
2026-05-14T03:09:32.9024585Z /github/runner_temp/git-credentials-c6f53c5d-4264-415f-b4dd-5db891ae1078.config
2026-05-14T03:09:32.9034147Z [command]/usr/bin/git config --local --unset includeif.gitdir:/github/workspace/.git.path /github/runner_temp/git-credentials-c6f53c5d-4264-415f-b4dd-5db891ae1078.config
2026-05-14T03:09:32.9066702Z [command]/usr/bin/git config --local --get-all includeif.gitdir:/github/workspace/.git/worktrees/*.path
2026-05-14T03:09:32.9088602Z /github/runner_temp/git-credentials-c6f53c5d-4264-415f-b4dd-5db891ae1078.config
2026-05-14T03:09:32.9098083Z [command]/usr/bin/git config --local --unset includeif.gitdir:/github/workspace/.git/worktrees/*.path /github/runner_temp/git-credentials-c6f53c5d-4264-415f-b4dd-5db891ae1078.config
2026-05-14T03:09:32.9130789Z [command]/usr/bin/git submodule foreach --recursive git config --local --show-origin --name-only --get-regexp remote.origin.url
2026-05-14T03:09:32.9355573Z Removing credentials config '/home/runner/work/_temp/git-credentials-c6f53c5d-4264-415f-b4dd-5db891ae1078.config'
2026-05-14T03:09:32.9509043Z Cleaning up orphan processes
