=== CI FAILURE ===
Workflow:      Android CI
Workflow file: averycorp/prismTask/.github/workflows/android-ci.yml@refs/pull/1442/merge
Job(s):        autofix
Run ID:        25898885295
Run attempt:   1
Run URL:       https://github.com/averycorp/prismTask/actions/runs/25898885295
Commit:        4019350ebb2f15b739bbabd534782eac88db42da
Branch:        1442/merge
Event:         pull_request
Actor:         akarlin3
Runner OS:     Linux
Timestamp:     2026-05-15T03:39:25.867Z

Failed steps:
  - autofix: #2 Run actions/checkout@v6

=== FAILED JOB LOG ===

--- Job: autofix (id 76117844111) ---
2026-05-15T03:38:49.6273604Z Current runner version: '2.334.0'
2026-05-15T03:38:49.6293615Z ##[group]Runner Image Provisioner
2026-05-15T03:38:49.6294277Z Hosted Compute Agent
2026-05-15T03:38:49.6294713Z Version: 20260213.493
2026-05-15T03:38:49.6295316Z Commit: 5c115507f6dd24b8de37d8bbe0bb4509d0cc0fa3
2026-05-15T03:38:49.6295836Z Build Date: 2026-02-13T00:28:41Z
2026-05-15T03:38:49.6296526Z Worker ID: {4747699e-ae3c-4dd0-9837-b4bc3eb8edc6}
2026-05-15T03:38:49.6297138Z Azure Region: westus
2026-05-15T03:38:49.6297584Z ##[endgroup]
2026-05-15T03:38:49.6298610Z ##[group]Operating System
2026-05-15T03:38:49.6299130Z Ubuntu
2026-05-15T03:38:49.6299544Z 24.04.4
2026-05-15T03:38:49.6299881Z LTS
2026-05-15T03:38:49.6300296Z ##[endgroup]
2026-05-15T03:38:49.6300706Z ##[group]Runner Image
2026-05-15T03:38:49.6301118Z Image: ubuntu-24.04
2026-05-15T03:38:49.6301599Z Version: 20260413.86.1
2026-05-15T03:38:49.6302501Z Included Software: https://github.com/actions/runner-images/blob/ubuntu24/20260413.86/images/ubuntu/Ubuntu2404-Readme.md
2026-05-15T03:38:49.6303633Z Image Release: https://github.com/actions/runner-images/releases/tag/ubuntu24%2F20260413.86
2026-05-15T03:38:49.6304302Z ##[endgroup]
2026-05-15T03:38:49.6305305Z ##[group]GITHUB_TOKEN Permissions
2026-05-15T03:38:49.6306921Z Actions: read
2026-05-15T03:38:49.6307355Z Checks: read
2026-05-15T03:38:49.6307825Z Contents: write
2026-05-15T03:38:49.6308202Z Metadata: read
2026-05-15T03:38:49.6308617Z PullRequests: read
2026-05-15T03:38:49.6309054Z ##[endgroup]
2026-05-15T03:38:49.6310647Z Secret source: Actions
2026-05-15T03:38:49.6311190Z Prepare workflow directory
2026-05-15T03:38:49.6563651Z Prepare all required actions
2026-05-15T03:38:49.6593723Z Getting action download info
2026-05-15T03:38:50.1030556Z Download action repository 'actions/checkout@v6' (SHA:de0fac2e4500dabe0009e67214ff5f5447ce83dd)
2026-05-15T03:38:50.2080248Z Download action repository 'dorny/paths-filter@v4' (SHA:fbd0ab8f3e69293af611ebaee6363fc25e6d187d)
2026-05-15T03:38:50.5280024Z Download action repository 'actions/cache@v5' (SHA:27d5ce7f107fe9357f9df03efb73ab90386fccae)
2026-05-15T03:38:51.1031581Z Complete job name: autofix
2026-05-15T03:38:51.1725788Z ##[group]Run actions/checkout@v6
2026-05-15T03:38:51.1726970Z with:
2026-05-15T03:38:51.1728465Z   token: ***
2026-05-15T03:38:51.1729210Z   ref: worktree-feat+ai-chat-current-state-context
2026-05-15T03:38:51.1730146Z   fetch-depth: 0
2026-05-15T03:38:51.1730818Z   repository: averycorp/prismTask
2026-05-15T03:38:51.1731585Z   ssh-strict: true
2026-05-15T03:38:51.1732215Z   ssh-user: git
2026-05-15T03:38:51.1732858Z   persist-credentials: true
2026-05-15T03:38:51.1733581Z   clean: true
2026-05-15T03:38:51.1734239Z   sparse-checkout-cone-mode: true
2026-05-15T03:38:51.1735031Z   fetch-tags: false
2026-05-15T03:38:51.1735675Z   show-progress: true
2026-05-15T03:38:51.1736429Z   lfs: false
2026-05-15T03:38:51.1737017Z   submodules: false
2026-05-15T03:38:51.1737672Z   set-safe-directory: true
2026-05-15T03:38:51.1738539Z ##[endgroup]
2026-05-15T03:38:51.2554886Z Syncing repository: averycorp/prismTask
2026-05-15T03:38:51.2557339Z ##[group]Getting Git version info
2026-05-15T03:38:51.2558476Z Working directory is '/home/runner/work/prismTask/prismTask'
2026-05-15T03:38:51.2560036Z [command]/usr/bin/git version
2026-05-15T03:38:51.2863586Z git version 2.53.0
2026-05-15T03:38:51.2880620Z ##[endgroup]
2026-05-15T03:38:51.2891875Z Temporarily overriding HOME='/home/runner/work/_temp/ee6e5c08-40d6-44d4-bac8-049e80d28a94' before making global git config changes
2026-05-15T03:38:51.2895166Z Adding repository directory to the temporary git global config as a safe directory
2026-05-15T03:38:51.2897278Z [command]/usr/bin/git config --global --add safe.directory /home/runner/work/prismTask/prismTask
2026-05-15T03:38:51.2922222Z Deleting the contents of '/home/runner/work/prismTask/prismTask'
2026-05-15T03:38:51.2925451Z ##[group]Initializing the repository
2026-05-15T03:38:51.2928485Z [command]/usr/bin/git init /home/runner/work/prismTask/prismTask
2026-05-15T03:38:51.3003272Z hint: Using 'master' as the name for the initial branch. This default branch name
2026-05-15T03:38:51.3005745Z hint: will change to "main" in Git 3.0. To configure the initial branch name
2026-05-15T03:38:51.3007705Z hint: to use in all of your new repositories, which will suppress this warning,
2026-05-15T03:38:51.3009122Z hint: call:
2026-05-15T03:38:51.3009713Z hint:
2026-05-15T03:38:51.3010466Z hint: 	git config --global init.defaultBranch <name>
2026-05-15T03:38:51.3011712Z hint:
2026-05-15T03:38:51.3012973Z hint: Names commonly chosen instead of 'master' are 'main', 'trunk' and
2026-05-15T03:38:51.3014436Z hint: 'development'. The just-created branch can be renamed via this command:
2026-05-15T03:38:51.3015584Z hint:
2026-05-15T03:38:51.3016464Z hint: 	git branch -m <name>
2026-05-15T03:38:51.3017242Z hint:
2026-05-15T03:38:51.3018200Z hint: Disable this message with "git config set advice.defaultBranchName false"
2026-05-15T03:38:51.3019809Z Initialized empty Git repository in /home/runner/work/prismTask/prismTask/.git/
2026-05-15T03:38:51.3022374Z [command]/usr/bin/git remote add origin https://github.com/averycorp/prismTask
2026-05-15T03:38:51.3039000Z ##[endgroup]
2026-05-15T03:38:51.3040119Z ##[group]Disabling automatic garbage collection
2026-05-15T03:38:51.3041951Z [command]/usr/bin/git config --local gc.auto 0
2026-05-15T03:38:51.3065825Z ##[endgroup]
2026-05-15T03:38:51.3067143Z ##[group]Setting up auth
2026-05-15T03:38:51.3067915Z Removing SSH command configuration
2026-05-15T03:38:51.3071618Z [command]/usr/bin/git config --local --name-only --get-regexp core\.sshCommand
2026-05-15T03:38:51.3097716Z [command]/usr/bin/git submodule foreach --recursive sh -c "git config --local --name-only --get-regexp 'core\.sshCommand' && git config --local --unset-all 'core.sshCommand' || :"
2026-05-15T03:38:51.3329277Z Removing HTTP extra header
2026-05-15T03:38:51.3334613Z [command]/usr/bin/git config --local --name-only --get-regexp http\.https\:\/\/github\.com\/\.extraheader
2026-05-15T03:38:51.3361632Z [command]/usr/bin/git submodule foreach --recursive sh -c "git config --local --name-only --get-regexp 'http\.https\:\/\/github\.com\/\.extraheader' && git config --local --unset-all 'http.https://github.com/.extraheader' || :"
2026-05-15T03:38:51.3537937Z Removing includeIf entries pointing to credentials config files
2026-05-15T03:38:51.3542614Z [command]/usr/bin/git config --local --name-only --get-regexp ^includeIf\.gitdir:
2026-05-15T03:38:51.3568596Z [command]/usr/bin/git submodule foreach --recursive git config --local --show-origin --name-only --get-regexp remote.origin.url
2026-05-15T03:38:51.3750549Z [command]/usr/bin/git config --file /home/runner/work/_temp/git-credentials-696e58d3-0de3-492b-a155-ee7c34535652.config http.https://github.com/.extraheader AUTHORIZATION: basic ***
2026-05-15T03:38:51.3780796Z [command]/usr/bin/git config --local includeIf.gitdir:/home/runner/work/prismTask/prismTask/.git.path /home/runner/work/_temp/git-credentials-696e58d3-0de3-492b-a155-ee7c34535652.config
2026-05-15T03:38:51.3804509Z [command]/usr/bin/git config --local includeIf.gitdir:/home/runner/work/prismTask/prismTask/.git/worktrees/*.path /home/runner/work/_temp/git-credentials-696e58d3-0de3-492b-a155-ee7c34535652.config
2026-05-15T03:38:51.3829252Z [command]/usr/bin/git config --local includeIf.gitdir:/github/workspace/.git.path /github/runner_temp/git-credentials-696e58d3-0de3-492b-a155-ee7c34535652.config
2026-05-15T03:38:51.3857424Z [command]/usr/bin/git config --local includeIf.gitdir:/github/workspace/.git/worktrees/*.path /github/runner_temp/git-credentials-696e58d3-0de3-492b-a155-ee7c34535652.config
2026-05-15T03:38:51.3879150Z ##[endgroup]
2026-05-15T03:38:51.3880247Z ##[group]Fetching the repository
2026-05-15T03:38:51.3885764Z [command]/usr/bin/git -c protocol.version=2 fetch --no-tags --prune --no-recurse-submodules origin +refs/heads/*:refs/remotes/origin/* +refs/tags/*:refs/tags/*
2026-05-15T03:39:16.2619739Z From https://github.com/averycorp/prismTask
2026-05-15T03:39:16.2620390Z  * [new branch]        ci-logs         -> origin/ci-logs
2026-05-15T03:39:16.2621760Z  * [new branch]        docs/parity-batch-5-medication-audit-phase-3-4 -> origin/docs/parity-batch-5-medication-audit-phase-3-4
2026-05-15T03:39:16.2623037Z  * [new branch]        feat/web-plan-for-today-sheet -> origin/feat/web-plan-for-today-sheet
2026-05-15T03:39:16.2624149Z  * [new branch]        main            -> origin/main
2026-05-15T03:39:16.2624639Z  * [new branch]        v0.1.0-legacy   -> origin/v0.1.0-legacy
2026-05-15T03:39:16.2625162Z  * [new branch]        v0.2.0-legacy   -> origin/v0.2.0-legacy
2026-05-15T03:39:16.2625653Z  * [new branch]        v0.3.0-legacy   -> origin/v0.3.0-legacy
2026-05-15T03:39:16.2626176Z  * [new branch]        v0.4.0-legacy   -> origin/v0.4.0-legacy
2026-05-15T03:39:16.2626926Z  * [new branch]        v0.5.0-legacy   -> origin/v0.5.0-legacy
2026-05-15T03:39:16.2627440Z  * [new branch]        v0.6.0-legacy   -> origin/v0.6.0-legacy
2026-05-15T03:39:16.2627969Z  * [new branch]        v0.7.0-legacy   -> origin/v0.7.0-legacy
2026-05-15T03:39:16.2628701Z  * [new branch]        worktree-balance-cog-habits-leisure -> origin/worktree-balance-cog-habits-leisure
2026-05-15T03:39:16.2629779Z  * [new branch]        worktree-feat+analog-clock-three-hand-medication -> origin/worktree-feat+analog-clock-three-hand-medication
2026-05-15T03:39:16.2631024Z  * [new branch]        worktree-fix+restore-purchase-button-wiring -> origin/worktree-fix+restore-purchase-button-wiring
2026-05-15T03:39:16.2632284Z  * [new branch]        worktree-fix-ci-onboarding-forgiveness-streaks-ref -> origin/worktree-fix-ci-onboarding-forgiveness-streaks-ref
2026-05-15T03:39:16.2633450Z  * [new branch]        worktree-fix-onboarding-welcome-overlap -> origin/worktree-fix-onboarding-welcome-overlap
2026-05-15T03:39:16.2634405Z  * [new branch]        worktree-medication-tier-edit -> origin/worktree-medication-tier-edit
2026-05-15T03:39:16.2635214Z  * [new tag]           v0.1.0          -> v0.1.0
2026-05-15T03:39:16.2636910Z  * [new tag]           v0.2.0          -> v0.2.0
2026-05-15T03:39:16.2637547Z  * [new tag]           v0.3.0          -> v0.3.0
2026-05-15T03:39:16.2638179Z  * [new tag]           v0.4.0          -> v0.4.0
2026-05-15T03:39:16.2638647Z  * [new tag]           v0.5.0          -> v0.5.0
2026-05-15T03:39:16.2639048Z  * [new tag]           v0.7.0          -> v0.7.0
2026-05-15T03:39:16.2639456Z  * [new tag]           v0.7.12         -> v0.7.12
2026-05-15T03:39:16.2639855Z  * [new tag]           v0.7.13         -> v0.7.13
2026-05-15T03:39:16.2640234Z  * [new tag]           v0.7.14         -> v0.7.14
2026-05-15T03:39:16.2640591Z  * [new tag]           v0.7.15         -> v0.7.15
2026-05-15T03:39:16.2640929Z  * [new tag]           v0.7.16         -> v0.7.16
2026-05-15T03:39:16.2641352Z  * [new tag]           v0.7.17         -> v0.7.17
2026-05-15T03:39:16.2641801Z  * [new tag]           v0.7.17-build.2 -> v0.7.17-build.2
2026-05-15T03:39:16.2642235Z  * [new tag]           v0.7.17-build.3 -> v0.7.17-build.3
2026-05-15T03:39:16.2642662Z  * [new tag]           v0.7.17-build.4 -> v0.7.17-build.4
2026-05-15T03:39:16.2643172Z  * [new tag]           v0.7.17-build.5 -> v0.7.17-build.5
2026-05-15T03:39:16.2643602Z  * [new tag]           v0.7.17-build.6 -> v0.7.17-build.6
2026-05-15T03:39:16.2644040Z  * [new tag]           v0.7.17-build.7 -> v0.7.17-build.7
2026-05-15T03:39:16.2644472Z  * [new tag]           v0.7.17-build.8 -> v0.7.17-build.8
2026-05-15T03:39:16.2644898Z  * [new tag]           v0.7.17-build.9 -> v0.7.17-build.9
2026-05-15T03:39:16.2645304Z  * [new tag]           v0.7.18         -> v0.7.18
2026-05-15T03:39:16.2645721Z  * [new tag]           v0.7.18-build.2 -> v0.7.18-build.2
2026-05-15T03:39:16.2646147Z  * [new tag]           v0.7.18-build.3 -> v0.7.18-build.3
2026-05-15T03:39:16.2646741Z  * [new tag]           v0.7.18-build.4 -> v0.7.18-build.4
2026-05-15T03:39:16.2647161Z  * [new tag]           v0.7.19         -> v0.7.19
2026-05-15T03:39:16.2647583Z  * [new tag]           v0.7.19-build.2 -> v0.7.19-build.2
2026-05-15T03:39:16.2647995Z  * [new tag]           v0.7.20         -> v0.7.20
2026-05-15T03:39:16.2648593Z  * [new tag]           v0.7.20-build.2 -> v0.7.20-build.2
2026-05-15T03:39:16.2649024Z  * [new tag]           v0.7.20-build.3 -> v0.7.20-build.3
2026-05-15T03:39:16.2649448Z  * [new tag]           v0.7.20-build.4 -> v0.7.20-build.4
2026-05-15T03:39:16.2649872Z  * [new tag]           v0.8.0          -> v0.8.0
2026-05-15T03:39:16.2650300Z  * [new tag]           v0.8.0-build.2  -> v0.8.0-build.2
2026-05-15T03:39:16.2650718Z  * [new tag]           v0.8.1          -> v0.8.1
2026-05-15T03:39:16.2651110Z  * [new tag]           v0.8.10         -> v0.8.10
2026-05-15T03:39:16.2651507Z  * [new tag]           v0.8.11         -> v0.8.11
2026-05-15T03:39:16.2651909Z  * [new tag]           v0.8.12         -> v0.8.12
2026-05-15T03:39:16.2652297Z  * [new tag]           v0.8.13         -> v0.8.13
2026-05-15T03:39:16.2652697Z  * [new tag]           v0.8.14         -> v0.8.14
2026-05-15T03:39:16.2653396Z  * [new tag]           v0.8.15         -> v0.8.15
2026-05-15T03:39:16.2653806Z  * [new tag]           v0.8.2          -> v0.8.2
2026-05-15T03:39:16.2654209Z  * [new tag]           v0.8.3          -> v0.8.3
2026-05-15T03:39:16.2654607Z  * [new tag]           v0.8.4          -> v0.8.4
2026-05-15T03:39:16.2654992Z  * [new tag]           v0.8.5          -> v0.8.5
2026-05-15T03:39:16.2655392Z  * [new tag]           v0.8.6          -> v0.8.6
2026-05-15T03:39:16.2655798Z  * [new tag]           v0.8.7          -> v0.8.7
2026-05-15T03:39:16.2656186Z  * [new tag]           v0.8.8          -> v0.8.8
2026-05-15T03:39:16.2656693Z  * [new tag]           v0.8.9          -> v0.8.9
2026-05-15T03:39:16.2657111Z  * [new tag]           v0.9.1          -> v0.9.1
2026-05-15T03:39:16.2657568Z  * [new tag]           v0.9.2          -> v0.9.2
2026-05-15T03:39:16.2657960Z  * [new tag]           v1.0.1          -> v1.0.1
2026-05-15T03:39:16.2658363Z  * [new tag]           v1.0.10         -> v1.0.10
2026-05-15T03:39:16.2658764Z  * [new tag]           v1.0.11         -> v1.0.11
2026-05-15T03:39:16.2659168Z  * [new tag]           v1.0.12         -> v1.0.12
2026-05-15T03:39:16.2659744Z  * [new tag]           v1.0.13         -> v1.0.13
2026-05-15T03:39:16.2660165Z  * [new tag]           v1.0.2          -> v1.0.2
2026-05-15T03:39:16.2660584Z  * [new tag]           v1.0.3          -> v1.0.3
2026-05-15T03:39:16.2660987Z  * [new tag]           v1.0.4          -> v1.0.4
2026-05-15T03:39:16.2661393Z  * [new tag]           v1.0.5          -> v1.0.5
2026-05-15T03:39:16.2661800Z  * [new tag]           v1.0.6          -> v1.0.6
2026-05-15T03:39:16.2662196Z  * [new tag]           v1.0.7          -> v1.0.7
2026-05-15T03:39:16.2662599Z  * [new tag]           v1.0.8          -> v1.0.8
2026-05-15T03:39:16.2663008Z  * [new tag]           v1.0.9          -> v1.0.9
2026-05-15T03:39:16.2663422Z  * [new tag]           v1.1.1          -> v1.1.1
2026-05-15T03:39:16.2663863Z  * [new tag]           v1.1.1-build.2  -> v1.1.1-build.2
2026-05-15T03:39:16.2664321Z  * [new tag]           v1.1.1-build.3  -> v1.1.1-build.3
2026-05-15T03:39:16.2664780Z  * [new tag]           v1.1.1-build.4  -> v1.1.1-build.4
2026-05-15T03:39:16.2665219Z  * [new tag]           v1.1.10         -> v1.1.10
2026-05-15T03:39:16.2665648Z  * [new tag]           v1.1.11         -> v1.1.11
2026-05-15T03:39:16.2666067Z  * [new tag]           v1.1.12         -> v1.1.12
2026-05-15T03:39:16.2666625Z  * [new tag]           v1.1.2          -> v1.1.2
2026-05-15T03:39:16.2667060Z  * [new tag]           v1.1.3          -> v1.1.3
2026-05-15T03:39:16.2667470Z  * [new tag]           v1.1.4          -> v1.1.4
2026-05-15T03:39:16.2667873Z  * [new tag]           v1.1.5          -> v1.1.5
2026-05-15T03:39:16.2668283Z  * [new tag]           v1.1.6          -> v1.1.6
2026-05-15T03:39:16.2668688Z  * [new tag]           v1.1.7          -> v1.1.7
2026-05-15T03:39:16.2669088Z  * [new tag]           v1.1.8          -> v1.1.8
2026-05-15T03:39:16.2669494Z  * [new tag]           v1.1.9          -> v1.1.9
2026-05-15T03:39:16.2669901Z  * [new tag]           v1.3.0          -> v1.3.0
2026-05-15T03:39:16.2670453Z  * [new tag]           v1.3.1          -> v1.3.1
2026-05-15T03:39:16.2670933Z  * [new tag]           v1.3.10         -> v1.3.10
2026-05-15T03:39:16.2671354Z  * [new tag]           v1.3.11         -> v1.3.11
2026-05-15T03:39:16.2671799Z  * [new tag]           v1.3.11-build.2 -> v1.3.11-build.2
2026-05-15T03:39:16.2672231Z  * [new tag]           v1.3.12         -> v1.3.12
2026-05-15T03:39:16.2672639Z  * [new tag]           v1.3.13         -> v1.3.13
2026-05-15T03:39:16.2673071Z  * [new tag]           v1.3.13-build.2 -> v1.3.13-build.2
2026-05-15T03:39:16.2673502Z  * [new tag]           v1.3.14         -> v1.3.14
2026-05-15T03:39:16.2673913Z  * [new tag]           v1.3.15         -> v1.3.15
2026-05-15T03:39:16.2674323Z  * [new tag]           v1.3.16         -> v1.3.16
2026-05-15T03:39:16.2674742Z  * [new tag]           v1.3.17         -> v1.3.17
2026-05-15T03:39:16.2675156Z  * [new tag]           v1.3.18         -> v1.3.18
2026-05-15T03:39:16.2675650Z  * [new tag]           v1.3.19         -> v1.3.19
2026-05-15T03:39:16.2676088Z  * [new tag]           v1.3.2          -> v1.3.2
2026-05-15T03:39:16.2676669Z  * [new tag]           v1.3.20         -> v1.3.20
2026-05-15T03:39:16.2677091Z  * [new tag]           v1.3.21         -> v1.3.21
2026-05-15T03:39:16.2677501Z  * [new tag]           v1.3.22         -> v1.3.22
2026-05-15T03:39:16.2677905Z  * [new tag]           v1.3.23         -> v1.3.23
2026-05-15T03:39:16.2678319Z  * [new tag]           v1.3.24         -> v1.3.24
2026-05-15T03:39:16.2678729Z  * [new tag]           v1.3.25         -> v1.3.25
2026-05-15T03:39:16.2679134Z  * [new tag]           v1.3.26         -> v1.3.26
2026-05-15T03:39:16.2679544Z  * [new tag]           v1.3.27         -> v1.3.27
2026-05-15T03:39:16.2679957Z  * [new tag]           v1.3.28         -> v1.3.28
2026-05-15T03:39:16.2680370Z  * [new tag]           v1.3.29         -> v1.3.29
2026-05-15T03:39:16.2680768Z  * [new tag]           v1.3.3          -> v1.3.3
2026-05-15T03:39:16.2681185Z  * [new tag]           v1.3.30         -> v1.3.30
2026-05-15T03:39:16.2681599Z  * [new tag]           v1.3.31         -> v1.3.31
2026-05-15T03:39:16.2766848Z  * [new tag]           v1.3.32         -> v1.3.32
2026-05-15T03:39:16.2767224Z  * [new tag]           v1.3.33         -> v1.3.33
2026-05-15T03:39:16.2767533Z  * [new tag]           v1.3.34         -> v1.3.34
2026-05-15T03:39:16.2767811Z  * [new tag]           v1.3.35         -> v1.3.35
2026-05-15T03:39:16.2768086Z  * [new tag]           v1.3.36         -> v1.3.36
2026-05-15T03:39:16.2768356Z  * [new tag]           v1.3.37         -> v1.3.37
2026-05-15T03:39:16.2768637Z  * [new tag]           v1.3.38         -> v1.3.38
2026-05-15T03:39:16.2768904Z  * [new tag]           v1.3.39         -> v1.3.39
2026-05-15T03:39:16.2769174Z  * [new tag]           v1.3.4          -> v1.3.4
2026-05-15T03:39:16.2769444Z  * [new tag]           v1.3.40         -> v1.3.40
2026-05-15T03:39:16.2769700Z  * [new tag]           v1.3.41         -> v1.3.41
2026-05-15T03:39:16.2769966Z  * [new tag]           v1.3.42         -> v1.3.42
2026-05-15T03:39:16.2770253Z  * [new tag]           v1.3.43         -> v1.3.43
2026-05-15T03:39:16.2770529Z  * [new tag]           v1.3.44         -> v1.3.44
2026-05-15T03:39:16.2770791Z  * [new tag]           v1.3.45         -> v1.3.45
2026-05-15T03:39:16.2771077Z  * [new tag]           v1.3.46         -> v1.3.46
2026-05-15T03:39:16.2771327Z  * [new tag]           v1.3.47         -> v1.3.47
2026-05-15T03:39:16.2771584Z  * [new tag]           v1.3.48         -> v1.3.48
2026-05-15T03:39:16.2771868Z  * [new tag]           v1.3.49         -> v1.3.49
2026-05-15T03:39:16.2772126Z  * [new tag]           v1.3.5          -> v1.3.5
2026-05-15T03:39:16.2772413Z  * [new tag]           v1.3.5-build.2  -> v1.3.5-build.2
2026-05-15T03:39:16.2772704Z  * [new tag]           v1.3.50         -> v1.3.50
2026-05-15T03:39:16.2772973Z  * [new tag]           v1.3.51         -> v1.3.51
2026-05-15T03:39:16.2773236Z  * [new tag]           v1.3.52         -> v1.3.52
2026-05-15T03:39:16.2773494Z  * [new tag]           v1.3.53         -> v1.3.53
2026-05-15T03:39:16.2773872Z  * [new tag]           v1.3.54         -> v1.3.54
2026-05-15T03:39:16.2774130Z  * [new tag]           v1.3.55         -> v1.3.55
2026-05-15T03:39:16.2774390Z  * [new tag]           v1.3.56         -> v1.3.56
2026-05-15T03:39:16.2774656Z  * [new tag]           v1.3.57         -> v1.3.57
2026-05-15T03:39:16.2774907Z  * [new tag]           v1.3.58         -> v1.3.58
2026-05-15T03:39:16.2775167Z  * [new tag]           v1.3.59         -> v1.3.59
2026-05-15T03:39:16.2775431Z  * [new tag]           v1.3.6          -> v1.3.6
2026-05-15T03:39:16.2775683Z  * [new tag]           v1.3.60         -> v1.3.60
2026-05-15T03:39:16.2775941Z  * [new tag]           v1.3.61         -> v1.3.61
2026-05-15T03:39:16.2776355Z  * [new tag]           v1.3.62         -> v1.3.62
2026-05-15T03:39:16.2776696Z  * [new tag]           v1.3.7          -> v1.3.7
2026-05-15T03:39:16.2776955Z  * [new tag]           v1.3.8          -> v1.3.8
2026-05-15T03:39:16.2777212Z  * [new tag]           v1.3.9          -> v1.3.9
2026-05-15T03:39:16.2777474Z  * [new tag]           v1.4.40         -> v1.4.40
2026-05-15T03:39:16.2777729Z  * [new tag]           v1.5.0          -> v1.5.0
2026-05-15T03:39:16.2777985Z  * [new tag]           v1.5.2          -> v1.5.2
2026-05-15T03:39:16.2778243Z  * [new tag]           v1.5.3          -> v1.5.3
2026-05-15T03:39:16.2778485Z  * [new tag]           v1.6.0          -> v1.6.0
2026-05-15T03:39:16.2778736Z  * [new tag]           v1.7.0          -> v1.7.0
2026-05-15T03:39:16.2778986Z  * [new tag]           v1.7.37         -> v1.7.37
2026-05-15T03:39:16.2779232Z  * [new tag]           v1.7.38         -> v1.7.38
2026-05-15T03:39:16.2779488Z  * [new tag]           v1.7.39         -> v1.7.39
2026-05-15T03:39:16.2779738Z  * [new tag]           v1.7.40         -> v1.7.40
2026-05-15T03:39:16.2779983Z  * [new tag]           v1.7.41         -> v1.7.41
2026-05-15T03:39:16.2780233Z  * [new tag]           v1.7.42         -> v1.7.42
2026-05-15T03:39:16.2780487Z  * [new tag]           v1.7.43         -> v1.7.43
2026-05-15T03:39:16.2780739Z  * [new tag]           v1.7.44         -> v1.7.44
2026-05-15T03:39:16.2781135Z  * [new tag]           v1.7.45         -> v1.7.45
2026-05-15T03:39:16.2781397Z  * [new tag]           v1.7.46         -> v1.7.46
2026-05-15T03:39:16.2781666Z  * [new tag]           v1.7.47         -> v1.7.47
2026-05-15T03:39:16.2781921Z  * [new tag]           v1.7.48         -> v1.7.48
2026-05-15T03:39:16.2782180Z  * [new tag]           v1.7.49         -> v1.7.49
2026-05-15T03:39:16.2782444Z  * [new tag]           v1.7.50         -> v1.7.50
2026-05-15T03:39:16.2782697Z  * [new tag]           v1.7.51         -> v1.7.51
2026-05-15T03:39:16.2782964Z  * [new tag]           v1.7.52         -> v1.7.52
2026-05-15T03:39:16.2783226Z  * [new tag]           v1.7.53         -> v1.7.53
2026-05-15T03:39:16.2783475Z  * [new tag]           v1.7.54         -> v1.7.54
2026-05-15T03:39:16.2783733Z  * [new tag]           v1.7.55         -> v1.7.55
2026-05-15T03:39:16.2783992Z  * [new tag]           v1.7.56         -> v1.7.56
2026-05-15T03:39:16.2784253Z  * [new tag]           v1.7.57         -> v1.7.57
2026-05-15T03:39:16.2784522Z  * [new tag]           v1.7.58         -> v1.7.58
2026-05-15T03:39:16.2784781Z  * [new tag]           v1.7.59         -> v1.7.59
2026-05-15T03:39:16.2785034Z  * [new tag]           v1.7.60         -> v1.7.60
2026-05-15T03:39:16.2785295Z  * [new tag]           v1.7.61         -> v1.7.61
2026-05-15T03:39:16.2785557Z  * [new tag]           v1.7.62         -> v1.7.62
2026-05-15T03:39:16.2785831Z  * [new tag]           v1.7.63         -> v1.7.63
2026-05-15T03:39:16.2786098Z  * [new tag]           v1.7.64         -> v1.7.64
2026-05-15T03:39:16.2786533Z  * [new tag]           v1.7.65         -> v1.7.65
2026-05-15T03:39:16.2786792Z  * [new tag]           v1.7.66         -> v1.7.66
2026-05-15T03:39:16.2787051Z  * [new tag]           v1.7.67         -> v1.7.67
2026-05-15T03:39:16.2787303Z  * [new tag]           v1.7.68         -> v1.7.68
2026-05-15T03:39:16.2787562Z  * [new tag]           v1.7.69         -> v1.7.69
2026-05-15T03:39:16.2787925Z  * [new tag]           v1.7.70         -> v1.7.70
2026-05-15T03:39:16.2788188Z  * [new tag]           v1.7.71         -> v1.7.71
2026-05-15T03:39:16.2788439Z  * [new tag]           v1.7.72         -> v1.7.72
2026-05-15T03:39:16.2788700Z  * [new tag]           v1.7.73         -> v1.7.73
2026-05-15T03:39:16.2788958Z  * [new tag]           v1.7.74         -> v1.7.74
2026-05-15T03:39:16.2789208Z  * [new tag]           v1.7.75         -> v1.7.75
2026-05-15T03:39:16.2789462Z  * [new tag]           v1.7.76         -> v1.7.76
2026-05-15T03:39:16.2789719Z  * [new tag]           v1.7.77         -> v1.7.77
2026-05-15T03:39:16.2789964Z  * [new tag]           v1.7.78         -> v1.7.78
2026-05-15T03:39:16.2790221Z  * [new tag]           v1.7.79         -> v1.7.79
2026-05-15T03:39:16.2790476Z  * [new tag]           v1.7.80         -> v1.7.80
2026-05-15T03:39:16.2790727Z  * [new tag]           v1.7.81         -> v1.7.81
2026-05-15T03:39:16.2790981Z  * [new tag]           v1.7.82         -> v1.7.82
2026-05-15T03:39:16.2791242Z  * [new tag]           v1.7.83         -> v1.7.83
2026-05-15T03:39:16.2791496Z  * [new tag]           v1.7.84         -> v1.7.84
2026-05-15T03:39:16.2791751Z  * [new tag]           v1.7.85         -> v1.7.85
2026-05-15T03:39:16.2792006Z  * [new tag]           v1.7.86         -> v1.7.86
2026-05-15T03:39:16.2792258Z  * [new tag]           v1.7.87         -> v1.7.87
2026-05-15T03:39:16.2792501Z  * [new tag]           v1.7.90         -> v1.7.90
2026-05-15T03:39:16.2792748Z  * [new tag]           v1.7.92         -> v1.7.92
2026-05-15T03:39:16.2793001Z  * [new tag]           v1.7.93         -> v1.7.93
2026-05-15T03:39:16.2793295Z  * [new tag]           v1.7.94         -> v1.7.94
2026-05-15T03:39:16.2793538Z  * [new tag]           v1.7.95         -> v1.7.95
2026-05-15T03:39:16.2793794Z  * [new tag]           v1.7.96         -> v1.7.96
2026-05-15T03:39:16.2794043Z  * [new tag]           v1.7.97         -> v1.7.97
2026-05-15T03:39:16.2794295Z  * [new tag]           v1.8.0          -> v1.8.0
2026-05-15T03:39:16.2794557Z  * [new tag]           v1.8.1          -> v1.8.1
2026-05-15T03:39:16.2794917Z  * [new tag]           v1.8.10         -> v1.8.10
2026-05-15T03:39:16.2795172Z  * [new tag]           v1.8.11         -> v1.8.11
2026-05-15T03:39:16.2795434Z  * [new tag]           v1.8.12         -> v1.8.12
2026-05-15T03:39:16.2795687Z  * [new tag]           v1.8.14         -> v1.8.14
2026-05-15T03:39:16.2795933Z  * [new tag]           v1.8.15         -> v1.8.15
2026-05-15T03:39:16.2796186Z  * [new tag]           v1.8.16         -> v1.8.16
2026-05-15T03:39:16.2796729Z  * [new tag]           v1.8.17         -> v1.8.17
2026-05-15T03:39:16.2796994Z  * [new tag]           v1.8.18         -> v1.8.18
2026-05-15T03:39:16.2797253Z  * [new tag]           v1.8.19         -> v1.8.19
2026-05-15T03:39:16.2797509Z  * [new tag]           v1.8.2          -> v1.8.2
2026-05-15T03:39:16.2797773Z  * [new tag]           v1.8.20         -> v1.8.20
2026-05-15T03:39:16.2798026Z  * [new tag]           v1.8.21         -> v1.8.21
2026-05-15T03:39:16.2798280Z  * [new tag]           v1.8.22         -> v1.8.22
2026-05-15T03:39:16.2798545Z  * [new tag]           v1.8.23         -> v1.8.23
2026-05-15T03:39:16.2798801Z  * [new tag]           v1.8.24         -> v1.8.24
2026-05-15T03:39:16.2799078Z  * [new tag]           v1.8.25         -> v1.8.25
2026-05-15T03:39:16.2799334Z  * [new tag]           v1.8.26         -> v1.8.26
2026-05-15T03:39:16.2799592Z  * [new tag]           v1.8.27         -> v1.8.27
2026-05-15T03:39:16.2799843Z  * [new tag]           v1.8.28         -> v1.8.28
2026-05-15T03:39:16.2800096Z  * [new tag]           v1.8.29         -> v1.8.29
2026-05-15T03:39:16.2800346Z  * [new tag]           v1.8.3          -> v1.8.3
2026-05-15T03:39:16.2800598Z  * [new tag]           v1.8.30         -> v1.8.30
2026-05-15T03:39:16.2800859Z  * [new tag]           v1.8.31         -> v1.8.31
2026-05-15T03:39:16.2801110Z  * [new tag]           v1.8.32         -> v1.8.32
2026-05-15T03:39:16.2801359Z  * [new tag]           v1.8.33         -> v1.8.33
2026-05-15T03:39:16.2801719Z  * [new tag]           v1.8.34         -> v1.8.34
2026-05-15T03:39:16.2801985Z  * [new tag]           v1.8.35         -> v1.8.35
2026-05-15T03:39:16.2802241Z  * [new tag]           v1.8.36         -> v1.8.36
2026-05-15T03:39:16.2802498Z  * [new tag]           v1.8.37         -> v1.8.37
2026-05-15T03:39:16.2802760Z  * [new tag]           v1.8.38         -> v1.8.38
2026-05-15T03:39:16.2803012Z  * [new tag]           v1.8.39         -> v1.8.39
2026-05-15T03:39:16.2803262Z  * [new tag]           v1.8.4          -> v1.8.4
2026-05-15T03:39:16.2803523Z  * [new tag]           v1.8.40         -> v1.8.40
2026-05-15T03:39:16.2803779Z  * [new tag]           v1.8.41         -> v1.8.41
2026-05-15T03:39:16.2804025Z  * [new tag]           v1.8.42         -> v1.8.42
2026-05-15T03:39:16.2804275Z  * [new tag]           v1.8.43         -> v1.8.43
2026-05-15T03:39:16.2804521Z  * [new tag]           v1.8.44         -> v1.8.44
2026-05-15T03:39:16.2804776Z  * [new tag]           v1.8.45         -> v1.8.45
2026-05-15T03:39:16.2805027Z  * [new tag]           v1.8.46         -> v1.8.46
2026-05-15T03:39:16.2805285Z  * [new tag]           v1.8.47         -> v1.8.47
2026-05-15T03:39:16.2805539Z  * [new tag]           v1.8.48         -> v1.8.48
2026-05-15T03:39:16.2805780Z  * [new tag]           v1.8.49         -> v1.8.49
2026-05-15T03:39:16.2806038Z  * [new tag]           v1.8.5          -> v1.8.5
2026-05-15T03:39:16.2806400Z  * [new tag]           v1.8.50         -> v1.8.50
2026-05-15T03:39:16.2806639Z  * [new tag]           v1.8.51         -> v1.8.51
2026-05-15T03:39:16.2806885Z  * [new tag]           v1.8.52         -> v1.8.52
2026-05-15T03:39:16.2807231Z  * [new tag]           v1.8.53         -> v1.8.53
2026-05-15T03:39:16.2807501Z  * [new tag]           v1.8.54         -> v1.8.54
2026-05-15T03:39:16.2807761Z  * [new tag]           v1.8.6          -> v1.8.6
2026-05-15T03:39:16.2808091Z  * [new tag]           v1.8.7          -> v1.8.7
2026-05-15T03:39:16.2808343Z  * [new tag]           v1.8.8          -> v1.8.8
2026-05-15T03:39:16.2808600Z  * [new tag]           v1.8.9          -> v1.8.9
2026-05-15T03:39:16.2808964Z  * [new tag]           v1.9.1          -> v1.9.1
2026-05-15T03:39:16.2809214Z  * [new tag]           v1.9.10         -> v1.9.10
2026-05-15T03:39:16.2809457Z  * [new tag]           v1.9.11         -> v1.9.11
2026-05-15T03:39:16.2809712Z  * [new tag]           v1.9.12         -> v1.9.12
2026-05-15T03:39:16.2809965Z  * [new tag]           v1.9.13         -> v1.9.13
2026-05-15T03:39:16.2810213Z  * [new tag]           v1.9.14         -> v1.9.14
2026-05-15T03:39:16.2810471Z  * [new tag]           v1.9.15         -> v1.9.15
2026-05-15T03:39:16.2810728Z  * [new tag]           v1.9.16         -> v1.9.16
2026-05-15T03:39:16.2810975Z  * [new tag]           v1.9.18         -> v1.9.18
2026-05-15T03:39:16.2811224Z  * [new tag]           v1.9.19         -> v1.9.19
2026-05-15T03:39:16.2811472Z  * [new tag]           v1.9.2          -> v1.9.2
2026-05-15T03:39:16.2811721Z  * [new tag]           v1.9.20         -> v1.9.20
2026-05-15T03:39:16.2811978Z  * [new tag]           v1.9.21         -> v1.9.21
2026-05-15T03:39:16.2812238Z  * [new tag]           v1.9.22         -> v1.9.22
2026-05-15T03:39:16.2812483Z  * [new tag]           v1.9.23         -> v1.9.23
2026-05-15T03:39:16.2812735Z  * [new tag]           v1.9.24         -> v1.9.24
2026-05-15T03:39:16.2812990Z  * [new tag]           v1.9.26         -> v1.9.26
2026-05-15T03:39:16.2813238Z  * [new tag]           v1.9.27         -> v1.9.27
2026-05-15T03:39:16.2813484Z  * [new tag]           v1.9.28         -> v1.9.28
2026-05-15T03:39:16.2813740Z  * [new tag]           v1.9.3          -> v1.9.3
2026-05-15T03:39:16.2813994Z  * [new tag]           v1.9.4          -> v1.9.4
2026-05-15T03:39:16.2814245Z  * [new tag]           v1.9.5          -> v1.9.5
2026-05-15T03:39:16.2814493Z  * [new tag]           v1.9.6          -> v1.9.6
2026-05-15T03:39:16.2814746Z  * [new tag]           v1.9.7          -> v1.9.7
2026-05-15T03:39:16.2814997Z  * [new tag]           v1.9.8          -> v1.9.8
2026-05-15T03:39:16.2815357Z  * [new tag]           v1.9.9          -> v1.9.9
2026-05-15T03:39:16.2905910Z ##[endgroup]
2026-05-15T03:39:16.2906548Z ##[group]Determining the checkout info
2026-05-15T03:39:16.2911085Z [command]/usr/bin/git branch --list --remote origin/worktree-feat+ai-chat-current-state-context
2026-05-15T03:39:16.2959200Z [command]/usr/bin/git tag --list worktree-feat+ai-chat-current-state-context
2026-05-15T03:39:16.3035326Z ##[error]A branch or tag with the name 'worktree-feat+ai-chat-current-state-context' could not be found
2026-05-15T03:39:16.3269425Z Post job cleanup.
2026-05-15T03:39:16.3917884Z [command]/usr/bin/git version
2026-05-15T03:39:16.3947322Z git version 2.53.0
2026-05-15T03:39:16.3977074Z Temporarily overriding HOME='/home/runner/work/_temp/49bd0bb2-7fba-40e2-ad7b-00cddacb2fc3' before making global git config changes
2026-05-15T03:39:16.3977817Z Adding repository directory to the temporary git global config as a safe directory
2026-05-15T03:39:16.3981960Z [command]/usr/bin/git config --global --add safe.directory /home/runner/work/prismTask/prismTask
2026-05-15T03:39:16.4007548Z Removing SSH command configuration
2026-05-15T03:39:16.4012356Z [command]/usr/bin/git config --local --name-only --get-regexp core\.sshCommand
2026-05-15T03:39:16.4064761Z [command]/usr/bin/git submodule foreach --recursive sh -c "git config --local --name-only --get-regexp 'core\.sshCommand' && git config --local --unset-all 'core.sshCommand' || :"
2026-05-15T03:39:16.4248015Z Removing HTTP extra header
2026-05-15T03:39:16.4251498Z [command]/usr/bin/git config --local --name-only --get-regexp http\.https\:\/\/github\.com\/\.extraheader
2026-05-15T03:39:16.4278040Z [command]/usr/bin/git submodule foreach --recursive sh -c "git config --local --name-only --get-regexp 'http\.https\:\/\/github\.com\/\.extraheader' && git config --local --unset-all 'http.https://github.com/.extraheader' || :"
2026-05-15T03:39:16.4453899Z Removing includeIf entries pointing to credentials config files
2026-05-15T03:39:16.4458909Z [command]/usr/bin/git config --local --name-only --get-regexp ^includeIf\.gitdir:
2026-05-15T03:39:16.4477500Z includeif.gitdir:/home/runner/work/prismTask/prismTask/.git.path
2026-05-15T03:39:16.4477969Z includeif.gitdir:/home/runner/work/prismTask/prismTask/.git/worktrees/*.path
2026-05-15T03:39:16.4478346Z includeif.gitdir:/github/workspace/.git.path
2026-05-15T03:39:16.4478747Z includeif.gitdir:/github/workspace/.git/worktrees/*.path
2026-05-15T03:39:16.4485824Z [command]/usr/bin/git config --local --get-all includeif.gitdir:/home/runner/work/prismTask/prismTask/.git.path
2026-05-15T03:39:16.4503648Z /home/runner/work/_temp/git-credentials-696e58d3-0de3-492b-a155-ee7c34535652.config
2026-05-15T03:39:16.4511907Z [command]/usr/bin/git config --local --unset includeif.gitdir:/home/runner/work/prismTask/prismTask/.git.path /home/runner/work/_temp/git-credentials-696e58d3-0de3-492b-a155-ee7c34535652.config
2026-05-15T03:39:16.4539842Z [command]/usr/bin/git config --local --get-all includeif.gitdir:/home/runner/work/prismTask/prismTask/.git/worktrees/*.path
2026-05-15T03:39:16.4557464Z /home/runner/work/_temp/git-credentials-696e58d3-0de3-492b-a155-ee7c34535652.config
2026-05-15T03:39:16.4565537Z [command]/usr/bin/git config --local --unset includeif.gitdir:/home/runner/work/prismTask/prismTask/.git/worktrees/*.path /home/runner/work/_temp/git-credentials-696e58d3-0de3-492b-a155-ee7c34535652.config
2026-05-15T03:39:16.4590036Z [command]/usr/bin/git config --local --get-all includeif.gitdir:/github/workspace/.git.path
2026-05-15T03:39:16.4607393Z /github/runner_temp/git-credentials-696e58d3-0de3-492b-a155-ee7c34535652.config
2026-05-15T03:39:16.4613959Z [command]/usr/bin/git config --local --unset includeif.gitdir:/github/workspace/.git.path /github/runner_temp/git-credentials-696e58d3-0de3-492b-a155-ee7c34535652.config
2026-05-15T03:39:16.4639246Z [command]/usr/bin/git config --local --get-all includeif.gitdir:/github/workspace/.git/worktrees/*.path
2026-05-15T03:39:16.4655762Z /github/runner_temp/git-credentials-696e58d3-0de3-492b-a155-ee7c34535652.config
2026-05-15T03:39:16.4662734Z [command]/usr/bin/git config --local --unset includeif.gitdir:/github/workspace/.git/worktrees/*.path /github/runner_temp/git-credentials-696e58d3-0de3-492b-a155-ee7c34535652.config
2026-05-15T03:39:16.4688945Z [command]/usr/bin/git submodule foreach --recursive git config --local --show-origin --name-only --get-regexp remote.origin.url
2026-05-15T03:39:16.4865589Z Removing credentials config '/home/runner/work/_temp/git-credentials-696e58d3-0de3-492b-a155-ee7c34535652.config'
2026-05-15T03:39:16.4992019Z Cleaning up orphan processes
