=== CI FAILURE ===
Workflow:      Android CI
Workflow file: averycorp/prismTask/.github/workflows/android-ci.yml@refs/pull/1592/merge
Job(s):        autofix
Run ID:        25971984766
Run attempt:   1
Run URL:       https://github.com/averycorp/prismTask/actions/runs/25971984766
Commit:        2422eb2dd342d8cdaa99819ae87a199454f6ab93
Branch:        1592/merge
Event:         pull_request
Actor:         akarlin3
Runner OS:     Linux
Timestamp:     2026-05-16T20:22:58.148Z

Failed steps:
  - autofix: #2 Run actions/checkout@v6

=== FAILED JOB LOG ===

--- Job: autofix (id 76345512736) ---
2026-05-16T20:22:28.7161470Z Current runner version: '2.334.0'
2026-05-16T20:22:28.7186736Z ##[group]Runner Image Provisioner
2026-05-16T20:22:28.7187829Z Hosted Compute Agent
2026-05-16T20:22:28.7188582Z Version: 20260213.493
2026-05-16T20:22:28.7189246Z Commit: 5c115507f6dd24b8de37d8bbe0bb4509d0cc0fa3
2026-05-16T20:22:28.7189932Z Build Date: 2026-02-13T00:28:41Z
2026-05-16T20:22:28.7190645Z Worker ID: {8879537f-269f-40c4-9475-e30bd296613a}
2026-05-16T20:22:28.7191323Z Azure Region: eastus
2026-05-16T20:22:28.7191942Z ##[endgroup]
2026-05-16T20:22:28.7193376Z ##[group]Operating System
2026-05-16T20:22:28.7193993Z Ubuntu
2026-05-16T20:22:28.7194495Z 24.04.4
2026-05-16T20:22:28.7194928Z LTS
2026-05-16T20:22:28.7195548Z ##[endgroup]
2026-05-16T20:22:28.7196121Z ##[group]Runner Image
2026-05-16T20:22:28.7196668Z Image: ubuntu-24.04
2026-05-16T20:22:28.7197289Z Version: 20260513.135.3
2026-05-16T20:22:28.7198648Z Included Software: https://github.com/actions/runner-images/blob/ubuntu24/20260513.135/images/ubuntu/Ubuntu2404-Readme.md
2026-05-16T20:22:28.7200109Z Image Release: https://github.com/actions/runner-images/releases/tag/ubuntu24%2F20260513.135
2026-05-16T20:22:28.7201126Z ##[endgroup]
2026-05-16T20:22:28.7202445Z ##[group]GITHUB_TOKEN Permissions
2026-05-16T20:22:28.7204672Z Actions: read
2026-05-16T20:22:28.7205225Z Checks: read
2026-05-16T20:22:28.7205893Z Contents: write
2026-05-16T20:22:28.7206390Z Metadata: read
2026-05-16T20:22:28.7206916Z PullRequests: read
2026-05-16T20:22:28.7207485Z ##[endgroup]
2026-05-16T20:22:28.7209684Z Secret source: Actions
2026-05-16T20:22:28.7210906Z Prepare workflow directory
2026-05-16T20:22:28.7533065Z Prepare all required actions
2026-05-16T20:22:28.7570323Z Getting action download info
2026-05-16T20:22:29.0737908Z Download action repository 'actions/checkout@v6' (SHA:de0fac2e4500dabe0009e67214ff5f5447ce83dd)
2026-05-16T20:22:29.2265991Z Download action repository 'dorny/paths-filter@v4' (SHA:fbd0ab8f3e69293af611ebaee6363fc25e6d187d)
2026-05-16T20:22:29.3294396Z Download action repository 'actions/cache@v5' (SHA:27d5ce7f107fe9357f9df03efb73ab90386fccae)
2026-05-16T20:22:29.5285636Z Complete job name: autofix
2026-05-16T20:22:29.6010377Z ##[group]Run actions/checkout@v6
2026-05-16T20:22:29.6011130Z with:
2026-05-16T20:22:29.6012059Z   token: ***
2026-05-16T20:22:29.6012506Z   ref: docs/onboarding-overlap-audit-phase-3-4
2026-05-16T20:22:29.6013071Z   fetch-depth: 0
2026-05-16T20:22:29.6013483Z   repository: averycorp/prismTask
2026-05-16T20:22:29.6013946Z   ssh-strict: true
2026-05-16T20:22:29.6014333Z   ssh-user: git
2026-05-16T20:22:29.6014726Z   persist-credentials: true
2026-05-16T20:22:29.6015165Z   clean: true
2026-05-16T20:22:29.6015566Z   sparse-checkout-cone-mode: true
2026-05-16T20:22:29.6016027Z   fetch-tags: false
2026-05-16T20:22:29.6016426Z   show-progress: true
2026-05-16T20:22:29.6016825Z   lfs: false
2026-05-16T20:22:29.6017192Z   submodules: false
2026-05-16T20:22:29.6017773Z   set-safe-directory: true
2026-05-16T20:22:29.6018378Z ##[endgroup]
2026-05-16T20:22:29.7016465Z Syncing repository: averycorp/prismTask
2026-05-16T20:22:29.7018589Z ##[group]Getting Git version info
2026-05-16T20:22:29.7019343Z Working directory is '/home/runner/work/prismTask/prismTask'
2026-05-16T20:22:29.7020317Z [command]/usr/bin/git version
2026-05-16T20:22:29.7050133Z git version 2.54.0
2026-05-16T20:22:29.7104940Z ##[endgroup]
2026-05-16T20:22:29.7121019Z Temporarily overriding HOME='/home/runner/work/_temp/7f431146-7c05-4e7b-8cf2-61506b7916b6' before making global git config changes
2026-05-16T20:22:29.7123187Z Adding repository directory to the temporary git global config as a safe directory
2026-05-16T20:22:29.7128032Z [command]/usr/bin/git config --global --add safe.directory /home/runner/work/prismTask/prismTask
2026-05-16T20:22:29.7172375Z Deleting the contents of '/home/runner/work/prismTask/prismTask'
2026-05-16T20:22:29.7177461Z ##[group]Initializing the repository
2026-05-16T20:22:29.7183647Z [command]/usr/bin/git init /home/runner/work/prismTask/prismTask
2026-05-16T20:22:29.7259093Z hint: Using 'master' as the name for the initial branch. This default branch name
2026-05-16T20:22:29.7260968Z hint: will change to "main" in Git 3.0. To configure the initial branch name
2026-05-16T20:22:29.7262322Z hint: to use in all of your new repositories, which will suppress this warning,
2026-05-16T20:22:29.7263428Z hint: call:
2026-05-16T20:22:29.7263977Z hint:
2026-05-16T20:22:29.7264603Z hint: 	git config --global init.defaultBranch <name>
2026-05-16T20:22:29.7265300Z hint:
2026-05-16T20:22:29.7266232Z hint: Names commonly chosen instead of 'master' are 'main', 'trunk' and
2026-05-16T20:22:29.7267125Z hint: 'development'. The just-created branch can be renamed via this command:
2026-05-16T20:22:29.7268311Z hint:
2026-05-16T20:22:29.7268864Z hint: 	git branch -m <name>
2026-05-16T20:22:29.7269312Z hint:
2026-05-16T20:22:29.7269881Z hint: Disable this message with "git config set advice.defaultBranchName false"
2026-05-16T20:22:29.7270882Z Initialized empty Git repository in /home/runner/work/prismTask/prismTask/.git/
2026-05-16T20:22:29.7276187Z [command]/usr/bin/git remote add origin https://github.com/averycorp/prismTask
2026-05-16T20:22:29.7317801Z ##[endgroup]
2026-05-16T20:22:29.7323604Z ##[group]Disabling automatic garbage collection
2026-05-16T20:22:29.7324274Z [command]/usr/bin/git config --local gc.auto 0
2026-05-16T20:22:29.7355879Z ##[endgroup]
2026-05-16T20:22:29.7356643Z ##[group]Setting up auth
2026-05-16T20:22:29.7357311Z Removing SSH command configuration
2026-05-16T20:22:29.7365433Z [command]/usr/bin/git config --local --name-only --get-regexp core\.sshCommand
2026-05-16T20:22:29.7403605Z [command]/usr/bin/git submodule foreach --recursive sh -c "git config --local --name-only --get-regexp 'core\.sshCommand' && git config --local --unset-all 'core.sshCommand' || :"
2026-05-16T20:22:29.7727477Z Removing HTTP extra header
2026-05-16T20:22:29.7732787Z [command]/usr/bin/git config --local --name-only --get-regexp http\.https\:\/\/github\.com\/\.extraheader
2026-05-16T20:22:29.7766490Z [command]/usr/bin/git submodule foreach --recursive sh -c "git config --local --name-only --get-regexp 'http\.https\:\/\/github\.com\/\.extraheader' && git config --local --unset-all 'http.https://github.com/.extraheader' || :"
2026-05-16T20:22:29.8008295Z Removing includeIf entries pointing to credentials config files
2026-05-16T20:22:29.8013764Z [command]/usr/bin/git config --local --name-only --get-regexp ^includeIf\.gitdir:
2026-05-16T20:22:29.8047765Z [command]/usr/bin/git submodule foreach --recursive git config --local --show-origin --name-only --get-regexp remote.origin.url
2026-05-16T20:22:29.8285990Z [command]/usr/bin/git config --file /home/runner/work/_temp/git-credentials-1ca9d1df-a9e0-4216-abf5-1ee63098dfd8.config http.https://github.com/.extraheader AUTHORIZATION: basic ***
2026-05-16T20:22:29.8324009Z [command]/usr/bin/git config --local includeIf.gitdir:/home/runner/work/prismTask/prismTask/.git.path /home/runner/work/_temp/git-credentials-1ca9d1df-a9e0-4216-abf5-1ee63098dfd8.config
2026-05-16T20:22:29.8355224Z [command]/usr/bin/git config --local includeIf.gitdir:/home/runner/work/prismTask/prismTask/.git/worktrees/*.path /home/runner/work/_temp/git-credentials-1ca9d1df-a9e0-4216-abf5-1ee63098dfd8.config
2026-05-16T20:22:29.8389538Z [command]/usr/bin/git config --local includeIf.gitdir:/github/workspace/.git.path /github/runner_temp/git-credentials-1ca9d1df-a9e0-4216-abf5-1ee63098dfd8.config
2026-05-16T20:22:29.8422313Z [command]/usr/bin/git config --local includeIf.gitdir:/github/workspace/.git/worktrees/*.path /github/runner_temp/git-credentials-1ca9d1df-a9e0-4216-abf5-1ee63098dfd8.config
2026-05-16T20:22:29.8449307Z ##[endgroup]
2026-05-16T20:22:29.8450047Z ##[group]Fetching the repository
2026-05-16T20:22:29.8457234Z [command]/usr/bin/git -c protocol.version=2 fetch --no-tags --prune --no-recurse-submodules origin +refs/heads/*:refs/remotes/origin/* +refs/tags/*:refs/tags/*
2026-05-16T20:22:50.5818126Z From https://github.com/averycorp/prismTask
2026-05-16T20:22:50.5819032Z  * [new branch]        chore/docs-cleanup-audits-chunk-3 -> origin/chore/docs-cleanup-audits-chunk-3
2026-05-16T20:22:50.5820666Z  * [new branch]        chore/onboarding-a11y-reduce-motion-caption -> origin/chore/onboarding-a11y-reduce-motion-caption
2026-05-16T20:22:50.5821655Z  * [new branch]        ci-logs                 -> origin/ci-logs
2026-05-16T20:22:50.5822505Z  * [new branch]        feat-onboarding-sample-templates -> origin/feat-onboarding-sample-templates
2026-05-16T20:22:50.5823570Z  * [new branch]        feat/concept-repositioning-copy -> origin/feat/concept-repositioning-copy
2026-05-16T20:22:50.5824747Z  * [new branch]        feat/custom-brain-mode-dispatch-resolver -> origin/feat/custom-brain-mode-dispatch-resolver
2026-05-16T20:22:50.5826231Z  * [new branch]        feat/timer-foreground-service-and-widget-controls -> origin/feat/timer-foreground-service-and-widget-controls
2026-05-16T20:22:50.5827313Z  * [new branch]        feat/web-rest-day       -> origin/feat/web-rest-day
2026-05-16T20:22:50.5828237Z  * [new branch]        feat/widget-calendar-audit -> origin/feat/widget-calendar-audit
2026-05-16T20:22:50.5829271Z  * [new branch]        feat/widget-habit-streak-audit -> origin/feat/widget-habit-streak-audit
2026-05-16T20:22:50.5830294Z  * [new branch]        feat/widget-productivity-audit -> origin/feat/widget-productivity-audit
2026-05-16T20:22:50.5831217Z  * [new branch]        feat/widget-quickadd-audit -> origin/feat/widget-quickadd-audit
2026-05-16T20:22:50.5832285Z  * [new branch]        feat/widget-streak-calendar-tap-deep-link -> origin/feat/widget-streak-calendar-tap-deep-link
2026-05-16T20:22:50.5833379Z  * [new branch]        feat/widget-today-audit -> origin/feat/widget-today-audit
2026-05-16T20:22:50.5834106Z  * [new branch]        main                    -> origin/main
2026-05-16T20:22:50.5834708Z  * [new branch]        parity/web-5tab-nav-unit-5 -> origin/parity/web-5tab-nav-unit-5
2026-05-16T20:22:50.5835218Z  * [new branch]        v0.1.0-legacy           -> origin/v0.1.0-legacy
2026-05-16T20:22:50.5835654Z  * [new branch]        v0.2.0-legacy           -> origin/v0.2.0-legacy
2026-05-16T20:22:50.5836405Z  * [new branch]        v0.3.0-legacy           -> origin/v0.3.0-legacy
2026-05-16T20:22:50.5836829Z  * [new branch]        v0.4.0-legacy           -> origin/v0.4.0-legacy
2026-05-16T20:22:50.5837231Z  * [new branch]        v0.5.0-legacy           -> origin/v0.5.0-legacy
2026-05-16T20:22:50.5837910Z  * [new branch]        v0.6.0-legacy           -> origin/v0.6.0-legacy
2026-05-16T20:22:50.5838332Z  * [new branch]        v0.7.0-legacy           -> origin/v0.7.0-legacy
2026-05-16T20:22:50.5838902Z  * [new branch]        worktree-agent-a00a2ac6d8621b3fd -> origin/worktree-agent-a00a2ac6d8621b3fd
2026-05-16T20:22:50.5839551Z  * [new branch]        worktree-agent-a9d35e50d4e290f2e -> origin/worktree-agent-a9d35e50d4e290f2e
2026-05-16T20:22:50.5840177Z  * [new branch]        worktree-agent-ab2836745bca7c9f8 -> origin/worktree-agent-ab2836745bca7c9f8
2026-05-16T20:22:50.5840955Z  * [new branch]        worktree-agent-afd78c3b67db1dd36 -> origin/worktree-agent-afd78c3b67db1dd36
2026-05-16T20:22:50.5841644Z  * [new branch]        worktree-audit-onboarding-overlap -> origin/worktree-audit-onboarding-overlap
2026-05-16T20:22:50.5842421Z  * [new branch]        worktree-f4-concept-philosophy-gap -> origin/worktree-f4-concept-philosophy-gap
2026-05-16T20:22:50.5843091Z  * [new branch]        worktree-hide-gcal-section -> origin/worktree-hide-gcal-section
2026-05-16T20:22:50.5843707Z  * [new branch]        worktree-onboarding-organize-drag -> origin/worktree-onboarding-organize-drag
2026-05-16T20:22:50.5844212Z  * [new tag]           v0.1.0                  -> v0.1.0
2026-05-16T20:22:50.5844559Z  * [new tag]           v0.2.0                  -> v0.2.0
2026-05-16T20:22:50.5844894Z  * [new tag]           v0.3.0                  -> v0.3.0
2026-05-16T20:22:50.5845217Z  * [new tag]           v0.4.0                  -> v0.4.0
2026-05-16T20:22:50.5845545Z  * [new tag]           v0.5.0                  -> v0.5.0
2026-05-16T20:22:50.5845868Z  * [new tag]           v0.7.0                  -> v0.7.0
2026-05-16T20:22:50.5846415Z  * [new tag]           v0.7.12                 -> v0.7.12
2026-05-16T20:22:50.5846748Z  * [new tag]           v0.7.13                 -> v0.7.13
2026-05-16T20:22:50.5847083Z  * [new tag]           v0.7.14                 -> v0.7.14
2026-05-16T20:22:50.5847415Z  * [new tag]           v0.7.15                 -> v0.7.15
2026-05-16T20:22:50.5847927Z  * [new tag]           v0.7.16                 -> v0.7.16
2026-05-16T20:22:50.5848255Z  * [new tag]           v0.7.17                 -> v0.7.17
2026-05-16T20:22:50.5848607Z  * [new tag]           v0.7.17-build.2         -> v0.7.17-build.2
2026-05-16T20:22:50.5848978Z  * [new tag]           v0.7.17-build.3         -> v0.7.17-build.3
2026-05-16T20:22:50.5849345Z  * [new tag]           v0.7.17-build.4         -> v0.7.17-build.4
2026-05-16T20:22:50.5849712Z  * [new tag]           v0.7.17-build.5         -> v0.7.17-build.5
2026-05-16T20:22:50.5850068Z  * [new tag]           v0.7.17-build.6         -> v0.7.17-build.6
2026-05-16T20:22:50.5850437Z  * [new tag]           v0.7.17-build.7         -> v0.7.17-build.7
2026-05-16T20:22:50.5850795Z  * [new tag]           v0.7.17-build.8         -> v0.7.17-build.8
2026-05-16T20:22:50.5851154Z  * [new tag]           v0.7.17-build.9         -> v0.7.17-build.9
2026-05-16T20:22:50.5851490Z  * [new tag]           v0.7.18                 -> v0.7.18
2026-05-16T20:22:50.5851844Z  * [new tag]           v0.7.18-build.2         -> v0.7.18-build.2
2026-05-16T20:22:50.5852201Z  * [new tag]           v0.7.18-build.3         -> v0.7.18-build.3
2026-05-16T20:22:50.5852551Z  * [new tag]           v0.7.18-build.4         -> v0.7.18-build.4
2026-05-16T20:22:50.5852892Z  * [new tag]           v0.7.19                 -> v0.7.19
2026-05-16T20:22:50.5853237Z  * [new tag]           v0.7.19-build.2         -> v0.7.19-build.2
2026-05-16T20:22:50.5853573Z  * [new tag]           v0.7.20                 -> v0.7.20
2026-05-16T20:22:50.5853911Z  * [new tag]           v0.7.20-build.2         -> v0.7.20-build.2
2026-05-16T20:22:50.5854418Z  * [new tag]           v0.7.20-build.3         -> v0.7.20-build.3
2026-05-16T20:22:50.5854780Z  * [new tag]           v0.7.20-build.4         -> v0.7.20-build.4
2026-05-16T20:22:50.5855116Z  * [new tag]           v0.8.0                  -> v0.8.0
2026-05-16T20:22:50.5855468Z  * [new tag]           v0.8.0-build.2          -> v0.8.0-build.2
2026-05-16T20:22:50.5855814Z  * [new tag]           v0.8.1                  -> v0.8.1
2026-05-16T20:22:50.5856162Z  * [new tag]           v0.8.10                 -> v0.8.10
2026-05-16T20:22:50.5856485Z  * [new tag]           v0.8.11                 -> v0.8.11
2026-05-16T20:22:50.5856814Z  * [new tag]           v0.8.12                 -> v0.8.12
2026-05-16T20:22:50.5857141Z  * [new tag]           v0.8.13                 -> v0.8.13
2026-05-16T20:22:50.5857461Z  * [new tag]           v0.8.14                 -> v0.8.14
2026-05-16T20:22:50.5857994Z  * [new tag]           v0.8.15                 -> v0.8.15
2026-05-16T20:22:50.5858341Z  * [new tag]           v0.8.2                  -> v0.8.2
2026-05-16T20:22:50.5858666Z  * [new tag]           v0.8.3                  -> v0.8.3
2026-05-16T20:22:50.5858986Z  * [new tag]           v0.8.4                  -> v0.8.4
2026-05-16T20:22:50.5859305Z  * [new tag]           v0.8.5                  -> v0.8.5
2026-05-16T20:22:50.5859631Z  * [new tag]           v0.8.6                  -> v0.8.6
2026-05-16T20:22:50.5859947Z  * [new tag]           v0.8.7                  -> v0.8.7
2026-05-16T20:22:50.5860270Z  * [new tag]           v0.8.8                  -> v0.8.8
2026-05-16T20:22:50.5860592Z  * [new tag]           v0.8.9                  -> v0.8.9
2026-05-16T20:22:50.5860906Z  * [new tag]           v0.9.1                  -> v0.9.1
2026-05-16T20:22:50.5861227Z  * [new tag]           v0.9.2                  -> v0.9.2
2026-05-16T20:22:50.5861562Z  * [new tag]           v1.0.1                  -> v1.0.1
2026-05-16T20:22:50.5861891Z  * [new tag]           v1.0.10                 -> v1.0.10
2026-05-16T20:22:50.5862376Z  * [new tag]           v1.0.11                 -> v1.0.11
2026-05-16T20:22:50.5862713Z  * [new tag]           v1.0.12                 -> v1.0.12
2026-05-16T20:22:50.5863031Z  * [new tag]           v1.0.13                 -> v1.0.13
2026-05-16T20:22:50.5863362Z  * [new tag]           v1.0.2                  -> v1.0.2
2026-05-16T20:22:50.5863684Z  * [new tag]           v1.0.3                  -> v1.0.3
2026-05-16T20:22:50.5864006Z  * [new tag]           v1.0.4                  -> v1.0.4
2026-05-16T20:22:50.5864321Z  * [new tag]           v1.0.5                  -> v1.0.5
2026-05-16T20:22:50.5864640Z  * [new tag]           v1.0.6                  -> v1.0.6
2026-05-16T20:22:50.5864965Z  * [new tag]           v1.0.7                  -> v1.0.7
2026-05-16T20:22:50.5865279Z  * [new tag]           v1.0.8                  -> v1.0.8
2026-05-16T20:22:50.5865604Z  * [new tag]           v1.0.9                  -> v1.0.9
2026-05-16T20:22:50.5865929Z  * [new tag]           v1.1.1                  -> v1.1.1
2026-05-16T20:22:50.5866273Z  * [new tag]           v1.1.1-build.2          -> v1.1.1-build.2
2026-05-16T20:22:50.5866650Z  * [new tag]           v1.1.1-build.3          -> v1.1.1-build.3
2026-05-16T20:22:50.5867019Z  * [new tag]           v1.1.1-build.4          -> v1.1.1-build.4
2026-05-16T20:22:50.5867385Z  * [new tag]           v1.1.10                 -> v1.1.10
2026-05-16T20:22:50.5867926Z  * [new tag]           v1.1.11                 -> v1.1.11
2026-05-16T20:22:50.5868273Z  * [new tag]           v1.1.12                 -> v1.1.12
2026-05-16T20:22:50.5868610Z  * [new tag]           v1.1.2                  -> v1.1.2
2026-05-16T20:22:50.5868933Z  * [new tag]           v1.1.3                  -> v1.1.3
2026-05-16T20:22:50.5869313Z  * [new tag]           v1.1.4                  -> v1.1.4
2026-05-16T20:22:50.5869633Z  * [new tag]           v1.1.5                  -> v1.1.5
2026-05-16T20:22:50.5869953Z  * [new tag]           v1.1.6                  -> v1.1.6
2026-05-16T20:22:50.5870276Z  * [new tag]           v1.1.7                  -> v1.1.7
2026-05-16T20:22:50.5870742Z  * [new tag]           v1.1.8                  -> v1.1.8
2026-05-16T20:22:50.5871060Z  * [new tag]           v1.1.9                  -> v1.1.9
2026-05-16T20:22:50.5871384Z  * [new tag]           v1.3.0                  -> v1.3.0
2026-05-16T20:22:50.5871708Z  * [new tag]           v1.3.1                  -> v1.3.1
2026-05-16T20:22:50.5872030Z  * [new tag]           v1.3.10                 -> v1.3.10
2026-05-16T20:22:50.5872360Z  * [new tag]           v1.3.11                 -> v1.3.11
2026-05-16T20:22:50.5872716Z  * [new tag]           v1.3.11-build.2         -> v1.3.11-build.2
2026-05-16T20:22:50.5873076Z  * [new tag]           v1.3.12                 -> v1.3.12
2026-05-16T20:22:50.5873395Z  * [new tag]           v1.3.13                 -> v1.3.13
2026-05-16T20:22:50.5873747Z  * [new tag]           v1.3.13-build.2         -> v1.3.13-build.2
2026-05-16T20:22:50.5874096Z  * [new tag]           v1.3.14                 -> v1.3.14
2026-05-16T20:22:50.5874424Z  * [new tag]           v1.3.15                 -> v1.3.15
2026-05-16T20:22:50.5874760Z  * [new tag]           v1.3.16                 -> v1.3.16
2026-05-16T20:22:50.5875085Z  * [new tag]           v1.3.17                 -> v1.3.17
2026-05-16T20:22:50.5946890Z  * [new tag]           v1.3.18                 -> v1.3.18
2026-05-16T20:22:50.5947462Z  * [new tag]           v1.3.19                 -> v1.3.19
2026-05-16T20:22:50.5947969Z  * [new tag]           v1.3.2                  -> v1.3.2
2026-05-16T20:22:50.5948386Z  * [new tag]           v1.3.20                 -> v1.3.20
2026-05-16T20:22:50.5948777Z  * [new tag]           v1.3.21                 -> v1.3.21
2026-05-16T20:22:50.5949154Z  * [new tag]           v1.3.22                 -> v1.3.22
2026-05-16T20:22:50.5949514Z  * [new tag]           v1.3.23                 -> v1.3.23
2026-05-16T20:22:50.5949836Z  * [new tag]           v1.3.24                 -> v1.3.24
2026-05-16T20:22:50.5950168Z  * [new tag]           v1.3.25                 -> v1.3.25
2026-05-16T20:22:50.5950718Z  * [new tag]           v1.3.26                 -> v1.3.26
2026-05-16T20:22:50.5951051Z  * [new tag]           v1.3.27                 -> v1.3.27
2026-05-16T20:22:50.5951377Z  * [new tag]           v1.3.28                 -> v1.3.28
2026-05-16T20:22:50.5951703Z  * [new tag]           v1.3.29                 -> v1.3.29
2026-05-16T20:22:50.5952035Z  * [new tag]           v1.3.3                  -> v1.3.3
2026-05-16T20:22:50.5952360Z  * [new tag]           v1.3.30                 -> v1.3.30
2026-05-16T20:22:50.5952688Z  * [new tag]           v1.3.31                 -> v1.3.31
2026-05-16T20:22:50.5953011Z  * [new tag]           v1.3.32                 -> v1.3.32
2026-05-16T20:22:50.5953325Z  * [new tag]           v1.3.33                 -> v1.3.33
2026-05-16T20:22:50.5953670Z  * [new tag]           v1.3.34                 -> v1.3.34
2026-05-16T20:22:50.5953998Z  * [new tag]           v1.3.35                 -> v1.3.35
2026-05-16T20:22:50.5954314Z  * [new tag]           v1.3.36                 -> v1.3.36
2026-05-16T20:22:50.5954644Z  * [new tag]           v1.3.37                 -> v1.3.37
2026-05-16T20:22:50.5954972Z  * [new tag]           v1.3.38                 -> v1.3.38
2026-05-16T20:22:50.5955287Z  * [new tag]           v1.3.39                 -> v1.3.39
2026-05-16T20:22:50.5955616Z  * [new tag]           v1.3.4                  -> v1.3.4
2026-05-16T20:22:50.5955943Z  * [new tag]           v1.3.40                 -> v1.3.40
2026-05-16T20:22:50.5956264Z  * [new tag]           v1.3.41                 -> v1.3.41
2026-05-16T20:22:50.5956580Z  * [new tag]           v1.3.42                 -> v1.3.42
2026-05-16T20:22:50.5956906Z  * [new tag]           v1.3.43                 -> v1.3.43
2026-05-16T20:22:50.5957226Z  * [new tag]           v1.3.44                 -> v1.3.44
2026-05-16T20:22:50.5957539Z  * [new tag]           v1.3.45                 -> v1.3.45
2026-05-16T20:22:50.5958143Z  * [new tag]           v1.3.46                 -> v1.3.46
2026-05-16T20:22:50.5958502Z  * [new tag]           v1.3.47                 -> v1.3.47
2026-05-16T20:22:50.5958979Z  * [new tag]           v1.3.48                 -> v1.3.48
2026-05-16T20:22:50.5959322Z  * [new tag]           v1.3.49                 -> v1.3.49
2026-05-16T20:22:50.5959661Z  * [new tag]           v1.3.5                  -> v1.3.5
2026-05-16T20:22:50.5960025Z  * [new tag]           v1.3.5-build.2          -> v1.3.5-build.2
2026-05-16T20:22:50.5960378Z  * [new tag]           v1.3.50                 -> v1.3.50
2026-05-16T20:22:50.5960713Z  * [new tag]           v1.3.51                 -> v1.3.51
2026-05-16T20:22:50.5961055Z  * [new tag]           v1.3.52                 -> v1.3.52
2026-05-16T20:22:50.5961376Z  * [new tag]           v1.3.53                 -> v1.3.53
2026-05-16T20:22:50.5961712Z  * [new tag]           v1.3.54                 -> v1.3.54
2026-05-16T20:22:50.5962031Z  * [new tag]           v1.3.55                 -> v1.3.55
2026-05-16T20:22:50.5962351Z  * [new tag]           v1.3.56                 -> v1.3.56
2026-05-16T20:22:50.5962679Z  * [new tag]           v1.3.57                 -> v1.3.57
2026-05-16T20:22:50.5963007Z  * [new tag]           v1.3.58                 -> v1.3.58
2026-05-16T20:22:50.5963324Z  * [new tag]           v1.3.59                 -> v1.3.59
2026-05-16T20:22:50.5963652Z  * [new tag]           v1.3.6                  -> v1.3.6
2026-05-16T20:22:50.5964004Z  * [new tag]           v1.3.60                 -> v1.3.60
2026-05-16T20:22:50.5964333Z  * [new tag]           v1.3.61                 -> v1.3.61
2026-05-16T20:22:50.5964646Z  * [new tag]           v1.3.62                 -> v1.3.62
2026-05-16T20:22:50.5964997Z  * [new tag]           v1.3.7                  -> v1.3.7
2026-05-16T20:22:50.5965341Z  * [new tag]           v1.3.8                  -> v1.3.8
2026-05-16T20:22:50.5965663Z  * [new tag]           v1.3.9                  -> v1.3.9
2026-05-16T20:22:50.5965989Z  * [new tag]           v1.4.40                 -> v1.4.40
2026-05-16T20:22:50.5966317Z  * [new tag]           v1.5.0                  -> v1.5.0
2026-05-16T20:22:50.5966805Z  * [new tag]           v1.5.2                  -> v1.5.2
2026-05-16T20:22:50.5967140Z  * [new tag]           v1.5.3                  -> v1.5.3
2026-05-16T20:22:50.5967461Z  * [new tag]           v1.6.0                  -> v1.6.0
2026-05-16T20:22:50.5967903Z  * [new tag]           v1.7.0                  -> v1.7.0
2026-05-16T20:22:50.5968235Z  * [new tag]           v1.7.37                 -> v1.7.37
2026-05-16T20:22:50.5968563Z  * [new tag]           v1.7.38                 -> v1.7.38
2026-05-16T20:22:50.5968892Z  * [new tag]           v1.7.39                 -> v1.7.39
2026-05-16T20:22:50.5969209Z  * [new tag]           v1.7.40                 -> v1.7.40
2026-05-16T20:22:50.5969540Z  * [new tag]           v1.7.41                 -> v1.7.41
2026-05-16T20:22:50.5969866Z  * [new tag]           v1.7.42                 -> v1.7.42
2026-05-16T20:22:50.5970190Z  * [new tag]           v1.7.43                 -> v1.7.43
2026-05-16T20:22:50.5970519Z  * [new tag]           v1.7.44                 -> v1.7.44
2026-05-16T20:22:50.5970849Z  * [new tag]           v1.7.45                 -> v1.7.45
2026-05-16T20:22:50.5971170Z  * [new tag]           v1.7.46                 -> v1.7.46
2026-05-16T20:22:50.5971494Z  * [new tag]           v1.7.47                 -> v1.7.47
2026-05-16T20:22:50.5971819Z  * [new tag]           v1.7.48                 -> v1.7.48
2026-05-16T20:22:50.5972157Z  * [new tag]           v1.7.49                 -> v1.7.49
2026-05-16T20:22:50.5972483Z  * [new tag]           v1.7.50                 -> v1.7.50
2026-05-16T20:22:50.5972799Z  * [new tag]           v1.7.51                 -> v1.7.51
2026-05-16T20:22:50.5973122Z  * [new tag]           v1.7.52                 -> v1.7.52
2026-05-16T20:22:50.5973447Z  * [new tag]           v1.7.53                 -> v1.7.53
2026-05-16T20:22:50.5973767Z  * [new tag]           v1.7.54                 -> v1.7.54
2026-05-16T20:22:50.5974093Z  * [new tag]           v1.7.55                 -> v1.7.55
2026-05-16T20:22:50.5974413Z  * [new tag]           v1.7.56                 -> v1.7.56
2026-05-16T20:22:50.5974874Z  * [new tag]           v1.7.57                 -> v1.7.57
2026-05-16T20:22:50.5975190Z  * [new tag]           v1.7.58                 -> v1.7.58
2026-05-16T20:22:50.5975524Z  * [new tag]           v1.7.59                 -> v1.7.59
2026-05-16T20:22:50.5975853Z  * [new tag]           v1.7.60                 -> v1.7.60
2026-05-16T20:22:50.5976168Z  * [new tag]           v1.7.61                 -> v1.7.61
2026-05-16T20:22:50.5976492Z  * [new tag]           v1.7.62                 -> v1.7.62
2026-05-16T20:22:50.5976808Z  * [new tag]           v1.7.63                 -> v1.7.63
2026-05-16T20:22:50.5977123Z  * [new tag]           v1.7.64                 -> v1.7.64
2026-05-16T20:22:50.5977439Z  * [new tag]           v1.7.65                 -> v1.7.65
2026-05-16T20:22:50.5977914Z  * [new tag]           v1.7.66                 -> v1.7.66
2026-05-16T20:22:50.5978249Z  * [new tag]           v1.7.67                 -> v1.7.67
2026-05-16T20:22:50.5978581Z  * [new tag]           v1.7.68                 -> v1.7.68
2026-05-16T20:22:50.5978916Z  * [new tag]           v1.7.69                 -> v1.7.69
2026-05-16T20:22:50.5979242Z  * [new tag]           v1.7.70                 -> v1.7.70
2026-05-16T20:22:50.5979562Z  * [new tag]           v1.7.71                 -> v1.7.71
2026-05-16T20:22:50.5979886Z  * [new tag]           v1.7.72                 -> v1.7.72
2026-05-16T20:22:50.5980215Z  * [new tag]           v1.7.73                 -> v1.7.73
2026-05-16T20:22:50.5980532Z  * [new tag]           v1.7.74                 -> v1.7.74
2026-05-16T20:22:50.5980866Z  * [new tag]           v1.7.75                 -> v1.7.75
2026-05-16T20:22:50.5981191Z  * [new tag]           v1.7.76                 -> v1.7.76
2026-05-16T20:22:50.5981509Z  * [new tag]           v1.7.77                 -> v1.7.77
2026-05-16T20:22:50.5981831Z  * [new tag]           v1.7.78                 -> v1.7.78
2026-05-16T20:22:50.5982151Z  * [new tag]           v1.7.79                 -> v1.7.79
2026-05-16T20:22:50.5982595Z  * [new tag]           v1.7.80                 -> v1.7.80
2026-05-16T20:22:50.5982928Z  * [new tag]           v1.7.81                 -> v1.7.81
2026-05-16T20:22:50.5983252Z  * [new tag]           v1.7.82                 -> v1.7.82
2026-05-16T20:22:50.5983575Z  * [new tag]           v1.7.83                 -> v1.7.83
2026-05-16T20:22:50.5983894Z  * [new tag]           v1.7.84                 -> v1.7.84
2026-05-16T20:22:50.5984209Z  * [new tag]           v1.7.85                 -> v1.7.85
2026-05-16T20:22:50.5984529Z  * [new tag]           v1.7.86                 -> v1.7.86
2026-05-16T20:22:50.5984849Z  * [new tag]           v1.7.87                 -> v1.7.87
2026-05-16T20:22:50.5985161Z  * [new tag]           v1.7.90                 -> v1.7.90
2026-05-16T20:22:50.5985474Z  * [new tag]           v1.7.92                 -> v1.7.92
2026-05-16T20:22:50.5985796Z  * [new tag]           v1.7.93                 -> v1.7.93
2026-05-16T20:22:50.5986107Z  * [new tag]           v1.7.94                 -> v1.7.94
2026-05-16T20:22:50.5986436Z  * [new tag]           v1.7.95                 -> v1.7.95
2026-05-16T20:22:50.5986770Z  * [new tag]           v1.7.96                 -> v1.7.96
2026-05-16T20:22:50.5987086Z  * [new tag]           v1.7.97                 -> v1.7.97
2026-05-16T20:22:50.5987417Z  * [new tag]           v1.8.0                  -> v1.8.0
2026-05-16T20:22:50.5987875Z  * [new tag]           v1.8.1                  -> v1.8.1
2026-05-16T20:22:50.5988208Z  * [new tag]           v1.8.10                 -> v1.8.10
2026-05-16T20:22:50.5988522Z  * [new tag]           v1.8.11                 -> v1.8.11
2026-05-16T20:22:50.5988842Z  * [new tag]           v1.8.12                 -> v1.8.12
2026-05-16T20:22:50.5989165Z  * [new tag]           v1.8.14                 -> v1.8.14
2026-05-16T20:22:50.5989481Z  * [new tag]           v1.8.15                 -> v1.8.15
2026-05-16T20:22:50.5989802Z  * [new tag]           v1.8.16                 -> v1.8.16
2026-05-16T20:22:50.5990119Z  * [new tag]           v1.8.17                 -> v1.8.17
2026-05-16T20:22:50.5990437Z  * [new tag]           v1.8.18                 -> v1.8.18
2026-05-16T20:22:50.5990903Z  * [new tag]           v1.8.19                 -> v1.8.19
2026-05-16T20:22:50.5991231Z  * [new tag]           v1.8.2                  -> v1.8.2
2026-05-16T20:22:50.5991549Z  * [new tag]           v1.8.20                 -> v1.8.20
2026-05-16T20:22:50.5991870Z  * [new tag]           v1.8.21                 -> v1.8.21
2026-05-16T20:22:50.5992194Z  * [new tag]           v1.8.22                 -> v1.8.22
2026-05-16T20:22:50.5992515Z  * [new tag]           v1.8.23                 -> v1.8.23
2026-05-16T20:22:50.5992830Z  * [new tag]           v1.8.24                 -> v1.8.24
2026-05-16T20:22:50.5993150Z  * [new tag]           v1.8.25                 -> v1.8.25
2026-05-16T20:22:50.5993470Z  * [new tag]           v1.8.26                 -> v1.8.26
2026-05-16T20:22:50.5993780Z  * [new tag]           v1.8.27                 -> v1.8.27
2026-05-16T20:22:50.5994106Z  * [new tag]           v1.8.28                 -> v1.8.28
2026-05-16T20:22:50.5994437Z  * [new tag]           v1.8.29                 -> v1.8.29
2026-05-16T20:22:50.5994763Z  * [new tag]           v1.8.3                  -> v1.8.3
2026-05-16T20:22:50.5995084Z  * [new tag]           v1.8.30                 -> v1.8.30
2026-05-16T20:22:50.5995409Z  * [new tag]           v1.8.31                 -> v1.8.31
2026-05-16T20:22:50.5995719Z  * [new tag]           v1.8.32                 -> v1.8.32
2026-05-16T20:22:50.5996040Z  * [new tag]           v1.8.33                 -> v1.8.33
2026-05-16T20:22:50.5996355Z  * [new tag]           v1.8.34                 -> v1.8.34
2026-05-16T20:22:50.5996676Z  * [new tag]           v1.8.35                 -> v1.8.35
2026-05-16T20:22:50.5996991Z  * [new tag]           v1.8.36                 -> v1.8.36
2026-05-16T20:22:50.5997316Z  * [new tag]           v1.8.37                 -> v1.8.37
2026-05-16T20:22:50.5997845Z  * [new tag]           v1.8.38                 -> v1.8.38
2026-05-16T20:22:50.5998168Z  * [new tag]           v1.8.39                 -> v1.8.39
2026-05-16T20:22:50.5998621Z  * [new tag]           v1.8.4                  -> v1.8.4
2026-05-16T20:22:50.5998939Z  * [new tag]           v1.8.40                 -> v1.8.40
2026-05-16T20:22:50.5999254Z  * [new tag]           v1.8.41                 -> v1.8.41
2026-05-16T20:22:50.5999571Z  * [new tag]           v1.8.42                 -> v1.8.42
2026-05-16T20:22:50.5999887Z  * [new tag]           v1.8.43                 -> v1.8.43
2026-05-16T20:22:50.6000205Z  * [new tag]           v1.8.44                 -> v1.8.44
2026-05-16T20:22:50.6000529Z  * [new tag]           v1.8.45                 -> v1.8.45
2026-05-16T20:22:50.6000853Z  * [new tag]           v1.8.46                 -> v1.8.46
2026-05-16T20:22:50.6001171Z  * [new tag]           v1.8.47                 -> v1.8.47
2026-05-16T20:22:50.6001487Z  * [new tag]           v1.8.48                 -> v1.8.48
2026-05-16T20:22:50.6001804Z  * [new tag]           v1.8.49                 -> v1.8.49
2026-05-16T20:22:50.6002124Z  * [new tag]           v1.8.5                  -> v1.8.5
2026-05-16T20:22:50.6002451Z  * [new tag]           v1.8.50                 -> v1.8.50
2026-05-16T20:22:50.6002800Z  * [new tag]           v1.8.51                 -> v1.8.51
2026-05-16T20:22:50.6003139Z  * [new tag]           v1.8.52                 -> v1.8.52
2026-05-16T20:22:50.6003457Z  * [new tag]           v1.8.53                 -> v1.8.53
2026-05-16T20:22:50.6003789Z  * [new tag]           v1.8.54                 -> v1.8.54
2026-05-16T20:22:50.6004116Z  * [new tag]           v1.8.6                  -> v1.8.6
2026-05-16T20:22:50.6004442Z  * [new tag]           v1.8.7                  -> v1.8.7
2026-05-16T20:22:50.6004762Z  * [new tag]           v1.8.8                  -> v1.8.8
2026-05-16T20:22:50.6005091Z  * [new tag]           v1.8.9                  -> v1.8.9
2026-05-16T20:22:50.6005446Z  * [new tag]           v1.9.1                  -> v1.9.1
2026-05-16T20:22:50.6005769Z  * [new tag]           v1.9.10                 -> v1.9.10
2026-05-16T20:22:50.6006102Z  * [new tag]           v1.9.11                 -> v1.9.11
2026-05-16T20:22:50.6006550Z  * [new tag]           v1.9.12                 -> v1.9.12
2026-05-16T20:22:50.6006872Z  * [new tag]           v1.9.13                 -> v1.9.13
2026-05-16T20:22:50.6007203Z  * [new tag]           v1.9.14                 -> v1.9.14
2026-05-16T20:22:50.6007537Z  * [new tag]           v1.9.15                 -> v1.9.15
2026-05-16T20:22:50.6007967Z  * [new tag]           v1.9.16                 -> v1.9.16
2026-05-16T20:22:50.6008290Z  * [new tag]           v1.9.18                 -> v1.9.18
2026-05-16T20:22:50.6008616Z  * [new tag]           v1.9.19                 -> v1.9.19
2026-05-16T20:22:50.6008938Z  * [new tag]           v1.9.2                  -> v1.9.2
2026-05-16T20:22:50.6009264Z  * [new tag]           v1.9.20                 -> v1.9.20
2026-05-16T20:22:50.6009591Z  * [new tag]           v1.9.21                 -> v1.9.21
2026-05-16T20:22:50.6009916Z  * [new tag]           v1.9.22                 -> v1.9.22
2026-05-16T20:22:50.6010241Z  * [new tag]           v1.9.23                 -> v1.9.23
2026-05-16T20:22:50.6010566Z  * [new tag]           v1.9.24                 -> v1.9.24
2026-05-16T20:22:50.6010892Z  * [new tag]           v1.9.26                 -> v1.9.26
2026-05-16T20:22:50.6011208Z  * [new tag]           v1.9.27                 -> v1.9.27
2026-05-16T20:22:50.6011526Z  * [new tag]           v1.9.28                 -> v1.9.28
2026-05-16T20:22:50.6011851Z  * [new tag]           v1.9.29                 -> v1.9.29
2026-05-16T20:22:50.6012170Z  * [new tag]           v1.9.3                  -> v1.9.3
2026-05-16T20:22:50.6012503Z  * [new tag]           v1.9.30                 -> v1.9.30
2026-05-16T20:22:50.6012828Z  * [new tag]           v1.9.31                 -> v1.9.31
2026-05-16T20:22:50.6013156Z  * [new tag]           v1.9.32                 -> v1.9.32
2026-05-16T20:22:50.6013475Z  * [new tag]           v1.9.33                 -> v1.9.33
2026-05-16T20:22:50.6013804Z  * [new tag]           v1.9.34                 -> v1.9.34
2026-05-16T20:22:50.6014256Z  * [new tag]           v1.9.35                 -> v1.9.35
2026-05-16T20:22:50.6014575Z  * [new tag]           v1.9.36                 -> v1.9.36
2026-05-16T20:22:50.6014899Z  * [new tag]           v1.9.37                 -> v1.9.37
2026-05-16T20:22:50.6015221Z  * [new tag]           v1.9.38                 -> v1.9.38
2026-05-16T20:22:50.6015536Z  * [new tag]           v1.9.39                 -> v1.9.39
2026-05-16T20:22:50.6015861Z  * [new tag]           v1.9.4                  -> v1.9.4
2026-05-16T20:22:50.6016187Z  * [new tag]           v1.9.5                  -> v1.9.5
2026-05-16T20:22:50.6016506Z  * [new tag]           v1.9.6                  -> v1.9.6
2026-05-16T20:22:50.6016831Z  * [new tag]           v1.9.7                  -> v1.9.7
2026-05-16T20:22:50.6017154Z  * [new tag]           v1.9.8                  -> v1.9.8
2026-05-16T20:22:50.6017474Z  * [new tag]           v1.9.9                  -> v1.9.9
2026-05-16T20:22:50.6197962Z ##[endgroup]
2026-05-16T20:22:50.6198871Z ##[group]Determining the checkout info
2026-05-16T20:22:50.6204908Z [command]/usr/bin/git branch --list --remote origin/docs/onboarding-overlap-audit-phase-3-4
2026-05-16T20:22:50.6242807Z [command]/usr/bin/git tag --list docs/onboarding-overlap-audit-phase-3-4
2026-05-16T20:22:50.6320389Z ##[error]A branch or tag with the name 'docs/onboarding-overlap-audit-phase-3-4' could not be found
2026-05-16T20:22:50.6652510Z Post job cleanup.
2026-05-16T20:22:50.7500910Z [command]/usr/bin/git version
2026-05-16T20:22:50.7569677Z git version 2.54.0
2026-05-16T20:22:50.7608371Z Temporarily overriding HOME='/home/runner/work/_temp/5cb93806-b4fb-45ec-a0fb-dcf99c0e6d87' before making global git config changes
2026-05-16T20:22:50.7609755Z Adding repository directory to the temporary git global config as a safe directory
2026-05-16T20:22:50.7614221Z [command]/usr/bin/git config --global --add safe.directory /home/runner/work/prismTask/prismTask
2026-05-16T20:22:50.7644988Z Removing SSH command configuration
2026-05-16T20:22:50.7651935Z [command]/usr/bin/git config --local --name-only --get-regexp core\.sshCommand
2026-05-16T20:22:50.7685609Z [command]/usr/bin/git submodule foreach --recursive sh -c "git config --local --name-only --get-regexp 'core\.sshCommand' && git config --local --unset-all 'core.sshCommand' || :"
2026-05-16T20:22:50.7918526Z Removing HTTP extra header
2026-05-16T20:22:50.7923850Z [command]/usr/bin/git config --local --name-only --get-regexp http\.https\:\/\/github\.com\/\.extraheader
2026-05-16T20:22:50.7956998Z [command]/usr/bin/git submodule foreach --recursive sh -c "git config --local --name-only --get-regexp 'http\.https\:\/\/github\.com\/\.extraheader' && git config --local --unset-all 'http.https://github.com/.extraheader' || :"
2026-05-16T20:22:50.8184489Z Removing includeIf entries pointing to credentials config files
2026-05-16T20:22:50.8190936Z [command]/usr/bin/git config --local --name-only --get-regexp ^includeIf\.gitdir:
2026-05-16T20:22:50.8216728Z includeif.gitdir:/home/runner/work/prismTask/prismTask/.git.path
2026-05-16T20:22:50.8217911Z includeif.gitdir:/home/runner/work/prismTask/prismTask/.git/worktrees/*.path
2026-05-16T20:22:50.8218676Z includeif.gitdir:/github/workspace/.git.path
2026-05-16T20:22:50.8219301Z includeif.gitdir:/github/workspace/.git/worktrees/*.path
2026-05-16T20:22:50.8226706Z [command]/usr/bin/git config --local --get-all includeif.gitdir:/home/runner/work/prismTask/prismTask/.git.path
2026-05-16T20:22:50.8250054Z /home/runner/work/_temp/git-credentials-1ca9d1df-a9e0-4216-abf5-1ee63098dfd8.config
2026-05-16T20:22:50.8260438Z [command]/usr/bin/git config --local --unset includeif.gitdir:/home/runner/work/prismTask/prismTask/.git.path /home/runner/work/_temp/git-credentials-1ca9d1df-a9e0-4216-abf5-1ee63098dfd8.config
2026-05-16T20:22:50.8296057Z [command]/usr/bin/git config --local --get-all includeif.gitdir:/home/runner/work/prismTask/prismTask/.git/worktrees/*.path
2026-05-16T20:22:50.8318646Z /home/runner/work/_temp/git-credentials-1ca9d1df-a9e0-4216-abf5-1ee63098dfd8.config
2026-05-16T20:22:50.8327295Z [command]/usr/bin/git config --local --unset includeif.gitdir:/home/runner/work/prismTask/prismTask/.git/worktrees/*.path /home/runner/work/_temp/git-credentials-1ca9d1df-a9e0-4216-abf5-1ee63098dfd8.config
2026-05-16T20:22:50.8358942Z [command]/usr/bin/git config --local --get-all includeif.gitdir:/github/workspace/.git.path
2026-05-16T20:22:50.8381787Z /github/runner_temp/git-credentials-1ca9d1df-a9e0-4216-abf5-1ee63098dfd8.config
2026-05-16T20:22:50.8389383Z [command]/usr/bin/git config --local --unset includeif.gitdir:/github/workspace/.git.path /github/runner_temp/git-credentials-1ca9d1df-a9e0-4216-abf5-1ee63098dfd8.config
2026-05-16T20:22:50.8420751Z [command]/usr/bin/git config --local --get-all includeif.gitdir:/github/workspace/.git/worktrees/*.path
2026-05-16T20:22:50.8441827Z /github/runner_temp/git-credentials-1ca9d1df-a9e0-4216-abf5-1ee63098dfd8.config
2026-05-16T20:22:50.8450771Z [command]/usr/bin/git config --local --unset includeif.gitdir:/github/workspace/.git/worktrees/*.path /github/runner_temp/git-credentials-1ca9d1df-a9e0-4216-abf5-1ee63098dfd8.config
2026-05-16T20:22:50.8482670Z [command]/usr/bin/git submodule foreach --recursive git config --local --show-origin --name-only --get-regexp remote.origin.url
2026-05-16T20:22:50.8704456Z Removing credentials config '/home/runner/work/_temp/git-credentials-1ca9d1df-a9e0-4216-abf5-1ee63098dfd8.config'
2026-05-16T20:22:50.8844215Z Cleaning up orphan processes
