=== CI FAILURE ===
Workflow:      Android CI
Workflow file: averycorp/prismTask/.github/workflows/android-ci.yml@refs/pull/1357/merge
Job(s):        autofix
Run ID:        25839276076
Run attempt:   1
Run URL:       https://github.com/averycorp/prismTask/actions/runs/25839276076
Commit:        ce90abbb30dc3db7d04fe2ebf9bd986a90e0cc5a
Branch:        1357/merge
Event:         pull_request
Actor:         akarlin3
Runner OS:     Linux
Timestamp:     2026-05-14T03:07:51.950Z

Failed steps:
  - autofix: #2 Run actions/checkout@v6

=== FAILED JOB LOG ===

--- Job: autofix (id 75920889737) ---
2026-05-14T03:07:23.6046274Z Current runner version: '2.334.0'
2026-05-14T03:07:23.6069828Z ##[group]Runner Image Provisioner
2026-05-14T03:07:23.6070760Z Hosted Compute Agent
2026-05-14T03:07:23.6071313Z Version: 20260213.493
2026-05-14T03:07:23.6071933Z Commit: 5c115507f6dd24b8de37d8bbe0bb4509d0cc0fa3
2026-05-14T03:07:23.6072766Z Build Date: 2026-02-13T00:28:41Z
2026-05-14T03:07:23.6073800Z Worker ID: {f66849de-5712-4988-ab69-dada90903136}
2026-05-14T03:07:23.6074549Z Azure Region: eastus2
2026-05-14T03:07:23.6075188Z ##[endgroup]
2026-05-14T03:07:23.6076565Z ##[group]Operating System
2026-05-14T03:07:23.6077145Z Ubuntu
2026-05-14T03:07:23.6077766Z 24.04.4
2026-05-14T03:07:23.6078249Z LTS
2026-05-14T03:07:23.6078689Z ##[endgroup]
2026-05-14T03:07:23.6079251Z ##[group]Runner Image
2026-05-14T03:07:23.6079837Z Image: ubuntu-24.04
2026-05-14T03:07:23.6080337Z Version: 20260413.86.1
2026-05-14T03:07:23.6081634Z Included Software: https://github.com/actions/runner-images/blob/ubuntu24/20260413.86/images/ubuntu/Ubuntu2404-Readme.md
2026-05-14T03:07:23.6083330Z Image Release: https://github.com/actions/runner-images/releases/tag/ubuntu24%2F20260413.86
2026-05-14T03:07:23.6084346Z ##[endgroup]
2026-05-14T03:07:23.6085634Z ##[group]GITHUB_TOKEN Permissions
2026-05-14T03:07:23.6087658Z Actions: read
2026-05-14T03:07:23.6088171Z Checks: read
2026-05-14T03:07:23.6088699Z Contents: write
2026-05-14T03:07:23.6089334Z Metadata: read
2026-05-14T03:07:23.6089817Z PullRequests: read
2026-05-14T03:07:23.6090361Z ##[endgroup]
2026-05-14T03:07:23.6093959Z Secret source: Actions
2026-05-14T03:07:23.6095033Z Prepare workflow directory
2026-05-14T03:07:23.6522798Z Prepare all required actions
2026-05-14T03:07:23.6568803Z Getting action download info
2026-05-14T03:07:24.0327500Z Download action repository 'actions/checkout@v6' (SHA:de0fac2e4500dabe0009e67214ff5f5447ce83dd)
2026-05-14T03:07:24.1825805Z Download action repository 'dorny/paths-filter@v4' (SHA:fbd0ab8f3e69293af611ebaee6363fc25e6d187d)
2026-05-14T03:07:24.3509503Z Download action repository 'actions/cache@v5' (SHA:27d5ce7f107fe9357f9df03efb73ab90386fccae)
2026-05-14T03:07:24.7280503Z Complete job name: autofix
2026-05-14T03:07:24.8048839Z ##[group]Run actions/checkout@v6
2026-05-14T03:07:24.8049697Z with:
2026-05-14T03:07:24.8050794Z   token: ***
2026-05-14T03:07:24.8051236Z   ref: feat/web-lww-habits
2026-05-14T03:07:24.8051745Z   fetch-depth: 0
2026-05-14T03:07:24.8052216Z   repository: averycorp/prismTask
2026-05-14T03:07:24.8052758Z   ssh-strict: true
2026-05-14T03:07:24.8053380Z   ssh-user: git
2026-05-14T03:07:24.8053838Z   persist-credentials: true
2026-05-14T03:07:24.8054352Z   clean: true
2026-05-14T03:07:24.8054812Z   sparse-checkout-cone-mode: true
2026-05-14T03:07:24.8055370Z   fetch-tags: false
2026-05-14T03:07:24.8055821Z   show-progress: true
2026-05-14T03:07:24.8056265Z   lfs: false
2026-05-14T03:07:24.8056668Z   submodules: false
2026-05-14T03:07:24.8057130Z   set-safe-directory: true
2026-05-14T03:07:24.8057853Z ##[endgroup]
2026-05-14T03:07:24.9046406Z Syncing repository: averycorp/prismTask
2026-05-14T03:07:24.9048404Z ##[group]Getting Git version info
2026-05-14T03:07:24.9049299Z Working directory is '/home/runner/work/prismTask/prismTask'
2026-05-14T03:07:24.9050531Z [command]/usr/bin/git version
2026-05-14T03:07:24.9084437Z git version 2.53.0
2026-05-14T03:07:24.9106171Z ##[endgroup]
2026-05-14T03:07:24.9120120Z Temporarily overriding HOME='/home/runner/work/_temp/47098679-bd3b-4cfe-a8ee-311b28fa2a39' before making global git config changes
2026-05-14T03:07:24.9122737Z Adding repository directory to the temporary git global config as a safe directory
2026-05-14T03:07:24.9125391Z [command]/usr/bin/git config --global --add safe.directory /home/runner/work/prismTask/prismTask
2026-05-14T03:07:24.9158535Z Deleting the contents of '/home/runner/work/prismTask/prismTask'
2026-05-14T03:07:24.9162369Z ##[group]Initializing the repository
2026-05-14T03:07:24.9166967Z [command]/usr/bin/git init /home/runner/work/prismTask/prismTask
2026-05-14T03:07:24.9235884Z hint: Using 'master' as the name for the initial branch. This default branch name
2026-05-14T03:07:24.9238059Z hint: will change to "main" in Git 3.0. To configure the initial branch name
2026-05-14T03:07:24.9239687Z hint: to use in all of your new repositories, which will suppress this warning,
2026-05-14T03:07:24.9240947Z hint: call:
2026-05-14T03:07:24.9241544Z hint:
2026-05-14T03:07:24.9242350Z hint: 	git config --global init.defaultBranch <name>
2026-05-14T03:07:24.9243528Z hint:
2026-05-14T03:07:24.9244454Z hint: Names commonly chosen instead of 'master' are 'main', 'trunk' and
2026-05-14T03:07:24.9246085Z hint: 'development'. The just-created branch can be renamed via this command:
2026-05-14T03:07:24.9247360Z hint:
2026-05-14T03:07:24.9247973Z hint: 	git branch -m <name>
2026-05-14T03:07:24.9248690Z hint:
2026-05-14T03:07:24.9249701Z hint: Disable this message with "git config set advice.defaultBranchName false"
2026-05-14T03:07:24.9251160Z Initialized empty Git repository in /home/runner/work/prismTask/prismTask/.git/
2026-05-14T03:07:24.9253554Z [command]/usr/bin/git remote add origin https://github.com/averycorp/prismTask
2026-05-14T03:07:24.9280774Z ##[endgroup]
2026-05-14T03:07:24.9281902Z ##[group]Disabling automatic garbage collection
2026-05-14T03:07:24.9284459Z [command]/usr/bin/git config --local gc.auto 0
2026-05-14T03:07:24.9313895Z ##[endgroup]
2026-05-14T03:07:24.9314972Z ##[group]Setting up auth
2026-05-14T03:07:24.9315786Z Removing SSH command configuration
2026-05-14T03:07:24.9320029Z [command]/usr/bin/git config --local --name-only --get-regexp core\.sshCommand
2026-05-14T03:07:24.9351289Z [command]/usr/bin/git submodule foreach --recursive sh -c "git config --local --name-only --get-regexp 'core\.sshCommand' && git config --local --unset-all 'core.sshCommand' || :"
2026-05-14T03:07:24.9633830Z Removing HTTP extra header
2026-05-14T03:07:24.9639759Z [command]/usr/bin/git config --local --name-only --get-regexp http\.https\:\/\/github\.com\/\.extraheader
2026-05-14T03:07:24.9671701Z [command]/usr/bin/git submodule foreach --recursive sh -c "git config --local --name-only --get-regexp 'http\.https\:\/\/github\.com\/\.extraheader' && git config --local --unset-all 'http.https://github.com/.extraheader' || :"
2026-05-14T03:07:24.9892400Z Removing includeIf entries pointing to credentials config files
2026-05-14T03:07:24.9898089Z [command]/usr/bin/git config --local --name-only --get-regexp ^includeIf\.gitdir:
2026-05-14T03:07:24.9931730Z [command]/usr/bin/git submodule foreach --recursive git config --local --show-origin --name-only --get-regexp remote.origin.url
2026-05-14T03:07:25.0165337Z [command]/usr/bin/git config --file /home/runner/work/_temp/git-credentials-e06e5581-dbba-47c5-a84b-c9093eccf4c7.config http.https://github.com/.extraheader AUTHORIZATION: basic ***
2026-05-14T03:07:25.0203534Z [command]/usr/bin/git config --local includeIf.gitdir:/home/runner/work/prismTask/prismTask/.git.path /home/runner/work/_temp/git-credentials-e06e5581-dbba-47c5-a84b-c9093eccf4c7.config
2026-05-14T03:07:25.0233675Z [command]/usr/bin/git config --local includeIf.gitdir:/home/runner/work/prismTask/prismTask/.git/worktrees/*.path /home/runner/work/_temp/git-credentials-e06e5581-dbba-47c5-a84b-c9093eccf4c7.config
2026-05-14T03:07:25.0264448Z [command]/usr/bin/git config --local includeIf.gitdir:/github/workspace/.git.path /github/runner_temp/git-credentials-e06e5581-dbba-47c5-a84b-c9093eccf4c7.config
2026-05-14T03:07:25.0295640Z [command]/usr/bin/git config --local includeIf.gitdir:/github/workspace/.git/worktrees/*.path /github/runner_temp/git-credentials-e06e5581-dbba-47c5-a84b-c9093eccf4c7.config
2026-05-14T03:07:25.0321413Z ##[endgroup]
2026-05-14T03:07:25.0322658Z ##[group]Fetching the repository
2026-05-14T03:07:25.0330503Z [command]/usr/bin/git -c protocol.version=2 fetch --no-tags --prune --no-recurse-submodules origin +refs/heads/*:refs/remotes/origin/* +refs/tags/*:refs/tags/*
2026-05-14T03:07:44.3377337Z From https://github.com/averycorp/prismTask
2026-05-14T03:07:44.3378119Z  * [new branch]        ci-logs         -> origin/ci-logs
2026-05-14T03:07:44.3379559Z  * [new branch]        feat/web-wellness-today-balance-bar -> origin/feat/web-wellness-today-balance-bar
2026-05-14T03:07:44.3380609Z  * [new branch]        main            -> origin/main
2026-05-14T03:07:44.3383593Z  * [new branch]        v0.1.0-legacy   -> origin/v0.1.0-legacy
2026-05-14T03:07:44.3384225Z  * [new branch]        v0.2.0-legacy   -> origin/v0.2.0-legacy
2026-05-14T03:07:44.3385378Z  * [new branch]        v0.3.0-legacy   -> origin/v0.3.0-legacy
2026-05-14T03:07:44.3385980Z  * [new branch]        v0.4.0-legacy   -> origin/v0.4.0-legacy
2026-05-14T03:07:44.3386581Z  * [new branch]        v0.5.0-legacy   -> origin/v0.5.0-legacy
2026-05-14T03:07:44.3387195Z  * [new branch]        v0.6.0-legacy   -> origin/v0.6.0-legacy
2026-05-14T03:07:44.3387781Z  * [new branch]        v0.7.0-legacy   -> origin/v0.7.0-legacy
2026-05-14T03:07:44.3388528Z  * [new branch]        worktree-course-name-only -> origin/worktree-course-name-only
2026-05-14T03:07:44.3389582Z  * [new branch]        worktree-leisure-categories-removable -> origin/worktree-leisure-categories-removable
2026-05-14T03:07:44.3390680Z  * [new branch]        worktree-recheck-recurring -> origin/worktree-recheck-recurring
2026-05-14T03:07:44.3392051Z  * [new branch]        worktree-remove-leisure-minimum-from-daily-essentials -> origin/worktree-remove-leisure-minimum-from-daily-essentials
2026-05-14T03:07:44.3393374Z  * [new tag]           v0.1.0          -> v0.1.0
2026-05-14T03:07:44.3393880Z  * [new tag]           v0.2.0          -> v0.2.0
2026-05-14T03:07:44.3394382Z  * [new tag]           v0.3.0          -> v0.3.0
2026-05-14T03:07:44.3394899Z  * [new tag]           v0.4.0          -> v0.4.0
2026-05-14T03:07:44.3395381Z  * [new tag]           v0.5.0          -> v0.5.0
2026-05-14T03:07:44.3395871Z  * [new tag]           v0.7.0          -> v0.7.0
2026-05-14T03:07:44.3396535Z  * [new tag]           v0.7.12         -> v0.7.12
2026-05-14T03:07:44.3397020Z  * [new tag]           v0.7.13         -> v0.7.13
2026-05-14T03:07:44.3397515Z  * [new tag]           v0.7.14         -> v0.7.14
2026-05-14T03:07:44.3398268Z  * [new tag]           v0.7.15         -> v0.7.15
2026-05-14T03:07:44.3398755Z  * [new tag]           v0.7.16         -> v0.7.16
2026-05-14T03:07:44.3399252Z  * [new tag]           v0.7.17         -> v0.7.17
2026-05-14T03:07:44.3399773Z  * [new tag]           v0.7.17-build.2 -> v0.7.17-build.2
2026-05-14T03:07:44.3400328Z  * [new tag]           v0.7.17-build.3 -> v0.7.17-build.3
2026-05-14T03:07:44.3401000Z  * [new tag]           v0.7.17-build.4 -> v0.7.17-build.4
2026-05-14T03:07:44.3401659Z  * [new tag]           v0.7.17-build.5 -> v0.7.17-build.5
2026-05-14T03:07:44.3402192Z  * [new tag]           v0.7.17-build.6 -> v0.7.17-build.6
2026-05-14T03:07:44.3402729Z  * [new tag]           v0.7.17-build.7 -> v0.7.17-build.7
2026-05-14T03:07:44.3403408Z  * [new tag]           v0.7.17-build.8 -> v0.7.17-build.8
2026-05-14T03:07:44.3403945Z  * [new tag]           v0.7.17-build.9 -> v0.7.17-build.9
2026-05-14T03:07:44.3404462Z  * [new tag]           v0.7.18         -> v0.7.18
2026-05-14T03:07:44.3405074Z  * [new tag]           v0.7.18-build.2 -> v0.7.18-build.2
2026-05-14T03:07:44.3405668Z  * [new tag]           v0.7.18-build.3 -> v0.7.18-build.3
2026-05-14T03:07:44.3406189Z  * [new tag]           v0.7.18-build.4 -> v0.7.18-build.4
2026-05-14T03:07:44.3406702Z  * [new tag]           v0.7.19         -> v0.7.19
2026-05-14T03:07:44.3407214Z  * [new tag]           v0.7.19-build.2 -> v0.7.19-build.2
2026-05-14T03:07:44.3407717Z  * [new tag]           v0.7.20         -> v0.7.20
2026-05-14T03:07:44.3408220Z  * [new tag]           v0.7.20-build.2 -> v0.7.20-build.2
2026-05-14T03:07:44.3408749Z  * [new tag]           v0.7.20-build.3 -> v0.7.20-build.3
2026-05-14T03:07:44.3409268Z  * [new tag]           v0.7.20-build.4 -> v0.7.20-build.4
2026-05-14T03:07:44.3409779Z  * [new tag]           v0.8.0          -> v0.8.0
2026-05-14T03:07:44.3410304Z  * [new tag]           v0.8.0-build.2  -> v0.8.0-build.2
2026-05-14T03:07:44.3410819Z  * [new tag]           v0.8.1          -> v0.8.1
2026-05-14T03:07:44.3411499Z  * [new tag]           v0.8.10         -> v0.8.10
2026-05-14T03:07:44.3412007Z  * [new tag]           v0.8.11         -> v0.8.11
2026-05-14T03:07:44.3412520Z  * [new tag]           v0.8.12         -> v0.8.12
2026-05-14T03:07:44.3413173Z  * [new tag]           v0.8.13         -> v0.8.13
2026-05-14T03:07:44.3413644Z  * [new tag]           v0.8.14         -> v0.8.14
2026-05-14T03:07:44.3414120Z  * [new tag]           v0.8.15         -> v0.8.15
2026-05-14T03:07:44.3414556Z  * [new tag]           v0.8.2          -> v0.8.2
2026-05-14T03:07:44.3415009Z  * [new tag]           v0.8.3          -> v0.8.3
2026-05-14T03:07:44.3415442Z  * [new tag]           v0.8.4          -> v0.8.4
2026-05-14T03:07:44.3415897Z  * [new tag]           v0.8.5          -> v0.8.5
2026-05-14T03:07:44.3416390Z  * [new tag]           v0.8.6          -> v0.8.6
2026-05-14T03:07:44.3416869Z  * [new tag]           v0.8.7          -> v0.8.7
2026-05-14T03:07:44.3417303Z  * [new tag]           v0.8.8          -> v0.8.8
2026-05-14T03:07:44.3417752Z  * [new tag]           v0.8.9          -> v0.8.9
2026-05-14T03:07:44.3418197Z  * [new tag]           v0.9.1          -> v0.9.1
2026-05-14T03:07:44.3418619Z  * [new tag]           v0.9.2          -> v0.9.2
2026-05-14T03:07:44.3419042Z  * [new tag]           v1.0.1          -> v1.0.1
2026-05-14T03:07:44.3419514Z  * [new tag]           v1.0.10         -> v1.0.10
2026-05-14T03:07:44.3420033Z  * [new tag]           v1.0.11         -> v1.0.11
2026-05-14T03:07:44.3420517Z  * [new tag]           v1.0.12         -> v1.0.12
2026-05-14T03:07:44.3421178Z  * [new tag]           v1.0.13         -> v1.0.13
2026-05-14T03:07:44.3421680Z  * [new tag]           v1.0.2          -> v1.0.2
2026-05-14T03:07:44.3422169Z  * [new tag]           v1.0.3          -> v1.0.3
2026-05-14T03:07:44.3422671Z  * [new tag]           v1.0.4          -> v1.0.4
2026-05-14T03:07:44.3423267Z  * [new tag]           v1.0.5          -> v1.0.5
2026-05-14T03:07:44.3423588Z  * [new tag]           v1.0.6          -> v1.0.6
2026-05-14T03:07:44.3424030Z  * [new tag]           v1.0.7          -> v1.0.7
2026-05-14T03:07:44.3424746Z  * [new tag]           v1.0.8          -> v1.0.8
2026-05-14T03:07:44.3425280Z  * [new tag]           v1.0.9          -> v1.0.9
2026-05-14T03:07:44.3425795Z  * [new tag]           v1.1.1          -> v1.1.1
2026-05-14T03:07:44.3426345Z  * [new tag]           v1.1.1-build.2  -> v1.1.1-build.2
2026-05-14T03:07:44.3426922Z  * [new tag]           v1.1.1-build.3  -> v1.1.1-build.3
2026-05-14T03:07:44.3427475Z  * [new tag]           v1.1.1-build.4  -> v1.1.1-build.4
2026-05-14T03:07:44.3428031Z  * [new tag]           v1.1.10         -> v1.1.10
2026-05-14T03:07:44.3428568Z  * [new tag]           v1.1.11         -> v1.1.11
2026-05-14T03:07:44.3429093Z  * [new tag]           v1.1.12         -> v1.1.12
2026-05-14T03:07:44.3429621Z  * [new tag]           v1.1.2          -> v1.1.2
2026-05-14T03:07:44.3430148Z  * [new tag]           v1.1.3          -> v1.1.3
2026-05-14T03:07:44.3430653Z  * [new tag]           v1.1.4          -> v1.1.4
2026-05-14T03:07:44.3431268Z  * [new tag]           v1.1.5          -> v1.1.5
2026-05-14T03:07:44.3431796Z  * [new tag]           v1.1.6          -> v1.1.6
2026-05-14T03:07:44.3432315Z  * [new tag]           v1.1.7          -> v1.1.7
2026-05-14T03:07:44.3432814Z  * [new tag]           v1.1.8          -> v1.1.8
2026-05-14T03:07:44.3434559Z  * [new tag]           v1.1.9          -> v1.1.9
2026-05-14T03:07:44.3435128Z  * [new tag]           v1.3.0          -> v1.3.0
2026-05-14T03:07:44.3435660Z  * [new tag]           v1.3.1          -> v1.3.1
2026-05-14T03:07:44.3436174Z  * [new tag]           v1.3.10         -> v1.3.10
2026-05-14T03:07:44.3436705Z  * [new tag]           v1.3.11         -> v1.3.11
2026-05-14T03:07:44.3437259Z  * [new tag]           v1.3.11-build.2 -> v1.3.11-build.2
2026-05-14T03:07:44.3437814Z  * [new tag]           v1.3.12         -> v1.3.12
2026-05-14T03:07:44.3438351Z  * [new tag]           v1.3.13         -> v1.3.13
2026-05-14T03:07:44.3438896Z  * [new tag]           v1.3.13-build.2 -> v1.3.13-build.2
2026-05-14T03:07:44.3439725Z  * [new tag]           v1.3.14         -> v1.3.14
2026-05-14T03:07:44.3440262Z  * [new tag]           v1.3.15         -> v1.3.15
2026-05-14T03:07:44.3440794Z  * [new tag]           v1.3.16         -> v1.3.16
2026-05-14T03:07:44.3441301Z  * [new tag]           v1.3.17         -> v1.3.17
2026-05-14T03:07:44.3441839Z  * [new tag]           v1.3.18         -> v1.3.18
2026-05-14T03:07:44.3442374Z  * [new tag]           v1.3.19         -> v1.3.19
2026-05-14T03:07:44.3443071Z  * [new tag]           v1.3.2          -> v1.3.2
2026-05-14T03:07:44.3443644Z  * [new tag]           v1.3.20         -> v1.3.20
2026-05-14T03:07:44.3444159Z  * [new tag]           v1.3.21         -> v1.3.21
2026-05-14T03:07:44.3444550Z  * [new tag]           v1.3.22         -> v1.3.22
2026-05-14T03:07:44.3444875Z  * [new tag]           v1.3.23         -> v1.3.23
2026-05-14T03:07:44.3445205Z  * [new tag]           v1.3.24         -> v1.3.24
2026-05-14T03:07:44.3445534Z  * [new tag]           v1.3.25         -> v1.3.25
2026-05-14T03:07:44.3445877Z  * [new tag]           v1.3.26         -> v1.3.26
2026-05-14T03:07:44.3446208Z  * [new tag]           v1.3.27         -> v1.3.27
2026-05-14T03:07:44.3446537Z  * [new tag]           v1.3.28         -> v1.3.28
2026-05-14T03:07:44.3446859Z  * [new tag]           v1.3.29         -> v1.3.29
2026-05-14T03:07:44.3447210Z  * [new tag]           v1.3.3          -> v1.3.3
2026-05-14T03:07:44.3447599Z  * [new tag]           v1.3.30         -> v1.3.30
2026-05-14T03:07:44.3447929Z  * [new tag]           v1.3.31         -> v1.3.31
2026-05-14T03:07:44.3448255Z  * [new tag]           v1.3.32         -> v1.3.32
2026-05-14T03:07:44.3448592Z  * [new tag]           v1.3.33         -> v1.3.33
2026-05-14T03:07:44.3449077Z  * [new tag]           v1.3.34         -> v1.3.34
2026-05-14T03:07:44.3449457Z  * [new tag]           v1.3.35         -> v1.3.35
2026-05-14T03:07:44.3522798Z  * [new tag]           v1.3.36         -> v1.3.36
2026-05-14T03:07:44.3523670Z  * [new tag]           v1.3.37         -> v1.3.37
2026-05-14T03:07:44.3524519Z  * [new tag]           v1.3.38         -> v1.3.38
2026-05-14T03:07:44.3525130Z  * [new tag]           v1.3.39         -> v1.3.39
2026-05-14T03:07:44.3525607Z  * [new tag]           v1.3.4          -> v1.3.4
2026-05-14T03:07:44.3526106Z  * [new tag]           v1.3.40         -> v1.3.40
2026-05-14T03:07:44.3526608Z  * [new tag]           v1.3.41         -> v1.3.41
2026-05-14T03:07:44.3527141Z  * [new tag]           v1.3.42         -> v1.3.42
2026-05-14T03:07:44.3527633Z  * [new tag]           v1.3.43         -> v1.3.43
2026-05-14T03:07:44.3528121Z  * [new tag]           v1.3.44         -> v1.3.44
2026-05-14T03:07:44.3528685Z  * [new tag]           v1.3.45         -> v1.3.45
2026-05-14T03:07:44.3529208Z  * [new tag]           v1.3.46         -> v1.3.46
2026-05-14T03:07:44.3529707Z  * [new tag]           v1.3.47         -> v1.3.47
2026-05-14T03:07:44.3530217Z  * [new tag]           v1.3.48         -> v1.3.48
2026-05-14T03:07:44.3530741Z  * [new tag]           v1.3.49         -> v1.3.49
2026-05-14T03:07:44.3531301Z  * [new tag]           v1.3.5          -> v1.3.5
2026-05-14T03:07:44.3531850Z  * [new tag]           v1.3.5-build.2  -> v1.3.5-build.2
2026-05-14T03:07:44.3532386Z  * [new tag]           v1.3.50         -> v1.3.50
2026-05-14T03:07:44.3533127Z  * [new tag]           v1.3.51         -> v1.3.51
2026-05-14T03:07:44.3533678Z  * [new tag]           v1.3.52         -> v1.3.52
2026-05-14T03:07:44.3534191Z  * [new tag]           v1.3.53         -> v1.3.53
2026-05-14T03:07:44.3534711Z  * [new tag]           v1.3.54         -> v1.3.54
2026-05-14T03:07:44.3535223Z  * [new tag]           v1.3.55         -> v1.3.55
2026-05-14T03:07:44.3535739Z  * [new tag]           v1.3.56         -> v1.3.56
2026-05-14T03:07:44.3536255Z  * [new tag]           v1.3.57         -> v1.3.57
2026-05-14T03:07:44.3536759Z  * [new tag]           v1.3.58         -> v1.3.58
2026-05-14T03:07:44.3537301Z  * [new tag]           v1.3.59         -> v1.3.59
2026-05-14T03:07:44.3538099Z  * [new tag]           v1.3.6          -> v1.3.6
2026-05-14T03:07:44.3538637Z  * [new tag]           v1.3.60         -> v1.3.60
2026-05-14T03:07:44.3539171Z  * [new tag]           v1.3.61         -> v1.3.61
2026-05-14T03:07:44.3539671Z  * [new tag]           v1.3.62         -> v1.3.62
2026-05-14T03:07:44.3540200Z  * [new tag]           v1.3.7          -> v1.3.7
2026-05-14T03:07:44.3540735Z  * [new tag]           v1.3.8          -> v1.3.8
2026-05-14T03:07:44.3541307Z  * [new tag]           v1.3.9          -> v1.3.9
2026-05-14T03:07:44.3541826Z  * [new tag]           v1.4.40         -> v1.4.40
2026-05-14T03:07:44.3542334Z  * [new tag]           v1.5.0          -> v1.5.0
2026-05-14T03:07:44.3542812Z  * [new tag]           v1.5.2          -> v1.5.2
2026-05-14T03:07:44.3543414Z  * [new tag]           v1.5.3          -> v1.5.3
2026-05-14T03:07:44.3543744Z  * [new tag]           v1.6.0          -> v1.6.0
2026-05-14T03:07:44.3544056Z  * [new tag]           v1.7.0          -> v1.7.0
2026-05-14T03:07:44.3544393Z  * [new tag]           v1.7.37         -> v1.7.37
2026-05-14T03:07:44.3544718Z  * [new tag]           v1.7.38         -> v1.7.38
2026-05-14T03:07:44.3545046Z  * [new tag]           v1.7.39         -> v1.7.39
2026-05-14T03:07:44.3545359Z  * [new tag]           v1.7.40         -> v1.7.40
2026-05-14T03:07:44.3545677Z  * [new tag]           v1.7.41         -> v1.7.41
2026-05-14T03:07:44.3546003Z  * [new tag]           v1.7.42         -> v1.7.42
2026-05-14T03:07:44.3546315Z  * [new tag]           v1.7.43         -> v1.7.43
2026-05-14T03:07:44.3546635Z  * [new tag]           v1.7.44         -> v1.7.44
2026-05-14T03:07:44.3546954Z  * [new tag]           v1.7.45         -> v1.7.45
2026-05-14T03:07:44.3547278Z  * [new tag]           v1.7.46         -> v1.7.46
2026-05-14T03:07:44.3547598Z  * [new tag]           v1.7.47         -> v1.7.47
2026-05-14T03:07:44.3547911Z  * [new tag]           v1.7.48         -> v1.7.48
2026-05-14T03:07:44.3548223Z  * [new tag]           v1.7.49         -> v1.7.49
2026-05-14T03:07:44.3548545Z  * [new tag]           v1.7.50         -> v1.7.50
2026-05-14T03:07:44.3549064Z  * [new tag]           v1.7.51         -> v1.7.51
2026-05-14T03:07:44.3549377Z  * [new tag]           v1.7.52         -> v1.7.52
2026-05-14T03:07:44.3549695Z  * [new tag]           v1.7.53         -> v1.7.53
2026-05-14T03:07:44.3550015Z  * [new tag]           v1.7.54         -> v1.7.54
2026-05-14T03:07:44.3550329Z  * [new tag]           v1.7.55         -> v1.7.55
2026-05-14T03:07:44.3550635Z  * [new tag]           v1.7.56         -> v1.7.56
2026-05-14T03:07:44.3551009Z  * [new tag]           v1.7.57         -> v1.7.57
2026-05-14T03:07:44.3551325Z  * [new tag]           v1.7.58         -> v1.7.58
2026-05-14T03:07:44.3551652Z  * [new tag]           v1.7.59         -> v1.7.59
2026-05-14T03:07:44.3551959Z  * [new tag]           v1.7.60         -> v1.7.60
2026-05-14T03:07:44.3552277Z  * [new tag]           v1.7.61         -> v1.7.61
2026-05-14T03:07:44.3552595Z  * [new tag]           v1.7.62         -> v1.7.62
2026-05-14T03:07:44.3553095Z  * [new tag]           v1.7.63         -> v1.7.63
2026-05-14T03:07:44.3553432Z  * [new tag]           v1.7.64         -> v1.7.64
2026-05-14T03:07:44.3553751Z  * [new tag]           v1.7.65         -> v1.7.65
2026-05-14T03:07:44.3554059Z  * [new tag]           v1.7.66         -> v1.7.66
2026-05-14T03:07:44.3554377Z  * [new tag]           v1.7.67         -> v1.7.67
2026-05-14T03:07:44.3554695Z  * [new tag]           v1.7.68         -> v1.7.68
2026-05-14T03:07:44.3555004Z  * [new tag]           v1.7.69         -> v1.7.69
2026-05-14T03:07:44.3555331Z  * [new tag]           v1.7.70         -> v1.7.70
2026-05-14T03:07:44.3555653Z  * [new tag]           v1.7.71         -> v1.7.71
2026-05-14T03:07:44.3555984Z  * [new tag]           v1.7.72         -> v1.7.72
2026-05-14T03:07:44.3556299Z  * [new tag]           v1.7.73         -> v1.7.73
2026-05-14T03:07:44.3556621Z  * [new tag]           v1.7.74         -> v1.7.74
2026-05-14T03:07:44.3556941Z  * [new tag]           v1.7.75         -> v1.7.75
2026-05-14T03:07:44.3557400Z  * [new tag]           v1.7.76         -> v1.7.76
2026-05-14T03:07:44.3557731Z  * [new tag]           v1.7.77         -> v1.7.77
2026-05-14T03:07:44.3558049Z  * [new tag]           v1.7.78         -> v1.7.78
2026-05-14T03:07:44.3558368Z  * [new tag]           v1.7.79         -> v1.7.79
2026-05-14T03:07:44.3558683Z  * [new tag]           v1.7.80         -> v1.7.80
2026-05-14T03:07:44.3558999Z  * [new tag]           v1.7.81         -> v1.7.81
2026-05-14T03:07:44.3559307Z  * [new tag]           v1.7.82         -> v1.7.82
2026-05-14T03:07:44.3559637Z  * [new tag]           v1.7.83         -> v1.7.83
2026-05-14T03:07:44.3559963Z  * [new tag]           v1.7.84         -> v1.7.84
2026-05-14T03:07:44.3560275Z  * [new tag]           v1.7.85         -> v1.7.85
2026-05-14T03:07:44.3560595Z  * [new tag]           v1.7.86         -> v1.7.86
2026-05-14T03:07:44.3560910Z  * [new tag]           v1.7.87         -> v1.7.87
2026-05-14T03:07:44.3561227Z  * [new tag]           v1.7.90         -> v1.7.90
2026-05-14T03:07:44.3561541Z  * [new tag]           v1.7.92         -> v1.7.92
2026-05-14T03:07:44.3561862Z  * [new tag]           v1.7.93         -> v1.7.93
2026-05-14T03:07:44.3562184Z  * [new tag]           v1.7.94         -> v1.7.94
2026-05-14T03:07:44.3562490Z  * [new tag]           v1.7.95         -> v1.7.95
2026-05-14T03:07:44.3562807Z  * [new tag]           v1.7.96         -> v1.7.96
2026-05-14T03:07:44.3563297Z  * [new tag]           v1.7.97         -> v1.7.97
2026-05-14T03:07:44.3563620Z  * [new tag]           v1.8.0          -> v1.8.0
2026-05-14T03:07:44.3563944Z  * [new tag]           v1.8.1          -> v1.8.1
2026-05-14T03:07:44.3564267Z  * [new tag]           v1.8.10         -> v1.8.10
2026-05-14T03:07:44.3564578Z  * [new tag]           v1.8.11         -> v1.8.11
2026-05-14T03:07:44.3564893Z  * [new tag]           v1.8.12         -> v1.8.12
2026-05-14T03:07:44.3565216Z  * [new tag]           v1.8.14         -> v1.8.14
2026-05-14T03:07:44.3565524Z  * [new tag]           v1.8.15         -> v1.8.15
2026-05-14T03:07:44.3565854Z  * [new tag]           v1.8.16         -> v1.8.16
2026-05-14T03:07:44.3566315Z  * [new tag]           v1.8.17         -> v1.8.17
2026-05-14T03:07:44.3566629Z  * [new tag]           v1.8.18         -> v1.8.18
2026-05-14T03:07:44.3566942Z  * [new tag]           v1.8.19         -> v1.8.19
2026-05-14T03:07:44.3567256Z  * [new tag]           v1.8.2          -> v1.8.2
2026-05-14T03:07:44.3567586Z  * [new tag]           v1.8.20         -> v1.8.20
2026-05-14T03:07:44.3567899Z  * [new tag]           v1.8.21         -> v1.8.21
2026-05-14T03:07:44.3568219Z  * [new tag]           v1.8.22         -> v1.8.22
2026-05-14T03:07:44.3568537Z  * [new tag]           v1.8.23         -> v1.8.23
2026-05-14T03:07:44.3568848Z  * [new tag]           v1.8.24         -> v1.8.24
2026-05-14T03:07:44.3569159Z  * [new tag]           v1.8.25         -> v1.8.25
2026-05-14T03:07:44.3569476Z  * [new tag]           v1.8.26         -> v1.8.26
2026-05-14T03:07:44.3569787Z  * [new tag]           v1.8.27         -> v1.8.27
2026-05-14T03:07:44.3570108Z  * [new tag]           v1.8.28         -> v1.8.28
2026-05-14T03:07:44.3570431Z  * [new tag]           v1.8.29         -> v1.8.29
2026-05-14T03:07:44.3570743Z  * [new tag]           v1.8.3          -> v1.8.3
2026-05-14T03:07:44.3571085Z  * [new tag]           v1.8.30         -> v1.8.30
2026-05-14T03:07:44.3571400Z  * [new tag]           v1.8.31         -> v1.8.31
2026-05-14T03:07:44.3571724Z  * [new tag]           v1.8.32         -> v1.8.32
2026-05-14T03:07:44.3572178Z  * [new tag]           v1.8.33         -> v1.8.33
2026-05-14T03:07:44.3572612Z  * [new tag]           v1.8.34         -> v1.8.34
2026-05-14T03:07:44.3573177Z  * [new tag]           v1.8.35         -> v1.8.35
2026-05-14T03:07:44.3573498Z  * [new tag]           v1.8.36         -> v1.8.36
2026-05-14T03:07:44.3573806Z  * [new tag]           v1.8.37         -> v1.8.37
2026-05-14T03:07:44.3574131Z  * [new tag]           v1.8.38         -> v1.8.38
2026-05-14T03:07:44.3574454Z  * [new tag]           v1.8.39         -> v1.8.39
2026-05-14T03:07:44.3574941Z  * [new tag]           v1.8.4          -> v1.8.4
2026-05-14T03:07:44.3575279Z  * [new tag]           v1.8.40         -> v1.8.40
2026-05-14T03:07:44.3575602Z  * [new tag]           v1.8.41         -> v1.8.41
2026-05-14T03:07:44.3575919Z  * [new tag]           v1.8.42         -> v1.8.42
2026-05-14T03:07:44.3576233Z  * [new tag]           v1.8.43         -> v1.8.43
2026-05-14T03:07:44.3576548Z  * [new tag]           v1.8.44         -> v1.8.44
2026-05-14T03:07:44.3576861Z  * [new tag]           v1.8.45         -> v1.8.45
2026-05-14T03:07:44.3577170Z  * [new tag]           v1.8.46         -> v1.8.46
2026-05-14T03:07:44.3577485Z  * [new tag]           v1.8.47         -> v1.8.47
2026-05-14T03:07:44.3577802Z  * [new tag]           v1.8.48         -> v1.8.48
2026-05-14T03:07:44.3578115Z  * [new tag]           v1.8.49         -> v1.8.49
2026-05-14T03:07:44.3578436Z  * [new tag]           v1.8.5          -> v1.8.5
2026-05-14T03:07:44.3578761Z  * [new tag]           v1.8.50         -> v1.8.50
2026-05-14T03:07:44.3579076Z  * [new tag]           v1.8.51         -> v1.8.51
2026-05-14T03:07:44.3579406Z  * [new tag]           v1.8.52         -> v1.8.52
2026-05-14T03:07:44.3579726Z  * [new tag]           v1.8.53         -> v1.8.53
2026-05-14T03:07:44.3580051Z  * [new tag]           v1.8.54         -> v1.8.54
2026-05-14T03:07:44.3580379Z  * [new tag]           v1.8.6          -> v1.8.6
2026-05-14T03:07:44.3580697Z  * [new tag]           v1.8.7          -> v1.8.7
2026-05-14T03:07:44.3581009Z  * [new tag]           v1.8.8          -> v1.8.8
2026-05-14T03:07:44.3581317Z  * [new tag]           v1.8.9          -> v1.8.9
2026-05-14T03:07:44.3581639Z  * [new tag]           v1.9.1          -> v1.9.1
2026-05-14T03:07:44.3581952Z  * [new tag]           v1.9.10         -> v1.9.10
2026-05-14T03:07:44.3582258Z  * [new tag]           v1.9.11         -> v1.9.11
2026-05-14T03:07:44.3582569Z  * [new tag]           v1.9.12         -> v1.9.12
2026-05-14T03:07:44.3583080Z  * [new tag]           v1.9.13         -> v1.9.13
2026-05-14T03:07:44.3583424Z  * [new tag]           v1.9.14         -> v1.9.14
2026-05-14T03:07:44.3583887Z  * [new tag]           v1.9.15         -> v1.9.15
2026-05-14T03:07:44.3584214Z  * [new tag]           v1.9.16         -> v1.9.16
2026-05-14T03:07:44.3584527Z  * [new tag]           v1.9.18         -> v1.9.18
2026-05-14T03:07:44.3584845Z  * [new tag]           v1.9.19         -> v1.9.19
2026-05-14T03:07:44.3585162Z  * [new tag]           v1.9.2          -> v1.9.2
2026-05-14T03:07:44.3585477Z  * [new tag]           v1.9.20         -> v1.9.20
2026-05-14T03:07:44.3585803Z  * [new tag]           v1.9.21         -> v1.9.21
2026-05-14T03:07:44.3586121Z  * [new tag]           v1.9.22         -> v1.9.22
2026-05-14T03:07:44.3586472Z  * [new tag]           v1.9.23         -> v1.9.23
2026-05-14T03:07:44.3586784Z  * [new tag]           v1.9.24         -> v1.9.24
2026-05-14T03:07:44.3587105Z  * [new tag]           v1.9.3          -> v1.9.3
2026-05-14T03:07:44.3587424Z  * [new tag]           v1.9.4          -> v1.9.4
2026-05-14T03:07:44.3587740Z  * [new tag]           v1.9.5          -> v1.9.5
2026-05-14T03:07:44.3588055Z  * [new tag]           v1.9.6          -> v1.9.6
2026-05-14T03:07:44.3588369Z  * [new tag]           v1.9.7          -> v1.9.7
2026-05-14T03:07:44.3588674Z  * [new tag]           v1.9.8          -> v1.9.8
2026-05-14T03:07:44.3588989Z  * [new tag]           v1.9.9          -> v1.9.9
2026-05-14T03:07:44.3708093Z ##[endgroup]
2026-05-14T03:07:44.3708809Z ##[group]Determining the checkout info
2026-05-14T03:07:44.3715004Z [command]/usr/bin/git branch --list --remote origin/feat/web-lww-habits
2026-05-14T03:07:44.3776011Z [command]/usr/bin/git tag --list feat/web-lww-habits
2026-05-14T03:07:44.3871979Z ##[error]A branch or tag with the name 'feat/web-lww-habits' could not be found
2026-05-14T03:07:44.4170417Z Post job cleanup.
2026-05-14T03:07:44.5005965Z [command]/usr/bin/git version
2026-05-14T03:07:44.5041416Z git version 2.53.0
2026-05-14T03:07:44.5079996Z Temporarily overriding HOME='/home/runner/work/_temp/8eb49726-da06-4c98-a0a1-632c86462ebb' before making global git config changes
2026-05-14T03:07:44.5082197Z Adding repository directory to the temporary git global config as a safe directory
2026-05-14T03:07:44.5085465Z [command]/usr/bin/git config --global --add safe.directory /home/runner/work/prismTask/prismTask
2026-05-14T03:07:44.5116716Z Removing SSH command configuration
2026-05-14T03:07:44.5123036Z [command]/usr/bin/git config --local --name-only --get-regexp core\.sshCommand
2026-05-14T03:07:44.5180855Z [command]/usr/bin/git submodule foreach --recursive sh -c "git config --local --name-only --get-regexp 'core\.sshCommand' && git config --local --unset-all 'core.sshCommand' || :"
2026-05-14T03:07:44.5414932Z Removing HTTP extra header
2026-05-14T03:07:44.5420843Z [command]/usr/bin/git config --local --name-only --get-regexp http\.https\:\/\/github\.com\/\.extraheader
2026-05-14T03:07:44.5454313Z [command]/usr/bin/git submodule foreach --recursive sh -c "git config --local --name-only --get-regexp 'http\.https\:\/\/github\.com\/\.extraheader' && git config --local --unset-all 'http.https://github.com/.extraheader' || :"
2026-05-14T03:07:44.5678564Z Removing includeIf entries pointing to credentials config files
2026-05-14T03:07:44.5684806Z [command]/usr/bin/git config --local --name-only --get-regexp ^includeIf\.gitdir:
2026-05-14T03:07:44.5708654Z includeif.gitdir:/home/runner/work/prismTask/prismTask/.git.path
2026-05-14T03:07:44.5709649Z includeif.gitdir:/home/runner/work/prismTask/prismTask/.git/worktrees/*.path
2026-05-14T03:07:44.5710407Z includeif.gitdir:/github/workspace/.git.path
2026-05-14T03:07:44.5711068Z includeif.gitdir:/github/workspace/.git/worktrees/*.path
2026-05-14T03:07:44.5718309Z [command]/usr/bin/git config --local --get-all includeif.gitdir:/home/runner/work/prismTask/prismTask/.git.path
2026-05-14T03:07:44.5740680Z /home/runner/work/_temp/git-credentials-e06e5581-dbba-47c5-a84b-c9093eccf4c7.config
2026-05-14T03:07:44.5750827Z [command]/usr/bin/git config --local --unset includeif.gitdir:/home/runner/work/prismTask/prismTask/.git.path /home/runner/work/_temp/git-credentials-e06e5581-dbba-47c5-a84b-c9093eccf4c7.config
2026-05-14T03:07:44.5785492Z [command]/usr/bin/git config --local --get-all includeif.gitdir:/home/runner/work/prismTask/prismTask/.git/worktrees/*.path
2026-05-14T03:07:44.5807525Z /home/runner/work/_temp/git-credentials-e06e5581-dbba-47c5-a84b-c9093eccf4c7.config
2026-05-14T03:07:44.5817193Z [command]/usr/bin/git config --local --unset includeif.gitdir:/home/runner/work/prismTask/prismTask/.git/worktrees/*.path /home/runner/work/_temp/git-credentials-e06e5581-dbba-47c5-a84b-c9093eccf4c7.config
2026-05-14T03:07:44.5849183Z [command]/usr/bin/git config --local --get-all includeif.gitdir:/github/workspace/.git.path
2026-05-14T03:07:44.5870957Z /github/runner_temp/git-credentials-e06e5581-dbba-47c5-a84b-c9093eccf4c7.config
2026-05-14T03:07:44.5878382Z [command]/usr/bin/git config --local --unset includeif.gitdir:/github/workspace/.git.path /github/runner_temp/git-credentials-e06e5581-dbba-47c5-a84b-c9093eccf4c7.config
2026-05-14T03:07:44.5909114Z [command]/usr/bin/git config --local --get-all includeif.gitdir:/github/workspace/.git/worktrees/*.path
2026-05-14T03:07:44.5931016Z /github/runner_temp/git-credentials-e06e5581-dbba-47c5-a84b-c9093eccf4c7.config
2026-05-14T03:07:44.5941744Z [command]/usr/bin/git config --local --unset includeif.gitdir:/github/workspace/.git/worktrees/*.path /github/runner_temp/git-credentials-e06e5581-dbba-47c5-a84b-c9093eccf4c7.config
2026-05-14T03:07:44.5974928Z [command]/usr/bin/git submodule foreach --recursive git config --local --show-origin --name-only --get-regexp remote.origin.url
2026-05-14T03:07:44.6196865Z Removing credentials config '/home/runner/work/_temp/git-credentials-e06e5581-dbba-47c5-a84b-c9093eccf4c7.config'
2026-05-14T03:07:44.6346924Z Cleaning up orphan processes
