=== CI FAILURE ===
Workflow:      Android CI
Workflow file: averycorp/prismTask/.github/workflows/android-ci.yml@refs/pull/1381/merge
Job(s):        autofix
Run ID:        25840473936
Run attempt:   1
Run URL:       https://github.com/averycorp/prismTask/actions/runs/25840473936
Commit:        3ddf32e9f349e2cc77aa04dc91d28fd03bab026d
Branch:        1381/merge
Event:         pull_request
Actor:         akarlin3
Runner OS:     Linux
Timestamp:     2026-05-14T03:47:58.229Z

Failed steps:
  - autofix: #2 Run actions/checkout@v6

=== FAILED JOB LOG ===

--- Job: autofix (id 75924534458) ---
2026-05-14T03:47:28.4708906Z Current runner version: '2.334.0'
2026-05-14T03:47:28.4734345Z ##[group]Runner Image Provisioner
2026-05-14T03:47:28.4735203Z Hosted Compute Agent
2026-05-14T03:47:28.4735806Z Version: 20260213.493
2026-05-14T03:47:28.4736385Z Commit: 5c115507f6dd24b8de37d8bbe0bb4509d0cc0fa3
2026-05-14T03:47:28.4737198Z Build Date: 2026-02-13T00:28:41Z
2026-05-14T03:47:28.4737852Z Worker ID: {7554c0be-c9db-44b1-85af-c1f3f9e95a4a}
2026-05-14T03:47:28.4738563Z Azure Region: centralus
2026-05-14T03:47:28.4739184Z ##[endgroup]
2026-05-14T03:47:28.4740702Z ##[group]Operating System
2026-05-14T03:47:28.4741341Z Ubuntu
2026-05-14T03:47:28.4741764Z 24.04.4
2026-05-14T03:47:28.4742613Z LTS
2026-05-14T03:47:28.4743165Z ##[endgroup]
2026-05-14T03:47:28.4743617Z ##[group]Runner Image
2026-05-14T03:47:28.4744260Z Image: ubuntu-24.04
2026-05-14T03:47:28.4744836Z Version: 20260413.86.1
2026-05-14T03:47:28.4746066Z Included Software: https://github.com/actions/runner-images/blob/ubuntu24/20260413.86/images/ubuntu/Ubuntu2404-Readme.md
2026-05-14T03:47:28.4747504Z Image Release: https://github.com/actions/runner-images/releases/tag/ubuntu24%2F20260413.86
2026-05-14T03:47:28.4748484Z ##[endgroup]
2026-05-14T03:47:28.4749898Z ##[group]GITHUB_TOKEN Permissions
2026-05-14T03:47:28.4752016Z Actions: read
2026-05-14T03:47:28.4752987Z Checks: read
2026-05-14T03:47:28.4753468Z Contents: write
2026-05-14T03:47:28.4753974Z Metadata: read
2026-05-14T03:47:28.4754550Z PullRequests: read
2026-05-14T03:47:28.4755125Z ##[endgroup]
2026-05-14T03:47:28.4757883Z Secret source: Actions
2026-05-14T03:47:28.4759278Z Prepare workflow directory
2026-05-14T03:47:28.5085462Z Prepare all required actions
2026-05-14T03:47:28.5122290Z Getting action download info
2026-05-14T03:47:28.9260867Z Download action repository 'actions/checkout@v6' (SHA:de0fac2e4500dabe0009e67214ff5f5447ce83dd)
2026-05-14T03:47:29.0758788Z Download action repository 'dorny/paths-filter@v4' (SHA:fbd0ab8f3e69293af611ebaee6363fc25e6d187d)
2026-05-14T03:47:29.4252874Z Download action repository 'actions/cache@v5' (SHA:27d5ce7f107fe9357f9df03efb73ab90386fccae)
2026-05-14T03:47:30.0797922Z Complete job name: autofix
2026-05-14T03:47:30.1699357Z ##[group]Run actions/checkout@v6
2026-05-14T03:47:30.1700645Z with:
2026-05-14T03:47:30.1702795Z   token: ***
2026-05-14T03:47:30.1703695Z   ref: feat/web-medication-clinical-report
2026-05-14T03:47:30.1704822Z   fetch-depth: 0
2026-05-14T03:47:30.1705699Z   repository: averycorp/prismTask
2026-05-14T03:47:30.1706705Z   ssh-strict: true
2026-05-14T03:47:30.1707527Z   ssh-user: git
2026-05-14T03:47:30.1708401Z   persist-credentials: true
2026-05-14T03:47:30.1709343Z   clean: true
2026-05-14T03:47:30.1710194Z   sparse-checkout-cone-mode: true
2026-05-14T03:47:30.1711321Z   fetch-tags: false
2026-05-14T03:47:30.1712184Z   show-progress: true
2026-05-14T03:47:30.1713403Z   lfs: false
2026-05-14T03:47:30.1714198Z   submodules: false
2026-05-14T03:47:30.1715065Z   set-safe-directory: true
2026-05-14T03:47:30.1716310Z ##[endgroup]
2026-05-14T03:47:30.2707380Z Syncing repository: averycorp/prismTask
2026-05-14T03:47:30.2709990Z ##[group]Getting Git version info
2026-05-14T03:47:30.2711727Z Working directory is '/home/runner/work/prismTask/prismTask'
2026-05-14T03:47:30.2714052Z [command]/usr/bin/git version
2026-05-14T03:47:30.2724052Z git version 2.53.0
2026-05-14T03:47:30.2745679Z ##[endgroup]
2026-05-14T03:47:30.2760257Z Temporarily overriding HOME='/home/runner/work/_temp/312dda7e-92da-4525-af8f-e4e1546dafbd' before making global git config changes
2026-05-14T03:47:30.2763700Z Adding repository directory to the temporary git global config as a safe directory
2026-05-14T03:47:30.2766065Z [command]/usr/bin/git config --global --add safe.directory /home/runner/work/prismTask/prismTask
2026-05-14T03:47:30.2798714Z Deleting the contents of '/home/runner/work/prismTask/prismTask'
2026-05-14T03:47:30.2802724Z ##[group]Initializing the repository
2026-05-14T03:47:30.2807051Z [command]/usr/bin/git init /home/runner/work/prismTask/prismTask
2026-05-14T03:47:30.2876647Z hint: Using 'master' as the name for the initial branch. This default branch name
2026-05-14T03:47:30.2879887Z hint: will change to "main" in Git 3.0. To configure the initial branch name
2026-05-14T03:47:30.2882737Z hint: to use in all of your new repositories, which will suppress this warning,
2026-05-14T03:47:30.2884342Z hint: call:
2026-05-14T03:47:30.2885103Z hint:
2026-05-14T03:47:30.2886425Z hint: 	git config --global init.defaultBranch <name>
2026-05-14T03:47:30.2888053Z hint:
2026-05-14T03:47:30.2889175Z hint: Names commonly chosen instead of 'master' are 'main', 'trunk' and
2026-05-14T03:47:30.2890970Z hint: 'development'. The just-created branch can be renamed via this command:
2026-05-14T03:47:30.2892889Z hint:
2026-05-14T03:47:30.2893681Z hint: 	git branch -m <name>
2026-05-14T03:47:30.2894647Z hint:
2026-05-14T03:47:30.2895847Z hint: Disable this message with "git config set advice.defaultBranchName false"
2026-05-14T03:47:30.2897823Z Initialized empty Git repository in /home/runner/work/prismTask/prismTask/.git/
2026-05-14T03:47:30.2901033Z [command]/usr/bin/git remote add origin https://github.com/averycorp/prismTask
2026-05-14T03:47:30.2919246Z ##[endgroup]
2026-05-14T03:47:30.2920804Z ##[group]Disabling automatic garbage collection
2026-05-14T03:47:30.2922924Z [command]/usr/bin/git config --local gc.auto 0
2026-05-14T03:47:30.2952962Z ##[endgroup]
2026-05-14T03:47:30.2954406Z ##[group]Setting up auth
2026-05-14T03:47:30.2955401Z Removing SSH command configuration
2026-05-14T03:47:30.2958608Z [command]/usr/bin/git config --local --name-only --get-regexp core\.sshCommand
2026-05-14T03:47:30.2990545Z [command]/usr/bin/git submodule foreach --recursive sh -c "git config --local --name-only --get-regexp 'core\.sshCommand' && git config --local --unset-all 'core.sshCommand' || :"
2026-05-14T03:47:30.3305845Z Removing HTTP extra header
2026-05-14T03:47:30.3311637Z [command]/usr/bin/git config --local --name-only --get-regexp http\.https\:\/\/github\.com\/\.extraheader
2026-05-14T03:47:30.3344685Z [command]/usr/bin/git submodule foreach --recursive sh -c "git config --local --name-only --get-regexp 'http\.https\:\/\/github\.com\/\.extraheader' && git config --local --unset-all 'http.https://github.com/.extraheader' || :"
2026-05-14T03:47:30.3565812Z Removing includeIf entries pointing to credentials config files
2026-05-14T03:47:30.3571889Z [command]/usr/bin/git config --local --name-only --get-regexp ^includeIf\.gitdir:
2026-05-14T03:47:30.3604164Z [command]/usr/bin/git submodule foreach --recursive git config --local --show-origin --name-only --get-regexp remote.origin.url
2026-05-14T03:47:30.3834718Z [command]/usr/bin/git config --file /home/runner/work/_temp/git-credentials-e3b68696-84dc-4cb3-a047-3145bacdb2df.config http.https://github.com/.extraheader AUTHORIZATION: basic ***
2026-05-14T03:47:30.3871836Z [command]/usr/bin/git config --local includeIf.gitdir:/home/runner/work/prismTask/prismTask/.git.path /home/runner/work/_temp/git-credentials-e3b68696-84dc-4cb3-a047-3145bacdb2df.config
2026-05-14T03:47:30.3903228Z [command]/usr/bin/git config --local includeIf.gitdir:/home/runner/work/prismTask/prismTask/.git/worktrees/*.path /home/runner/work/_temp/git-credentials-e3b68696-84dc-4cb3-a047-3145bacdb2df.config
2026-05-14T03:47:30.3936034Z [command]/usr/bin/git config --local includeIf.gitdir:/github/workspace/.git.path /github/runner_temp/git-credentials-e3b68696-84dc-4cb3-a047-3145bacdb2df.config
2026-05-14T03:47:30.3969129Z [command]/usr/bin/git config --local includeIf.gitdir:/github/workspace/.git/worktrees/*.path /github/runner_temp/git-credentials-e3b68696-84dc-4cb3-a047-3145bacdb2df.config
2026-05-14T03:47:30.4003123Z ##[endgroup]
2026-05-14T03:47:30.4005214Z ##[group]Fetching the repository
2026-05-14T03:47:30.4013669Z [command]/usr/bin/git -c protocol.version=2 fetch --no-tags --prune --no-recurse-submodules origin +refs/heads/*:refs/remotes/origin/* +refs/tags/*:refs/tags/*
2026-05-14T03:47:49.8324344Z From https://github.com/averycorp/prismTask
2026-05-14T03:47:49.8325105Z  * [new branch]        ci-logs         -> origin/ci-logs
2026-05-14T03:47:49.8326176Z  * [new branch]        main            -> origin/main
2026-05-14T03:47:49.8326998Z  * [new branch]        v0.1.0-legacy   -> origin/v0.1.0-legacy
2026-05-14T03:47:49.8327580Z  * [new branch]        v0.2.0-legacy   -> origin/v0.2.0-legacy
2026-05-14T03:47:49.8328151Z  * [new branch]        v0.3.0-legacy   -> origin/v0.3.0-legacy
2026-05-14T03:47:49.8328700Z  * [new branch]        v0.4.0-legacy   -> origin/v0.4.0-legacy
2026-05-14T03:47:49.8329232Z  * [new branch]        v0.5.0-legacy   -> origin/v0.5.0-legacy
2026-05-14T03:47:49.8329781Z  * [new branch]        v0.6.0-legacy   -> origin/v0.6.0-legacy
2026-05-14T03:47:49.8330355Z  * [new branch]        v0.7.0-legacy   -> origin/v0.7.0-legacy
2026-05-14T03:47:49.8331055Z  * [new branch]        worktree-course-name-only -> origin/worktree-course-name-only
2026-05-14T03:47:49.8332107Z  * [new branch]        worktree-leisure-categories-removable -> origin/worktree-leisure-categories-removable
2026-05-14T03:47:49.8333397Z  * [new branch]        worktree-recheck-recurring -> origin/worktree-recheck-recurring
2026-05-14T03:47:49.8334693Z  * [new branch]        worktree-remove-leisure-minimum-from-daily-essentials -> origin/worktree-remove-leisure-minimum-from-daily-essentials
2026-05-14T03:47:49.8336158Z  * [new tag]           v0.1.0          -> v0.1.0
2026-05-14T03:47:49.8336694Z  * [new tag]           v0.2.0          -> v0.2.0
2026-05-14T03:47:49.8337139Z  * [new tag]           v0.3.0          -> v0.3.0
2026-05-14T03:47:49.8337570Z  * [new tag]           v0.4.0          -> v0.4.0
2026-05-14T03:47:49.8338005Z  * [new tag]           v0.5.0          -> v0.5.0
2026-05-14T03:47:49.8338437Z  * [new tag]           v0.7.0          -> v0.7.0
2026-05-14T03:47:49.8338875Z  * [new tag]           v0.7.12         -> v0.7.12
2026-05-14T03:47:49.8339330Z  * [new tag]           v0.7.13         -> v0.7.13
2026-05-14T03:47:49.8339772Z  * [new tag]           v0.7.14         -> v0.7.14
2026-05-14T03:47:49.8340208Z  * [new tag]           v0.7.15         -> v0.7.15
2026-05-14T03:47:49.8340648Z  * [new tag]           v0.7.16         -> v0.7.16
2026-05-14T03:47:49.8341415Z  * [new tag]           v0.7.17         -> v0.7.17
2026-05-14T03:47:49.8341936Z  * [new tag]           v0.7.17-build.2 -> v0.7.17-build.2
2026-05-14T03:47:49.8342635Z  * [new tag]           v0.7.17-build.3 -> v0.7.17-build.3
2026-05-14T03:47:49.8343152Z  * [new tag]           v0.7.17-build.4 -> v0.7.17-build.4
2026-05-14T03:47:49.8343731Z  * [new tag]           v0.7.17-build.5 -> v0.7.17-build.5
2026-05-14T03:47:49.8344248Z  * [new tag]           v0.7.17-build.6 -> v0.7.17-build.6
2026-05-14T03:47:49.8344708Z  * [new tag]           v0.7.17-build.7 -> v0.7.17-build.7
2026-05-14T03:47:49.8345129Z  * [new tag]           v0.7.17-build.8 -> v0.7.17-build.8
2026-05-14T03:47:49.8345530Z  * [new tag]           v0.7.17-build.9 -> v0.7.17-build.9
2026-05-14T03:47:49.8345941Z  * [new tag]           v0.7.18         -> v0.7.18
2026-05-14T03:47:49.8346388Z  * [new tag]           v0.7.18-build.2 -> v0.7.18-build.2
2026-05-14T03:47:49.8346886Z  * [new tag]           v0.7.18-build.3 -> v0.7.18-build.3
2026-05-14T03:47:49.8347358Z  * [new tag]           v0.7.18-build.4 -> v0.7.18-build.4
2026-05-14T03:47:49.8347829Z  * [new tag]           v0.7.19         -> v0.7.19
2026-05-14T03:47:49.8348367Z  * [new tag]           v0.7.19-build.2 -> v0.7.19-build.2
2026-05-14T03:47:49.8348830Z  * [new tag]           v0.7.20         -> v0.7.20
2026-05-14T03:47:49.8349287Z  * [new tag]           v0.7.20-build.2 -> v0.7.20-build.2
2026-05-14T03:47:49.8349774Z  * [new tag]           v0.7.20-build.3 -> v0.7.20-build.3
2026-05-14T03:47:49.8350262Z  * [new tag]           v0.7.20-build.4 -> v0.7.20-build.4
2026-05-14T03:47:49.8350719Z  * [new tag]           v0.8.0          -> v0.8.0
2026-05-14T03:47:49.8351198Z  * [new tag]           v0.8.0-build.2  -> v0.8.0-build.2
2026-05-14T03:47:49.8351675Z  * [new tag]           v0.8.1          -> v0.8.1
2026-05-14T03:47:49.8352113Z  * [new tag]           v0.8.10         -> v0.8.10
2026-05-14T03:47:49.8353165Z  * [new tag]           v0.8.11         -> v0.8.11
2026-05-14T03:47:49.8353626Z  * [new tag]           v0.8.12         -> v0.8.12
2026-05-14T03:47:49.8354050Z  * [new tag]           v0.8.13         -> v0.8.13
2026-05-14T03:47:49.8354461Z  * [new tag]           v0.8.14         -> v0.8.14
2026-05-14T03:47:49.8354859Z  * [new tag]           v0.8.15         -> v0.8.15
2026-05-14T03:47:49.8355271Z  * [new tag]           v0.8.2          -> v0.8.2
2026-05-14T03:47:49.8355663Z  * [new tag]           v0.8.3          -> v0.8.3
2026-05-14T03:47:49.8356076Z  * [new tag]           v0.8.4          -> v0.8.4
2026-05-14T03:47:49.8356486Z  * [new tag]           v0.8.5          -> v0.8.5
2026-05-14T03:47:49.8356888Z  * [new tag]           v0.8.6          -> v0.8.6
2026-05-14T03:47:49.8357320Z  * [new tag]           v0.8.7          -> v0.8.7
2026-05-14T03:47:49.8357753Z  * [new tag]           v0.8.8          -> v0.8.8
2026-05-14T03:47:49.8358174Z  * [new tag]           v0.8.9          -> v0.8.9
2026-05-14T03:47:49.8358614Z  * [new tag]           v0.9.1          -> v0.9.1
2026-05-14T03:47:49.8359057Z  * [new tag]           v0.9.2          -> v0.9.2
2026-05-14T03:47:49.8359493Z  * [new tag]           v1.0.1          -> v1.0.1
2026-05-14T03:47:49.8359957Z  * [new tag]           v1.0.10         -> v1.0.10
2026-05-14T03:47:49.8360421Z  * [new tag]           v1.0.11         -> v1.0.11
2026-05-14T03:47:49.8360934Z  * [new tag]           v1.0.12         -> v1.0.12
2026-05-14T03:47:49.8361377Z  * [new tag]           v1.0.13         -> v1.0.13
2026-05-14T03:47:49.8361810Z  * [new tag]           v1.0.2          -> v1.0.2
2026-05-14T03:47:49.8362244Z  * [new tag]           v1.0.3          -> v1.0.3
2026-05-14T03:47:49.8362909Z  * [new tag]           v1.0.4          -> v1.0.4
2026-05-14T03:47:49.8363342Z  * [new tag]           v1.0.5          -> v1.0.5
2026-05-14T03:47:49.8363764Z  * [new tag]           v1.0.6          -> v1.0.6
2026-05-14T03:47:49.8364183Z  * [new tag]           v1.0.7          -> v1.0.7
2026-05-14T03:47:49.8364607Z  * [new tag]           v1.0.8          -> v1.0.8
2026-05-14T03:47:49.8365276Z  * [new tag]           v1.0.9          -> v1.0.9
2026-05-14T03:47:49.8365718Z  * [new tag]           v1.1.1          -> v1.1.1
2026-05-14T03:47:49.8366212Z  * [new tag]           v1.1.1-build.2  -> v1.1.1-build.2
2026-05-14T03:47:49.8366758Z  * [new tag]           v1.1.1-build.3  -> v1.1.1-build.3
2026-05-14T03:47:49.8367283Z  * [new tag]           v1.1.1-build.4  -> v1.1.1-build.4
2026-05-14T03:47:49.8367789Z  * [new tag]           v1.1.10         -> v1.1.10
2026-05-14T03:47:49.8368299Z  * [new tag]           v1.1.11         -> v1.1.11
2026-05-14T03:47:49.8368785Z  * [new tag]           v1.1.12         -> v1.1.12
2026-05-14T03:47:49.8369272Z  * [new tag]           v1.1.2          -> v1.1.2
2026-05-14T03:47:49.8369754Z  * [new tag]           v1.1.3          -> v1.1.3
2026-05-14T03:47:49.8370256Z  * [new tag]           v1.1.4          -> v1.1.4
2026-05-14T03:47:49.8370738Z  * [new tag]           v1.1.5          -> v1.1.5
2026-05-14T03:47:49.8371235Z  * [new tag]           v1.1.6          -> v1.1.6
2026-05-14T03:47:49.8371735Z  * [new tag]           v1.1.7          -> v1.1.7
2026-05-14T03:47:49.8372211Z  * [new tag]           v1.1.8          -> v1.1.8
2026-05-14T03:47:49.8372890Z  * [new tag]           v1.1.9          -> v1.1.9
2026-05-14T03:47:49.8373353Z  * [new tag]           v1.3.0          -> v1.3.0
2026-05-14T03:47:49.8373821Z  * [new tag]           v1.3.1          -> v1.3.1
2026-05-14T03:47:49.8374292Z  * [new tag]           v1.3.10         -> v1.3.10
2026-05-14T03:47:49.8374781Z  * [new tag]           v1.3.11         -> v1.3.11
2026-05-14T03:47:49.8375339Z  * [new tag]           v1.3.11-build.2 -> v1.3.11-build.2
2026-05-14T03:47:49.8375848Z  * [new tag]           v1.3.12         -> v1.3.12
2026-05-14T03:47:49.8376345Z  * [new tag]           v1.3.13         -> v1.3.13
2026-05-14T03:47:49.8376868Z  * [new tag]           v1.3.13-build.2 -> v1.3.13-build.2
2026-05-14T03:47:49.8377372Z  * [new tag]           v1.3.14         -> v1.3.14
2026-05-14T03:47:49.8378095Z  * [new tag]           v1.3.15         -> v1.3.15
2026-05-14T03:47:49.8378575Z  * [new tag]           v1.3.16         -> v1.3.16
2026-05-14T03:47:49.8379045Z  * [new tag]           v1.3.17         -> v1.3.17
2026-05-14T03:47:49.8379557Z  * [new tag]           v1.3.18         -> v1.3.18
2026-05-14T03:47:49.8380038Z  * [new tag]           v1.3.19         -> v1.3.19
2026-05-14T03:47:49.8380514Z  * [new tag]           v1.3.2          -> v1.3.2
2026-05-14T03:47:49.8380982Z  * [new tag]           v1.3.20         -> v1.3.20
2026-05-14T03:47:49.8381455Z  * [new tag]           v1.3.21         -> v1.3.21
2026-05-14T03:47:49.8381916Z  * [new tag]           v1.3.22         -> v1.3.22
2026-05-14T03:47:49.8382594Z  * [new tag]           v1.3.23         -> v1.3.23
2026-05-14T03:47:49.8383083Z  * [new tag]           v1.3.24         -> v1.3.24
2026-05-14T03:47:49.8383571Z  * [new tag]           v1.3.25         -> v1.3.25
2026-05-14T03:47:49.8384033Z  * [new tag]           v1.3.26         -> v1.3.26
2026-05-14T03:47:49.8384524Z  * [new tag]           v1.3.27         -> v1.3.27
2026-05-14T03:47:49.8385016Z  * [new tag]           v1.3.28         -> v1.3.28
2026-05-14T03:47:49.8385510Z  * [new tag]           v1.3.29         -> v1.3.29
2026-05-14T03:47:49.8386042Z  * [new tag]           v1.3.3          -> v1.3.3
2026-05-14T03:47:49.8386537Z  * [new tag]           v1.3.30         -> v1.3.30
2026-05-14T03:47:49.8387093Z  * [new tag]           v1.3.31         -> v1.3.31
2026-05-14T03:47:49.8387572Z  * [new tag]           v1.3.32         -> v1.3.32
2026-05-14T03:47:49.8388048Z  * [new tag]           v1.3.33         -> v1.3.33
2026-05-14T03:47:49.8461863Z  * [new tag]           v1.3.34         -> v1.3.34
2026-05-14T03:47:49.8462711Z  * [new tag]           v1.3.35         -> v1.3.35
2026-05-14T03:47:49.8463272Z  * [new tag]           v1.3.36         -> v1.3.36
2026-05-14T03:47:49.8463782Z  * [new tag]           v1.3.37         -> v1.3.37
2026-05-14T03:47:49.8464339Z  * [new tag]           v1.3.38         -> v1.3.38
2026-05-14T03:47:49.8464811Z  * [new tag]           v1.3.39         -> v1.3.39
2026-05-14T03:47:49.8465343Z  * [new tag]           v1.3.4          -> v1.3.4
2026-05-14T03:47:49.8465674Z  * [new tag]           v1.3.40         -> v1.3.40
2026-05-14T03:47:49.8465998Z  * [new tag]           v1.3.41         -> v1.3.41
2026-05-14T03:47:49.8466338Z  * [new tag]           v1.3.42         -> v1.3.42
2026-05-14T03:47:49.8466673Z  * [new tag]           v1.3.43         -> v1.3.43
2026-05-14T03:47:49.8466984Z  * [new tag]           v1.3.44         -> v1.3.44
2026-05-14T03:47:49.8467295Z  * [new tag]           v1.3.45         -> v1.3.45
2026-05-14T03:47:49.8467622Z  * [new tag]           v1.3.46         -> v1.3.46
2026-05-14T03:47:49.8467936Z  * [new tag]           v1.3.47         -> v1.3.47
2026-05-14T03:47:49.8468273Z  * [new tag]           v1.3.48         -> v1.3.48
2026-05-14T03:47:49.8468581Z  * [new tag]           v1.3.49         -> v1.3.49
2026-05-14T03:47:49.8468885Z  * [new tag]           v1.3.5          -> v1.3.5
2026-05-14T03:47:49.8469244Z  * [new tag]           v1.3.5-build.2  -> v1.3.5-build.2
2026-05-14T03:47:49.8469589Z  * [new tag]           v1.3.50         -> v1.3.50
2026-05-14T03:47:49.8469891Z  * [new tag]           v1.3.51         -> v1.3.51
2026-05-14T03:47:49.8470197Z  * [new tag]           v1.3.52         -> v1.3.52
2026-05-14T03:47:49.8470507Z  * [new tag]           v1.3.53         -> v1.3.53
2026-05-14T03:47:49.8470808Z  * [new tag]           v1.3.54         -> v1.3.54
2026-05-14T03:47:49.8471119Z  * [new tag]           v1.3.55         -> v1.3.55
2026-05-14T03:47:49.8471440Z  * [new tag]           v1.3.56         -> v1.3.56
2026-05-14T03:47:49.8471755Z  * [new tag]           v1.3.57         -> v1.3.57
2026-05-14T03:47:49.8472071Z  * [new tag]           v1.3.58         -> v1.3.58
2026-05-14T03:47:49.8472603Z  * [new tag]           v1.3.59         -> v1.3.59
2026-05-14T03:47:49.8473084Z  * [new tag]           v1.3.6          -> v1.3.6
2026-05-14T03:47:49.8473550Z  * [new tag]           v1.3.60         -> v1.3.60
2026-05-14T03:47:49.8474053Z  * [new tag]           v1.3.61         -> v1.3.61
2026-05-14T03:47:49.8474376Z  * [new tag]           v1.3.62         -> v1.3.62
2026-05-14T03:47:49.8474685Z  * [new tag]           v1.3.7          -> v1.3.7
2026-05-14T03:47:49.8474996Z  * [new tag]           v1.3.8          -> v1.3.8
2026-05-14T03:47:49.8475313Z  * [new tag]           v1.3.9          -> v1.3.9
2026-05-14T03:47:49.8475632Z  * [new tag]           v1.4.40         -> v1.4.40
2026-05-14T03:47:49.8475956Z  * [new tag]           v1.5.0          -> v1.5.0
2026-05-14T03:47:49.8476274Z  * [new tag]           v1.5.2          -> v1.5.2
2026-05-14T03:47:49.8476574Z  * [new tag]           v1.5.3          -> v1.5.3
2026-05-14T03:47:49.8476881Z  * [new tag]           v1.6.0          -> v1.6.0
2026-05-14T03:47:49.8477190Z  * [new tag]           v1.7.0          -> v1.7.0
2026-05-14T03:47:49.8477492Z  * [new tag]           v1.7.37         -> v1.7.37
2026-05-14T03:47:49.8477802Z  * [new tag]           v1.7.38         -> v1.7.38
2026-05-14T03:47:49.8478116Z  * [new tag]           v1.7.39         -> v1.7.39
2026-05-14T03:47:49.8478428Z  * [new tag]           v1.7.40         -> v1.7.40
2026-05-14T03:47:49.8478727Z  * [new tag]           v1.7.41         -> v1.7.41
2026-05-14T03:47:49.8479034Z  * [new tag]           v1.7.42         -> v1.7.42
2026-05-14T03:47:49.8479343Z  * [new tag]           v1.7.43         -> v1.7.43
2026-05-14T03:47:49.8479641Z  * [new tag]           v1.7.44         -> v1.7.44
2026-05-14T03:47:49.8479950Z  * [new tag]           v1.7.45         -> v1.7.45
2026-05-14T03:47:49.8480257Z  * [new tag]           v1.7.46         -> v1.7.46
2026-05-14T03:47:49.8480559Z  * [new tag]           v1.7.47         -> v1.7.47
2026-05-14T03:47:49.8480895Z  * [new tag]           v1.7.48         -> v1.7.48
2026-05-14T03:47:49.8481222Z  * [new tag]           v1.7.49         -> v1.7.49
2026-05-14T03:47:49.8481538Z  * [new tag]           v1.7.50         -> v1.7.50
2026-05-14T03:47:49.8481848Z  * [new tag]           v1.7.51         -> v1.7.51
2026-05-14T03:47:49.8482184Z  * [new tag]           v1.7.52         -> v1.7.52
2026-05-14T03:47:49.8482829Z  * [new tag]           v1.7.53         -> v1.7.53
2026-05-14T03:47:49.8483149Z  * [new tag]           v1.7.54         -> v1.7.54
2026-05-14T03:47:49.8483457Z  * [new tag]           v1.7.55         -> v1.7.55
2026-05-14T03:47:49.8483766Z  * [new tag]           v1.7.56         -> v1.7.56
2026-05-14T03:47:49.8484067Z  * [new tag]           v1.7.57         -> v1.7.57
2026-05-14T03:47:49.8484376Z  * [new tag]           v1.7.58         -> v1.7.58
2026-05-14T03:47:49.8484683Z  * [new tag]           v1.7.59         -> v1.7.59
2026-05-14T03:47:49.8484985Z  * [new tag]           v1.7.60         -> v1.7.60
2026-05-14T03:47:49.8485292Z  * [new tag]           v1.7.61         -> v1.7.61
2026-05-14T03:47:49.8485600Z  * [new tag]           v1.7.62         -> v1.7.62
2026-05-14T03:47:49.8485898Z  * [new tag]           v1.7.63         -> v1.7.63
2026-05-14T03:47:49.8486207Z  * [new tag]           v1.7.64         -> v1.7.64
2026-05-14T03:47:49.8486522Z  * [new tag]           v1.7.65         -> v1.7.65
2026-05-14T03:47:49.8486828Z  * [new tag]           v1.7.66         -> v1.7.66
2026-05-14T03:47:49.8487168Z  * [new tag]           v1.7.67         -> v1.7.67
2026-05-14T03:47:49.8487473Z  * [new tag]           v1.7.68         -> v1.7.68
2026-05-14T03:47:49.8487781Z  * [new tag]           v1.7.69         -> v1.7.69
2026-05-14T03:47:49.8488093Z  * [new tag]           v1.7.70         -> v1.7.70
2026-05-14T03:47:49.8488393Z  * [new tag]           v1.7.71         -> v1.7.71
2026-05-14T03:47:49.8488698Z  * [new tag]           v1.7.72         -> v1.7.72
2026-05-14T03:47:49.8489052Z  * [new tag]           v1.7.73         -> v1.7.73
2026-05-14T03:47:49.8489361Z  * [new tag]           v1.7.74         -> v1.7.74
2026-05-14T03:47:49.8489671Z  * [new tag]           v1.7.75         -> v1.7.75
2026-05-14T03:47:49.8489981Z  * [new tag]           v1.7.76         -> v1.7.76
2026-05-14T03:47:49.8490286Z  * [new tag]           v1.7.77         -> v1.7.77
2026-05-14T03:47:49.8490719Z  * [new tag]           v1.7.78         -> v1.7.78
2026-05-14T03:47:49.8491037Z  * [new tag]           v1.7.79         -> v1.7.79
2026-05-14T03:47:49.8491342Z  * [new tag]           v1.7.80         -> v1.7.80
2026-05-14T03:47:49.8491645Z  * [new tag]           v1.7.81         -> v1.7.81
2026-05-14T03:47:49.8491955Z  * [new tag]           v1.7.82         -> v1.7.82
2026-05-14T03:47:49.8492265Z  * [new tag]           v1.7.83         -> v1.7.83
2026-05-14T03:47:49.8492693Z  * [new tag]           v1.7.84         -> v1.7.84
2026-05-14T03:47:49.8492999Z  * [new tag]           v1.7.85         -> v1.7.85
2026-05-14T03:47:49.8493323Z  * [new tag]           v1.7.86         -> v1.7.86
2026-05-14T03:47:49.8493630Z  * [new tag]           v1.7.87         -> v1.7.87
2026-05-14T03:47:49.8493937Z  * [new tag]           v1.7.90         -> v1.7.90
2026-05-14T03:47:49.8494242Z  * [new tag]           v1.7.92         -> v1.7.92
2026-05-14T03:47:49.8494543Z  * [new tag]           v1.7.93         -> v1.7.93
2026-05-14T03:47:49.8494859Z  * [new tag]           v1.7.94         -> v1.7.94
2026-05-14T03:47:49.8495171Z  * [new tag]           v1.7.95         -> v1.7.95
2026-05-14T03:47:49.8495476Z  * [new tag]           v1.7.96         -> v1.7.96
2026-05-14T03:47:49.8495779Z  * [new tag]           v1.7.97         -> v1.7.97
2026-05-14T03:47:49.8496089Z  * [new tag]           v1.8.0          -> v1.8.0
2026-05-14T03:47:49.8496398Z  * [new tag]           v1.8.1          -> v1.8.1
2026-05-14T03:47:49.8496703Z  * [new tag]           v1.8.10         -> v1.8.10
2026-05-14T03:47:49.8497010Z  * [new tag]           v1.8.11         -> v1.8.11
2026-05-14T03:47:49.8497318Z  * [new tag]           v1.8.12         -> v1.8.12
2026-05-14T03:47:49.8497616Z  * [new tag]           v1.8.14         -> v1.8.14
2026-05-14T03:47:49.8497924Z  * [new tag]           v1.8.15         -> v1.8.15
2026-05-14T03:47:49.8498232Z  * [new tag]           v1.8.16         -> v1.8.16
2026-05-14T03:47:49.8498532Z  * [new tag]           v1.8.17         -> v1.8.17
2026-05-14T03:47:49.8498844Z  * [new tag]           v1.8.18         -> v1.8.18
2026-05-14T03:47:49.8499287Z  * [new tag]           v1.8.19         -> v1.8.19
2026-05-14T03:47:49.8499598Z  * [new tag]           v1.8.2          -> v1.8.2
2026-05-14T03:47:49.8499912Z  * [new tag]           v1.8.20         -> v1.8.20
2026-05-14T03:47:49.8500213Z  * [new tag]           v1.8.21         -> v1.8.21
2026-05-14T03:47:49.8500518Z  * [new tag]           v1.8.22         -> v1.8.22
2026-05-14T03:47:49.8500814Z  * [new tag]           v1.8.23         -> v1.8.23
2026-05-14T03:47:49.8501129Z  * [new tag]           v1.8.24         -> v1.8.24
2026-05-14T03:47:49.8501434Z  * [new tag]           v1.8.25         -> v1.8.25
2026-05-14T03:47:49.8501740Z  * [new tag]           v1.8.26         -> v1.8.26
2026-05-14T03:47:49.8502038Z  * [new tag]           v1.8.27         -> v1.8.27
2026-05-14T03:47:49.8502532Z  * [new tag]           v1.8.28         -> v1.8.28
2026-05-14T03:47:49.8502976Z  * [new tag]           v1.8.29         -> v1.8.29
2026-05-14T03:47:49.8503300Z  * [new tag]           v1.8.3          -> v1.8.3
2026-05-14T03:47:49.8503614Z  * [new tag]           v1.8.30         -> v1.8.30
2026-05-14T03:47:49.8503928Z  * [new tag]           v1.8.31         -> v1.8.31
2026-05-14T03:47:49.8504236Z  * [new tag]           v1.8.32         -> v1.8.32
2026-05-14T03:47:49.8504544Z  * [new tag]           v1.8.33         -> v1.8.33
2026-05-14T03:47:49.8504856Z  * [new tag]           v1.8.34         -> v1.8.34
2026-05-14T03:47:49.8505169Z  * [new tag]           v1.8.35         -> v1.8.35
2026-05-14T03:47:49.8505473Z  * [new tag]           v1.8.36         -> v1.8.36
2026-05-14T03:47:49.8505791Z  * [new tag]           v1.8.37         -> v1.8.37
2026-05-14T03:47:49.8506103Z  * [new tag]           v1.8.38         -> v1.8.38
2026-05-14T03:47:49.8506406Z  * [new tag]           v1.8.39         -> v1.8.39
2026-05-14T03:47:49.8506722Z  * [new tag]           v1.8.4          -> v1.8.4
2026-05-14T03:47:49.8507035Z  * [new tag]           v1.8.40         -> v1.8.40
2026-05-14T03:47:49.8507480Z  * [new tag]           v1.8.41         -> v1.8.41
2026-05-14T03:47:49.8507793Z  * [new tag]           v1.8.42         -> v1.8.42
2026-05-14T03:47:49.8508098Z  * [new tag]           v1.8.43         -> v1.8.43
2026-05-14T03:47:49.8508405Z  * [new tag]           v1.8.44         -> v1.8.44
2026-05-14T03:47:49.8508714Z  * [new tag]           v1.8.45         -> v1.8.45
2026-05-14T03:47:49.8509021Z  * [new tag]           v1.8.46         -> v1.8.46
2026-05-14T03:47:49.8509324Z  * [new tag]           v1.8.47         -> v1.8.47
2026-05-14T03:47:49.8509620Z  * [new tag]           v1.8.48         -> v1.8.48
2026-05-14T03:47:49.8509921Z  * [new tag]           v1.8.49         -> v1.8.49
2026-05-14T03:47:49.8510226Z  * [new tag]           v1.8.5          -> v1.8.5
2026-05-14T03:47:49.8510526Z  * [new tag]           v1.8.50         -> v1.8.50
2026-05-14T03:47:49.8510833Z  * [new tag]           v1.8.51         -> v1.8.51
2026-05-14T03:47:49.8511139Z  * [new tag]           v1.8.52         -> v1.8.52
2026-05-14T03:47:49.8511443Z  * [new tag]           v1.8.53         -> v1.8.53
2026-05-14T03:47:49.8511751Z  * [new tag]           v1.8.54         -> v1.8.54
2026-05-14T03:47:49.8512055Z  * [new tag]           v1.8.6          -> v1.8.6
2026-05-14T03:47:49.8512535Z  * [new tag]           v1.8.7          -> v1.8.7
2026-05-14T03:47:49.8512886Z  * [new tag]           v1.8.8          -> v1.8.8
2026-05-14T03:47:49.8513196Z  * [new tag]           v1.8.9          -> v1.8.9
2026-05-14T03:47:49.8513493Z  * [new tag]           v1.9.1          -> v1.9.1
2026-05-14T03:47:49.8513794Z  * [new tag]           v1.9.10         -> v1.9.10
2026-05-14T03:47:49.8514103Z  * [new tag]           v1.9.11         -> v1.9.11
2026-05-14T03:47:49.8514405Z  * [new tag]           v1.9.12         -> v1.9.12
2026-05-14T03:47:49.8514708Z  * [new tag]           v1.9.13         -> v1.9.13
2026-05-14T03:47:49.8515008Z  * [new tag]           v1.9.14         -> v1.9.14
2026-05-14T03:47:49.8515306Z  * [new tag]           v1.9.15         -> v1.9.15
2026-05-14T03:47:49.8515736Z  * [new tag]           v1.9.16         -> v1.9.16
2026-05-14T03:47:49.8516049Z  * [new tag]           v1.9.18         -> v1.9.18
2026-05-14T03:47:49.8516379Z  * [new tag]           v1.9.19         -> v1.9.19
2026-05-14T03:47:49.8516679Z  * [new tag]           v1.9.2          -> v1.9.2
2026-05-14T03:47:49.8516988Z  * [new tag]           v1.9.20         -> v1.9.20
2026-05-14T03:47:49.8517295Z  * [new tag]           v1.9.21         -> v1.9.21
2026-05-14T03:47:49.8517594Z  * [new tag]           v1.9.22         -> v1.9.22
2026-05-14T03:47:49.8517894Z  * [new tag]           v1.9.23         -> v1.9.23
2026-05-14T03:47:49.8518200Z  * [new tag]           v1.9.24         -> v1.9.24
2026-05-14T03:47:49.8518507Z  * [new tag]           v1.9.3          -> v1.9.3
2026-05-14T03:47:49.8518809Z  * [new tag]           v1.9.4          -> v1.9.4
2026-05-14T03:47:49.8519113Z  * [new tag]           v1.9.5          -> v1.9.5
2026-05-14T03:47:49.8519437Z  * [new tag]           v1.9.6          -> v1.9.6
2026-05-14T03:47:49.8519744Z  * [new tag]           v1.9.7          -> v1.9.7
2026-05-14T03:47:49.8520049Z  * [new tag]           v1.9.8          -> v1.9.8
2026-05-14T03:47:49.8520351Z  * [new tag]           v1.9.9          -> v1.9.9
2026-05-14T03:47:49.8649486Z ##[endgroup]
2026-05-14T03:47:49.8650097Z ##[group]Determining the checkout info
2026-05-14T03:47:49.8656383Z [command]/usr/bin/git branch --list --remote origin/feat/web-medication-clinical-report
2026-05-14T03:47:49.8716854Z [command]/usr/bin/git tag --list feat/web-medication-clinical-report
2026-05-14T03:47:49.8802121Z ##[error]A branch or tag with the name 'feat/web-medication-clinical-report' could not be found
2026-05-14T03:47:49.9086128Z Post job cleanup.
2026-05-14T03:47:49.9927846Z [command]/usr/bin/git version
2026-05-14T03:47:49.9964194Z git version 2.53.0
2026-05-14T03:47:50.0003511Z Temporarily overriding HOME='/home/runner/work/_temp/f1d76e68-e939-4fff-8a70-fbcd909573da' before making global git config changes
2026-05-14T03:47:50.0005130Z Adding repository directory to the temporary git global config as a safe directory
2026-05-14T03:47:50.0009456Z [command]/usr/bin/git config --global --add safe.directory /home/runner/work/prismTask/prismTask
2026-05-14T03:47:50.0040104Z Removing SSH command configuration
2026-05-14T03:47:50.0046262Z [command]/usr/bin/git config --local --name-only --get-regexp core\.sshCommand
2026-05-14T03:47:50.0080014Z [command]/usr/bin/git submodule foreach --recursive sh -c "git config --local --name-only --get-regexp 'core\.sshCommand' && git config --local --unset-all 'core.sshCommand' || :"
2026-05-14T03:47:50.0341468Z Removing HTTP extra header
2026-05-14T03:47:50.0347260Z [command]/usr/bin/git config --local --name-only --get-regexp http\.https\:\/\/github\.com\/\.extraheader
2026-05-14T03:47:50.0384193Z [command]/usr/bin/git submodule foreach --recursive sh -c "git config --local --name-only --get-regexp 'http\.https\:\/\/github\.com\/\.extraheader' && git config --local --unset-all 'http.https://github.com/.extraheader' || :"
2026-05-14T03:47:50.0633494Z Removing includeIf entries pointing to credentials config files
2026-05-14T03:47:50.0642903Z [command]/usr/bin/git config --local --name-only --get-regexp ^includeIf\.gitdir:
2026-05-14T03:47:50.0669818Z includeif.gitdir:/home/runner/work/prismTask/prismTask/.git.path
2026-05-14T03:47:50.0670653Z includeif.gitdir:/home/runner/work/prismTask/prismTask/.git/worktrees/*.path
2026-05-14T03:47:50.0671304Z includeif.gitdir:/github/workspace/.git.path
2026-05-14T03:47:50.0671789Z includeif.gitdir:/github/workspace/.git/worktrees/*.path
2026-05-14T03:47:50.0680417Z [command]/usr/bin/git config --local --get-all includeif.gitdir:/home/runner/work/prismTask/prismTask/.git.path
2026-05-14T03:47:50.0704742Z /home/runner/work/_temp/git-credentials-e3b68696-84dc-4cb3-a047-3145bacdb2df.config
2026-05-14T03:47:50.0718441Z [command]/usr/bin/git config --local --unset includeif.gitdir:/home/runner/work/prismTask/prismTask/.git.path /home/runner/work/_temp/git-credentials-e3b68696-84dc-4cb3-a047-3145bacdb2df.config
2026-05-14T03:47:50.0758199Z [command]/usr/bin/git config --local --get-all includeif.gitdir:/home/runner/work/prismTask/prismTask/.git/worktrees/*.path
2026-05-14T03:47:50.0783796Z /home/runner/work/_temp/git-credentials-e3b68696-84dc-4cb3-a047-3145bacdb2df.config
2026-05-14T03:47:50.0796631Z [command]/usr/bin/git config --local --unset includeif.gitdir:/home/runner/work/prismTask/prismTask/.git/worktrees/*.path /home/runner/work/_temp/git-credentials-e3b68696-84dc-4cb3-a047-3145bacdb2df.config
2026-05-14T03:47:50.0834395Z [command]/usr/bin/git config --local --get-all includeif.gitdir:/github/workspace/.git.path
2026-05-14T03:47:50.0858914Z /github/runner_temp/git-credentials-e3b68696-84dc-4cb3-a047-3145bacdb2df.config
2026-05-14T03:47:50.0868078Z [command]/usr/bin/git config --local --unset includeif.gitdir:/github/workspace/.git.path /github/runner_temp/git-credentials-e3b68696-84dc-4cb3-a047-3145bacdb2df.config
2026-05-14T03:47:50.0904467Z [command]/usr/bin/git config --local --get-all includeif.gitdir:/github/workspace/.git/worktrees/*.path
2026-05-14T03:47:50.0928142Z /github/runner_temp/git-credentials-e3b68696-84dc-4cb3-a047-3145bacdb2df.config
2026-05-14T03:47:50.0939753Z [command]/usr/bin/git config --local --unset includeif.gitdir:/github/workspace/.git/worktrees/*.path /github/runner_temp/git-credentials-e3b68696-84dc-4cb3-a047-3145bacdb2df.config
2026-05-14T03:47:50.0977334Z [command]/usr/bin/git submodule foreach --recursive git config --local --show-origin --name-only --get-regexp remote.origin.url
2026-05-14T03:47:50.1221321Z Removing credentials config '/home/runner/work/_temp/git-credentials-e3b68696-84dc-4cb3-a047-3145bacdb2df.config'
2026-05-14T03:47:50.1390347Z Cleaning up orphan processes
