=== CI FAILURE ===
Workflow:      Android CI
Workflow file: averycorp/prismTask/.github/workflows/android-ci.yml@refs/pull/1354/merge
Job(s):        autofix
Run ID:        25839309724
Run attempt:   1
Run URL:       https://github.com/averycorp/prismTask/actions/runs/25839309724
Commit:        8640cfca4973f0506c73c62cdd9ba4951b5d1c8b
Branch:        1354/merge
Event:         pull_request
Actor:         akarlin3
Runner OS:     Linux
Timestamp:     2026-05-14T03:09:03.402Z

Failed steps:
  - autofix: #2 Run actions/checkout@v6

=== FAILED JOB LOG ===

--- Job: autofix (id 75920995271) ---
2026-05-14T03:08:32.5826228Z Current runner version: '2.334.0'
2026-05-14T03:08:32.5849603Z ##[group]Runner Image Provisioner
2026-05-14T03:08:32.5850310Z Hosted Compute Agent
2026-05-14T03:08:32.5850848Z Version: 20260213.493
2026-05-14T03:08:32.5851502Z Commit: 5c115507f6dd24b8de37d8bbe0bb4509d0cc0fa3
2026-05-14T03:08:32.5852113Z Build Date: 2026-02-13T00:28:41Z
2026-05-14T03:08:32.5852712Z Worker ID: {f018b52a-d615-46db-949a-9488ac743cad}
2026-05-14T03:08:32.5853376Z Azure Region: northcentralus
2026-05-14T03:08:32.5853933Z ##[endgroup]
2026-05-14T03:08:32.5855439Z ##[group]Operating System
2026-05-14T03:08:32.5856007Z Ubuntu
2026-05-14T03:08:32.5856448Z 24.04.4
2026-05-14T03:08:32.5856840Z LTS
2026-05-14T03:08:32.5857299Z ##[endgroup]
2026-05-14T03:08:32.5857813Z ##[group]Runner Image
2026-05-14T03:08:32.5858307Z Image: ubuntu-24.04
2026-05-14T03:08:32.5858824Z Version: 20260413.86.1
2026-05-14T03:08:32.5859877Z Included Software: https://github.com/actions/runner-images/blob/ubuntu24/20260413.86/images/ubuntu/Ubuntu2404-Readme.md
2026-05-14T03:08:32.5861182Z Image Release: https://github.com/actions/runner-images/releases/tag/ubuntu24%2F20260413.86
2026-05-14T03:08:32.5861962Z ##[endgroup]
2026-05-14T03:08:32.5863168Z ##[group]GITHUB_TOKEN Permissions
2026-05-14T03:08:32.5865009Z Actions: read
2026-05-14T03:08:32.5865786Z Checks: read
2026-05-14T03:08:32.5866296Z Contents: write
2026-05-14T03:08:32.5866726Z Metadata: read
2026-05-14T03:08:32.5867227Z PullRequests: read
2026-05-14T03:08:32.5867677Z ##[endgroup]
2026-05-14T03:08:32.5869676Z Secret source: Actions
2026-05-14T03:08:32.5870301Z Prepare workflow directory
2026-05-14T03:08:32.6276389Z Prepare all required actions
2026-05-14T03:08:32.6333834Z Getting action download info
2026-05-14T03:08:33.0165955Z Download action repository 'actions/checkout@v6' (SHA:de0fac2e4500dabe0009e67214ff5f5447ce83dd)
2026-05-14T03:08:33.1592244Z Download action repository 'dorny/paths-filter@v4' (SHA:fbd0ab8f3e69293af611ebaee6363fc25e6d187d)
2026-05-14T03:08:33.3870734Z Download action repository 'actions/cache@v5' (SHA:27d5ce7f107fe9357f9df03efb73ab90386fccae)
2026-05-14T03:08:34.0236932Z Complete job name: autofix
2026-05-14T03:08:34.1280126Z ##[group]Run actions/checkout@v6
2026-05-14T03:08:34.1281336Z with:
2026-05-14T03:08:34.1283131Z   token: ***
2026-05-14T03:08:34.1283943Z   ref: feat/web-wellness-today-balance-bar
2026-05-14T03:08:34.1284914Z   fetch-depth: 0
2026-05-14T03:08:34.1285901Z   repository: averycorp/prismTask
2026-05-14T03:08:34.1286793Z   ssh-strict: true
2026-05-14T03:08:34.1287513Z   ssh-user: git
2026-05-14T03:08:34.1288272Z   persist-credentials: true
2026-05-14T03:08:34.1289084Z   clean: true
2026-05-14T03:08:34.1289843Z   sparse-checkout-cone-mode: true
2026-05-14T03:08:34.1290753Z   fetch-tags: false
2026-05-14T03:08:34.1291495Z   show-progress: true
2026-05-14T03:08:34.1292248Z   lfs: false
2026-05-14T03:08:34.1292927Z   submodules: false
2026-05-14T03:08:34.1293694Z   set-safe-directory: true
2026-05-14T03:08:34.1294792Z ##[endgroup]
2026-05-14T03:08:34.2315908Z Syncing repository: averycorp/prismTask
2026-05-14T03:08:34.2318484Z ##[group]Getting Git version info
2026-05-14T03:08:34.2319789Z Working directory is '/home/runner/work/prismTask/prismTask'
2026-05-14T03:08:34.2321544Z [command]/usr/bin/git version
2026-05-14T03:08:34.2348182Z git version 2.53.0
2026-05-14T03:08:34.2368923Z ##[endgroup]
2026-05-14T03:08:34.2382246Z Temporarily overriding HOME='/home/runner/work/_temp/89ebb02c-b30f-42b3-a2c3-9a1d5abe0790' before making global git config changes
2026-05-14T03:08:34.2384668Z Adding repository directory to the temporary git global config as a safe directory
2026-05-14T03:08:34.2387124Z [command]/usr/bin/git config --global --add safe.directory /home/runner/work/prismTask/prismTask
2026-05-14T03:08:34.2416814Z Deleting the contents of '/home/runner/work/prismTask/prismTask'
2026-05-14T03:08:34.2420273Z ##[group]Initializing the repository
2026-05-14T03:08:34.2424515Z [command]/usr/bin/git init /home/runner/work/prismTask/prismTask
2026-05-14T03:08:34.2510419Z hint: Using 'master' as the name for the initial branch. This default branch name
2026-05-14T03:08:34.2514452Z hint: will change to "main" in Git 3.0. To configure the initial branch name
2026-05-14T03:08:34.2518479Z hint: to use in all of your new repositories, which will suppress this warning,
2026-05-14T03:08:34.2520650Z hint: call:
2026-05-14T03:08:34.2522030Z hint:
2026-05-14T03:08:34.2523440Z hint: 	git config --global init.defaultBranch <name>
2026-05-14T03:08:34.2525355Z hint:
2026-05-14T03:08:34.2527148Z hint: Names commonly chosen instead of 'master' are 'main', 'trunk' and
2026-05-14T03:08:34.2529366Z hint: 'development'. The just-created branch can be renamed via this command:
2026-05-14T03:08:34.2530662Z hint:
2026-05-14T03:08:34.2531369Z hint: 	git branch -m <name>
2026-05-14T03:08:34.2532179Z hint:
2026-05-14T03:08:34.2533938Z hint: Disable this message with "git config set advice.defaultBranchName false"
2026-05-14T03:08:34.2536546Z Initialized empty Git repository in /home/runner/work/prismTask/prismTask/.git/
2026-05-14T03:08:34.2539451Z [command]/usr/bin/git remote add origin https://github.com/averycorp/prismTask
2026-05-14T03:08:34.2550676Z ##[endgroup]
2026-05-14T03:08:34.2552185Z ##[group]Disabling automatic garbage collection
2026-05-14T03:08:34.2553477Z [command]/usr/bin/git config --local gc.auto 0
2026-05-14T03:08:34.2578854Z ##[endgroup]
2026-05-14T03:08:34.2580360Z ##[group]Setting up auth
2026-05-14T03:08:34.2581254Z Removing SSH command configuration
2026-05-14T03:08:34.2583397Z [command]/usr/bin/git config --local --name-only --get-regexp core\.sshCommand
2026-05-14T03:08:34.2608665Z [command]/usr/bin/git submodule foreach --recursive sh -c "git config --local --name-only --get-regexp 'core\.sshCommand' && git config --local --unset-all 'core.sshCommand' || :"
2026-05-14T03:08:34.2851518Z Removing HTTP extra header
2026-05-14T03:08:34.2858480Z [command]/usr/bin/git config --local --name-only --get-regexp http\.https\:\/\/github\.com\/\.extraheader
2026-05-14T03:08:34.2884915Z [command]/usr/bin/git submodule foreach --recursive sh -c "git config --local --name-only --get-regexp 'http\.https\:\/\/github\.com\/\.extraheader' && git config --local --unset-all 'http.https://github.com/.extraheader' || :"
2026-05-14T03:08:34.3045963Z Removing includeIf entries pointing to credentials config files
2026-05-14T03:08:34.3050980Z [command]/usr/bin/git config --local --name-only --get-regexp ^includeIf\.gitdir:
2026-05-14T03:08:34.3076302Z [command]/usr/bin/git submodule foreach --recursive git config --local --show-origin --name-only --get-regexp remote.origin.url
2026-05-14T03:08:34.3247985Z [command]/usr/bin/git config --file /home/runner/work/_temp/git-credentials-ebb308c8-9f0b-4285-8cf6-39a34ee9fcd0.config http.https://github.com/.extraheader AUTHORIZATION: basic ***
2026-05-14T03:08:34.3280130Z [command]/usr/bin/git config --local includeIf.gitdir:/home/runner/work/prismTask/prismTask/.git.path /home/runner/work/_temp/git-credentials-ebb308c8-9f0b-4285-8cf6-39a34ee9fcd0.config
2026-05-14T03:08:34.3305956Z [command]/usr/bin/git config --local includeIf.gitdir:/home/runner/work/prismTask/prismTask/.git/worktrees/*.path /home/runner/work/_temp/git-credentials-ebb308c8-9f0b-4285-8cf6-39a34ee9fcd0.config
2026-05-14T03:08:34.3329271Z [command]/usr/bin/git config --local includeIf.gitdir:/github/workspace/.git.path /github/runner_temp/git-credentials-ebb308c8-9f0b-4285-8cf6-39a34ee9fcd0.config
2026-05-14T03:08:34.3354021Z [command]/usr/bin/git config --local includeIf.gitdir:/github/workspace/.git/worktrees/*.path /github/runner_temp/git-credentials-ebb308c8-9f0b-4285-8cf6-39a34ee9fcd0.config
2026-05-14T03:08:34.3382162Z ##[endgroup]
2026-05-14T03:08:34.3383423Z ##[group]Fetching the repository
2026-05-14T03:08:34.3390618Z [command]/usr/bin/git -c protocol.version=2 fetch --no-tags --prune --no-recurse-submodules origin +refs/heads/*:refs/remotes/origin/* +refs/tags/*:refs/tags/*
2026-05-14T03:08:54.9192200Z From https://github.com/averycorp/prismTask
2026-05-14T03:08:54.9193116Z  * [new branch]        ci-logs         -> origin/ci-logs
2026-05-14T03:08:54.9194533Z  * [new branch]        feat/web-leisure-today-row -> origin/feat/web-leisure-today-row
2026-05-14T03:08:54.9195737Z  * [new branch]        feat/web-wellness-self-care-burnout -> origin/feat/web-wellness-self-care-burnout
2026-05-14T03:08:54.9196579Z  * [new branch]        main            -> origin/main
2026-05-14T03:08:54.9196998Z  * [new branch]        v0.1.0-legacy   -> origin/v0.1.0-legacy
2026-05-14T03:08:54.9197440Z  * [new branch]        v0.2.0-legacy   -> origin/v0.2.0-legacy
2026-05-14T03:08:54.9197986Z  * [new branch]        v0.3.0-legacy   -> origin/v0.3.0-legacy
2026-05-14T03:08:54.9198397Z  * [new branch]        v0.4.0-legacy   -> origin/v0.4.0-legacy
2026-05-14T03:08:54.9198929Z  * [new branch]        v0.5.0-legacy   -> origin/v0.5.0-legacy
2026-05-14T03:08:54.9199453Z  * [new branch]        v0.6.0-legacy   -> origin/v0.6.0-legacy
2026-05-14T03:08:54.9199983Z  * [new branch]        v0.7.0-legacy   -> origin/v0.7.0-legacy
2026-05-14T03:08:54.9200982Z  * [new branch]        worktree-course-name-only -> origin/worktree-course-name-only
2026-05-14T03:08:54.9202027Z  * [new branch]        worktree-leisure-categories-removable -> origin/worktree-leisure-categories-removable
2026-05-14T03:08:54.9203203Z  * [new branch]        worktree-recheck-recurring -> origin/worktree-recheck-recurring
2026-05-14T03:08:54.9204847Z  * [new branch]        worktree-remove-leisure-minimum-from-daily-essentials -> origin/worktree-remove-leisure-minimum-from-daily-essentials
2026-05-14T03:08:54.9206291Z  * [new tag]           v0.1.0          -> v0.1.0
2026-05-14T03:08:54.9206865Z  * [new tag]           v0.2.0          -> v0.2.0
2026-05-14T03:08:54.9207452Z  * [new tag]           v0.3.0          -> v0.3.0
2026-05-14T03:08:54.9208051Z  * [new tag]           v0.4.0          -> v0.4.0
2026-05-14T03:08:54.9208680Z  * [new tag]           v0.5.0          -> v0.5.0
2026-05-14T03:08:54.9209256Z  * [new tag]           v0.7.0          -> v0.7.0
2026-05-14T03:08:54.9209889Z  * [new tag]           v0.7.12         -> v0.7.12
2026-05-14T03:08:54.9210531Z  * [new tag]           v0.7.13         -> v0.7.13
2026-05-14T03:08:54.9211467Z  * [new tag]           v0.7.14         -> v0.7.14
2026-05-14T03:08:54.9212112Z  * [new tag]           v0.7.15         -> v0.7.15
2026-05-14T03:08:54.9212727Z  * [new tag]           v0.7.16         -> v0.7.16
2026-05-14T03:08:54.9213339Z  * [new tag]           v0.7.17         -> v0.7.17
2026-05-14T03:08:54.9213987Z  * [new tag]           v0.7.17-build.2 -> v0.7.17-build.2
2026-05-14T03:08:54.9214735Z  * [new tag]           v0.7.17-build.3 -> v0.7.17-build.3
2026-05-14T03:08:54.9215610Z  * [new tag]           v0.7.17-build.4 -> v0.7.17-build.4
2026-05-14T03:08:54.9216235Z  * [new tag]           v0.7.17-build.5 -> v0.7.17-build.5
2026-05-14T03:08:54.9216874Z  * [new tag]           v0.7.17-build.6 -> v0.7.17-build.6
2026-05-14T03:08:54.9217532Z  * [new tag]           v0.7.17-build.7 -> v0.7.17-build.7
2026-05-14T03:08:54.9218164Z  * [new tag]           v0.7.17-build.8 -> v0.7.17-build.8
2026-05-14T03:08:54.9218851Z  * [new tag]           v0.7.17-build.9 -> v0.7.17-build.9
2026-05-14T03:08:54.9219480Z  * [new tag]           v0.7.18         -> v0.7.18
2026-05-14T03:08:54.9220109Z  * [new tag]           v0.7.18-build.2 -> v0.7.18-build.2
2026-05-14T03:08:54.9220795Z  * [new tag]           v0.7.18-build.3 -> v0.7.18-build.3
2026-05-14T03:08:54.9221460Z  * [new tag]           v0.7.18-build.4 -> v0.7.18-build.4
2026-05-14T03:08:54.9222180Z  * [new tag]           v0.7.19         -> v0.7.19
2026-05-14T03:08:54.9222741Z  * [new tag]           v0.7.19-build.2 -> v0.7.19-build.2
2026-05-14T03:08:54.9223267Z  * [new tag]           v0.7.20         -> v0.7.20
2026-05-14T03:08:54.9223812Z  * [new tag]           v0.7.20-build.2 -> v0.7.20-build.2
2026-05-14T03:08:54.9224418Z  * [new tag]           v0.7.20-build.3 -> v0.7.20-build.3
2026-05-14T03:08:54.9224963Z  * [new tag]           v0.7.20-build.4 -> v0.7.20-build.4
2026-05-14T03:08:54.9225701Z  * [new tag]           v0.8.0          -> v0.8.0
2026-05-14T03:08:54.9226591Z  * [new tag]           v0.8.0-build.2  -> v0.8.0-build.2
2026-05-14T03:08:54.9227134Z  * [new tag]           v0.8.1          -> v0.8.1
2026-05-14T03:08:54.9227692Z  * [new tag]           v0.8.10         -> v0.8.10
2026-05-14T03:08:54.9228220Z  * [new tag]           v0.8.11         -> v0.8.11
2026-05-14T03:08:54.9228775Z  * [new tag]           v0.8.12         -> v0.8.12
2026-05-14T03:08:54.9229365Z  * [new tag]           v0.8.13         -> v0.8.13
2026-05-14T03:08:54.9229965Z  * [new tag]           v0.8.14         -> v0.8.14
2026-05-14T03:08:54.9230545Z  * [new tag]           v0.8.15         -> v0.8.15
2026-05-14T03:08:54.9231146Z  * [new tag]           v0.8.2          -> v0.8.2
2026-05-14T03:08:54.9231703Z  * [new tag]           v0.8.3          -> v0.8.3
2026-05-14T03:08:54.9232236Z  * [new tag]           v0.8.4          -> v0.8.4
2026-05-14T03:08:54.9232782Z  * [new tag]           v0.8.5          -> v0.8.5
2026-05-14T03:08:54.9233314Z  * [new tag]           v0.8.6          -> v0.8.6
2026-05-14T03:08:54.9233885Z  * [new tag]           v0.8.7          -> v0.8.7
2026-05-14T03:08:54.9234439Z  * [new tag]           v0.8.8          -> v0.8.8
2026-05-14T03:08:54.9235020Z  * [new tag]           v0.8.9          -> v0.8.9
2026-05-14T03:08:54.9235691Z  * [new tag]           v0.9.1          -> v0.9.1
2026-05-14T03:08:54.9236281Z  * [new tag]           v0.9.2          -> v0.9.2
2026-05-14T03:08:54.9236880Z  * [new tag]           v1.0.1          -> v1.0.1
2026-05-14T03:08:54.9237532Z  * [new tag]           v1.0.10         -> v1.0.10
2026-05-14T03:08:54.9238081Z  * [new tag]           v1.0.11         -> v1.0.11
2026-05-14T03:08:54.9238633Z  * [new tag]           v1.0.12         -> v1.0.12
2026-05-14T03:08:54.9239199Z  * [new tag]           v1.0.13         -> v1.0.13
2026-05-14T03:08:54.9239798Z  * [new tag]           v1.0.2          -> v1.0.2
2026-05-14T03:08:54.9240363Z  * [new tag]           v1.0.3          -> v1.0.3
2026-05-14T03:08:54.9240954Z  * [new tag]           v1.0.4          -> v1.0.4
2026-05-14T03:08:54.9241593Z  * [new tag]           v1.0.5          -> v1.0.5
2026-05-14T03:08:54.9242414Z  * [new tag]           v1.0.6          -> v1.0.6
2026-05-14T03:08:54.9243035Z  * [new tag]           v1.0.7          -> v1.0.7
2026-05-14T03:08:54.9243650Z  * [new tag]           v1.0.8          -> v1.0.8
2026-05-14T03:08:54.9244233Z  * [new tag]           v1.0.9          -> v1.0.9
2026-05-14T03:08:54.9244850Z  * [new tag]           v1.1.1          -> v1.1.1
2026-05-14T03:08:54.9245672Z  * [new tag]           v1.1.1-build.2  -> v1.1.1-build.2
2026-05-14T03:08:54.9246365Z  * [new tag]           v1.1.1-build.3  -> v1.1.1-build.3
2026-05-14T03:08:54.9247026Z  * [new tag]           v1.1.1-build.4  -> v1.1.1-build.4
2026-05-14T03:08:54.9247665Z  * [new tag]           v1.1.10         -> v1.1.10
2026-05-14T03:08:54.9248266Z  * [new tag]           v1.1.11         -> v1.1.11
2026-05-14T03:08:54.9248903Z  * [new tag]           v1.1.12         -> v1.1.12
2026-05-14T03:08:54.9249528Z  * [new tag]           v1.1.2          -> v1.1.2
2026-05-14T03:08:54.9250188Z  * [new tag]           v1.1.3          -> v1.1.3
2026-05-14T03:08:54.9250741Z  * [new tag]           v1.1.4          -> v1.1.4
2026-05-14T03:08:54.9251337Z  * [new tag]           v1.1.5          -> v1.1.5
2026-05-14T03:08:54.9251937Z  * [new tag]           v1.1.6          -> v1.1.6
2026-05-14T03:08:54.9252523Z  * [new tag]           v1.1.7          -> v1.1.7
2026-05-14T03:08:54.9253054Z  * [new tag]           v1.1.8          -> v1.1.8
2026-05-14T03:08:54.9253606Z  * [new tag]           v1.1.9          -> v1.1.9
2026-05-14T03:08:54.9254159Z  * [new tag]           v1.3.0          -> v1.3.0
2026-05-14T03:08:54.9254751Z  * [new tag]           v1.3.1          -> v1.3.1
2026-05-14T03:08:54.9255619Z  * [new tag]           v1.3.10         -> v1.3.10
2026-05-14T03:08:54.9256241Z  * [new tag]           v1.3.11         -> v1.3.11
2026-05-14T03:08:54.9256813Z  * [new tag]           v1.3.11-build.2 -> v1.3.11-build.2
2026-05-14T03:08:54.9257279Z  * [new tag]           v1.3.12         -> v1.3.12
2026-05-14T03:08:54.9257943Z  * [new tag]           v1.3.13         -> v1.3.13
2026-05-14T03:08:54.9258490Z  * [new tag]           v1.3.13-build.2 -> v1.3.13-build.2
2026-05-14T03:08:54.9259118Z  * [new tag]           v1.3.14         -> v1.3.14
2026-05-14T03:08:54.9259723Z  * [new tag]           v1.3.15         -> v1.3.15
2026-05-14T03:08:54.9260325Z  * [new tag]           v1.3.16         -> v1.3.16
2026-05-14T03:08:54.9260938Z  * [new tag]           v1.3.17         -> v1.3.17
2026-05-14T03:08:54.9261545Z  * [new tag]           v1.3.18         -> v1.3.18
2026-05-14T03:08:54.9262138Z  * [new tag]           v1.3.19         -> v1.3.19
2026-05-14T03:08:54.9262766Z  * [new tag]           v1.3.2          -> v1.3.2
2026-05-14T03:08:54.9263361Z  * [new tag]           v1.3.20         -> v1.3.20
2026-05-14T03:08:54.9263956Z  * [new tag]           v1.3.21         -> v1.3.21
2026-05-14T03:08:54.9264696Z  * [new tag]           v1.3.22         -> v1.3.22
2026-05-14T03:08:54.9268590Z  * [new tag]           v1.3.23         -> v1.3.23
2026-05-14T03:08:54.9269268Z  * [new tag]           v1.3.24         -> v1.3.24
2026-05-14T03:08:54.9269727Z  * [new tag]           v1.3.25         -> v1.3.25
2026-05-14T03:08:54.9270308Z  * [new tag]           v1.3.26         -> v1.3.26
2026-05-14T03:08:54.9270909Z  * [new tag]           v1.3.27         -> v1.3.27
2026-05-14T03:08:54.9271527Z  * [new tag]           v1.3.28         -> v1.3.28
2026-05-14T03:08:54.9271909Z  * [new tag]           v1.3.29         -> v1.3.29
2026-05-14T03:08:54.9272243Z  * [new tag]           v1.3.3          -> v1.3.3
2026-05-14T03:08:54.9272595Z  * [new tag]           v1.3.30         -> v1.3.30
2026-05-14T03:08:54.9272944Z  * [new tag]           v1.3.31         -> v1.3.31
2026-05-14T03:08:54.9273274Z  * [new tag]           v1.3.32         -> v1.3.32
2026-05-14T03:08:54.9273618Z  * [new tag]           v1.3.33         -> v1.3.33
2026-05-14T03:08:54.9273965Z  * [new tag]           v1.3.34         -> v1.3.34
2026-05-14T03:08:54.9274296Z  * [new tag]           v1.3.35         -> v1.3.35
2026-05-14T03:08:54.9274658Z  * [new tag]           v1.3.36         -> v1.3.36
2026-05-14T03:08:54.9275394Z  * [new tag]           v1.3.37         -> v1.3.37
2026-05-14T03:08:54.9275750Z  * [new tag]           v1.3.38         -> v1.3.38
2026-05-14T03:08:54.9276100Z  * [new tag]           v1.3.39         -> v1.3.39
2026-05-14T03:08:54.9276447Z  * [new tag]           v1.3.4          -> v1.3.4
2026-05-14T03:08:54.9276780Z  * [new tag]           v1.3.40         -> v1.3.40
2026-05-14T03:08:54.9277143Z  * [new tag]           v1.3.41         -> v1.3.41
2026-05-14T03:08:54.9277488Z  * [new tag]           v1.3.42         -> v1.3.42
2026-05-14T03:08:54.9277836Z  * [new tag]           v1.3.43         -> v1.3.43
2026-05-14T03:08:54.9278171Z  * [new tag]           v1.3.44         -> v1.3.44
2026-05-14T03:08:54.9278519Z  * [new tag]           v1.3.45         -> v1.3.45
2026-05-14T03:08:54.9278869Z  * [new tag]           v1.3.46         -> v1.3.46
2026-05-14T03:08:54.9279199Z  * [new tag]           v1.3.47         -> v1.3.47
2026-05-14T03:08:54.9279551Z  * [new tag]           v1.3.48         -> v1.3.48
2026-05-14T03:08:54.9279900Z  * [new tag]           v1.3.49         -> v1.3.49
2026-05-14T03:08:54.9280229Z  * [new tag]           v1.3.5          -> v1.3.5
2026-05-14T03:08:54.9280595Z  * [new tag]           v1.3.5-build.2  -> v1.3.5-build.2
2026-05-14T03:08:54.9280962Z  * [new tag]           v1.3.50         -> v1.3.50
2026-05-14T03:08:54.9281292Z  * [new tag]           v1.3.51         -> v1.3.51
2026-05-14T03:08:54.9281635Z  * [new tag]           v1.3.52         -> v1.3.52
2026-05-14T03:08:54.9281981Z  * [new tag]           v1.3.53         -> v1.3.53
2026-05-14T03:08:54.9282326Z  * [new tag]           v1.3.54         -> v1.3.54
2026-05-14T03:08:54.9282654Z  * [new tag]           v1.3.55         -> v1.3.55
2026-05-14T03:08:54.9283001Z  * [new tag]           v1.3.56         -> v1.3.56
2026-05-14T03:08:54.9283347Z  * [new tag]           v1.3.57         -> v1.3.57
2026-05-14T03:08:54.9283677Z  * [new tag]           v1.3.58         -> v1.3.58
2026-05-14T03:08:54.9284119Z  * [new tag]           v1.3.59         -> v1.3.59
2026-05-14T03:08:54.9284463Z  * [new tag]           v1.3.6          -> v1.3.6
2026-05-14T03:08:54.9284793Z  * [new tag]           v1.3.60         -> v1.3.60
2026-05-14T03:08:54.9285224Z  * [new tag]           v1.3.61         -> v1.3.61
2026-05-14T03:08:54.9285577Z  * [new tag]           v1.3.62         -> v1.3.62
2026-05-14T03:08:54.9285909Z  * [new tag]           v1.3.7          -> v1.3.7
2026-05-14T03:08:54.9286258Z  * [new tag]           v1.3.8          -> v1.3.8
2026-05-14T03:08:54.9286603Z  * [new tag]           v1.3.9          -> v1.3.9
2026-05-14T03:08:54.9286937Z  * [new tag]           v1.4.40         -> v1.4.40
2026-05-14T03:08:54.9287288Z  * [new tag]           v1.5.0          -> v1.5.0
2026-05-14T03:08:54.9287630Z  * [new tag]           v1.5.2          -> v1.5.2
2026-05-14T03:08:54.9287969Z  * [new tag]           v1.5.3          -> v1.5.3
2026-05-14T03:08:54.9288292Z  * [new tag]           v1.6.0          -> v1.6.0
2026-05-14T03:08:54.9288635Z  * [new tag]           v1.7.0          -> v1.7.0
2026-05-14T03:08:54.9288980Z  * [new tag]           v1.7.37         -> v1.7.37
2026-05-14T03:08:54.9289310Z  * [new tag]           v1.7.38         -> v1.7.38
2026-05-14T03:08:54.9289654Z  * [new tag]           v1.7.39         -> v1.7.39
2026-05-14T03:08:54.9289995Z  * [new tag]           v1.7.40         -> v1.7.40
2026-05-14T03:08:54.9290319Z  * [new tag]           v1.7.41         -> v1.7.41
2026-05-14T03:08:54.9290657Z  * [new tag]           v1.7.42         -> v1.7.42
2026-05-14T03:08:54.9291002Z  * [new tag]           v1.7.43         -> v1.7.43
2026-05-14T03:08:54.9291330Z  * [new tag]           v1.7.44         -> v1.7.44
2026-05-14T03:08:54.9291671Z  * [new tag]           v1.7.45         -> v1.7.45
2026-05-14T03:08:54.9292003Z  * [new tag]           v1.7.46         -> v1.7.46
2026-05-14T03:08:54.9292325Z  * [new tag]           v1.7.47         -> v1.7.47
2026-05-14T03:08:54.9292663Z  * [new tag]           v1.7.48         -> v1.7.48
2026-05-14T03:08:54.9293097Z  * [new tag]           v1.7.49         -> v1.7.49
2026-05-14T03:08:54.9293437Z  * [new tag]           v1.7.50         -> v1.7.50
2026-05-14T03:08:54.9293760Z  * [new tag]           v1.7.51         -> v1.7.51
2026-05-14T03:08:54.9294101Z  * [new tag]           v1.7.52         -> v1.7.52
2026-05-14T03:08:54.9294440Z  * [new tag]           v1.7.53         -> v1.7.53
2026-05-14T03:08:54.9294764Z  * [new tag]           v1.7.54         -> v1.7.54
2026-05-14T03:08:54.9295218Z  * [new tag]           v1.7.55         -> v1.7.55
2026-05-14T03:08:54.9295569Z  * [new tag]           v1.7.56         -> v1.7.56
2026-05-14T03:08:54.9295896Z  * [new tag]           v1.7.57         -> v1.7.57
2026-05-14T03:08:54.9296240Z  * [new tag]           v1.7.58         -> v1.7.58
2026-05-14T03:08:54.9296584Z  * [new tag]           v1.7.59         -> v1.7.59
2026-05-14T03:08:54.9296908Z  * [new tag]           v1.7.60         -> v1.7.60
2026-05-14T03:08:54.9297249Z  * [new tag]           v1.7.61         -> v1.7.61
2026-05-14T03:08:54.9297645Z  * [new tag]           v1.7.62         -> v1.7.62
2026-05-14T03:08:54.9297963Z  * [new tag]           v1.7.63         -> v1.7.63
2026-05-14T03:08:54.9298298Z  * [new tag]           v1.7.64         -> v1.7.64
2026-05-14T03:08:54.9298657Z  * [new tag]           v1.7.65         -> v1.7.65
2026-05-14T03:08:54.9299001Z  * [new tag]           v1.7.66         -> v1.7.66
2026-05-14T03:08:54.9299340Z  * [new tag]           v1.7.67         -> v1.7.67
2026-05-14T03:08:54.9299661Z  * [new tag]           v1.7.68         -> v1.7.68
2026-05-14T03:08:54.9300001Z  * [new tag]           v1.7.69         -> v1.7.69
2026-05-14T03:08:54.9300338Z  * [new tag]           v1.7.70         -> v1.7.70
2026-05-14T03:08:54.9300678Z  * [new tag]           v1.7.71         -> v1.7.71
2026-05-14T03:08:54.9301003Z  * [new tag]           v1.7.72         -> v1.7.72
2026-05-14T03:08:54.9301338Z  * [new tag]           v1.7.73         -> v1.7.73
2026-05-14T03:08:54.9301678Z  * [new tag]           v1.7.74         -> v1.7.74
2026-05-14T03:08:54.9302161Z  * [new tag]           v1.7.75         -> v1.7.75
2026-05-14T03:08:54.9302500Z  * [new tag]           v1.7.76         -> v1.7.76
2026-05-14T03:08:54.9302844Z  * [new tag]           v1.7.77         -> v1.7.77
2026-05-14T03:08:54.9303169Z  * [new tag]           v1.7.78         -> v1.7.78
2026-05-14T03:08:54.9303505Z  * [new tag]           v1.7.79         -> v1.7.79
2026-05-14T03:08:54.9303846Z  * [new tag]           v1.7.80         -> v1.7.80
2026-05-14T03:08:54.9304166Z  * [new tag]           v1.7.81         -> v1.7.81
2026-05-14T03:08:54.9304510Z  * [new tag]           v1.7.82         -> v1.7.82
2026-05-14T03:08:54.9304851Z  * [new tag]           v1.7.83         -> v1.7.83
2026-05-14T03:08:54.9305244Z  * [new tag]           v1.7.84         -> v1.7.84
2026-05-14T03:08:54.9305586Z  * [new tag]           v1.7.85         -> v1.7.85
2026-05-14T03:08:54.9305928Z  * [new tag]           v1.7.86         -> v1.7.86
2026-05-14T03:08:54.9306264Z  * [new tag]           v1.7.87         -> v1.7.87
2026-05-14T03:08:54.9306598Z  * [new tag]           v1.7.90         -> v1.7.90
2026-05-14T03:08:54.9306945Z  * [new tag]           v1.7.92         -> v1.7.92
2026-05-14T03:08:54.9307285Z  * [new tag]           v1.7.93         -> v1.7.93
2026-05-14T03:08:54.9307609Z  * [new tag]           v1.7.94         -> v1.7.94
2026-05-14T03:08:54.9307951Z  * [new tag]           v1.7.95         -> v1.7.95
2026-05-14T03:08:54.9308291Z  * [new tag]           v1.7.96         -> v1.7.96
2026-05-14T03:08:54.9308614Z  * [new tag]           v1.7.97         -> v1.7.97
2026-05-14T03:08:54.9308952Z  * [new tag]           v1.8.0          -> v1.8.0
2026-05-14T03:08:54.9309297Z  * [new tag]           v1.8.1          -> v1.8.1
2026-05-14T03:08:54.9309621Z  * [new tag]           v1.8.10         -> v1.8.10
2026-05-14T03:08:54.9309965Z  * [new tag]           v1.8.11         -> v1.8.11
2026-05-14T03:08:54.9310306Z  * [new tag]           v1.8.12         -> v1.8.12
2026-05-14T03:08:54.9310634Z  * [new tag]           v1.8.14         -> v1.8.14
2026-05-14T03:08:54.9311055Z  * [new tag]           v1.8.15         -> v1.8.15
2026-05-14T03:08:54.9311395Z  * [new tag]           v1.8.16         -> v1.8.16
2026-05-14T03:08:54.9311735Z  * [new tag]           v1.8.17         -> v1.8.17
2026-05-14T03:08:54.9312063Z  * [new tag]           v1.8.18         -> v1.8.18
2026-05-14T03:08:54.9312398Z  * [new tag]           v1.8.19         -> v1.8.19
2026-05-14T03:08:54.9312738Z  * [new tag]           v1.8.2          -> v1.8.2
2026-05-14T03:08:54.9313065Z  * [new tag]           v1.8.20         -> v1.8.20
2026-05-14T03:08:54.9313403Z  * [new tag]           v1.8.21         -> v1.8.21
2026-05-14T03:08:54.9313738Z  * [new tag]           v1.8.22         -> v1.8.22
2026-05-14T03:08:54.9314062Z  * [new tag]           v1.8.23         -> v1.8.23
2026-05-14T03:08:54.9314401Z  * [new tag]           v1.8.24         -> v1.8.24
2026-05-14T03:08:54.9314742Z  * [new tag]           v1.8.25         -> v1.8.25
2026-05-14T03:08:54.9315197Z  * [new tag]           v1.8.26         -> v1.8.26
2026-05-14T03:08:54.9315591Z  * [new tag]           v1.8.27         -> v1.8.27
2026-05-14T03:08:54.9315937Z  * [new tag]           v1.8.28         -> v1.8.28
2026-05-14T03:08:54.9316263Z  * [new tag]           v1.8.29         -> v1.8.29
2026-05-14T03:08:54.9316600Z  * [new tag]           v1.8.3          -> v1.8.3
2026-05-14T03:08:54.9316943Z  * [new tag]           v1.8.30         -> v1.8.30
2026-05-14T03:08:54.9317280Z  * [new tag]           v1.8.31         -> v1.8.31
2026-05-14T03:08:54.9317604Z  * [new tag]           v1.8.32         -> v1.8.32
2026-05-14T03:08:54.9317943Z  * [new tag]           v1.8.33         -> v1.8.33
2026-05-14T03:08:54.9318281Z  * [new tag]           v1.8.34         -> v1.8.34
2026-05-14T03:08:54.9318604Z  * [new tag]           v1.8.35         -> v1.8.35
2026-05-14T03:08:54.9318951Z  * [new tag]           v1.8.36         -> v1.8.36
2026-05-14T03:08:54.9319289Z  * [new tag]           v1.8.37         -> v1.8.37
2026-05-14T03:08:54.9319713Z  * [new tag]           v1.8.38         -> v1.8.38
2026-05-14T03:08:54.9320062Z  * [new tag]           v1.8.39         -> v1.8.39
2026-05-14T03:08:54.9320400Z  * [new tag]           v1.8.4          -> v1.8.4
2026-05-14T03:08:54.9320721Z  * [new tag]           v1.8.40         -> v1.8.40
2026-05-14T03:08:54.9321059Z  * [new tag]           v1.8.41         -> v1.8.41
2026-05-14T03:08:54.9321395Z  * [new tag]           v1.8.42         -> v1.8.42
2026-05-14T03:08:54.9321718Z  * [new tag]           v1.8.43         -> v1.8.43
2026-05-14T03:08:54.9322058Z  * [new tag]           v1.8.44         -> v1.8.44
2026-05-14T03:08:54.9322395Z  * [new tag]           v1.8.45         -> v1.8.45
2026-05-14T03:08:54.9322737Z  * [new tag]           v1.8.46         -> v1.8.46
2026-05-14T03:08:54.9323066Z  * [new tag]           v1.8.47         -> v1.8.47
2026-05-14T03:08:54.9323402Z  * [new tag]           v1.8.48         -> v1.8.48
2026-05-14T03:08:54.9323744Z  * [new tag]           v1.8.49         -> v1.8.49
2026-05-14T03:08:54.9324072Z  * [new tag]           v1.8.5          -> v1.8.5
2026-05-14T03:08:54.9324420Z  * [new tag]           v1.8.50         -> v1.8.50
2026-05-14T03:08:54.9324761Z  * [new tag]           v1.8.51         -> v1.8.51
2026-05-14T03:08:54.9325154Z  * [new tag]           v1.8.52         -> v1.8.52
2026-05-14T03:08:54.9325501Z  * [new tag]           v1.8.53         -> v1.8.53
2026-05-14T03:08:54.9325839Z  * [new tag]           v1.8.54         -> v1.8.54
2026-05-14T03:08:54.9326162Z  * [new tag]           v1.8.6          -> v1.8.6
2026-05-14T03:08:54.9326502Z  * [new tag]           v1.8.7          -> v1.8.7
2026-05-14T03:08:54.9326903Z  * [new tag]           v1.8.8          -> v1.8.8
2026-05-14T03:08:54.9327239Z  * [new tag]           v1.8.9          -> v1.8.9
2026-05-14T03:08:54.9327564Z  * [new tag]           v1.9.1          -> v1.9.1
2026-05-14T03:08:54.9327902Z  * [new tag]           v1.9.10         -> v1.9.10
2026-05-14T03:08:54.9328242Z  * [new tag]           v1.9.11         -> v1.9.11
2026-05-14T03:08:54.9328575Z  * [new tag]           v1.9.12         -> v1.9.12
2026-05-14T03:08:54.9329003Z  * [new tag]           v1.9.13         -> v1.9.13
2026-05-14T03:08:54.9329342Z  * [new tag]           v1.9.14         -> v1.9.14
2026-05-14T03:08:54.9329663Z  * [new tag]           v1.9.15         -> v1.9.15
2026-05-14T03:08:54.9330000Z  * [new tag]           v1.9.16         -> v1.9.16
2026-05-14T03:08:54.9330334Z  * [new tag]           v1.9.18         -> v1.9.18
2026-05-14T03:08:54.9330654Z  * [new tag]           v1.9.19         -> v1.9.19
2026-05-14T03:08:54.9330994Z  * [new tag]           v1.9.2          -> v1.9.2
2026-05-14T03:08:54.9331330Z  * [new tag]           v1.9.20         -> v1.9.20
2026-05-14T03:08:54.9331657Z  * [new tag]           v1.9.21         -> v1.9.21
2026-05-14T03:08:54.9331998Z  * [new tag]           v1.9.22         -> v1.9.22
2026-05-14T03:08:54.9332334Z  * [new tag]           v1.9.23         -> v1.9.23
2026-05-14T03:08:54.9332677Z  * [new tag]           v1.9.24         -> v1.9.24
2026-05-14T03:08:54.9333009Z  * [new tag]           v1.9.3          -> v1.9.3
2026-05-14T03:08:54.9333353Z  * [new tag]           v1.9.4          -> v1.9.4
2026-05-14T03:08:54.9333691Z  * [new tag]           v1.9.5          -> v1.9.5
2026-05-14T03:08:54.9334013Z  * [new tag]           v1.9.6          -> v1.9.6
2026-05-14T03:08:54.9334349Z  * [new tag]           v1.9.7          -> v1.9.7
2026-05-14T03:08:54.9334688Z  * [new tag]           v1.9.8          -> v1.9.8
2026-05-14T03:08:54.9335010Z  * [new tag]           v1.9.9          -> v1.9.9
2026-05-14T03:08:54.9412858Z ##[endgroup]
2026-05-14T03:08:54.9413384Z ##[group]Determining the checkout info
2026-05-14T03:08:54.9418766Z [command]/usr/bin/git branch --list --remote origin/feat/web-wellness-today-balance-bar
2026-05-14T03:08:54.9463266Z [command]/usr/bin/git tag --list feat/web-wellness-today-balance-bar
2026-05-14T03:08:54.9531791Z ##[error]A branch or tag with the name 'feat/web-wellness-today-balance-bar' could not be found
2026-05-14T03:08:54.9806314Z Post job cleanup.
2026-05-14T03:08:55.0658118Z [command]/usr/bin/git version
2026-05-14T03:08:55.0691835Z git version 2.53.0
2026-05-14T03:08:55.0726044Z Temporarily overriding HOME='/home/runner/work/_temp/d4f2956f-c415-4b49-934b-8587abcb369d' before making global git config changes
2026-05-14T03:08:55.0726938Z Adding repository directory to the temporary git global config as a safe directory
2026-05-14T03:08:55.0731380Z [command]/usr/bin/git config --global --add safe.directory /home/runner/work/prismTask/prismTask
2026-05-14T03:08:55.0758213Z Removing SSH command configuration
2026-05-14T03:08:55.0764134Z [command]/usr/bin/git config --local --name-only --get-regexp core\.sshCommand
2026-05-14T03:08:55.0795998Z [command]/usr/bin/git submodule foreach --recursive sh -c "git config --local --name-only --get-regexp 'core\.sshCommand' && git config --local --unset-all 'core.sshCommand' || :"
2026-05-14T03:08:55.0971171Z Removing HTTP extra header
2026-05-14T03:08:55.0976846Z [command]/usr/bin/git config --local --name-only --get-regexp http\.https\:\/\/github\.com\/\.extraheader
2026-05-14T03:08:55.1003836Z [command]/usr/bin/git submodule foreach --recursive sh -c "git config --local --name-only --get-regexp 'http\.https\:\/\/github\.com\/\.extraheader' && git config --local --unset-all 'http.https://github.com/.extraheader' || :"
2026-05-14T03:08:55.1170765Z Removing includeIf entries pointing to credentials config files
2026-05-14T03:08:55.1177631Z [command]/usr/bin/git config --local --name-only --get-regexp ^includeIf\.gitdir:
2026-05-14T03:08:55.1198768Z includeif.gitdir:/home/runner/work/prismTask/prismTask/.git.path
2026-05-14T03:08:55.1200555Z includeif.gitdir:/home/runner/work/prismTask/prismTask/.git/worktrees/*.path
2026-05-14T03:08:55.1201370Z includeif.gitdir:/github/workspace/.git.path
2026-05-14T03:08:55.1202005Z includeif.gitdir:/github/workspace/.git/worktrees/*.path
2026-05-14T03:08:55.1222297Z [command]/usr/bin/git config --local --get-all includeif.gitdir:/home/runner/work/prismTask/prismTask/.git.path
2026-05-14T03:08:55.1229153Z /home/runner/work/_temp/git-credentials-ebb308c8-9f0b-4285-8cf6-39a34ee9fcd0.config
2026-05-14T03:08:55.1238280Z [command]/usr/bin/git config --local --unset includeif.gitdir:/home/runner/work/prismTask/prismTask/.git.path /home/runner/work/_temp/git-credentials-ebb308c8-9f0b-4285-8cf6-39a34ee9fcd0.config
2026-05-14T03:08:55.1267197Z [command]/usr/bin/git config --local --get-all includeif.gitdir:/home/runner/work/prismTask/prismTask/.git/worktrees/*.path
2026-05-14T03:08:55.1286730Z /home/runner/work/_temp/git-credentials-ebb308c8-9f0b-4285-8cf6-39a34ee9fcd0.config
2026-05-14T03:08:55.1296524Z [command]/usr/bin/git config --local --unset includeif.gitdir:/home/runner/work/prismTask/prismTask/.git/worktrees/*.path /home/runner/work/_temp/git-credentials-ebb308c8-9f0b-4285-8cf6-39a34ee9fcd0.config
2026-05-14T03:08:55.1321058Z [command]/usr/bin/git config --local --get-all includeif.gitdir:/github/workspace/.git.path
2026-05-14T03:08:55.1338397Z /github/runner_temp/git-credentials-ebb308c8-9f0b-4285-8cf6-39a34ee9fcd0.config
2026-05-14T03:08:55.1343878Z [command]/usr/bin/git config --local --unset includeif.gitdir:/github/workspace/.git.path /github/runner_temp/git-credentials-ebb308c8-9f0b-4285-8cf6-39a34ee9fcd0.config
2026-05-14T03:08:55.1368359Z [command]/usr/bin/git config --local --get-all includeif.gitdir:/github/workspace/.git/worktrees/*.path
2026-05-14T03:08:55.1386245Z /github/runner_temp/git-credentials-ebb308c8-9f0b-4285-8cf6-39a34ee9fcd0.config
2026-05-14T03:08:55.1391522Z [command]/usr/bin/git config --local --unset includeif.gitdir:/github/workspace/.git/worktrees/*.path /github/runner_temp/git-credentials-ebb308c8-9f0b-4285-8cf6-39a34ee9fcd0.config
2026-05-14T03:08:55.1417077Z [command]/usr/bin/git submodule foreach --recursive git config --local --show-origin --name-only --get-regexp remote.origin.url
2026-05-14T03:08:55.1582047Z Removing credentials config '/home/runner/work/_temp/git-credentials-ebb308c8-9f0b-4285-8cf6-39a34ee9fcd0.config'
2026-05-14T03:08:55.1718184Z Cleaning up orphan processes
