=== CI FAILURE ===
Workflow:      Android CI
Workflow file: averycorp/prismTask/.github/workflows/android-ci.yml@refs/pull/1374/merge
Job(s):        autofix
Run ID:        25839860339
Run attempt:   1
Run URL:       https://github.com/averycorp/prismTask/actions/runs/25839860339
Commit:        843be72e98d0901a82aba8148734d7a628edddd5
Branch:        1374/merge
Event:         pull_request
Actor:         akarlin3
Runner OS:     Linux
Timestamp:     2026-05-14T03:27:14.908Z

Failed steps:
  - autofix: #2 Run actions/checkout@v6

=== FAILED JOB LOG ===

--- Job: autofix (id 75922697079) ---
2026-05-14T03:26:46.7833147Z Current runner version: '2.334.0'
2026-05-14T03:26:46.7864977Z ##[group]Runner Image Provisioner
2026-05-14T03:26:46.7866229Z Hosted Compute Agent
2026-05-14T03:26:46.7867090Z Version: 20260213.493
2026-05-14T03:26:46.7867924Z Commit: 5c115507f6dd24b8de37d8bbe0bb4509d0cc0fa3
2026-05-14T03:26:46.7869066Z Build Date: 2026-02-13T00:28:41Z
2026-05-14T03:26:46.7870268Z Worker ID: {7f8d9cb9-d555-47c4-9107-326533da508d}
2026-05-14T03:26:46.7871219Z Azure Region: eastus2
2026-05-14T03:26:46.7872224Z ##[endgroup]
2026-05-14T03:26:46.7874374Z ##[group]Operating System
2026-05-14T03:26:46.7875242Z Ubuntu
2026-05-14T03:26:46.7876068Z 24.04.4
2026-05-14T03:26:46.7876689Z LTS
2026-05-14T03:26:46.7877455Z ##[endgroup]
2026-05-14T03:26:46.7878223Z ##[group]Runner Image
2026-05-14T03:26:46.7879057Z Image: ubuntu-24.04
2026-05-14T03:26:46.7880151Z Version: 20260413.86.1
2026-05-14T03:26:46.7881915Z Included Software: https://github.com/actions/runner-images/blob/ubuntu24/20260413.86/images/ubuntu/Ubuntu2404-Readme.md
2026-05-14T03:26:46.7884414Z Image Release: https://github.com/actions/runner-images/releases/tag/ubuntu24%2F20260413.86
2026-05-14T03:26:46.7885749Z ##[endgroup]
2026-05-14T03:26:46.7887704Z ##[group]GITHUB_TOKEN Permissions
2026-05-14T03:26:46.7890745Z Actions: read
2026-05-14T03:26:46.7891559Z Checks: read
2026-05-14T03:26:46.7892250Z Contents: write
2026-05-14T03:26:46.7893173Z Metadata: read
2026-05-14T03:26:46.7893919Z PullRequests: read
2026-05-14T03:26:46.7894611Z ##[endgroup]
2026-05-14T03:26:46.7897200Z Secret source: Actions
2026-05-14T03:26:46.7898587Z Prepare workflow directory
2026-05-14T03:26:46.8346022Z Prepare all required actions
2026-05-14T03:26:46.8397913Z Getting action download info
2026-05-14T03:26:47.1536734Z Download action repository 'actions/checkout@v6' (SHA:de0fac2e4500dabe0009e67214ff5f5447ce83dd)
2026-05-14T03:26:47.2824081Z Download action repository 'dorny/paths-filter@v4' (SHA:fbd0ab8f3e69293af611ebaee6363fc25e6d187d)
2026-05-14T03:26:47.4307037Z Download action repository 'actions/cache@v5' (SHA:27d5ce7f107fe9357f9df03efb73ab90386fccae)
2026-05-14T03:26:47.8163729Z Complete job name: autofix
2026-05-14T03:26:47.9049132Z ##[group]Run actions/checkout@v6
2026-05-14T03:26:47.9050624Z with:
2026-05-14T03:26:47.9052457Z   token: ***
2026-05-14T03:26:47.9053268Z   ref: feat/web-wellness-batch2-phase3
2026-05-14T03:26:47.9054267Z   fetch-depth: 0
2026-05-14T03:26:47.9055057Z   repository: averycorp/prismTask
2026-05-14T03:26:47.9055984Z   ssh-strict: true
2026-05-14T03:26:47.9056713Z   ssh-user: git
2026-05-14T03:26:47.9057492Z   persist-credentials: true
2026-05-14T03:26:47.9058352Z   clean: true
2026-05-14T03:26:47.9059117Z   sparse-checkout-cone-mode: true
2026-05-14T03:26:47.9060239Z   fetch-tags: false
2026-05-14T03:26:47.9061028Z   show-progress: true
2026-05-14T03:26:47.9061806Z   lfs: false
2026-05-14T03:26:47.9062516Z   submodules: false
2026-05-14T03:26:47.9063293Z   set-safe-directory: true
2026-05-14T03:26:47.9064351Z ##[endgroup]
2026-05-14T03:26:48.0081345Z Syncing repository: averycorp/prismTask
2026-05-14T03:26:48.0084050Z ##[group]Getting Git version info
2026-05-14T03:26:48.0085449Z Working directory is '/home/runner/work/prismTask/prismTask'
2026-05-14T03:26:48.0087324Z [command]/usr/bin/git version
2026-05-14T03:26:48.0090095Z git version 2.53.0
2026-05-14T03:26:48.0118402Z ##[endgroup]
2026-05-14T03:26:48.0133203Z Temporarily overriding HOME='/home/runner/work/_temp/ccb3ed43-21f2-4939-a12b-e215afe93ebe' before making global git config changes
2026-05-14T03:26:48.0136044Z Adding repository directory to the temporary git global config as a safe directory
2026-05-14T03:26:48.0138500Z [command]/usr/bin/git config --global --add safe.directory /home/runner/work/prismTask/prismTask
2026-05-14T03:26:48.0173744Z Deleting the contents of '/home/runner/work/prismTask/prismTask'
2026-05-14T03:26:48.0177733Z ##[group]Initializing the repository
2026-05-14T03:26:48.0182734Z [command]/usr/bin/git init /home/runner/work/prismTask/prismTask
2026-05-14T03:26:48.0251004Z hint: Using 'master' as the name for the initial branch. This default branch name
2026-05-14T03:26:48.0254518Z hint: will change to "main" in Git 3.0. To configure the initial branch name
2026-05-14T03:26:48.0257527Z hint: to use in all of your new repositories, which will suppress this warning,
2026-05-14T03:26:48.0260033Z hint: call:
2026-05-14T03:26:48.0261095Z hint:
2026-05-14T03:26:48.0262482Z hint: 	git config --global init.defaultBranch <name>
2026-05-14T03:26:48.0264365Z hint:
2026-05-14T03:26:48.0265950Z hint: Names commonly chosen instead of 'master' are 'main', 'trunk' and
2026-05-14T03:26:48.0268607Z hint: 'development'. The just-created branch can be renamed via this command:
2026-05-14T03:26:48.0270991Z hint:
2026-05-14T03:26:48.0271756Z hint: 	git branch -m <name>
2026-05-14T03:26:48.0272628Z hint:
2026-05-14T03:26:48.0273848Z hint: Disable this message with "git config set advice.defaultBranchName false"
2026-05-14T03:26:48.0275812Z Initialized empty Git repository in /home/runner/work/prismTask/prismTask/.git/
2026-05-14T03:26:48.0280266Z [command]/usr/bin/git remote add origin https://github.com/averycorp/prismTask
2026-05-14T03:26:48.0298015Z ##[endgroup]
2026-05-14T03:26:48.0300277Z ##[group]Disabling automatic garbage collection
2026-05-14T03:26:48.0302292Z [command]/usr/bin/git config --local gc.auto 0
2026-05-14T03:26:48.0332506Z ##[endgroup]
2026-05-14T03:26:48.0334532Z ##[group]Setting up auth
2026-05-14T03:26:48.0335982Z Removing SSH command configuration
2026-05-14T03:26:48.0340238Z [command]/usr/bin/git config --local --name-only --get-regexp core\.sshCommand
2026-05-14T03:26:48.0373970Z [command]/usr/bin/git submodule foreach --recursive sh -c "git config --local --name-only --get-regexp 'core\.sshCommand' && git config --local --unset-all 'core.sshCommand' || :"
2026-05-14T03:26:48.0665960Z Removing HTTP extra header
2026-05-14T03:26:48.0672148Z [command]/usr/bin/git config --local --name-only --get-regexp http\.https\:\/\/github\.com\/\.extraheader
2026-05-14T03:26:48.0704072Z [command]/usr/bin/git submodule foreach --recursive sh -c "git config --local --name-only --get-regexp 'http\.https\:\/\/github\.com\/\.extraheader' && git config --local --unset-all 'http.https://github.com/.extraheader' || :"
2026-05-14T03:26:48.0926995Z Removing includeIf entries pointing to credentials config files
2026-05-14T03:26:48.0933086Z [command]/usr/bin/git config --local --name-only --get-regexp ^includeIf\.gitdir:
2026-05-14T03:26:48.0964957Z [command]/usr/bin/git submodule foreach --recursive git config --local --show-origin --name-only --get-regexp remote.origin.url
2026-05-14T03:26:48.1197664Z [command]/usr/bin/git config --file /home/runner/work/_temp/git-credentials-e173787f-57eb-495f-9661-73811636b1f4.config http.https://github.com/.extraheader AUTHORIZATION: basic ***
2026-05-14T03:26:48.1236507Z [command]/usr/bin/git config --local includeIf.gitdir:/home/runner/work/prismTask/prismTask/.git.path /home/runner/work/_temp/git-credentials-e173787f-57eb-495f-9661-73811636b1f4.config
2026-05-14T03:26:48.1273703Z [command]/usr/bin/git config --local includeIf.gitdir:/home/runner/work/prismTask/prismTask/.git/worktrees/*.path /home/runner/work/_temp/git-credentials-e173787f-57eb-495f-9661-73811636b1f4.config
2026-05-14T03:26:48.1304506Z [command]/usr/bin/git config --local includeIf.gitdir:/github/workspace/.git.path /github/runner_temp/git-credentials-e173787f-57eb-495f-9661-73811636b1f4.config
2026-05-14T03:26:48.1335415Z [command]/usr/bin/git config --local includeIf.gitdir:/github/workspace/.git/worktrees/*.path /github/runner_temp/git-credentials-e173787f-57eb-495f-9661-73811636b1f4.config
2026-05-14T03:26:48.1370904Z ##[endgroup]
2026-05-14T03:26:48.1372210Z ##[group]Fetching the repository
2026-05-14T03:26:48.1374626Z [command]/usr/bin/git -c protocol.version=2 fetch --no-tags --prune --no-recurse-submodules origin +refs/heads/*:refs/remotes/origin/* +refs/tags/*:refs/tags/*
2026-05-14T03:27:07.4671737Z From https://github.com/averycorp/prismTask
2026-05-14T03:27:07.4678389Z  * [new branch]        ci-logs         -> origin/ci-logs
2026-05-14T03:27:07.4681836Z  * [new branch]        feat/web-wellness-nd-preferences -> origin/feat/web-wellness-nd-preferences
2026-05-14T03:27:07.4682878Z  * [new branch]        main            -> origin/main
2026-05-14T03:27:07.4683472Z  * [new branch]        v0.1.0-legacy   -> origin/v0.1.0-legacy
2026-05-14T03:27:07.4683900Z  * [new branch]        v0.2.0-legacy   -> origin/v0.2.0-legacy
2026-05-14T03:27:07.4684532Z  * [new branch]        v0.3.0-legacy   -> origin/v0.3.0-legacy
2026-05-14T03:27:07.4685084Z  * [new branch]        v0.4.0-legacy   -> origin/v0.4.0-legacy
2026-05-14T03:27:07.4685667Z  * [new branch]        v0.5.0-legacy   -> origin/v0.5.0-legacy
2026-05-14T03:27:07.4686317Z  * [new branch]        v0.6.0-legacy   -> origin/v0.6.0-legacy
2026-05-14T03:27:07.4686909Z  * [new branch]        v0.7.0-legacy   -> origin/v0.7.0-legacy
2026-05-14T03:27:07.4687672Z  * [new branch]        worktree-course-name-only -> origin/worktree-course-name-only
2026-05-14T03:27:07.4688730Z  * [new branch]        worktree-leisure-categories-removable -> origin/worktree-leisure-categories-removable
2026-05-14T03:27:07.4690022Z  * [new branch]        worktree-recheck-recurring -> origin/worktree-recheck-recurring
2026-05-14T03:27:07.4691388Z  * [new branch]        worktree-remove-leisure-minimum-from-daily-essentials -> origin/worktree-remove-leisure-minimum-from-daily-essentials
2026-05-14T03:27:07.4692519Z  * [new tag]           v0.1.0          -> v0.1.0
2026-05-14T03:27:07.4693011Z  * [new tag]           v0.2.0          -> v0.2.0
2026-05-14T03:27:07.4693516Z  * [new tag]           v0.3.0          -> v0.3.0
2026-05-14T03:27:07.4694003Z  * [new tag]           v0.4.0          -> v0.4.0
2026-05-14T03:27:07.4694480Z  * [new tag]           v0.5.0          -> v0.5.0
2026-05-14T03:27:07.4694959Z  * [new tag]           v0.7.0          -> v0.7.0
2026-05-14T03:27:07.4695463Z  * [new tag]           v0.7.12         -> v0.7.12
2026-05-14T03:27:07.4695960Z  * [new tag]           v0.7.13         -> v0.7.13
2026-05-14T03:27:07.4696455Z  * [new tag]           v0.7.14         -> v0.7.14
2026-05-14T03:27:07.4697242Z  * [new tag]           v0.7.15         -> v0.7.15
2026-05-14T03:27:07.4697735Z  * [new tag]           v0.7.16         -> v0.7.16
2026-05-14T03:27:07.4698217Z  * [new tag]           v0.7.17         -> v0.7.17
2026-05-14T03:27:07.4698729Z  * [new tag]           v0.7.17-build.2 -> v0.7.17-build.2
2026-05-14T03:27:07.4699288Z  * [new tag]           v0.7.17-build.3 -> v0.7.17-build.3
2026-05-14T03:27:07.4700101Z  * [new tag]           v0.7.17-build.4 -> v0.7.17-build.4
2026-05-14T03:27:07.4700696Z  * [new tag]           v0.7.17-build.5 -> v0.7.17-build.5
2026-05-14T03:27:07.4701225Z  * [new tag]           v0.7.17-build.6 -> v0.7.17-build.6
2026-05-14T03:27:07.4701765Z  * [new tag]           v0.7.17-build.7 -> v0.7.17-build.7
2026-05-14T03:27:07.4702288Z  * [new tag]           v0.7.17-build.8 -> v0.7.17-build.8
2026-05-14T03:27:07.4702801Z  * [new tag]           v0.7.17-build.9 -> v0.7.17-build.9
2026-05-14T03:27:07.4703304Z  * [new tag]           v0.7.18         -> v0.7.18
2026-05-14T03:27:07.4703872Z  * [new tag]           v0.7.18-build.2 -> v0.7.18-build.2
2026-05-14T03:27:07.4704388Z  * [new tag]           v0.7.18-build.3 -> v0.7.18-build.3
2026-05-14T03:27:07.4704912Z  * [new tag]           v0.7.18-build.4 -> v0.7.18-build.4
2026-05-14T03:27:07.4705422Z  * [new tag]           v0.7.19         -> v0.7.19
2026-05-14T03:27:07.4705952Z  * [new tag]           v0.7.19-build.2 -> v0.7.19-build.2
2026-05-14T03:27:07.4706463Z  * [new tag]           v0.7.20         -> v0.7.20
2026-05-14T03:27:07.4706975Z  * [new tag]           v0.7.20-build.2 -> v0.7.20-build.2
2026-05-14T03:27:07.4707494Z  * [new tag]           v0.7.20-build.3 -> v0.7.20-build.3
2026-05-14T03:27:07.4708003Z  * [new tag]           v0.7.20-build.4 -> v0.7.20-build.4
2026-05-14T03:27:07.4708507Z  * [new tag]           v0.8.0          -> v0.8.0
2026-05-14T03:27:07.4709014Z  * [new tag]           v0.8.0-build.2  -> v0.8.0-build.2
2026-05-14T03:27:07.4709666Z  * [new tag]           v0.8.1          -> v0.8.1
2026-05-14T03:27:07.4710346Z  * [new tag]           v0.8.10         -> v0.8.10
2026-05-14T03:27:07.4710834Z  * [new tag]           v0.8.11         -> v0.8.11
2026-05-14T03:27:07.4711304Z  * [new tag]           v0.8.12         -> v0.8.12
2026-05-14T03:27:07.4711786Z  * [new tag]           v0.8.13         -> v0.8.13
2026-05-14T03:27:07.4712333Z  * [new tag]           v0.8.14         -> v0.8.14
2026-05-14T03:27:07.4712867Z  * [new tag]           v0.8.15         -> v0.8.15
2026-05-14T03:27:07.4713361Z  * [new tag]           v0.8.2          -> v0.8.2
2026-05-14T03:27:07.4713851Z  * [new tag]           v0.8.3          -> v0.8.3
2026-05-14T03:27:07.4714330Z  * [new tag]           v0.8.4          -> v0.8.4
2026-05-14T03:27:07.4714804Z  * [new tag]           v0.8.5          -> v0.8.5
2026-05-14T03:27:07.4719001Z  * [new tag]           v0.8.6          -> v0.8.6
2026-05-14T03:27:07.4719853Z  * [new tag]           v0.8.7          -> v0.8.7
2026-05-14T03:27:07.4720347Z  * [new tag]           v0.8.8          -> v0.8.8
2026-05-14T03:27:07.4720879Z  * [new tag]           v0.8.9          -> v0.8.9
2026-05-14T03:27:07.4721395Z  * [new tag]           v0.9.1          -> v0.9.1
2026-05-14T03:27:07.4721874Z  * [new tag]           v0.9.2          -> v0.9.2
2026-05-14T03:27:07.4722355Z  * [new tag]           v1.0.1          -> v1.0.1
2026-05-14T03:27:07.4722904Z  * [new tag]           v1.0.10         -> v1.0.10
2026-05-14T03:27:07.4723470Z  * [new tag]           v1.0.11         -> v1.0.11
2026-05-14T03:27:07.4723969Z  * [new tag]           v1.0.12         -> v1.0.12
2026-05-14T03:27:07.4724451Z  * [new tag]           v1.0.13         -> v1.0.13
2026-05-14T03:27:07.4724945Z  * [new tag]           v1.0.2          -> v1.0.2
2026-05-14T03:27:07.4725437Z  * [new tag]           v1.0.3          -> v1.0.3
2026-05-14T03:27:07.4725915Z  * [new tag]           v1.0.4          -> v1.0.4
2026-05-14T03:27:07.4726398Z  * [new tag]           v1.0.5          -> v1.0.5
2026-05-14T03:27:07.4726879Z  * [new tag]           v1.0.6          -> v1.0.6
2026-05-14T03:27:07.4727368Z  * [new tag]           v1.0.7          -> v1.0.7
2026-05-14T03:27:07.4740124Z  * [new tag]           v1.0.8          -> v1.0.8
2026-05-14T03:27:07.4740883Z  * [new tag]           v1.0.9          -> v1.0.9
2026-05-14T03:27:07.4741410Z  * [new tag]           v1.1.1          -> v1.1.1
2026-05-14T03:27:07.4741974Z  * [new tag]           v1.1.1-build.2  -> v1.1.1-build.2
2026-05-14T03:27:07.4742541Z  * [new tag]           v1.1.1-build.3  -> v1.1.1-build.3
2026-05-14T03:27:07.4743113Z  * [new tag]           v1.1.1-build.4  -> v1.1.1-build.4
2026-05-14T03:27:07.4743639Z  * [new tag]           v1.1.10         -> v1.1.10
2026-05-14T03:27:07.4744161Z  * [new tag]           v1.1.11         -> v1.1.11
2026-05-14T03:27:07.4744680Z  * [new tag]           v1.1.12         -> v1.1.12
2026-05-14T03:27:07.4745181Z  * [new tag]           v1.1.2          -> v1.1.2
2026-05-14T03:27:07.4745690Z  * [new tag]           v1.1.3          -> v1.1.3
2026-05-14T03:27:07.4746196Z  * [new tag]           v1.1.4          -> v1.1.4
2026-05-14T03:27:07.4746700Z  * [new tag]           v1.1.5          -> v1.1.5
2026-05-14T03:27:07.4747205Z  * [new tag]           v1.1.6          -> v1.1.6
2026-05-14T03:27:07.4747711Z  * [new tag]           v1.1.7          -> v1.1.7
2026-05-14T03:27:07.4748202Z  * [new tag]           v1.1.8          -> v1.1.8
2026-05-14T03:27:07.4748718Z  * [new tag]           v1.1.9          -> v1.1.9
2026-05-14T03:27:07.4749215Z  * [new tag]           v1.3.0          -> v1.3.0
2026-05-14T03:27:07.4749887Z  * [new tag]           v1.3.1          -> v1.3.1
2026-05-14T03:27:07.4750400Z  * [new tag]           v1.3.10         -> v1.3.10
2026-05-14T03:27:07.4750917Z  * [new tag]           v1.3.11         -> v1.3.11
2026-05-14T03:27:07.4751461Z  * [new tag]           v1.3.11-build.2 -> v1.3.11-build.2
2026-05-14T03:27:07.4751989Z  * [new tag]           v1.3.12         -> v1.3.12
2026-05-14T03:27:07.4752494Z  * [new tag]           v1.3.13         -> v1.3.13
2026-05-14T03:27:07.4753032Z  * [new tag]           v1.3.13-build.2 -> v1.3.13-build.2
2026-05-14T03:27:07.4753762Z  * [new tag]           v1.3.14         -> v1.3.14
2026-05-14T03:27:07.4754269Z  * [new tag]           v1.3.15         -> v1.3.15
2026-05-14T03:27:07.4754768Z  * [new tag]           v1.3.16         -> v1.3.16
2026-05-14T03:27:07.4755260Z  * [new tag]           v1.3.17         -> v1.3.17
2026-05-14T03:27:07.4755757Z  * [new tag]           v1.3.18         -> v1.3.18
2026-05-14T03:27:07.4756304Z  * [new tag]           v1.3.19         -> v1.3.19
2026-05-14T03:27:07.4756791Z  * [new tag]           v1.3.2          -> v1.3.2
2026-05-14T03:27:07.4757292Z  * [new tag]           v1.3.20         -> v1.3.20
2026-05-14T03:27:07.4757795Z  * [new tag]           v1.3.21         -> v1.3.21
2026-05-14T03:27:07.4758287Z  * [new tag]           v1.3.22         -> v1.3.22
2026-05-14T03:27:07.4758790Z  * [new tag]           v1.3.23         -> v1.3.23
2026-05-14T03:27:07.4759294Z  * [new tag]           v1.3.24         -> v1.3.24
2026-05-14T03:27:07.4763755Z  * [new tag]           v1.3.25         -> v1.3.25
2026-05-14T03:27:07.4764317Z  * [new tag]           v1.3.26         -> v1.3.26
2026-05-14T03:27:07.4764842Z  * [new tag]           v1.3.27         -> v1.3.27
2026-05-14T03:27:07.4765360Z  * [new tag]           v1.3.28         -> v1.3.28
2026-05-14T03:27:07.4765858Z  * [new tag]           v1.3.29         -> v1.3.29
2026-05-14T03:27:07.4766369Z  * [new tag]           v1.3.3          -> v1.3.3
2026-05-14T03:27:07.4766883Z  * [new tag]           v1.3.30         -> v1.3.30
2026-05-14T03:27:07.4767387Z  * [new tag]           v1.3.31         -> v1.3.31
2026-05-14T03:27:07.4767904Z  * [new tag]           v1.3.32         -> v1.3.32
2026-05-14T03:27:07.4768416Z  * [new tag]           v1.3.33         -> v1.3.33
2026-05-14T03:27:07.4768914Z  * [new tag]           v1.3.34         -> v1.3.34
2026-05-14T03:27:07.4841919Z  * [new tag]           v1.3.35         -> v1.3.35
2026-05-14T03:27:07.4842378Z  * [new tag]           v1.3.36         -> v1.3.36
2026-05-14T03:27:07.4842892Z  * [new tag]           v1.3.37         -> v1.3.37
2026-05-14T03:27:07.4843487Z  * [new tag]           v1.3.38         -> v1.3.38
2026-05-14T03:27:07.4843839Z  * [new tag]           v1.3.39         -> v1.3.39
2026-05-14T03:27:07.4844209Z  * [new tag]           v1.3.4          -> v1.3.4
2026-05-14T03:27:07.4844599Z  * [new tag]           v1.3.40         -> v1.3.40
2026-05-14T03:27:07.4844938Z  * [new tag]           v1.3.41         -> v1.3.41
2026-05-14T03:27:07.4845271Z  * [new tag]           v1.3.42         -> v1.3.42
2026-05-14T03:27:07.4845599Z  * [new tag]           v1.3.43         -> v1.3.43
2026-05-14T03:27:07.4845940Z  * [new tag]           v1.3.44         -> v1.3.44
2026-05-14T03:27:07.4846277Z  * [new tag]           v1.3.45         -> v1.3.45
2026-05-14T03:27:07.4846597Z  * [new tag]           v1.3.46         -> v1.3.46
2026-05-14T03:27:07.4846921Z  * [new tag]           v1.3.47         -> v1.3.47
2026-05-14T03:27:07.4847254Z  * [new tag]           v1.3.48         -> v1.3.48
2026-05-14T03:27:07.4847590Z  * [new tag]           v1.3.49         -> v1.3.49
2026-05-14T03:27:07.4847923Z  * [new tag]           v1.3.5          -> v1.3.5
2026-05-14T03:27:07.4848280Z  * [new tag]           v1.3.5-build.2  -> v1.3.5-build.2
2026-05-14T03:27:07.4848636Z  * [new tag]           v1.3.50         -> v1.3.50
2026-05-14T03:27:07.4848966Z  * [new tag]           v1.3.51         -> v1.3.51
2026-05-14T03:27:07.4849285Z  * [new tag]           v1.3.52         -> v1.3.52
2026-05-14T03:27:07.4849888Z  * [new tag]           v1.3.53         -> v1.3.53
2026-05-14T03:27:07.4850336Z  * [new tag]           v1.3.54         -> v1.3.54
2026-05-14T03:27:07.4850663Z  * [new tag]           v1.3.55         -> v1.3.55
2026-05-14T03:27:07.4850992Z  * [new tag]           v1.3.56         -> v1.3.56
2026-05-14T03:27:07.4851321Z  * [new tag]           v1.3.57         -> v1.3.57
2026-05-14T03:27:07.4851637Z  * [new tag]           v1.3.58         -> v1.3.58
2026-05-14T03:27:07.4851965Z  * [new tag]           v1.3.59         -> v1.3.59
2026-05-14T03:27:07.4852450Z  * [new tag]           v1.3.6          -> v1.3.6
2026-05-14T03:27:07.4852778Z  * [new tag]           v1.3.60         -> v1.3.60
2026-05-14T03:27:07.4853104Z  * [new tag]           v1.3.61         -> v1.3.61
2026-05-14T03:27:07.4853428Z  * [new tag]           v1.3.62         -> v1.3.62
2026-05-14T03:27:07.4853760Z  * [new tag]           v1.3.7          -> v1.3.7
2026-05-14T03:27:07.4854080Z  * [new tag]           v1.3.8          -> v1.3.8
2026-05-14T03:27:07.4854411Z  * [new tag]           v1.3.9          -> v1.3.9
2026-05-14T03:27:07.4854739Z  * [new tag]           v1.4.40         -> v1.4.40
2026-05-14T03:27:07.4855062Z  * [new tag]           v1.5.0          -> v1.5.0
2026-05-14T03:27:07.4855393Z  * [new tag]           v1.5.2          -> v1.5.2
2026-05-14T03:27:07.4855725Z  * [new tag]           v1.5.3          -> v1.5.3
2026-05-14T03:27:07.4856039Z  * [new tag]           v1.6.0          -> v1.6.0
2026-05-14T03:27:07.4856367Z  * [new tag]           v1.7.0          -> v1.7.0
2026-05-14T03:27:07.4856698Z  * [new tag]           v1.7.37         -> v1.7.37
2026-05-14T03:27:07.4857024Z  * [new tag]           v1.7.38         -> v1.7.38
2026-05-14T03:27:07.4857348Z  * [new tag]           v1.7.39         -> v1.7.39
2026-05-14T03:27:07.4857674Z  * [new tag]           v1.7.40         -> v1.7.40
2026-05-14T03:27:07.4857984Z  * [new tag]           v1.7.41         -> v1.7.41
2026-05-14T03:27:07.4858302Z  * [new tag]           v1.7.42         -> v1.7.42
2026-05-14T03:27:07.4858623Z  * [new tag]           v1.7.43         -> v1.7.43
2026-05-14T03:27:07.4858941Z  * [new tag]           v1.7.44         -> v1.7.44
2026-05-14T03:27:07.4859257Z  * [new tag]           v1.7.45         -> v1.7.45
2026-05-14T03:27:07.4859695Z  * [new tag]           v1.7.46         -> v1.7.46
2026-05-14T03:27:07.4860029Z  * [new tag]           v1.7.47         -> v1.7.47
2026-05-14T03:27:07.4860344Z  * [new tag]           v1.7.48         -> v1.7.48
2026-05-14T03:27:07.4860666Z  * [new tag]           v1.7.49         -> v1.7.49
2026-05-14T03:27:07.4860991Z  * [new tag]           v1.7.50         -> v1.7.50
2026-05-14T03:27:07.4861517Z  * [new tag]           v1.7.51         -> v1.7.51
2026-05-14T03:27:07.4861854Z  * [new tag]           v1.7.52         -> v1.7.52
2026-05-14T03:27:07.4862172Z  * [new tag]           v1.7.53         -> v1.7.53
2026-05-14T03:27:07.4862488Z  * [new tag]           v1.7.54         -> v1.7.54
2026-05-14T03:27:07.4862801Z  * [new tag]           v1.7.55         -> v1.7.55
2026-05-14T03:27:07.4863120Z  * [new tag]           v1.7.56         -> v1.7.56
2026-05-14T03:27:07.4863432Z  * [new tag]           v1.7.57         -> v1.7.57
2026-05-14T03:27:07.4863752Z  * [new tag]           v1.7.58         -> v1.7.58
2026-05-14T03:27:07.4864072Z  * [new tag]           v1.7.59         -> v1.7.59
2026-05-14T03:27:07.4864398Z  * [new tag]           v1.7.60         -> v1.7.60
2026-05-14T03:27:07.4864711Z  * [new tag]           v1.7.61         -> v1.7.61
2026-05-14T03:27:07.4865031Z  * [new tag]           v1.7.62         -> v1.7.62
2026-05-14T03:27:07.4865357Z  * [new tag]           v1.7.63         -> v1.7.63
2026-05-14T03:27:07.4865673Z  * [new tag]           v1.7.64         -> v1.7.64
2026-05-14T03:27:07.4865990Z  * [new tag]           v1.7.65         -> v1.7.65
2026-05-14T03:27:07.4866329Z  * [new tag]           v1.7.66         -> v1.7.66
2026-05-14T03:27:07.4866651Z  * [new tag]           v1.7.67         -> v1.7.67
2026-05-14T03:27:07.4866976Z  * [new tag]           v1.7.68         -> v1.7.68
2026-05-14T03:27:07.4867282Z  * [new tag]           v1.7.69         -> v1.7.69
2026-05-14T03:27:07.4867609Z  * [new tag]           v1.7.70         -> v1.7.70
2026-05-14T03:27:07.4867928Z  * [new tag]           v1.7.71         -> v1.7.71
2026-05-14T03:27:07.4868235Z  * [new tag]           v1.7.72         -> v1.7.72
2026-05-14T03:27:07.4868559Z  * [new tag]           v1.7.73         -> v1.7.73
2026-05-14T03:27:07.4868880Z  * [new tag]           v1.7.74         -> v1.7.74
2026-05-14T03:27:07.4869190Z  * [new tag]           v1.7.75         -> v1.7.75
2026-05-14T03:27:07.4869769Z  * [new tag]           v1.7.76         -> v1.7.76
2026-05-14T03:27:07.4870100Z  * [new tag]           v1.7.77         -> v1.7.77
2026-05-14T03:27:07.4870412Z  * [new tag]           v1.7.78         -> v1.7.78
2026-05-14T03:27:07.4870730Z  * [new tag]           v1.7.79         -> v1.7.79
2026-05-14T03:27:07.4871052Z  * [new tag]           v1.7.80         -> v1.7.80
2026-05-14T03:27:07.4871366Z  * [new tag]           v1.7.81         -> v1.7.81
2026-05-14T03:27:07.4871686Z  * [new tag]           v1.7.82         -> v1.7.82
2026-05-14T03:27:07.4872006Z  * [new tag]           v1.7.83         -> v1.7.83
2026-05-14T03:27:07.4872324Z  * [new tag]           v1.7.84         -> v1.7.84
2026-05-14T03:27:07.4872636Z  * [new tag]           v1.7.85         -> v1.7.85
2026-05-14T03:27:07.4872950Z  * [new tag]           v1.7.86         -> v1.7.86
2026-05-14T03:27:07.4873270Z  * [new tag]           v1.7.87         -> v1.7.87
2026-05-14T03:27:07.4873578Z  * [new tag]           v1.7.90         -> v1.7.90
2026-05-14T03:27:07.4873902Z  * [new tag]           v1.7.92         -> v1.7.92
2026-05-14T03:27:07.4874230Z  * [new tag]           v1.7.93         -> v1.7.93
2026-05-14T03:27:07.4874539Z  * [new tag]           v1.7.94         -> v1.7.94
2026-05-14T03:27:07.4874859Z  * [new tag]           v1.7.95         -> v1.7.95
2026-05-14T03:27:07.4875179Z  * [new tag]           v1.7.96         -> v1.7.96
2026-05-14T03:27:07.4875490Z  * [new tag]           v1.7.97         -> v1.7.97
2026-05-14T03:27:07.4875819Z  * [new tag]           v1.8.0          -> v1.8.0
2026-05-14T03:27:07.4876146Z  * [new tag]           v1.8.1          -> v1.8.1
2026-05-14T03:27:07.4876459Z  * [new tag]           v1.8.10         -> v1.8.10
2026-05-14T03:27:07.4876777Z  * [new tag]           v1.8.11         -> v1.8.11
2026-05-14T03:27:07.4877094Z  * [new tag]           v1.8.12         -> v1.8.12
2026-05-14T03:27:07.4877410Z  * [new tag]           v1.8.14         -> v1.8.14
2026-05-14T03:27:07.4877724Z  * [new tag]           v1.8.15         -> v1.8.15
2026-05-14T03:27:07.4878050Z  * [new tag]           v1.8.16         -> v1.8.16
2026-05-14T03:27:07.4878506Z  * [new tag]           v1.8.17         -> v1.8.17
2026-05-14T03:27:07.4878821Z  * [new tag]           v1.8.18         -> v1.8.18
2026-05-14T03:27:07.4879140Z  * [new tag]           v1.8.19         -> v1.8.19
2026-05-14T03:27:07.4879467Z  * [new tag]           v1.8.2          -> v1.8.2
2026-05-14T03:27:07.4879892Z  * [new tag]           v1.8.20         -> v1.8.20
2026-05-14T03:27:07.4880206Z  * [new tag]           v1.8.21         -> v1.8.21
2026-05-14T03:27:07.4880525Z  * [new tag]           v1.8.22         -> v1.8.22
2026-05-14T03:27:07.4880835Z  * [new tag]           v1.8.23         -> v1.8.23
2026-05-14T03:27:07.4881162Z  * [new tag]           v1.8.24         -> v1.8.24
2026-05-14T03:27:07.4881484Z  * [new tag]           v1.8.25         -> v1.8.25
2026-05-14T03:27:07.4881807Z  * [new tag]           v1.8.26         -> v1.8.26
2026-05-14T03:27:07.4882122Z  * [new tag]           v1.8.27         -> v1.8.27
2026-05-14T03:27:07.4882437Z  * [new tag]           v1.8.28         -> v1.8.28
2026-05-14T03:27:07.4882766Z  * [new tag]           v1.8.29         -> v1.8.29
2026-05-14T03:27:07.4883087Z  * [new tag]           v1.8.3          -> v1.8.3
2026-05-14T03:27:07.4883403Z  * [new tag]           v1.8.30         -> v1.8.30
2026-05-14T03:27:07.4883722Z  * [new tag]           v1.8.31         -> v1.8.31
2026-05-14T03:27:07.4884045Z  * [new tag]           v1.8.32         -> v1.8.32
2026-05-14T03:27:07.4884357Z  * [new tag]           v1.8.33         -> v1.8.33
2026-05-14T03:27:07.4884674Z  * [new tag]           v1.8.34         -> v1.8.34
2026-05-14T03:27:07.4884992Z  * [new tag]           v1.8.35         -> v1.8.35
2026-05-14T03:27:07.4885314Z  * [new tag]           v1.8.36         -> v1.8.36
2026-05-14T03:27:07.4885627Z  * [new tag]           v1.8.37         -> v1.8.37
2026-05-14T03:27:07.4885937Z  * [new tag]           v1.8.38         -> v1.8.38
2026-05-14T03:27:07.4886256Z  * [new tag]           v1.8.39         -> v1.8.39
2026-05-14T03:27:07.4886707Z  * [new tag]           v1.8.4          -> v1.8.4
2026-05-14T03:27:07.4887037Z  * [new tag]           v1.8.40         -> v1.8.40
2026-05-14T03:27:07.4887354Z  * [new tag]           v1.8.41         -> v1.8.41
2026-05-14T03:27:07.4887664Z  * [new tag]           v1.8.42         -> v1.8.42
2026-05-14T03:27:07.4887990Z  * [new tag]           v1.8.43         -> v1.8.43
2026-05-14T03:27:07.4888314Z  * [new tag]           v1.8.44         -> v1.8.44
2026-05-14T03:27:07.4888628Z  * [new tag]           v1.8.45         -> v1.8.45
2026-05-14T03:27:07.4888951Z  * [new tag]           v1.8.46         -> v1.8.46
2026-05-14T03:27:07.4889274Z  * [new tag]           v1.8.47         -> v1.8.47
2026-05-14T03:27:07.4889810Z  * [new tag]           v1.8.48         -> v1.8.48
2026-05-14T03:27:07.4890138Z  * [new tag]           v1.8.49         -> v1.8.49
2026-05-14T03:27:07.4890457Z  * [new tag]           v1.8.5          -> v1.8.5
2026-05-14T03:27:07.4890782Z  * [new tag]           v1.8.50         -> v1.8.50
2026-05-14T03:27:07.4891109Z  * [new tag]           v1.8.51         -> v1.8.51
2026-05-14T03:27:07.4891440Z  * [new tag]           v1.8.52         -> v1.8.52
2026-05-14T03:27:07.4891760Z  * [new tag]           v1.8.53         -> v1.8.53
2026-05-14T03:27:07.4892076Z  * [new tag]           v1.8.54         -> v1.8.54
2026-05-14T03:27:07.4892400Z  * [new tag]           v1.8.6          -> v1.8.6
2026-05-14T03:27:07.4892733Z  * [new tag]           v1.8.7          -> v1.8.7
2026-05-14T03:27:07.4893055Z  * [new tag]           v1.8.8          -> v1.8.8
2026-05-14T03:27:07.4893383Z  * [new tag]           v1.8.9          -> v1.8.9
2026-05-14T03:27:07.4893706Z  * [new tag]           v1.9.1          -> v1.9.1
2026-05-14T03:27:07.4894025Z  * [new tag]           v1.9.10         -> v1.9.10
2026-05-14T03:27:07.4894356Z  * [new tag]           v1.9.11         -> v1.9.11
2026-05-14T03:27:07.4894679Z  * [new tag]           v1.9.12         -> v1.9.12
2026-05-14T03:27:07.4894993Z  * [new tag]           v1.9.13         -> v1.9.13
2026-05-14T03:27:07.4895320Z  * [new tag]           v1.9.14         -> v1.9.14
2026-05-14T03:27:07.4895810Z  * [new tag]           v1.9.15         -> v1.9.15
2026-05-14T03:27:07.4896140Z  * [new tag]           v1.9.16         -> v1.9.16
2026-05-14T03:27:07.4896461Z  * [new tag]           v1.9.18         -> v1.9.18
2026-05-14T03:27:07.4896787Z  * [new tag]           v1.9.19         -> v1.9.19
2026-05-14T03:27:07.4897112Z  * [new tag]           v1.9.2          -> v1.9.2
2026-05-14T03:27:07.4897427Z  * [new tag]           v1.9.20         -> v1.9.20
2026-05-14T03:27:07.4897750Z  * [new tag]           v1.9.21         -> v1.9.21
2026-05-14T03:27:07.4898073Z  * [new tag]           v1.9.22         -> v1.9.22
2026-05-14T03:27:07.4898392Z  * [new tag]           v1.9.23         -> v1.9.23
2026-05-14T03:27:07.4898717Z  * [new tag]           v1.9.24         -> v1.9.24
2026-05-14T03:27:07.4899046Z  * [new tag]           v1.9.3          -> v1.9.3
2026-05-14T03:27:07.4899366Z  * [new tag]           v1.9.4          -> v1.9.4
2026-05-14T03:27:07.4899854Z  * [new tag]           v1.9.5          -> v1.9.5
2026-05-14T03:27:07.4900190Z  * [new tag]           v1.9.6          -> v1.9.6
2026-05-14T03:27:07.4900507Z  * [new tag]           v1.9.7          -> v1.9.7
2026-05-14T03:27:07.4900827Z  * [new tag]           v1.9.8          -> v1.9.8
2026-05-14T03:27:07.4901147Z  * [new tag]           v1.9.9          -> v1.9.9
2026-05-14T03:27:07.5017596Z ##[endgroup]
2026-05-14T03:27:07.5018075Z ##[group]Determining the checkout info
2026-05-14T03:27:07.5024117Z [command]/usr/bin/git branch --list --remote origin/feat/web-wellness-batch2-phase3
2026-05-14T03:27:07.5084749Z [command]/usr/bin/git tag --list feat/web-wellness-batch2-phase3
2026-05-14T03:27:07.5179934Z ##[error]A branch or tag with the name 'feat/web-wellness-batch2-phase3' could not be found
2026-05-14T03:27:07.5472038Z Post job cleanup.
2026-05-14T03:27:07.6353251Z [command]/usr/bin/git version
2026-05-14T03:27:07.6421459Z git version 2.53.0
2026-05-14T03:27:07.6460870Z Temporarily overriding HOME='/home/runner/work/_temp/1f422dc9-e76f-458a-aac2-b08d3d211207' before making global git config changes
2026-05-14T03:27:07.6462531Z Adding repository directory to the temporary git global config as a safe directory
2026-05-14T03:27:07.6466924Z [command]/usr/bin/git config --global --add safe.directory /home/runner/work/prismTask/prismTask
2026-05-14T03:27:07.6497818Z Removing SSH command configuration
2026-05-14T03:27:07.6504260Z [command]/usr/bin/git config --local --name-only --get-regexp core\.sshCommand
2026-05-14T03:27:07.6537781Z [command]/usr/bin/git submodule foreach --recursive sh -c "git config --local --name-only --get-regexp 'core\.sshCommand' && git config --local --unset-all 'core.sshCommand' || :"
2026-05-14T03:27:07.6776861Z Removing HTTP extra header
2026-05-14T03:27:07.6783050Z [command]/usr/bin/git config --local --name-only --get-regexp http\.https\:\/\/github\.com\/\.extraheader
2026-05-14T03:27:07.6818533Z [command]/usr/bin/git submodule foreach --recursive sh -c "git config --local --name-only --get-regexp 'http\.https\:\/\/github\.com\/\.extraheader' && git config --local --unset-all 'http.https://github.com/.extraheader' || :"
2026-05-14T03:27:07.7064392Z Removing includeIf entries pointing to credentials config files
2026-05-14T03:27:07.7073250Z [command]/usr/bin/git config --local --name-only --get-regexp ^includeIf\.gitdir:
2026-05-14T03:27:07.7100605Z includeif.gitdir:/home/runner/work/prismTask/prismTask/.git.path
2026-05-14T03:27:07.7101352Z includeif.gitdir:/home/runner/work/prismTask/prismTask/.git/worktrees/*.path
2026-05-14T03:27:07.7101935Z includeif.gitdir:/github/workspace/.git.path
2026-05-14T03:27:07.7102424Z includeif.gitdir:/github/workspace/.git/worktrees/*.path
2026-05-14T03:27:07.7111569Z [command]/usr/bin/git config --local --get-all includeif.gitdir:/home/runner/work/prismTask/prismTask/.git.path
2026-05-14T03:27:07.7135269Z /home/runner/work/_temp/git-credentials-e173787f-57eb-495f-9661-73811636b1f4.config
2026-05-14T03:27:07.7147626Z [command]/usr/bin/git config --local --unset includeif.gitdir:/home/runner/work/prismTask/prismTask/.git.path /home/runner/work/_temp/git-credentials-e173787f-57eb-495f-9661-73811636b1f4.config
2026-05-14T03:27:07.7187533Z [command]/usr/bin/git config --local --get-all includeif.gitdir:/home/runner/work/prismTask/prismTask/.git/worktrees/*.path
2026-05-14T03:27:07.7211916Z /home/runner/work/_temp/git-credentials-e173787f-57eb-495f-9661-73811636b1f4.config
2026-05-14T03:27:07.7223058Z [command]/usr/bin/git config --local --unset includeif.gitdir:/home/runner/work/prismTask/prismTask/.git/worktrees/*.path /home/runner/work/_temp/git-credentials-e173787f-57eb-495f-9661-73811636b1f4.config
2026-05-14T03:27:07.7258012Z [command]/usr/bin/git config --local --get-all includeif.gitdir:/github/workspace/.git.path
2026-05-14T03:27:07.7282296Z /github/runner_temp/git-credentials-e173787f-57eb-495f-9661-73811636b1f4.config
2026-05-14T03:27:07.7292138Z [command]/usr/bin/git config --local --unset includeif.gitdir:/github/workspace/.git.path /github/runner_temp/git-credentials-e173787f-57eb-495f-9661-73811636b1f4.config
2026-05-14T03:27:07.7328298Z [command]/usr/bin/git config --local --get-all includeif.gitdir:/github/workspace/.git/worktrees/*.path
2026-05-14T03:27:07.7352134Z /github/runner_temp/git-credentials-e173787f-57eb-495f-9661-73811636b1f4.config
2026-05-14T03:27:07.7363031Z [command]/usr/bin/git config --local --unset includeif.gitdir:/github/workspace/.git/worktrees/*.path /github/runner_temp/git-credentials-e173787f-57eb-495f-9661-73811636b1f4.config
2026-05-14T03:27:07.7402655Z [command]/usr/bin/git submodule foreach --recursive git config --local --show-origin --name-only --get-regexp remote.origin.url
2026-05-14T03:27:07.7648960Z Removing credentials config '/home/runner/work/_temp/git-credentials-e173787f-57eb-495f-9661-73811636b1f4.config'
2026-05-14T03:27:07.7803782Z Cleaning up orphan processes
